2025-11-20 04:26:35,454 - INFO - Loading AI Semantic Model (all-MiniLM-L6-v2)...
2025-11-20 04:26:35,454 - INFO - Use pytorch device_name: cpu
2025-11-20 04:26:35,455 - INFO - Load pretrained SentenceTransformer: all-MiniLM-L6-v2
2025-11-20 04:26:36,744 - INFO - AI Model loaded successfully.
2025-11-20 04:26:36,744 - INFO - Initializing database connection at: news_articles.db
2025-11-20 04:26:36,749 - INFO - --- Scraper service started (CI Mode: Run Once) ---
2025-11-20 04:26:36,749 - INFO - --- Starting new scraping job (Parallel Mode) ---
2025-11-20 04:26:36,749 - INFO - Creating new robust session with 3 retries on 5xx/connection/read errors.
2025-11-20 04:26:36,749 - INFO - Proxy is DISABLED.
2025-11-20 04:26:36,750 - INFO - Starting scrape for BBC RSS feed: http://feeds.bbci.co.uk/news/world/rss.xml
2025-11-20 04:26:36,751 - INFO - [Times of India] (Thread) requires Selenium. Initializing driver...
2025-11-20 04:26:36,751 - INFO - Initializing headless Selenium Chrome driver (using SeleniumManager)...
2025-11-20 04:26:36,752 - INFO - Starting scrape for The Guardian RSS feed: https://www.theguardian.com/world/rss
2025-11-20 04:26:36,755 - INFO - [The Hindu] (Thread) requires Selenium. Initializing driver...
2025-11-20 04:26:36,755 - INFO - Submitted 4 jobs to thread pool. Waiting up to 300s for completion...
2025-11-20 04:26:36,755 - INFO - Initializing headless Selenium Chrome driver (using SeleniumManager)...
2025-11-20 04:26:37,002 - INFO - Found 45 articles in The Guardian RSS feed. Processing up to 10.
2025-11-20 04:26:37,002 - INFO - [The Guardian] Article: https://www.theguardian.com/global-development/2025/nov/19/new-drug-could-be-breakthrough-killer-tb-tuberculosis-sorfequiline
2025-11-20 04:26:37,003 - INFO - [The Guardian] Attempt 1/1: Trying with 'requests_browser' strategy...
2025-11-20 04:26:37,050 - INFO - [The Guardian] Success with 'requests_browser'. Found content (589 words).
2025-11-20 04:26:37,096 - INFO - Saved article: New drug could be a breakthrough in treatment for killer TB, trial suggests | Global health | The Guardian from The Guardian
2025-11-20 04:26:37,149 - INFO - Found 30 articles in BBC RSS feed. Processing up to 10.
2025-11-20 04:26:37,149 - INFO - [BBC] Article: https://www.bbc.com/news/articles/cly2y40lj5go?at_medium=RSS&at_campaign=rss
2025-11-20 04:26:37,149 - INFO - [BBC] Attempt 1/1: Trying with 'requests_browser' strategy...
2025-11-20 04:26:37,396 - INFO - [BBC] Success with 'requests_browser'. Found content (664 words).
2025-11-20 04:26:37,650 - INFO - Saved article: Trump signs bill ordering release of Jeffrey Epstein files from BBC
2025-11-20 04:26:37,887 - INFO - [The Guardian] Article: https://www.theguardian.com/environment/2025/nov/18/congo-basin-rainforest-africa-research-funding-aoe
2025-11-20 04:26:37,887 - INFO - [The Guardian] Attempt 1/1: Trying with 'requests_browser' strategy...
2025-11-20 04:26:37,939 - INFO - [The Guardian] Success with 'requests_browser'. Found content (1040 words).
2025-11-20 04:26:38,423 - INFO - Selenium driver initialized successfully.
2025-11-20 04:26:38,424 - INFO - Starting scrape for Times of India RSS feed: https://timesofindia.indiatimes.com/rssfeeds/296589292.cms
2025-11-20 04:26:38,435 - INFO - Selenium driver initialized successfully.
2025-11-20 04:26:38,435 - INFO - Starting scrape for The Hindu RSS feed: https://www.thehindu.com/news/national/feeder/default.rss
2025-11-20 04:26:38,480 - INFO - Saved article: The rainforest the world forgot: the Congo basin is the second largest on Earth, so why is it being neglected? | Global development | The Guardian from The Guardian
2025-11-20 04:26:38,718 - INFO - Found 100 articles in The Hindu RSS feed. Processing up to 10.
2025-11-20 04:26:38,719 - INFO - [The Hindu] Article: https://www.thehindu.com/sci-tech/technology/cci-moves-nclat-to-seek-clarification-in-whatsapp-case/article70301580.ece
2025-11-20 04:26:38,719 - INFO - [The Hindu] Attempt 1/1: Trying with 'selenium_browser' strategy...
2025-11-20 04:26:38,807 - INFO - [BBC] Article: https://www.bbc.com/news/articles/cvgdgrqwnq9o?at_medium=RSS&at_campaign=rss
2025-11-20 04:26:38,807 - INFO - [BBC] Attempt 1/1: Trying with 'requests_browser' strategy...
2025-11-20 04:26:38,863 - INFO - [BBC] Success with 'requests_browser'. Found content (679 words).
2025-11-20 04:26:39,255 - INFO - Saved article: Top US officials in Ukraine for talks on ending war with Russia from BBC
2025-11-20 04:26:39,572 - INFO - [The Guardian] Article: https://www.theguardian.com/global-development/2025/nov/17/nestle-accused-of-risking-health-of-babies-for-profit-over-added-sugar-in-cereals-sold-in-african-countries
2025-11-20 04:26:39,572 - INFO - [The Guardian] Attempt 1/1: Trying with 'requests_browser' strategy...
2025-11-20 04:26:39,784 - INFO - [The Guardian] Success with 'requests_browser'. Found content (744 words).
2025-11-20 04:26:40,125 - INFO - [BBC] Article: https://www.bbc.com/news/articles/cx242yj380no?at_medium=RSS&at_campaign=rss
2025-11-20 04:26:40,125 - INFO - [BBC] Attempt 1/1: Trying with 'requests_browser' strategy...
2025-11-20 04:26:40,209 - INFO - Found 20 articles in Times of India RSS feed. Processing up to 10.
2025-11-20 04:26:40,211 - INFO - [Times of India] Article: https://timesofindia.indiatimes.com/world/us/he-asked-i-agreed-trump-to-meet-nyc-mayor-zohran-mamdani-whats-on-agenda/articleshow/125450933.cms
2025-11-20 04:26:40,211 - INFO - [Times of India] Attempt 1/1: Trying with 'selenium_browser' strategy...
2025-11-20 04:26:40,424 - INFO - [BBC] Success with 'requests_browser'. Found content (635 words).
2025-11-20 04:26:40,734 - INFO - Saved article: Nestlé accused of ‘risking health of babies for profit’ over added sugar in cereals sold in African countries | Global development | The Guardian from The Guardian
2025-11-20 04:26:41,299 - INFO - [The Guardian] Article: https://www.theguardian.com/music/2025/nov/17/nicki-minaj-un-speech-trump-nigeria-christian
2025-11-20 04:26:41,299 - INFO - [The Guardian] Attempt 1/1: Trying with 'requests_browser' strategy...
2025-11-20 04:26:41,450 - INFO - [The Guardian] Success with 'requests_browser'. Found content (512 words).
2025-11-20 04:26:42,063 - INFO - Saved article: Turkey set to host COP31 after reaching compromise with Australia from BBC
2025-11-20 04:26:42,714 - INFO - [BBC] Article: https://www.bbc.com/news/articles/cy0yere4k0zo?at_medium=RSS&at_campaign=rss
2025-11-20 04:26:42,714 - INFO - [BBC] Attempt 1/1: Trying with 'requests_browser' strategy...
2025-11-20 04:26:43,289 - INFO - [BBC] Success with 'requests_browser'. Found content (969 words).
2025-11-20 04:26:43,690 - INFO - Saved article: Nicki Minaj to spotlight plight of Nigerian Christians in UN speech arranged by White House | Nicki Minaj | The Guardian from The Guardian
2025-11-20 04:26:44,227 - INFO - [The Guardian] Article: https://www.theguardian.com/world/2025/nov/17/eswatini-5-m-dollars-us-deportees
2025-11-20 04:26:44,227 - INFO - [The Guardian] Attempt 1/1: Trying with 'requests_browser' strategy...
2025-11-20 04:26:44,764 - INFO - [The Guardian] Success with 'requests_browser'. Found content (330 words).
2025-11-20 04:26:46,990 - INFO - Saved article: Russian attack on Ternopil kills 26 in one of deadliest strikes on western Ukraine from BBC
2025-11-20 04:26:47,982 - INFO - [BBC] Article: https://www.bbc.com/news/articles/c62e27j69q9o?at_medium=RSS&at_campaign=rss
2025-11-20 04:26:47,982 - INFO - [BBC] Attempt 1/1: Trying with 'requests_browser' strategy...
2025-11-20 04:26:48,172 - INFO - [BBC] Success with 'requests_browser'. Found content (625 words).
2025-11-20 04:26:51,573 - INFO - Saved article: Eswatini confirms receiving over $5m from US to accept deportees | Eswatini | The Guardian from The Guardian
2025-11-20 04:26:52,615 - INFO - [The Hindu] Page content loaded.
2025-11-20 04:26:52,642 - INFO - [The Guardian] Article: https://www.theguardian.com/environment/live/2025/nov/19/cop30-live-brazilian-president-lula-climate-summit-belem-latest-news-updates
2025-11-20 04:26:52,642 - INFO - [The Guardian] Attempt 1/1: Trying with 'requests_browser' strategy...
2025-11-20 04:26:53,887 - INFO - [The Hindu] Success with 'selenium_browser'. Found content (578 words).
2025-11-20 04:26:56,764 - INFO - [The Guardian] Success with 'requests_browser'. Found content (4748 words).
2025-11-20 04:26:58,435 - INFO - Saved article: Israeli strikes in Gaza kill 25 Palestinians, health ministry says from BBC
2025-11-20 04:26:59,729 - INFO - [BBC] Article: https://www.bbc.com/news/articles/cp3x3909rqvo?at_medium=RSS&at_campaign=rss
2025-11-20 04:26:59,729 - INFO - [BBC] Attempt 1/1: Trying with 'requests_browser' strategy...
2025-11-20 04:27:00,100 - INFO - [BBC] Success with 'requests_browser'. Found content (461 words).
2025-11-20 04:27:00,902 - INFO - Saved article: CCI moves NCLAT to seek clarification in WhatsApp case - The Hindu from The Hindu
2025-11-20 04:27:02,314 - INFO - Saved article: Cop30 live: Scientists warn countries must act decisively to protect people and life or risk ‘suffering for billions’ – as it happened | Cop30 | The Guardian from The Guardian
2025-11-20 04:27:02,365 - INFO - [The Hindu] Article: https://www.thehindu.com/news/national/kerala/kerala-local-body-polls-fed-up-with-neglect-mundamveli-apartment-residents-to-field-own-candidate/article70298055.ece
2025-11-20 04:27:02,365 - INFO - [The Hindu] Attempt 1/1: Trying with 'selenium_browser' strategy...
2025-11-20 04:27:02,848 - INFO - [The Guardian] Article: https://www.theguardian.com/us-news/2025/nov/19/trump-deportations-el-salvador-court
2025-11-20 04:27:02,849 - INFO - [The Guardian] Attempt 1/1: Trying with 'requests_browser' strategy...
2025-11-20 04:27:03,101 - INFO - [The Guardian] Success with 'requests_browser'. Found content (381 words).
2025-11-20 04:27:04,538 - INFO - [Times of India] Page content loaded.
2025-11-20 04:27:05,773 - INFO - [Times of India] Success with 'selenium_browser'. Found content (500 words).
2025-11-20 04:27:06,372 - INFO - Saved article: Dozens go on trial over deadly North Macedonia nightclub fire from BBC
2025-11-20 04:27:07,726 - INFO - [BBC] Article: https://www.bbc.com/news/articles/c2kpkq90ygno?at_medium=RSS&at_campaign=rss
2025-11-20 04:27:07,726 - INFO - [BBC] Attempt 1/1: Trying with 'requests_browser' strategy...
2025-11-20 04:27:08,066 - INFO - [BBC] Success with 'requests_browser'. Found content (370 words).
2025-11-20 04:27:08,851 - INFO - Saved article: Top judge resumes contempt inquiry into Trump El Salvador deportations | US immigration | The Guardian from The Guardian
2025-11-20 04:27:09,583 - INFO - [The Guardian] Article: https://www.theguardian.com/world/2025/nov/19/ryan-wedding-olympics-murder-drug-trafficking
2025-11-20 04:27:09,583 - INFO - [The Guardian] Attempt 1/1: Trying with 'requests_browser' strategy...
2025-11-20 04:27:09,644 - INFO - [The Guardian] Success with 'requests_browser'. Found content (474 words).
2025-11-20 04:27:10,403 - INFO - Saved article: 'He asked, we agreed': Donald Trump to meet NYC mayor Zohran Mamdani — what's on agenda? - The Times of India from Times of India
2025-11-20 04:27:11,294 - INFO - [Times of India] Article: https://timesofindia.indiatimes.com/world/us/under-mounting-pressure-donald-trump-signs-bill-to-release-epstein-files-what-do-they-contain/articleshow/125451040.cms
2025-11-20 04:27:11,294 - INFO - [Times of India] Attempt 1/1: Trying with 'selenium_browser' strategy...
2025-11-20 04:27:11,557 - INFO - Saved article: Paris court blocks auction of earliest-known calculator from BBC
2025-11-20 04:27:12,871 - INFO - [BBC] Article: https://www.bbc.com/news/articles/c4gwgd0rjdzo?at_medium=RSS&at_campaign=rss
2025-11-20 04:27:12,871 - INFO - [BBC] Attempt 1/1: Trying with 'requests_browser' strategy...
2025-11-20 04:27:13,539 - INFO - [BBC] Success with 'requests_browser'. Found content (554 words).
2025-11-20 04:27:13,683 - INFO - Saved article: US charges ex-Olympic snowboarder turned drug kingpin with murder of witness | Canada | The Guardian from The Guardian
2025-11-20 04:27:13,780 - INFO - [Times of India] Page content loaded.
2025-11-20 04:27:14,311 - INFO - [Times of India] Success with 'selenium_browser'. Found content (592 words).
2025-11-20 04:27:15,024 - INFO - [The Guardian] Article: https://www.theguardian.com/environment/2025/nov/19/divide-over-fossil-fuels-phaseout-can-be-bridged-cop30-president-says
2025-11-20 04:27:15,024 - INFO - [The Guardian] Attempt 1/1: Trying with 'requests_browser' strategy...
2025-11-20 04:27:15,198 - INFO - [The Guardian] Success with 'requests_browser'. Found content (934 words).
2025-11-20 04:27:16,311 - INFO - Saved article: Nord Stream: Italy to extradite pipeline blast suspect to Germany from BBC
2025-11-20 04:27:17,467 - INFO - [BBC] Article: https://www.bbc.com/news/articles/cz919xyx7weo?at_medium=RSS&at_campaign=rss
2025-11-20 04:27:17,468 - INFO - [BBC] Attempt 1/1: Trying with 'requests_browser' strategy...
2025-11-20 04:27:17,883 - INFO - [BBC] Success with 'requests_browser'. Found content (601 words).
2025-11-20 04:27:22,022 - INFO - DEDUPLICATION: Found match (Score: 0.86). Linking to Cluster ID: 0c5ad248-65b5-40c6-b885-dd4da08efbff
2025-11-20 04:27:22,025 - INFO - Saved article: Under mounting pressure: Donald Trump signs bill to release Epstein files — what do they contain? - The Times of India from Times of India
2025-11-20 04:27:22,649 - INFO - [Times of India] Article: https://timesofindia.indiatimes.com/world/us-streamers/candace-owens-drops-explosive-claim-on-charlie-kirks-assassination-with-shocking-twist-about-tyler-robinson-fingerprints/articleshow/125447651.cms
2025-11-20 04:27:22,649 - INFO - [Times of India] Attempt 1/1: Trying with 'selenium_browser' strategy...
2025-11-20 04:27:24,346 - INFO - Saved article: Divide over fossil fuels phaseout can be bridged, Cop30 president says | Cop30 | The Guardian from The Guardian
2025-11-20 04:27:24,926 - INFO - [The Guardian] Article: https://www.theguardian.com/world/2025/nov/19/argentina-immunisations-childhood-adolescent-plummet
2025-11-20 04:27:24,926 - INFO - [The Guardian] Attempt 1/1: Trying with 'requests_browser' strategy...
2025-11-20 04:27:25,162 - INFO - [The Guardian] Success with 'requests_browser'. Found content (669 words).
2025-11-20 04:27:27,185 - INFO - Saved article: Instagram and Facebook-owner Meta notifies Australian teens of accounts shutdown from BBC
2025-11-20 04:27:27,992 - INFO - [BBC] Article: https://www.bbc.com/news/articles/cge5e1xpgzyo?at_medium=RSS&at_campaign=rss
2025-11-20 04:27:27,992 - INFO - [BBC] Attempt 1/1: Trying with 'requests_browser' strategy...
2025-11-20 04:27:28,129 - INFO - [BBC] Success with 'requests_browser'. Found content (548 words).
2025-11-20 04:27:29,833 - INFO - Saved article: Disease fears as Argentina child vaccination rates hit historic lows | Argentina | The Guardian from The Guardian
2025-11-20 04:27:37,337 - INFO - Saved article: Albanian PM accuses Mahmood of 'ethnic stereotyping' from BBC
2025-11-20 04:27:41,978 - INFO - [Times of India] Page content loaded.
2025-11-20 04:27:42,470 - INFO - [Times of India] Success with 'selenium_browser'. Found content (499 words).
2025-11-20 04:27:46,579 - INFO - Saved article: Candace Owens drops explosive claim on Charlie Kirk's assassination with shocking twist about Tyler Robinson fingerprints - The Times of India from Times of India
2025-11-20 04:27:47,808 - INFO - [Times of India] Article: https://timesofindia.indiatimes.com/world/us/who-is-tom-steyer-billionaire-climate-crusader-announces-run-for-california-governor/articleshow/125447427.cms
2025-11-20 04:27:47,808 - INFO - [Times of India] Attempt 1/1: Trying with 'selenium_browser' strategy...
2025-11-20 04:27:52,112 - INFO - [Times of India] Page content loaded.
2025-11-20 04:27:53,079 - INFO - [Times of India] Success with 'selenium_browser'. Found content (439 words).
2025-11-20 04:28:01,166 - INFO - Saved article: Who is Tom Steyer? Billionaire climate crusader announces run for California governor | World News - The Times of India from Times of India
2025-11-20 04:28:02,380 - ERROR - [The Hindu] Request failed for strategy 'selenium_browser' on URL https://www.thehindu.com/news/national/kerala/kerala-local-body-polls-fed-up-with-neglect-mundamveli-apartment-residents-to-field-own-candidate/article70298055.ece: Message: timeout: Timed out receiving message from renderer: 59.823
  (Session info: chrome=142.0.7444.162)
Stacktrace:
#0 0x56068795d32a <unknown>
#1 0x5606873a9e4b <unknown>
#2 0x560687391e0d <unknown>
#3 0x560687391af0 <unknown>
#4 0x56068738f8ff <unknown>
#5 0x56068739027f <unknown>
#6 0x56068739eca3 <unknown>
#7 0x5606873b8601 <unknown>
#8 0x5606873bee0b <unknown>
#9 0x5606873909bd <unknown>
#10 0x5606873b83a7 <unknown>
#11 0x560687449170 <unknown>
#12 0x5606873eec1a <unknown>
#13 0x5606873ef921 <unknown>
#14 0x560687924239 <unknown>
#15 0x5606879271e8 <unknown>
#16 0x56068790d4c9 <unknown>
#17 0x560687927db5 <unknown>
#18 0x5606878f4e93 <unknown>
#19 0x56068794a098 <unknown>
#20 0x56068794a273 <unknown>
#21 0x56068795c2c3 <unknown>
#22 0x7ff4dbc9caa4 <unknown>
#23 0x7ff4dbd29c6c <unknown>

2025-11-20 04:28:02,380 - ERROR - [The Hindu] All scrape strategies failed for https://www.thehindu.com/news/national/kerala/kerala-local-body-polls-fed-up-with-neglect-mundamveli-apartment-residents-to-field-own-candidate/article70298055.ece. Falling back to RSS description.
2025-11-20 04:28:02,534 - INFO - [Times of India] Article: https://timesofindia.indiatimes.com/world/us/who-is-jessica-tisch-nypd-commissioner-with-anti-crime-focus-working-amid-mamdanis-police-reform-plans/articleshow/125447417.cms
2025-11-20 04:28:02,534 - INFO - [Times of India] Attempt 1/1: Trying with 'selenium_browser' strategy...
2025-11-20 04:28:07,334 - INFO - Saved article: Kerala local body polls: Fed up with neglect, Mundamveli apartment residents to field own candidate from The Hindu
2025-11-20 04:28:07,997 - INFO - [The Hindu] Article: https://www.thehindu.com/news/national/kerala/kerala-local-body-polls-udf-will-weaponise-govt-policies-in-civic-battle-says-et-mohammed-basheer/article70296169.ece
2025-11-20 04:28:07,997 - INFO - [The Hindu] Attempt 1/1: Trying with 'selenium_browser' strategy...
2025-11-20 04:28:09,962 - INFO - [The Hindu] Page content loaded.
2025-11-20 04:28:10,199 - INFO - [The Hindu] Success with 'selenium_browser'. Found content (630 words).
2025-11-20 04:28:16,566 - INFO - Saved article: Kerala local body polls: UDF will weaponise govt. policies in civic battle, says E.T. Mohammed Basheer - The Hindu from The Hindu
2025-11-20 04:28:18,036 - INFO - [The Hindu] Article: https://www.thehindu.com/news/national/kerala/kerala-local-body-polls-no-clear-favourites-in-southern-districts/article70290703.ece
2025-11-20 04:28:18,036 - INFO - [The Hindu] Attempt 1/1: Trying with 'selenium_browser' strategy...
2025-11-20 04:28:21,030 - INFO - [The Hindu] Page content loaded.
2025-11-20 04:28:21,268 - INFO - [The Hindu] Success with 'selenium_browser'. Found content (855 words).
2025-11-20 04:28:24,121 - INFO - DEDUPLICATION: Found match (Score: 0.79). Linking to Cluster ID: 75ff4aed-c49f-413c-993d-3614cd34c185
2025-11-20 04:28:24,123 - INFO - Saved article: Kerala local body polls: No clear favourites in southern districts - The Hindu from The Hindu
2025-11-20 04:28:24,802 - INFO - [The Hindu] Article: https://www.thehindu.com/news/national/kerala/kerala-local-body-polls-2025-a-keen-contest-in-the-offing-in-kalamassery-municipality/article70290659.ece
2025-11-20 04:28:24,802 - INFO - [The Hindu] Attempt 1/1: Trying with 'selenium_browser' strategy...
2025-11-20 04:28:25,646 - INFO - [The Hindu] Page content loaded.
2025-11-20 04:28:25,731 - INFO - [The Hindu] Success with 'selenium_browser'. Found content (437 words).
2025-11-20 04:28:29,987 - INFO - DEDUPLICATION: Found match (Score: 0.77). Linking to Cluster ID: 75ff4aed-c49f-413c-993d-3614cd34c185
2025-11-20 04:28:29,989 - INFO - Saved article: Kerala local body polls 2025: A keen contest in the offing in Kalamassery municipality - The Hindu from The Hindu
2025-11-20 04:28:30,639 - INFO - [The Hindu] Article: https://www.thehindu.com/news/cities/kolkata/from-awadh-to-bengal-old-lucknow-to-come-alive-in-kolkata-this-month/article70298719.ece
2025-11-20 04:28:30,640 - INFO - [The Hindu] Attempt 1/1: Trying with 'selenium_browser' strategy...
2025-11-20 04:28:35,704 - INFO - [The Hindu] Page content loaded.
2025-11-20 04:28:35,913 - INFO - [The Hindu] Success with 'selenium_browser'. Found content (530 words).
2025-11-20 04:28:39,990 - INFO - Saved article: From Awadh to Bengal: Old Lucknow to come alive in Kolkata this month - The Hindu from The Hindu
2025-11-20 04:28:40,765 - INFO - [The Hindu] Article: https://www.thehindu.com/news/national/the-threat-of-digital-tradecraft-in-terrorism-explained/article70298646.ece
2025-11-20 04:28:40,765 - INFO - [The Hindu] Attempt 1/1: Trying with 'selenium_browser' strategy...
2025-11-20 04:28:42,151 - INFO - [The Hindu] Page content loaded.
2025-11-20 04:28:42,449 - INFO - [The Hindu] Success with 'selenium_browser'. Found content (1370 words).
2025-11-20 04:28:46,591 - INFO - Saved article: The threat of digital tradecraft in terrorism | Explained - The Hindu from The Hindu
2025-11-20 04:28:47,517 - INFO - [The Hindu] Article: https://www.thehindu.com/news/national/supreme-court-presidential-reference-verdict-president-governor-timeline-bills-hearing-live-updates-november-20-2025/article70301552.ece
2025-11-20 04:28:47,517 - INFO - [The Hindu] Attempt 1/1: Trying with 'selenium_browser' strategy...
2025-11-20 04:28:49,709 - INFO - [The Hindu] Page content loaded.
2025-11-20 04:28:49,978 - INFO - [The Hindu] Success with 'selenium_browser'. Found content (161 words).
2025-11-20 04:28:53,323 - INFO - Saved article: Presidential Reference verdict LIVE: SC to give opinion on timeline for President, Governors for Bills' Assent - The Hindu from The Hindu
2025-11-20 04:28:54,800 - INFO - [The Hindu] Article: https://www.thehindu.com/elections/bihar-assembly/bihar-government-formation-nda-nitish-kumar-swearing-in-cabinet-live-updates-november-20-2025/article70300008.ece
2025-11-20 04:28:54,800 - INFO - [The Hindu] Attempt 1/1: Trying with 'selenium_browser' strategy...
2025-11-20 04:28:56,416 - INFO - [The Hindu] Page content loaded.
2025-11-20 04:28:56,555 - INFO - [The Hindu] Success with 'selenium_browser'. Found content (200 words).
2025-11-20 04:29:01,465 - INFO - Saved article: Bihar government formation LIVE: Nitish Kumar to take oath as CM for a record 10th time - The Hindu from The Hindu
2025-11-20 04:29:02,733 - INFO - [The Hindu] Article: https://www.thehindu.com/news/national/rajasthan/new-department-to-connect-global-rajasthani-diaspora-with-states-progress/article70299798.ece
2025-11-20 04:29:02,734 - INFO - [The Hindu] Attempt 1/1: Trying with 'selenium_browser' strategy...
2025-11-20 04:29:03,955 - INFO - [The Hindu] Page content loaded.
2025-11-20 04:29:04,286 - INFO - [The Hindu] Success with 'selenium_browser'. Found content (395 words).
2025-11-20 04:29:08,535 - INFO - Saved article: New department to connect global Rajasthani diaspora with State’s progress - The Hindu from The Hindu
2025-11-20 04:29:09,292 - INFO - [The Hindu] (Thread) Finished. Attempting to shut down its Selenium driver.
2025-11-20 04:29:10,493 - INFO - [The Hindu] (Thread) driver.quit() successful.
2025-11-20 04:30:02,599 - ERROR - [Times of India] Request failed for strategy 'selenium_browser' on URL https://timesofindia.indiatimes.com/world/us/who-is-jessica-tisch-nypd-commissioner-with-anti-crime-focus-working-amid-mamdanis-police-reform-plans/articleshow/125447417.cms: HTTPConnectionPool(host='localhost', port=59387): Read timed out. (read timeout=120)
2025-11-20 04:30:02,599 - ERROR - [Times of India] All scrape strategies failed for https://timesofindia.indiatimes.com/world/us/who-is-jessica-tisch-nypd-commissioner-with-anti-crime-focus-working-amid-mamdanis-police-reform-plans/articleshow/125447417.cms. Falling back to RSS description.
2025-11-20 04:30:04,638 - INFO - Saved article: Who is Jessica Tisch? NYPD commissioner with anti-crime focus working amid Mamdani’s police reform plans from Times of India
2025-11-20 04:30:05,829 - INFO - [Times of India] Article: https://timesofindia.indiatimes.com/world/us-streamers/asmongold-defends-xqcs-just-chatting-nomination-as-hasan-calls-out-awards-snub/articleshow/125446884.cms
2025-11-20 04:30:05,829 - INFO - [Times of India] Attempt 1/1: Trying with 'selenium_browser' strategy...
2025-11-20 04:31:36,755 - CRITICAL - --- TIMEOUT: 1 scrape jobs did not complete in 300s. ---
2025-11-20 04:31:36,755 - ERROR - A thread has timed out and will be abandoned.
2025-11-20 04:31:36,755 - INFO - Shutting down thread pool (wait=False)...
2025-11-20 04:31:36,755 - INFO - Scraped: 10 BBC, 10 The Hindu, 10 The Guardian, 1 Timed_Out_Jobs articles. (Total saved: 30)
2025-11-20 04:31:36,755 - INFO - --- Scraping job finished ---
2025-11-20 04:31:36,756 - INFO - --- Scraper service stopped and database connection closed. ---
2025-11-20 04:31:36,756 - INFO - --- Main thread finished. Forcing process exit to kill zombie threads. ---
