2025-11-29 10:44:27,588 - INFO - Loading AI Semantic Model (all-MiniLM-L6-v2)...
2025-11-29 10:44:27,588 - INFO - Use pytorch device_name: cpu
2025-11-29 10:44:27,589 - INFO - Load pretrained SentenceTransformer: all-MiniLM-L6-v2
2025-11-29 10:44:28,300 - INFO - AI Model loaded successfully.
2025-11-29 10:44:28,301 - INFO - Initializing database connection at: news_articles.db
2025-11-29 10:44:28,301 - INFO - --- Scraper service started (CI Mode: Run Once) ---
2025-11-29 10:44:28,301 - INFO - --- Starting new scraping job (Parallel Mode) ---
2025-11-29 10:44:28,301 - INFO - Creating new robust session with 3 retries on 5xx/connection/read errors.
2025-11-29 10:44:28,301 - INFO - Proxy is DISABLED.
2025-11-29 10:44:28,301 - INFO - Starting scrape for BBC RSS feed: http://feeds.bbci.co.uk/news/world/rss.xml
2025-11-29 10:44:28,303 - INFO - [Times of India] (Thread) requires Selenium. Initializing driver...
2025-11-29 10:44:28,303 - INFO - Initializing headless Selenium Chrome driver (using SeleniumManager)...
2025-11-29 10:44:28,304 - INFO - Starting scrape for The Guardian RSS feed: https://www.theguardian.com/world/rss
2025-11-29 10:44:28,305 - INFO - [The Hindu] (Thread) requires Selenium. Initializing driver...
2025-11-29 10:44:28,305 - INFO - Initializing headless Selenium Chrome driver (using SeleniumManager)...
2025-11-29 10:44:28,305 - INFO - Submitted 4 jobs to thread pool. Waiting up to 300s for completion...
2025-11-29 10:44:28,457 - INFO - Found 45 articles in The Guardian RSS feed. Processing up to 20.
2025-11-29 10:44:28,457 - INFO - [The Guardian] Article: https://www.theguardian.com/world/2025/nov/28/jacob-zuma-daughter-resigns-claims-south-africans-tricked-fight-russia
2025-11-29 10:44:28,457 - INFO - [The Guardian] Attempt 1/1: Trying with 'requests_browser' strategy...
2025-11-29 10:44:28,466 - INFO - Found 28 articles in BBC RSS feed. Processing up to 20.
2025-11-29 10:44:28,466 - INFO - [BBC] Article: https://www.bbc.com/news/articles/cdxweyy157go?at_medium=RSS&at_campaign=rss
2025-11-29 10:44:28,466 - INFO - [BBC] Attempt 1/1: Trying with 'requests_browser' strategy...
2025-11-29 10:44:28,488 - INFO - [The Guardian] Success with 'requests_browser'. Found content (753 words).
2025-11-29 10:44:28,523 - INFO - Duplicate article skipped: Jacob Zuma’s daughter resigns amid claims South Africans tricked to fight for Russia | South Africa | The Guardian from The Guardian
2025-11-29 10:44:28,686 - INFO - [BBC] Success with 'requests_browser'. Found content (803 words).
2025-11-29 10:44:28,732 - INFO - Duplicate article skipped: US halts all asylum claim decisions in wake of National Guard shooting from BBC
2025-11-29 10:44:29,982 - INFO - [BBC] Article: https://www.bbc.com/news/articles/cx2gylngx7go?at_medium=RSS&at_campaign=rss
2025-11-29 10:44:29,983 - INFO - [BBC] Attempt 1/1: Trying with 'requests_browser' strategy...
2025-11-29 10:44:30,009 - INFO - [BBC] Success with 'requests_browser'. Found content (498 words).
2025-11-29 10:44:30,021 - INFO - [The Guardian] Article: https://www.theguardian.com/environment/2025/nov/28/africa-forests-transformed-carbon-sink-carbon-source-study
2025-11-29 10:44:30,021 - INFO - [The Guardian] Attempt 1/1: Trying with 'requests_browser' strategy...
2025-11-29 10:44:30,048 - INFO - Duplicate article skipped: Kyiv: More than 600,000 without power after Russian strikes from BBC
2025-11-29 10:44:30,064 - INFO - [The Guardian] Success with 'requests_browser'. Found content (458 words).
2025-11-29 10:44:30,100 - INFO - Duplicate article skipped: Africa’s forests transformed from carbon sink to carbon source, study finds | Climate crisis | The Guardian from The Guardian
2025-11-29 10:44:31,143 - INFO - [The Guardian] Article: https://www.theguardian.com/world/2025/nov/26/guinea-bissau-officers-take-total-control-close-borders-amid-election-chaos
2025-11-29 10:44:31,143 - INFO - [The Guardian] Attempt 1/1: Trying with 'requests_browser' strategy...
2025-11-29 10:44:31,162 - INFO - [The Guardian] Success with 'requests_browser'. Found content (412 words).
2025-11-29 10:44:31,196 - INFO - Duplicate article skipped: Guinea-Bissau military takes ‘total control’ amid election chaos | Guinea-Bissau | The Guardian from The Guardian
2025-11-29 10:44:31,389 - INFO - [BBC] Article: https://www.bbc.com/news/articles/c8e9d13x2z7o?at_medium=RSS&at_campaign=rss
2025-11-29 10:44:31,389 - INFO - [BBC] Attempt 1/1: Trying with 'requests_browser' strategy...
2025-11-29 10:44:31,411 - INFO - [BBC] Success with 'requests_browser'. Found content (781 words).
2025-11-29 10:44:31,444 - INFO - Duplicate article skipped: Flights disrupted after Airbus discovers intense sun radiation could impact flight control data from BBC
2025-11-29 10:44:32,321 - INFO - [BBC] Article: https://www.bbc.com/news/articles/clyzdxyjx2eo?at_medium=RSS&at_campaign=rss
2025-11-29 10:44:32,321 - INFO - [BBC] Attempt 1/1: Trying with 'requests_browser' strategy...
2025-11-29 10:44:32,505 - INFO - [BBC] Success with 'requests_browser'. Found content (1524 words).
2025-11-29 10:44:32,546 - INFO - Duplicate article skipped: Are UK Christmas markets as good as German ones? Here's what we found from BBC
2025-11-29 10:44:32,560 - INFO - [The Guardian] Article: https://www.theguardian.com/world/2025/nov/25/nigerian-schoolgirls-rescued-after-mass-abduction-in-kebbi
2025-11-29 10:44:32,560 - INFO - [The Guardian] Attempt 1/1: Trying with 'requests_browser' strategy...
2025-11-29 10:44:32,589 - INFO - [The Guardian] Success with 'requests_browser'. Found content (515 words).
2025-11-29 10:44:32,777 - INFO - Duplicate article skipped: Nigerian schoolgirls rescued after mass abduction in Kebbi | Nigeria | The Guardian from The Guardian
2025-11-29 10:44:33,597 - INFO - [BBC] Article: https://www.bbc.com/news/articles/cvgj9dd983xo?at_medium=RSS&at_campaign=rss
2025-11-29 10:44:33,597 - INFO - [BBC] Attempt 1/1: Trying with 'requests_browser' strategy...
2025-11-29 10:44:33,629 - INFO - [BBC] Success with 'requests_browser'. Found content (788 words).
2025-11-29 10:44:33,636 - INFO - [The Guardian] Article: https://www.theguardian.com/world/2025/nov/25/jacob-zuma-daughter-accused-tricking-men-fighting-for-russia-in-ukraine
2025-11-29 10:44:33,636 - INFO - [The Guardian] Attempt 1/1: Trying with 'requests_browser' strategy...
2025-11-29 10:44:33,671 - INFO - Duplicate article skipped: Nigeria blames jihadist groups for wave of kidnappings but others accuse criminal gangs from BBC
2025-11-29 10:44:33,692 - INFO - [The Guardian] Success with 'requests_browser'. Found content (656 words).
2025-11-29 10:44:33,737 - INFO - Duplicate article skipped: Jacob Zuma’s daughter accused of tricking men into fighting for Russia in Ukraine | South Africa | The Guardian from The Guardian
2025-11-29 10:44:34,348 - INFO - [The Guardian] Article: https://www.theguardian.com/world/2025/nov/29/uk-mps-extra-aid-humanitarian-visas-jamaica-hurricane-melissa-dawn-butler
2025-11-29 10:44:34,348 - INFO - [The Guardian] Attempt 1/1: Trying with 'requests_browser' strategy...
2025-11-29 10:44:34,374 - INFO - [The Guardian] Success with 'requests_browser'. Found content (873 words).
2025-11-29 10:44:34,413 - INFO - Duplicate article skipped: UK MPs push for extra aid and visas as Jamaica reels from Hurricane Melissa | Jamaica | The Guardian from The Guardian
2025-11-29 10:44:34,565 - INFO - [BBC] Article: https://www.bbc.com/news/articles/c8dy9lne2plo?at_medium=RSS&at_campaign=rss
2025-11-29 10:44:34,565 - INFO - [BBC] Attempt 1/1: Trying with 'requests_browser' strategy...
2025-11-29 10:44:34,594 - INFO - [BBC] Success with 'requests_browser'. Found content (459 words).
2025-11-29 10:44:34,631 - INFO - Duplicate article skipped: Three days of mourning begins after Hong Kong apartment fire from BBC
2025-11-29 10:44:35,270 - INFO - [BBC] Article: https://www.bbc.com/news/articles/ckg9nd2wddno?at_medium=RSS&at_campaign=rss
2025-11-29 10:44:35,270 - INFO - [BBC] Attempt 1/1: Trying with 'requests_browser' strategy...
2025-11-29 10:44:35,297 - INFO - [BBC] Success with 'requests_browser'. Found content (928 words).
2025-11-29 10:44:35,333 - INFO - Duplicate article skipped: Zelensky's chief of staff Andriy Yermak resigns after anti-corruption raid from BBC
2025-11-29 10:44:35,831 - INFO - [The Guardian] Article: https://www.theguardian.com/us-news/2025/nov/28/trump-pardon-honduras-hernandez-drugs
2025-11-29 10:44:35,832 - INFO - [The Guardian] Attempt 1/1: Trying with 'requests_browser' strategy...
2025-11-29 10:44:35,852 - INFO - [The Guardian] Success with 'requests_browser'. Found content (560 words).
2025-11-29 10:44:35,887 - INFO - Duplicate article skipped: Trump to pardon ex-Honduras leader serving drug trafficking sentence in US | Donald Trump | The Guardian from The Guardian
2025-11-29 10:44:35,890 - INFO - [BBC] Article: https://www.bbc.com/news/articles/c1kpm0rvxepo?at_medium=RSS&at_campaign=rss
2025-11-29 10:44:35,890 - INFO - [BBC] Attempt 1/1: Trying with 'requests_browser' strategy...
2025-11-29 10:44:35,916 - INFO - [BBC] Success with 'requests_browser'. Found content (496 words).
2025-11-29 10:44:35,950 - INFO - Duplicate article skipped: Trump says he will pardon ex-Honduras president convicted of drug trafficking from BBC
2025-11-29 10:44:36,397 - INFO - [The Guardian] Article: https://www.theguardian.com/us-news/2025/nov/28/college-student-deported-boston-flight-thanksgiving
2025-11-29 10:44:36,397 - INFO - [The Guardian] Attempt 1/1: Trying with 'requests_browser' strategy...
2025-11-29 10:44:36,419 - INFO - [The Guardian] Success with 'requests_browser'. Found content (274 words).
2025-11-29 10:44:36,453 - INFO - Duplicate article skipped: College student deported when flying home for Thanksgiving, despite court order | ICE (US Immigration and Customs Enforcement) | The Guardian from The Guardian
2025-11-29 10:44:37,310 - INFO - [BBC] Article: https://www.bbc.com/news/articles/cz0nlxlr87go?at_medium=RSS&at_campaign=rss
2025-11-29 10:44:37,310 - INFO - [BBC] Attempt 1/1: Trying with 'requests_browser' strategy...
2025-11-29 10:44:37,336 - INFO - [BBC] Success with 'requests_browser'. Found content (591 words).
2025-11-29 10:44:37,376 - INFO - Duplicate article skipped: Guinea-Bissau coup was a sham, West African political figures say from BBC
2025-11-29 10:44:37,629 - INFO - [The Guardian] Article: https://www.theguardian.com/world/2025/nov/28/quebec-prayer-law-canada
2025-11-29 10:44:37,629 - INFO - [The Guardian] Attempt 1/1: Trying with 'requests_browser' strategy...
2025-11-29 10:44:37,649 - INFO - [The Guardian] Success with 'requests_browser'. Found content (539 words).
2025-11-29 10:44:37,685 - INFO - Duplicate article skipped: Quebec to ban public prayer in sweeping new secularism law | Quebec | The Guardian from The Guardian
2025-11-29 10:44:37,924 - INFO - [BBC] Article: https://www.bbc.com/news/articles/c0q5w8l88dvo?at_medium=RSS&at_campaign=rss
2025-11-29 10:44:37,924 - INFO - [BBC] Attempt 1/1: Trying with 'requests_browser' strategy...
2025-11-29 10:44:38,041 - INFO - [BBC] Success with 'requests_browser'. Found content (712 words).
2025-11-29 10:44:38,077 - INFO - Duplicate article skipped: Afghans in US issue plea to Trump after 'tragic' Washington DC shooting from BBC
2025-11-29 10:44:38,771 - INFO - [BBC] Article: https://www.bbc.com/news/articles/cp89k31krz4o?at_medium=RSS&at_campaign=rss
2025-11-29 10:44:38,771 - INFO - [BBC] Attempt 1/1: Trying with 'requests_browser' strategy...
2025-11-29 10:44:38,884 - INFO - [BBC] Success with 'requests_browser'. Found content (485 words).
2025-11-29 10:44:38,921 - INFO - Duplicate article skipped: Thirteen killed in deadliest Israeli raid for months in southern Syria from BBC
2025-11-29 10:44:39,043 - INFO - [The Guardian] Article: https://www.theguardian.com/world/2025/nov/28/haida-nation-mark-carney-pipe-dream-oil-energy
2025-11-29 10:44:39,043 - INFO - [The Guardian] Attempt 1/1: Trying with 'requests_browser' strategy...
2025-11-29 10:44:39,065 - INFO - [The Guardian] Success with 'requests_browser'. Found content (1103 words).
2025-11-29 10:44:39,099 - INFO - Duplicate article skipped: ‘Not going to happen’: First Nations threaten to end Carney’s pipe dream | Canada | The Guardian from The Guardian
2025-11-29 10:44:40,260 - INFO - [The Guardian] Article: https://www.theguardian.com/world/2025/nov/29/indonesia-and-thailand-flooding-death-toll-tops-350-as-rescuers-struggle-to-reach-worst-hit-areas
2025-11-29 10:44:40,260 - INFO - [The Guardian] Attempt 1/1: Trying with 'requests_browser' strategy...
2025-11-29 10:44:40,281 - INFO - [The Guardian] Success with 'requests_browser'. Found content (507 words).
2025-11-29 10:44:40,312 - INFO - [BBC] Article: https://www.bbc.com/news/articles/c0l9z176lnlo?at_medium=RSS&at_campaign=rss
2025-11-29 10:44:40,312 - INFO - [BBC] Attempt 1/1: Trying with 'requests_browser' strategy...
2025-11-29 10:44:40,316 - INFO - Duplicate article skipped: Indonesia and Thailand flooding death toll tops 350 as rescuers struggle to reach worst-hit areas | Indonesia | The Guardian from The Guardian
2025-11-29 10:44:40,341 - INFO - [BBC] Success with 'requests_browser'. Found content (678 words).
2025-11-29 10:44:40,376 - INFO - Duplicate article skipped: Austrian nuns win reprieve in abandoned convent - if they stay off social media from BBC
2025-11-29 10:44:41,122 - INFO - [The Guardian] Article: https://www.theguardian.com/news/2025/nov/29/hong-kong-begins-three-days-of-mourning-after-deadly-apartment-fires
2025-11-29 10:44:41,122 - INFO - [The Guardian] Attempt 1/1: Trying with 'requests_browser' strategy...
2025-11-29 10:44:41,142 - INFO - [The Guardian] Success with 'requests_browser'. Found content (679 words).
2025-11-29 10:44:41,173 - INFO - Duplicate article skipped: Hong Kong begins three days of mourning after deadly apartment fires | Hong Kong apartment fires | The Guardian from The Guardian
2025-11-29 10:44:41,280 - INFO - [BBC] Article: https://www.bbc.com/news/articles/c058lny3pdqo?at_medium=RSS&at_campaign=rss
2025-11-29 10:44:41,280 - INFO - [BBC] Attempt 1/1: Trying with 'requests_browser' strategy...
2025-11-29 10:44:41,309 - INFO - [BBC] Success with 'requests_browser'. Found content (863 words).
2025-11-29 10:44:41,346 - INFO - Duplicate article skipped: Hungary's Orban defies EU partners and meets Putin again in Moscow from BBC
2025-11-29 10:44:42,069 - INFO - [BBC] Article: https://www.bbc.com/news/articles/ckglrdg6kz7o?at_medium=RSS&at_campaign=rss
2025-11-29 10:44:42,069 - INFO - [BBC] Attempt 1/1: Trying with 'requests_browser' strategy...
2025-11-29 10:44:42,180 - INFO - [BBC] Success with 'requests_browser'. Found content (639 words).
2025-11-29 10:44:42,391 - INFO - [The Guardian] Article: https://www.theguardian.com/news/2025/nov/28/hong-kong-apartment-fire-response-rescue-operations-death-toll
2025-11-29 10:44:42,395 - INFO - [The Guardian] Attempt 1/1: Trying with 'requests_browser' strategy...
2025-11-29 10:44:42,396 - INFO - Duplicate article skipped: UN panel says Israel operating 'de facto policy of torture' from BBC
2025-11-29 10:44:42,423 - INFO - [The Guardian] Success with 'requests_browser'. Found content (1000 words).
2025-11-29 10:44:42,466 - INFO - Duplicate article skipped: Rescue efforts end at Hong Kong tower block fire as death toll reaches 128 | Hong Kong apartment fires | The Guardian from The Guardian
2025-11-29 10:44:43,321 - INFO - [The Guardian] Article: https://www.theguardian.com/news/2025/nov/28/hong-kong-community-groups-deliver-aid-to-survivors-of-wang-fuk-court-fire
2025-11-29 10:44:43,322 - INFO - [The Guardian] Attempt 1/1: Trying with 'requests_browser' strategy...
2025-11-29 10:44:43,348 - INFO - [The Guardian] Success with 'requests_browser'. Found content (687 words).
2025-11-29 10:44:43,389 - INFO - Duplicate article skipped: Hong Kong community groups deliver aid to survivors of Wang Fuk Court fire | Hong Kong apartment fires | The Guardian from The Guardian
2025-11-29 10:44:43,711 - INFO - [BBC] Article: https://www.bbc.com/news/articles/cx2dndy228xo?at_medium=RSS&at_campaign=rss
2025-11-29 10:44:43,712 - INFO - [BBC] Attempt 1/1: Trying with 'requests_browser' strategy...
2025-11-29 10:44:43,716 - INFO - Selenium driver initialized successfully.
2025-11-29 10:44:43,716 - INFO - Starting scrape for Times of India RSS feed: https://timesofindia.indiatimes.com/rssfeeds/296589292.cms
2025-11-29 10:44:43,716 - INFO - Selenium driver initialized successfully.
2025-11-29 10:44:43,717 - INFO - Starting scrape for The Hindu RSS feed: https://www.thehindu.com/news/national/feeder/default.rss
2025-11-29 10:44:43,902 - INFO - Found 100 articles in The Hindu RSS feed. Processing up to 20.
2025-11-29 10:44:43,902 - INFO - [The Hindu] Article: https://www.thehindu.com/news/cities/Coimbatore/coimbatore-msmes-to-explore-opportunities-in-indian-coast-guard-component-requirements/article70338155.ece
2025-11-29 10:44:43,902 - INFO - [The Hindu] Attempt 1/1: Trying with 'selenium_browser' strategy...
2025-11-29 10:44:44,077 - INFO - Found 20 articles in Times of India RSS feed. Processing up to 20.
2025-11-29 10:44:44,077 - INFO - [Times of India] Article: https://timesofindia.indiatimes.com/world/us/skinny-pale-with-sunken-eyes-palestinian-american-teen-freed-after-9-months-in-israeli-detention-video/articleshow/125653244.cms
2025-11-29 10:44:44,078 - INFO - [Times of India] Attempt 1/1: Trying with 'selenium_browser' strategy...
2025-11-29 10:44:44,214 - INFO - [The Guardian] Article: https://www.theguardian.com/world/2025/nov/28/bear-attacks-man-public-toilet-japan
2025-11-29 10:44:44,214 - INFO - [The Guardian] Attempt 1/1: Trying with 'requests_browser' strategy...
2025-11-29 10:44:44,235 - INFO - [The Guardian] Success with 'requests_browser'. Found content (373 words).
2025-11-29 10:44:44,271 - INFO - Duplicate article skipped: Bear attacks man in public toilet in Japan | Japan | The Guardian from The Guardian
2025-11-29 10:44:44,603 - INFO - [BBC] Success with 'requests_browser'. Found content (1379 words).
2025-11-29 10:44:44,645 - INFO - Duplicate article skipped: Duduzile Zuma-Sambudla resigns as South African MP over Russia mercenary recruitment scandal from BBC
2025-11-29 10:44:45,132 - INFO - [The Guardian] Article: https://www.theguardian.com/australia-news/2025/nov/29/australian-prime-minister-anthony-albanese-marries-jodie-haydon-wedding-canberra
2025-11-29 10:44:45,132 - INFO - [The Guardian] Attempt 1/1: Trying with 'requests_browser' strategy...
2025-11-29 10:44:45,162 - INFO - [BBC] Article: https://www.bbc.com/news/articles/c0q5w13e58zo?at_medium=RSS&at_campaign=rss
2025-11-29 10:44:45,163 - INFO - [BBC] Attempt 1/1: Trying with 'requests_browser' strategy...
2025-11-29 10:44:45,188 - INFO - [The Guardian] Success with 'requests_browser'. Found content (794 words).
2025-11-29 10:44:45,241 - INFO - Duplicate article skipped: Australian prime minister, Anthony Albanese, marries partner Jodie Haydon | Anthony Albanese | The Guardian from The Guardian
2025-11-29 10:44:45,773 - INFO - [BBC] Success with 'requests_browser'. Found content (422 words).
2025-11-29 10:44:45,826 - INFO - Duplicate article skipped: Lightning detected on Mars by Nasa rover, scientists believe from BBC
2025-11-29 10:44:46,704 - INFO - [The Guardian] Article: https://www.theguardian.com/business/2025/nov/29/jetstar-cancel-domestic-flights-australia-global-airbus-a320-recall
2025-11-29 10:44:46,711 - INFO - [The Guardian] Attempt 1/1: Trying with 'requests_browser' strategy...
2025-11-29 10:44:46,752 - INFO - [The Guardian] Success with 'requests_browser'. Found content (880 words).
2025-11-29 10:44:46,814 - INFO - Duplicate article skipped: Jetstar cancels 90 domestic flights across Australia after global Airbus A320 recall | Airbus | The Guardian from The Guardian
2025-11-29 10:44:47,228 - INFO - [BBC] Article: https://www.bbc.com/news/articles/c0r9qzrxdwwo?at_medium=RSS&at_campaign=rss
2025-11-29 10:44:47,228 - INFO - [BBC] Attempt 1/1: Trying with 'requests_browser' strategy...
2025-11-29 10:44:47,758 - INFO - [BBC] Success with 'requests_browser'. Found content (448 words).
2025-11-29 10:44:47,953 - INFO - Duplicate article skipped: Tunisia hands prison terms to dozens of opposition figures from BBC
2025-11-29 10:44:48,209 - INFO - [The Guardian] Article: https://www.theguardian.com/australia-news/2025/nov/28/virginia-giuffres-sons-deny-unsigned-document-is-their-mothers-will
2025-11-29 10:44:48,210 - INFO - [The Guardian] Attempt 1/1: Trying with 'requests_browser' strategy...
2025-11-29 10:44:48,374 - INFO - [The Guardian] Success with 'requests_browser'. Found content (777 words).
2025-11-29 10:44:48,540 - INFO - Duplicate article skipped: Virginia Giuffre’s sons deny unsigned document is their mother’s will | Western Australia | The Guardian from The Guardian
2025-11-29 10:44:48,941 - INFO - [BBC] Article: https://www.bbc.com/news/articles/cy7v6xl4me8o?at_medium=RSS&at_campaign=rss
2025-11-29 10:44:48,941 - INFO - [BBC] Attempt 1/1: Trying with 'requests_browser' strategy...
2025-11-29 10:44:49,055 - INFO - [BBC] Success with 'requests_browser'. Found content (1445 words).
2025-11-29 10:44:49,159 - INFO - Duplicate article skipped: Why the rich and powerful couldn't say no to Epstein from BBC
2025-11-29 10:44:50,017 - INFO - [The Guardian] Article: https://www.theguardian.com/australia-news/2025/nov/29/exclusive-gun-club-linked-to-andrew-hastie-awarded-almost-20000-in-government-grants
2025-11-29 10:44:50,017 - INFO - [The Guardian] Attempt 1/1: Trying with 'requests_browser' strategy...
2025-11-29 10:44:50,050 - INFO - [BBC] Article: https://www.bbc.com/news/articles/c1dz36ep673o?at_medium=RSS&at_campaign=rss
2025-11-29 10:44:50,050 - INFO - [BBC] Attempt 1/1: Trying with 'requests_browser' strategy...
2025-11-29 10:44:50,300 - INFO - [The Guardian] Success with 'requests_browser'. Found content (715 words).
2025-11-29 10:44:50,704 - INFO - [BBC] Success with 'requests_browser'. Found content (1327 words).
2025-11-29 10:44:50,993 - INFO - [The Hindu] Page content loaded.
2025-11-29 10:44:51,007 - INFO - Duplicate article skipped: Exclusive gun club linked to Andrew Hastie awarded almost $20,000 in government grants | Andrew Hastie | The Guardian from The Guardian
2025-11-29 10:44:51,047 - INFO - Duplicate article skipped: Donald Trump pledges to tackle Sudan atrocities - what difference can he make? from BBC
2025-11-29 10:44:52,030 - INFO - [BBC] Article: https://www.bbc.com/news/articles/cly3e1261dko?at_medium=RSS&at_campaign=rss
2025-11-29 10:44:52,030 - INFO - [BBC] Attempt 1/1: Trying with 'requests_browser' strategy...
2025-11-29 10:44:52,197 - INFO - [The Hindu] Success with 'selenium_browser'. Found content (307 words).
2025-11-29 10:44:52,296 - INFO - [The Guardian] Article: https://www.theguardian.com/australia-news/2025/nov/29/mineral-sunscreens-australia-identical-to-others
2025-11-29 10:44:52,296 - INFO - [The Guardian] Attempt 1/1: Trying with 'requests_browser' strategy...
2025-11-29 10:44:52,634 - INFO - [The Guardian] Success with 'requests_browser'. Found content (932 words).
2025-11-29 10:44:53,071 - INFO - [BBC] Success with 'requests_browser'. Found content (1237 words).
2025-11-29 10:45:11,446 - INFO - Saved article: Coimbatore MSMEs to explore opportunities in Indian Coast Guard component requirements - The Hindu from The Hindu
2025-11-29 10:45:11,447 - INFO - Duplicate article skipped: ‘Mineral’ sunscreens marketed to Australians contain almost identical chemicals as others, testing shows | Consumer affairs | The Guardian from The Guardian
2025-11-29 10:45:11,447 - INFO - Duplicate article skipped: How were Afghan evacuees vetted under Biden? from BBC
2025-11-29 10:45:12,616 - INFO - [The Hindu] Article: https://www.thehindu.com/news/national/telangana/cyclone-ditwah-telangana-to-remain-largely-unaffected-four-districts-may-receive-heavy-rain-on-december-1/article70338148.ece
2025-11-29 10:45:12,617 - INFO - [The Hindu] Attempt 1/1: Trying with 'selenium_browser' strategy...
2025-11-29 10:45:14,955 - INFO - [The Hindu] Page content loaded.
2025-11-29 10:45:15,018 - INFO - [The Hindu] Success with 'selenium_browser'. Found content (247 words).
2025-11-29 10:45:27,262 - INFO - DEDUPLICATION: Found match (Score: 0.82). Linking to Cluster ID: 0ea70551-74c8-4d4d-8e17-bd2ed0ae19ac
2025-11-29 10:45:27,263 - INFO - Saved article: Cyclone Ditwah: Telangana to remain largely unaffected, four districts may receive heavy rain on December 1 - The Hindu from The Hindu
2025-11-29 10:45:28,461 - INFO - [The Hindu] Article: https://www.thehindu.com/news/national/assam/eviction-drive-underway-in-assams-nagaon-over-1500-families-affected/article70338111.ece
2025-11-29 10:45:28,461 - INFO - [The Hindu] Attempt 1/1: Trying with 'selenium_browser' strategy...
2025-11-29 10:45:29,544 - INFO - [The Hindu] Page content loaded.
2025-11-29 10:45:29,618 - INFO - [The Hindu] Success with 'selenium_browser'. Found content (272 words).
2025-11-29 10:45:41,645 - INFO - Saved article: Eviction drive underway in Assam's Nagaon, over 1,500 families affected - The Hindu from The Hindu
2025-11-29 10:45:42,698 - INFO - [The Hindu] Article: https://www.thehindu.com/news/national/uttar-pradesh/uttar-pradesh-two-arrested-for-assaulting-blo-lekhpal-during-sir-exercise-in-raebareli/article70338160.ece
2025-11-29 10:45:42,698 - INFO - [The Hindu] Attempt 1/1: Trying with 'selenium_browser' strategy...
2025-11-29 10:45:43,885 - INFO - [The Hindu] Page content loaded.
2025-11-29 10:45:44,003 - INFO - [The Hindu] Success with 'selenium_browser'. Found content (214 words).
2025-11-29 10:45:44,073 - INFO - Duplicate article skipped: Uttar Pradesh: Two arrested for assaulting BLO, Lekhpal during SIR exercise in Raebareli - The Hindu from The Hindu
2025-11-29 10:45:45,316 - INFO - [The Hindu] Article: https://www.thehindu.com/news/national/andhra-pradesh/cyclone-ditwah-not-much-rain-in-ap-till-afternoon-of-saturday/article70338088.ece
2025-11-29 10:45:45,316 - INFO - [The Hindu] Attempt 1/1: Trying with 'selenium_browser' strategy...
2025-11-29 10:45:47,962 - INFO - [The Hindu] Page content loaded.
2025-11-29 10:45:48,023 - INFO - [The Hindu] Success with 'selenium_browser'. Found content (427 words).
2025-11-29 10:45:48,087 - INFO - Duplicate article skipped: Cyclone Ditwah: Not much rain in A.P. till Saturday afternoon - The Hindu from The Hindu
2025-11-29 10:45:48,980 - INFO - [The Hindu] Article: https://www.thehindu.com/news/national/odisha/preparations-in-full-swing-for-energy-summit-in-puri/article70338124.ece
2025-11-29 10:45:48,980 - INFO - [The Hindu] Attempt 1/1: Trying with 'selenium_browser' strategy...
2025-11-29 10:45:49,875 - INFO - [The Hindu] Page content loaded.
2025-11-29 10:45:50,051 - INFO - [The Hindu] Success with 'selenium_browser'. Found content (319 words).
2025-11-29 10:45:50,159 - INFO - Duplicate article skipped: Preparations in full swing for energy summit in Puri - The Hindu from The Hindu
2025-11-29 10:45:50,745 - INFO - [The Hindu] Article: https://www.thehindu.com/news/national/rahul-gandhi-meets-mallikarjun-kharge-bihar-leaders-also-present/article70338152.ece
2025-11-29 10:45:50,745 - INFO - [The Hindu] Attempt 1/1: Trying with 'selenium_browser' strategy...
2025-11-29 10:45:52,795 - INFO - [The Hindu] Page content loaded.
2025-11-29 10:45:53,224 - INFO - [The Hindu] Success with 'selenium_browser'. Found content (145 words).
2025-11-29 10:45:53,382 - INFO - Duplicate article skipped: Rahul Gandhi meets Mallikarjun Kharge, Bihar leaders also present - The Hindu from The Hindu
2025-11-29 10:45:54,642 - INFO - [The Hindu] Article: https://www.thehindu.com/news/national/manipur/manipurs-violence-hit-people-seeking-to-return-home-clash-with-security-forces/article70338122.ece
2025-11-29 10:45:54,643 - INFO - [The Hindu] Attempt 1/1: Trying with 'selenium_browser' strategy...
2025-11-29 10:45:55,648 - INFO - [The Hindu] Page content loaded.
2025-11-29 10:45:55,794 - INFO - [The Hindu] Success with 'selenium_browser'. Found content (159 words).
2025-11-29 10:45:55,862 - INFO - Duplicate article skipped: Manipur's violence-hit people, seeking to return home, clash with security forces - The Hindu from The Hindu
2025-11-29 10:45:56,825 - INFO - [The Hindu] Article: https://www.thehindu.com/news/national/delhi-court-extends-gangster-anmol-bishnois-nia-custody-till-december-5/article70338065.ece
2025-11-29 10:45:56,825 - INFO - [The Hindu] Attempt 1/1: Trying with 'selenium_browser' strategy...
2025-11-29 10:45:58,865 - INFO - [The Hindu] Page content loaded.
2025-11-29 10:45:58,948 - INFO - [The Hindu] Success with 'selenium_browser'. Found content (151 words).
2025-11-29 10:45:59,013 - INFO - Duplicate article skipped: Delhi court extends gangster Anmol Bishnoi's NIA custody till December 5 - The Hindu from The Hindu
2025-11-29 10:46:00,515 - INFO - [The Hindu] Article: https://www.thehindu.com/news/cities/Coimbatore/nilgiris-tahr-interpretation-centre-to-come-up-at-gandhipuram/article70337894.ece
2025-11-29 10:46:00,515 - INFO - [The Hindu] Attempt 1/1: Trying with 'selenium_browser' strategy...
2025-11-29 10:46:01,271 - INFO - [The Hindu] Page content loaded.
2025-11-29 10:46:01,372 - INFO - [The Hindu] Success with 'selenium_browser'. Found content (264 words).
2025-11-29 10:46:01,456 - INFO - Duplicate article skipped: Nilgiris Tahr Interpretation Centre to come up at Gandhipuram - The Hindu from The Hindu
2025-11-29 10:46:02,179 - INFO - [The Hindu] Article: https://www.thehindu.com/business/Industry/air-india-is-a-responsibility-not-just-a-business-opportunity-for-tata-group-n-chandrasekaran/article70338074.ece
2025-11-29 10:46:02,179 - INFO - [The Hindu] Attempt 1/1: Trying with 'selenium_browser' strategy...
2025-11-29 10:46:03,744 - INFO - [The Hindu] Page content loaded.
2025-11-29 10:46:03,895 - INFO - [The Hindu] Success with 'selenium_browser'. Found content (272 words).
2025-11-29 10:46:03,963 - INFO - Duplicate article skipped: Air India is a responsibility not just a business opportunity for Tata Group: N. Chandrasekaran - The Hindu from The Hindu
2025-11-29 10:46:05,361 - INFO - [The Hindu] Article: https://www.thehindu.com/news/national/assam/assam-mla-suspended-from-assembly-for-disrupting-proceedings/article70337878.ece
2025-11-29 10:46:05,361 - INFO - [The Hindu] Attempt 1/1: Trying with 'selenium_browser' strategy...
2025-11-29 10:46:06,563 - INFO - [The Hindu] Page content loaded.
2025-11-29 10:46:06,715 - INFO - [The Hindu] Success with 'selenium_browser'. Found content (168 words).
2025-11-29 10:46:06,782 - INFO - Duplicate article skipped: Assam MLA suspended from Assembly for disrupting proceedings - The Hindu from The Hindu
2025-11-29 10:46:08,176 - INFO - [The Hindu] Article: https://www.thehindu.com/news/national/andhra-pradesh/pawan-kalyan-tells-jana-sena-party-mps-to-raise-issues-related-to-andhra-pradesh-in-parliament/article70337555.ece
2025-11-29 10:46:08,176 - INFO - [The Hindu] Attempt 1/1: Trying with 'selenium_browser' strategy...
2025-11-29 10:46:11,370 - INFO - [The Hindu] Page content loaded.
2025-11-29 10:46:11,526 - INFO - [The Hindu] Success with 'selenium_browser'. Found content (169 words).
2025-11-29 10:46:11,653 - INFO - Duplicate article skipped: Pawan Kalyan tells Jana Sena party MPs to raise issues related to Andhra Pradesh in Parliament - The Hindu from The Hindu
2025-11-29 10:46:12,195 - INFO - [The Hindu] Article: https://www.thehindu.com/business/Economy/government-reforms-manufacturing-push-lift-q2-growth-to-82-goyal/article70338025.ece
2025-11-29 10:46:12,195 - INFO - [The Hindu] Attempt 1/1: Trying with 'selenium_browser' strategy...
2025-11-29 10:46:12,899 - INFO - [The Hindu] Page content loaded.
2025-11-29 10:46:12,959 - INFO - [The Hindu] Success with 'selenium_browser'. Found content (372 words).
2025-11-29 10:46:13,074 - INFO - Duplicate article skipped: Government reforms, manufacturing push lift Q2 growth to 8.2%: Goyal - The Hindu from The Hindu
2025-11-29 10:46:13,623 - INFO - [The Hindu] Article: https://www.thehindu.com/news/national/kerala/munambam-waqf-land-protest-in-kerala-to-end-on-november-30-differences-emerge-among-agitators/article70337977.ece
2025-11-29 10:46:13,623 - INFO - [The Hindu] Attempt 1/1: Trying with 'selenium_browser' strategy...
2025-11-29 10:46:14,884 - INFO - [The Hindu] Page content loaded.
2025-11-29 10:46:15,042 - INFO - [The Hindu] Success with 'selenium_browser'. Found content (384 words).
2025-11-29 10:46:15,372 - INFO - Duplicate article skipped: Munambam Waqf land protest in Kerala to end on November 30; differences emerge among agitators - The Hindu from The Hindu
2025-11-29 10:46:16,766 - INFO - [The Hindu] Article: https://www.thehindu.com/news/national/goa/goa-zilla-panchayat-elections-on-december-20-868-lakh-voters-to-decide-50-seats-as-mcc-comes-into-force/article70337933.ece
2025-11-29 10:46:16,767 - INFO - [The Hindu] Attempt 1/1: Trying with 'selenium_browser' strategy...
2025-11-29 10:46:18,993 - INFO - [The Hindu] Page content loaded.
2025-11-29 10:46:19,445 - INFO - [The Hindu] Success with 'selenium_browser'. Found content (429 words).
2025-11-29 10:46:19,579 - INFO - Duplicate article skipped: Goa Zilla Panchayat elections on December 20: 8.68 lakh voters to decide 50 seats as MCC comes into force - The Hindu from The Hindu
2025-11-29 10:46:20,368 - INFO - [The Hindu] Article: https://www.thehindu.com/news/national/andhra-pradesh/four-dead-in-separate-road-accidents-in-ntr-krishna-districts-in-andhra-pradesh/article70337743.ece
2025-11-29 10:46:20,368 - INFO - [The Hindu] Attempt 1/1: Trying with 'selenium_browser' strategy...
2025-11-29 10:46:21,295 - INFO - [The Hindu] Page content loaded.
2025-11-29 10:46:21,390 - INFO - [The Hindu] Success with 'selenium_browser'. Found content (162 words).
2025-11-29 10:46:21,462 - INFO - Duplicate article skipped: Four dead in separate road accidents in NTR, Krishna districts in Andhra Pradesh - The Hindu from The Hindu
2025-11-29 10:46:22,769 - INFO - [The Hindu] Article: https://www.thehindu.com/news/national/punjab/punjab-bus-strike-protestors-condemn-detention-of-union-leaders-demand-immediate-release/article70337869.ece
2025-11-29 10:46:22,769 - INFO - [The Hindu] Attempt 1/1: Trying with 'selenium_browser' strategy...
2025-11-29 10:46:23,566 - INFO - [The Hindu] Page content loaded.
2025-11-29 10:46:23,703 - INFO - [The Hindu] Success with 'selenium_browser'. Found content (475 words).
2025-11-29 10:46:23,769 - INFO - Duplicate article skipped: Punjab bus strike: Protestors condemn detention of Union leaders, demand immediate release - The Hindu from The Hindu
2025-11-29 10:46:24,395 - INFO - [The Hindu] Article: https://www.thehindu.com/news/national/kerala/kerala-sir-761-lakh-enumeration-forms-in-uncollectables-list/article70337927.ece
2025-11-29 10:46:24,395 - INFO - [The Hindu] Attempt 1/1: Trying with 'selenium_browser' strategy...
2025-11-29 10:46:25,123 - INFO - [The Hindu] Page content loaded.
2025-11-29 10:46:25,201 - INFO - [The Hindu] Success with 'selenium_browser'. Found content (368 words).
2025-11-29 10:46:25,315 - INFO - Duplicate article skipped: Kerala SIR: 7.61 lakh enumeration forms in ‘uncollectables’ list - The Hindu from The Hindu
2025-11-29 10:46:26,032 - INFO - [The Hindu] Article: https://www.thehindu.com/news/national/odisha/odishas-supplementary-budget-lacks-any-vision-claims-leader-of-opposition-naveen-patnaik/article70337797.ece
2025-11-29 10:46:26,033 - INFO - [The Hindu] Attempt 1/1: Trying with 'selenium_browser' strategy...
2025-11-29 10:46:27,525 - INFO - [The Hindu] Page content loaded.
2025-11-29 10:46:27,697 - INFO - [The Hindu] Success with 'selenium_browser'. Found content (228 words).
2025-11-29 10:46:27,761 - INFO - Duplicate article skipped: Odisha's Supplementary Budget lacks any vision, claims Leader of Opposition Naveen Patnaik - The Hindu from The Hindu
2025-11-29 10:46:28,294 - INFO - [The Hindu] (Thread) Finished. Attempting to shut down its Selenium driver.
2025-11-29 10:46:28,514 - INFO - [The Hindu] (Thread) driver.quit() successful.
2025-11-29 10:46:44,178 - ERROR - [Times of India] Request failed for strategy 'selenium_browser' on URL https://timesofindia.indiatimes.com/world/us/skinny-pale-with-sunken-eyes-palestinian-american-teen-freed-after-9-months-in-israeli-detention-video/articleshow/125653244.cms: HTTPConnectionPool(host='localhost', port=34471): Read timed out. (read timeout=120)
2025-11-29 10:46:44,179 - ERROR - [Times of India] All scrape strategies failed for https://timesofindia.indiatimes.com/world/us/skinny-pale-with-sunken-eyes-palestinian-american-teen-freed-after-9-months-in-israeli-detention-video/articleshow/125653244.cms. Falling back to RSS description.
2025-11-29 10:46:44,179 - INFO - Duplicate article skipped: 'Skinny, pale, with sunken eyes': Palestinian-American teen freed after 9 months in Israeli detention — video from Times of India
2025-11-29 10:46:44,779 - INFO - [Times of India] Article: https://timesofindia.indiatimes.com/world/middle-east/how-to-enter-the-uaes-most-exclusive-golden-visa-circle-through-superyacht-ownership/articleshow/125652070.cms
2025-11-29 10:46:44,779 - INFO - [Times of India] Attempt 1/1: Trying with 'selenium_browser' strategy...
2025-11-29 10:48:44,853 - ERROR - [Times of India] Request failed for strategy 'selenium_browser' on URL https://timesofindia.indiatimes.com/world/middle-east/how-to-enter-the-uaes-most-exclusive-golden-visa-circle-through-superyacht-ownership/articleshow/125652070.cms: HTTPConnectionPool(host='localhost', port=34471): Read timed out. (read timeout=120)
2025-11-29 10:48:44,853 - ERROR - [Times of India] All scrape strategies failed for https://timesofindia.indiatimes.com/world/middle-east/how-to-enter-the-uaes-most-exclusive-golden-visa-circle-through-superyacht-ownership/articleshow/125652070.cms. Falling back to RSS description.
2025-11-29 10:48:44,853 - INFO - Duplicate article skipped: How to enter the UAE’s most exclusive Golden Visa circle through superyacht ownership from Times of India
2025-11-29 10:48:46,107 - INFO - [Times of India] Article: https://timesofindia.indiatimes.com/world/middle-east/abu-dhabi-offers-free-parking-and-darb-tolls-for-uae-national-day/articleshow/125652743.cms
2025-11-29 10:48:46,107 - INFO - [Times of India] Attempt 1/1: Trying with 'selenium_browser' strategy...
2025-11-29 10:49:28,305 - CRITICAL - --- TIMEOUT: 1 scrape jobs did not complete in 300s. ---
2025-11-29 10:49:28,305 - ERROR - A thread has timed out and will be abandoned.
2025-11-29 10:49:28,305 - INFO - Shutting down thread pool (wait=False)...
2025-11-29 10:49:28,306 - INFO - Scraped: 3 The Hindu, 0 BBC, 0 The Guardian, 1 Timed_Out_Jobs articles. (Total saved: 3)
2025-11-29 10:49:28,306 - INFO - --- Scraping job finished ---
2025-11-29 10:49:28,306 - INFO - --- Scraper service stopped and database connection closed. ---
2025-11-29 10:49:28,306 - INFO - --- Main thread finished. Forcing process exit to kill zombie threads. ---
