2025-12-01 22:24:07,222 - INFO - Loading AI Semantic Model (all-MiniLM-L6-v2)...
2025-12-01 22:24:07,223 - INFO - Use pytorch device_name: cpu
2025-12-01 22:24:07,223 - INFO - Load pretrained SentenceTransformer: all-MiniLM-L6-v2
2025-12-01 22:24:08,053 - INFO - AI Model loaded successfully.
2025-12-01 22:24:08,054 - INFO - Initializing database connection at: news_articles.db
2025-12-01 22:24:08,054 - INFO - --- Scraper service started (CI Mode: Run Once) ---
2025-12-01 22:24:08,054 - INFO - --- Starting new scraping job (Parallel Mode) ---
2025-12-01 22:24:08,054 - INFO - Creating new robust session with 3 retries on 5xx/connection/read errors.
2025-12-01 22:24:08,054 - INFO - Proxy is DISABLED.
2025-12-01 22:24:08,054 - INFO - Starting scrape for BBC RSS feed: http://feeds.bbci.co.uk/news/world/rss.xml
2025-12-01 22:24:08,055 - INFO - [Times of India] (Thread) requires Selenium. Initializing driver...
2025-12-01 22:24:08,056 - INFO - Initializing headless Selenium Chrome driver (using SeleniumManager)...
2025-12-01 22:24:08,056 - INFO - Starting scrape for The Guardian RSS feed: https://www.theguardian.com/world/rss
2025-12-01 22:24:08,057 - INFO - [The Hindu] (Thread) requires Selenium. Initializing driver...
2025-12-01 22:24:08,058 - INFO - Initializing headless Selenium Chrome driver (using SeleniumManager)...
2025-12-01 22:24:08,058 - INFO - Submitted 4 jobs to thread pool. Waiting up to 300s for completion...
2025-12-01 22:24:08,126 - INFO - Found 45 articles in The Guardian RSS feed. Processing up to 20.
2025-12-01 22:24:08,126 - INFO - [The Guardian] Article: https://www.theguardian.com/world/2025/dec/01/south-africans-court-alleged-recruitment-russia-war-ukraine
2025-12-01 22:24:08,126 - INFO - [The Guardian] Attempt 1/1: Trying with 'requests_browser' strategy...
2025-12-01 22:24:08,165 - INFO - Found 43 articles in BBC RSS feed. Processing up to 20.
2025-12-01 22:24:08,165 - INFO - [BBC] Article: https://www.bbc.com/news/articles/c1m8nmx75evo?at_medium=RSS&at_campaign=rss
2025-12-01 22:24:08,165 - INFO - [BBC] Attempt 1/1: Trying with 'requests_browser' strategy...
2025-12-01 22:24:08,170 - INFO - [The Guardian] Success with 'requests_browser'. Found content (506 words).
2025-12-01 22:24:08,212 - INFO - Duplicate article skipped: Five South Africans in court over alleged recruitment for Russia’s war in Ukraine | South Africa | The Guardian from The Guardian
2025-12-01 22:24:08,287 - INFO - [BBC] Success with 'requests_browser'. Found content (823 words).
2025-12-01 22:24:08,319 - INFO - Duplicate article skipped: Zelensky says Ukraine territory 'most difficult' issue, as US envoy prepares to meet Putin from BBC
2025-12-01 22:24:09,071 - INFO - [BBC] Article: https://www.bbc.com/news/articles/cewjg272dq9o?at_medium=RSS&at_campaign=rss
2025-12-01 22:24:09,072 - INFO - [BBC] Attempt 1/1: Trying with 'requests_browser' strategy...
2025-12-01 22:24:09,102 - INFO - [BBC] Success with 'requests_browser'. Found content (582 words).
2025-12-01 22:24:09,132 - INFO - Duplicate article skipped: Alina Habba: Appeals court disqualifies ex-Trump lawyer as New Jersey prosecutor from BBC
2025-12-01 22:24:09,425 - INFO - [The Guardian] Article: https://www.theguardian.com/global-development/2025/dec/01/global-health-hiv-aids-funding-cuts-infections-prevention
2025-12-01 22:24:09,425 - INFO - [The Guardian] Attempt 1/1: Trying with 'requests_browser' strategy...
2025-12-01 22:24:09,450 - INFO - [The Guardian] Success with 'requests_browser'. Found content (674 words).
2025-12-01 22:24:09,483 - INFO - Duplicate article skipped: Aid cuts have shaken HIV/Aids care to its core – and will mean millions more infections ahead | Global health | The Guardian from The Guardian
2025-12-01 22:24:09,861 - INFO - [BBC] Article: https://www.bbc.com/news/articles/czrk7g50e1po?at_medium=RSS&at_campaign=rss
2025-12-01 22:24:09,861 - INFO - [BBC] Attempt 1/1: Trying with 'requests_browser' strategy...
2025-12-01 22:24:09,895 - INFO - [BBC] Success with 'requests_browser'. Found content (1693 words).
2025-12-01 22:24:09,928 - INFO - Duplicate article skipped: WW1 toxic compound sprayed on Georgian protesters, BBC evidence suggests from BBC
2025-12-01 22:24:10,642 - INFO - [BBC] Article: https://www.bbc.com/news/articles/ckg9204y4w5o?at_medium=RSS&at_campaign=rss
2025-12-01 22:24:10,642 - INFO - [BBC] Attempt 1/1: Trying with 'requests_browser' strategy...
2025-12-01 22:24:10,684 - INFO - [BBC] Success with 'requests_browser'. Found content (682 words).
2025-12-01 22:24:10,727 - INFO - Duplicate article skipped: Anicet Ekane: Cameroon opposition firebrand dies in detention aged 74 from BBC
2025-12-01 22:24:10,808 - INFO - [The Guardian] Article: https://www.theguardian.com/world/2025/nov/30/african-leaders-push-for-recognition-of-colonial-crimes-and-reparations
2025-12-01 22:24:10,808 - INFO - [The Guardian] Attempt 1/1: Trying with 'requests_browser' strategy...
2025-12-01 22:24:10,835 - INFO - [The Guardian] Success with 'requests_browser'. Found content (670 words).
2025-12-01 22:24:10,984 - INFO - Duplicate article skipped: African leaders push for recognition of colonial crimes and reparations | Colonialism | The Guardian from The Guardian
2025-12-01 22:24:12,115 - INFO - [BBC] Article: https://www.bbc.com/news/articles/cx2dgp8mvmno?at_medium=RSS&at_campaign=rss
2025-12-01 22:24:12,115 - INFO - [BBC] Attempt 1/1: Trying with 'requests_browser' strategy...
2025-12-01 22:24:12,143 - INFO - [BBC] Success with 'requests_browser'. Found content (808 words).
2025-12-01 22:24:12,174 - INFO - Duplicate article skipped: Honduras election: presidential candidates locked in 'technical tie', official says from BBC
2025-12-01 22:24:12,326 - INFO - [The Guardian] Article: https://www.theguardian.com/world/2025/nov/28/jacob-zuma-daughter-resigns-claims-south-africans-tricked-fight-russia
2025-12-01 22:24:12,326 - INFO - [The Guardian] Attempt 1/1: Trying with 'requests_browser' strategy...
2025-12-01 22:24:12,350 - INFO - [The Guardian] Success with 'requests_browser'. Found content (753 words).
2025-12-01 22:24:12,381 - INFO - Duplicate article skipped: Jacob Zuma’s daughter resigns amid claims South Africans tricked to fight for Russia | South Africa | The Guardian from The Guardian
2025-12-01 22:24:13,087 - INFO - [BBC] Article: https://www.bbc.com/news/articles/c4g4enlp6kzo?at_medium=RSS&at_campaign=rss
2025-12-01 22:24:13,087 - INFO - [BBC] Attempt 1/1: Trying with 'requests_browser' strategy...
2025-12-01 22:24:13,203 - INFO - [BBC] Success with 'requests_browser'. Found content (870 words).
2025-12-01 22:24:13,233 - INFO - Duplicate article skipped: Indonesia floods death toll passes 500 from BBC
2025-12-01 22:24:13,386 - INFO - [The Guardian] Article: https://www.theguardian.com/environment/2025/nov/28/africa-forests-transformed-carbon-sink-carbon-source-study
2025-12-01 22:24:13,386 - INFO - [The Guardian] Attempt 1/1: Trying with 'requests_browser' strategy...
2025-12-01 22:24:13,408 - INFO - [The Guardian] Success with 'requests_browser'. Found content (458 words).
2025-12-01 22:24:13,438 - INFO - Duplicate article skipped: Africa’s forests transformed from carbon sink to carbon source, study finds | Climate crisis | The Guardian from The Guardian
2025-12-01 22:24:13,973 - INFO - [BBC] Article: https://www.bbc.com/news/articles/c79x8285n29o?at_medium=RSS&at_campaign=rss
2025-12-01 22:24:13,973 - INFO - [BBC] Attempt 1/1: Trying with 'requests_browser' strategy...
2025-12-01 22:24:14,014 - INFO - [BBC] Success with 'requests_browser'. Found content (439 words).
2025-12-01 22:24:14,046 - INFO - Duplicate article skipped: Nigeria's kidnap crisis: Pastor abducted in Kogi state and a bride in Sokoto from BBC
2025-12-01 22:24:14,205 - INFO - [The Guardian] Article: https://www.theguardian.com/world/2025/dec/01/trump-maduro-ultimatum-relinquish-power-venezuela
2025-12-01 22:24:14,205 - INFO - [The Guardian] Attempt 1/1: Trying with 'requests_browser' strategy...
2025-12-01 22:24:14,235 - INFO - [The Guardian] Success with 'requests_browser'. Found content (533 words).
2025-12-01 22:24:14,274 - INFO - Duplicate article skipped: Trump reportedly gave Maduro ultimatum to relinquish power in Venezuela | Nicolás Maduro | The Guardian from The Guardian
2025-12-01 22:24:14,734 - INFO - [BBC] Article: https://www.bbc.com/news/articles/cz0n1rm95yxo?at_medium=RSS&at_campaign=rss
2025-12-01 22:24:14,735 - INFO - [BBC] Attempt 1/1: Trying with 'requests_browser' strategy...
2025-12-01 22:24:14,875 - INFO - [BBC] Success with 'requests_browser'. Found content (254 words).
2025-12-01 22:24:14,905 - INFO - Duplicate article skipped: Peru landslide: 12 killed after two boats hit in Amazon rainforest from BBC
2025-12-01 22:24:15,070 - INFO - [The Guardian] Article: https://www.theguardian.com/us-news/live/2025/dec/01/donald-trump-pete-hegseth-caribbean-boats-venezuela-immigration-us-politics-latest-news-updates
2025-12-01 22:24:15,070 - INFO - [The Guardian] Attempt 1/1: Trying with 'requests_browser' strategy...
2025-12-01 22:24:15,259 - INFO - [The Guardian] Success with 'requests_browser'. Found content (2387 words).
2025-12-01 22:24:15,326 - INFO - Duplicate article skipped: White House says second strike on vessel was legal and conducted in ‘self defense’ amid scrutiny – live | Trump administration | The Guardian from The Guardian
2025-12-01 22:24:15,909 - INFO - [BBC] Article: https://www.bbc.com/news/articles/c7vmn61l75ro?at_medium=RSS&at_campaign=rss
2025-12-01 22:24:15,909 - INFO - [BBC] Attempt 1/1: Trying with 'requests_browser' strategy...
2025-12-01 22:24:15,931 - INFO - [BBC] Success with 'requests_browser'. Found content (376 words).
2025-12-01 22:24:15,940 - INFO - [The Guardian] Article: https://www.theguardian.com/world/2025/dec/01/mexico-kill-drug-trafficker-el-pichon-pedro-inzunza-coronel
2025-12-01 22:24:15,940 - INFO - [The Guardian] Attempt 1/1: Trying with 'requests_browser' strategy...
2025-12-01 22:24:15,963 - INFO - Duplicate article skipped: Trump releases fraudster executive days into prison sentence from BBC
2025-12-01 22:24:15,977 - INFO - [The Guardian] Success with 'requests_browser'. Found content (385 words).
2025-12-01 22:24:16,007 - INFO - Duplicate article skipped: Mexican authorities kill one of country’s top fentanyl traffickers | Mexico | The Guardian from The Guardian
2025-12-01 22:24:16,522 - INFO - [BBC] Article: https://www.bbc.com/news/articles/c5yd91y2250o?at_medium=RSS&at_campaign=rss
2025-12-01 22:24:16,522 - INFO - [BBC] Attempt 1/1: Trying with 'requests_browser' strategy...
2025-12-01 22:24:16,557 - INFO - [BBC] Success with 'requests_browser'. Found content (768 words).
2025-12-01 22:24:16,593 - INFO - Duplicate article skipped: Nonkululeko Mantula: South African radio presenter among five charged over Russia recruitment plot from BBC
2025-12-01 22:24:16,793 - INFO - [The Guardian] Article: https://www.theguardian.com/us-news/2025/dec/01/trump-pardon-juan-orlando-hernandez-honduras-former-president
2025-12-01 22:24:16,793 - INFO - [The Guardian] Attempt 1/1: Trying with 'requests_browser' strategy...
2025-12-01 22:24:16,830 - INFO - [The Guardian] Success with 'requests_browser'. Found content (938 words).
2025-12-01 22:24:16,864 - INFO - Duplicate article skipped: Trump’s pardon of Honduras’s ex-president shows counter-drug effort is ‘based on lies and hypocrisy’ | US foreign policy | The Guardian from The Guardian
2025-12-01 22:24:17,460 - INFO - [The Guardian] Article: https://www.theguardian.com/world/2025/dec/01/haiti-armed-gangs-attack-artibonite
2025-12-01 22:24:17,460 - INFO - [The Guardian] Attempt 1/1: Trying with 'requests_browser' strategy...
2025-12-01 22:24:17,483 - INFO - [The Guardian] Success with 'requests_browser'. Found content (629 words).
2025-12-01 22:24:17,514 - INFO - Duplicate article skipped: Hundreds flee central Haiti after gangs launch large-scale attacks and burn homes | Haiti | The Guardian from The Guardian
2025-12-01 22:24:17,800 - INFO - Selenium driver initialized successfully.
2025-12-01 22:24:17,800 - INFO - Starting scrape for Times of India RSS feed: https://timesofindia.indiatimes.com/rssfeeds/296589292.cms
2025-12-01 22:24:17,801 - INFO - Selenium driver initialized successfully.
2025-12-01 22:24:17,801 - INFO - Starting scrape for The Hindu RSS feed: https://www.thehindu.com/news/national/feeder/default.rss
2025-12-01 22:24:17,866 - INFO - Found 20 articles in Times of India RSS feed. Processing up to 20.
2025-12-01 22:24:17,867 - INFO - [Times of India] Article: https://timesofindia.indiatimes.com/world/us-streamers/gambling-streamer-subo-assaulted-live-on-stream-by-mma-fighter-shovkhal-churchaev/articleshow/125704173.cms
2025-12-01 22:24:17,867 - INFO - [Times of India] Attempt 1/1: Trying with 'selenium_browser' strategy...
2025-12-01 22:24:17,871 - INFO - [BBC] Article: https://www.bbc.com/news/articles/cj38xm5nmd7o?at_medium=RSS&at_campaign=rss
2025-12-01 22:24:17,871 - INFO - [BBC] Attempt 1/1: Trying with 'requests_browser' strategy...
2025-12-01 22:24:17,903 - INFO - [BBC] Success with 'requests_browser'. Found content (1138 words).
2025-12-01 22:24:17,943 - INFO - Duplicate article skipped: Tulip Siddiq MP says Bangladesh jail sentence is 'deeply unfair' from BBC
2025-12-01 22:24:18,036 - INFO - Found 100 articles in The Hindu RSS feed. Processing up to 20.
2025-12-01 22:24:18,036 - INFO - [The Hindu] Article: https://www.thehindu.com/news/national/west-bengal/bjp-demands-audit-of-125-crore-entries-made-in-sir-across-three-days-in-west-bengal/article70346132.ece
2025-12-01 22:24:18,036 - INFO - [The Hindu] Attempt 1/1: Trying with 'selenium_browser' strategy...
2025-12-01 22:24:18,402 - INFO - [The Guardian] Article: https://www.theguardian.com/world/2025/dec/01/asia-flood-sri-lanka-indonesia-deploy-military
2025-12-01 22:24:18,402 - INFO - [The Guardian] Attempt 1/1: Trying with 'requests_browser' strategy...
2025-12-01 22:24:18,438 - INFO - [The Guardian] Success with 'requests_browser'. Found content (759 words).
2025-12-01 22:24:18,495 - INFO - Duplicate article skipped: Sri Lanka and Indonesia deploy militaries as Asia floods death toll passes 1,100 | Asia Pacific | The Guardian from The Guardian
2025-12-01 22:24:19,440 - INFO - [BBC] Article: https://www.bbc.com/news/articles/cj01q6p7ndlo?at_medium=RSS&at_campaign=rss
2025-12-01 22:24:19,440 - INFO - [BBC] Attempt 1/1: Trying with 'requests_browser' strategy...
2025-12-01 22:24:19,498 - INFO - [BBC] Success with 'requests_browser'. Found content (409 words).
2025-12-01 22:24:19,544 - INFO - Duplicate article skipped: South Korea police say 120,000 home cameras hacked for 'sexploitation' footage from BBC
2025-12-01 22:24:19,612 - INFO - [The Guardian] Article: https://www.theguardian.com/world/live/2025/dec/01/death-toll-floods-indonesia-sri-lanka-malaysia-thailand-latest-updates-news-live
2025-12-01 22:24:19,612 - INFO - [The Guardian] Attempt 1/1: Trying with 'requests_browser' strategy...
2025-12-01 22:24:20,203 - INFO - [BBC] Article: https://www.bbc.com/news/articles/cp8zyp988zvo?at_medium=RSS&at_campaign=rss
2025-12-01 22:24:20,204 - INFO - [BBC] Attempt 1/1: Trying with 'requests_browser' strategy...
2025-12-01 22:24:20,208 - INFO - [The Guardian] Success with 'requests_browser'. Found content (1015 words).
2025-12-01 22:24:20,490 - INFO - Duplicate article skipped: Death toll passes 1,100 in devastating floods across Indonesia, Sri Lanka, Malaysia and Thailand – as it happened | South and central Asia | The Guardian from The Guardian
2025-12-01 22:24:20,506 - INFO - [BBC] Success with 'requests_browser'. Found content (847 words).
2025-12-01 22:24:20,606 - INFO - Duplicate article skipped: US lawmakers demand answers over Hegseth Venezuela boat strike reports from BBC
2025-12-01 22:24:21,725 - INFO - [BBC] Article: https://www.bbc.com/news/articles/c997n2zlegzo?at_medium=RSS&at_campaign=rss
2025-12-01 22:24:21,725 - INFO - [BBC] Attempt 1/1: Trying with 'requests_browser' strategy...
2025-12-01 22:24:21,779 - INFO - [BBC] Success with 'requests_browser'. Found content (653 words).
2025-12-01 22:24:21,853 - INFO - Duplicate article skipped: One Piece: Japanese singer Maki Otsuki stopped mid-show after China row from BBC
2025-12-01 22:24:21,863 - INFO - [The Guardian] Article: https://www.theguardian.com/news/2025/dec/01/hong-kong-arrests-manslaughter-apartment-fires
2025-12-01 22:24:21,863 - INFO - [The Guardian] Attempt 1/1: Trying with 'requests_browser' strategy...
2025-12-01 22:24:22,008 - INFO - [The Guardian] Success with 'requests_browser'. Found content (763 words).
2025-12-01 22:24:22,116 - INFO - Duplicate article skipped: Hong Kong arrests 13 on suspicion of manslaughter over apartment fires | Hong Kong apartment fires | The Guardian from The Guardian
2025-12-01 22:24:23,150 - INFO - [The Guardian] Article: https://www.theguardian.com/world/2025/nov/30/indonesia-thailand-floods
2025-12-01 22:24:23,150 - INFO - [The Guardian] Attempt 1/1: Trying with 'requests_browser' strategy...
2025-12-01 22:24:23,230 - INFO - [The Guardian] Success with 'requests_browser'. Found content (998 words).
2025-12-01 22:24:23,288 - INFO - [BBC] Article: https://www.bbc.com/news/articles/c075zd0j2j3o?at_medium=RSS&at_campaign=rss
2025-12-01 22:24:23,288 - INFO - [BBC] Attempt 1/1: Trying with 'requests_browser' strategy...
2025-12-01 22:24:23,323 - INFO - Duplicate article skipped: Death toll passes 900 in Indonesia, Thailand and Sri Lanka floods | Extreme weather | The Guardian from The Guardian
2025-12-01 22:24:23,354 - INFO - [BBC] Success with 'requests_browser'. Found content (316 words).
2025-12-01 22:24:23,405 - INFO - Duplicate article skipped: Couple accused of cheating with spycam to win A$1.2m in Australian casino from BBC
2025-12-01 22:24:24,389 - INFO - [BBC] Article: https://www.bbc.com/news/articles/c4gv76r5qpvo?at_medium=RSS&at_campaign=rss
2025-12-01 22:24:24,389 - INFO - [BBC] Attempt 1/1: Trying with 'requests_browser' strategy...
2025-12-01 22:24:24,525 - INFO - [BBC] Success with 'requests_browser'. Found content (647 words).
2025-12-01 22:24:24,579 - INFO - [The Guardian] Article: https://www.theguardian.com/world/2025/nov/30/hong-kong-mourns-as-apartment-blaze-death-toll-rises
2025-12-01 22:24:24,579 - INFO - [The Guardian] Attempt 1/1: Trying with 'requests_browser' strategy...
2025-12-01 22:24:24,686 - INFO - Duplicate article skipped: Benjamin Netanyahu seeks pardon from Israel's president from BBC
2025-12-01 22:24:24,747 - INFO - [The Guardian] Success with 'requests_browser'. Found content (697 words).
2025-12-01 22:24:24,923 - INFO - Duplicate article skipped: Hong Kong mourns as apartment fire death toll rises to 146 | Hong Kong apartment fires | The Guardian from The Guardian
2025-12-01 22:24:25,553 - INFO - [The Hindu] Page content loaded.
2025-12-01 22:24:26,039 - INFO - [The Guardian] Article: https://www.theguardian.com/australia-news/live/2025/dec/02/australia-news-live-one-nation-liberal-coalition-barnaby-joyce-pauline-hanson-budget-estimates-labor-ai-plan-ntwnfb
2025-12-01 22:24:26,039 - INFO - [The Guardian] Attempt 1/1: Trying with 'requests_browser' strategy...
2025-12-01 22:24:26,178 - INFO - [BBC] Article: https://www.bbc.com/news/articles/c79x8x82gy4o?at_medium=RSS&at_campaign=rss
2025-12-01 22:24:26,178 - INFO - [BBC] Attempt 1/1: Trying with 'requests_browser' strategy...
2025-12-01 22:24:26,361 - INFO - [BBC] Success with 'requests_browser'. Found content (518 words).
2025-12-01 22:24:26,622 - INFO - Duplicate article skipped: Ludwig Minelli: Dignitas founder dies by assisted suicide aged 92, group says from BBC
2025-12-01 22:24:26,877 - INFO - [The Guardian] Success with 'requests_browser'. Found content (2479 words).
2025-12-01 22:24:26,940 - INFO - [The Hindu] Success with 'selenium_browser'. Found content (503 words).
2025-12-01 22:24:27,329 - INFO - [BBC] Article: https://www.bbc.com/news/articles/cp34yk7z6yxo?at_medium=RSS&at_campaign=rss
2025-12-01 22:24:27,329 - INFO - [BBC] Attempt 1/1: Trying with 'requests_browser' strategy...
2025-12-01 22:24:27,385 - INFO - Duplicate article skipped: Australia news live: Minns flags new regulations halving ebike top speeds as rider dies in Sydney collision | Australia news | The Guardian from The Guardian
2025-12-01 22:24:27,401 - INFO - Duplicate article skipped: BJP demands audit of 1.25 crore entries made in SIR across three days in West Bengal - The Hindu from The Hindu
2025-12-01 22:24:27,499 - INFO - [BBC] Success with 'requests_browser'. Found content (713 words).
2025-12-01 22:24:27,746 - INFO - Duplicate article skipped: Hong Kong fire: Death toll rises to 146 as thousands pay their respects from BBC
2025-12-01 22:24:28,396 - INFO - [The Hindu] Article: https://www.thehindu.com/news/national/indian-armed-forces-to-procure-more-satellite-linked-heron-mk-ii-uavs-under-emergency-procurement/article70346863.ece
2025-12-01 22:24:28,396 - INFO - [The Hindu] Attempt 1/1: Trying with 'selenium_browser' strategy...
2025-12-01 22:24:28,425 - INFO - [The Guardian] Article: https://www.theguardian.com/australia-news/2025/dec/02/scathing-jobs-for-mates-review-finds-appointments-to-government-boards-routinely-abused
2025-12-01 22:24:28,425 - INFO - [The Guardian] Attempt 1/1: Trying with 'requests_browser' strategy...
2025-12-01 22:24:28,782 - INFO - [The Guardian] Success with 'requests_browser'. Found content (704 words).
2025-12-01 22:24:28,935 - INFO - Duplicate article skipped: Scathing ‘jobs for mates’ review finds appointments to government boards routinely abused | Australian politics | The Guardian from The Guardian
2025-12-01 22:24:29,129 - INFO - [BBC] Article: https://www.bbc.com/news/articles/cp9ky5z2gx0o?at_medium=RSS&at_campaign=rss
2025-12-01 22:24:29,129 - INFO - [BBC] Attempt 1/1: Trying with 'requests_browser' strategy...
2025-12-01 22:24:29,288 - INFO - [BBC] Success with 'requests_browser'. Found content (508 words).
2025-12-01 22:24:29,452 - INFO - Duplicate article skipped: Ukraine hits tankers in Black Sea in escalation against Russia from BBC
2025-12-01 22:24:30,109 - INFO - [BBC] Article: https://www.bbc.com/news/articles/cvg81p61dnmo?at_medium=RSS&at_campaign=rss
2025-12-01 22:24:30,109 - INFO - [BBC] Attempt 1/1: Trying with 'requests_browser' strategy...
2025-12-01 22:24:30,156 - INFO - [The Guardian] Article: https://www.theguardian.com/australia-news/2025/dec/01/victoria-may-ban-unnecessary-surgery-intersex-children
2025-12-01 22:24:30,156 - INFO - [The Guardian] Attempt 1/1: Trying with 'requests_browser' strategy...
2025-12-01 22:24:30,204 - INFO - [BBC] Success with 'requests_browser'. Found content (583 words).
2025-12-01 22:24:30,300 - INFO - Duplicate article skipped: Three children among four killed in Stockton, California, shooting from BBC
2025-12-01 22:24:30,310 - INFO - [The Guardian] Success with 'requests_browser'. Found content (661 words).
2025-12-01 22:24:30,843 - INFO - Duplicate article skipped: Victoria could become first Australian state to ban unnecessary surgery on intersex children | Victorian politics | The Guardian from The Guardian
2025-12-01 22:24:31,263 - INFO - [The Hindu] Page content loaded.
2025-12-01 22:24:31,367 - INFO - [The Guardian] Article: https://www.theguardian.com/environment/2025/dec/01/south-australia-oyster-shell-donation-reef-restoration
2025-12-01 22:24:31,367 - INFO - [The Guardian] Attempt 1/1: Trying with 'requests_browser' strategy...
2025-12-01 22:24:31,438 - INFO - [The Guardian] Success with 'requests_browser'. Found content (713 words).
2025-12-01 22:24:31,525 - INFO - Duplicate article skipped: Get shucking: South Australians urged to eat oysters and donate shells for reef restoration project | Marine life | The Guardian from The Guardian
2025-12-01 22:24:31,674 - INFO - [The Hindu] Success with 'selenium_browser'. Found content (392 words).
2025-12-01 22:24:31,810 - INFO - Duplicate article skipped: Indian armed forces to procure more satellite-linked Heron Mk II UAVs under emergency procurement - The Hindu from The Hindu
2025-12-01 22:24:32,299 - INFO - [The Guardian] Article: https://www.theguardian.com/australia-news/2025/dec/01/instagram-age-verification-u16-social-media-ban-australia-moustache
2025-12-01 22:24:32,300 - INFO - [The Guardian] Attempt 1/1: Trying with 'requests_browser' strategy...
2025-12-01 22:24:32,412 - INFO - [The Guardian] Success with 'requests_browser'. Found content (623 words).
2025-12-01 22:24:32,660 - INFO - Duplicate article skipped: Instagram’s age-verification identified a moustachioed adult as over 16 – but how did it go with a 13-year-old? | Social media ban | The Guardian from The Guardian
2025-12-01 22:24:33,312 - INFO - [The Hindu] Article: https://www.thehindu.com/opinion/op-ed/the-aiadmk-is-on-a-weak-footing/article70345464.ece
2025-12-01 22:24:33,313 - INFO - [The Hindu] Attempt 1/1: Trying with 'selenium_browser' strategy...
2025-12-01 22:24:34,860 - INFO - [The Hindu] Page content loaded.
2025-12-01 22:24:35,141 - INFO - [The Hindu] Success with 'selenium_browser'. Found content (740 words).
2025-12-01 22:24:35,254 - INFO - Duplicate article skipped: The AIADMK is on a weak footing - The Hindu from The Hindu
2025-12-01 22:24:36,276 - INFO - [The Hindu] Article: https://www.thehindu.com/news/national/madhya-pradesh/plea-in-indore-court-seeks-fir-against-ias-santosh-verma-over-controversial-remarks/article70346369.ece
2025-12-01 22:24:36,276 - INFO - [The Hindu] Attempt 1/1: Trying with 'selenium_browser' strategy...
2025-12-01 22:24:37,300 - INFO - [The Hindu] Page content loaded.
2025-12-01 22:24:37,395 - INFO - [The Hindu] Success with 'selenium_browser'. Found content (314 words).
2025-12-01 22:24:37,564 - INFO - Duplicate article skipped: Plea in Indore court seeks FIR against IAS Santosh Verma over controversial remarks - The Hindu from The Hindu
2025-12-01 22:24:38,203 - INFO - [The Hindu] Article: https://www.thehindu.com/news/national/haryana/manesar-violence-terminated-maruti-workers-petition-for-reinstatement-junked/article70347036.ece
2025-12-01 22:24:38,203 - INFO - [The Hindu] Attempt 1/1: Trying with 'selenium_browser' strategy...
2025-12-01 22:24:41,325 - INFO - [The Hindu] Page content loaded.
2025-12-01 22:24:41,461 - INFO - [The Hindu] Success with 'selenium_browser'. Found content (383 words).
2025-12-01 22:24:41,540 - INFO - Duplicate article skipped: Manesar violence: terminated Maruti worker’s petition for reinstatement junked - The Hindu from The Hindu
2025-12-01 22:24:42,843 - INFO - [The Hindu] Article: https://www.thehindu.com/news/national/karnataka/no-compromise-on-pourakarmika-rights-says-safai-karmachari-commission-chief/article70346157.ece
2025-12-01 22:24:42,843 - INFO - [The Hindu] Attempt 1/1: Trying with 'selenium_browser' strategy...
2025-12-01 22:24:44,691 - INFO - [The Hindu] Page content loaded.
2025-12-01 22:24:44,809 - INFO - [The Hindu] Success with 'selenium_browser'. Found content (134 words).
2025-12-01 22:24:44,872 - INFO - Duplicate article skipped: No compromise on pourakarmika rights, says Safai Karmachari Commission Chief - The Hindu from The Hindu
2025-12-01 22:24:45,810 - INFO - [The Hindu] Article: https://www.thehindu.com/news/national/karnataka/clear-e-khata-applications-quickly-gba-chief-tells-officials/article70346105.ece
2025-12-01 22:24:45,810 - INFO - [The Hindu] Attempt 1/1: Trying with 'selenium_browser' strategy...
2025-12-01 22:24:46,532 - INFO - [The Hindu] Page content loaded.
2025-12-01 22:24:46,571 - INFO - [The Hindu] Success with 'selenium_browser'. Found content (241 words).
2025-12-01 22:24:46,641 - INFO - Duplicate article skipped: Clear e-Khata applications quickly, GBA Chief tells officials - The Hindu from The Hindu
2025-12-01 22:24:47,545 - INFO - [The Hindu] Article: https://www.thehindu.com/news/national/karnataka/former-mla-and-congress-leader-rv-devaraj-passes-away/article70347016.ece
2025-12-01 22:24:47,545 - INFO - [The Hindu] Attempt 1/1: Trying with 'selenium_browser' strategy...
2025-12-01 22:24:48,140 - INFO - [The Hindu] Page content loaded.
2025-12-01 22:24:48,178 - INFO - [The Hindu] Success with 'selenium_browser'. Found content (97 words).
2025-12-01 22:24:48,235 - INFO - Duplicate article skipped: Former MLA and Congress leader R.V. Devaraj passes away - The Hindu from The Hindu
2025-12-01 22:24:49,510 - INFO - [The Hindu] Article: https://www.thehindu.com/news/national/west-bengal/abhishek-refutes-allegations-of-contesting-2026-assembly-polls-from-nandigram/article70346540.ece
2025-12-01 22:24:49,510 - INFO - [The Hindu] Attempt 1/1: Trying with 'selenium_browser' strategy...
2025-12-01 22:24:50,139 - INFO - [The Hindu] Page content loaded.
2025-12-01 22:24:50,179 - INFO - [The Hindu] Success with 'selenium_browser'. Found content (436 words).
2025-12-01 22:24:50,234 - INFO - Duplicate article skipped: Abhishek refutes allegations of contesting 2026 Assembly polls from Nandigram - The Hindu from The Hindu
2025-12-01 22:24:50,780 - INFO - [The Hindu] Article: https://www.thehindu.com/sci-tech/health/new-hiv-cases-highest-in-mizoram-fresh-infections-drop-nationally-by-48-from-2010-2024-report/article70345985.ece
2025-12-01 22:24:50,780 - INFO - [The Hindu] Attempt 1/1: Trying with 'selenium_browser' strategy...
2025-12-01 22:24:51,568 - INFO - [The Hindu] Page content loaded.
2025-12-01 22:24:51,615 - INFO - [The Hindu] Success with 'selenium_browser'. Found content (409 words).
2025-12-01 22:24:51,689 - INFO - Duplicate article skipped: New HIV cases highest in Mizoram; fresh infections drop nationally by 48% from 2010-2024: report - The Hindu from The Hindu
2025-12-01 22:24:52,817 - INFO - [The Hindu] Article: https://www.thehindu.com/news/cities/chennai/aavin-hikes-price-of-ghee-to-700-a-kg/article70346656.ece
2025-12-01 22:24:52,817 - INFO - [The Hindu] Attempt 1/1: Trying with 'selenium_browser' strategy...
2025-12-01 22:24:53,529 - INFO - [The Hindu] Page content loaded.
2025-12-01 22:24:53,566 - INFO - [The Hindu] Success with 'selenium_browser'. Found content (303 words).
2025-12-01 22:24:53,625 - INFO - Duplicate article skipped: Aavin hikes price of ghee to ₹700 a kg - The Hindu from The Hindu
2025-12-01 22:24:54,987 - INFO - [The Hindu] Article: https://www.thehindu.com/news/cities/chennai/ramadoss-led-pmks-protest-against-eci-put-off-due-to-rain/article70346705.ece
2025-12-01 22:24:54,987 - INFO - [The Hindu] Attempt 1/1: Trying with 'selenium_browser' strategy...
2025-12-01 22:24:56,277 - INFO - [The Hindu] Page content loaded.
2025-12-01 22:24:56,314 - INFO - [The Hindu] Success with 'selenium_browser'. Found content (163 words).
2025-12-01 22:24:56,384 - INFO - Duplicate article skipped: Ramadoss-led PMK’s protest against ECI put off due to rain - The Hindu from The Hindu
2025-12-01 22:24:57,579 - INFO - [The Hindu] Article: https://www.thehindu.com/news/national/karnataka/insect-in-restaurant-food-customer-files-counter-complaint/article70346904.ece
2025-12-01 22:24:57,579 - INFO - [The Hindu] Attempt 1/1: Trying with 'selenium_browser' strategy...
2025-12-01 22:24:58,155 - INFO - [The Hindu] Page content loaded.
2025-12-01 22:24:58,192 - INFO - [The Hindu] Success with 'selenium_browser'. Found content (208 words).
2025-12-01 22:24:58,235 - INFO - Duplicate article skipped: Insect in restaurant food: Customer files complaint after five months - The Hindu from The Hindu
2025-12-01 22:24:59,402 - INFO - [The Hindu] Article: https://www.thehindu.com/news/national/delhi-blast-probe-nia-searches-nine-locations-in-jammu-and-kashmir-uttar-pradesh/article70346712.ece
2025-12-01 22:24:59,402 - INFO - [The Hindu] Attempt 1/1: Trying with 'selenium_browser' strategy...
2025-12-01 22:25:00,184 - INFO - [The Hindu] Page content loaded.
2025-12-01 22:25:00,226 - INFO - [The Hindu] Success with 'selenium_browser'. Found content (201 words).
2025-12-01 22:25:00,291 - INFO - Duplicate article skipped: Delhi blast probe: NIA searches nine locations in Jammu and Kashmir, Uttar Pradesh - The Hindu from The Hindu
2025-12-01 22:25:01,779 - INFO - [The Hindu] Article: https://www.thehindu.com/news/national/tamil-nadu/congress-seat-sharing-team-to-hold-talks-with-stalin-on-december-3/article70346491.ece
2025-12-01 22:25:01,779 - INFO - [The Hindu] Attempt 1/1: Trying with 'selenium_browser' strategy...
2025-12-01 22:25:02,435 - INFO - [The Hindu] Page content loaded.
2025-12-01 22:25:02,473 - INFO - [The Hindu] Success with 'selenium_browser'. Found content (119 words).
2025-12-01 22:25:02,736 - INFO - Duplicate article skipped: Congress’ seat sharing team to hold talks with Stalin on December 3 - The Hindu from The Hindu
2025-12-01 22:25:03,570 - INFO - [The Hindu] Article: https://www.thehindu.com/news/national/kerala/finally-lottulodukku-and-gulgulmaal-win-something-albeit-on-a-cricket-turf/article70344818.ece
2025-12-01 22:25:03,570 - INFO - [The Hindu] Attempt 1/1: Trying with 'selenium_browser' strategy...
2025-12-01 22:25:04,516 - INFO - [The Hindu] Page content loaded.
2025-12-01 22:25:04,567 - INFO - [The Hindu] Success with 'selenium_browser'. Found content (401 words).
2025-12-01 22:25:04,617 - INFO - Duplicate article skipped: Finally Lottulodukku and Gulgulmaal win something, albeit on a cricket turf - The Hindu from The Hindu
2025-12-01 22:25:05,495 - INFO - [The Hindu] Article: https://www.thehindu.com/news/national/kerala/can-paravur-break-with-the-past-by-ending-political-deadlock/article70335076.ece
2025-12-01 22:25:05,496 - INFO - [The Hindu] Attempt 1/1: Trying with 'selenium_browser' strategy...
2025-12-01 22:25:06,681 - INFO - [The Hindu] Page content loaded.
2025-12-01 22:25:07,020 - INFO - [The Hindu] Success with 'selenium_browser'. Found content (412 words).
2025-12-01 22:25:07,117 - INFO - Duplicate article skipped: Can Paravur break with the past by ending political deadlock? - The Hindu from The Hindu
2025-12-01 22:25:08,152 - INFO - [The Hindu] Article: https://www.thehindu.com/news/national/modi-promises-all-possible-support-for-ailing-khaleda-zia/article70346786.ece
2025-12-01 22:25:08,152 - INFO - [The Hindu] Attempt 1/1: Trying with 'selenium_browser' strategy...
2025-12-01 22:25:08,842 - INFO - [The Hindu] Page content loaded.
2025-12-01 22:25:08,903 - INFO - [The Hindu] Success with 'selenium_browser'. Found content (382 words).
2025-12-01 22:25:08,975 - INFO - Duplicate article skipped: Modi promises ‘all possible support’ for ailing Khaleda Zia - The Hindu from The Hindu
2025-12-01 22:25:09,639 - INFO - [The Hindu] Article: https://www.thehindu.com/news/national/tamil-nadu/baashyaam-group-completes-landmark-1212-crore-land-purchase-in-nungambakkam/article70346288.ece
2025-12-01 22:25:09,639 - INFO - [The Hindu] Attempt 1/1: Trying with 'selenium_browser' strategy...
2025-12-01 22:25:10,720 - INFO - [The Hindu] Page content loaded.
2025-12-01 22:25:10,790 - INFO - [The Hindu] Success with 'selenium_browser'. Found content (171 words).
2025-12-01 22:25:10,854 - INFO - Duplicate article skipped: Baashyaam Group completes landmark ₹1,212-crore land purchase in Nungambakkam - The Hindu from The Hindu
2025-12-01 22:25:11,411 - INFO - [The Hindu] Article: https://www.thehindu.com/news/national/andhra-pradesh/lokesh-anitha-in-delhi-for-talks-on-cyclone-impact-and-pending-issues/article70346624.ece
2025-12-01 22:25:11,411 - INFO - [The Hindu] Attempt 1/1: Trying with 'selenium_browser' strategy...
2025-12-01 22:25:12,457 - INFO - [The Hindu] Page content loaded.
2025-12-01 22:25:12,498 - INFO - [The Hindu] Success with 'selenium_browser'. Found content (103 words).
2025-12-01 22:25:12,571 - INFO - Duplicate article skipped: Lokesh, Anitha in Delhi for talks on cyclone impact and pending issues - The Hindu from The Hindu
2025-12-01 22:25:13,620 - INFO - [The Hindu] (Thread) Finished. Attempting to shut down its Selenium driver.
2025-12-01 22:25:13,735 - INFO - [The Hindu] (Thread) driver.quit() successful.
2025-12-01 22:26:17,945 - ERROR - [Times of India] Request failed for strategy 'selenium_browser' on URL https://timesofindia.indiatimes.com/world/us-streamers/gambling-streamer-subo-assaulted-live-on-stream-by-mma-fighter-shovkhal-churchaev/articleshow/125704173.cms: HTTPConnectionPool(host='localhost', port=56923): Read timed out. (read timeout=120)
2025-12-01 22:26:17,946 - ERROR - [Times of India] All scrape strategies failed for https://timesofindia.indiatimes.com/world/us-streamers/gambling-streamer-subo-assaulted-live-on-stream-by-mma-fighter-shovkhal-churchaev/articleshow/125704173.cms. Falling back to RSS description.
2025-12-01 22:26:17,947 - INFO - Duplicate article skipped: Streamer Subo assaulted live on stream by MMA fighter Shovkhal Churchaev from Times of India
2025-12-01 22:26:19,402 - INFO - [Times of India] Article: https://timesofindia.indiatimes.com/world/us/excellent-overall-health-white-house-releases-donald-trumps-mri-exam-amid-speculations/articleshow/125703794.cms
2025-12-01 22:26:19,402 - INFO - [Times of India] Attempt 1/1: Trying with 'selenium_browser' strategy...
2025-12-01 22:28:19,469 - ERROR - [Times of India] Request failed for strategy 'selenium_browser' on URL https://timesofindia.indiatimes.com/world/us/excellent-overall-health-white-house-releases-donald-trumps-mri-exam-amid-speculations/articleshow/125703794.cms: HTTPConnectionPool(host='localhost', port=56923): Read timed out. (read timeout=120)
2025-12-01 22:28:19,469 - ERROR - [Times of India] All scrape strategies failed for https://timesofindia.indiatimes.com/world/us/excellent-overall-health-white-house-releases-donald-trumps-mri-exam-amid-speculations/articleshow/125703794.cms. Falling back to RSS description.
2025-12-01 22:28:19,470 - INFO - Duplicate article skipped: 'Excellent overall health': White House releases Donald Trump's MRI exam amid speculations from Times of India
2025-12-01 22:28:20,718 - INFO - [Times of India] Article: https://timesofindia.indiatimes.com/world/us/how-exactly-is-shivon-zilis-indian/articleshow/125703381.cms
2025-12-01 22:28:20,718 - INFO - [Times of India] Attempt 1/1: Trying with 'selenium_browser' strategy...
2025-12-01 22:29:08,058 - CRITICAL - --- TIMEOUT: 1 scrape jobs did not complete in 300s. ---
2025-12-01 22:29:08,058 - ERROR - A thread has timed out and will be abandoned.
2025-12-01 22:29:08,058 - INFO - Shutting down thread pool (wait=False)...
2025-12-01 22:29:08,058 - INFO - Scraped: 0 The Hindu, 0 The Guardian, 0 BBC, 1 Timed_Out_Jobs articles. (Total saved: 0)
2025-12-01 22:29:08,058 - INFO - --- Scraping job finished ---
2025-12-01 22:29:08,058 - INFO - --- Scraper service stopped and database connection closed. ---
2025-12-01 22:29:08,058 - INFO - --- Main thread finished. Forcing process exit to kill zombie threads. ---
