2025-12-04 15:50:14,822 - INFO - Loading AI Semantic Model (all-MiniLM-L6-v2)...
2025-12-04 15:50:14,822 - INFO - Use pytorch device_name: cpu
2025-12-04 15:50:14,822 - INFO - Load pretrained SentenceTransformer: all-MiniLM-L6-v2
2025-12-04 15:50:15,898 - INFO - AI Model loaded successfully.
2025-12-04 15:50:15,898 - INFO - Initializing database connection at: news_articles.db
2025-12-04 15:50:15,899 - INFO - --- Scraper service started (CI Mode: Run Once) ---
2025-12-04 15:50:15,899 - INFO - --- Starting new scraping job (Parallel Mode) ---
2025-12-04 15:50:15,899 - INFO - Creating new robust session with 3 retries on 5xx/connection/read errors.
2025-12-04 15:50:15,899 - INFO - Proxy is DISABLED.
2025-12-04 15:50:15,899 - INFO - Starting scrape for BBC RSS feed: http://feeds.bbci.co.uk/news/world/rss.xml
2025-12-04 15:50:15,900 - INFO - [Times of India] (Thread) requires Selenium. Initializing driver...
2025-12-04 15:50:15,901 - INFO - Initializing headless Selenium Chrome driver (using SeleniumManager)...
2025-12-04 15:50:15,901 - INFO - Starting scrape for The Guardian RSS feed: https://www.theguardian.com/world/rss
2025-12-04 15:50:15,903 - INFO - [The Hindu] (Thread) requires Selenium. Initializing driver...
2025-12-04 15:50:15,903 - INFO - Initializing headless Selenium Chrome driver (using SeleniumManager)...
2025-12-04 15:50:15,903 - INFO - Submitted 4 jobs to thread pool. Waiting up to 300s for completion...
2025-12-04 15:50:16,055 - INFO - Found 45 articles in The Guardian RSS feed. Processing up to 20.
2025-12-04 15:50:16,056 - INFO - [The Guardian] Article: https://www.theguardian.com/world/2025/dec/04/us-eu-critical-minerals-project-drc-report-lobito-corridor
2025-12-04 15:50:16,056 - INFO - [The Guardian] Attempt 1/1: Trying with 'requests_browser' strategy...
2025-12-04 15:50:16,094 - INFO - [The Guardian] Success with 'requests_browser'. Found content (765 words).
2025-12-04 15:50:16,128 - INFO - Duplicate article skipped: US and EU critical minerals project could displace thousands in DR Congo – report | Democratic Republic of the Congo | The Guardian from The Guardian
2025-12-04 15:50:16,303 - INFO - Found 40 articles in BBC RSS feed. Processing up to 20.
2025-12-04 15:50:16,304 - INFO - [BBC] Article: https://www.bbc.com/news/articles/cj4q2vpggr9o?at_medium=RSS&at_campaign=rss
2025-12-04 15:50:16,304 - INFO - [BBC] Attempt 1/1: Trying with 'requests_browser' strategy...
2025-12-04 15:50:16,588 - INFO - [BBC] Success with 'requests_browser'. Found content (1436 words).
2025-12-04 15:50:16,625 - INFO - Duplicate article skipped: India-Russia: Why Putin and Modi are meeting in Delhi from BBC
2025-12-04 15:50:17,438 - INFO - [The Guardian] Article: https://www.theguardian.com/global-development/2025/dec/04/aid-cuts-africa-uganda-stops-refugee-status-eritreans-somalis-ethiopians
2025-12-04 15:50:17,438 - INFO - [The Guardian] Attempt 1/1: Trying with 'requests_browser' strategy...
2025-12-04 15:50:17,580 - INFO - [The Guardian] Success with 'requests_browser'. Found content (587 words).
2025-12-04 15:50:17,615 - INFO - Duplicate article skipped: Uganda stops granting refugee status for Eritreans, Somalis and Ethiopians | Global development | The Guardian from The Guardian
2025-12-04 15:50:17,738 - INFO - [BBC] Article: https://www.bbc.com/news/articles/c7731n5z6d3o?at_medium=RSS&at_campaign=rss
2025-12-04 15:50:17,738 - INFO - [BBC] Attempt 1/1: Trying with 'requests_browser' strategy...
2025-12-04 15:50:17,785 - INFO - [BBC] Success with 'requests_browser'. Found content (1048 words).
2025-12-04 15:50:17,866 - INFO - Duplicate article skipped: Ukraine and US negotiators to meet in Florida after Moscow talks, White House says from BBC
2025-12-04 15:50:18,607 - INFO - [The Guardian] Article: https://www.theguardian.com/artanddesign/2025/dec/04/ibrahim-mahama-ghana-tops-artreview-power-list
2025-12-04 15:50:18,608 - INFO - [The Guardian] Attempt 1/1: Trying with 'requests_browser' strategy...
2025-12-04 15:50:18,641 - INFO - [The Guardian] Success with 'requests_browser'. Found content (604 words).
2025-12-04 15:50:18,654 - INFO - [BBC] Article: https://www.bbc.com/news/articles/c4g5rrlve33o?at_medium=RSS&at_campaign=rss
2025-12-04 15:50:18,659 - INFO - [BBC] Attempt 1/1: Trying with 'requests_browser' strategy...
2025-12-04 15:50:18,677 - INFO - Duplicate article skipped: Ghana’s Ibrahim Mahama first African to top annual art power list | Art | The Guardian from The Guardian
2025-12-04 15:50:18,710 - INFO - [BBC] Success with 'requests_browser'. Found content (913 words).
2025-12-04 15:50:18,747 - INFO - Duplicate article skipped: Previously unseen images of Jeffrey Epstein's island released from BBC
2025-12-04 15:50:19,839 - INFO - [The Guardian] Article: https://www.theguardian.com/uk-news/2025/dec/03/british-troops-accused-of-human-rights-violations-environmental-destruction-and-sexual-abuse-in-kenya
2025-12-04 15:50:19,839 - INFO - [The Guardian] Attempt 1/1: Trying with 'requests_browser' strategy...
2025-12-04 15:50:19,877 - INFO - [The Guardian] Success with 'requests_browser'. Found content (772 words).
2025-12-04 15:50:20,062 - INFO - Duplicate article skipped: British troops accused of human rights violations and sexual abuse in Kenya | British army | The Guardian from The Guardian
2025-12-04 15:50:20,170 - INFO - [BBC] Article: https://www.bbc.com/news/articles/cp84y7jx2pzo?at_medium=RSS&at_campaign=rss
2025-12-04 15:50:20,170 - INFO - [BBC] Attempt 1/1: Trying with 'requests_browser' strategy...
2025-12-04 15:50:20,207 - INFO - [BBC] Success with 'requests_browser'. Found content (357 words).
2025-12-04 15:50:20,239 - INFO - Duplicate article skipped: South Korea: Government developing app showing real-time location of stalkers from BBC
2025-12-04 15:50:20,578 - INFO - [The Guardian] Article: https://www.theguardian.com/global-development/2025/dec/03/whistleblower-accuses-foreign-office-of-censoring-warning-of-sudan-genocide
2025-12-04 15:50:20,578 - INFO - [The Guardian] Attempt 1/1: Trying with 'requests_browser' strategy...
2025-12-04 15:50:20,620 - INFO - [The Guardian] Success with 'requests_browser'. Found content (1465 words).
2025-12-04 15:50:20,666 - INFO - Duplicate article skipped: Whistleblower accuses Foreign Office of ‘censoring’ warning of Sudan genocide | Global development | The Guardian from The Guardian
2025-12-04 15:50:21,477 - INFO - [BBC] Article: https://www.bbc.com/news/articles/cd6x2j4g3z7o?at_medium=RSS&at_campaign=rss
2025-12-04 15:50:21,477 - INFO - [BBC] Attempt 1/1: Trying with 'requests_browser' strategy...
2025-12-04 15:50:21,521 - INFO - [BBC] Success with 'requests_browser'. Found content (696 words).
2025-12-04 15:50:21,554 - INFO - Duplicate article skipped: Israel says Palestinian groups returned body of Thai hostage from BBC
2025-12-04 15:50:21,818 - INFO - [The Guardian] Article: https://www.theguardian.com/us-news/2025/dec/04/student-describes-horror-show-ice-deportation-to-honduras-at-thanksgiving
2025-12-04 15:50:21,818 - INFO - [The Guardian] Attempt 1/1: Trying with 'requests_browser' strategy...
2025-12-04 15:50:21,859 - INFO - [The Guardian] Success with 'requests_browser'. Found content (1023 words).
2025-12-04 15:50:21,903 - INFO - Duplicate article skipped: Student describes ‘horror show’ ICE deportation to Honduras at Thanksgiving | ICE (US Immigration and Customs Enforcement) | The Guardian from The Guardian
2025-12-04 15:50:22,757 - INFO - [BBC] Article: https://www.bbc.com/news/articles/cdxekqryn1jo?at_medium=RSS&at_campaign=rss
2025-12-04 15:50:22,757 - INFO - [BBC] Attempt 1/1: Trying with 'requests_browser' strategy...
2025-12-04 15:50:22,798 - INFO - [BBC] Success with 'requests_browser'. Found content (720 words).
2025-12-04 15:50:22,833 - INFO - Duplicate article skipped: Meta starts kicking Australian children off Instagram and Facebook from BBC
2025-12-04 15:50:23,207 - INFO - [The Guardian] Article: https://www.theguardian.com/us-news/2025/dec/04/venezuela-boat-strikes-legality-hegseth
2025-12-04 15:50:23,208 - INFO - [The Guardian] Attempt 1/1: Trying with 'requests_browser' strategy...
2025-12-04 15:50:23,244 - INFO - [The Guardian] Success with 'requests_browser'. Found content (1449 words).
2025-12-04 15:50:23,279 - INFO - Duplicate article skipped: Killing of survivors sparks outrage – but entire US ‘drug boat’ war is legally shaky | US military | The Guardian from The Guardian
2025-12-04 15:50:24,330 - INFO - [BBC] Article: https://www.bbc.com/news/articles/c5y9843engko?at_medium=RSS&at_campaign=rss
2025-12-04 15:50:24,330 - INFO - [BBC] Attempt 1/1: Trying with 'requests_browser' strategy...
2025-12-04 15:50:24,377 - INFO - [BBC] Success with 'requests_browser'. Found content (445 words).
2025-12-04 15:50:24,410 - INFO - Duplicate article skipped: Pritam Singh: Singapore court upholds opposition leader's conviction from BBC
2025-12-04 15:50:24,529 - INFO - [The Guardian] Article: https://www.theguardian.com/us-news/2025/dec/03/epstein-caribbean-island-new-photo-video-release
2025-12-04 15:50:24,529 - INFO - [The Guardian] Attempt 1/1: Trying with 'requests_browser' strategy...
2025-12-04 15:50:24,564 - INFO - [The Guardian] Success with 'requests_browser'. Found content (373 words).
2025-12-04 15:50:24,604 - INFO - Duplicate article skipped: House Democrats release new images of Epstein’s private Caribbean island | Jeffrey Epstein | The Guardian from The Guardian
2025-12-04 15:50:24,937 - INFO - [BBC] Article: https://www.bbc.com/news/articles/cjrjn88jqn4o?at_medium=RSS&at_campaign=rss
2025-12-04 15:50:24,937 - INFO - [BBC] Attempt 1/1: Trying with 'requests_browser' strategy...
2025-12-04 15:50:24,991 - INFO - [BBC] Success with 'requests_browser'. Found content (853 words).
2025-12-04 15:50:25,031 - INFO - Duplicate article skipped: Trump to host DR Congo's Félix Tshisekedi and Rwanda's Paul Kagame to sign peace deal from BBC
2025-12-04 15:50:25,493 - INFO - [The Guardian] Article: https://www.theguardian.com/world/2025/dec/03/colombia-trump-warning-military-threat
2025-12-04 15:50:25,493 - INFO - [The Guardian] Attempt 1/1: Trying with 'requests_browser' strategy...
2025-12-04 15:50:25,529 - INFO - [The Guardian] Success with 'requests_browser'. Found content (612 words).
2025-12-04 15:50:25,567 - INFO - Duplicate article skipped: Colombia’s president warns Trump: ‘Do not wake the jaguar’ with threats of military strikes | Colombia | The Guardian from The Guardian
2025-12-04 15:50:26,453 - INFO - [BBC] Article: https://www.bbc.com/news/articles/c8dy1613j2ro?at_medium=RSS&at_campaign=rss
2025-12-04 15:50:26,453 - INFO - [BBC] Attempt 1/1: Trying with 'requests_browser' strategy...
2025-12-04 15:50:26,508 - INFO - [BBC] Success with 'requests_browser'. Found content (877 words).
2025-12-04 15:50:26,544 - INFO - Duplicate article skipped: 'Not becoming of a president': Somali-Americans respond to Trump's 'garbage' remarks from BBC
2025-12-04 15:50:26,640 - INFO - [The Guardian] Article: https://www.theguardian.com/us-news/live/2025/dec/02/donald-trump-pete-hegseth-boat-venezuela-maduro-tennessee-us-politics-live-news-updates
2025-12-04 15:50:26,640 - INFO - [The Guardian] Attempt 1/1: Trying with 'requests_browser' strategy...
2025-12-04 15:50:27,096 - INFO - [BBC] Article: https://www.bbc.com/news/articles/cqjg7w8z7dvo?at_medium=RSS&at_campaign=rss
2025-12-04 15:50:27,096 - INFO - [BBC] Attempt 1/1: Trying with 'requests_browser' strategy...
2025-12-04 15:50:27,153 - INFO - [BBC] Success with 'requests_browser'. Found content (387 words).
2025-12-04 15:50:27,190 - INFO - Duplicate article skipped: Court sides with Adidas in appeal over Kanye West collaboration from BBC
2025-12-04 15:50:27,376 - INFO - [The Guardian] Success with 'requests_browser'. Found content (4155 words).
2025-12-04 15:50:27,462 - INFO - Duplicate article skipped: Pete Hegseth says he ‘didn’t stick around’ to watch second strike on alleged drug boat as Democrats slam administration over attacks – as it happened | Trump administration | The Guardian from The Guardian
2025-12-04 15:50:28,091 - INFO - [BBC] Article: https://www.bbc.com/news/articles/cm2054rdv52o?at_medium=RSS&at_campaign=rss
2025-12-04 15:50:28,091 - INFO - [BBC] Attempt 1/1: Trying with 'requests_browser' strategy...
2025-12-04 15:50:28,135 - INFO - [BBC] Success with 'requests_browser'. Found content (1064 words).
2025-12-04 15:50:28,170 - INFO - Duplicate article skipped: Hong Kong fire survivor: 'My heart breaks every time I'm called a hero' from BBC
2025-12-04 15:50:28,347 - INFO - [The Guardian] Article: https://www.theguardian.com/world/2025/dec/04/nauru-australia-offshore-processing-asylum-seekers-conditions-hunger-declining-health
2025-12-04 15:50:28,347 - INFO - [The Guardian] Attempt 1/1: Trying with 'requests_browser' strategy...
2025-12-04 15:50:28,388 - INFO - [The Guardian] Success with 'requests_browser'. Found content (883 words).
2025-12-04 15:50:28,435 - INFO - Duplicate article skipped: ‘Day by day I lose weight’: asylum seekers on Nauru get $115 a week, but a bag of grapes costs $20 | Nauru | The Guardian from The Guardian
2025-12-04 15:50:29,481 - INFO - [BBC] Article: https://www.bbc.com/news/articles/cnv21m0zpjmo?at_medium=RSS&at_campaign=rss
2025-12-04 15:50:29,481 - INFO - [BBC] Attempt 1/1: Trying with 'requests_browser' strategy...
2025-12-04 15:50:29,522 - INFO - [BBC] Success with 'requests_browser'. Found content (270 words).
2025-12-04 15:50:29,555 - INFO - Duplicate article skipped: Gaza: Five killed in Israeli air strikes on tents near Khan Younis, medics say from BBC
2025-12-04 15:50:29,722 - INFO - [The Guardian] Article: https://www.theguardian.com/world/2025/dec/04/thailand-scam-cyberscam-crackdown-arrests-south-east-asia
2025-12-04 15:50:29,722 - INFO - [The Guardian] Attempt 1/1: Trying with 'requests_browser' strategy...
2025-12-04 15:50:29,754 - INFO - [The Guardian] Success with 'requests_browser'. Found content (575 words).
2025-12-04 15:50:29,968 - INFO - Duplicate article skipped: Thailand seizes more than $300m in assets and issues 42 arrest warrants in cyberscam crackdown | Thailand | The Guardian from The Guardian
2025-12-04 15:50:30,071 - INFO - [BBC] Article: https://www.bbc.com/news/articles/cpwk7xen544o?at_medium=RSS&at_campaign=rss
2025-12-04 15:50:30,071 - INFO - [BBC] Attempt 1/1: Trying with 'requests_browser' strategy...
2025-12-04 15:50:30,110 - INFO - [BBC] Success with 'requests_browser'. Found content (668 words).
2025-12-04 15:50:30,160 - INFO - Duplicate article skipped: Israel says Rafah crossing to open soon to let Gazans leave via Egypt from BBC
2025-12-04 15:50:30,735 - INFO - [BBC] Article: https://www.bbc.com/news/articles/c2lvzrve5lqo?at_medium=RSS&at_campaign=rss
2025-12-04 15:50:30,735 - INFO - [BBC] Attempt 1/1: Trying with 'requests_browser' strategy...
2025-12-04 15:50:30,774 - INFO - [BBC] Success with 'requests_browser'. Found content (371 words).
2025-12-04 15:50:30,808 - INFO - Duplicate article skipped: Federica Mogherini: Former EU top diplomat accused in fraud investigation from BBC
2025-12-04 15:50:30,901 - INFO - [The Guardian] Article: https://www.theguardian.com/news/2025/dec/04/hong-kong-fire-death-toll-protective-netting-remove
2025-12-04 15:50:30,901 - INFO - [The Guardian] Attempt 1/1: Trying with 'requests_browser' strategy...
2025-12-04 15:50:30,936 - INFO - [The Guardian] Success with 'requests_browser'. Found content (689 words).
2025-12-04 15:50:30,971 - INFO - Duplicate article skipped: Hong Kong warns ‘external forces’ working to exploit apartment fire, as death toll rises to 159 | Hong Kong apartment fires | The Guardian from The Guardian
2025-12-04 15:50:31,411 - INFO - Selenium driver initialized successfully.
2025-12-04 15:50:31,411 - INFO - Starting scrape for The Hindu RSS feed: https://www.thehindu.com/news/national/feeder/default.rss
2025-12-04 15:50:31,412 - INFO - Selenium driver initialized successfully.
2025-12-04 15:50:31,412 - INFO - Starting scrape for Times of India RSS feed: https://timesofindia.indiatimes.com/rssfeeds/296589292.cms
2025-12-04 15:50:31,693 - INFO - Found 100 articles in The Hindu RSS feed. Processing up to 20.
2025-12-04 15:50:31,694 - INFO - [The Hindu] Article: https://www.thehindu.com/news/national/kerala/free-legal-help-through-whatsapp/article70358078.ece
2025-12-04 15:50:31,694 - INFO - [The Hindu] Attempt 1/1: Trying with 'selenium_browser' strategy...
2025-12-04 15:50:31,699 - INFO - Found 20 articles in Times of India RSS feed. Processing up to 20.
2025-12-04 15:50:31,699 - INFO - [Times of India] Article: https://timesofindia.indiatimes.com/world/us-streamers/just-got-this-house-inside-the-strange-burglary-that-hit-marlon-gracias-home-while-he-was-streaming-across-the-country/articleshow/125769186.cms
2025-12-04 15:50:31,699 - INFO - [Times of India] Attempt 1/1: Trying with 'selenium_browser' strategy...
2025-12-04 15:50:31,999 - INFO - [The Guardian] Article: https://www.theguardian.com/world/2025/dec/03/eu-strategy-raw-materials-rare-earths-supply-chain-resourceeu
2025-12-04 15:50:31,999 - INFO - [The Guardian] Attempt 1/1: Trying with 'requests_browser' strategy...
2025-12-04 15:50:32,148 - INFO - [BBC] Article: https://www.bbc.com/news/articles/cy8jnxxm70jo?at_medium=RSS&at_campaign=rss
2025-12-04 15:50:32,148 - INFO - [BBC] Attempt 1/1: Trying with 'requests_browser' strategy...
2025-12-04 15:50:32,187 - INFO - [BBC] Success with 'requests_browser'. Found content (247 words).
2025-12-04 15:50:32,220 - INFO - Duplicate article skipped: Drunk raccoon found passed out on liquor store floor after breaking in from BBC
2025-12-04 15:50:32,369 - INFO - [The Guardian] Success with 'requests_browser'. Found content (725 words).
2025-12-04 15:50:32,416 - INFO - Duplicate article skipped: EU looks at legally forcing industries to reduce purchases from China | Mining | The Guardian from The Guardian
2025-12-04 15:50:33,104 - INFO - [BBC] Article: https://www.bbc.com/news/articles/cvgq5dvygllo?at_medium=RSS&at_campaign=rss
2025-12-04 15:50:33,104 - INFO - [BBC] Attempt 1/1: Trying with 'requests_browser' strategy...
2025-12-04 15:50:33,167 - INFO - [BBC] Success with 'requests_browser'. Found content (1030 words).
2025-12-04 15:50:33,224 - INFO - Duplicate article skipped: Kenyan MPs accuse British soldiers from Batuk of sexual abuse in Laikipia from BBC
2025-12-04 15:50:33,436 - INFO - [The Guardian] Article: https://www.theguardian.com/business/2025/dec/03/hsbc-appoints-interim-chair-brendan-nelson-to-permanent-role
2025-12-04 15:50:33,436 - INFO - [The Guardian] Attempt 1/1: Trying with 'requests_browser' strategy...
2025-12-04 15:50:33,624 - INFO - [The Guardian] Success with 'requests_browser'. Found content (605 words).
2025-12-04 15:50:33,707 - INFO - Duplicate article skipped: HSBC appoints interim chair Brendan Nelson to permanent role | HSBC | The Guardian from The Guardian
2025-12-04 15:50:34,686 - INFO - [BBC] Article: https://www.bbc.com/news/articles/c1m8g5x1xmko?at_medium=RSS&at_campaign=rss
2025-12-04 15:50:34,686 - INFO - [BBC] Attempt 1/1: Trying with 'requests_browser' strategy...
2025-12-04 15:50:34,789 - INFO - [BBC] Success with 'requests_browser'. Found content (308 words).
2025-12-04 15:50:34,882 - INFO - Duplicate article skipped: Three French teens drown in freak car crash in swimming pool from BBC
2025-12-04 15:50:34,962 - INFO - [The Guardian] Article: https://www.theguardian.com/business/2025/dec/04/labor-urged-to-target-gas-exporters-and-bring-in-east-coast-reserve-right-now-as-it-weighs-schemes-design
2025-12-04 15:50:34,962 - INFO - [The Guardian] Attempt 1/1: Trying with 'requests_browser' strategy...
2025-12-04 15:50:35,097 - INFO - [The Guardian] Success with 'requests_browser'. Found content (766 words).
2025-12-04 15:50:35,220 - INFO - Duplicate article skipped: Labor urged to target gas exporters and bring in east coast reserve ‘right now’ as it weighs scheme’s design | Gas | The Guardian from The Guardian
2025-12-04 15:50:36,373 - INFO - [BBC] Article: https://www.bbc.com/news/articles/c62v9z7z1z2o?at_medium=RSS&at_campaign=rss
2025-12-04 15:50:36,373 - INFO - [BBC] Attempt 1/1: Trying with 'requests_browser' strategy...
2025-12-04 15:50:36,524 - INFO - [The Guardian] Article: https://www.theguardian.com/technology/2025/dec/04/hyperverse-bitcoin-rodney-us-court-australian-sam-lee-ntwnfb
2025-12-04 15:50:36,524 - INFO - [The Guardian] Attempt 1/1: Trying with 'requests_browser' strategy...
2025-12-04 15:50:36,656 - INFO - [The Guardian] Success with 'requests_browser'. Found content (850 words).
2025-12-04 15:50:37,013 - INFO - Duplicate article skipped: HyperVerse promoter ‘Bitcoin Rodney’ accuses Australian Sam Lee in US court of duping him with ‘elaborate deception’ | HyperVerse | The Guardian from The Guardian
2025-12-04 15:50:37,019 - INFO - [BBC] Success with 'requests_browser'. Found content (485 words).
2025-12-04 15:50:37,111 - INFO - Duplicate article skipped: Henry Cuellar: Trump says he is pardoning Democratic congressman in bribery case from BBC
2025-12-04 15:50:37,702 - INFO - [BBC] Article: https://www.bbc.com/news/articles/c62lv79p0pdo?at_medium=RSS&at_campaign=rss
2025-12-04 15:50:37,702 - INFO - [BBC] Attempt 1/1: Trying with 'requests_browser' strategy...
2025-12-04 15:50:38,101 - INFO - [BBC] Success with 'requests_browser'. Found content (482 words).
2025-12-04 15:50:38,115 - INFO - [The Hindu] Page content loaded.
2025-12-04 15:50:38,216 - INFO - Duplicate article skipped: Hong Kong orders removal of scaffolding mesh after deadly blaze from BBC
2025-12-04 15:50:38,498 - INFO - [The Guardian] Article: https://www.theguardian.com/australia-news/2025/dec/04/tasmanian-parliament-finally-approves-113bn-hobart-stadium-plan
2025-12-04 15:50:38,498 - INFO - [The Guardian] Attempt 1/1: Trying with 'requests_browser' strategy...
2025-12-04 15:50:38,556 - INFO - [The Hindu] Success with 'selenium_browser'. Found content (103 words).
2025-12-04 15:50:38,669 - INFO - [The Guardian] Success with 'requests_browser'. Found content (538 words).
2025-12-04 15:50:38,964 - INFO - [BBC] Article: https://www.bbc.com/news/articles/c8dy1613j2ro?at_medium=RSS&at_campaign=rss
2025-12-04 15:50:38,964 - INFO - [BBC] Attempt 1/1: Trying with 'requests_browser' strategy...
2025-12-04 15:50:39,206 - INFO - [BBC] Success with 'requests_browser'. Found content (877 words).
2025-12-04 15:51:03,643 - INFO - Saved article: Free legal help through WhatsApp - The Hindu from The Hindu
2025-12-04 15:51:03,643 - INFO - Duplicate article skipped: Tasmanian parliament finally approves $1.13bn Hobart stadium plan | Tasmania | The Guardian from The Guardian
2025-12-04 15:51:03,643 - INFO - Duplicate article skipped: 'Not becoming of a president': Somali-Americans respond to Trump's 'garbage' remarks from BBC
2025-12-04 15:51:04,207 - INFO - [The Hindu] Article: https://www.thehindu.com/news/national/telangana/chinna-reddy-urges-farmers-to-adopt-organic-farming/article70358547.ece
2025-12-04 15:51:04,207 - INFO - [The Hindu] Attempt 1/1: Trying with 'selenium_browser' strategy...
2025-12-04 15:51:04,927 - INFO - [The Guardian] Article: https://www.theguardian.com/australia-news/2025/dec/04/ndis-participants-will-have-no-external-avenue-to-appeal-funding-amounts-under-new-system-senate-estimates-told
2025-12-04 15:51:04,927 - INFO - [The Guardian] Attempt 1/1: Trying with 'requests_browser' strategy...
2025-12-04 15:51:05,116 - INFO - [The Guardian] Success with 'requests_browser'. Found content (674 words).
2025-12-04 15:51:05,394 - INFO - Duplicate article skipped: Most NDIS participants will lose external avenue to appeal funding amounts under new system, Senate estimates told | National disability insurance scheme | The Guardian from The Guardian
2025-12-04 15:51:06,303 - INFO - [The Guardian] Article: https://www.theguardian.com/australia-news/live/2025/dec/04/australia-news-live-senate-estimates-national-fiscal-outlook-labor-coalition-cost-of-living-victoria-public-service-cuts-ntwnfb
2025-12-04 15:51:06,303 - INFO - [The Guardian] Attempt 1/1: Trying with 'requests_browser' strategy...
2025-12-04 15:51:06,601 - INFO - [The Guardian] Success with 'requests_browser'. Found content (2715 words).
2025-12-04 15:51:06,734 - INFO - Duplicate article skipped: Marles says Labor ‘working through’ Trump administration’s Aukus review – as it happened | Australia news | The Guardian from The Guardian
2025-12-04 15:51:38,304 - INFO - [The Hindu] Page content loaded.
2025-12-04 15:51:38,532 - INFO - [The Hindu] Success with 'selenium_browser'. Found content (212 words).
2025-12-04 15:51:52,560 - INFO - Saved article: Chinna Reddy urges farmers to adopt organic farming - The Hindu from The Hindu
2025-12-04 15:51:53,681 - INFO - [The Hindu] Article: https://www.thehindu.com/news/national/kerala/christmas-new-year-festival-special-trains-announced/article70358427.ece
2025-12-04 15:51:53,681 - INFO - [The Hindu] Attempt 1/1: Trying with 'selenium_browser' strategy...
2025-12-04 15:51:54,422 - INFO - [The Hindu] Page content loaded.
2025-12-04 15:51:54,464 - INFO - [The Hindu] Success with 'selenium_browser'. Found content (385 words).
2025-12-04 15:52:08,398 - INFO - Saved article: Christmas-New Year festival special trains announced - The Hindu from The Hindu
2025-12-04 15:52:09,555 - INFO - [The Hindu] Article: https://www.thehindu.com/news/national/karnataka/karnataka-allows-poultry-feed-producers-to-procure-maize-directly-from-farmers/article70357862.ece
2025-12-04 15:52:09,555 - INFO - [The Hindu] Attempt 1/1: Trying with 'selenium_browser' strategy...
2025-12-04 15:52:10,637 - INFO - [The Hindu] Page content loaded.
2025-12-04 15:52:10,682 - INFO - [The Hindu] Success with 'selenium_browser'. Found content (164 words).
2025-12-04 15:52:23,643 - INFO - Saved article: Karnataka allows poultry feed producers to procure maize directly from farmers - The Hindu from The Hindu
2025-12-04 15:52:24,488 - INFO - [The Hindu] Article: https://www.thehindu.com/news/national/neet-has-commercialised-education-congress-mp/article70357936.ece
2025-12-04 15:52:24,488 - INFO - [The Hindu] Attempt 1/1: Trying with 'selenium_browser' strategy...
2025-12-04 15:52:25,497 - INFO - [The Hindu] Page content loaded.
2025-12-04 15:52:25,580 - INFO - [The Hindu] Success with 'selenium_browser'. Found content (291 words).
2025-12-04 15:52:31,767 - ERROR - [Times of India] Request failed for strategy 'selenium_browser' on URL https://timesofindia.indiatimes.com/world/us-streamers/just-got-this-house-inside-the-strange-burglary-that-hit-marlon-gracias-home-while-he-was-streaming-across-the-country/articleshow/125769186.cms: HTTPConnectionPool(host='localhost', port=58591): Read timed out. (read timeout=120)
2025-12-04 15:52:31,767 - ERROR - [Times of India] All scrape strategies failed for https://timesofindia.indiatimes.com/world/us-streamers/just-got-this-house-inside-the-strange-burglary-that-hit-marlon-gracias-home-while-he-was-streaming-across-the-country/articleshow/125769186.cms. Falling back to RSS description.
2025-12-04 15:52:38,327 - INFO - Saved article: NEET has commercialised education: Congress MP - The Hindu from The Hindu
2025-12-04 15:52:39,625 - INFO - [The Hindu] Article: https://www.thehindu.com/news/cities/Hyderabad/niti-aayogs-quantum-tech-roadmap-telangana-quantum-strategy-unveiled/article70358584.ece
2025-12-04 15:52:39,625 - INFO - [The Hindu] Attempt 1/1: Trying with 'selenium_browser' strategy...
2025-12-04 15:52:40,978 - INFO - [The Hindu] Page content loaded.
2025-12-04 15:52:41,042 - INFO - [The Hindu] Success with 'selenium_browser'. Found content (530 words).
2025-12-04 15:52:51,756 - INFO - Saved article: “Just got this house”: Inside the strange burglary that hit Marlon Gracia’s home while he was streaming across the country from Times of India
2025-12-04 15:52:52,780 - INFO - [Times of India] Article: https://timesofindia.indiatimes.com/world/us/netanyahu-responds-to-zohran-mamdanis-threat-to-arrest-him-in-new-york-wait-and-see/articleshow/125769180.cms
2025-12-04 15:52:52,780 - INFO - [Times of India] Attempt 1/1: Trying with 'selenium_browser' strategy...
2025-12-04 15:53:03,751 - INFO - Saved article: NITI Aayog’s Quantum tech roadmap, Telangana Quantum Strategy unveiled - The Hindu from The Hindu
2025-12-04 15:53:05,159 - INFO - [The Hindu] Article: https://www.thehindu.com/news/national/andhra-pradesh/crda-gives-nod-for-lps-2-construction-of-lok-bhavan-in-amaravati/article70358419.ece
2025-12-04 15:53:05,159 - INFO - [The Hindu] Attempt 1/1: Trying with 'selenium_browser' strategy...
2025-12-04 15:53:06,135 - INFO - [The Hindu] Page content loaded.
2025-12-04 15:53:06,177 - INFO - [The Hindu] Success with 'selenium_browser'. Found content (374 words).
2025-12-04 15:53:19,066 - INFO - Saved article: CRDA gives nod for LPS-2, construction of Lok Bhavan in Amaravati - The Hindu from The Hindu
2025-12-04 15:53:19,964 - INFO - [The Hindu] Article: https://www.thehindu.com/news/national/480-crore-cases-pending-in-lower-courts-across-india-law-minister-tells-rajya-sabha/article70357978.ece
2025-12-04 15:53:19,964 - INFO - [The Hindu] Attempt 1/1: Trying with 'selenium_browser' strategy...
2025-12-04 15:53:20,998 - INFO - [The Hindu] Page content loaded.
2025-12-04 15:53:21,083 - INFO - [The Hindu] Success with 'selenium_browser'. Found content (303 words).
2025-12-04 15:53:33,872 - INFO - Saved article: 4.80 crore cases pending in lower courts across India, Law Minister tells Rajya Sabha - The Hindu from The Hindu
2025-12-04 15:53:34,517 - INFO - [The Hindu] Article: https://www.thehindu.com/news/national/karnataka/chief-minister-assures-women-employees-of-declaring-september-13-as-women-employees-day/article70357676.ece
2025-12-04 15:53:34,517 - INFO - [The Hindu] Attempt 1/1: Trying with 'selenium_browser' strategy...
2025-12-04 15:53:35,545 - INFO - [The Hindu] Page content loaded.
2025-12-04 15:53:35,630 - INFO - [The Hindu] Success with 'selenium_browser'. Found content (293 words).
2025-12-04 15:53:48,520 - INFO - Saved article: Chief Minister assures women employees of declaring September 13 as ‘Women Employees’ Day’ - The Hindu from The Hindu
2025-12-04 15:53:49,121 - INFO - [The Hindu] Article: https://www.thehindu.com/news/national/kerala/10-flights-delayed-at-thiruvananthapuram-airport/article70358479.ece
2025-12-04 15:53:49,121 - INFO - [The Hindu] Attempt 1/1: Trying with 'selenium_browser' strategy...
2025-12-04 15:53:50,120 - INFO - [The Hindu] Page content loaded.
2025-12-04 15:53:50,163 - INFO - [The Hindu] Success with 'selenium_browser'. Found content (82 words).
2025-12-04 15:54:02,940 - INFO - DEDUPLICATION: Found match (Score: 0.75). Linking to Cluster ID: 2ff4ffe1-764c-44be-85c5-46d030151722
2025-12-04 15:54:02,941 - INFO - Saved article: 10 flights delayed at Thiruvananthapuram airport - The Hindu from The Hindu
2025-12-04 15:54:04,047 - INFO - [The Hindu] Article: https://www.thehindu.com/news/national/chhattisgarh//article70358211.ece
2025-12-04 15:54:04,047 - INFO - [The Hindu] Attempt 1/1: Trying with 'selenium_browser' strategy...
2025-12-04 15:54:04,624 - INFO - [The Hindu] Page content loaded.
2025-12-04 15:54:04,656 - WARNING - [The Hindu] FAILED with 'selenium_browser' (content was too short: 23 words).
2025-12-04 15:54:04,656 - ERROR - [The Hindu] All scrape strategies failed for https://www.thehindu.com/news/national/chhattisgarh//article70358211.ece. Falling back to RSS description.
2025-12-04 15:54:16,541 - INFO - Saved article: 18 Maoists killed in Bijapur anti-Naxal operation from The Hindu
2025-12-04 15:54:17,993 - INFO - [The Hindu] Article: https://www.thehindu.com/news/national/karnataka/cabinet-okays-bill-to-protect-people-from-social-boycott/article70358364.ece
2025-12-04 15:54:17,993 - INFO - [The Hindu] Attempt 1/1: Trying with 'selenium_browser' strategy...
2025-12-04 15:54:18,742 - INFO - [The Hindu] Page content loaded.
2025-12-04 15:54:19,007 - INFO - [The Hindu] Success with 'selenium_browser'. Found content (340 words).
2025-12-04 15:54:32,626 - INFO - Saved article: Cabinet okays Bill to protect people from social boycott - The Hindu from The Hindu
2025-12-04 15:54:34,023 - INFO - [The Hindu] Article: https://www.thehindu.com/news/national/andhra-pradesh/mp-krishnadevarayalu-raises-ap-tobacco-farmers-plight-in-parliament/article70354348.ece
2025-12-04 15:54:34,023 - INFO - [The Hindu] Attempt 1/1: Trying with 'selenium_browser' strategy...
2025-12-04 15:54:35,085 - INFO - [The Hindu] Page content loaded.
2025-12-04 15:54:35,162 - INFO - [The Hindu] Success with 'selenium_browser'. Found content (265 words).
2025-12-04 15:54:35,258 - INFO - Duplicate article skipped: MP Krishna Devarayalu raises A.P. tobacco farmers’ plight in Parliament - The Hindu from The Hindu
2025-12-04 15:54:36,425 - INFO - [The Hindu] Article: https://www.thehindu.com/news/national/supreme-court-to-review-clause-in-2025-order-that-contradicts-assam-accord/article70358409.ece
2025-12-04 15:54:36,425 - INFO - [The Hindu] Attempt 1/1: Trying with 'selenium_browser' strategy...
2025-12-04 15:54:37,524 - INFO - [The Hindu] Page content loaded.
2025-12-04 15:54:37,597 - INFO - [The Hindu] Success with 'selenium_browser'. Found content (394 words).
2025-12-04 15:54:38,014 - INFO - Duplicate article skipped: Supreme Court to review clause in 2025 Order that contradicts Assam Accord - The Hindu from The Hindu
2025-12-04 15:54:39,059 - INFO - [The Hindu] Article: https://www.thehindu.com/news/national/tamil-nadu/renewal-of-lease-of-spinal-rehabilitation-centre-is-under-way-tiruvannamalai-gh-dean/article70357469.ece
2025-12-04 15:54:39,060 - INFO - [The Hindu] Attempt 1/1: Trying with 'selenium_browser' strategy...
2025-12-04 15:54:39,883 - INFO - [The Hindu] Page content loaded.
2025-12-04 15:54:39,928 - INFO - [The Hindu] Success with 'selenium_browser'. Found content (567 words).
2025-12-04 15:54:39,978 - INFO - Duplicate article skipped: Renewal of lease of spinal rehabilitation centre is under way: Tiruvannamalai GH dean - The Hindu from The Hindu
2025-12-04 15:54:41,340 - INFO - [The Hindu] Article: https://www.thehindu.com/news/national/telangana/ghmc-budget-proposals-to-include-the-expanded-area/article70358037.ece
2025-12-04 15:54:41,340 - INFO - [The Hindu] Attempt 1/1: Trying with 'selenium_browser' strategy...
2025-12-04 15:54:42,119 - INFO - [The Hindu] Page content loaded.
2025-12-04 15:54:42,162 - INFO - [The Hindu] Success with 'selenium_browser'. Found content (287 words).
2025-12-04 15:54:42,220 - INFO - Duplicate article skipped: GHMC budget proposals to include the expanded area - The Hindu from The Hindu
2025-12-04 15:54:43,290 - INFO - [The Hindu] Article: https://www.thehindu.com/news/national/tamil-nadu/deputy-cm-to-inaugurate-new-eco-park-in-tiruvannamalai/article70357902.ece
2025-12-04 15:54:43,290 - INFO - [The Hindu] Attempt 1/1: Trying with 'selenium_browser' strategy...
2025-12-04 15:54:44,457 - INFO - [The Hindu] Page content loaded.
2025-12-04 15:54:44,562 - INFO - [The Hindu] Success with 'selenium_browser'. Found content (365 words).
2025-12-04 15:54:44,653 - INFO - Duplicate article skipped: Deputy CM to inaugurate new eco park in Tiruvannamalai - The Hindu from The Hindu
2025-12-04 15:54:45,451 - INFO - [The Hindu] Article: https://www.thehindu.com/news/national/andhra-pradesh/13th-sipb-meet-clears-investments-worth-20444-crore-in-ap/article70358067.ece
2025-12-04 15:54:45,451 - INFO - [The Hindu] Attempt 1/1: Trying with 'selenium_browser' strategy...
2025-12-04 15:54:46,309 - INFO - [The Hindu] Page content loaded.
2025-12-04 15:54:46,367 - INFO - [The Hindu] Success with 'selenium_browser'. Found content (395 words).
2025-12-04 15:54:46,452 - INFO - Duplicate article skipped: 13th SIPB meet clears investments worth ₹20,444 crore in A.P. - The Hindu from The Hindu
2025-12-04 15:54:47,656 - INFO - [The Hindu] Article: https://www.thehindu.com/news/national/telangana/global-summit-is-pr-stunt-to-whitewash-govt-failures-bjp/article70358433.ece
2025-12-04 15:54:47,656 - INFO - [The Hindu] Attempt 1/1: Trying with 'selenium_browser' strategy...
2025-12-04 15:54:48,486 - INFO - [The Hindu] Page content loaded.
2025-12-04 15:54:48,528 - INFO - [The Hindu] Success with 'selenium_browser'. Found content (337 words).
2025-12-04 15:54:48,594 - INFO - Duplicate article skipped: Global summit is PR stunt to whitewash govt. failures: BJP - The Hindu from The Hindu
2025-12-04 15:54:49,233 - INFO - [The Hindu] Article: https://www.thehindu.com/news/national/andhra-pradesh/goddess-lakshmi-temples-witnessed-heavy-rush-on-third-thursday-of-margasiram/article70357687.ece
2025-12-04 15:54:49,233 - INFO - [The Hindu] Attempt 1/1: Trying with 'selenium_browser' strategy...
2025-12-04 15:54:50,094 - INFO - [The Hindu] Page content loaded.
2025-12-04 15:54:50,210 - INFO - [The Hindu] Success with 'selenium_browser'. Found content (118 words).
2025-12-04 15:54:50,312 - INFO - Duplicate article skipped: Goddess Lakshmi temples witness heavy rush on third Thursday of Margasiram - The Hindu from The Hindu
2025-12-04 15:54:51,212 - INFO - [The Hindu] (Thread) Finished. Attempting to shut down its Selenium driver.
2025-12-04 15:54:51,394 - INFO - [The Hindu] (Thread) driver.quit() successful.
2025-12-04 15:54:52,795 - ERROR - [Times of India] Request failed for strategy 'selenium_browser' on URL https://timesofindia.indiatimes.com/world/us/netanyahu-responds-to-zohran-mamdanis-threat-to-arrest-him-in-new-york-wait-and-see/articleshow/125769180.cms: HTTPConnectionPool(host='localhost', port=58591): Read timed out. (read timeout=120)
2025-12-04 15:54:52,795 - ERROR - [Times of India] All scrape strategies failed for https://timesofindia.indiatimes.com/world/us/netanyahu-responds-to-zohran-mamdanis-threat-to-arrest-him-in-new-york-wait-and-see/articleshow/125769180.cms. Falling back to RSS description.
2025-12-04 15:55:04,713 - INFO - Saved article: Netanyahu responds to Zohran Mamdani’s threat to arrest him in New York: ‘Wait and see…’ from Times of India
2025-12-04 15:55:05,631 - INFO - [Times of India] Article: https://timesofindia.indiatimes.com/world/europe/taught-to-destroy-japanese-militarists-ukraine-says-russia-abducted-sent-children-to-north-korea-rights-group-points-to-re-education-sites/articleshow/125768860.cms
2025-12-04 15:55:05,631 - INFO - [Times of India] Attempt 1/1: Trying with 'selenium_browser' strategy...
2025-12-04 15:55:15,903 - CRITICAL - --- TIMEOUT: 1 scrape jobs did not complete in 300s. ---
2025-12-04 15:55:15,904 - ERROR - A thread has timed out and will be abandoned.
2025-12-04 15:55:15,904 - INFO - Shutting down thread pool (wait=False)...
2025-12-04 15:55:15,904 - INFO - Scraped: 0 The Guardian, 12 The Hindu, 0 BBC, 1 Timed_Out_Jobs articles. (Total saved: 12)
2025-12-04 15:55:15,904 - INFO - --- Scraping job finished ---
2025-12-04 15:55:15,904 - INFO - --- Scraper service stopped and database connection closed. ---
2025-12-04 15:55:15,904 - INFO - --- Main thread finished. Forcing process exit to kill zombie threads. ---
