2025-12-02 13:41:10,012 - INFO - Loading AI Semantic Model (all-MiniLM-L6-v2)...
2025-12-02 13:41:10,012 - INFO - Use pytorch device_name: cpu
2025-12-02 13:41:10,012 - INFO - Load pretrained SentenceTransformer: all-MiniLM-L6-v2
2025-12-02 13:41:10,473 - INFO - AI Model loaded successfully.
2025-12-02 13:41:10,473 - INFO - Initializing database connection at: news_articles.db
2025-12-02 13:41:10,473 - INFO - --- Scraper service started (CI Mode: Run Once) ---
2025-12-02 13:41:10,473 - INFO - --- Starting new scraping job (Parallel Mode) ---
2025-12-02 13:41:10,473 - INFO - Creating new robust session with 3 retries on 5xx/connection/read errors.
2025-12-02 13:41:10,473 - INFO - Proxy is DISABLED.
2025-12-02 13:41:10,474 - INFO - Starting scrape for BBC RSS feed: http://feeds.bbci.co.uk/news/world/rss.xml
2025-12-02 13:41:10,475 - INFO - [Times of India] (Thread) requires Selenium. Initializing driver...
2025-12-02 13:41:10,475 - INFO - Initializing headless Selenium Chrome driver (using SeleniumManager)...
2025-12-02 13:41:10,475 - INFO - Starting scrape for The Guardian RSS feed: https://www.theguardian.com/world/rss
2025-12-02 13:41:10,477 - INFO - [The Hindu] (Thread) requires Selenium. Initializing driver...
2025-12-02 13:41:10,477 - INFO - Initializing headless Selenium Chrome driver (using SeleniumManager)...
2025-12-02 13:41:10,477 - INFO - Submitted 4 jobs to thread pool. Waiting up to 300s for completion...
2025-12-02 13:41:10,641 - INFO - Found 45 articles in The Guardian RSS feed. Processing up to 20.
2025-12-02 13:41:10,641 - INFO - [The Guardian] Article: https://www.theguardian.com/world/2025/dec/01/south-africans-court-alleged-recruitment-russia-war-ukraine
2025-12-02 13:41:10,641 - INFO - [The Guardian] Attempt 1/1: Trying with 'requests_browser' strategy...
2025-12-02 13:41:10,674 - INFO - [The Guardian] Success with 'requests_browser'. Found content (506 words).
2025-12-02 13:41:10,729 - INFO - Duplicate article skipped: Five South Africans in court over alleged recruitment for Russia’s war in Ukraine | South Africa | The Guardian from The Guardian
2025-12-02 13:41:10,796 - INFO - Found 45 articles in BBC RSS feed. Processing up to 20.
2025-12-02 13:41:10,796 - INFO - [BBC] Article: https://www.bbc.com/news/articles/ce8ng3yjenpo?at_medium=RSS&at_campaign=rss
2025-12-02 13:41:10,796 - INFO - [BBC] Attempt 1/1: Trying with 'requests_browser' strategy...
2025-12-02 13:41:11,110 - INFO - [BBC] Success with 'requests_browser'. Found content (840 words).
2025-12-02 13:41:11,145 - INFO - Duplicate article skipped: Putin and Trump envoy Steve Witkoff set for key Ukraine talks in Moscow from BBC
2025-12-02 13:41:11,308 - INFO - [The Guardian] Article: https://www.theguardian.com/global-development/2025/dec/01/global-health-hiv-aids-funding-cuts-infections-prevention
2025-12-02 13:41:11,308 - INFO - [The Guardian] Attempt 1/1: Trying with 'requests_browser' strategy...
2025-12-02 13:41:11,331 - INFO - [The Guardian] Success with 'requests_browser'. Found content (674 words).
2025-12-02 13:41:11,367 - INFO - Duplicate article skipped: Aid cuts have shaken HIV/Aids care to its core – and will mean millions more infections ahead | Global health | The Guardian from The Guardian
2025-12-02 13:41:11,702 - INFO - [BBC] Article: https://www.bbc.com/news/articles/c0r95q9kv1go?at_medium=RSS&at_campaign=rss
2025-12-02 13:41:11,702 - INFO - [BBC] Attempt 1/1: Trying with 'requests_browser' strategy...
2025-12-02 13:41:11,751 - INFO - [BBC] Success with 'requests_browser'. Found content (948 words).
2025-12-02 13:41:11,786 - INFO - Duplicate article skipped: US authorised second deadly Venezuela boat strike, White House says from BBC
2025-12-02 13:41:12,833 - INFO - [The Guardian] Article: https://www.theguardian.com/world/2025/nov/30/african-leaders-push-for-recognition-of-colonial-crimes-and-reparations
2025-12-02 13:41:12,833 - INFO - [The Guardian] Attempt 1/1: Trying with 'requests_browser' strategy...
2025-12-02 13:41:12,866 - INFO - [The Guardian] Success with 'requests_browser'. Found content (670 words).
2025-12-02 13:41:12,919 - INFO - Duplicate article skipped: African leaders push for recognition of colonial crimes and reparations | Colonialism | The Guardian from The Guardian
2025-12-02 13:41:12,983 - INFO - [BBC] Article: https://www.bbc.com/news/articles/cedxyvx74p4o?at_medium=RSS&at_campaign=rss
2025-12-02 13:41:12,983 - INFO - [BBC] Attempt 1/1: Trying with 'requests_browser' strategy...
2025-12-02 13:41:13,086 - INFO - [BBC] Success with 'requests_browser'. Found content (763 words).
2025-12-02 13:41:13,250 - INFO - Duplicate article skipped: Sanchar Saathi: India mandates state-owned cyber safety app on all smartphones from BBC
2025-12-02 13:41:14,207 - INFO - [BBC] Article: https://www.bbc.com/news/articles/cx2dgp8mvmno?at_medium=RSS&at_campaign=rss
2025-12-02 13:41:14,207 - INFO - [BBC] Attempt 1/1: Trying with 'requests_browser' strategy...
2025-12-02 13:41:14,264 - INFO - [BBC] Success with 'requests_browser'. Found content (872 words).
2025-12-02 13:41:14,302 - INFO - Duplicate article skipped: Honduras election: presidential candidates locked in 'technical tie', official says from BBC
2025-12-02 13:41:14,395 - INFO - [The Guardian] Article: https://www.theguardian.com/world/2025/nov/28/jacob-zuma-daughter-resigns-claims-south-africans-tricked-fight-russia
2025-12-02 13:41:14,395 - INFO - [The Guardian] Attempt 1/1: Trying with 'requests_browser' strategy...
2025-12-02 13:41:14,419 - INFO - [The Guardian] Success with 'requests_browser'. Found content (753 words).
2025-12-02 13:41:14,453 - INFO - Duplicate article skipped: Jacob Zuma’s daughter resigns amid claims South Africans tricked to fight for Russia | South Africa | The Guardian from The Guardian
2025-12-02 13:41:14,858 - INFO - [BBC] Article: https://www.bbc.com/news/articles/cjezwzw088jo?at_medium=RSS&at_campaign=rss
2025-12-02 13:41:14,858 - INFO - [BBC] Attempt 1/1: Trying with 'requests_browser' strategy...
2025-12-02 13:41:14,963 - INFO - [BBC] Success with 'requests_browser'. Found content (501 words).
2025-12-02 13:41:14,996 - INFO - Duplicate article skipped: Bulgaria ditches budget plan after tens of thousands join protests from BBC
2025-12-02 13:41:15,796 - INFO - [BBC] Article: https://www.bbc.com/news/articles/ce8ng18p7v3o?at_medium=RSS&at_campaign=rss
2025-12-02 13:41:15,796 - INFO - [BBC] Attempt 1/1: Trying with 'requests_browser' strategy...
2025-12-02 13:41:15,828 - INFO - [BBC] Success with 'requests_browser'. Found content (582 words).
2025-12-02 13:41:15,862 - INFO - Duplicate article skipped: Hong Kong leader orders investigation into deadly fire that killed 151 from BBC
2025-12-02 13:41:15,880 - INFO - [The Guardian] Article: https://www.theguardian.com/environment/2025/nov/28/africa-forests-transformed-carbon-sink-carbon-source-study
2025-12-02 13:41:15,880 - INFO - [The Guardian] Attempt 1/1: Trying with 'requests_browser' strategy...
2025-12-02 13:41:15,905 - INFO - [The Guardian] Success with 'requests_browser'. Found content (458 words).
2025-12-02 13:41:15,940 - INFO - Duplicate article skipped: Africa’s forests transformed from carbon sink to carbon source, study finds | Climate crisis | The Guardian from The Guardian
2025-12-02 13:41:17,098 - INFO - [BBC] Article: https://www.bbc.com/news/articles/cre3q9edqx8o?at_medium=RSS&at_campaign=rss
2025-12-02 13:41:17,098 - INFO - [BBC] Attempt 1/1: Trying with 'requests_browser' strategy...
2025-12-02 13:41:17,126 - INFO - [BBC] Success with 'requests_browser'. Found content (415 words).
2025-12-02 13:41:17,158 - INFO - Duplicate article skipped: Pavarotti statue frozen knee-deep in ice rink strikes wrong note in Italy from BBC
2025-12-02 13:41:17,357 - INFO - [The Guardian] Article: https://www.theguardian.com/world/2025/dec/02/el-chapo-son-plea-deal-el-mayo-zambada
2025-12-02 13:41:17,357 - INFO - [The Guardian] Attempt 1/1: Trying with 'requests_browser' strategy...
2025-12-02 13:41:17,378 - INFO - [The Guardian] Success with 'requests_browser'. Found content (635 words).
2025-12-02 13:41:18,619 - INFO - [BBC] Article: https://www.bbc.com/news/articles/c33mz477p4po?at_medium=RSS&at_campaign=rss
2025-12-02 13:41:18,620 - INFO - [BBC] Attempt 1/1: Trying with 'requests_browser' strategy...
2025-12-02 13:41:18,693 - INFO - [BBC] Success with 'requests_browser'. Found content (882 words).
2025-12-02 13:41:19,241 - INFO - Selenium driver initialized successfully.
2025-12-02 13:41:19,241 - INFO - Starting scrape for The Hindu RSS feed: https://www.thehindu.com/news/national/feeder/default.rss
2025-12-02 13:41:19,243 - INFO - Selenium driver initialized successfully.
2025-12-02 13:41:19,243 - INFO - Starting scrape for Times of India RSS feed: https://timesofindia.indiatimes.com/rssfeeds/296589292.cms
2025-12-02 13:41:19,343 - INFO - Found 20 articles in Times of India RSS feed. Processing up to 20.
2025-12-02 13:41:19,343 - INFO - [Times of India] Article: https://timesofindia.indiatimes.com/world/us/dubai-is-the-only-place-indians-respect-the-law-andrew-tate-draws-flak-for-targeted-comment-on-social-media/articleshow/125718926.cms
2025-12-02 13:41:19,343 - INFO - [Times of India] Attempt 1/1: Trying with 'selenium_browser' strategy...
2025-12-02 13:41:19,390 - INFO - Found 100 articles in The Hindu RSS feed. Processing up to 20.
2025-12-02 13:41:19,390 - INFO - [The Hindu] Article: https://www.thehindu.com/news/national/kerala/education-turning-into-a-breeding-ground-for-hyper-nationalism/article70349582.ece
2025-12-02 13:41:19,390 - INFO - [The Hindu] Attempt 1/1: Trying with 'selenium_browser' strategy...
2025-12-02 13:41:27,449 - INFO - [The Hindu] Page content loaded.
2025-12-02 13:41:27,970 - INFO - [The Hindu] Success with 'selenium_browser'. Found content (409 words).
2025-12-02 13:41:47,837 - INFO - DEDUPLICATION: Found match (Score: 0.86). Linking to Cluster ID: 15dc1dfb-52de-4650-a0ab-5d85dba40725
2025-12-02 13:41:47,841 - INFO - Saved article: Plea deal for drug kingpin El Chapo’s son details abduction of cartel boss | Drugs trade | The Guardian from The Guardian
2025-12-02 13:41:47,841 - INFO - Duplicate article skipped: Luigi Mangione in court as lawyers seek to rule out notebook, gun and other key evidence from BBC
2025-12-02 13:41:48,746 - INFO - [BBC] Article: https://www.bbc.com/news/articles/cewjg272dq9o?at_medium=RSS&at_campaign=rss
2025-12-02 13:41:48,747 - INFO - [BBC] Attempt 1/1: Trying with 'requests_browser' strategy...
2025-12-02 13:41:48,864 - INFO - [The Guardian] Article: https://www.theguardian.com/us-news/live/2025/dec/02/donald-trump-pete-hegseth-boat-venezuela-maduro-tennessee-us-politics-live-news-updates
2025-12-02 13:41:48,864 - INFO - [The Guardian] Attempt 1/1: Trying with 'requests_browser' strategy...
2025-12-02 13:41:48,867 - INFO - [BBC] Success with 'requests_browser'. Found content (582 words).
2025-12-02 13:41:49,228 - INFO - [The Guardian] Success with 'requests_browser'. Found content (1987 words).
2025-12-02 13:41:59,817 - INFO - Saved article: ‘Education turning into a breeding ground for hyper-nationalism’ - The Hindu from The Hindu
2025-12-02 13:41:59,817 - INFO - Duplicate article skipped: Alina Habba: Appeals court disqualifies ex-Trump lawyer as New Jersey prosecutor from BBC
2025-12-02 13:41:59,817 - INFO - Duplicate article skipped: White House distances Hegseth from second strike on alleged drug boat – US politics live | Pete Hegseth | The Guardian from The Guardian
2025-12-02 13:42:00,342 - INFO - [BBC] Article: https://www.bbc.com/news/articles/c4g4enlp6kzo?at_medium=RSS&at_campaign=rss
2025-12-02 13:42:00,342 - INFO - [BBC] Attempt 1/1: Trying with 'requests_browser' strategy...
2025-12-02 13:42:00,449 - INFO - [BBC] Success with 'requests_browser'. Found content (908 words).
2025-12-02 13:42:00,488 - INFO - Duplicate article skipped: Indonesia floods death toll passes 600 from BBC
2025-12-02 13:42:00,678 - INFO - [The Hindu] Article: https://www.thehindu.com/news/national/kerala/thrissur-emerges-as-overall-champions-at-state-special-school-arts-festival/article70349278.ece
2025-12-02 13:42:00,678 - INFO - [The Hindu] Attempt 1/1: Trying with 'selenium_browser' strategy...
2025-12-02 13:42:01,216 - INFO - [The Guardian] Article: https://www.theguardian.com/world/2025/dec/02/trump-nicolas-maduro-venezuela
2025-12-02 13:42:01,216 - INFO - [The Guardian] Attempt 1/1: Trying with 'requests_browser' strategy...
2025-12-02 13:42:01,289 - INFO - [The Guardian] Success with 'requests_browser'. Found content (946 words).
2025-12-02 13:42:01,418 - INFO - Duplicate article skipped: Trump’s full-throttle threats suggest no backing down from aims to topple Maduro’s regime | Venezuela | The Guardian from The Guardian
2025-12-02 13:42:01,787 - INFO - [BBC] Article: https://www.bbc.com/news/articles/ckg9204y4w5o?at_medium=RSS&at_campaign=rss
2025-12-02 13:42:01,787 - INFO - [BBC] Attempt 1/1: Trying with 'requests_browser' strategy...
2025-12-02 13:42:01,892 - INFO - [BBC] Success with 'requests_browser'. Found content (682 words).
2025-12-02 13:42:02,014 - INFO - Duplicate article skipped: Anicet Ekane: Cameroon opposition firebrand dies in detention aged 74 from BBC
2025-12-02 13:42:02,373 - INFO - [The Guardian] Article: https://www.theguardian.com/us-news/2025/dec/02/us-venezuela-crisis-trinidad-tobago
2025-12-02 13:42:02,373 - INFO - [The Guardian] Attempt 1/1: Trying with 'requests_browser' strategy...
2025-12-02 13:42:02,400 - INFO - [The Guardian] Success with 'requests_browser'. Found content (673 words).
2025-12-02 13:42:02,447 - INFO - Duplicate article skipped: Radar revelation stokes fears Caribbean could be drawn into US-Venezuela crisis | Trump administration | The Guardian from The Guardian
2025-12-02 13:42:02,614 - INFO - [BBC] Article: https://www.bbc.com/news/articles/czrk7g50e1po?at_medium=RSS&at_campaign=rss
2025-12-02 13:42:02,614 - INFO - [BBC] Attempt 1/1: Trying with 'requests_browser' strategy...
2025-12-02 13:42:02,734 - INFO - [BBC] Success with 'requests_browser'. Found content (1693 words).
2025-12-02 13:42:03,020 - INFO - Duplicate article skipped: WW1 toxic compound sprayed on Georgian protesters, BBC evidence suggests from BBC
2025-12-02 13:42:03,232 - INFO - [The Guardian] Article: https://www.theguardian.com/us-news/live/2025/dec/01/donald-trump-pete-hegseth-caribbean-boats-venezuela-immigration-us-politics-latest-news-updates
2025-12-02 13:42:03,232 - INFO - [The Guardian] Attempt 1/1: Trying with 'requests_browser' strategy...
2025-12-02 13:42:03,404 - INFO - [The Guardian] Success with 'requests_browser'. Found content (3148 words).
2025-12-02 13:42:03,479 - INFO - Duplicate article skipped: Trump discusses Venezuela with advisers as Hegseth distances himself from second strike on suspected drug boat –as it happened | Trump administration | The Guardian from The Guardian
2025-12-02 13:42:03,912 - INFO - [BBC] Article: https://www.bbc.com/news/articles/ckgz28zyp8vo?at_medium=RSS&at_campaign=rss
2025-12-02 13:42:03,913 - INFO - [BBC] Attempt 1/1: Trying with 'requests_browser' strategy...
2025-12-02 13:42:03,986 - INFO - [BBC] Success with 'requests_browser'. Found content (378 words).
2025-12-02 13:42:04,048 - INFO - Duplicate article skipped: Joaquín Guzmán López: Drug lord El Chapo's son pleads guilty in US drug trafficking case from BBC
2025-12-02 13:42:04,626 - INFO - [The Guardian] Article: https://www.theguardian.com/news/2025/dec/02/hong-kong-fire-response-contrast-mainland-china
2025-12-02 13:42:04,627 - INFO - [The Guardian] Attempt 1/1: Trying with 'requests_browser' strategy...
2025-12-02 13:42:04,659 - INFO - [The Guardian] Success with 'requests_browser'. Found content (799 words).
2025-12-02 13:42:04,698 - INFO - Duplicate article skipped: Hong Kong responds to disaster differently from Beijing – but the gulf is narrowing | Hong Kong apartment fires | The Guardian from The Guardian
2025-12-02 13:42:05,075 - INFO - [BBC] Article: https://www.bbc.com/news/articles/cz0n1rm95yxo?at_medium=RSS&at_campaign=rss
2025-12-02 13:42:05,075 - INFO - [BBC] Attempt 1/1: Trying with 'requests_browser' strategy...
2025-12-02 13:42:05,307 - INFO - [The Guardian] Article: https://www.theguardian.com/world/2025/dec/02/new-zealand-man-charged-allegedly-swallowing-faberge-james-bond-pendant
2025-12-02 13:42:05,307 - INFO - [The Guardian] Attempt 1/1: Trying with 'requests_browser' strategy...
2025-12-02 13:42:05,332 - INFO - [The Guardian] Success with 'requests_browser'. Found content (241 words).
2025-12-02 13:42:05,369 - INFO - Duplicate article skipped: Man charged with theft after allegedly swallowing Fabergé pendant in jewellery store | New Zealand | The Guardian from The Guardian
2025-12-02 13:42:05,379 - INFO - [BBC] Success with 'requests_browser'. Found content (254 words).
2025-12-02 13:42:05,418 - INFO - Duplicate article skipped: Peru landslide: 12 killed after two boats hit in Amazon rainforest from BBC
2025-12-02 13:42:06,224 - INFO - [BBC] Article: https://www.bbc.com/news/articles/c79x8285n29o?at_medium=RSS&at_campaign=rss
2025-12-02 13:42:06,224 - INFO - [BBC] Attempt 1/1: Trying with 'requests_browser' strategy...
2025-12-02 13:42:06,250 - INFO - [The Hindu] Page content loaded.
2025-12-02 13:42:06,296 - INFO - [BBC] Success with 'requests_browser'. Found content (439 words).
2025-12-02 13:42:06,395 - INFO - Duplicate article skipped: Nigeria's kidnap crisis: Pastor abducted in Kogi state and a bride in Sokoto from BBC
2025-12-02 13:42:06,454 - INFO - [The Hindu] Success with 'selenium_browser'. Found content (177 words).
2025-12-02 13:42:06,507 - INFO - [The Guardian] Article: https://www.theguardian.com/world/2025/dec/02/japan-pm-sanae-takaichi-work-win-catchphrase-of-year
2025-12-02 13:42:06,507 - INFO - [The Guardian] Attempt 1/1: Trying with 'requests_browser' strategy...
2025-12-02 13:42:06,614 - INFO - [The Guardian] Success with 'requests_browser'. Found content (510 words).
2025-12-02 13:42:07,298 - INFO - [BBC] Article: https://www.bbc.com/news/articles/c7vmn61l75ro?at_medium=RSS&at_campaign=rss
2025-12-02 13:42:07,298 - INFO - [BBC] Attempt 1/1: Trying with 'requests_browser' strategy...
2025-12-02 13:42:07,421 - INFO - [BBC] Success with 'requests_browser'. Found content (413 words).
2025-12-02 13:42:18,877 - INFO - Saved article: Thrissur emerges as overall champions at State Special School Arts Festival - The Hindu from The Hindu
2025-12-02 13:42:18,879 - INFO - Duplicate article skipped: Japan PM’s pledge to ‘work, work, work, work, and work’ wins catchphrase of year | Sanae Takaichi | The Guardian from The Guardian
2025-12-02 13:42:18,880 - INFO - Duplicate article skipped: Trump releases fraudster executive days into prison sentence from BBC
2025-12-02 13:42:19,805 - INFO - [The Hindu] Article: https://www.thehindu.com/news/national/andhra-pradesh/school-bus-gutted-after-clash-between-driver-cleaner-in-prakasam-district/article70349285.ece
2025-12-02 13:42:19,805 - INFO - [The Hindu] Attempt 1/1: Trying with 'selenium_browser' strategy...
2025-12-02 13:42:20,012 - INFO - [BBC] Article: https://www.bbc.com/news/articles/c5yd91y2250o?at_medium=RSS&at_campaign=rss
2025-12-02 13:42:20,013 - INFO - [BBC] Attempt 1/1: Trying with 'requests_browser' strategy...
2025-12-02 13:42:20,132 - INFO - [BBC] Success with 'requests_browser'. Found content (806 words).
2025-12-02 13:42:20,189 - INFO - Duplicate article skipped: Nonkululeko Mantula: South African radio presenter among five charged over Russia recruitment plot from BBC
2025-12-02 13:42:20,344 - INFO - [The Guardian] Article: https://www.theguardian.com/world/2025/dec/01/asia-flood-sri-lanka-indonesia-deploy-military
2025-12-02 13:42:20,345 - INFO - [The Guardian] Attempt 1/1: Trying with 'requests_browser' strategy...
2025-12-02 13:42:20,384 - INFO - [The Guardian] Success with 'requests_browser'. Found content (759 words).
2025-12-02 13:42:20,483 - INFO - Duplicate article skipped: Sri Lanka and Indonesia deploy militaries as Asia floods death toll passes 1,100 | Asia Pacific | The Guardian from The Guardian
2025-12-02 13:42:21,197 - INFO - [The Guardian] Article: https://www.theguardian.com/world/live/2025/dec/01/death-toll-floods-indonesia-sri-lanka-malaysia-thailand-latest-updates-news-live
2025-12-02 13:42:21,197 - INFO - [The Guardian] Attempt 1/1: Trying with 'requests_browser' strategy...
2025-12-02 13:42:21,471 - INFO - [The Guardian] Success with 'requests_browser'. Found content (1015 words).
2025-12-02 13:42:21,550 - INFO - Duplicate article skipped: Death toll passes 1,100 in devastating floods across Indonesia, Sri Lanka, Malaysia and Thailand – as it happened | South and central Asia | The Guardian from The Guardian
2025-12-02 13:42:21,613 - INFO - [BBC] Article: https://www.bbc.com/news/articles/cj38xm5nmd7o?at_medium=RSS&at_campaign=rss
2025-12-02 13:42:21,613 - INFO - [BBC] Attempt 1/1: Trying with 'requests_browser' strategy...
2025-12-02 13:42:21,834 - INFO - [BBC] Success with 'requests_browser'. Found content (1138 words).
2025-12-02 13:42:21,906 - INFO - Duplicate article skipped: Tulip Siddiq MP says Bangladesh jail sentence is 'deeply unfair' from BBC
2025-12-02 13:42:22,230 - INFO - [The Hindu] Page content loaded.
2025-12-02 13:42:22,315 - INFO - [The Hindu] Success with 'selenium_browser'. Found content (194 words).
2025-12-02 13:42:22,472 - INFO - [The Guardian] Article: https://www.theguardian.com/australia-news/2025/dec/02/sea-world-helicopter-crash-pilot-seen-taking-cocaine-the-night-before-inquest-told
2025-12-02 13:42:22,473 - INFO - [The Guardian] Attempt 1/1: Trying with 'requests_browser' strategy...
2025-12-02 13:42:22,548 - INFO - [The Guardian] Success with 'requests_browser'. Found content (759 words).
2025-12-02 13:42:23,245 - INFO - [BBC] Article: https://www.bbc.com/news/articles/cj01q6p7ndlo?at_medium=RSS&at_campaign=rss
2025-12-02 13:42:23,245 - INFO - [BBC] Attempt 1/1: Trying with 'requests_browser' strategy...
2025-12-02 13:42:23,289 - INFO - [BBC] Success with 'requests_browser'. Found content (409 words).
2025-12-02 13:42:34,427 - INFO - Saved article: School bus gutted after ‘clash’ between driver, cleaner in Prakasam district - The Hindu from The Hindu
2025-12-02 13:42:34,427 - INFO - Duplicate article skipped: Sea World helicopter pilot ‘had a breakdown and took cocaine’ before crash, inquest told | Queensland | The Guardian from The Guardian
2025-12-02 13:42:34,427 - INFO - Duplicate article skipped: South Korea police say 120,000 home cameras hacked for 'sexploitation' footage from BBC
2025-12-02 13:42:35,088 - INFO - [BBC] Article: https://www.bbc.com/news/articles/c997n2zlegzo?at_medium=RSS&at_campaign=rss
2025-12-02 13:42:35,088 - INFO - [BBC] Attempt 1/1: Trying with 'requests_browser' strategy...
2025-12-02 13:42:35,249 - INFO - [The Hindu] Article: https://www.thehindu.com/news/national/andhra-pradesh/rti-reveals-former-andhra-pradesh-cm-jagan-mohan-reddy-spent-22285-crore-on-air-travel/article70349235.ece
2025-12-02 13:42:35,249 - INFO - [The Hindu] Attempt 1/1: Trying with 'selenium_browser' strategy...
2025-12-02 13:42:35,306 - INFO - [BBC] Success with 'requests_browser'. Found content (653 words).
2025-12-02 13:42:35,639 - INFO - Duplicate article skipped: One Piece: Japanese singer Maki Otsuki stopped mid-show after China row from BBC
2025-12-02 13:42:35,773 - INFO - [The Guardian] Article: https://www.theguardian.com/business/2025/dec/02/gina-rinehart-helipad-company-headquarters-perth-council-vote-ntwnfb
2025-12-02 13:42:35,773 - INFO - [The Guardian] Attempt 1/1: Trying with 'requests_browser' strategy...
2025-12-02 13:42:35,807 - INFO - [The Guardian] Success with 'requests_browser'. Found content (582 words).
2025-12-02 13:42:35,849 - INFO - Duplicate article skipped: Bid by Gina Rinehart’s company to build helipad set to be blocked by City of Perth | Gina Rinehart | The Guardian from The Guardian
2025-12-02 13:42:35,973 - INFO - [The Hindu] Page content loaded.
2025-12-02 13:42:36,227 - INFO - [The Hindu] Success with 'selenium_browser'. Found content (304 words).
2025-12-02 13:42:37,159 - INFO - [The Guardian] Article: https://www.theguardian.com/australia-news/2025/dec/02/australian-children-moving-to-new-social-app-lemon8-but-owner-expected-to-restrict-users-to-over-16s
2025-12-02 13:42:37,160 - INFO - [The Guardian] Attempt 1/1: Trying with 'requests_browser' strategy...
2025-12-02 13:42:37,270 - INFO - [The Guardian] Success with 'requests_browser'. Found content (643 words).
2025-12-02 13:42:47,667 - INFO - Saved article: RTI reveals former Andhra Pradesh CM Jagan Mohan Reddy spent ₹222.85 crore on air travel - The Hindu from The Hindu
2025-12-02 13:42:47,667 - INFO - Duplicate article skipped: Australian children moving to new social app Lemon8 but owner expected to restrict users to over-16s | Social media ban | The Guardian from The Guardian
2025-12-02 13:42:48,491 - INFO - [The Hindu] Article: https://www.thehindu.com/news/national/andhra-pradesh/minister-inspects-vijayawada-rythu-bazaar-directs-officials-to-ensure-fair-pricing-and-better-sanitation/article70349421.ece
2025-12-02 13:42:48,491 - INFO - [The Hindu] Attempt 1/1: Trying with 'selenium_browser' strategy...
2025-12-02 13:42:48,764 - INFO - [The Guardian] Article: https://www.theguardian.com/australia-news/2025/dec/02/man-dies-bushfire-western-australian-farmer-ravensthorpe
2025-12-02 13:42:48,764 - INFO - [The Guardian] Attempt 1/1: Trying with 'requests_browser' strategy...
2025-12-02 13:42:48,798 - INFO - [The Guardian] Success with 'requests_browser'. Found content (255 words).
2025-12-02 13:42:48,892 - INFO - Duplicate article skipped: Western Australian farmer dies trying to protect property from fast-moving bushfire | Western Australia | The Guardian from The Guardian
2025-12-02 13:42:49,312 - INFO - [The Hindu] Page content loaded.
2025-12-02 13:42:49,514 - INFO - [The Hindu] Success with 'selenium_browser'. Found content (260 words).
2025-12-02 13:42:49,775 - INFO - [The Guardian] Article: https://www.theguardian.com/australia-news/2025/dec/02/problematic-precedent-expert-says-australia-could-be-next-as-uk-agrees-to-pay-25-more-for-new-us-medicines
2025-12-02 13:42:49,775 - INFO - [The Guardian] Attempt 1/1: Trying with 'requests_browser' strategy...
2025-12-02 13:42:49,853 - INFO - [The Guardian] Success with 'requests_browser'. Found content (684 words).
2025-12-02 13:43:01,764 - INFO - Saved article: Minister inspects Vijayawada Rythu Bazaar, directs officials to ensure fair pricing and better sanitation - The Hindu from The Hindu
2025-12-02 13:43:01,764 - INFO - Duplicate article skipped: ‘Problematic precedent’: expert says Australia could be next as UK agrees to pay 25% more for new US medicines | Health | The Guardian from The Guardian
2025-12-02 13:43:02,630 - INFO - [The Hindu] Article: https://www.thehindu.com/news/national/karnataka/bjp-to-stage-protest-against-govt-negligence-in-relief-disbursal/article70349366.ece
2025-12-02 13:43:02,630 - INFO - [The Hindu] Attempt 1/1: Trying with 'selenium_browser' strategy...
2025-12-02 13:43:06,389 - INFO - [The Hindu] Page content loaded.
2025-12-02 13:43:06,490 - INFO - [The Hindu] Success with 'selenium_browser'. Found content (154 words).
2025-12-02 13:43:17,863 - INFO - Saved article: BJP to stage protest against govt. negligence in relief disbursal - The Hindu from The Hindu
2025-12-02 13:43:19,286 - INFO - [The Hindu] Article: https://www.thehindu.com/news/national/andhra-pradesh/brahmotsavams-at-dokiparru-mahakshetram-commence-on-grand-scale/article70349342.ece
2025-12-02 13:43:19,286 - INFO - [The Hindu] Attempt 1/1: Trying with 'selenium_browser' strategy...
2025-12-02 13:43:19,444 - ERROR - [Times of India] Request failed for strategy 'selenium_browser' on URL https://timesofindia.indiatimes.com/world/us/dubai-is-the-only-place-indians-respect-the-law-andrew-tate-draws-flak-for-targeted-comment-on-social-media/articleshow/125718926.cms: HTTPConnectionPool(host='localhost', port=47257): Read timed out. (read timeout=120)
2025-12-02 13:43:19,445 - ERROR - [Times of India] All scrape strategies failed for https://timesofindia.indiatimes.com/world/us/dubai-is-the-only-place-indians-respect-the-law-andrew-tate-draws-flak-for-targeted-comment-on-social-media/articleshow/125718926.cms. Falling back to RSS description.
2025-12-02 13:43:20,140 - INFO - [The Hindu] Page content loaded.
2025-12-02 13:43:20,403 - INFO - [The Hindu] Success with 'selenium_browser'. Found content (290 words).
2025-12-02 13:43:31,318 - INFO - Saved article: ‘Dubai is the only place Indians respect the law’: Andrew Tate draws flak for targeted comment on social media from Times of India
2025-12-02 13:43:32,648 - INFO - [Times of India] Article: https://timesofindia.indiatimes.com/world/us/google-co-founder-sergey-brins-ex-wife-nicole-shanahan-claims-silicon-valley-tech-wives-were-used-to-fund-hidden-agendas/articleshow/125719824.cms
2025-12-02 13:43:32,648 - INFO - [Times of India] Attempt 1/1: Trying with 'selenium_browser' strategy...
2025-12-02 13:43:42,027 - INFO - Saved article: Brahmotsavams at Dokiparru Mahakshetram commence on grand scale - The Hindu from The Hindu
2025-12-02 13:43:43,119 - INFO - [The Hindu] Article: https://www.thehindu.com/news/cities/Hyderabad/cricket-stars-selfies-security-slips-punjab-vs-haryana-thriller-in-hyderabad-draws-10000-fans/article70349265.ece
2025-12-02 13:43:43,119 - INFO - [The Hindu] Attempt 1/1: Trying with 'selenium_browser' strategy...
2025-12-02 13:43:44,347 - INFO - [The Hindu] Page content loaded.
2025-12-02 13:43:44,423 - INFO - [The Hindu] Success with 'selenium_browser'. Found content (251 words).
2025-12-02 13:43:55,871 - INFO - Saved article: Cricket stars, selfies, security slips: Punjab vs Haryana thriller in Hyderabad draws 10,000 fans - The Hindu from The Hindu
2025-12-02 13:43:57,178 - INFO - [The Hindu] Article: https://www.thehindu.com/news/national/andhra-pradesh/experts-begin-exercise-to-prevent-mass-mortality-of-coconut-trees-in-konaseema/article70349314.ece
2025-12-02 13:43:57,178 - INFO - [The Hindu] Attempt 1/1: Trying with 'selenium_browser' strategy...
2025-12-02 13:43:57,955 - INFO - [The Hindu] Page content loaded.
2025-12-02 13:43:58,177 - INFO - [The Hindu] Success with 'selenium_browser'. Found content (208 words).
2025-12-02 13:44:10,225 - INFO - Saved article: Experts begin exercise to prevent mass mortality of coconut trees in Konaseema - The Hindu from The Hindu
2025-12-02 13:44:11,104 - INFO - [The Hindu] Article: https://www.thehindu.com/news/national/tamil-nadu/cm-chairs-review-meeting-on-progress-of-nalam-kaakkum-stalin-initiative/article70348514.ece
2025-12-02 13:44:11,104 - INFO - [The Hindu] Attempt 1/1: Trying with 'selenium_browser' strategy...
2025-12-02 13:44:17,688 - INFO - [The Hindu] Page content loaded.
2025-12-02 13:44:17,773 - INFO - [The Hindu] Success with 'selenium_browser'. Found content (226 words).
2025-12-02 13:44:29,053 - INFO - Saved article: CM chairs review meeting on progress of Nalam Kaakkum Stalin initiative - The Hindu from The Hindu
2025-12-02 13:44:30,539 - INFO - [The Hindu] Article: https://www.thehindu.com/news/national/karnataka/kkcci-welcomes-revised-vande-bharat-schedule/article70349454.ece
2025-12-02 13:44:30,540 - INFO - [The Hindu] Attempt 1/1: Trying with 'selenium_browser' strategy...
2025-12-02 13:44:32,944 - INFO - [The Hindu] Page content loaded.
2025-12-02 13:44:33,140 - INFO - [The Hindu] Success with 'selenium_browser'. Found content (426 words).
2025-12-02 13:44:44,704 - INFO - Saved article: KKCCI welcomes revised Vande Bharat schedule - The Hindu from The Hindu
2025-12-02 13:44:45,984 - INFO - [The Hindu] Article: https://www.thehindu.com/news/national/tamil-nadu/ahead-of-international-day-of-persons-with-disabilities-cm-calls-for-inclusive-society/article70348617.ece
2025-12-02 13:44:45,984 - INFO - [The Hindu] Attempt 1/1: Trying with 'selenium_browser' strategy...
2025-12-02 13:44:47,862 - INFO - [The Hindu] Page content loaded.
2025-12-02 13:44:47,938 - INFO - [The Hindu] Success with 'selenium_browser'. Found content (191 words).
2025-12-02 13:44:59,369 - INFO - Saved article: Ahead of International Day of Persons with Disabilities, CM calls for inclusive society - The Hindu from The Hindu
2025-12-02 13:45:00,763 - INFO - [The Hindu] Article: https://www.thehindu.com/news/national/kerala/first-of-its-kind-financial-literacy-programme-in-keralas-schools/article70349304.ece
2025-12-02 13:45:00,763 - INFO - [The Hindu] Attempt 1/1: Trying with 'selenium_browser' strategy...
2025-12-02 13:45:01,529 - INFO - [The Hindu] Page content loaded.
2025-12-02 13:45:01,681 - INFO - [The Hindu] Success with 'selenium_browser'. Found content (420 words).
2025-12-02 13:45:13,706 - INFO - Saved article: First-of-its-kind financial literacy programme in Kerala’s schools - The Hindu from The Hindu
2025-12-02 13:45:15,039 - INFO - [The Hindu] Article: https://www.thehindu.com/news/national/telangana/singareni-csir-immt-sign-pact-on-exploration-of-rare-minerals-from-mining-waste/article70349332.ece
2025-12-02 13:45:15,039 - INFO - [The Hindu] Attempt 1/1: Trying with 'selenium_browser' strategy...
2025-12-02 13:45:17,193 - INFO - [The Hindu] Page content loaded.
2025-12-02 13:45:17,274 - INFO - [The Hindu] Success with 'selenium_browser'. Found content (390 words).
2025-12-02 13:45:28,817 - INFO - Saved article: Singareni, CSIR-IMMT sign pact on exploration of rare minerals from mining waste - The Hindu from The Hindu
2025-12-02 13:45:29,665 - INFO - [The Hindu] Article: https://www.thehindu.com/news/cities/Hyderabad/six-arrested-over-27-kg-ganja-seized-in-excise-raids/article70349309.ece
2025-12-02 13:45:29,665 - INFO - [The Hindu] Attempt 1/1: Trying with 'selenium_browser' strategy...
2025-12-02 13:45:31,049 - INFO - [The Hindu] Page content loaded.
2025-12-02 13:45:31,120 - INFO - [The Hindu] Success with 'selenium_browser'. Found content (292 words).
2025-12-02 13:45:32,749 - ERROR - [Times of India] Request failed for strategy 'selenium_browser' on URL https://timesofindia.indiatimes.com/world/us/google-co-founder-sergey-brins-ex-wife-nicole-shanahan-claims-silicon-valley-tech-wives-were-used-to-fund-hidden-agendas/articleshow/125719824.cms: HTTPConnectionPool(host='localhost', port=47257): Read timed out. (read timeout=120)
2025-12-02 13:45:32,750 - ERROR - [Times of India] All scrape strategies failed for https://timesofindia.indiatimes.com/world/us/google-co-founder-sergey-brins-ex-wife-nicole-shanahan-claims-silicon-valley-tech-wives-were-used-to-fund-hidden-agendas/articleshow/125719824.cms. Falling back to RSS description.
2025-12-02 13:45:42,865 - INFO - Saved article: Six arrested, over 2.7 kg ganja seized in excise raids - The Hindu from The Hindu
2025-12-02 13:45:43,465 - INFO - [The Hindu] Article: https://www.thehindu.com/news/national/telangana/congress-govt-is-a-total-flop-party-policy-is-to-simply-cry-before-the-centre-bjp/article70349430.ece
2025-12-02 13:45:43,466 - INFO - [The Hindu] Attempt 1/1: Trying with 'selenium_browser' strategy...
2025-12-02 13:45:45,756 - INFO - [The Hindu] Page content loaded.
2025-12-02 13:45:45,900 - INFO - [The Hindu] Success with 'selenium_browser'. Found content (361 words).
2025-12-02 13:45:55,374 - INFO - Saved article: Google co-founder Sergey Brin’s ex-wife Nicole Shanahan claims Silicon Valley ‘tech wives’ were used to fund hidden agendas from Times of India
2025-12-02 13:45:56,766 - INFO - [Times of India] Article: https://timesofindia.indiatimes.com/world/us/kill-them-all-why-pete-hegseths-order-is-a-feature-not-a-bug-of-american-cowboy-justice/articleshow/125718572.cms
2025-12-02 13:45:56,766 - INFO - [Times of India] Attempt 1/1: Trying with 'selenium_browser' strategy...
2025-12-02 13:46:06,866 - INFO - Saved article: Congress govt. is a total flop, party policy is to simply cry before the Centre: BJP - The Hindu from The Hindu
2025-12-02 13:46:07,964 - INFO - [The Hindu] Article: https://www.thehindu.com/news/national/andhra-pradesh/chandrababu-naidu-to-attend-rythanna-meekosam-programme-in-east-godavari-on-december-3/article70349238.ece
2025-12-02 13:46:07,964 - INFO - [The Hindu] Attempt 1/1: Trying with 'selenium_browser' strategy...
2025-12-02 13:46:08,702 - INFO - [The Hindu] Page content loaded.
2025-12-02 13:46:08,769 - INFO - [The Hindu] Success with 'selenium_browser'. Found content (97 words).
2025-12-02 13:46:10,477 - CRITICAL - --- TIMEOUT: 2 scrape jobs did not complete in 300s. ---
2025-12-02 13:46:10,478 - ERROR - A thread has timed out and will be abandoned.
2025-12-02 13:46:10,478 - ERROR - A thread has timed out and will be abandoned.
2025-12-02 13:46:10,478 - INFO - Shutting down thread pool (wait=False)...
2025-12-02 13:46:10,478 - INFO - Scraped: 1 The Guardian, 0 BBC, 2 Timed_Out_Jobs articles. (Total saved: 1)
2025-12-02 13:46:10,478 - INFO - --- Scraping job finished ---
2025-12-02 13:46:10,478 - INFO - --- Scraper service stopped and database connection closed. ---
2025-12-02 13:46:10,478 - INFO - --- Main thread finished. Forcing process exit to kill zombie threads. ---
