2025-11-29 07:40:39,385 - INFO - Loading AI Semantic Model (all-MiniLM-L6-v2)...
2025-11-29 07:40:39,385 - INFO - Use pytorch device_name: cpu
2025-11-29 07:40:39,385 - INFO - Load pretrained SentenceTransformer: all-MiniLM-L6-v2
2025-11-29 07:40:39,821 - INFO - AI Model loaded successfully.
2025-11-29 07:40:39,821 - INFO - Initializing database connection at: news_articles.db
2025-11-29 07:40:39,821 - INFO - --- Scraper service started (CI Mode: Run Once) ---
2025-11-29 07:40:39,821 - INFO - --- Starting new scraping job (Parallel Mode) ---
2025-11-29 07:40:39,821 - INFO - Creating new robust session with 3 retries on 5xx/connection/read errors.
2025-11-29 07:40:39,821 - INFO - Proxy is DISABLED.
2025-11-29 07:40:39,821 - INFO - Starting scrape for BBC RSS feed: http://feeds.bbci.co.uk/news/world/rss.xml
2025-11-29 07:40:39,822 - INFO - [Times of India] (Thread) requires Selenium. Initializing driver...
2025-11-29 07:40:39,823 - INFO - Initializing headless Selenium Chrome driver (using SeleniumManager)...
2025-11-29 07:40:39,823 - INFO - Starting scrape for The Guardian RSS feed: https://www.theguardian.com/world/rss
2025-11-29 07:40:39,824 - INFO - [The Hindu] (Thread) requires Selenium. Initializing driver...
2025-11-29 07:40:39,824 - INFO - Initializing headless Selenium Chrome driver (using SeleniumManager)...
2025-11-29 07:40:39,825 - INFO - Submitted 4 jobs to thread pool. Waiting up to 300s for completion...
2025-11-29 07:40:39,919 - INFO - Found 26 articles in BBC RSS feed. Processing up to 20.
2025-11-29 07:40:39,920 - INFO - [BBC] Article: https://www.bbc.com/news/articles/cdxweyy157go?at_medium=RSS&at_campaign=rss
2025-11-29 07:40:39,920 - INFO - [BBC] Attempt 1/1: Trying with 'requests_browser' strategy...
2025-11-29 07:40:39,942 - INFO - Found 45 articles in The Guardian RSS feed. Processing up to 20.
2025-11-29 07:40:39,942 - INFO - [The Guardian] Article: https://www.theguardian.com/world/2025/nov/28/jacob-zuma-daughter-resigns-claims-south-africans-tricked-fight-russia
2025-11-29 07:40:39,942 - INFO - [The Guardian] Attempt 1/1: Trying with 'requests_browser' strategy...
2025-11-29 07:40:39,974 - INFO - [The Guardian] Success with 'requests_browser'. Found content (753 words).
2025-11-29 07:40:40,010 - INFO - Duplicate article skipped: Jacob Zuma’s daughter resigns amid claims South Africans tricked to fight for Russia | South Africa | The Guardian from The Guardian
2025-11-29 07:40:40,121 - INFO - [BBC] Success with 'requests_browser'. Found content (1090 words).
2025-11-29 07:40:40,165 - INFO - Duplicate article skipped: US halts all asylum claim decisions in wake of National Guard shooting from BBC
2025-11-29 07:40:40,787 - INFO - [The Guardian] Article: https://www.theguardian.com/environment/2025/nov/28/africa-forests-transformed-carbon-sink-carbon-source-study
2025-11-29 07:40:40,787 - INFO - [The Guardian] Attempt 1/1: Trying with 'requests_browser' strategy...
2025-11-29 07:40:40,788 - INFO - [BBC] Article: https://www.bbc.com/news/articles/c8e9d13x2z7o?at_medium=RSS&at_campaign=rss
2025-11-29 07:40:40,788 - INFO - [BBC] Attempt 1/1: Trying with 'requests_browser' strategy...
2025-11-29 07:40:40,815 - INFO - [BBC] Success with 'requests_browser'. Found content (779 words).
2025-11-29 07:40:40,846 - INFO - Duplicate article skipped: Flights disrupted after Airbus discovers intense sun radiation could impact flight control data from BBC
2025-11-29 07:40:40,855 - INFO - [The Guardian] Success with 'requests_browser'. Found content (458 words).
2025-11-29 07:40:40,892 - INFO - Duplicate article skipped: Africa’s forests transformed from carbon sink to carbon source, study finds | Climate crisis | The Guardian from The Guardian
2025-11-29 07:40:41,786 - INFO - [BBC] Article: https://www.bbc.com/news/articles/ckg9nd2wddno?at_medium=RSS&at_campaign=rss
2025-11-29 07:40:41,786 - INFO - [BBC] Attempt 1/1: Trying with 'requests_browser' strategy...
2025-11-29 07:40:41,813 - INFO - [BBC] Success with 'requests_browser'. Found content (928 words).
2025-11-29 07:40:41,849 - INFO - Duplicate article skipped: Zelensky's chief of staff Andriy Yermak resigns after anti-corruption raid from BBC
2025-11-29 07:40:42,016 - INFO - [The Guardian] Article: https://www.theguardian.com/world/2025/nov/26/guinea-bissau-officers-take-total-control-close-borders-amid-election-chaos
2025-11-29 07:40:42,016 - INFO - [The Guardian] Attempt 1/1: Trying with 'requests_browser' strategy...
2025-11-29 07:40:42,116 - INFO - [The Guardian] Success with 'requests_browser'. Found content (412 words).
2025-11-29 07:40:42,151 - INFO - Duplicate article skipped: Guinea-Bissau military takes ‘total control’ amid election chaos | Guinea-Bissau | The Guardian from The Guardian
2025-11-29 07:40:42,691 - INFO - [BBC] Article: https://www.bbc.com/news/articles/c79xd17dre3o?at_medium=RSS&at_campaign=rss
2025-11-29 07:40:42,691 - INFO - [BBC] Attempt 1/1: Trying with 'requests_browser' strategy...
2025-11-29 07:40:42,721 - INFO - [BBC] Success with 'requests_browser'. Found content (787 words).
2025-11-29 07:40:42,757 - INFO - Duplicate article skipped: Hong Kong tower blocks fire death toll rises to 128 from BBC
2025-11-29 07:40:43,339 - INFO - [BBC] Article: https://www.bbc.com/news/articles/clyzdxyjx2eo?at_medium=RSS&at_campaign=rss
2025-11-29 07:40:43,339 - INFO - [BBC] Attempt 1/1: Trying with 'requests_browser' strategy...
2025-11-29 07:40:43,379 - INFO - [BBC] Success with 'requests_browser'. Found content (1524 words).
2025-11-29 07:40:43,571 - INFO - [The Guardian] Article: https://www.theguardian.com/world/2025/nov/25/nigerian-schoolgirls-rescued-after-mass-abduction-in-kebbi
2025-11-29 07:40:43,571 - INFO - [The Guardian] Attempt 1/1: Trying with 'requests_browser' strategy...
2025-11-29 07:40:43,572 - INFO - Duplicate article skipped: Are UK Christmas markets as good as German ones? Here's what we found from BBC
2025-11-29 07:40:43,686 - INFO - [The Guardian] Success with 'requests_browser'. Found content (515 words).
2025-11-29 07:40:43,730 - INFO - Duplicate article skipped: Nigerian schoolgirls rescued after mass abduction in Kebbi | Nigeria | The Guardian from The Guardian
2025-11-29 07:40:44,313 - INFO - [The Guardian] Article: https://www.theguardian.com/world/2025/nov/25/jacob-zuma-daughter-accused-tricking-men-fighting-for-russia-in-ukraine
2025-11-29 07:40:44,313 - INFO - [The Guardian] Attempt 1/1: Trying with 'requests_browser' strategy...
2025-11-29 07:40:44,425 - INFO - [The Guardian] Success with 'requests_browser'. Found content (656 words).
2025-11-29 07:40:44,468 - INFO - Duplicate article skipped: Jacob Zuma’s daughter accused of tricking men into fighting for Russia in Ukraine | South Africa | The Guardian from The Guardian
2025-11-29 07:40:44,798 - INFO - [BBC] Article: https://www.bbc.com/news/articles/c1kpm0rvxepo?at_medium=RSS&at_campaign=rss
2025-11-29 07:40:44,799 - INFO - [BBC] Attempt 1/1: Trying with 'requests_browser' strategy...
2025-11-29 07:40:44,904 - INFO - [BBC] Success with 'requests_browser'. Found content (496 words).
2025-11-29 07:40:44,940 - INFO - Duplicate article skipped: Trump says he will pardon ex-Honduras president convicted of drug trafficking from BBC
2025-11-29 07:40:45,189 - INFO - [The Guardian] Article: https://www.theguardian.com/world/2025/nov/29/uk-mps-extra-aid-humanitarian-visas-jamaica-hurricane-melissa-dawn-butler
2025-11-29 07:40:45,189 - INFO - [The Guardian] Attempt 1/1: Trying with 'requests_browser' strategy...
2025-11-29 07:40:45,294 - INFO - [The Guardian] Success with 'requests_browser'. Found content (873 words).
2025-11-29 07:40:45,336 - INFO - Duplicate article skipped: UK MPs push for extra aid and visas as Jamaica reels from Hurricane Melissa | Jamaica | The Guardian from The Guardian
2025-11-29 07:40:46,124 - INFO - [BBC] Article: https://www.bbc.com/news/articles/cz0nlxlr87go?at_medium=RSS&at_campaign=rss
2025-11-29 07:40:46,124 - INFO - [BBC] Attempt 1/1: Trying with 'requests_browser' strategy...
2025-11-29 07:40:46,155 - INFO - [BBC] Success with 'requests_browser'. Found content (498 words).
2025-11-29 07:40:46,190 - INFO - Duplicate article skipped: Guinea-Bissau coup called a 'sham' by West African political figures from BBC
2025-11-29 07:40:46,284 - INFO - [The Guardian] Article: https://www.theguardian.com/us-news/2025/nov/28/trump-pardon-honduras-hernandez-drugs
2025-11-29 07:40:46,285 - INFO - [The Guardian] Attempt 1/1: Trying with 'requests_browser' strategy...
2025-11-29 07:40:46,312 - INFO - [The Guardian] Success with 'requests_browser'. Found content (560 words).
2025-11-29 07:40:46,346 - INFO - Duplicate article skipped: Trump to pardon ex-Honduras leader serving drug trafficking sentence in US | Donald Trump | The Guardian from The Guardian
2025-11-29 07:40:46,748 - INFO - [BBC] Article: https://www.bbc.com/news/articles/c058lny3pdqo?at_medium=RSS&at_campaign=rss
2025-11-29 07:40:46,748 - INFO - [BBC] Attempt 1/1: Trying with 'requests_browser' strategy...
2025-11-29 07:40:46,777 - INFO - [BBC] Success with 'requests_browser'. Found content (863 words).
2025-11-29 07:40:46,816 - INFO - Duplicate article skipped: Hungary's Orban defies EU partners and meets Putin again in Moscow from BBC
2025-11-29 07:40:47,394 - INFO - [BBC] Article: https://www.bbc.com/news/articles/cp89k31krz4o?at_medium=RSS&at_campaign=rss
2025-11-29 07:40:47,395 - INFO - [BBC] Attempt 1/1: Trying with 'requests_browser' strategy...
2025-11-29 07:40:47,419 - INFO - [BBC] Success with 'requests_browser'. Found content (485 words).
2025-11-29 07:40:47,435 - INFO - [The Guardian] Article: https://www.theguardian.com/us-news/2025/nov/28/college-student-deported-boston-flight-thanksgiving
2025-11-29 07:40:47,436 - INFO - [The Guardian] Attempt 1/1: Trying with 'requests_browser' strategy...
2025-11-29 07:40:47,457 - INFO - Duplicate article skipped: Thirteen killed in deadliest Israeli raid for months in southern Syria from BBC
2025-11-29 07:40:47,474 - INFO - [The Guardian] Success with 'requests_browser'. Found content (274 words).
2025-11-29 07:40:47,509 - INFO - Duplicate article skipped: College student deported when flying home for Thanksgiving, despite court order | ICE (US Immigration and Customs Enforcement) | The Guardian from The Guardian
2025-11-29 07:40:48,350 - INFO - [BBC] Article: https://www.bbc.com/news/articles/c0l9z176lnlo?at_medium=RSS&at_campaign=rss
2025-11-29 07:40:48,350 - INFO - [BBC] Attempt 1/1: Trying with 'requests_browser' strategy...
2025-11-29 07:40:48,398 - INFO - [The Guardian] Article: https://www.theguardian.com/world/2025/nov/28/quebec-prayer-law-canada
2025-11-29 07:40:48,398 - INFO - [The Guardian] Attempt 1/1: Trying with 'requests_browser' strategy...
2025-11-29 07:40:48,425 - INFO - [The Guardian] Success with 'requests_browser'. Found content (539 words).
2025-11-29 07:40:48,461 - INFO - Duplicate article skipped: Quebec to ban public prayer in sweeping new secularism law | Quebec | The Guardian from The Guardian
2025-11-29 07:40:48,483 - INFO - [BBC] Success with 'requests_browser'. Found content (678 words).
2025-11-29 07:40:48,519 - INFO - Duplicate article skipped: Austrian nuns win reprieve in abandoned convent - if they stay off social media from BBC
2025-11-29 07:40:49,198 - INFO - [BBC] Article: https://www.bbc.com/news/articles/c0q5w8l88dvo?at_medium=RSS&at_campaign=rss
2025-11-29 07:40:49,198 - INFO - [BBC] Attempt 1/1: Trying with 'requests_browser' strategy...
2025-11-29 07:40:49,228 - INFO - [BBC] Success with 'requests_browser'. Found content (714 words).
2025-11-29 07:40:49,268 - INFO - Duplicate article skipped: Afghans in US issue plea to Trump after 'tragic' Washington DC shooting from BBC
2025-11-29 07:40:49,309 - INFO - [The Guardian] Article: https://www.theguardian.com/world/2025/nov/28/haida-nation-mark-carney-pipe-dream-oil-energy
2025-11-29 07:40:49,309 - INFO - [The Guardian] Attempt 1/1: Trying with 'requests_browser' strategy...
2025-11-29 07:40:49,339 - INFO - [The Guardian] Success with 'requests_browser'. Found content (1103 words).
2025-11-29 07:40:49,376 - INFO - Duplicate article skipped: ‘Not going to happen’: First Nations threaten to end Carney’s pipe dream | Canada | The Guardian from The Guardian
2025-11-29 07:40:49,724 - INFO - Selenium driver initialized successfully.
2025-11-29 07:40:49,724 - INFO - Selenium driver initialized successfully.
2025-11-29 07:40:49,724 - INFO - Starting scrape for The Hindu RSS feed: https://www.thehindu.com/news/national/feeder/default.rss
2025-11-29 07:40:49,724 - INFO - Starting scrape for Times of India RSS feed: https://timesofindia.indiatimes.com/rssfeeds/296589292.cms
2025-11-29 07:40:49,811 - INFO - Found 20 articles in Times of India RSS feed. Processing up to 20.
2025-11-29 07:40:49,811 - INFO - [Times of India] Article: https://timesofindia.indiatimes.com/world/middle-east/abu-dhabi-offers-free-parking-and-darb-tolls-for-uae-national-day/articleshow/125652743.cms
2025-11-29 07:40:49,812 - INFO - [Times of India] Attempt 1/1: Trying with 'selenium_browser' strategy...
2025-11-29 07:40:49,888 - INFO - Found 100 articles in The Hindu RSS feed. Processing up to 20.
2025-11-29 07:40:49,888 - INFO - [The Hindu] Article: https://www.thehindu.com/news/national/kerala/kerala-sir-761-lakh-enumeration-forms-in-uncollectables-list/article70337927.ece
2025-11-29 07:40:49,888 - INFO - [The Hindu] Attempt 1/1: Trying with 'selenium_browser' strategy...
2025-11-29 07:40:50,082 - INFO - [BBC] Article: https://www.bbc.com/news/articles/ckglrdg6kz7o?at_medium=RSS&at_campaign=rss
2025-11-29 07:40:50,082 - INFO - [BBC] Attempt 1/1: Trying with 'requests_browser' strategy...
2025-11-29 07:40:50,108 - INFO - [BBC] Success with 'requests_browser'. Found content (639 words).
2025-11-29 07:40:50,143 - INFO - Duplicate article skipped: UN panel says Israel operating 'de facto policy of torture' from BBC
2025-11-29 07:40:50,527 - INFO - [The Guardian] Article: https://www.theguardian.com/news/2025/nov/29/hong-kong-begins-three-days-of-mourning-after-deadly-apartment-fires
2025-11-29 07:40:50,527 - INFO - [The Guardian] Attempt 1/1: Trying with 'requests_browser' strategy...
2025-11-29 07:40:50,564 - INFO - [The Guardian] Success with 'requests_browser'. Found content (679 words).
2025-11-29 07:40:50,614 - INFO - Duplicate article skipped: Hong Kong begins three days of mourning after deadly apartment fires | Hong Kong apartment fires | The Guardian from The Guardian
2025-11-29 07:40:51,046 - INFO - [BBC] Article: https://www.bbc.com/news/articles/cx2dndy228xo?at_medium=RSS&at_campaign=rss
2025-11-29 07:40:51,046 - INFO - [BBC] Attempt 1/1: Trying with 'requests_browser' strategy...
2025-11-29 07:40:51,103 - INFO - [BBC] Success with 'requests_browser'. Found content (1379 words).
2025-11-29 07:40:51,171 - INFO - Duplicate article skipped: Duduzile Zuma-Sambudla resigns as South African MP over Russia mercenary recruitment scandal from BBC
2025-11-29 07:40:51,321 - INFO - [The Guardian] Article: https://www.theguardian.com/news/2025/nov/28/hong-kong-apartment-fire-response-rescue-operations-death-toll
2025-11-29 07:40:51,322 - INFO - [The Guardian] Attempt 1/1: Trying with 'requests_browser' strategy...
2025-11-29 07:40:51,369 - INFO - [The Guardian] Success with 'requests_browser'. Found content (1000 words).
2025-11-29 07:40:51,702 - INFO - Duplicate article skipped: Rescue efforts end at Hong Kong tower block fire as death toll reaches 128 | Hong Kong apartment fires | The Guardian from The Guardian
2025-11-29 07:40:52,537 - INFO - [BBC] Article: https://www.bbc.com/news/articles/c0q5w13e58zo?at_medium=RSS&at_campaign=rss
2025-11-29 07:40:52,537 - INFO - [BBC] Attempt 1/1: Trying with 'requests_browser' strategy...
2025-11-29 07:40:52,726 - INFO - [BBC] Success with 'requests_browser'. Found content (422 words).
2025-11-29 07:40:52,861 - INFO - Duplicate article skipped: Lightning detected on Mars by Nasa rover, scientists believe from BBC
2025-11-29 07:40:53,011 - INFO - [The Guardian] Article: https://www.theguardian.com/news/2025/nov/28/hong-kong-community-groups-deliver-aid-to-survivors-of-wang-fuk-court-fire
2025-11-29 07:40:53,011 - INFO - [The Guardian] Attempt 1/1: Trying with 'requests_browser' strategy...
2025-11-29 07:40:53,203 - INFO - [The Guardian] Success with 'requests_browser'. Found content (687 words).
2025-11-29 07:40:53,360 - INFO - Duplicate article skipped: Hong Kong community groups deliver aid to survivors of Wang Fuk Court fire | Hong Kong apartment fires | The Guardian from The Guardian
2025-11-29 07:40:53,673 - INFO - [BBC] Article: https://www.bbc.com/news/articles/c0r9qzrxdwwo?at_medium=RSS&at_campaign=rss
2025-11-29 07:40:53,673 - INFO - [BBC] Attempt 1/1: Trying with 'requests_browser' strategy...
2025-11-29 07:40:53,872 - INFO - [BBC] Success with 'requests_browser'. Found content (448 words).
2025-11-29 07:40:54,038 - INFO - Duplicate article skipped: Tunisia hands prison terms to dozens of opposition figures from BBC
2025-11-29 07:40:54,508 - INFO - [The Guardian] Article: https://www.theguardian.com/world/2025/nov/28/bear-attacks-man-public-toilet-japan
2025-11-29 07:40:54,509 - INFO - [The Guardian] Attempt 1/1: Trying with 'requests_browser' strategy...
2025-11-29 07:40:54,574 - INFO - [The Guardian] Success with 'requests_browser'. Found content (373 words).
2025-11-29 07:40:54,719 - INFO - [BBC] Article: https://www.bbc.com/news/articles/cy7v6xl4me8o?at_medium=RSS&at_campaign=rss
2025-11-29 07:40:54,720 - INFO - [BBC] Attempt 1/1: Trying with 'requests_browser' strategy...
2025-11-29 07:40:54,738 - INFO - Duplicate article skipped: Bear attacks man in public toilet in Japan | Japan | The Guardian from The Guardian
2025-11-29 07:40:54,873 - INFO - [BBC] Success with 'requests_browser'. Found content (1447 words).
2025-11-29 07:40:54,985 - INFO - Duplicate article skipped: Why the rich and powerful couldn't say no to Epstein from BBC
2025-11-29 07:40:55,299 - INFO - [The Hindu] Page content loaded.
2025-11-29 07:40:55,453 - INFO - [The Hindu] Success with 'selenium_browser'. Found content (368 words).
2025-11-29 07:40:55,499 - INFO - [BBC] Article: https://www.bbc.com/news/articles/c1dz36ep673o?at_medium=RSS&at_campaign=rss
2025-11-29 07:40:55,499 - INFO - [BBC] Attempt 1/1: Trying with 'requests_browser' strategy...
2025-11-29 07:40:55,746 - INFO - [BBC] Success with 'requests_browser'. Found content (1327 words).
2025-11-29 07:40:56,195 - INFO - [The Guardian] Article: https://www.theguardian.com/world/2025/nov/28/china-civil-service-exam-age-limit-changed
2025-11-29 07:40:56,196 - INFO - [The Guardian] Attempt 1/1: Trying with 'requests_browser' strategy...
2025-11-29 07:40:56,514 - INFO - [The Guardian] Success with 'requests_browser'. Found content (763 words).
2025-11-29 07:41:16,240 - INFO - DEDUPLICATION: Found match (Score: 0.72). Linking to Cluster ID: 635c891a-25f4-4f12-a35a-448daa7dbb5a
2025-11-29 07:41:16,243 - INFO - Saved article: Kerala SIR: 7.61 lakh enumeration forms in ‘uncollectables’ list - The Hindu from The Hindu
2025-11-29 07:41:16,244 - INFO - Duplicate article skipped: Donald Trump pledges to tackle Sudan atrocities - what difference can he make? from BBC
2025-11-29 07:41:16,244 - INFO - Duplicate article skipped: Millions in China cram for civil service exam and the hope of a job for life | China | The Guardian from The Guardian
2025-11-29 07:41:16,776 - INFO - [The Guardian] Article: https://www.theguardian.com/australia-news/2025/nov/29/australian-prime-minister-anthony-albanese-marries-jodie-haydon-wedding-canberra
2025-11-29 07:41:16,776 - INFO - [The Guardian] Attempt 1/1: Trying with 'requests_browser' strategy...
2025-11-29 07:41:16,887 - INFO - [The Guardian] Success with 'requests_browser'. Found content (794 words).
2025-11-29 07:41:16,939 - INFO - Duplicate article skipped: Australian prime minister, Anthony Albanese, marries partner Jodie Haydon | Anthony Albanese | The Guardian from The Guardian
2025-11-29 07:41:17,166 - INFO - [The Hindu] Article: https://www.thehindu.com/news/national/odisha/odishas-supplementary-budget-lacks-any-vision-claims-leader-of-opposition-naveen-patnaik/article70337797.ece
2025-11-29 07:41:17,166 - INFO - [The Hindu] Attempt 1/1: Trying with 'selenium_browser' strategy...
2025-11-29 07:41:17,556 - INFO - [BBC] Article: https://www.bbc.com/news/articles/cly3e1261dko?at_medium=RSS&at_campaign=rss
2025-11-29 07:41:17,556 - INFO - [BBC] Attempt 1/1: Trying with 'requests_browser' strategy...
2025-11-29 07:41:17,659 - INFO - [BBC] Success with 'requests_browser'. Found content (1237 words).
2025-11-29 07:41:17,731 - INFO - Duplicate article skipped: How were Afghan evacuees vetted under Biden? from BBC
2025-11-29 07:41:18,178 - INFO - [The Guardian] Article: https://www.theguardian.com/business/2025/nov/29/jetstar-cancel-domestic-flights-australia-global-airbus-a320-recall
2025-11-29 07:41:18,178 - INFO - [The Guardian] Attempt 1/1: Trying with 'requests_browser' strategy...
2025-11-29 07:41:18,302 - INFO - [The Guardian] Success with 'requests_browser'. Found content (880 words).
2025-11-29 07:41:18,384 - INFO - Duplicate article skipped: Jetstar cancels 90 domestic flights across Australia after global Airbus A320 recall | Airbus | The Guardian from The Guardian
2025-11-29 07:41:18,432 - INFO - [BBC] Article: https://www.bbc.com/news/articles/cn8e5j20g27o?at_medium=RSS&at_campaign=rss
2025-11-29 07:41:18,434 - INFO - [BBC] Attempt 1/1: Trying with 'requests_browser' strategy...
2025-11-29 07:41:18,475 - INFO - [BBC] Success with 'requests_browser'. Found content (805 words).
2025-11-29 07:41:18,513 - INFO - Duplicate article skipped: Hong Kong fire: Anger and unanswered questions from BBC
2025-11-29 07:41:19,281 - INFO - [The Guardian] Article: https://www.theguardian.com/australia-news/2025/nov/28/virginia-giuffres-sons-deny-unsigned-document-is-their-mothers-will
2025-11-29 07:41:19,281 - INFO - [The Guardian] Attempt 1/1: Trying with 'requests_browser' strategy...
2025-11-29 07:41:19,320 - INFO - [The Guardian] Success with 'requests_browser'. Found content (777 words).
2025-11-29 07:41:19,369 - INFO - Duplicate article skipped: Virginia Giuffre’s sons deny unsigned document is their mother’s will | Western Australia | The Guardian from The Guardian
2025-11-29 07:41:19,743 - INFO - [BBC] Article: https://www.bbc.com/news/articles/c4g4jlgdyjdo?at_medium=RSS&at_campaign=rss
2025-11-29 07:41:19,743 - INFO - [BBC] Attempt 1/1: Trying with 'requests_browser' strategy...
2025-11-29 07:41:19,825 - INFO - [BBC] Success with 'requests_browser'. Found content (2091 words).
2025-11-29 07:41:19,873 - INFO - Duplicate article skipped: Nigeria's security crises: A guide to the different groups causing chaos from BBC
2025-11-29 07:41:20,216 - INFO - [The Guardian] Article: https://www.theguardian.com/australia-news/2025/nov/29/mineral-sunscreens-australia-identical-to-others
2025-11-29 07:41:20,217 - INFO - [The Guardian] Attempt 1/1: Trying with 'requests_browser' strategy...
2025-11-29 07:41:20,259 - INFO - [The Guardian] Success with 'requests_browser'. Found content (932 words).
2025-11-29 07:41:20,309 - INFO - Duplicate article skipped: ‘Mineral’ sunscreens marketed to Australians contain almost identical chemicals as others, testing shows | Consumer affairs | The Guardian from The Guardian
2025-11-29 07:41:21,196 - INFO - [The Hindu] Page content loaded.
2025-11-29 07:41:21,293 - INFO - [The Hindu] Success with 'selenium_browser'. Found content (228 words).
2025-11-29 07:41:21,543 - INFO - [The Guardian] Article: https://www.theguardian.com/australia-news/2025/nov/29/exclusive-gun-club-linked-to-andrew-hastie-awarded-almost-20000-in-government-grants
2025-11-29 07:41:21,548 - INFO - [The Guardian] Attempt 1/1: Trying with 'requests_browser' strategy...
2025-11-29 07:41:21,659 - INFO - [The Guardian] Success with 'requests_browser'. Found content (715 words).
2025-11-29 07:41:33,892 - INFO - Saved article: Odisha's Supplementary Budget lacks any vision, claims Leader of Opposition Naveen Patnaik - The Hindu from The Hindu
2025-11-29 07:41:33,892 - INFO - Duplicate article skipped: Exclusive gun club linked to Andrew Hastie awarded almost $20,000 in government grants | Andrew Hastie | The Guardian from The Guardian
2025-11-29 07:41:35,227 - INFO - [The Hindu] Article: https://www.thehindu.com/news/cities/Hyderabad/changes-in-flight-schedule-anticipated-at-hyderabad-airport-after-airbus-issues-global-advisory-for-a320-fleet/article70337886.ece
2025-11-29 07:41:35,227 - INFO - [The Hindu] Attempt 1/1: Trying with 'selenium_browser' strategy...
2025-11-29 07:41:37,147 - INFO - [The Hindu] Page content loaded.
2025-11-29 07:41:37,231 - INFO - [The Hindu] Success with 'selenium_browser'. Found content (162 words).
2025-11-29 07:41:49,522 - INFO - Saved article: Changes in flight schedule anticipated at Hyderabad airport after Airbus issues global advisory for A320 Fleet - The Hindu from The Hindu
2025-11-29 07:41:50,516 - INFO - [The Hindu] Article: https://www.thehindu.com/news/national/assam/congress-cpim-mlas-walk-out-of-assam-assembly-as-speaker-disallows-discussion-on-tezpur-university/article70337880.ece
2025-11-29 07:41:50,516 - INFO - [The Hindu] Attempt 1/1: Trying with 'selenium_browser' strategy...
2025-11-29 07:41:52,257 - INFO - [The Hindu] Page content loaded.
2025-11-29 07:41:52,347 - INFO - [The Hindu] Success with 'selenium_browser'. Found content (172 words).
2025-11-29 07:41:52,442 - INFO - Duplicate article skipped: Congress, CPI(M) MLAs walk out of Assam Assembly as Speaker disallows discussion on Tezpur University - The Hindu from The Hindu
2025-11-29 07:41:53,082 - INFO - [The Hindu] Article: https://www.thehindu.com/news/national/karnataka/karnataka-state-cricket-association-elections-high-court-declares-kn-shanth-kumars-nomination-papers-valid-for-presidents-post/article70337807.ece
2025-11-29 07:41:53,082 - INFO - [The Hindu] Attempt 1/1: Trying with 'selenium_browser' strategy...
2025-11-29 07:41:56,676 - INFO - [The Hindu] Page content loaded.
2025-11-29 07:41:56,872 - INFO - [The Hindu] Success with 'selenium_browser'. Found content (503 words).
2025-11-29 07:41:57,080 - INFO - Duplicate article skipped: Karnataka State Cricket Association elections: High Court declares K.N. Shanth Kumar’s nomination papers valid for president’s post - The Hindu from The Hindu
2025-11-29 07:41:58,579 - INFO - [The Hindu] Article: https://www.thehindu.com/news/national/telangana/last-day-to-file-nominations-for-first-phase-of-telangana-gram-panchayat-elections-2025/article70337835.ece
2025-11-29 07:41:58,580 - INFO - [The Hindu] Attempt 1/1: Trying with 'selenium_browser' strategy...
2025-11-29 07:42:00,516 - INFO - [The Hindu] Page content loaded.
2025-11-29 07:42:00,715 - INFO - [The Hindu] Success with 'selenium_browser'. Found content (133 words).
2025-11-29 07:42:00,820 - INFO - Duplicate article skipped: Last day to file nominations for first phase of Telangana Gram Panchayat Elections-2025 - The Hindu from The Hindu
2025-11-29 07:42:02,210 - INFO - [The Hindu] Article: https://www.thehindu.com/news/national/national-herald-case-delhi-court-defers-order-on-taking-note-of-eds-chargesheet-to-december-16/article70337808.ece
2025-11-29 07:42:02,210 - INFO - [The Hindu] Attempt 1/1: Trying with 'selenium_browser' strategy...
2025-11-29 07:42:03,672 - INFO - [The Hindu] Page content loaded.
2025-11-29 07:42:03,875 - INFO - [The Hindu] Success with 'selenium_browser'. Found content (157 words).
2025-11-29 07:42:04,005 - INFO - Duplicate article skipped: National Herald Case: Delhi court defers order on taking note of ED's chargesheet to December 16 - The Hindu from The Hindu
2025-11-29 07:42:05,288 - INFO - [The Hindu] Article: https://www.thehindu.com/news/national/west-bengal/eci-writes-to-west-bengal-dgp-directing-police-to-ensure-blo-safety/article70337693.ece
2025-11-29 07:42:05,289 - INFO - [The Hindu] Attempt 1/1: Trying with 'selenium_browser' strategy...
2025-11-29 07:42:06,185 - INFO - [The Hindu] Page content loaded.
2025-11-29 07:42:06,263 - INFO - [The Hindu] Success with 'selenium_browser'. Found content (346 words).
2025-11-29 07:42:06,352 - INFO - Duplicate article skipped: ECI writes to West Bengal DGP directing police to ensure BLO safety - The Hindu from The Hindu
2025-11-29 07:42:07,783 - INFO - [The Hindu] Article: https://www.thehindu.com/news/cities/Hyderabad/worker-engaged-for-watering-plants-killed-in-drunk-driving-accident-on-kukatpallymiyapur-road/article70337776.ece
2025-11-29 07:42:07,783 - INFO - [The Hindu] Attempt 1/1: Trying with 'selenium_browser' strategy...
2025-11-29 07:42:09,097 - INFO - [The Hindu] Page content loaded.
2025-11-29 07:42:09,923 - INFO - [The Hindu] Success with 'selenium_browser'. Found content (183 words).
2025-11-29 07:42:10,015 - INFO - Duplicate article skipped: Worker engaged for watering plants killed in drunk driving accident on Kukatpally–Miyapur road - The Hindu from The Hindu
2025-11-29 07:42:11,193 - INFO - [The Hindu] Article: https://www.thehindu.com/news/national/cyclone-ditwah-sri-lanka-flood-eighty-ndrf-personnel-relief-material-delivered/article70337748.ece
2025-11-29 07:42:11,193 - INFO - [The Hindu] Attempt 1/1: Trying with 'selenium_browser' strategy...
2025-11-29 07:42:11,855 - INFO - [The Hindu] Page content loaded.
2025-11-29 07:42:11,998 - INFO - [The Hindu] Success with 'selenium_browser'. Found content (466 words).
2025-11-29 07:42:12,066 - INFO - Duplicate article skipped: India sends 80 NDRF personnel, 21 tonnes relief material to cyclone-ravaged Sri Lanka - The Hindu from The Hindu
2025-11-29 07:42:13,123 - INFO - [The Hindu] Article: https://www.thehindu.com/news/national/andhra-pradesh/miraculous-escape-for-26-after-karnataka-bus-overturns-in-kurnool/article70337519.ece
2025-11-29 07:42:13,123 - INFO - [The Hindu] Attempt 1/1: Trying with 'selenium_browser' strategy...
2025-11-29 07:42:15,281 - INFO - [The Hindu] Page content loaded.
2025-11-29 07:42:15,404 - INFO - [The Hindu] Success with 'selenium_browser'. Found content (80 words).
2025-11-29 07:42:15,536 - INFO - Duplicate article skipped: Miraculous escape for 26 after Karnataka bus overturns in Kurnool - The Hindu from The Hindu
2025-11-29 07:42:16,124 - INFO - [The Hindu] Article: https://www.thehindu.com/news/national/tamil-nadu/cyclone-ditwah-brings-torrential-rains-to-south-coastal-districts/article70337632.ece
2025-11-29 07:42:16,125 - INFO - [The Hindu] Attempt 1/1: Trying with 'selenium_browser' strategy...
2025-11-29 07:42:17,199 - INFO - [The Hindu] Page content loaded.
2025-11-29 07:42:17,266 - INFO - [The Hindu] Success with 'selenium_browser'. Found content (486 words).
2025-11-29 07:42:17,341 - INFO - Duplicate article skipped: Cyclone Ditwah brings torrential rains to south coastal districts - The Hindu from The Hindu
2025-11-29 07:42:18,444 - INFO - [The Hindu] Article: https://www.thehindu.com/news/cities/Hyderabad/citizens-collective-demands-answers-on-musi-development-seeks-review-of-project/article70335310.ece
2025-11-29 07:42:18,444 - INFO - [The Hindu] Attempt 1/1: Trying with 'selenium_browser' strategy...
2025-11-29 07:42:19,461 - INFO - [The Hindu] Page content loaded.
2025-11-29 07:42:19,690 - INFO - [The Hindu] Success with 'selenium_browser'. Found content (433 words).
2025-11-29 07:42:19,776 - INFO - Duplicate article skipped: Citizens’ collective demands answers on Musi development, seeks review of project - The Hindu from The Hindu
2025-11-29 07:42:20,811 - INFO - [The Hindu] Article: https://www.thehindu.com/news/national/airbus-a320-recall-live-updates-flight-control-incident-november-29-2025/article70337714.ece
2025-11-29 07:42:20,811 - INFO - [The Hindu] Attempt 1/1: Trying with 'selenium_browser' strategy...
2025-11-29 07:42:22,425 - INFO - [The Hindu] Page content loaded.
2025-11-29 07:42:22,542 - INFO - [The Hindu] Success with 'selenium_browser'. Found content (158 words).
2025-11-29 07:42:22,947 - INFO - Duplicate article skipped: Airbus A320 software fix LIVE: Asian travel disrupted as carriers scramble to patch software - The Hindu from The Hindu
2025-11-29 07:42:24,123 - INFO - [The Hindu] Article: https://www.thehindu.com/news/national/uttar-pradesh/family-loses-three-children-to-fever-within-48-hours-in-uttar-pradesh/article70337646.ece
2025-11-29 07:42:24,123 - INFO - [The Hindu] Attempt 1/1: Trying with 'selenium_browser' strategy...
2025-11-29 07:42:25,868 - INFO - [The Hindu] Page content loaded.
2025-11-29 07:42:25,920 - INFO - [The Hindu] Success with 'selenium_browser'. Found content (330 words).
2025-11-29 07:42:25,973 - INFO - Duplicate article skipped: Family loses three children to fever within 48 hours in Uttar Pradesh - The Hindu from The Hindu
2025-11-29 07:42:26,639 - INFO - [The Hindu] Article: https://www.thehindu.com/news/cities/Hyderabad/smart-lockers-at-seven-hyderabad-metro-stations/article70335695.ece
2025-11-29 07:42:26,639 - INFO - [The Hindu] Attempt 1/1: Trying with 'selenium_browser' strategy...
2025-11-29 07:42:29,453 - INFO - [The Hindu] Page content loaded.
2025-11-29 07:42:29,575 - INFO - [The Hindu] Success with 'selenium_browser'. Found content (99 words).
2025-11-29 07:42:29,648 - INFO - Duplicate article skipped: Smart lockers at seven Hyderabad Metro stations - The Hindu from The Hindu
2025-11-29 07:42:30,319 - INFO - [The Hindu] Article: https://www.thehindu.com/news/national/karnataka/siddaramaiah-dks-breakfast-meet-updates/article70337638.ece
2025-11-29 07:42:30,319 - INFO - [The Hindu] Attempt 1/1: Trying with 'selenium_browser' strategy...
2025-11-29 07:42:31,369 - INFO - [The Hindu] Page content loaded.
2025-11-29 07:42:31,434 - INFO - [The Hindu] Success with 'selenium_browser'. Found content (536 words).
2025-11-29 07:42:31,592 - INFO - Duplicate article skipped: Karnataka leadership crisis: ‘Will abide high command’, Siddaramaiah, D.K. Shivakumar say after breakfast meet - The Hindu from The Hindu
2025-11-29 07:42:32,489 - INFO - [The Hindu] Article: https://www.thehindu.com/news/national/kerala/fire-breaks-out-at-baby-memorial-hospital-in-keralas-kozhikode/article70337655.ece
2025-11-29 07:42:32,490 - INFO - [The Hindu] Attempt 1/1: Trying with 'selenium_browser' strategy...
2025-11-29 07:42:35,020 - INFO - [The Hindu] Page content loaded.
2025-11-29 07:42:35,144 - INFO - [The Hindu] Success with 'selenium_browser'. Found content (279 words).
2025-11-29 07:42:35,226 - INFO - Duplicate article skipped: Fire breaks out at Baby Memorial hospital in Kerala’s Kozhikode; no casualties reported - The Hindu from The Hindu
2025-11-29 07:42:36,493 - INFO - [The Hindu] Article: https://www.thehindu.com/news/cities/Delhi/delhi-breathes-very-poor-air-aqi-at-332/article70337582.ece
2025-11-29 07:42:36,493 - INFO - [The Hindu] Attempt 1/1: Trying with 'selenium_browser' strategy...
2025-11-29 07:42:37,697 - INFO - [The Hindu] Page content loaded.
2025-11-29 07:42:37,854 - INFO - [The Hindu] Success with 'selenium_browser'. Found content (130 words).
2025-11-29 07:42:37,969 - INFO - Duplicate article skipped: Delhi air pollution: Delhi breathes 'very poor' air; AQI at 332 - The Hindu from The Hindu
2025-11-29 07:42:39,015 - INFO - [The Hindu] Article: https://www.thehindu.com/news/national/ladakh/leh-violence-probe-term-of-judicial-inquiry-to-record-statements-extended-by-10-days/article70337522.ece
2025-11-29 07:42:39,015 - INFO - [The Hindu] Attempt 1/1: Trying with 'selenium_browser' strategy...
2025-11-29 07:42:40,933 - INFO - [The Hindu] Page content loaded.
2025-11-29 07:42:41,003 - INFO - [The Hindu] Success with 'selenium_browser'. Found content (305 words).
2025-11-29 07:42:41,130 - INFO - Duplicate article skipped: Leh violence probe: Term of judicial inquiry to record statements extended by 10 days - The Hindu from The Hindu
2025-11-29 07:42:42,200 - INFO - [The Hindu] (Thread) Finished. Attempting to shut down its Selenium driver.
2025-11-29 07:42:42,414 - INFO - [The Hindu] (Thread) driver.quit() successful.
2025-11-29 07:42:49,820 - ERROR - [Times of India] Request failed for strategy 'selenium_browser' on URL https://timesofindia.indiatimes.com/world/middle-east/abu-dhabi-offers-free-parking-and-darb-tolls-for-uae-national-day/articleshow/125652743.cms: HTTPConnectionPool(host='localhost', port=59169): Read timed out. (read timeout=120)
2025-11-29 07:42:49,820 - ERROR - [Times of India] All scrape strategies failed for https://timesofindia.indiatimes.com/world/middle-east/abu-dhabi-offers-free-parking-and-darb-tolls-for-uae-national-day/articleshow/125652743.cms. Falling back to RSS description.
2025-11-29 07:42:49,821 - INFO - Duplicate article skipped: Abu Dhabi offers free parking and Darb tolls for UAE National Day from Times of India
2025-11-29 07:42:50,946 - INFO - [Times of India] Article: https://timesofindia.indiatimes.com/world/us/who-is-curtis-yarvin-ex-software-engineer-calls-trump-modern-day-lincoln-influences-conservative-circles/articleshow/125651146.cms
2025-11-29 07:42:50,946 - INFO - [Times of India] Attempt 1/1: Trying with 'selenium_browser' strategy...
2025-11-29 07:44:50,960 - ERROR - [Times of India] Request failed for strategy 'selenium_browser' on URL https://timesofindia.indiatimes.com/world/us/who-is-curtis-yarvin-ex-software-engineer-calls-trump-modern-day-lincoln-influences-conservative-circles/articleshow/125651146.cms: HTTPConnectionPool(host='localhost', port=59169): Read timed out. (read timeout=120)
2025-11-29 07:44:50,960 - ERROR - [Times of India] All scrape strategies failed for https://timesofindia.indiatimes.com/world/us/who-is-curtis-yarvin-ex-software-engineer-calls-trump-modern-day-lincoln-influences-conservative-circles/articleshow/125651146.cms. Falling back to RSS description.
2025-11-29 07:44:50,961 - INFO - Duplicate article skipped: Who is Curtis Yarvin? Ex-software engineer calls Trump 'modern-day Lincoln' from Times of India
2025-11-29 07:44:51,874 - INFO - [Times of India] Article: https://timesofindia.indiatimes.com/world/middle-east/filipinos-can-travel-to-oman-visa-free-starting-2026/articleshow/125651864.cms
2025-11-29 07:44:51,875 - INFO - [Times of India] Attempt 1/1: Trying with 'selenium_browser' strategy...
2025-11-29 07:45:39,825 - CRITICAL - --- TIMEOUT: 1 scrape jobs did not complete in 300s. ---
2025-11-29 07:45:39,825 - ERROR - A thread has timed out and will be abandoned.
2025-11-29 07:45:39,825 - INFO - Shutting down thread pool (wait=False)...
2025-11-29 07:45:39,825 - INFO - Scraped: 0 BBC, 0 The Guardian, 3 The Hindu, 1 Timed_Out_Jobs articles. (Total saved: 3)
2025-11-29 07:45:39,825 - INFO - --- Scraping job finished ---
2025-11-29 07:45:39,825 - INFO - --- Scraper service stopped and database connection closed. ---
2025-11-29 07:45:39,826 - INFO - --- Main thread finished. Forcing process exit to kill zombie threads. ---
