2025-12-05 04:04:57,196 - INFO - Loading AI Semantic Model (all-MiniLM-L6-v2)...
2025-12-05 04:04:57,197 - INFO - Use pytorch device_name: cpu
2025-12-05 04:04:57,197 - INFO - Load pretrained SentenceTransformer: all-MiniLM-L6-v2
2025-12-05 04:04:58,285 - INFO - AI Model loaded successfully.
2025-12-05 04:04:58,285 - INFO - Initializing database connection at: news_articles.db
2025-12-05 04:04:58,285 - INFO - --- Scraper service started (CI Mode: Run Once) ---
2025-12-05 04:04:58,285 - INFO - --- Starting new scraping job (Parallel Mode) ---
2025-12-05 04:04:58,285 - INFO - Creating new robust session with 3 retries on 5xx/connection/read errors.
2025-12-05 04:04:58,285 - INFO - Proxy is DISABLED.
2025-12-05 04:04:58,285 - INFO - Starting scrape for BBC RSS feed: http://feeds.bbci.co.uk/news/world/rss.xml
2025-12-05 04:04:58,286 - INFO - [Times of India] (Thread) requires Selenium. Initializing driver...
2025-12-05 04:04:58,286 - INFO - Initializing headless Selenium Chrome driver (using SeleniumManager)...
2025-12-05 04:04:58,287 - INFO - Starting scrape for The Guardian RSS feed: https://www.theguardian.com/world/rss
2025-12-05 04:04:58,288 - INFO - [The Hindu] (Thread) requires Selenium. Initializing driver...
2025-12-05 04:04:58,289 - INFO - Initializing headless Selenium Chrome driver (using SeleniumManager)...
2025-12-05 04:04:58,289 - INFO - Submitted 4 jobs to thread pool. Waiting up to 300s for completion...
2025-12-05 04:04:58,579 - INFO - Found 45 articles in The Guardian RSS feed. Processing up to 20.
2025-12-05 04:04:58,579 - INFO - [The Guardian] Article: https://www.theguardian.com/world/2025/dec/04/us-eu-critical-minerals-project-drc-report-lobito-corridor
2025-12-05 04:04:58,579 - INFO - [The Guardian] Attempt 1/1: Trying with 'requests_browser' strategy...
2025-12-05 04:04:58,622 - INFO - [The Guardian] Success with 'requests_browser'. Found content (813 words).
2025-12-05 04:04:58,658 - INFO - Duplicate article skipped: US and EU critical minerals project could displace thousands in DRC – report | Democratic Republic of the Congo | The Guardian from The Guardian
2025-12-05 04:04:58,705 - INFO - Found 48 articles in BBC RSS feed. Processing up to 20.
2025-12-05 04:04:58,705 - INFO - [BBC] Article: https://www.bbc.com/news/articles/cgexgwr1wrro?at_medium=RSS&at_campaign=rss
2025-12-05 04:04:58,705 - INFO - [BBC] Attempt 1/1: Trying with 'requests_browser' strategy...
2025-12-05 04:04:59,246 - INFO - [BBC] Success with 'requests_browser'. Found content (809 words).
2025-12-05 04:04:59,280 - INFO - Duplicate article skipped: Putin says Russia will take Donbas by force or Ukraine's troops will withdraw from BBC
2025-12-05 04:04:59,393 - INFO - [The Guardian] Article: https://www.theguardian.com/global-development/2025/dec/04/aid-cuts-africa-uganda-stops-refugee-status-eritreans-somalis-ethiopians
2025-12-05 04:04:59,393 - INFO - [The Guardian] Attempt 1/1: Trying with 'requests_browser' strategy...
2025-12-05 04:04:59,431 - INFO - [The Guardian] Success with 'requests_browser'. Found content (587 words).
2025-12-05 04:04:59,465 - INFO - Duplicate article skipped: Uganda stops granting refugee status for Eritreans, Somalis and Ethiopians | Global development | The Guardian from The Guardian
2025-12-05 04:05:00,073 - INFO - [BBC] Article: https://www.bbc.com/news/articles/cj4q2vpggr9o?at_medium=RSS&at_campaign=rss
2025-12-05 04:05:00,073 - INFO - [BBC] Attempt 1/1: Trying with 'requests_browser' strategy...
2025-12-05 04:05:00,124 - INFO - [BBC] Success with 'requests_browser'. Found content (1436 words).
2025-12-05 04:05:00,164 - INFO - Duplicate article skipped: India-Russia: Why Putin and Modi are meeting in Delhi from BBC
2025-12-05 04:05:00,764 - INFO - [The Guardian] Article: https://www.theguardian.com/artanddesign/2025/dec/04/ibrahim-mahama-ghana-tops-artreview-power-list
2025-12-05 04:05:00,764 - INFO - [The Guardian] Attempt 1/1: Trying with 'requests_browser' strategy...
2025-12-05 04:05:00,801 - INFO - [The Guardian] Success with 'requests_browser'. Found content (604 words).
2025-12-05 04:05:00,822 - INFO - [BBC] Article: https://www.bbc.com/news/articles/cde6d8wyp79o?at_medium=RSS&at_campaign=rss
2025-12-05 04:05:00,827 - INFO - [BBC] Attempt 1/1: Trying with 'requests_browser' strategy...
2025-12-05 04:05:00,837 - INFO - Duplicate article skipped: Ghana’s Ibrahim Mahama first African to top annual art power list | Art | The Guardian from The Guardian
2025-12-05 04:05:00,880 - INFO - [BBC] Success with 'requests_browser'. Found content (813 words).
2025-12-05 04:05:01,051 - INFO - Duplicate article skipped: Ireland among countries boycotting Eurovision after Israel allowed to compete from BBC
2025-12-05 04:05:01,667 - INFO - [BBC] Article: https://www.bbc.com/news/articles/cz0nd088e09o?at_medium=RSS&at_campaign=rss
2025-12-05 04:05:01,668 - INFO - [BBC] Attempt 1/1: Trying with 'requests_browser' strategy...
2025-12-05 04:05:01,707 - INFO - [BBC] Success with 'requests_browser'. Found content (555 words).
2025-12-05 04:05:01,740 - INFO - Duplicate article skipped: Yasser Abu Shabab: Anti-Hamas militia leader killed in Gaza from BBC
2025-12-05 04:05:01,831 - INFO - [The Guardian] Article: https://www.theguardian.com/uk-news/2025/dec/03/british-troops-accused-of-human-rights-violations-environmental-destruction-and-sexual-abuse-in-kenya
2025-12-05 04:05:01,832 - INFO - [The Guardian] Attempt 1/1: Trying with 'requests_browser' strategy...
2025-12-05 04:05:01,878 - INFO - [The Guardian] Success with 'requests_browser'. Found content (772 words).
2025-12-05 04:05:01,922 - INFO - Duplicate article skipped: British troops accused of human rights violations and sexual abuse in Kenya | British army | The Guardian from The Guardian
2025-12-05 04:05:02,257 - INFO - [BBC] Article: https://www.bbc.com/news/articles/c4gk7gz3d1eo?at_medium=RSS&at_campaign=rss
2025-12-05 04:05:02,257 - INFO - [BBC] Attempt 1/1: Trying with 'requests_browser' strategy...
2025-12-05 04:05:02,409 - INFO - [BBC] Success with 'requests_browser'. Found content (757 words).
2025-12-05 04:05:02,443 - INFO - Duplicate article skipped: 'All Israeli people are with us', say parents of last dead hostage in Gaza from BBC
2025-12-05 04:05:02,821 - INFO - [The Guardian] Article: https://www.theguardian.com/global-development/2025/dec/03/whistleblower-accuses-foreign-office-of-censoring-warning-of-sudan-genocide
2025-12-05 04:05:02,821 - INFO - [The Guardian] Attempt 1/1: Trying with 'requests_browser' strategy...
2025-12-05 04:05:02,865 - INFO - [The Guardian] Success with 'requests_browser'. Found content (1465 words).
2025-12-05 04:05:02,909 - INFO - Duplicate article skipped: Whistleblower accuses Foreign Office of ‘censoring’ warning of Sudan genocide | Global development | The Guardian from The Guardian
2025-12-05 04:05:03,137 - INFO - [BBC] Article: https://www.bbc.com/news/articles/cjrjn88jqn4o?at_medium=RSS&at_campaign=rss
2025-12-05 04:05:03,137 - INFO - [BBC] Attempt 1/1: Trying with 'requests_browser' strategy...
2025-12-05 04:05:03,793 - INFO - [BBC] Success with 'requests_browser'. Found content (1048 words).
2025-12-05 04:05:03,834 - INFO - Duplicate article skipped: Trump hosts signing of peace deal between leaders of DR Congo and Rwanda from BBC
2025-12-05 04:05:04,191 - INFO - [The Guardian] Article: https://www.theguardian.com/us-news/2025/dec/04/video-second-boat-strike-military-caribbean
2025-12-05 04:05:04,191 - INFO - [The Guardian] Attempt 1/1: Trying with 'requests_browser' strategy...
2025-12-05 04:05:04,232 - INFO - [The Guardian] Success with 'requests_browser'. Found content (1288 words).
2025-12-05 04:05:04,268 - INFO - Duplicate article skipped: Experts urge release of boat strike video as US admiral denies ‘kill them all’ order | US military | The Guardian from The Guardian
2025-12-05 04:05:05,082 - INFO - [The Guardian] Article: https://www.theguardian.com/us-news/2025/dec/04/student-describes-horror-show-ice-deportation-to-honduras-at-thanksgiving
2025-12-05 04:05:05,082 - INFO - [The Guardian] Attempt 1/1: Trying with 'requests_browser' strategy...
2025-12-05 04:05:05,157 - INFO - [The Guardian] Success with 'requests_browser'. Found content (1024 words).
2025-12-05 04:05:05,211 - INFO - Duplicate article skipped: Student describes ‘horror show’ ICE deportation to Honduras at Thanksgiving | ICE (US Immigration and Customs Enforcement) | The Guardian from The Guardian
2025-12-05 04:05:05,303 - INFO - [BBC] Article: https://www.bbc.com/news/articles/c62d8v6jpwzo?at_medium=RSS&at_campaign=rss
2025-12-05 04:05:05,304 - INFO - [BBC] Attempt 1/1: Trying with 'requests_browser' strategy...
2025-12-05 04:05:05,792 - INFO - [BBC] Success with 'requests_browser'. Found content (700 words).
2025-12-05 04:05:05,832 - INFO - Duplicate article skipped: Police arrest suspect in DC pipe bomb incident, ending years-long manhunt from BBC
2025-12-05 04:05:06,125 - INFO - Selenium driver initialized successfully.
2025-12-05 04:05:06,126 - INFO - Starting scrape for The Hindu RSS feed: https://www.thehindu.com/news/national/feeder/default.rss
2025-12-05 04:05:06,127 - INFO - Selenium driver initialized successfully.
2025-12-05 04:05:06,127 - INFO - Starting scrape for Times of India RSS feed: https://timesofindia.indiatimes.com/rssfeeds/296589292.cms
2025-12-05 04:05:06,370 - INFO - [The Guardian] Article: https://www.theguardian.com/us-news/2025/dec/04/venezuela-boat-strikes-legality-hegseth
2025-12-05 04:05:06,370 - INFO - [The Guardian] Attempt 1/1: Trying with 'requests_browser' strategy...
2025-12-05 04:05:06,411 - INFO - [The Guardian] Success with 'requests_browser'. Found content (1449 words).
2025-12-05 04:05:06,446 - INFO - Duplicate article skipped: Killing of survivors sparks outrage – but entire US ‘drug boat’ war is legally shaky | US military | The Guardian from The Guardian
2025-12-05 04:05:06,462 - INFO - [BBC] Article: https://www.bbc.com/news/articles/c157n1g977go?at_medium=RSS&at_campaign=rss
2025-12-05 04:05:06,462 - INFO - [BBC] Attempt 1/1: Trying with 'requests_browser' strategy...
2025-12-05 04:05:06,696 - INFO - Found 20 articles in Times of India RSS feed. Processing up to 20.
2025-12-05 04:05:06,696 - INFO - [Times of India] Article: https://timesofindia.indiatimes.com/world/us/support-free-speech-jd-vance-warns-eu-against-fining-x-over-non-compliance-labels-alleged-violations-garbage/articleshow/125778775.cms
2025-12-05 04:05:06,696 - INFO - [Times of India] Attempt 1/1: Trying with 'selenium_browser' strategy...
2025-12-05 04:05:06,844 - INFO - [BBC] Success with 'requests_browser'. Found content (1110 words).
2025-12-05 04:05:06,882 - INFO - Duplicate article skipped: 'Like first aid for manuscripts': Recovery work begins at Gaza's war-damaged heritage sites from BBC
2025-12-05 04:05:07,198 - INFO - Found 100 articles in The Hindu RSS feed. Processing up to 20.
2025-12-05 04:05:07,198 - INFO - [The Hindu] Article: https://www.thehindu.com/news/national/parliament-winter-session-lok-sabha-rajya-sabha-day-5-live-updates-december-5-2025/article70360315.ece
2025-12-05 04:05:07,198 - INFO - [The Hindu] Attempt 1/1: Trying with 'selenium_browser' strategy...
2025-12-05 04:05:07,351 - INFO - [The Guardian] Article: https://www.theguardian.com/us-news/2025/dec/03/epstein-caribbean-island-new-photo-video-release
2025-12-05 04:05:07,351 - INFO - [The Guardian] Attempt 1/1: Trying with 'requests_browser' strategy...
2025-12-05 04:05:07,397 - INFO - [The Guardian] Success with 'requests_browser'. Found content (373 words).
2025-12-05 04:05:07,453 - INFO - Duplicate article skipped: House Democrats release new images of Epstein’s private Caribbean island | Jeffrey Epstein | The Guardian from The Guardian
2025-12-05 04:05:07,725 - INFO - [BBC] Article: https://www.bbc.com/news/articles/cwyxjd6pxzro?at_medium=RSS&at_campaign=rss
2025-12-05 04:05:07,725 - INFO - [BBC] Attempt 1/1: Trying with 'requests_browser' strategy...
2025-12-05 04:05:07,900 - INFO - [BBC] Success with 'requests_browser'. Found content (1072 words).
2025-12-05 04:05:07,952 - INFO - Duplicate article skipped: Admiral testified Pete Hegseth did not give 'kill them all' order, US lawmakers say from BBC
2025-12-05 04:05:08,609 - INFO - [The Guardian] Article: https://www.theguardian.com/world/2025/dec/03/colombia-trump-warning-military-threat
2025-12-05 04:05:08,609 - INFO - [The Guardian] Attempt 1/1: Trying with 'requests_browser' strategy...
2025-12-05 04:05:08,666 - INFO - [The Guardian] Success with 'requests_browser'. Found content (612 words).
2025-12-05 04:05:08,738 - INFO - Duplicate article skipped: Colombia’s president warns Trump: ‘Do not wake the jaguar’ with threats of military strikes | Colombia | The Guardian from The Guardian
2025-12-05 04:05:09,342 - INFO - [BBC] Article: https://www.bbc.com/news/articles/c62n6y9yd70o?at_medium=RSS&at_campaign=rss
2025-12-05 04:05:09,342 - INFO - [BBC] Attempt 1/1: Trying with 'requests_browser' strategy...
2025-12-05 04:05:09,416 - INFO - [BBC] Success with 'requests_browser'. Found content (475 words).
2025-12-05 04:05:09,554 - INFO - Duplicate article skipped: Israel strikes south Lebanon after first direct talks in decades from BBC
2025-12-05 04:05:09,587 - INFO - [The Guardian] Article: https://www.theguardian.com/world/2025/dec/05/police-say-recovered-faberge-pendant-after-new-zealand-man-allegedly-swallowed-it
2025-12-05 04:05:09,588 - INFO - [The Guardian] Attempt 1/1: Trying with 'requests_browser' strategy...
2025-12-05 04:05:09,730 - INFO - [The Guardian] Success with 'requests_browser'. Found content (341 words).
2025-12-05 04:05:09,936 - INFO - Duplicate article skipped: Patient police say they have recovered Fabergé pendant from man accused of swallowing it | New Zealand | The Guardian from The Guardian
2025-12-05 04:05:10,107 - INFO - [BBC] Article: https://www.bbc.com/news/articles/cnv21vnyy9lo?at_medium=RSS&at_campaign=rss
2025-12-05 04:05:10,107 - INFO - [BBC] Attempt 1/1: Trying with 'requests_browser' strategy...
2025-12-05 04:05:10,246 - INFO - [BBC] Success with 'requests_browser'. Found content (199 words).
2025-12-05 04:05:10,346 - INFO - Duplicate article skipped: USGS alert sent for Nevada earthquake that did not happen from BBC
2025-12-05 04:05:11,046 - INFO - [BBC] Article: https://www.bbc.com/news/articles/cwyv7ggqpjpo?at_medium=RSS&at_campaign=rss
2025-12-05 04:05:11,046 - INFO - [BBC] Attempt 1/1: Trying with 'requests_browser' strategy...
2025-12-05 04:05:11,194 - INFO - [BBC] Success with 'requests_browser'. Found content (918 words).
2025-12-05 04:05:11,785 - INFO - [The Guardian] Article: https://www.theguardian.com/world/2025/dec/05/baby-fur-seal-wanders-into-bar-in-new-zealand
2025-12-05 04:05:11,786 - INFO - [The Guardian] Attempt 1/1: Trying with 'requests_browser' strategy...
2025-12-05 04:05:11,864 - INFO - Duplicate article skipped: Mange Kimambi: Tanzanian activist blocked from Instagram after mobilising election protests from BBC
2025-12-05 04:05:11,887 - INFO - [The Guardian] Success with 'requests_browser'. Found content (425 words).
2025-12-05 04:05:11,918 - INFO - [The Hindu] Page content loaded.
2025-12-05 04:05:11,986 - INFO - Duplicate article skipped: Baby fur seal wanders into a bar in New Zealand | New Zealand | The Guardian from The Guardian
2025-12-05 04:05:12,058 - INFO - [The Hindu] Success with 'selenium_browser'. Found content (184 words).
2025-12-05 04:05:12,684 - INFO - [BBC] Article: https://www.bbc.com/news/articles/cp84y7jx2pzo?at_medium=RSS&at_campaign=rss
2025-12-05 04:05:12,684 - INFO - [BBC] Attempt 1/1: Trying with 'requests_browser' strategy...
2025-12-05 04:05:12,784 - INFO - [The Guardian] Article: https://www.theguardian.com/world/2025/dec/04/nauru-australia-offshore-processing-asylum-seekers-conditions-hunger-declining-health
2025-12-05 04:05:12,785 - INFO - [The Guardian] Attempt 1/1: Trying with 'requests_browser' strategy...
2025-12-05 04:05:12,959 - INFO - [The Guardian] Success with 'requests_browser'. Found content (883 words).
2025-12-05 04:05:13,717 - INFO - [BBC] Success with 'requests_browser'. Found content (357 words).
2025-12-05 04:05:18,687 - INFO - [Times of India] Page content loaded.
2025-12-05 04:05:19,056 - INFO - [Times of India] Success with 'selenium_browser'. Found content (266 words).
2025-12-05 04:05:28,711 - INFO - DEDUPLICATION: Found match (Score: 0.87). Linking to Cluster ID: c8b40df1-cf8d-4c4d-acef-9b0a7f553df9
2025-12-05 04:05:28,713 - INFO - Saved article: Parliament Winter session Day 5 LIVE updates: Lok Sabha to take up further discussion on 'Health Security se National Security Cess Bill' - The Hindu from The Hindu
2025-12-05 04:05:28,713 - INFO - Duplicate article skipped: ‘Day by day I lose weight’: asylum seekers on Nauru get $115 a week, but a bag of grapes costs $20 | Nauru | The Guardian from The Guardian
2025-12-05 04:05:28,713 - INFO - Duplicate article skipped: South Korea: Government developing app showing real-time location of stalkers from BBC
2025-12-05 04:05:29,228 - INFO - [The Guardian] Article: https://www.theguardian.com/world/2025/dec/04/thailand-scam-cyberscam-crackdown-arrests-south-east-asia
2025-12-05 04:05:29,228 - INFO - [The Guardian] Attempt 1/1: Trying with 'requests_browser' strategy...
2025-12-05 04:05:29,276 - INFO - [The Guardian] Success with 'requests_browser'. Found content (575 words).
2025-12-05 04:05:29,568 - INFO - [The Hindu] Article: https://www.thehindu.com/news/cities/Kochi/kerala-local-body-polls-2025-mamkootathils-expulsion-dominates-political-debate-in-poll-bound-state/article70358061.ece
2025-12-05 04:05:29,568 - INFO - [The Hindu] Attempt 1/1: Trying with 'selenium_browser' strategy...
2025-12-05 04:05:30,043 - INFO - [BBC] Article: https://www.bbc.com/news/articles/c4g5rrlve33o?at_medium=RSS&at_campaign=rss
2025-12-05 04:05:30,044 - INFO - [BBC] Attempt 1/1: Trying with 'requests_browser' strategy...
2025-12-05 04:05:30,139 - INFO - [BBC] Success with 'requests_browser'. Found content (1003 words).
2025-12-05 04:05:30,867 - INFO - [The Hindu] Page content loaded.
2025-12-05 04:05:31,229 - INFO - [The Hindu] Success with 'selenium_browser'. Found content (727 words).
2025-12-05 04:05:42,557 - INFO - Saved article: ‘Support free speech’: JD Vance warns EU against fining X over non-compliance, labels alleged violations ‘garbage’ - The Times of India from Times of India
2025-12-05 04:05:42,557 - INFO - Duplicate article skipped: Thailand seizes more than $300m in assets and issues 42 arrest warrants in cyberscam crackdown | Thailand | The Guardian from The Guardian
2025-12-05 04:05:42,557 - INFO - Duplicate article skipped: Previously unseen images of Jeffrey Epstein's island released from BBC
2025-12-05 04:05:43,272 - INFO - [BBC] Article: https://www.bbc.com/news/articles/cd6x2j4g3z7o?at_medium=RSS&at_campaign=rss
2025-12-05 04:05:43,272 - INFO - [BBC] Attempt 1/1: Trying with 'requests_browser' strategy...
2025-12-05 04:05:43,286 - INFO - [Times of India] Article: https://timesofindia.indiatimes.com/world/us/biggest-ever-us-travel-ban-in-the-works-more-than-30-countries-could-be-under-review/articleshow/125778767.cms
2025-12-05 04:05:43,286 - INFO - [Times of India] Attempt 1/1: Trying with 'selenium_browser' strategy...
2025-12-05 04:05:43,469 - INFO - [BBC] Success with 'requests_browser'. Found content (696 words).
2025-12-05 04:05:44,053 - INFO - [The Guardian] Article: https://www.theguardian.com/news/2025/dec/04/hong-kong-fire-death-toll-protective-netting-remove
2025-12-05 04:05:44,053 - INFO - [The Guardian] Attempt 1/1: Trying with 'requests_browser' strategy...
2025-12-05 04:05:44,124 - INFO - [The Guardian] Success with 'requests_browser'. Found content (689 words).
2025-12-05 04:05:47,346 - INFO - [Times of India] Page content loaded.
2025-12-05 04:05:47,664 - INFO - [Times of India] Success with 'selenium_browser'. Found content (412 words).
2025-12-05 04:05:58,167 - INFO - DEDUPLICATION: Found match (Score: 0.78). Linking to Cluster ID: b0249646-3784-478b-bc86-a92135dbec56
2025-12-05 04:05:58,169 - INFO - Saved article: Kerala local body polls 2025: With MLA Rahul Mamkootathil’s expulsion, Congress seeks to reshape campaign dynamics - The Hindu from The Hindu
2025-12-05 04:05:58,169 - INFO - Duplicate article skipped: Israel says Palestinian groups returned body of Thai hostage from BBC
2025-12-05 04:05:58,170 - INFO - Duplicate article skipped: Hong Kong warns ‘external forces’ working to exploit apartment fire, as death toll rises to 159 | Hong Kong apartment fires | The Guardian from The Guardian
2025-12-05 04:05:58,170 - INFO - Duplicate article skipped: Biggest ever US travel ban in the works? More than 30 countries could be under review - The Times of India from Times of India
2025-12-05 04:05:58,778 - INFO - [The Hindu] Article: https://www.thehindu.com/news/cities/Hyderabad/telanganas-5-lakh-crore-land-gamble-growth-or-giveaway/article70359173.ece
2025-12-05 04:05:58,778 - INFO - [The Hindu] Attempt 1/1: Trying with 'selenium_browser' strategy...
2025-12-05 04:05:58,850 - INFO - [Times of India] Article: https://timesofindia.indiatimes.com/world/europe/who-is-luiza-rozova-putins-secret-daughter-says-really-sorry-for-her-fathers-ukraine-war-when-confronted-watch/articleshow/125778528.cms
2025-12-05 04:05:58,850 - INFO - [Times of India] Attempt 1/1: Trying with 'selenium_browser' strategy...
2025-12-05 04:05:59,602 - INFO - [The Guardian] Article: https://www.theguardian.com/australia-news/live/2025/dec/05/australia-news-live-skydivers-strike-aukus-review-anika-wells-travel-social-media-age-ban-coalition-labor-ntwnfb
2025-12-05 04:05:59,604 - INFO - [The Guardian] Attempt 1/1: Trying with 'requests_browser' strategy...
2025-12-05 04:05:59,651 - INFO - [BBC] Article: https://www.bbc.com/news/articles/cqjg7w8z7dvo?at_medium=RSS&at_campaign=rss
2025-12-05 04:05:59,651 - INFO - [BBC] Attempt 1/1: Trying with 'requests_browser' strategy...
2025-12-05 04:05:59,822 - INFO - [BBC] Success with 'requests_browser'. Found content (385 words).
2025-12-05 04:05:59,979 - INFO - Duplicate article skipped: Court sides with Adidas in appeal over Kanye West collaboration from BBC
2025-12-05 04:06:00,230 - INFO - [The Hindu] Page content loaded.
2025-12-05 04:06:00,429 - INFO - [The Guardian] Success with 'requests_browser'. Found content (3118 words).
2025-12-05 04:06:00,542 - INFO - [The Hindu] Success with 'selenium_browser'. Found content (1599 words).
2025-12-05 04:06:00,905 - INFO - [BBC] Article: https://www.bbc.com/news/articles/c5y9843engko?at_medium=RSS&at_campaign=rss
2025-12-05 04:06:00,905 - INFO - [BBC] Attempt 1/1: Trying with 'requests_browser' strategy...
2025-12-05 04:06:01,022 - INFO - Duplicate article skipped: Australia news live: sewage risks spilling into Sydney Harbour amid critical wastewater main leak; emergency warning for bushfire near Dubbo | Australia news | The Guardian from The Guardian
2025-12-05 04:06:01,122 - INFO - [BBC] Success with 'requests_browser'. Found content (445 words).
2025-12-05 04:06:01,420 - INFO - [Times of India] Page content loaded.
2025-12-05 04:06:01,707 - INFO - [Times of India] Success with 'selenium_browser'. Found content (361 words).
2025-12-05 04:06:02,186 - INFO - [The Guardian] Article: https://www.theguardian.com/australia-news/2025/dec/05/high-profile-man-melbourne-guilty-raping-woman-pretending-boyfriend-ntwnfb
2025-12-05 04:06:02,186 - INFO - [The Guardian] Attempt 1/1: Trying with 'requests_browser' strategy...
2025-12-05 04:06:02,377 - INFO - [The Guardian] Success with 'requests_browser'. Found content (321 words).
2025-12-05 04:06:18,241 - INFO - Saved article: Telangana’s ₹5 lakh crore land gamble: growth or giveaway? - The Hindu from The Hindu
2025-12-05 04:06:18,241 - INFO - Duplicate article skipped: Pritam Singh: Singapore court upholds opposition leader's conviction from BBC
2025-12-05 04:06:18,241 - INFO - Duplicate article skipped: Who is Luiza Rozova? Putin’s alleged secret daughter says she’s ‘really sorry’ for her father’s Ukraine war — watch - The Times of India from Times of India
2025-12-05 04:06:18,241 - INFO - Duplicate article skipped: Man from high-profile Melbourne family found guilty of raping woman while pretending to be her boyfriend | Victoria | The Guardian from The Guardian
2025-12-05 04:06:18,858 - INFO - [The Hindu] Article: https://www.thehindu.com/news/national/gujarat/sir-in-gujarat-more-than-17-lakh-deceased-voters-found-on-electoral-rolls/article70360352.ece
2025-12-05 04:06:18,858 - INFO - [The Hindu] Attempt 1/1: Trying with 'selenium_browser' strategy...
2025-12-05 04:06:19,390 - INFO - [BBC] Article: https://www.bbc.com/news/articles/cm2054rdv52o?at_medium=RSS&at_campaign=rss
2025-12-05 04:06:19,390 - INFO - [BBC] Attempt 1/1: Trying with 'requests_browser' strategy...
2025-12-05 04:06:19,468 - INFO - [BBC] Success with 'requests_browser'. Found content (1064 words).
2025-12-05 04:06:19,564 - INFO - [The Guardian] Article: https://www.theguardian.com/australia-news/2025/dec/05/parts-of-australia-hit-by-severe-heatwave-as-temperature-surges-past-40c-in-nsw-and-tasmanian-bushfires-threaten-properties
2025-12-05 04:06:19,570 - INFO - [The Guardian] Attempt 1/1: Trying with 'requests_browser' strategy...
2025-12-05 04:06:19,571 - INFO - Duplicate article skipped: Hong Kong fire survivor: 'My heart breaks every time I'm called a hero' from BBC
2025-12-05 04:06:19,636 - INFO - [The Guardian] Success with 'requests_browser'. Found content (670 words).
2025-12-05 04:06:19,649 - INFO - [Times of India] Article: https://timesofindia.indiatimes.com/world/us/us-strikes-pacific-four-killed-in-blitz-on-alleged-narco-terror-boat-watch/articleshow/125778482.cms
2025-12-05 04:06:19,649 - INFO - [Times of India] Attempt 1/1: Trying with 'selenium_browser' strategy...
2025-12-05 04:06:19,724 - INFO - Duplicate article skipped: Parts of Australia hit by severe heatwave as temperatures pass 40C in NSW and Tasmanian bushfires threaten properties | Australia weather | The Guardian from The Guardian
2025-12-05 04:06:20,702 - INFO - [BBC] Article: https://www.bbc.com/news/articles/cnv21m0zpjmo?at_medium=RSS&at_campaign=rss
2025-12-05 04:06:20,703 - INFO - [BBC] Attempt 1/1: Trying with 'requests_browser' strategy...
2025-12-05 04:06:20,889 - INFO - [The Guardian] Article: https://www.theguardian.com/australia-news/2025/dec/05/australia-skydivers-strike
2025-12-05 04:06:20,889 - INFO - [The Guardian] Attempt 1/1: Trying with 'requests_browser' strategy...
2025-12-05 04:06:21,022 - INFO - [The Guardian] Success with 'requests_browser'. Found content (521 words).
2025-12-05 04:06:21,184 - INFO - Duplicate article skipped: Skydivers go on strike in three Australian states and claim pay has plummeted | Australia news | The Guardian from The Guardian
2025-12-05 04:06:21,554 - INFO - [The Hindu] Page content loaded.
2025-12-05 04:06:21,636 - INFO - [The Hindu] Success with 'selenium_browser'. Found content (288 words).
2025-12-05 04:06:22,378 - INFO - [BBC] Success with 'requests_browser'. Found content (270 words).
2025-12-05 04:06:22,517 - INFO - [The Guardian] Article: https://www.theguardian.com/business/2025/dec/04/labor-urged-to-target-gas-exporters-and-bring-in-east-coast-reserve-right-now-as-it-weighs-schemes-design
2025-12-05 04:06:22,517 - INFO - [The Guardian] Attempt 1/1: Trying with 'requests_browser' strategy...
2025-12-05 04:06:22,616 - INFO - [The Guardian] Success with 'requests_browser'. Found content (758 words).
2025-12-05 04:06:24,722 - INFO - [Times of India] Page content loaded.
2025-12-05 04:06:25,171 - INFO - [Times of India] Success with 'selenium_browser'. Found content (480 words).
2025-12-05 04:06:37,918 - INFO - DEDUPLICATION: Found match (Score: 0.73). Linking to Cluster ID: 51ad6985-2a16-4b7f-a5bf-d9c7ad2cbf5a
2025-12-05 04:06:37,920 - INFO - Saved article: SIR in Gujarat: More than 17 lakh deceased voters found on electoral rolls - The Hindu from The Hindu
2025-12-05 04:06:37,920 - INFO - Duplicate article skipped: Gaza: Five killed in Israeli air strikes on tents near Khan Younis, medics say from BBC
2025-12-05 04:06:37,921 - INFO - Duplicate article skipped: Labor urged to target gas exporters and bring in east coast reserve ‘right now’ as it weighs scheme’s design | Gas | The Guardian from The Guardian
2025-12-05 04:06:37,921 - INFO - Duplicate article skipped: US strike in Pacific: Four killed in blitz on alleged narco-terror boat - watch - The Times of India from Times of India
2025-12-05 04:06:38,934 - INFO - [BBC] Article: https://www.bbc.com/news/articles/cpwk7xen544o?at_medium=RSS&at_campaign=rss
2025-12-05 04:06:38,934 - INFO - [BBC] Attempt 1/1: Trying with 'requests_browser' strategy...
2025-12-05 04:06:39,024 - INFO - [The Hindu] Article: https://www.thehindu.com/business/sebi-bars-financial-advisor-avadhut-sathe-from-securities-market-orders-impounding-of-546-crore/article70359178.ece
2025-12-05 04:06:39,024 - INFO - [The Hindu] Attempt 1/1: Trying with 'selenium_browser' strategy...
2025-12-05 04:06:39,209 - INFO - [Times of India] Article: https://timesofindia.indiatimes.com/world/us-streamers/blake-neff-rejects-candace-owens-offer-to-join-charlie-kirks-tpusa-livestream-virtually-pushes-forward-with-kirk-livestream-alone/articleshow/125778022.cms
2025-12-05 04:06:39,209 - INFO - [Times of India] Attempt 1/1: Trying with 'selenium_browser' strategy...
2025-12-05 04:06:39,534 - INFO - [BBC] Success with 'requests_browser'. Found content (668 words).
2025-12-05 04:06:39,572 - INFO - Duplicate article skipped: Israel says Rafah crossing to open soon to let Gazans leave via Egypt from BBC
2025-12-05 04:06:40,822 - INFO - [The Hindu] Page content loaded.
2025-12-05 04:06:41,056 - INFO - [The Hindu] Success with 'selenium_browser'. Found content (681 words).
2025-12-05 04:06:41,179 - INFO - Duplicate article skipped: SEBI bars financial advisor Avadhut Sathe from securities market; orders impounding of ₹546 crore - The Hindu from The Hindu
2025-12-05 04:06:42,122 - INFO - [The Hindu] Article: https://www.thehindu.com/news/national/how-the-mahad-satyagrahas-shaped-constitutional-discourse/article70357466.ece
2025-12-05 04:06:42,122 - INFO - [The Hindu] Attempt 1/1: Trying with 'selenium_browser' strategy...
2025-12-05 04:06:43,023 - INFO - [Times of India] Page content loaded.
2025-12-05 04:06:43,210 - INFO - [Times of India] Success with 'selenium_browser'. Found content (416 words).
2025-12-05 04:06:43,318 - INFO - Duplicate article skipped: Blake Neff rejects Candace Owens’ offer to join Charlie Kirk's TPUSA livestream virtually, pushes forward with Kirk livestream alone - The Times of India from Times of India
2025-12-05 04:06:43,963 - INFO - [Times of India] Article: https://timesofindia.indiatimes.com/world/us-streamers/nick-fuentes-calls-out-candace-owens-after-her-tough-talk-does-not-match-her-tpusa-move-in-charlie-kirk-case/articleshow/125778011.cms
2025-12-05 04:06:43,963 - INFO - [Times of India] Attempt 1/1: Trying with 'selenium_browser' strategy...
2025-12-05 04:06:45,203 - INFO - [The Hindu] Page content loaded.
2025-12-05 04:06:45,466 - INFO - [The Hindu] Success with 'selenium_browser'. Found content (1056 words).
2025-12-05 04:06:45,642 - INFO - Duplicate article skipped: How the Mahad satyagraha(s) shaped constitutional discourse - The Hindu from The Hindu
2025-12-05 04:06:46,332 - INFO - [The Hindu] Article: https://www.thehindu.com/news/cities/bangalore/bengaluru-airport-indigo-flight-cancellations-fourth-day/article70360304.ece
2025-12-05 04:06:46,332 - INFO - [The Hindu] Attempt 1/1: Trying with 'selenium_browser' strategy...
2025-12-05 04:06:46,423 - INFO - [Times of India] Page content loaded.
2025-12-05 04:06:46,732 - INFO - [Times of India] Success with 'selenium_browser'. Found content (428 words).
2025-12-05 04:06:47,105 - INFO - Duplicate article skipped: Nick Fuentes calls out Candace Owens after her tough talk does not match her TPUSA move in Charlie Kirk case - The Times of India from Times of India
2025-12-05 04:06:48,155 - INFO - [Times of India] Article: https://timesofindia.indiatimes.com/world/us-streamers/get-shot-on-stream-asmongold-fears-twitch-could-face-a-deadly-crisis-if-nuisance-streamers-continue-to-thrive/articleshow/125777747.cms
2025-12-05 04:06:48,155 - INFO - [Times of India] Attempt 1/1: Trying with 'selenium_browser' strategy...
2025-12-05 04:06:50,564 - INFO - [The Hindu] Page content loaded.
2025-12-05 04:06:50,696 - INFO - [The Hindu] Success with 'selenium_browser'. Found content (192 words).
2025-12-05 04:06:50,822 - INFO - Duplicate article skipped: 102 IndiGo flights cancelled at Bengaluru airport as disruptions continue for fourth day in row - The Hindu from The Hindu
2025-12-05 04:06:52,287 - INFO - [The Hindu] Article: https://www.thehindu.com/news/national/russia-president-putin-india-visit-pm-modi-live-updates-december-5-2025/article70360305.ece
2025-12-05 04:06:52,287 - INFO - [The Hindu] Attempt 1/1: Trying with 'selenium_browser' strategy...
2025-12-05 04:06:54,791 - INFO - [The Hindu] Page content loaded.
2025-12-05 04:06:54,878 - INFO - [The Hindu] Success with 'selenium_browser'. Found content (162 words).
2025-12-05 04:06:54,971 - INFO - Duplicate article skipped: Putin's India visit LIVE: Russian President set to attend 23rd India-Russia annual summit today - The Hindu from The Hindu
2025-12-05 04:06:55,601 - INFO - [The Hindu] Article: https://www.thehindu.com/data/economic-offenders-who-fled-the-country-owe-39000-crores-to-indian-banks/article70356001.ece
2025-12-05 04:06:55,601 - INFO - [The Hindu] Attempt 1/1: Trying with 'selenium_browser' strategy...
2025-12-05 04:07:55,619 - ERROR - [The Hindu] Request failed for strategy 'selenium_browser' on URL https://www.thehindu.com/data/economic-offenders-who-fled-the-country-owe-39000-crores-to-indian-banks/article70356001.ece: Message: timeout: Timed out receiving message from renderer: 59.049
  (Session info: chrome=142.0.7444.175)
Stacktrace:
#0 0x5646047254ca <unknown>
#1 0x564604173e4b <unknown>
#2 0x56460415be14 <unknown>
#3 0x56460415baf7 <unknown>
#4 0x5646041598ff <unknown>
#5 0x56460415a27f <unknown>
#6 0x564604168cb3 <unknown>
#7 0x5646041825f1 <unknown>
#8 0x564604188dfb <unknown>
#9 0x56460415a9bd <unknown>
#10 0x564604182399 <unknown>
#11 0x564604213169 <unknown>
#12 0x5646041b8c2a <unknown>
#13 0x5646041b9931 <unknown>
#14 0x5646046ebcf9 <unknown>
#15 0x5646046eecdc <unknown>
#16 0x5646046d4f79 <unknown>
#17 0x5646046ef8b5 <unknown>
#18 0x5646046bc9c3 <unknown>
#19 0x564604712228 <unknown>
#20 0x564604712403 <unknown>
#21 0x564604724463 <unknown>
#22 0x7fae8a69caa4 <unknown>
#23 0x7fae8a729c6c <unknown>

2025-12-05 04:07:55,619 - ERROR - [The Hindu] All scrape strategies failed for https://www.thehindu.com/data/economic-offenders-who-fled-the-country-owe-39000-crores-to-indian-banks/article70356001.ece. Falling back to RSS description.
2025-12-05 04:07:55,619 - INFO - Duplicate article skipped: Economic offenders who fled the country owe ₹39,000 crores to Indian Banks from The Hindu
2025-12-05 04:07:56,294 - INFO - [The Hindu] Article: https://www.thehindu.com/news/national/uttarakhand/uttarakhand-begins-pre-revision-exercise-to-verify-voters-from-2003-rolls/article70360283.ece
2025-12-05 04:07:56,294 - INFO - [The Hindu] Attempt 1/1: Trying with 'selenium_browser' strategy...
2025-12-05 04:08:48,251 - ERROR - [Times of India] Request failed for strategy 'selenium_browser' on URL https://timesofindia.indiatimes.com/world/us-streamers/get-shot-on-stream-asmongold-fears-twitch-could-face-a-deadly-crisis-if-nuisance-streamers-continue-to-thrive/articleshow/125777747.cms: HTTPConnectionPool(host='localhost', port=55857): Read timed out. (read timeout=120)
2025-12-05 04:08:48,252 - ERROR - [Times of India] All scrape strategies failed for https://timesofindia.indiatimes.com/world/us-streamers/get-shot-on-stream-asmongold-fears-twitch-could-face-a-deadly-crisis-if-nuisance-streamers-continue-to-thrive/articleshow/125777747.cms. Falling back to RSS description.
2025-12-05 04:08:48,252 - INFO - Duplicate article skipped: “Get shot on stream”: Asmongold fears Twitch could face a deadly crisis if ‘nuisance streamers’ continue to thrive from Times of India
2025-12-05 04:08:49,164 - INFO - [Times of India] Article: https://timesofindia.indiatimes.com/world/us-streamers/candace-owens-drops-fierce-claim-as-federal-agent-tip-links-tpusa-to-hidden-egyptian-planes-story-in-charlie-kirk-assassination-case/articleshow/125777687.cms
2025-12-05 04:08:49,164 - INFO - [Times of India] Attempt 1/1: Trying with 'selenium_browser' strategy...
2025-12-05 04:08:56,309 - ERROR - [The Hindu] Request failed for strategy 'selenium_browser' on URL https://www.thehindu.com/news/national/uttarakhand/uttarakhand-begins-pre-revision-exercise-to-verify-voters-from-2003-rolls/article70360283.ece: Message: timeout: Timed out receiving message from renderer: 59.914
  (Session info: chrome=142.0.7444.175)
Stacktrace:
#0 0x5646047254ca <unknown>
#1 0x564604173e4b <unknown>
#2 0x56460415be14 <unknown>
#3 0x56460415baf7 <unknown>
#4 0x5646041598ff <unknown>
#5 0x56460415a27f <unknown>
#6 0x564604168cb3 <unknown>
#7 0x5646041825f1 <unknown>
#8 0x564604188dfb <unknown>
#9 0x56460415a9bd <unknown>
#10 0x564604182399 <unknown>
#11 0x564604213169 <unknown>
#12 0x5646041b8c2a <unknown>
#13 0x5646041b9931 <unknown>
#14 0x5646046ebcf9 <unknown>
#15 0x5646046eecdc <unknown>
#16 0x5646046d4f79 <unknown>
#17 0x5646046ef8b5 <unknown>
#18 0x5646046bc9c3 <unknown>
#19 0x564604712228 <unknown>
#20 0x564604712403 <unknown>
#21 0x564604724463 <unknown>
#22 0x7fae8a69caa4 <unknown>
#23 0x7fae8a729c6c <unknown>

2025-12-05 04:08:56,309 - ERROR - [The Hindu] All scrape strategies failed for https://www.thehindu.com/news/national/uttarakhand/uttarakhand-begins-pre-revision-exercise-to-verify-voters-from-2003-rolls/article70360283.ece. Falling back to RSS description.
2025-12-05 04:08:56,310 - INFO - Duplicate article skipped: Uttarakhand begins pre-revision exercise to verify voters from 2003 rolls from The Hindu
2025-12-05 04:08:57,108 - INFO - [The Hindu] Article: https://www.thehindu.com/news/national/uttar-pradesh/opposition-slams-lucknow-mayor-for-her-visit-to-slums-to-identify-illegal-immigrants/article70358254.ece
2025-12-05 04:08:57,108 - INFO - [The Hindu] Attempt 1/1: Trying with 'selenium_browser' strategy...
2025-12-05 04:08:57,783 - INFO - [The Hindu] Page content loaded.
2025-12-05 04:08:57,892 - INFO - [The Hindu] Success with 'selenium_browser'. Found content (507 words).
2025-12-05 04:08:57,970 - INFO - Duplicate article skipped: Opposition slams Lucknow mayor for her visit to slums to identify ‘illegal immigrants’ - The Hindu from The Hindu
2025-12-05 04:08:58,839 - INFO - [The Hindu] Article: https://www.thehindu.com/news/national/karnataka/healthy-collaboration-and-competition-among-states-will-help-build-a-strong-and-diversified-space-industry/article70354235.ece
2025-12-05 04:08:58,839 - INFO - [The Hindu] Attempt 1/1: Trying with 'selenium_browser' strategy...
2025-12-05 04:08:59,708 - INFO - [The Hindu] Page content loaded.
2025-12-05 04:08:59,941 - INFO - [The Hindu] Success with 'selenium_browser'. Found content (381 words).
2025-12-05 04:09:00,047 - INFO - Duplicate article skipped: ‘Healthy competition among States will help build a strong and diversified space industry’ - The Hindu from The Hindu
2025-12-05 04:09:01,218 - INFO - [The Hindu] Article: https://www.thehindu.com/news/national/karnataka/can-karnataka-retain-its-numero-uno-tag-as-indias-top-destination-for-space/article70353692.ece
2025-12-05 04:09:01,218 - INFO - [The Hindu] Attempt 1/1: Trying with 'selenium_browser' strategy...
2025-12-05 04:09:02,339 - INFO - [The Hindu] Page content loaded.
2025-12-05 04:09:02,506 - INFO - [The Hindu] Success with 'selenium_browser'. Found content (1458 words).
2025-12-05 04:09:02,581 - INFO - Duplicate article skipped: Can Karnataka retain tag of India’s top destination for space? - The Hindu from The Hindu
2025-12-05 04:09:03,956 - INFO - [The Hindu] Article: https://www.thehindu.com/sci-tech/energy-and-environment/green-humour-cartoon-rohan-chakravarty-nicobar-environmental-issues-development-cost/article70348591.ece
2025-12-05 04:09:03,956 - INFO - [The Hindu] Attempt 1/1: Trying with 'selenium_browser' strategy...
2025-12-05 04:09:06,416 - INFO - [The Hindu] Page content loaded.
2025-12-05 04:09:06,554 - WARNING - [The Hindu] FAILED with 'selenium_browser' (content was too short: 37 words).
2025-12-05 04:09:06,555 - ERROR - [The Hindu] All scrape strategies failed for https://www.thehindu.com/sci-tech/energy-and-environment/green-humour-cartoon-rohan-chakravarty-nicobar-environmental-issues-development-cost/article70348591.ece. Falling back to RSS description.
2025-12-05 04:09:06,555 - INFO - Duplicate article skipped: Environmental concerns in Nicobar | Green Humour by Rohan Chakravarty from The Hindu
2025-12-05 04:09:07,574 - INFO - [The Hindu] Article: https://www.thehindu.com/books/book-review-the-eleventh-hour-author-salman-rushdieshort-stories-mumbai-2022-attack/article70338315.ece
2025-12-05 04:09:07,574 - INFO - [The Hindu] Attempt 1/1: Trying with 'selenium_browser' strategy...
2025-12-05 04:09:10,092 - INFO - [The Hindu] Page content loaded.
2025-12-05 04:09:10,188 - INFO - [The Hindu] Success with 'selenium_browser'. Found content (916 words).
2025-12-05 04:09:10,251 - INFO - Duplicate article skipped: Salman Rushdie and his magic space | Review of The Eleventh Hour - The Hindu from The Hindu
2025-12-05 04:09:11,333 - INFO - [The Hindu] Article: https://www.thehindu.com/sci-tech/energy-and-environment/world-soil-day-grassland-soils-not-trees-anchor-indias-climate-resilience/article70356791.ece
2025-12-05 04:09:11,333 - INFO - [The Hindu] Attempt 1/1: Trying with 'selenium_browser' strategy...
2025-12-05 04:09:12,033 - INFO - [The Hindu] Page content loaded.
2025-12-05 04:09:12,105 - INFO - [The Hindu] Success with 'selenium_browser'. Found content (1019 words).
2025-12-05 04:09:12,184 - INFO - Duplicate article skipped: World Soil Day: Grassland soils, not trees, anchor India’s climate resilience - The Hindu from The Hindu
2025-12-05 04:09:13,625 - INFO - [The Hindu] Article: https://www.thehindu.com/sci-tech/health/from-robotic-surgery-to-radiation-beams-understanding-precision-healing-in-oncology/article70352474.ece
2025-12-05 04:09:13,625 - INFO - [The Hindu] Attempt 1/1: Trying with 'selenium_browser' strategy...
2025-12-05 04:09:14,561 - INFO - [The Hindu] Page content loaded.
2025-12-05 04:09:14,719 - INFO - [The Hindu] Success with 'selenium_browser'. Found content (861 words).
2025-12-05 04:09:14,802 - INFO - Duplicate article skipped: From robotic surgery to radiation beams: understanding precision healing in oncology - The Hindu from The Hindu
2025-12-05 04:09:15,633 - INFO - [The Hindu] Article: https://www.thehindu.com/news/national/uttar-pradesh/nations-identity-is-rooted-in-its-culture-traditions-and-the-legacy-of-great-personalities-says-up-cm-yogi/article70358495.ece
2025-12-05 04:09:15,633 - INFO - [The Hindu] Attempt 1/1: Trying with 'selenium_browser' strategy...
2025-12-05 04:09:16,349 - INFO - [The Hindu] Page content loaded.
2025-12-05 04:09:16,390 - INFO - [The Hindu] Success with 'selenium_browser'. Found content (326 words).
2025-12-05 04:09:16,445 - INFO - Duplicate article skipped: Nation’s identity is rooted in its culture, traditions, and the legacy of great personalities, says U.P. CM Yogi - The Hindu from The Hindu
2025-12-05 04:09:17,754 - INFO - [The Hindu] Article: https://www.thehindu.com/news/national/tamil-nadu/lifetime-achievement-award-presented-to-tk-padmanabhan/article70358307.ece
2025-12-05 04:09:17,754 - INFO - [The Hindu] Attempt 1/1: Trying with 'selenium_browser' strategy...
2025-12-05 04:09:20,061 - INFO - [The Hindu] Page content loaded.
2025-12-05 04:09:20,144 - INFO - [The Hindu] Success with 'selenium_browser'. Found content (255 words).
2025-12-05 04:09:20,246 - INFO - Duplicate article skipped: Lifetime Achievement Award presented to T.K. Padmanabhan - The Hindu from The Hindu
2025-12-05 04:09:21,444 - INFO - [The Hindu] Article: https://www.thehindu.com/news/national/maharashtra/mahayutigave-financial-and-intellectual-bankruptcy-congress/article70358489.ece
2025-12-05 04:09:21,444 - INFO - [The Hindu] Attempt 1/1: Trying with 'selenium_browser' strategy...
2025-12-05 04:09:22,294 - INFO - [The Hindu] Page content loaded.
2025-12-05 04:09:22,427 - INFO - [The Hindu] Success with 'selenium_browser'. Found content (311 words).
2025-12-05 04:09:22,532 - INFO - Duplicate article skipped: Mahayuti gave financial and intellectual bankruptcy: Congress - The Hindu from The Hindu
2025-12-05 04:09:23,189 - INFO - [The Hindu] (Thread) Finished. Attempting to shut down its Selenium driver.
2025-12-05 04:09:23,392 - INFO - [The Hindu] (Thread) driver.quit() successful.
2025-12-05 04:09:58,289 - CRITICAL - --- TIMEOUT: 1 scrape jobs did not complete in 300s. ---
2025-12-05 04:09:58,289 - ERROR - A thread has timed out and will be abandoned.
2025-12-05 04:09:58,289 - INFO - Shutting down thread pool (wait=False)...
2025-12-05 04:09:58,289 - INFO - Scraped: 0 BBC, 0 The Guardian, 4 The Hindu, 1 Timed_Out_Jobs articles. (Total saved: 4)
2025-12-05 04:09:58,289 - INFO - --- Scraping job finished ---
2025-12-05 04:09:58,290 - INFO - --- Scraper service stopped and database connection closed. ---
2025-12-05 04:09:58,290 - INFO - --- Main thread finished. Forcing process exit to kill zombie threads. ---
