2025-11-27 05:57:48,444 - INFO - Loading AI Semantic Model (all-MiniLM-L6-v2)...
2025-11-27 05:57:48,445 - INFO - Use pytorch device_name: cpu
2025-11-27 05:57:48,445 - INFO - Load pretrained SentenceTransformer: all-MiniLM-L6-v2
2025-11-27 05:57:48,916 - INFO - AI Model loaded successfully.
2025-11-27 05:57:48,917 - INFO - Initializing database connection at: news_articles.db
2025-11-27 05:57:48,917 - INFO - --- Scraper service started (CI Mode: Run Once) ---
2025-11-27 05:57:48,917 - INFO - --- Starting new scraping job (Parallel Mode) ---
2025-11-27 05:57:48,917 - INFO - Creating new robust session with 3 retries on 5xx/connection/read errors.
2025-11-27 05:57:48,918 - INFO - Proxy is DISABLED.
2025-11-27 05:57:48,918 - INFO - Starting scrape for BBC RSS feed: http://feeds.bbci.co.uk/news/world/rss.xml
2025-11-27 05:57:48,919 - INFO - [Times of India] (Thread) requires Selenium. Initializing driver...
2025-11-27 05:57:48,919 - INFO - Initializing headless Selenium Chrome driver (using SeleniumManager)...
2025-11-27 05:57:48,919 - INFO - Starting scrape for The Guardian RSS feed: https://www.theguardian.com/world/rss
2025-11-27 05:57:48,921 - INFO - [The Hindu] (Thread) requires Selenium. Initializing driver...
2025-11-27 05:57:48,921 - INFO - Initializing headless Selenium Chrome driver (using SeleniumManager)...
2025-11-27 05:57:48,922 - INFO - Submitted 4 jobs to thread pool. Waiting up to 300s for completion...
2025-11-27 05:57:48,995 - INFO - Found 45 articles in The Guardian RSS feed. Processing up to 20.
2025-11-27 05:57:48,995 - INFO - [The Guardian] Article: https://www.theguardian.com/world/2025/nov/26/guinea-bissau-officers-take-total-control-close-borders-amid-election-chaos
2025-11-27 05:57:48,995 - INFO - [The Guardian] Attempt 1/1: Trying with 'requests_browser' strategy...
2025-11-27 05:57:49,019 - INFO - [The Guardian] Success with 'requests_browser'. Found content (412 words).
2025-11-27 05:57:49,060 - INFO - Duplicate article skipped: Guinea-Bissau military takes ‘total control’ amid election chaos | Guinea-Bissau | The Guardian from The Guardian
2025-11-27 05:57:49,106 - INFO - Found 39 articles in BBC RSS feed. Processing up to 20.
2025-11-27 05:57:49,107 - INFO - [BBC] Article: https://www.bbc.com/news/articles/cvg165d7ppvo?at_medium=RSS&at_campaign=rss
2025-11-27 05:57:49,107 - INFO - [BBC] Attempt 1/1: Trying with 'requests_browser' strategy...
2025-11-27 05:57:49,221 - INFO - [BBC] Success with 'requests_browser'. Found content (635 words).
2025-11-27 05:57:49,265 - INFO - Duplicate article skipped: Hong Kong: At least 44 dead and hundreds missing after fire engulfs tower blocks from BBC
2025-11-27 05:57:49,807 - INFO - [BBC] Article: https://www.bbc.com/news/articles/cdxe9r7wjgro?at_medium=RSS&at_campaign=rss
2025-11-27 05:57:49,808 - INFO - [BBC] Attempt 1/1: Trying with 'requests_browser' strategy...
2025-11-27 05:57:49,841 - INFO - [BBC] Success with 'requests_browser'. Found content (1290 words).
2025-11-27 05:57:49,878 - INFO - Duplicate article skipped: What we know about the Hong Kong apartment fires from BBC
2025-11-27 05:57:49,895 - INFO - [The Guardian] Article: https://www.theguardian.com/world/2025/nov/25/nigerian-schoolgirls-rescued-after-mass-abduction-in-kebbi
2025-11-27 05:57:49,895 - INFO - [The Guardian] Attempt 1/1: Trying with 'requests_browser' strategy...
2025-11-27 05:57:49,921 - INFO - [The Guardian] Success with 'requests_browser'. Found content (515 words).
2025-11-27 05:57:49,963 - INFO - Duplicate article skipped: Nigerian schoolgirls rescued after mass abduction in Kebbi | Nigeria | The Guardian from The Guardian
2025-11-27 05:57:50,839 - INFO - [The Guardian] Article: https://www.theguardian.com/world/2025/nov/25/jacob-zuma-daughter-accused-tricking-men-fighting-for-russia-in-ukraine
2025-11-27 05:57:50,839 - INFO - [The Guardian] Attempt 1/1: Trying with 'requests_browser' strategy...
2025-11-27 05:57:50,869 - INFO - [The Guardian] Success with 'requests_browser'. Found content (656 words).
2025-11-27 05:57:50,914 - INFO - Duplicate article skipped: Jacob Zuma’s daughter accused of tricking men into fighting for Russia in Ukraine | South Africa | The Guardian from The Guardian
2025-11-27 05:57:51,375 - INFO - [BBC] Article: https://www.bbc.com/news/articles/cvgjnlx1g6yo?at_medium=RSS&at_campaign=rss
2025-11-27 05:57:51,375 - INFO - [BBC] Attempt 1/1: Trying with 'requests_browser' strategy...
2025-11-27 05:57:51,404 - INFO - [BBC] Success with 'requests_browser'. Found content (783 words).
2025-11-27 05:57:51,571 - INFO - Duplicate article skipped: Hong Kong residents react as deadly fire tears through housing estate from BBC
2025-11-27 05:57:52,098 - INFO - [The Guardian] Article: https://www.theguardian.com/uk-news/2025/nov/24/uk-rejects-nigerian-request-to-deport-former-politican-ike-ekweremadu-jailed-for-organ-trafficking
2025-11-27 05:57:52,098 - INFO - [The Guardian] Attempt 1/1: Trying with 'requests_browser' strategy...
2025-11-27 05:57:52,118 - INFO - [The Guardian] Success with 'requests_browser'. Found content (545 words).
2025-11-27 05:57:52,151 - INFO - Duplicate article skipped: UK rejects Nigerian request to deport former politican jailed for organ trafficking | UK news | The Guardian from The Guardian
2025-11-27 05:57:52,283 - INFO - [BBC] Article: https://www.bbc.com/news/articles/c3r7xr94ln8o?at_medium=RSS&at_campaign=rss
2025-11-27 05:57:52,283 - INFO - [BBC] Attempt 1/1: Trying with 'requests_browser' strategy...
2025-11-27 05:57:52,312 - INFO - [BBC] Success with 'requests_browser'. Found content (719 words).
2025-11-27 05:57:52,347 - INFO - Duplicate article skipped: Trump defends Witkoff after leak appears to show envoy coaching Russias from BBC
2025-11-27 05:57:52,946 - INFO - [BBC] Article: https://www.bbc.com/news/articles/cly0jjv2lg1o?at_medium=RSS&at_campaign=rss
2025-11-27 05:57:52,946 - INFO - [BBC] Attempt 1/1: Trying with 'requests_browser' strategy...
2025-11-27 05:57:52,979 - INFO - [BBC] Success with 'requests_browser'. Found content (1341 words).
2025-11-27 05:57:53,015 - INFO - Duplicate article skipped: Russia Ukraine war: Where peace stands after frantic diplomacy from BBC
2025-11-27 05:57:53,414 - INFO - [The Guardian] Article: https://www.theguardian.com/world/2025/nov/24/ethiopian-volcano-hayli-gubbi-erupts-first-time-12000-years
2025-11-27 05:57:53,414 - INFO - [The Guardian] Attempt 1/1: Trying with 'requests_browser' strategy...
2025-11-27 05:57:53,435 - INFO - [The Guardian] Success with 'requests_browser'. Found content (306 words).
2025-11-27 05:57:53,468 - INFO - Duplicate article skipped: Ethiopian volcano erupts for first time in 12,000 years | Ethiopia | The Guardian from The Guardian
2025-11-27 05:57:53,697 - INFO - [BBC] Article: https://www.bbc.com/news/articles/czxpd8pv4gyo?at_medium=RSS&at_campaign=rss
2025-11-27 05:57:53,697 - INFO - [BBC] Attempt 1/1: Trying with 'requests_browser' strategy...
2025-11-27 05:57:53,732 - INFO - [BBC] Success with 'requests_browser'. Found content (894 words).
2025-11-27 05:57:54,872 - INFO - [The Guardian] Article: https://www.theguardian.com/world/2025/nov/27/st-vincent-prime-minister-seeks-record-sixth-term-in-tight-election
2025-11-27 05:57:54,872 - INFO - [The Guardian] Attempt 1/1: Trying with 'requests_browser' strategy...
2025-11-27 05:57:54,910 - INFO - [The Guardian] Success with 'requests_browser'. Found content (677 words).
2025-11-27 05:57:55,594 - INFO - Saved article: Georgia judge drops 2020 election interference case against Trump from BBC
2025-11-27 05:57:56,752 - INFO - [BBC] Article: https://www.bbc.com/news/articles/c0edww3qgq2o?at_medium=RSS&at_campaign=rss
2025-11-27 05:57:56,752 - INFO - [BBC] Attempt 1/1: Trying with 'requests_browser' strategy...
2025-11-27 05:57:56,800 - INFO - [BBC] Success with 'requests_browser'. Found content (560 words).
2025-11-27 05:57:57,444 - INFO - Saved article: St Vincent prime minister seeks record sixth term in tight election | St Vincent and the Grenadines | The Guardian from The Guardian
2025-11-27 05:57:58,703 - INFO - [The Guardian] Article: https://www.theguardian.com/us-news/2025/nov/26/trump-temporary-protected-status-haiti
2025-11-27 05:57:58,703 - INFO - [The Guardian] Attempt 1/1: Trying with 'requests_browser' strategy...
2025-11-27 05:57:58,753 - INFO - [The Guardian] Success with 'requests_browser'. Found content (409 words).
2025-11-27 05:57:59,409 - INFO - Saved article: Guinea-Bissau coup: Soldiers seize power and detain President Umaro Sissoco Embaló from BBC
2025-11-27 05:58:00,546 - INFO - [BBC] Article: https://www.bbc.com/news/articles/c74x55epn34o?at_medium=RSS&at_campaign=rss
2025-11-27 05:58:00,546 - INFO - [BBC] Attempt 1/1: Trying with 'requests_browser' strategy...
2025-11-27 05:58:00,584 - INFO - [BBC] Success with 'requests_browser'. Found content (303 words).
2025-11-27 05:58:01,520 - INFO - Saved article: Trump officials halt protected status for Haitians in US | US immigration | The Guardian from The Guardian
2025-11-27 05:58:01,657 - INFO - Selenium driver initialized successfully.
2025-11-27 05:58:01,657 - INFO - Starting scrape for The Hindu RSS feed: https://www.thehindu.com/news/national/feeder/default.rss
2025-11-27 05:58:01,660 - INFO - Selenium driver initialized successfully.
2025-11-27 05:58:01,660 - INFO - Starting scrape for Times of India RSS feed: https://timesofindia.indiatimes.com/rssfeeds/296589292.cms
2025-11-27 05:58:01,775 - INFO - Found 20 articles in Times of India RSS feed. Processing up to 20.
2025-11-27 05:58:01,778 - INFO - [Times of India] Article: https://timesofindia.indiatimes.com/world/us/they-are-killing-white-people-donald-trump-bars-south-africa-from-g20-in-miami-stops-all-us-subsidies-to-the-african-nation/articleshow/125604667.cms
2025-11-27 05:58:01,778 - INFO - [Times of India] Attempt 1/1: Trying with 'selenium_browser' strategy...
2025-11-27 05:58:01,911 - INFO - Found 100 articles in The Hindu RSS feed. Processing up to 20.
2025-11-27 05:58:01,911 - INFO - [The Hindu] Article: https://www.thehindu.com/news/national/tamil-nadu/ka-sengottaiyan-former-tn-minister-expelled-from-aiadmk-joins-tvk/article70329096.ece
2025-11-27 05:58:01,911 - INFO - [The Hindu] Attempt 1/1: Trying with 'selenium_browser' strategy...
2025-11-27 05:58:02,451 - INFO - [The Guardian] Article: https://www.theguardian.com/us-news/2025/nov/26/kristi-noem-deportation-flights-el-salvador
2025-11-27 05:58:02,451 - INFO - [The Guardian] Attempt 1/1: Trying with 'requests_browser' strategy...
2025-11-27 05:58:02,505 - INFO - [The Guardian] Success with 'requests_browser'. Found content (433 words).
2025-11-27 05:58:04,677 - INFO - Saved article: Nicolas Sarkozy illegal campaign financing conviction upheld from BBC
2025-11-27 05:58:06,091 - INFO - [BBC] Article: https://www.bbc.com/news/articles/c9d9l7w1g8yo?at_medium=RSS&at_campaign=rss
2025-11-27 05:58:06,091 - INFO - [BBC] Attempt 1/1: Trying with 'requests_browser' strategy...
2025-11-27 05:58:06,372 - INFO - [BBC] Success with 'requests_browser'. Found content (420 words).
2025-11-27 05:58:12,888 - INFO - [The Hindu] Page content loaded.
2025-11-27 05:58:16,057 - INFO - [The Hindu] Success with 'selenium_browser'. Found content (155 words).
2025-11-27 05:58:18,925 - INFO - Saved article: Noem made decision to continue deportation flights to El Salvador, justice department says | Trump administration | The Guardian from The Guardian
2025-11-27 05:58:19,544 - INFO - [The Guardian] Article: https://www.theguardian.com/world/2025/nov/26/maduro-defends-venezuela-against-trump-military
2025-11-27 05:58:19,544 - INFO - [The Guardian] Attempt 1/1: Trying with 'requests_browser' strategy...
2025-11-27 05:58:19,694 - INFO - [The Guardian] Success with 'requests_browser'. Found content (567 words).
2025-11-27 05:58:25,970 - INFO - Saved article: Australia social media ban: Teens challenge law before High Court from BBC
2025-11-27 05:58:26,819 - INFO - [BBC] Article: https://www.bbc.com/news/articles/cr4drle9k12o?at_medium=RSS&at_campaign=rss
2025-11-27 05:58:26,819 - INFO - [BBC] Attempt 1/1: Trying with 'requests_browser' strategy...
2025-11-27 05:58:26,998 - INFO - [BBC] Success with 'requests_browser'. Found content (493 words).
2025-11-27 05:58:34,602 - INFO - Saved article: K.A. Sengottaiyan, former TN minister expelled from AIADMK, joins TVK - The Hindu from The Hindu
2025-11-27 05:58:35,210 - INFO - [The Hindu] Article: https://www.thehindu.com/life-and-style/travel/brij-sone-bagh-a-sustainable-luxury-forest-retreat-in-bandhavgarh/article70269996.ece
2025-11-27 05:58:35,210 - INFO - [The Hindu] Attempt 1/1: Trying with 'selenium_browser' strategy...
2025-11-27 05:58:49,032 - INFO - Saved article: Trump threatens Venezuela’s Maduro with ‘the easy way … or the hard way’ | Nicolás Maduro | The Guardian from The Guardian
2025-11-27 05:58:49,085 - INFO - [The Hindu] Page content loaded.
2025-11-27 05:58:49,702 - INFO - [The Hindu] Success with 'selenium_browser'. Found content (901 words).
2025-11-27 05:58:50,200 - INFO - [The Guardian] Article: https://www.theguardian.com/us-news/2025/nov/25/trump-caribbean-boat-strikes-memo
2025-11-27 05:58:50,200 - INFO - [The Guardian] Attempt 1/1: Trying with 'requests_browser' strategy...
2025-11-27 05:58:52,492 - INFO - [The Guardian] Success with 'requests_browser'. Found content (952 words).
2025-11-27 05:58:57,701 - INFO - Saved article: Chicago man accused of setting train passenger on fire had 72 prior arrests from BBC
2025-11-27 05:58:59,034 - INFO - [BBC] Article: https://www.bbc.com/news/articles/ckg97wx144jo?at_medium=RSS&at_campaign=rss
2025-11-27 05:58:59,034 - INFO - [BBC] Attempt 1/1: Trying with 'requests_browser' strategy...
2025-11-27 05:58:59,193 - INFO - [BBC] Success with 'requests_browser'. Found content (534 words).
2025-11-27 05:59:00,733 - INFO - Saved article: Brij Sone Bagh: A sustainable luxury forest retreat in Bandhavgarh - The Hindu from The Hindu
2025-11-27 05:59:01,427 - INFO - [The Hindu] Article: https://www.thehindu.com/news/national/supreme-court-sets-up-medical-board-at-noida-hospital-to-explore-passive-euthanasia-for-31-yr-old/article70329005.ece
2025-11-27 05:59:01,427 - INFO - [The Hindu] Attempt 1/1: Trying with 'selenium_browser' strategy...
2025-11-27 05:59:09,485 - INFO - [The Hindu] Page content loaded.
2025-11-27 05:59:09,937 - INFO - [The Hindu] Success with 'selenium_browser'. Found content (820 words).
2025-11-27 05:59:10,781 - INFO - Saved article: US justice department memo about boat strikes diverges from Trump narrative | Trump administration | The Guardian from The Guardian
2025-11-27 05:59:12,100 - INFO - [The Guardian] Article: https://www.theguardian.com/world/live/2025/nov/27/hong-kong-fire-arrests-dead-killed-hundreds-missing-housing-complex-blaze
2025-11-27 05:59:12,100 - INFO - [The Guardian] Attempt 1/1: Trying with 'requests_browser' strategy...
2025-11-27 05:59:13,152 - INFO - [The Guardian] Success with 'requests_browser'. Found content (1522 words).
2025-11-27 05:59:15,870 - INFO - Saved article: South East Asia floods: Scores killed and thousands evacuated from record rainfall from BBC
2025-11-27 05:59:15,870 - INFO - Duplicate article skipped: Supreme Court sets up medical board at Noida hospital to explore passive euthanasia for 31-year-old - The Hindu from The Hindu
2025-11-27 05:59:16,548 - INFO - [BBC] Article: https://www.bbc.com/news/articles/c1dzp050yn2o?at_medium=RSS&at_campaign=rss
2025-11-27 05:59:16,548 - INFO - [BBC] Attempt 1/1: Trying with 'requests_browser' strategy...
2025-11-27 05:59:16,625 - INFO - [BBC] Success with 'requests_browser'. Found content (1232 words).
2025-11-27 05:59:16,905 - INFO - [The Hindu] Article: https://www.thehindu.com/news/national/assam/assam-cabinet-approves-report-on-st-status-for-six-communities/article70328896.ece
2025-11-27 05:59:16,905 - INFO - [The Hindu] Attempt 1/1: Trying with 'selenium_browser' strategy...
2025-11-27 05:59:22,947 - INFO - [The Hindu] Page content loaded.
2025-11-27 05:59:23,509 - INFO - [The Hindu] Success with 'selenium_browser'. Found content (268 words).
2025-11-27 05:59:23,828 - INFO - DEDUPLICATION: Found match (Score: 0.86). Linking to Cluster ID: f02e647e-7026-4d9a-b1cc-3ab51f1731b4
2025-11-27 05:59:23,830 - INFO - Saved article: Hong Kong fire: rescue crews search apartment blocks for survivors; dozens killed and hundreds missing after blaze – follow updates | Hong Kong | The Guardian from The Guardian
2025-11-27 05:59:24,604 - INFO - [The Guardian] Article: https://www.theguardian.com/world/2025/nov/27/jakarta-overtakes-tokyo-most-populous-city-world
2025-11-27 05:59:24,604 - INFO - [The Guardian] Attempt 1/1: Trying with 'requests_browser' strategy...
2025-11-27 05:59:24,659 - INFO - [The Guardian] Success with 'requests_browser'. Found content (515 words).
2025-11-27 05:59:27,056 - INFO - Saved article: Italian parliament unanimously votes to make femicide a crime from BBC
2025-11-27 05:59:27,056 - INFO - Duplicate article skipped: Assam Cabinet approves report on ST status for six communities - The Hindu from The Hindu
2025-11-27 05:59:27,745 - INFO - [BBC] Article: https://www.bbc.com/news/articles/cp84xed0g18o?at_medium=RSS&at_campaign=rss
2025-11-27 05:59:27,745 - INFO - [BBC] Attempt 1/1: Trying with 'requests_browser' strategy...
2025-11-27 05:59:27,931 - INFO - [BBC] Success with 'requests_browser'. Found content (500 words).
2025-11-27 05:59:28,169 - INFO - [The Hindu] Article: https://www.thehindu.com/news/cities/bangalore/41-flights-affected-due-to-dense-fog-at-kia-in-bengaluru/article70328871.ece
2025-11-27 05:59:28,169 - INFO - [The Hindu] Attempt 1/1: Trying with 'selenium_browser' strategy...
2025-11-27 05:59:33,431 - INFO - [The Hindu] Page content loaded.
2025-11-27 05:59:33,706 - INFO - [The Hindu] Success with 'selenium_browser'. Found content (143 words).
2025-11-27 05:59:34,352 - INFO - Saved article: Jakarta overtakes Tokyo as world’s most populous city, according to UN | Indonesia | The Guardian from The Guardian
2025-11-27 05:59:35,543 - INFO - [The Guardian] Article: https://www.theguardian.com/world/2025/nov/26/hong-kong-fire-tai-po-towers
2025-11-27 05:59:35,543 - INFO - [The Guardian] Attempt 1/1: Trying with 'requests_browser' strategy...
2025-11-27 05:59:35,692 - INFO - [The Guardian] Success with 'requests_browser'. Found content (742 words).
2025-11-27 05:59:37,939 - INFO - Saved article: New Zealand 'suitcase murders': Woman gets life in prison for killing her two children from BBC
2025-11-27 05:59:37,940 - INFO - Duplicate article skipped: 41 flights affected due to dense fog at KIA in Bengaluru - The Hindu from The Hindu
2025-11-27 05:59:39,144 - INFO - [The Hindu] Article: https://www.thehindu.com/news/national/kerala/family-of-late-kerala-dalit-activist-chitralekha-faces-eviction-after-bank-issues-foreclosure-notice/article70328839.ece
2025-11-27 05:59:39,144 - INFO - [The Hindu] Attempt 1/1: Trying with 'selenium_browser' strategy...
2025-11-27 05:59:39,351 - INFO - [BBC] Article: https://www.bbc.com/news/articles/cgmnv3yd28zo?at_medium=RSS&at_campaign=rss
2025-11-27 05:59:39,351 - INFO - [BBC] Attempt 1/1: Trying with 'requests_browser' strategy...
2025-11-27 05:59:39,642 - INFO - [BBC] Success with 'requests_browser'. Found content (702 words).
2025-11-27 05:59:40,738 - INFO - [The Hindu] Page content loaded.
2025-11-27 05:59:41,072 - INFO - [The Hindu] Success with 'selenium_browser'. Found content (324 words).
2025-11-27 05:59:43,893 - INFO - DEDUPLICATION: Found match (Score: 0.90). Linking to Cluster ID: f02e647e-7026-4d9a-b1cc-3ab51f1731b4
2025-11-27 05:59:43,896 - INFO - Saved article: Death toll in Hong Kong tower block fire rises to 44 with hundreds still missing | Hong Kong | The Guardian from The Guardian
2025-11-27 05:59:45,007 - INFO - [The Guardian] Article: https://www.theguardian.com/world/2025/nov/26/bamboo-scaffolding-may-be-to-blame-for-spread-of-hong-kong-tower-block-fire
2025-11-27 05:59:45,007 - INFO - [The Guardian] Attempt 1/1: Trying with 'requests_browser' strategy...
2025-11-27 05:59:45,060 - INFO - [The Guardian] Success with 'requests_browser'. Found content (339 words).
2025-11-27 05:59:47,079 - INFO - DEDUPLICATION: Found match (Score: 0.90). Linking to Cluster ID: 16ef3e6a-6acc-4354-b2ff-43613892eb3a
2025-11-27 05:59:47,080 - INFO - Saved article: Nigeria's kidnap crisis: Twenty-four schoolgirls freed over a week after abduction in Kebbi state from BBC
2025-11-27 05:59:47,080 - INFO - Duplicate article skipped: Family of late Kerala dalit activist Chitralekha faces eviction after bank issues foreclosure notice - The Hindu from The Hindu
2025-11-27 05:59:47,886 - INFO - [BBC] Article: https://www.bbc.com/news/articles/c17x0xjqj21o?at_medium=RSS&at_campaign=rss
2025-11-27 05:59:47,886 - INFO - [BBC] Attempt 1/1: Trying with 'requests_browser' strategy...
2025-11-27 05:59:47,941 - INFO - [BBC] Success with 'requests_browser'. Found content (561 words).
2025-11-27 05:59:48,270 - INFO - [The Hindu] Article: https://www.thehindu.com/news/national/govt-appoints-new-frros-for-rajasthan-assam-chandigarh-and-haryana/article70328829.ece
2025-11-27 05:59:48,270 - INFO - [The Hindu] Attempt 1/1: Trying with 'selenium_browser' strategy...
2025-11-27 05:59:51,986 - INFO - [The Hindu] Page content loaded.
2025-11-27 05:59:52,096 - INFO - [The Hindu] Success with 'selenium_browser'. Found content (318 words).
2025-11-27 05:59:53,026 - INFO - DEDUPLICATION: Found match (Score: 0.75). Linking to Cluster ID: f02e647e-7026-4d9a-b1cc-3ab51f1731b4
2025-11-27 05:59:53,030 - INFO - Saved article: Bamboo scaffolding may be to blame for spread of Hong Kong tower block fire | Hong Kong | The Guardian from The Guardian
2025-11-27 05:59:53,623 - INFO - [The Guardian] Article: https://www.theguardian.com/world/2025/nov/26/taiwan-extra-40bn-defence-spending-china-threat
2025-11-27 05:59:53,625 - INFO - [The Guardian] Attempt 1/1: Trying with 'requests_browser' strategy...
2025-11-27 05:59:53,760 - INFO - [The Guardian] Success with 'requests_browser'. Found content (566 words).
2025-11-27 05:59:57,078 - INFO - Saved article: Israel says Hamas and PIJ returned body of Gaza hostage Dror Or from BBC
2025-11-27 05:59:57,078 - INFO - Duplicate article skipped: Govt appoints new FRROs for Rajasthan, Assam, Chandigarh and Haryana - The Hindu from The Hindu
2025-11-27 05:59:57,912 - INFO - [BBC] Article: https://www.bbc.com/news/articles/c208wjpv4r9o?at_medium=RSS&at_campaign=rss
2025-11-27 05:59:57,912 - INFO - [BBC] Attempt 1/1: Trying with 'requests_browser' strategy...
2025-11-27 05:59:57,964 - INFO - [BBC] Success with 'requests_browser'. Found content (692 words).
2025-11-27 05:59:58,561 - INFO - [The Hindu] Article: https://www.thehindu.com/news/national/manipur/manipur-3-militants-arrested-for-threatening-to-bomb-sangai-tourism-festival/article70328830.ece
2025-11-27 05:59:58,561 - INFO - [The Hindu] Attempt 1/1: Trying with 'selenium_browser' strategy...
2025-11-27 06:00:01,744 - INFO - [The Hindu] Page content loaded.
2025-11-27 06:00:01,880 - ERROR - [Times of India] Request failed for strategy 'selenium_browser' on URL https://timesofindia.indiatimes.com/world/us/they-are-killing-white-people-donald-trump-bars-south-africa-from-g20-in-miami-stops-all-us-subsidies-to-the-african-nation/articleshow/125604667.cms: HTTPConnectionPool(host='localhost', port=37043): Read timed out. (read timeout=120)
2025-11-27 06:00:01,880 - ERROR - [Times of India] All scrape strategies failed for https://timesofindia.indiatimes.com/world/us/they-are-killing-white-people-donald-trump-bars-south-africa-from-g20-in-miami-stops-all-us-subsidies-to-the-african-nation/articleshow/125604667.cms. Falling back to RSS description.
2025-11-27 06:00:01,882 - INFO - [The Hindu] Success with 'selenium_browser'. Found content (160 words).
2025-11-27 06:00:03,023 - INFO - Saved article: Taiwan plans extra $40bn in defence spending to counter China’s ‘intensifying’ threats | Taiwan | The Guardian from The Guardian
2025-11-27 06:00:03,559 - INFO - [The Guardian] Article: https://www.theguardian.com/media/2025/nov/27/teens-high-court-injunction-australia-under-16s-social-media-ban
2025-11-27 06:00:03,559 - INFO - [The Guardian] Attempt 1/1: Trying with 'requests_browser' strategy...
2025-11-27 06:00:03,804 - INFO - [The Guardian] Success with 'requests_browser'. Found content (753 words).
2025-11-27 06:00:07,134 - INFO - DEDUPLICATION: Found match (Score: 0.79). Linking to Cluster ID: 27d132bb-3e14-499d-8367-c42245998eec
2025-11-27 06:00:07,136 - INFO - Saved article: No real intent in Moscow to engage in peace talks, says von der Leyen from BBC
2025-11-27 06:00:07,136 - INFO - Duplicate article skipped: 'They are killing white people': Donald Trump bars South Africa from G20 in Miami; stops all US subsidies to the African nation from Times of India
2025-11-27 06:00:08,384 - INFO - [Times of India] Article: https://timesofindia.indiatimes.com/science/clams-oyster-and-more-iss-astronauts-ditch-apollo-era-thanksgiving-enjoy-special-holiday-meal/articleshow/125603718.cms
2025-11-27 06:00:08,384 - INFO - [Times of India] Attempt 1/1: Trying with 'selenium_browser' strategy...
2025-11-27 06:00:08,619 - INFO - [BBC] Article: https://www.bbc.com/news/articles/ckgl0jv7y61o?at_medium=RSS&at_campaign=rss
2025-11-27 06:00:08,619 - INFO - [BBC] Attempt 1/1: Trying with 'requests_browser' strategy...
2025-11-27 06:00:08,708 - INFO - [BBC] Success with 'requests_browser'. Found content (329 words).
2025-11-27 06:00:11,045 - INFO - Saved article: Manipur: 3 militants arrested for 'threatening' to bomb Sangai tourism festival - The Hindu from The Hindu
2025-11-27 06:00:12,047 - INFO - [The Hindu] Article: https://www.thehindu.com/news/cities/Visakhapatnam/david-beckhams-visit-in-visakhapatnam-school-highlights-classroom-innovation/article70328748.ece
2025-11-27 06:00:12,047 - INFO - [The Hindu] Attempt 1/1: Trying with 'selenium_browser' strategy...
2025-11-27 06:00:13,674 - INFO - [The Hindu] Page content loaded.
2025-11-27 06:00:13,877 - INFO - [The Hindu] Success with 'selenium_browser'. Found content (472 words).
2025-11-27 06:00:17,232 - INFO - DEDUPLICATION: Found match (Score: 0.87). Linking to Cluster ID: 61be5898-4a49-4e0b-bc3c-cb678e011d96
2025-11-27 06:00:17,235 - INFO - Saved article: Teens seek urgent high court injunction to block Australian government’s social media ban | Social media | The Guardian from The Guardian
2025-11-27 06:00:17,802 - INFO - [The Guardian] Article: https://www.theguardian.com/australia-news/live/2025/nov/27/australia-politics-live-barnaby-joyce-one-nation-pauline-hanson-environment-nature-bill-deal-coalition-greens-murray-watt-question-time-anthony-albanese-sussan-ley-ntwnfb
2025-11-27 06:00:17,803 - INFO - [The Guardian] Attempt 1/1: Trying with 'requests_browser' strategy...
2025-11-27 06:00:18,095 - INFO - [The Guardian] Success with 'requests_browser'. Found content (2832 words).
2025-11-27 06:00:21,120 - INFO - Saved article: Robert Irwin wins Dancing with the Stars, a decade after sister's victory from BBC
2025-11-27 06:00:21,911 - INFO - [BBC] Article: https://www.bbc.com/news/articles/c997r8pyyz4o?at_medium=RSS&at_campaign=rss
2025-11-27 06:00:21,911 - INFO - [BBC] Attempt 1/1: Trying with 'requests_browser' strategy...
2025-11-27 06:00:21,962 - INFO - [BBC] Success with 'requests_browser'. Found content (308 words).
2025-11-27 06:00:25,052 - INFO - Saved article: David Beckham’s visit in Visakhapatnam school highlights classroom innovation - The Hindu from The Hindu
2025-11-27 06:00:25,920 - INFO - [The Hindu] Article: https://www.thehindu.com/news/national/andhra-pradesh/amaravati-to-have-cosmos-planetarium-under-mou-with-indian-institute-of-astrophysics/article70328744.ece
2025-11-27 06:00:25,920 - INFO - [The Hindu] Attempt 1/1: Trying with 'selenium_browser' strategy...
2025-11-27 06:00:31,903 - INFO - [The Hindu] Page content loaded.
2025-11-27 06:00:32,243 - INFO - [The Hindu] Success with 'selenium_browser'. Found content (198 words).
2025-11-27 06:00:33,134 - INFO - Saved article: Australia politics live: Graeme Samuel says Coalition ‘manoeuvred themselves into irrelevance’ on nature laws reform | Australia news | The Guardian from The Guardian
2025-11-27 06:00:34,137 - INFO - [The Guardian] Article: https://www.theguardian.com/business/2025/nov/27/banks-new-rules-high-risk-home-loans-property-market-australia
2025-11-27 06:00:34,137 - INFO - [The Guardian] Attempt 1/1: Trying with 'requests_browser' strategy...
2025-11-27 06:00:34,322 - INFO - [The Guardian] Success with 'requests_browser'. Found content (586 words).
2025-11-27 06:00:37,772 - INFO - Saved article: Parking inspector and wife arrested for €1m meter theft from BBC
2025-11-27 06:00:38,753 - INFO - [BBC] Article: https://www.bbc.com/news/articles/c30jp1m43p5o?at_medium=RSS&at_campaign=rss
2025-11-27 06:00:38,753 - INFO - [BBC] Attempt 1/1: Trying with 'requests_browser' strategy...
2025-11-27 06:00:38,817 - INFO - [BBC] Success with 'requests_browser'. Found content (841 words).
2025-11-27 06:00:42,063 - INFO - Saved article: Amaravati to have ‘Cosmos Planetarium’ under MoU with Indian Institute of Astrophysics - The Hindu from The Hindu
2025-11-27 06:00:43,109 - INFO - [The Hindu] Article: https://www.thehindu.com/news/national/ed-arrests-gaming-platform-winzos-founder-duo-on-money-laundering-charges/article70328775.ece
2025-11-27 06:00:43,109 - INFO - [The Hindu] Attempt 1/1: Trying with 'selenium_browser' strategy...
2025-11-27 06:00:46,443 - INFO - [The Hindu] Page content loaded.
2025-11-27 06:00:46,543 - INFO - [The Hindu] Success with 'selenium_browser'. Found content (484 words).
2025-11-27 06:00:49,189 - INFO - Saved article: New rules crack down on high risk loans as Australian property market heats up | Australian economy | The Guardian from The Guardian
2025-11-27 06:00:50,332 - INFO - [The Guardian] Article: https://www.theguardian.com/environment/2025/nov/27/crowdy-beach-bay-shark-attack-nsw-mid-north-coast
2025-11-27 06:00:50,332 - INFO - [The Guardian] Attempt 1/1: Trying with 'requests_browser' strategy...
2025-11-27 06:00:50,688 - INFO - [The Guardian] Success with 'requests_browser'. Found content (686 words).
2025-11-27 06:00:54,002 - INFO - Saved article: Palestinian-US teen held by Israel for nine months without charge due in court from BBC
2025-11-27 06:00:54,686 - INFO - [BBC] Article: https://www.bbc.com/news/articles/cr4dl19npv5o?at_medium=RSS&at_campaign=rss
2025-11-27 06:00:54,686 - INFO - [BBC] Attempt 1/1: Trying with 'requests_browser' strategy...
2025-11-27 06:00:54,775 - INFO - [BBC] Success with 'requests_browser'. Found content (398 words).
2025-11-27 06:00:58,786 - INFO - Saved article: ED arrests gaming platform WinZO's founder duo on money laundering charges - The Hindu from The Hindu
2025-11-27 06:00:59,682 - INFO - [The Hindu] Article: https://www.thehindu.com/news/national/kerala/kerala-local-body-polls-parties-scout-among-ashas-haritha-karma-sena-members-for-candidates/article70318817.ece
2025-11-27 06:00:59,682 - INFO - [The Hindu] Attempt 1/1: Trying with 'selenium_browser' strategy...
2025-11-27 06:01:01,579 - INFO - [The Hindu] Page content loaded.
2025-11-27 06:01:01,829 - INFO - [The Hindu] Success with 'selenium_browser'. Found content (621 words).
2025-11-27 06:01:06,799 - INFO - Saved article: Large bull shark kills woman and injures man in attack at NSW beach | Sharks | The Guardian from The Guardian
2025-11-27 06:01:07,804 - INFO - [The Guardian] Article: https://www.theguardian.com/australia-news/2025/nov/27/barnaby-joyce-nationals-defection-one-nation
2025-11-27 06:01:07,804 - INFO - [The Guardian] Attempt 1/1: Trying with 'requests_browser' strategy...
2025-11-27 06:01:07,882 - INFO - [The Guardian] Success with 'requests_browser'. Found content (714 words).
2025-11-27 06:01:11,704 - INFO - Saved article: Brazil: Bolsonaro ordered to start serving 27-year prison sentence for coup plot from BBC
2025-11-27 06:01:16,571 - INFO - Saved article: Kerala local body polls: Parties scout among ASHAs, Haritha Karma Sena members for candidates - The Hindu from The Hindu
2025-11-27 06:01:17,542 - INFO - [The Hindu] Article: https://www.thehindu.com/news/national/kerala/kerala-local-body-polls-bjp-removes-ips-tag-from-campaign-material-of-former-dgp-r-sreelekha/article70326321.ece
2025-11-27 06:01:17,542 - INFO - [The Hindu] Attempt 1/1: Trying with 'selenium_browser' strategy...
2025-11-27 06:01:24,257 - INFO - Saved article: Barnaby Joyce ‘strongly considering’ move to One Nation after quitting National party | Barnaby Joyce | The Guardian from The Guardian
2025-11-27 06:02:08,485 - ERROR - [Times of India] Request failed for strategy 'selenium_browser' on URL https://timesofindia.indiatimes.com/science/clams-oyster-and-more-iss-astronauts-ditch-apollo-era-thanksgiving-enjoy-special-holiday-meal/articleshow/125603718.cms: HTTPConnectionPool(host='localhost', port=37043): Read timed out. (read timeout=120)
2025-11-27 06:02:08,485 - ERROR - [Times of India] All scrape strategies failed for https://timesofindia.indiatimes.com/science/clams-oyster-and-more-iss-astronauts-ditch-apollo-era-thanksgiving-enjoy-special-holiday-meal/articleshow/125603718.cms. Falling back to RSS description.
2025-11-27 06:02:08,485 - INFO - Duplicate article skipped: Clams, oyster and more: ISS astronauts ditch Apollo-era Thanksgiving; enjoy special holiday meal from Times of India
2025-11-27 06:02:09,279 - INFO - [Times of India] Article: https://timesofindia.indiatimes.com/world/us/perfect-maga-fairytale-joy-reid-expects-jd-vance-to-leave-brown-hindu-wife-usha-for-white-queen-erika-kirk-watch-video/articleshow/125603899.cms
2025-11-27 06:02:09,279 - INFO - [Times of India] Attempt 1/1: Trying with 'selenium_browser' strategy...
2025-11-27 06:02:17,562 - ERROR - [The Hindu] Request failed for strategy 'selenium_browser' on URL https://www.thehindu.com/news/national/kerala/kerala-local-body-polls-bjp-removes-ips-tag-from-campaign-material-of-former-dgp-r-sreelekha/article70326321.ece: Message: timeout: Timed out receiving message from renderer: 59.145
  (Session info: chrome=142.0.7444.162)
Stacktrace:
#0 0x559b7d24932a <unknown>
#1 0x559b7cc95e4b <unknown>
#2 0x559b7cc7de0d <unknown>
#3 0x559b7cc7daf0 <unknown>
#4 0x559b7cc7b8ff <unknown>
#5 0x559b7cc7c27f <unknown>
#6 0x559b7cc8aca3 <unknown>
#7 0x559b7cca4601 <unknown>
#8 0x559b7ccaae0b <unknown>
#9 0x559b7cc7c9bd <unknown>
#10 0x559b7cca43a7 <unknown>
#11 0x559b7cd35170 <unknown>
#12 0x559b7ccdac1a <unknown>
#13 0x559b7ccdb921 <unknown>
#14 0x559b7d210239 <unknown>
#15 0x559b7d2131e8 <unknown>
#16 0x559b7d1f94c9 <unknown>
#17 0x559b7d213db5 <unknown>
#18 0x559b7d1e0e93 <unknown>
#19 0x559b7d236098 <unknown>
#20 0x559b7d236273 <unknown>
#21 0x559b7d2482c3 <unknown>
#22 0x7f880409caa4 <unknown>
#23 0x7f8804129c6c <unknown>

2025-11-27 06:02:17,562 - ERROR - [The Hindu] All scrape strategies failed for https://www.thehindu.com/news/national/kerala/kerala-local-body-polls-bjp-removes-ips-tag-from-campaign-material-of-former-dgp-r-sreelekha/article70326321.ece. Falling back to RSS description.
2025-11-27 06:02:22,620 - INFO - Saved article: Kerala local body polls: BJP removes ‘IPS’ tag from campaign material of former DGP R. Sreelekha from The Hindu
2025-11-27 06:02:24,017 - INFO - [The Hindu] Article: https://www.thehindu.com/news/national/kerala/kerala-local-body-elections-high-court-verdict-may-reflect-on-munambam-poll-result/article70325931.ece
2025-11-27 06:02:24,017 - INFO - [The Hindu] Attempt 1/1: Trying with 'selenium_browser' strategy...
2025-11-27 06:02:25,250 - INFO - [The Hindu] Page content loaded.
2025-11-27 06:02:25,554 - INFO - [The Hindu] Success with 'selenium_browser'. Found content (637 words).
2025-11-27 06:02:33,154 - INFO - Saved article: Kerala local body elections: High Court verdict may reflect on Munambam poll result - The Hindu from The Hindu
2025-11-27 06:02:34,492 - INFO - [The Hindu] Article: https://www.thehindu.com/news/national/kerala/kerala-local-body-elections-in-thiruvananthapuram-corporation-polls-no-party-is-in-the-driving-seat/article70326164.ece
2025-11-27 06:02:34,492 - INFO - [The Hindu] Attempt 1/1: Trying with 'selenium_browser' strategy...
2025-11-27 06:02:38,756 - INFO - [The Hindu] Page content loaded.
2025-11-27 06:02:39,009 - INFO - [The Hindu] Success with 'selenium_browser'. Found content (617 words).
2025-11-27 06:02:44,759 - INFO - Saved article: Kerala local body elections: In Thiruvananthapuram Corporation polls, no party is in the driving seat - The Hindu from The Hindu
2025-11-27 06:02:45,558 - INFO - [The Hindu] Article: https://www.thehindu.com/sci-tech/technology/tesla-flags-low-maintenance-and-fuel-costs-to-woo-indian-buyers/article70328707.ece
2025-11-27 06:02:45,558 - INFO - [The Hindu] Attempt 1/1: Trying with 'selenium_browser' strategy...
2025-11-27 06:02:48,148 - INFO - [The Hindu] Page content loaded.
2025-11-27 06:02:48,438 - INFO - [The Hindu] Success with 'selenium_browser'. Found content (280 words).
2025-11-27 06:02:48,922 - CRITICAL - --- TIMEOUT: 2 scrape jobs did not complete in 300s. ---
2025-11-27 06:02:48,922 - ERROR - A thread has timed out and will be abandoned.
2025-11-27 06:02:48,922 - ERROR - A thread has timed out and will be abandoned.
2025-11-27 06:02:48,922 - INFO - Shutting down thread pool (wait=False)...
2025-11-27 06:02:48,922 - INFO - Scraped: 15 BBC, 15 The Guardian, 2 Timed_Out_Jobs articles. (Total saved: 30)
2025-11-27 06:02:48,922 - INFO - --- Scraping job finished ---
2025-11-27 06:02:48,923 - INFO - --- Scraper service stopped and database connection closed. ---
2025-11-27 06:02:48,923 - INFO - --- Main thread finished. Forcing process exit to kill zombie threads. ---
