2025-11-28 08:34:26,856 - INFO - Loading AI Semantic Model (all-MiniLM-L6-v2)...
2025-11-28 08:34:26,857 - INFO - Use pytorch device_name: cpu
2025-11-28 08:34:26,857 - INFO - Load pretrained SentenceTransformer: all-MiniLM-L6-v2
2025-11-28 08:34:27,293 - INFO - AI Model loaded successfully.
2025-11-28 08:34:27,293 - INFO - Initializing database connection at: news_articles.db
2025-11-28 08:34:27,293 - INFO - --- Scraper service started (CI Mode: Run Once) ---
2025-11-28 08:34:27,293 - INFO - --- Starting new scraping job (Parallel Mode) ---
2025-11-28 08:34:27,293 - INFO - Creating new robust session with 3 retries on 5xx/connection/read errors.
2025-11-28 08:34:27,293 - INFO - Proxy is DISABLED.
2025-11-28 08:34:27,293 - INFO - Starting scrape for BBC RSS feed: http://feeds.bbci.co.uk/news/world/rss.xml
2025-11-28 08:34:27,294 - INFO - [Times of India] (Thread) requires Selenium. Initializing driver...
2025-11-28 08:34:27,294 - INFO - Initializing headless Selenium Chrome driver (using SeleniumManager)...
2025-11-28 08:34:27,295 - INFO - Starting scrape for The Guardian RSS feed: https://www.theguardian.com/world/rss
2025-11-28 08:34:27,296 - INFO - [The Hindu] (Thread) requires Selenium. Initializing driver...
2025-11-28 08:34:27,297 - INFO - Initializing headless Selenium Chrome driver (using SeleniumManager)...
2025-11-28 08:34:27,297 - INFO - Submitted 4 jobs to thread pool. Waiting up to 300s for completion...
2025-11-28 08:34:27,414 - INFO - Found 40 articles in BBC RSS feed. Processing up to 20.
2025-11-28 08:34:27,414 - INFO - [BBC] Article: https://www.bbc.com/news/articles/cn8e5j20g27o?at_medium=RSS&at_campaign=rss
2025-11-28 08:34:27,415 - INFO - [BBC] Attempt 1/1: Trying with 'requests_browser' strategy...
2025-11-28 08:34:27,433 - INFO - Found 45 articles in The Guardian RSS feed. Processing up to 20.
2025-11-28 08:34:27,434 - INFO - [The Guardian] Article: https://www.theguardian.com/world/2025/nov/26/guinea-bissau-officers-take-total-control-close-borders-amid-election-chaos
2025-11-28 08:34:27,434 - INFO - [The Guardian] Attempt 1/1: Trying with 'requests_browser' strategy...
2025-11-28 08:34:27,471 - INFO - [The Guardian] Success with 'requests_browser'. Found content (412 words).
2025-11-28 08:34:27,525 - INFO - Duplicate article skipped: Guinea-Bissau military takes ‘total control’ amid election chaos | Guinea-Bissau | The Guardian from The Guardian
2025-11-28 08:34:27,620 - INFO - [BBC] Success with 'requests_browser'. Found content (784 words).
2025-11-28 08:34:27,661 - INFO - Duplicate article skipped: Hong Kong fire: Fury and questions after deadliest blaze in decades from BBC
2025-11-28 08:34:28,417 - INFO - Selenium driver initialized successfully.
2025-11-28 08:34:28,417 - INFO - Starting scrape for Times of India RSS feed: https://timesofindia.indiatimes.com/rssfeeds/296589292.cms
2025-11-28 08:34:28,418 - INFO - Selenium driver initialized successfully.
2025-11-28 08:34:28,418 - INFO - Starting scrape for The Hindu RSS feed: https://www.thehindu.com/news/national/feeder/default.rss
2025-11-28 08:34:28,593 - INFO - Found 100 articles in The Hindu RSS feed. Processing up to 20.
2025-11-28 08:34:28,593 - INFO - [The Hindu] Article: https://www.thehindu.com/news/national/andhra-pradesh/widespread-rain-with-isolated-very-heavy-falls-likely-over-south-coastal-andhra-due-to-ditwah/article70333868.ece
2025-11-28 08:34:28,593 - INFO - [The Hindu] Attempt 1/1: Trying with 'selenium_browser' strategy...
2025-11-28 08:34:28,598 - INFO - Found 20 articles in Times of India RSS feed. Processing up to 20.
2025-11-28 08:34:28,598 - INFO - [Times of India] Article: https://timesofindia.indiatimes.com/world/rest-of-world/sri-lanka-56-killed-as-floods-landslides-triggered-by-torrential-rains-batter-the-island-dozens-missing/articleshow/125628919.cms
2025-11-28 08:34:28,598 - INFO - [Times of India] Attempt 1/1: Trying with 'selenium_browser' strategy...
2025-11-28 08:34:28,621 - INFO - [BBC] Article: https://www.bbc.com/news/articles/cwyx4y6007lo?at_medium=RSS&at_campaign=rss
2025-11-28 08:34:28,621 - INFO - [BBC] Attempt 1/1: Trying with 'requests_browser' strategy...
2025-11-28 08:34:28,653 - INFO - [BBC] Success with 'requests_browser'. Found content (869 words).
2025-11-28 08:34:28,685 - INFO - Duplicate article skipped: National Guard member dies after shooting in Washington DC from BBC
2025-11-28 08:34:28,727 - INFO - [The Guardian] Article: https://www.theguardian.com/world/2025/nov/25/nigerian-schoolgirls-rescued-after-mass-abduction-in-kebbi
2025-11-28 08:34:28,727 - INFO - [The Guardian] Attempt 1/1: Trying with 'requests_browser' strategy...
2025-11-28 08:34:28,767 - INFO - [The Guardian] Success with 'requests_browser'. Found content (515 words).
2025-11-28 08:34:28,836 - INFO - Duplicate article skipped: Nigerian schoolgirls rescued after mass abduction in Kebbi | Nigeria | The Guardian from The Guardian
2025-11-28 08:34:29,399 - INFO - [The Guardian] Article: https://www.theguardian.com/world/2025/nov/25/jacob-zuma-daughter-accused-tricking-men-fighting-for-russia-in-ukraine
2025-11-28 08:34:29,399 - INFO - [The Guardian] Attempt 1/1: Trying with 'requests_browser' strategy...
2025-11-28 08:34:29,529 - INFO - [The Guardian] Success with 'requests_browser'. Found content (656 words).
2025-11-28 08:34:29,839 - INFO - Duplicate article skipped: Jacob Zuma’s daughter accused of tricking men into fighting for Russia in Ukraine | South Africa | The Guardian from The Guardian
2025-11-28 08:34:30,150 - INFO - [BBC] Article: https://www.bbc.com/news/articles/cdxweyy157go?at_medium=RSS&at_campaign=rss
2025-11-28 08:34:30,150 - INFO - [BBC] Attempt 1/1: Trying with 'requests_browser' strategy...
2025-11-28 08:34:30,242 - INFO - [BBC] Success with 'requests_browser'. Found content (496 words).
2025-11-28 08:34:30,354 - INFO - [The Guardian] Article: https://www.theguardian.com/uk-news/2025/nov/24/uk-rejects-nigerian-request-to-deport-former-politican-ike-ekweremadu-jailed-for-organ-trafficking
2025-11-28 08:34:30,354 - INFO - [The Guardian] Attempt 1/1: Trying with 'requests_browser' strategy...
2025-11-28 08:34:30,389 - INFO - Duplicate article skipped: Trump says US will 'permanently pause migration' from 'third world countries' from BBC
2025-11-28 08:34:30,527 - INFO - [The Guardian] Success with 'requests_browser'. Found content (545 words).
2025-11-28 08:34:30,653 - INFO - Duplicate article skipped: UK rejects Nigerian request to deport former politican jailed for organ trafficking | UK news | The Guardian from The Guardian
2025-11-28 08:34:31,228 - INFO - [BBC] Article: https://www.bbc.com/news/articles/c058lp086zvo?at_medium=RSS&at_campaign=rss
2025-11-28 08:34:31,228 - INFO - [BBC] Attempt 1/1: Trying with 'requests_browser' strategy...
2025-11-28 08:34:31,292 - INFO - [The Guardian] Article: https://www.theguardian.com/world/2025/nov/24/ethiopian-volcano-hayli-gubbi-erupts-first-time-12000-years
2025-11-28 08:34:31,292 - INFO - [The Guardian] Attempt 1/1: Trying with 'requests_browser' strategy...
2025-11-28 08:34:31,337 - INFO - [BBC] Success with 'requests_browser'. Found content (318 words).
2025-11-28 08:34:31,477 - INFO - [The Guardian] Success with 'requests_browser'. Found content (306 words).
2025-11-28 08:34:32,567 - INFO - [The Hindu] Page content loaded.
2025-11-28 08:34:33,397 - INFO - [The Hindu] Success with 'selenium_browser'. Found content (607 words).
2025-11-28 08:35:02,368 - INFO - Saved article: Ukraine anti-corruption agents search home of Zelensky's top adviser Yermak from BBC
2025-11-28 08:35:02,368 - INFO - Duplicate article skipped: Ethiopian volcano erupts for first time in 12,000 years | Ethiopia | The Guardian from The Guardian
2025-11-28 08:35:03,589 - INFO - [BBC] Article: https://www.bbc.com/news/articles/clyz7njqwvvo?at_medium=RSS&at_campaign=rss
2025-11-28 08:35:03,589 - INFO - [BBC] Attempt 1/1: Trying with 'requests_browser' strategy...
2025-11-28 08:35:03,630 - INFO - [The Guardian] Article: https://www.theguardian.com/politics/2025/nov/28/uk-home-office-rejects-visa-young-girl-destitute-jamaica-hurricane-melissa
2025-11-28 08:35:03,631 - INFO - [The Guardian] Attempt 1/1: Trying with 'requests_browser' strategy...
2025-11-28 08:35:03,636 - INFO - [BBC] Success with 'requests_browser'. Found content (344 words).
2025-11-28 08:35:03,713 - INFO - [The Guardian] Success with 'requests_browser'. Found content (550 words).
2025-11-28 08:35:18,568 - INFO - DEDUPLICATION: Found match (Score: 0.77). Linking to Cluster ID: 0ea70551-74c8-4d4d-8e17-bd2ed0ae19ac
2025-11-28 08:35:18,570 - INFO - Saved article: Widespread rain with isolated very heavy falls likely over south coastal Andhra under influence of Ditwah from November 29 - The Hindu from The Hindu
2025-11-28 08:35:19,085 - INFO - [The Hindu] Article: https://www.thehindu.com/news/national/andhra-pradesh/parakamani-theft-case-ttd-former-chairman-subba-reddy-appears-before-cid/article70333852.ece
2025-11-28 08:35:19,086 - INFO - [The Hindu] Attempt 1/1: Trying with 'selenium_browser' strategy...
2025-11-28 08:35:23,640 - INFO - [The Hindu] Page content loaded.
2025-11-28 08:35:23,761 - INFO - [The Hindu] Success with 'selenium_browser'. Found content (201 words).
2025-11-28 08:35:36,418 - INFO - Saved article: Japan's same-sex marriage ban is constitutional, says Tokyo court from BBC
2025-11-28 08:35:36,419 - INFO - Duplicate article skipped: UK rejects visa for girl left destitute in Jamaica by Hurricane Melissa | Home Office | The Guardian from The Guardian
2025-11-28 08:35:37,175 - INFO - [The Guardian] Article: https://www.theguardian.com/world/2025/nov/27/mark-carney-alberta-oil-pipeline-deal-canada-first-nations
2025-11-28 08:35:37,175 - INFO - [The Guardian] Attempt 1/1: Trying with 'requests_browser' strategy...
2025-11-28 08:35:37,214 - INFO - [The Guardian] Success with 'requests_browser'. Found content (723 words).
2025-11-28 08:35:37,880 - INFO - [BBC] Article: https://www.bbc.com/news/articles/c741m97lk42o?at_medium=RSS&at_campaign=rss
2025-11-28 08:35:37,880 - INFO - [BBC] Attempt 1/1: Trying with 'requests_browser' strategy...
2025-11-28 08:35:37,937 - INFO - [BBC] Success with 'requests_browser'. Found content (483 words).
2025-11-28 08:35:51,397 - INFO - Saved article: Parakamani theft case: TTD former chairman Subba Reddy appears before CID - The Hindu from The Hindu
2025-11-28 08:35:51,397 - INFO - Duplicate article skipped: Canada minister resigns from cabinet over Carney’s controversial oil pipeline deal | Canada | The Guardian from The Guardian
2025-11-28 08:35:51,397 - INFO - Duplicate article skipped: Guinea-Bissau’s ousted President Umaro Sissoco Embaló flees to Senegal after coup from BBC
2025-11-28 08:35:51,927 - INFO - [The Guardian] Article: https://www.theguardian.com/world/2025/nov/27/perus-ousted-president-of-the-poor-gets-11-year-sentence-for-rebellion
2025-11-28 08:35:51,927 - INFO - [The Guardian] Attempt 1/1: Trying with 'requests_browser' strategy...
2025-11-28 08:35:51,953 - INFO - [The Guardian] Success with 'requests_browser'. Found content (346 words).
2025-11-28 08:35:51,987 - INFO - Duplicate article skipped: Peru’s ousted ‘president of the poor’ gets 11-year sentence for rebellion | Peru | The Guardian from The Guardian
2025-11-28 08:35:52,001 - INFO - [The Hindu] Article: https://www.thehindu.com/news/national/tamil-nadu/kodanad-heist-cum-murder-case-two-accused-men-sayan-manoj-cleared-of-charges-of-intimidating-witness/article70333732.ece
2025-11-28 08:35:52,001 - INFO - [The Hindu] Attempt 1/1: Trying with 'selenium_browser' strategy...
2025-11-28 08:35:52,692 - INFO - [BBC] Article: https://www.bbc.com/news/articles/c1w9qe7n984o?at_medium=RSS&at_campaign=rss
2025-11-28 08:35:52,692 - INFO - [BBC] Attempt 1/1: Trying with 'requests_browser' strategy...
2025-11-28 08:35:52,806 - INFO - [BBC] Success with 'requests_browser'. Found content (803 words).
2025-11-28 08:35:52,870 - INFO - Duplicate article skipped: Quebec moves to expand secularism law, limit public prayer from BBC
2025-11-28 08:35:53,340 - INFO - [The Guardian] Article: https://www.theguardian.com/world/2025/nov/27/venezuela-bans-six-leading-airlines-as-tensions-with-us-escalate
2025-11-28 08:35:53,340 - INFO - [The Guardian] Attempt 1/1: Trying with 'requests_browser' strategy...
2025-11-28 08:35:53,385 - INFO - [The Guardian] Success with 'requests_browser'. Found content (371 words).
2025-11-28 08:35:53,448 - INFO - Duplicate article skipped: Venezuela bans six international airlines as tensions with US escalate | Venezuela | The Guardian from The Guardian
2025-11-28 08:35:53,798 - INFO - [The Hindu] Page content loaded.
2025-11-28 08:35:53,853 - INFO - [BBC] Article: https://www.bbc.com/news/articles/c8dyqzm0rp4o?at_medium=RSS&at_campaign=rss
2025-11-28 08:35:53,853 - INFO - [BBC] Attempt 1/1: Trying with 'requests_browser' strategy...
2025-11-28 08:35:53,879 - INFO - [The Hindu] Success with 'selenium_browser'. Found content (219 words).
2025-11-28 08:35:54,030 - INFO - [BBC] Success with 'requests_browser'. Found content (392 words).
2025-11-28 08:35:54,850 - INFO - [The Guardian] Article: https://www.theguardian.com/us-news/2025/nov/27/peru-band-of-holes-mystery
2025-11-28 08:35:54,850 - INFO - [The Guardian] Attempt 1/1: Trying with 'requests_browser' strategy...
2025-11-28 08:35:54,886 - INFO - [The Guardian] Success with 'requests_browser'. Found content (563 words).
2025-11-28 08:36:08,020 - INFO - Saved article: Kodanad heist-cum-murder case: Two accused men Sayan, Manoj cleared of charges of intimidating witness - The Hindu from The Hindu
2025-11-28 08:36:08,020 - INFO - Duplicate article skipped: West Bank: Israeli troops kill two Palestinians after they appear to surrender from BBC
2025-11-28 08:36:08,020 - INFO - Duplicate article skipped: Florida professor may have solved mystery of Peru’s Band of Holes | US news | The Guardian from The Guardian
2025-11-28 08:36:08,683 - INFO - [The Hindu] Article: https://www.thehindu.com/news/national/arunachal-pradesh/arunachal-pradesh-state-election-commission-introduces-on-the-spot-voting-facility-for-personnel-engaged-in-civic-poll-duty/article70333815.ece
2025-11-28 08:36:08,683 - INFO - [The Hindu] Attempt 1/1: Trying with 'selenium_browser' strategy...
2025-11-28 08:36:08,952 - INFO - [BBC] Article: https://www.bbc.com/news/articles/cp84nl57v0lo?at_medium=RSS&at_campaign=rss
2025-11-28 08:36:08,952 - INFO - [BBC] Attempt 1/1: Trying with 'requests_browser' strategy...
2025-11-28 08:36:09,095 - INFO - [BBC] Success with 'requests_browser'. Found content (751 words).
2025-11-28 08:36:09,347 - INFO - [The Guardian] Article: https://www.theguardian.com/news/2025/nov/28/hong-kong-apartment-fire-response-rescue-operations-death-toll
2025-11-28 08:36:09,356 - INFO - [The Guardian] Attempt 1/1: Trying with 'requests_browser' strategy...
2025-11-28 08:36:09,366 - INFO - Duplicate article skipped: Putin doubles down on demands for Ukrainian territory ahead of talks with US from BBC
2025-11-28 08:36:09,472 - INFO - [The Guardian] Success with 'requests_browser'. Found content (753 words).
2025-11-28 08:36:09,498 - INFO - [The Hindu] Page content loaded.
2025-11-28 08:36:09,536 - INFO - Duplicate article skipped: Rescue operations at Hong Kong apartment complex ‘almost complete’, as death toll reaches 128 | Hong Kong apartment fires | The Guardian from The Guardian
2025-11-28 08:36:09,600 - INFO - [The Hindu] Success with 'selenium_browser'. Found content (451 words).
2025-11-28 08:36:10,580 - INFO - [BBC] Article: https://www.bbc.com/news/articles/c0edw7g7z79o?at_medium=RSS&at_campaign=rss
2025-11-28 08:36:10,580 - INFO - [BBC] Attempt 1/1: Trying with 'requests_browser' strategy...
2025-11-28 08:36:10,710 - INFO - [BBC] Success with 'requests_browser'. Found content (1054 words).
2025-11-28 08:36:10,938 - INFO - [The Guardian] Article: https://www.theguardian.com/world/2025/nov/28/bear-attacks-man-public-toilet-japan
2025-11-28 08:36:10,938 - INFO - [The Guardian] Attempt 1/1: Trying with 'requests_browser' strategy...
2025-11-28 08:36:10,993 - INFO - [The Guardian] Success with 'requests_browser'. Found content (373 words).
2025-11-28 08:36:24,750 - INFO - Saved article: Arunachal Pradesh State Election Commission introduces on-the-spot voting facility for personnel engaged in civic poll duty - The Hindu from The Hindu
2025-11-28 08:36:24,750 - INFO - Duplicate article skipped: France brings back limited military service with 3,000 volunteers next year from BBC
2025-11-28 08:36:24,750 - INFO - Duplicate article skipped: Bear attacks man in public toilet in Japan | Japan | The Guardian from The Guardian
2025-11-28 08:36:25,505 - INFO - [BBC] Article: https://www.bbc.com/news/articles/cd0keyern0do?at_medium=RSS&at_campaign=rss
2025-11-28 08:36:25,505 - INFO - [BBC] Attempt 1/1: Trying with 'requests_browser' strategy...
2025-11-28 08:36:25,532 - INFO - [BBC] Success with 'requests_browser'. Found content (511 words).
2025-11-28 08:36:25,567 - INFO - Duplicate article skipped: Venezuela bans six major airlines after tensions with US escalate from BBC
2025-11-28 08:36:25,873 - INFO - [The Hindu] Article: https://www.thehindu.com/news/national/rajasthan/anti-conversion-law-supreme-court-seeks-rajasthan-governments-response-on-plea-challenging-validity/article70333785.ece
2025-11-28 08:36:25,873 - INFO - [The Hindu] Attempt 1/1: Trying with 'selenium_browser' strategy...
2025-11-28 08:36:26,030 - INFO - [The Guardian] Article: https://www.theguardian.com/world/2025/nov/28/china-civil-service-exam-age-limit-changed
2025-11-28 08:36:26,030 - INFO - [The Guardian] Attempt 1/1: Trying with 'requests_browser' strategy...
2025-11-28 08:36:26,066 - INFO - [The Guardian] Success with 'requests_browser'. Found content (763 words).
2025-11-28 08:36:26,101 - INFO - Duplicate article skipped: Millions in China cram for civil service exam and the hope of a job for life | China | The Guardian from The Guardian
2025-11-28 08:36:26,228 - INFO - [BBC] Article: https://www.bbc.com/news/articles/c0edw348pewo?at_medium=RSS&at_campaign=rss
2025-11-28 08:36:26,229 - INFO - [BBC] Attempt 1/1: Trying with 'requests_browser' strategy...
2025-11-28 08:36:26,286 - INFO - [BBC] Success with 'requests_browser'. Found content (495 words).
2025-11-28 08:36:26,360 - INFO - Duplicate article skipped: US-Palestinian teen freed after nine months in Israeli jail from BBC
2025-11-28 08:36:26,960 - INFO - [The Hindu] Page content loaded.
2025-11-28 08:36:27,035 - INFO - [The Hindu] Success with 'selenium_browser'. Found content (313 words).
2025-11-28 08:36:27,378 - INFO - [The Guardian] Article: https://www.theguardian.com/world/2025/nov/28/flash-flooding-sumatra-death-toll-rises
2025-11-28 08:36:27,378 - INFO - [The Guardian] Attempt 1/1: Trying with 'requests_browser' strategy...
2025-11-28 08:36:27,455 - INFO - [The Guardian] Success with 'requests_browser'. Found content (785 words).
2025-11-28 08:36:27,666 - INFO - [BBC] Article: https://www.bbc.com/news/articles/cdd560nvqqdo?at_medium=RSS&at_campaign=rss
2025-11-28 08:36:27,666 - INFO - [BBC] Attempt 1/1: Trying with 'requests_browser' strategy...
2025-11-28 08:36:27,939 - INFO - [BBC] Success with 'requests_browser'. Found content (1894 words).
2025-11-28 08:36:28,699 - ERROR - [Times of India] Request failed for strategy 'selenium_browser' on URL https://timesofindia.indiatimes.com/world/rest-of-world/sri-lanka-56-killed-as-floods-landslides-triggered-by-torrential-rains-batter-the-island-dozens-missing/articleshow/125628919.cms: HTTPConnectionPool(host='localhost', port=39761): Read timed out. (read timeout=120)
2025-11-28 08:36:28,699 - ERROR - [Times of India] All scrape strategies failed for https://timesofindia.indiatimes.com/world/rest-of-world/sri-lanka-56-killed-as-floods-landslides-triggered-by-torrential-rains-batter-the-island-dozens-missing/articleshow/125628919.cms. Falling back to RSS description.
2025-11-28 08:36:42,422 - INFO - Saved article: Anti-conversion law: Supreme Court seeks Rajasthan Government's response on plea challenging validity - The Hindu from The Hindu
2025-11-28 08:36:42,422 - INFO - Duplicate article skipped: Flash flooding in Sumatra kills 69 as rescue crews search rivers for survivors | Indonesia | The Guardian from The Guardian
2025-11-28 08:36:42,422 - INFO - Duplicate article skipped: Year after ceasefire, peace eludes south Lebanon as Israeli strikes continue from BBC
2025-11-28 08:36:43,009 - INFO - [The Guardian] Article: https://www.theguardian.com/news/2025/nov/27/hong-kong-fire-tai-po-police-blame-construction-company
2025-11-28 08:36:43,009 - INFO - [The Guardian] Attempt 1/1: Trying with 'requests_browser' strategy...
2025-11-28 08:36:43,064 - INFO - [The Guardian] Success with 'requests_browser'. Found content (975 words).
2025-11-28 08:36:43,407 - INFO - [BBC] Article: https://www.bbc.com/news/articles/cy5g3076lqzo?at_medium=RSS&at_campaign=rss
2025-11-28 08:36:43,407 - INFO - [BBC] Attempt 1/1: Trying with 'requests_browser' strategy...
2025-11-28 08:36:43,519 - INFO - [The Hindu] Article: https://www.thehindu.com/news/national/jammu-and-kashmir/kashmir-experiences-coldest-november-since-2007-mercury-in-srinagar-drops-to-45c/article70333810.ece
2025-11-28 08:36:43,519 - INFO - [The Hindu] Attempt 1/1: Trying with 'selenium_browser' strategy...
2025-11-28 08:36:43,615 - INFO - [BBC] Success with 'requests_browser'. Found content (736 words).
2025-11-28 08:36:46,073 - INFO - [The Hindu] Page content loaded.
2025-11-28 08:36:46,477 - INFO - [The Hindu] Success with 'selenium_browser'. Found content (240 words).
2025-11-28 08:36:58,239 - INFO - Saved article: Sri Lanka: 56 killed as floods, landslides triggered by torrential rains batter the island; dozens missing from Times of India
2025-11-28 08:36:58,239 - INFO - Duplicate article skipped: Hong Kong police say unsafe scaffolding and foam may have spread fire that killed at least 94 | Hong Kong apartment fires | The Guardian from The Guardian
2025-11-28 08:36:58,239 - INFO - Duplicate article skipped: Pope Leo visits Turkey and warns humanity at stake from high level of conflict from BBC
2025-11-28 08:36:58,240 - INFO - Duplicate article skipped: Kashmir experiences coldest November since 2007; Mercury in Srinagar drops to -4.5°C - The Hindu from The Hindu
2025-11-28 08:36:58,850 - INFO - [Times of India] Article: https://timesofindia.indiatimes.com/world/middle-east/emirates-celebrates-54th-uae-national-day-with-special-inflight-food-and-entertainment/articleshow/125632515.cms
2025-11-28 08:36:58,850 - INFO - [Times of India] Attempt 1/1: Trying with 'selenium_browser' strategy...
2025-11-28 08:36:58,901 - INFO - [BBC] Article: https://www.bbc.com/news/articles/cvg164nvj77o?at_medium=RSS&at_campaign=rss
2025-11-28 08:36:58,901 - INFO - [BBC] Attempt 1/1: Trying with 'requests_browser' strategy...
2025-11-28 08:36:59,078 - INFO - [The Hindu] Article: https://www.thehindu.com/news/national/uttar-pradesh/ambedkar-statue-vandalised-in-ups-ballia/article70333705.ece
2025-11-28 08:36:59,078 - INFO - [The Hindu] Attempt 1/1: Trying with 'selenium_browser' strategy...
2025-11-28 08:36:59,672 - INFO - [The Guardian] Article: https://www.theguardian.com/australia-news/2025/nov/28/bondi-junction-stabbings-joel-cauchi-inquest-drug-use
2025-11-28 08:36:59,672 - INFO - [The Guardian] Attempt 1/1: Trying with 'requests_browser' strategy...
2025-11-28 08:36:59,797 - INFO - [The Guardian] Success with 'requests_browser'. Found content (901 words).
2025-11-28 08:36:59,862 - INFO - Duplicate article skipped: Bondi Junction stabbings: ‘10 seconds warning’ from security could have saved lives, inquest hears | Bondi Junction stabbings | The Guardian from The Guardian
2025-11-28 08:36:59,899 - INFO - [BBC] Success with 'requests_browser'. Found content (820 words).
2025-11-28 08:37:00,036 - INFO - Duplicate article skipped: Guinea-Bissau army general named president a day after apparent coup from BBC
2025-11-28 08:37:00,586 - INFO - [BBC] Article: https://www.bbc.com/news/articles/cq8dq47j5y8o?at_medium=RSS&at_campaign=rss
2025-11-28 08:37:00,586 - INFO - [BBC] Attempt 1/1: Trying with 'requests_browser' strategy...
2025-11-28 08:37:00,637 - INFO - [BBC] Success with 'requests_browser'. Found content (595 words).
2025-11-28 08:37:00,738 - INFO - [The Hindu] Page content loaded.
2025-11-28 08:37:00,743 - INFO - Duplicate article skipped: South Africa's Cyril Ramaphosa hits back after Donald Trump says US won't invite it for G20 summit from BBC
2025-11-28 08:37:00,806 - INFO - [The Hindu] Success with 'selenium_browser'. Found content (210 words).
2025-11-28 08:37:01,037 - INFO - [The Guardian] Article: https://www.theguardian.com/australia-news/live/2025/nov/28/australia-news-live-storms-hail-queensland-environment-laws-anthony-albanese-labor-greens-sussan-ley-coalition-ntwnfb
2025-11-28 08:37:01,037 - INFO - [The Guardian] Attempt 1/1: Trying with 'requests_browser' strategy...
2025-11-28 08:37:01,089 - INFO - Duplicate article skipped: Ambedkar statue vandalised in U.P.'s Ballia - The Hindu from The Hindu
2025-11-28 08:37:01,707 - INFO - [The Guardian] Success with 'requests_browser'. Found content (1988 words).
2025-11-28 08:37:01,798 - INFO - Duplicate article skipped: Barnaby Joyce’s exit from the Nationals ‘almost a Greek tragedy’, Michael McCormack says – as it happened | Australia news | The Guardian from The Guardian
2025-11-28 08:37:01,944 - INFO - [The Hindu] Article: https://www.thehindu.com/news/national/kerala/from-fan-to-friend-a-keralites-life-long-bond-with-dharmendra/article70333640.ece
2025-11-28 08:37:01,944 - INFO - [The Hindu] Attempt 1/1: Trying with 'selenium_browser' strategy...
2025-11-28 08:37:02,226 - INFO - [BBC] Article: https://www.bbc.com/news/articles/cdxwzwe507ko?at_medium=RSS&at_campaign=rss
2025-11-28 08:37:02,226 - INFO - [BBC] Attempt 1/1: Trying with 'requests_browser' strategy...
2025-11-28 08:37:02,276 - INFO - [BBC] Success with 'requests_browser'. Found content (442 words).
2025-11-28 08:37:02,322 - INFO - Duplicate article skipped: Malawi police investigate theft of four German Shepherds from Kamuzu Palace from BBC
2025-11-28 08:37:03,133 - INFO - [The Guardian] Article: https://www.theguardian.com/australia-news/2025/nov/28/jai-wright-police-officer-guilty-causing-indigenous-teenager-death-ntwnfb
2025-11-28 08:37:03,133 - INFO - [The Guardian] Attempt 1/1: Trying with 'requests_browser' strategy...
2025-11-28 08:37:03,162 - INFO - [BBC] Article: https://www.bbc.com/news/articles/cly0jjv2lg1o?at_medium=RSS&at_campaign=rss
2025-11-28 08:37:03,162 - INFO - [BBC] Attempt 1/1: Trying with 'requests_browser' strategy...
2025-11-28 08:37:03,203 - INFO - [BBC] Success with 'requests_browser'. Found content (1341 words).
2025-11-28 08:37:03,245 - INFO - Duplicate article skipped: Russia Ukraine war: Where peace stands after frantic diplomacy from BBC
2025-11-28 08:37:03,270 - INFO - [The Guardian] Success with 'requests_browser'. Found content (639 words).
2025-11-28 08:37:03,337 - INFO - Duplicate article skipped: Police sergeant found guilty of causing death of 16-year-old Indigenous teenager Jai Wright | Australian police and policing | The Guardian from The Guardian
2025-11-28 08:37:03,745 - INFO - [The Hindu] Page content loaded.
2025-11-28 08:37:03,837 - INFO - [The Hindu] Success with 'selenium_browser'. Found content (637 words).
2025-11-28 08:37:03,950 - INFO - Duplicate article skipped: From fan to friend: A Keralite’s life-long bond with Dharmendra - The Hindu from The Hindu
2025-11-28 08:37:04,207 - INFO - [The Guardian] Article: https://www.theguardian.com/australia-news/2025/nov/28/father-jailed-homemade-gun-misfires-kills-pregnant-woman
2025-11-28 08:37:04,207 - INFO - [The Guardian] Attempt 1/1: Trying with 'requests_browser' strategy...
2025-11-28 08:37:04,336 - INFO - [The Guardian] Success with 'requests_browser'. Found content (546 words).
2025-11-28 08:37:04,380 - INFO - Duplicate article skipped: Victorian man jailed after homemade gun misfires and kills his pregnant partner | Victoria | The Guardian from The Guardian
2025-11-28 08:37:04,546 - INFO - [BBC] Article: https://www.bbc.com/news/articles/c0edww3qgq2o?at_medium=RSS&at_campaign=rss
2025-11-28 08:37:04,546 - INFO - [BBC] Attempt 1/1: Trying with 'requests_browser' strategy...
2025-11-28 08:37:04,579 - INFO - [BBC] Success with 'requests_browser'. Found content (652 words).
2025-11-28 08:37:04,618 - INFO - Duplicate article skipped: Guinea-Bissau coup: Soldiers seize power and detain President Umaro Sissoco Embaló from BBC
2025-11-28 08:37:05,120 - INFO - [The Hindu] Article: https://www.thehindu.com/opinion/op-ed/a-former-minister-and-his-vada-case/article70329881.ece
2025-11-28 08:37:05,121 - INFO - [The Hindu] Attempt 1/1: Trying with 'selenium_browser' strategy...
2025-11-28 08:37:05,281 - INFO - [The Guardian] Article: https://www.theguardian.com/australia-news/2025/nov/28/sydney-blacktown-daylight-shooting-man-dead-ntwnfb
2025-11-28 08:37:05,281 - INFO - [The Guardian] Attempt 1/1: Trying with 'requests_browser' strategy...
2025-11-28 08:37:05,536 - INFO - [The Guardian] Success with 'requests_browser'. Found content (287 words).
2025-11-28 08:37:05,585 - INFO - Duplicate article skipped: Man dead and two under arrest after daylight shooting on suburban Sydney street | New South Wales | The Guardian from The Guardian
2025-11-28 08:37:06,075 - INFO - [BBC] Article: https://www.bbc.com/news/articles/c3r7xr94ln8o?at_medium=RSS&at_campaign=rss
2025-11-28 08:37:06,075 - INFO - [BBC] Attempt 1/1: Trying with 'requests_browser' strategy...
2025-11-28 08:37:06,154 - INFO - [BBC] Success with 'requests_browser'. Found content (724 words).
2025-11-28 08:37:06,215 - INFO - Duplicate article skipped: Trump defends Witkoff after leak appears to show envoy coaching Russias from BBC
2025-11-28 08:38:05,136 - ERROR - [The Hindu] Request failed for strategy 'selenium_browser' on URL https://www.thehindu.com/opinion/op-ed/a-former-minister-and-his-vada-case/article70329881.ece: Message: timeout: Timed out receiving message from renderer: 59.964
  (Session info: chrome=142.0.7444.162)
Stacktrace:
#0 0x556d91d4f32a <unknown>
#1 0x556d9179be4b <unknown>
#2 0x556d91783e0d <unknown>
#3 0x556d91783af0 <unknown>
#4 0x556d917818ff <unknown>
#5 0x556d9178227f <unknown>
#6 0x556d91790ca3 <unknown>
#7 0x556d917aa601 <unknown>
#8 0x556d917b0e0b <unknown>
#9 0x556d917829bd <unknown>
#10 0x556d917aa3a7 <unknown>
#11 0x556d9183b170 <unknown>
#12 0x556d917e0c1a <unknown>
#13 0x556d917e1921 <unknown>
#14 0x556d91d16239 <unknown>
#15 0x556d91d191e8 <unknown>
#16 0x556d91cff4c9 <unknown>
#17 0x556d91d19db5 <unknown>
#18 0x556d91ce6e93 <unknown>
#19 0x556d91d3c098 <unknown>
#20 0x556d91d3c273 <unknown>
#21 0x556d91d4e2c3 <unknown>
#22 0x7f9d6a89caa4 <unknown>
#23 0x7f9d6a929c6c <unknown>

2025-11-28 08:38:05,136 - ERROR - [The Hindu] All scrape strategies failed for https://www.thehindu.com/opinion/op-ed/a-former-minister-and-his-vada-case/article70329881.ece. Falling back to RSS description.
2025-11-28 08:38:05,136 - INFO - Duplicate article skipped: A former Minister and his ‘vada case’ from The Hindu
2025-11-28 08:38:06,571 - INFO - [The Hindu] Article: https://www.thehindu.com/news/national/madhya-pradesh/woman-dies-after-standing-in-queue-for-two-days-to-get-fertiliser-bjp-mla-questions-mp-government/article70333573.ece
2025-11-28 08:38:06,571 - INFO - [The Hindu] Attempt 1/1: Trying with 'selenium_browser' strategy...
2025-11-28 08:38:07,192 - INFO - [The Hindu] Page content loaded.
2025-11-28 08:38:07,272 - INFO - [The Hindu] Success with 'selenium_browser'. Found content (435 words).
2025-11-28 08:38:07,358 - INFO - Duplicate article skipped: Woman dies after standing in queue for ‘two days’ to get fertiliser; BJP MLA questions M.P. Government - The Hindu from The Hindu
2025-11-28 08:38:08,858 - INFO - [The Hindu] Article: https://www.thehindu.com/news/national/maharashtra/maharashtra-to-cancel-suspicious-birth-death-certificates/article70333727.ece
2025-11-28 08:38:08,858 - INFO - [The Hindu] Attempt 1/1: Trying with 'selenium_browser' strategy...
2025-11-28 08:38:09,839 - INFO - [The Hindu] Page content loaded.
2025-11-28 08:38:09,986 - INFO - [The Hindu] Success with 'selenium_browser'. Found content (292 words).
2025-11-28 08:38:10,076 - INFO - Duplicate article skipped: Maharashtra to cancel suspicious birth, death certificates - The Hindu from The Hindu
2025-11-28 08:38:10,623 - INFO - [The Hindu] Article: https://www.thehindu.com/news/national/meghalaya/demolition-of-bidhan-bhavan-meghalaya-high-court-orders-status-quo/article70333689.ece
2025-11-28 08:38:10,623 - INFO - [The Hindu] Attempt 1/1: Trying with 'selenium_browser' strategy...
2025-11-28 08:38:11,339 - INFO - [The Hindu] Page content loaded.
2025-11-28 08:38:11,480 - INFO - [The Hindu] Success with 'selenium_browser'. Found content (207 words).
2025-11-28 08:38:11,559 - INFO - Duplicate article skipped: Demolition of Bidhan Bhavan: Meghalaya High Court orders status quo - The Hindu from The Hindu
2025-11-28 08:38:12,893 - INFO - [The Hindu] Article: https://www.thehindu.com/news/national/west-bengal/documenting-the-panic-in-bengal-over-sir/article70333644.ece
2025-11-28 08:38:12,893 - INFO - [The Hindu] Attempt 1/1: Trying with 'selenium_browser' strategy...
2025-11-28 08:38:49,382 - INFO - [The Hindu] Page content loaded.
2025-11-28 08:38:49,506 - INFO - [The Hindu] Success with 'selenium_browser'. Found content (228 words).
2025-11-28 08:38:49,606 - INFO - Duplicate article skipped: Documenting the panic in Bengal over SIR - The Hindu from The Hindu
2025-11-28 08:38:50,108 - INFO - [The Hindu] Article: https://www.thehindu.com/news/national/karnataka/modi-in-udupi-massive-crowds-greet-pm-at-roadshow-ahead-of-gita-recital-event-at-sri-krishna-mutt/article70333684.ece
2025-11-28 08:38:50,108 - INFO - [The Hindu] Attempt 1/1: Trying with 'selenium_browser' strategy...
2025-11-28 08:38:58,883 - ERROR - [Times of India] Request failed for strategy 'selenium_browser' on URL https://timesofindia.indiatimes.com/world/middle-east/emirates-celebrates-54th-uae-national-day-with-special-inflight-food-and-entertainment/articleshow/125632515.cms: HTTPConnectionPool(host='localhost', port=39761): Read timed out. (read timeout=120)
2025-11-28 08:38:58,883 - ERROR - [Times of India] All scrape strategies failed for https://timesofindia.indiatimes.com/world/middle-east/emirates-celebrates-54th-uae-national-day-with-special-inflight-food-and-entertainment/articleshow/125632515.cms. Falling back to RSS description.
2025-11-28 08:39:06,944 - INFO - [The Hindu] Page content loaded.
2025-11-28 08:39:07,133 - INFO - [The Hindu] Success with 'selenium_browser'. Found content (510 words).
2025-11-28 08:39:13,223 - INFO - Saved article: Emirates celebrates 54th UAE National Day with special inflight food and entertainment from Times of India
2025-11-28 08:39:13,223 - INFO - Duplicate article skipped: Modi in Udupi: PM welcomed by massive crowds at roadshow, recites Gita verses with lakhs of devotees at Sri Krishna Mutt - The Hindu from The Hindu
2025-11-28 08:39:13,818 - INFO - [The Hindu] Article: https://www.thehindu.com/news/cities/Delhi/delhi-police-arrests-gangster-linked-to-firing-at-kapil-sharmas-canada-restaurant/article70333671.ece
2025-11-28 08:39:13,818 - INFO - [The Hindu] Attempt 1/1: Trying with 'selenium_browser' strategy...
2025-11-28 08:39:13,906 - INFO - [Times of India] Article: https://timesofindia.indiatimes.com/world/middle-east/uae-national-day-rulers-of-ras-al-khaimah-and-ajman-pardoned-1079-inmates-offers-them-a-clean-slate/articleshow/125631851.cms
2025-11-28 08:39:13,906 - INFO - [Times of India] Attempt 1/1: Trying with 'selenium_browser' strategy...
2025-11-28 08:39:27,297 - CRITICAL - --- TIMEOUT: 2 scrape jobs did not complete in 300s. ---
2025-11-28 08:39:27,297 - ERROR - A thread has timed out and will be abandoned.
2025-11-28 08:39:27,297 - ERROR - A thread has timed out and will be abandoned.
2025-11-28 08:39:27,297 - INFO - Shutting down thread pool (wait=False)...
2025-11-28 08:39:27,297 - INFO - Scraped: 2 BBC, 0 The Guardian, 2 Timed_Out_Jobs articles. (Total saved: 2)
2025-11-28 08:39:27,297 - INFO - --- Scraping job finished ---
2025-11-28 08:39:27,298 - INFO - --- Scraper service stopped and database connection closed. ---
2025-11-28 08:39:27,298 - INFO - --- Main thread finished. Forcing process exit to kill zombie threads. ---
