2025-11-28 16:31:53,851 - INFO - Loading AI Semantic Model (all-MiniLM-L6-v2)...
2025-11-28 16:31:53,852 - INFO - Use pytorch device_name: cpu
2025-11-28 16:31:53,852 - INFO - Load pretrained SentenceTransformer: all-MiniLM-L6-v2
2025-11-28 16:31:55,305 - INFO - AI Model loaded successfully.
2025-11-28 16:31:55,306 - INFO - Initializing database connection at: news_articles.db
2025-11-28 16:31:55,306 - INFO - --- Scraper service started (CI Mode: Run Once) ---
2025-11-28 16:31:55,306 - INFO - --- Starting new scraping job (Parallel Mode) ---
2025-11-28 16:31:55,306 - INFO - Creating new robust session with 3 retries on 5xx/connection/read errors.
2025-11-28 16:31:55,306 - INFO - Proxy is DISABLED.
2025-11-28 16:31:55,306 - INFO - Starting scrape for BBC RSS feed: http://feeds.bbci.co.uk/news/world/rss.xml
2025-11-28 16:31:55,307 - INFO - [Times of India] (Thread) requires Selenium. Initializing driver...
2025-11-28 16:31:55,308 - INFO - Initializing headless Selenium Chrome driver (using SeleniumManager)...
2025-11-28 16:31:55,308 - INFO - Starting scrape for The Guardian RSS feed: https://www.theguardian.com/world/rss
2025-11-28 16:31:55,310 - INFO - [The Hindu] (Thread) requires Selenium. Initializing driver...
2025-11-28 16:31:55,310 - INFO - Initializing headless Selenium Chrome driver (using SeleniumManager)...
2025-11-28 16:31:55,310 - INFO - Submitted 4 jobs to thread pool. Waiting up to 300s for completion...
2025-11-28 16:31:55,431 - INFO - Found 45 articles in The Guardian RSS feed. Processing up to 20.
2025-11-28 16:31:55,432 - INFO - [The Guardian] Article: https://www.theguardian.com/world/2025/nov/28/jacob-zuma-daughter-resigns-claims-south-africans-tricked-fight-russia
2025-11-28 16:31:55,432 - INFO - [The Guardian] Attempt 1/1: Trying with 'requests_browser' strategy...
2025-11-28 16:31:55,502 - INFO - Found 35 articles in BBC RSS feed. Processing up to 20.
2025-11-28 16:31:55,502 - INFO - [BBC] Article: https://www.bbc.com/news/articles/ckg9nd2wddno?at_medium=RSS&at_campaign=rss
2025-11-28 16:31:55,503 - INFO - [BBC] Attempt 1/1: Trying with 'requests_browser' strategy...
2025-11-28 16:31:55,598 - INFO - [The Guardian] Success with 'requests_browser'. Found content (753 words).
2025-11-28 16:31:55,635 - INFO - Duplicate article skipped: Jacob Zuma’s daughter resigns amid claims South Africans tricked to fight for Russia | South Africa | The Guardian from The Guardian
2025-11-28 16:31:55,660 - INFO - [BBC] Success with 'requests_browser'. Found content (590 words).
2025-11-28 16:31:55,699 - INFO - Duplicate article skipped: Zelensky's chief of staff Andriy Yermak resigns after anti-corruption raid from BBC
2025-11-28 16:31:56,203 - INFO - [The Guardian] Article: https://www.theguardian.com/environment/2025/nov/28/africa-forests-transformed-carbon-sink-carbon-source-study
2025-11-28 16:31:56,203 - INFO - [The Guardian] Attempt 1/1: Trying with 'requests_browser' strategy...
2025-11-28 16:31:56,224 - INFO - [The Guardian] Success with 'requests_browser'. Found content (458 words).
2025-11-28 16:31:56,260 - INFO - [BBC] Article: https://www.bbc.com/news/articles/c79xd17dre3o?at_medium=RSS&at_campaign=rss
2025-11-28 16:31:56,261 - INFO - [BBC] Attempt 1/1: Trying with 'requests_browser' strategy...
2025-11-28 16:31:56,261 - INFO - Duplicate article skipped: Africa’s forests transformed from carbon sink to carbon source, study finds | Climate crisis | The Guardian from The Guardian
2025-11-28 16:31:56,295 - INFO - [BBC] Success with 'requests_browser'. Found content (771 words).
2025-11-28 16:31:56,332 - INFO - Duplicate article skipped: Hong Kong tower blocks fire death toll rises to 128 from BBC
2025-11-28 16:31:56,991 - INFO - [The Guardian] Article: https://www.theguardian.com/world/2025/nov/26/guinea-bissau-officers-take-total-control-close-borders-amid-election-chaos
2025-11-28 16:31:56,991 - INFO - [The Guardian] Attempt 1/1: Trying with 'requests_browser' strategy...
2025-11-28 16:31:57,152 - INFO - [The Guardian] Success with 'requests_browser'. Found content (412 words).
2025-11-28 16:31:57,186 - INFO - Duplicate article skipped: Guinea-Bissau military takes ‘total control’ amid election chaos | Guinea-Bissau | The Guardian from The Guardian
2025-11-28 16:31:57,726 - INFO - [BBC] Article: https://www.bbc.com/news/articles/c058lny3pdqo?at_medium=RSS&at_campaign=rss
2025-11-28 16:31:57,726 - INFO - [BBC] Attempt 1/1: Trying with 'requests_browser' strategy...
2025-11-28 16:31:57,753 - INFO - [BBC] Success with 'requests_browser'. Found content (650 words).
2025-11-28 16:31:57,787 - INFO - Duplicate article skipped: Hungary's Orban defies EU partners and meets Putin again in Moscow from BBC
2025-11-28 16:31:58,562 - INFO - [The Guardian] Article: https://www.theguardian.com/world/2025/nov/25/nigerian-schoolgirls-rescued-after-mass-abduction-in-kebbi
2025-11-28 16:31:58,563 - INFO - [The Guardian] Attempt 1/1: Trying with 'requests_browser' strategy...
2025-11-28 16:31:58,861 - INFO - [The Guardian] Success with 'requests_browser'. Found content (515 words).
2025-11-28 16:31:58,902 - INFO - Duplicate article skipped: Nigerian schoolgirls rescued after mass abduction in Kebbi | Nigeria | The Guardian from The Guardian
2025-11-28 16:31:59,203 - INFO - [BBC] Article: https://www.bbc.com/news/articles/cdxweyy157go?at_medium=RSS&at_campaign=rss
2025-11-28 16:31:59,204 - INFO - [BBC] Attempt 1/1: Trying with 'requests_browser' strategy...
2025-11-28 16:31:59,235 - INFO - [BBC] Success with 'requests_browser'. Found content (1079 words).
2025-11-28 16:31:59,274 - INFO - Duplicate article skipped: Trump says US will pause migration from 'third-world countries' from BBC
2025-11-28 16:31:59,421 - INFO - [The Guardian] Article: https://www.theguardian.com/world/2025/nov/25/jacob-zuma-daughter-accused-tricking-men-fighting-for-russia-in-ukraine
2025-11-28 16:31:59,421 - INFO - [The Guardian] Attempt 1/1: Trying with 'requests_browser' strategy...
2025-11-28 16:31:59,447 - INFO - [The Guardian] Success with 'requests_browser'. Found content (656 words).
2025-11-28 16:31:59,491 - INFO - Duplicate article skipped: Jacob Zuma’s daughter accused of tricking men into fighting for Russia in Ukraine | South Africa | The Guardian from The Guardian
2025-11-28 16:32:00,495 - INFO - [BBC] Article: https://www.bbc.com/news/articles/cx2dndy228xo?at_medium=RSS&at_campaign=rss
2025-11-28 16:32:00,495 - INFO - [BBC] Attempt 1/1: Trying with 'requests_browser' strategy...
2025-11-28 16:32:00,667 - INFO - [BBC] Success with 'requests_browser'. Found content (1379 words).
2025-11-28 16:32:00,688 - INFO - [The Guardian] Article: https://www.theguardian.com/world/2025/nov/28/haida-nation-mark-carney-pipe-dream-oil-energy
2025-11-28 16:32:00,693 - INFO - [The Guardian] Attempt 1/1: Trying with 'requests_browser' strategy...
2025-11-28 16:32:00,705 - INFO - Duplicate article skipped: Duduzile Zuma-Sambudla resigns as South African MP over Russia mercenary recruitment scandal from BBC
2025-11-28 16:32:00,880 - INFO - [The Guardian] Success with 'requests_browser'. Found content (1103 words).
2025-11-28 16:32:00,914 - INFO - Duplicate article skipped: ‘Not going to happen’: First Nations threaten to end Carney’s pipe dream | Canada | The Guardian from The Guardian
2025-11-28 16:32:01,507 - INFO - [BBC] Article: https://www.bbc.com/news/articles/cp89k31krz4o?at_medium=RSS&at_campaign=rss
2025-11-28 16:32:01,507 - INFO - [BBC] Attempt 1/1: Trying with 'requests_browser' strategy...
2025-11-28 16:32:01,669 - INFO - [BBC] Success with 'requests_browser'. Found content (485 words).
2025-11-28 16:32:01,703 - INFO - Duplicate article skipped: Thirteen killed in deadliest Israeli raid for months in southern Syria from BBC
2025-11-28 16:32:02,129 - INFO - [The Guardian] Article: https://www.theguardian.com/world/2025/nov/28/st-vincent-caribbean-opposition-party-celebrates-historic-election-win
2025-11-28 16:32:02,129 - INFO - [The Guardian] Attempt 1/1: Trying with 'requests_browser' strategy...
2025-11-28 16:32:02,288 - INFO - [The Guardian] Success with 'requests_browser'. Found content (609 words).
2025-11-28 16:32:02,323 - INFO - Duplicate article skipped: St Vincent opposition party celebrates historic election win | St Vincent and the Grenadines | The Guardian from The Guardian
2025-11-28 16:32:03,111 - INFO - [BBC] Article: https://www.bbc.com/news/articles/c0l9z176lnlo?at_medium=RSS&at_campaign=rss
2025-11-28 16:32:03,112 - INFO - [BBC] Attempt 1/1: Trying with 'requests_browser' strategy...
2025-11-28 16:32:03,151 - INFO - [The Guardian] Article: https://www.theguardian.com/world/2025/nov/27/st-vincent-prime-minister-seeks-record-sixth-term-in-tight-election
2025-11-28 16:32:03,151 - INFO - [The Guardian] Attempt 1/1: Trying with 'requests_browser' strategy...
2025-11-28 16:32:03,171 - INFO - [The Guardian] Success with 'requests_browser'. Found content (678 words).
2025-11-28 16:32:03,206 - INFO - Duplicate article skipped: St Vincent prime minister seeks record sixth term in tight election | St Vincent and the Grenadines | The Guardian from The Guardian
2025-11-28 16:32:03,273 - INFO - [BBC] Success with 'requests_browser'. Found content (598 words).
2025-11-28 16:32:03,316 - INFO - Duplicate article skipped: Austrian nuns win reprieve in abandoned convent - if they stay off social media from BBC
2025-11-28 16:32:04,183 - INFO - [BBC] Article: https://www.bbc.com/news/articles/c0q5w13e58zo?at_medium=RSS&at_campaign=rss
2025-11-28 16:32:04,183 - INFO - [BBC] Attempt 1/1: Trying with 'requests_browser' strategy...
2025-11-28 16:32:04,206 - INFO - [BBC] Success with 'requests_browser'. Found content (422 words).
2025-11-28 16:32:04,242 - INFO - Duplicate article skipped: Lightning detected on Mars by Nasa rover, scientists believe from BBC
2025-11-28 16:32:04,568 - INFO - [The Guardian] Article: https://www.theguardian.com/politics/2025/nov/28/uk-home-office-rejects-visa-young-girl-destitute-jamaica-hurricane-melissa
2025-11-28 16:32:04,568 - INFO - [The Guardian] Attempt 1/1: Trying with 'requests_browser' strategy...
2025-11-28 16:32:04,589 - INFO - [The Guardian] Success with 'requests_browser'. Found content (550 words).
2025-11-28 16:32:04,623 - INFO - Duplicate article skipped: UK rejects visa for girl left destitute in Jamaica by Hurricane Melissa | Home Office | The Guardian from The Guardian
2025-11-28 16:32:05,656 - INFO - [BBC] Article: https://www.bbc.com/news/articles/clyz7njqwvvo?at_medium=RSS&at_campaign=rss
2025-11-28 16:32:05,656 - INFO - [BBC] Attempt 1/1: Trying with 'requests_browser' strategy...
2025-11-28 16:32:05,682 - INFO - [BBC] Success with 'requests_browser'. Found content (345 words).
2025-11-28 16:32:05,718 - INFO - Duplicate article skipped: Japan's same-sex marriage ban is constitutional, says Tokyo court from BBC
2025-11-28 16:32:05,982 - INFO - [The Guardian] Article: https://www.theguardian.com/world/2025/nov/27/mark-carney-alberta-oil-pipeline-deal-canada-first-nations
2025-11-28 16:32:05,982 - INFO - [The Guardian] Attempt 1/1: Trying with 'requests_browser' strategy...
2025-11-28 16:32:06,003 - INFO - [The Guardian] Success with 'requests_browser'. Found content (723 words).
2025-11-28 16:32:06,038 - INFO - Duplicate article skipped: Canada minister resigns from cabinet over Carney’s controversial oil pipeline deal | Canada | The Guardian from The Guardian
2025-11-28 16:32:06,707 - INFO - [BBC] Article: https://www.bbc.com/news/articles/c0r9qzrxdwwo?at_medium=RSS&at_campaign=rss
2025-11-28 16:32:06,708 - INFO - [BBC] Attempt 1/1: Trying with 'requests_browser' strategy...
2025-11-28 16:32:06,871 - INFO - [BBC] Success with 'requests_browser'. Found content (448 words).
2025-11-28 16:32:07,110 - INFO - [The Guardian] Article: https://www.theguardian.com/news/2025/nov/28/hong-kong-apartment-fire-response-rescue-operations-death-toll
2025-11-28 16:32:07,111 - INFO - [The Guardian] Attempt 1/1: Trying with 'requests_browser' strategy...
2025-11-28 16:32:07,154 - INFO - [The Guardian] Success with 'requests_browser'. Found content (1000 words).
2025-11-28 16:32:12,012 - INFO - Selenium driver initialized successfully.
2025-11-28 16:32:12,012 - INFO - Starting scrape for Times of India RSS feed: https://timesofindia.indiatimes.com/rssfeeds/296589292.cms
2025-11-28 16:32:12,012 - INFO - Selenium driver initialized successfully.
2025-11-28 16:32:12,013 - INFO - Starting scrape for The Hindu RSS feed: https://www.thehindu.com/news/national/feeder/default.rss
2025-11-28 16:32:12,176 - INFO - Found 20 articles in Times of India RSS feed. Processing up to 20.
2025-11-28 16:32:12,176 - INFO - [Times of India] Article: https://timesofindia.indiatimes.com/world/rest-of-world/beard-battle-sikh-student-in-australia-wins-case-was-initially-asked-to-get-clean-shaven-for-wearing-ppe-mask/articleshow/125641470.cms
2025-11-28 16:32:12,176 - INFO - [Times of India] Attempt 1/1: Trying with 'selenium_browser' strategy...
2025-11-28 16:32:12,225 - INFO - Found 100 articles in The Hindu RSS feed. Processing up to 20.
2025-11-28 16:32:12,225 - INFO - [The Hindu] Article: https://www.thehindu.com/news/national/kerala/history-congress-sees-papers-on-thiruvananthapurams-multifaceted-history/article70336071.ece
2025-11-28 16:32:12,227 - INFO - [The Hindu] Attempt 1/1: Trying with 'selenium_browser' strategy...
2025-11-28 16:32:20,041 - INFO - [The Hindu] Page content loaded.
2025-11-28 16:32:20,394 - INFO - [The Hindu] Success with 'selenium_browser'. Found content (206 words).
2025-11-28 16:32:28,928 - INFO - [Times of India] Page content loaded.
2025-11-28 16:32:29,268 - INFO - [Times of India] Success with 'selenium_browser'. Found content (403 words).
2025-11-28 16:32:29,794 - INFO - Saved article: Tunisia hands prison terms to dozens of opposition figures from BBC
2025-11-28 16:32:29,794 - INFO - Duplicate article skipped: Rescue efforts end at Hong Kong tower block fire as death toll reaches 128 | Hong Kong apartment fires | The Guardian from The Guardian
2025-11-28 16:32:30,724 - INFO - [The Guardian] Article: https://www.theguardian.com/news/2025/nov/28/hong-kong-community-groups-deliver-aid-to-survivors-of-wang-fuk-court-fire
2025-11-28 16:32:30,724 - INFO - [The Guardian] Attempt 1/1: Trying with 'requests_browser' strategy...
2025-11-28 16:32:30,757 - INFO - [The Guardian] Success with 'requests_browser'. Found content (687 words).
2025-11-28 16:32:30,987 - INFO - [BBC] Article: https://www.bbc.com/news/articles/cwyx4y6007lo?at_medium=RSS&at_campaign=rss
2025-11-28 16:32:30,987 - INFO - [BBC] Attempt 1/1: Trying with 'requests_browser' strategy...
2025-11-28 16:32:31,037 - INFO - [BBC] Success with 'requests_browser'. Found content (891 words).
2025-11-28 16:32:42,917 - INFO - Saved article: History Congress sees papers on Thiruvananthapuram’s multifaceted history - The Hindu from The Hindu
2025-11-28 16:32:44,026 - INFO - [The Hindu] Article: https://www.thehindu.com/news/national/jammu-and-kashmir/raj-bhavan-appointed-officers-carrying-out-demolitions-in-jk-to-defame-elected-govt-omar-abdullah/article70335547.ece
2025-11-28 16:32:44,026 - INFO - [The Hindu] Attempt 1/1: Trying with 'selenium_browser' strategy...
2025-11-28 16:32:46,143 - INFO - [The Hindu] Page content loaded.
2025-11-28 16:32:46,380 - INFO - [The Hindu] Success with 'selenium_browser'. Found content (493 words).
2025-11-28 16:32:57,416 - INFO - Saved article: Beard battle: Sikh student in Australia wins case; was initially asked to get clean-shaven for wearing PPE mask - The Times of India from Times of India
2025-11-28 16:32:57,416 - INFO - Duplicate article skipped: Hong Kong community groups deliver aid to survivors of Wang Fuk Court fire | Hong Kong apartment fires | The Guardian from The Guardian
2025-11-28 16:32:57,416 - INFO - Duplicate article skipped: National Guard member Sarah Beckstrom dies after shooting in Washington DC from BBC
2025-11-28 16:32:58,275 - INFO - [The Guardian] Article: https://www.theguardian.com/world/2025/nov/28/bear-attacks-man-public-toilet-japan
2025-11-28 16:32:58,275 - INFO - [The Guardian] Attempt 1/1: Trying with 'requests_browser' strategy...
2025-11-28 16:32:58,306 - INFO - [The Guardian] Success with 'requests_browser'. Found content (373 words).
2025-11-28 16:32:58,605 - INFO - [Times of India] Article: https://timesofindia.indiatimes.com/world/us/two-white-people-and-24-indians-nick-fuentes-mocks-jd-vances-2024-thanksgiving-dinner-photo-with-hindu-wife-ushas-family/articleshow/125640701.cms
2025-11-28 16:32:58,605 - INFO - [Times of India] Attempt 1/1: Trying with 'selenium_browser' strategy...
2025-11-28 16:32:58,657 - INFO - [BBC] Article: https://www.bbc.com/news/articles/clyd4llgrego?at_medium=RSS&at_campaign=rss
2025-11-28 16:32:58,657 - INFO - [BBC] Attempt 1/1: Trying with 'requests_browser' strategy...
2025-11-28 16:32:58,844 - INFO - [BBC] Success with 'requests_browser'. Found content (415 words).
2025-11-28 16:33:00,212 - INFO - [Times of India] Page content loaded.
2025-11-28 16:33:00,458 - INFO - [Times of India] Success with 'selenium_browser'. Found content (339 words).
2025-11-28 16:33:12,787 - INFO - Saved article: Raj Bhavan-appointed officers carrying out demolitions in J&K to defame elected govt.: Omar Abdullah - The Hindu from The Hindu
2025-11-28 16:33:12,787 - INFO - Duplicate article skipped: Bear attacks man in public toilet in Japan | Japan | The Guardian from The Guardian
2025-11-28 16:33:12,787 - INFO - Duplicate article skipped: Louvre to hike ticket prices for most non-EU tourists by 45% from BBC
2025-11-28 16:33:12,787 - INFO - Duplicate article skipped: 'Two white people and 24 Indians...': Nick Fuentes mocks JD Vance's 2024 Thanksgiving dinner photo with Hindu wife Usha's family - The Times of India from Times of India
2025-11-28 16:33:13,338 - INFO - [The Guardian] Article: https://www.theguardian.com/world/2025/nov/28/china-civil-service-exam-age-limit-changed
2025-11-28 16:33:13,338 - INFO - [The Guardian] Attempt 1/1: Trying with 'requests_browser' strategy...
2025-11-28 16:33:13,360 - INFO - [The Guardian] Success with 'requests_browser'. Found content (763 words).
2025-11-28 16:33:13,394 - INFO - Duplicate article skipped: Millions in China cram for civil service exam and the hope of a job for life | China | The Guardian from The Guardian
2025-11-28 16:33:13,903 - INFO - [Times of India] Article: https://timesofindia.indiatimes.com/world/us/us-couple-under-fire-for-housing-dc-shooter-rahmanullah-lakanwal-wife-5-children-raised-fund-for-truly-genuine-people/articleshow/125640638.cms
2025-11-28 16:33:13,903 - INFO - [Times of India] Attempt 1/1: Trying with 'selenium_browser' strategy...
2025-11-28 16:33:14,036 - INFO - [The Hindu] Article: https://www.thehindu.com/news/national/kerala-governor-cannot-sit-on-report-on-v-c-postings-sc/article70335345.ece
2025-11-28 16:33:14,036 - INFO - [The Hindu] Attempt 1/1: Trying with 'selenium_browser' strategy...
2025-11-28 16:33:14,274 - INFO - [The Guardian] Article: https://www.theguardian.com/world/2025/nov/28/flash-flooding-sumatra-death-toll-rises
2025-11-28 16:33:14,274 - INFO - [The Guardian] Attempt 1/1: Trying with 'requests_browser' strategy...
2025-11-28 16:33:14,279 - INFO - [BBC] Article: https://www.bbc.com/news/videos/cev8exezvw2o?at_medium=RSS&at_campaign=rss
2025-11-28 16:33:14,279 - INFO - [BBC] Attempt 1/1: Trying with 'requests_browser' strategy...
2025-11-28 16:33:14,311 - INFO - [The Guardian] Success with 'requests_browser'. Found content (785 words).
2025-11-28 16:33:14,373 - INFO - Duplicate article skipped: Flash flooding in Sumatra kills 69 as rescue crews search rivers for survivors | Indonesia | The Guardian from The Guardian
2025-11-28 16:33:14,410 - INFO - [BBC] Success with 'requests_browser'. Found content (89 words).
2025-11-28 16:33:14,514 - INFO - Duplicate article skipped: Pope Leo struggles to unveil plaque in Turkey from BBC
2025-11-28 16:33:15,101 - INFO - [The Guardian] Article: https://www.theguardian.com/australia-news/2025/nov/29/mineral-sunscreens-australia-identical-to-others
2025-11-28 16:33:15,101 - INFO - [The Guardian] Attempt 1/1: Trying with 'requests_browser' strategy...
2025-11-28 16:33:15,141 - INFO - [The Guardian] Success with 'requests_browser'. Found content (932 words).
2025-11-28 16:33:15,157 - INFO - [The Hindu] Page content loaded.
2025-11-28 16:33:15,212 - INFO - Duplicate article skipped: ‘Mineral’ sunscreens marketed to Australians contain almost identical chemicals as others, testing shows | Consumer affairs | The Guardian from The Guardian
2025-11-28 16:33:15,288 - INFO - [The Hindu] Success with 'selenium_browser'. Found content (593 words).
2025-11-28 16:33:15,454 - INFO - [BBC] Article: https://www.bbc.com/news/articles/c0q5ww558ngo?at_medium=RSS&at_campaign=rss
2025-11-28 16:33:15,459 - INFO - [BBC] Attempt 1/1: Trying with 'requests_browser' strategy...
2025-11-28 16:33:15,876 - INFO - [BBC] Success with 'requests_browser'. Found content (442 words).
2025-11-28 16:33:16,189 - INFO - [The Guardian] Article: https://www.theguardian.com/australia-news/2025/nov/29/exclusive-gun-club-linked-to-andrew-hastie-awarded-almost-20000-in-government-grants
2025-11-28 16:33:16,189 - INFO - [The Guardian] Attempt 1/1: Trying with 'requests_browser' strategy...
2025-11-28 16:33:16,234 - INFO - [The Guardian] Success with 'requests_browser'. Found content (722 words).
2025-11-28 16:33:22,112 - INFO - [Times of India] Page content loaded.
2025-11-28 16:33:22,627 - INFO - [Times of India] Success with 'selenium_browser'. Found content (459 words).
2025-11-28 16:33:33,199 - INFO - Saved article: Kerala Governor cannot sit on report on V-C postings: SC - The Hindu from The Hindu
2025-11-28 16:33:33,200 - INFO - Duplicate article skipped: Peru: Two former presidents jailed in two days from BBC
2025-11-28 16:33:33,200 - INFO - Duplicate article skipped: Exclusive gun club linked to Andrew Hastie awarded almost $20,000 in government grants | Andrew Hastie | The Guardian from The Guardian
2025-11-28 16:33:33,200 - INFO - Duplicate article skipped: US couple under fire for housing DC shooter Rahmanullah Lakanwal, wife, 5 children; raised fund for 'truly genuine people' - The Times of India from Times of India
2025-11-28 16:33:33,911 - INFO - [The Hindu] Article: https://www.thehindu.com/news/national/kerala/iffk-to-honour-canadian-filmmaker-kelly-fyffe-marshall-with-spirit-of-cinema-award/article70335522.ece
2025-11-28 16:33:33,911 - INFO - [The Hindu] Attempt 1/1: Trying with 'selenium_browser' strategy...
2025-11-28 16:33:33,987 - INFO - [The Guardian] Article: https://www.theguardian.com/australia-news/2025/nov/28/bondi-junction-stabbings-joel-cauchi-inquest-drug-use
2025-11-28 16:33:33,988 - INFO - [The Guardian] Attempt 1/1: Trying with 'requests_browser' strategy...
2025-11-28 16:33:34,053 - INFO - [Times of India] Article: https://timesofindia.indiatimes.com/world/us-streamers/youre-getting-permanently-banned-asmongold-draws-a-hard-line-on-twitchs-new-mega-gift-feature/articleshow/125640461.cms
2025-11-28 16:33:34,053 - INFO - [Times of India] Attempt 1/1: Trying with 'selenium_browser' strategy...
2025-11-28 16:33:34,223 - INFO - [The Guardian] Success with 'requests_browser'. Found content (901 words).
2025-11-28 16:33:34,465 - INFO - [BBC] Article: https://www.bbc.com/news/articles/c741m97lk42o?at_medium=RSS&at_campaign=rss
2025-11-28 16:33:34,465 - INFO - [BBC] Attempt 1/1: Trying with 'requests_browser' strategy...
2025-11-28 16:33:34,620 - INFO - Duplicate article skipped: Bondi Junction stabbings: ‘10 seconds warning’ from security could have saved lives, inquest hears | Bondi Junction stabbings | The Guardian from The Guardian
2025-11-28 16:33:34,843 - INFO - [BBC] Success with 'requests_browser'. Found content (661 words).
2025-11-28 16:33:34,912 - INFO - Duplicate article skipped: Guinea-Bissau’s ousted President Umaro Sissoco Embaló flees to Senegal after coup from BBC
2025-11-28 16:33:35,277 - INFO - [The Hindu] Page content loaded.
2025-11-28 16:33:35,529 - INFO - [The Guardian] Article: https://www.theguardian.com/australia-news/live/2025/nov/28/australia-news-live-storms-hail-queensland-environment-laws-anthony-albanese-labor-greens-sussan-ley-coalition-ntwnfb
2025-11-28 16:33:35,529 - INFO - [The Guardian] Attempt 1/1: Trying with 'requests_browser' strategy...
2025-11-28 16:33:35,672 - INFO - [The Hindu] Success with 'selenium_browser'. Found content (217 words).
2025-11-28 16:33:35,706 - INFO - [Times of India] Page content loaded.
2025-11-28 16:33:36,142 - INFO - [BBC] Article: https://www.bbc.com/news/articles/c1w9qe7n984o?at_medium=RSS&at_campaign=rss
2025-11-28 16:33:36,142 - INFO - [BBC] Attempt 1/1: Trying with 'requests_browser' strategy...
2025-11-28 16:33:36,556 - INFO - [BBC] Success with 'requests_browser'. Found content (796 words).
2025-11-28 16:33:36,981 - INFO - [The Guardian] Success with 'requests_browser'. Found content (1988 words).
2025-11-28 16:33:37,277 - INFO - [Times of India] Success with 'selenium_browser'. Found content (441 words).
2025-11-28 16:33:51,770 - INFO - Saved article: IFFK to honour Canadian filmmaker Kelly Fyffe-Marshall with Spirit of Cinema award - The Hindu from The Hindu
2025-11-28 16:33:51,771 - INFO - Duplicate article skipped: Quebec moves to expand secularism law, limit public prayer from BBC
2025-11-28 16:33:51,771 - INFO - Duplicate article skipped: Barnaby Joyce’s exit from the Nationals ‘almost a Greek tragedy’, Michael McCormack says – as it happened | Australia news | The Guardian from The Guardian
2025-11-28 16:33:51,771 - INFO - Duplicate article skipped: “You’re getting permanently banned!”: Asmongold draws a hard line on Twitch’s new mega-gift feature - The Times of India from Times of India
2025-11-28 16:33:52,416 - INFO - [BBC] Article: https://www.bbc.com/news/articles/c8dyqzm0rp4o?at_medium=RSS&at_campaign=rss
2025-11-28 16:33:52,416 - INFO - [BBC] Attempt 1/1: Trying with 'requests_browser' strategy...
2025-11-28 16:33:52,442 - INFO - [BBC] Success with 'requests_browser'. Found content (392 words).
2025-11-28 16:33:52,481 - INFO - Duplicate article skipped: West Bank: Israeli troops kill two Palestinians after they appear to surrender from BBC
2025-11-28 16:33:52,540 - INFO - [Times of India] Article: https://timesofindia.indiatimes.com/world/us/hideously-unnatural-social-media-debates-over-biden-trumps-age-neera-tanden-nate-silver-clash/articleshow/125632134.cms
2025-11-28 16:33:52,540 - INFO - [Times of India] Attempt 1/1: Trying with 'selenium_browser' strategy...
2025-11-28 16:33:52,956 - INFO - [The Guardian] Article: https://www.theguardian.com/australia-news/2025/nov/28/jai-wright-police-officer-guilty-causing-indigenous-teenager-death-ntwnfb
2025-11-28 16:33:52,956 - INFO - [The Guardian] Attempt 1/1: Trying with 'requests_browser' strategy...
2025-11-28 16:33:52,985 - INFO - [The Guardian] Success with 'requests_browser'. Found content (639 words).
2025-11-28 16:33:53,024 - INFO - [The Hindu] Article: https://www.thehindu.com/news/national/kerala/train-services-hit-by-locomotive-failure-at-kalamassery/article70335186.ece
2025-11-28 16:33:53,024 - INFO - [The Hindu] Attempt 1/1: Trying with 'selenium_browser' strategy...
2025-11-28 16:33:53,025 - INFO - Duplicate article skipped: Police sergeant found guilty of causing death of 16-year-old Indigenous teenager Jai Wright | Australian police and policing | The Guardian from The Guardian
2025-11-28 16:33:53,454 - INFO - [BBC] Article: https://www.bbc.com/news/articles/cp84nl57v0lo?at_medium=RSS&at_campaign=rss
2025-11-28 16:33:53,454 - INFO - [BBC] Attempt 1/1: Trying with 'requests_browser' strategy...
2025-11-28 16:33:53,516 - INFO - [BBC] Success with 'requests_browser'. Found content (751 words).
2025-11-28 16:33:53,601 - INFO - Duplicate article skipped: Putin doubles down on demands for Ukrainian territory ahead of talks with US from BBC
2025-11-28 16:33:54,195 - INFO - [The Hindu] Page content loaded.
2025-11-28 16:33:54,394 - INFO - [The Hindu] Success with 'selenium_browser'. Found content (202 words).
2025-11-28 16:33:54,511 - INFO - [BBC] Article: https://www.bbc.com/news/articles/c0edw7g7z79o?at_medium=RSS&at_campaign=rss
2025-11-28 16:33:54,518 - INFO - [BBC] Attempt 1/1: Trying with 'requests_browser' strategy...
2025-11-28 16:33:54,739 - INFO - [BBC] Success with 'requests_browser'. Found content (1054 words).
2025-11-28 16:33:55,313 - INFO - [Times of India] Page content loaded.
2025-11-28 16:33:55,804 - INFO - [Times of India] Success with 'selenium_browser'. Found content (358 words).
2025-11-28 16:34:10,105 - INFO - Saved article: Train services hit by locomotive failure at Kalamassery - The Hindu from The Hindu
2025-11-28 16:34:10,105 - INFO - Duplicate article skipped: France brings back limited military service with 3,000 volunteers next year from BBC
2025-11-28 16:34:10,105 - INFO - Duplicate article skipped: 'Hideously unnatural’: Social media debates over Biden, Trump’s age; Neera Tanden, Nate Silver clash - The Times of India from Times of India
2025-11-28 16:34:10,892 - INFO - [The Hindu] Article: https://www.thehindu.com/news/national/kerala/manaf-murder-case-court-convicts-accused-after-30-years/article70335676.ece
2025-11-28 16:34:10,892 - INFO - [The Hindu] Attempt 1/1: Trying with 'selenium_browser' strategy...
2025-11-28 16:34:11,128 - INFO - [Times of India] Article: https://timesofindia.indiatimes.com/world/us/trump-says-the-word-indian-is-not-allowed-claims-only-indians-want-it-used-watch/articleshow/125629982.cms
2025-11-28 16:34:11,128 - INFO - [Times of India] Attempt 1/1: Trying with 'selenium_browser' strategy...
2025-11-28 16:34:11,151 - INFO - [BBC] Article: https://www.bbc.com/news/articles/cd0keyern0do?at_medium=RSS&at_campaign=rss
2025-11-28 16:34:11,152 - INFO - [BBC] Attempt 1/1: Trying with 'requests_browser' strategy...
2025-11-28 16:34:11,181 - INFO - [BBC] Success with 'requests_browser'. Found content (511 words).
2025-11-28 16:34:11,231 - INFO - Duplicate article skipped: Venezuela bans six major airlines after tensions with US escalate from BBC
2025-11-28 16:34:11,850 - INFO - [The Hindu] Page content loaded.
2025-11-28 16:34:11,894 - INFO - [The Hindu] Success with 'selenium_browser'. Found content (309 words).
2025-11-28 16:34:16,488 - INFO - [Times of India] Page content loaded.
2025-11-28 16:34:16,940 - INFO - [Times of India] Success with 'selenium_browser'. Found content (444 words).
2025-11-28 16:34:28,541 - INFO - Saved article: Manaf murder case: court convicts accused after 30 years - The Hindu from The Hindu
2025-11-28 16:34:28,541 - INFO - Duplicate article skipped: Trump says word ‘Indian’ is not allowed anymore; claims only Indians want it used — watch - The Times of India from Times of India
2025-11-28 16:34:29,258 - INFO - [Times of India] Article: https://timesofindia.indiatimes.com/world/rest-of-world/thailand-floods-death-toll-rises-to-145-receding-waters-reveal-large-scale-devastation-millions-affected/articleshow/125639865.cms
2025-11-28 16:34:29,258 - INFO - [Times of India] Attempt 1/1: Trying with 'selenium_browser' strategy...
2025-11-28 16:34:30,037 - INFO - [The Hindu] Article: https://www.thehindu.com/news/national/andhra-pradesh/cabinet-okays-lps-ii-in-amaravati-and-7500-crore-nabfid-loan-for-capital-infrastructure/article70335795.ece
2025-11-28 16:34:30,037 - INFO - [The Hindu] Attempt 1/1: Trying with 'selenium_browser' strategy...
2025-11-28 16:34:31,205 - INFO - [Times of India] Page content loaded.
2025-11-28 16:34:31,558 - INFO - [Times of India] Success with 'selenium_browser'. Found content (305 words).
2025-11-28 16:34:32,070 - INFO - Duplicate article skipped: Thailand floods: Death toll rises to 145; receding waters reveal large-scale devastation, millions affected - The Times of India from Times of India
2025-11-28 16:34:33,552 - INFO - [Times of India] Article: https://timesofindia.indiatimes.com/world/us/troubled-hindu-american-foundation-says-economists-claim-that-chennai-consulate-issued-220000-h-1b-visas-unfounded/articleshow/125639516.cms
2025-11-28 16:34:33,552 - INFO - [Times of India] Attempt 1/1: Trying with 'selenium_browser' strategy...
2025-11-28 16:34:34,325 - INFO - [The Hindu] Page content loaded.
2025-11-28 16:34:34,715 - INFO - [The Hindu] Success with 'selenium_browser'. Found content (578 words).
2025-11-28 16:34:38,190 - INFO - [Times of India] Page content loaded.
2025-11-28 16:34:38,495 - INFO - [Times of India] Success with 'selenium_browser'. Found content (413 words).
2025-11-28 16:34:50,770 - INFO - Saved article: Cabinet okays LPS II in Amaravati and ₹7500 crore NaBFID loan for capital infrastructure - The Hindu from The Hindu
2025-11-28 16:34:50,770 - INFO - Duplicate article skipped: 'Troubled': Hindu American Foundation says economist's claim that Chennai consulate issued 220,000 H-1B visas unfounded - The Times of India from Times of India
2025-11-28 16:34:51,502 - INFO - [Times of India] Article: https://timesofindia.indiatimes.com/world/middle-east/uae-dubai-police-fine-8000-delivery-riders-for-riding-in-fast-lanes/articleshow/125638616.cms
2025-11-28 16:34:51,502 - INFO - [Times of India] Attempt 1/1: Trying with 'selenium_browser' strategy...
2025-11-28 16:34:51,668 - INFO - [The Hindu] Article: https://www.thehindu.com/news/national/telangana/sarpanch-aspirant-offers-to-spend-20-lakh-for-development-works-emerges-as-unanimous-choice-of-villagers/article70335816.ece
2025-11-28 16:34:51,668 - INFO - [The Hindu] Attempt 1/1: Trying with 'selenium_browser' strategy...
2025-11-28 16:34:52,315 - INFO - [The Hindu] Page content loaded.
2025-11-28 16:34:52,368 - INFO - [The Hindu] Success with 'selenium_browser'. Found content (217 words).
2025-11-28 16:34:54,749 - INFO - [Times of India] Page content loaded.
2025-11-28 16:34:55,044 - INFO - [Times of India] Success with 'selenium_browser'. Found content (476 words).
2025-11-28 16:35:08,552 - INFO - Saved article: Sarpanch aspirant ‘offers’ to spend ₹20 lakh for development works, emerges as ‘unanimous choice’ of villagers - The Hindu from The Hindu
2025-11-28 16:35:08,552 - INFO - Duplicate article skipped: UAE: Dubai police fine 8,000+ delivery riders for riding in fast lanes | World News - The Times of India from Times of India
2025-11-28 16:35:09,590 - INFO - [Times of India] Article: https://timesofindia.indiatimes.com/world/us/i-have-more-in-common-with-a-pakistani-cab-driver-tucker-carlson-shuts-down-muslim-hate-narrative-says-liberal-whites-are-worse/articleshow/125638505.cms
2025-11-28 16:35:09,590 - INFO - [Times of India] Attempt 1/1: Trying with 'selenium_browser' strategy...
2025-11-28 16:35:09,943 - INFO - [The Hindu] Article: https://www.thehindu.com/news/national/andhra-pradesh/ministers-aide-resigns-amid-sexual-harressment-case/article70335712.ece
2025-11-28 16:35:09,943 - INFO - [The Hindu] Attempt 1/1: Trying with 'selenium_browser' strategy...
2025-11-28 16:35:11,320 - INFO - [The Hindu] Page content loaded.
2025-11-28 16:35:11,359 - INFO - [Times of India] Page content loaded.
2025-11-28 16:35:11,587 - INFO - [The Hindu] Success with 'selenium_browser'. Found content (131 words).
2025-11-28 16:35:11,634 - INFO - [Times of India] Success with 'selenium_browser'. Found content (473 words).
2025-11-28 16:35:26,215 - INFO - Saved article: Minister’s aide resigns amid sexual harressment case - The Hindu from The Hindu
2025-11-28 16:35:26,215 - INFO - Duplicate article skipped: ‘I have more in common with a Pakistani cab driver’: Tucker Carlson shuts down 'Muslim hate' narrative, says 'liberal Whites' are worse - The Times of India from Times of India
2025-11-28 16:35:26,811 - INFO - [The Hindu] Article: https://www.thehindu.com/news/cities/Hyderabad/telangana-aspires-to-emerge-as-indias-design-capital/article70335874.ece
2025-11-28 16:35:26,812 - INFO - [The Hindu] Attempt 1/1: Trying with 'selenium_browser' strategy...
2025-11-28 16:35:27,637 - INFO - [Times of India] Article: https://timesofindia.indiatimes.com/world/us/afghanistan-is-not-the-problem-immigration-is-kabul-born-former-us-soldier-says-even-10-president-trump-cant-undo-failure/articleshow/125638346.cms
2025-11-28 16:35:27,637 - INFO - [Times of India] Attempt 1/1: Trying with 'selenium_browser' strategy...
2025-11-28 16:35:28,125 - INFO - [The Hindu] Page content loaded.
2025-11-28 16:35:28,220 - INFO - [The Hindu] Success with 'selenium_browser'. Found content (450 words).
2025-11-28 16:35:29,953 - INFO - [Times of India] Page content loaded.
2025-11-28 16:35:30,085 - INFO - [Times of India] Success with 'selenium_browser'. Found content (353 words).
2025-11-28 16:35:42,639 - INFO - Saved article: Telangana aspires to emerge as India’s design capital - The Hindu from The Hindu
2025-11-28 16:35:42,640 - INFO - Duplicate article skipped: Afghanistan is not the problem, immigration is: Kabul-born former US soldier says even '10 President Trump' can't undo failure - The Times of India from Times of India
2025-11-28 16:35:43,298 - INFO - [The Hindu] Article: https://www.thehindu.com/news/national/telangana/expect-colder-nights-from-dec-15/article70335650.ece
2025-11-28 16:35:43,298 - INFO - [The Hindu] Attempt 1/1: Trying with 'selenium_browser' strategy...
2025-11-28 16:35:43,817 - INFO - [Times of India] Article: https://timesofindia.indiatimes.com/world/us/zero-mention-of-islamic-terrorism-laura-loomer-slams-zohran-mamdani-over-dc-shooting-calls-him-nycs-jihadist-mayor/articleshow/125637251.cms
2025-11-28 16:35:43,817 - INFO - [Times of India] Attempt 1/1: Trying with 'selenium_browser' strategy...
2025-11-28 16:35:44,251 - INFO - [The Hindu] Page content loaded.
2025-11-28 16:35:44,398 - INFO - [The Hindu] Success with 'selenium_browser'. Found content (381 words).
2025-11-28 16:35:46,795 - INFO - [Times of India] Page content loaded.
2025-11-28 16:35:47,046 - INFO - [Times of India] Success with 'selenium_browser'. Found content (365 words).
2025-11-28 16:35:59,392 - INFO - Saved article: Expect colder nights from Dec. 15 - The Hindu from The Hindu
2025-11-28 16:35:59,392 - INFO - Duplicate article skipped: ‘Zero mention of Islamic terrorism’: Laura Loomer slams Zohran Mamdani over DC shooting, calls him ‘NYC’s jihadist mayor’ - The Times of India from Times of India
2025-11-28 16:35:59,955 - INFO - [Times of India] Article: https://timesofindia.indiatimes.com/world/middle-east/uae-vice-president-sheikh-mansour-a-look-at-his-net-worth-and-manchester-city-empire/articleshow/125636442.cms
2025-11-28 16:35:59,955 - INFO - [Times of India] Attempt 1/1: Trying with 'selenium_browser' strategy...
2025-11-28 16:36:00,162 - INFO - [The Hindu] Article: https://www.thehindu.com/news/national/ed-probes-cross-border-drug-smuggling-money-laundering-network-linked-to-myanmar/article70335499.ece
2025-11-28 16:36:00,162 - INFO - [The Hindu] Attempt 1/1: Trying with 'selenium_browser' strategy...
2025-11-28 16:36:01,320 - INFO - [The Hindu] Page content loaded.
2025-11-28 16:36:01,439 - INFO - [The Hindu] Success with 'selenium_browser'. Found content (443 words).
2025-11-28 16:36:04,644 - INFO - [Times of India] Page content loaded.
2025-11-28 16:36:05,186 - INFO - [Times of India] Success with 'selenium_browser'. Found content (738 words).
2025-11-28 16:36:17,100 - INFO - Saved article: ED probes cross-border drug smuggling, money-laundering network linked to Myanmar - The Hindu from The Hindu
2025-11-28 16:36:17,100 - INFO - Duplicate article skipped: UAE Vice President Sheikh Mansour: A look at his net worth and Manchester City empire | World News - The Times of India from Times of India
2025-11-28 16:36:17,776 - INFO - [The Hindu] Article: https://www.thehindu.com/news/national/kerala/rahul-mamkootathil-moves-for-anticipatory-bail-after-police-book-him-on-charges-of-rape-and-coerced-termination-of-pregnancy/article70335921.ece
2025-11-28 16:36:17,776 - INFO - [The Hindu] Attempt 1/1: Trying with 'selenium_browser' strategy...
2025-11-28 16:36:18,014 - INFO - [Times of India] Article: https://timesofindia.indiatimes.com/world/rest-of-world/human-washing-machine-goes-on-sale-in-japan/articleshow/125635307.cms
2025-11-28 16:36:18,014 - INFO - [Times of India] Attempt 1/1: Trying with 'selenium_browser' strategy...
2025-11-28 16:36:18,826 - INFO - [The Hindu] Page content loaded.
2025-11-28 16:36:18,938 - INFO - [The Hindu] Success with 'selenium_browser'. Found content (567 words).
2025-11-28 16:36:24,395 - INFO - [Times of India] Page content loaded.
2025-11-28 16:36:24,705 - INFO - [Times of India] Success with 'selenium_browser'. Found content (248 words).
2025-11-28 16:36:34,610 - INFO - DEDUPLICATION: Found match (Score: 0.77). Linking to Cluster ID: e9a55b4e-b97d-43e6-8a8c-863152da4eb5
2025-11-28 16:36:34,611 - INFO - Saved article: Rahul Mamkootathil moves for anticipatory bail after police book him on charges of rape and coerced termination of pregnancy - The Hindu from The Hindu
2025-11-28 16:36:34,611 - INFO - Duplicate article skipped: Human washing machine goes on sale in Japan - The Times of India from Times of India
2025-11-28 16:36:35,320 - INFO - [The Hindu] Article: https://www.thehindu.com/news/national/andhra-pradesh/farmers-in-seven-amaravati-villages-willing-to-give-land-under-lps-20-chief-minister-tells-cabinet/article70335729.ece
2025-11-28 16:36:35,320 - INFO - [The Hindu] Attempt 1/1: Trying with 'selenium_browser' strategy...
2025-11-28 16:36:35,455 - INFO - [Times of India] Article: https://timesofindia.indiatimes.com/world/middle-east/dubai-metro-new-rules-for-eid-al-etihad-timings-luggage-rules-and-routes-explained/articleshow/125635089.cms
2025-11-28 16:36:35,455 - INFO - [Times of India] Attempt 1/1: Trying with 'selenium_browser' strategy...
2025-11-28 16:36:36,641 - INFO - [Times of India] Page content loaded.
2025-11-28 16:36:36,650 - INFO - [The Hindu] Page content loaded.
2025-11-28 16:36:36,794 - INFO - [The Hindu] Success with 'selenium_browser'. Found content (240 words).
2025-11-28 16:36:36,984 - INFO - [Times of India] Success with 'selenium_browser'. Found content (533 words).
2025-11-28 16:36:52,001 - INFO - DEDUPLICATION: Found match (Score: 0.80). Linking to Cluster ID: 68af1eb7-a9f6-4f0f-badb-f0065d0ee897
2025-11-28 16:36:52,004 - INFO - Saved article: Farmers in seven Amaravati villages willing to give land under LPS 2.0, Chief Minister tells Cabinet - The Hindu from The Hindu
2025-11-28 16:36:52,004 - INFO - Duplicate article skipped: Dubai metro new rules for Eid Al Etihad: Timings, luggage rules and routes explained | World News - The Times of India from Times of India
2025-11-28 16:36:52,601 - INFO - [Times of India] Article: https://timesofindia.indiatimes.com/world/middle-east/explained-what-are-black-points-in-uae-and-how-to-check-them/articleshow/125634951.cms
2025-11-28 16:36:52,601 - INFO - [Times of India] Attempt 1/1: Trying with 'selenium_browser' strategy...
2025-11-28 16:36:53,187 - INFO - [The Hindu] Article: https://www.thehindu.com/news/national/kerala/two-day-seminar-on-climate-weed-interactions-held-at-college-of-agriculture-vellayani/article70335776.ece
2025-11-28 16:36:53,188 - INFO - [The Hindu] Attempt 1/1: Trying with 'selenium_browser' strategy...
2025-11-28 16:36:54,532 - INFO - [The Hindu] Page content loaded.
2025-11-28 16:36:54,632 - INFO - [The Hindu] Success with 'selenium_browser'. Found content (162 words).
2025-11-28 16:36:55,312 - CRITICAL - --- TIMEOUT: 2 scrape jobs did not complete in 300s. ---
2025-11-28 16:36:55,312 - ERROR - A thread has timed out and will be abandoned.
2025-11-28 16:36:55,312 - ERROR - A thread has timed out and will be abandoned.
2025-11-28 16:36:55,312 - INFO - Shutting down thread pool (wait=False)...
2025-11-28 16:36:55,312 - INFO - Scraped: 1 BBC, 0 The Guardian, 2 Timed_Out_Jobs articles. (Total saved: 1)
2025-11-28 16:36:55,312 - INFO - --- Scraping job finished ---
2025-11-28 16:36:55,312 - INFO - --- Scraper service stopped and database connection closed. ---
2025-11-28 16:36:55,312 - INFO - --- Main thread finished. Forcing process exit to kill zombie threads. ---
