2025-11-27 11:23:37,894 - INFO - Loading AI Semantic Model (all-MiniLM-L6-v2)...
2025-11-27 11:23:37,894 - INFO - Use pytorch device_name: cpu
2025-11-27 11:23:37,894 - INFO - Load pretrained SentenceTransformer: all-MiniLM-L6-v2
2025-11-27 11:23:39,238 - INFO - AI Model loaded successfully.
2025-11-27 11:23:39,238 - INFO - Initializing database connection at: news_articles.db
2025-11-27 11:23:39,238 - INFO - --- Scraper service started (CI Mode: Run Once) ---
2025-11-27 11:23:39,238 - INFO - --- Starting new scraping job (Parallel Mode) ---
2025-11-27 11:23:39,238 - INFO - Creating new robust session with 3 retries on 5xx/connection/read errors.
2025-11-27 11:23:39,239 - INFO - Proxy is DISABLED.
2025-11-27 11:23:39,239 - INFO - Starting scrape for BBC RSS feed: http://feeds.bbci.co.uk/news/world/rss.xml
2025-11-27 11:23:39,240 - INFO - [Times of India] (Thread) requires Selenium. Initializing driver...
2025-11-27 11:23:39,240 - INFO - Initializing headless Selenium Chrome driver (using SeleniumManager)...
2025-11-27 11:23:39,240 - INFO - Starting scrape for The Guardian RSS feed: https://www.theguardian.com/world/rss
2025-11-27 11:23:39,242 - INFO - [The Hindu] (Thread) requires Selenium. Initializing driver...
2025-11-27 11:23:39,242 - INFO - Initializing headless Selenium Chrome driver (using SeleniumManager)...
2025-11-27 11:23:39,243 - INFO - Submitted 4 jobs to thread pool. Waiting up to 300s for completion...
2025-11-27 11:23:39,320 - INFO - Found 27 articles in BBC RSS feed. Processing up to 20.
2025-11-27 11:23:39,320 - INFO - [BBC] Article: https://www.bbc.com/news/articles/cvgjnlx1g6yo?at_medium=RSS&at_campaign=rss
2025-11-27 11:23:39,320 - INFO - [BBC] Attempt 1/1: Trying with 'requests_browser' strategy...
2025-11-27 11:23:39,429 - INFO - Found 45 articles in The Guardian RSS feed. Processing up to 20.
2025-11-27 11:23:39,429 - INFO - [The Guardian] Article: https://www.theguardian.com/world/2025/nov/26/guinea-bissau-officers-take-total-control-close-borders-amid-election-chaos
2025-11-27 11:23:39,429 - INFO - [The Guardian] Attempt 1/1: Trying with 'requests_browser' strategy...
2025-11-27 11:23:39,450 - INFO - [The Guardian] Success with 'requests_browser'. Found content (412 words).
2025-11-27 11:23:39,491 - INFO - Duplicate article skipped: Guinea-Bissau military takes ‘total control’ amid election chaos | Guinea-Bissau | The Guardian from The Guardian
2025-11-27 11:23:39,588 - INFO - [BBC] Success with 'requests_browser'. Found content (787 words).
2025-11-27 11:23:39,648 - INFO - Duplicate article skipped: Hong Kong residents react as deadly fire tears through housing estate from BBC
2025-11-27 11:23:40,596 - INFO - [BBC] Article: https://www.bbc.com/news/articles/cgex957qg97o?at_medium=RSS&at_campaign=rss
2025-11-27 11:23:40,596 - INFO - [BBC] Attempt 1/1: Trying with 'requests_browser' strategy...
2025-11-27 11:23:40,627 - INFO - [BBC] Success with 'requests_browser'. Found content (779 words).
2025-11-27 11:23:40,664 - INFO - Duplicate article skipped: US suspends immigration requests for Afghans after National Guard shooting from BBC
2025-11-27 11:23:40,989 - INFO - [The Guardian] Article: https://www.theguardian.com/world/2025/nov/25/nigerian-schoolgirls-rescued-after-mass-abduction-in-kebbi
2025-11-27 11:23:40,989 - INFO - [The Guardian] Attempt 1/1: Trying with 'requests_browser' strategy...
2025-11-27 11:23:41,149 - INFO - [The Guardian] Success with 'requests_browser'. Found content (515 words).
2025-11-27 11:23:41,209 - INFO - Duplicate article skipped: Nigerian schoolgirls rescued after mass abduction in Kebbi | Nigeria | The Guardian from The Guardian
2025-11-27 11:23:41,613 - INFO - [BBC] Article: https://www.bbc.com/news/articles/cdd560nvqqdo?at_medium=RSS&at_campaign=rss
2025-11-27 11:23:41,613 - INFO - [BBC] Attempt 1/1: Trying with 'requests_browser' strategy...
2025-11-27 11:23:41,647 - INFO - [BBC] Success with 'requests_browser'. Found content (1894 words).
2025-11-27 11:23:41,686 - INFO - Duplicate article skipped: Year after ceasefire, peace eludes south Lebanon as Israeli strikes continue from BBC
2025-11-27 11:23:42,530 - INFO - [The Guardian] Article: https://www.theguardian.com/world/2025/nov/25/jacob-zuma-daughter-accused-tricking-men-fighting-for-russia-in-ukraine
2025-11-27 11:23:42,530 - INFO - [The Guardian] Attempt 1/1: Trying with 'requests_browser' strategy...
2025-11-27 11:23:42,556 - INFO - [The Guardian] Success with 'requests_browser'. Found content (656 words).
2025-11-27 11:23:42,599 - INFO - Duplicate article skipped: Jacob Zuma’s daughter accused of tricking men into fighting for Russia in Ukraine | South Africa | The Guardian from The Guardian
2025-11-27 11:23:42,723 - INFO - [BBC] Article: https://www.bbc.com/news/articles/cy5g3076lqzo?at_medium=RSS&at_campaign=rss
2025-11-27 11:23:42,723 - INFO - [BBC] Attempt 1/1: Trying with 'requests_browser' strategy...
2025-11-27 11:23:42,748 - INFO - [BBC] Success with 'requests_browser'. Found content (700 words).
2025-11-27 11:23:42,940 - INFO - Duplicate article skipped: Pope Leo arrives in Turkey on first foreign trip, six months into papacy from BBC
2025-11-27 11:23:43,791 - INFO - [The Guardian] Article: https://www.theguardian.com/uk-news/2025/nov/24/uk-rejects-nigerian-request-to-deport-former-politican-ike-ekweremadu-jailed-for-organ-trafficking
2025-11-27 11:23:43,791 - INFO - [The Guardian] Attempt 1/1: Trying with 'requests_browser' strategy...
2025-11-27 11:23:43,948 - INFO - [The Guardian] Success with 'requests_browser'. Found content (545 words).
2025-11-27 11:23:43,983 - INFO - Duplicate article skipped: UK rejects Nigerian request to deport former politican jailed for organ trafficking | UK news | The Guardian from The Guardian
2025-11-27 11:23:44,293 - INFO - [BBC] Article: https://www.bbc.com/news/articles/cewj1e1yk2vo?at_medium=RSS&at_campaign=rss
2025-11-27 11:23:44,293 - INFO - [BBC] Attempt 1/1: Trying with 'requests_browser' strategy...
2025-11-27 11:23:44,473 - INFO - [BBC] Success with 'requests_browser'. Found content (1118 words).
2025-11-27 11:23:44,514 - INFO - Duplicate article skipped: Fracking transforms an Argentine town but what about the nation? from BBC
2025-11-27 11:23:45,058 - INFO - [The Guardian] Article: https://www.theguardian.com/world/2025/nov/24/ethiopian-volcano-hayli-gubbi-erupts-first-time-12000-years
2025-11-27 11:23:45,058 - INFO - [The Guardian] Attempt 1/1: Trying with 'requests_browser' strategy...
2025-11-27 11:23:45,512 - INFO - [The Guardian] Success with 'requests_browser'. Found content (306 words).
2025-11-27 11:23:45,546 - INFO - Duplicate article skipped: Ethiopian volcano erupts for first time in 12,000 years | Ethiopia | The Guardian from The Guardian
2025-11-27 11:23:45,941 - INFO - [BBC] Article: https://www.bbc.com/news/articles/cd0keyern0do?at_medium=RSS&at_campaign=rss
2025-11-27 11:23:45,941 - INFO - [BBC] Attempt 1/1: Trying with 'requests_browser' strategy...
2025-11-27 11:23:45,968 - INFO - [BBC] Success with 'requests_browser'. Found content (509 words).
2025-11-27 11:23:46,003 - INFO - Duplicate article skipped: Venezuela bans six international airlines as tensions escalate from BBC
2025-11-27 11:23:46,559 - INFO - [The Guardian] Article: https://www.theguardian.com/world/2025/nov/27/st-vincent-prime-minister-seeks-record-sixth-term-in-tight-election
2025-11-27 11:23:46,560 - INFO - [The Guardian] Attempt 1/1: Trying with 'requests_browser' strategy...
2025-11-27 11:23:46,580 - INFO - [The Guardian] Success with 'requests_browser'. Found content (676 words).
2025-11-27 11:23:46,615 - INFO - Duplicate article skipped: St Vincent prime minister seeks record sixth term in tight election | St Vincent and the Grenadines | The Guardian from The Guardian
2025-11-27 11:23:47,129 - INFO - Selenium driver initialized successfully.
2025-11-27 11:23:47,129 - INFO - Starting scrape for The Hindu RSS feed: https://www.thehindu.com/news/national/feeder/default.rss
2025-11-27 11:23:47,130 - INFO - Selenium driver initialized successfully.
2025-11-27 11:23:47,130 - INFO - Starting scrape for Times of India RSS feed: https://timesofindia.indiatimes.com/rssfeeds/296589292.cms
2025-11-27 11:23:47,205 - INFO - [BBC] Article: https://www.bbc.com/news/articles/cq8dq47j5y8o?at_medium=RSS&at_campaign=rss
2025-11-27 11:23:47,205 - INFO - [BBC] Attempt 1/1: Trying with 'requests_browser' strategy...
2025-11-27 11:23:47,233 - INFO - [BBC] Success with 'requests_browser'. Found content (500 words).
2025-11-27 11:23:47,272 - INFO - Duplicate article skipped: South Africa's Cyril Ramaphosa hits back after Donald Trump says US won't invite it for G20 summit from BBC
2025-11-27 11:23:47,322 - INFO - Found 100 articles in The Hindu RSS feed. Processing up to 20.
2025-11-27 11:23:47,322 - INFO - [The Hindu] Article: https://www.thehindu.com/news/national/maharashtra/uddhav-raj-meet-for-45-minutes-sans-party-leaders/article70330137.ece
2025-11-27 11:23:47,322 - INFO - [The Hindu] Attempt 1/1: Trying with 'selenium_browser' strategy...
2025-11-27 11:23:47,327 - INFO - Found 20 articles in Times of India RSS feed. Processing up to 20.
2025-11-27 11:23:47,327 - INFO - [Times of India] Article: https://timesofindia.indiatimes.com/world/us/white-house-shooting-two-national-guard-soldiers-injured-us-suspends-immigration-requests-for-afghans/articleshow/125609617.cms
2025-11-27 11:23:47,327 - INFO - [Times of India] Attempt 1/1: Trying with 'selenium_browser' strategy...
2025-11-27 11:23:47,893 - INFO - [The Guardian] Article: https://www.theguardian.com/us-news/2025/nov/26/trump-temporary-protected-status-haiti
2025-11-27 11:23:47,893 - INFO - [The Guardian] Attempt 1/1: Trying with 'requests_browser' strategy...
2025-11-27 11:23:47,914 - INFO - [The Guardian] Success with 'requests_browser'. Found content (409 words).
2025-11-27 11:23:47,953 - INFO - Duplicate article skipped: Trump officials halt protected status for Haitians in US | US immigration | The Guardian from The Guardian
2025-11-27 11:23:48,439 - INFO - [BBC] Article: https://www.bbc.com/news/articles/c0edww3qgq2o?at_medium=RSS&at_campaign=rss
2025-11-27 11:23:48,439 - INFO - [BBC] Attempt 1/1: Trying with 'requests_browser' strategy...
2025-11-27 11:23:48,471 - INFO - [BBC] Success with 'requests_browser'. Found content (652 words).
2025-11-27 11:23:48,514 - INFO - Duplicate article skipped: Guinea-Bissau coup: Soldiers seize power and detain President Umaro Sissoco Embaló from BBC
2025-11-27 11:23:49,360 - INFO - [The Guardian] Article: https://www.theguardian.com/us-news/2025/nov/26/kristi-noem-deportation-flights-el-salvador
2025-11-27 11:23:49,360 - INFO - [The Guardian] Attempt 1/1: Trying with 'requests_browser' strategy...
2025-11-27 11:23:49,382 - INFO - [The Guardian] Success with 'requests_browser'. Found content (433 words).
2025-11-27 11:23:49,416 - INFO - Duplicate article skipped: Noem made decision to continue deportation flights to El Salvador, justice department says | Trump administration | The Guardian from The Guardian
2025-11-27 11:23:49,831 - INFO - [BBC] Article: https://www.bbc.com/news/articles/cly0jjv2lg1o?at_medium=RSS&at_campaign=rss
2025-11-27 11:23:49,831 - INFO - [BBC] Attempt 1/1: Trying with 'requests_browser' strategy...
2025-11-27 11:23:49,877 - INFO - [BBC] Success with 'requests_browser'. Found content (1341 words).
2025-11-27 11:23:49,957 - INFO - Duplicate article skipped: Russia Ukraine war: Where peace stands after frantic diplomacy from BBC
2025-11-27 11:23:50,471 - INFO - [BBC] Article: https://www.bbc.com/news/articles/cdxwzwe507ko?at_medium=RSS&at_campaign=rss
2025-11-27 11:23:50,471 - INFO - [BBC] Attempt 1/1: Trying with 'requests_browser' strategy...
2025-11-27 11:23:50,526 - INFO - [BBC] Success with 'requests_browser'. Found content (447 words).
2025-11-27 11:23:50,684 - INFO - [The Guardian] Article: https://www.theguardian.com/world/2025/nov/26/maduro-defends-venezuela-against-trump-military
2025-11-27 11:23:50,684 - INFO - [The Guardian] Attempt 1/1: Trying with 'requests_browser' strategy...
2025-11-27 11:23:50,891 - INFO - [The Guardian] Success with 'requests_browser'. Found content (567 words).
2025-11-27 11:24:00,645 - INFO - [The Hindu] Page content loaded.
2025-11-27 11:24:01,213 - INFO - [The Hindu] Success with 'selenium_browser'. Found content (455 words).
2025-11-27 11:24:10,548 - INFO - Saved article: Malawi police investigate theft of four German Shepherds from Kamuzu Palace from BBC
2025-11-27 11:24:10,548 - INFO - Duplicate article skipped: Trump threatens Venezuela’s Maduro with ‘the easy way … or the hard way’ | Nicolás Maduro | The Guardian from The Guardian
2025-11-27 11:24:11,229 - INFO - [The Guardian] Article: https://www.theguardian.com/us-news/2025/nov/25/trump-caribbean-boat-strikes-memo
2025-11-27 11:24:11,230 - INFO - [The Guardian] Attempt 1/1: Trying with 'requests_browser' strategy...
2025-11-27 11:24:11,284 - INFO - [The Guardian] Success with 'requests_browser'. Found content (952 words).
2025-11-27 11:24:11,579 - INFO - [BBC] Article: https://www.bbc.com/news/articles/c3r7xr94ln8o?at_medium=RSS&at_campaign=rss
2025-11-27 11:24:11,579 - INFO - [BBC] Attempt 1/1: Trying with 'requests_browser' strategy...
2025-11-27 11:24:11,627 - INFO - [BBC] Success with 'requests_browser'. Found content (724 words).
2025-11-27 11:24:16,307 - INFO - Saved article: Uddhav, Raj meet for 45 minutes sans party leaders - The Hindu from The Hindu
2025-11-27 11:24:16,307 - INFO - Duplicate article skipped: US justice department memo about boat strikes diverges from Trump narrative | Trump administration | The Guardian from The Guardian
2025-11-27 11:24:16,308 - INFO - Duplicate article skipped: Trump defends Witkoff after leak appears to show envoy coaching Russias from BBC
2025-11-27 11:24:17,095 - INFO - [BBC] Article: https://www.bbc.com/news/articles/c74x55epn34o?at_medium=RSS&at_campaign=rss
2025-11-27 11:24:17,096 - INFO - [BBC] Attempt 1/1: Trying with 'requests_browser' strategy...
2025-11-27 11:24:17,281 - INFO - [BBC] Success with 'requests_browser'. Found content (303 words).
2025-11-27 11:24:17,317 - INFO - Duplicate article skipped: Nicolas Sarkozy illegal campaign financing conviction upheld from BBC
2025-11-27 11:24:17,509 - INFO - [The Hindu] Article: https://www.thehindu.com/news/national/tamil-nadu/three-tigers-identified-near-site-of-attack-on-tribal-woman-in-the-nilgiris/article70329751.ece
2025-11-27 11:24:17,509 - INFO - [The Hindu] Attempt 1/1: Trying with 'selenium_browser' strategy...
2025-11-27 11:24:17,716 - INFO - [The Guardian] Article: https://www.theguardian.com/world/live/2025/nov/27/hong-kong-fire-arrests-dead-killed-hundreds-missing-housing-complex-blaze
2025-11-27 11:24:17,716 - INFO - [The Guardian] Attempt 1/1: Trying with 'requests_browser' strategy...
2025-11-27 11:24:18,295 - INFO - [The Guardian] Success with 'requests_browser'. Found content (2127 words).
2025-11-27 11:24:18,606 - INFO - [BBC] Article: https://www.bbc.com/news/articles/c9d9l7w1g8yo?at_medium=RSS&at_campaign=rss
2025-11-27 11:24:18,606 - INFO - [BBC] Attempt 1/1: Trying with 'requests_browser' strategy...
2025-11-27 11:24:18,671 - INFO - Duplicate article skipped: Hong Kong fire latest: rescue crews search for survivors after 55 killed and hundreds reported missing | Hong Kong | The Guardian from The Guardian
2025-11-27 11:24:18,953 - INFO - [BBC] Success with 'requests_browser'. Found content (420 words).
2025-11-27 11:24:19,012 - INFO - [The Hindu] Page content loaded.
2025-11-27 11:24:19,022 - INFO - Duplicate article skipped: Australia social media ban: Teens challenge law before High Court from BBC
2025-11-27 11:24:19,143 - INFO - [The Hindu] Success with 'selenium_browser'. Found content (329 words).
2025-11-27 11:24:19,935 - INFO - [The Guardian] Article: https://www.theguardian.com/news/2025/nov/27/hong-kong-fire-tai-po-police-blame-construction-company
2025-11-27 11:24:19,935 - INFO - [The Guardian] Attempt 1/1: Trying with 'requests_browser' strategy...
2025-11-27 11:24:20,012 - INFO - [The Guardian] Success with 'requests_browser'. Found content (974 words).
2025-11-27 11:24:20,242 - INFO - [BBC] Article: https://www.bbc.com/news/articles/cr4drle9k12o?at_medium=RSS&at_campaign=rss
2025-11-27 11:24:20,242 - INFO - [BBC] Attempt 1/1: Trying with 'requests_browser' strategy...
2025-11-27 11:24:20,283 - INFO - [BBC] Success with 'requests_browser'. Found content (493 words).
2025-11-27 11:24:25,684 - INFO - Saved article: Three tigers identified near site of attack on tribal woman in the Nilgiris - The Hindu from The Hindu
2025-11-27 11:24:25,684 - INFO - Duplicate article skipped: Hong Kong fire: police blame construction firm’s ‘gross negligence’ as death toll rises to 55 | Hong Kong apartment fires | The Guardian from The Guardian
2025-11-27 11:24:25,684 - INFO - Duplicate article skipped: Chicago man accused of setting train passenger on fire had 72 prior arrests from BBC
2025-11-27 11:24:26,449 - INFO - [BBC] Article: https://www.bbc.com/news/articles/c1dzp050yn2o?at_medium=RSS&at_campaign=rss
2025-11-27 11:24:26,449 - INFO - [BBC] Attempt 1/1: Trying with 'requests_browser' strategy...
2025-11-27 11:24:26,493 - INFO - [BBC] Success with 'requests_browser'. Found content (1232 words).
2025-11-27 11:24:26,543 - INFO - Duplicate article skipped: Italian parliament unanimously votes to make femicide a crime from BBC
2025-11-27 11:24:26,577 - INFO - [The Hindu] Article: https://www.thehindu.com/news/cities/Mangalore/bjp-will-move-no-confidence-motion-against-siddaramaiah-government-in-belagavi-session-former-minister-v-sunil-kumar/article70329993.ece
2025-11-27 11:24:26,577 - INFO - [The Hindu] Attempt 1/1: Trying with 'selenium_browser' strategy...
2025-11-27 11:24:26,864 - INFO - [The Guardian] Article: https://www.theguardian.com/world/2025/nov/27/jakarta-overtakes-tokyo-most-populous-city-world
2025-11-27 11:24:26,864 - INFO - [The Guardian] Attempt 1/1: Trying with 'requests_browser' strategy...
2025-11-27 11:24:26,886 - INFO - [The Guardian] Success with 'requests_browser'. Found content (515 words).
2025-11-27 11:24:26,928 - INFO - Duplicate article skipped: Jakarta overtakes Tokyo as world’s most populous city, according to UN | Indonesia | The Guardian from The Guardian
2025-11-27 11:24:27,547 - INFO - [BBC] Article: https://www.bbc.com/news/articles/ckg97wx144jo?at_medium=RSS&at_campaign=rss
2025-11-27 11:24:27,547 - INFO - [BBC] Attempt 1/1: Trying with 'requests_browser' strategy...
2025-11-27 11:24:27,591 - INFO - [BBC] Success with 'requests_browser'. Found content (534 words).
2025-11-27 11:24:27,653 - INFO - Duplicate article skipped: South East Asia floods: Scores killed and thousands evacuated from record rainfall from BBC
2025-11-27 11:24:27,656 - INFO - [The Hindu] Page content loaded.
2025-11-27 11:24:27,845 - INFO - [The Hindu] Success with 'selenium_browser'. Found content (334 words).
2025-11-27 11:24:27,904 - INFO - [The Guardian] Article: https://www.theguardian.com/world/2025/nov/26/hong-kong-fire-tai-po-towers
2025-11-27 11:24:27,904 - INFO - [The Guardian] Attempt 1/1: Trying with 'requests_browser' strategy...
2025-11-27 11:24:28,054 - INFO - [The Guardian] Success with 'requests_browser'. Found content (742 words).
2025-11-27 11:24:28,726 - INFO - [BBC] Article: https://www.bbc.com/news/articles/cdxe9r7wjgro?at_medium=RSS&at_campaign=rss
2025-11-27 11:24:28,727 - INFO - [BBC] Attempt 1/1: Trying with 'requests_browser' strategy...
2025-11-27 11:24:29,111 - INFO - [BBC] Success with 'requests_browser'. Found content (1236 words).
2025-11-27 11:24:37,697 - INFO - Saved article: BJP will move no-confidence motion against Siddaramaiah government in Belagavi session: Former minister V. Sunil Kumar - The Hindu from The Hindu
2025-11-27 11:24:37,698 - INFO - Duplicate article skipped: Death toll in Hong Kong tower block fire rises to 44 with hundreds still missing | Hong Kong | The Guardian from The Guardian
2025-11-27 11:24:37,698 - INFO - Duplicate article skipped: What we know about the Hong Kong apartment fires from BBC
2025-11-27 11:24:38,565 - INFO - [The Hindu] Article: https://www.thehindu.com/business/Economy/income-tax-department-identifies-cases-of-non-disclosure-of-foreign-assets-in-itrs/article70329849.ece
2025-11-27 11:24:38,565 - INFO - [The Hindu] Attempt 1/1: Trying with 'selenium_browser' strategy...
2025-11-27 11:24:38,840 - INFO - [BBC] Article: https://www.bbc.com/news/articles/c208w378gg7o?at_medium=RSS&at_campaign=rss
2025-11-27 11:24:38,840 - INFO - [BBC] Attempt 1/1: Trying with 'requests_browser' strategy...
2025-11-27 11:24:38,862 - INFO - [The Guardian] Article: https://www.theguardian.com/world/2025/nov/26/bamboo-scaffolding-may-be-to-blame-for-spread-of-hong-kong-tower-block-fire
2025-11-27 11:24:38,862 - INFO - [The Guardian] Attempt 1/1: Trying with 'requests_browser' strategy...
2025-11-27 11:24:38,906 - INFO - [BBC] Success with 'requests_browser'. Found content (1313 words).
2025-11-27 11:24:38,969 - INFO - Duplicate article skipped: Georgia's pro-EU protesters defiant year after accession process was halted from BBC
2025-11-27 11:24:38,974 - INFO - [The Guardian] Success with 'requests_browser'. Found content (344 words).
2025-11-27 11:24:39,032 - INFO - Duplicate article skipped: Bamboo scaffolding may be to blame for spread of Hong Kong tower block fire | Hong Kong | The Guardian from The Guardian
2025-11-27 11:24:39,733 - INFO - [The Guardian] Article: https://www.theguardian.com/australia-news/2025/nov/27/labor-strikes-deal-with-greens-to-pass-long-awaited-overhaul-of-nature-protection-laws
2025-11-27 11:24:39,733 - INFO - [The Guardian] Attempt 1/1: Trying with 'requests_browser' strategy...
2025-11-27 11:24:39,738 - INFO - [BBC] Article: https://www.bbc.com/news/articles/cx23lyp2dmeo?at_medium=RSS&at_campaign=rss
2025-11-27 11:24:39,738 - INFO - [BBC] Attempt 1/1: Trying with 'requests_browser' strategy...
2025-11-27 11:24:39,821 - INFO - [The Guardian] Success with 'requests_browser'. Found content (1222 words).
2025-11-27 11:24:39,886 - INFO - [BBC] Success with 'requests_browser'. Found content (997 words).
2025-11-27 11:24:39,947 - INFO - Duplicate article skipped: Labor strikes deal with Greens on nature laws overhaul amid criticism ‘dirty deal’ being ‘rammed through’ | Australian politics | The Guardian from The Guardian
2025-11-27 11:24:39,984 - INFO - Duplicate article skipped: Delhi pollution: Children are hit hardest by toxic air in Indian capital from BBC
2025-11-27 11:24:40,012 - INFO - [The Hindu] Page content loaded.
2025-11-27 11:24:40,177 - INFO - [The Hindu] Success with 'selenium_browser'. Found content (299 words).
2025-11-27 11:24:40,640 - INFO - [BBC] Article: https://www.bbc.com/news/articles/cg4nz5yngxgo?at_medium=RSS&at_campaign=rss
2025-11-27 11:24:40,640 - INFO - [BBC] Attempt 1/1: Trying with 'requests_browser' strategy...
2025-11-27 11:24:40,766 - INFO - [BBC] Success with 'requests_browser'. Found content (1189 words).
2025-11-27 11:24:41,250 - INFO - [The Guardian] Article: https://www.theguardian.com/australia-news/2025/nov/26/australia-greenhouse-gas-emissions-from-fossil-fuels-down
2025-11-27 11:24:41,250 - INFO - [The Guardian] Attempt 1/1: Trying with 'requests_browser' strategy...
2025-11-27 11:24:41,346 - INFO - [The Guardian] Success with 'requests_browser'. Found content (735 words).
2025-11-27 11:24:49,663 - INFO - Saved article: Income Tax department identifies cases of non-disclosure of foreign assets in ITRs - The Hindu from The Hindu
2025-11-27 11:24:49,664 - INFO - Duplicate article skipped: Hakainde Hichilema: Stone-throwing anger unnerves Zambia's 'fix-it' president from BBC
2025-11-27 11:24:49,664 - INFO - Duplicate article skipped: Australia projected to miss 2035 emissions reduction target ‘by a country mile’ unless it ramps up climate policies | Energy | The Guardian from The Guardian
2025-11-27 11:24:50,686 - INFO - [The Hindu] Article: https://www.thehindu.com/news/national/andhra-pradesh/tirupati-laddu-ghee-adulteration-case-former-chairman-subba-reddy-says-he-is-ready-for-lie-detector-test/article70329649.ece
2025-11-27 11:24:50,686 - INFO - [The Hindu] Attempt 1/1: Trying with 'selenium_browser' strategy...
2025-11-27 11:24:50,937 - INFO - [The Guardian] Article: https://www.theguardian.com/australia-news/live/2025/nov/27/australia-politics-live-barnaby-joyce-one-nation-pauline-hanson-environment-nature-bill-deal-coalition-greens-murray-watt-question-time-anthony-albanese-sussan-ley-ntwnfb
2025-11-27 11:24:50,937 - INFO - [The Guardian] Attempt 1/1: Trying with 'requests_browser' strategy...
2025-11-27 11:24:51,097 - INFO - [The Guardian] Success with 'requests_browser'. Found content (1993 words).
2025-11-27 11:24:51,284 - INFO - Duplicate article skipped: Pocock criticises lack of scrutiny for nature laws – as it happened | Australia news | The Guardian from The Guardian
2025-11-27 11:24:51,999 - INFO - [The Hindu] Page content loaded.
2025-11-27 11:24:52,124 - INFO - [The Hindu] Success with 'selenium_browser'. Found content (353 words).
2025-11-27 11:24:52,481 - INFO - [The Guardian] Article: https://www.theguardian.com/australia-news/2025/nov/27/barnaby-joyce-nationals-defection-one-nation
2025-11-27 11:24:52,481 - INFO - [The Guardian] Attempt 1/1: Trying with 'requests_browser' strategy...
2025-11-27 11:24:52,593 - INFO - [The Guardian] Success with 'requests_browser'. Found content (725 words).
2025-11-27 11:25:01,204 - INFO - Saved article: Tirupati laddu ghee-adulteration case: Former chairman Subba Reddy says he is ready for lie-detector test - The Hindu from The Hindu
2025-11-27 11:25:01,204 - INFO - Duplicate article skipped: ‘Act of treason’: Barnaby Joyce quits National party sparking anger from former colleagues | Barnaby Joyce | The Guardian from The Guardian
2025-11-27 11:25:01,757 - INFO - [The Guardian] Article: https://www.theguardian.com/media/2025/nov/27/teens-high-court-injunction-australia-under-16s-social-media-ban
2025-11-27 11:25:01,757 - INFO - [The Guardian] Attempt 1/1: Trying with 'requests_browser' strategy...
2025-11-27 11:25:01,788 - INFO - [The Guardian] Success with 'requests_browser'. Found content (754 words).
2025-11-27 11:25:01,840 - INFO - Duplicate article skipped: Teens seek urgent high court injunction to block Australian government’s social media ban | Social media ban | The Guardian from The Guardian
2025-11-27 11:25:02,671 - INFO - [The Hindu] Article: https://www.thehindu.com/news/national/kerala/pinarayi-vijayan-urges-kerala-mps-to-secure-presidential-assent-for-wildlife-bill-to-address-human-wildlife-conflict/article70329888.ece
2025-11-27 11:25:02,671 - INFO - [The Hindu] Attempt 1/1: Trying with 'selenium_browser' strategy...
2025-11-27 11:25:03,772 - INFO - [The Hindu] Page content loaded.
2025-11-27 11:25:03,818 - INFO - [The Hindu] Success with 'selenium_browser'. Found content (550 words).
2025-11-27 11:25:03,888 - INFO - Duplicate article skipped: Pinarayi Vijayan urges Kerala MPs to secure Presidential assent for Wildlife Bill to address human-animal conflict - The Hindu from The Hindu
2025-11-27 11:25:04,956 - INFO - [The Hindu] Article: https://www.thehindu.com/news/national/over-2-crore-aadhaar-numbers-deactivated-in-uidais-clean-up/article70329982.ece
2025-11-27 11:25:04,956 - INFO - [The Hindu] Attempt 1/1: Trying with 'selenium_browser' strategy...
2025-11-27 11:25:05,775 - INFO - [The Hindu] Page content loaded.
2025-11-27 11:25:05,884 - INFO - [The Hindu] Success with 'selenium_browser'. Found content (317 words).
2025-11-27 11:25:05,971 - INFO - Duplicate article skipped: UIDAI deactivates over 2 crore deceased Aadhaar numbers as part of cleanup drive - The Hindu from The Hindu
2025-11-27 11:25:06,940 - INFO - [The Hindu] Article: https://www.thehindu.com/news/national/president-droupadi-murmu-addresses-inaugural-session-of-the-third-edition-of-chanakya-defence-dialogue/article70329830.ece
2025-11-27 11:25:06,940 - INFO - [The Hindu] Attempt 1/1: Trying with 'selenium_browser' strategy...
2025-11-27 11:25:07,812 - INFO - [The Hindu] Page content loaded.
2025-11-27 11:25:07,859 - INFO - [The Hindu] Success with 'selenium_browser'. Found content (598 words).
2025-11-27 11:25:07,910 - INFO - Duplicate article skipped: Armed forces exemplified professionalism and patriotism in guarding sovereignty, says Droupadi Murmu - The Hindu from The Hindu
2025-11-27 11:25:08,808 - INFO - [The Hindu] Article: https://www.thehindu.com/news/national/red-fort-blast-accused-jasir-bilal-wani-sent-to-7-day-nia-custody/article70329798.ece
2025-11-27 11:25:08,809 - INFO - [The Hindu] Attempt 1/1: Trying with 'selenium_browser' strategy...
2025-11-27 11:25:09,624 - INFO - [The Hindu] Page content loaded.
2025-11-27 11:25:09,669 - INFO - [The Hindu] Success with 'selenium_browser'. Found content (114 words).
2025-11-27 11:25:09,724 - INFO - Duplicate article skipped: Red Fort blast accused Jasir Bilal Wani sent to 7-day NIA custody - The Hindu from The Hindu
2025-11-27 11:25:10,437 - INFO - [The Hindu] Article: https://www.thehindu.com/news/national/global-firms-keen-on-partnering-with-india-in-spacetech-says-prime-minister-modi/article70329566.ece
2025-11-27 11:25:10,438 - INFO - [The Hindu] Attempt 1/1: Trying with 'selenium_browser' strategy...
2025-11-27 11:25:11,475 - INFO - [The Hindu] Page content loaded.
2025-11-27 11:25:11,546 - INFO - [The Hindu] Success with 'selenium_browser'. Found content (653 words).
2025-11-27 11:25:11,637 - INFO - Duplicate article skipped: Global firms keen on partnering with India in spacetech, says Prime Minister Modi - The Hindu from The Hindu
2025-11-27 11:25:12,578 - INFO - [The Hindu] Article: https://www.thehindu.com/news/national/maharashtra/maharashtra-local-body-elections-sharad-pawar-raises-concern-about-leaders-alluring-voters-with-money/article70329759.ece
2025-11-27 11:25:12,578 - INFO - [The Hindu] Attempt 1/1: Trying with 'selenium_browser' strategy...
2025-11-27 11:25:13,774 - INFO - [The Hindu] Page content loaded.
2025-11-27 11:25:13,820 - INFO - [The Hindu] Success with 'selenium_browser'. Found content (537 words).
2025-11-27 11:25:13,887 - INFO - Duplicate article skipped: Maharashtra local body elections: Sharad Pawar raises concern about leaders alluring voters with money - The Hindu from The Hindu
2025-11-27 11:25:15,039 - INFO - [The Hindu] Article: https://www.thehindu.com/news/cities/Delhi/us-embassy-thanks-cbi-for-busting-cybercrime-networks-targeting-its-citizens/article70329598.ece
2025-11-27 11:25:15,040 - INFO - [The Hindu] Attempt 1/1: Trying with 'selenium_browser' strategy...
2025-11-27 11:25:15,926 - INFO - [The Hindu] Page content loaded.
2025-11-27 11:25:16,032 - INFO - [The Hindu] Success with 'selenium_browser'. Found content (233 words).
2025-11-27 11:25:16,124 - INFO - Duplicate article skipped: U.S. Embassy thanks CBI for busting cybercrime networks targeting its citizens - The Hindu from The Hindu
2025-11-27 11:25:17,533 - INFO - [The Hindu] Article: https://www.thehindu.com/news/cities/Tiruchirapalli/woman-teacher-murdered-in-thanjavur/article70329461.ece
2025-11-27 11:25:17,533 - INFO - [The Hindu] Attempt 1/1: Trying with 'selenium_browser' strategy...
2025-11-27 11:25:19,110 - INFO - [The Hindu] Page content loaded.
2025-11-27 11:25:19,185 - INFO - [The Hindu] Success with 'selenium_browser'. Found content (186 words).
2025-11-27 11:25:19,574 - INFO - Duplicate article skipped: Woman teacher murdered in Thanjavur - The Hindu from The Hindu
2025-11-27 11:25:20,882 - INFO - [The Hindu] Article: https://www.thehindu.com/news/national/telangana/telangana-to-focus-on-strategy-anchored-in-three-pillars-in-its-journey-towards-us-3-trillion-economy/article70329469.ece
2025-11-27 11:25:20,882 - INFO - [The Hindu] Attempt 1/1: Trying with 'selenium_browser' strategy...
2025-11-27 11:25:21,853 - INFO - [The Hindu] Page content loaded.
2025-11-27 11:25:21,905 - INFO - [The Hindu] Success with 'selenium_browser'. Found content (602 words).
2025-11-27 11:25:21,967 - INFO - Duplicate article skipped: Telangana to focus on strategy anchored in three pillars in its journey towards US $3 trillion economy - The Hindu from The Hindu
2025-11-27 11:25:22,855 - INFO - [The Hindu] Article: https://www.thehindu.com/news/national/gujarat/gujarat-biotechnology-university-holds-second-convocation/article70326501.ece
2025-11-27 11:25:22,855 - INFO - [The Hindu] Attempt 1/1: Trying with 'selenium_browser' strategy...
2025-11-27 11:25:23,699 - INFO - [The Hindu] Page content loaded.
2025-11-27 11:25:23,813 - INFO - [The Hindu] Success with 'selenium_browser'. Found content (350 words).
2025-11-27 11:25:23,918 - INFO - Duplicate article skipped: Gujarat Biotechnology University holds second convocation - The Hindu from The Hindu
2025-11-27 11:25:24,705 - INFO - [The Hindu] Article: https://www.thehindu.com/news/national/kerala/cpim-panchayat-member-accused-of-assaulting-blo-in-keralas-kasaragod/article70329650.ece
2025-11-27 11:25:24,705 - INFO - [The Hindu] Attempt 1/1: Trying with 'selenium_browser' strategy...
2025-11-27 11:25:27,564 - INFO - [The Hindu] Page content loaded.
2025-11-27 11:25:27,670 - INFO - [The Hindu] Success with 'selenium_browser'. Found content (171 words).
2025-11-27 11:25:27,764 - INFO - Duplicate article skipped: CPI(M) panchayat member accused of assaulting BLO in Kerala’s Kasaragod - The Hindu from The Hindu
2025-11-27 11:25:29,116 - INFO - [The Hindu] Article: https://www.thehindu.com/news/national/maharashtra/illegal-sex-determination-centre-found-at-cattleshed-in-maharashtras-jalna-two-held/article70329366.ece
2025-11-27 11:25:29,116 - INFO - [The Hindu] Attempt 1/1: Trying with 'selenium_browser' strategy...
2025-11-27 11:25:29,746 - INFO - [The Hindu] Page content loaded.
2025-11-27 11:25:29,795 - INFO - [The Hindu] Success with 'selenium_browser'. Found content (307 words).
2025-11-27 11:25:29,858 - INFO - Duplicate article skipped: Illegal sex determination centre found at cattleshed in Maharashtra's Jalna; two held - The Hindu from The Hindu
2025-11-27 11:25:30,819 - INFO - [The Hindu] Article: https://www.thehindu.com/news/national/andhra-pradesh/spurious-liquor-case-excise-police-take-jailed-former-minister-jogi-ramesh-into-custody/article70329150.ece
2025-11-27 11:25:30,819 - INFO - [The Hindu] Attempt 1/1: Trying with 'selenium_browser' strategy...
2025-11-27 11:25:31,581 - INFO - [The Hindu] Page content loaded.
2025-11-27 11:25:31,711 - INFO - [The Hindu] Success with 'selenium_browser'. Found content (200 words).
2025-11-27 11:25:31,813 - INFO - Duplicate article skipped: Spurious liquor case: Excise police take jailed former Minister Jogi Ramesh into custody - The Hindu from The Hindu
2025-11-27 11:25:32,394 - INFO - [The Hindu] Article: https://www.thehindu.com/news/national/telangana/telangana-gram-panchayat-polls-2025-election-notice-to-first-phase-issued-sec/article70329484.ece
2025-11-27 11:25:32,394 - INFO - [The Hindu] Attempt 1/1: Trying with 'selenium_browser' strategy...
2025-11-27 11:25:33,150 - INFO - [The Hindu] Page content loaded.
2025-11-27 11:25:33,256 - INFO - [The Hindu] Success with 'selenium_browser'. Found content (231 words).
2025-11-27 11:25:33,344 - INFO - Duplicate article skipped: Telangana Gram Panchayat Polls 2025 | Election notice to first phase issued: SEC - The Hindu from The Hindu
2025-11-27 11:25:34,513 - INFO - [The Hindu] Article: https://www.thehindu.com/news/national/telangana/grievance-module-to-lodge-complaints-with-telangana-state-election-commission/article70329267.ece
2025-11-27 11:25:34,513 - INFO - [The Hindu] Attempt 1/1: Trying with 'selenium_browser' strategy...
2025-11-27 11:25:35,941 - INFO - [The Hindu] Page content loaded.
2025-11-27 11:25:35,986 - INFO - [The Hindu] Success with 'selenium_browser'. Found content (122 words).
2025-11-27 11:25:36,058 - INFO - Duplicate article skipped: Grievance Module to lodge complaints with Telangana State Election Commission - The Hindu from The Hindu
2025-11-27 11:25:36,854 - INFO - [The Hindu] (Thread) Finished. Attempting to shut down its Selenium driver.
2025-11-27 11:25:37,053 - INFO - [The Hindu] (Thread) driver.quit() successful.
2025-11-27 11:25:47,427 - ERROR - [Times of India] Request failed for strategy 'selenium_browser' on URL https://timesofindia.indiatimes.com/world/us/white-house-shooting-two-national-guard-soldiers-injured-us-suspends-immigration-requests-for-afghans/articleshow/125609617.cms: HTTPConnectionPool(host='localhost', port=57011): Read timed out. (read timeout=120)
2025-11-27 11:25:47,427 - ERROR - [Times of India] All scrape strategies failed for https://timesofindia.indiatimes.com/world/us/white-house-shooting-two-national-guard-soldiers-injured-us-suspends-immigration-requests-for-afghans/articleshow/125609617.cms. Falling back to RSS description.
2025-11-27 11:25:47,427 - INFO - Duplicate article skipped: Two National Guard soldiers shot; US suspends immigration requests of Afghans from Times of India
2025-11-27 11:25:48,654 - INFO - [Times of India] Article: https://timesofindia.indiatimes.com/world/pakistan/ai-reunites-lost-pakistani-woman-with-family-kiran-went-missing-at-age-10-how-she-returned-home-after-17-years/articleshow/125608654.cms
2025-11-27 11:25:48,654 - INFO - [Times of India] Attempt 1/1: Trying with 'selenium_browser' strategy...
2025-11-27 11:27:48,684 - ERROR - [Times of India] Request failed for strategy 'selenium_browser' on URL https://timesofindia.indiatimes.com/world/pakistan/ai-reunites-lost-pakistani-woman-with-family-kiran-went-missing-at-age-10-how-she-returned-home-after-17-years/articleshow/125608654.cms: HTTPConnectionPool(host='localhost', port=57011): Read timed out. (read timeout=120)
2025-11-27 11:27:48,684 - ERROR - [Times of India] All scrape strategies failed for https://timesofindia.indiatimes.com/world/pakistan/ai-reunites-lost-pakistani-woman-with-family-kiran-went-missing-at-age-10-how-she-returned-home-after-17-years/articleshow/125608654.cms. Falling back to RSS description.
2025-11-27 11:27:48,685 - INFO - Duplicate article skipped: AI reunites lost Pak woman with family: Kiran went missing at age 10, returns after 17 years from Times of India
2025-11-27 11:27:50,061 - INFO - [Times of India] Article: https://timesofindia.indiatimes.com/world/middle-east/saudi-arabia-introduces-new-corporate-dress-code-what-workers-must-wear-now/articleshow/125609007.cms
2025-11-27 11:27:50,061 - INFO - [Times of India] Attempt 1/1: Trying with 'selenium_browser' strategy...
2025-11-27 11:28:39,243 - CRITICAL - --- TIMEOUT: 1 scrape jobs did not complete in 300s. ---
2025-11-27 11:28:39,243 - ERROR - A thread has timed out and will be abandoned.
2025-11-27 11:28:39,243 - INFO - Shutting down thread pool (wait=False)...
2025-11-27 11:28:39,243 - INFO - Scraped: 0 The Guardian, 1 BBC, 5 The Hindu, 1 Timed_Out_Jobs articles. (Total saved: 6)
2025-11-27 11:28:39,243 - INFO - --- Scraping job finished ---
2025-11-27 11:28:39,244 - INFO - --- Scraper service stopped and database connection closed. ---
2025-11-27 11:28:39,244 - INFO - --- Main thread finished. Forcing process exit to kill zombie threads. ---
