2025-12-02 17:28:11,990 - INFO - Loading AI Semantic Model (all-MiniLM-L6-v2)...
2025-12-02 17:28:11,990 - INFO - Use pytorch device_name: cpu
2025-12-02 17:28:11,990 - INFO - Load pretrained SentenceTransformer: all-MiniLM-L6-v2
2025-12-02 17:28:13,508 - INFO - AI Model loaded successfully.
2025-12-02 17:28:13,508 - INFO - Initializing database connection at: news_articles.db
2025-12-02 17:28:13,508 - INFO - --- Scraper service started (CI Mode: Run Once) ---
2025-12-02 17:28:13,508 - INFO - --- Starting new scraping job (Parallel Mode) ---
2025-12-02 17:28:13,508 - INFO - Creating new robust session with 3 retries on 5xx/connection/read errors.
2025-12-02 17:28:13,508 - INFO - Proxy is DISABLED.
2025-12-02 17:28:13,509 - INFO - Starting scrape for BBC RSS feed: http://feeds.bbci.co.uk/news/world/rss.xml
2025-12-02 17:28:13,510 - INFO - [Times of India] (Thread) requires Selenium. Initializing driver...
2025-12-02 17:28:13,510 - INFO - Initializing headless Selenium Chrome driver (using SeleniumManager)...
2025-12-02 17:28:13,510 - INFO - Starting scrape for The Guardian RSS feed: https://www.theguardian.com/world/rss
2025-12-02 17:28:13,512 - INFO - [The Hindu] (Thread) requires Selenium. Initializing driver...
2025-12-02 17:28:13,512 - INFO - Initializing headless Selenium Chrome driver (using SeleniumManager)...
2025-12-02 17:28:13,512 - INFO - Submitted 4 jobs to thread pool. Waiting up to 300s for completion...
2025-12-02 17:28:13,739 - INFO - Found 45 articles in The Guardian RSS feed. Processing up to 20.
2025-12-02 17:28:13,739 - INFO - [The Guardian] Article: https://www.theguardian.com/world/2025/dec/01/south-africans-court-alleged-recruitment-russia-war-ukraine
2025-12-02 17:28:13,739 - INFO - [The Guardian] Attempt 1/1: Trying with 'requests_browser' strategy...
2025-12-02 17:28:13,780 - INFO - [The Guardian] Success with 'requests_browser'. Found content (506 words).
2025-12-02 17:28:13,825 - INFO - Duplicate article skipped: Five South Africans in court over alleged recruitment for Russia’s war in Ukraine | South Africa | The Guardian from The Guardian
2025-12-02 17:28:13,856 - INFO - Found 36 articles in BBC RSS feed. Processing up to 20.
2025-12-02 17:28:13,856 - INFO - [BBC] Article: https://www.bbc.com/news/articles/ce8ng3yjenpo?at_medium=RSS&at_campaign=rss
2025-12-02 17:28:13,856 - INFO - [BBC] Attempt 1/1: Trying with 'requests_browser' strategy...
2025-12-02 17:28:13,968 - INFO - [BBC] Success with 'requests_browser'. Found content (844 words).
2025-12-02 17:28:14,006 - INFO - Duplicate article skipped: Putin and Trump envoy Steve Witkoff set for key Ukraine talks in Moscow from BBC
2025-12-02 17:28:14,579 - INFO - [BBC] Article: https://www.bbc.com/news/articles/cpq47derx2vo?at_medium=RSS&at_campaign=rss
2025-12-02 17:28:14,579 - INFO - [BBC] Attempt 1/1: Trying with 'requests_browser' strategy...
2025-12-02 17:28:14,615 - INFO - [BBC] Success with 'requests_browser'. Found content (992 words).
2025-12-02 17:28:14,754 - INFO - [The Guardian] Article: https://www.theguardian.com/global-development/2025/dec/01/global-health-hiv-aids-funding-cuts-infections-prevention
2025-12-02 17:28:14,755 - INFO - [The Guardian] Attempt 1/1: Trying with 'requests_browser' strategy...
2025-12-02 17:28:14,797 - INFO - [The Guardian] Success with 'requests_browser'. Found content (674 words).
2025-12-02 17:28:20,211 - INFO - Selenium driver initialized successfully.
2025-12-02 17:28:20,212 - INFO - Starting scrape for The Hindu RSS feed: https://www.thehindu.com/news/national/feeder/default.rss
2025-12-02 17:28:20,214 - INFO - Selenium driver initialized successfully.
2025-12-02 17:28:20,214 - INFO - Starting scrape for Times of India RSS feed: https://timesofindia.indiatimes.com/rssfeeds/296589292.cms
2025-12-02 17:28:20,444 - INFO - Found 20 articles in Times of India RSS feed. Processing up to 20.
2025-12-02 17:28:20,444 - INFO - [Times of India] Article: https://timesofindia.indiatimes.com/world/us/after-taylor-swift-white-house-uses-sabrina-carpenters-song-juno-in-ice-deportation-video-watch/articleshow/125722972.cms
2025-12-02 17:28:20,444 - INFO - [Times of India] Attempt 1/1: Trying with 'selenium_browser' strategy...
2025-12-02 17:28:20,457 - INFO - Found 100 articles in The Hindu RSS feed. Processing up to 20.
2025-12-02 17:28:20,458 - INFO - [The Hindu] Article: https://www.thehindu.com/news/national/jk-deputy-cm-moves-delhi-hc-for-removal-of-objectionable-content-against-him-on-social-media/article70349473.ece
2025-12-02 17:28:20,458 - INFO - [The Hindu] Attempt 1/1: Trying with 'selenium_browser' strategy...
2025-12-02 17:28:26,491 - INFO - [The Hindu] Page content loaded.
2025-12-02 17:28:26,739 - INFO - [The Hindu] Success with 'selenium_browser'. Found content (243 words).
2025-12-02 17:28:41,036 - INFO - Saved article: 'Time for a deal' say some Ukrainians escaping war-ravaged Donbas from BBC
2025-12-02 17:28:41,037 - INFO - Duplicate article skipped: Aid cuts have shaken HIV/Aids care to its core – and will mean millions more infections ahead | Global health | The Guardian from The Guardian
2025-12-02 17:28:41,654 - INFO - [BBC] Article: https://www.bbc.com/news/articles/c0r95q9kv1go?at_medium=RSS&at_campaign=rss
2025-12-02 17:28:41,655 - INFO - [BBC] Attempt 1/1: Trying with 'requests_browser' strategy...
2025-12-02 17:28:41,798 - INFO - [BBC] Success with 'requests_browser'. Found content (1075 words).
2025-12-02 17:28:41,838 - INFO - [The Guardian] Article: https://www.theguardian.com/world/2025/nov/30/african-leaders-push-for-recognition-of-colonial-crimes-and-reparations
2025-12-02 17:28:41,846 - INFO - [The Guardian] Attempt 1/1: Trying with 'requests_browser' strategy...
2025-12-02 17:28:42,143 - INFO - [The Guardian] Success with 'requests_browser'. Found content (670 words).
2025-12-02 17:28:56,485 - INFO - Saved article: J&K Deputy CM moves Delhi HC for removal of objectionable content against him on social media - The Hindu from The Hindu
2025-12-02 17:28:56,485 - INFO - Duplicate article skipped: US authorised second deadly Venezuela boat strike, White House says from BBC
2025-12-02 17:28:56,485 - INFO - Duplicate article skipped: African leaders push for recognition of colonial crimes and reparations | Colonialism | The Guardian from The Guardian
2025-12-02 17:28:57,531 - INFO - [The Hindu] Article: https://www.thehindu.com/news/national/karnataka/south-western-railway-freight-revenue-crosses-451-crore/article70345210.ece
2025-12-02 17:28:57,532 - INFO - [The Hindu] Attempt 1/1: Trying with 'selenium_browser' strategy...
2025-12-02 17:28:57,634 - INFO - [The Guardian] Article: https://www.theguardian.com/world/2025/nov/28/jacob-zuma-daughter-resigns-claims-south-africans-tricked-fight-russia
2025-12-02 17:28:57,635 - INFO - [The Guardian] Attempt 1/1: Trying with 'requests_browser' strategy...
2025-12-02 17:28:57,764 - INFO - [BBC] Article: https://www.bbc.com/news/articles/cedxyvx74p4o?at_medium=RSS&at_campaign=rss
2025-12-02 17:28:57,764 - INFO - [BBC] Attempt 1/1: Trying with 'requests_browser' strategy...
2025-12-02 17:28:57,862 - INFO - [BBC] Success with 'requests_browser'. Found content (768 words).
2025-12-02 17:28:57,955 - INFO - Duplicate article skipped: Sanchar Saathi: India mandates state-owned cyber safety app on all smartphones from BBC
2025-12-02 17:28:58,197 - INFO - [The Guardian] Success with 'requests_browser'. Found content (753 words).
2025-12-02 17:28:58,354 - INFO - Duplicate article skipped: Jacob Zuma’s daughter resigns amid claims South Africans tricked to fight for Russia | South Africa | The Guardian from The Guardian
2025-12-02 17:28:58,988 - INFO - [BBC] Article: https://www.bbc.com/news/articles/cn41jge1990o?at_medium=RSS&at_campaign=rss
2025-12-02 17:28:58,988 - INFO - [BBC] Attempt 1/1: Trying with 'requests_browser' strategy...
2025-12-02 17:28:59,039 - INFO - [BBC] Success with 'requests_browser'. Found content (590 words).
2025-12-02 17:28:59,080 - INFO - Duplicate article skipped: Pope prays at site of Beirut port blast at end of Lebanon visit from BBC
2025-12-02 17:28:59,725 - INFO - [The Guardian] Article: https://www.theguardian.com/environment/2025/nov/28/africa-forests-transformed-carbon-sink-carbon-source-study
2025-12-02 17:28:59,725 - INFO - [The Guardian] Attempt 1/1: Trying with 'requests_browser' strategy...
2025-12-02 17:28:59,762 - INFO - [The Guardian] Success with 'requests_browser'. Found content (458 words).
2025-12-02 17:28:59,821 - INFO - Duplicate article skipped: Africa’s forests transformed from carbon sink to carbon source, study finds | Climate crisis | The Guardian from The Guardian
2025-12-02 17:29:00,167 - INFO - [BBC] Article: https://www.bbc.com/news/articles/c0q5n3x0jn9o?at_medium=RSS&at_campaign=rss
2025-12-02 17:29:00,167 - INFO - [BBC] Attempt 1/1: Trying with 'requests_browser' strategy...
2025-12-02 17:29:00,207 - INFO - [BBC] Success with 'requests_browser'. Found content (329 words).
2025-12-02 17:29:00,750 - INFO - [The Guardian] Article: https://www.theguardian.com/us-news/live/2025/dec/02/donald-trump-pete-hegseth-boat-venezuela-maduro-tennessee-us-politics-live-news-updates
2025-12-02 17:29:00,750 - INFO - [The Guardian] Attempt 1/1: Trying with 'requests_browser' strategy...
2025-12-02 17:29:01,129 - INFO - [The Guardian] Success with 'requests_browser'. Found content (1854 words).
2025-12-02 17:29:01,384 - INFO - [The Hindu] Page content loaded.
2025-12-02 17:29:01,631 - INFO - [The Hindu] Success with 'selenium_browser'. Found content (459 words).
2025-12-02 17:29:13,843 - INFO - Saved article: Large quantities of German ammunition stolen from lorry from BBC
2025-12-02 17:29:13,843 - INFO - Duplicate article skipped: Johnson pins responsibility for second strike on alleged drug boat on admiral as Pentagon says strikes will continue - US politics live | Pete Hegseth | The Guardian from The Guardian
2025-12-02 17:29:14,413 - INFO - [The Guardian] Article: https://www.theguardian.com/world/2025/dec/02/trump-intervention-honduras-presidential-vote-count-stalls-nasry-asfura
2025-12-02 17:29:14,414 - INFO - [The Guardian] Attempt 1/1: Trying with 'requests_browser' strategy...
2025-12-02 17:29:14,456 - INFO - [The Guardian] Success with 'requests_browser'. Found content (656 words).
2025-12-02 17:29:14,996 - INFO - [BBC] Article: https://www.bbc.com/news/articles/cjezwzw088jo?at_medium=RSS&at_campaign=rss
2025-12-02 17:29:14,996 - INFO - [BBC] Attempt 1/1: Trying with 'requests_browser' strategy...
2025-12-02 17:29:15,046 - INFO - [BBC] Success with 'requests_browser'. Found content (501 words).
2025-12-02 17:29:25,629 - INFO - Saved article: South Western Railway freight revenue crosses ₹451 crore - The Hindu from The Hindu
2025-12-02 17:29:25,629 - INFO - Duplicate article skipped: Trump frees ex-Honduran president from prison as country awaits knife-edge election result | Honduras | The Guardian from The Guardian
2025-12-02 17:29:25,629 - INFO - Duplicate article skipped: Bulgaria ditches budget plan after tens of thousands join protests from BBC
2025-12-02 17:29:26,305 - INFO - [The Guardian] Article: https://www.theguardian.com/us-news/2025/dec/02/pete-hegseth-franklin-the-turtle
2025-12-02 17:29:26,305 - INFO - [The Guardian] Attempt 1/1: Trying with 'requests_browser' strategy...
2025-12-02 17:29:26,333 - INFO - [The Guardian] Success with 'requests_browser'. Found content (438 words).
2025-12-02 17:29:26,465 - INFO - [BBC] Article: https://www.bbc.com/news/articles/c93n4nx5yqro?at_medium=RSS&at_campaign=rss
2025-12-02 17:29:26,466 - INFO - [BBC] Attempt 1/1: Trying with 'requests_browser' strategy...
2025-12-02 17:29:26,531 - INFO - [BBC] Success with 'requests_browser'. Found content (1008 words).
2025-12-02 17:29:26,928 - INFO - [The Hindu] Article: https://www.thehindu.com/news/national/defence-minster-says-130th-constitutional-amendment-will-be-part-of-patels-legacy/article70350386.ece
2025-12-02 17:29:26,929 - INFO - [The Hindu] Attempt 1/1: Trying with 'selenium_browser' strategy...
2025-12-02 17:29:28,170 - INFO - [The Hindu] Page content loaded.
2025-12-02 17:29:28,265 - INFO - [The Hindu] Success with 'selenium_browser'. Found content (348 words).
2025-12-02 17:29:39,202 - INFO - Saved article: Publisher condemns ‘violent’ use of Franklin the Turtle after Hegseth’s boat strike post | Pete Hegseth | The Guardian from The Guardian
2025-12-02 17:29:40,281 - INFO - [The Guardian] Article: https://www.theguardian.com/us-news/2025/dec/02/monterrey-mexico-air-quality-industrial-pollution
2025-12-02 17:29:40,282 - INFO - [The Guardian] Attempt 1/1: Trying with 'requests_browser' strategy...
2025-12-02 17:29:40,351 - INFO - [The Guardian] Success with 'requests_browser'. Found content (3688 words).
2025-12-02 17:29:50,245 - INFO - DEDUPLICATION: Found match (Score: 0.76). Linking to Cluster ID: 409e2188-89fb-41fd-97dd-ad80a4fa9e8c
2025-12-02 17:29:50,247 - INFO - Saved article: Why is US President Trump threatening Venezuela's President Maduro? from BBC
2025-12-02 17:29:51,318 - INFO - [BBC] Article: https://www.bbc.com/news/articles/ce3wq2zznz1o?at_medium=RSS&at_campaign=rss
2025-12-02 17:29:51,318 - INFO - [BBC] Attempt 1/1: Trying with 'requests_browser' strategy...
2025-12-02 17:29:51,376 - INFO - [BBC] Success with 'requests_browser'. Found content (740 words).
2025-12-02 17:30:01,667 - INFO - Saved article: Defence Minster says 130th Constitutional Amendment will be part of Patel’s legacy - The Hindu from The Hindu
2025-12-02 17:30:01,668 - INFO - Duplicate article skipped: Revealed: Mexico’s industrial boomtown is making goods for the US. Residents say they’re ‘breathing poison’ | Mexico | The Guardian from The Guardian
2025-12-02 17:30:01,668 - INFO - Duplicate article skipped: Guinea Bissau coup: Nigeria grants asylum to presidential candidate Fernando Dias from BBC
2025-12-02 17:30:02,182 - INFO - [The Hindu] Article: https://www.thehindu.com/news/national/jammu-and-kashmir/jk-high-court-allows-pdp-mla-waheed-parra-to-travel-outside-union-territory/article70349820.ece
2025-12-02 17:30:02,183 - INFO - [The Hindu] Attempt 1/1: Trying with 'selenium_browser' strategy...
2025-12-02 17:30:02,499 - INFO - [BBC] Article: https://www.bbc.com/news/articles/ce8ng18p7v3o?at_medium=RSS&at_campaign=rss
2025-12-02 17:30:02,500 - INFO - [BBC] Attempt 1/1: Trying with 'requests_browser' strategy...
2025-12-02 17:30:02,540 - INFO - [BBC] Success with 'requests_browser'. Found content (582 words).
2025-12-02 17:30:02,585 - INFO - Duplicate article skipped: Hong Kong leader orders investigation into deadly fire that killed 151 from BBC
2025-12-02 17:30:02,810 - INFO - [The Guardian] Article: https://www.theguardian.com/world/2025/dec/02/st-lucia-election-prime-minister-philip-pierre-wins
2025-12-02 17:30:02,811 - INFO - [The Guardian] Attempt 1/1: Trying with 'requests_browser' strategy...
2025-12-02 17:30:03,066 - INFO - [The Guardian] Success with 'requests_browser'. Found content (313 words).
2025-12-02 17:30:03,124 - INFO - Duplicate article skipped: St Lucia prime minister Philip Pierre keeps majority as ruling party wins | St Lucia | The Guardian from The Guardian
2025-12-02 17:30:03,142 - INFO - [The Hindu] Page content loaded.
2025-12-02 17:30:03,186 - INFO - [The Hindu] Success with 'selenium_browser'. Found content (357 words).
2025-12-02 17:30:03,605 - INFO - [BBC] Article: https://www.bbc.com/news/articles/c33mz477p4po?at_medium=RSS&at_campaign=rss
2025-12-02 17:30:03,605 - INFO - [BBC] Attempt 1/1: Trying with 'requests_browser' strategy...
2025-12-02 17:30:03,703 - INFO - [BBC] Success with 'requests_browser'. Found content (882 words).
2025-12-02 17:30:04,273 - INFO - [The Guardian] Article: https://www.theguardian.com/world/2025/dec/02/indonesia-floods-one-million-people-evacuated-death-toll-rises
2025-12-02 17:30:04,273 - INFO - [The Guardian] Attempt 1/1: Trying with 'requests_browser' strategy...
2025-12-02 17:30:04,464 - INFO - [The Guardian] Success with 'requests_browser'. Found content (506 words).
2025-12-02 17:30:15,329 - INFO - Saved article: J&K High Court allows PDP MLA Waheed Parra to travel outside Union Territory - The Hindu from The Hindu
2025-12-02 17:30:15,329 - INFO - Duplicate article skipped: Luigi Mangione in court as lawyers seek to rule out notebook, gun and other key evidence from BBC
2025-12-02 17:30:15,331 - INFO - Duplicate article skipped: Death toll from Indonesia floods passes 700 as 1 million evacuated | Indonesia | The Guardian from The Guardian
2025-12-02 17:30:16,195 - INFO - [The Hindu] Article: https://www.thehindu.com/news/national/india-maldives-joint-military-exercise-begins-in-thiruvananthapuram/article70349583.ece
2025-12-02 17:30:16,195 - INFO - [The Hindu] Attempt 1/1: Trying with 'selenium_browser' strategy...
2025-12-02 17:30:16,457 - INFO - [The Guardian] Article: https://www.theguardian.com/news/2025/dec/02/hong-kong-fire-response-contrast-mainland-china
2025-12-02 17:30:16,458 - INFO - [The Guardian] Attempt 1/1: Trying with 'requests_browser' strategy...
2025-12-02 17:30:16,485 - INFO - [The Guardian] Success with 'requests_browser'. Found content (799 words).
2025-12-02 17:30:16,518 - INFO - Duplicate article skipped: Hong Kong responds to disaster differently from Beijing – but the gulf is narrowing | Hong Kong apartment fires | The Guardian from The Guardian
2025-12-02 17:30:16,747 - INFO - [BBC] Article: https://www.bbc.com/news/articles/cvgqnklqge7o?at_medium=RSS&at_campaign=rss
2025-12-02 17:30:16,747 - INFO - [BBC] Attempt 1/1: Trying with 'requests_browser' strategy...
2025-12-02 17:30:16,812 - INFO - [BBC] Success with 'requests_browser'. Found content (445 words).
2025-12-02 17:30:16,885 - INFO - Duplicate article skipped: Zambian-American influencer Ethel Chisono Edwards sentenced to 18 months for hate speech from BBC
2025-12-02 17:30:17,116 - INFO - [The Hindu] Page content loaded.
2025-12-02 17:30:17,158 - INFO - [The Hindu] Success with 'selenium_browser'. Found content (214 words).
2025-12-02 17:30:17,295 - INFO - [The Guardian] Article: https://www.theguardian.com/world/2025/dec/02/new-zealand-man-charged-allegedly-swallowing-faberge-james-bond-pendant
2025-12-02 17:30:17,296 - INFO - [The Guardian] Attempt 1/1: Trying with 'requests_browser' strategy...
2025-12-02 17:30:17,419 - INFO - [The Guardian] Success with 'requests_browser'. Found content (241 words).
2025-12-02 17:30:18,150 - INFO - [BBC] Article: https://www.bbc.com/news/articles/cn41jge1990o?at_medium=RSS&at_campaign=rss
2025-12-02 17:30:18,151 - INFO - [BBC] Attempt 1/1: Trying with 'requests_browser' strategy...
2025-12-02 17:30:18,269 - INFO - [BBC] Success with 'requests_browser'. Found content (590 words).
2025-12-02 17:30:20,543 - ERROR - [Times of India] Request failed for strategy 'selenium_browser' on URL https://timesofindia.indiatimes.com/world/us/after-taylor-swift-white-house-uses-sabrina-carpenters-song-juno-in-ice-deportation-video-watch/articleshow/125722972.cms: HTTPConnectionPool(host='localhost', port=47147): Read timed out. (read timeout=120)
2025-12-02 17:30:20,543 - ERROR - [Times of India] All scrape strategies failed for https://timesofindia.indiatimes.com/world/us/after-taylor-swift-white-house-uses-sabrina-carpenters-song-juno-in-ice-deportation-video-watch/articleshow/125722972.cms. Falling back to RSS description.
2025-12-02 17:30:29,270 - INFO - Saved article: India-Maldives joint military exercise begins in Thiruvananthapuram - The Hindu from The Hindu
2025-12-02 17:30:29,270 - INFO - Duplicate article skipped: Man charged with theft after allegedly swallowing Fabergé pendant in jewellery store | New Zealand | The Guardian from The Guardian
2025-12-02 17:30:29,270 - INFO - Duplicate article skipped: Pope prays at site of Beirut port blast at end of Lebanon visit from BBC
2025-12-02 17:30:30,098 - INFO - [The Guardian] Article: https://www.theguardian.com/world/2025/dec/02/japan-pm-sanae-takaichi-work-win-catchphrase-of-year
2025-12-02 17:30:30,099 - INFO - [The Guardian] Attempt 1/1: Trying with 'requests_browser' strategy...
2025-12-02 17:30:30,138 - INFO - [The Guardian] Success with 'requests_browser'. Found content (510 words).
2025-12-02 17:30:30,573 - INFO - [BBC] Article: https://www.bbc.com/news/articles/cre3q9edqx8o?at_medium=RSS&at_campaign=rss
2025-12-02 17:30:30,574 - INFO - [BBC] Attempt 1/1: Trying with 'requests_browser' strategy...
2025-12-02 17:30:30,615 - INFO - [BBC] Success with 'requests_browser'. Found content (415 words).
2025-12-02 17:30:30,757 - INFO - [The Hindu] Article: https://www.thehindu.com/news/national/regime-change-operation-claim-is-not-in-the-chargesheet-delhi-riots-accused-tell-the-supreme-court/article70349621.ece
2025-12-02 17:30:30,757 - INFO - [The Hindu] Attempt 1/1: Trying with 'selenium_browser' strategy...
2025-12-02 17:30:31,993 - INFO - [The Hindu] Page content loaded.
2025-12-02 17:30:32,106 - INFO - [The Hindu] Success with 'selenium_browser'. Found content (1018 words).
2025-12-02 17:30:41,884 - INFO - Saved article: After Taylor Swift, White House uses Sabrina Carpenter’s song ‘Juno’ in ICE deportation video – Watch from Times of India
2025-12-02 17:30:41,884 - INFO - Duplicate article skipped: Japan PM’s pledge to ‘work, work, work, work, and work’ wins catchphrase of year | Sanae Takaichi | The Guardian from The Guardian
2025-12-02 17:30:41,885 - INFO - Duplicate article skipped: Pavarotti statue frozen knee-deep in ice rink strikes wrong note in Italy from BBC
2025-12-02 17:30:42,514 - INFO - [The Guardian] Article: https://www.theguardian.com/world/2025/dec/01/asia-flood-sri-lanka-indonesia-deploy-military
2025-12-02 17:30:42,514 - INFO - [The Guardian] Attempt 1/1: Trying with 'requests_browser' strategy...
2025-12-02 17:30:42,568 - INFO - [Times of India] Article: https://timesofindia.indiatimes.com/world/us-streamers/perez-hilton-reacts-as-brian-harpole-breaks-silence-on-strange-hand-signal-claims-in-charlie-kirk-shooting-case/articleshow/125722044.cms
2025-12-02 17:30:42,568 - INFO - [Times of India] Attempt 1/1: Trying with 'selenium_browser' strategy...
2025-12-02 17:30:42,697 - INFO - [The Guardian] Success with 'requests_browser'. Found content (759 words).
2025-12-02 17:30:42,752 - INFO - [BBC] Article: https://www.bbc.com/news/articles/cewjg272dq9o?at_medium=RSS&at_campaign=rss
2025-12-02 17:30:42,758 - INFO - [BBC] Attempt 1/1: Trying with 'requests_browser' strategy...
2025-12-02 17:30:42,803 - INFO - [BBC] Success with 'requests_browser'. Found content (582 words).
2025-12-02 17:30:53,784 - INFO - DEDUPLICATION: Found match (Score: 0.80). Linking to Cluster ID: b03d17c5-2f13-4701-a4c3-465c3eb5aac1
2025-12-02 17:30:53,786 - INFO - Saved article: ‘Regime change operation’ claim is not in the chargesheet, Delhi riots accused tell the Supreme Court - The Hindu from The Hindu
2025-12-02 17:30:53,786 - INFO - Duplicate article skipped: Sri Lanka and Indonesia deploy militaries as Asia floods death toll passes 1,100 | Asia Pacific | The Guardian from The Guardian
2025-12-02 17:30:53,786 - INFO - Duplicate article skipped: Alina Habba: Appeals court disqualifies ex-Trump lawyer as New Jersey prosecutor from BBC
2025-12-02 17:30:54,891 - INFO - [BBC] Article: https://www.bbc.com/news/articles/c4g4enlp6kzo?at_medium=RSS&at_campaign=rss
2025-12-02 17:30:54,892 - INFO - [BBC] Attempt 1/1: Trying with 'requests_browser' strategy...
2025-12-02 17:30:54,926 - INFO - [BBC] Success with 'requests_browser'. Found content (908 words).
2025-12-02 17:30:54,931 - INFO - [The Guardian] Article: https://www.theguardian.com/australia-news/2025/dec/03/ndis-plans-computer-generated
2025-12-02 17:30:54,932 - INFO - [The Guardian] Attempt 1/1: Trying with 'requests_browser' strategy...
2025-12-02 17:30:54,965 - INFO - Duplicate article skipped: Indonesia floods death toll passes 600 from BBC
2025-12-02 17:30:54,995 - INFO - [The Guardian] Success with 'requests_browser'. Found content (1863 words).
2025-12-02 17:30:55,047 - INFO - Duplicate article skipped: NDIS plans will be computer-generated with human involvement dramatically cut under sweeping overhaul | National disability insurance scheme | The Guardian from The Guardian
2025-12-02 17:30:55,256 - INFO - [The Hindu] Article: https://www.thehindu.com/shorts/watch-telangana-cm-revanth-reddy-braces-for-face-off-with-lionel-messi/article70350773.ece
2025-12-02 17:30:55,257 - INFO - [The Hindu] Attempt 1/1: Trying with 'selenium_browser' strategy...
2025-12-02 17:30:55,514 - INFO - [BBC] Article: https://www.bbc.com/news/articles/ckg9204y4w5o?at_medium=RSS&at_campaign=rss
2025-12-02 17:30:55,515 - INFO - [BBC] Attempt 1/1: Trying with 'requests_browser' strategy...
2025-12-02 17:30:55,805 - INFO - [The Guardian] Article: https://www.theguardian.com/australia-news/2025/dec/02/australia-gambling-reform-card-payment-least-impact
2025-12-02 17:30:55,805 - INFO - [The Guardian] Attempt 1/1: Trying with 'requests_browser' strategy...
2025-12-02 17:30:55,830 - INFO - [BBC] Success with 'requests_browser'. Found content (682 words).
2025-12-02 17:30:55,878 - INFO - Duplicate article skipped: Anicet Ekane: Cameroon opposition firebrand dies in detention aged 74 from BBC
2025-12-02 17:30:55,996 - INFO - [The Guardian] Success with 'requests_browser'. Found content (512 words).
2025-12-02 17:30:56,044 - INFO - Duplicate article skipped: Australia’s heaviest betters undeterred by key gambling reform, research shows | Gambling | The Guardian from The Guardian
2025-12-02 17:30:57,254 - INFO - [BBC] Article: https://www.bbc.com/news/articles/czrk7g50e1po?at_medium=RSS&at_campaign=rss
2025-12-02 17:30:57,254 - INFO - [BBC] Attempt 1/1: Trying with 'requests_browser' strategy...
2025-12-02 17:30:57,269 - INFO - [The Guardian] Article: https://www.theguardian.com/australia-news/2025/dec/02/sea-world-helicopter-crash-pilot-seen-taking-cocaine-the-night-before-inquest-told
2025-12-02 17:30:57,269 - INFO - [The Guardian] Attempt 1/1: Trying with 'requests_browser' strategy...
2025-12-02 17:30:57,302 - INFO - [BBC] Success with 'requests_browser'. Found content (1693 words).
2025-12-02 17:30:57,345 - INFO - Duplicate article skipped: WW1 toxic compound sprayed on Georgian protesters, BBC evidence suggests from BBC
2025-12-02 17:30:57,358 - INFO - [The Guardian] Success with 'requests_browser'. Found content (759 words).
2025-12-02 17:30:57,403 - INFO - Duplicate article skipped: Sea World helicopter pilot ‘had a breakdown and took cocaine’ before crash, inquest told | Queensland | The Guardian from The Guardian
2025-12-02 17:30:58,263 - INFO - [The Guardian] Article: https://www.theguardian.com/business/2025/dec/02/gina-rinehart-helipad-company-headquarters-perth-council-vote-ntwnfb
2025-12-02 17:30:58,263 - INFO - [The Guardian] Attempt 1/1: Trying with 'requests_browser' strategy...
2025-12-02 17:30:58,422 - INFO - [The Guardian] Success with 'requests_browser'. Found content (582 words).
2025-12-02 17:30:58,458 - INFO - Duplicate article skipped: Bid by Gina Rinehart’s company to build helipad set to be blocked by City of Perth | Gina Rinehart | The Guardian from The Guardian
2025-12-02 17:30:58,668 - INFO - [BBC] Article: https://www.bbc.com/news/articles/cj69588eewyo?at_medium=RSS&at_campaign=rss
2025-12-02 17:30:58,668 - INFO - [BBC] Attempt 1/1: Trying with 'requests_browser' strategy...
2025-12-02 17:30:58,703 - INFO - [BBC] Success with 'requests_browser'. Found content (1209 words).
2025-12-02 17:30:58,739 - INFO - Duplicate article skipped: Israeli-Russian woman says Iraqi militants tortured her in captivity from BBC
2025-12-02 17:30:59,033 - INFO - [The Guardian] Article: https://www.theguardian.com/australia-news/2025/dec/02/australian-children-moving-to-new-social-app-lemon8-but-owner-expected-to-restrict-users-to-over-16s
2025-12-02 17:30:59,033 - INFO - [The Guardian] Attempt 1/1: Trying with 'requests_browser' strategy...
2025-12-02 17:30:59,068 - INFO - [The Guardian] Success with 'requests_browser'. Found content (643 words).
2025-12-02 17:30:59,115 - INFO - Duplicate article skipped: Australian children moving to new social app Lemon8 but owner expected to restrict users to over-16s | Social media ban | The Guardian from The Guardian
2025-12-02 17:30:59,773 - INFO - [BBC] Article: https://www.bbc.com/news/videos/cwyvgq7224go?at_medium=RSS&at_campaign=rss
2025-12-02 17:30:59,773 - INFO - [BBC] Attempt 1/1: Trying with 'requests_browser' strategy...
2025-12-02 17:30:59,829 - WARNING - [BBC] FAILED with 'requests_browser' (content was too short: 58 words).
2025-12-02 17:30:59,829 - ERROR - [BBC] All scrape strategies failed for https://www.bbc.com/news/videos/cwyvgq7224go?at_medium=RSS&at_campaign=rss. Falling back to RSS description.
2025-12-02 17:30:59,830 - INFO - Duplicate article skipped: Will Australia's social media ban actually work? from BBC
2025-12-02 17:31:07,479 - WARNING - [The Hindu] Page timed out (10s). No <p> tags found. Proceeding anyway.
2025-12-02 17:31:07,507 - WARNING - [The Hindu] FAILED with 'selenium_browser' (content was too short: 55 words).
2025-12-02 17:31:07,507 - ERROR - [The Hindu] All scrape strategies failed for https://www.thehindu.com/shorts/watch-telangana-cm-revanth-reddy-braces-for-face-off-with-lionel-messi/article70350773.ece. Falling back to RSS description.
2025-12-02 17:31:19,242 - INFO - Saved article: Watch: Telangana CM Revanth Reddy braces for face-off with Lionel Messi from The Hindu
2025-12-02 17:31:19,797 - INFO - [The Hindu] Article: https://www.thehindu.com/news/national/west-bengal/west-bengal-announces-compensation-linked-to-sir-related-distress/article70349679.ece
2025-12-02 17:31:19,797 - INFO - [The Hindu] Attempt 1/1: Trying with 'selenium_browser' strategy...
2025-12-02 17:31:20,383 - INFO - [The Hindu] Page content loaded.
2025-12-02 17:31:20,426 - INFO - [The Hindu] Success with 'selenium_browser'. Found content (324 words).
2025-12-02 17:31:32,805 - INFO - Saved article: West Bengal announces compensation linked to SIR-related distress - The Hindu from The Hindu
2025-12-02 17:31:33,309 - INFO - [The Hindu] Article: https://www.thehindu.com/shorts/watch-myself-and-dk-shivakumar-are-united-karnataka-cm-siddaramaiah/article70350758.ece
2025-12-02 17:31:33,309 - INFO - [The Hindu] Attempt 1/1: Trying with 'selenium_browser' strategy...
2025-12-02 17:31:45,407 - WARNING - [The Hindu] Page timed out (10s). No <p> tags found. Proceeding anyway.
2025-12-02 17:31:45,435 - WARNING - [The Hindu] FAILED with 'selenium_browser' (content was too short: 54 words).
2025-12-02 17:31:45,435 - ERROR - [The Hindu] All scrape strategies failed for https://www.thehindu.com/shorts/watch-myself-and-dk-shivakumar-are-united-karnataka-cm-siddaramaiah/article70350758.ece. Falling back to RSS description.
2025-12-02 17:31:57,400 - INFO - Saved article: Watch: “Myself and DK Shivakumar are united”: Karnataka CM Siddaramaiah from The Hindu
2025-12-02 17:31:58,359 - INFO - [The Hindu] Article: https://www.thehindu.com/news/national/indian-navys-defiant-posture-during-operation-sindoor-kept-pakistan-navy-confined-to-coast-says-naval-chief/article70350486.ece
2025-12-02 17:31:58,359 - INFO - [The Hindu] Attempt 1/1: Trying with 'selenium_browser' strategy...
2025-12-02 17:31:58,919 - INFO - [The Hindu] Page content loaded.
2025-12-02 17:31:58,965 - INFO - [The Hindu] Success with 'selenium_browser'. Found content (410 words).
2025-12-02 17:32:12,155 - INFO - Saved article: Indian Navy’s defiant posture during Operation Sindoor kept Pakistan Navy confined to coast, says Naval Chief - The Hindu from The Hindu
2025-12-02 17:32:13,349 - INFO - [The Hindu] Article: https://www.thehindu.com/news/national/karnataka/india-should-focus-on-building-national-aircraft/article70349966.ece
2025-12-02 17:32:13,350 - INFO - [The Hindu] Attempt 1/1: Trying with 'selenium_browser' strategy...
2025-12-02 17:32:14,411 - INFO - [The Hindu] Page content loaded.
2025-12-02 17:32:14,454 - INFO - [The Hindu] Success with 'selenium_browser'. Found content (447 words).
2025-12-02 17:32:27,200 - INFO - Saved article: ‘India should focus on building national aircraft’ - The Hindu from The Hindu
2025-12-02 17:32:27,825 - INFO - [The Hindu] Article: https://www.thehindu.com/news/national/assam/assam-congress-chief-seeks-pms-intervention-in-tezpur-university-unrest/article70349992.ece
2025-12-02 17:32:27,825 - INFO - [The Hindu] Attempt 1/1: Trying with 'selenium_browser' strategy...
2025-12-02 17:32:28,829 - INFO - [The Hindu] Page content loaded.
2025-12-02 17:32:28,871 - INFO - [The Hindu] Success with 'selenium_browser'. Found content (409 words).
2025-12-02 17:32:41,400 - INFO - Saved article: Assam Congress chief seeks PM’s intervention in Tezpur University unrest - The Hindu from The Hindu
2025-12-02 17:32:42,489 - INFO - [The Hindu] Article: https://www.thehindu.com/news/national/political-interests-are-creating-linguistic-divisions-says-education-minister/article70349763.ece
2025-12-02 17:32:42,489 - INFO - [The Hindu] Attempt 1/1: Trying with 'selenium_browser' strategy...
2025-12-02 17:32:42,651 - ERROR - [Times of India] Request failed for strategy 'selenium_browser' on URL https://timesofindia.indiatimes.com/world/us-streamers/perez-hilton-reacts-as-brian-harpole-breaks-silence-on-strange-hand-signal-claims-in-charlie-kirk-shooting-case/articleshow/125722044.cms: HTTPConnectionPool(host='localhost', port=47147): Read timed out. (read timeout=120)
2025-12-02 17:32:42,651 - ERROR - [Times of India] All scrape strategies failed for https://timesofindia.indiatimes.com/world/us-streamers/perez-hilton-reacts-as-brian-harpole-breaks-silence-on-strange-hand-signal-claims-in-charlie-kirk-shooting-case/articleshow/125722044.cms. Falling back to RSS description.
2025-12-02 17:32:42,652 - INFO - Duplicate article skipped: Perez Hilton reacts as Brian Harpole breaks silence on strange hand signal claims in Charlie Kirk shooting case from Times of India
2025-12-02 17:32:43,180 - INFO - [Times of India] Article: https://timesofindia.indiatimes.com/world/us/we-dont-need-an-indian-to-tell-us-social-media-grills-vivek-ramaswamy-for-preaching-the-american-dream/articleshow/125722403.cms
2025-12-02 17:32:43,180 - INFO - [Times of India] Attempt 1/1: Trying with 'selenium_browser' strategy...
2025-12-02 17:32:43,422 - INFO - [The Hindu] Page content loaded.
2025-12-02 17:32:43,468 - INFO - [The Hindu] Success with 'selenium_browser'. Found content (519 words).
2025-12-02 17:32:56,514 - INFO - Saved article: Political interests are creating linguistic divisions, says Education Minister - The Hindu from The Hindu
2025-12-02 17:32:57,451 - INFO - [The Hindu] Article: https://www.thehindu.com/news/national/kerala/key-fronts-hoping-for-improved-turnout-in-battle-for-municipalities-in-ernakulam/article70349637.ece
2025-12-02 17:32:57,451 - INFO - [The Hindu] Attempt 1/1: Trying with 'selenium_browser' strategy...
2025-12-02 17:32:58,464 - INFO - [The Hindu] Page content loaded.
2025-12-02 17:32:58,509 - INFO - [The Hindu] Success with 'selenium_browser'. Found content (394 words).
2025-12-02 17:32:58,555 - INFO - Duplicate article skipped: Key fronts hoping for improved turnout in battle for municipalities in Ernakulam - The Hindu from The Hindu
2025-12-02 17:32:59,141 - INFO - [The Hindu] Article: https://www.thehindu.com/news/national/andhra-pradesh/pawan-kalyan-calls-for-protection-recognition-for-new-inventions/article70350593.ece
2025-12-02 17:32:59,141 - INFO - [The Hindu] Attempt 1/1: Trying with 'selenium_browser' strategy...
2025-12-02 17:33:00,137 - INFO - [The Hindu] Page content loaded.
2025-12-02 17:33:00,180 - INFO - [The Hindu] Success with 'selenium_browser'. Found content (318 words).
2025-12-02 17:33:00,228 - INFO - Duplicate article skipped: Pawan Kalyan calls for protection, recognition for new inventions - The Hindu from The Hindu
2025-12-02 17:33:01,579 - INFO - [The Hindu] Article: https://www.thehindu.com/news/national/telangana/man-murders-brother-for-insurance-money-lands-behind-bars-with-his-two-accomplices/article70350647.ece
2025-12-02 17:33:01,580 - INFO - [The Hindu] Attempt 1/1: Trying with 'selenium_browser' strategy...
2025-12-02 17:33:02,349 - INFO - [The Hindu] Page content loaded.
2025-12-02 17:33:02,392 - INFO - [The Hindu] Success with 'selenium_browser'. Found content (151 words).
2025-12-02 17:33:02,454 - INFO - Duplicate article skipped: Man murders brother for insurance money, lands behind bars with his two accomplices - The Hindu from The Hindu
2025-12-02 17:33:03,374 - INFO - [The Hindu] Article: https://www.thehindu.com/news/national/first-vande-mataram-then-sir-debate-says-centre-as-opposition-continues-protests-in-rs/article70350052.ece
2025-12-02 17:33:03,374 - INFO - [The Hindu] Attempt 1/1: Trying with 'selenium_browser' strategy...
2025-12-02 17:33:04,222 - INFO - [The Hindu] Page content loaded.
2025-12-02 17:33:04,267 - INFO - [The Hindu] Success with 'selenium_browser'. Found content (559 words).
2025-12-02 17:33:04,592 - INFO - Duplicate article skipped: First Vande Mataram, then SIR debate, says Centre, as Opposition continues protests in RS - The Hindu from The Hindu
2025-12-02 17:33:05,335 - INFO - [The Hindu] Article: https://www.thehindu.com/news/national/andhra-pradesh/loco-running-staff-observe-48-hour-fast/article70350576.ece
2025-12-02 17:33:05,335 - INFO - [The Hindu] Attempt 1/1: Trying with 'selenium_browser' strategy...
2025-12-02 17:33:06,204 - INFO - [The Hindu] Page content loaded.
2025-12-02 17:33:06,246 - INFO - [The Hindu] Success with 'selenium_browser'. Found content (123 words).
2025-12-02 17:33:06,293 - INFO - Duplicate article skipped: Loco running staff observe 48-hour fast - The Hindu from The Hindu
2025-12-02 17:33:07,757 - INFO - [The Hindu] Article: https://www.thehindu.com/news/national/manipur/kuki-body-asks-nhrc-to-reject-manipur-govt-action-taken-reports-denying-state-complicity/article70349645.ece
2025-12-02 17:33:07,758 - INFO - [The Hindu] Attempt 1/1: Trying with 'selenium_browser' strategy...
2025-12-02 17:33:08,579 - INFO - [The Hindu] Page content loaded.
2025-12-02 17:33:08,626 - INFO - [The Hindu] Success with 'selenium_browser'. Found content (256 words).
2025-12-02 17:33:08,680 - INFO - Duplicate article skipped: Kuki body asks NHRC to reject Manipur govt. action taken reports denying State complicity - The Hindu from The Hindu
2025-12-02 17:33:09,396 - INFO - [The Hindu] Article: https://www.thehindu.com/news/national/madhya-pradesh/rsss-farmers-body-asks-centre-to-ban-land-pooling-seeks-uniform-land-acquisition-law/article70349382.ece
2025-12-02 17:33:09,396 - INFO - [The Hindu] Attempt 1/1: Trying with 'selenium_browser' strategy...
2025-12-02 17:33:10,445 - INFO - [The Hindu] Page content loaded.
2025-12-02 17:33:10,492 - INFO - [The Hindu] Success with 'selenium_browser'. Found content (464 words).
2025-12-02 17:33:10,539 - INFO - Duplicate article skipped: RSS’s farmers’ body asks Centre to ban land pooling, seeks uniform land acquisition law - The Hindu from The Hindu
2025-12-02 17:33:11,232 - INFO - [The Hindu] (Thread) Finished. Attempting to shut down its Selenium driver.
2025-12-02 17:33:11,429 - INFO - [The Hindu] (Thread) driver.quit() successful.
2025-12-02 17:33:13,512 - CRITICAL - --- TIMEOUT: 1 scrape jobs did not complete in 300s. ---
2025-12-02 17:33:13,512 - ERROR - A thread has timed out and will be abandoned.
2025-12-02 17:33:13,512 - INFO - Shutting down thread pool (wait=False)...
2025-12-02 17:33:13,512 - INFO - Scraped: 13 The Hindu, 3 BBC, 1 The Guardian, 1 Timed_Out_Jobs articles. (Total saved: 17)
2025-12-02 17:33:13,512 - INFO - --- Scraping job finished ---
2025-12-02 17:33:13,513 - INFO - --- Scraper service stopped and database connection closed. ---
2025-12-02 17:33:13,513 - INFO - --- Main thread finished. Forcing process exit to kill zombie threads. ---
