2025-12-03 09:50:03,974 - INFO - Loading AI Semantic Model (all-MiniLM-L6-v2)...
2025-12-03 09:50:03,974 - INFO - Use pytorch device_name: cpu
2025-12-03 09:50:03,974 - INFO - Load pretrained SentenceTransformer: all-MiniLM-L6-v2
2025-12-03 09:50:04,434 - INFO - AI Model loaded successfully.
2025-12-03 09:50:04,434 - INFO - Initializing database connection at: news_articles.db
2025-12-03 09:50:04,434 - INFO - --- Scraper service started (CI Mode: Run Once) ---
2025-12-03 09:50:04,434 - INFO - --- Starting new scraping job (Parallel Mode) ---
2025-12-03 09:50:04,434 - INFO - Creating new robust session with 3 retries on 5xx/connection/read errors.
2025-12-03 09:50:04,434 - INFO - Proxy is DISABLED.
2025-12-03 09:50:04,435 - INFO - Starting scrape for BBC RSS feed: http://feeds.bbci.co.uk/news/world/rss.xml
2025-12-03 09:50:04,436 - INFO - [Times of India] (Thread) requires Selenium. Initializing driver...
2025-12-03 09:50:04,436 - INFO - Initializing headless Selenium Chrome driver (using SeleniumManager)...
2025-12-03 09:50:04,437 - INFO - Starting scrape for The Guardian RSS feed: https://www.theguardian.com/world/rss
2025-12-03 09:50:04,438 - INFO - [The Hindu] (Thread) requires Selenium. Initializing driver...
2025-12-03 09:50:04,438 - INFO - Initializing headless Selenium Chrome driver (using SeleniumManager)...
2025-12-03 09:50:04,438 - INFO - Submitted 4 jobs to thread pool. Waiting up to 300s for completion...
2025-12-03 09:50:04,528 - INFO - Found 33 articles in BBC RSS feed. Processing up to 20.
2025-12-03 09:50:04,528 - INFO - [BBC] Article: https://www.bbc.com/news/articles/c208x9v68w3o?at_medium=RSS&at_campaign=rss
2025-12-03 09:50:04,528 - INFO - [BBC] Attempt 1/1: Trying with 'requests_browser' strategy...
2025-12-03 09:50:04,560 - INFO - Found 45 articles in The Guardian RSS feed. Processing up to 20.
2025-12-03 09:50:04,560 - INFO - [The Guardian] Article: https://www.theguardian.com/us-news/2025/dec/02/trump-somali-immigrants-minnesota
2025-12-03 09:50:04,560 - INFO - [The Guardian] Attempt 1/1: Trying with 'requests_browser' strategy...
2025-12-03 09:50:04,582 - INFO - [The Guardian] Success with 'requests_browser'. Found content (473 words).
2025-12-03 09:50:04,615 - INFO - Duplicate article skipped: Trump calls Somali immigrants ‘garbage’ as US reportedly targets Minnesota community | Trump administration | The Guardian from The Guardian
2025-12-03 09:50:04,835 - INFO - [BBC] Success with 'requests_browser'. Found content (714 words).
2025-12-03 09:50:04,872 - INFO - Duplicate article skipped: Trump says he doesn't want Somalis in US as ICE plans operation from BBC
2025-12-03 09:50:05,963 - INFO - [The Guardian] Article: https://www.theguardian.com/world/2025/dec/01/south-africans-court-alleged-recruitment-russia-war-ukraine
2025-12-03 09:50:05,963 - INFO - [The Guardian] Attempt 1/1: Trying with 'requests_browser' strategy...
2025-12-03 09:50:06,063 - INFO - [The Guardian] Success with 'requests_browser'. Found content (506 words).
2025-12-03 09:50:06,106 - INFO - Duplicate article skipped: Five South Africans in court over alleged recruitment for Russia’s war in Ukraine | South Africa | The Guardian from The Guardian
2025-12-03 09:50:06,360 - INFO - [BBC] Article: https://www.bbc.com/news/articles/cly580gkd9ro?at_medium=RSS&at_campaign=rss
2025-12-03 09:50:06,360 - INFO - [BBC] Attempt 1/1: Trying with 'requests_browser' strategy...
2025-12-03 09:50:06,405 - INFO - [BBC] Success with 'requests_browser'. Found content (1534 words).
2025-12-03 09:50:06,447 - INFO - Duplicate article skipped: Ultra-Orthodox conscription bill threatens crisis for Israel's government from BBC
2025-12-03 09:50:07,273 - INFO - [The Guardian] Article: https://www.theguardian.com/global-development/2025/dec/01/global-health-hiv-aids-funding-cuts-infections-prevention
2025-12-03 09:50:07,273 - INFO - [The Guardian] Attempt 1/1: Trying with 'requests_browser' strategy...
2025-12-03 09:50:07,297 - INFO - [The Guardian] Success with 'requests_browser'. Found content (674 words).
2025-12-03 09:50:07,339 - INFO - Duplicate article skipped: Aid cuts have shaken HIV/Aids care to its core – and will mean millions more infections ahead | Global health | The Guardian from The Guardian
2025-12-03 09:50:07,391 - INFO - [BBC] Article: https://www.bbc.com/news/articles/c9895x3039ro?at_medium=RSS&at_campaign=rss
2025-12-03 09:50:07,391 - INFO - [BBC] Attempt 1/1: Trying with 'requests_browser' strategy...
2025-12-03 09:50:07,427 - INFO - [BBC] Success with 'requests_browser'. Found content (943 words).
2025-12-03 09:50:07,462 - INFO - Duplicate article skipped: As lead changes in knife-edge Honduran election, will Trump fail to get his way? from BBC
2025-12-03 09:50:08,076 - INFO - [The Guardian] Article: https://www.theguardian.com/world/2025/nov/30/african-leaders-push-for-recognition-of-colonial-crimes-and-reparations
2025-12-03 09:50:08,076 - INFO - [The Guardian] Attempt 1/1: Trying with 'requests_browser' strategy...
2025-12-03 09:50:08,180 - INFO - [The Guardian] Success with 'requests_browser'. Found content (670 words).
2025-12-03 09:50:08,369 - INFO - Duplicate article skipped: African leaders push for recognition of colonial crimes and reparations | Colonialism | The Guardian from The Guardian
2025-12-03 09:50:08,548 - INFO - [BBC] Article: https://www.bbc.com/news/articles/ckglx77mplgo?at_medium=RSS&at_campaign=rss
2025-12-03 09:50:08,548 - INFO - [BBC] Attempt 1/1: Trying with 'requests_browser' strategy...
2025-12-03 09:50:08,584 - INFO - [BBC] Success with 'requests_browser'. Found content (494 words).
2025-12-03 09:50:08,620 - INFO - Duplicate article skipped: Hegseth says he did not see survivors before second drug boat strike from BBC
2025-12-03 09:50:09,454 - INFO - [BBC] Article: https://www.bbc.com/news/articles/cy7v077dm0po?at_medium=RSS&at_campaign=rss
2025-12-03 09:50:09,454 - INFO - [BBC] Attempt 1/1: Trying with 'requests_browser' strategy...
2025-12-03 09:50:09,489 - INFO - [BBC] Success with 'requests_browser'. Found content (308 words).
2025-12-03 09:50:09,524 - INFO - Duplicate article skipped: MH370: Search for long-missing Malaysia Airlines fight to resume from BBC
2025-12-03 09:50:09,794 - INFO - [The Guardian] Article: https://www.theguardian.com/world/2025/nov/28/jacob-zuma-daughter-resigns-claims-south-africans-tricked-fight-russia
2025-12-03 09:50:09,794 - INFO - [The Guardian] Attempt 1/1: Trying with 'requests_browser' strategy...
2025-12-03 09:50:09,907 - INFO - [The Guardian] Success with 'requests_browser'. Found content (753 words).
2025-12-03 09:50:09,943 - INFO - Duplicate article skipped: Jacob Zuma’s daughter resigns amid claims South Africans tricked to fight for Russia | South Africa | The Guardian from The Guardian
2025-12-03 09:50:10,421 - INFO - [BBC] Article: https://www.bbc.com/news/articles/c7vm754r80vo?at_medium=RSS&at_campaign=rss
2025-12-03 09:50:10,421 - INFO - [BBC] Attempt 1/1: Trying with 'requests_browser' strategy...
2025-12-03 09:50:10,458 - INFO - [BBC] Success with 'requests_browser'. Found content (225 words).
2025-12-03 09:50:10,495 - INFO - Duplicate article skipped: New Zealand man charged with theft over claims he swallowed $19k Fabergé egg from BBC
2025-12-03 09:50:11,304 - INFO - [The Guardian] Article: https://www.theguardian.com/us-news/live/2025/dec/02/donald-trump-pete-hegseth-boat-venezuela-maduro-tennessee-us-politics-live-news-updates
2025-12-03 09:50:11,305 - INFO - [The Guardian] Attempt 1/1: Trying with 'requests_browser' strategy...
2025-12-03 09:50:11,346 - INFO - [BBC] Article: https://www.bbc.com/news/articles/cpq47derx2vo?at_medium=RSS&at_campaign=rss
2025-12-03 09:50:11,346 - INFO - [BBC] Attempt 1/1: Trying with 'requests_browser' strategy...
2025-12-03 09:50:11,599 - INFO - [BBC] Success with 'requests_browser'. Found content (991 words).
2025-12-03 09:50:11,698 - INFO - Duplicate article skipped: Ukrainians in war-ravaged Donbas weigh prospects of peace deal from BBC
2025-12-03 09:50:11,718 - INFO - [The Guardian] Success with 'requests_browser'. Found content (4155 words).
2025-12-03 09:50:11,804 - INFO - Duplicate article skipped: Pete Hegseth says he ‘didn’t stick around’ to watch second strike on alleged drug boat as Democrats slam administration over attacks – as it happened | Trump administration | The Guardian from The Guardian
2025-12-03 09:50:12,371 - INFO - [BBC] Article: https://www.bbc.com/news/articles/c3e05j9012vo?at_medium=RSS&at_campaign=rss
2025-12-03 09:50:12,371 - INFO - [BBC] Attempt 1/1: Trying with 'requests_browser' strategy...
2025-12-03 09:50:12,406 - INFO - [BBC] Success with 'requests_browser'. Found content (297 words).
2025-12-03 09:50:12,442 - INFO - Duplicate article skipped: Italian fashion giant Prada buys Versace – at a discount from BBC
2025-12-03 09:50:13,026 - INFO - Selenium driver initialized successfully.
2025-12-03 09:50:13,026 - INFO - Starting scrape for The Hindu RSS feed: https://www.thehindu.com/news/national/feeder/default.rss
2025-12-03 09:50:13,027 - INFO - Selenium driver initialized successfully.
2025-12-03 09:50:13,027 - INFO - Starting scrape for Times of India RSS feed: https://timesofindia.indiatimes.com/rssfeeds/296589292.cms
2025-12-03 09:50:13,080 - INFO - [The Guardian] Article: https://www.theguardian.com/world/2025/dec/02/trump-intervention-honduras-presidential-vote-count-stalls-nasry-asfura
2025-12-03 09:50:13,080 - INFO - [The Guardian] Attempt 1/1: Trying with 'requests_browser' strategy...
2025-12-03 09:50:13,181 - INFO - [The Guardian] Success with 'requests_browser'. Found content (945 words).
2025-12-03 09:50:13,228 - INFO - Duplicate article skipped: Trump frees ex-Honduran president from prison as country awaits knife-edge election result | Honduras | The Guardian from The Guardian
2025-12-03 09:50:13,241 - INFO - Found 20 articles in Times of India RSS feed. Processing up to 20.
2025-12-03 09:50:13,242 - INFO - [Times of India] Article: https://timesofindia.indiatimes.com/world/us/caribbean-strikes-hegseth-claims-learnt-of-survivors-hours-later-blames-fog-of-war/articleshow/125738445.cms
2025-12-03 09:50:13,242 - INFO - [Times of India] Attempt 1/1: Trying with 'selenium_browser' strategy...
2025-12-03 09:50:13,259 - INFO - Found 100 articles in The Hindu RSS feed. Processing up to 20.
2025-12-03 09:50:13,259 - INFO - [The Hindu] Article: https://www.thehindu.com/news/national/karnataka/mdma-and-hydro-ganja-worth-2875-crore-seized-in-bengaluru/article70352570.ece
2025-12-03 09:50:13,259 - INFO - [The Hindu] Attempt 1/1: Trying with 'selenium_browser' strategy...
2025-12-03 09:50:13,567 - INFO - [BBC] Article: https://www.bbc.com/news/articles/cp341gz24p5o?at_medium=RSS&at_campaign=rss
2025-12-03 09:50:13,567 - INFO - [BBC] Attempt 1/1: Trying with 'requests_browser' strategy...
2025-12-03 09:50:13,602 - INFO - [BBC] Success with 'requests_browser'. Found content (660 words).
2025-12-03 09:50:13,650 - INFO - Duplicate article skipped: YouTube says it will be less safe for kids under Australia's social media ban from BBC
2025-12-03 09:50:13,981 - INFO - [The Guardian] Article: https://www.theguardian.com/us-news/2025/dec/02/pete-hegseth-franklin-the-turtle
2025-12-03 09:50:13,981 - INFO - [The Guardian] Attempt 1/1: Trying with 'requests_browser' strategy...
2025-12-03 09:50:14,105 - INFO - [The Guardian] Success with 'requests_browser'. Found content (438 words).
2025-12-03 09:50:14,208 - INFO - Duplicate article skipped: Publisher condemns ‘violent’ use of Franklin the Turtle after Hegseth’s boat strike post | Pete Hegseth | The Guardian from The Guardian
2025-12-03 09:50:14,523 - INFO - [BBC] Article: https://www.bbc.com/news/articles/cp39q5n5037o?at_medium=RSS&at_campaign=rss
2025-12-03 09:50:14,523 - INFO - [BBC] Attempt 1/1: Trying with 'requests_browser' strategy...
2025-12-03 09:50:14,581 - INFO - [BBC] Success with 'requests_browser'. Found content (336 words).
2025-12-03 09:50:14,653 - INFO - Duplicate article skipped: Air pollution: Delhi hospitals saw 200,000 respiratory illness patients in three years from BBC
2025-12-03 09:50:15,671 - INFO - [The Guardian] Article: https://www.theguardian.com/us-news/2025/dec/02/monterrey-mexico-air-quality-industrial-pollution
2025-12-03 09:50:15,671 - INFO - [The Guardian] Attempt 1/1: Trying with 'requests_browser' strategy...
2025-12-03 09:50:15,814 - INFO - [The Guardian] Success with 'requests_browser'. Found content (3688 words).
2025-12-03 09:50:15,951 - INFO - Duplicate article skipped: Revealed: Mexico’s industrial boomtown is making goods for the US. Residents say they’re ‘breathing poison’ | Mexico | The Guardian from The Guardian
2025-12-03 09:50:16,124 - INFO - [BBC] Article: https://www.bbc.com/news/articles/cedxyvx74p4o?at_medium=RSS&at_campaign=rss
2025-12-03 09:50:16,124 - INFO - [BBC] Attempt 1/1: Trying with 'requests_browser' strategy...
2025-12-03 09:50:16,271 - INFO - [BBC] Success with 'requests_browser'. Found content (768 words).
2025-12-03 09:50:16,387 - INFO - Duplicate article skipped: Sanchar Saathi: India mandates state-owned cyber safety app on all smartphones from BBC
2025-12-03 09:50:16,470 - INFO - [The Guardian] Article: https://www.theguardian.com/world/2025/dec/02/st-lucia-election-prime-minister-philip-pierre-wins
2025-12-03 09:50:16,470 - INFO - [The Guardian] Attempt 1/1: Trying with 'requests_browser' strategy...
2025-12-03 09:50:16,633 - INFO - [The Guardian] Success with 'requests_browser'. Found content (313 words).
2025-12-03 09:50:16,730 - INFO - Duplicate article skipped: St Lucia prime minister Philip Pierre keeps majority as ruling party wins | St Lucia | The Guardian from The Guardian
2025-12-03 09:50:16,917 - INFO - [BBC] Article: https://www.bbc.com/news/articles/cn41jge1990o?at_medium=RSS&at_campaign=rss
2025-12-03 09:50:16,917 - INFO - [BBC] Attempt 1/1: Trying with 'requests_browser' strategy...
2025-12-03 09:50:17,832 - INFO - [BBC] Success with 'requests_browser'. Found content (595 words).
2025-12-03 09:50:18,194 - INFO - Duplicate article skipped: Pope prays at site of Beirut port blast at end of Lebanon visit from BBC
2025-12-03 09:50:18,209 - INFO - [The Guardian] Article: https://www.theguardian.com/world/2025/dec/03/search-for-malaysia-airline-flight-mh370-to-resume-over-11-years-after-plane-went-missing
2025-12-03 09:50:18,209 - INFO - [The Guardian] Attempt 1/1: Trying with 'requests_browser' strategy...
2025-12-03 09:50:18,399 - INFO - [The Guardian] Success with 'requests_browser'. Found content (635 words).
2025-12-03 09:50:18,868 - INFO - Duplicate article skipped: Search for Malaysia Airlines flight MH370 to resume more than 11 years after plane went missing | Malaysia Airlines flight MH370 | The Guardian from The Guardian
2025-12-03 09:50:18,878 - INFO - [BBC] Article: https://www.bbc.com/news/articles/c0q5n3x0jn9o?at_medium=RSS&at_campaign=rss
2025-12-03 09:50:18,878 - INFO - [BBC] Attempt 1/1: Trying with 'requests_browser' strategy...
2025-12-03 09:50:19,533 - INFO - [The Guardian] Article: https://www.theguardian.com/world/2025/dec/02/uk-government-delays-china-super-embassy-january
2025-12-03 09:50:19,533 - INFO - [The Guardian] Attempt 1/1: Trying with 'requests_browser' strategy...
2025-12-03 09:50:19,536 - INFO - [The Hindu] Page content loaded.
2025-12-03 09:50:19,579 - INFO - [BBC] Success with 'requests_browser'. Found content (328 words).
2025-12-03 09:50:19,843 - INFO - Duplicate article skipped: Thousands of rounds of German army ammunition stolen from lorry from BBC
2025-12-03 09:50:19,848 - INFO - [The Guardian] Success with 'requests_browser'. Found content (619 words).
2025-12-03 09:50:20,032 - INFO - [The Hindu] Success with 'selenium_browser'. Found content (375 words).
2025-12-03 09:50:20,092 - INFO - Duplicate article skipped: UK government delays decision on China’s super-embassy until January | China | The Guardian from The Guardian
2025-12-03 09:50:20,624 - INFO - [The Guardian] Article: https://www.theguardian.com/world/2025/dec/03/uk-china-spying-case-collapse-security-committee-report
2025-12-03 09:50:20,624 - INFO - [The Guardian] Attempt 1/1: Trying with 'requests_browser' strategy...
2025-12-03 09:50:20,635 - INFO - [BBC] Article: https://www.bbc.com/news/articles/c93n4nx5yqro?at_medium=RSS&at_campaign=rss
2025-12-03 09:50:20,635 - INFO - [BBC] Attempt 1/1: Trying with 'requests_browser' strategy...
2025-12-03 09:50:20,812 - INFO - [The Guardian] Success with 'requests_browser'. Found content (885 words).
2025-12-03 09:50:22,190 - INFO - [BBC] Success with 'requests_browser'. Found content (1032 words).
2025-12-03 09:50:54,225 - INFO - Saved article: MDMA and hydro ganja worth ₹28.75 crore seized in Bengaluru - The Hindu from The Hindu
2025-12-03 09:50:54,226 - INFO - Duplicate article skipped: Handling of China spying case was ‘shambolic’, security committee concludes | Espionage | The Guardian from The Guardian
2025-12-03 09:50:54,226 - INFO - Duplicate article skipped: Why is US President Trump threatening Venezuela's President Maduro? from BBC
2025-12-03 09:50:54,871 - INFO - [The Hindu] Article: https://www.thehindu.com/news/national/sonia-kharge-protest-in-parliament-complex-against-new-labour-codes/article70352719.ece
2025-12-03 09:50:54,871 - INFO - [The Hindu] Attempt 1/1: Trying with 'selenium_browser' strategy...
2025-12-03 09:50:55,486 - INFO - [BBC] Article: https://www.bbc.com/news/articles/ce3wq2zznz1o?at_medium=RSS&at_campaign=rss
2025-12-03 09:50:55,486 - INFO - [BBC] Attempt 1/1: Trying with 'requests_browser' strategy...
2025-12-03 09:50:55,608 - INFO - [The Guardian] Article: https://www.theguardian.com/world/2025/dec/02/global-heating-and-other-human-activity-are-making-asias-floods-more-lethal
2025-12-03 09:50:55,608 - INFO - [The Guardian] Attempt 1/1: Trying with 'requests_browser' strategy...
2025-12-03 09:50:55,760 - INFO - [The Guardian] Success with 'requests_browser'. Found content (718 words).
2025-12-03 09:50:55,887 - INFO - [BBC] Success with 'requests_browser'. Found content (740 words).
2025-12-03 09:50:56,008 - INFO - Duplicate article skipped: Global heating and other human activity are making Asia’s floods more lethal | Extreme weather | The Guardian from The Guardian
2025-12-03 09:50:56,048 - INFO - Duplicate article skipped: Guinea Bissau coup: Nigeria grants asylum to presidential candidate Fernando Dias from BBC
2025-12-03 09:50:56,808 - INFO - [BBC] Article: https://www.bbc.com/news/articles/ce8ng18p7v3o?at_medium=RSS&at_campaign=rss
2025-12-03 09:50:56,808 - INFO - [BBC] Attempt 1/1: Trying with 'requests_browser' strategy...
2025-12-03 09:50:56,936 - INFO - [BBC] Success with 'requests_browser'. Found content (582 words).
2025-12-03 09:50:57,020 - INFO - Duplicate article skipped: Hong Kong leader orders investigation into deadly fire that killed 151 from BBC
2025-12-03 09:50:57,307 - INFO - [The Guardian] Article: https://www.theguardian.com/world/2025/dec/02/british-women-stranded-by-landslides-in-sri-lankan-mountains-running-out-of-food-and-water-daughter-says
2025-12-03 09:50:57,307 - INFO - [The Guardian] Attempt 1/1: Trying with 'requests_browser' strategy...
2025-12-03 09:50:57,499 - INFO - [The Guardian] Success with 'requests_browser'. Found content (643 words).
2025-12-03 09:50:57,588 - INFO - Duplicate article skipped: British women stranded by landslides in Sri Lankan mountains running out of food and water, daughter says | Sri Lanka | The Guardian from The Guardian
2025-12-03 09:50:57,678 - INFO - [The Hindu] Page content loaded.
2025-12-03 09:50:57,945 - INFO - [The Hindu] Success with 'selenium_browser'. Found content (374 words).
2025-12-03 09:50:58,240 - INFO - [BBC] Article: https://www.bbc.com/news/articles/c058n10727po?at_medium=RSS&at_campaign=rss
2025-12-03 09:50:58,240 - INFO - [BBC] Attempt 1/1: Trying with 'requests_browser' strategy...
2025-12-03 09:50:58,305 - INFO - [BBC] Success with 'requests_browser'. Found content (610 words).
2025-12-03 09:50:59,002 - INFO - [The Guardian] Article: https://www.theguardian.com/australia-news/2025/dec/03/holy-crap-this-is-insane-mineworkers-describe-being-caught-in-huge-outback-dust-storm
2025-12-03 09:50:59,002 - INFO - [The Guardian] Attempt 1/1: Trying with 'requests_browser' strategy...
2025-12-03 09:50:59,433 - INFO - [The Guardian] Success with 'requests_browser'. Found content (537 words).
2025-12-03 09:51:12,722 - INFO - Saved article: Sonia, Kharge protest in Parliament complex against new labour codes - The Hindu from The Hindu
2025-12-03 09:51:12,722 - INFO - Duplicate article skipped: Cyclone Ditwah: Flood catastrophe awakens volunteerism in Sri Lanka from BBC
2025-12-03 09:51:12,722 - INFO - Duplicate article skipped: ‘Holy crap, this is insane’: mineworkers describe being caught in huge outback dust storm | Australia weather | The Guardian from The Guardian
2025-12-03 09:51:13,259 - INFO - [The Hindu] Article: https://www.thehindu.com/videos/watch-former-brahmos-chief-calls-for-stronger-india-russia-defence-ties/article70352888.ece
2025-12-03 09:51:13,259 - INFO - [The Hindu] Attempt 1/1: Trying with 'selenium_browser' strategy...
2025-12-03 09:51:13,261 - INFO - [BBC] Article: https://www.bbc.com/news/articles/c1m8nm22785o?at_medium=RSS&at_campaign=rss
2025-12-03 09:51:13,261 - INFO - [BBC] Attempt 1/1: Trying with 'requests_browser' strategy...
2025-12-03 09:51:13,302 - INFO - [The Guardian] Article: https://www.theguardian.com/australia-news/2025/dec/03/addiction-to-secrecy-opposition-and-crossbench-slam-labors-undemocratic-changes-to-foi-including-charging-fees
2025-12-03 09:51:13,302 - INFO - [The Guardian] Attempt 1/1: Trying with 'requests_browser' strategy...
2025-12-03 09:51:13,511 - INFO - [BBC] Success with 'requests_browser'. Found content (1169 words).
2025-12-03 09:51:13,572 - INFO - [The Guardian] Success with 'requests_browser'. Found content (531 words).
2025-12-03 09:51:13,643 - INFO - Duplicate article skipped: Guinea-Bissau's military takeover: Was the coup real or a 'sham'? from BBC
2025-12-03 09:51:13,698 - INFO - Duplicate article skipped: ‘Addiction to secrecy’: opposition and crossbench slam Labor’s ‘undemocratic’ changes to FoI – including charging fees | Freedom of information | The Guardian from The Guardian
2025-12-03 09:51:14,535 - INFO - [The Guardian] Article: https://www.theguardian.com/australia-news/live/2025/dec/03/australia-news-live-bruce-lehrmann-defamation-appeal-brittany-higgins-lisa-wilkinson-network-ten-senate-estimates-social-media-ban-esafety-commissioner-albanese-sussan-ley-labor-coalition-nsw-vic-qld-ntwnfb
2025-12-03 09:51:14,535 - INFO - [The Guardian] Attempt 1/1: Trying with 'requests_browser' strategy...
2025-12-03 09:51:14,594 - INFO - [BBC] Article: https://www.bbc.com/news/articles/cj69588eewyo?at_medium=RSS&at_campaign=rss
2025-12-03 09:51:14,594 - INFO - [BBC] Attempt 1/1: Trying with 'requests_browser' strategy...
2025-12-03 09:51:14,985 - INFO - [BBC] Success with 'requests_browser'. Found content (1209 words).
2025-12-03 09:51:15,157 - INFO - Duplicate article skipped: Israeli-Russian woman says Iraqi militants tortured her in captivity from BBC
2025-12-03 09:51:15,249 - INFO - [The Guardian] Success with 'requests_browser'. Found content (3090 words).
2025-12-03 09:51:15,650 - INFO - Duplicate article skipped: Gallagher says public service ‘roughly the right size’ – as it happened | Australia news | The Guardian from The Guardian
2025-12-03 09:51:15,807 - INFO - [The Hindu] Page content loaded.
2025-12-03 09:51:15,928 - INFO - [The Hindu] Success with 'selenium_browser'. Found content (152 words).
2025-12-03 09:51:16,186 - INFO - [The Guardian] Article: https://www.theguardian.com/australia-news/2025/dec/03/australia-high-court-overturns-housing-policy-which-tripled-rent-in-some-remote-indigenous-communities
2025-12-03 09:51:16,186 - INFO - [The Guardian] Attempt 1/1: Trying with 'requests_browser' strategy...
2025-12-03 09:51:16,188 - INFO - [BBC] Article: https://www.bbc.com/news/videos/cwyvgq7224go?at_medium=RSS&at_campaign=rss
2025-12-03 09:51:16,188 - INFO - [BBC] Attempt 1/1: Trying with 'requests_browser' strategy...
2025-12-03 09:51:16,233 - INFO - [The Guardian] Success with 'requests_browser'. Found content (527 words).
2025-12-03 09:51:16,375 - WARNING - [BBC] FAILED with 'requests_browser' (content was too short: 58 words).
2025-12-03 09:51:16,375 - ERROR - [BBC] All scrape strategies failed for https://www.bbc.com/news/videos/cwyvgq7224go?at_medium=RSS&at_campaign=rss. Falling back to RSS description.
2025-12-03 09:51:30,707 - INFO - DEDUPLICATION: Found match (Score: 0.70). Linking to Cluster ID: 905fd295-f179-4863-bf93-a1ddfc8e953b
2025-12-03 09:51:30,710 - INFO - Saved article: Watch: Former BrahMos Chief calls for stronger India-Russia defence ties - The Hindu from The Hindu
2025-12-03 09:51:30,711 - INFO - Duplicate article skipped: High court overturns NT housing policy which tripled rent in some remote Indigenous communities | Indigenous Australians | The Guardian from The Guardian
2025-12-03 09:51:30,711 - INFO - Duplicate article skipped: Will Australia's social media ban actually work? from BBC
2025-12-03 09:51:31,409 - INFO - [The Hindu] Article: https://www.thehindu.com/news/national/andhra-pradesh/andhra-deputy-cm-pawan-kalyan-orders-constitution-of-party-committees-up-to-parliamentary-constituency-level/article70352601.ece
2025-12-03 09:51:31,409 - INFO - [The Hindu] Attempt 1/1: Trying with 'selenium_browser' strategy...
2025-12-03 09:51:31,743 - INFO - [The Guardian] Article: https://www.theguardian.com/australia-news/2025/dec/02/australian-children-moving-to-new-social-app-lemon8-but-owner-expected-to-restrict-users-to-over-16s
2025-12-03 09:51:31,743 - INFO - [The Guardian] Attempt 1/1: Trying with 'requests_browser' strategy...
2025-12-03 09:51:31,864 - INFO - [The Guardian] Success with 'requests_browser'. Found content (951 words).
2025-12-03 09:51:31,950 - INFO - Duplicate article skipped: YouTube says it will comply with Australia’s under-16s social media ban, with Lemon8 to also restrict access | Social media ban | The Guardian from The Guardian
2025-12-03 09:51:32,251 - INFO - [The Hindu] Page content loaded.
2025-12-03 09:51:32,350 - INFO - [The Hindu] Success with 'selenium_browser'. Found content (194 words).
2025-12-03 09:51:45,734 - INFO - Saved article: Andhra Deputy CM Pawan Kalyan orders constitution of party committees up to Parliamentary constituency level - The Hindu from The Hindu
2025-12-03 09:51:46,386 - INFO - [The Hindu] Article: https://www.thehindu.com/news/national/karnataka/cloth-shop-owner-and-associate-held-for-stealing-over-1-crore-cash-from-house-of-businessman-in-bengaluru/article70352656.ece
2025-12-03 09:51:46,386 - INFO - [The Hindu] Attempt 1/1: Trying with 'selenium_browser' strategy...
2025-12-03 09:51:47,373 - INFO - [The Hindu] Page content loaded.
2025-12-03 09:51:47,524 - INFO - [The Hindu] Success with 'selenium_browser'. Found content (294 words).
2025-12-03 09:52:00,789 - INFO - Saved article: Cloth shop owner, associate steal over ₹1 crore cash from house of businessman in Bengaluru - The Hindu from The Hindu
2025-12-03 09:52:02,023 - INFO - [The Hindu] Article: https://www.thehindu.com/shorts/watch-bhow-bhow-renuka-chowdhury-on-row-over-bringing-dog-in-parliament/article70352866.ece
2025-12-03 09:52:02,023 - INFO - [The Hindu] Attempt 1/1: Trying with 'selenium_browser' strategy...
2025-12-03 09:52:12,905 - WARNING - [The Hindu] Page timed out (10s). No <p> tags found. Proceeding anyway.
2025-12-03 09:52:12,929 - WARNING - [The Hindu] FAILED with 'selenium_browser' (content was too short: 61 words).
2025-12-03 09:52:12,930 - ERROR - [The Hindu] All scrape strategies failed for https://www.thehindu.com/shorts/watch-bhow-bhow-renuka-chowdhury-on-row-over-bringing-dog-in-parliament/article70352866.ece. Falling back to RSS description.
2025-12-03 09:52:13,344 - ERROR - [Times of India] Request failed for strategy 'selenium_browser' on URL https://timesofindia.indiatimes.com/world/us/caribbean-strikes-hegseth-claims-learnt-of-survivors-hours-later-blames-fog-of-war/articleshow/125738445.cms: HTTPConnectionPool(host='localhost', port=58817): Read timed out. (read timeout=120)
2025-12-03 09:52:13,344 - ERROR - [Times of India] All scrape strategies failed for https://timesofindia.indiatimes.com/world/us/caribbean-strikes-hegseth-claims-learnt-of-survivors-hours-later-blames-fog-of-war/articleshow/125738445.cms. Falling back to RSS description.
2025-12-03 09:52:25,951 - INFO - Saved article: Watch: Bhow, bhow: Renuka Chowdhury on row over bringing dog in Parliament from The Hindu
2025-12-03 09:52:25,951 - INFO - Duplicate article skipped: Caribbean strikes: Hegseth claims learnt of survivors ‘hours later’; blames ‘fog of war’ from Times of India
2025-12-03 09:52:26,496 - INFO - [The Hindu] Article: https://www.thehindu.com/news/cities/Coimbatore/five-year-old-boychokes-onbananadies-in-erode/article70352623.ece
2025-12-03 09:52:26,496 - INFO - [The Hindu] Attempt 1/1: Trying with 'selenium_browser' strategy...
2025-12-03 09:52:27,371 - INFO - [Times of India] Article: https://timesofindia.indiatimes.com/world/us/tennessee-elections-gop-narrowly-avoids-losing-deep-red-district-matt-epps-wins-house-seat/articleshow/125737225.cms
2025-12-03 09:52:27,371 - INFO - [Times of India] Attempt 1/1: Trying with 'selenium_browser' strategy...
2025-12-03 09:52:27,410 - INFO - [The Hindu] Page content loaded.
2025-12-03 09:52:27,985 - INFO - [The Hindu] Success with 'selenium_browser'. Found content (151 words).
2025-12-03 09:52:28,046 - INFO - Duplicate article skipped: Five-year-old boy chokes on banana, dies in Erode - The Hindu from The Hindu
2025-12-03 09:52:28,862 - INFO - [The Hindu] Article: https://www.thehindu.com/news/national/delhi-red-fort-blast-suspect-nia-custody-extended/article70352808.ece
2025-12-03 09:52:28,862 - INFO - [The Hindu] Attempt 1/1: Trying with 'selenium_browser' strategy...
2025-12-03 09:52:29,950 - INFO - [The Hindu] Page content loaded.
2025-12-03 09:52:30,449 - INFO - [The Hindu] Success with 'selenium_browser'. Found content (149 words).
2025-12-03 09:52:30,509 - INFO - Duplicate article skipped: Court extends NIA custody of Delhi blast accused Jasir Wani by seven days - The Hindu from The Hindu
2025-12-03 09:52:31,288 - INFO - [The Hindu] Article: https://www.thehindu.com/news/national/gujarat/iafs-suryakirans-to-light-up-rajkot-sky-on-december-6-7/article70352692.ece
2025-12-03 09:52:31,288 - INFO - [The Hindu] Attempt 1/1: Trying with 'selenium_browser' strategy...
2025-12-03 09:52:32,803 - INFO - [The Hindu] Page content loaded.
2025-12-03 09:52:32,982 - INFO - [The Hindu] Success with 'selenium_browser'. Found content (161 words).
2025-12-03 09:52:33,041 - INFO - Duplicate article skipped: IAF’s Suryakirans to light up Rajkot sky on December 6-7 - The Hindu from The Hindu
2025-12-03 09:52:34,500 - INFO - [The Hindu] Article: https://www.thehindu.com/news/national/karnataka/greater-bengaluru-authority-suspends-six-revenue-officials-for-issuing-khatas-in-illegal-layouts/article70352701.ece
2025-12-03 09:52:34,500 - INFO - [The Hindu] Attempt 1/1: Trying with 'selenium_browser' strategy...
2025-12-03 09:52:35,454 - INFO - [The Hindu] Page content loaded.
2025-12-03 09:52:35,516 - INFO - [The Hindu] Success with 'selenium_browser'. Found content (434 words).
2025-12-03 09:52:35,601 - INFO - Duplicate article skipped: Greater Bengaluru Authority suspends six officials for issuing khatas in illegal layouts - The Hindu from The Hindu
2025-12-03 09:52:36,107 - INFO - [The Hindu] Article: https://www.thehindu.com/news/national/kerala/kpcc-sacks-karassery-bank-chairman-abdurahiman-from-party-membership/article70352610.ece
2025-12-03 09:52:36,108 - INFO - [The Hindu] Attempt 1/1: Trying with 'selenium_browser' strategy...
2025-12-03 09:52:37,229 - INFO - [The Hindu] Page content loaded.
2025-12-03 09:52:37,317 - INFO - [The Hindu] Success with 'selenium_browser'. Found content (357 words).
2025-12-03 09:52:37,407 - INFO - Duplicate article skipped: KPCC sacks Karassery bank chairman Abdurahiman from party membership - The Hindu from The Hindu
2025-12-03 09:52:38,091 - INFO - [The Hindu] Article: https://www.thehindu.com/news/national/kerala/udf-convener-adoor-prakash-hints-at-likely-action-against-mla-rahul-mamkootathil-after-new-sexual-assault-charges/article70352654.ece
2025-12-03 09:52:38,091 - INFO - [The Hindu] Attempt 1/1: Trying with 'selenium_browser' strategy...
2025-12-03 09:52:39,019 - INFO - [The Hindu] Page content loaded.
2025-12-03 09:52:39,175 - INFO - [The Hindu] Success with 'selenium_browser'. Found content (224 words).
2025-12-03 09:52:39,250 - INFO - Duplicate article skipped: UDF convener Adoor Prakash hints at likely action against MLA Rahul Mamkootathil after new sexual assault charges - The Hindu from The Hindu
2025-12-03 09:52:40,493 - INFO - [The Hindu] Article: https://www.thehindu.com/news/national/rajasthan/supreme-court-gives-bail-to-former-rajasthan-minister-mahesh-joshi-in-money-laundering-case/article70352633.ece
2025-12-03 09:52:40,494 - INFO - [The Hindu] Attempt 1/1: Trying with 'selenium_browser' strategy...
2025-12-03 09:52:41,561 - INFO - [The Hindu] Page content loaded.
2025-12-03 09:52:41,623 - INFO - [The Hindu] Success with 'selenium_browser'. Found content (165 words).
2025-12-03 09:52:41,686 - INFO - Duplicate article skipped: Supreme Court gives bail to former Rajasthan Minister Mahesh Joshi in money laundering case - The Hindu from The Hindu
2025-12-03 09:52:42,206 - INFO - [The Hindu] Article: https://www.thehindu.com/news/national/punjab/punjab-cm-in-japan-to-boost-investment/article70352677.ece
2025-12-03 09:52:42,206 - INFO - [The Hindu] Attempt 1/1: Trying with 'selenium_browser' strategy...
2025-12-03 09:52:43,378 - INFO - [The Hindu] Page content loaded.
2025-12-03 09:52:43,436 - INFO - [The Hindu] Success with 'selenium_browser'. Found content (168 words).
2025-12-03 09:52:43,527 - INFO - Duplicate article skipped: Punjab CM in Japan to boost investment - The Hindu from The Hindu
2025-12-03 09:52:45,025 - INFO - [The Hindu] Article: https://www.thehindu.com/news/national/jharkhand/jharkhand-health-secretary-asks-officials-to-identify-land-for-health-sub-centres-submit-report-in-48-hours/article70352521.ece
2025-12-03 09:52:45,025 - INFO - [The Hindu] Attempt 1/1: Trying with 'selenium_browser' strategy...
2025-12-03 09:52:46,494 - INFO - [The Hindu] Page content loaded.
2025-12-03 09:52:46,546 - INFO - [The Hindu] Success with 'selenium_browser'. Found content (194 words).
2025-12-03 09:52:46,885 - INFO - Duplicate article skipped: Jharkhand Health Secretary asks officials to identify land for health sub-centres; submit report in 48 hours - The Hindu from The Hindu
2025-12-03 09:52:47,920 - INFO - [The Hindu] Article: https://www.thehindu.com/education/schools/delhi-hc-upholds-admission-test-for-class-vi-in-cm-shri-schools-says-no-violation-of-rte/article70352621.ece
2025-12-03 09:52:47,920 - INFO - [The Hindu] Attempt 1/1: Trying with 'selenium_browser' strategy...
2025-12-03 09:52:48,848 - INFO - [The Hindu] Page content loaded.
2025-12-03 09:52:48,907 - INFO - [The Hindu] Success with 'selenium_browser'. Found content (497 words).
2025-12-03 09:52:48,962 - INFO - Duplicate article skipped: Delhi HC upholds admission test for Class VI in CM SHRI Schools, says no violation of RTE - The Hindu from The Hindu
2025-12-03 09:52:49,770 - INFO - [The Hindu] Article: https://www.thehindu.com/news/cities/Hyderabad/19-indigo-flights-cancelled-at-hyderabad-airport-due-to-crew-constraints-hundreds-stranded/article70352511.ece
2025-12-03 09:52:49,770 - INFO - [The Hindu] Attempt 1/1: Trying with 'selenium_browser' strategy...
2025-12-03 09:52:51,386 - INFO - [The Hindu] Page content loaded.
2025-12-03 09:52:51,444 - INFO - [The Hindu] Success with 'selenium_browser'. Found content (528 words).
2025-12-03 09:52:51,513 - INFO - Duplicate article skipped: 19 IndiGo flights cancelled at Hyderabad airport due to crew constraints, hundreds stranded - The Hindu from The Hindu
2025-12-03 09:52:52,645 - INFO - [The Hindu] Article: https://www.thehindu.com/news/national/maharashtra/maharashtra-municipal-elections-citizens-manifesto-seeks-transparencyclean-airwater-staffing-overhaul/article70349669.ece
2025-12-03 09:52:52,645 - INFO - [The Hindu] Attempt 1/1: Trying with 'selenium_browser' strategy...
2025-12-03 09:52:53,582 - INFO - [The Hindu] Page content loaded.
2025-12-03 09:52:54,123 - INFO - [The Hindu] Success with 'selenium_browser'. Found content (452 words).
2025-12-03 09:52:54,183 - INFO - Duplicate article skipped: Maharashtra municipal elections: Citizens’ manifesto seeks transparency, clean air, water, staffing overhaul - The Hindu from The Hindu
2025-12-03 09:52:54,692 - INFO - [The Hindu] Article: https://www.thehindu.com/news/national/karnataka/42-indigo-flights-cancelled-at-bengaluru-airport-airline-grappling-with-second-consecutive-day-of-disruption/article70352603.ece
2025-12-03 09:52:54,692 - INFO - [The Hindu] Attempt 1/1: Trying with 'selenium_browser' strategy...
2025-12-03 09:52:55,659 - INFO - [The Hindu] Page content loaded.
2025-12-03 09:52:55,740 - INFO - [The Hindu] Success with 'selenium_browser'. Found content (196 words).
2025-12-03 09:52:55,837 - INFO - Duplicate article skipped: 42 IndiGo flights cancelled at Bengaluru airport on December 3 - The Hindu from The Hindu
2025-12-03 09:52:56,551 - INFO - [The Hindu] Article: https://www.thehindu.com/news/national/telangana/cm-revanth-invites-pm-modi-congress-leader-rahul-gandhi-and-others-for-telangana-rising-global-summit/article70352605.ece
2025-12-03 09:52:56,552 - INFO - [The Hindu] Attempt 1/1: Trying with 'selenium_browser' strategy...
2025-12-03 09:52:57,657 - INFO - [The Hindu] Page content loaded.
2025-12-03 09:52:57,729 - INFO - [The Hindu] Success with 'selenium_browser'. Found content (236 words).
2025-12-03 09:52:57,830 - INFO - Duplicate article skipped: CM Revanth invites PM Modi, Congress leader Rahul Gandhi and others for Telangana Rising Global Summit - The Hindu from The Hindu
2025-12-03 09:52:58,687 - INFO - [The Hindu] (Thread) Finished. Attempting to shut down its Selenium driver.
2025-12-03 09:52:58,897 - INFO - [The Hindu] (Thread) driver.quit() successful.
2025-12-03 09:54:27,433 - ERROR - [Times of India] Request failed for strategy 'selenium_browser' on URL https://timesofindia.indiatimes.com/world/us/tennessee-elections-gop-narrowly-avoids-losing-deep-red-district-matt-epps-wins-house-seat/articleshow/125737225.cms: HTTPConnectionPool(host='localhost', port=58817): Read timed out. (read timeout=120)
2025-12-03 09:54:27,433 - ERROR - [Times of India] All scrape strategies failed for https://timesofindia.indiatimes.com/world/us/tennessee-elections-gop-narrowly-avoids-losing-deep-red-district-matt-epps-wins-house-seat/articleshow/125737225.cms. Falling back to RSS description.
2025-12-03 09:54:27,434 - INFO - Duplicate article skipped: Tennessee elections: GOP narrowly avoids losing deep-red district; Matt Epps wins house seat from Times of India
2025-12-03 09:54:28,754 - INFO - [Times of India] Article: https://timesofindia.indiatimes.com/world/us/inhuman-agenda-sabrina-carpenter-slams-trump-admin-for-using-her-song-in-disgusting-video-white-house-responds/articleshow/125734612.cms
2025-12-03 09:54:28,754 - INFO - [Times of India] Attempt 1/1: Trying with 'selenium_browser' strategy...
2025-12-03 09:55:04,438 - CRITICAL - --- TIMEOUT: 1 scrape jobs did not complete in 300s. ---
2025-12-03 09:55:04,439 - ERROR - A thread has timed out and will be abandoned.
2025-12-03 09:55:04,439 - INFO - Shutting down thread pool (wait=False)...
2025-12-03 09:55:04,439 - INFO - Scraped: 0 The Guardian, 0 BBC, 6 The Hindu, 1 Timed_Out_Jobs articles. (Total saved: 6)
2025-12-03 09:55:04,439 - INFO - --- Scraping job finished ---
2025-12-03 09:55:04,439 - INFO - --- Scraper service stopped and database connection closed. ---
2025-12-03 09:55:04,439 - INFO - --- Main thread finished. Forcing process exit to kill zombie threads. ---
