2025-11-27 18:34:08,698 - INFO - Loading AI Semantic Model (all-MiniLM-L6-v2)...
2025-11-27 18:34:08,699 - INFO - Use pytorch device_name: cpu
2025-11-27 18:34:08,699 - INFO - Load pretrained SentenceTransformer: all-MiniLM-L6-v2
2025-11-27 18:34:09,988 - INFO - AI Model loaded successfully.
2025-11-27 18:34:09,988 - INFO - Initializing database connection at: news_articles.db
2025-11-27 18:34:09,988 - INFO - --- Scraper service started (CI Mode: Run Once) ---
2025-11-27 18:34:09,988 - INFO - --- Starting new scraping job (Parallel Mode) ---
2025-11-27 18:34:09,988 - INFO - Creating new robust session with 3 retries on 5xx/connection/read errors.
2025-11-27 18:34:09,988 - INFO - Proxy is DISABLED.
2025-11-27 18:34:09,989 - INFO - Starting scrape for BBC RSS feed: http://feeds.bbci.co.uk/news/world/rss.xml
2025-11-27 18:34:09,990 - INFO - [Times of India] (Thread) requires Selenium. Initializing driver...
2025-11-27 18:34:09,990 - INFO - Initializing headless Selenium Chrome driver (using SeleniumManager)...
2025-11-27 18:34:09,990 - INFO - Starting scrape for The Guardian RSS feed: https://www.theguardian.com/world/rss
2025-11-27 18:34:09,992 - INFO - [The Hindu] (Thread) requires Selenium. Initializing driver...
2025-11-27 18:34:09,992 - INFO - Initializing headless Selenium Chrome driver (using SeleniumManager)...
2025-11-27 18:34:09,993 - INFO - Submitted 4 jobs to thread pool. Waiting up to 300s for completion...
2025-11-27 18:34:10,073 - INFO - Found 45 articles in The Guardian RSS feed. Processing up to 20.
2025-11-27 18:34:10,073 - INFO - [The Guardian] Article: https://www.theguardian.com/world/2025/nov/26/guinea-bissau-officers-take-total-control-close-borders-amid-election-chaos
2025-11-27 18:34:10,073 - INFO - [The Guardian] Attempt 1/1: Trying with 'requests_browser' strategy...
2025-11-27 18:34:10,096 - INFO - [The Guardian] Success with 'requests_browser'. Found content (412 words).
2025-11-27 18:34:10,134 - INFO - Duplicate article skipped: Guinea-Bissau military takes ‘total control’ amid election chaos | Guinea-Bissau | The Guardian from The Guardian
2025-11-27 18:34:10,180 - INFO - Found 32 articles in BBC RSS feed. Processing up to 20.
2025-11-27 18:34:10,180 - INFO - [BBC] Article: https://www.bbc.com/news/articles/c62n3enz9klo?at_medium=RSS&at_campaign=rss
2025-11-27 18:34:10,180 - INFO - [BBC] Attempt 1/1: Trying with 'requests_browser' strategy...
2025-11-27 18:34:10,378 - INFO - [BBC] Success with 'requests_browser'. Found content (727 words).
2025-11-27 18:34:10,423 - INFO - Duplicate article skipped: Hong Kong: Firefighters search for missing in tower blocks fire from BBC
2025-11-27 18:34:11,319 - INFO - [BBC] Article: https://www.bbc.com/news/videos/c3w7e2p48l7o?at_medium=RSS&at_campaign=rss
2025-11-27 18:34:11,319 - INFO - [BBC] Attempt 1/1: Trying with 'requests_browser' strategy...
2025-11-27 18:34:11,369 - INFO - [BBC] Success with 'requests_browser'. Found content (148 words).
2025-11-27 18:34:11,410 - INFO - Duplicate article skipped: Video shows speed fire spreads in Hong Kong tower block from BBC
2025-11-27 18:34:11,455 - INFO - [The Guardian] Article: https://www.theguardian.com/world/2025/nov/25/nigerian-schoolgirls-rescued-after-mass-abduction-in-kebbi
2025-11-27 18:34:11,455 - INFO - [The Guardian] Attempt 1/1: Trying with 'requests_browser' strategy...
2025-11-27 18:34:11,501 - INFO - [The Guardian] Success with 'requests_browser'. Found content (515 words).
2025-11-27 18:34:11,549 - INFO - Duplicate article skipped: Nigerian schoolgirls rescued after mass abduction in Kebbi | Nigeria | The Guardian from The Guardian
2025-11-27 18:34:12,203 - INFO - [BBC] Article: https://www.bbc.com/news/articles/cp84nl57v0lo?at_medium=RSS&at_campaign=rss
2025-11-27 18:34:12,203 - INFO - [BBC] Attempt 1/1: Trying with 'requests_browser' strategy...
2025-11-27 18:34:12,229 - INFO - [BBC] Success with 'requests_browser'. Found content (669 words).
2025-11-27 18:34:12,266 - INFO - Duplicate article skipped: Putin doubles down on demands for Ukrainian territory ahead of talks with US from BBC
2025-11-27 18:34:12,514 - INFO - [The Guardian] Article: https://www.theguardian.com/world/2025/nov/25/jacob-zuma-daughter-accused-tricking-men-fighting-for-russia-in-ukraine
2025-11-27 18:34:12,514 - INFO - [The Guardian] Attempt 1/1: Trying with 'requests_browser' strategy...
2025-11-27 18:34:12,542 - INFO - [The Guardian] Success with 'requests_browser'. Found content (656 words).
2025-11-27 18:34:12,731 - INFO - Duplicate article skipped: Jacob Zuma’s daughter accused of tricking men into fighting for Russia in Ukraine | South Africa | The Guardian from The Guardian
2025-11-27 18:34:13,304 - INFO - [BBC] Article: https://www.bbc.com/news/articles/cgex957qg97o?at_medium=RSS&at_campaign=rss
2025-11-27 18:34:13,305 - INFO - [BBC] Attempt 1/1: Trying with 'requests_browser' strategy...
2025-11-27 18:34:13,334 - INFO - [BBC] Success with 'requests_browser'. Found content (779 words).
2025-11-27 18:34:13,370 - INFO - Duplicate article skipped: US suspends immigration requests for Afghans after National Guard shooting from BBC
2025-11-27 18:34:13,518 - INFO - [The Guardian] Article: https://www.theguardian.com/uk-news/2025/nov/24/uk-rejects-nigerian-request-to-deport-former-politican-ike-ekweremadu-jailed-for-organ-trafficking
2025-11-27 18:34:13,518 - INFO - [The Guardian] Attempt 1/1: Trying with 'requests_browser' strategy...
2025-11-27 18:34:13,541 - INFO - [The Guardian] Success with 'requests_browser'. Found content (545 words).
2025-11-27 18:34:13,574 - INFO - Duplicate article skipped: UK rejects Nigerian request to deport former politican jailed for organ trafficking | UK news | The Guardian from The Guardian
2025-11-27 18:34:14,064 - INFO - [BBC] Article: https://www.bbc.com/news/articles/c0edw7g7z79o?at_medium=RSS&at_campaign=rss
2025-11-27 18:34:14,065 - INFO - [BBC] Attempt 1/1: Trying with 'requests_browser' strategy...
2025-11-27 18:34:14,095 - INFO - [BBC] Success with 'requests_browser'. Found content (1054 words).
2025-11-27 18:34:14,132 - INFO - Duplicate article skipped: France brings back limited military service with 3,000 volunteers next year from BBC
2025-11-27 18:34:14,409 - INFO - [The Guardian] Article: https://www.theguardian.com/world/2025/nov/24/ethiopian-volcano-hayli-gubbi-erupts-first-time-12000-years
2025-11-27 18:34:14,409 - INFO - [The Guardian] Attempt 1/1: Trying with 'requests_browser' strategy...
2025-11-27 18:34:14,430 - INFO - [The Guardian] Success with 'requests_browser'. Found content (306 words).
2025-11-27 18:34:14,466 - INFO - Duplicate article skipped: Ethiopian volcano erupts for first time in 12,000 years | Ethiopia | The Guardian from The Guardian
2025-11-27 18:34:15,193 - INFO - [BBC] Article: https://www.bbc.com/news/articles/cvg164nvj77o?at_medium=RSS&at_campaign=rss
2025-11-27 18:34:15,193 - INFO - [BBC] Attempt 1/1: Trying with 'requests_browser' strategy...
2025-11-27 18:34:15,228 - INFO - [BBC] Success with 'requests_browser'. Found content (820 words).
2025-11-27 18:34:15,272 - INFO - Duplicate article skipped: Guinea-Bissau army general named president a day after apparent coup from BBC
2025-11-27 18:34:15,310 - INFO - [The Guardian] Article: https://www.theguardian.com/world/2025/nov/27/mark-carney-alberta-oil-pipeline-deal-canada-first-nations
2025-11-27 18:34:15,310 - INFO - [The Guardian] Attempt 1/1: Trying with 'requests_browser' strategy...
2025-11-27 18:34:15,333 - INFO - [The Guardian] Success with 'requests_browser'. Found content (626 words).
2025-11-27 18:34:16,334 - INFO - [BBC] Article: https://www.bbc.com/news/articles/cd0keyern0do?at_medium=RSS&at_campaign=rss
2025-11-27 18:34:16,334 - INFO - [BBC] Attempt 1/1: Trying with 'requests_browser' strategy...
2025-11-27 18:34:16,382 - INFO - [BBC] Success with 'requests_browser'. Found content (511 words).
2025-11-27 18:34:17,756 - INFO - Selenium driver initialized successfully.
2025-11-27 18:34:17,756 - INFO - Starting scrape for The Hindu RSS feed: https://www.thehindu.com/news/national/feeder/default.rss
2025-11-27 18:34:17,757 - INFO - Selenium driver initialized successfully.
2025-11-27 18:34:17,757 - INFO - Starting scrape for Times of India RSS feed: https://timesofindia.indiatimes.com/rssfeeds/296589292.cms
2025-11-27 18:34:17,925 - INFO - Found 20 articles in Times of India RSS feed. Processing up to 20.
2025-11-27 18:34:17,926 - INFO - [Times of India] Article: https://timesofindia.indiatimes.com/world/us/us-ceo-backs-h-1b-says-100000-fee-will-hurt-economy-immigrant-workers-have-different-skill-sets/articleshow/125621078.cms
2025-11-27 18:34:17,926 - INFO - [Times of India] Attempt 1/1: Trying with 'selenium_browser' strategy...
2025-11-27 18:34:17,961 - INFO - Found 100 articles in The Hindu RSS feed. Processing up to 20.
2025-11-27 18:34:17,961 - INFO - [The Hindu] Article: https://www.thehindu.com/news/national/kerala/rgcb-to-be-national-metagenomics-project-hub/article70331673.ece
2025-11-27 18:34:17,961 - INFO - [The Hindu] Attempt 1/1: Trying with 'selenium_browser' strategy...
2025-11-27 18:34:27,125 - INFO - [The Hindu] Page content loaded.
2025-11-27 18:34:27,644 - INFO - [The Hindu] Success with 'selenium_browser'. Found content (306 words).
2025-11-27 18:34:45,652 - INFO - Saved article: Mark Carney reaches deal with Alberta for oil pipeline opposed by First Nations | Canada | The Guardian from The Guardian
2025-11-27 18:34:45,652 - INFO - Duplicate article skipped: Venezuela bans six major airlines after tensions with US escalate from BBC
2025-11-27 18:34:46,302 - INFO - [The Guardian] Article: https://www.theguardian.com/us-news/2025/nov/27/peru-band-of-holes-mystery
2025-11-27 18:34:46,302 - INFO - [The Guardian] Attempt 1/1: Trying with 'requests_browser' strategy...
2025-11-27 18:34:46,341 - INFO - [The Guardian] Success with 'requests_browser'. Found content (563 words).
2025-11-27 18:34:46,713 - INFO - [BBC] Article: https://www.bbc.com/news/articles/cewj1e1yk2vo?at_medium=RSS&at_campaign=rss
2025-11-27 18:34:46,713 - INFO - [BBC] Attempt 1/1: Trying with 'requests_browser' strategy...
2025-11-27 18:34:46,783 - INFO - [BBC] Success with 'requests_browser'. Found content (1118 words).
2025-11-27 18:34:59,085 - INFO - Saved article: RGCB to be national metagenomics project hub - The Hindu from The Hindu
2025-11-27 18:34:59,085 - INFO - Duplicate article skipped: Florida professor may have solved mystery of Peru’s Band of Holes | US news | The Guardian from The Guardian
2025-11-27 18:34:59,085 - INFO - Duplicate article skipped: Fracking transforms an Argentine town but what about the nation? from BBC
2025-11-27 18:34:59,857 - INFO - [The Hindu] Article: https://www.thehindu.com/news/national/andhra-pradesh/ap-govt-plans-29-new-substations-to-meet-imminent-spurt-in-power-demand/article70330738.ece
2025-11-27 18:34:59,857 - INFO - [The Hindu] Attempt 1/1: Trying with 'selenium_browser' strategy...
2025-11-27 18:35:00,201 - INFO - [The Guardian] Article: https://www.theguardian.com/world/2025/nov/27/miss-universe-co-owners-arrest-warrants
2025-11-27 18:35:00,201 - INFO - [The Guardian] Attempt 1/1: Trying with 'requests_browser' strategy...
2025-11-27 18:35:00,263 - INFO - [The Guardian] Success with 'requests_browser'. Found content (459 words).
2025-11-27 18:35:00,443 - INFO - [BBC] Article: https://www.bbc.com/news/articles/cdd560nvqqdo?at_medium=RSS&at_campaign=rss
2025-11-27 18:35:00,443 - INFO - [BBC] Attempt 1/1: Trying with 'requests_browser' strategy...
2025-11-27 18:35:00,467 - INFO - Duplicate article skipped: Arrest warrants issued for Miss Universe co-owners in latest twist in pageant saga | Mexico | The Guardian from The Guardian
2025-11-27 18:35:01,218 - INFO - [The Hindu] Page content loaded.
2025-11-27 18:35:01,225 - INFO - [The Guardian] Article: https://www.theguardian.com/world/2025/nov/27/st-vincent-prime-minister-seeks-record-sixth-term-in-tight-election
2025-11-27 18:35:01,225 - INFO - [The Guardian] Attempt 1/1: Trying with 'requests_browser' strategy...
2025-11-27 18:35:01,266 - INFO - [The Guardian] Success with 'requests_browser'. Found content (676 words).
2025-11-27 18:35:01,350 - INFO - Duplicate article skipped: St Vincent prime minister seeks record sixth term in tight election | St Vincent and the Grenadines | The Guardian from The Guardian
2025-11-27 18:35:01,392 - INFO - [The Hindu] Success with 'selenium_browser'. Found content (322 words).
2025-11-27 18:35:02,423 - INFO - [The Guardian] Article: https://www.theguardian.com/us-news/2025/nov/26/trump-temporary-protected-status-haiti
2025-11-27 18:35:02,423 - INFO - [The Guardian] Attempt 1/1: Trying with 'requests_browser' strategy...
2025-11-27 18:35:02,498 - INFO - [The Guardian] Success with 'requests_browser'. Found content (409 words).
2025-11-27 18:35:02,912 - INFO - [BBC] Success with 'requests_browser'. Found content (1894 words).
2025-11-27 18:35:16,085 - INFO - Saved article: A.P. govt. plans 29 new substations to meet imminent spurt in power demand - The Hindu from The Hindu
2025-11-27 18:35:16,086 - INFO - Duplicate article skipped: Trump officials halt protected status for Haitians in US | US immigration | The Guardian from The Guardian
2025-11-27 18:35:16,086 - INFO - Duplicate article skipped: Year after ceasefire, peace eludes south Lebanon as Israeli strikes continue from BBC
2025-11-27 18:35:16,925 - INFO - [BBC] Article: https://www.bbc.com/news/articles/cy5g3076lqzo?at_medium=RSS&at_campaign=rss
2025-11-27 18:35:16,925 - INFO - [BBC] Attempt 1/1: Trying with 'requests_browser' strategy...
2025-11-27 18:35:16,954 - INFO - [BBC] Success with 'requests_browser'. Found content (735 words).
2025-11-27 18:35:16,992 - INFO - Duplicate article skipped: Pope Leo visits Turkey and warns humanity at stake from high level of conflict from BBC
2025-11-27 18:35:17,144 - INFO - [The Guardian] Article: https://www.theguardian.com/world/live/2025/nov/27/hong-kong-fire-arrests-dead-killed-hundreds-missing-housing-complex-blaze
2025-11-27 18:35:17,144 - INFO - [The Guardian] Attempt 1/1: Trying with 'requests_browser' strategy...
2025-11-27 18:35:17,502 - INFO - [BBC] Article: https://www.bbc.com/news/articles/cq8dq47j5y8o?at_medium=RSS&at_campaign=rss
2025-11-27 18:35:17,502 - INFO - [The Hindu] Article: https://www.thehindu.com/news/national/andhra-pradesh/ap-cm-calls-for-adoption-of-ttds-best-practices-in-major-temples-in-state/article70331086.ece
2025-11-27 18:35:17,512 - INFO - [BBC] Attempt 1/1: Trying with 'requests_browser' strategy...
2025-11-27 18:35:17,528 - INFO - [The Hindu] Attempt 1/1: Trying with 'selenium_browser' strategy...
2025-11-27 18:35:17,586 - INFO - [The Guardian] Success with 'requests_browser'. Found content (1149 words).
2025-11-27 18:35:17,742 - INFO - Duplicate article skipped: Hong Kong fire latest: death toll rises to 83 as rescue crews search for survivors in still-burning towers | Hong Kong | The Guardian from The Guardian
2025-11-27 18:35:17,755 - INFO - [BBC] Success with 'requests_browser'. Found content (595 words).
2025-11-27 18:35:17,796 - INFO - Duplicate article skipped: South Africa's Cyril Ramaphosa hits back after Donald Trump says US won't invite it for G20 summit from BBC
2025-11-27 18:35:18,433 - INFO - [The Guardian] Article: https://www.theguardian.com/news/2025/nov/27/hong-kong-fire-tai-po-police-blame-construction-company
2025-11-27 18:35:18,433 - INFO - [The Guardian] Attempt 1/1: Trying with 'requests_browser' strategy...
2025-11-27 18:35:18,555 - INFO - [The Guardian] Success with 'requests_browser'. Found content (981 words).
2025-11-27 18:35:18,651 - INFO - Duplicate article skipped: Hong Kong police say unsafe scaffolding and foam may have spread fire that killed at least 83 | Hong Kong apartment fires | The Guardian from The Guardian
2025-11-27 18:35:18,700 - INFO - [The Hindu] Page content loaded.
2025-11-27 18:35:18,791 - INFO - [The Hindu] Success with 'selenium_browser'. Found content (372 words).
2025-11-27 18:35:19,282 - INFO - [BBC] Article: https://www.bbc.com/news/articles/cdxwzwe507ko?at_medium=RSS&at_campaign=rss
2025-11-27 18:35:19,282 - INFO - [BBC] Attempt 1/1: Trying with 'requests_browser' strategy...
2025-11-27 18:35:19,542 - INFO - [BBC] Success with 'requests_browser'. Found content (442 words).
2025-11-27 18:35:19,665 - INFO - [The Guardian] Article: https://www.theguardian.com/world/2025/nov/27/anger-hong-kong-apartment-complex-fires-deaths
2025-11-27 18:35:19,677 - INFO - [The Guardian] Attempt 1/1: Trying with 'requests_browser' strategy...
2025-11-27 18:35:19,883 - INFO - [The Guardian] Success with 'requests_browser'. Found content (765 words).
2025-11-27 18:35:33,731 - INFO - Saved article: A.P. CM calls for adoption of TTD’s best practices in major temples in State - The Hindu from The Hindu
2025-11-27 18:35:33,731 - INFO - Duplicate article skipped: Malawi police investigate theft of four German Shepherds from Kamuzu Palace from BBC
2025-11-27 18:35:33,731 - INFO - Duplicate article skipped: Anger swelling in Hong Kong over deadliest fire in more than 70 years | Hong Kong | The Guardian from The Guardian
2025-11-27 18:35:34,419 - INFO - [BBC] Article: https://www.bbc.com/news/articles/cly0jjv2lg1o?at_medium=RSS&at_campaign=rss
2025-11-27 18:35:34,419 - INFO - [BBC] Attempt 1/1: Trying with 'requests_browser' strategy...
2025-11-27 18:35:34,458 - INFO - [BBC] Success with 'requests_browser'. Found content (1341 words).
2025-11-27 18:35:34,497 - INFO - Duplicate article skipped: Russia Ukraine war: Where peace stands after frantic diplomacy from BBC
2025-11-27 18:35:34,576 - INFO - [The Hindu] Article: https://www.thehindu.com/news/national/andhra-pradesh/apcrda-project-office-bags-igbc-net-zero-energy-rating/article70331179.ece
2025-11-27 18:35:34,576 - INFO - [The Hindu] Attempt 1/1: Trying with 'selenium_browser' strategy...
2025-11-27 18:35:35,192 - INFO - [The Guardian] Article: https://www.theguardian.com/news/2025/nov/27/hong-kong-apartment-complex-fire-reaction
2025-11-27 18:35:35,192 - INFO - [The Guardian] Attempt 1/1: Trying with 'requests_browser' strategy...
2025-11-27 18:35:35,235 - INFO - [The Guardian] Success with 'requests_browser'. Found content (735 words).
2025-11-27 18:35:35,301 - INFO - Duplicate article skipped: ‘There should have been an alarm’: in air thick with acrid smoke, people in Hong Kong are reeling and angry | Hong Kong apartment fires | The Guardian from The Guardian
2025-11-27 18:35:35,460 - INFO - [BBC] Article: https://www.bbc.com/news/articles/c0edww3qgq2o?at_medium=RSS&at_campaign=rss
2025-11-27 18:35:35,460 - INFO - [BBC] Attempt 1/1: Trying with 'requests_browser' strategy...
2025-11-27 18:35:35,505 - INFO - [The Hindu] Page content loaded.
2025-11-27 18:35:35,597 - INFO - [BBC] Success with 'requests_browser'. Found content (652 words).
2025-11-27 18:35:35,683 - INFO - Duplicate article skipped: Guinea-Bissau coup: Soldiers seize power and detain President Umaro Sissoco Embaló from BBC
2025-11-27 18:35:35,707 - INFO - [The Hindu] Success with 'selenium_browser'. Found content (220 words).
2025-11-27 18:35:36,300 - INFO - [BBC] Article: https://www.bbc.com/news/articles/c3r7xr94ln8o?at_medium=RSS&at_campaign=rss
2025-11-27 18:35:36,300 - INFO - [BBC] Attempt 1/1: Trying with 'requests_browser' strategy...
2025-11-27 18:35:36,365 - INFO - [BBC] Success with 'requests_browser'. Found content (724 words).
2025-11-27 18:35:36,534 - INFO - [The Guardian] Article: https://www.theguardian.com/world/2025/nov/27/jakarta-overtakes-tokyo-most-populous-city-world
2025-11-27 18:35:36,534 - INFO - [The Guardian] Attempt 1/1: Trying with 'requests_browser' strategy...
2025-11-27 18:35:36,653 - INFO - [The Guardian] Success with 'requests_browser'. Found content (515 words).
2025-11-27 18:35:50,028 - INFO - Saved article: APCRDA project office bags IGBC Net Zero Energy rating - The Hindu from The Hindu
2025-11-27 18:35:50,028 - INFO - Duplicate article skipped: Trump defends Witkoff after leak appears to show envoy coaching Russias from BBC
2025-11-27 18:35:50,030 - INFO - Duplicate article skipped: Jakarta overtakes Tokyo as world’s most populous city, according to UN | Indonesia | The Guardian from The Guardian
2025-11-27 18:35:50,744 - INFO - [BBC] Article: https://www.bbc.com/news/articles/c74x55epn34o?at_medium=RSS&at_campaign=rss
2025-11-27 18:35:50,744 - INFO - [BBC] Attempt 1/1: Trying with 'requests_browser' strategy...
2025-11-27 18:35:50,775 - INFO - [BBC] Success with 'requests_browser'. Found content (303 words).
2025-11-27 18:35:50,812 - INFO - Duplicate article skipped: Nicolas Sarkozy illegal campaign financing conviction upheld from BBC
2025-11-27 18:35:50,817 - INFO - [The Hindu] Article: https://www.thehindu.com/news/national/andhra-pradesh/ratan-tata-hub-launches-spark-to-nurture-early-stage-innovators-in-ap/article70331452.ece
2025-11-27 18:35:50,817 - INFO - [The Hindu] Attempt 1/1: Trying with 'selenium_browser' strategy...
2025-11-27 18:35:51,360 - INFO - [BBC] Article: https://www.bbc.com/news/articles/c9d9l7w1g8yo?at_medium=RSS&at_campaign=rss
2025-11-27 18:35:51,360 - INFO - [BBC] Attempt 1/1: Trying with 'requests_browser' strategy...
2025-11-27 18:35:51,392 - INFO - [The Guardian] Article: https://www.theguardian.com/australia-news/2025/nov/27/anti-abortion-activist-joanna-howes-claims-her-employer-gave-her-immunity-from-complaints-by-pro-choice-campaigners-ntwnfb
2025-11-27 18:35:51,392 - INFO - [The Guardian] Attempt 1/1: Trying with 'requests_browser' strategy...
2025-11-27 18:35:51,466 - INFO - [The Guardian] Success with 'requests_browser'. Found content (745 words).
2025-11-27 18:35:51,535 - INFO - Duplicate article skipped: Anti-abortion activist Joanna Howe claims her employer gave her immunity from complaints by pro-choice campaigners | South Australia | The Guardian from The Guardian
2025-11-27 18:35:51,589 - INFO - [BBC] Success with 'requests_browser'. Found content (420 words).
2025-11-27 18:35:51,650 - INFO - Duplicate article skipped: Australia social media ban: Teens challenge law before High Court from BBC
2025-11-27 18:35:52,182 - INFO - [The Hindu] Page content loaded.
2025-11-27 18:35:52,351 - INFO - [BBC] Article: https://www.bbc.com/news/articles/cr4drle9k12o?at_medium=RSS&at_campaign=rss
2025-11-27 18:35:52,351 - INFO - [BBC] Attempt 1/1: Trying with 'requests_browser' strategy...
2025-11-27 18:35:52,391 - INFO - [BBC] Success with 'requests_browser'. Found content (493 words).
2025-11-27 18:35:52,404 - INFO - [The Guardian] Article: https://www.theguardian.com/australia-news/2025/nov/27/state-library-of-victoria-faces-job-cuts-as-staff-accuse-management-of-pursuing-digital-vanity-projects
2025-11-27 18:35:52,404 - INFO - [The Guardian] Attempt 1/1: Trying with 'requests_browser' strategy...
2025-11-27 18:35:52,921 - INFO - Duplicate article skipped: Chicago man accused of setting train passenger on fire had 72 prior arrests from BBC
2025-11-27 18:35:52,938 - INFO - [The Hindu] Success with 'selenium_browser'. Found content (205 words).
2025-11-27 18:35:53,032 - INFO - [The Guardian] Success with 'requests_browser'. Found content (722 words).
2025-11-27 18:35:54,412 - INFO - [BBC] Article: https://www.bbc.com/news/articles/c1dzp050yn2o?at_medium=RSS&at_campaign=rss
2025-11-27 18:35:54,412 - INFO - [BBC] Attempt 1/1: Trying with 'requests_browser' strategy...
2025-11-27 18:35:54,469 - INFO - [BBC] Success with 'requests_browser'. Found content (1232 words).
2025-11-27 18:36:06,348 - INFO - Saved article: Ratan Tata Hub launches ‘SPARK’ to nurture early-stage innovators in A.P. - The Hindu from The Hindu
2025-11-27 18:36:06,349 - INFO - Duplicate article skipped: State Library of Victoria faces job cuts as staff accuse management of pursuing ‘digital vanity projects’ | Melbourne | The Guardian from The Guardian
2025-11-27 18:36:06,349 - INFO - Duplicate article skipped: Italian parliament unanimously votes to make femicide a crime from BBC
2025-11-27 18:36:06,858 - INFO - [The Guardian] Article: https://www.theguardian.com/australia-news/2025/nov/27/santos-gas-plan-beetaloo-basin-northern-territory-fracking-fears
2025-11-27 18:36:06,859 - INFO - [The Guardian] Attempt 1/1: Trying with 'requests_browser' strategy...
2025-11-27 18:36:06,889 - INFO - [The Guardian] Success with 'requests_browser'. Found content (621 words).
2025-11-27 18:36:06,937 - INFO - Duplicate article skipped: ‘How far is it going to escalate?’ Fear Santos gas plan in Beetaloo basin could be start of NT fracking rush | Santos | The Guardian from The Guardian
2025-11-27 18:36:07,500 - INFO - [BBC] Article: https://www.bbc.com/news/articles/ckg97wx144jo?at_medium=RSS&at_campaign=rss
2025-11-27 18:36:07,500 - INFO - [BBC] Attempt 1/1: Trying with 'requests_browser' strategy...
2025-11-27 18:36:07,531 - INFO - [BBC] Success with 'requests_browser'. Found content (534 words).
2025-11-27 18:36:07,568 - INFO - Duplicate article skipped: South East Asia floods: Scores killed and thousands evacuated from record rainfall from BBC
2025-11-27 18:36:07,587 - INFO - [The Hindu] Article: https://www.thehindu.com/news/national/andhra-pradesh/ap-govt-has-procured-822-lakh-metric-tonnes-of-paddy-says-minister/article70331347.ece
2025-11-27 18:36:07,587 - INFO - [The Hindu] Attempt 1/1: Trying with 'selenium_browser' strategy...
2025-11-27 18:36:07,790 - INFO - [The Guardian] Article: https://www.theguardian.com/australia-news/2025/nov/27/national-food-policy-australian-diet-could-worsen
2025-11-27 18:36:07,790 - INFO - [The Guardian] Attempt 1/1: Trying with 'requests_browser' strategy...
2025-11-27 18:36:07,822 - INFO - [The Guardian] Success with 'requests_browser'. Found content (694 words).
2025-11-27 18:36:07,878 - INFO - Duplicate article skipped: Australian diet set to worsen as national food policy is drawn up by profit-driven industry, experts warn | Health | The Guardian from The Guardian
2025-11-27 18:36:08,726 - INFO - [The Hindu] Page content loaded.
2025-11-27 18:36:08,734 - INFO - [The Guardian] Article: https://www.theguardian.com/australia-news/2025/nov/27/guardian-australia-win-walkley-award-for-indigenous-affairs-for-the-descendants-series
2025-11-27 18:36:08,734 - INFO - [The Guardian] Attempt 1/1: Trying with 'requests_browser' strategy...
2025-11-27 18:36:08,769 - INFO - [The Guardian] Success with 'requests_browser'. Found content (389 words).
2025-11-27 18:36:08,831 - INFO - Duplicate article skipped: Guardian Australia wins Walkley award for Indigenous affairs for The Descendants series | Indigenous Australians | The Guardian from The Guardian
2025-11-27 18:36:08,853 - INFO - [The Hindu] Success with 'selenium_browser'. Found content (302 words).
2025-11-27 18:36:18,027 - ERROR - [Times of India] Request failed for strategy 'selenium_browser' on URL https://timesofindia.indiatimes.com/world/us/us-ceo-backs-h-1b-says-100000-fee-will-hurt-economy-immigrant-workers-have-different-skill-sets/articleshow/125621078.cms: HTTPConnectionPool(host='localhost', port=56697): Read timed out. (read timeout=120)
2025-11-27 18:36:18,027 - ERROR - [Times of India] All scrape strategies failed for https://timesofindia.indiatimes.com/world/us/us-ceo-backs-h-1b-says-100000-fee-will-hurt-economy-immigrant-workers-have-different-skill-sets/articleshow/125621078.cms. Falling back to RSS description.
2025-11-27 18:36:22,903 - INFO - Saved article: A.P. govt. has procured 8.22 lakh metric tonnes of paddy, says Minister - The Hindu from The Hindu
2025-11-27 18:36:23,788 - INFO - [The Hindu] Article: https://www.thehindu.com/news/national/andhra-pradesh/della-group-proposes-600-acre-spiritual-township-in-tirupati/article70331381.ece
2025-11-27 18:36:23,788 - INFO - [The Hindu] Attempt 1/1: Trying with 'selenium_browser' strategy...
2025-11-27 18:36:26,781 - INFO - [The Hindu] Page content loaded.
2025-11-27 18:36:26,875 - INFO - [The Hindu] Success with 'selenium_browser'. Found content (222 words).
2025-11-27 18:36:38,228 - INFO - Saved article: US CEO backs H-1B, says $100,000 fee will hurt economy: 'Immigrant workers have different skill sets' from Times of India
2025-11-27 18:36:38,981 - INFO - [Times of India] Article: https://timesofindia.indiatimes.com/world/us/who-is-joy-reid-tv-host-who-said-jd-vance-will-leave-brown-hindu-wife-usha-for-white-queen-erika-kirk/articleshow/125619706.cms
2025-11-27 18:36:38,981 - INFO - [Times of India] Attempt 1/1: Trying with 'selenium_browser' strategy...
2025-11-27 18:36:51,275 - INFO - Saved article: Della Group proposes 600-acre spiritual township in Tirupati - The Hindu from The Hindu
2025-11-27 18:36:52,540 - INFO - [The Hindu] Article: https://www.thehindu.com/news/national/andhra-pradesh/ap-govt-forms-committee-to-look-into-ehs-issues/article70330709.ece
2025-11-27 18:36:52,540 - INFO - [The Hindu] Attempt 1/1: Trying with 'selenium_browser' strategy...
2025-11-27 18:36:53,543 - INFO - [The Hindu] Page content loaded.
2025-11-27 18:36:53,642 - INFO - [The Hindu] Success with 'selenium_browser'. Found content (217 words).
2025-11-27 18:37:07,876 - INFO - Saved article: A.P. govt. forms committee to look into EHS issues - The Hindu from The Hindu
2025-11-27 18:37:09,247 - INFO - [The Hindu] Article: https://www.thehindu.com/news/cities/Hyderabad/hyderabad-police-unveils-revamped-surveillance-grid-eyes-teams-to-boost-cctv-reliability/article70331200.ece
2025-11-27 18:37:09,247 - INFO - [The Hindu] Attempt 1/1: Trying with 'selenium_browser' strategy...
2025-11-27 18:37:10,674 - INFO - [The Hindu] Page content loaded.
2025-11-27 18:37:10,729 - INFO - [The Hindu] Success with 'selenium_browser'. Found content (433 words).
2025-11-27 18:37:24,482 - INFO - Saved article: Hyderabad Police unveils revamped surveillance grid, EYES teams to boost CCTV reliability - The Hindu from The Hindu
2025-11-27 18:37:25,617 - INFO - [The Hindu] Article: https://www.thehindu.com/news/national/andhra-pradesh/do-not-let-disability-come-in-way-of-talent-says-collector/article70331819.ece
2025-11-27 18:37:25,617 - INFO - [The Hindu] Attempt 1/1: Trying with 'selenium_browser' strategy...
2025-11-27 18:37:28,084 - INFO - [The Hindu] Page content loaded.
2025-11-27 18:37:28,202 - INFO - [The Hindu] Success with 'selenium_browser'. Found content (223 words).
2025-11-27 18:37:41,678 - INFO - Saved article: Do not let disability come in way of talent, says Collector - The Hindu from The Hindu
2025-11-27 18:37:42,530 - INFO - [The Hindu] Article: https://www.thehindu.com/news/national/andhra-pradesh/cm-vows-to-address-issues-of-amaravati-farmers/article70331884.ece
2025-11-27 18:37:42,530 - INFO - [The Hindu] Attempt 1/1: Trying with 'selenium_browser' strategy...
2025-11-27 18:37:43,300 - INFO - [The Hindu] Page content loaded.
2025-11-27 18:37:43,389 - INFO - [The Hindu] Success with 'selenium_browser'. Found content (277 words).
2025-11-27 18:37:57,630 - INFO - Saved article: CM vows to address issues of Amaravati farmers - The Hindu from The Hindu
2025-11-27 18:37:58,432 - INFO - [The Hindu] Article: https://www.thehindu.com/news/national/kerala/review-tender-issuing-methodology-to-prevent-loss-to-state-exchequer-kerala-hc-to-chief-secretary/article70332051.ece
2025-11-27 18:37:58,432 - INFO - [The Hindu] Attempt 1/1: Trying with 'selenium_browser' strategy...
2025-11-27 18:37:59,832 - INFO - [The Hindu] Page content loaded.
2025-11-27 18:37:59,889 - INFO - [The Hindu] Success with 'selenium_browser'. Found content (492 words).
2025-11-27 18:38:13,577 - INFO - Saved article: Review tender issuing methodology to prevent loss to State exchequer: Kerala HC to Chief Secretary - The Hindu from The Hindu
2025-11-27 18:38:14,145 - INFO - [The Hindu] Article: https://www.thehindu.com/news/national/karnataka/ne-monsoon-deficient-in-bengaluru-cyclone-expected-to-bring-rain/article70331553.ece
2025-11-27 18:38:14,145 - INFO - [The Hindu] Attempt 1/1: Trying with 'selenium_browser' strategy...
2025-11-27 18:38:15,002 - INFO - [The Hindu] Page content loaded.
2025-11-27 18:38:15,362 - INFO - [The Hindu] Success with 'selenium_browser'. Found content (460 words).
2025-11-27 18:38:29,616 - INFO - Saved article: NE monsoon deficient in Bengaluru; cyclone expected to bring rain - The Hindu from The Hindu
2025-11-27 18:38:31,103 - INFO - [The Hindu] Article: https://www.thehindu.com/news/cities/Hyderabad/appear-before-court-or-face-non-bailable-warrant-telangana-hc-to-hydraa-commissioner/article70332007.ece
2025-11-27 18:38:31,103 - INFO - [The Hindu] Attempt 1/1: Trying with 'selenium_browser' strategy...
2025-11-27 18:38:32,404 - INFO - [The Hindu] Page content loaded.
2025-11-27 18:38:32,498 - INFO - [The Hindu] Success with 'selenium_browser'. Found content (457 words).
2025-11-27 18:38:39,061 - ERROR - [Times of India] Request failed for strategy 'selenium_browser' on URL https://timesofindia.indiatimes.com/world/us/who-is-joy-reid-tv-host-who-said-jd-vance-will-leave-brown-hindu-wife-usha-for-white-queen-erika-kirk/articleshow/125619706.cms: HTTPConnectionPool(host='localhost', port=56697): Read timed out. (read timeout=120)
2025-11-27 18:38:39,061 - ERROR - [Times of India] All scrape strategies failed for https://timesofindia.indiatimes.com/world/us/who-is-joy-reid-tv-host-who-said-jd-vance-will-leave-brown-hindu-wife-usha-for-white-queen-erika-kirk/articleshow/125619706.cms. Falling back to RSS description.
2025-11-27 18:38:45,886 - INFO - Saved article: Appear before court or face non-bailable warrant: Telangana HC to HYDRAA Commissioner - The Hindu from The Hindu
2025-11-27 18:38:45,886 - INFO - Duplicate article skipped: Who is Joy Reid? TV host who said JD Vance will leave ‘brown Hindu wife’ Usha for ‘white queen’ Erika Kirk from Times of India
2025-11-27 18:38:46,800 - INFO - [Times of India] Article: https://timesofindia.indiatimes.com/world/us/reckless-and-criminal-another-indian-origin-truck-driver-sukhjinder-singh-in-ice-custody-months-after-fatal-crash-in-west-virginia/articleshow/125619484.cms
2025-11-27 18:38:46,800 - INFO - [Times of India] Attempt 1/1: Trying with 'selenium_browser' strategy...
2025-11-27 18:38:47,298 - INFO - [The Hindu] Article: https://www.thehindu.com/news/national/kerala/thiruvananthapuram-mch-reaches-a-milestone-celebrating-platinum-jubilee/article70331901.ece
2025-11-27 18:38:47,298 - INFO - [The Hindu] Attempt 1/1: Trying with 'selenium_browser' strategy...
2025-11-27 18:38:49,050 - INFO - [The Hindu] Page content loaded.
2025-11-27 18:38:49,126 - INFO - [The Hindu] Success with 'selenium_browser'. Found content (187 words).
2025-11-27 18:38:49,180 - INFO - Duplicate article skipped: Thiruvananthapuram MCH reaches a milestone, celebrating platinum jubilee - The Hindu from The Hindu
2025-11-27 18:38:50,299 - INFO - [The Hindu] Article: https://www.thehindu.com/news/national/andhra-pradesh/more-than-six-lakh-devotees-expected-for-bhavani-deeksha-viramana-collector/article70331776.ece
2025-11-27 18:38:50,299 - INFO - [The Hindu] Attempt 1/1: Trying with 'selenium_browser' strategy...
2025-11-27 18:38:51,810 - INFO - [The Hindu] Page content loaded.
2025-11-27 18:38:51,864 - INFO - [The Hindu] Success with 'selenium_browser'. Found content (340 words).
2025-11-27 18:38:51,923 - INFO - Duplicate article skipped: More than six lakh devotees expected for ‘Bhavani Deeksha Viramana’: Collector - The Hindu from The Hindu
2025-11-27 18:38:53,252 - INFO - [The Hindu] Article: https://www.thehindu.com/news/national/karnataka/karnataka-brings-in-stringent-provisions-to-curb-sale-of-fake-drugs-and-cosmetics/article70331730.ece
2025-11-27 18:38:53,252 - INFO - [The Hindu] Attempt 1/1: Trying with 'selenium_browser' strategy...
2025-11-27 18:38:53,987 - INFO - [The Hindu] Page content loaded.
2025-11-27 18:38:54,066 - INFO - [The Hindu] Success with 'selenium_browser'. Found content (174 words).
2025-11-27 18:38:54,149 - INFO - Duplicate article skipped: Karnataka brings in stringent provisions to curb sale of fake drugs and cosmetics - The Hindu from The Hindu
2025-11-27 18:38:55,606 - INFO - [The Hindu] Article: https://www.thehindu.com/news/national/jammu-and-kashmir/ncs-two-daycentralworking-committeemeetingbegins-in-srinagar-rebel-mp-not-invited/article70331198.ece
2025-11-27 18:38:55,606 - INFO - [The Hindu] Attempt 1/1: Trying with 'selenium_browser' strategy...
2025-11-27 18:38:56,502 - INFO - [The Hindu] Page content loaded.
2025-11-27 18:38:56,588 - INFO - [The Hindu] Success with 'selenium_browser'. Found content (382 words).
2025-11-27 18:38:56,659 - INFO - Duplicate article skipped: NC’s two-day Central Working Committee meeting begins in Srinagar; rebel MP ‘not invited’ - The Hindu from The Hindu
2025-11-27 18:38:58,073 - INFO - [The Hindu] Article: https://www.thehindu.com/news/national/andhra-pradesh/srm-university-ap-medical-centre-expanded-to-boost-on-campus-healthcare-services/article70330795.ece
2025-11-27 18:38:58,073 - INFO - [The Hindu] Attempt 1/1: Trying with 'selenium_browser' strategy...
2025-11-27 18:38:58,901 - INFO - [The Hindu] Page content loaded.
2025-11-27 18:38:59,064 - INFO - [The Hindu] Success with 'selenium_browser'. Found content (303 words).
2025-11-27 18:38:59,144 - INFO - Duplicate article skipped: SRM University-AP Medical Centre expanded to boost on-campus healthcare services - The Hindu from The Hindu
2025-11-27 18:39:00,061 - INFO - [The Hindu] Article: https://www.thehindu.com/news/national/how-can-teacher-blos-decide-citizenship-petitioners-ask-sc/article70331802.ece
2025-11-27 18:39:00,062 - INFO - [The Hindu] Attempt 1/1: Trying with 'selenium_browser' strategy...
2025-11-27 18:39:01,110 - INFO - [The Hindu] Page content loaded.
2025-11-27 18:39:01,204 - INFO - [The Hindu] Success with 'selenium_browser'. Found content (496 words).
2025-11-27 18:39:01,287 - INFO - Duplicate article skipped: How can teacher-BLOs decide citizenship, petitioners ask SC - The Hindu from The Hindu
2025-11-27 18:39:01,947 - INFO - [The Hindu] (Thread) Finished. Attempting to shut down its Selenium driver.
2025-11-27 18:39:03,172 - INFO - [The Hindu] (Thread) driver.quit() successful.
2025-11-27 18:39:09,993 - CRITICAL - --- TIMEOUT: 1 scrape jobs did not complete in 300s. ---
2025-11-27 18:39:09,993 - ERROR - A thread has timed out and will be abandoned.
2025-11-27 18:39:09,993 - INFO - Shutting down thread pool (wait=False)...
2025-11-27 18:39:09,993 - INFO - Scraped: 14 The Hindu, 1 The Guardian, 0 BBC, 1 Timed_Out_Jobs articles. (Total saved: 15)
2025-11-27 18:39:09,993 - INFO - --- Scraping job finished ---
2025-11-27 18:39:09,994 - INFO - --- Scraper service stopped and database connection closed. ---
2025-11-27 18:39:09,994 - INFO - --- Main thread finished. Forcing process exit to kill zombie threads. ---
