2025-11-27 16:52:08,633 - INFO - Loading AI Semantic Model (all-MiniLM-L6-v2)...
2025-11-27 16:52:08,633 - INFO - Use pytorch device_name: cpu
2025-11-27 16:52:08,633 - INFO - Load pretrained SentenceTransformer: all-MiniLM-L6-v2
2025-11-27 16:52:09,156 - INFO - AI Model loaded successfully.
2025-11-27 16:52:09,156 - INFO - Initializing database connection at: news_articles.db
2025-11-27 16:52:09,156 - INFO - --- Scraper service started (CI Mode: Run Once) ---
2025-11-27 16:52:09,156 - INFO - --- Starting new scraping job (Parallel Mode) ---
2025-11-27 16:52:09,156 - INFO - Creating new robust session with 3 retries on 5xx/connection/read errors.
2025-11-27 16:52:09,156 - INFO - Proxy is DISABLED.
2025-11-27 16:52:09,157 - INFO - Starting scrape for BBC RSS feed: http://feeds.bbci.co.uk/news/world/rss.xml
2025-11-27 16:52:09,158 - INFO - [Times of India] (Thread) requires Selenium. Initializing driver...
2025-11-27 16:52:09,158 - INFO - Initializing headless Selenium Chrome driver (using SeleniumManager)...
2025-11-27 16:52:09,159 - INFO - Starting scrape for The Guardian RSS feed: https://www.theguardian.com/world/rss
2025-11-27 16:52:09,160 - INFO - [The Hindu] (Thread) requires Selenium. Initializing driver...
2025-11-27 16:52:09,160 - INFO - Initializing headless Selenium Chrome driver (using SeleniumManager)...
2025-11-27 16:52:09,160 - INFO - Submitted 4 jobs to thread pool. Waiting up to 300s for completion...
2025-11-27 16:52:09,264 - INFO - Found 45 articles in The Guardian RSS feed. Processing up to 20.
2025-11-27 16:52:09,264 - INFO - [The Guardian] Article: https://www.theguardian.com/world/2025/nov/26/guinea-bissau-officers-take-total-control-close-borders-amid-election-chaos
2025-11-27 16:52:09,265 - INFO - [The Guardian] Attempt 1/1: Trying with 'requests_browser' strategy...
2025-11-27 16:52:09,295 - INFO - [The Guardian] Success with 'requests_browser'. Found content (412 words).
2025-11-27 16:52:09,330 - INFO - Duplicate article skipped: Guinea-Bissau military takes ‘total control’ amid election chaos | Guinea-Bissau | The Guardian from The Guardian
2025-11-27 16:52:09,507 - INFO - Found 32 articles in BBC RSS feed. Processing up to 20.
2025-11-27 16:52:09,507 - INFO - [BBC] Article: https://www.bbc.com/news/articles/c62n3enz9klo?at_medium=RSS&at_campaign=rss
2025-11-27 16:52:09,507 - INFO - [BBC] Attempt 1/1: Trying with 'requests_browser' strategy...
2025-11-27 16:52:09,738 - INFO - [BBC] Success with 'requests_browser'. Found content (727 words).
2025-11-27 16:52:09,782 - INFO - Duplicate article skipped: Hong Kong: Firefighters search for missing in tower blocks fire from BBC
2025-11-27 16:52:10,310 - INFO - [BBC] Article: https://www.bbc.com/news/videos/c3w7e2p48l7o?at_medium=RSS&at_campaign=rss
2025-11-27 16:52:10,310 - INFO - [BBC] Attempt 1/1: Trying with 'requests_browser' strategy...
2025-11-27 16:52:10,413 - INFO - [The Guardian] Article: https://www.theguardian.com/world/2025/nov/25/nigerian-schoolgirls-rescued-after-mass-abduction-in-kebbi
2025-11-27 16:52:10,413 - INFO - [The Guardian] Attempt 1/1: Trying with 'requests_browser' strategy...
2025-11-27 16:52:10,447 - INFO - [BBC] Success with 'requests_browser'. Found content (148 words).
2025-11-27 16:52:10,494 - INFO - Duplicate article skipped: Video shows speed fire spreads in Hong Kong tower block from BBC
2025-11-27 16:52:10,499 - INFO - [The Guardian] Success with 'requests_browser'. Found content (515 words).
2025-11-27 16:52:10,541 - INFO - Duplicate article skipped: Nigerian schoolgirls rescued after mass abduction in Kebbi | Nigeria | The Guardian from The Guardian
2025-11-27 16:52:11,225 - INFO - [The Guardian] Article: https://www.theguardian.com/world/2025/nov/25/jacob-zuma-daughter-accused-tricking-men-fighting-for-russia-in-ukraine
2025-11-27 16:52:11,226 - INFO - [The Guardian] Attempt 1/1: Trying with 'requests_browser' strategy...
2025-11-27 16:52:11,258 - INFO - [The Guardian] Success with 'requests_browser'. Found content (656 words).
2025-11-27 16:52:11,302 - INFO - Duplicate article skipped: Jacob Zuma’s daughter accused of tricking men into fighting for Russia in Ukraine | South Africa | The Guardian from The Guardian
2025-11-27 16:52:11,682 - INFO - [BBC] Article: https://www.bbc.com/news/articles/cp84nl57v0lo?at_medium=RSS&at_campaign=rss
2025-11-27 16:52:11,683 - INFO - [BBC] Attempt 1/1: Trying with 'requests_browser' strategy...
2025-11-27 16:52:11,720 - INFO - [BBC] Success with 'requests_browser'. Found content (518 words).
2025-11-27 16:52:12,493 - INFO - [The Guardian] Article: https://www.theguardian.com/uk-news/2025/nov/24/uk-rejects-nigerian-request-to-deport-former-politican-ike-ekweremadu-jailed-for-organ-trafficking
2025-11-27 16:52:12,494 - INFO - [The Guardian] Attempt 1/1: Trying with 'requests_browser' strategy...
2025-11-27 16:52:12,541 - INFO - [The Guardian] Success with 'requests_browser'. Found content (545 words).
2025-11-27 16:52:21,696 - INFO - Selenium driver initialized successfully.
2025-11-27 16:52:21,697 - INFO - Selenium driver initialized successfully.
2025-11-27 16:52:21,697 - INFO - Starting scrape for The Hindu RSS feed: https://www.thehindu.com/news/national/feeder/default.rss
2025-11-27 16:52:21,697 - INFO - Starting scrape for Times of India RSS feed: https://timesofindia.indiatimes.com/rssfeeds/296589292.cms
2025-11-27 16:52:21,832 - INFO - Found 20 articles in Times of India RSS feed. Processing up to 20.
2025-11-27 16:52:21,833 - INFO - [Times of India] Article: https://timesofindia.indiatimes.com/world/us/reckless-and-criminal-another-indian-origin-truck-driver-sukhjinder-singh-in-ice-custody-months-after-fatal-crash-in-west-virginia/articleshow/125619484.cms
2025-11-27 16:52:21,833 - INFO - [Times of India] Attempt 1/1: Trying with 'selenium_browser' strategy...
2025-11-27 16:52:21,928 - INFO - Found 100 articles in The Hindu RSS feed. Processing up to 20.
2025-11-27 16:52:21,928 - INFO - [The Hindu] Article: https://www.thehindu.com/news/cities/Hyderabad/telangana-rising-2047-youth-development-to-be-a-key-focus-of-vision/article70331831.ece
2025-11-27 16:52:21,928 - INFO - [The Hindu] Attempt 1/1: Trying with 'selenium_browser' strategy...
2025-11-27 16:52:23,192 - INFO - Saved article: Putin doubles down on demands for Ukrainian territory ahead of talks with US from BBC
2025-11-27 16:52:23,192 - INFO - Duplicate article skipped: UK rejects Nigerian request to deport former politican jailed for organ trafficking | UK news | The Guardian from The Guardian
2025-11-27 16:52:24,439 - INFO - [The Guardian] Article: https://www.theguardian.com/world/2025/nov/24/ethiopian-volcano-hayli-gubbi-erupts-first-time-12000-years
2025-11-27 16:52:24,442 - INFO - [The Guardian] Attempt 1/1: Trying with 'requests_browser' strategy...
2025-11-27 16:52:24,543 - INFO - [The Guardian] Success with 'requests_browser'. Found content (306 words).
2025-11-27 16:52:24,556 - INFO - [BBC] Article: https://www.bbc.com/news/articles/cgex957qg97o?at_medium=RSS&at_campaign=rss
2025-11-27 16:52:24,556 - INFO - [BBC] Attempt 1/1: Trying with 'requests_browser' strategy...
2025-11-27 16:52:24,827 - INFO - Duplicate article skipped: Ethiopian volcano erupts for first time in 12,000 years | Ethiopia | The Guardian from The Guardian
2025-11-27 16:52:24,849 - INFO - [BBC] Success with 'requests_browser'. Found content (779 words).
2025-11-27 16:52:24,978 - INFO - Duplicate article skipped: US suspends immigration requests for Afghans after National Guard shooting from BBC
2025-11-27 16:52:26,107 - INFO - [The Guardian] Article: https://www.theguardian.com/world/2025/nov/27/miss-universe-co-owners-arrest-warrants
2025-11-27 16:52:26,107 - INFO - [The Guardian] Attempt 1/1: Trying with 'requests_browser' strategy...
2025-11-27 16:52:26,217 - INFO - [The Guardian] Success with 'requests_browser'. Found content (459 words).
2025-11-27 16:52:26,284 - INFO - Duplicate article skipped: Arrest warrants issued for Miss Universe co-owners in latest twist in pageant saga | Mexico | The Guardian from The Guardian
2025-11-27 16:52:26,412 - INFO - [BBC] Article: https://www.bbc.com/news/articles/c0edw7g7z79o?at_medium=RSS&at_campaign=rss
2025-11-27 16:52:26,413 - INFO - [BBC] Attempt 1/1: Trying with 'requests_browser' strategy...
2025-11-27 16:52:26,570 - INFO - [BBC] Success with 'requests_browser'. Found content (1054 words).
2025-11-27 16:52:26,739 - INFO - Duplicate article skipped: France brings back limited military service with 3,000 volunteers next year from BBC
2025-11-27 16:52:26,970 - INFO - [The Guardian] Article: https://www.theguardian.com/world/2025/nov/27/st-vincent-prime-minister-seeks-record-sixth-term-in-tight-election
2025-11-27 16:52:26,970 - INFO - [The Guardian] Attempt 1/1: Trying with 'requests_browser' strategy...
2025-11-27 16:52:27,053 - INFO - [The Guardian] Success with 'requests_browser'. Found content (676 words).
2025-11-27 16:52:27,139 - INFO - Duplicate article skipped: St Vincent prime minister seeks record sixth term in tight election | St Vincent and the Grenadines | The Guardian from The Guardian
2025-11-27 16:52:27,354 - INFO - [BBC] Article: https://www.bbc.com/news/articles/cvg164nvj77o?at_medium=RSS&at_campaign=rss
2025-11-27 16:52:27,354 - INFO - [BBC] Attempt 1/1: Trying with 'requests_browser' strategy...
2025-11-27 16:52:27,528 - INFO - [BBC] Success with 'requests_browser'. Found content (820 words).
2025-11-27 16:52:27,720 - INFO - [The Hindu] Page content loaded.
2025-11-27 16:52:27,753 - INFO - Duplicate article skipped: Guinea-Bissau army general named president a day after apparent coup from BBC
2025-11-27 16:52:28,169 - INFO - [The Guardian] Article: https://www.theguardian.com/us-news/2025/nov/26/trump-temporary-protected-status-haiti
2025-11-27 16:52:28,169 - INFO - [The Guardian] Attempt 1/1: Trying with 'requests_browser' strategy...
2025-11-27 16:52:28,241 - INFO - [The Guardian] Success with 'requests_browser'. Found content (409 words).
2025-11-27 16:52:28,367 - INFO - [BBC] Article: https://www.bbc.com/news/articles/cd0keyern0do?at_medium=RSS&at_campaign=rss
2025-11-27 16:52:28,367 - INFO - [BBC] Attempt 1/1: Trying with 'requests_browser' strategy...
2025-11-27 16:52:28,437 - INFO - Duplicate article skipped: Trump officials halt protected status for Haitians in US | US immigration | The Guardian from The Guardian
2025-11-27 16:52:28,493 - INFO - [The Hindu] Success with 'selenium_browser'. Found content (330 words).
2025-11-27 16:52:28,583 - INFO - [BBC] Success with 'requests_browser'. Found content (511 words).
2025-11-27 16:52:28,912 - INFO - Duplicate article skipped: Venezuela bans six major airlines after tensions with US escalate from BBC
2025-11-27 16:52:29,299 - INFO - [The Guardian] Article: https://www.theguardian.com/us-news/2025/nov/26/kristi-noem-deportation-flights-el-salvador
2025-11-27 16:52:29,299 - INFO - [The Guardian] Attempt 1/1: Trying with 'requests_browser' strategy...
2025-11-27 16:52:29,393 - INFO - [The Guardian] Success with 'requests_browser'. Found content (433 words).
2025-11-27 16:52:29,445 - INFO - [BBC] Article: https://www.bbc.com/news/articles/cewj1e1yk2vo?at_medium=RSS&at_campaign=rss
2025-11-27 16:52:29,454 - INFO - [BBC] Attempt 1/1: Trying with 'requests_browser' strategy...
2025-11-27 16:52:29,718 - INFO - [BBC] Success with 'requests_browser'. Found content (1118 words).
2025-11-27 16:52:50,542 - INFO - Saved article: Telangana Rising 2047 - Youth development to be a key focus of vision - The Hindu from The Hindu
2025-11-27 16:52:50,542 - INFO - Duplicate article skipped: Noem made decision to continue deportation flights to El Salvador, justice department says | Trump administration | The Guardian from The Guardian
2025-11-27 16:52:50,542 - INFO - Duplicate article skipped: Fracking transforms an Argentine town but what about the nation? from BBC
2025-11-27 16:52:51,237 - INFO - [The Guardian] Article: https://www.theguardian.com/world/2025/nov/26/maduro-defends-venezuela-against-trump-military
2025-11-27 16:52:51,237 - INFO - [The Guardian] Attempt 1/1: Trying with 'requests_browser' strategy...
2025-11-27 16:52:51,265 - INFO - [The Guardian] Success with 'requests_browser'. Found content (567 words).
2025-11-27 16:52:51,304 - INFO - Duplicate article skipped: Trump threatens Venezuela’s Maduro with ‘the easy way … or the hard way’ | Nicolás Maduro | The Guardian from The Guardian
2025-11-27 16:52:51,624 - INFO - [The Hindu] Article: https://www.thehindu.com/news/national/karnataka/cm-and-his-deputy-use-word-play-and-pun-to-target-each-other-amid-leadership-battle-page-one/article70331816.ece
2025-11-27 16:52:51,624 - INFO - [The Hindu] Attempt 1/1: Trying with 'selenium_browser' strategy...
2025-11-27 16:52:51,637 - INFO - [BBC] Article: https://www.bbc.com/news/articles/cdd560nvqqdo?at_medium=RSS&at_campaign=rss
2025-11-27 16:52:51,637 - INFO - [BBC] Attempt 1/1: Trying with 'requests_browser' strategy...
2025-11-27 16:52:51,864 - INFO - [BBC] Success with 'requests_browser'. Found content (1894 words).
2025-11-27 16:52:52,007 - INFO - Duplicate article skipped: Year after ceasefire, peace eludes south Lebanon as Israeli strikes continue from BBC
2025-11-27 16:52:52,729 - INFO - [The Guardian] Article: https://www.theguardian.com/world/live/2025/nov/27/hong-kong-fire-arrests-dead-killed-hundreds-missing-housing-complex-blaze
2025-11-27 16:52:52,729 - INFO - [The Guardian] Attempt 1/1: Trying with 'requests_browser' strategy...
2025-11-27 16:52:52,828 - INFO - [BBC] Article: https://www.bbc.com/news/articles/cy5g3076lqzo?at_medium=RSS&at_campaign=rss
2025-11-27 16:52:52,828 - INFO - [BBC] Attempt 1/1: Trying with 'requests_browser' strategy...
2025-11-27 16:52:53,091 - INFO - [BBC] Success with 'requests_browser'. Found content (735 words).
2025-11-27 16:52:53,168 - INFO - [The Guardian] Success with 'requests_browser'. Found content (1492 words).
2025-11-27 16:52:53,225 - INFO - Duplicate article skipped: Pope Leo visits Turkey and warns humanity at stake from high level of conflict from BBC
2025-11-27 16:52:53,337 - INFO - Duplicate article skipped: Hong Kong fire latest: rescue crews search for survivors as death toll rises to 83 with hundreds reported missing | Hong Kong | The Guardian from The Guardian
2025-11-27 16:52:53,706 - INFO - [The Hindu] Page content loaded.
2025-11-27 16:52:53,774 - INFO - [The Hindu] Success with 'selenium_browser'. Found content (265 words).
2025-11-27 16:52:54,429 - INFO - [The Guardian] Article: https://www.theguardian.com/world/2025/nov/27/anger-hong-kong-apartment-complex-fires-deaths
2025-11-27 16:52:54,429 - INFO - [The Guardian] Attempt 1/1: Trying with 'requests_browser' strategy...
2025-11-27 16:52:54,545 - INFO - [BBC] Article: https://www.bbc.com/news/articles/cq8dq47j5y8o?at_medium=RSS&at_campaign=rss
2025-11-27 16:52:54,545 - INFO - [BBC] Attempt 1/1: Trying with 'requests_browser' strategy...
2025-11-27 16:52:54,620 - INFO - [The Guardian] Success with 'requests_browser'. Found content (765 words).
2025-11-27 16:52:54,840 - INFO - [BBC] Success with 'requests_browser'. Found content (595 words).
2025-11-27 16:53:07,952 - INFO - DEDUPLICATION: Found match (Score: 0.88). Linking to Cluster ID: 7b42eee9-67a8-4859-ae50-8e77b177c4b4
2025-11-27 16:53:07,955 - INFO - Saved article: CM and his deputy use word play and pun to target each other amid leadership battle (Page one) - The Hindu from The Hindu
2025-11-27 16:53:07,955 - INFO - Duplicate article skipped: Anger swelling in Hong Kong over deadliest fire in more than 70 years | Hong Kong | The Guardian from The Guardian
2025-11-27 16:53:07,955 - INFO - Duplicate article skipped: South Africa's Cyril Ramaphosa hits back after Donald Trump says US won't invite it for G20 summit from BBC
2025-11-27 16:53:08,818 - INFO - [The Guardian] Article: https://www.theguardian.com/news/2025/nov/27/hong-kong-fire-tai-po-police-blame-construction-company
2025-11-27 16:53:08,818 - INFO - [The Guardian] Attempt 1/1: Trying with 'requests_browser' strategy...
2025-11-27 16:53:08,928 - INFO - [The Guardian] Success with 'requests_browser'. Found content (981 words).
2025-11-27 16:53:08,975 - INFO - Duplicate article skipped: Hong Kong police say unsafe scaffolding and foam may have spread fire that killed at least 83 | Hong Kong apartment fires | The Guardian from The Guardian
2025-11-27 16:53:09,051 - INFO - [BBC] Article: https://www.bbc.com/news/articles/cdxwzwe507ko?at_medium=RSS&at_campaign=rss
2025-11-27 16:53:09,051 - INFO - [BBC] Attempt 1/1: Trying with 'requests_browser' strategy...
2025-11-27 16:53:09,280 - INFO - [BBC] Success with 'requests_browser'. Found content (442 words).
2025-11-27 16:53:09,317 - INFO - Duplicate article skipped: Malawi police investigate theft of four German Shepherds from Kamuzu Palace from BBC
2025-11-27 16:53:09,340 - INFO - [The Hindu] Article: https://www.thehindu.com/news/national/jammu-and-kashmir/jk-police-search-homes-of-jamaat-members-masjids-and-madrassas/article70331319.ece
2025-11-27 16:53:09,340 - INFO - [The Hindu] Attempt 1/1: Trying with 'selenium_browser' strategy...
2025-11-27 16:53:09,579 - INFO - [The Guardian] Article: https://www.theguardian.com/news/2025/nov/27/hong-kong-apartment-complex-fire-reaction
2025-11-27 16:53:09,580 - INFO - [The Guardian] Attempt 1/1: Trying with 'requests_browser' strategy...
2025-11-27 16:53:09,617 - INFO - [The Guardian] Success with 'requests_browser'. Found content (735 words).
2025-11-27 16:53:09,672 - INFO - Duplicate article skipped: ‘There should have been an alarm’: in air thick with acrid smoke, people in Hong Kong are reeling and angry | Hong Kong apartment fires | The Guardian from The Guardian
2025-11-27 16:53:10,208 - INFO - [The Guardian] Article: https://www.theguardian.com/world/2025/nov/27/jakarta-overtakes-tokyo-most-populous-city-world
2025-11-27 16:53:10,208 - INFO - [The Guardian] Attempt 1/1: Trying with 'requests_browser' strategy...
2025-11-27 16:53:10,244 - INFO - [The Guardian] Success with 'requests_browser'. Found content (515 words).
2025-11-27 16:53:10,289 - INFO - Duplicate article skipped: Jakarta overtakes Tokyo as world’s most populous city, according to UN | Indonesia | The Guardian from The Guardian
2025-11-27 16:53:10,654 - INFO - [BBC] Article: https://www.bbc.com/news/articles/cly0jjv2lg1o?at_medium=RSS&at_campaign=rss
2025-11-27 16:53:10,654 - INFO - [BBC] Attempt 1/1: Trying with 'requests_browser' strategy...
2025-11-27 16:53:10,876 - INFO - [BBC] Success with 'requests_browser'. Found content (1341 words).
2025-11-27 16:53:10,946 - INFO - Duplicate article skipped: Russia Ukraine war: Where peace stands after frantic diplomacy from BBC
2025-11-27 16:53:11,223 - INFO - [The Guardian] Article: https://www.theguardian.com/australia-news/2025/nov/27/anti-abortion-activist-joanna-howes-claims-her-employer-gave-her-immunity-from-complaints-by-pro-choice-campaigners-ntwnfb
2025-11-27 16:53:11,223 - INFO - [The Guardian] Attempt 1/1: Trying with 'requests_browser' strategy...
2025-11-27 16:53:11,318 - INFO - [The Guardian] Success with 'requests_browser'. Found content (745 words).
2025-11-27 16:53:11,446 - INFO - Duplicate article skipped: Anti-abortion activist Joanna Howe claims her employer gave her immunity from complaints by pro-choice campaigners | South Australia | The Guardian from The Guardian
2025-11-27 16:53:11,490 - INFO - [The Hindu] Page content loaded.
2025-11-27 16:53:11,543 - INFO - [The Hindu] Success with 'selenium_browser'. Found content (347 words).
2025-11-27 16:53:12,024 - INFO - [BBC] Article: https://www.bbc.com/news/articles/c0edww3qgq2o?at_medium=RSS&at_campaign=rss
2025-11-27 16:53:12,024 - INFO - [BBC] Attempt 1/1: Trying with 'requests_browser' strategy...
2025-11-27 16:53:12,143 - INFO - [BBC] Success with 'requests_browser'. Found content (652 words).
2025-11-27 16:53:12,752 - INFO - [The Guardian] Article: https://www.theguardian.com/australia-news/2025/nov/27/state-library-of-victoria-faces-job-cuts-as-staff-accuse-management-of-pursuing-digital-vanity-projects
2025-11-27 16:53:12,752 - INFO - [The Guardian] Attempt 1/1: Trying with 'requests_browser' strategy...
2025-11-27 16:53:12,846 - INFO - [The Guardian] Success with 'requests_browser'. Found content (722 words).
2025-11-27 16:53:24,239 - INFO - Saved article: J&K police search homes of Jamaat members, masjids and madrassas - The Hindu from The Hindu
2025-11-27 16:53:24,239 - INFO - Duplicate article skipped: Guinea-Bissau coup: Soldiers seize power and detain President Umaro Sissoco Embaló from BBC
2025-11-27 16:53:24,239 - INFO - Duplicate article skipped: State Library of Victoria faces job cuts as staff accuse management of pursuing ‘digital vanity projects’ | Melbourne | The Guardian from The Guardian
2025-11-27 16:53:24,912 - INFO - [BBC] Article: https://www.bbc.com/news/articles/c3r7xr94ln8o?at_medium=RSS&at_campaign=rss
2025-11-27 16:53:24,913 - INFO - [BBC] Attempt 1/1: Trying with 'requests_browser' strategy...
2025-11-27 16:53:24,954 - INFO - [BBC] Success with 'requests_browser'. Found content (724 words).
2025-11-27 16:53:25,005 - INFO - Duplicate article skipped: Trump defends Witkoff after leak appears to show envoy coaching Russias from BBC
2025-11-27 16:53:25,132 - INFO - [The Guardian] Article: https://www.theguardian.com/australia-news/2025/nov/27/santos-gas-plan-beetaloo-basin-northern-territory-fracking-fears
2025-11-27 16:53:25,132 - INFO - [The Guardian] Attempt 1/1: Trying with 'requests_browser' strategy...
2025-11-27 16:53:25,167 - INFO - [The Guardian] Success with 'requests_browser'. Found content (621 words).
2025-11-27 16:53:25,213 - INFO - Duplicate article skipped: ‘How far is it going to escalate?’ Fear Santos gas plan in Beetaloo basin could be start of NT fracking rush | Santos | The Guardian from The Guardian
2025-11-27 16:53:25,708 - INFO - [The Hindu] Article: https://www.thehindu.com/news/national/kerala/munambam-holding-bjp-urges-centre-to-implead-in-waqf-vedhis-appeal-against-hc-order/article70331117.ece
2025-11-27 16:53:25,708 - INFO - [The Hindu] Attempt 1/1: Trying with 'selenium_browser' strategy...
2025-11-27 16:53:26,246 - INFO - [BBC] Article: https://www.bbc.com/news/articles/c74x55epn34o?at_medium=RSS&at_campaign=rss
2025-11-27 16:53:26,247 - INFO - [BBC] Attempt 1/1: Trying with 'requests_browser' strategy...
2025-11-27 16:53:26,307 - INFO - [The Guardian] Article: https://www.theguardian.com/australia-news/2025/nov/27/national-food-policy-australian-diet-could-worsen
2025-11-27 16:53:26,308 - INFO - [The Guardian] Attempt 1/1: Trying with 'requests_browser' strategy...
2025-11-27 16:53:26,356 - INFO - [The Guardian] Success with 'requests_browser'. Found content (694 words).
2025-11-27 16:53:26,447 - INFO - Duplicate article skipped: Australian diet set to worsen as national food policy is drawn up by profit-driven industry, experts warn | Health | The Guardian from The Guardian
2025-11-27 16:53:26,468 - INFO - [BBC] Success with 'requests_browser'. Found content (303 words).
2025-11-27 16:53:26,529 - INFO - Duplicate article skipped: Nicolas Sarkozy illegal campaign financing conviction upheld from BBC
2025-11-27 16:53:27,017 - INFO - [The Hindu] Page content loaded.
2025-11-27 16:53:27,081 - INFO - [The Hindu] Success with 'selenium_browser'. Found content (411 words).
2025-11-27 16:53:27,090 - INFO - [The Guardian] Article: https://www.theguardian.com/australia-news/2025/nov/27/guardian-australia-win-walkley-award-for-indigenous-affairs-for-the-descendants-series
2025-11-27 16:53:27,090 - INFO - [The Guardian] Attempt 1/1: Trying with 'requests_browser' strategy...
2025-11-27 16:53:27,240 - INFO - [The Guardian] Success with 'requests_browser'. Found content (389 words).
2025-11-27 16:53:27,269 - INFO - [BBC] Article: https://www.bbc.com/news/articles/c9d9l7w1g8yo?at_medium=RSS&at_campaign=rss
2025-11-27 16:53:27,269 - INFO - [BBC] Attempt 1/1: Trying with 'requests_browser' strategy...
2025-11-27 16:53:27,942 - INFO - [BBC] Success with 'requests_browser'. Found content (420 words).
2025-11-27 16:53:40,902 - INFO - DEDUPLICATION: Found match (Score: 0.71). Linking to Cluster ID: e81d31c5-413b-42b0-ab67-3b685de470aa
2025-11-27 16:53:40,905 - INFO - Saved article: Munambam holding: BJP urges Centre to implead in Waqf Vedhi’s appeal against HC order - The Hindu from The Hindu
2025-11-27 16:53:40,905 - INFO - Duplicate article skipped: Guardian Australia wins Walkley award for Indigenous affairs for The Descendants series | Indigenous Australians | The Guardian from The Guardian
2025-11-27 16:53:40,905 - INFO - Duplicate article skipped: Australia social media ban: Teens challenge law before High Court from BBC
2025-11-27 16:53:42,021 - INFO - [BBC] Article: https://www.bbc.com/news/articles/cr4drle9k12o?at_medium=RSS&at_campaign=rss
2025-11-27 16:53:42,021 - INFO - [BBC] Attempt 1/1: Trying with 'requests_browser' strategy...
2025-11-27 16:53:42,056 - INFO - [BBC] Success with 'requests_browser'. Found content (493 words).
2025-11-27 16:53:42,091 - INFO - Duplicate article skipped: Chicago man accused of setting train passenger on fire had 72 prior arrests from BBC
2025-11-27 16:53:42,296 - INFO - [The Hindu] Article: https://www.thehindu.com/news/cities/mumbai/bombay-high-court-rejects-volcanic-ash-theory-for-mumbais-poor-air-quality/article70331487.ece
2025-11-27 16:53:42,297 - INFO - [The Hindu] Attempt 1/1: Trying with 'selenium_browser' strategy...
2025-11-27 16:53:43,241 - INFO - [BBC] Article: https://www.bbc.com/news/articles/c1dzp050yn2o?at_medium=RSS&at_campaign=rss
2025-11-27 16:53:43,241 - INFO - [BBC] Attempt 1/1: Trying with 'requests_browser' strategy...
2025-11-27 16:53:43,285 - INFO - [BBC] Success with 'requests_browser'. Found content (1232 words).
2025-11-27 16:53:43,341 - INFO - Duplicate article skipped: Italian parliament unanimously votes to make femicide a crime from BBC
2025-11-27 16:53:43,851 - INFO - [The Hindu] Page content loaded.
2025-11-27 16:53:43,910 - INFO - [The Hindu] Success with 'selenium_browser'. Found content (322 words).
2025-11-27 16:53:43,982 - INFO - Duplicate article skipped: Bombay High Court rejects volcanic ash theory for Mumbai’s poor air quality - The Hindu from The Hindu
2025-11-27 16:53:44,616 - INFO - [BBC] Article: https://www.bbc.com/news/articles/ckg97wx144jo?at_medium=RSS&at_campaign=rss
2025-11-27 16:53:44,617 - INFO - [BBC] Attempt 1/1: Trying with 'requests_browser' strategy...
2025-11-27 16:53:44,661 - INFO - [The Hindu] Article: https://www.thehindu.com/news/national/tamil-nadu/when-a-convicted-sengottaiyan-stood-disqualified-from-contesting-elections/article70331919.ece
2025-11-27 16:53:44,661 - INFO - [The Hindu] Attempt 1/1: Trying with 'selenium_browser' strategy...
2025-11-27 16:53:44,669 - INFO - [BBC] Success with 'requests_browser'. Found content (534 words).
2025-11-27 16:53:44,733 - INFO - Duplicate article skipped: South East Asia floods: Scores killed and thousands evacuated from record rainfall from BBC
2025-11-27 16:53:51,122 - INFO - [The Hindu] Page content loaded.
2025-11-27 16:53:51,216 - INFO - [The Hindu] Success with 'selenium_browser'. Found content (763 words).
2025-11-27 16:53:51,293 - INFO - Duplicate article skipped: When a convicted Sengottaiyan stood disqualified from contesting elections - The Hindu from The Hindu
2025-11-27 16:53:52,738 - INFO - [The Hindu] Article: https://www.thehindu.com/news/national/karnataka/govt-announces-ots-for-pending-water-bills-in-bengaluru/article70331790.ece
2025-11-27 16:53:52,738 - INFO - [The Hindu] Attempt 1/1: Trying with 'selenium_browser' strategy...
2025-11-27 16:53:53,794 - INFO - [The Hindu] Page content loaded.
2025-11-27 16:53:53,869 - INFO - [The Hindu] Success with 'selenium_browser'. Found content (256 words).
2025-11-27 16:53:53,939 - INFO - Duplicate article skipped: Govt. announces OTS for pending water bills in Bengaluru - The Hindu from The Hindu
2025-11-27 16:53:54,906 - INFO - [The Hindu] Article: https://www.thehindu.com/news/national/telangana/bjp-slams-congress-for-slashing-bc-quota-to-17-after-42-promise/article70331578.ece
2025-11-27 16:53:54,906 - INFO - [The Hindu] Attempt 1/1: Trying with 'selenium_browser' strategy...
2025-11-27 16:53:56,215 - INFO - [The Hindu] Page content loaded.
2025-11-27 16:53:56,295 - INFO - [The Hindu] Success with 'selenium_browser'. Found content (273 words).
2025-11-27 16:53:56,368 - INFO - Duplicate article skipped: BJP slams Congress for slashing BC quota to 17% after 42% promise - The Hindu from The Hindu
2025-11-27 16:53:57,159 - INFO - [The Hindu] Article: https://www.thehindu.com/news/national/telangana/revanth-acting-like-real-estate-agent-not-cm-ktr/article70331714.ece
2025-11-27 16:53:57,159 - INFO - [The Hindu] Attempt 1/1: Trying with 'selenium_browser' strategy...
2025-11-27 16:53:59,266 - INFO - [The Hindu] Page content loaded.
2025-11-27 16:53:59,333 - INFO - [The Hindu] Success with 'selenium_browser'. Found content (275 words).
2025-11-27 16:53:59,422 - INFO - Duplicate article skipped: Revanth acting like real estate agent, not CM: KTR - The Hindu from The Hindu
2025-11-27 16:53:59,924 - INFO - [The Hindu] Article: https://www.thehindu.com/news/national/karnataka/ksca-elections-karnataka-high-court-reserves-order-on-kn-shanth-kumars-plea-against-rejection-of-his-nomination-papers/article70330621.ece
2025-11-27 16:53:59,924 - INFO - [The Hindu] Attempt 1/1: Trying with 'selenium_browser' strategy...
2025-11-27 16:54:01,029 - INFO - [The Hindu] Page content loaded.
2025-11-27 16:54:01,098 - INFO - [The Hindu] Success with 'selenium_browser'. Found content (369 words).
2025-11-27 16:54:01,192 - INFO - Duplicate article skipped: KSCA elections: Karnataka High Court reserves order on K.N. Shanth Kumar’s plea against rejection of his nomination papers - The Hindu from The Hindu
2025-11-27 16:54:01,884 - INFO - [The Hindu] Article: https://www.thehindu.com/news/national/kerala/seeking-the-peoples-mandate-in-absentia/article70331749.ece
2025-11-27 16:54:01,885 - INFO - [The Hindu] Attempt 1/1: Trying with 'selenium_browser' strategy...
2025-11-27 16:54:03,209 - INFO - [The Hindu] Page content loaded.
2025-11-27 16:54:03,284 - INFO - [The Hindu] Success with 'selenium_browser'. Found content (134 words).
2025-11-27 16:54:03,375 - INFO - Duplicate article skipped: Seeking the people's mandate in absentia - The Hindu from The Hindu
2025-11-27 16:54:04,377 - INFO - [The Hindu] Article: https://www.thehindu.com/news/national/west-bengal/west-bengal-school-service-commission-releases-full-details-of-1806-tainted-teacher-recruits/article70331186.ece
2025-11-27 16:54:04,378 - INFO - [The Hindu] Attempt 1/1: Trying with 'selenium_browser' strategy...
2025-11-27 16:54:06,282 - INFO - [The Hindu] Page content loaded.
2025-11-27 16:54:06,352 - INFO - [The Hindu] Success with 'selenium_browser'. Found content (442 words).
2025-11-27 16:54:06,421 - INFO - Duplicate article skipped: West Bengal School Service Commission releases full details of 1,806 ‘tainted’ teacher recruits - The Hindu from The Hindu
2025-11-27 16:54:07,491 - INFO - [The Hindu] Article: https://www.thehindu.com/news/national/supreme-court-asks-government-to-regulate-abusive-online-content/article70331564.ece
2025-11-27 16:54:07,491 - INFO - [The Hindu] Attempt 1/1: Trying with 'selenium_browser' strategy...
2025-11-27 16:54:08,622 - INFO - [The Hindu] Page content loaded.
2025-11-27 16:54:08,708 - INFO - [The Hindu] Success with 'selenium_browser'. Found content (573 words).
2025-11-27 16:54:08,772 - INFO - Duplicate article skipped: Supreme Court asks government to regulate abusive online content - The Hindu from The Hindu
2025-11-27 16:54:09,764 - INFO - [The Hindu] Article: https://www.thehindu.com/news/national/kerala/kallara-sarasamma-dead/article70331780.ece
2025-11-27 16:54:09,764 - INFO - [The Hindu] Attempt 1/1: Trying with 'selenium_browser' strategy...
2025-11-27 16:54:11,094 - INFO - [The Hindu] Page content loaded.
2025-11-27 16:54:11,176 - INFO - [The Hindu] Success with 'selenium_browser'. Found content (103 words).
2025-11-27 16:54:11,735 - INFO - Duplicate article skipped: Kallara Sarasamma dead - The Hindu from The Hindu
2025-11-27 16:54:12,761 - INFO - [The Hindu] Article: https://www.thehindu.com/news/national/bjp-flags-foreign-located-x-handles-pushing-anti-india-narrative-diversion-tactic-says-congress/article70331371.ece
2025-11-27 16:54:12,762 - INFO - [The Hindu] Attempt 1/1: Trying with 'selenium_browser' strategy...
2025-11-27 16:54:13,999 - INFO - [The Hindu] Page content loaded.
2025-11-27 16:54:14,051 - INFO - [The Hindu] Success with 'selenium_browser'. Found content (583 words).
2025-11-27 16:54:14,124 - INFO - Duplicate article skipped: BJP flags ‘foreign-located’ X handles pushing ‘anti-India’ narrative; ‘diversion tactic’, says Congress - The Hindu from The Hindu
2025-11-27 16:54:15,132 - INFO - [The Hindu] Article: https://www.thehindu.com/news/cities/Hyderabad/telangana-rising-2047-information-bureau-to-generate-alternative-credit-scores-mooted/article70331657.ece
2025-11-27 16:54:15,133 - INFO - [The Hindu] Attempt 1/1: Trying with 'selenium_browser' strategy...
2025-11-27 16:54:16,276 - INFO - [The Hindu] Page content loaded.
2025-11-27 16:54:16,347 - INFO - [The Hindu] Success with 'selenium_browser'. Found content (432 words).
2025-11-27 16:54:21,934 - ERROR - [Times of India] Request failed for strategy 'selenium_browser' on URL https://timesofindia.indiatimes.com/world/us/reckless-and-criminal-another-indian-origin-truck-driver-sukhjinder-singh-in-ice-custody-months-after-fatal-crash-in-west-virginia/articleshow/125619484.cms: HTTPConnectionPool(host='localhost', port=53115): Read timed out. (read timeout=120)
2025-11-27 16:54:21,935 - ERROR - [Times of India] All scrape strategies failed for https://timesofindia.indiatimes.com/world/us/reckless-and-criminal-another-indian-origin-truck-driver-sukhjinder-singh-in-ice-custody-months-after-fatal-crash-in-west-virginia/articleshow/125619484.cms. Falling back to RSS description.
2025-11-27 16:54:30,655 - INFO - Saved article: Telangana Rising 2047 - Information Bureau to generate alternative credit scores mooted - The Hindu from The Hindu
2025-11-27 16:54:31,562 - INFO - [The Hindu] Article: https://www.thehindu.com/news/national/kerala/571-booked-as-ernakulam-rural-police-launch-special-drive-against-miscreants/article70331134.ece
2025-11-27 16:54:31,562 - INFO - [The Hindu] Attempt 1/1: Trying with 'selenium_browser' strategy...
2025-11-27 16:54:34,826 - INFO - [The Hindu] Page content loaded.
2025-11-27 16:54:34,924 - INFO - [The Hindu] Success with 'selenium_browser'. Found content (81 words).
2025-11-27 16:54:43,990 - INFO - Saved article: 'Reckless and criminal': Another Indian-origin truck driver Sukhjinder Singh in ICE custody, months after fatal crash in West Virginia from Times of India
2025-11-27 16:54:45,490 - INFO - [Times of India] Article: https://timesofindia.indiatimes.com/world/us-streamers/candace-owens-raises-new-questions-as-she-seeks-footage-of-egyptians-she-claims-came-to-provo-before-charlie-kirks-death/articleshow/125619370.cms
2025-11-27 16:54:45,491 - INFO - [Times of India] Attempt 1/1: Trying with 'selenium_browser' strategy...
2025-11-27 16:54:55,500 - INFO - Saved article: 571 booked as Ernakulam Rural police launch special drive against miscreants - The Hindu from The Hindu
2025-11-27 16:54:56,926 - INFO - [The Hindu] Article: https://www.thehindu.com/news/national/maharashtra/eknath-shindes-sena-to-ally-with-opposition-party-ncpsp-on-kurduvadi-constituency/article70330961.ece
2025-11-27 16:54:56,926 - INFO - [The Hindu] Attempt 1/1: Trying with 'selenium_browser' strategy...
2025-11-27 16:54:57,600 - INFO - [The Hindu] Page content loaded.
2025-11-27 16:54:57,739 - INFO - [The Hindu] Success with 'selenium_browser'. Found content (358 words).
2025-11-27 16:55:10,020 - INFO - Saved article: Eknath Shinde’s Sena to ally with Opposition party NCP(SP) on Kurduvadi constituency - The Hindu from The Hindu
2025-11-27 16:55:10,527 - INFO - [The Hindu] Article: https://www.thehindu.com/news/national/kerala/ldf-exudes-confidence-of-winning-a-majority-of-local-bodies-in-ernakulam/article70330589.ece
2025-11-27 16:55:10,527 - INFO - [The Hindu] Attempt 1/1: Trying with 'selenium_browser' strategy...
2025-11-27 16:55:11,889 - INFO - [The Hindu] Page content loaded.
2025-11-27 16:55:12,027 - INFO - [The Hindu] Success with 'selenium_browser'. Found content (338 words).
2025-11-27 16:55:24,611 - INFO - DEDUPLICATION: Found match (Score: 0.73). Linking to Cluster ID: 59a850e6-9f02-4ff8-b6b7-7574d66ff2e0
2025-11-27 16:55:24,613 - INFO - Saved article: LDF exudes confidence of winning a majority of local bodies in Ernakulam - The Hindu from The Hindu
2025-11-27 16:55:25,881 - INFO - [The Hindu] Article: https://www.thehindu.com/news/national/telangana/telangana-rising-2047-cm-favours-separate-plans-for-core-urban-peri-urban-and-rural-agro-economies-in-the-vision-document/article70331600.ece
2025-11-27 16:55:25,881 - INFO - [The Hindu] Attempt 1/1: Trying with 'selenium_browser' strategy...
2025-11-27 16:55:27,279 - INFO - [The Hindu] Page content loaded.
2025-11-27 16:55:27,330 - INFO - [The Hindu] Success with 'selenium_browser'. Found content (304 words).
2025-11-27 16:55:41,040 - INFO - DEDUPLICATION: Found match (Score: 0.78). Linking to Cluster ID: 0b6718c0-d769-4507-b9da-21e933b2b3e8
2025-11-27 16:55:41,043 - INFO - Saved article: Telangana Rising 2047 - CM favours separate plans for core urban, peri urban and rural agro economies in the vision document - The Hindu from The Hindu
2025-11-27 16:55:42,204 - INFO - [The Hindu] (Thread) Finished. Attempting to shut down its Selenium driver.
2025-11-27 16:55:42,451 - INFO - [The Hindu] (Thread) driver.quit() successful.
2025-11-27 16:56:45,522 - ERROR - [Times of India] Request failed for strategy 'selenium_browser' on URL https://timesofindia.indiatimes.com/world/us-streamers/candace-owens-raises-new-questions-as-she-seeks-footage-of-egyptians-she-claims-came-to-provo-before-charlie-kirks-death/articleshow/125619370.cms: HTTPConnectionPool(host='localhost', port=53115): Read timed out. (read timeout=120)
2025-11-27 16:56:45,522 - ERROR - [Times of India] All scrape strategies failed for https://timesofindia.indiatimes.com/world/us-streamers/candace-owens-raises-new-questions-as-she-seeks-footage-of-egyptians-she-claims-came-to-provo-before-charlie-kirks-death/articleshow/125619370.cms. Falling back to RSS description.
2025-11-27 16:56:57,080 - INFO - DEDUPLICATION: Found match (Score: 0.72). Linking to Cluster ID: 09ba6c63-2f37-47fe-83f0-582ac305c9b6
2025-11-27 16:56:57,082 - INFO - Saved article: Candace Owens raises new questions as she seeks footage of Egyptians she claims came to Provo before Charlie Kirk’s death from Times of India
2025-11-27 16:56:58,230 - INFO - [Times of India] Article: https://timesofindia.indiatimes.com/world/us/h-1b-row-what-is-project-firewall-initiative-warns-companies-to-hire-americans-first-or-face-penalties-for-favouring-foreigners/articleshow/125618445.cms
2025-11-27 16:56:58,230 - INFO - [Times of India] Attempt 1/1: Trying with 'selenium_browser' strategy...
2025-11-27 16:57:09,161 - CRITICAL - --- TIMEOUT: 1 scrape jobs did not complete in 300s. ---
2025-11-27 16:57:09,161 - ERROR - A thread has timed out and will be abandoned.
2025-11-27 16:57:09,161 - INFO - Shutting down thread pool (wait=False)...
2025-11-27 16:57:09,161 - INFO - Scraped: 0 The Guardian, 9 The Hindu, 1 BBC, 1 Timed_Out_Jobs articles. (Total saved: 10)
2025-11-27 16:57:09,161 - INFO - --- Scraping job finished ---
2025-11-27 16:57:09,161 - INFO - --- Scraper service stopped and database connection closed. ---
2025-11-27 16:57:09,161 - INFO - --- Main thread finished. Forcing process exit to kill zombie threads. ---
