2025-11-29 18:33:27,597 - INFO - Loading AI Semantic Model (all-MiniLM-L6-v2)...
2025-11-29 18:33:27,597 - INFO - Use pytorch device_name: cpu
2025-11-29 18:33:27,597 - INFO - Load pretrained SentenceTransformer: all-MiniLM-L6-v2
2025-11-29 18:33:28,065 - INFO - AI Model loaded successfully.
2025-11-29 18:33:28,065 - INFO - Initializing database connection at: news_articles.db
2025-11-29 18:33:28,065 - INFO - --- Scraper service started (CI Mode: Run Once) ---
2025-11-29 18:33:28,065 - INFO - --- Starting new scraping job (Parallel Mode) ---
2025-11-29 18:33:28,065 - INFO - Creating new robust session with 3 retries on 5xx/connection/read errors.
2025-11-29 18:33:28,065 - INFO - Proxy is DISABLED.
2025-11-29 18:33:28,066 - INFO - Starting scrape for BBC RSS feed: http://feeds.bbci.co.uk/news/world/rss.xml
2025-11-29 18:33:28,067 - INFO - [Times of India] (Thread) requires Selenium. Initializing driver...
2025-11-29 18:33:28,067 - INFO - Initializing headless Selenium Chrome driver (using SeleniumManager)...
2025-11-29 18:33:28,067 - INFO - Starting scrape for The Guardian RSS feed: https://www.theguardian.com/world/rss
2025-11-29 18:33:28,069 - INFO - [The Hindu] (Thread) requires Selenium. Initializing driver...
2025-11-29 18:33:28,069 - INFO - Initializing headless Selenium Chrome driver (using SeleniumManager)...
2025-11-29 18:33:28,069 - INFO - Submitted 4 jobs to thread pool. Waiting up to 300s for completion...
2025-11-29 18:33:28,130 - INFO - Found 26 articles in BBC RSS feed. Processing up to 20.
2025-11-29 18:33:28,130 - INFO - [BBC] Article: https://www.bbc.com/news/articles/c5y9ejley9do?at_medium=RSS&at_campaign=rss
2025-11-29 18:33:28,130 - INFO - [BBC] Attempt 1/1: Trying with 'requests_browser' strategy...
2025-11-29 18:33:28,236 - INFO - Found 45 articles in The Guardian RSS feed. Processing up to 20.
2025-11-29 18:33:28,236 - INFO - [The Guardian] Article: https://www.theguardian.com/world/2025/nov/28/jacob-zuma-daughter-resigns-claims-south-africans-tricked-fight-russia
2025-11-29 18:33:28,236 - INFO - [The Guardian] Attempt 1/1: Trying with 'requests_browser' strategy...
2025-11-29 18:33:28,263 - INFO - [BBC] Success with 'requests_browser'. Found content (625 words).
2025-11-29 18:33:28,293 - INFO - [The Guardian] Success with 'requests_browser'. Found content (753 words).
2025-11-29 18:33:28,329 - INFO - Duplicate article skipped: Jacob Zuma’s daughter resigns amid claims South Africans tricked to fight for Russia | South Africa | The Guardian from The Guardian
2025-11-29 18:33:28,347 - INFO - Duplicate article skipped: Flooding in South East Asia leaves 600 dead from BBC
2025-11-29 18:33:29,299 - INFO - [BBC] Article: https://www.bbc.com/news/articles/c741mpdyw9no?at_medium=RSS&at_campaign=rss
2025-11-29 18:33:29,299 - INFO - [BBC] Attempt 1/1: Trying with 'requests_browser' strategy...
2025-11-29 18:33:29,328 - INFO - [BBC] Success with 'requests_browser'. Found content (434 words).
2025-11-29 18:33:29,364 - INFO - Duplicate article skipped: Trump tells airlines Venezuelan airspace should be considered closed from BBC
2025-11-29 18:33:29,768 - INFO - [The Guardian] Article: https://www.theguardian.com/environment/2025/nov/28/africa-forests-transformed-carbon-sink-carbon-source-study
2025-11-29 18:33:29,768 - INFO - [The Guardian] Attempt 1/1: Trying with 'requests_browser' strategy...
2025-11-29 18:33:29,793 - INFO - [The Guardian] Success with 'requests_browser'. Found content (458 words).
2025-11-29 18:33:29,829 - INFO - Duplicate article skipped: Africa’s forests transformed from carbon sink to carbon source, study finds | Climate crisis | The Guardian from The Guardian
2025-11-29 18:33:30,328 - INFO - [BBC] Article: https://www.bbc.com/news/articles/cz0nljm4y74o?at_medium=RSS&at_campaign=rss
2025-11-29 18:33:30,328 - INFO - [BBC] Attempt 1/1: Trying with 'requests_browser' strategy...
2025-11-29 18:33:30,334 - INFO - [The Guardian] Article: https://www.theguardian.com/world/2025/nov/26/guinea-bissau-officers-take-total-control-close-borders-amid-election-chaos
2025-11-29 18:33:30,334 - INFO - [The Guardian] Attempt 1/1: Trying with 'requests_browser' strategy...
2025-11-29 18:33:30,362 - INFO - [The Guardian] Success with 'requests_browser'. Found content (412 words).
2025-11-29 18:33:30,398 - INFO - Duplicate article skipped: Guinea-Bissau military takes ‘total control’ amid election chaos | Guinea-Bissau | The Guardian from The Guardian
2025-11-29 18:33:30,403 - INFO - [BBC] Success with 'requests_browser'. Found content (844 words).
2025-11-29 18:33:30,441 - INFO - Duplicate article skipped: Andriy Yermak: How Zelensky's right-hand man fell from power from BBC
2025-11-29 18:33:31,573 - INFO - [BBC] Article: https://www.bbc.com/news/articles/c4gp917zr8no?at_medium=RSS&at_campaign=rss
2025-11-29 18:33:31,573 - INFO - [BBC] Attempt 1/1: Trying with 'requests_browser' strategy...
2025-11-29 18:33:31,743 - INFO - [BBC] Success with 'requests_browser'. Found content (355 words).
2025-11-29 18:33:31,761 - INFO - [The Guardian] Article: https://www.theguardian.com/world/2025/nov/25/nigerian-schoolgirls-rescued-after-mass-abduction-in-kebbi
2025-11-29 18:33:31,767 - INFO - [The Guardian] Attempt 1/1: Trying with 'requests_browser' strategy...
2025-11-29 18:33:31,781 - INFO - Duplicate article skipped: Pope Leo visits Istanbul's Blue Mosque from BBC
2025-11-29 18:33:31,803 - INFO - [The Guardian] Success with 'requests_browser'. Found content (515 words).
2025-11-29 18:33:31,848 - INFO - Duplicate article skipped: Nigerian schoolgirls rescued after mass abduction in Kebbi | Nigeria | The Guardian from The Guardian
2025-11-29 18:33:33,138 - INFO - [BBC] Article: https://www.bbc.com/news/articles/ce865kpdzz8o?at_medium=RSS&at_campaign=rss
2025-11-29 18:33:33,139 - INFO - [BBC] Attempt 1/1: Trying with 'requests_browser' strategy...
2025-11-29 18:33:33,168 - INFO - [BBC] Success with 'requests_browser'. Found content (356 words).
2025-11-29 18:33:33,202 - INFO - Duplicate article skipped: Australian prime minister Albanese becomes first to wed in office from BBC
2025-11-29 18:33:33,303 - INFO - [The Guardian] Article: https://www.theguardian.com/world/2025/nov/25/jacob-zuma-daughter-accused-tricking-men-fighting-for-russia-in-ukraine
2025-11-29 18:33:33,303 - INFO - [The Guardian] Attempt 1/1: Trying with 'requests_browser' strategy...
2025-11-29 18:33:33,339 - INFO - [The Guardian] Success with 'requests_browser'. Found content (656 words).
2025-11-29 18:33:33,383 - INFO - Duplicate article skipped: Jacob Zuma’s daughter accused of tricking men into fighting for Russia in Ukraine | South Africa | The Guardian from The Guardian
2025-11-29 18:33:33,988 - INFO - [BBC] Article: https://www.bbc.com/news/articles/c4gp9d28p74o?at_medium=RSS&at_campaign=rss
2025-11-29 18:33:33,989 - INFO - [BBC] Attempt 1/1: Trying with 'requests_browser' strategy...
2025-11-29 18:33:34,014 - INFO - [BBC] Success with 'requests_browser'. Found content (430 words).
2025-11-29 18:33:34,046 - INFO - Duplicate article skipped: Airbus: Flights resume as normal after software update warning from BBC
2025-11-29 18:33:34,209 - INFO - [The Guardian] Article: https://www.theguardian.com/us-news/2025/nov/29/pete-hegseth-denies-ordering-deaths-narco-boat
2025-11-29 18:33:34,209 - INFO - [The Guardian] Attempt 1/1: Trying with 'requests_browser' strategy...
2025-11-29 18:33:34,236 - INFO - [The Guardian] Success with 'requests_browser'. Found content (851 words).
2025-11-29 18:33:34,874 - INFO - [BBC] Article: https://www.bbc.com/news/articles/c8dy9lne2plo?at_medium=RSS&at_campaign=rss
2025-11-29 18:33:34,875 - INFO - [BBC] Attempt 1/1: Trying with 'requests_browser' strategy...
2025-11-29 18:33:34,922 - INFO - [BBC] Success with 'requests_browser'. Found content (459 words).
2025-11-29 18:33:38,096 - INFO - Selenium driver initialized successfully.
2025-11-29 18:33:38,096 - INFO - Starting scrape for Times of India RSS feed: https://timesofindia.indiatimes.com/rssfeeds/296589292.cms
2025-11-29 18:33:38,097 - INFO - Selenium driver initialized successfully.
2025-11-29 18:33:38,098 - INFO - Starting scrape for The Hindu RSS feed: https://www.thehindu.com/news/national/feeder/default.rss
2025-11-29 18:33:38,221 - INFO - Found 20 articles in Times of India RSS feed. Processing up to 20.
2025-11-29 18:33:38,221 - INFO - [Times of India] Article: https://timesofindia.indiatimes.com/world/us-streamers/candace-owens-and-charlie-kirk-controversy-explained-inside-her-statements-on-erika-kirk-emmanuel-macron-and-mystery-around-his-death/articleshow/125661671.cms
2025-11-29 18:33:38,221 - INFO - [Times of India] Attempt 1/1: Trying with 'selenium_browser' strategy...
2025-11-29 18:33:38,285 - INFO - Found 100 articles in The Hindu RSS feed. Processing up to 20.
2025-11-29 18:33:38,285 - INFO - [The Hindu] Article: https://www.thehindu.com/news/national/andhra-pradesh/make-cinema-affordable-for-all-demand-dyfi-leaders/article70339389.ece
2025-11-29 18:33:38,285 - INFO - [The Hindu] Attempt 1/1: Trying with 'selenium_browser' strategy...
2025-11-29 18:33:46,422 - INFO - [The Hindu] Page content loaded.
2025-11-29 18:33:46,711 - INFO - [The Hindu] Success with 'selenium_browser'. Found content (317 words).
2025-11-29 18:34:04,995 - INFO - DEDUPLICATION: Found match (Score: 0.74). Linking to Cluster ID: 56e0dc9a-4fdb-4767-ac42-971dfb70ab27
2025-11-29 18:34:04,998 - INFO - Saved article: Pete Hegseth denies that he gave orders to ‘kill everybody’ on alleged ‘narco-boat’ | Pete Hegseth | The Guardian from The Guardian
2025-11-29 18:34:04,998 - INFO - Duplicate article skipped: Three days of mourning begins after Hong Kong apartment fire from BBC
2025-11-29 18:34:06,072 - INFO - [The Guardian] Article: https://www.theguardian.com/world/2025/nov/29/donald-trump-venezuela-airspace-closure
2025-11-29 18:34:06,072 - INFO - [The Guardian] Attempt 1/1: Trying with 'requests_browser' strategy...
2025-11-29 18:34:06,116 - INFO - [The Guardian] Success with 'requests_browser'. Found content (290 words).
2025-11-29 18:34:06,228 - INFO - [BBC] Article: https://www.bbc.com/news/articles/cx2gylngx7go?at_medium=RSS&at_campaign=rss
2025-11-29 18:34:06,228 - INFO - [BBC] Attempt 1/1: Trying with 'requests_browser' strategy...
2025-11-29 18:34:06,264 - INFO - [BBC] Success with 'requests_browser'. Found content (578 words).
2025-11-29 18:34:17,500 - INFO - Saved article: Make cinema affordable for all, demand DYFI leaders - The Hindu from The Hindu
2025-11-29 18:34:17,500 - INFO - Duplicate article skipped: Donald Trump says airspace above and around Venezuela is closed | Venezuela | The Guardian from The Guardian
2025-11-29 18:34:17,501 - INFO - Duplicate article skipped: Russian strikes cause power outages for more than 600,000 in Ukraine from BBC
2025-11-29 18:34:18,090 - INFO - [The Hindu] Article: https://www.thehindu.com/news/national/tamil-nadu/pals-inks-mou-to-support-early-stage-startups/article70338942.ece
2025-11-29 18:34:18,090 - INFO - [The Hindu] Attempt 1/1: Trying with 'selenium_browser' strategy...
2025-11-29 18:34:18,100 - INFO - [The Guardian] Article: https://www.theguardian.com/world/2025/nov/29/uk-mps-extra-aid-humanitarian-visas-jamaica-hurricane-melissa-dawn-butler
2025-11-29 18:34:18,100 - INFO - [The Guardian] Attempt 1/1: Trying with 'requests_browser' strategy...
2025-11-29 18:34:18,130 - INFO - [The Guardian] Success with 'requests_browser'. Found content (873 words).
2025-11-29 18:34:18,190 - INFO - Duplicate article skipped: UK MPs push for extra aid and visas as Jamaica reels from Hurricane Melissa | Jamaica | The Guardian from The Guardian
2025-11-29 18:34:18,412 - INFO - [BBC] Article: https://www.bbc.com/news/articles/cvgj9dd983xo?at_medium=RSS&at_campaign=rss
2025-11-29 18:34:18,412 - INFO - [BBC] Attempt 1/1: Trying with 'requests_browser' strategy...
2025-11-29 18:34:18,462 - INFO - [BBC] Success with 'requests_browser'. Found content (790 words).
2025-11-29 18:34:18,515 - INFO - Duplicate article skipped: Nigeria blames jihadist groups for wave of kidnappings but others accuse criminal gangs from BBC
2025-11-29 18:34:19,075 - INFO - [The Guardian] Article: https://www.theguardian.com/us-news/2025/nov/28/trump-pardon-honduras-hernandez-drugs
2025-11-29 18:34:19,075 - INFO - [The Guardian] Attempt 1/1: Trying with 'requests_browser' strategy...
2025-11-29 18:34:19,181 - INFO - [The Guardian] Success with 'requests_browser'. Found content (560 words).
2025-11-29 18:34:19,370 - INFO - Duplicate article skipped: Trump to pardon ex-Honduras leader serving drug trafficking sentence in US | Donald Trump | The Guardian from The Guardian
2025-11-29 18:34:19,615 - INFO - [BBC] Article: https://www.bbc.com/news/articles/c1kpm0rvxepo?at_medium=RSS&at_campaign=rss
2025-11-29 18:34:19,616 - INFO - [BBC] Attempt 1/1: Trying with 'requests_browser' strategy...
2025-11-29 18:34:19,664 - INFO - [BBC] Success with 'requests_browser'. Found content (533 words).
2025-11-29 18:34:19,727 - INFO - Duplicate article skipped: Trump says he will pardon ex-Honduras president convicted of drug trafficking from BBC
2025-11-29 18:34:20,464 - INFO - [BBC] Article: https://www.bbc.com/news/articles/c058lny3pdqo?at_medium=RSS&at_campaign=rss
2025-11-29 18:34:20,464 - INFO - [BBC] Attempt 1/1: Trying with 'requests_browser' strategy...
2025-11-29 18:34:20,517 - INFO - [BBC] Success with 'requests_browser'. Found content (863 words).
2025-11-29 18:34:20,578 - INFO - Duplicate article skipped: Hungary's Orban defies EU partners and meets Putin again in Moscow from BBC
2025-11-29 18:34:20,587 - INFO - [The Hindu] Page content loaded.
2025-11-29 18:34:20,653 - INFO - [The Hindu] Success with 'selenium_browser'. Found content (301 words).
2025-11-29 18:34:20,874 - INFO - [The Guardian] Article: https://www.theguardian.com/us-news/2025/nov/28/college-student-deported-boston-flight-thanksgiving
2025-11-29 18:34:20,874 - INFO - [The Guardian] Attempt 1/1: Trying with 'requests_browser' strategy...
2025-11-29 18:34:20,951 - INFO - [The Guardian] Success with 'requests_browser'. Found content (274 words).
2025-11-29 18:34:22,074 - INFO - [BBC] Article: https://www.bbc.com/news/articles/cz0nlxlr87go?at_medium=RSS&at_campaign=rss
2025-11-29 18:34:22,074 - INFO - [BBC] Attempt 1/1: Trying with 'requests_browser' strategy...
2025-11-29 18:34:22,182 - INFO - [BBC] Success with 'requests_browser'. Found content (591 words).
2025-11-29 18:34:34,298 - INFO - Saved article: PALS inks MoU to support early-stage startups - The Hindu from The Hindu
2025-11-29 18:34:34,298 - INFO - Duplicate article skipped: College student deported when flying home for Thanksgiving, despite court order | ICE (US Immigration and Customs Enforcement) | The Guardian from The Guardian
2025-11-29 18:34:34,299 - INFO - Duplicate article skipped: Guinea-Bissau coup was a sham, West African political figures say from BBC
2025-11-29 18:34:34,851 - INFO - [The Hindu] Article: https://www.thehindu.com/news/cities/Hyderabad/beyond-eodb-state-keen-on-extending-support-to-lower-cost-of-capital/article70339497.ece
2025-11-29 18:34:34,851 - INFO - [The Hindu] Attempt 1/1: Trying with 'selenium_browser' strategy...
2025-11-29 18:34:35,112 - INFO - [The Guardian] Article: https://www.theguardian.com/world/2025/nov/29/indonesia-and-thailand-flooding-death-toll-tops-350-as-rescuers-struggle-to-reach-worst-hit-areas
2025-11-29 18:34:35,112 - INFO - [The Guardian] Attempt 1/1: Trying with 'requests_browser' strategy...
2025-11-29 18:34:35,141 - INFO - [The Guardian] Success with 'requests_browser'. Found content (677 words).
2025-11-29 18:34:35,185 - INFO - Duplicate article skipped: At least 460 killed in south-east Asia floods and landslides, reports say | Indonesia | The Guardian from The Guardian
2025-11-29 18:34:35,743 - INFO - [BBC] Article: https://www.bbc.com/news/articles/cdxweyy157go?at_medium=RSS&at_campaign=rss
2025-11-29 18:34:35,743 - INFO - [BBC] Attempt 1/1: Trying with 'requests_browser' strategy...
2025-11-29 18:34:35,796 - INFO - [BBC] Success with 'requests_browser'. Found content (806 words).
2025-11-29 18:34:35,881 - INFO - Duplicate article skipped: US halts all asylum claim decisions in wake of National Guard shooting from BBC
2025-11-29 18:34:35,930 - INFO - [The Guardian] Article: https://www.theguardian.com/news/2025/nov/29/hong-kong-begins-three-days-of-mourning-after-deadly-apartment-fires
2025-11-29 18:34:35,930 - INFO - [The Guardian] Attempt 1/1: Trying with 'requests_browser' strategy...
2025-11-29 18:34:35,968 - INFO - [The Guardian] Success with 'requests_browser'. Found content (679 words).
2025-11-29 18:34:36,025 - INFO - Duplicate article skipped: Hong Kong begins three days of mourning after deadly apartment fires | Hong Kong apartment fires | The Guardian from The Guardian
2025-11-29 18:34:36,244 - INFO - [The Hindu] Page content loaded.
2025-11-29 18:34:36,349 - INFO - [The Hindu] Success with 'selenium_browser'. Found content (606 words).
2025-11-29 18:34:36,763 - INFO - [The Guardian] Article: https://www.theguardian.com/news/2025/nov/28/hong-kong-apartment-fire-response-rescue-operations-death-toll
2025-11-29 18:34:36,763 - INFO - [The Guardian] Attempt 1/1: Trying with 'requests_browser' strategy...
2025-11-29 18:34:36,907 - INFO - [The Guardian] Success with 'requests_browser'. Found content (1000 words).
2025-11-29 18:34:36,942 - INFO - [BBC] Article: https://www.bbc.com/news/articles/cp89k31krz4o?at_medium=RSS&at_campaign=rss
2025-11-29 18:34:36,942 - INFO - [BBC] Attempt 1/1: Trying with 'requests_browser' strategy...
2025-11-29 18:34:37,152 - INFO - [BBC] Success with 'requests_browser'. Found content (485 words).
2025-11-29 18:34:50,331 - INFO - Saved article: Beyond EODB, State keen on extending support to lower cost of capital - The Hindu from The Hindu
2025-11-29 18:34:50,331 - INFO - Duplicate article skipped: Rescue efforts end at Hong Kong tower block fire as death toll reaches 128 | Hong Kong apartment fires | The Guardian from The Guardian
2025-11-29 18:34:50,331 - INFO - Duplicate article skipped: Thirteen killed in deadliest Israeli raid for months in southern Syria from BBC
2025-11-29 18:34:50,965 - INFO - [The Hindu] Article: https://www.thehindu.com/news/national/kerala/passing-out-parade-held-at-indian-naval-academy/article70339384.ece
2025-11-29 18:34:50,965 - INFO - [The Hindu] Attempt 1/1: Trying with 'selenium_browser' strategy...
2025-11-29 18:34:51,602 - INFO - [BBC] Article: https://www.bbc.com/news/articles/clyzdxyjx2eo?at_medium=RSS&at_campaign=rss
2025-11-29 18:34:51,602 - INFO - [BBC] Attempt 1/1: Trying with 'requests_browser' strategy...
2025-11-29 18:34:51,675 - INFO - [BBC] Success with 'requests_browser'. Found content (1524 words).
2025-11-29 18:34:51,707 - INFO - [The Guardian] Article: https://www.theguardian.com/news/2025/nov/28/hong-kong-community-groups-deliver-aid-to-survivors-of-wang-fuk-court-fire
2025-11-29 18:34:51,707 - INFO - [The Guardian] Attempt 1/1: Trying with 'requests_browser' strategy...
2025-11-29 18:34:51,768 - INFO - Duplicate article skipped: Are UK Christmas markets as good as German ones? Here's what we found from BBC
2025-11-29 18:34:51,791 - INFO - [The Guardian] Success with 'requests_browser'. Found content (687 words).
2025-11-29 18:34:51,868 - INFO - Duplicate article skipped: Hong Kong community groups deliver aid to survivors of Wang Fuk Court fire | Hong Kong apartment fires | The Guardian from The Guardian
2025-11-29 18:34:52,795 - INFO - [The Guardian] Article: https://www.theguardian.com/world/2025/nov/28/bear-attacks-man-public-toilet-japan
2025-11-29 18:34:52,795 - INFO - [The Guardian] Attempt 1/1: Trying with 'requests_browser' strategy...
2025-11-29 18:34:52,850 - INFO - [The Guardian] Success with 'requests_browser'. Found content (373 words).
2025-11-29 18:34:52,976 - INFO - Duplicate article skipped: Bear attacks man in public toilet in Japan | Japan | The Guardian from The Guardian
2025-11-29 18:34:53,022 - INFO - [BBC] Article: https://www.bbc.com/news/articles/cy7v6xl4me8o?at_medium=RSS&at_campaign=rss
2025-11-29 18:34:53,022 - INFO - [BBC] Attempt 1/1: Trying with 'requests_browser' strategy...
2025-11-29 18:34:53,090 - INFO - [The Hindu] Page content loaded.
2025-11-29 18:34:53,114 - INFO - [BBC] Success with 'requests_browser'. Found content (1445 words).
2025-11-29 18:34:53,169 - INFO - Duplicate article skipped: Why the rich and powerful couldn't say no to Epstein from BBC
2025-11-29 18:34:53,195 - INFO - [The Hindu] Success with 'selenium_browser'. Found content (273 words).
2025-11-29 18:34:53,507 - INFO - [The Guardian] Article: https://www.theguardian.com/australia-news/2025/nov/29/australian-prime-minister-anthony-albanese-marries-jodie-haydon-wedding-canberra
2025-11-29 18:34:53,508 - INFO - [The Guardian] Attempt 1/1: Trying with 'requests_browser' strategy...
2025-11-29 18:34:53,558 - INFO - [The Guardian] Success with 'requests_browser'. Found content (794 words).
2025-11-29 18:34:53,824 - INFO - [BBC] Article: https://www.bbc.com/news/articles/c1dz36ep673o?at_medium=RSS&at_campaign=rss
2025-11-29 18:34:53,824 - INFO - [BBC] Attempt 1/1: Trying with 'requests_browser' strategy...
2025-11-29 18:34:53,911 - INFO - [BBC] Success with 'requests_browser'. Found content (1327 words).
2025-11-29 18:35:04,667 - INFO - Saved article: Passing-out parade held at Indian Naval Academy - The Hindu from The Hindu
2025-11-29 18:35:04,667 - INFO - Duplicate article skipped: Australian prime minister, Anthony Albanese, marries partner Jodie Haydon | Anthony Albanese | The Guardian from The Guardian
2025-11-29 18:35:04,667 - INFO - Duplicate article skipped: Donald Trump pledges to tackle Sudan atrocities - what difference can he make? from BBC
2025-11-29 18:35:05,297 - INFO - [BBC] Article: https://www.bbc.com/news/articles/cly3e1261dko?at_medium=RSS&at_campaign=rss
2025-11-29 18:35:05,297 - INFO - [BBC] Attempt 1/1: Trying with 'requests_browser' strategy...
2025-11-29 18:35:05,327 - INFO - [BBC] Success with 'requests_browser'. Found content (1237 words).
2025-11-29 18:35:05,365 - INFO - Duplicate article skipped: How were Afghan evacuees vetted under Biden? from BBC
2025-11-29 18:35:05,661 - INFO - [The Hindu] Article: https://www.thehindu.com/news/national/kerala/plea-before-hc-challenges-posting-of-bouncers-at-poornathrayeesa-temple/article70339514.ece
2025-11-29 18:35:05,662 - INFO - [The Hindu] Attempt 1/1: Trying with 'selenium_browser' strategy...
2025-11-29 18:35:05,978 - INFO - [The Guardian] Article: https://www.theguardian.com/business/2025/nov/29/jetstar-cancel-domestic-flights-australia-global-airbus-a320-recall
2025-11-29 18:35:05,978 - INFO - [The Guardian] Attempt 1/1: Trying with 'requests_browser' strategy...
2025-11-29 18:35:06,023 - INFO - [The Guardian] Success with 'requests_browser'. Found content (880 words).
2025-11-29 18:35:06,101 - INFO - Duplicate article skipped: Jetstar cancels 90 domestic flights across Australia after global Airbus A320 recall | Airbus | The Guardian from The Guardian
2025-11-29 18:35:06,349 - INFO - [BBC] Article: https://www.bbc.com/news/articles/cn8e5j20g27o?at_medium=RSS&at_campaign=rss
2025-11-29 18:35:06,349 - INFO - [BBC] Attempt 1/1: Trying with 'requests_browser' strategy...
2025-11-29 18:35:06,363 - INFO - [The Hindu] Page content loaded.
2025-11-29 18:35:06,458 - INFO - [The Hindu] Success with 'selenium_browser'. Found content (157 words).
2025-11-29 18:35:06,843 - INFO - [BBC] Success with 'requests_browser'. Found content (805 words).
2025-11-29 18:35:06,891 - INFO - [The Guardian] Article: https://www.theguardian.com/australia-news/2025/nov/28/virginia-giuffres-sons-deny-unsigned-document-is-their-mothers-will
2025-11-29 18:35:06,891 - INFO - [The Guardian] Attempt 1/1: Trying with 'requests_browser' strategy...
2025-11-29 18:35:06,960 - INFO - [The Guardian] Success with 'requests_browser'. Found content (777 words).
2025-11-29 18:35:19,249 - INFO - Saved article: Plea before HC challenges posting of ‘bouncers’ at Poornathrayeesa temple - The Hindu from The Hindu
2025-11-29 18:35:19,251 - INFO - Duplicate article skipped: Hong Kong fire: Anger and unanswered questions from BBC
2025-11-29 18:35:19,252 - INFO - Duplicate article skipped: Virginia Giuffre’s sons deny unsigned document is their mother’s will | Western Australia | The Guardian from The Guardian
2025-11-29 18:35:20,017 - INFO - [The Hindu] Article: https://www.thehindu.com/news/national/kerala/person-of-unsound-mind-trespasses-into-pangode-military-camp/article70339685.ece
2025-11-29 18:35:20,018 - INFO - [The Hindu] Attempt 1/1: Trying with 'selenium_browser' strategy...
2025-11-29 18:35:20,174 - INFO - [The Guardian] Article: https://www.theguardian.com/australia-news/2025/nov/29/mineral-sunscreens-australia-identical-to-others
2025-11-29 18:35:20,174 - INFO - [The Guardian] Attempt 1/1: Trying with 'requests_browser' strategy...
2025-11-29 18:35:20,211 - INFO - [The Guardian] Success with 'requests_browser'. Found content (932 words).
2025-11-29 18:35:20,270 - INFO - Duplicate article skipped: ‘Mineral’ sunscreens marketed to Australians contain almost identical chemicals as others, testing shows | Consumer affairs | The Guardian from The Guardian
2025-11-29 18:35:20,299 - INFO - [BBC] Article: https://www.bbc.com/news/articles/c4g4jlgdyjdo?at_medium=RSS&at_campaign=rss
2025-11-29 18:35:20,299 - INFO - [BBC] Attempt 1/1: Trying with 'requests_browser' strategy...
2025-11-29 18:35:20,352 - INFO - [BBC] Success with 'requests_browser'. Found content (2091 words).
2025-11-29 18:35:20,419 - INFO - Duplicate article skipped: Nigeria's security crises: A guide to the different groups causing chaos from BBC
2025-11-29 18:35:20,871 - INFO - [The Guardian] Article: https://www.theguardian.com/australia-news/2025/nov/29/exclusive-gun-club-linked-to-andrew-hastie-awarded-almost-20000-in-government-grants
2025-11-29 18:35:20,871 - INFO - [The Guardian] Attempt 1/1: Trying with 'requests_browser' strategy...
2025-11-29 18:35:20,916 - INFO - [The Guardian] Success with 'requests_browser'. Found content (715 words).
2025-11-29 18:35:20,991 - INFO - Duplicate article skipped: Exclusive gun club linked to Andrew Hastie awarded almost $20,000 in government grants | Andrew Hastie | The Guardian from The Guardian
2025-11-29 18:35:21,380 - INFO - [The Hindu] Page content loaded.
2025-11-29 18:35:21,445 - INFO - [The Hindu] Success with 'selenium_browser'. Found content (156 words).
2025-11-29 18:35:34,031 - INFO - Saved article: Person of unsound mind trespasses into Pangode military camp - The Hindu from The Hindu
2025-11-29 18:35:35,257 - INFO - [The Hindu] Article: https://www.thehindu.com/news/national/karnataka/businessman-arrested-for-injecting-wife-mith-mercury-criminal-charges-altered-to-dowry-death/article70339673.ece
2025-11-29 18:35:35,257 - INFO - [The Hindu] Attempt 1/1: Trying with 'selenium_browser' strategy...
2025-11-29 18:35:36,192 - INFO - [The Hindu] Page content loaded.
2025-11-29 18:35:36,351 - INFO - [The Hindu] Success with 'selenium_browser'. Found content (311 words).
2025-11-29 18:35:38,325 - ERROR - [Times of India] Request failed for strategy 'selenium_browser' on URL https://timesofindia.indiatimes.com/world/us-streamers/candace-owens-and-charlie-kirk-controversy-explained-inside-her-statements-on-erika-kirk-emmanuel-macron-and-mystery-around-his-death/articleshow/125661671.cms: HTTPConnectionPool(host='localhost', port=56139): Read timed out. (read timeout=120)
2025-11-29 18:35:38,325 - ERROR - [Times of India] All scrape strategies failed for https://timesofindia.indiatimes.com/world/us-streamers/candace-owens-and-charlie-kirk-controversy-explained-inside-her-statements-on-erika-kirk-emmanuel-macron-and-mystery-around-his-death/articleshow/125661671.cms. Falling back to RSS description.
2025-11-29 18:35:49,402 - INFO - Saved article: Businessman arrested for injecting wife with mercury; criminal charges altered to dowry death - The Hindu from The Hindu
2025-11-29 18:35:50,468 - INFO - [The Hindu] Article: https://www.thehindu.com/news/national/tamil-nadu/higher-education-will-help-earn-better-per-capita-income-vit-chancellor/article70338779.ece
2025-11-29 18:35:50,468 - INFO - [The Hindu] Attempt 1/1: Trying with 'selenium_browser' strategy...
2025-11-29 18:35:52,416 - INFO - [The Hindu] Page content loaded.
2025-11-29 18:35:53,419 - INFO - [The Hindu] Success with 'selenium_browser'. Found content (324 words).
2025-11-29 18:36:02,424 - INFO - Saved article: Candace Owens and Charlie Kirk controversy explained: Inside her statements on Erika Kirk, Emmanuel Macron and mystery around his death from Times of India
2025-11-29 18:36:03,151 - INFO - [Times of India] Article: https://timesofindia.indiatimes.com/world/us-streamers/anthony-sargon-faces-huge-backlash-after-attacking-asmongolds-late-father-in-viral-stream-rant/articleshow/125661642.cms
2025-11-29 18:36:03,151 - INFO - [Times of India] Attempt 1/1: Trying with 'selenium_browser' strategy...
2025-11-29 18:36:13,799 - INFO - Saved article: Higher education will help earn better per capita income: VIT Chancellor - The Hindu from The Hindu
2025-11-29 18:36:14,983 - INFO - [The Hindu] Article: https://www.thehindu.com/news/national/karnataka/bmtc-conductor-bswml-marshal-among-qualifiers-in-kset/article70338944.ece
2025-11-29 18:36:14,983 - INFO - [The Hindu] Attempt 1/1: Trying with 'selenium_browser' strategy...
2025-11-29 18:36:15,522 - INFO - [The Hindu] Page content loaded.
2025-11-29 18:36:15,572 - INFO - [The Hindu] Success with 'selenium_browser'. Found content (194 words).
2025-11-29 18:36:28,417 - INFO - Saved article: BMTC conductor, BSWML marshal among qualifiers in KSET - The Hindu from The Hindu
2025-11-29 18:36:29,479 - INFO - [The Hindu] Article: https://www.thehindu.com/news/national/andhra-pradesh/ap-bags-igbc-green-champion-award-for-leadership-in-sustainable-development/article70339449.ece
2025-11-29 18:36:29,479 - INFO - [The Hindu] Attempt 1/1: Trying with 'selenium_browser' strategy...
2025-11-29 18:36:30,809 - INFO - [The Hindu] Page content loaded.
2025-11-29 18:36:30,954 - INFO - [The Hindu] Success with 'selenium_browser'. Found content (255 words).
2025-11-29 18:36:43,036 - INFO - Saved article: A.P. bags IGBC Green champion award for leadership in sustainable development - The Hindu from The Hindu
2025-11-29 18:36:44,186 - INFO - [The Hindu] Article: https://www.thehindu.com/news/national/karnataka/seers-should-keep-away-from-politics-warns-hdk/article70339360.ece
2025-11-29 18:36:44,187 - INFO - [The Hindu] Attempt 1/1: Trying with 'selenium_browser' strategy...
2025-11-29 18:36:45,098 - INFO - [The Hindu] Page content loaded.
2025-11-29 18:36:45,320 - INFO - [The Hindu] Success with 'selenium_browser'. Found content (148 words).
2025-11-29 18:36:58,043 - INFO - Saved article: Seers should keep away from politics, warns HDK - The Hindu from The Hindu
2025-11-29 18:36:58,690 - INFO - [The Hindu] Article: https://www.thehindu.com/news/national/kerala/man-gets-life-term-for-murdering-elderly-woman/article70339676.ece
2025-11-29 18:36:58,690 - INFO - [The Hindu] Attempt 1/1: Trying with 'selenium_browser' strategy...
2025-11-29 18:36:59,998 - INFO - [The Hindu] Page content loaded.
2025-11-29 18:37:00,071 - INFO - [The Hindu] Success with 'selenium_browser'. Found content (218 words).
2025-11-29 18:37:12,721 - INFO - Saved article: Man gets life term for murdering elderly woman - The Hindu from The Hindu
2025-11-29 18:37:13,709 - INFO - [The Hindu] Article: https://www.thehindu.com/news/national/kerala/ins-vikrant-to-be-star-attraction-of-navy-day-celebrations-on-december-3-in-kerala/article70339651.ece
2025-11-29 18:37:13,709 - INFO - [The Hindu] Attempt 1/1: Trying with 'selenium_browser' strategy...
2025-11-29 18:37:14,674 - INFO - [The Hindu] Page content loaded.
2025-11-29 18:37:14,806 - INFO - [The Hindu] Success with 'selenium_browser'. Found content (115 words).
2025-11-29 18:37:27,366 - INFO - Saved article: INS Vikrant to be star attraction of Navy Day celebrations on December 3 in Kerala - The Hindu from The Hindu
2025-11-29 18:37:28,183 - INFO - [The Hindu] Article: https://www.thehindu.com/news/national/andhra-pradesh/cyclone-ditwah-triggers-light-showers-in-tirupati-nellore-and-chittoor-districts/article70339271.ece
2025-11-29 18:37:28,183 - INFO - [The Hindu] Attempt 1/1: Trying with 'selenium_browser' strategy...
2025-11-29 18:37:29,097 - INFO - [The Hindu] Page content loaded.
2025-11-29 18:37:29,572 - INFO - [The Hindu] Success with 'selenium_browser'. Found content (504 words).
2025-11-29 18:37:41,706 - INFO - DEDUPLICATION: Found match (Score: 0.88). Linking to Cluster ID: 0ea70551-74c8-4d4d-8e17-bd2ed0ae19ac
2025-11-29 18:37:41,708 - INFO - Saved article: Cyclone Ditwah triggers light showers in Tirupati, Nellore and Chittoor districts - The Hindu from The Hindu
2025-11-29 18:37:42,774 - INFO - [The Hindu] Article: https://www.thehindu.com/news/national/andhra-pradesh/placement-officers-play-key-role-in-preparing-graduates-for-jobs-says-labour-minister/article70339467.ece
2025-11-29 18:37:42,774 - INFO - [The Hindu] Attempt 1/1: Trying with 'selenium_browser' strategy...
2025-11-29 18:37:44,015 - INFO - [The Hindu] Page content loaded.
2025-11-29 18:37:44,670 - INFO - [The Hindu] Success with 'selenium_browser'. Found content (257 words).
2025-11-29 18:37:44,749 - INFO - Duplicate article skipped: Placement officers play key role in preparing graduates for jobs, says Labour Minister - The Hindu from The Hindu
2025-11-29 18:37:45,771 - INFO - [The Hindu] Article: https://www.thehindu.com/news/national/tamil-nadu/bjp-governments-betrayal-of-tamil-nadu-unacceptable-says-chief-minister-mk-stalin/article70339325.ece
2025-11-29 18:37:45,771 - INFO - [The Hindu] Attempt 1/1: Trying with 'selenium_browser' strategy...
2025-11-29 18:37:46,387 - INFO - [The Hindu] Page content loaded.
2025-11-29 18:37:46,544 - INFO - [The Hindu] Success with 'selenium_browser'. Found content (154 words).
2025-11-29 18:37:46,631 - INFO - Duplicate article skipped: BJP government’s betrayal of Tamil Nadu unacceptable, says Chief Minister M.K. Stalin - The Hindu from The Hindu
2025-11-29 18:37:47,168 - INFO - [The Hindu] Article: https://www.thehindu.com/news/national/kerala/kwa-readies-design-of-new-water-tank-at-thammanam/article70339269.ece
2025-11-29 18:37:47,168 - INFO - [The Hindu] Attempt 1/1: Trying with 'selenium_browser' strategy...
2025-11-29 18:37:48,420 - INFO - [The Hindu] Page content loaded.
2025-11-29 18:37:48,485 - INFO - [The Hindu] Success with 'selenium_browser'. Found content (295 words).
2025-11-29 18:37:48,568 - INFO - Duplicate article skipped: KWA readies design of new water tank at Thammanam - The Hindu from The Hindu
2025-11-29 18:37:49,959 - INFO - [The Hindu] Article: https://www.thehindu.com/news/national/kerala/keralas-waste-makeover-meets-poll-silence/article70335351.ece
2025-11-29 18:37:49,959 - INFO - [The Hindu] Attempt 1/1: Trying with 'selenium_browser' strategy...
2025-11-29 18:37:50,851 - INFO - [The Hindu] Page content loaded.
2025-11-29 18:37:51,024 - INFO - [The Hindu] Success with 'selenium_browser'. Found content (722 words).
2025-11-29 18:37:51,105 - INFO - Duplicate article skipped: Kerala’s waste makeover meets poll silence - The Hindu from The Hindu
2025-11-29 18:37:52,357 - INFO - [The Hindu] Article: https://www.thehindu.com/news/national/maharashtra/dalrymple-urges-maharashtra-government-to-spotlight-unknown-treasures-at-ellora-caves/article70339426.ece
2025-11-29 18:37:52,357 - INFO - [The Hindu] Attempt 1/1: Trying with 'selenium_browser' strategy...
2025-11-29 18:37:53,254 - INFO - [The Hindu] Page content loaded.
2025-11-29 18:37:53,335 - INFO - [The Hindu] Success with 'selenium_browser'. Found content (642 words).
2025-11-29 18:37:53,431 - INFO - Duplicate article skipped: Dalrymple urges Maharashtra government to spotlight unknown treasures at Ellora Caves - The Hindu from The Hindu
2025-11-29 18:37:54,869 - INFO - [The Hindu] Article: https://www.thehindu.com/news/national/west-bengal/day-after-meeting-with-ec-trinamool-congress-asks-poll-body-to-release-transcript/article70338837.ece
2025-11-29 18:37:54,869 - INFO - [The Hindu] Attempt 1/1: Trying with 'selenium_browser' strategy...
2025-11-29 18:37:55,965 - INFO - [The Hindu] Page content loaded.
2025-11-29 18:37:56,031 - INFO - [The Hindu] Success with 'selenium_browser'. Found content (383 words).
2025-11-29 18:37:56,127 - INFO - Duplicate article skipped: Day after meeting with EC, Trinamool Congress asks poll body to release transcript - The Hindu from The Hindu
2025-11-29 18:37:57,393 - INFO - [The Hindu] (Thread) Finished. Attempting to shut down its Selenium driver.
2025-11-29 18:37:57,606 - INFO - [The Hindu] (Thread) driver.quit() successful.
2025-11-29 18:38:03,252 - ERROR - [Times of India] Request failed for strategy 'selenium_browser' on URL https://timesofindia.indiatimes.com/world/us-streamers/anthony-sargon-faces-huge-backlash-after-attacking-asmongolds-late-father-in-viral-stream-rant/articleshow/125661642.cms: HTTPConnectionPool(host='localhost', port=56139): Read timed out. (read timeout=120)
2025-11-29 18:38:03,252 - ERROR - [Times of India] All scrape strategies failed for https://timesofindia.indiatimes.com/world/us-streamers/anthony-sargon-faces-huge-backlash-after-attacking-asmongolds-late-father-in-viral-stream-rant/articleshow/125661642.cms. Falling back to RSS description.
2025-11-29 18:38:14,850 - INFO - Saved article: Anthony Sargon faces huge backlash after attacking Asmongold’s late father in viral stream rant from Times of India
2025-11-29 18:38:16,036 - INFO - [Times of India] Article: https://timesofindia.indiatimes.com/world/uk/divert-their-flights-to-british-far-right-activist-reacts-to-uae-stopping-visas-for-pakistani-citizens/articleshow/125661532.cms
2025-11-29 18:38:16,036 - INFO - [Times of India] Attempt 1/1: Trying with 'selenium_browser' strategy...
2025-11-29 18:38:28,069 - CRITICAL - --- TIMEOUT: 1 scrape jobs did not complete in 300s. ---
2025-11-29 18:38:28,069 - ERROR - A thread has timed out and will be abandoned.
2025-11-29 18:38:28,070 - INFO - Shutting down thread pool (wait=False)...
2025-11-29 18:38:28,070 - INFO - Scraped: 0 BBC, 1 The Guardian, 14 The Hindu, 1 Timed_Out_Jobs articles. (Total saved: 15)
2025-11-29 18:38:28,070 - INFO - --- Scraping job finished ---
2025-11-29 18:38:28,070 - INFO - --- Scraper service stopped and database connection closed. ---
2025-11-29 18:38:28,070 - INFO - --- Main thread finished. Forcing process exit to kill zombie threads. ---
