2025-12-03 05:25:35,139 - INFO - Loading AI Semantic Model (all-MiniLM-L6-v2)...
2025-12-03 05:25:35,140 - INFO - Use pytorch device_name: cpu
2025-12-03 05:25:35,140 - INFO - Load pretrained SentenceTransformer: all-MiniLM-L6-v2
2025-12-03 05:25:36,066 - INFO - AI Model loaded successfully.
2025-12-03 05:25:36,066 - INFO - Initializing database connection at: news_articles.db
2025-12-03 05:25:36,066 - INFO - --- Scraper service started (CI Mode: Run Once) ---
2025-12-03 05:25:36,066 - INFO - --- Starting new scraping job (Parallel Mode) ---
2025-12-03 05:25:36,066 - INFO - Creating new robust session with 3 retries on 5xx/connection/read errors.
2025-12-03 05:25:36,066 - INFO - Proxy is DISABLED.
2025-12-03 05:25:36,067 - INFO - Starting scrape for BBC RSS feed: http://feeds.bbci.co.uk/news/world/rss.xml
2025-12-03 05:25:36,068 - INFO - [Times of India] (Thread) requires Selenium. Initializing driver...
2025-12-03 05:25:36,068 - INFO - Initializing headless Selenium Chrome driver (using SeleniumManager)...
2025-12-03 05:25:36,068 - INFO - Starting scrape for The Guardian RSS feed: https://www.theguardian.com/world/rss
2025-12-03 05:25:36,070 - INFO - [The Hindu] (Thread) requires Selenium. Initializing driver...
2025-12-03 05:25:36,070 - INFO - Initializing headless Selenium Chrome driver (using SeleniumManager)...
2025-12-03 05:25:36,070 - INFO - Submitted 4 jobs to thread pool. Waiting up to 300s for completion...
2025-12-03 05:25:36,440 - INFO - Found 45 articles in The Guardian RSS feed. Processing up to 20.
2025-12-03 05:25:36,441 - INFO - [The Guardian] Article: https://www.theguardian.com/us-news/2025/dec/02/trump-somali-immigrants-minnesota
2025-12-03 05:25:36,441 - INFO - [The Guardian] Attempt 1/1: Trying with 'requests_browser' strategy...
2025-12-03 05:25:36,475 - INFO - [The Guardian] Success with 'requests_browser'. Found content (473 words).
2025-12-03 05:25:36,510 - INFO - Duplicate article skipped: Trump calls Somali immigrants ‘garbage’ as US reportedly targets Minnesota community | Trump administration | The Guardian from The Guardian
2025-12-03 05:25:36,864 - INFO - Found 38 articles in BBC RSS feed. Processing up to 20.
2025-12-03 05:25:36,864 - INFO - [BBC] Article: https://www.bbc.com/news/articles/cwyv0ex7v8ro?at_medium=RSS&at_campaign=rss
2025-12-03 05:25:36,864 - INFO - [BBC] Attempt 1/1: Trying with 'requests_browser' strategy...
2025-12-03 05:25:37,204 - INFO - [BBC] Success with 'requests_browser'. Found content (952 words).
2025-12-03 05:25:37,240 - INFO - Duplicate article skipped: Kremlin signals no breakthrough after Ukraine talks with US from BBC
2025-12-03 05:25:37,303 - INFO - [The Guardian] Article: https://www.theguardian.com/world/2025/dec/01/south-africans-court-alleged-recruitment-russia-war-ukraine
2025-12-03 05:25:37,303 - INFO - [The Guardian] Attempt 1/1: Trying with 'requests_browser' strategy...
2025-12-03 05:25:37,342 - INFO - [The Guardian] Success with 'requests_browser'. Found content (506 words).
2025-12-03 05:25:37,391 - INFO - Duplicate article skipped: Five South Africans in court over alleged recruitment for Russia’s war in Ukraine | South Africa | The Guardian from The Guardian
2025-12-03 05:25:37,991 - INFO - [The Guardian] Article: https://www.theguardian.com/global-development/2025/dec/01/global-health-hiv-aids-funding-cuts-infections-prevention
2025-12-03 05:25:37,991 - INFO - [The Guardian] Attempt 1/1: Trying with 'requests_browser' strategy...
2025-12-03 05:25:38,024 - INFO - [The Guardian] Success with 'requests_browser'. Found content (674 words).
2025-12-03 05:25:38,063 - INFO - Duplicate article skipped: Aid cuts have shaken HIV/Aids care to its core – and will mean millions more infections ahead | Global health | The Guardian from The Guardian
2025-12-03 05:25:38,207 - INFO - [BBC] Article: https://www.bbc.com/news/articles/cpq47derx2vo?at_medium=RSS&at_campaign=rss
2025-12-03 05:25:38,207 - INFO - [BBC] Attempt 1/1: Trying with 'requests_browser' strategy...
2025-12-03 05:25:38,249 - INFO - [BBC] Success with 'requests_browser'. Found content (991 words).
2025-12-03 05:25:38,299 - INFO - Duplicate article skipped: Ukrainians in war-ravaged Donbas weigh prospects of peace deal from BBC
2025-12-03 05:25:38,923 - INFO - [The Guardian] Article: https://www.theguardian.com/world/2025/nov/30/african-leaders-push-for-recognition-of-colonial-crimes-and-reparations
2025-12-03 05:25:38,923 - INFO - [The Guardian] Attempt 1/1: Trying with 'requests_browser' strategy...
2025-12-03 05:25:38,962 - INFO - [The Guardian] Success with 'requests_browser'. Found content (670 words).
2025-12-03 05:25:39,140 - INFO - Duplicate article skipped: African leaders push for recognition of colonial crimes and reparations | Colonialism | The Guardian from The Guardian
2025-12-03 05:25:39,754 - INFO - [BBC] Article: https://www.bbc.com/news/articles/c0r95q9kv1go?at_medium=RSS&at_campaign=rss
2025-12-03 05:25:39,755 - INFO - [BBC] Attempt 1/1: Trying with 'requests_browser' strategy...
2025-12-03 05:25:39,798 - INFO - [BBC] Success with 'requests_browser'. Found content (1075 words).
2025-12-03 05:25:39,810 - INFO - [The Guardian] Article: https://www.theguardian.com/world/2025/nov/28/jacob-zuma-daughter-resigns-claims-south-africans-tricked-fight-russia
2025-12-03 05:25:39,810 - INFO - [The Guardian] Attempt 1/1: Trying with 'requests_browser' strategy...
2025-12-03 05:25:39,840 - INFO - Duplicate article skipped: US authorised second deadly Venezuela boat strike, White House says from BBC
2025-12-03 05:25:39,856 - INFO - [The Guardian] Success with 'requests_browser'. Found content (753 words).
2025-12-03 05:25:39,891 - INFO - Duplicate article skipped: Jacob Zuma’s daughter resigns amid claims South Africans tricked to fight for Russia | South Africa | The Guardian from The Guardian
2025-12-03 05:25:40,529 - INFO - [BBC] Article: https://www.bbc.com/news/articles/cedxyvx74p4o?at_medium=RSS&at_campaign=rss
2025-12-03 05:25:40,529 - INFO - [BBC] Attempt 1/1: Trying with 'requests_browser' strategy...
2025-12-03 05:25:40,567 - INFO - [BBC] Success with 'requests_browser'. Found content (768 words).
2025-12-03 05:25:40,606 - INFO - Duplicate article skipped: Sanchar Saathi: India mandates state-owned cyber safety app on all smartphones from BBC
2025-12-03 05:25:41,008 - INFO - [The Guardian] Article: https://www.theguardian.com/us-news/live/2025/dec/02/donald-trump-pete-hegseth-boat-venezuela-maduro-tennessee-us-politics-live-news-updates
2025-12-03 05:25:41,008 - INFO - [The Guardian] Attempt 1/1: Trying with 'requests_browser' strategy...
2025-12-03 05:25:41,268 - INFO - [The Guardian] Success with 'requests_browser'. Found content (4155 words).
2025-12-03 05:25:41,359 - INFO - Duplicate article skipped: Pete Hegseth says he ‘didn’t stick around’ to watch second strike on alleged drug boat as Democrats slam administration over attacks – as it happened | Trump administration | The Guardian from The Guardian
2025-12-03 05:25:41,404 - INFO - [BBC] Article: https://www.bbc.com/news/articles/cn41jge1990o?at_medium=RSS&at_campaign=rss
2025-12-03 05:25:41,404 - INFO - [BBC] Attempt 1/1: Trying with 'requests_browser' strategy...
2025-12-03 05:25:41,438 - INFO - [BBC] Success with 'requests_browser'. Found content (595 words).
2025-12-03 05:25:41,475 - INFO - Duplicate article skipped: Pope prays at site of Beirut port blast at end of Lebanon visit from BBC
2025-12-03 05:25:42,177 - INFO - [The Guardian] Article: https://www.theguardian.com/world/2025/dec/02/trump-intervention-honduras-presidential-vote-count-stalls-nasry-asfura
2025-12-03 05:25:42,177 - INFO - [The Guardian] Attempt 1/1: Trying with 'requests_browser' strategy...
2025-12-03 05:25:42,213 - INFO - [The Guardian] Success with 'requests_browser'. Found content (945 words).
2025-12-03 05:25:42,255 - INFO - Duplicate article skipped: Trump frees ex-Honduran president from prison as country awaits knife-edge election result | Honduras | The Guardian from The Guardian
2025-12-03 05:25:42,547 - INFO - [BBC] Article: https://www.bbc.com/news/articles/cg7v24m1leyo?at_medium=RSS&at_campaign=rss
2025-12-03 05:25:42,547 - INFO - [BBC] Attempt 1/1: Trying with 'requests_browser' strategy...
2025-12-03 05:25:42,586 - INFO - [BBC] Success with 'requests_browser'. Found content (236 words).
2025-12-03 05:25:42,632 - INFO - Duplicate article skipped: Rare Fabergé egg fetches record £22.9m at London auction from BBC
2025-12-03 05:25:42,913 - INFO - [The Guardian] Article: https://www.theguardian.com/us-news/2025/dec/02/pete-hegseth-franklin-the-turtle
2025-12-03 05:25:42,913 - INFO - [The Guardian] Attempt 1/1: Trying with 'requests_browser' strategy...
2025-12-03 05:25:42,944 - INFO - [The Guardian] Success with 'requests_browser'. Found content (438 words).
2025-12-03 05:25:42,982 - INFO - Duplicate article skipped: Publisher condemns ‘violent’ use of Franklin the Turtle after Hegseth’s boat strike post | Pete Hegseth | The Guardian from The Guardian
2025-12-03 05:25:43,177 - INFO - Selenium driver initialized successfully.
2025-12-03 05:25:43,177 - INFO - Starting scrape for The Hindu RSS feed: https://www.thehindu.com/news/national/feeder/default.rss
2025-12-03 05:25:43,178 - INFO - Selenium driver initialized successfully.
2025-12-03 05:25:43,178 - INFO - Starting scrape for Times of India RSS feed: https://timesofindia.indiatimes.com/rssfeeds/296589292.cms
2025-12-03 05:25:43,320 - INFO - Found 100 articles in The Hindu RSS feed. Processing up to 20.
2025-12-03 05:25:43,321 - INFO - [The Hindu] Article: https://www.thehindu.com/news/national/karnataka/nearly-40-companies-sign-up-for-jito-job-fair-in-belagavi/article70351888.ece
2025-12-03 05:25:43,321 - INFO - [The Hindu] Attempt 1/1: Trying with 'selenium_browser' strategy...
2025-12-03 05:25:43,458 - INFO - Found 20 articles in Times of India RSS feed. Processing up to 20.
2025-12-03 05:25:43,458 - INFO - [Times of India] Article: https://timesofindia.indiatimes.com/world/us/lacks-moral-characterindian-national-jailed-in-us-over-mediacare-fraud-siphoned-off-1-17-million/articleshow/125734035.cms
2025-12-03 05:25:43,458 - INFO - [Times of India] Attempt 1/1: Trying with 'selenium_browser' strategy...
2025-12-03 05:25:44,021 - INFO - [BBC] Article: https://www.bbc.com/news/articles/c0q5n3x0jn9o?at_medium=RSS&at_campaign=rss
2025-12-03 05:25:44,021 - INFO - [BBC] Attempt 1/1: Trying with 'requests_browser' strategy...
2025-12-03 05:25:44,257 - INFO - [BBC] Success with 'requests_browser'. Found content (328 words).
2025-12-03 05:25:44,333 - INFO - Duplicate article skipped: Thousands of rounds of German army ammunition stolen from lorry from BBC
2025-12-03 05:25:44,439 - INFO - [The Guardian] Article: https://www.theguardian.com/us-news/2025/dec/02/monterrey-mexico-air-quality-industrial-pollution
2025-12-03 05:25:44,439 - INFO - [The Guardian] Attempt 1/1: Trying with 'requests_browser' strategy...
2025-12-03 05:25:44,532 - INFO - [The Guardian] Success with 'requests_browser'. Found content (3688 words).
2025-12-03 05:25:44,624 - INFO - Duplicate article skipped: Revealed: Mexico’s industrial boomtown is making goods for the US. Residents say they’re ‘breathing poison’ | Mexico | The Guardian from The Guardian
2025-12-03 05:25:45,813 - INFO - [BBC] Article: https://www.bbc.com/news/articles/c93n4nx5yqro?at_medium=RSS&at_campaign=rss
2025-12-03 05:25:45,814 - INFO - [BBC] Attempt 1/1: Trying with 'requests_browser' strategy...
2025-12-03 05:25:45,832 - INFO - [The Guardian] Article: https://www.theguardian.com/world/2025/dec/02/st-lucia-election-prime-minister-philip-pierre-wins
2025-12-03 05:25:45,832 - INFO - [The Guardian] Attempt 1/1: Trying with 'requests_browser' strategy...
2025-12-03 05:25:45,979 - INFO - [The Guardian] Success with 'requests_browser'. Found content (313 words).
2025-12-03 05:25:46,037 - INFO - [BBC] Success with 'requests_browser'. Found content (1032 words).
2025-12-03 05:25:46,149 - INFO - Duplicate article skipped: St Lucia prime minister Philip Pierre keeps majority as ruling party wins | St Lucia | The Guardian from The Guardian
2025-12-03 05:25:46,186 - INFO - Duplicate article skipped: Why is US President Trump threatening Venezuela's President Maduro? from BBC
2025-12-03 05:25:47,027 - INFO - [BBC] Article: https://www.bbc.com/news/articles/ce3wq2zznz1o?at_medium=RSS&at_campaign=rss
2025-12-03 05:25:47,027 - INFO - [BBC] Attempt 1/1: Trying with 'requests_browser' strategy...
2025-12-03 05:25:47,273 - INFO - [BBC] Success with 'requests_browser'. Found content (740 words).
2025-12-03 05:25:47,410 - INFO - [The Hindu] Page content loaded.
2025-12-03 05:25:47,429 - INFO - Duplicate article skipped: Guinea Bissau coup: Nigeria grants asylum to presidential candidate Fernando Dias from BBC
2025-12-03 05:25:47,522 - INFO - [The Guardian] Article: https://www.theguardian.com/world/2025/dec/02/uk-government-delays-china-super-embassy-january
2025-12-03 05:25:47,522 - INFO - [The Guardian] Attempt 1/1: Trying with 'requests_browser' strategy...
2025-12-03 05:25:47,560 - INFO - [The Hindu] Success with 'selenium_browser'. Found content (118 words).
2025-12-03 05:25:47,735 - INFO - [The Guardian] Success with 'requests_browser'. Found content (619 words).
2025-12-03 05:25:48,872 - INFO - [BBC] Article: https://www.bbc.com/news/articles/ce8ng18p7v3o?at_medium=RSS&at_campaign=rss
2025-12-03 05:25:48,872 - INFO - [BBC] Attempt 1/1: Trying with 'requests_browser' strategy...
2025-12-03 05:25:49,222 - INFO - [BBC] Success with 'requests_browser'. Found content (582 words).
2025-12-03 05:25:56,366 - INFO - [Times of India] Page content loaded.
2025-12-03 05:25:56,938 - INFO - [Times of India] Success with 'selenium_browser'. Found content (389 words).
2025-12-03 05:26:08,066 - INFO - Saved article: Nearly 40 companies sign up for JITO job fair in Belagavi - The Hindu from The Hindu
2025-12-03 05:26:08,066 - INFO - Duplicate article skipped: UK government delays decision on China’s super-embassy until January | China | The Guardian from The Guardian
2025-12-03 05:26:08,066 - INFO - Duplicate article skipped: Hong Kong leader orders investigation into deadly fire that killed 151 from BBC
2025-12-03 05:26:08,849 - INFO - [The Guardian] Article: https://www.theguardian.com/world/2025/dec/03/search-for-malaysia-airline-flight-mh370-to-resume-over-11-years-after-plane-went-missing
2025-12-03 05:26:08,849 - INFO - [The Guardian] Attempt 1/1: Trying with 'requests_browser' strategy...
2025-12-03 05:26:08,893 - INFO - [The Guardian] Success with 'requests_browser'. Found content (147 words).
2025-12-03 05:26:09,311 - INFO - [The Hindu] Article: https://www.thehindu.com/news/national/delhi-riots-2020-case-supreme-court-hearing-umar-khalid-sharjeel-imam-bail-plea-live-updates-december-3-2025/article70352097.ece
2025-12-03 05:26:09,311 - INFO - [The Hindu] Attempt 1/1: Trying with 'selenium_browser' strategy...
2025-12-03 05:26:09,479 - INFO - [BBC] Article: https://www.bbc.com/news/articles/c33mz477p4po?at_medium=RSS&at_campaign=rss
2025-12-03 05:26:09,479 - INFO - [BBC] Attempt 1/1: Trying with 'requests_browser' strategy...
2025-12-03 05:26:09,952 - INFO - [BBC] Success with 'requests_browser'. Found content (882 words).
2025-12-03 05:26:12,944 - INFO - [The Hindu] Page content loaded.
2025-12-03 05:26:13,093 - INFO - [The Hindu] Success with 'selenium_browser'. Found content (194 words).
2025-12-03 05:26:22,597 - INFO - Saved article: ‘Lacks moral character’:Indian national jailed in US over mediacare fraud; siphoned off $1.17 million - The Times of India from Times of India
2025-12-03 05:26:22,597 - INFO - Duplicate article skipped: Search for Malaysia Airlines flight MH370 to resume over 11 years after plane went missing | Malaysia Airlines flight MH370 | The Guardian from The Guardian
2025-12-03 05:26:22,598 - INFO - Duplicate article skipped: Luigi Mangione in court as lawyers seek to rule out notebook, gun and other key evidence from BBC
2025-12-03 05:26:23,347 - INFO - [Times of India] Article: https://timesofindia.indiatimes.com/world/us/trump-maduro-spat-venezuela-to-continue-accepting-deported-migrants-move-despite-uss-airspace-closure-assertion/articleshow/125732625.cms
2025-12-03 05:26:23,347 - INFO - [Times of India] Attempt 1/1: Trying with 'selenium_browser' strategy...
2025-12-03 05:26:23,589 - INFO - [BBC] Article: https://www.bbc.com/news/articles/cvgqnklqge7o?at_medium=RSS&at_campaign=rss
2025-12-03 05:26:23,589 - INFO - [BBC] Attempt 1/1: Trying with 'requests_browser' strategy...
2025-12-03 05:26:23,737 - INFO - [The Guardian] Article: https://www.theguardian.com/world/2025/dec/03/uk-china-spying-case-collapse-security-committee-report
2025-12-03 05:26:23,737 - INFO - [The Guardian] Attempt 1/1: Trying with 'requests_browser' strategy...
2025-12-03 05:26:23,805 - INFO - [The Guardian] Success with 'requests_browser'. Found content (885 words).
2025-12-03 05:26:23,993 - INFO - [BBC] Success with 'requests_browser'. Found content (445 words).
2025-12-03 05:26:29,377 - INFO - [Times of India] Page content loaded.
2025-12-03 05:26:29,709 - INFO - [Times of India] Success with 'selenium_browser'. Found content (391 words).
2025-12-03 05:26:37,418 - INFO - DEDUPLICATION: Found match (Score: 0.88). Linking to Cluster ID: b03d17c5-2f13-4701-a4c3-465c3eb5aac1
2025-12-03 05:26:37,425 - INFO - Saved article: Delhi riots case hearing LIVE updates: SC to resume hearing rejoinder submissions on behalf of Umar Khalid, other accused - The Hindu from The Hindu
2025-12-03 05:26:37,425 - INFO - Duplicate article skipped: Handling of China spying case was ‘shambolic’, security committee concludes | Espionage | The Guardian from The Guardian
2025-12-03 05:26:37,425 - INFO - Duplicate article skipped: Zambian-American influencer Ethel Chisono Edwards sentenced to 18 months for hate speech from BBC
2025-12-03 05:26:38,247 - INFO - [The Guardian] Article: https://www.theguardian.com/world/2025/dec/02/global-heating-and-other-human-activity-are-making-asias-floods-more-lethal
2025-12-03 05:26:38,247 - INFO - [The Guardian] Attempt 1/1: Trying with 'requests_browser' strategy...
2025-12-03 05:26:38,305 - INFO - [The Guardian] Success with 'requests_browser'. Found content (718 words).
2025-12-03 05:26:38,336 - INFO - [The Hindu] Article: https://www.thehindu.com/news/national/karnataka/german-delegation-applauds-ksrtcs-inclusive-mobility-innovations-in-bengaluru/article70348982.ece
2025-12-03 05:26:38,336 - INFO - [The Hindu] Attempt 1/1: Trying with 'selenium_browser' strategy...
2025-12-03 05:26:38,520 - INFO - [BBC] Article: https://www.bbc.com/news/articles/cn41jge1990o?at_medium=RSS&at_campaign=rss
2025-12-03 05:26:38,520 - INFO - [BBC] Attempt 1/1: Trying with 'requests_browser' strategy...
2025-12-03 05:26:38,693 - INFO - [BBC] Success with 'requests_browser'. Found content (595 words).
2025-12-03 05:26:39,635 - INFO - [The Hindu] Page content loaded.
2025-12-03 05:26:39,818 - INFO - [The Hindu] Success with 'selenium_browser'. Found content (137 words).
2025-12-03 05:26:50,999 - INFO - Saved article: Trump-Maduro spat: US flights deporting migrants to Venezuela to continue despite claims of airspace closure - The Times of India from Times of India
2025-12-03 05:26:51,000 - INFO - Duplicate article skipped: Global heating and other human activity are making Asia’s floods more lethal | Extreme weather | The Guardian from The Guardian
2025-12-03 05:26:51,000 - INFO - Duplicate article skipped: Pope prays at site of Beirut port blast at end of Lebanon visit from BBC
2025-12-03 05:26:51,000 - INFO - Duplicate article skipped: German delegation applauds KSRTC’s inclusive mobility innovations - The Hindu from The Hindu
2025-12-03 05:26:51,833 - INFO - [Times of India] Article: https://timesofindia.indiatimes.com/world/us/ban-h-1b-visas-desi-maga-backer-nalin-haley-wants-corporates-to-hire-certain-number-of-americans-watch/articleshow/125732051.cms
2025-12-03 05:26:51,833 - INFO - [Times of India] Attempt 1/1: Trying with 'selenium_browser' strategy...
2025-12-03 05:26:51,854 - INFO - [The Hindu] Article: https://www.thehindu.com/news/national/kerala/kerala-local-body-polls-will-gold-scandal-kcm-shift-coalition-strains-redraw-pathanamthittas-electoral-map/article70345436.ece
2025-12-03 05:26:51,854 - INFO - [The Hindu] Attempt 1/1: Trying with 'selenium_browser' strategy...
2025-12-03 05:26:52,153 - INFO - [The Guardian] Article: https://www.theguardian.com/world/2025/dec/02/british-women-stranded-by-landslides-in-sri-lankan-mountains-running-out-of-food-and-water-daughter-says
2025-12-03 05:26:52,153 - INFO - [The Guardian] Attempt 1/1: Trying with 'requests_browser' strategy...
2025-12-03 05:26:52,209 - INFO - [The Guardian] Success with 'requests_browser'. Found content (643 words).
2025-12-03 05:26:52,274 - INFO - Duplicate article skipped: British women stranded by landslides in Sri Lankan mountains running out of food and water, daughter says | Sri Lanka | The Guardian from The Guardian
2025-12-03 05:26:52,410 - INFO - [BBC] Article: https://www.bbc.com/news/articles/cjezwzw088jo?at_medium=RSS&at_campaign=rss
2025-12-03 05:26:52,410 - INFO - [BBC] Attempt 1/1: Trying with 'requests_browser' strategy...
2025-12-03 05:26:52,479 - INFO - [BBC] Success with 'requests_browser'. Found content (501 words).
2025-12-03 05:26:52,560 - INFO - Duplicate article skipped: Bulgaria ditches budget plan after tens of thousands join protests from BBC
2025-12-03 05:26:53,268 - INFO - [BBC] Article: https://www.bbc.com/news/articles/cre3q9edqx8o?at_medium=RSS&at_campaign=rss
2025-12-03 05:26:53,268 - INFO - [BBC] Attempt 1/1: Trying with 'requests_browser' strategy...
2025-12-03 05:26:53,399 - INFO - [The Guardian] Article: https://www.theguardian.com/australia-news/live/2025/dec/03/australia-news-live-bruce-lehrmann-defamation-appeal-brittany-higgins-lisa-wilkinson-network-ten-senate-estimates-social-media-ban-esafety-commissioner-albanese-sussan-ley-labor-coalition-nsw-vic-qld-ntwnfb
2025-12-03 05:26:53,399 - INFO - [The Guardian] Attempt 1/1: Trying with 'requests_browser' strategy...
2025-12-03 05:26:53,417 - INFO - [BBC] Success with 'requests_browser'. Found content (415 words).
2025-12-03 05:26:53,477 - INFO - Duplicate article skipped: Pavarotti statue frozen knee-deep in ice rink strikes wrong note in Italy from BBC
2025-12-03 05:26:54,174 - INFO - [BBC] Article: https://www.bbc.com/news/articles/cewjg272dq9o?at_medium=RSS&at_campaign=rss
2025-12-03 05:26:54,174 - INFO - [BBC] Attempt 1/1: Trying with 'requests_browser' strategy...
2025-12-03 05:26:54,195 - INFO - [The Guardian] Success with 'requests_browser'. Found content (1876 words).
2025-12-03 05:26:54,613 - INFO - Duplicate article skipped: Australia news live: Labor-led inquiry recommends FoI changes be passed as dissenting reports oppose ‘bad bill with no friends’ | Australia news | The Guardian from The Guardian
2025-12-03 05:26:54,643 - INFO - [BBC] Success with 'requests_browser'. Found content (582 words).
2025-12-03 05:26:54,746 - INFO - Duplicate article skipped: Alina Habba: Appeals court disqualifies ex-Trump lawyer as New Jersey prosecutor from BBC
2025-12-03 05:26:55,009 - INFO - [The Hindu] Page content loaded.
2025-12-03 05:26:55,100 - INFO - [The Hindu] Success with 'selenium_browser'. Found content (403 words).
2025-12-03 05:26:55,190 - INFO - [The Guardian] Article: https://www.theguardian.com/australia-news/2025/dec/03/future-fund-spent-20000-to-send-ceos-former-executive-assistant-on-business-class-trip-to-scope-hotels-in-us
2025-12-03 05:26:55,190 - INFO - [The Guardian] Attempt 1/1: Trying with 'requests_browser' strategy...
2025-12-03 05:26:55,210 - INFO - Duplicate article skipped: Kerala local body polls: Will gold scandal, KC(M) shift, coalition strains redraw Pathanamthitta’s electoral map? - The Hindu from The Hindu
2025-12-03 05:26:55,436 - INFO - [The Guardian] Success with 'requests_browser'. Found content (688 words).
2025-12-03 05:26:55,564 - INFO - Duplicate article skipped: Future Fund spent $20,000 to send CEO’s executive assistant on business class trip to scope hotels in US | Australian politics | The Guardian from The Guardian
2025-12-03 05:26:55,846 - INFO - [BBC] Article: https://www.bbc.com/news/articles/c4g4enlp6kzo?at_medium=RSS&at_campaign=rss
2025-12-03 05:26:55,846 - INFO - [BBC] Attempt 1/1: Trying with 'requests_browser' strategy...
2025-12-03 05:26:55,860 - INFO - [Times of India] Page content loaded.
2025-12-03 05:26:55,875 - INFO - [The Hindu] Article: https://www.thehindu.com/news/national/parliament-winter-session-lok-sabha-rajya-sabha-day-3-highlights-december-3-2025/article70351973.ece
2025-12-03 05:26:55,875 - INFO - [The Hindu] Attempt 1/1: Trying with 'selenium_browser' strategy...
2025-12-03 05:26:55,904 - INFO - [BBC] Success with 'requests_browser'. Found content (908 words).
2025-12-03 05:26:55,966 - INFO - Duplicate article skipped: Indonesia floods death toll passes 600 from BBC
2025-12-03 05:26:56,126 - INFO - [The Guardian] Article: https://www.theguardian.com/australia-news/2025/dec/03/bruce-lehrmann-appeal-defamation-case-network-ten-lisa-wilkinson-ntwnfb
2025-12-03 05:26:56,126 - INFO - [The Guardian] Attempt 1/1: Trying with 'requests_browser' strategy...
2025-12-03 05:26:56,299 - INFO - [The Guardian] Success with 'requests_browser'. Found content (1205 words).
2025-12-03 05:26:56,366 - INFO - [Times of India] Success with 'selenium_browser'. Found content (443 words).
2025-12-03 05:26:56,589 - INFO - Duplicate article skipped: Bruce Lehrmann knew Brittany Higgins didn’t consent, federal court rules as it dismisses defamation appeal | Australia news | The Guardian from The Guardian
2025-12-03 05:26:56,640 - INFO - Duplicate article skipped: 'Ban H-1B visas': Desi MAGA backer Nalin Haley wants corporates to hire 'certain number of Americans' - watch - The Times of India from Times of India
2025-12-03 05:26:57,353 - INFO - [BBC] Article: https://www.bbc.com/news/articles/ckg9204y4w5o?at_medium=RSS&at_campaign=rss
2025-12-03 05:26:57,353 - INFO - [BBC] Attempt 1/1: Trying with 'requests_browser' strategy...
2025-12-03 05:26:57,356 - INFO - [Times of India] Article: https://timesofindia.indiatimes.com/world/us/oregon-indian-man-charged-with-criminally-negligent-homicide-after-crash-kills-two-what-probe-revealed/articleshow/125732478.cms
2025-12-03 05:26:57,356 - INFO - [Times of India] Attempt 1/1: Trying with 'selenium_browser' strategy...
2025-12-03 05:26:57,438 - INFO - [BBC] Success with 'requests_browser'. Found content (682 words).
2025-12-03 05:26:57,512 - INFO - Duplicate article skipped: Anicet Ekane: Cameroon opposition firebrand dies in detention aged 74 from BBC
2025-12-03 05:26:57,601 - INFO - [The Guardian] Article: https://www.theguardian.com/australia-news/2025/dec/03/high-country-murderer-greg-lynn-breached-dv-escaped-police-custody-ntwnfb
2025-12-03 05:26:57,601 - INFO - [The Guardian] Attempt 1/1: Trying with 'requests_browser' strategy...
2025-12-03 05:26:57,689 - INFO - [The Guardian] Success with 'requests_browser'. Found content (531 words).
2025-12-03 05:26:57,851 - INFO - Duplicate article skipped: High country murderer Greg Lynn breached DV order and escaped police custody before first wife’s death | Victoria | The Guardian from The Guardian
2025-12-03 05:26:58,036 - INFO - [BBC] Article: https://www.bbc.com/news/articles/czrk7g50e1po?at_medium=RSS&at_campaign=rss
2025-12-03 05:26:58,036 - INFO - [BBC] Attempt 1/1: Trying with 'requests_browser' strategy...
2025-12-03 05:26:58,120 - INFO - [BBC] Success with 'requests_browser'. Found content (1693 words).
2025-12-03 05:26:58,208 - INFO - Duplicate article skipped: WW1 toxic compound sprayed on Georgian protesters, BBC evidence suggests from BBC
2025-12-03 05:26:58,425 - INFO - [The Guardian] Article: https://www.theguardian.com/australia-news/2025/dec/02/australian-children-moving-to-new-social-app-lemon8-but-owner-expected-to-restrict-users-to-over-16s
2025-12-03 05:26:58,425 - INFO - [The Guardian] Attempt 1/1: Trying with 'requests_browser' strategy...
2025-12-03 05:26:58,588 - INFO - [The Guardian] Success with 'requests_browser'. Found content (753 words).
2025-12-03 05:26:58,695 - INFO - Duplicate article skipped: YouTube says it will comply with Australia’s under-16s social media ban, with Lemon8 to also restrict access | Social media ban | The Guardian from The Guardian
2025-12-03 05:26:58,834 - INFO - [Times of India] Page content loaded.
2025-12-03 05:26:59,044 - INFO - [Times of India] Success with 'selenium_browser'. Found content (392 words).
2025-12-03 05:26:59,212 - INFO - [BBC] Article: https://www.bbc.com/news/articles/c058n10727po?at_medium=RSS&at_campaign=rss
2025-12-03 05:26:59,212 - INFO - [BBC] Attempt 1/1: Trying with 'requests_browser' strategy...
2025-12-03 05:26:59,274 - INFO - [BBC] Success with 'requests_browser'. Found content (610 words).
2025-12-03 05:26:59,702 - INFO - [The Hindu] Page content loaded.
2025-12-03 05:26:59,801 - INFO - [The Hindu] Success with 'selenium_browser'. Found content (205 words).
2025-12-03 05:27:13,127 - INFO - Saved article: Oregon: Indian man charged with criminally negligent homicide after crash kills two — what probe revealed - The Times of India from Times of India
2025-12-03 05:27:13,127 - INFO - Duplicate article skipped: Cyclone Ditwah: Flood catastrophe awakens volunteerism in Sri Lanka from BBC
2025-12-03 05:27:13,127 - INFO - Duplicate article skipped: Parliament Winter session Day 3 LIVE: Opposition to protest over new Labour Codes outside Parliament - The Hindu from The Hindu
2025-12-03 05:27:13,921 - INFO - [The Hindu] Article: https://www.thehindu.com/news/national/telangana/hectic-activity-on-for-ghmc-expansion/article70350092.ece
2025-12-03 05:27:13,921 - INFO - [The Hindu] Attempt 1/1: Trying with 'selenium_browser' strategy...
2025-12-03 05:27:14,573 - INFO - [The Hindu] Page content loaded.
2025-12-03 05:27:14,626 - INFO - [Times of India] Article: https://timesofindia.indiatimes.com/world/rest-of-world/13-year-old-pulled-the-trigger-chilling-details-of-public-execution-of-afghan-man-80000-watched/articleshow/125731855.cms
2025-12-03 05:27:14,626 - INFO - [Times of India] Attempt 1/1: Trying with 'selenium_browser' strategy...
2025-12-03 05:27:14,646 - INFO - [The Hindu] Success with 'selenium_browser'. Found content (392 words).
2025-12-03 05:27:15,091 - INFO - Duplicate article skipped: Hectic activity on for GHMC expansion - The Hindu from The Hindu
2025-12-03 05:27:16,237 - INFO - [Times of India] Page content loaded.
2025-12-03 05:27:16,425 - INFO - [Times of India] Success with 'selenium_browser'. Found content (305 words).
2025-12-03 05:27:16,503 - INFO - [The Hindu] Article: https://www.thehindu.com/news/national/telangana/13-students-fall-ill-after-breakfast-at-gurukul-in-gadwal/article70350176.ece
2025-12-03 05:27:16,509 - INFO - [The Hindu] Attempt 1/1: Trying with 'selenium_browser' strategy...
2025-12-03 05:27:16,524 - INFO - Duplicate article skipped: '13-year-old pulled the trigger': Chilling details of public execution of Afghan man; '80,000 watched' - The Times of India from Times of India
2025-12-03 05:27:17,798 - INFO - [Times of India] Article: https://timesofindia.indiatimes.com/world/us-streamers/i-will-be-naming-candace-owens-alleges-tpusa-leaders-betrayed-charlie-kirk-before-deadly-shooting-and-vows-to-show-evidence/articleshow/125728624.cms
2025-12-03 05:27:17,798 - INFO - [Times of India] Attempt 1/1: Trying with 'selenium_browser' strategy...
2025-12-03 05:27:17,853 - INFO - [The Hindu] Page content loaded.
2025-12-03 05:27:17,988 - INFO - [The Hindu] Success with 'selenium_browser'. Found content (201 words).
2025-12-03 05:27:18,109 - INFO - Duplicate article skipped: 13 students fall ill after breakfast at Gurukul in Gadwal - The Hindu from The Hindu
2025-12-03 05:27:19,516 - INFO - [The Hindu] Article: https://www.thehindu.com/news/national/telangana/differently-abled-boy-injured-in-attack-by-stray-dogs/article70349895.ece
2025-12-03 05:27:19,516 - INFO - [The Hindu] Attempt 1/1: Trying with 'selenium_browser' strategy...
2025-12-03 05:27:20,550 - INFO - [The Hindu] Page content loaded.
2025-12-03 05:27:20,766 - INFO - [The Hindu] Success with 'selenium_browser'. Found content (288 words).
2025-12-03 05:27:20,878 - INFO - Duplicate article skipped: Differently abled boy injured in attack by stray dogs - The Hindu from The Hindu
2025-12-03 05:27:21,993 - INFO - [The Hindu] Article: https://www.thehindu.com/news/cities/Hyderabad/intoxicated-woman-booked-for-creating-nuisance-on-jeedimetlaroad/article70350450.ece
2025-12-03 05:27:21,993 - INFO - [The Hindu] Attempt 1/1: Trying with 'selenium_browser' strategy...
2025-12-03 05:27:24,886 - INFO - [The Hindu] Page content loaded.
2025-12-03 05:27:25,324 - INFO - [The Hindu] Success with 'selenium_browser'. Found content (87 words).
2025-12-03 05:27:25,415 - INFO - Duplicate article skipped: Intoxicated woman booked for creating nuisance on Jeedimetla road - The Hindu from The Hindu
2025-12-03 05:27:26,427 - INFO - [The Hindu] Article: https://www.thehindu.com/news/cities/Hyderabad/man-gets-six-years-of-ri-for-sexually-assaulting-minor-boy/article70350342.ece
2025-12-03 05:27:26,427 - INFO - [The Hindu] Attempt 1/1: Trying with 'selenium_browser' strategy...
2025-12-03 05:27:27,102 - INFO - [The Hindu] Page content loaded.
2025-12-03 05:27:27,275 - INFO - [The Hindu] Success with 'selenium_browser'. Found content (200 words).
2025-12-03 05:27:27,357 - INFO - Duplicate article skipped: Man gets six years of RI for sexually assaulting minor boy - The Hindu from The Hindu
2025-12-03 05:27:28,221 - INFO - [The Hindu] Article: https://www.thehindu.com/news/cities/Hyderabad/70-year-old-man-found-murdered-in-shamshabad-two-neighbours-held/article70350198.ece
2025-12-03 05:27:28,221 - INFO - [The Hindu] Attempt 1/1: Trying with 'selenium_browser' strategy...
2025-12-03 05:27:29,013 - INFO - [The Hindu] Page content loaded.
2025-12-03 05:27:29,208 - INFO - [The Hindu] Success with 'selenium_browser'. Found content (222 words).
2025-12-03 05:27:29,295 - INFO - Duplicate article skipped: 70-year-old man found murdered in Shamshabad; two neighbours held - The Hindu from The Hindu
2025-12-03 05:27:30,594 - INFO - [The Hindu] Article: https://www.thehindu.com/news/cities/Hyderabad/ed-to-auction-seized-aircraft-linked-to-falcon-scam/article70349976.ece
2025-12-03 05:27:30,594 - INFO - [The Hindu] Attempt 1/1: Trying with 'selenium_browser' strategy...
2025-12-03 05:27:31,515 - INFO - [The Hindu] Page content loaded.
2025-12-03 05:27:31,653 - INFO - [The Hindu] Success with 'selenium_browser'. Found content (305 words).
2025-12-03 05:27:31,718 - INFO - Duplicate article skipped: ED to auction seized aircraft linked to Falcon scam - The Hindu from The Hindu
2025-12-03 05:27:32,871 - INFO - [The Hindu] Article: https://www.thehindu.com/news/national/kerala/kerala-local-body-polls-a-litmus-test-for-ldf-governance-udf-revival-in-ernakulam/article70345421.ece
2025-12-03 05:27:32,871 - INFO - [The Hindu] Attempt 1/1: Trying with 'selenium_browser' strategy...
2025-12-03 05:27:33,740 - INFO - [The Hindu] Page content loaded.
2025-12-03 05:27:33,928 - INFO - [The Hindu] Success with 'selenium_browser'. Found content (524 words).
2025-12-03 05:27:34,014 - INFO - Duplicate article skipped: Kerala local body polls: A litmus test for LDF governance, UDF revival in Ernakulam - The Hindu from The Hindu
2025-12-03 05:27:34,813 - INFO - [Times of India] Page content loaded.
2025-12-03 05:27:34,850 - INFO - [The Hindu] Article: https://www.thehindu.com/news/national/kerala/edamalakkudy-keeps-a-list-of-grievances-ready-for-the-poll-winner/article70330561.ece
2025-12-03 05:27:34,850 - INFO - [The Hindu] Attempt 1/1: Trying with 'selenium_browser' strategy...
2025-12-03 05:27:35,084 - INFO - [Times of India] Success with 'selenium_browser'. Found content (407 words).
2025-12-03 05:27:35,237 - INFO - Duplicate article skipped: Candace Owens alleges TPUSA leaders betrayed Charlie Kirk before deadly shooting and vows to show evidence - The Times of India from Times of India
2025-12-03 05:27:35,741 - INFO - [The Hindu] Page content loaded.
2025-12-03 05:27:35,877 - INFO - [The Hindu] Success with 'selenium_browser'. Found content (419 words).
2025-12-03 05:27:35,978 - INFO - Duplicate article skipped: Kerala local body polls: Edamalakkudy keeps a list of grievances ready for the election winner - The Hindu from The Hindu
2025-12-03 05:27:36,367 - INFO - [Times of India] Article: https://timesofindia.indiatimes.com/world/us-streamers/meghan-markle-faces-backlash-as-perez-hilton-calls-her-turkey-clip-a-safety-hazard-and-names-her-salmonella-sussex/articleshow/125730524.cms
2025-12-03 05:27:36,367 - INFO - [Times of India] Attempt 1/1: Trying with 'selenium_browser' strategy...
2025-12-03 05:27:37,073 - INFO - [The Hindu] Article: https://www.thehindu.com/news/national/why-the-sir-needs-to-be-completely-digitised/article70349126.ece
2025-12-03 05:27:37,073 - INFO - [The Hindu] Attempt 1/1: Trying with 'selenium_browser' strategy...
2025-12-03 05:27:37,242 - INFO - [Times of India] Page content loaded.
2025-12-03 05:27:37,399 - INFO - [Times of India] Success with 'selenium_browser'. Found content (441 words).
2025-12-03 05:27:37,454 - INFO - Duplicate article skipped: Meghan Markle faces backlash as Perez Hilton calls her turkey clip a safety hazard and names her Salmonella Sussex - The Times of India from Times of India
2025-12-03 05:27:38,097 - INFO - [Times of India] Article: https://timesofindia.indiatimes.com/world/us/subject-to-attack-trump-warns-any-country-trafficking-drugs-to-us-can-be-striked-names-colombia-bogota-hits-back/articleshow/125731104.cms
2025-12-03 05:27:38,097 - INFO - [Times of India] Attempt 1/1: Trying with 'selenium_browser' strategy...
2025-12-03 05:27:39,380 - INFO - [The Hindu] Page content loaded.
2025-12-03 05:27:39,529 - INFO - [The Hindu] Success with 'selenium_browser'. Found content (1230 words).
2025-12-03 05:27:39,673 - INFO - Duplicate article skipped: Why the SIR needs to be completely digitised - The Hindu from The Hindu
2025-12-03 05:27:39,761 - INFO - [Times of India] Page content loaded.
2025-12-03 05:27:39,951 - INFO - [Times of India] Success with 'selenium_browser'. Found content (383 words).
2025-12-03 05:27:40,050 - INFO - Duplicate article skipped: ‘Subject to attack’: Trump warns any country trafficking drugs to US can be striked; names Colombia, Bogota hits back - The Times of India from Times of India
2025-12-03 05:27:40,381 - INFO - [The Hindu] Article: https://www.thehindu.com/news/national/kerala/kerala-local-body-elections-2025-udf-pushes-for-political-reset-in-state/article70349141.ece
2025-12-03 05:27:40,381 - INFO - [The Hindu] Attempt 1/1: Trying with 'selenium_browser' strategy...
2025-12-03 05:27:40,990 - INFO - [Times of India] Article: https://timesofindia.indiatimes.com/world/us/donalds-sleepy-joe-moment-gavin-newsom-shares-video-of-trump-sleeping-in-his-cabinet-meeting-watch/articleshow/125730929.cms
2025-12-03 05:27:40,990 - INFO - [Times of India] Attempt 1/1: Trying with 'selenium_browser' strategy...
2025-12-03 05:27:41,993 - INFO - [The Hindu] Page content loaded.
2025-12-03 05:27:42,237 - INFO - [The Hindu] Success with 'selenium_browser'. Found content (726 words).
2025-12-03 05:27:42,726 - INFO - Duplicate article skipped: Kerala local body elections 2025: UDF pushes for political reset in State - The Hindu from The Hindu
2025-12-03 05:27:43,142 - INFO - [Times of India] Page content loaded.
2025-12-03 05:27:43,323 - INFO - [Times of India] Success with 'selenium_browser'. Found content (437 words).
2025-12-03 05:27:43,434 - INFO - Duplicate article skipped: Donald's 'sleepy Joe' moment: Trump struggles to stay awake at Cabinet meeting - watch - The Times of India from Times of India
2025-12-03 05:27:43,639 - INFO - [The Hindu] Article: https://www.thehindu.com/news/international/russia-parliament-ratifies-key-pact-on-military-logistic-support-with-india-ahead-of-putins-state-visit/article70351925.ece
2025-12-03 05:27:43,639 - INFO - [The Hindu] Attempt 1/1: Trying with 'selenium_browser' strategy...
2025-12-03 05:27:44,109 - INFO - [Times of India] Article: https://timesofindia.indiatimes.com/etimes/trending/stonehenge-just-got-stranger-archaeologists-confirm-massive-man-made-ring-of-pits-underground/articleshow/125725186.cms
2025-12-03 05:27:44,109 - INFO - [Times of India] Attempt 1/1: Trying with 'selenium_browser' strategy...
2025-12-03 05:27:44,733 - INFO - [The Hindu] Page content loaded.
2025-12-03 05:27:44,982 - INFO - [The Hindu] Success with 'selenium_browser'. Found content (235 words).
2025-12-03 05:27:45,104 - INFO - Duplicate article skipped: Russia parliament ratifies key pact on military, logistic support with India ahead of Putin’s state visit - The Hindu from The Hindu
2025-12-03 05:27:45,435 - INFO - [Times of India] Page content loaded.
2025-12-03 05:27:45,655 - INFO - [Times of India] Success with 'selenium_browser'. Found content (1134 words).
2025-12-03 05:27:45,801 - INFO - Duplicate article skipped: Stonehenge just got stranger: Archaeologists confirm massive man-made ring of pits underground | - The Times of India from Times of India
2025-12-03 05:27:46,006 - INFO - [The Hindu] Article: https://www.thehindu.com/news/national/police-criminal-courts-must-be-careful-in-filing-chargesheet-framing-charges-in-civil-disputes-sc/article70351908.ece
2025-12-03 05:27:46,007 - INFO - [The Hindu] Attempt 1/1: Trying with 'selenium_browser' strategy...
2025-12-03 05:27:46,713 - INFO - [Times of India] Article: https://timesofindia.indiatimes.com/technology/tech-news/ai-nightmare-google-ceo-sundar-pichai-reveals-the-one-threat-that-keeps-him-awake-at-night/articleshow/125721392.cms
2025-12-03 05:27:46,713 - INFO - [Times of India] Attempt 1/1: Trying with 'selenium_browser' strategy...
2025-12-03 05:27:47,086 - INFO - [The Hindu] Page content loaded.
2025-12-03 05:27:47,217 - INFO - [The Hindu] Success with 'selenium_browser'. Found content (356 words).
2025-12-03 05:27:47,393 - INFO - Duplicate article skipped: Police, criminal courts must be careful in filing chargesheet, framing charges in civil disputes: SC - The Hindu from The Hindu
2025-12-03 05:27:48,388 - INFO - [The Hindu] Article: https://www.thehindu.com/news/national/air-india-other-airlines-face-check-in-system-glitches-briefly-on-december-2/article70351895.ece
2025-12-03 05:27:48,388 - INFO - [The Hindu] Attempt 1/1: Trying with 'selenium_browser' strategy...
2025-12-03 05:27:48,471 - INFO - [Times of India] Page content loaded.
2025-12-03 05:27:48,611 - INFO - [Times of India] Success with 'selenium_browser'. Found content (496 words).
2025-12-03 05:27:48,698 - INFO - Duplicate article skipped: ‘AI nightmare’: Google CEO Sundar Pichai reveals the one threat that keeps him awake at night | - The Times of India from Times of India
2025-12-03 05:27:49,421 - INFO - [The Hindu] Page content loaded.
2025-12-03 05:27:49,521 - INFO - [Times of India] Article: https://timesofindia.indiatimes.com/world/us-streamers/qtcinderella-reveals-full-host-and-performer-lineup-for-the-streamer-awards-2025/articleshow/125728131.cms
2025-12-03 05:27:49,521 - INFO - [Times of India] Attempt 1/1: Trying with 'selenium_browser' strategy...
2025-12-03 05:27:49,534 - INFO - [The Hindu] Success with 'selenium_browser'. Found content (152 words).
2025-12-03 05:27:49,656 - INFO - Duplicate article skipped: Air India, other airlines face check-in system glitches briefly on December 2 - The Hindu from The Hindu
2025-12-03 05:27:50,350 - INFO - [The Hindu] Article: https://www.thehindu.com/news/cities/chennai/the-long-struggle-to-remove-british-military-officer-james-george-smith-neil-statue-from-mount-road-in-chennai/article70346139.ece
2025-12-03 05:27:50,351 - INFO - [The Hindu] Attempt 1/1: Trying with 'selenium_browser' strategy...
2025-12-03 05:27:51,644 - INFO - [Times of India] Page content loaded.
2025-12-03 05:27:51,913 - INFO - [Times of India] Success with 'selenium_browser'. Found content (402 words).
2025-12-03 05:27:51,932 - INFO - [The Hindu] Page content loaded.
2025-12-03 05:27:52,055 - INFO - Duplicate article skipped: QTCinderella reveals full host and performer lineup for the Streamer Awards 2025 - The Times of India from Times of India
2025-12-03 05:27:52,092 - INFO - [The Hindu] Success with 'selenium_browser'. Found content (1586 words).
2025-12-03 05:27:52,204 - INFO - Duplicate article skipped: The long struggle to remove a British military officer’s statue from Chennai’s Mount Road - The Hindu from The Hindu
2025-12-03 05:27:52,827 - INFO - [Times of India] Article: https://timesofindia.indiatimes.com/world/us/maga-ally-pushes-to-end-dual-citizenship-not-realising-melania-and-barron-trump-would-be-caught-in-the-crossfire/articleshow/125727781.cms
2025-12-03 05:27:52,827 - INFO - [Times of India] Attempt 1/1: Trying with 'selenium_browser' strategy...
2025-12-03 05:27:52,864 - INFO - [The Hindu] (Thread) Finished. Attempting to shut down its Selenium driver.
2025-12-03 05:27:53,084 - INFO - [The Hindu] (Thread) driver.quit() successful.
2025-12-03 05:27:54,201 - INFO - [Times of India] Page content loaded.
2025-12-03 05:27:54,331 - INFO - [Times of India] Success with 'selenium_browser'. Found content (399 words).
2025-12-03 05:27:54,418 - INFO - Duplicate article skipped: MAGA ally pushes to end dual citizenship, not realising Melania and Barron Trump would be caught in the crossfire - The Times of India from Times of India
2025-12-03 05:27:54,970 - INFO - [Times of India] Article: https://timesofindia.indiatimes.com/world/europe/it-would-end-so-swiftly-there-would-be-no-one-left-putin-warns-europe-that-if-it-starts-a-war-russia-is-ready/articleshow/125728045.cms
2025-12-03 05:27:54,970 - INFO - [Times of India] Attempt 1/1: Trying with 'selenium_browser' strategy...
2025-12-03 05:27:55,781 - INFO - [Times of India] Page content loaded.
2025-12-03 05:27:55,916 - INFO - [Times of India] Success with 'selenium_browser'. Found content (306 words).
2025-12-03 05:27:56,022 - INFO - Duplicate article skipped: ‘It would end so swiftly, there would be no one left’: Putin warns Europe that if it starts a war, Russia is ready - The Times of India from Times of India
2025-12-03 05:27:56,796 - INFO - [Times of India] Article: https://timesofindia.indiatimes.com/world/us-streamers/hasan-piker-honored-with-trinity-college-dublins-gold-medal-of-honorary-patronage/articleshow/125727780.cms
2025-12-03 05:27:56,796 - INFO - [Times of India] Attempt 1/1: Trying with 'selenium_browser' strategy...
2025-12-03 05:27:57,960 - INFO - [Times of India] Page content loaded.
2025-12-03 05:27:58,095 - INFO - [Times of India] Success with 'selenium_browser'. Found content (393 words).
2025-12-03 05:27:58,154 - INFO - Duplicate article skipped: Hasan Piker honored with Trinity College Dublin's Gold Medal of Honorary Patronage - The Times of India from Times of India
2025-12-03 05:27:58,819 - INFO - [Times of India] Article: https://timesofindia.indiatimes.com/etimes/trending/charlie-kirk-takes-the-no-1-spot-on-wikipedias-most-read-pages-heres-the-full-top-10/articleshow/125727423.cms
2025-12-03 05:27:58,820 - INFO - [Times of India] Attempt 1/1: Trying with 'selenium_browser' strategy...
2025-12-03 05:28:00,250 - INFO - [Times of India] Page content loaded.
2025-12-03 05:28:00,426 - INFO - [Times of India] Success with 'selenium_browser'. Found content (391 words).
2025-12-03 05:28:00,478 - INFO - Duplicate article skipped: Charlie Kirk takes the No. 1 spot on Wikipedia’s most-read pages — here’s the full top 10 - The Times of India from Times of India
2025-12-03 05:28:01,234 - INFO - [Times of India] Article: https://timesofindia.indiatimes.com/world/us-streamers/twitch-under-fire-as-asmongold-demands-amazon-intervention-over-nina-lin-controversy/articleshow/125727143.cms
2025-12-03 05:28:01,234 - INFO - [Times of India] Attempt 1/1: Trying with 'selenium_browser' strategy...
2025-12-03 05:28:02,877 - INFO - [Times of India] Page content loaded.
2025-12-03 05:28:03,202 - INFO - [Times of India] Success with 'selenium_browser'. Found content (395 words).
2025-12-03 05:28:03,263 - INFO - Duplicate article skipped: Twitch under fire as Asmongold demands Amazon intervention over Nina Lin controversy - The Times of India from Times of India
2025-12-03 05:28:04,412 - INFO - [Times of India] Article: https://timesofindia.indiatimes.com/world/us/no-american-dream-when-h-1bs-can-come-ex-doge-advisor-hits-back-at-vivek-ramaswamy/articleshow/125724710.cms
2025-12-03 05:28:04,412 - INFO - [Times of India] Attempt 1/1: Trying with 'selenium_browser' strategy...
2025-12-03 05:28:05,592 - INFO - [Times of India] Page content loaded.
2025-12-03 05:28:05,705 - INFO - [Times of India] Success with 'selenium_browser'. Found content (313 words).
2025-12-03 05:28:05,770 - INFO - Duplicate article skipped: 'No 'American Dream' when H-1Bs can come': Ex-DOGE advisor hits back at Vivek Ramaswamy - The Times of India from Times of India
2025-12-03 05:28:06,700 - INFO - [Times of India] Article: https://timesofindia.indiatimes.com/world/rest-of-world/watch-japans-pm-sanae-takaichi-quotes-famous-manga-and-anime-attack-on-titan/articleshow/125724137.cms
2025-12-03 05:28:06,701 - INFO - [Times of India] Attempt 1/1: Trying with 'selenium_browser' strategy...
2025-12-03 05:28:07,897 - INFO - [Times of India] Page content loaded.
2025-12-03 05:28:08,045 - INFO - [Times of India] Success with 'selenium_browser'. Found content (116 words).
2025-12-03 05:28:08,110 - INFO - Duplicate article skipped: Watch: Japan’s PM Sanae Takaichi quotes famous manga and anime ‘Attack on Titan’ - The Times of India from Times of India
2025-12-03 05:28:08,674 - INFO - [Times of India] Article: https://timesofindia.indiatimes.com/world/us-streamers/nina-lin-refuses-to-say-sorry-after-target-shoplifting-clip-goes-viral-while-asmongold-urges-twitch-to-act/articleshow/125724104.cms
2025-12-03 05:28:08,674 - INFO - [Times of India] Attempt 1/1: Trying with 'selenium_browser' strategy...
2025-12-03 05:28:09,735 - INFO - [Times of India] Page content loaded.
2025-12-03 05:28:09,901 - INFO - [Times of India] Success with 'selenium_browser'. Found content (393 words).
2025-12-03 05:28:09,970 - INFO - Duplicate article skipped: Nina Lin refuses to say sorry after Target shoplifting clip goes viral while Asmongold urges Twitch to act - The Times of India from Times of India
2025-12-03 05:28:11,086 - INFO - [Times of India] (Thread) Finished. Attempting to shut down its Selenium driver.
2025-12-03 05:28:11,419 - INFO - [Times of India] (Thread) driver.quit() successful.
2025-12-03 05:28:11,419 - INFO - Shutting down thread pool (wait=False)...
2025-12-03 05:28:11,419 - INFO - Scraped: 3 Times of India, 0 The Guardian, 2 The Hindu, 0 BBC articles. (Total saved: 5)
2025-12-03 05:28:11,420 - INFO - --- Scraping job finished ---
2025-12-03 05:28:11,427 - INFO - --- Scraper service stopped and database connection closed. ---
2025-12-03 05:28:11,427 - INFO - --- Main thread finished. Forcing process exit to kill zombie threads. ---
