2025-11-20 07:15:06,839 - INFO - Loading AI Semantic Model (all-MiniLM-L6-v2)...
2025-11-20 07:15:06,839 - INFO - Use pytorch device_name: cpu
2025-11-20 07:15:06,839 - INFO - Load pretrained SentenceTransformer: all-MiniLM-L6-v2
2025-11-20 07:15:07,543 - INFO - AI Model loaded successfully.
2025-11-20 07:15:07,543 - INFO - Initializing database connection at: news_articles.db
2025-11-20 07:15:07,544 - INFO - --- Scraper service started (CI Mode: Run Once) ---
2025-11-20 07:15:07,544 - INFO - --- Starting new scraping job (Parallel Mode) ---
2025-11-20 07:15:07,544 - INFO - Creating new robust session with 3 retries on 5xx/connection/read errors.
2025-11-20 07:15:07,544 - INFO - Proxy is DISABLED.
2025-11-20 07:15:07,545 - INFO - Starting scrape for BBC RSS feed: http://feeds.bbci.co.uk/news/world/rss.xml
2025-11-20 07:15:07,546 - INFO - [Times of India] (Thread) requires Selenium. Initializing driver...
2025-11-20 07:15:07,546 - INFO - Initializing headless Selenium Chrome driver (using SeleniumManager)...
2025-11-20 07:15:07,546 - INFO - Starting scrape for The Guardian RSS feed: https://www.theguardian.com/world/rss
2025-11-20 07:15:07,548 - INFO - [The Hindu] (Thread) requires Selenium. Initializing driver...
2025-11-20 07:15:07,549 - INFO - Initializing headless Selenium Chrome driver (using SeleniumManager)...
2025-11-20 07:15:07,549 - INFO - Submitted 4 jobs to thread pool. Waiting up to 300s for completion...
2025-11-20 07:15:07,825 - INFO - Found 45 articles in The Guardian RSS feed. Processing up to 5.
2025-11-20 07:15:07,825 - INFO - [The Guardian] Article: https://www.theguardian.com/global-development/2025/nov/19/new-drug-could-be-breakthrough-killer-tb-tuberculosis-sorfequiline
2025-11-20 07:15:07,825 - INFO - [The Guardian] Attempt 1/1: Trying with 'requests_browser' strategy...
2025-11-20 07:15:07,852 - INFO - [The Guardian] Success with 'requests_browser'. Found content (589 words).
2025-11-20 07:15:07,888 - INFO - Duplicate article skipped: New drug could be a breakthrough in treatment for killer TB, trial suggests | Global health | The Guardian from The Guardian
2025-11-20 07:15:08,001 - INFO - Found 30 articles in BBC RSS feed. Processing up to 5.
2025-11-20 07:15:08,001 - INFO - [BBC] Article: https://www.bbc.com/news/articles/cly2y40lj5go?at_medium=RSS&at_campaign=rss
2025-11-20 07:15:08,001 - INFO - [BBC] Attempt 1/1: Trying with 'requests_browser' strategy...
2025-11-20 07:15:08,213 - INFO - [BBC] Success with 'requests_browser'. Found content (705 words).
2025-11-20 07:15:08,269 - INFO - Duplicate article skipped: Trump signs bill ordering release of Jeffrey Epstein files from BBC
2025-11-20 07:15:09,048 - INFO - [The Guardian] Article: https://www.theguardian.com/environment/2025/nov/18/congo-basin-rainforest-africa-research-funding-aoe
2025-11-20 07:15:09,048 - INFO - [The Guardian] Attempt 1/1: Trying with 'requests_browser' strategy...
2025-11-20 07:15:09,073 - INFO - [The Guardian] Success with 'requests_browser'. Found content (1040 words).
2025-11-20 07:15:09,113 - INFO - Duplicate article skipped: The rainforest the world forgot: the Congo basin is the second largest on Earth, so why is it being neglected? | Global development | The Guardian from The Guardian
2025-11-20 07:15:09,688 - INFO - [BBC] Article: https://www.bbc.com/news/articles/cvgdgrqwnq9o?at_medium=RSS&at_campaign=rss
2025-11-20 07:15:09,688 - INFO - [BBC] Attempt 1/1: Trying with 'requests_browser' strategy...
2025-11-20 07:15:09,717 - INFO - [BBC] Success with 'requests_browser'. Found content (680 words).
2025-11-20 07:15:09,749 - INFO - Duplicate article skipped: Top US officials in Ukraine for talks on ending war with Russia from BBC
2025-11-20 07:15:10,360 - INFO - [The Guardian] Article: https://www.theguardian.com/global-development/2025/nov/17/nestle-accused-of-risking-health-of-babies-for-profit-over-added-sugar-in-cereals-sold-in-african-countries
2025-11-20 07:15:10,361 - INFO - [The Guardian] Attempt 1/1: Trying with 'requests_browser' strategy...
2025-11-20 07:15:10,384 - INFO - [The Guardian] Success with 'requests_browser'. Found content (744 words).
2025-11-20 07:15:10,421 - INFO - Duplicate article skipped: Nestlé accused of ‘risking health of babies for profit’ over added sugar in cereals sold in African countries | Global development | The Guardian from The Guardian
2025-11-20 07:15:10,660 - INFO - [BBC] Article: https://www.bbc.com/news/articles/cx242yj380no?at_medium=RSS&at_campaign=rss
2025-11-20 07:15:10,660 - INFO - [BBC] Attempt 1/1: Trying with 'requests_browser' strategy...
2025-11-20 07:15:10,686 - INFO - [BBC] Success with 'requests_browser'. Found content (635 words).
2025-11-20 07:15:10,717 - INFO - Duplicate article skipped: Turkey set to host COP31 after reaching compromise with Australia from BBC
2025-11-20 07:15:11,475 - INFO - [BBC] Article: https://www.bbc.com/news/articles/cy0yere4k0zo?at_medium=RSS&at_campaign=rss
2025-11-20 07:15:11,475 - INFO - [BBC] Attempt 1/1: Trying with 'requests_browser' strategy...
2025-11-20 07:15:11,500 - INFO - [BBC] Success with 'requests_browser'. Found content (969 words).
2025-11-20 07:15:11,531 - INFO - Duplicate article skipped: Russian attack on Ternopil kills 26 in one of deadliest strikes on western Ukraine from BBC
2025-11-20 07:15:11,816 - INFO - [The Guardian] Article: https://www.theguardian.com/music/2025/nov/17/nicki-minaj-un-speech-trump-nigeria-christian
2025-11-20 07:15:11,816 - INFO - [The Guardian] Attempt 1/1: Trying with 'requests_browser' strategy...
2025-11-20 07:15:11,924 - INFO - [The Guardian] Success with 'requests_browser'. Found content (512 words).
2025-11-20 07:15:12,107 - INFO - Duplicate article skipped: Nicki Minaj to spotlight plight of Nigerian Christians in UN speech arranged by White House | Nicki Minaj | The Guardian from The Guardian
2025-11-20 07:15:12,775 - INFO - [The Guardian] Article: https://www.theguardian.com/world/2025/nov/17/eswatini-5-m-dollars-us-deportees
2025-11-20 07:15:12,775 - INFO - [The Guardian] Attempt 1/1: Trying with 'requests_browser' strategy...
2025-11-20 07:15:12,796 - INFO - [The Guardian] Success with 'requests_browser'. Found content (330 words).
2025-11-20 07:15:12,831 - INFO - Duplicate article skipped: Eswatini confirms receiving over $5m from US to accept deportees | Eswatini | The Guardian from The Guardian
2025-11-20 07:15:12,980 - INFO - [BBC] Article: https://www.bbc.com/news/articles/c62e27j69q9o?at_medium=RSS&at_campaign=rss
2025-11-20 07:15:12,980 - INFO - [BBC] Attempt 1/1: Trying with 'requests_browser' strategy...
2025-11-20 07:15:13,006 - INFO - [BBC] Success with 'requests_browser'. Found content (625 words).
2025-11-20 07:15:13,037 - INFO - Duplicate article skipped: Israeli strikes in Gaza kill 25 Palestinians, health ministry says from BBC
2025-11-20 07:15:38,701 - INFO - Selenium driver initialized successfully.
2025-11-20 07:15:38,702 - INFO - Selenium driver initialized successfully.
2025-11-20 07:15:38,702 - INFO - Starting scrape for The Hindu RSS feed: https://www.thehindu.com/news/national/feeder/default.rss
2025-11-20 07:15:38,702 - INFO - Starting scrape for Times of India RSS feed: https://timesofindia.indiatimes.com/rssfeeds/296589292.cms
2025-11-20 07:15:38,886 - INFO - Found 100 articles in The Hindu RSS feed. Processing up to 5.
2025-11-20 07:15:38,887 - INFO - [The Hindu] Article: https://www.thehindu.com/news/national/remarks-against-army-supreme-court-extends-stay-on-trial-court-proceedings-against-rahul-gandhi/article70302085.ece
2025-11-20 07:15:38,887 - INFO - [The Hindu] Attempt 1/1: Trying with 'selenium_browser' strategy...
2025-11-20 07:15:39,036 - INFO - Found 20 articles in Times of India RSS feed. Processing up to 5.
2025-11-20 07:15:39,036 - INFO - [Times of India] Article: https://timesofindia.indiatimes.com/world/middle-east/big-news-ras-al-khaimah-airport-unveils-1500-sqm-vvip-terminal-8000-sqm-private-jet-hangars/articleshow/125455181.cms
2025-11-20 07:15:39,036 - INFO - [Times of India] Attempt 1/1: Trying with 'selenium_browser' strategy...
2025-11-20 07:15:55,865 - INFO - [The Hindu] Page content loaded.
2025-11-20 07:15:56,360 - INFO - [The Hindu] Success with 'selenium_browser'. Found content (403 words).
2025-11-20 07:16:15,917 - INFO - Saved article: Remarks against Army: Supreme Court extends stay on trial court proceedings against Rahul Gandhi - The Hindu from The Hindu
2025-11-20 07:16:17,070 - INFO - [The Hindu] Article: https://www.thehindu.com/news/national/telangana/telangana-governor-gives-nod-for-prosecution-of-ktr-in-formula-e-case/article70302019.ece
2025-11-20 07:16:17,070 - INFO - [The Hindu] Attempt 1/1: Trying with 'selenium_browser' strategy...
2025-11-20 07:17:39,131 - ERROR - [Times of India] Request failed for strategy 'selenium_browser' on URL https://timesofindia.indiatimes.com/world/middle-east/big-news-ras-al-khaimah-airport-unveils-1500-sqm-vvip-terminal-8000-sqm-private-jet-hangars/articleshow/125455181.cms: HTTPConnectionPool(host='localhost', port=40755): Read timed out. (read timeout=120)
2025-11-20 07:17:39,131 - ERROR - [Times of India] All scrape strategies failed for https://timesofindia.indiatimes.com/world/middle-east/big-news-ras-al-khaimah-airport-unveils-1500-sqm-vvip-terminal-8000-sqm-private-jet-hangars/articleshow/125455181.cms. Falling back to RSS description.
2025-11-20 07:17:43,116 - INFO - Saved article: Big News: Ras Al Khaimah Airport unveils 1,500 sqm VVIP terminal, 8,000 sqm private-jet hangars from Times of India
2025-11-20 07:17:44,202 - INFO - [Times of India] Article: https://timesofindia.indiatimes.com/world/us-streamers/candace-owens-drops-explosive-claim-on-charlie-kirks-assassination-with-shocking-twist-about-tyler-robinson-fingerprints/articleshow/125447651.cms
2025-11-20 07:17:44,203 - INFO - [Times of India] Attempt 1/1: Trying with 'selenium_browser' strategy...
2025-11-20 07:18:17,172 - ERROR - [The Hindu] Request failed for strategy 'selenium_browser' on URL https://www.thehindu.com/news/national/telangana/telangana-governor-gives-nod-for-prosecution-of-ktr-in-formula-e-case/article70302019.ece: HTTPConnectionPool(host='localhost', port=33687): Read timed out. (read timeout=120)
2025-11-20 07:18:17,172 - ERROR - [The Hindu] All scrape strategies failed for https://www.thehindu.com/news/national/telangana/telangana-governor-gives-nod-for-prosecution-of-ktr-in-formula-e-case/article70302019.ece. Falling back to RSS description.
2025-11-20 07:18:21,674 - INFO - Saved article: Telangana Governor gives nod for prosecution of KTR in Formula-E Case from The Hindu
2025-11-20 07:18:22,428 - INFO - [The Hindu] Article: https://www.thehindu.com/news/national/karnataka/university-of-liverpool-to-set-up-campus-at-alembic-city-near-whitefield-in-bengaluru-admissions-open/article70299776.ece
2025-11-20 07:18:22,428 - INFO - [The Hindu] Attempt 1/1: Trying with 'selenium_browser' strategy...
2025-11-20 07:19:44,234 - ERROR - [Times of India] Request failed for strategy 'selenium_browser' on URL https://timesofindia.indiatimes.com/world/us-streamers/candace-owens-drops-explosive-claim-on-charlie-kirks-assassination-with-shocking-twist-about-tyler-robinson-fingerprints/articleshow/125447651.cms: HTTPConnectionPool(host='localhost', port=40755): Read timed out. (read timeout=120)
2025-11-20 07:19:44,234 - ERROR - [Times of India] All scrape strategies failed for https://timesofindia.indiatimes.com/world/us-streamers/candace-owens-drops-explosive-claim-on-charlie-kirks-assassination-with-shocking-twist-about-tyler-robinson-fingerprints/articleshow/125447651.cms. Falling back to RSS description.
2025-11-20 07:19:44,234 - INFO - Duplicate article skipped: Candace Owens drops explosive claim on Charlie Kirk's assassination with shocking twist about Tyler Robinson fingerprints from Times of India
2025-11-20 07:19:45,397 - INFO - [Times of India] Article: https://timesofindia.indiatimes.com/world/middle-east/central-bank-of-oman-unveils-new-currency-symbol-for-omani-rial/articleshow/125454589.cms
2025-11-20 07:19:45,399 - INFO - [Times of India] Attempt 1/1: Trying with 'selenium_browser' strategy...
2025-11-20 07:20:07,549 - CRITICAL - --- TIMEOUT: 2 scrape jobs did not complete in 300s. ---
2025-11-20 07:20:07,549 - ERROR - A thread has timed out and will be abandoned.
2025-11-20 07:20:07,549 - ERROR - A thread has timed out and will be abandoned.
2025-11-20 07:20:07,549 - INFO - Shutting down thread pool (wait=False)...
2025-11-20 07:20:07,549 - INFO - Scraped: 0 The Guardian, 0 BBC, 2 Timed_Out_Jobs articles. (Total saved: 0)
2025-11-20 07:20:07,549 - INFO - --- Scraping job finished ---
2025-11-20 07:20:07,550 - INFO - --- Scraper service stopped and database connection closed. ---
2025-11-20 07:20:07,550 - INFO - --- Main thread finished. Forcing process exit to kill zombie threads. ---
