2025-12-04 07:26:50,168 - INFO - Loading AI Semantic Model (all-MiniLM-L6-v2)...
2025-12-04 07:26:50,168 - INFO - Use pytorch device_name: cpu
2025-12-04 07:26:50,168 - INFO - Load pretrained SentenceTransformer: all-MiniLM-L6-v2
2025-12-04 07:26:51,510 - INFO - AI Model loaded successfully.
2025-12-04 07:26:51,511 - INFO - Initializing database connection at: news_articles.db
2025-12-04 07:26:51,511 - INFO - --- Scraper service started (CI Mode: Run Once) ---
2025-12-04 07:26:51,511 - INFO - --- Starting new scraping job (Parallel Mode) ---
2025-12-04 07:26:51,511 - INFO - Creating new robust session with 3 retries on 5xx/connection/read errors.
2025-12-04 07:26:51,511 - INFO - Proxy is DISABLED.
2025-12-04 07:26:51,511 - INFO - Starting scrape for BBC RSS feed: http://feeds.bbci.co.uk/news/world/rss.xml
2025-12-04 07:26:51,512 - INFO - [Times of India] (Thread) requires Selenium. Initializing driver...
2025-12-04 07:26:51,513 - INFO - Initializing headless Selenium Chrome driver (using SeleniumManager)...
2025-12-04 07:26:51,513 - INFO - Starting scrape for The Guardian RSS feed: https://www.theguardian.com/world/rss
2025-12-04 07:26:51,515 - INFO - [The Hindu] (Thread) requires Selenium. Initializing driver...
2025-12-04 07:26:51,515 - INFO - Initializing headless Selenium Chrome driver (using SeleniumManager)...
2025-12-04 07:26:51,515 - INFO - Submitted 4 jobs to thread pool. Waiting up to 300s for completion...
2025-12-04 07:26:51,594 - INFO - Found 45 articles in The Guardian RSS feed. Processing up to 20.
2025-12-04 07:26:51,594 - INFO - [The Guardian] Article: https://www.theguardian.com/global-development/2025/dec/04/aid-cuts-africa-uganda-stops-refugee-status-eritreans-somalis-ethiopians
2025-12-04 07:26:51,594 - INFO - [The Guardian] Attempt 1/1: Trying with 'requests_browser' strategy...
2025-12-04 07:26:51,620 - INFO - [The Guardian] Success with 'requests_browser'. Found content (587 words).
2025-12-04 07:26:51,882 - INFO - Found 39 articles in BBC RSS feed. Processing up to 20.
2025-12-04 07:26:51,883 - INFO - [BBC] Article: https://www.bbc.com/news/articles/c7731n5z6d3o?at_medium=RSS&at_campaign=rss
2025-12-04 07:26:51,883 - INFO - [BBC] Attempt 1/1: Trying with 'requests_browser' strategy...
2025-12-04 07:26:52,061 - INFO - [BBC] Success with 'requests_browser'. Found content (1069 words).
2025-12-04 07:26:58,894 - INFO - Selenium driver initialized successfully.
2025-12-04 07:26:58,894 - INFO - Starting scrape for The Hindu RSS feed: https://www.thehindu.com/news/national/feeder/default.rss
2025-12-04 07:26:58,896 - INFO - Selenium driver initialized successfully.
2025-12-04 07:26:58,896 - INFO - Starting scrape for Times of India RSS feed: https://timesofindia.indiatimes.com/rssfeeds/296589292.cms
2025-12-04 07:26:59,065 - INFO - Found 100 articles in The Hindu RSS feed. Processing up to 20.
2025-12-04 07:26:59,066 - INFO - [The Hindu] Article: https://www.thehindu.com/news/national/maharashtra/bhima-koregaon-case-bombay-high-court-grants-bail-to-former-delhi-university-professor-hany-babu/article70356674.ece
2025-12-04 07:26:59,066 - INFO - [The Hindu] Attempt 1/1: Trying with 'selenium_browser' strategy...
2025-12-04 07:26:59,133 - INFO - Found 20 articles in Times of India RSS feed. Processing up to 20.
2025-12-04 07:26:59,134 - INFO - [Times of India] Article: https://timesofindia.indiatimes.com/world/middle-east/uae-public-holidays-2026-your-guide-to-dates-extended-weekends-and-school-holidays/articleshow/125760667.cms
2025-12-04 07:26:59,134 - INFO - [Times of India] Attempt 1/1: Trying with 'selenium_browser' strategy...
2025-12-04 07:27:06,397 - INFO - [The Hindu] Page content loaded.
2025-12-04 07:27:06,594 - INFO - [The Hindu] Success with 'selenium_browser'. Found content (258 words).
2025-12-04 07:27:23,506 - INFO - Saved article: Uganda stops granting refugee status for Eritreans, Somalis and Ethiopians | Global development | The Guardian from The Guardian
2025-12-04 07:27:23,507 - INFO - Duplicate article skipped: Ukraine and US negotiators to meet in Florida after Moscow talks, White House says from BBC
2025-12-04 07:27:24,252 - INFO - [The Guardian] Article: https://www.theguardian.com/artanddesign/2025/dec/04/ibrahim-mahama-ghana-tops-artreview-power-list
2025-12-04 07:27:24,252 - INFO - [The Guardian] Attempt 1/1: Trying with 'requests_browser' strategy...
2025-12-04 07:27:24,382 - INFO - [The Guardian] Success with 'requests_browser'. Found content (604 words).
2025-12-04 07:27:24,727 - INFO - [BBC] Article: https://www.bbc.com/news/articles/cj4q2vpggr9o?at_medium=RSS&at_campaign=rss
2025-12-04 07:27:24,727 - INFO - [BBC] Attempt 1/1: Trying with 'requests_browser' strategy...
2025-12-04 07:27:24,863 - INFO - [BBC] Success with 'requests_browser'. Found content (1433 words).
2025-12-04 07:28:05,912 - INFO - Saved article: Bhima Koregaon case: Bombay High Court grants bail to former Delhi University professor Hany Babu - The Hindu from The Hindu
2025-12-04 07:28:05,913 - INFO - Duplicate article skipped: Ghana’s Ibrahim Mahama first African to top annual art power list | Art | The Guardian from The Guardian
2025-12-04 07:28:05,913 - INFO - Duplicate article skipped: India-Russia: Why Putin and Modi are meeting in Delhi from BBC
2025-12-04 07:28:06,826 - INFO - [The Hindu] Article: https://www.thehindu.com/news/national/west-bengal/humayun-kabir-tmc-mla-who-gave-call-for-babri-masjid-construction-suspended-from-party/article70356573.ece
2025-12-04 07:28:06,826 - INFO - [The Hindu] Attempt 1/1: Trying with 'selenium_browser' strategy...
2025-12-04 07:28:06,933 - INFO - [BBC] Article: https://www.bbc.com/news/articles/cp84y7jx2pzo?at_medium=RSS&at_campaign=rss
2025-12-04 07:28:06,933 - INFO - [BBC] Attempt 1/1: Trying with 'requests_browser' strategy...
2025-12-04 07:28:07,056 - INFO - [BBC] Success with 'requests_browser'. Found content (357 words).
2025-12-04 07:28:07,270 - INFO - Duplicate article skipped: South Korea: Government developing app showing real-time location of stalkers from BBC
2025-12-04 07:28:07,381 - INFO - [The Guardian] Article: https://www.theguardian.com/uk-news/2025/dec/03/british-troops-accused-of-human-rights-violations-environmental-destruction-and-sexual-abuse-in-kenya
2025-12-04 07:28:07,381 - INFO - [The Guardian] Attempt 1/1: Trying with 'requests_browser' strategy...
2025-12-04 07:28:07,536 - INFO - [The Guardian] Success with 'requests_browser'. Found content (772 words).
2025-12-04 07:28:07,729 - INFO - Duplicate article skipped: British troops accused of human rights violations and sexual abuse in Kenya | British army | The Guardian from The Guardian
2025-12-04 07:28:08,563 - INFO - [BBC] Article: https://www.bbc.com/news/articles/cd6x2j4g3z7o?at_medium=RSS&at_campaign=rss
2025-12-04 07:28:08,564 - INFO - [BBC] Attempt 1/1: Trying with 'requests_browser' strategy...
2025-12-04 07:28:08,750 - INFO - [BBC] Success with 'requests_browser'. Found content (447 words).
2025-12-04 07:28:08,767 - INFO - [The Guardian] Article: https://www.theguardian.com/global-development/2025/dec/03/whistleblower-accuses-foreign-office-of-censoring-warning-of-sudan-genocide
2025-12-04 07:28:08,775 - INFO - [The Guardian] Attempt 1/1: Trying with 'requests_browser' strategy...
2025-12-04 07:28:08,926 - INFO - Duplicate article skipped: Israel receives coffin that Hamas says contains Gaza hostage's body from BBC
2025-12-04 07:28:09,006 - INFO - [The Guardian] Success with 'requests_browser'. Found content (1465 words).
2025-12-04 07:28:09,288 - INFO - Duplicate article skipped: Whistleblower accuses Foreign Office of ‘censoring’ warning of Sudan genocide | Global development | The Guardian from The Guardian
2025-12-04 07:28:09,747 - INFO - [BBC] Article: https://www.bbc.com/news/articles/cdxekqryn1jo?at_medium=RSS&at_campaign=rss
2025-12-04 07:28:09,747 - INFO - [BBC] Attempt 1/1: Trying with 'requests_browser' strategy...
2025-12-04 07:28:09,843 - INFO - [BBC] Success with 'requests_browser'. Found content (720 words).
2025-12-04 07:28:09,974 - INFO - [The Guardian] Article: https://www.theguardian.com/us-news/2025/dec/02/trump-somali-immigrants-minnesota
2025-12-04 07:28:09,974 - INFO - [The Guardian] Attempt 1/1: Trying with 'requests_browser' strategy...
2025-12-04 07:28:09,977 - INFO - Duplicate article skipped: Meta starts kicking Australian children off Instagram and Facebook from BBC
2025-12-04 07:28:10,014 - INFO - [The Guardian] Success with 'requests_browser'. Found content (473 words).
2025-12-04 07:28:10,094 - INFO - Duplicate article skipped: Trump calls Somali immigrants ‘garbage’ as US reportedly targets Minnesota community | Trump administration | The Guardian from The Guardian
2025-12-04 07:28:10,656 - INFO - [The Guardian] Article: https://www.theguardian.com/us-news/2025/dec/03/epstein-caribbean-island-new-photo-video-release
2025-12-04 07:28:10,657 - INFO - [The Guardian] Attempt 1/1: Trying with 'requests_browser' strategy...
2025-12-04 07:28:10,694 - INFO - [The Guardian] Success with 'requests_browser'. Found content (373 words).
2025-12-04 07:28:10,716 - INFO - [BBC] Article: https://www.bbc.com/news/articles/c5y9843engko?at_medium=RSS&at_campaign=rss
2025-12-04 07:28:10,716 - INFO - [BBC] Attempt 1/1: Trying with 'requests_browser' strategy...
2025-12-04 07:28:10,753 - INFO - Duplicate article skipped: House Democrats release new images of Epstein’s private Caribbean island | Jeffrey Epstein | The Guardian from The Guardian
2025-12-04 07:28:10,776 - INFO - [BBC] Success with 'requests_browser'. Found content (445 words).
2025-12-04 07:28:10,827 - INFO - Duplicate article skipped: Pritam Singh: Singapore court upholds opposition leader's conviction from BBC
2025-12-04 07:28:11,349 - INFO - [BBC] Article: https://www.bbc.com/news/articles/cjrjn88jqn4o?at_medium=RSS&at_campaign=rss
2025-12-04 07:28:11,350 - INFO - [BBC] Attempt 1/1: Trying with 'requests_browser' strategy...
2025-12-04 07:28:11,457 - INFO - [BBC] Success with 'requests_browser'. Found content (852 words).
2025-12-04 07:28:11,629 - INFO - [The Guardian] Article: https://www.theguardian.com/world/2025/dec/03/colombia-trump-warning-military-threat
2025-12-04 07:28:11,629 - INFO - [The Guardian] Attempt 1/1: Trying with 'requests_browser' strategy...
2025-12-04 07:28:11,885 - INFO - [The Guardian] Success with 'requests_browser'. Found content (612 words).
2025-12-04 07:28:13,925 - INFO - [The Hindu] Page content loaded.
2025-12-04 07:28:14,143 - INFO - [The Hindu] Success with 'selenium_browser'. Found content (348 words).
2025-12-04 07:28:29,311 - INFO - Saved article: Trump to host DR Congo's Félix Tshisekedi and Rwanda's Paul Kagame to sign peace deal from BBC
2025-12-04 07:28:29,311 - INFO - Duplicate article skipped: Colombia’s president warns Trump: ‘Do not wake the jaguar’ with threats of military strikes | Colombia | The Guardian from The Guardian
2025-12-04 07:28:30,319 - INFO - [BBC] Article: https://www.bbc.com/news/articles/c8dy1613j2ro?at_medium=RSS&at_campaign=rss
2025-12-04 07:28:30,319 - INFO - [BBC] Attempt 1/1: Trying with 'requests_browser' strategy...
2025-12-04 07:28:30,365 - INFO - [BBC] Success with 'requests_browser'. Found content (877 words).
2025-12-04 07:28:30,789 - INFO - [The Guardian] Article: https://www.theguardian.com/us-news/live/2025/dec/02/donald-trump-pete-hegseth-boat-venezuela-maduro-tennessee-us-politics-live-news-updates
2025-12-04 07:28:30,789 - INFO - [The Guardian] Attempt 1/1: Trying with 'requests_browser' strategy...
2025-12-04 07:28:31,164 - INFO - [The Guardian] Success with 'requests_browser'. Found content (4155 words).
2025-12-04 07:28:43,719 - INFO - Saved article: Humayun Kabir, TMC MLA who gave call for Babri Masjid construction, suspended from party - The Hindu from The Hindu
2025-12-04 07:28:43,720 - INFO - Duplicate article skipped: Minnesota's Somali community braces for immigration crackdown from BBC
2025-12-04 07:28:43,720 - INFO - Duplicate article skipped: Pete Hegseth says he ‘didn’t stick around’ to watch second strike on alleged drug boat as Democrats slam administration over attacks – as it happened | Trump administration | The Guardian from The Guardian
2025-12-04 07:28:44,500 - INFO - [The Guardian] Article: https://www.theguardian.com/world/2025/dec/02/trump-intervention-honduras-presidential-vote-count-stalls-nasry-asfura
2025-12-04 07:28:44,500 - INFO - [The Guardian] Attempt 1/1: Trying with 'requests_browser' strategy...
2025-12-04 07:28:44,531 - INFO - [The Guardian] Success with 'requests_browser'. Found content (945 words).
2025-12-04 07:28:44,548 - INFO - [BBC] Article: https://www.bbc.com/news/articles/cqjg7w8z7dvo?at_medium=RSS&at_campaign=rss
2025-12-04 07:28:44,553 - INFO - [BBC] Attempt 1/1: Trying with 'requests_browser' strategy...
2025-12-04 07:28:44,581 - INFO - Duplicate article skipped: Trump frees ex-Honduran president from prison as country awaits knife-edge election result | Honduras | The Guardian from The Guardian
2025-12-04 07:28:44,607 - INFO - [BBC] Success with 'requests_browser'. Found content (387 words).
2025-12-04 07:28:44,643 - INFO - Duplicate article skipped: Court sides with Adidas in appeal over Kanye West collaboration from BBC
2025-12-04 07:28:45,132 - INFO - [The Hindu] Article: https://www.thehindu.com/news/national/remarks-against-army-sc-extends-stay-on-trial-court-proceedings-against-rahul-gandhi-till-april-22/article70356616.ece
2025-12-04 07:28:45,132 - INFO - [The Hindu] Attempt 1/1: Trying with 'selenium_browser' strategy...
2025-12-04 07:28:45,424 - INFO - [BBC] Article: https://www.bbc.com/news/articles/cm2054rdv52o?at_medium=RSS&at_campaign=rss
2025-12-04 07:28:45,424 - INFO - [BBC] Attempt 1/1: Trying with 'requests_browser' strategy...
2025-12-04 07:28:45,470 - INFO - [BBC] Success with 'requests_browser'. Found content (1064 words).
2025-12-04 07:28:45,547 - INFO - Duplicate article skipped: Hong Kong fire survivor: 'My heart breaks every time I'm called a hero' from BBC
2025-12-04 07:28:45,547 - INFO - [The Guardian] Article: https://www.theguardian.com/us-news/2025/dec/02/pete-hegseth-franklin-the-turtle
2025-12-04 07:28:45,548 - INFO - [The Guardian] Attempt 1/1: Trying with 'requests_browser' strategy...
2025-12-04 07:28:45,573 - INFO - [The Guardian] Success with 'requests_browser'. Found content (438 words).
2025-12-04 07:28:45,847 - INFO - Duplicate article skipped: Publisher condemns ‘violent’ use of Franklin the Turtle after Hegseth’s boat strike post | Pete Hegseth | The Guardian from The Guardian
2025-12-04 07:28:46,692 - INFO - [BBC] Article: https://www.bbc.com/news/articles/cnv21m0zpjmo?at_medium=RSS&at_campaign=rss
2025-12-04 07:28:46,692 - INFO - [BBC] Attempt 1/1: Trying with 'requests_browser' strategy...
2025-12-04 07:28:46,733 - INFO - [BBC] Success with 'requests_browser'. Found content (270 words).
2025-12-04 07:28:47,212 - INFO - [The Guardian] Article: https://www.theguardian.com/world/2025/dec/04/thailand-scam-cyberscam-crackdown-arrests-south-east-asia
2025-12-04 07:28:47,212 - INFO - [The Guardian] Attempt 1/1: Trying with 'requests_browser' strategy...
2025-12-04 07:28:47,309 - INFO - [The Guardian] Success with 'requests_browser'. Found content (575 words).
2025-12-04 07:28:48,557 - INFO - [The Hindu] Page content loaded.
2025-12-04 07:28:48,704 - INFO - [The Hindu] Success with 'selenium_browser'. Found content (409 words).
2025-12-04 07:28:59,236 - ERROR - [Times of India] Request failed for strategy 'selenium_browser' on URL https://timesofindia.indiatimes.com/world/middle-east/uae-public-holidays-2026-your-guide-to-dates-extended-weekends-and-school-holidays/articleshow/125760667.cms: HTTPConnectionPool(host='localhost', port=60493): Read timed out. (read timeout=120)
2025-12-04 07:28:59,236 - ERROR - [Times of India] All scrape strategies failed for https://timesofindia.indiatimes.com/world/middle-east/uae-public-holidays-2026-your-guide-to-dates-extended-weekends-and-school-holidays/articleshow/125760667.cms. Falling back to RSS description.
2025-12-04 07:29:01,880 - INFO - Saved article: Gaza: Five killed in Israeli air strikes on tents near Khan Younis, medics say from BBC
2025-12-04 07:29:01,881 - INFO - Duplicate article skipped: Thailand seizes more than $300m in assets and issues 42 arrest warrants in cyberscam crackdown | Thailand | The Guardian from The Guardian
2025-12-04 07:29:02,438 - INFO - [BBC] Article: https://www.bbc.com/news/articles/cpwk7xen544o?at_medium=RSS&at_campaign=rss
2025-12-04 07:29:02,439 - INFO - [BBC] Attempt 1/1: Trying with 'requests_browser' strategy...
2025-12-04 07:29:02,484 - INFO - [BBC] Success with 'requests_browser'. Found content (668 words).
2025-12-04 07:29:02,542 - INFO - [The Guardian] Article: https://www.theguardian.com/news/2025/dec/04/hong-kong-fire-death-toll-protective-netting-remove
2025-12-04 07:29:02,543 - INFO - [The Guardian] Attempt 1/1: Trying with 'requests_browser' strategy...
2025-12-04 07:29:02,568 - INFO - [The Guardian] Success with 'requests_browser'. Found content (689 words).
2025-12-04 07:29:15,929 - INFO - DEDUPLICATION: Found match (Score: 0.73). Linking to Cluster ID: ffeda27a-a32e-4590-a251-e6989982d417
2025-12-04 07:29:15,931 - INFO - Saved article: Remarks against Army: SC extends stay on trial court proceedings against Rahul Gandhi till April 22 - The Hindu from The Hindu
2025-12-04 07:29:17,232 - INFO - [The Hindu] Article: https://www.thehindu.com/news/cities/Hyderabad/telangana-police-websites-go-offline-after-people-were-redirected-to-gaming-site/article70356610.ece
2025-12-04 07:29:17,232 - INFO - [The Hindu] Attempt 1/1: Trying with 'selenium_browser' strategy...
2025-12-04 07:29:20,385 - INFO - [The Hindu] Page content loaded.
2025-12-04 07:29:20,527 - INFO - [The Hindu] Success with 'selenium_browser'. Found content (384 words).
2025-12-04 07:29:32,772 - INFO - Saved article: UAE public holidays 2026: Your guide to dates, extended weekends, and school holidays from Times of India
2025-12-04 07:29:32,773 - INFO - Duplicate article skipped: Israel says Rafah crossing to open soon to let Gazans leave via Egypt from BBC
2025-12-04 07:29:32,773 - INFO - Duplicate article skipped: Hong Kong warns ‘external forces’ working to exploit apartment fire, as death toll rises to 159 | Hong Kong apartment fires | The Guardian from The Guardian
2025-12-04 07:29:33,696 - INFO - [Times of India] Article: https://timesofindia.indiatimes.com/world/middle-east/kuwait-bans-unlicensed-currency-exchange-as-illegal-operators-risk-jail-kd3000-fine/articleshow/125760038.cms
2025-12-04 07:29:33,697 - INFO - [Times of India] Attempt 1/1: Trying with 'selenium_browser' strategy...
2025-12-04 07:29:33,976 - INFO - [BBC] Article: https://www.bbc.com/news/articles/c2lvzrve5lqo?at_medium=RSS&at_campaign=rss
2025-12-04 07:29:33,977 - INFO - [BBC] Attempt 1/1: Trying with 'requests_browser' strategy...
2025-12-04 07:29:34,156 - INFO - [The Guardian] Article: https://www.theguardian.com/world/2025/dec/03/eu-strategy-raw-materials-rare-earths-supply-chain-resourceeu
2025-12-04 07:29:34,156 - INFO - [The Guardian] Attempt 1/1: Trying with 'requests_browser' strategy...
2025-12-04 07:29:34,198 - INFO - [The Guardian] Success with 'requests_browser'. Found content (725 words).
2025-12-04 07:29:34,279 - INFO - [BBC] Success with 'requests_browser'. Found content (371 words).
2025-12-04 07:29:47,459 - INFO - Saved article: Telangana police websites go offline after people were redirected to gaming-site - The Hindu from The Hindu
2025-12-04 07:29:47,459 - INFO - Duplicate article skipped: EU looks at legally forcing industries to reduce purchases from China | Mining | The Guardian from The Guardian
2025-12-04 07:29:47,459 - INFO - Duplicate article skipped: Federica Mogherini: Former EU top diplomat accused in fraud investigation from BBC
2025-12-04 07:29:48,512 - INFO - [The Guardian] Article: https://www.theguardian.com/business/2025/dec/03/hsbc-appoints-interim-chair-brendan-nelson-to-permanent-role
2025-12-04 07:29:48,512 - INFO - [The Guardian] Attempt 1/1: Trying with 'requests_browser' strategy...
2025-12-04 07:29:48,542 - INFO - [The Guardian] Success with 'requests_browser'. Found content (605 words).
2025-12-04 07:29:48,569 - INFO - [The Hindu] Article: https://www.thehindu.com/news/national/supreme-court-asks-hcs-to-provide-details-of-pending-acid-attack-trials-across-country/article70356623.ece
2025-12-04 07:29:48,574 - INFO - [The Hindu] Attempt 1/1: Trying with 'selenium_browser' strategy...
2025-12-04 07:29:48,590 - INFO - [BBC] Article: https://www.bbc.com/news/articles/cy8jnxxm70jo?at_medium=RSS&at_campaign=rss
2025-12-04 07:29:48,591 - INFO - [BBC] Attempt 1/1: Trying with 'requests_browser' strategy...
2025-12-04 07:29:48,592 - INFO - Duplicate article skipped: HSBC appoints interim chair Brendan Nelson to permanent role | HSBC | The Guardian from The Guardian
2025-12-04 07:29:48,772 - INFO - [BBC] Success with 'requests_browser'. Found content (247 words).
2025-12-04 07:29:48,841 - INFO - Duplicate article skipped: Drunk raccoon found passed out on liquor store floor after breaking in from BBC
2025-12-04 07:29:49,461 - INFO - [The Hindu] Page content loaded.
2025-12-04 07:29:49,523 - INFO - [The Hindu] Success with 'selenium_browser'. Found content (339 words).
2025-12-04 07:29:49,990 - INFO - [BBC] Article: https://www.bbc.com/news/articles/cvgq5dvygllo?at_medium=RSS&at_campaign=rss
2025-12-04 07:29:49,990 - INFO - [BBC] Attempt 1/1: Trying with 'requests_browser' strategy...
2025-12-04 07:29:50,078 - INFO - [The Guardian] Article: https://www.theguardian.com/world/2025/dec/03/search-for-malaysia-airline-flight-mh370-to-resume-over-11-years-after-plane-went-missing
2025-12-04 07:29:50,078 - INFO - [The Guardian] Attempt 1/1: Trying with 'requests_browser' strategy...
2025-12-04 07:29:50,164 - INFO - [The Guardian] Success with 'requests_browser'. Found content (851 words).
2025-12-04 07:29:50,344 - INFO - [BBC] Success with 'requests_browser'. Found content (1030 words).
2025-12-04 07:30:05,306 - INFO - DEDUPLICATION: Found match (Score: 0.72). Linking to Cluster ID: 7cce0b3e-60df-46ef-bfe6-1bf993253fe2
2025-12-04 07:30:05,308 - INFO - Saved article: Supreme Court asks HCs to provide details of pending acid attack trials across country - The Hindu from The Hindu
2025-12-04 07:30:05,308 - INFO - Duplicate article skipped: Malaysia Airlines flight MH370 search to resume 11 years after jet went missing | Malaysia Airlines flight MH370 | The Guardian from The Guardian
2025-12-04 07:30:05,308 - INFO - Duplicate article skipped: Kenyan MPs accuse British soldiers from Batuk of sexual abuse in Laikipia from BBC
2025-12-04 07:30:06,120 - INFO - [The Hindu] Article: https://www.thehindu.com/business/Industry/lean-manpower-hiring-freeze-caused-current-disruption-for-indigo-pilots-body/article70356407.ece
2025-12-04 07:30:06,120 - INFO - [The Hindu] Attempt 1/1: Trying with 'selenium_browser' strategy...
2025-12-04 07:30:06,609 - INFO - [BBC] Article: https://www.bbc.com/news/articles/c1m8g5x1xmko?at_medium=RSS&at_campaign=rss
2025-12-04 07:30:06,609 - INFO - [BBC] Attempt 1/1: Trying with 'requests_browser' strategy...
2025-12-04 07:30:06,803 - INFO - [The Guardian] Article: https://www.theguardian.com/australia-news/live/2025/dec/04/australia-news-live-senate-estimates-national-fiscal-outlook-labor-coalition-cost-of-living-victoria-public-service-cuts-ntwnfb
2025-12-04 07:30:06,803 - INFO - [The Guardian] Attempt 1/1: Trying with 'requests_browser' strategy...
2025-12-04 07:30:07,030 - INFO - [The Guardian] Success with 'requests_browser'. Found content (2909 words).
2025-12-04 07:30:07,192 - INFO - Duplicate article skipped: Australia news live: Labor senator accuses Matt Canavan of ‘killing blue-collar jobs’ with his opposition to renewables | Australia news | The Guardian from The Guardian
2025-12-04 07:30:07,797 - INFO - [BBC] Success with 'requests_browser'. Found content (308 words).
2025-12-04 07:30:08,091 - INFO - Duplicate article skipped: Three French teens drown in freak car crash in swimming pool from BBC
2025-12-04 07:30:08,392 - INFO - [The Guardian] Article: https://www.theguardian.com/australia-news/2025/dec/04/giant-esky-australias-first-indoor-snow-resort-planned-for-western-sydney-gets-chinese-backing
2025-12-04 07:30:08,392 - INFO - [The Guardian] Attempt 1/1: Trying with 'requests_browser' strategy...
2025-12-04 07:30:08,514 - INFO - [The Guardian] Success with 'requests_browser'. Found content (353 words).
2025-12-04 07:30:09,345 - INFO - [BBC] Article: https://www.bbc.com/news/articles/c62v9z7z1z2o?at_medium=RSS&at_campaign=rss
2025-12-04 07:30:09,345 - INFO - [BBC] Attempt 1/1: Trying with 'requests_browser' strategy...
2025-12-04 07:30:09,394 - INFO - [BBC] Success with 'requests_browser'. Found content (485 words).
2025-12-04 07:30:24,699 - INFO - Saved article: ‘Giant Esky’: Australia’s first indoor snow resort planned for western Sydney gets Chinese backing | Sydney | The Guardian from The Guardian
2025-12-04 07:30:24,699 - INFO - Duplicate article skipped: Henry Cuellar: Trump says he is pardoning Democratic congressman in bribery case from BBC
2025-12-04 07:30:25,582 - INFO - [The Guardian] Article: https://www.theguardian.com/australia-news/2025/dec/04/sydney-drivers-stuck-in-busy-tunnel-for-up-to-four-hours-amid-fears-of-shockcrete-roof-collapse
2025-12-04 07:30:25,582 - INFO - [The Guardian] Attempt 1/1: Trying with 'requests_browser' strategy...
2025-12-04 07:30:25,710 - INFO - [The Guardian] Success with 'requests_browser'. Found content (579 words).
2025-12-04 07:30:25,755 - INFO - [BBC] Article: https://www.bbc.com/news/articles/c62lv79p0pdo?at_medium=RSS&at_campaign=rss
2025-12-04 07:30:25,760 - INFO - [BBC] Attempt 1/1: Trying with 'requests_browser' strategy...
2025-12-04 07:30:25,844 - INFO - [BBC] Success with 'requests_browser'. Found content (482 words).
2025-12-04 07:30:41,024 - INFO - Saved article: Sydney drivers stuck in busy tunnel for up to four hours amid fears of ‘shockcrete’ roof collapse | Sydney | The Guardian from The Guardian
2025-12-04 07:30:41,024 - INFO - Duplicate article skipped: Hong Kong orders removal of scaffolding mesh after deadly blaze from BBC
2025-12-04 07:30:41,812 - INFO - [BBC] Article: https://www.bbc.com/news/articles/cpq4e21nr5vo?at_medium=RSS&at_campaign=rss
2025-12-04 07:30:41,812 - INFO - [BBC] Attempt 1/1: Trying with 'requests_browser' strategy...
2025-12-04 07:30:41,841 - INFO - [BBC] Success with 'requests_browser'. Found content (438 words).
2025-12-04 07:30:41,883 - INFO - Duplicate article skipped: What latest Ukraine talks reveal about Putin's state of mind from BBC
2025-12-04 07:30:41,909 - INFO - [The Guardian] Article: https://www.theguardian.com/australia-news/2025/dec/04/man-pleads-not-guilty-over-allegedly-projecting-pro-palestine-messages-on-sydney-opera-house-forecourt-ntwnfb
2025-12-04 07:30:41,909 - INFO - [The Guardian] Attempt 1/1: Trying with 'requests_browser' strategy...
2025-12-04 07:30:42,029 - INFO - [The Guardian] Success with 'requests_browser'. Found content (629 words).
2025-12-04 07:30:42,082 - INFO - Duplicate article skipped: Man pleads not guilty over allegedly projecting pro-Palestine messages on Sydney Opera House forecourt | New South Wales | The Guardian from The Guardian
2025-12-04 07:30:42,635 - INFO - [BBC] Article: https://www.bbc.com/news/articles/cly580gkd9ro?at_medium=RSS&at_campaign=rss
2025-12-04 07:30:42,635 - INFO - [BBC] Attempt 1/1: Trying with 'requests_browser' strategy...
2025-12-04 07:30:42,676 - INFO - [BBC] Success with 'requests_browser'. Found content (1534 words).
2025-12-04 07:30:42,720 - INFO - Duplicate article skipped: Ultra-Orthodox conscription bill threatens crisis for Israel's government from BBC
2025-12-04 07:30:42,992 - INFO - [The Guardian] Article: https://www.theguardian.com/australia-news/2025/dec/04/australia-u16-social-media-ban-children-riskier-platforms-young-nationals
2025-12-04 07:30:42,992 - INFO - [The Guardian] Attempt 1/1: Trying with 'requests_browser' strategy...
2025-12-04 07:30:43,026 - INFO - [The Guardian] Success with 'requests_browser'. Found content (749 words).
2025-12-04 07:30:43,077 - INFO - Duplicate article skipped: ‘Making mental health crisis worse’: Young Nationals warn regional children will be cut off from family by social media ban | Social media ban | The Guardian from The Guardian
2025-12-04 07:31:06,138 - ERROR - [The Hindu] Request failed for strategy 'selenium_browser' on URL https://www.thehindu.com/business/Industry/lean-manpower-hiring-freeze-caused-current-disruption-for-indigo-pilots-body/article70356407.ece: Message: timeout: Timed out receiving message from renderer: 59.585
  (Session info: chrome=142.0.7444.175)
Stacktrace:
#0 0x55cdfe3c14ca <unknown>
#1 0x55cdfde0fe4b <unknown>
#2 0x55cdfddf7e14 <unknown>
#3 0x55cdfddf7af7 <unknown>
#4 0x55cdfddf58ff <unknown>
#5 0x55cdfddf627f <unknown>
#6 0x55cdfde04cb3 <unknown>
#7 0x55cdfde1e5f1 <unknown>
#8 0x55cdfde24dfb <unknown>
#9 0x55cdfddf69bd <unknown>
#10 0x55cdfde1e399 <unknown>
#11 0x55cdfdeaf169 <unknown>
#12 0x55cdfde54c2a <unknown>
#13 0x55cdfde55931 <unknown>
#14 0x55cdfe387cf9 <unknown>
#15 0x55cdfe38acdc <unknown>
#16 0x55cdfe370f79 <unknown>
#17 0x55cdfe38b8b5 <unknown>
#18 0x55cdfe3589c3 <unknown>
#19 0x55cdfe3ae228 <unknown>
#20 0x55cdfe3ae403 <unknown>
#21 0x55cdfe3c0463 <unknown>
#22 0x7efefc49caa4 <unknown>
#23 0x7efefc529c6c <unknown>

2025-12-04 07:31:06,138 - ERROR - [The Hindu] All scrape strategies failed for https://www.thehindu.com/business/Industry/lean-manpower-hiring-freeze-caused-current-disruption-for-indigo-pilots-body/article70356407.ece. Falling back to RSS description.
2025-12-04 07:31:21,174 - INFO - DEDUPLICATION: Found match (Score: 0.71). Linking to Cluster ID: 2ff4ffe1-764c-44be-85c5-46d030151722
2025-12-04 07:31:21,176 - INFO - Saved article: Lean manpower, hiring freeze caused current disruption for IndiGo: Pilots' body from The Hindu
2025-12-04 07:31:22,133 - INFO - [The Hindu] Article: https://www.thehindu.com/news/national/andhra-pradesh/gautam-adani-meets-andhra-pradesh-cm-chandrababu-naidu/article70356085.ece
2025-12-04 07:31:22,133 - INFO - [The Hindu] Attempt 1/1: Trying with 'selenium_browser' strategy...
2025-12-04 07:31:33,797 - ERROR - [Times of India] Request failed for strategy 'selenium_browser' on URL https://timesofindia.indiatimes.com/world/middle-east/kuwait-bans-unlicensed-currency-exchange-as-illegal-operators-risk-jail-kd3000-fine/articleshow/125760038.cms: HTTPConnectionPool(host='localhost', port=60493): Read timed out. (read timeout=120)
2025-12-04 07:31:33,797 - ERROR - [Times of India] All scrape strategies failed for https://timesofindia.indiatimes.com/world/middle-east/kuwait-bans-unlicensed-currency-exchange-as-illegal-operators-risk-jail-kd3000-fine/articleshow/125760038.cms. Falling back to RSS description.
2025-12-04 07:31:47,871 - INFO - Saved article: Kuwait bans unlicensed currency exchange as illegal operators risk jail, KD3,000 fine from Times of India
2025-12-04 07:31:49,033 - INFO - [Times of India] Article: https://timesofindia.indiatimes.com/world/us/ironic-erika-kirk-reacts-to-high-number-of-women-voting-for-zohran-mamdani-what-she-said/articleshow/125760103.cms
2025-12-04 07:31:49,033 - INFO - [Times of India] Attempt 1/1: Trying with 'selenium_browser' strategy...
2025-12-04 07:31:51,515 - CRITICAL - --- TIMEOUT: 2 scrape jobs did not complete in 300s. ---
2025-12-04 07:31:51,516 - ERROR - A thread has timed out and will be abandoned.
2025-12-04 07:31:51,516 - ERROR - A thread has timed out and will be abandoned.
2025-12-04 07:31:51,516 - INFO - Shutting down thread pool (wait=False)...
2025-12-04 07:31:51,516 - INFO - Scraped: 3 The Guardian, 2 BBC, 2 Timed_Out_Jobs articles. (Total saved: 5)
2025-12-04 07:31:51,516 - INFO - --- Scraping job finished ---
2025-12-04 07:31:51,516 - INFO - --- Scraper service stopped and database connection closed. ---
2025-12-04 07:31:51,517 - INFO - --- Main thread finished. Forcing process exit to kill zombie threads. ---
