2025-11-29 13:30:43,918 - INFO - Loading AI Semantic Model (all-MiniLM-L6-v2)...
2025-11-29 13:30:43,919 - INFO - Use pytorch device_name: cpu
2025-11-29 13:30:43,919 - INFO - Load pretrained SentenceTransformer: all-MiniLM-L6-v2
2025-11-29 13:30:44,657 - INFO - AI Model loaded successfully.
2025-11-29 13:30:44,657 - INFO - Initializing database connection at: news_articles.db
2025-11-29 13:30:44,657 - INFO - --- Scraper service started (CI Mode: Run Once) ---
2025-11-29 13:30:44,657 - INFO - --- Starting new scraping job (Parallel Mode) ---
2025-11-29 13:30:44,657 - INFO - Creating new robust session with 3 retries on 5xx/connection/read errors.
2025-11-29 13:30:44,657 - INFO - Proxy is DISABLED.
2025-11-29 13:30:44,658 - INFO - Starting scrape for BBC RSS feed: http://feeds.bbci.co.uk/news/world/rss.xml
2025-11-29 13:30:44,659 - INFO - [Times of India] (Thread) requires Selenium. Initializing driver...
2025-11-29 13:30:44,659 - INFO - Initializing headless Selenium Chrome driver (using SeleniumManager)...
2025-11-29 13:30:44,659 - INFO - Starting scrape for The Guardian RSS feed: https://www.theguardian.com/world/rss
2025-11-29 13:30:44,661 - INFO - [The Hindu] (Thread) requires Selenium. Initializing driver...
2025-11-29 13:30:44,661 - INFO - Initializing headless Selenium Chrome driver (using SeleniumManager)...
2025-11-29 13:30:44,662 - INFO - Submitted 4 jobs to thread pool. Waiting up to 300s for completion...
2025-11-29 13:30:44,844 - INFO - Found 45 articles in The Guardian RSS feed. Processing up to 20.
2025-11-29 13:30:44,844 - INFO - [The Guardian] Article: https://www.theguardian.com/world/2025/nov/28/jacob-zuma-daughter-resigns-claims-south-africans-tricked-fight-russia
2025-11-29 13:30:44,844 - INFO - [The Guardian] Attempt 1/1: Trying with 'requests_browser' strategy...
2025-11-29 13:30:44,868 - INFO - [The Guardian] Success with 'requests_browser'. Found content (753 words).
2025-11-29 13:30:44,906 - INFO - Duplicate article skipped: Jacob Zuma’s daughter resigns amid claims South Africans tricked to fight for Russia | South Africa | The Guardian from The Guardian
2025-11-29 13:30:44,970 - INFO - Found 29 articles in BBC RSS feed. Processing up to 20.
2025-11-29 13:30:44,970 - INFO - [BBC] Article: https://www.bbc.com/news/articles/cz0nljm4y74o?at_medium=RSS&at_campaign=rss
2025-11-29 13:30:44,970 - INFO - [BBC] Attempt 1/1: Trying with 'requests_browser' strategy...
2025-11-29 13:30:45,095 - INFO - [BBC] Success with 'requests_browser'. Found content (844 words).
2025-11-29 13:30:45,146 - INFO - Duplicate article skipped: Andriy Yermak: How Zelensky's right-hand man fell from power from BBC
2025-11-29 13:30:45,738 - INFO - [BBC] Article: https://www.bbc.com/news/articles/cx2gylngx7go?at_medium=RSS&at_campaign=rss
2025-11-29 13:30:45,738 - INFO - [BBC] Attempt 1/1: Trying with 'requests_browser' strategy...
2025-11-29 13:30:45,765 - INFO - [BBC] Success with 'requests_browser'. Found content (579 words).
2025-11-29 13:30:45,800 - INFO - Duplicate article skipped: Russian strikes cause power outages for more than 600,000 in Ukraine from BBC
2025-11-29 13:30:46,062 - INFO - [The Guardian] Article: https://www.theguardian.com/environment/2025/nov/28/africa-forests-transformed-carbon-sink-carbon-source-study
2025-11-29 13:30:46,062 - INFO - [The Guardian] Attempt 1/1: Trying with 'requests_browser' strategy...
2025-11-29 13:30:46,085 - INFO - [The Guardian] Success with 'requests_browser'. Found content (458 words).
2025-11-29 13:30:46,121 - INFO - Duplicate article skipped: Africa’s forests transformed from carbon sink to carbon source, study finds | Climate crisis | The Guardian from The Guardian
2025-11-29 13:30:46,863 - INFO - [The Guardian] Article: https://www.theguardian.com/world/2025/nov/26/guinea-bissau-officers-take-total-control-close-borders-amid-election-chaos
2025-11-29 13:30:46,863 - INFO - [The Guardian] Attempt 1/1: Trying with 'requests_browser' strategy...
2025-11-29 13:30:46,869 - INFO - [BBC] Article: https://www.bbc.com/news/articles/cdxweyy157go?at_medium=RSS&at_campaign=rss
2025-11-29 13:30:46,869 - INFO - [BBC] Attempt 1/1: Trying with 'requests_browser' strategy...
2025-11-29 13:30:46,886 - INFO - [The Guardian] Success with 'requests_browser'. Found content (412 words).
2025-11-29 13:30:46,924 - INFO - Duplicate article skipped: Guinea-Bissau military takes ‘total control’ amid election chaos | Guinea-Bissau | The Guardian from The Guardian
2025-11-29 13:30:46,938 - INFO - [BBC] Success with 'requests_browser'. Found content (803 words).
2025-11-29 13:30:46,978 - INFO - Duplicate article skipped: US halts all asylum claim decisions in wake of National Guard shooting from BBC
2025-11-29 13:30:47,626 - INFO - [BBC] Article: https://www.bbc.com/news/articles/clyzdxyjx2eo?at_medium=RSS&at_campaign=rss
2025-11-29 13:30:47,626 - INFO - [BBC] Attempt 1/1: Trying with 'requests_browser' strategy...
2025-11-29 13:30:47,636 - INFO - [The Guardian] Article: https://www.theguardian.com/world/2025/nov/25/nigerian-schoolgirls-rescued-after-mass-abduction-in-kebbi
2025-11-29 13:30:47,636 - INFO - [The Guardian] Attempt 1/1: Trying with 'requests_browser' strategy...
2025-11-29 13:30:47,798 - INFO - [The Guardian] Success with 'requests_browser'. Found content (515 words).
2025-11-29 13:30:47,842 - INFO - Duplicate article skipped: Nigerian schoolgirls rescued after mass abduction in Kebbi | Nigeria | The Guardian from The Guardian
2025-11-29 13:30:47,860 - INFO - [BBC] Success with 'requests_browser'. Found content (1524 words).
2025-11-29 13:30:47,901 - INFO - Duplicate article skipped: Are UK Christmas markets as good as German ones? Here's what we found from BBC
2025-11-29 13:30:48,406 - INFO - [The Guardian] Article: https://www.theguardian.com/world/2025/nov/25/jacob-zuma-daughter-accused-tricking-men-fighting-for-russia-in-ukraine
2025-11-29 13:30:48,406 - INFO - [The Guardian] Attempt 1/1: Trying with 'requests_browser' strategy...
2025-11-29 13:30:48,434 - INFO - [The Guardian] Success with 'requests_browser'. Found content (656 words).
2025-11-29 13:30:48,478 - INFO - Duplicate article skipped: Jacob Zuma’s daughter accused of tricking men into fighting for Russia in Ukraine | South Africa | The Guardian from The Guardian
2025-11-29 13:30:49,381 - INFO - [BBC] Article: https://www.bbc.com/news/articles/ce865kpdzz8o?at_medium=RSS&at_campaign=rss
2025-11-29 13:30:49,381 - INFO - [BBC] Attempt 1/1: Trying with 'requests_browser' strategy...
2025-11-29 13:30:49,406 - INFO - [BBC] Success with 'requests_browser'. Found content (359 words).
2025-11-29 13:30:49,443 - INFO - Duplicate article skipped: Australian prime minister Albanese becomes first to wed in office from BBC
2025-11-29 13:30:49,650 - INFO - [The Guardian] Article: https://www.theguardian.com/world/2025/nov/29/uk-mps-extra-aid-humanitarian-visas-jamaica-hurricane-melissa-dawn-butler
2025-11-29 13:30:49,651 - INFO - [The Guardian] Attempt 1/1: Trying with 'requests_browser' strategy...
2025-11-29 13:30:49,674 - INFO - [The Guardian] Success with 'requests_browser'. Found content (873 words).
2025-11-29 13:30:49,716 - INFO - Duplicate article skipped: UK MPs push for extra aid and visas as Jamaica reels from Hurricane Melissa | Jamaica | The Guardian from The Guardian
2025-11-29 13:30:50,031 - INFO - [BBC] Article: https://www.bbc.com/news/articles/cvgj9dd983xo?at_medium=RSS&at_campaign=rss
2025-11-29 13:30:50,031 - INFO - [BBC] Attempt 1/1: Trying with 'requests_browser' strategy...
2025-11-29 13:30:50,060 - INFO - [BBC] Success with 'requests_browser'. Found content (788 words).
2025-11-29 13:30:50,099 - INFO - Duplicate article skipped: Nigeria blames jihadist groups for wave of kidnappings but others accuse criminal gangs from BBC
2025-11-29 13:30:50,560 - INFO - [The Guardian] Article: https://www.theguardian.com/us-news/2025/nov/28/trump-pardon-honduras-hernandez-drugs
2025-11-29 13:30:50,560 - INFO - [The Guardian] Attempt 1/1: Trying with 'requests_browser' strategy...
2025-11-29 13:30:50,582 - INFO - [The Guardian] Success with 'requests_browser'. Found content (560 words).
2025-11-29 13:30:50,617 - INFO - Duplicate article skipped: Trump to pardon ex-Honduras leader serving drug trafficking sentence in US | Donald Trump | The Guardian from The Guardian
2025-11-29 13:30:51,426 - INFO - [BBC] Article: https://www.bbc.com/news/articles/c8dy9lne2plo?at_medium=RSS&at_campaign=rss
2025-11-29 13:30:51,426 - INFO - [BBC] Attempt 1/1: Trying with 'requests_browser' strategy...
2025-11-29 13:30:51,459 - INFO - [BBC] Success with 'requests_browser'. Found content (459 words).
2025-11-29 13:30:51,495 - INFO - Duplicate article skipped: Three days of mourning begins after Hong Kong apartment fire from BBC
2025-11-29 13:30:51,870 - INFO - [The Guardian] Article: https://www.theguardian.com/us-news/2025/nov/28/college-student-deported-boston-flight-thanksgiving
2025-11-29 13:30:51,871 - INFO - [The Guardian] Attempt 1/1: Trying with 'requests_browser' strategy...
2025-11-29 13:30:51,889 - INFO - [The Guardian] Success with 'requests_browser'. Found content (274 words).
2025-11-29 13:30:51,922 - INFO - Duplicate article skipped: College student deported when flying home for Thanksgiving, despite court order | ICE (US Immigration and Customs Enforcement) | The Guardian from The Guardian
2025-11-29 13:30:52,456 - INFO - [The Guardian] Article: https://www.theguardian.com/world/2025/nov/28/quebec-prayer-law-canada
2025-11-29 13:30:52,456 - INFO - [The Guardian] Attempt 1/1: Trying with 'requests_browser' strategy...
2025-11-29 13:30:52,478 - INFO - [The Guardian] Success with 'requests_browser'. Found content (539 words).
2025-11-29 13:30:52,513 - INFO - Duplicate article skipped: Quebec to ban public prayer in sweeping new secularism law | Quebec | The Guardian from The Guardian
2025-11-29 13:30:52,573 - INFO - [BBC] Article: https://www.bbc.com/news/articles/c1kpm0rvxepo?at_medium=RSS&at_campaign=rss
2025-11-29 13:30:52,574 - INFO - [BBC] Attempt 1/1: Trying with 'requests_browser' strategy...
2025-11-29 13:30:52,599 - INFO - [BBC] Success with 'requests_browser'. Found content (494 words).
2025-11-29 13:30:52,639 - INFO - Duplicate article skipped: Trump says he will pardon ex-Honduras president convicted of drug trafficking from BBC
2025-11-29 13:30:53,320 - INFO - [BBC] Article: https://www.bbc.com/news/articles/cz0nlxlr87go?at_medium=RSS&at_campaign=rss
2025-11-29 13:30:53,320 - INFO - [BBC] Attempt 1/1: Trying with 'requests_browser' strategy...
2025-11-29 13:30:53,348 - INFO - [BBC] Success with 'requests_browser'. Found content (591 words).
2025-11-29 13:30:53,386 - INFO - Duplicate article skipped: Guinea-Bissau coup was a sham, West African political figures say from BBC
2025-11-29 13:30:53,613 - INFO - Selenium driver initialized successfully.
2025-11-29 13:30:53,613 - INFO - Starting scrape for The Hindu RSS feed: https://www.thehindu.com/news/national/feeder/default.rss
2025-11-29 13:30:53,614 - INFO - Selenium driver initialized successfully.
2025-11-29 13:30:53,614 - INFO - Starting scrape for Times of India RSS feed: https://timesofindia.indiatimes.com/rssfeeds/296589292.cms
2025-11-29 13:30:53,689 - INFO - [The Guardian] Article: https://www.theguardian.com/world/2025/nov/28/haida-nation-mark-carney-pipe-dream-oil-energy
2025-11-29 13:30:53,689 - INFO - [The Guardian] Attempt 1/1: Trying with 'requests_browser' strategy...
2025-11-29 13:30:53,700 - INFO - Found 20 articles in Times of India RSS feed. Processing up to 20.
2025-11-29 13:30:53,700 - INFO - [Times of India] Article: https://timesofindia.indiatimes.com/world/middle-east/qatar-updates-hayya-gcc-visa-allowing-2-month-stay-ahead-of-2025-fifa-arab-cup/articleshow/125658107.cms
2025-11-29 13:30:53,700 - INFO - [Times of India] Attempt 1/1: Trying with 'selenium_browser' strategy...
2025-11-29 13:30:53,718 - INFO - [The Guardian] Success with 'requests_browser'. Found content (1103 words).
2025-11-29 13:30:53,757 - INFO - Duplicate article skipped: ‘Not going to happen’: First Nations threaten to end Carney’s pipe dream | Canada | The Guardian from The Guardian
2025-11-29 13:30:53,809 - INFO - Found 100 articles in The Hindu RSS feed. Processing up to 20.
2025-11-29 13:30:53,809 - INFO - [The Hindu] Article: https://www.thehindu.com/news/national/new-jaisalmer-delhi-train-flagged-off-will-cater-to-regions-defence-establishment-says-minister/article70338598.ece
2025-11-29 13:30:53,809 - INFO - [The Hindu] Attempt 1/1: Trying with 'selenium_browser' strategy...
2025-11-29 13:30:54,449 - INFO - [BBC] Article: https://www.bbc.com/news/articles/c0q5w8l88dvo?at_medium=RSS&at_campaign=rss
2025-11-29 13:30:54,450 - INFO - [BBC] Attempt 1/1: Trying with 'requests_browser' strategy...
2025-11-29 13:30:54,484 - INFO - [BBC] Success with 'requests_browser'. Found content (712 words).
2025-11-29 13:30:54,534 - INFO - Duplicate article skipped: Afghans in US issue plea to Trump after 'tragic' Washington DC shooting from BBC
2025-11-29 13:30:54,952 - INFO - [The Guardian] Article: https://www.theguardian.com/world/2025/nov/29/indonesia-and-thailand-flooding-death-toll-tops-350-as-rescuers-struggle-to-reach-worst-hit-areas
2025-11-29 13:30:54,952 - INFO - [The Guardian] Attempt 1/1: Trying with 'requests_browser' strategy...
2025-11-29 13:30:54,980 - INFO - [The Guardian] Success with 'requests_browser'. Found content (677 words).
2025-11-29 13:30:55,056 - INFO - Duplicate article skipped: At least 460 killed in south-east Asia floods and landslides, reports say | Indonesia | The Guardian from The Guardian
2025-11-29 13:30:55,399 - INFO - [BBC] Article: https://www.bbc.com/news/articles/c0l9z176lnlo?at_medium=RSS&at_campaign=rss
2025-11-29 13:30:55,399 - INFO - [BBC] Attempt 1/1: Trying with 'requests_browser' strategy...
2025-11-29 13:30:55,467 - INFO - [BBC] Success with 'requests_browser'. Found content (678 words).
2025-11-29 13:30:55,550 - INFO - Duplicate article skipped: Austrian nuns win reprieve in abandoned convent - if they stay off social media from BBC
2025-11-29 13:30:55,578 - INFO - [The Guardian] Article: https://www.theguardian.com/news/2025/nov/29/hong-kong-begins-three-days-of-mourning-after-deadly-apartment-fires
2025-11-29 13:30:55,578 - INFO - [The Guardian] Attempt 1/1: Trying with 'requests_browser' strategy...
2025-11-29 13:30:55,661 - INFO - [The Guardian] Success with 'requests_browser'. Found content (679 words).
2025-11-29 13:30:55,809 - INFO - Duplicate article skipped: Hong Kong begins three days of mourning after deadly apartment fires | Hong Kong apartment fires | The Guardian from The Guardian
2025-11-29 13:30:56,664 - INFO - [The Guardian] Article: https://www.theguardian.com/news/2025/nov/28/hong-kong-apartment-fire-response-rescue-operations-death-toll
2025-11-29 13:30:56,665 - INFO - [The Guardian] Attempt 1/1: Trying with 'requests_browser' strategy...
2025-11-29 13:30:56,761 - INFO - [BBC] Article: https://www.bbc.com/news/articles/cp89k31krz4o?at_medium=RSS&at_campaign=rss
2025-11-29 13:30:56,761 - INFO - [BBC] Attempt 1/1: Trying with 'requests_browser' strategy...
2025-11-29 13:30:56,865 - INFO - [The Guardian] Success with 'requests_browser'. Found content (1000 words).
2025-11-29 13:30:57,471 - INFO - [BBC] Success with 'requests_browser'. Found content (485 words).
2025-11-29 13:30:57,640 - INFO - Duplicate article skipped: Rescue efforts end at Hong Kong tower block fire as death toll reaches 128 | Hong Kong apartment fires | The Guardian from The Guardian
2025-11-29 13:30:57,692 - INFO - Duplicate article skipped: Thirteen killed in deadliest Israeli raid for months in southern Syria from BBC
2025-11-29 13:30:58,690 - INFO - [The Guardian] Article: https://www.theguardian.com/news/2025/nov/28/hong-kong-community-groups-deliver-aid-to-survivors-of-wang-fuk-court-fire
2025-11-29 13:30:58,690 - INFO - [The Guardian] Attempt 1/1: Trying with 'requests_browser' strategy...
2025-11-29 13:30:58,826 - INFO - [The Guardian] Success with 'requests_browser'. Found content (687 words).
2025-11-29 13:30:59,087 - INFO - [BBC] Article: https://www.bbc.com/news/articles/ckg9nd2wddno?at_medium=RSS&at_campaign=rss
2025-11-29 13:30:59,088 - INFO - [BBC] Attempt 1/1: Trying with 'requests_browser' strategy...
2025-11-29 13:30:59,221 - INFO - Duplicate article skipped: Hong Kong community groups deliver aid to survivors of Wang Fuk Court fire | Hong Kong apartment fires | The Guardian from The Guardian
2025-11-29 13:30:59,419 - INFO - [BBC] Success with 'requests_browser'. Found content (928 words).
2025-11-29 13:30:59,597 - INFO - Duplicate article skipped: Zelensky's chief of staff Andriy Yermak resigns after anti-corruption raid from BBC
2025-11-29 13:30:59,724 - INFO - [The Hindu] Page content loaded.
2025-11-29 13:30:59,929 - INFO - [The Hindu] Success with 'selenium_browser'. Found content (371 words).
2025-11-29 13:31:00,199 - INFO - [The Guardian] Article: https://www.theguardian.com/world/2025/nov/28/bear-attacks-man-public-toilet-japan
2025-11-29 13:31:00,199 - INFO - [The Guardian] Attempt 1/1: Trying with 'requests_browser' strategy...
2025-11-29 13:31:00,332 - INFO - [The Guardian] Success with 'requests_browser'. Found content (373 words).
2025-11-29 13:31:00,581 - INFO - [BBC] Article: https://www.bbc.com/news/articles/c058lny3pdqo?at_medium=RSS&at_campaign=rss
2025-11-29 13:31:00,581 - INFO - [BBC] Attempt 1/1: Trying with 'requests_browser' strategy...
2025-11-29 13:31:00,714 - INFO - [BBC] Success with 'requests_browser'. Found content (863 words).
2025-11-29 13:31:20,200 - INFO - Saved article: New Jaisalmer-Delhi train flagged off; will cater to region's defence establishment, says Minister - The Hindu from The Hindu
2025-11-29 13:31:20,200 - INFO - Duplicate article skipped: Bear attacks man in public toilet in Japan | Japan | The Guardian from The Guardian
2025-11-29 13:31:20,201 - INFO - Duplicate article skipped: Hungary's Orban defies EU partners and meets Putin again in Moscow from BBC
2025-11-29 13:31:21,169 - INFO - [The Guardian] Article: https://www.theguardian.com/australia-news/2025/nov/29/australian-prime-minister-anthony-albanese-marries-jodie-haydon-wedding-canberra
2025-11-29 13:31:21,170 - INFO - [The Guardian] Attempt 1/1: Trying with 'requests_browser' strategy...
2025-11-29 13:31:21,205 - INFO - [The Guardian] Success with 'requests_browser'. Found content (794 words).
2025-11-29 13:31:21,259 - INFO - Duplicate article skipped: Australian prime minister, Anthony Albanese, marries partner Jodie Haydon | Anthony Albanese | The Guardian from The Guardian
2025-11-29 13:31:21,360 - INFO - [The Hindu] Article: https://www.thehindu.com/news/national/karnataka/sharanabasveshwar-vidya-vardak-sangha-wins-iste-award/article70338662.ece
2025-11-29 13:31:21,360 - INFO - [The Hindu] Attempt 1/1: Trying with 'selenium_browser' strategy...
2025-11-29 13:31:21,610 - INFO - [BBC] Article: https://www.bbc.com/news/articles/ckglrdg6kz7o?at_medium=RSS&at_campaign=rss
2025-11-29 13:31:21,610 - INFO - [BBC] Attempt 1/1: Trying with 'requests_browser' strategy...
2025-11-29 13:31:21,758 - INFO - [BBC] Success with 'requests_browser'. Found content (639 words).
2025-11-29 13:31:21,810 - INFO - Duplicate article skipped: UN panel says Israel operating 'de facto policy of torture' from BBC
2025-11-29 13:31:22,397 - INFO - [The Hindu] Page content loaded.
2025-11-29 13:31:22,438 - INFO - [The Guardian] Article: https://www.theguardian.com/business/2025/nov/29/jetstar-cancel-domestic-flights-australia-global-airbus-a320-recall
2025-11-29 13:31:22,439 - INFO - [The Guardian] Attempt 1/1: Trying with 'requests_browser' strategy...
2025-11-29 13:31:22,489 - INFO - [The Guardian] Success with 'requests_browser'. Found content (880 words).
2025-11-29 13:31:22,588 - INFO - Duplicate article skipped: Jetstar cancels 90 domestic flights across Australia after global Airbus A320 recall | Airbus | The Guardian from The Guardian
2025-11-29 13:31:22,605 - INFO - [The Hindu] Success with 'selenium_browser'. Found content (296 words).
2025-11-29 13:31:22,893 - INFO - [BBC] Article: https://www.bbc.com/news/articles/cx2dndy228xo?at_medium=RSS&at_campaign=rss
2025-11-29 13:31:22,893 - INFO - [BBC] Attempt 1/1: Trying with 'requests_browser' strategy...
2025-11-29 13:31:23,005 - INFO - [BBC] Success with 'requests_browser'. Found content (1379 words).
2025-11-29 13:31:23,749 - INFO - [The Guardian] Article: https://www.theguardian.com/australia-news/2025/nov/28/virginia-giuffres-sons-deny-unsigned-document-is-their-mothers-will
2025-11-29 13:31:23,750 - INFO - [The Guardian] Attempt 1/1: Trying with 'requests_browser' strategy...
2025-11-29 13:31:23,799 - INFO - [The Guardian] Success with 'requests_browser'. Found content (777 words).
2025-11-29 13:31:34,497 - INFO - Saved article: Sharanabasveshwar Vidya Vardak Sangha wins ISTE award - The Hindu from The Hindu
2025-11-29 13:31:34,501 - INFO - Duplicate article skipped: Duduzile Zuma-Sambudla resigns as South African MP over Russia mercenary recruitment scandal from BBC
2025-11-29 13:31:34,501 - INFO - Duplicate article skipped: Virginia Giuffre’s sons deny unsigned document is their mother’s will | Western Australia | The Guardian from The Guardian
2025-11-29 13:31:35,237 - INFO - [BBC] Article: https://www.bbc.com/news/articles/c0q5w13e58zo?at_medium=RSS&at_campaign=rss
2025-11-29 13:31:35,238 - INFO - [BBC] Attempt 1/1: Trying with 'requests_browser' strategy...
2025-11-29 13:31:35,261 - INFO - [BBC] Success with 'requests_browser'. Found content (422 words).
2025-11-29 13:31:35,297 - INFO - Duplicate article skipped: Lightning detected on Mars by Nasa rover, scientists believe from BBC
2025-11-29 13:31:35,318 - INFO - [The Hindu] Article: https://www.thehindu.com/news/national/telangana/86-respondents-bound-over-as-hyderabad-police-act-against-ten-rival-gangs/article70338582.ece
2025-11-29 13:31:35,319 - INFO - [The Hindu] Attempt 1/1: Trying with 'selenium_browser' strategy...
2025-11-29 13:31:35,912 - INFO - [The Guardian] Article: https://www.theguardian.com/australia-news/2025/nov/29/mineral-sunscreens-australia-identical-to-others
2025-11-29 13:31:35,912 - INFO - [The Guardian] Attempt 1/1: Trying with 'requests_browser' strategy...
2025-11-29 13:31:35,963 - INFO - [The Guardian] Success with 'requests_browser'. Found content (932 words).
2025-11-29 13:31:36,032 - INFO - Duplicate article skipped: ‘Mineral’ sunscreens marketed to Australians contain almost identical chemicals as others, testing shows | Consumer affairs | The Guardian from The Guardian
2025-11-29 13:31:36,235 - INFO - [The Hindu] Page content loaded.
2025-11-29 13:31:36,330 - INFO - [The Hindu] Success with 'selenium_browser'. Found content (212 words).
2025-11-29 13:31:36,407 - INFO - [BBC] Article: https://www.bbc.com/news/articles/c0r9qzrxdwwo?at_medium=RSS&at_campaign=rss
2025-11-29 13:31:36,408 - INFO - [BBC] Attempt 1/1: Trying with 'requests_browser' strategy...
2025-11-29 13:31:36,945 - INFO - [BBC] Success with 'requests_browser'. Found content (448 words).
2025-11-29 13:31:37,240 - INFO - [The Guardian] Article: https://www.theguardian.com/australia-news/2025/nov/29/exclusive-gun-club-linked-to-andrew-hastie-awarded-almost-20000-in-government-grants
2025-11-29 13:31:37,240 - INFO - [The Guardian] Attempt 1/1: Trying with 'requests_browser' strategy...
2025-11-29 13:31:37,404 - INFO - [The Guardian] Success with 'requests_browser'. Found content (715 words).
2025-11-29 13:31:47,763 - INFO - Saved article: 86 respondents bound over as Hyderabad Police act against ten rival gangs - The Hindu from The Hindu
2025-11-29 13:31:47,763 - INFO - Duplicate article skipped: Tunisia hands prison terms to dozens of opposition figures from BBC
2025-11-29 13:31:47,763 - INFO - Duplicate article skipped: Exclusive gun club linked to Andrew Hastie awarded almost $20,000 in government grants | Andrew Hastie | The Guardian from The Guardian
2025-11-29 13:31:48,429 - INFO - [The Hindu] Article: https://www.thehindu.com/news/national/kerala/special-intensive-revision-norka-slammed-for-not-holding-meeting-of-overseas-electors/article70338401.ece
2025-11-29 13:31:48,429 - INFO - [The Hindu] Attempt 1/1: Trying with 'selenium_browser' strategy...
2025-11-29 13:31:48,838 - INFO - [BBC] Article: https://www.bbc.com/news/articles/cy7v6xl4me8o?at_medium=RSS&at_campaign=rss
2025-11-29 13:31:48,838 - INFO - [BBC] Attempt 1/1: Trying with 'requests_browser' strategy...
2025-11-29 13:31:48,925 - INFO - [BBC] Success with 'requests_browser'. Found content (1445 words).
2025-11-29 13:31:48,989 - INFO - Duplicate article skipped: Why the rich and powerful couldn't say no to Epstein from BBC
2025-11-29 13:31:49,583 - INFO - [The Hindu] Page content loaded.
2025-11-29 13:31:49,677 - INFO - [The Hindu] Success with 'selenium_browser'. Found content (394 words).
2025-11-29 13:31:50,005 - INFO - [BBC] Article: https://www.bbc.com/news/articles/c1dz36ep673o?at_medium=RSS&at_campaign=rss
2025-11-29 13:31:50,005 - INFO - [BBC] Attempt 1/1: Trying with 'requests_browser' strategy...
2025-11-29 13:31:50,074 - INFO - [BBC] Success with 'requests_browser'. Found content (1327 words).
2025-11-29 13:32:03,829 - INFO - Saved article: Special Intensive Revision: NoRKA slammed for not holding meeting of overseas electors - The Hindu from The Hindu
2025-11-29 13:32:03,829 - INFO - Duplicate article skipped: Donald Trump pledges to tackle Sudan atrocities - what difference can he make? from BBC
2025-11-29 13:32:05,241 - INFO - [The Hindu] Article: https://www.thehindu.com/news/national/andhra-pradesh/six-motorists-booked-for-drunk-driving-in-chittoor/article70338473.ece
2025-11-29 13:32:05,241 - INFO - [The Hindu] Attempt 1/1: Trying with 'selenium_browser' strategy...
2025-11-29 13:32:07,217 - INFO - [The Hindu] Page content loaded.
2025-11-29 13:32:07,277 - INFO - [The Hindu] Success with 'selenium_browser'. Found content (150 words).
2025-11-29 13:32:18,587 - INFO - Saved article: Six motorists booked for drunk driving in Chittoor - The Hindu from The Hindu
2025-11-29 13:32:19,153 - INFO - [The Hindu] Article: https://www.thehindu.com/news/national/kerala/keen-contest-in-ward-11-of-kalamassery-municipality/article70335356.ece
2025-11-29 13:32:19,154 - INFO - [The Hindu] Attempt 1/1: Trying with 'selenium_browser' strategy...
2025-11-29 13:32:19,772 - INFO - [The Hindu] Page content loaded.
2025-11-29 13:32:19,983 - INFO - [The Hindu] Success with 'selenium_browser'. Found content (340 words).
2025-11-29 13:32:31,251 - INFO - Saved article: Keen contest in Ward 11 of Kalamassery municipality - The Hindu from The Hindu
2025-11-29 13:32:31,849 - INFO - [The Hindu] Article: https://www.thehindu.com/news/national/karnataka/ballari-mp-inaugurates-bypass-opens-mri-centre-at-district-hospital/article70334853.ece
2025-11-29 13:32:31,849 - INFO - [The Hindu] Attempt 1/1: Trying with 'selenium_browser' strategy...
2025-11-29 13:32:32,705 - INFO - [The Hindu] Page content loaded.
2025-11-29 13:32:32,983 - INFO - [The Hindu] Success with 'selenium_browser'. Found content (527 words).
2025-11-29 13:32:44,078 - INFO - Saved article: Ballari MP inaugurates bypass, opens MRI centre at District Hospital - The Hindu from The Hindu
2025-11-29 13:32:44,757 - INFO - [The Hindu] Article: https://www.thehindu.com/news/cities/Hyderabad/six-members-of-inter-state-trading-fraud-gang-that-duped-citizens-of-over-1-crore-arrested-by-cyberabad-police/article70338545.ece
2025-11-29 13:32:44,757 - INFO - [The Hindu] Attempt 1/1: Trying with 'selenium_browser' strategy...
2025-11-29 13:32:45,632 - INFO - [The Hindu] Page content loaded.
2025-11-29 13:32:45,812 - INFO - [The Hindu] Success with 'selenium_browser'. Found content (354 words).
2025-11-29 13:32:53,801 - ERROR - [Times of India] Request failed for strategy 'selenium_browser' on URL https://timesofindia.indiatimes.com/world/middle-east/qatar-updates-hayya-gcc-visa-allowing-2-month-stay-ahead-of-2025-fifa-arab-cup/articleshow/125658107.cms: HTTPConnectionPool(host='localhost', port=57715): Read timed out. (read timeout=120)
2025-11-29 13:32:53,801 - ERROR - [Times of India] All scrape strategies failed for https://timesofindia.indiatimes.com/world/middle-east/qatar-updates-hayya-gcc-visa-allowing-2-month-stay-ahead-of-2025-fifa-arab-cup/articleshow/125658107.cms. Falling back to RSS description.
2025-11-29 13:32:57,116 - INFO - Saved article: Six members of inter-State trading fraud gang that duped citizens of over ₹1 crore arrested by Cyberabad police - The Hindu from The Hindu
2025-11-29 13:32:57,932 - INFO - [The Hindu] Article: https://www.thehindu.com/news/national/andhra-pradesh/ttd-unveils-plan-to-adopt-electric-mobility-system-in-tirumala/article70338504.ece
2025-11-29 13:32:57,932 - INFO - [The Hindu] Attempt 1/1: Trying with 'selenium_browser' strategy...
2025-11-29 13:33:01,921 - INFO - [The Hindu] Page content loaded.
2025-11-29 13:33:02,069 - INFO - [The Hindu] Success with 'selenium_browser'. Found content (213 words).
2025-11-29 13:33:10,654 - INFO - Saved article: Qatar updates Hayya GCC Visa allowing 2 month stay ahead of 2025 FIFA Arab Cup from Times of India
2025-11-29 13:33:11,341 - INFO - [Times of India] Article: https://timesofindia.indiatimes.com/world/us-streamers/megyn-kelly-and-jillian-michaels-reveal-the-real-reason-nick-fuentes-connects-with-disaffected-white-men/articleshow/125648575.cms
2025-11-29 13:33:11,342 - INFO - [Times of India] Attempt 1/1: Trying with 'selenium_browser' strategy...
2025-11-29 13:33:21,593 - INFO - Saved article: TTD unveils plan to adopt electric mobility system in Tirumala - The Hindu from The Hindu
2025-11-29 13:33:22,126 - INFO - [The Hindu] Article: https://www.thehindu.com/news/national/andhra-pradesh/narayana-promises-100-justice-to-amaravati-farmers-as-per-norms/article70338369.ece
2025-11-29 13:33:22,126 - INFO - [The Hindu] Attempt 1/1: Trying with 'selenium_browser' strategy...
2025-11-29 13:33:22,830 - INFO - [The Hindu] Page content loaded.
2025-11-29 13:33:23,150 - INFO - [The Hindu] Success with 'selenium_browser'. Found content (271 words).
2025-11-29 13:33:35,669 - INFO - DEDUPLICATION: Found match (Score: 0.74). Linking to Cluster ID: 68af1eb7-a9f6-4f0f-badb-f0065d0ee897
2025-11-29 13:33:35,671 - INFO - Saved article: Narayana promises 100% justice to Amaravati farmers as per norms - The Hindu from The Hindu
2025-11-29 13:33:37,107 - INFO - [The Hindu] Article: https://www.thehindu.com/news/national/karnataka/experts-flag-threat-to-heritage-from-urbanisation-climate-change/article70338378.ece
2025-11-29 13:33:37,108 - INFO - [The Hindu] Attempt 1/1: Trying with 'selenium_browser' strategy...
2025-11-29 13:33:38,023 - INFO - [The Hindu] Page content loaded.
2025-11-29 13:33:38,086 - INFO - [The Hindu] Success with 'selenium_browser'. Found content (499 words).
2025-11-29 13:33:50,524 - INFO - Saved article: Experts flag threat to heritage from urbanisation, climate change - The Hindu from The Hindu
2025-11-29 13:33:51,684 - INFO - [The Hindu] Article: https://www.thehindu.com/news/national/karnataka/blde-society-to-set-up-coaching-centre-for-competitive-exams/article70334979.ece
2025-11-29 13:33:51,685 - INFO - [The Hindu] Attempt 1/1: Trying with 'selenium_browser' strategy...
2025-11-29 13:33:53,585 - INFO - [The Hindu] Page content loaded.
2025-11-29 13:33:53,640 - INFO - [The Hindu] Success with 'selenium_browser'. Found content (221 words).
2025-11-29 13:34:11,269 - INFO - Saved article: BLDE Society to set up coaching centre for competitive exams - The Hindu from The Hindu
2025-11-29 13:34:11,872 - INFO - [The Hindu] Article: https://www.thehindu.com/news/national/telangana/hyderabad-cyber-crime-unit-arrests-two-men-from-navi-mumbai-in-123-lakh-trading-fraud-case/article70338540.ece
2025-11-29 13:34:11,872 - INFO - [The Hindu] Attempt 1/1: Trying with 'selenium_browser' strategy...
2025-11-29 13:34:13,752 - INFO - [The Hindu] Page content loaded.
2025-11-29 13:34:13,810 - INFO - [The Hindu] Success with 'selenium_browser'. Found content (288 words).
2025-11-29 13:34:28,218 - INFO - DEDUPLICATION: Found match (Score: 0.75). Linking to Cluster ID: e3511c07-5696-4ace-9372-6064ef8b0c08
2025-11-29 13:34:28,220 - INFO - Saved article: Hyderabad Cyber Crime unit arrests two men from Navi Mumbai in ₹12.3 lakh trading fraud case - The Hindu from The Hindu
2025-11-29 13:34:29,514 - INFO - [The Hindu] Article: https://www.thehindu.com/videos/watch-new-indian-labour-codes-wages-rights-benefits-explained/article70338619.ece
2025-11-29 13:34:29,514 - INFO - [The Hindu] Attempt 1/1: Trying with 'selenium_browser' strategy...
2025-11-29 13:34:30,209 - INFO - [The Hindu] Page content loaded.
2025-11-29 13:34:30,311 - INFO - [The Hindu] Success with 'selenium_browser'. Found content (168 words).
2025-11-29 13:34:42,872 - INFO - Saved article: Watch: New Indian Labour Codes: wages, rights & benefits explained - The Hindu from The Hindu
2025-11-29 13:34:44,050 - INFO - [The Hindu] Article: https://www.thehindu.com/news/national/andhra-pradesh/youth-injured-in-bear-attack-near-srisailam/article70338537.ece
2025-11-29 13:34:44,050 - INFO - [The Hindu] Attempt 1/1: Trying with 'selenium_browser' strategy...
2025-11-29 13:34:45,442 - INFO - [The Hindu] Page content loaded.
2025-11-29 13:34:45,497 - INFO - [The Hindu] Success with 'selenium_browser'. Found content (121 words).
2025-11-29 13:34:57,570 - INFO - Saved article: Youth injured in bear attack near Srisailam - The Hindu from The Hindu
2025-11-29 13:34:58,368 - INFO - [The Hindu] Article: https://www.thehindu.com/news/national/andhra-pradesh/ap-eyes-large-scale-overseas-placements-via-recruitment-agents/article70338391.ece
2025-11-29 13:34:58,369 - INFO - [The Hindu] Attempt 1/1: Trying with 'selenium_browser' strategy...
2025-11-29 13:35:01,471 - INFO - [The Hindu] Page content loaded.
2025-11-29 13:35:01,614 - INFO - [The Hindu] Success with 'selenium_browser'. Found content (454 words).
2025-11-29 13:35:11,443 - ERROR - [Times of India] Request failed for strategy 'selenium_browser' on URL https://timesofindia.indiatimes.com/world/us-streamers/megyn-kelly-and-jillian-michaels-reveal-the-real-reason-nick-fuentes-connects-with-disaffected-white-men/articleshow/125648575.cms: HTTPConnectionPool(host='localhost', port=57715): Read timed out. (read timeout=120)
2025-11-29 13:35:11,443 - ERROR - [Times of India] All scrape strategies failed for https://timesofindia.indiatimes.com/world/us-streamers/megyn-kelly-and-jillian-michaels-reveal-the-real-reason-nick-fuentes-connects-with-disaffected-white-men/articleshow/125648575.cms. Falling back to RSS description.
2025-11-29 13:35:14,499 - INFO - Saved article: A.P. eyes large-scale overseas placements via recruitment agents - The Hindu from The Hindu
2025-11-29 13:35:15,632 - INFO - [The Hindu] Article: https://www.thehindu.com/news/national/karnataka/officials-must-provide-information-without-negligence-says-information-commissioner/article70338576.ece
2025-11-29 13:35:15,632 - INFO - [The Hindu] Attempt 1/1: Trying with 'selenium_browser' strategy...
2025-11-29 13:35:28,838 - INFO - Saved article: Megyn Kelly and Jillian Michaels reveal the real reason Nick Fuentes connects with disaffected white men from Times of India
2025-11-29 13:35:29,343 - INFO - [Times of India] Article: https://timesofindia.indiatimes.com/world/us/row-erupts-after-kash-patel-claims-fbi-is-taking-down-a-global-pedophile-network-what-about-trump-and-epstein-gang/articleshow/125657396.cms
2025-11-29 13:35:29,343 - INFO - [Times of India] Attempt 1/1: Trying with 'selenium_browser' strategy...
2025-11-29 13:35:44,662 - CRITICAL - --- TIMEOUT: 2 scrape jobs did not complete in 300s. ---
2025-11-29 13:35:44,663 - ERROR - A thread has timed out and will be abandoned.
2025-11-29 13:35:44,663 - ERROR - A thread has timed out and will be abandoned.
2025-11-29 13:35:44,663 - INFO - Shutting down thread pool (wait=False)...
2025-11-29 13:35:44,663 - INFO - Scraped: 0 The Guardian, 0 BBC, 2 Timed_Out_Jobs articles. (Total saved: 0)
2025-11-29 13:35:44,663 - INFO - --- Scraping job finished ---
2025-11-29 13:35:44,663 - INFO - --- Scraper service stopped and database connection closed. ---
2025-11-29 13:35:44,663 - INFO - --- Main thread finished. Forcing process exit to kill zombie threads. ---
