2025-12-04 23:43:15,388 - INFO - Loading AI Semantic Model (all-MiniLM-L6-v2)...
2025-12-04 23:43:15,389 - INFO - Use pytorch device_name: cpu
2025-12-04 23:43:15,389 - INFO - Load pretrained SentenceTransformer: all-MiniLM-L6-v2
2025-12-04 23:43:16,174 - INFO - AI Model loaded successfully.
2025-12-04 23:43:16,174 - INFO - Initializing database connection at: news_articles.db
2025-12-04 23:43:16,174 - INFO - --- Scraper service started (CI Mode: Run Once) ---
2025-12-04 23:43:16,174 - INFO - --- Starting new scraping job (Parallel Mode) ---
2025-12-04 23:43:16,174 - INFO - Creating new robust session with 3 retries on 5xx/connection/read errors.
2025-12-04 23:43:16,174 - INFO - Proxy is DISABLED.
2025-12-04 23:43:16,175 - INFO - Starting scrape for BBC RSS feed: http://feeds.bbci.co.uk/news/world/rss.xml
2025-12-04 23:43:16,176 - INFO - [Times of India] (Thread) requires Selenium. Initializing driver...
2025-12-04 23:43:16,176 - INFO - Initializing headless Selenium Chrome driver (using SeleniumManager)...
2025-12-04 23:43:16,176 - INFO - Starting scrape for The Guardian RSS feed: https://www.theguardian.com/world/rss
2025-12-04 23:43:16,178 - INFO - [The Hindu] (Thread) requires Selenium. Initializing driver...
2025-12-04 23:43:16,178 - INFO - Initializing headless Selenium Chrome driver (using SeleniumManager)...
2025-12-04 23:43:16,178 - INFO - Submitted 4 jobs to thread pool. Waiting up to 300s for completion...
2025-12-04 23:43:16,276 - INFO - Found 48 articles in BBC RSS feed. Processing up to 20.
2025-12-04 23:43:16,277 - INFO - [BBC] Article: https://www.bbc.com/news/articles/cgexgwr1wrro?at_medium=RSS&at_campaign=rss
2025-12-04 23:43:16,277 - INFO - [BBC] Attempt 1/1: Trying with 'requests_browser' strategy...
2025-12-04 23:43:16,353 - INFO - Found 45 articles in The Guardian RSS feed. Processing up to 20.
2025-12-04 23:43:16,353 - INFO - [The Guardian] Article: https://www.theguardian.com/world/2025/dec/04/us-eu-critical-minerals-project-drc-report-lobito-corridor
2025-12-04 23:43:16,353 - INFO - [The Guardian] Attempt 1/1: Trying with 'requests_browser' strategy...
2025-12-04 23:43:16,387 - INFO - [The Guardian] Success with 'requests_browser'. Found content (813 words).
2025-12-04 23:43:16,428 - INFO - Duplicate article skipped: US and EU critical minerals project could displace thousands in DRC – report | Democratic Republic of the Congo | The Guardian from The Guardian
2025-12-04 23:43:16,770 - INFO - [BBC] Success with 'requests_browser'. Found content (809 words).
2025-12-04 23:43:16,805 - INFO - Duplicate article skipped: Putin says Russia will take Donbas by force or Ukraine's troops will withdraw from BBC
2025-12-04 23:43:16,983 - INFO - [The Guardian] Article: https://www.theguardian.com/global-development/2025/dec/04/aid-cuts-africa-uganda-stops-refugee-status-eritreans-somalis-ethiopians
2025-12-04 23:43:16,983 - INFO - [The Guardian] Attempt 1/1: Trying with 'requests_browser' strategy...
2025-12-04 23:43:17,020 - INFO - [The Guardian] Success with 'requests_browser'. Found content (587 words).
2025-12-04 23:43:17,064 - INFO - Duplicate article skipped: Uganda stops granting refugee status for Eritreans, Somalis and Ethiopians | Global development | The Guardian from The Guardian
2025-12-04 23:43:17,649 - INFO - Selenium driver initialized successfully.
2025-12-04 23:43:17,649 - INFO - Starting scrape for Times of India RSS feed: https://timesofindia.indiatimes.com/rssfeeds/296589292.cms
2025-12-04 23:43:17,650 - INFO - Selenium driver initialized successfully.
2025-12-04 23:43:17,651 - INFO - Starting scrape for The Hindu RSS feed: https://www.thehindu.com/news/national/feeder/default.rss
2025-12-04 23:43:17,770 - INFO - Found 100 articles in The Hindu RSS feed. Processing up to 20.
2025-12-04 23:43:17,771 - INFO - [The Hindu] Article: https://www.thehindu.com/news/national/ambedkar-kalaignar-fellowship-launched-for-tn-students-at-soas/article70359132.ece
2025-12-04 23:43:17,771 - INFO - [The Hindu] Attempt 1/1: Trying with 'selenium_browser' strategy...
2025-12-04 23:43:17,842 - INFO - [BBC] Article: https://www.bbc.com/news/articles/cj4q2vpggr9o?at_medium=RSS&at_campaign=rss
2025-12-04 23:43:17,842 - INFO - [BBC] Attempt 1/1: Trying with 'requests_browser' strategy...
2025-12-04 23:43:17,905 - INFO - [BBC] Success with 'requests_browser'. Found content (1436 words).
2025-12-04 23:43:17,954 - INFO - Duplicate article skipped: India-Russia: Why Putin and Modi are meeting in Delhi from BBC
2025-12-04 23:43:18,012 - INFO - [The Guardian] Article: https://www.theguardian.com/artanddesign/2025/dec/04/ibrahim-mahama-ghana-tops-artreview-power-list
2025-12-04 23:43:18,012 - INFO - [The Guardian] Attempt 1/1: Trying with 'requests_browser' strategy...
2025-12-04 23:43:18,052 - INFO - [The Guardian] Success with 'requests_browser'. Found content (604 words).
2025-12-04 23:43:18,107 - INFO - Duplicate article skipped: Ghana’s Ibrahim Mahama first African to top annual art power list | Art | The Guardian from The Guardian
2025-12-04 23:43:18,203 - INFO - Found 20 articles in Times of India RSS feed. Processing up to 20.
2025-12-04 23:43:18,203 - INFO - [Times of India] Article: https://timesofindia.indiatimes.com/world/us-streamers/hasanabi-blasts-asmongold-ethan-klein-destiny-for-hyping-free-kaya-sniper/articleshow/125775312.cms
2025-12-04 23:43:18,203 - INFO - [Times of India] Attempt 1/1: Trying with 'selenium_browser' strategy...
2025-12-04 23:43:18,464 - INFO - [BBC] Article: https://www.bbc.com/news/articles/cde6d8wyp79o?at_medium=RSS&at_campaign=rss
2025-12-04 23:43:18,464 - INFO - [BBC] Attempt 1/1: Trying with 'requests_browser' strategy...
2025-12-04 23:43:18,741 - INFO - [BBC] Success with 'requests_browser'. Found content (813 words).
2025-12-04 23:43:18,804 - INFO - Duplicate article skipped: Ireland among countries boycotting Eurovision after Israel allowed to compete from BBC
2025-12-04 23:43:18,979 - INFO - [The Guardian] Article: https://www.theguardian.com/uk-news/2025/dec/03/british-troops-accused-of-human-rights-violations-environmental-destruction-and-sexual-abuse-in-kenya
2025-12-04 23:43:18,979 - INFO - [The Guardian] Attempt 1/1: Trying with 'requests_browser' strategy...
2025-12-04 23:43:19,113 - INFO - [The Guardian] Success with 'requests_browser'. Found content (772 words).
2025-12-04 23:43:19,204 - INFO - Duplicate article skipped: British troops accused of human rights violations and sexual abuse in Kenya | British army | The Guardian from The Guardian
2025-12-04 23:43:20,142 - INFO - [BBC] Article: https://www.bbc.com/news/articles/cz0nd088e09o?at_medium=RSS&at_campaign=rss
2025-12-04 23:43:20,143 - INFO - [BBC] Attempt 1/1: Trying with 'requests_browser' strategy...
2025-12-04 23:43:20,244 - INFO - [BBC] Success with 'requests_browser'. Found content (555 words).
2025-12-04 23:43:20,363 - INFO - Duplicate article skipped: Yasser Abu Shabab: Anti-Hamas militia leader killed in Gaza from BBC
2025-12-04 23:43:20,707 - INFO - [The Guardian] Article: https://www.theguardian.com/global-development/2025/dec/03/whistleblower-accuses-foreign-office-of-censoring-warning-of-sudan-genocide
2025-12-04 23:43:20,707 - INFO - [The Guardian] Attempt 1/1: Trying with 'requests_browser' strategy...
2025-12-04 23:43:20,871 - INFO - [The Guardian] Success with 'requests_browser'. Found content (1465 words).
2025-12-04 23:43:21,035 - INFO - Duplicate article skipped: Whistleblower accuses Foreign Office of ‘censoring’ warning of Sudan genocide | Global development | The Guardian from The Guardian
2025-12-04 23:43:21,613 - INFO - [BBC] Article: https://www.bbc.com/news/articles/c4gk7gz3d1eo?at_medium=RSS&at_campaign=rss
2025-12-04 23:43:21,613 - INFO - [BBC] Attempt 1/1: Trying with 'requests_browser' strategy...
2025-12-04 23:43:21,647 - INFO - [The Guardian] Article: https://www.theguardian.com/us-news/2025/dec/04/video-second-boat-strike-military-caribbean
2025-12-04 23:43:21,647 - INFO - [The Guardian] Attempt 1/1: Trying with 'requests_browser' strategy...
2025-12-04 23:43:21,779 - INFO - [BBC] Success with 'requests_browser'. Found content (757 words).
2025-12-04 23:43:21,783 - INFO - [The Guardian] Success with 'requests_browser'. Found content (1288 words).
2025-12-04 23:43:22,018 - INFO - [The Hindu] Page content loaded.
2025-12-04 23:43:22,046 - INFO - Duplicate article skipped: 'All Israeli people are with us', say parents of last dead hostage in Gaza from BBC
2025-12-04 23:43:22,047 - INFO - Duplicate article skipped: Experts urge release of boat strike video as US admiral denies ‘kill them all’ order | US military | The Guardian from The Guardian
2025-12-04 23:43:22,695 - INFO - [The Guardian] Article: https://www.theguardian.com/us-news/2025/dec/04/student-describes-horror-show-ice-deportation-to-honduras-at-thanksgiving
2025-12-04 23:43:22,695 - INFO - [The Guardian] Attempt 1/1: Trying with 'requests_browser' strategy...
2025-12-04 23:43:22,784 - INFO - [The Hindu] Success with 'selenium_browser'. Found content (291 words).
2025-12-04 23:43:22,974 - INFO - [BBC] Article: https://www.bbc.com/news/articles/cjrjn88jqn4o?at_medium=RSS&at_campaign=rss
2025-12-04 23:43:22,975 - INFO - [BBC] Attempt 1/1: Trying with 'requests_browser' strategy...
2025-12-04 23:43:23,050 - INFO - [The Guardian] Success with 'requests_browser'. Found content (1024 words).
2025-12-04 23:43:23,110 - INFO - [BBC] Success with 'requests_browser'. Found content (1048 words).
2025-12-04 23:43:23,113 - INFO - Duplicate article skipped: Ambedkar-Kalaignar Fellowship launched for T.N. students at SOAS - The Hindu from The Hindu
2025-12-04 23:43:23,229 - INFO - Duplicate article skipped: Student describes ‘horror show’ ICE deportation to Honduras at Thanksgiving | ICE (US Immigration and Customs Enforcement) | The Guardian from The Guardian
2025-12-04 23:43:23,370 - INFO - Duplicate article skipped: Trump hosts signing of peace deal between leaders of DR Congo and Rwanda from BBC
2025-12-04 23:43:24,025 - INFO - [The Hindu] Article: https://www.thehindu.com/news/national/spotlight-the-push-to-globalise-indian-storytelling/article70304791.ece
2025-12-04 23:43:24,025 - INFO - [The Hindu] Attempt 1/1: Trying with 'selenium_browser' strategy...
2025-12-04 23:43:24,156 - INFO - [The Guardian] Article: https://www.theguardian.com/us-news/2025/dec/04/venezuela-boat-strikes-legality-hegseth
2025-12-04 23:43:24,156 - INFO - [The Guardian] Attempt 1/1: Trying with 'requests_browser' strategy...
2025-12-04 23:43:24,288 - INFO - [The Guardian] Success with 'requests_browser'. Found content (1449 words).
2025-12-04 23:43:24,366 - INFO - Duplicate article skipped: Killing of survivors sparks outrage – but entire US ‘drug boat’ war is legally shaky | US military | The Guardian from The Guardian
2025-12-04 23:43:24,500 - INFO - [BBC] Article: https://www.bbc.com/news/articles/c62d8v6jpwzo?at_medium=RSS&at_campaign=rss
2025-12-04 23:43:24,500 - INFO - [BBC] Attempt 1/1: Trying with 'requests_browser' strategy...
2025-12-04 23:43:24,682 - INFO - [BBC] Success with 'requests_browser'. Found content (817 words).
2025-12-04 23:43:24,867 - INFO - Duplicate article skipped: Police arrest suspect in DC pipe bomb incident, ending years-long manhunt from BBC
2025-12-04 23:43:25,188 - INFO - [The Guardian] Article: https://www.theguardian.com/us-news/2025/dec/03/epstein-caribbean-island-new-photo-video-release
2025-12-04 23:43:25,188 - INFO - [The Guardian] Attempt 1/1: Trying with 'requests_browser' strategy...
2025-12-04 23:43:25,267 - INFO - [The Guardian] Success with 'requests_browser'. Found content (373 words).
2025-12-04 23:43:25,452 - INFO - Duplicate article skipped: House Democrats release new images of Epstein’s private Caribbean island | Jeffrey Epstein | The Guardian from The Guardian
2025-12-04 23:43:25,791 - INFO - [BBC] Article: https://www.bbc.com/news/articles/c157n1g977go?at_medium=RSS&at_campaign=rss
2025-12-04 23:43:25,791 - INFO - [BBC] Attempt 1/1: Trying with 'requests_browser' strategy...
2025-12-04 23:43:26,093 - INFO - [BBC] Success with 'requests_browser'. Found content (1110 words).
2025-12-04 23:43:26,207 - INFO - Duplicate article skipped: 'Like first aid for manuscripts': Recovery work begins at Gaza's war-damaged heritage sites from BBC
2025-12-04 23:43:26,603 - INFO - [The Guardian] Article: https://www.theguardian.com/world/2025/dec/03/colombia-trump-warning-military-threat
2025-12-04 23:43:26,606 - INFO - [The Guardian] Attempt 1/1: Trying with 'requests_browser' strategy...
2025-12-04 23:43:26,701 - INFO - [The Guardian] Success with 'requests_browser'. Found content (612 words).
2025-12-04 23:43:26,813 - INFO - Duplicate article skipped: Colombia’s president warns Trump: ‘Do not wake the jaguar’ with threats of military strikes | Colombia | The Guardian from The Guardian
2025-12-04 23:43:26,980 - INFO - [BBC] Article: https://www.bbc.com/news/articles/cwyxjd6pxzro?at_medium=RSS&at_campaign=rss
2025-12-04 23:43:26,980 - INFO - [BBC] Attempt 1/1: Trying with 'requests_browser' strategy...
2025-12-04 23:43:27,100 - INFO - [BBC] Success with 'requests_browser'. Found content (1033 words).
2025-12-04 23:43:27,277 - INFO - Duplicate article skipped: Admiral testified Pete Hegseth did not give 'kill them all' order, US lawmakers say from BBC
2025-12-04 23:43:27,350 - INFO - [The Guardian] Article: https://www.theguardian.com/world/2025/dec/04/nauru-australia-offshore-processing-asylum-seekers-conditions-hunger-declining-health
2025-12-04 23:43:27,350 - INFO - [The Guardian] Attempt 1/1: Trying with 'requests_browser' strategy...
2025-12-04 23:43:27,435 - INFO - [The Guardian] Success with 'requests_browser'. Found content (883 words).
2025-12-04 23:43:27,595 - INFO - Duplicate article skipped: ‘Day by day I lose weight’: asylum seekers on Nauru get $115 a week, but a bag of grapes costs $20 | Nauru | The Guardian from The Guardian
2025-12-04 23:43:27,880 - INFO - [The Hindu] Page content loaded.
2025-12-04 23:43:28,105 - INFO - [The Hindu] Success with 'selenium_browser'. Found content (1830 words).
2025-12-04 23:43:28,833 - INFO - [BBC] Article: https://www.bbc.com/news/articles/c62n6y9yd70o?at_medium=RSS&at_campaign=rss
2025-12-04 23:43:28,833 - INFO - [BBC] Attempt 1/1: Trying with 'requests_browser' strategy...
2025-12-04 23:43:28,913 - INFO - Duplicate article skipped: The push to globalise Indian storytelling - The Hindu from The Hindu
2025-12-04 23:43:28,947 - INFO - [BBC] Success with 'requests_browser'. Found content (475 words).
2025-12-04 23:43:28,959 - INFO - [The Guardian] Article: https://www.theguardian.com/world/2025/dec/04/thailand-scam-cyberscam-crackdown-arrests-south-east-asia
2025-12-04 23:43:28,959 - INFO - [The Guardian] Attempt 1/1: Trying with 'requests_browser' strategy...
2025-12-04 23:43:29,139 - INFO - Duplicate article skipped: Israel strikes south Lebanon after first direct talks in decades from BBC
2025-12-04 23:43:29,144 - INFO - [The Guardian] Success with 'requests_browser'. Found content (575 words).
2025-12-04 23:43:29,234 - INFO - Duplicate article skipped: Thailand seizes more than $300m in assets and issues 42 arrest warrants in cyberscam crackdown | Thailand | The Guardian from The Guardian
2025-12-04 23:43:29,854 - INFO - [The Guardian] Article: https://www.theguardian.com/news/2025/dec/04/hong-kong-fire-death-toll-protective-netting-remove
2025-12-04 23:43:29,854 - INFO - [The Guardian] Attempt 1/1: Trying with 'requests_browser' strategy...
2025-12-04 23:43:29,960 - INFO - [The Guardian] Success with 'requests_browser'. Found content (689 words).
2025-12-04 23:43:30,236 - INFO - Duplicate article skipped: Hong Kong warns ‘external forces’ working to exploit apartment fire, as death toll rises to 159 | Hong Kong apartment fires | The Guardian from The Guardian
2025-12-04 23:43:30,284 - INFO - [The Hindu] Article: https://www.thehindu.com/news/national/jharkhand/government-stands-firmly-with-the-youth-at-every-step-hemant-soren/article70358073.ece
2025-12-04 23:43:30,284 - INFO - [The Hindu] Attempt 1/1: Trying with 'selenium_browser' strategy...
2025-12-04 23:43:30,288 - INFO - [BBC] Article: https://www.bbc.com/news/articles/cnv21vnyy9lo?at_medium=RSS&at_campaign=rss
2025-12-04 23:43:30,288 - INFO - [BBC] Attempt 1/1: Trying with 'requests_browser' strategy...
2025-12-04 23:43:30,547 - INFO - [BBC] Success with 'requests_browser'. Found content (199 words).
2025-12-04 23:43:30,793 - INFO - Duplicate article skipped: USGS alert sent for Nevada earthquake that did not happen from BBC
2025-12-04 23:43:31,352 - INFO - [The Guardian] Article: https://www.theguardian.com/world/2025/dec/03/eu-strategy-raw-materials-rare-earths-supply-chain-resourceeu
2025-12-04 23:43:31,352 - INFO - [The Guardian] Attempt 1/1: Trying with 'requests_browser' strategy...
2025-12-04 23:43:31,606 - INFO - [BBC] Article: https://www.bbc.com/news/articles/cwyv7ggqpjpo?at_medium=RSS&at_campaign=rss
2025-12-04 23:43:31,606 - INFO - [BBC] Attempt 1/1: Trying with 'requests_browser' strategy...
2025-12-04 23:43:31,695 - INFO - [The Guardian] Success with 'requests_browser'. Found content (725 words).
2025-12-04 23:43:32,004 - INFO - [BBC] Success with 'requests_browser'. Found content (918 words).
2025-12-04 23:43:32,114 - INFO - Duplicate article skipped: EU looks at legally forcing industries to reduce purchases from China | Mining | The Guardian from The Guardian
2025-12-04 23:43:32,210 - INFO - Duplicate article skipped: Mange Kimambi: Tanzanian activist blocked from Instagram after mobilising election protests from BBC
2025-12-04 23:43:32,878 - INFO - [BBC] Article: https://www.bbc.com/news/articles/cp84y7jx2pzo?at_medium=RSS&at_campaign=rss
2025-12-04 23:43:32,878 - INFO - [BBC] Attempt 1/1: Trying with 'requests_browser' strategy...
2025-12-04 23:43:33,005 - INFO - [The Guardian] Article: https://www.theguardian.com/business/2025/dec/03/hsbc-appoints-interim-chair-brendan-nelson-to-permanent-role
2025-12-04 23:43:33,005 - INFO - [The Guardian] Attempt 1/1: Trying with 'requests_browser' strategy...
2025-12-04 23:43:33,023 - INFO - [BBC] Success with 'requests_browser'. Found content (357 words).
2025-12-04 23:43:33,173 - INFO - Duplicate article skipped: South Korea: Government developing app showing real-time location of stalkers from BBC
2025-12-04 23:43:33,400 - INFO - [The Guardian] Success with 'requests_browser'. Found content (605 words).
2025-12-04 23:43:33,531 - INFO - Duplicate article skipped: HSBC appoints interim chair Brendan Nelson to permanent role | HSBC | The Guardian from The Guardian
2025-12-04 23:43:34,160 - INFO - [The Guardian] Article: https://www.theguardian.com/australia-news/live/2025/dec/05/australia-news-live-skydivers-strike-aukus-review-anika-wells-travel-social-media-age-ban-coalition-labor-ntwnfb
2025-12-04 23:43:34,162 - INFO - [The Guardian] Attempt 1/1: Trying with 'requests_browser' strategy...
2025-12-04 23:43:34,597 - INFO - [BBC] Article: https://www.bbc.com/news/articles/c4g5rrlve33o?at_medium=RSS&at_campaign=rss
2025-12-04 23:43:34,597 - INFO - [BBC] Attempt 1/1: Trying with 'requests_browser' strategy...
2025-12-04 23:43:35,073 - INFO - [BBC] Success with 'requests_browser'. Found content (1003 words).
2025-12-04 23:43:35,572 - INFO - Duplicate article skipped: Previously unseen images of Jeffrey Epstein's island released from BBC
2025-12-04 23:43:36,402 - INFO - [The Guardian] Success with 'requests_browser'. Found content (2551 words).
2025-12-04 23:43:36,919 - INFO - Duplicate article skipped: Australia news live: properties lost in Tasmania’s Dolphin Sands bushfire; police investigate daylight shooting outside Sydney gym | Australia news | The Guardian from The Guardian
2025-12-04 23:43:36,937 - INFO - [BBC] Article: https://www.bbc.com/news/articles/cd6x2j4g3z7o?at_medium=RSS&at_campaign=rss
2025-12-04 23:43:36,937 - INFO - [BBC] Attempt 1/1: Trying with 'requests_browser' strategy...
2025-12-04 23:43:36,947 - INFO - [The Hindu] Page content loaded.
2025-12-04 23:43:37,174 - INFO - [BBC] Success with 'requests_browser'. Found content (696 words).
2025-12-04 23:43:37,384 - INFO - Duplicate article skipped: Israel says Palestinian groups returned body of Thai hostage from BBC
2025-12-04 23:43:37,394 - INFO - [The Hindu] Success with 'selenium_browser'. Found content (540 words).
2025-12-04 23:43:37,622 - INFO - Duplicate article skipped: Government stands firmly with the youth at every step: Hemant Soren - The Hindu from The Hindu
2025-12-04 23:43:37,863 - INFO - [The Guardian] Article: https://www.theguardian.com/australia-news/2025/dec/05/australia-skydivers-strike
2025-12-04 23:43:37,864 - INFO - [The Guardian] Attempt 1/1: Trying with 'requests_browser' strategy...
2025-12-04 23:43:37,909 - INFO - [The Guardian] Success with 'requests_browser'. Found content (404 words).
2025-12-04 23:43:37,968 - INFO - Duplicate article skipped: Skydivers go on strike in three Australian states and claim pay has plummeted | Australia news | The Guardian from The Guardian
2025-12-04 23:43:38,153 - INFO - [BBC] Article: https://www.bbc.com/news/articles/cqjg7w8z7dvo?at_medium=RSS&at_campaign=rss
2025-12-04 23:43:38,157 - INFO - [BBC] Attempt 1/1: Trying with 'requests_browser' strategy...
2025-12-04 23:43:38,281 - INFO - [BBC] Success with 'requests_browser'. Found content (387 words).
2025-12-04 23:43:38,375 - INFO - Duplicate article skipped: Court sides with Adidas in appeal over Kanye West collaboration from BBC
2025-12-04 23:43:39,068 - INFO - [The Hindu] Article: https://www.thehindu.com/news/national/west-bengal/presidents-rule-would-have-been-imposed-in-west-bengal-had-we-not-gone-ahead-with-sir-says-mamata/article70358841.ece
2025-12-04 23:43:39,068 - INFO - [The Hindu] Attempt 1/1: Trying with 'selenium_browser' strategy...
2025-12-04 23:43:39,388 - INFO - [BBC] Article: https://www.bbc.com/news/articles/c5y9843engko?at_medium=RSS&at_campaign=rss
2025-12-04 23:43:39,388 - INFO - [BBC] Attempt 1/1: Trying with 'requests_browser' strategy...
2025-12-04 23:43:39,418 - INFO - [The Guardian] Article: https://www.theguardian.com/business/2025/dec/04/labor-urged-to-target-gas-exporters-and-bring-in-east-coast-reserve-right-now-as-it-weighs-schemes-design
2025-12-04 23:43:39,419 - INFO - [The Guardian] Attempt 1/1: Trying with 'requests_browser' strategy...
2025-12-04 23:43:39,540 - INFO - [BBC] Success with 'requests_browser'. Found content (445 words).
2025-12-04 23:43:39,824 - INFO - Duplicate article skipped: Pritam Singh: Singapore court upholds opposition leader's conviction from BBC
2025-12-04 23:43:39,870 - INFO - [The Guardian] Success with 'requests_browser'. Found content (758 words).
2025-12-04 23:43:40,196 - INFO - Duplicate article skipped: Labor urged to target gas exporters and bring in east coast reserve ‘right now’ as it weighs scheme’s design | Gas | The Guardian from The Guardian
2025-12-04 23:43:40,837 - INFO - [BBC] Article: https://www.bbc.com/news/articles/cm2054rdv52o?at_medium=RSS&at_campaign=rss
2025-12-04 23:43:40,837 - INFO - [BBC] Attempt 1/1: Trying with 'requests_browser' strategy...
2025-12-04 23:43:41,035 - INFO - [BBC] Success with 'requests_browser'. Found content (1064 words).
2025-12-04 23:43:41,981 - INFO - [The Guardian] Article: https://www.theguardian.com/technology/2025/dec/04/hyperverse-bitcoin-rodney-us-court-australian-sam-lee-ntwnfb
2025-12-04 23:43:41,981 - INFO - [The Guardian] Attempt 1/1: Trying with 'requests_browser' strategy...
2025-12-04 23:43:42,191 - INFO - Duplicate article skipped: Hong Kong fire survivor: 'My heart breaks every time I'm called a hero' from BBC
2025-12-04 23:43:42,286 - INFO - [The Guardian] Success with 'requests_browser'. Found content (855 words).
2025-12-04 23:43:42,599 - INFO - Duplicate article skipped: HyperVerse promoter ‘Bitcoin Rodney’ accuses Australian Sam Lee in US court of duping him with ‘elaborate deception’ | HyperVerse | The Guardian from The Guardian
2025-12-04 23:43:42,955 - INFO - [BBC] Article: https://www.bbc.com/news/articles/cnv21m0zpjmo?at_medium=RSS&at_campaign=rss
2025-12-04 23:43:42,955 - INFO - [BBC] Attempt 1/1: Trying with 'requests_browser' strategy...
2025-12-04 23:43:43,018 - INFO - [BBC] Success with 'requests_browser'. Found content (270 words).
2025-12-04 23:43:43,180 - INFO - Duplicate article skipped: Gaza: Five killed in Israeli air strikes on tents near Khan Younis, medics say from BBC
2025-12-04 23:43:43,460 - INFO - [The Guardian] Article: https://www.theguardian.com/australia-news/2025/dec/04/tasmanian-parliament-finally-approves-113bn-hobart-stadium-plan
2025-12-04 23:43:43,460 - INFO - [The Guardian] Attempt 1/1: Trying with 'requests_browser' strategy...
2025-12-04 23:43:43,721 - INFO - [The Guardian] Success with 'requests_browser'. Found content (544 words).
2025-12-04 23:43:43,884 - INFO - Duplicate article skipped: Tasmanian parliament finally approves $1.13bn Hobart stadium plan | Tasmania | The Guardian from The Guardian
2025-12-04 23:43:44,648 - INFO - [BBC] Article: https://www.bbc.com/news/articles/cpwk7xen544o?at_medium=RSS&at_campaign=rss
2025-12-04 23:43:44,648 - INFO - [BBC] Attempt 1/1: Trying with 'requests_browser' strategy...
2025-12-04 23:43:44,783 - INFO - [BBC] Success with 'requests_browser'. Found content (668 words).
2025-12-04 23:43:44,881 - INFO - Duplicate article skipped: Israel says Rafah crossing to open soon to let Gazans leave via Egypt from BBC
2025-12-04 23:45:18,304 - ERROR - [Times of India] Request failed for strategy 'selenium_browser' on URL https://timesofindia.indiatimes.com/world/us-streamers/hasanabi-blasts-asmongold-ethan-klein-destiny-for-hyping-free-kaya-sniper/articleshow/125775312.cms: HTTPConnectionPool(host='localhost', port=34599): Read timed out. (read timeout=120)
2025-12-04 23:45:18,304 - ERROR - [Times of India] All scrape strategies failed for https://timesofindia.indiatimes.com/world/us-streamers/hasanabi-blasts-asmongold-ethan-klein-destiny-for-hyping-free-kaya-sniper/articleshow/125775312.cms. Falling back to RSS description.
2025-12-04 23:45:18,305 - INFO - Duplicate article skipped: HasanAbi blasts Asmongold, Ethan Klein, Destiny for hyping “Free Kaya” sniper from Times of India
2025-12-04 23:45:18,834 - INFO - [Times of India] Article: https://timesofindia.indiatimes.com/world/us/congressman-introduces-robinhood-act-targeting-billionaires-accuses-elon-musk-jeff-bezos-of-evading-taxes-hoarding-wealth/articleshow/125775249.cms
2025-12-04 23:45:18,834 - INFO - [Times of India] Attempt 1/1: Trying with 'selenium_browser' strategy...
2025-12-04 23:45:39,103 - ERROR - [The Hindu] Request failed for strategy 'selenium_browser' on URL https://www.thehindu.com/news/national/west-bengal/presidents-rule-would-have-been-imposed-in-west-bengal-had-we-not-gone-ahead-with-sir-says-mamata/article70358841.ece: HTTPConnectionPool(host='localhost', port=38615): Read timed out. (read timeout=120)
2025-12-04 23:45:39,104 - ERROR - [The Hindu] All scrape strategies failed for https://www.thehindu.com/news/national/west-bengal/presidents-rule-would-have-been-imposed-in-west-bengal-had-we-not-gone-ahead-with-sir-says-mamata/article70358841.ece. Falling back to RSS description.
2025-12-04 23:45:39,104 - INFO - Duplicate article skipped: President’s rule would have been imposed in West Bengal had we not gone ahead with SIR says Mamata from The Hindu
2025-12-04 23:45:39,608 - INFO - [The Hindu] Article: https://www.thehindu.com/news/national/bihar/my-name-is-samrat-choudhary-not-bulldozer-bihar-dy-cm/article70357701.ece
2025-12-04 23:45:39,608 - INFO - [The Hindu] Attempt 1/1: Trying with 'selenium_browser' strategy...
2025-12-04 23:47:18,935 - ERROR - [Times of India] Request failed for strategy 'selenium_browser' on URL https://timesofindia.indiatimes.com/world/us/congressman-introduces-robinhood-act-targeting-billionaires-accuses-elon-musk-jeff-bezos-of-evading-taxes-hoarding-wealth/articleshow/125775249.cms: HTTPConnectionPool(host='localhost', port=34599): Read timed out. (read timeout=120)
2025-12-04 23:47:18,935 - ERROR - [Times of India] All scrape strategies failed for https://timesofindia.indiatimes.com/world/us/congressman-introduces-robinhood-act-targeting-billionaires-accuses-elon-musk-jeff-bezos-of-evading-taxes-hoarding-wealth/articleshow/125775249.cms. Falling back to RSS description.
2025-12-04 23:47:18,936 - INFO - Duplicate article skipped: Congressman introduces ‘Robinhood’ Act targeting billionaires; accuses Elon Musk, Jeff Bezos of evading taxes, hoarding wealth from Times of India
2025-12-04 23:47:20,343 - INFO - [Times of India] Article: https://timesofindia.indiatimes.com/world/us-streamers/whats-behind-the-free-kaya-slogan-that-crashed-hasanabis-livestream/articleshow/125775155.cms
2025-12-04 23:47:20,343 - INFO - [Times of India] Attempt 1/1: Trying with 'selenium_browser' strategy...
2025-12-04 23:47:39,705 - ERROR - [The Hindu] Request failed for strategy 'selenium_browser' on URL https://www.thehindu.com/news/national/bihar/my-name-is-samrat-choudhary-not-bulldozer-bihar-dy-cm/article70357701.ece: HTTPConnectionPool(host='localhost', port=38615): Read timed out. (read timeout=120)
2025-12-04 23:47:39,705 - ERROR - [The Hindu] All scrape strategies failed for https://www.thehindu.com/news/national/bihar/my-name-is-samrat-choudhary-not-bulldozer-bihar-dy-cm/article70357701.ece. Falling back to RSS description.
2025-12-04 23:47:39,706 - INFO - Duplicate article skipped: My name is Samrat Choudhary, not bulldozer: Bihar Dy CM from The Hindu
2025-12-04 23:47:40,287 - INFO - [The Hindu] Article: https://www.thehindu.com/news/national/manipur/ex-manipur-cm-flags-existential-crisis-amid-poppy-cultivation/article70357824.ece
2025-12-04 23:47:40,287 - INFO - [The Hindu] Attempt 1/1: Trying with 'selenium_browser' strategy...
2025-12-04 23:48:16,179 - CRITICAL - --- TIMEOUT: 2 scrape jobs did not complete in 300s. ---
2025-12-04 23:48:16,179 - ERROR - A thread has timed out and will be abandoned.
2025-12-04 23:48:16,179 - ERROR - A thread has timed out and will be abandoned.
2025-12-04 23:48:16,179 - INFO - Shutting down thread pool (wait=False)...
2025-12-04 23:48:16,179 - INFO - Scraped: 0 BBC, 0 The Guardian, 2 Timed_Out_Jobs articles. (Total saved: 0)
2025-12-04 23:48:16,179 - INFO - --- Scraping job finished ---
2025-12-04 23:48:16,179 - INFO - --- Scraper service stopped and database connection closed. ---
2025-12-04 23:48:16,179 - INFO - --- Main thread finished. Forcing process exit to kill zombie threads. ---
