2025-11-29 21:22:03,270 - INFO - Loading AI Semantic Model (all-MiniLM-L6-v2)...
2025-11-29 21:22:03,270 - INFO - Use pytorch device_name: cpu
2025-11-29 21:22:03,270 - INFO - Load pretrained SentenceTransformer: all-MiniLM-L6-v2
2025-11-29 21:22:04,251 - INFO - AI Model loaded successfully.
2025-11-29 21:22:04,251 - INFO - Initializing database connection at: news_articles.db
2025-11-29 21:22:04,251 - INFO - --- Scraper service started (CI Mode: Run Once) ---
2025-11-29 21:22:04,251 - INFO - --- Starting new scraping job (Parallel Mode) ---
2025-11-29 21:22:04,251 - INFO - Creating new robust session with 3 retries on 5xx/connection/read errors.
2025-11-29 21:22:04,251 - INFO - Proxy is DISABLED.
2025-11-29 21:22:04,251 - INFO - Starting scrape for BBC RSS feed: http://feeds.bbci.co.uk/news/world/rss.xml
2025-11-29 21:22:04,252 - INFO - [Times of India] (Thread) requires Selenium. Initializing driver...
2025-11-29 21:22:04,252 - INFO - Initializing headless Selenium Chrome driver (using SeleniumManager)...
2025-11-29 21:22:04,253 - INFO - Starting scrape for The Guardian RSS feed: https://www.theguardian.com/world/rss
2025-11-29 21:22:04,255 - INFO - [The Hindu] (Thread) requires Selenium. Initializing driver...
2025-11-29 21:22:04,255 - INFO - Initializing headless Selenium Chrome driver (using SeleniumManager)...
2025-11-29 21:22:04,256 - INFO - Submitted 4 jobs to thread pool. Waiting up to 300s for completion...
2025-11-29 21:22:04,350 - INFO - Found 45 articles in The Guardian RSS feed. Processing up to 20.
2025-11-29 21:22:04,350 - INFO - [The Guardian] Article: https://www.theguardian.com/world/2025/nov/28/jacob-zuma-daughter-resigns-claims-south-africans-tricked-fight-russia
2025-11-29 21:22:04,350 - INFO - [The Guardian] Attempt 1/1: Trying with 'requests_browser' strategy...
2025-11-29 21:22:04,386 - INFO - [The Guardian] Success with 'requests_browser'. Found content (753 words).
2025-11-29 21:22:04,422 - INFO - Duplicate article skipped: Jacob Zuma’s daughter resigns amid claims South Africans tricked to fight for Russia | South Africa | The Guardian from The Guardian
2025-11-29 21:22:04,498 - INFO - Found 26 articles in BBC RSS feed. Processing up to 20.
2025-11-29 21:22:04,498 - INFO - [BBC] Article: https://www.bbc.com/news/articles/c741mpdyw9no?at_medium=RSS&at_campaign=rss
2025-11-29 21:22:04,498 - INFO - [BBC] Attempt 1/1: Trying with 'requests_browser' strategy...
2025-11-29 21:22:04,758 - INFO - [BBC] Success with 'requests_browser'. Found content (455 words).
2025-11-29 21:22:04,803 - INFO - Duplicate article skipped: Venezuela calls Trump airspace closure warning 'colonialist threat' from BBC
2025-11-29 21:22:05,293 - INFO - [The Guardian] Article: https://www.theguardian.com/environment/2025/nov/28/africa-forests-transformed-carbon-sink-carbon-source-study
2025-11-29 21:22:05,293 - INFO - [The Guardian] Attempt 1/1: Trying with 'requests_browser' strategy...
2025-11-29 21:22:05,330 - INFO - [The Guardian] Success with 'requests_browser'. Found content (458 words).
2025-11-29 21:22:05,351 - INFO - [BBC] Article: https://www.bbc.com/news/articles/c5y9ejley9do?at_medium=RSS&at_campaign=rss
2025-11-29 21:22:05,356 - INFO - [BBC] Attempt 1/1: Trying with 'requests_browser' strategy...
2025-11-29 21:22:05,367 - INFO - Duplicate article skipped: Africa’s forests transformed from carbon sink to carbon source, study finds | Climate crisis | The Guardian from The Guardian
2025-11-29 21:22:05,429 - INFO - [BBC] Success with 'requests_browser'. Found content (625 words).
2025-11-29 21:22:05,466 - INFO - Duplicate article skipped: Flooding in South East Asia leaves 600 dead from BBC
2025-11-29 21:22:06,243 - INFO - [The Guardian] Article: https://www.theguardian.com/world/2025/nov/26/guinea-bissau-officers-take-total-control-close-borders-amid-election-chaos
2025-11-29 21:22:06,244 - INFO - [The Guardian] Attempt 1/1: Trying with 'requests_browser' strategy...
2025-11-29 21:22:06,277 - INFO - [The Guardian] Success with 'requests_browser'. Found content (412 words).
2025-11-29 21:22:06,312 - INFO - Duplicate article skipped: Guinea-Bissau military takes ‘total control’ amid election chaos | Guinea-Bissau | The Guardian from The Guardian
2025-11-29 21:22:06,585 - INFO - [BBC] Article: https://www.bbc.com/news/articles/cz0nljm4y74o?at_medium=RSS&at_campaign=rss
2025-11-29 21:22:06,585 - INFO - [BBC] Attempt 1/1: Trying with 'requests_browser' strategy...
2025-11-29 21:22:06,871 - INFO - [BBC] Success with 'requests_browser'. Found content (844 words).
2025-11-29 21:22:06,906 - INFO - Duplicate article skipped: Andriy Yermak: How Zelensky's right-hand man fell from power from BBC
2025-11-29 21:22:07,548 - INFO - [BBC] Article: https://www.bbc.com/news/articles/c4gp917zr8no?at_medium=RSS&at_campaign=rss
2025-11-29 21:22:07,548 - INFO - [BBC] Attempt 1/1: Trying with 'requests_browser' strategy...
2025-11-29 21:22:07,575 - INFO - [BBC] Success with 'requests_browser'. Found content (355 words).
2025-11-29 21:22:07,706 - INFO - [The Guardian] Article: https://www.theguardian.com/world/2025/nov/25/nigerian-schoolgirls-rescued-after-mass-abduction-in-kebbi
2025-11-29 21:22:07,712 - INFO - [The Guardian] Attempt 1/1: Trying with 'requests_browser' strategy...
2025-11-29 21:22:07,738 - INFO - Duplicate article skipped: Pope Leo visits Istanbul's Blue Mosque from BBC
2025-11-29 21:22:07,758 - INFO - [The Guardian] Success with 'requests_browser'. Found content (515 words).
2025-11-29 21:22:07,799 - INFO - Duplicate article skipped: Nigerian schoolgirls rescued after mass abduction in Kebbi | Nigeria | The Guardian from The Guardian
2025-11-29 21:22:08,684 - INFO - [The Guardian] Article: https://www.theguardian.com/world/2025/nov/25/jacob-zuma-daughter-accused-tricking-men-fighting-for-russia-in-ukraine
2025-11-29 21:22:08,684 - INFO - [The Guardian] Attempt 1/1: Trying with 'requests_browser' strategy...
2025-11-29 21:22:08,713 - INFO - [The Guardian] Success with 'requests_browser'. Found content (656 words).
2025-11-29 21:22:08,732 - INFO - [BBC] Article: https://www.bbc.com/news/articles/ce865kpdzz8o?at_medium=RSS&at_campaign=rss
2025-11-29 21:22:08,732 - INFO - [BBC] Attempt 1/1: Trying with 'requests_browser' strategy...
2025-11-29 21:22:08,757 - INFO - Duplicate article skipped: Jacob Zuma’s daughter accused of tricking men into fighting for Russia in Ukraine | South Africa | The Guardian from The Guardian
2025-11-29 21:22:08,775 - INFO - [BBC] Success with 'requests_browser'. Found content (356 words).
2025-11-29 21:22:08,809 - INFO - Duplicate article skipped: Australian prime minister Albanese becomes first to wed in office from BBC
2025-11-29 21:22:09,734 - INFO - [BBC] Article: https://www.bbc.com/news/articles/c4gp9d28p74o?at_medium=RSS&at_campaign=rss
2025-11-29 21:22:09,734 - INFO - [BBC] Attempt 1/1: Trying with 'requests_browser' strategy...
2025-11-29 21:22:09,961 - INFO - [The Guardian] Article: https://www.theguardian.com/world/2025/nov/29/donald-trump-venezuela-airspace-closure
2025-11-29 21:22:09,961 - INFO - [The Guardian] Attempt 1/1: Trying with 'requests_browser' strategy...
2025-11-29 21:22:09,989 - INFO - [The Guardian] Success with 'requests_browser'. Found content (363 words).
2025-11-29 21:22:10,024 - INFO - Duplicate article skipped: Venezuela denounces ‘colonialist threat’ as Trump orders airspace closed | Venezuela | The Guardian from The Guardian
2025-11-29 21:22:10,141 - INFO - [BBC] Success with 'requests_browser'. Found content (430 words).
2025-11-29 21:22:10,170 - INFO - Duplicate article skipped: Airbus: Flights resume as normal after software update warning from BBC
2025-11-29 21:22:11,480 - INFO - [The Guardian] Article: https://www.theguardian.com/us-news/2025/nov/29/pete-hegseth-denies-ordering-deaths-narco-boat
2025-11-29 21:22:11,480 - INFO - [The Guardian] Attempt 1/1: Trying with 'requests_browser' strategy...
2025-11-29 21:22:11,511 - INFO - [The Guardian] Success with 'requests_browser'. Found content (851 words).
2025-11-29 21:22:11,556 - INFO - Duplicate article skipped: Pete Hegseth denies that he gave orders to ‘kill everybody’ on alleged ‘narco-boat’ | Pete Hegseth | The Guardian from The Guardian
2025-11-29 21:22:11,664 - INFO - [BBC] Article: https://www.bbc.com/news/articles/c8dy9lne2plo?at_medium=RSS&at_campaign=rss
2025-11-29 21:22:11,665 - INFO - [BBC] Attempt 1/1: Trying with 'requests_browser' strategy...
2025-11-29 21:22:11,784 - INFO - [BBC] Success with 'requests_browser'. Found content (459 words).
2025-11-29 21:22:11,822 - INFO - Duplicate article skipped: Three days of mourning begins after Hong Kong apartment fire from BBC
2025-11-29 21:22:12,080 - INFO - [The Guardian] Article: https://www.theguardian.com/world/2025/nov/29/uk-mps-extra-aid-humanitarian-visas-jamaica-hurricane-melissa-dawn-butler
2025-11-29 21:22:12,080 - INFO - [The Guardian] Attempt 1/1: Trying with 'requests_browser' strategy...
2025-11-29 21:22:12,110 - INFO - [The Guardian] Success with 'requests_browser'. Found content (873 words).
2025-11-29 21:22:12,157 - INFO - Duplicate article skipped: UK MPs push for extra aid and visas as Jamaica reels from Hurricane Melissa | Jamaica | The Guardian from The Guardian
2025-11-29 21:22:12,171 - INFO - Selenium driver initialized successfully.
2025-11-29 21:22:12,171 - INFO - Starting scrape for The Hindu RSS feed: https://www.thehindu.com/news/national/feeder/default.rss
2025-11-29 21:22:12,172 - INFO - Selenium driver initialized successfully.
2025-11-29 21:22:12,172 - INFO - Starting scrape for Times of India RSS feed: https://timesofindia.indiatimes.com/rssfeeds/296589292.cms
2025-11-29 21:22:12,283 - INFO - Found 20 articles in Times of India RSS feed. Processing up to 20.
2025-11-29 21:22:12,283 - INFO - [Times of India] Article: https://timesofindia.indiatimes.com/world/uk/who-was-tom-stoppard-british-playwright-dies-at-88-famously-attended-jaipur-literature-festival-in-2012/articleshow/125664985.cms
2025-11-29 21:22:12,283 - INFO - [Times of India] Attempt 1/1: Trying with 'selenium_browser' strategy...
2025-11-29 21:22:12,584 - INFO - [BBC] Article: https://www.bbc.com/news/articles/cx2gylngx7go?at_medium=RSS&at_campaign=rss
2025-11-29 21:22:12,585 - INFO - [BBC] Attempt 1/1: Trying with 'requests_browser' strategy...
2025-11-29 21:22:12,704 - INFO - [BBC] Success with 'requests_browser'. Found content (625 words).
2025-11-29 21:22:12,739 - INFO - Duplicate article skipped: Russian strikes cause power outages for more than 600,000 in Ukraine from BBC
2025-11-29 21:22:13,158 - INFO - [The Guardian] Article: https://www.theguardian.com/us-news/2025/nov/28/trump-pardon-honduras-hernandez-drugs
2025-11-29 21:22:13,158 - INFO - [The Guardian] Attempt 1/1: Trying with 'requests_browser' strategy...
2025-11-29 21:22:13,268 - INFO - [BBC] Article: https://www.bbc.com/news/articles/cvgj9dd983xo?at_medium=RSS&at_campaign=rss
2025-11-29 21:22:13,268 - INFO - [BBC] Attempt 1/1: Trying with 'requests_browser' strategy...
2025-11-29 21:22:13,273 - INFO - [The Guardian] Success with 'requests_browser'. Found content (558 words).
2025-11-29 21:22:13,307 - INFO - Duplicate article skipped: Trump to pardon ex-Honduras leader serving drug trafficking sentence in US | Donald Trump | The Guardian from The Guardian
2025-11-29 21:22:13,474 - INFO - [BBC] Success with 'requests_browser'. Found content (790 words).
2025-11-29 21:22:13,517 - INFO - Duplicate article skipped: Nigeria blames jihadist groups for wave of kidnappings but others accuse criminal gangs from BBC
2025-11-29 21:22:14,146 - INFO - [The Guardian] Article: https://www.theguardian.com/us-news/2025/nov/28/college-student-deported-boston-flight-thanksgiving
2025-11-29 21:22:14,146 - INFO - [The Guardian] Attempt 1/1: Trying with 'requests_browser' strategy...
2025-11-29 21:22:14,174 - INFO - [The Guardian] Success with 'requests_browser'. Found content (274 words).
2025-11-29 21:22:14,215 - INFO - Duplicate article skipped: College student deported when flying home for Thanksgiving, despite court order | ICE (US Immigration and Customs Enforcement) | The Guardian from The Guardian
2025-11-29 21:22:14,423 - INFO - [BBC] Article: https://www.bbc.com/news/articles/c1kpm0rvxepo?at_medium=RSS&at_campaign=rss
2025-11-29 21:22:14,423 - INFO - [BBC] Attempt 1/1: Trying with 'requests_browser' strategy...
2025-11-29 21:22:14,462 - INFO - [BBC] Success with 'requests_browser'. Found content (533 words).
2025-11-29 21:22:14,502 - INFO - Duplicate article skipped: Trump says he will pardon ex-Honduras president convicted of drug trafficking from BBC
2025-11-29 21:22:14,846 - INFO - [The Guardian] Article: https://www.theguardian.com/world/2025/nov/29/indonesia-and-thailand-flooding-death-toll-tops-350-as-rescuers-struggle-to-reach-worst-hit-areas
2025-11-29 21:22:14,846 - INFO - [The Guardian] Attempt 1/1: Trying with 'requests_browser' strategy...
2025-11-29 21:22:15,020 - INFO - [The Guardian] Success with 'requests_browser'. Found content (644 words).
2025-11-29 21:22:15,079 - INFO - [BBC] Article: https://www.bbc.com/news/articles/c058lny3pdqo?at_medium=RSS&at_campaign=rss
2025-11-29 21:22:15,079 - INFO - [BBC] Attempt 1/1: Trying with 'requests_browser' strategy...
2025-11-29 21:22:15,121 - INFO - Duplicate article skipped: At least 500 killed in south-east Asia floods and landslides, reports say | Indonesia | The Guardian from The Guardian
2025-11-29 21:22:15,340 - INFO - [BBC] Success with 'requests_browser'. Found content (863 words).
2025-11-29 21:22:15,436 - INFO - Duplicate article skipped: Hungary's Orban defies EU partners and meets Putin again in Moscow from BBC
2025-11-29 21:22:15,663 - INFO - Found 100 articles in The Hindu RSS feed. Processing up to 20.
2025-11-29 21:22:15,664 - INFO - [The Hindu] Article: https://www.thehindu.com/news/national/west-bengal/cpims-bangla-bachao-yatra-begins-in-west-bengal/article70339430.ece
2025-11-29 21:22:15,664 - INFO - [The Hindu] Attempt 1/1: Trying with 'selenium_browser' strategy...
2025-11-29 21:22:15,722 - INFO - [The Guardian] Article: https://www.theguardian.com/news/2025/nov/29/hong-kong-begins-three-days-of-mourning-after-deadly-apartment-fires
2025-11-29 21:22:15,723 - INFO - [The Guardian] Attempt 1/1: Trying with 'requests_browser' strategy...
2025-11-29 21:22:15,779 - INFO - [The Guardian] Success with 'requests_browser'. Found content (679 words).
2025-11-29 21:22:16,225 - INFO - Duplicate article skipped: Hong Kong begins three days of mourning after deadly apartment fires | Hong Kong apartment fires | The Guardian from The Guardian
2025-11-29 21:22:16,371 - INFO - [BBC] Article: https://www.bbc.com/news/articles/cz0nlxlr87go?at_medium=RSS&at_campaign=rss
2025-11-29 21:22:16,371 - INFO - [BBC] Attempt 1/1: Trying with 'requests_browser' strategy...
2025-11-29 21:22:16,550 - INFO - [BBC] Success with 'requests_browser'. Found content (591 words).
2025-11-29 21:22:16,620 - INFO - Duplicate article skipped: Guinea-Bissau coup was a sham, West African political figures say from BBC
2025-11-29 21:22:17,723 - INFO - [The Guardian] Article: https://www.theguardian.com/news/2025/nov/28/hong-kong-apartment-fire-response-rescue-operations-death-toll
2025-11-29 21:22:17,723 - INFO - [The Guardian] Attempt 1/1: Trying with 'requests_browser' strategy...
2025-11-29 21:22:17,770 - INFO - [The Guardian] Success with 'requests_browser'. Found content (1000 words).
2025-11-29 21:22:17,814 - INFO - [BBC] Article: https://www.bbc.com/news/articles/cdxweyy157go?at_medium=RSS&at_campaign=rss
2025-11-29 21:22:17,824 - INFO - [BBC] Attempt 1/1: Trying with 'requests_browser' strategy...
2025-11-29 21:22:17,845 - INFO - Duplicate article skipped: Rescue efforts end at Hong Kong tower block fire as death toll reaches 128 | Hong Kong apartment fires | The Guardian from The Guardian
2025-11-29 21:22:17,886 - INFO - [BBC] Success with 'requests_browser'. Found content (806 words).
2025-11-29 21:22:17,981 - INFO - Duplicate article skipped: US halts all asylum claim decisions in wake of National Guard shooting from BBC
2025-11-29 21:22:18,917 - INFO - [BBC] Article: https://www.bbc.com/news/articles/cp89k31krz4o?at_medium=RSS&at_campaign=rss
2025-11-29 21:22:18,917 - INFO - [BBC] Attempt 1/1: Trying with 'requests_browser' strategy...
2025-11-29 21:22:19,186 - INFO - [The Guardian] Article: https://www.theguardian.com/news/2025/nov/28/hong-kong-community-groups-deliver-aid-to-survivors-of-wang-fuk-court-fire
2025-11-29 21:22:19,186 - INFO - [The Guardian] Attempt 1/1: Trying with 'requests_browser' strategy...
2025-11-29 21:22:19,235 - INFO - [BBC] Success with 'requests_browser'. Found content (485 words).
2025-11-29 21:22:19,408 - INFO - [The Guardian] Success with 'requests_browser'. Found content (687 words).
2025-11-29 21:22:19,513 - INFO - Duplicate article skipped: Thirteen killed in deadliest Israeli raid for months in southern Syria from BBC
2025-11-29 21:22:19,662 - INFO - Duplicate article skipped: Hong Kong community groups deliver aid to survivors of Wang Fuk Court fire | Hong Kong apartment fires | The Guardian from The Guardian
2025-11-29 21:22:20,164 - INFO - [BBC] Article: https://www.bbc.com/news/articles/clyzdxyjx2eo?at_medium=RSS&at_campaign=rss
2025-11-29 21:22:20,164 - INFO - [BBC] Attempt 1/1: Trying with 'requests_browser' strategy...
2025-11-29 21:22:20,261 - INFO - [BBC] Success with 'requests_browser'. Found content (1524 words).
2025-11-29 21:22:20,358 - INFO - Duplicate article skipped: Are UK Christmas markets as good as German ones? Here's what we found from BBC
2025-11-29 21:22:20,641 - INFO - [The Guardian] Article: https://www.theguardian.com/world/2025/nov/28/bear-attacks-man-public-toilet-japan
2025-11-29 21:22:20,641 - INFO - [The Guardian] Attempt 1/1: Trying with 'requests_browser' strategy...
2025-11-29 21:22:20,833 - INFO - [The Guardian] Success with 'requests_browser'. Found content (373 words).
2025-11-29 21:22:20,915 - INFO - Duplicate article skipped: Bear attacks man in public toilet in Japan | Japan | The Guardian from The Guardian
2025-11-29 21:22:21,382 - INFO - [BBC] Article: https://www.bbc.com/news/articles/cy7v6xl4me8o?at_medium=RSS&at_campaign=rss
2025-11-29 21:22:21,382 - INFO - [BBC] Attempt 1/1: Trying with 'requests_browser' strategy...
2025-11-29 21:22:21,637 - INFO - [BBC] Success with 'requests_browser'. Found content (1445 words).
2025-11-29 21:22:21,733 - INFO - Duplicate article skipped: Why the rich and powerful couldn't say no to Epstein from BBC
2025-11-29 21:22:22,273 - INFO - [BBC] Article: https://www.bbc.com/news/articles/c1dz36ep673o?at_medium=RSS&at_campaign=rss
2025-11-29 21:22:22,273 - INFO - [BBC] Attempt 1/1: Trying with 'requests_browser' strategy...
2025-11-29 21:22:22,351 - INFO - [The Guardian] Article: https://www.theguardian.com/australia-news/2025/nov/30/australian-taxpayers-subsidise-rising-specialist-fees-abbott-era-medicare
2025-11-29 21:22:22,351 - INFO - [The Guardian] Attempt 1/1: Trying with 'requests_browser' strategy...
2025-11-29 21:22:22,442 - INFO - [Times of India] Page content loaded.
2025-11-29 21:22:22,494 - INFO - [BBC] Success with 'requests_browser'. Found content (1327 words).
2025-11-29 21:22:22,603 - INFO - Duplicate article skipped: Donald Trump pledges to tackle Sudan atrocities - what difference can he make? from BBC
2025-11-29 21:22:22,690 - INFO - [The Guardian] Success with 'requests_browser'. Found content (736 words).
2025-11-29 21:22:22,837 - INFO - Duplicate article skipped: Australian taxpayers subsidise rising specialist fees as spending on Abbott-era Medicare safety net ‘explodes’ | Health | The Guardian from The Guardian
2025-11-29 21:22:23,191 - INFO - [Times of India] Success with 'selenium_browser'. Found content (258 words).
2025-11-29 21:22:23,724 - INFO - [The Hindu] Page content loaded.
2025-11-29 21:22:23,977 - INFO - [The Guardian] Article: https://www.theguardian.com/australia-news/2025/nov/30/new-behaviour-standards-are-in-place-for-parliament-but-crossbenchers-say-question-time-still-rife-with-bullying
2025-11-29 21:22:23,978 - INFO - [The Guardian] Attempt 1/1: Trying with 'requests_browser' strategy...
2025-11-29 21:22:23,995 - INFO - [BBC] Article: https://www.bbc.com/news/articles/cly3e1261dko?at_medium=RSS&at_campaign=rss
2025-11-29 21:22:24,005 - INFO - [BBC] Attempt 1/1: Trying with 'requests_browser' strategy...
2025-11-29 21:22:24,018 - INFO - [The Hindu] Success with 'selenium_browser'. Found content (396 words).
2025-11-29 21:22:24,433 - INFO - [The Guardian] Success with 'requests_browser'. Found content (835 words).
2025-11-29 21:22:24,765 - INFO - [BBC] Success with 'requests_browser'. Found content (1237 words).
2025-11-29 21:22:46,119 - INFO - Saved article: Who was Tom Stoppard? British playwright dies at 88; famously attended Jaipur Literature Festival in 2012 - The Times of India from Times of India
2025-11-29 21:22:46,752 - INFO - [Times of India] Article: https://timesofindia.indiatimes.com/world/us/strong-brotherhood-in-a-dark-place-sean-diddy-combs-organises-thanksgiving-dinner-for-1000-inmates-in-prison/articleshow/125664976.cms
2025-11-29 21:22:46,752 - INFO - [Times of India] Attempt 1/1: Trying with 'selenium_browser' strategy...
2025-11-29 21:22:53,663 - INFO - [Times of India] Page content loaded.
2025-11-29 21:22:54,375 - INFO - [Times of India] Success with 'selenium_browser'. Found content (239 words).
2025-11-29 21:23:02,582 - INFO - Saved article: CPI(M)’s Bangla Bachao Yatra begins in West Bengal - The Hindu from The Hindu
2025-11-29 21:23:02,582 - INFO - Duplicate article skipped: New behaviour standards are in place for parliament but crossbenchers say question time still rife with bullying | Australian politics | The Guardian from The Guardian
2025-11-29 21:23:02,583 - INFO - Duplicate article skipped: How were Afghan evacuees vetted under Biden? from BBC
2025-11-29 21:23:03,474 - INFO - [The Hindu] Article: https://www.thehindu.com/news/national/tejas-vital-vanguard/article70339488.ece
2025-11-29 21:23:03,475 - INFO - [The Hindu] Attempt 1/1: Trying with 'selenium_browser' strategy...
2025-11-29 21:23:03,492 - INFO - [BBC] Article: https://www.bbc.com/news/articles/cn8e5j20g27o?at_medium=RSS&at_campaign=rss
2025-11-29 21:23:03,492 - INFO - [BBC] Attempt 1/1: Trying with 'requests_browser' strategy...
2025-11-29 21:23:03,663 - INFO - [BBC] Success with 'requests_browser'. Found content (805 words).
2025-11-29 21:23:04,057 - INFO - [The Guardian] Article: https://www.theguardian.com/australia-news/2025/nov/30/queensland-dv-domestic-violence-response-stops-reviewing-recent-deaths
2025-11-29 21:23:04,057 - INFO - [The Guardian] Attempt 1/1: Trying with 'requests_browser' strategy...
2025-11-29 21:23:04,193 - INFO - [The Guardian] Success with 'requests_browser'. Found content (1049 words).
2025-11-29 21:23:07,062 - INFO - [The Hindu] Page content loaded.
2025-11-29 21:23:07,191 - INFO - [The Hindu] Success with 'selenium_browser'. Found content (617 words).
2025-11-29 21:23:17,105 - INFO - Saved article: ‘Strong brotherhood in a dark place’: Sean ‘Diddy’ Combs organises Thanksgiving dinner for 1,000 inmates in prison | World News - The Times of India from Times of India
2025-11-29 21:23:17,105 - INFO - Duplicate article skipped: Hong Kong fire: Anger and unanswered questions from BBC
2025-11-29 21:23:17,105 - INFO - Duplicate article skipped: ‘We’ve got to listen to dead women’: critical part of Queensland’s DV response stops reviewing all recent deaths | Queensland politics | The Guardian from The Guardian
2025-11-29 21:23:17,105 - INFO - Duplicate article skipped: Tejas: Vital vanguard - The Hindu from The Hindu
2025-11-29 21:23:17,630 - INFO - [BBC] Article: https://www.bbc.com/news/articles/c4g4jlgdyjdo?at_medium=RSS&at_campaign=rss
2025-11-29 21:23:17,630 - INFO - [BBC] Attempt 1/1: Trying with 'requests_browser' strategy...
2025-11-29 21:23:17,707 - INFO - [BBC] Success with 'requests_browser'. Found content (2091 words).
2025-11-29 21:23:17,766 - INFO - Duplicate article skipped: Nigeria's security crises: A guide to the different groups causing chaos from BBC
2025-11-29 21:23:18,030 - INFO - [Times of India] Article: https://timesofindia.indiatimes.com/world/uk/piers-morgan-shuts-down-racist-claims-that-he-would-trade-white-people-for-chicken-tikka-masala/articleshow/125664860.cms
2025-11-29 21:23:18,030 - INFO - [Times of India] Attempt 1/1: Trying with 'selenium_browser' strategy...
2025-11-29 21:23:18,246 - INFO - [The Guardian] Article: https://www.theguardian.com/australia-news/2025/nov/29/australian-prime-minister-anthony-albanese-marries-jodie-haydon-wedding-canberra
2025-11-29 21:23:18,246 - INFO - [The Guardian] Attempt 1/1: Trying with 'requests_browser' strategy...
2025-11-29 21:23:18,602 - INFO - [The Hindu] Article: https://www.thehindu.com/news/national/justice-surya-kant-striking-a-balance-in-a-divided-nation/article70339457.ece
2025-11-29 21:23:18,602 - INFO - [The Hindu] Attempt 1/1: Trying with 'selenium_browser' strategy...
2025-11-29 21:23:18,674 - INFO - [The Guardian] Success with 'requests_browser'. Found content (792 words).
2025-11-29 21:23:18,798 - INFO - Duplicate article skipped: Australian prime minister, Anthony Albanese, marries partner Jodie Haydon | Anthony Albanese | The Guardian from The Guardian
2025-11-29 21:23:19,508 - INFO - [The Guardian] Article: https://www.theguardian.com/business/2025/nov/29/jetstar-cancel-domestic-flights-australia-global-airbus-a320-recall
2025-11-29 21:23:19,508 - INFO - [The Guardian] Attempt 1/1: Trying with 'requests_browser' strategy...
2025-11-29 21:23:19,588 - INFO - [The Guardian] Success with 'requests_browser'. Found content (880 words).
2025-11-29 21:23:19,688 - INFO - Duplicate article skipped: Jetstar cancels 90 domestic flights across Australia after global Airbus A320 recall | Airbus | The Guardian from The Guardian
2025-11-29 21:23:19,793 - INFO - [Times of India] Page content loaded.
2025-11-29 21:23:19,900 - INFO - [The Hindu] Page content loaded.
2025-11-29 21:23:20,043 - INFO - [The Hindu] Success with 'selenium_browser'. Found content (1387 words).
2025-11-29 21:23:20,172 - INFO - Duplicate article skipped: Justice Surya Kant: Striking a balance in a divided nation - The Hindu from The Hindu
2025-11-29 21:23:20,203 - INFO - [Times of India] Success with 'selenium_browser'. Found content (264 words).
2025-11-29 21:23:21,226 - INFO - [The Hindu] Article: https://www.thehindu.com/news/cities/Hyderabad/77-rr-ips-probationers-meet-governor/article70339350.ece
2025-11-29 21:23:21,226 - INFO - [The Hindu] Attempt 1/1: Trying with 'selenium_browser' strategy...
2025-11-29 21:23:24,929 - INFO - [The Hindu] Page content loaded.
2025-11-29 21:23:25,224 - INFO - [The Hindu] Success with 'selenium_browser'. Found content (103 words).
2025-11-29 21:23:36,780 - INFO - Saved article: Piers Morgan shuts down 'racist' claims that he would trade 'White people' for 'chicken tikka masala' - The Times of India from Times of India
2025-11-29 21:23:36,781 - INFO - Duplicate article skipped: 77 RR IPS probationers meet Governor - The Hindu from The Hindu
2025-11-29 21:23:37,612 - INFO - [Times of India] Article: https://timesofindia.indiatimes.com/world/us/indian-origin-maga-bigwig-the-most-googled-queries-about-nikki-haleys-son-nalin-haley/articleshow/125664398.cms
2025-11-29 21:23:37,613 - INFO - [Times of India] Attempt 1/1: Trying with 'selenium_browser' strategy...
2025-11-29 21:23:37,899 - INFO - [The Hindu] Article: https://www.thehindu.com/news/cities/Delhi/over-50000-citizens-write-to-supreme-court-against-stray-dogs-order/article70339793.ece
2025-11-29 21:23:37,900 - INFO - [The Hindu] Attempt 1/1: Trying with 'selenium_browser' strategy...
2025-11-29 21:23:40,163 - INFO - [Times of India] Page content loaded.
2025-11-29 21:23:40,359 - INFO - [Times of India] Success with 'selenium_browser'. Found content (830 words).
2025-11-29 21:23:40,532 - INFO - Duplicate article skipped: Indian-origin MAGA bigwig: The most Googled queries about Nikki Haley's son Nalin Haley - The Times of India from Times of India
2025-11-29 21:23:41,634 - INFO - [The Hindu] Page content loaded.
2025-11-29 21:23:41,640 - INFO - [Times of India] Article: https://timesofindia.indiatimes.com/world/us-streamers/cuffem-comes-back-to-kick-following-hospitalization-from-playboi-carti-show-fall/articleshow/125664049.cms
2025-11-29 21:23:41,641 - INFO - [Times of India] Attempt 1/1: Trying with 'selenium_browser' strategy...
2025-11-29 21:23:41,770 - INFO - [The Hindu] Success with 'selenium_browser'. Found content (261 words).
2025-11-29 21:23:41,874 - INFO - Duplicate article skipped: Over 50,000 citizens write to Supreme Court against stray dogs order - The Hindu from The Hindu
2025-11-29 21:23:43,254 - INFO - [The Hindu] Article: https://www.thehindu.com/news/national/karnataka/bpharm-student-found-dead-at-bengaluru-pg/article70338913.ece
2025-11-29 21:23:43,255 - INFO - [The Hindu] Attempt 1/1: Trying with 'selenium_browser' strategy...
2025-11-29 21:23:44,259 - INFO - [The Hindu] Page content loaded.
2025-11-29 21:23:44,379 - INFO - [The Hindu] Success with 'selenium_browser'. Found content (159 words).
2025-11-29 21:23:44,502 - INFO - Duplicate article skipped: BPharm student found dead at Bengaluru PG - The Hindu from The Hindu
2025-11-29 21:23:45,510 - INFO - [The Hindu] Article: https://www.thehindu.com/news/national/telangana/kcrs-fast-was-a-defining-moment-ktr/article70339444.ece
2025-11-29 21:23:45,510 - INFO - [The Hindu] Attempt 1/1: Trying with 'selenium_browser' strategy...
2025-11-29 21:23:47,152 - INFO - [The Hindu] Page content loaded.
2025-11-29 21:23:47,306 - INFO - [The Hindu] Success with 'selenium_browser'. Found content (391 words).
2025-11-29 21:23:47,585 - INFO - Duplicate article skipped: KCR’s fast was a defining moment: KTR - The Hindu from The Hindu
2025-11-29 21:23:48,427 - INFO - [The Hindu] Article: https://www.thehindu.com/news/national/karnataka/kannada-tabloid-editor-arrested-for-cheating-woman/article70338891.ece
2025-11-29 21:23:48,427 - INFO - [The Hindu] Attempt 1/1: Trying with 'selenium_browser' strategy...
2025-11-29 21:23:50,425 - INFO - [The Hindu] Page content loaded.
2025-11-29 21:23:51,215 - INFO - [The Hindu] Success with 'selenium_browser'. Found content (220 words).
2025-11-29 21:23:51,408 - INFO - Duplicate article skipped: Kannada tabloid editor arrested for cheating woman - The Hindu from The Hindu
2025-11-29 21:23:52,371 - INFO - [The Hindu] Article: https://www.thehindu.com/news/national/delhi-blast-nia-team-arrests-2-from-uttarakhands/article70339772.ece
2025-11-29 21:23:52,371 - INFO - [The Hindu] Attempt 1/1: Trying with 'selenium_browser' strategy...
2025-11-29 21:23:53,238 - WARNING - [Times of India] Page timed out (10s). No <p> tags found. Proceeding anyway.
2025-11-29 21:23:53,573 - INFO - [Times of India] Success with 'selenium_browser'. Found content (406 words).
2025-11-29 21:23:53,730 - INFO - Duplicate article skipped: Cuffem comes back to Kick following hospitalization from Playboi Carti show fall - The Times of India from Times of India
2025-11-29 21:23:54,086 - INFO - [The Hindu] Page content loaded.
2025-11-29 21:23:54,165 - INFO - [The Hindu] Success with 'selenium_browser'. Found content (228 words).
2025-11-29 21:23:54,366 - INFO - [Times of India] Article: https://timesofindia.indiatimes.com/world/us/who-is-mohammad-dawood-alokozay-afghan-national-arrested-for-posting-tiktok-video-of-himself-making-a-bomb/articleshow/125663702.cms
2025-11-29 21:23:54,366 - INFO - [Times of India] Attempt 1/1: Trying with 'selenium_browser' strategy...
2025-11-29 21:23:54,557 - INFO - Duplicate article skipped: Delhi blast: NIA team arrests 2 from Uttarakhand's - The Hindu from The Hindu
2025-11-29 21:23:55,079 - INFO - [The Hindu] Article: https://www.thehindu.com/news/national/andhra-pradesh/make-cinema-affordable-for-all-demand-dyfi-leaders/article70339389.ece
2025-11-29 21:23:55,080 - INFO - [The Hindu] Attempt 1/1: Trying with 'selenium_browser' strategy...
2025-11-29 21:23:55,620 - INFO - [Times of India] Page content loaded.
2025-11-29 21:23:55,769 - INFO - [Times of India] Success with 'selenium_browser'. Found content (227 words).
2025-11-29 21:23:55,909 - INFO - Duplicate article skipped: Who is Mohammad Dawood Alokozay? Afghan national arrested for posting TikTok video of himself making a bomb - The Times of India from Times of India
2025-11-29 21:23:56,485 - INFO - [The Hindu] Page content loaded.
2025-11-29 21:23:56,652 - INFO - [The Hindu] Success with 'selenium_browser'. Found content (317 words).
2025-11-29 21:23:56,751 - INFO - Duplicate article skipped: Make cinema affordable for all, demand DYFI leaders - The Hindu from The Hindu
2025-11-29 21:23:57,017 - INFO - [Times of India] Article: https://timesofindia.indiatimes.com/world/us/one-killed-in-shooting-at-patrick-henry-mall-in-virginia-suspect-detained/articleshow/125663188.cms
2025-11-29 21:23:57,017 - INFO - [Times of India] Attempt 1/1: Trying with 'selenium_browser' strategy...
2025-11-29 21:23:57,321 - INFO - [The Hindu] Article: https://www.thehindu.com/news/national/tamil-nadu/pals-inks-mou-to-support-early-stage-startups/article70338942.ece
2025-11-29 21:23:57,322 - INFO - [The Hindu] Attempt 1/1: Trying with 'selenium_browser' strategy...
2025-11-29 21:23:58,874 - INFO - [Times of India] Page content loaded.
2025-11-29 21:23:58,900 - INFO - [The Hindu] Page content loaded.
2025-11-29 21:23:59,032 - INFO - [The Hindu] Success with 'selenium_browser'. Found content (301 words).
2025-11-29 21:23:59,199 - INFO - Duplicate article skipped: PALS inks MoU to support early-stage startups - The Hindu from The Hindu
2025-11-29 21:23:59,215 - INFO - [Times of India] Success with 'selenium_browser'. Found content (80 words).
2025-11-29 21:23:59,378 - INFO - Duplicate article skipped: One killed in shooting at Patrick Henry Mall in Virginia; suspect detained - The Times of India from Times of India
2025-11-29 21:24:00,025 - INFO - [Times of India] Article: https://timesofindia.indiatimes.com/world/us/after-dc-shooting-another-afghan-national-arrested-for-posting-tiktok-video-showing-him-constructing-a-bomb/articleshow/125662933.cms
2025-11-29 21:24:00,025 - INFO - [Times of India] Attempt 1/1: Trying with 'selenium_browser' strategy...
2025-11-29 21:24:00,092 - INFO - [The Hindu] Article: https://www.thehindu.com/news/cities/Hyderabad/beyond-eodb-state-keen-on-extending-support-to-lower-cost-of-capital/article70339497.ece
2025-11-29 21:24:00,093 - INFO - [The Hindu] Attempt 1/1: Trying with 'selenium_browser' strategy...
2025-11-29 21:24:01,528 - INFO - [The Hindu] Page content loaded.
2025-11-29 21:24:01,679 - INFO - [The Hindu] Success with 'selenium_browser'. Found content (606 words).
2025-11-29 21:24:01,789 - INFO - Duplicate article skipped: Beyond EODB, State keen on extending support to lower cost of capital - The Hindu from The Hindu
2025-11-29 21:24:02,500 - INFO - [The Hindu] Article: https://www.thehindu.com/news/national/kerala/passing-out-parade-held-at-indian-naval-academy/article70339384.ece
2025-11-29 21:24:02,500 - INFO - [The Hindu] Attempt 1/1: Trying with 'selenium_browser' strategy...
2025-11-29 21:24:02,796 - INFO - [Times of India] Page content loaded.
2025-11-29 21:24:03,180 - INFO - [Times of India] Success with 'selenium_browser'. Found content (477 words).
2025-11-29 21:24:03,295 - INFO - Duplicate article skipped: After DC shooting, another Afghan national arrested for posting TikTok video showing him constructing a bomb - The Times of India from Times of India
2025-11-29 21:24:03,874 - INFO - [The Hindu] Page content loaded.
2025-11-29 21:24:03,879 - INFO - [Times of India] Article: https://timesofindia.indiatimes.com/world/us-streamers/nick-fuentes-fires-back-as-marjorie-taylor-greene-links-herself-to-charlie-kirk-assassination-in-wild-claim/articleshow/125662944.cms
2025-11-29 21:24:03,879 - INFO - [Times of India] Attempt 1/1: Trying with 'selenium_browser' strategy...
2025-11-29 21:24:04,020 - INFO - [The Hindu] Success with 'selenium_browser'. Found content (273 words).
2025-11-29 21:24:04,122 - INFO - Duplicate article skipped: Passing-out parade held at Indian Naval Academy - The Hindu from The Hindu
2025-11-29 21:24:04,693 - INFO - [The Hindu] Article: https://www.thehindu.com/news/national/kerala/plea-before-hc-challenges-posting-of-bouncers-at-poornathrayeesa-temple/article70339514.ece
2025-11-29 21:24:04,694 - INFO - [The Hindu] Attempt 1/1: Trying with 'selenium_browser' strategy...
2025-11-29 21:24:05,794 - INFO - [The Hindu] Page content loaded.
2025-11-29 21:24:05,944 - INFO - [The Hindu] Success with 'selenium_browser'. Found content (157 words).
2025-11-29 21:24:06,044 - INFO - Duplicate article skipped: Plea before HC challenges posting of ‘bouncers’ at Poornathrayeesa temple - The Hindu from The Hindu
2025-11-29 21:24:06,900 - INFO - [The Hindu] Article: https://www.thehindu.com/news/national/kerala/person-of-unsound-mind-trespasses-into-pangode-military-camp/article70339685.ece
2025-11-29 21:24:06,900 - INFO - [The Hindu] Attempt 1/1: Trying with 'selenium_browser' strategy...
2025-11-29 21:24:07,666 - INFO - [Times of India] Page content loaded.
2025-11-29 21:24:08,079 - INFO - [Times of India] Success with 'selenium_browser'. Found content (469 words).
2025-11-29 21:24:08,118 - INFO - [The Hindu] Page content loaded.
2025-11-29 21:24:08,555 - INFO - Duplicate article skipped: Nick Fuentes fires back as Marjorie Taylor Greene links herself to Charlie Kirk assassination in wild claim - The Times of India from Times of India
2025-11-29 21:24:08,563 - INFO - [The Hindu] Success with 'selenium_browser'. Found content (156 words).
2025-11-29 21:24:08,744 - INFO - Duplicate article skipped: Person of unsound mind trespasses into Pangode military camp - The Hindu from The Hindu
2025-11-29 21:24:09,307 - INFO - [Times of India] Article: https://timesofindia.indiatimes.com/world/us-streamers/candace-owens-and-charlie-kirk-controversy-explained-inside-her-statements-on-erika-kirk-emmanuel-macron-and-mystery-around-his-death/articleshow/125661671.cms
2025-11-29 21:24:09,307 - INFO - [Times of India] Attempt 1/1: Trying with 'selenium_browser' strategy...
2025-11-29 21:24:09,885 - INFO - [The Hindu] Article: https://www.thehindu.com/news/national/karnataka/businessman-arrested-for-injecting-wife-mith-mercury-criminal-charges-altered-to-dowry-death/article70339673.ece
2025-11-29 21:24:09,885 - INFO - [The Hindu] Attempt 1/1: Trying with 'selenium_browser' strategy...
2025-11-29 21:24:13,986 - INFO - [Times of India] Page content loaded.
2025-11-29 21:24:14,144 - INFO - [Times of India] Success with 'selenium_browser'. Found content (507 words).
2025-11-29 21:24:14,244 - INFO - Duplicate article skipped: Candace Owens and Charlie Kirk controversy explained: Inside her statements on Erika Kirk, Emmanuel Macron and mystery around his death - The Times of India from Times of India
2025-11-29 21:24:15,151 - INFO - [Times of India] Article: https://timesofindia.indiatimes.com/world/us-streamers/anthony-sargon-faces-huge-backlash-after-attacking-asmongolds-late-father-in-viral-stream-rant/articleshow/125661642.cms
2025-11-29 21:24:15,151 - INFO - [Times of India] Attempt 1/1: Trying with 'selenium_browser' strategy...
2025-11-29 21:24:33,078 - INFO - [The Hindu] Page content loaded.
2025-11-29 21:24:33,169 - INFO - [The Hindu] Success with 'selenium_browser'. Found content (311 words).
2025-11-29 21:24:33,280 - INFO - Duplicate article skipped: Businessman arrested for injecting wife with mercury; criminal charges altered to dowry death - The Hindu from The Hindu
2025-11-29 21:24:34,002 - INFO - [The Hindu] Article: https://www.thehindu.com/news/national/tamil-nadu/higher-education-will-help-earn-better-per-capita-income-vit-chancellor/article70338779.ece
2025-11-29 21:24:34,002 - INFO - [The Hindu] Attempt 1/1: Trying with 'selenium_browser' strategy...
2025-11-29 21:24:34,702 - INFO - [The Hindu] Page content loaded.
2025-11-29 21:24:34,752 - INFO - [The Hindu] Success with 'selenium_browser'. Found content (324 words).
2025-11-29 21:24:34,850 - INFO - Duplicate article skipped: Higher education will help earn better per capita income: VIT Chancellor - The Hindu from The Hindu
2025-11-29 21:24:36,085 - INFO - [The Hindu] Article: https://www.thehindu.com/news/national/karnataka/bmtc-conductor-bswml-marshal-among-qualifiers-in-kset/article70338944.ece
2025-11-29 21:24:36,086 - INFO - [The Hindu] Attempt 1/1: Trying with 'selenium_browser' strategy...
2025-11-29 21:24:36,995 - INFO - [The Hindu] Page content loaded.
2025-11-29 21:24:37,304 - INFO - [The Hindu] Success with 'selenium_browser'. Found content (194 words).
2025-11-29 21:24:37,399 - INFO - Duplicate article skipped: BMTC conductor, BSWML marshal among qualifiers in KSET - The Hindu from The Hindu
2025-11-29 21:24:38,482 - INFO - [The Hindu] Article: https://www.thehindu.com/news/national/andhra-pradesh/ap-bags-igbc-green-champion-award-for-leadership-in-sustainable-development/article70339449.ece
2025-11-29 21:24:38,483 - INFO - [The Hindu] Attempt 1/1: Trying with 'selenium_browser' strategy...
2025-11-29 21:24:39,253 - INFO - [The Hindu] Page content loaded.
2025-11-29 21:24:39,537 - INFO - [The Hindu] Success with 'selenium_browser'. Found content (255 words).
2025-11-29 21:24:39,626 - INFO - Duplicate article skipped: A.P. bags IGBC Green champion award for leadership in sustainable development - The Hindu from The Hindu
2025-11-29 21:24:41,011 - INFO - [The Hindu] Article: https://www.thehindu.com/news/national/karnataka/seers-should-keep-away-from-politics-warns-hdk/article70339360.ece
2025-11-29 21:24:41,012 - INFO - [The Hindu] Attempt 1/1: Trying with 'selenium_browser' strategy...
2025-11-29 21:24:41,765 - INFO - [The Hindu] Page content loaded.
2025-11-29 21:24:41,838 - INFO - [The Hindu] Success with 'selenium_browser'. Found content (148 words).
2025-11-29 21:24:41,936 - INFO - Duplicate article skipped: Seers should keep away from politics, warns HDK - The Hindu from The Hindu
2025-11-29 21:24:42,500 - INFO - [The Hindu] (Thread) Finished. Attempting to shut down its Selenium driver.
2025-11-29 21:24:42,695 - INFO - [The Hindu] (Thread) driver.quit() successful.
2025-11-29 21:26:22,915 - ERROR - [Times of India] Request failed for strategy 'selenium_browser' on URL https://timesofindia.indiatimes.com/world/us-streamers/anthony-sargon-faces-huge-backlash-after-attacking-asmongolds-late-father-in-viral-stream-rant/articleshow/125661642.cms: HTTPConnectionPool(host='localhost', port=55441): Read timed out. (read timeout=120)
2025-11-29 21:26:22,915 - ERROR - [Times of India] All scrape strategies failed for https://timesofindia.indiatimes.com/world/us-streamers/anthony-sargon-faces-huge-backlash-after-attacking-asmongolds-late-father-in-viral-stream-rant/articleshow/125661642.cms. Falling back to RSS description.
2025-11-29 21:26:22,915 - INFO - Duplicate article skipped: Anthony Sargon faces huge backlash after attacking Asmongold’s late father in viral stream rant from Times of India
2025-11-29 21:26:24,251 - INFO - [Times of India] Article: https://timesofindia.indiatimes.com/world/uk/divert-their-flights-to-british-far-right-activist-reacts-to-uae-stopping-visas-for-pakistani-citizens/articleshow/125661532.cms
2025-11-29 21:26:24,251 - INFO - [Times of India] Attempt 1/1: Trying with 'selenium_browser' strategy...
2025-11-29 21:27:04,256 - CRITICAL - --- TIMEOUT: 1 scrape jobs did not complete in 300s. ---
2025-11-29 21:27:04,256 - ERROR - A thread has timed out and will be abandoned.
2025-11-29 21:27:04,256 - INFO - Shutting down thread pool (wait=False)...
2025-11-29 21:27:04,256 - INFO - Scraped: 0 BBC, 1 The Hindu, 0 The Guardian, 1 Timed_Out_Jobs articles. (Total saved: 1)
2025-11-29 21:27:04,257 - INFO - --- Scraping job finished ---
2025-11-29 21:27:04,257 - INFO - --- Scraper service stopped and database connection closed. ---
2025-11-29 21:27:04,257 - INFO - --- Main thread finished. Forcing process exit to kill zombie threads. ---
