2025-12-03 10:30:46,178 - INFO - Loading AI Semantic Model (all-MiniLM-L6-v2)...
2025-12-03 10:30:46,178 - INFO - Use pytorch device_name: cpu
2025-12-03 10:30:46,178 - INFO - Load pretrained SentenceTransformer: all-MiniLM-L6-v2
2025-12-03 10:30:47,484 - INFO - AI Model loaded successfully.
2025-12-03 10:30:47,484 - INFO - Initializing database connection at: news_articles.db
2025-12-03 10:30:47,484 - INFO - --- Scraper service started (CI Mode: Run Once) ---
2025-12-03 10:30:47,484 - INFO - --- Starting new scraping job (Parallel Mode) ---
2025-12-03 10:30:47,484 - INFO - Creating new robust session with 3 retries on 5xx/connection/read errors.
2025-12-03 10:30:47,484 - INFO - Proxy is DISABLED.
2025-12-03 10:30:47,485 - INFO - Starting scrape for BBC RSS feed: http://feeds.bbci.co.uk/news/world/rss.xml
2025-12-03 10:30:47,486 - INFO - [Times of India] (Thread) requires Selenium. Initializing driver...
2025-12-03 10:30:47,486 - INFO - Initializing headless Selenium Chrome driver (using SeleniumManager)...
2025-12-03 10:30:47,486 - INFO - Starting scrape for The Guardian RSS feed: https://www.theguardian.com/world/rss
2025-12-03 10:30:47,488 - INFO - [The Hindu] (Thread) requires Selenium. Initializing driver...
2025-12-03 10:30:47,488 - INFO - Initializing headless Selenium Chrome driver (using SeleniumManager)...
2025-12-03 10:30:47,488 - INFO - Submitted 4 jobs to thread pool. Waiting up to 300s for completion...
2025-12-03 10:30:47,639 - INFO - Found 33 articles in BBC RSS feed. Processing up to 20.
2025-12-03 10:30:47,639 - INFO - [BBC] Article: https://www.bbc.com/news/articles/c208x9v68w3o?at_medium=RSS&at_campaign=rss
2025-12-03 10:30:47,639 - INFO - [BBC] Attempt 1/1: Trying with 'requests_browser' strategy...
2025-12-03 10:30:47,840 - INFO - Found 45 articles in The Guardian RSS feed. Processing up to 20.
2025-12-03 10:30:47,840 - INFO - [The Guardian] Article: https://www.theguardian.com/us-news/2025/dec/02/trump-somali-immigrants-minnesota
2025-12-03 10:30:47,840 - INFO - [The Guardian] Attempt 1/1: Trying with 'requests_browser' strategy...
2025-12-03 10:30:47,873 - INFO - [BBC] Success with 'requests_browser'. Found content (714 words).
2025-12-03 10:30:47,914 - INFO - Duplicate article skipped: Trump says he doesn't want Somalis in US as ICE plans operation from BBC
2025-12-03 10:30:47,922 - INFO - [The Guardian] Success with 'requests_browser'. Found content (473 words).
2025-12-03 10:30:47,956 - INFO - Duplicate article skipped: Trump calls Somali immigrants ‘garbage’ as US reportedly targets Minnesota community | Trump administration | The Guardian from The Guardian
2025-12-03 10:30:48,527 - INFO - [BBC] Article: https://www.bbc.com/news/articles/cly580gkd9ro?at_medium=RSS&at_campaign=rss
2025-12-03 10:30:48,527 - INFO - [BBC] Attempt 1/1: Trying with 'requests_browser' strategy...
2025-12-03 10:30:48,652 - INFO - [The Guardian] Article: https://www.theguardian.com/world/2025/dec/01/south-africans-court-alleged-recruitment-russia-war-ukraine
2025-12-03 10:30:48,652 - INFO - [The Guardian] Attempt 1/1: Trying with 'requests_browser' strategy...
2025-12-03 10:30:48,849 - INFO - [The Guardian] Success with 'requests_browser'. Found content (506 words).
2025-12-03 10:30:48,892 - INFO - Duplicate article skipped: Five South Africans in court over alleged recruitment for Russia’s war in Ukraine | South Africa | The Guardian from The Guardian
2025-12-03 10:30:49,265 - INFO - [BBC] Success with 'requests_browser'. Found content (1534 words).
2025-12-03 10:30:49,305 - INFO - Duplicate article skipped: Ultra-Orthodox conscription bill threatens crisis for Israel's government from BBC
2025-12-03 10:30:49,823 - INFO - [BBC] Article: https://www.bbc.com/news/articles/c9895x3039ro?at_medium=RSS&at_campaign=rss
2025-12-03 10:30:49,823 - INFO - [BBC] Attempt 1/1: Trying with 'requests_browser' strategy...
2025-12-03 10:30:49,877 - INFO - [The Guardian] Article: https://www.theguardian.com/global-development/2025/dec/01/global-health-hiv-aids-funding-cuts-infections-prevention
2025-12-03 10:30:49,878 - INFO - [The Guardian] Attempt 1/1: Trying with 'requests_browser' strategy...
2025-12-03 10:30:49,895 - INFO - [BBC] Success with 'requests_browser'. Found content (943 words).
2025-12-03 10:30:49,937 - INFO - Duplicate article skipped: As lead changes in knife-edge Honduran election, will Trump fail to get his way? from BBC
2025-12-03 10:30:49,954 - INFO - [The Guardian] Success with 'requests_browser'. Found content (674 words).
2025-12-03 10:30:49,993 - INFO - Duplicate article skipped: Aid cuts have shaken HIV/Aids care to its core – and will mean millions more infections ahead | Global health | The Guardian from The Guardian
2025-12-03 10:30:50,938 - INFO - [The Guardian] Article: https://www.theguardian.com/world/2025/nov/30/african-leaders-push-for-recognition-of-colonial-crimes-and-reparations
2025-12-03 10:30:50,939 - INFO - [The Guardian] Attempt 1/1: Trying with 'requests_browser' strategy...
2025-12-03 10:30:50,984 - INFO - [The Guardian] Success with 'requests_browser'. Found content (670 words).
2025-12-03 10:30:51,006 - INFO - [BBC] Article: https://www.bbc.com/news/articles/ckglx77mplgo?at_medium=RSS&at_campaign=rss
2025-12-03 10:30:51,012 - INFO - [BBC] Attempt 1/1: Trying with 'requests_browser' strategy...
2025-12-03 10:30:51,177 - INFO - Duplicate article skipped: African leaders push for recognition of colonial crimes and reparations | Colonialism | The Guardian from The Guardian
2025-12-03 10:30:51,991 - INFO - [BBC] Success with 'requests_browser'. Found content (494 words).
2025-12-03 10:30:52,026 - INFO - Duplicate article skipped: Hegseth says he did not see survivors before second drug boat strike from BBC
2025-12-03 10:30:52,217 - INFO - [The Guardian] Article: https://www.theguardian.com/world/2025/nov/28/jacob-zuma-daughter-resigns-claims-south-africans-tricked-fight-russia
2025-12-03 10:30:52,217 - INFO - [The Guardian] Attempt 1/1: Trying with 'requests_browser' strategy...
2025-12-03 10:30:52,389 - INFO - [The Guardian] Success with 'requests_browser'. Found content (753 words).
2025-12-03 10:30:52,427 - INFO - Duplicate article skipped: Jacob Zuma’s daughter resigns amid claims South Africans tricked to fight for Russia | South Africa | The Guardian from The Guardian
2025-12-03 10:30:52,556 - INFO - [BBC] Article: https://www.bbc.com/news/articles/cy7v077dm0po?at_medium=RSS&at_campaign=rss
2025-12-03 10:30:52,557 - INFO - [BBC] Attempt 1/1: Trying with 'requests_browser' strategy...
2025-12-03 10:30:52,705 - INFO - [BBC] Success with 'requests_browser'. Found content (308 words).
2025-12-03 10:30:52,740 - INFO - Duplicate article skipped: MH370: Search for long-missing Malaysia Airlines fight to resume from BBC
2025-12-03 10:30:53,363 - INFO - [The Guardian] Article: https://www.theguardian.com/us-news/live/2025/dec/02/donald-trump-pete-hegseth-boat-venezuela-maduro-tennessee-us-politics-live-news-updates
2025-12-03 10:30:53,363 - INFO - [The Guardian] Attempt 1/1: Trying with 'requests_browser' strategy...
2025-12-03 10:30:53,516 - INFO - [BBC] Article: https://www.bbc.com/news/articles/c7vm754r80vo?at_medium=RSS&at_campaign=rss
2025-12-03 10:30:53,516 - INFO - [BBC] Attempt 1/1: Trying with 'requests_browser' strategy...
2025-12-03 10:30:53,646 - INFO - [The Guardian] Success with 'requests_browser'. Found content (4155 words).
2025-12-03 10:30:53,741 - INFO - Duplicate article skipped: Pete Hegseth says he ‘didn’t stick around’ to watch second strike on alleged drug boat as Democrats slam administration over attacks – as it happened | Trump administration | The Guardian from The Guardian
2025-12-03 10:30:53,986 - INFO - [BBC] Success with 'requests_browser'. Found content (225 words).
2025-12-03 10:30:54,023 - INFO - Duplicate article skipped: New Zealand man charged with theft over claims he swallowed $19k Fabergé egg from BBC
2025-12-03 10:30:55,125 - INFO - [The Guardian] Article: https://www.theguardian.com/world/2025/dec/02/trump-intervention-honduras-presidential-vote-count-stalls-nasry-asfura
2025-12-03 10:30:55,125 - INFO - [The Guardian] Attempt 1/1: Trying with 'requests_browser' strategy...
2025-12-03 10:30:55,281 - INFO - [The Guardian] Success with 'requests_browser'. Found content (945 words).
2025-12-03 10:30:55,334 - INFO - Duplicate article skipped: Trump frees ex-Honduran president from prison as country awaits knife-edge election result | Honduras | The Guardian from The Guardian
2025-12-03 10:30:55,430 - INFO - [BBC] Article: https://www.bbc.com/news/articles/cpq47derx2vo?at_medium=RSS&at_campaign=rss
2025-12-03 10:30:55,430 - INFO - [BBC] Attempt 1/1: Trying with 'requests_browser' strategy...
2025-12-03 10:30:55,482 - INFO - [BBC] Success with 'requests_browser'. Found content (991 words).
2025-12-03 10:30:55,537 - INFO - Duplicate article skipped: Ukrainians in war-ravaged Donbas weigh prospects of peace deal from BBC
2025-12-03 10:30:56,118 - INFO - Selenium driver initialized successfully.
2025-12-03 10:30:56,119 - INFO - Starting scrape for Times of India RSS feed: https://timesofindia.indiatimes.com/rssfeeds/296589292.cms
2025-12-03 10:30:56,120 - INFO - Selenium driver initialized successfully.
2025-12-03 10:30:56,120 - INFO - Starting scrape for The Hindu RSS feed: https://www.thehindu.com/news/national/feeder/default.rss
2025-12-03 10:30:56,313 - INFO - Found 100 articles in The Hindu RSS feed. Processing up to 20.
2025-12-03 10:30:56,313 - INFO - [The Hindu] Article: https://www.thehindu.com/news/national/tamil-nadu/tn-cm-stalin-distributes-wheelchairs-to-persons-with-disabilities/article70352987.ece
2025-12-03 10:30:56,313 - INFO - [The Hindu] Attempt 1/1: Trying with 'selenium_browser' strategy...
2025-12-03 10:30:56,421 - INFO - [The Guardian] Article: https://www.theguardian.com/us-news/2025/dec/02/pete-hegseth-franklin-the-turtle
2025-12-03 10:30:56,421 - INFO - [The Guardian] Attempt 1/1: Trying with 'requests_browser' strategy...
2025-12-03 10:30:56,436 - INFO - Found 20 articles in Times of India RSS feed. Processing up to 20.
2025-12-03 10:30:56,436 - INFO - [Times of India] Article: https://timesofindia.indiatimes.com/world/middle-east/saudi-crown-prince-administers-oath-to-newly-appointed-ambassadors-at-dammam-ceremony/articleshow/125739816.cms
2025-12-03 10:30:56,436 - INFO - [Times of India] Attempt 1/1: Trying with 'selenium_browser' strategy...
2025-12-03 10:30:56,466 - INFO - [The Guardian] Success with 'requests_browser'. Found content (438 words).
2025-12-03 10:30:56,519 - INFO - Duplicate article skipped: Publisher condemns ‘violent’ use of Franklin the Turtle after Hegseth’s boat strike post | Pete Hegseth | The Guardian from The Guardian
2025-12-03 10:30:56,844 - INFO - [BBC] Article: https://www.bbc.com/news/articles/c3e05j9012vo?at_medium=RSS&at_campaign=rss
2025-12-03 10:30:56,845 - INFO - [BBC] Attempt 1/1: Trying with 'requests_browser' strategy...
2025-12-03 10:30:56,892 - INFO - [BBC] Success with 'requests_browser'. Found content (297 words).
2025-12-03 10:30:56,939 - INFO - Duplicate article skipped: Italian fashion giant Prada buys Versace – at a discount from BBC
2025-12-03 10:30:57,232 - INFO - [The Guardian] Article: https://www.theguardian.com/us-news/2025/dec/02/monterrey-mexico-air-quality-industrial-pollution
2025-12-03 10:30:57,232 - INFO - [The Guardian] Attempt 1/1: Trying with 'requests_browser' strategy...
2025-12-03 10:30:57,328 - INFO - [The Guardian] Success with 'requests_browser'. Found content (3688 words).
2025-12-03 10:30:57,438 - INFO - Duplicate article skipped: Revealed: Mexico’s industrial boomtown is making goods for the US. Residents say they’re ‘breathing poison’ | Mexico | The Guardian from The Guardian
2025-12-03 10:30:58,096 - INFO - [The Guardian] Article: https://www.theguardian.com/world/2025/dec/02/st-lucia-election-prime-minister-philip-pierre-wins
2025-12-03 10:30:58,097 - INFO - [The Guardian] Attempt 1/1: Trying with 'requests_browser' strategy...
2025-12-03 10:30:58,289 - INFO - [The Guardian] Success with 'requests_browser'. Found content (313 words).
2025-12-03 10:30:58,340 - INFO - Duplicate article skipped: St Lucia prime minister Philip Pierre keeps majority as ruling party wins | St Lucia | The Guardian from The Guardian
2025-12-03 10:30:58,419 - INFO - [BBC] Article: https://www.bbc.com/news/articles/cp341gz24p5o?at_medium=RSS&at_campaign=rss
2025-12-03 10:30:58,420 - INFO - [BBC] Attempt 1/1: Trying with 'requests_browser' strategy...
2025-12-03 10:30:58,493 - INFO - [BBC] Success with 'requests_browser'. Found content (660 words).
2025-12-03 10:30:58,562 - INFO - Duplicate article skipped: YouTube says it will be less safe for kids under Australia's social media ban from BBC
2025-12-03 10:30:58,882 - INFO - [The Guardian] Article: https://www.theguardian.com/world/2025/dec/03/search-for-malaysia-airline-flight-mh370-to-resume-over-11-years-after-plane-went-missing
2025-12-03 10:30:58,882 - INFO - [The Guardian] Attempt 1/1: Trying with 'requests_browser' strategy...
2025-12-03 10:30:58,939 - INFO - [The Guardian] Success with 'requests_browser'. Found content (635 words).
2025-12-03 10:30:59,042 - INFO - Duplicate article skipped: Search for Malaysia Airlines flight MH370 to resume more than 11 years after plane went missing | Malaysia Airlines flight MH370 | The Guardian from The Guardian
2025-12-03 10:30:59,990 - INFO - [BBC] Article: https://www.bbc.com/news/articles/cp39q5n5037o?at_medium=RSS&at_campaign=rss
2025-12-03 10:30:59,991 - INFO - [BBC] Attempt 1/1: Trying with 'requests_browser' strategy...
2025-12-03 10:31:00,476 - INFO - [The Guardian] Article: https://www.theguardian.com/world/2025/dec/02/uk-government-delays-china-super-embassy-january
2025-12-03 10:31:00,476 - INFO - [The Guardian] Attempt 1/1: Trying with 'requests_browser' strategy...
2025-12-03 10:31:00,631 - INFO - [The Guardian] Success with 'requests_browser'. Found content (619 words).
2025-12-03 10:31:00,818 - INFO - Duplicate article skipped: UK government delays decision on China’s super-embassy until January | China | The Guardian from The Guardian
2025-12-03 10:31:00,931 - INFO - [BBC] Success with 'requests_browser'. Found content (336 words).
2025-12-03 10:31:01,056 - INFO - Duplicate article skipped: Air pollution: Delhi hospitals saw 200,000 respiratory illness patients in three years from BBC
2025-12-03 10:31:01,781 - INFO - [The Guardian] Article: https://www.theguardian.com/world/2025/dec/03/uk-china-spying-case-collapse-security-committee-report
2025-12-03 10:31:01,781 - INFO - [The Guardian] Attempt 1/1: Trying with 'requests_browser' strategy...
2025-12-03 10:31:01,921 - INFO - [The Guardian] Success with 'requests_browser'. Found content (885 words).
2025-12-03 10:31:02,003 - INFO - Duplicate article skipped: Handling of China spying case was ‘shambolic’, security committee concludes | Espionage | The Guardian from The Guardian
2025-12-03 10:31:02,343 - INFO - [BBC] Article: https://www.bbc.com/news/articles/cedxyvx74p4o?at_medium=RSS&at_campaign=rss
2025-12-03 10:31:02,343 - INFO - [BBC] Attempt 1/1: Trying with 'requests_browser' strategy...
2025-12-03 10:31:03,217 - INFO - [BBC] Success with 'requests_browser'. Found content (768 words).
2025-12-03 10:31:04,147 - INFO - [The Guardian] Article: https://www.theguardian.com/world/2025/dec/02/global-heating-and-other-human-activity-are-making-asias-floods-more-lethal
2025-12-03 10:31:04,147 - INFO - [The Guardian] Attempt 1/1: Trying with 'requests_browser' strategy...
2025-12-03 10:31:04,148 - INFO - [The Hindu] Page content loaded.
2025-12-03 10:31:04,475 - INFO - Duplicate article skipped: Sanchar Saathi: India mandates state-owned cyber safety app on all smartphones from BBC
2025-12-03 10:31:04,490 - INFO - [The Guardian] Success with 'requests_browser'. Found content (718 words).
2025-12-03 10:31:04,681 - INFO - [The Hindu] Success with 'selenium_browser'. Found content (99 words).
2025-12-03 10:31:04,947 - INFO - Duplicate article skipped: Global heating and other human activity are making Asia’s floods more lethal | Extreme weather | The Guardian from The Guardian
2025-12-03 10:31:05,153 - INFO - [BBC] Article: https://www.bbc.com/news/articles/cn41jge1990o?at_medium=RSS&at_campaign=rss
2025-12-03 10:31:05,153 - INFO - [BBC] Attempt 1/1: Trying with 'requests_browser' strategy...
2025-12-03 10:31:05,387 - INFO - [BBC] Success with 'requests_browser'. Found content (595 words).
2025-12-03 10:31:06,328 - INFO - [The Guardian] Article: https://www.theguardian.com/world/2025/dec/02/british-women-stranded-by-landslides-in-sri-lankan-mountains-running-out-of-food-and-water-daughter-says
2025-12-03 10:31:06,331 - INFO - [The Guardian] Attempt 1/1: Trying with 'requests_browser' strategy...
2025-12-03 10:31:06,436 - INFO - [The Guardian] Success with 'requests_browser'. Found content (643 words).
2025-12-03 10:31:25,198 - INFO - Saved article: T.N. CM Stalin distributes wheelchairs to persons with disabilities - The Hindu from The Hindu
2025-12-03 10:31:25,199 - INFO - Duplicate article skipped: Pope prays at site of Beirut port blast at end of Lebanon visit from BBC
2025-12-03 10:31:25,199 - INFO - Duplicate article skipped: British women stranded by landslides in Sri Lankan mountains running out of food and water, daughter says | Sri Lanka | The Guardian from The Guardian
2025-12-03 10:31:25,939 - INFO - [The Guardian] Article: https://www.theguardian.com/australia-news/2025/dec/03/holy-crap-this-is-insane-mineworkers-describe-being-caught-in-huge-outback-dust-storm
2025-12-03 10:31:25,939 - INFO - [The Guardian] Attempt 1/1: Trying with 'requests_browser' strategy...
2025-12-03 10:31:26,147 - INFO - [BBC] Article: https://www.bbc.com/news/articles/c0q5n3x0jn9o?at_medium=RSS&at_campaign=rss
2025-12-03 10:31:26,147 - INFO - [BBC] Attempt 1/1: Trying with 'requests_browser' strategy...
2025-12-03 10:31:26,568 - INFO - [The Hindu] Article: https://www.thehindu.com/news/national/madhya-pradesh/mp-cough-syrup-deaths-ed-attaches-assets-of-coldrif-promoter-in-chennai/article70352759.ece
2025-12-03 10:31:26,569 - INFO - [The Hindu] Attempt 1/1: Trying with 'selenium_browser' strategy...
2025-12-03 10:31:26,578 - INFO - [The Guardian] Success with 'requests_browser'. Found content (537 words).
2025-12-03 10:31:26,633 - INFO - Duplicate article skipped: ‘Holy crap, this is insane’: mineworkers describe being caught in huge outback dust storm | Australia weather | The Guardian from The Guardian
2025-12-03 10:31:26,837 - INFO - [BBC] Success with 'requests_browser'. Found content (328 words).
2025-12-03 10:31:26,909 - INFO - Duplicate article skipped: Thousands of rounds of German army ammunition stolen from lorry from BBC
2025-12-03 10:31:27,617 - INFO - [BBC] Article: https://www.bbc.com/news/articles/c93n4nx5yqro?at_medium=RSS&at_campaign=rss
2025-12-03 10:31:27,618 - INFO - [BBC] Attempt 1/1: Trying with 'requests_browser' strategy...
2025-12-03 10:31:27,665 - INFO - [The Hindu] Page content loaded.
2025-12-03 10:31:27,812 - INFO - [The Guardian] Article: https://www.theguardian.com/australia-news/2025/dec/03/addiction-to-secrecy-opposition-and-crossbench-slam-labors-undemocratic-changes-to-foi-including-charging-fees
2025-12-03 10:31:27,812 - INFO - [The Guardian] Attempt 1/1: Trying with 'requests_browser' strategy...
2025-12-03 10:31:27,836 - INFO - [The Hindu] Success with 'selenium_browser'. Found content (422 words).
2025-12-03 10:31:28,281 - INFO - [The Guardian] Success with 'requests_browser'. Found content (531 words).
2025-12-03 10:31:28,435 - INFO - [BBC] Success with 'requests_browser'. Found content (1032 words).
2025-12-03 10:31:43,629 - INFO - Saved article: M.P. cough syrup deaths: ED attaches assets of Coldrif promoter in Chennai - The Hindu from The Hindu
2025-12-03 10:31:43,629 - INFO - Duplicate article skipped: ‘Addiction to secrecy’: opposition and crossbench slam Labor’s ‘undemocratic’ changes to FoI – including charging fees | Freedom of information | The Guardian from The Guardian
2025-12-03 10:31:43,630 - INFO - Duplicate article skipped: Why is US President Trump threatening Venezuela's President Maduro? from BBC
2025-12-03 10:31:44,168 - INFO - [The Guardian] Article: https://www.theguardian.com/australia-news/live/2025/dec/03/australia-news-live-bruce-lehrmann-defamation-appeal-brittany-higgins-lisa-wilkinson-network-ten-senate-estimates-social-media-ban-esafety-commissioner-albanese-sussan-ley-labor-coalition-nsw-vic-qld-ntwnfb
2025-12-03 10:31:44,168 - INFO - [The Guardian] Attempt 1/1: Trying with 'requests_browser' strategy...
2025-12-03 10:31:44,467 - INFO - [The Hindu] Article: https://www.thehindu.com/news/national/telangana/three-killed-two-injured-as-car-crashes-into-road-divider-at-sathupalli-in-khammam-district/article70352309.ece
2025-12-03 10:31:44,467 - INFO - [The Hindu] Attempt 1/1: Trying with 'selenium_browser' strategy...
2025-12-03 10:31:44,624 - INFO - [BBC] Article: https://www.bbc.com/news/articles/ce3wq2zznz1o?at_medium=RSS&at_campaign=rss
2025-12-03 10:31:44,625 - INFO - [BBC] Attempt 1/1: Trying with 'requests_browser' strategy...
2025-12-03 10:31:44,704 - INFO - [BBC] Success with 'requests_browser'. Found content (740 words).
2025-12-03 10:31:44,748 - INFO - Duplicate article skipped: Guinea Bissau coup: Nigeria grants asylum to presidential candidate Fernando Dias from BBC
2025-12-03 10:31:44,812 - INFO - [The Guardian] Success with 'requests_browser'. Found content (3090 words).
2025-12-03 10:31:44,932 - INFO - Duplicate article skipped: Gallagher says public service ‘roughly the right size’ – as it happened | Australia news | The Guardian from The Guardian
2025-12-03 10:31:45,643 - INFO - [The Guardian] Article: https://www.theguardian.com/australia-news/2025/dec/03/australia-high-court-overturns-housing-policy-which-tripled-rent-in-some-remote-indigenous-communities
2025-12-03 10:31:45,644 - INFO - [The Guardian] Attempt 1/1: Trying with 'requests_browser' strategy...
2025-12-03 10:31:45,646 - INFO - [The Hindu] Page content loaded.
2025-12-03 10:31:45,819 - INFO - [The Guardian] Success with 'requests_browser'. Found content (527 words).
2025-12-03 10:31:45,918 - INFO - Duplicate article skipped: High court overturns NT housing policy which tripled rent in some remote Indigenous communities | Indigenous Australians | The Guardian from The Guardian
2025-12-03 10:31:45,926 - INFO - [BBC] Article: https://www.bbc.com/news/articles/ce8ng18p7v3o?at_medium=RSS&at_campaign=rss
2025-12-03 10:31:45,926 - INFO - [BBC] Attempt 1/1: Trying with 'requests_browser' strategy...
2025-12-03 10:31:45,963 - INFO - [The Hindu] Success with 'selenium_browser'. Found content (188 words).
2025-12-03 10:31:46,281 - INFO - [BBC] Success with 'requests_browser'. Found content (582 words).
2025-12-03 10:31:46,513 - INFO - [The Guardian] Article: https://www.theguardian.com/australia-news/2025/dec/02/australian-children-moving-to-new-social-app-lemon8-but-owner-expected-to-restrict-users-to-over-16s
2025-12-03 10:31:46,514 - INFO - [The Guardian] Attempt 1/1: Trying with 'requests_browser' strategy...
2025-12-03 10:31:47,026 - INFO - [The Guardian] Success with 'requests_browser'. Found content (951 words).
2025-12-03 10:32:00,039 - INFO - Saved article: Three killed, two injured as car crashes into road divider at Sathupalli in Khammam district - The Hindu from The Hindu
2025-12-03 10:32:00,039 - INFO - Duplicate article skipped: Hong Kong leader orders investigation into deadly fire that killed 151 from BBC
2025-12-03 10:32:00,040 - INFO - Duplicate article skipped: YouTube says it will comply with Australia’s under-16s social media ban, with Lemon8 to also restrict access | Social media ban | The Guardian from The Guardian
2025-12-03 10:32:00,694 - INFO - [BBC] Article: https://www.bbc.com/news/articles/c058n10727po?at_medium=RSS&at_campaign=rss
2025-12-03 10:32:00,694 - INFO - [BBC] Attempt 1/1: Trying with 'requests_browser' strategy...
2025-12-03 10:32:00,855 - INFO - [BBC] Success with 'requests_browser'. Found content (610 words).
2025-12-03 10:32:00,908 - INFO - Duplicate article skipped: Cyclone Ditwah: Flood catastrophe awakens volunteerism in Sri Lanka from BBC
2025-12-03 10:32:01,321 - INFO - [The Hindu] Article: https://www.thehindu.com/news/national/telangana/telangana-cm-urges-pm-to-approve-metro-rail-expansion-hyderabad-machilipatnam-port-greenfield-expressway-and-other-projects/article70352860.ece
2025-12-03 10:32:01,322 - INFO - [The Hindu] Attempt 1/1: Trying with 'selenium_browser' strategy...
2025-12-03 10:32:01,815 - INFO - [BBC] Article: https://www.bbc.com/news/articles/c1m8nm22785o?at_medium=RSS&at_campaign=rss
2025-12-03 10:32:01,816 - INFO - [BBC] Attempt 1/1: Trying with 'requests_browser' strategy...
2025-12-03 10:32:01,892 - INFO - [BBC] Success with 'requests_browser'. Found content (1169 words).
2025-12-03 10:32:01,954 - INFO - Duplicate article skipped: Guinea-Bissau's military takeover: Was the coup real or a 'sham'? from BBC
2025-12-03 10:32:03,385 - INFO - [BBC] Article: https://www.bbc.com/news/articles/cj69588eewyo?at_medium=RSS&at_campaign=rss
2025-12-03 10:32:03,385 - INFO - [BBC] Attempt 1/1: Trying with 'requests_browser' strategy...
2025-12-03 10:32:03,436 - INFO - [BBC] Success with 'requests_browser'. Found content (1209 words).
2025-12-03 10:32:03,491 - INFO - Duplicate article skipped: Israeli-Russian woman says Iraqi militants tortured her in captivity from BBC
2025-12-03 10:32:04,923 - INFO - [BBC] Article: https://www.bbc.com/news/videos/cwyvgq7224go?at_medium=RSS&at_campaign=rss
2025-12-03 10:32:04,923 - INFO - [BBC] Attempt 1/1: Trying with 'requests_browser' strategy...
2025-12-03 10:32:05,040 - WARNING - [BBC] FAILED with 'requests_browser' (content was too short: 58 words).
2025-12-03 10:32:05,040 - ERROR - [BBC] All scrape strategies failed for https://www.bbc.com/news/videos/cwyvgq7224go?at_medium=RSS&at_campaign=rss. Falling back to RSS description.
2025-12-03 10:32:05,040 - INFO - Duplicate article skipped: Will Australia's social media ban actually work? from BBC
2025-12-03 10:32:05,358 - INFO - [The Hindu] Page content loaded.
2025-12-03 10:32:05,590 - INFO - [The Hindu] Success with 'selenium_browser'. Found content (166 words).
2025-12-03 10:32:19,922 - INFO - Saved article: Telangana CM urges PM to approve Metro Rail expansion, Hyderabad-Machilipatnam port greenfield expressway and other projects - The Hindu from The Hindu
2025-12-03 10:32:21,359 - INFO - [The Hindu] Article: https://www.thehindu.com/news/national/government-withdraws-mandatory-sanchar-saathi-pre-installation-on-phones-after-backlash/article70352971.ece
2025-12-03 10:32:21,359 - INFO - [The Hindu] Attempt 1/1: Trying with 'selenium_browser' strategy...
2025-12-03 10:32:22,164 - INFO - [The Hindu] Page content loaded.
2025-12-03 10:32:22,280 - INFO - [The Hindu] Success with 'selenium_browser'. Found content (290 words).
2025-12-03 10:32:37,290 - INFO - DEDUPLICATION: Found match (Score: 0.85). Linking to Cluster ID: 4bb4e500-347c-4f00-b4b7-7eaac093e47f
2025-12-03 10:32:37,292 - INFO - Saved article: Government withdraws mandatory Sanchar Saathi pre-installation on phones after backlash - The Hindu from The Hindu
2025-12-03 10:32:38,410 - INFO - [The Hindu] Article: https://www.thehindu.com/news/national/tamil-nadu/former-aiadmk-mla-r-chinnasamy-joins-dmk/article70352891.ece
2025-12-03 10:32:38,411 - INFO - [The Hindu] Attempt 1/1: Trying with 'selenium_browser' strategy...
2025-12-03 10:32:39,578 - INFO - [The Hindu] Page content loaded.
2025-12-03 10:32:39,930 - WARNING - [The Hindu] FAILED with 'selenium_browser' (content was too short: 68 words).
2025-12-03 10:32:39,930 - ERROR - [The Hindu] All scrape strategies failed for https://www.thehindu.com/news/national/tamil-nadu/former-aiadmk-mla-r-chinnasamy-joins-dmk/article70352891.ece. Falling back to RSS description.
2025-12-03 10:32:54,467 - INFO - Saved article: Former AIADMK MLA R. Chinnasamy joins DMK from The Hindu
2025-12-03 10:32:55,568 - INFO - [The Hindu] Article: https://www.thehindu.com/news/national/west-bengal/sunali-khatun-was-pushed-to-bangladesh-despite-being-indian-says-mamata-banerjee/article70352802.ece
2025-12-03 10:32:55,568 - INFO - [The Hindu] Attempt 1/1: Trying with 'selenium_browser' strategy...
2025-12-03 10:32:56,534 - INFO - [The Hindu] Page content loaded.
2025-12-03 10:32:56,536 - ERROR - [Times of India] Request failed for strategy 'selenium_browser' on URL https://timesofindia.indiatimes.com/world/middle-east/saudi-crown-prince-administers-oath-to-newly-appointed-ambassadors-at-dammam-ceremony/articleshow/125739816.cms: HTTPConnectionPool(host='localhost', port=54547): Read timed out. (read timeout=120)
2025-12-03 10:32:56,536 - ERROR - [Times of India] All scrape strategies failed for https://timesofindia.indiatimes.com/world/middle-east/saudi-crown-prince-administers-oath-to-newly-appointed-ambassadors-at-dammam-ceremony/articleshow/125739816.cms. Falling back to RSS description.
2025-12-03 10:32:56,800 - INFO - [The Hindu] Success with 'selenium_browser'. Found content (446 words).
2025-12-03 10:33:10,649 - INFO - Saved article: Saudi Crown Prince administers oath to newly appointed ambassadors at Dammam ceremony from Times of India
2025-12-03 10:33:12,118 - INFO - [Times of India] Article: https://timesofindia.indiatimes.com/world/us/caribbean-strikes-hegseth-claims-learnt-of-survivors-hours-later-blames-fog-of-war/articleshow/125738445.cms
2025-12-03 10:33:12,119 - INFO - [Times of India] Attempt 1/1: Trying with 'selenium_browser' strategy...
2025-12-03 10:33:23,536 - INFO - DEDUPLICATION: Found match (Score: 0.73). Linking to Cluster ID: 7116e44f-913a-4b0b-8e3d-94dffe466408
2025-12-03 10:33:23,538 - INFO - Saved article: Sunali Khatun was pushed to Bangladesh despite being Indian, says Mamata Banerjee - The Hindu from The Hindu
2025-12-03 10:33:24,800 - INFO - [The Hindu] Article: https://www.thehindu.com/news/national/andhra-pradesh/cyclone-ditwah-rains-lash-south-coastal-andhra-pradesh/article70352221.ece
2025-12-03 10:33:24,800 - INFO - [The Hindu] Attempt 1/1: Trying with 'selenium_browser' strategy...
2025-12-03 10:33:25,727 - INFO - [The Hindu] Page content loaded.
2025-12-03 10:33:25,813 - INFO - [The Hindu] Success with 'selenium_browser'. Found content (447 words).
2025-12-03 10:33:39,990 - INFO - DEDUPLICATION: Found match (Score: 0.82). Linking to Cluster ID: f6ff0d8f-49bb-42b3-8843-6a8d0f2237ab
2025-12-03 10:33:39,992 - INFO - Saved article: Cyclone Ditwah: Rains lash south coastal Andhra Pradesh - The Hindu from The Hindu
2025-12-03 10:33:40,617 - INFO - [The Hindu] Article: https://www.thehindu.com/news/national/karnataka/mdma-and-hydro-ganja-worth-2875-crore-seized-in-bengaluru/article70352570.ece
2025-12-03 10:33:40,617 - INFO - [The Hindu] Attempt 1/1: Trying with 'selenium_browser' strategy...
2025-12-03 10:33:41,642 - INFO - [The Hindu] Page content loaded.
2025-12-03 10:33:41,705 - INFO - [The Hindu] Success with 'selenium_browser'. Found content (375 words).
2025-12-03 10:33:41,779 - INFO - Duplicate article skipped: MDMA and hydro ganja worth ₹28.75 crore seized in Bengaluru - The Hindu from The Hindu
2025-12-03 10:33:43,126 - INFO - [The Hindu] Article: https://www.thehindu.com/news/national/sonia-kharge-protest-in-parliament-complex-against-new-labour-codes/article70352719.ece
2025-12-03 10:33:43,127 - INFO - [The Hindu] Attempt 1/1: Trying with 'selenium_browser' strategy...
2025-12-03 10:33:44,160 - INFO - [The Hindu] Page content loaded.
2025-12-03 10:33:44,242 - INFO - [The Hindu] Success with 'selenium_browser'. Found content (374 words).
2025-12-03 10:33:44,315 - INFO - Duplicate article skipped: Sonia, Kharge protest in Parliament complex against new labour codes - The Hindu from The Hindu
2025-12-03 10:33:45,654 - INFO - [The Hindu] Article: https://www.thehindu.com/videos/watch-former-brahmos-chief-calls-for-stronger-india-russia-defence-ties/article70352888.ece
2025-12-03 10:33:45,655 - INFO - [The Hindu] Attempt 1/1: Trying with 'selenium_browser' strategy...
2025-12-03 10:33:46,701 - INFO - [The Hindu] Page content loaded.
2025-12-03 10:33:46,827 - INFO - [The Hindu] Success with 'selenium_browser'. Found content (152 words).
2025-12-03 10:33:46,890 - INFO - Duplicate article skipped: Watch: Former BrahMos Chief calls for stronger India-Russia defence ties - The Hindu from The Hindu
2025-12-03 10:33:47,786 - INFO - [The Hindu] Article: https://www.thehindu.com/news/national/andhra-pradesh/andhra-deputy-cm-pawan-kalyan-orders-constitution-of-party-committees-up-to-parliamentary-constituency-level/article70352601.ece
2025-12-03 10:33:47,786 - INFO - [The Hindu] Attempt 1/1: Trying with 'selenium_browser' strategy...
2025-12-03 10:34:38,501 - INFO - [The Hindu] Page content loaded.
2025-12-03 10:34:38,588 - INFO - [The Hindu] Success with 'selenium_browser'. Found content (194 words).
2025-12-03 10:34:38,706 - INFO - Duplicate article skipped: Andhra Deputy CM Pawan Kalyan orders constitution of party committees up to Parliamentary constituency level - The Hindu from The Hindu
2025-12-03 10:34:39,455 - INFO - [The Hindu] Article: https://www.thehindu.com/news/national/karnataka/cloth-shop-owner-and-associate-held-for-stealing-over-1-crore-cash-from-house-of-businessman-in-bengaluru/article70352656.ece
2025-12-03 10:34:39,455 - INFO - [The Hindu] Attempt 1/1: Trying with 'selenium_browser' strategy...
2025-12-03 10:34:40,225 - INFO - [The Hindu] Page content loaded.
2025-12-03 10:34:40,371 - INFO - [The Hindu] Success with 'selenium_browser'. Found content (294 words).
2025-12-03 10:34:40,461 - INFO - Duplicate article skipped: Cloth shop owner, associate steal over ₹1 crore cash from house of businessman in Bengaluru - The Hindu from The Hindu
2025-12-03 10:34:41,555 - INFO - [The Hindu] Article: https://www.thehindu.com/shorts/watch-bhow-bhow-renuka-chowdhury-on-row-over-bringing-dog-in-parliament/article70352866.ece
2025-12-03 10:34:41,556 - INFO - [The Hindu] Attempt 1/1: Trying with 'selenium_browser' strategy...
2025-12-03 10:34:53,027 - WARNING - [The Hindu] Page timed out (10s). No <p> tags found. Proceeding anyway.
2025-12-03 10:34:53,051 - WARNING - [The Hindu] FAILED with 'selenium_browser' (content was too short: 61 words).
2025-12-03 10:34:53,051 - ERROR - [The Hindu] All scrape strategies failed for https://www.thehindu.com/shorts/watch-bhow-bhow-renuka-chowdhury-on-row-over-bringing-dog-in-parliament/article70352866.ece. Falling back to RSS description.
2025-12-03 10:34:53,051 - INFO - Duplicate article skipped: Watch: Bhow, bhow: Renuka Chowdhury on row over bringing dog in Parliament from The Hindu
2025-12-03 10:34:54,511 - INFO - [The Hindu] Article: https://www.thehindu.com/news/cities/Coimbatore/five-year-old-boychokes-onbananadies-in-erode/article70352623.ece
2025-12-03 10:34:54,512 - INFO - [The Hindu] Attempt 1/1: Trying with 'selenium_browser' strategy...
2025-12-03 10:34:55,132 - INFO - [The Hindu] Page content loaded.
2025-12-03 10:34:55,325 - INFO - [The Hindu] Success with 'selenium_browser'. Found content (151 words).
2025-12-03 10:34:55,404 - INFO - Duplicate article skipped: Five-year-old boy chokes on banana, dies in Erode - The Hindu from The Hindu
2025-12-03 10:34:56,889 - INFO - [The Hindu] Article: https://www.thehindu.com/news/national/delhi-red-fort-blast-suspect-nia-custody-extended/article70352808.ece
2025-12-03 10:34:56,890 - INFO - [The Hindu] Attempt 1/1: Trying with 'selenium_browser' strategy...
2025-12-03 10:34:58,131 - INFO - [The Hindu] Page content loaded.
2025-12-03 10:34:58,291 - INFO - [The Hindu] Success with 'selenium_browser'. Found content (149 words).
2025-12-03 10:34:58,817 - INFO - Duplicate article skipped: Court extends NIA custody of Delhi blast accused Jasir Wani by seven days - The Hindu from The Hindu
2025-12-03 10:35:00,112 - INFO - [The Hindu] Article: https://www.thehindu.com/news/national/gujarat/iafs-suryakirans-to-light-up-rajkot-sky-on-december-6-7/article70352692.ece
2025-12-03 10:35:00,112 - INFO - [The Hindu] Attempt 1/1: Trying with 'selenium_browser' strategy...
2025-12-03 10:35:01,084 - INFO - [The Hindu] Page content loaded.
2025-12-03 10:35:01,152 - INFO - [The Hindu] Success with 'selenium_browser'. Found content (161 words).
2025-12-03 10:35:01,244 - INFO - Duplicate article skipped: IAF’s Suryakirans to light up Rajkot sky on December 6-7 - The Hindu from The Hindu
2025-12-03 10:35:02,282 - INFO - [The Hindu] Article: https://www.thehindu.com/news/national/karnataka/greater-bengaluru-authority-suspends-six-revenue-officials-for-issuing-khatas-in-illegal-layouts/article70352701.ece
2025-12-03 10:35:02,282 - INFO - [The Hindu] Attempt 1/1: Trying with 'selenium_browser' strategy...
2025-12-03 10:35:03,240 - INFO - [The Hindu] Page content loaded.
2025-12-03 10:35:03,406 - INFO - [The Hindu] Success with 'selenium_browser'. Found content (434 words).
2025-12-03 10:35:03,507 - INFO - Duplicate article skipped: Greater Bengaluru Authority suspends six officials for issuing khatas in illegal layouts - The Hindu from The Hindu
2025-12-03 10:35:04,037 - INFO - [The Hindu] Article: https://www.thehindu.com/news/national/kerala/kpcc-sacks-karassery-bank-chairman-abdurahiman-from-party-membership/article70352610.ece
2025-12-03 10:35:04,037 - INFO - [The Hindu] Attempt 1/1: Trying with 'selenium_browser' strategy...
2025-12-03 10:35:07,095 - INFO - [The Hindu] Page content loaded.
2025-12-03 10:35:07,223 - INFO - [The Hindu] Success with 'selenium_browser'. Found content (357 words).
2025-12-03 10:35:07,339 - INFO - Duplicate article skipped: KPCC sacks Karassery bank chairman Abdurahiman from party membership - The Hindu from The Hindu
2025-12-03 10:35:08,229 - INFO - [The Hindu] Article: https://www.thehindu.com/news/national/kerala/udf-convener-adoor-prakash-hints-at-likely-action-against-mla-rahul-mamkootathil-after-new-sexual-assault-charges/article70352654.ece
2025-12-03 10:35:08,229 - INFO - [The Hindu] Attempt 1/1: Trying with 'selenium_browser' strategy...
2025-12-03 10:35:08,997 - INFO - [The Hindu] Page content loaded.
2025-12-03 10:35:09,220 - INFO - [The Hindu] Success with 'selenium_browser'. Found content (224 words).
2025-12-03 10:35:09,317 - INFO - Duplicate article skipped: UDF convener Adoor Prakash hints at likely action against MLA Rahul Mamkootathil after new sexual assault charges - The Hindu from The Hindu
2025-12-03 10:35:10,810 - INFO - [The Hindu] (Thread) Finished. Attempting to shut down its Selenium driver.
2025-12-03 10:35:11,013 - INFO - [The Hindu] (Thread) driver.quit() successful.
2025-12-03 10:35:12,191 - ERROR - [Times of India] Request failed for strategy 'selenium_browser' on URL https://timesofindia.indiatimes.com/world/us/caribbean-strikes-hegseth-claims-learnt-of-survivors-hours-later-blames-fog-of-war/articleshow/125738445.cms: HTTPConnectionPool(host='localhost', port=54547): Read timed out. (read timeout=120)
2025-12-03 10:35:12,191 - ERROR - [Times of India] All scrape strategies failed for https://timesofindia.indiatimes.com/world/us/caribbean-strikes-hegseth-claims-learnt-of-survivors-hours-later-blames-fog-of-war/articleshow/125738445.cms. Falling back to RSS description.
2025-12-03 10:35:12,192 - INFO - Duplicate article skipped: Caribbean strikes: Hegseth claims learnt of survivors ‘hours later’; blames ‘fog of war’ from Times of India
2025-12-03 10:35:13,264 - INFO - [Times of India] Article: https://timesofindia.indiatimes.com/world/us/tennessee-elections-gop-narrowly-avoids-losing-deep-red-district-matt-epps-wins-house-seat/articleshow/125737225.cms
2025-12-03 10:35:13,264 - INFO - [Times of India] Attempt 1/1: Trying with 'selenium_browser' strategy...
2025-12-03 10:35:47,489 - CRITICAL - --- TIMEOUT: 1 scrape jobs did not complete in 300s. ---
2025-12-03 10:35:47,489 - ERROR - A thread has timed out and will be abandoned.
2025-12-03 10:35:47,489 - INFO - Shutting down thread pool (wait=False)...
2025-12-03 10:35:47,489 - INFO - Scraped: 8 The Hindu, 0 BBC, 0 The Guardian, 1 Timed_Out_Jobs articles. (Total saved: 8)
2025-12-03 10:35:47,489 - INFO - --- Scraping job finished ---
2025-12-03 10:35:47,489 - INFO - --- Scraper service stopped and database connection closed. ---
2025-12-03 10:35:47,490 - INFO - --- Main thread finished. Forcing process exit to kill zombie threads. ---
