2025-11-29 08:31:33,404 - INFO - Loading AI Semantic Model (all-MiniLM-L6-v2)...
2025-11-29 08:31:33,404 - INFO - Use pytorch device_name: cpu
2025-11-29 08:31:33,404 - INFO - Load pretrained SentenceTransformer: all-MiniLM-L6-v2
2025-11-29 08:31:33,929 - INFO - AI Model loaded successfully.
2025-11-29 08:31:33,929 - INFO - Initializing database connection at: news_articles.db
2025-11-29 08:31:33,929 - INFO - --- Scraper service started (CI Mode: Run Once) ---
2025-11-29 08:31:33,929 - INFO - --- Starting new scraping job (Parallel Mode) ---
2025-11-29 08:31:33,929 - INFO - Creating new robust session with 3 retries on 5xx/connection/read errors.
2025-11-29 08:31:33,929 - INFO - Proxy is DISABLED.
2025-11-29 08:31:33,929 - INFO - Starting scrape for BBC RSS feed: http://feeds.bbci.co.uk/news/world/rss.xml
2025-11-29 08:31:33,931 - INFO - [Times of India] (Thread) requires Selenium. Initializing driver...
2025-11-29 08:31:33,931 - INFO - Initializing headless Selenium Chrome driver (using SeleniumManager)...
2025-11-29 08:31:33,931 - INFO - Starting scrape for The Guardian RSS feed: https://www.theguardian.com/world/rss
2025-11-29 08:31:33,933 - INFO - [The Hindu] (Thread) requires Selenium. Initializing driver...
2025-11-29 08:31:33,933 - INFO - Initializing headless Selenium Chrome driver (using SeleniumManager)...
2025-11-29 08:31:33,933 - INFO - Submitted 4 jobs to thread pool. Waiting up to 300s for completion...
2025-11-29 08:31:34,021 - INFO - Found 45 articles in The Guardian RSS feed. Processing up to 20.
2025-11-29 08:31:34,021 - INFO - [The Guardian] Article: https://www.theguardian.com/world/2025/nov/28/jacob-zuma-daughter-resigns-claims-south-africans-tricked-fight-russia
2025-11-29 08:31:34,021 - INFO - [The Guardian] Attempt 1/1: Trying with 'requests_browser' strategy...
2025-11-29 08:31:34,051 - INFO - [The Guardian] Success with 'requests_browser'. Found content (753 words).
2025-11-29 08:31:34,087 - INFO - Duplicate article skipped: Jacob Zuma’s daughter resigns amid claims South Africans tricked to fight for Russia | South Africa | The Guardian from The Guardian
2025-11-29 08:31:34,158 - INFO - Found 26 articles in BBC RSS feed. Processing up to 20.
2025-11-29 08:31:34,158 - INFO - [BBC] Article: https://www.bbc.com/news/articles/cdxweyy157go?at_medium=RSS&at_campaign=rss
2025-11-29 08:31:34,158 - INFO - [BBC] Attempt 1/1: Trying with 'requests_browser' strategy...
2025-11-29 08:31:34,353 - INFO - [BBC] Success with 'requests_browser'. Found content (1090 words).
2025-11-29 08:31:34,401 - INFO - Duplicate article skipped: US halts all asylum claim decisions in wake of National Guard shooting from BBC
2025-11-29 08:31:35,054 - INFO - [The Guardian] Article: https://www.theguardian.com/environment/2025/nov/28/africa-forests-transformed-carbon-sink-carbon-source-study
2025-11-29 08:31:35,054 - INFO - [The Guardian] Attempt 1/1: Trying with 'requests_browser' strategy...
2025-11-29 08:31:35,084 - INFO - [The Guardian] Success with 'requests_browser'. Found content (458 words).
2025-11-29 08:31:35,121 - INFO - Duplicate article skipped: Africa’s forests transformed from carbon sink to carbon source, study finds | Climate crisis | The Guardian from The Guardian
2025-11-29 08:31:35,353 - INFO - [BBC] Article: https://www.bbc.com/news/articles/c8e9d13x2z7o?at_medium=RSS&at_campaign=rss
2025-11-29 08:31:35,353 - INFO - [BBC] Attempt 1/1: Trying with 'requests_browser' strategy...
2025-11-29 08:31:35,382 - INFO - [BBC] Success with 'requests_browser'. Found content (779 words).
2025-11-29 08:31:35,412 - INFO - Duplicate article skipped: Flights disrupted after Airbus discovers intense sun radiation could impact flight control data from BBC
2025-11-29 08:31:36,616 - INFO - [The Guardian] Article: https://www.theguardian.com/world/2025/nov/26/guinea-bissau-officers-take-total-control-close-borders-amid-election-chaos
2025-11-29 08:31:36,617 - INFO - [The Guardian] Attempt 1/1: Trying with 'requests_browser' strategy...
2025-11-29 08:31:36,641 - INFO - [The Guardian] Success with 'requests_browser'. Found content (412 words).
2025-11-29 08:31:36,674 - INFO - Duplicate article skipped: Guinea-Bissau military takes ‘total control’ amid election chaos | Guinea-Bissau | The Guardian from The Guardian
2025-11-29 08:31:36,817 - INFO - [BBC] Article: https://www.bbc.com/news/articles/ckg9nd2wddno?at_medium=RSS&at_campaign=rss
2025-11-29 08:31:36,817 - INFO - [BBC] Attempt 1/1: Trying with 'requests_browser' strategy...
2025-11-29 08:31:36,855 - INFO - [BBC] Success with 'requests_browser'. Found content (928 words).
2025-11-29 08:31:36,890 - INFO - Duplicate article skipped: Zelensky's chief of staff Andriy Yermak resigns after anti-corruption raid from BBC
2025-11-29 08:31:37,429 - INFO - [BBC] Article: https://www.bbc.com/news/articles/clyzdxyjx2eo?at_medium=RSS&at_campaign=rss
2025-11-29 08:31:37,429 - INFO - [BBC] Attempt 1/1: Trying with 'requests_browser' strategy...
2025-11-29 08:31:37,469 - INFO - [BBC] Success with 'requests_browser'. Found content (1524 words).
2025-11-29 08:31:37,607 - INFO - [The Guardian] Article: https://www.theguardian.com/world/2025/nov/25/nigerian-schoolgirls-rescued-after-mass-abduction-in-kebbi
2025-11-29 08:31:37,612 - INFO - [The Guardian] Attempt 1/1: Trying with 'requests_browser' strategy...
2025-11-29 08:31:37,661 - INFO - Duplicate article skipped: Are UK Christmas markets as good as German ones? Here's what we found from BBC
2025-11-29 08:31:37,681 - INFO - [The Guardian] Success with 'requests_browser'. Found content (515 words).
2025-11-29 08:31:37,722 - INFO - Duplicate article skipped: Nigerian schoolgirls rescued after mass abduction in Kebbi | Nigeria | The Guardian from The Guardian
2025-11-29 08:31:38,351 - INFO - [BBC] Article: https://www.bbc.com/news/articles/c8dy9lne2plo?at_medium=RSS&at_campaign=rss
2025-11-29 08:31:38,351 - INFO - [BBC] Attempt 1/1: Trying with 'requests_browser' strategy...
2025-11-29 08:31:38,380 - INFO - [BBC] Success with 'requests_browser'. Found content (363 words).
2025-11-29 08:31:38,920 - INFO - [The Guardian] Article: https://www.theguardian.com/world/2025/nov/25/jacob-zuma-daughter-accused-tricking-men-fighting-for-russia-in-ukraine
2025-11-29 08:31:38,920 - INFO - [The Guardian] Attempt 1/1: Trying with 'requests_browser' strategy...
2025-11-29 08:31:38,964 - INFO - [The Guardian] Success with 'requests_browser'. Found content (656 words).
2025-11-29 08:31:48,391 - INFO - DEDUPLICATION: Found match (Score: 0.91). Linking to Cluster ID: f02e647e-7026-4d9a-b1cc-3ab51f1731b4
2025-11-29 08:31:48,393 - INFO - Saved article: Three days of mourning begins after Hong Kong apartment fire from BBC
2025-11-29 08:31:48,393 - INFO - Duplicate article skipped: Jacob Zuma’s daughter accused of tricking men into fighting for Russia in Ukraine | South Africa | The Guardian from The Guardian
2025-11-29 08:31:48,918 - INFO - [BBC] Article: https://www.bbc.com/news/articles/c1kpm0rvxepo?at_medium=RSS&at_campaign=rss
2025-11-29 08:31:48,918 - INFO - [BBC] Attempt 1/1: Trying with 'requests_browser' strategy...
2025-11-29 08:31:48,946 - INFO - [BBC] Success with 'requests_browser'. Found content (496 words).
2025-11-29 08:31:48,981 - INFO - Duplicate article skipped: Trump says he will pardon ex-Honduras president convicted of drug trafficking from BBC
2025-11-29 08:31:49,512 - INFO - [BBC] Article: https://www.bbc.com/news/articles/cz0nlxlr87go?at_medium=RSS&at_campaign=rss
2025-11-29 08:31:49,512 - INFO - [BBC] Attempt 1/1: Trying with 'requests_browser' strategy...
2025-11-29 08:31:49,542 - INFO - [BBC] Success with 'requests_browser'. Found content (591 words).
2025-11-29 08:31:49,578 - INFO - Duplicate article skipped: Guinea-Bissau coup was a sham, West African political figures say from BBC
2025-11-29 08:31:49,810 - INFO - [The Guardian] Article: https://www.theguardian.com/world/2025/nov/29/uk-mps-extra-aid-humanitarian-visas-jamaica-hurricane-melissa-dawn-butler
2025-11-29 08:31:49,810 - INFO - [The Guardian] Attempt 1/1: Trying with 'requests_browser' strategy...
2025-11-29 08:31:49,840 - INFO - [The Guardian] Success with 'requests_browser'. Found content (873 words).
2025-11-29 08:31:49,882 - INFO - Duplicate article skipped: UK MPs push for extra aid and visas as Jamaica reels from Hurricane Melissa | Jamaica | The Guardian from The Guardian
2025-11-29 08:31:50,375 - INFO - [BBC] Article: https://www.bbc.com/news/articles/c058lny3pdqo?at_medium=RSS&at_campaign=rss
2025-11-29 08:31:50,375 - INFO - [BBC] Attempt 1/1: Trying with 'requests_browser' strategy...
2025-11-29 08:31:50,408 - INFO - [BBC] Success with 'requests_browser'. Found content (863 words).
2025-11-29 08:31:50,445 - INFO - Duplicate article skipped: Hungary's Orban defies EU partners and meets Putin again in Moscow from BBC
2025-11-29 08:31:50,479 - INFO - [The Guardian] Article: https://www.theguardian.com/us-news/2025/nov/28/trump-pardon-honduras-hernandez-drugs
2025-11-29 08:31:50,480 - INFO - [The Guardian] Attempt 1/1: Trying with 'requests_browser' strategy...
2025-11-29 08:31:50,507 - INFO - [The Guardian] Success with 'requests_browser'. Found content (560 words).
2025-11-29 08:31:50,541 - INFO - Duplicate article skipped: Trump to pardon ex-Honduras leader serving drug trafficking sentence in US | Donald Trump | The Guardian from The Guardian
2025-11-29 08:31:51,268 - INFO - [The Guardian] Article: https://www.theguardian.com/us-news/2025/nov/28/college-student-deported-boston-flight-thanksgiving
2025-11-29 08:31:51,268 - INFO - [The Guardian] Attempt 1/1: Trying with 'requests_browser' strategy...
2025-11-29 08:31:51,293 - INFO - [The Guardian] Success with 'requests_browser'. Found content (274 words).
2025-11-29 08:31:51,329 - INFO - Duplicate article skipped: College student deported when flying home for Thanksgiving, despite court order | ICE (US Immigration and Customs Enforcement) | The Guardian from The Guardian
2025-11-29 08:31:51,843 - INFO - [BBC] Article: https://www.bbc.com/news/articles/cp89k31krz4o?at_medium=RSS&at_campaign=rss
2025-11-29 08:31:51,844 - INFO - [BBC] Attempt 1/1: Trying with 'requests_browser' strategy...
2025-11-29 08:31:51,874 - INFO - [BBC] Success with 'requests_browser'. Found content (485 words).
2025-11-29 08:31:51,910 - INFO - Duplicate article skipped: Thirteen killed in deadliest Israeli raid for months in southern Syria from BBC
2025-11-29 08:31:52,434 - INFO - [The Guardian] Article: https://www.theguardian.com/world/2025/nov/28/quebec-prayer-law-canada
2025-11-29 08:31:52,434 - INFO - [The Guardian] Attempt 1/1: Trying with 'requests_browser' strategy...
2025-11-29 08:31:52,458 - INFO - [The Guardian] Success with 'requests_browser'. Found content (539 words).
2025-11-29 08:31:52,492 - INFO - Duplicate article skipped: Quebec to ban public prayer in sweeping new secularism law | Quebec | The Guardian from The Guardian
2025-11-29 08:31:53,212 - INFO - [BBC] Article: https://www.bbc.com/news/articles/c0l9z176lnlo?at_medium=RSS&at_campaign=rss
2025-11-29 08:31:53,212 - INFO - [BBC] Attempt 1/1: Trying with 'requests_browser' strategy...
2025-11-29 08:31:53,243 - INFO - [BBC] Success with 'requests_browser'. Found content (678 words).
2025-11-29 08:31:53,279 - INFO - Duplicate article skipped: Austrian nuns win reprieve in abandoned convent - if they stay off social media from BBC
2025-11-29 08:31:53,331 - INFO - [The Guardian] Article: https://www.theguardian.com/world/2025/nov/28/haida-nation-mark-carney-pipe-dream-oil-energy
2025-11-29 08:31:53,331 - INFO - [The Guardian] Attempt 1/1: Trying with 'requests_browser' strategy...
2025-11-29 08:31:53,361 - INFO - [The Guardian] Success with 'requests_browser'. Found content (1103 words).
2025-11-29 08:31:53,395 - INFO - Duplicate article skipped: ‘Not going to happen’: First Nations threaten to end Carney’s pipe dream | Canada | The Guardian from The Guardian
2025-11-29 08:31:53,982 - INFO - Selenium driver initialized successfully.
2025-11-29 08:31:53,982 - INFO - Starting scrape for The Hindu RSS feed: https://www.thehindu.com/news/national/feeder/default.rss
2025-11-29 08:31:53,983 - INFO - Selenium driver initialized successfully.
2025-11-29 08:31:53,983 - INFO - Starting scrape for Times of India RSS feed: https://timesofindia.indiatimes.com/rssfeeds/296589292.cms
2025-11-29 08:31:54,088 - INFO - Found 20 articles in Times of India RSS feed. Processing up to 20.
2025-11-29 08:31:54,088 - INFO - [Times of India] Article: https://timesofindia.indiatimes.com/world/us/skinny-pale-with-sunken-eyes-palestinian-american-teen-freed-after-9-months-in-israeli-detention-video/articleshow/125653244.cms
2025-11-29 08:31:54,088 - INFO - [Times of India] Attempt 1/1: Trying with 'selenium_browser' strategy...
2025-11-29 08:31:54,156 - INFO - [BBC] Article: https://www.bbc.com/news/articles/c0q5w8l88dvo?at_medium=RSS&at_campaign=rss
2025-11-29 08:31:54,156 - INFO - [BBC] Attempt 1/1: Trying with 'requests_browser' strategy...
2025-11-29 08:31:54,164 - INFO - Found 100 articles in The Hindu RSS feed. Processing up to 20.
2025-11-29 08:31:54,164 - INFO - [The Hindu] Article: https://www.thehindu.com/news/national/goa/goa-zilla-panchayat-elections-on-december-20-868-lakh-voters-to-decide-50-seats-as-mcc-comes-into-force/article70337933.ece
2025-11-29 08:31:54,164 - INFO - [The Hindu] Attempt 1/1: Trying with 'selenium_browser' strategy...
2025-11-29 08:31:54,196 - INFO - [BBC] Success with 'requests_browser'. Found content (714 words).
2025-11-29 08:31:54,232 - INFO - Duplicate article skipped: Afghans in US issue plea to Trump after 'tragic' Washington DC shooting from BBC
2025-11-29 08:31:54,466 - INFO - [The Guardian] Article: https://www.theguardian.com/world/2025/nov/29/indonesia-and-thailand-flooding-death-toll-tops-350-as-rescuers-struggle-to-reach-worst-hit-areas
2025-11-29 08:31:54,466 - INFO - [The Guardian] Attempt 1/1: Trying with 'requests_browser' strategy...
2025-11-29 08:31:54,492 - INFO - [The Guardian] Success with 'requests_browser'. Found content (507 words).
2025-11-29 08:31:55,366 - INFO - [BBC] Article: https://www.bbc.com/news/articles/ckglrdg6kz7o?at_medium=RSS&at_campaign=rss
2025-11-29 08:31:55,366 - INFO - [BBC] Attempt 1/1: Trying with 'requests_browser' strategy...
2025-11-29 08:31:55,411 - INFO - [BBC] Success with 'requests_browser'. Found content (639 words).
2025-11-29 08:32:00,006 - INFO - [The Hindu] Page content loaded.
2025-11-29 08:32:00,144 - INFO - [The Hindu] Success with 'selenium_browser'. Found content (429 words).
2025-11-29 08:32:05,618 - INFO - [Times of India] Page content loaded.
2025-11-29 08:32:06,251 - INFO - [Times of India] Success with 'selenium_browser'. Found content (422 words).
2025-11-29 08:32:13,126 - INFO - DEDUPLICATION: Found match (Score: 0.83). Linking to Cluster ID: b834e4c6-f2ee-428c-ab04-311af727490a
2025-11-29 08:32:13,129 - INFO - Saved article: Indonesia and Thailand flooding death toll tops 350 as rescuers struggle to reach worst-hit areas | Indonesia | The Guardian from The Guardian
2025-11-29 08:32:13,129 - INFO - Duplicate article skipped: UN panel says Israel operating 'de facto policy of torture' from BBC
2025-11-29 08:32:14,008 - INFO - [BBC] Article: https://www.bbc.com/news/articles/cx2dndy228xo?at_medium=RSS&at_campaign=rss
2025-11-29 08:32:14,008 - INFO - [BBC] Attempt 1/1: Trying with 'requests_browser' strategy...
2025-11-29 08:32:14,069 - INFO - [BBC] Success with 'requests_browser'. Found content (1379 words).
2025-11-29 08:32:14,316 - INFO - [The Guardian] Article: https://www.theguardian.com/news/2025/nov/29/hong-kong-begins-three-days-of-mourning-after-deadly-apartment-fires
2025-11-29 08:32:14,316 - INFO - [The Guardian] Attempt 1/1: Trying with 'requests_browser' strategy...
2025-11-29 08:32:14,354 - INFO - [The Guardian] Success with 'requests_browser'. Found content (679 words).
2025-11-29 08:32:23,862 - INFO - Saved article: Goa Zilla Panchayat elections on December 20: 8.68 lakh voters to decide 50 seats as MCC comes into force - The Hindu from The Hindu
2025-11-29 08:32:24,690 - INFO - [The Hindu] Article: https://www.thehindu.com/news/national/andhra-pradesh/four-dead-in-separate-road-accidents-in-ntr-krishna-districts-in-andhra-pradesh/article70337743.ece
2025-11-29 08:32:24,690 - INFO - [The Hindu] Attempt 1/1: Trying with 'selenium_browser' strategy...
2025-11-29 08:32:28,136 - INFO - [The Hindu] Page content loaded.
2025-11-29 08:32:28,617 - INFO - [The Hindu] Success with 'selenium_browser'. Found content (162 words).
2025-11-29 08:32:37,557 - INFO - Saved article: 'Skinny, pale, with sunken eyes': Palestinian-American teen freed after 9 months in Israeli detention — video - The Times of India from Times of India
2025-11-29 08:32:37,557 - INFO - Duplicate article skipped: Duduzile Zuma-Sambudla resigns as South African MP over Russia mercenary recruitment scandal from BBC
2025-11-29 08:32:37,558 - INFO - Duplicate article skipped: Hong Kong begins three days of mourning after deadly apartment fires | Hong Kong apartment fires | The Guardian from The Guardian
2025-11-29 08:32:38,446 - INFO - [Times of India] Article: https://timesofindia.indiatimes.com/world/middle-east/how-to-enter-the-uaes-most-exclusive-golden-visa-circle-through-superyacht-ownership/articleshow/125652070.cms
2025-11-29 08:32:38,446 - INFO - [Times of India] Attempt 1/1: Trying with 'selenium_browser' strategy...
2025-11-29 08:32:38,450 - INFO - [BBC] Article: https://www.bbc.com/news/articles/c0q5w13e58zo?at_medium=RSS&at_campaign=rss
2025-11-29 08:32:38,450 - INFO - [BBC] Attempt 1/1: Trying with 'requests_browser' strategy...
2025-11-29 08:32:38,606 - INFO - [BBC] Success with 'requests_browser'. Found content (422 words).
2025-11-29 08:32:38,964 - INFO - [The Guardian] Article: https://www.theguardian.com/news/2025/nov/28/hong-kong-apartment-fire-response-rescue-operations-death-toll
2025-11-29 08:32:38,964 - INFO - [The Guardian] Attempt 1/1: Trying with 'requests_browser' strategy...
2025-11-29 08:32:39,035 - INFO - [The Guardian] Success with 'requests_browser'. Found content (1000 words).
2025-11-29 08:32:40,124 - INFO - [Times of India] Page content loaded.
2025-11-29 08:32:40,351 - INFO - [Times of India] Success with 'selenium_browser'. Found content (1627 words).
2025-11-29 08:32:51,932 - INFO - DEDUPLICATION: Found match (Score: 0.71). Linking to Cluster ID: e2e0215c-6dab-41db-bca0-d63d423fec9f
2025-11-29 08:32:51,934 - INFO - Saved article: Four dead in separate road accidents in NTR, Krishna districts in Andhra Pradesh - The Hindu from The Hindu
2025-11-29 08:32:51,934 - INFO - Duplicate article skipped: Lightning detected on Mars by Nasa rover, scientists believe from BBC
2025-11-29 08:32:51,936 - INFO - Duplicate article skipped: Rescue efforts end at Hong Kong tower block fire as death toll reaches 128 | Hong Kong apartment fires | The Guardian from The Guardian
2025-11-29 08:32:53,029 - INFO - [The Guardian] Article: https://www.theguardian.com/news/2025/nov/28/hong-kong-community-groups-deliver-aid-to-survivors-of-wang-fuk-court-fire
2025-11-29 08:32:53,030 - INFO - [The Guardian] Attempt 1/1: Trying with 'requests_browser' strategy...
2025-11-29 08:32:53,066 - INFO - [The Guardian] Success with 'requests_browser'. Found content (687 words).
2025-11-29 08:32:53,124 - INFO - [BBC] Article: https://www.bbc.com/news/articles/c0r9qzrxdwwo?at_medium=RSS&at_campaign=rss
2025-11-29 08:32:53,125 - INFO - [BBC] Attempt 1/1: Trying with 'requests_browser' strategy...
2025-11-29 08:32:53,289 - INFO - [The Hindu] Article: https://www.thehindu.com/news/national/punjab/punjab-bus-strike-protestors-condemn-detention-of-union-leaders-demand-immediate-release/article70337869.ece
2025-11-29 08:32:53,290 - INFO - [The Hindu] Attempt 1/1: Trying with 'selenium_browser' strategy...
2025-11-29 08:32:53,500 - INFO - [BBC] Success with 'requests_browser'. Found content (448 words).
2025-11-29 08:32:55,402 - INFO - [The Hindu] Page content loaded.
2025-11-29 08:32:55,912 - INFO - [The Hindu] Success with 'selenium_browser'. Found content (475 words).
2025-11-29 08:33:05,556 - INFO - Saved article: How to enter the UAE’s most exclusive Golden Visa circle through superyacht ownership | World News - The Times of India from Times of India
2025-11-29 08:33:05,556 - INFO - Duplicate article skipped: Hong Kong community groups deliver aid to survivors of Wang Fuk Court fire | Hong Kong apartment fires | The Guardian from The Guardian
2025-11-29 08:33:05,557 - INFO - Duplicate article skipped: Tunisia hands prison terms to dozens of opposition figures from BBC
2025-11-29 08:33:06,098 - INFO - [BBC] Article: https://www.bbc.com/news/articles/cy7v6xl4me8o?at_medium=RSS&at_campaign=rss
2025-11-29 08:33:06,098 - INFO - [BBC] Attempt 1/1: Trying with 'requests_browser' strategy...
2025-11-29 08:33:06,157 - INFO - [BBC] Success with 'requests_browser'. Found content (1447 words).
2025-11-29 08:33:06,466 - INFO - [Times of India] Article: https://timesofindia.indiatimes.com/world/middle-east/abu-dhabi-offers-free-parking-and-darb-tolls-for-uae-national-day/articleshow/125652743.cms
2025-11-29 08:33:06,466 - INFO - [Times of India] Attempt 1/1: Trying with 'selenium_browser' strategy...
2025-11-29 08:33:06,859 - INFO - [The Guardian] Article: https://www.theguardian.com/world/2025/nov/28/bear-attacks-man-public-toilet-japan
2025-11-29 08:33:06,859 - INFO - [The Guardian] Attempt 1/1: Trying with 'requests_browser' strategy...
2025-11-29 08:33:06,895 - INFO - [The Guardian] Success with 'requests_browser'. Found content (373 words).
2025-11-29 08:33:08,820 - INFO - [Times of India] Page content loaded.
2025-11-29 08:33:09,096 - INFO - [Times of India] Success with 'selenium_browser'. Found content (224 words).
2025-11-29 08:33:22,186 - INFO - Saved article: Punjab bus strike: Protestors condemn detention of Union leaders, demand immediate release - The Hindu from The Hindu
2025-11-29 08:33:22,186 - INFO - Duplicate article skipped: Why the rich and powerful couldn't say no to Epstein from BBC
2025-11-29 08:33:22,186 - INFO - Duplicate article skipped: Bear attacks man in public toilet in Japan | Japan | The Guardian from The Guardian
2025-11-29 08:33:22,186 - INFO - Duplicate article skipped: Abu Dhabi offers free parking and Darb tolls for UAE National Day | World News - The Times of India from Times of India
2025-11-29 08:33:22,712 - INFO - [BBC] Article: https://www.bbc.com/news/articles/c1dz36ep673o?at_medium=RSS&at_campaign=rss
2025-11-29 08:33:22,712 - INFO - [BBC] Attempt 1/1: Trying with 'requests_browser' strategy...
2025-11-29 08:33:22,755 - INFO - [BBC] Success with 'requests_browser'. Found content (1327 words).
2025-11-29 08:33:22,952 - INFO - [The Guardian] Article: https://www.theguardian.com/australia-news/2025/nov/29/australian-prime-minister-anthony-albanese-marries-jodie-haydon-wedding-canberra
2025-11-29 08:33:22,958 - INFO - [The Guardian] Attempt 1/1: Trying with 'requests_browser' strategy...
2025-11-29 08:33:22,967 - INFO - Duplicate article skipped: Donald Trump pledges to tackle Sudan atrocities - what difference can he make? from BBC
2025-11-29 08:33:22,982 - INFO - [Times of India] Article: https://timesofindia.indiatimes.com/world/us/who-is-curtis-yarvin-ex-software-engineer-calls-trump-modern-day-lincoln-influences-conservative-circles/articleshow/125651146.cms
2025-11-29 08:33:22,982 - INFO - [Times of India] Attempt 1/1: Trying with 'selenium_browser' strategy...
2025-11-29 08:33:23,006 - INFO - [The Guardian] Success with 'requests_browser'. Found content (794 words).
2025-11-29 08:33:23,011 - INFO - [The Hindu] Article: https://www.thehindu.com/news/national/kerala/kerala-sir-761-lakh-enumeration-forms-in-uncollectables-list/article70337927.ece
2025-11-29 08:33:23,018 - INFO - [The Hindu] Attempt 1/1: Trying with 'selenium_browser' strategy...
2025-11-29 08:33:23,092 - INFO - Duplicate article skipped: Australian prime minister, Anthony Albanese, marries partner Jodie Haydon | Anthony Albanese | The Guardian from The Guardian
2025-11-29 08:33:23,929 - INFO - [BBC] Article: https://www.bbc.com/news/articles/cly3e1261dko?at_medium=RSS&at_campaign=rss
2025-11-29 08:33:23,930 - INFO - [BBC] Attempt 1/1: Trying with 'requests_browser' strategy...
2025-11-29 08:33:23,979 - INFO - [BBC] Success with 'requests_browser'. Found content (1237 words).
2025-11-29 08:33:24,049 - INFO - Duplicate article skipped: How were Afghan evacuees vetted under Biden? from BBC
2025-11-29 08:33:24,068 - INFO - [The Guardian] Article: https://www.theguardian.com/business/2025/nov/29/jetstar-cancel-domestic-flights-australia-global-airbus-a320-recall
2025-11-29 08:33:24,069 - INFO - [The Guardian] Attempt 1/1: Trying with 'requests_browser' strategy...
2025-11-29 08:33:24,114 - INFO - [The Guardian] Success with 'requests_browser'. Found content (880 words).
2025-11-29 08:33:24,218 - INFO - Duplicate article skipped: Jetstar cancels 90 domestic flights across Australia after global Airbus A320 recall | Airbus | The Guardian from The Guardian
2025-11-29 08:33:24,728 - INFO - [BBC] Article: https://www.bbc.com/news/articles/cn8e5j20g27o?at_medium=RSS&at_campaign=rss
2025-11-29 08:33:24,728 - INFO - [BBC] Attempt 1/1: Trying with 'requests_browser' strategy...
2025-11-29 08:33:24,764 - INFO - [The Guardian] Article: https://www.theguardian.com/australia-news/2025/nov/28/virginia-giuffres-sons-deny-unsigned-document-is-their-mothers-will
2025-11-29 08:33:24,764 - INFO - [The Guardian] Attempt 1/1: Trying with 'requests_browser' strategy...
2025-11-29 08:33:24,835 - INFO - [BBC] Success with 'requests_browser'. Found content (805 words).
2025-11-29 08:33:24,990 - INFO - [The Guardian] Success with 'requests_browser'. Found content (777 words).
2025-11-29 08:33:24,991 - INFO - Duplicate article skipped: Hong Kong fire: Anger and unanswered questions from BBC
2025-11-29 08:33:25,091 - INFO - Duplicate article skipped: Virginia Giuffre’s sons deny unsigned document is their mother’s will | Western Australia | The Guardian from The Guardian
2025-11-29 08:33:25,731 - INFO - [Times of India] Page content loaded.
2025-11-29 08:33:25,759 - INFO - [The Guardian] Article: https://www.theguardian.com/australia-news/2025/nov/29/exclusive-gun-club-linked-to-andrew-hastie-awarded-almost-20000-in-government-grants
2025-11-29 08:33:25,759 - INFO - [The Guardian] Attempt 1/1: Trying with 'requests_browser' strategy...
2025-11-29 08:33:25,818 - INFO - [The Guardian] Success with 'requests_browser'. Found content (715 words).
2025-11-29 08:33:25,947 - INFO - Duplicate article skipped: Exclusive gun club linked to Andrew Hastie awarded almost $20,000 in government grants | Andrew Hastie | The Guardian from The Guardian
2025-11-29 08:33:26,030 - INFO - [Times of India] Success with 'selenium_browser'. Found content (388 words).
2025-11-29 08:33:26,096 - INFO - Duplicate article skipped: Who is Curtis Yarvin? Ex-software engineer calls Trump 'modern-day Lincoln'; influences conservative circles - The Times of India from Times of India
2025-11-29 08:33:26,223 - INFO - [BBC] Article: https://www.bbc.com/news/articles/c4g4jlgdyjdo?at_medium=RSS&at_campaign=rss
2025-11-29 08:33:26,223 - INFO - [BBC] Attempt 1/1: Trying with 'requests_browser' strategy...
2025-11-29 08:33:26,507 - INFO - [BBC] Success with 'requests_browser'. Found content (2091 words).
2025-11-29 08:33:26,541 - INFO - [The Hindu] Page content loaded.
2025-11-29 08:33:26,620 - INFO - Duplicate article skipped: Nigeria's security crises: A guide to the different groups causing chaos from BBC
2025-11-29 08:33:26,690 - INFO - [The Hindu] Success with 'selenium_browser'. Found content (368 words).
2025-11-29 08:33:26,817 - INFO - Duplicate article skipped: Kerala SIR: 7.61 lakh enumeration forms in ‘uncollectables’ list - The Hindu from The Hindu
2025-11-29 08:33:26,916 - INFO - [Times of India] Article: https://timesofindia.indiatimes.com/world/middle-east/filipinos-can-travel-to-oman-visa-free-starting-2026/articleshow/125651864.cms
2025-11-29 08:33:26,916 - INFO - [Times of India] Attempt 1/1: Trying with 'selenium_browser' strategy...
2025-11-29 08:33:27,316 - INFO - [The Guardian] Article: https://www.theguardian.com/australia-news/2025/nov/29/mineral-sunscreens-australia-identical-to-others
2025-11-29 08:33:27,316 - INFO - [The Guardian] Attempt 1/1: Trying with 'requests_browser' strategy...
2025-11-29 08:33:27,393 - INFO - [The Guardian] Success with 'requests_browser'. Found content (932 words).
2025-11-29 08:33:27,495 - INFO - Duplicate article skipped: ‘Mineral’ sunscreens marketed to Australians contain almost identical chemicals as others, testing shows | Consumer affairs | The Guardian from The Guardian
2025-11-29 08:33:28,086 - INFO - [The Hindu] Article: https://www.thehindu.com/news/national/odisha/odishas-supplementary-budget-lacks-any-vision-claims-leader-of-opposition-naveen-patnaik/article70337797.ece
2025-11-29 08:33:28,086 - INFO - [The Hindu] Attempt 1/1: Trying with 'selenium_browser' strategy...
2025-11-29 08:33:28,114 - INFO - [Times of India] Page content loaded.
2025-11-29 08:33:28,413 - INFO - [Times of India] Success with 'selenium_browser'. Found content (418 words).
2025-11-29 08:33:28,529 - INFO - Duplicate article skipped: Filipinos can travel to Oman visa free starting 2026 | World News - The Times of India from Times of India
2025-11-29 08:33:29,163 - INFO - [The Hindu] Page content loaded.
2025-11-29 08:33:29,226 - INFO - [Times of India] Article: https://timesofindia.indiatimes.com/world/middle-east/how-to-qualify-for-a-uae-golden-visa-without-property-or-investment-via-the-volunteering-route/articleshow/125651412.cms
2025-11-29 08:33:29,226 - INFO - [Times of India] Attempt 1/1: Trying with 'selenium_browser' strategy...
2025-11-29 08:33:29,266 - INFO - [The Hindu] Success with 'selenium_browser'. Found content (228 words).
2025-11-29 08:33:29,380 - INFO - Duplicate article skipped: Odisha's Supplementary Budget lacks any vision, claims Leader of Opposition Naveen Patnaik - The Hindu from The Hindu
2025-11-29 08:33:30,516 - INFO - [The Hindu] Article: https://www.thehindu.com/news/cities/Hyderabad/changes-in-flight-schedule-anticipated-at-hyderabad-airport-after-airbus-issues-global-advisory-for-a320-fleet/article70337886.ece
2025-11-29 08:33:30,516 - INFO - [The Hindu] Attempt 1/1: Trying with 'selenium_browser' strategy...
2025-11-29 08:33:31,465 - INFO - [Times of India] Page content loaded.
2025-11-29 08:33:31,648 - INFO - [Times of India] Success with 'selenium_browser'. Found content (1311 words).
2025-11-29 08:33:31,756 - INFO - Duplicate article skipped: How to qualify for a UAE Golden Visa without property or investment via the volunteering route | World News - The Times of India from Times of India
2025-11-29 08:33:31,773 - INFO - [The Hindu] Page content loaded.
2025-11-29 08:33:32,193 - INFO - [The Hindu] Success with 'selenium_browser'. Found content (162 words).
2025-11-29 08:33:32,298 - INFO - Duplicate article skipped: Changes in flight schedule anticipated at Hyderabad airport after Airbus issues global advisory for A320 Fleet - The Hindu from The Hindu
2025-11-29 08:33:32,858 - INFO - [Times of India] Article: https://timesofindia.indiatimes.com/world/rest-of-world/hong-kong-fire-tragedy-were-authorities-alerted-long-before-key-details/articleshow/125650733.cms
2025-11-29 08:33:32,858 - INFO - [Times of India] Attempt 1/1: Trying with 'selenium_browser' strategy...
2025-11-29 08:33:33,209 - INFO - [The Hindu] Article: https://www.thehindu.com/news/national/assam/congress-cpim-mlas-walk-out-of-assam-assembly-as-speaker-disallows-discussion-on-tezpur-university/article70337880.ece
2025-11-29 08:33:33,209 - INFO - [The Hindu] Attempt 1/1: Trying with 'selenium_browser' strategy...
2025-11-29 08:33:34,777 - INFO - [Times of India] Page content loaded.
2025-11-29 08:33:34,965 - INFO - [Times of India] Success with 'selenium_browser'. Found content (488 words).
2025-11-29 08:33:35,469 - INFO - Duplicate article skipped: Hong Kong fire tragedy: Were authorities alerted long before? Key details - The Times of India from Times of India
2025-11-29 08:33:36,029 - INFO - [Times of India] Article: https://timesofindia.indiatimes.com/world/us/words-have-consequences-indiana-senator-to-vote-against-trump-over-slur-cites-daughters-down-syndrome/articleshow/125650276.cms
2025-11-29 08:33:36,029 - INFO - [Times of India] Attempt 1/1: Trying with 'selenium_browser' strategy...
2025-11-29 08:33:36,122 - INFO - [The Hindu] Page content loaded.
2025-11-29 08:33:36,264 - INFO - [The Hindu] Success with 'selenium_browser'. Found content (172 words).
2025-11-29 08:33:36,422 - INFO - Duplicate article skipped: Congress, CPI(M) MLAs walk out of Assam Assembly as Speaker disallows discussion on Tezpur University - The Hindu from The Hindu
2025-11-29 08:33:37,072 - INFO - [The Hindu] Article: https://www.thehindu.com/news/national/karnataka/karnataka-state-cricket-association-elections-high-court-declares-kn-shanth-kumars-nomination-papers-valid-for-presidents-post/article70337807.ece
2025-11-29 08:33:37,072 - INFO - [The Hindu] Attempt 1/1: Trying with 'selenium_browser' strategy...
2025-11-29 08:33:38,972 - INFO - [Times of India] Page content loaded.
2025-11-29 08:33:39,410 - INFO - [Times of India] Success with 'selenium_browser'. Found content (316 words).
2025-11-29 08:33:39,594 - INFO - Duplicate article skipped: ‘Words have consequences’: Indiana senator to vote against Trump over slur; cites daughter’s Down Syndrome - The Times of India from Times of India
2025-11-29 08:33:39,992 - INFO - [The Hindu] Page content loaded.
2025-11-29 08:33:40,109 - INFO - [The Hindu] Success with 'selenium_browser'. Found content (503 words).
2025-11-29 08:33:40,193 - INFO - Duplicate article skipped: Karnataka State Cricket Association elections: High Court declares K.N. Shanth Kumar’s nomination papers valid for president’s post - The Hindu from The Hindu
2025-11-29 08:33:40,323 - INFO - [Times of India] Article: https://timesofindia.indiatimes.com/world/rest-of-world/hong-kong-tragedy-officials-declare-3-day-mourning-period-as-toll-hits-128-8-more-arrested-in-fire-case/articleshow/125650001.cms
2025-11-29 08:33:40,324 - INFO - [Times of India] Attempt 1/1: Trying with 'selenium_browser' strategy...
2025-11-29 08:33:41,183 - INFO - [The Hindu] Article: https://www.thehindu.com/news/national/telangana/last-day-to-file-nominations-for-first-phase-of-telangana-gram-panchayat-elections-2025/article70337835.ece
2025-11-29 08:33:41,183 - INFO - [The Hindu] Attempt 1/1: Trying with 'selenium_browser' strategy...
2025-11-29 08:33:41,874 - INFO - [Times of India] Page content loaded.
2025-11-29 08:33:42,036 - INFO - [Times of India] Success with 'selenium_browser'. Found content (470 words).
2025-11-29 08:33:42,099 - INFO - [The Hindu] Page content loaded.
2025-11-29 08:33:42,188 - INFO - Duplicate article skipped: Hong Kong tragedy: Officials declare 3-day mourning period as toll hits 128; 8 more arrested in fire case - The Times of India from Times of India
2025-11-29 08:33:42,289 - INFO - [The Hindu] Success with 'selenium_browser'. Found content (133 words).
2025-11-29 08:33:42,371 - INFO - Duplicate article skipped: Last day to file nominations for first phase of Telangana Gram Panchayat Elections-2025 - The Hindu from The Hindu
2025-11-29 08:33:43,058 - INFO - [Times of India] Article: https://timesofindia.indiatimes.com/world/south-asia/bnp-chairperson-khaleda-zia-hospitalised-condition-extremely-critical/articleshow/125650030.cms
2025-11-29 08:33:43,058 - INFO - [Times of India] Attempt 1/1: Trying with 'selenium_browser' strategy...
2025-11-29 08:33:43,678 - INFO - [The Hindu] Article: https://www.thehindu.com/news/national/national-herald-case-delhi-court-defers-order-on-taking-note-of-eds-chargesheet-to-december-16/article70337808.ece
2025-11-29 08:33:43,678 - INFO - [The Hindu] Attempt 1/1: Trying with 'selenium_browser' strategy...
2025-11-29 08:33:45,633 - INFO - [Times of India] Page content loaded.
2025-11-29 08:33:45,788 - INFO - [Times of India] Success with 'selenium_browser'. Found content (351 words).
2025-11-29 08:33:45,903 - INFO - Duplicate article skipped: BNP chairperson Khaleda Zia hospitalised; condition 'extremely critical' - The Times of India from Times of India
2025-11-29 08:33:46,128 - INFO - [The Hindu] Page content loaded.
2025-11-29 08:33:46,195 - INFO - [The Hindu] Success with 'selenium_browser'. Found content (157 words).
2025-11-29 08:33:46,295 - INFO - Duplicate article skipped: National Herald Case: Delhi court defers order on taking note of ED's chargesheet to December 16 - The Hindu from The Hindu
2025-11-29 08:33:46,954 - INFO - [Times of India] Article: https://timesofindia.indiatimes.com/world/us/double-tap-strike-hegseth-ordered-second-attack-on-caribbean-drug-boat-heres-why/articleshow/125649635.cms
2025-11-29 08:33:46,955 - INFO - [Times of India] Attempt 1/1: Trying with 'selenium_browser' strategy...
2025-11-29 08:33:47,676 - INFO - [The Hindu] Article: https://www.thehindu.com/news/national/west-bengal/eci-writes-to-west-bengal-dgp-directing-police-to-ensure-blo-safety/article70337693.ece
2025-11-29 08:33:47,676 - INFO - [The Hindu] Attempt 1/1: Trying with 'selenium_browser' strategy...
2025-11-29 08:33:48,909 - INFO - [Times of India] Page content loaded.
2025-11-29 08:33:49,112 - INFO - [Times of India] Success with 'selenium_browser'. Found content (324 words).
2025-11-29 08:33:49,280 - INFO - Duplicate article skipped: ‘Double-tap’ strike: Hegseth ordered second attack on Caribbean drug boat; here's why - The Times of India from Times of India
2025-11-29 08:33:50,154 - INFO - [The Hindu] Page content loaded.
2025-11-29 08:33:50,260 - INFO - [The Hindu] Success with 'selenium_browser'. Found content (346 words).
2025-11-29 08:33:50,428 - INFO - Duplicate article skipped: ECI writes to West Bengal DGP directing police to ensure BLO safety - The Hindu from The Hindu
2025-11-29 08:33:50,711 - INFO - [Times of India] Article: https://timesofindia.indiatimes.com/world/europe/pope-joins-patriarchs-from-east-and-west-at-historic-christian-site-in-turkey-to-pray-for-unity/articleshow/125649812.cms
2025-11-29 08:33:50,711 - INFO - [Times of India] Attempt 1/1: Trying with 'selenium_browser' strategy...
2025-11-29 08:33:51,736 - INFO - [The Hindu] Article: https://www.thehindu.com/news/cities/Hyderabad/worker-engaged-for-watering-plants-killed-in-drunk-driving-accident-on-kukatpallymiyapur-road/article70337776.ece
2025-11-29 08:33:51,737 - INFO - [The Hindu] Attempt 1/1: Trying with 'selenium_browser' strategy...
2025-11-29 08:33:52,124 - INFO - [Times of India] Page content loaded.
2025-11-29 08:33:52,257 - INFO - [Times of India] Success with 'selenium_browser'. Found content (988 words).
2025-11-29 08:33:52,332 - INFO - Duplicate article skipped: Pope joins patriarchs from East and West at historic Christian site in Turkey to pray for unity - The Times of India from Times of India
2025-11-29 08:33:52,930 - INFO - [Times of India] Article: https://timesofindia.indiatimes.com/world/rest-of-world/ekman-who-linked-facial-expressions-to-emotions-dies-at-91/articleshow/125649854.cms
2025-11-29 08:33:52,930 - INFO - [Times of India] Attempt 1/1: Trying with 'selenium_browser' strategy...
2025-11-29 08:33:54,048 - INFO - [The Hindu] Page content loaded.
2025-11-29 08:33:54,278 - INFO - [The Hindu] Success with 'selenium_browser'. Found content (183 words).
2025-11-29 08:33:54,424 - INFO - Duplicate article skipped: Worker engaged for watering plants killed in drunk driving accident on Kukatpally–Miyapur road - The Hindu from The Hindu
2025-11-29 08:33:55,159 - INFO - [Times of India] Page content loaded.
2025-11-29 08:33:55,271 - INFO - [Times of India] Success with 'selenium_browser'. Found content (305 words).
2025-11-29 08:33:55,331 - INFO - Duplicate article skipped: Ekman, who linked facial expressions to emotions, dies at 91 - The Times of India from Times of India
2025-11-29 08:33:55,682 - INFO - [The Hindu] Article: https://www.thehindu.com/news/national/cyclone-ditwah-sri-lanka-flood-eighty-ndrf-personnel-relief-material-delivered/article70337748.ece
2025-11-29 08:33:55,682 - INFO - [The Hindu] Attempt 1/1: Trying with 'selenium_browser' strategy...
2025-11-29 08:33:56,733 - INFO - [Times of India] Article: https://timesofindia.indiatimes.com/world/us/trump-pauses-all-asylum-decisions-order-applies-to-all-nationalities-follows-shooting-near-white-house/articleshow/125649450.cms
2025-11-29 08:33:56,733 - INFO - [Times of India] Attempt 1/1: Trying with 'selenium_browser' strategy...
2025-11-29 08:33:59,511 - INFO - [Times of India] Page content loaded.
2025-11-29 08:33:59,688 - INFO - [Times of India] Success with 'selenium_browser'. Found content (309 words).
2025-11-29 08:33:59,939 - INFO - Duplicate article skipped: Trump pauses all asylum decisions: Order applies to all nationalities; follows shooting near White House - The Times of India from Times of India
2025-11-29 08:34:00,699 - INFO - [Times of India] Article: https://timesofindia.indiatimes.com/world/us/treated-very-harshly-trump-pardons-ex-honduras-president-hernandez-ahead-of-elections/articleshow/125649378.cms
2025-11-29 08:34:00,699 - INFO - [Times of India] Attempt 1/1: Trying with 'selenium_browser' strategy...
2025-11-29 08:34:01,744 - INFO - [Times of India] Page content loaded.
2025-11-29 08:34:01,872 - INFO - [Times of India] Success with 'selenium_browser'. Found content (375 words).
2025-11-29 08:34:01,941 - INFO - Duplicate article skipped: 'Treated very harshly': Trump pardons ex-Honduras president Hernandez ahead of elections - The Times of India from Times of India
2025-11-29 08:34:03,162 - INFO - [Times of India] Article: https://timesofindia.indiatimes.com/world/us/dc-shooting-us-treasury-to-cut-federal-benefits-to-illegal-aliens-amid-trumps-rant-on-immigrants-from-third-world-countries/articleshow/125646901.cms
2025-11-29 08:34:03,162 - INFO - [Times of India] Attempt 1/1: Trying with 'selenium_browser' strategy...
2025-11-29 08:34:05,001 - INFO - [Times of India] Page content loaded.
2025-11-29 08:34:05,139 - INFO - [Times of India] Success with 'selenium_browser'. Found content (308 words).
2025-11-29 08:34:05,220 - INFO - Duplicate article skipped: DC shooting: US Treasury to cut federal benefits to 'illegal aliens' amid Trump’s rant on immigrants from third-world countries - The Times of India from Times of India
2025-11-29 08:34:06,447 - INFO - [Times of India] Article: https://timesofindia.indiatimes.com/world/us/didnt-speak-english-much-dc-shooter-suspect-rahmanullah-lakanwal-often-seen-playing-video-games/articleshow/125646871.cms
2025-11-29 08:34:06,447 - INFO - [Times of India] Attempt 1/1: Trying with 'selenium_browser' strategy...
2025-11-29 08:34:07,596 - INFO - [Times of India] Page content loaded.
2025-11-29 08:34:07,732 - INFO - [Times of India] Success with 'selenium_browser'. Found content (332 words).
2025-11-29 08:34:07,806 - INFO - Duplicate article skipped: 'Didn't speak English much': DC shooter suspect Rahmanullah Lakanwal often seen playing video games - The Times of India from Times of India
2025-11-29 08:34:08,556 - INFO - [Times of India] Article: https://timesofindia.indiatimes.com/world/us/donald-trump-claims-any-document-signed-by-joe-biden-using-autopen-is-terminated-warns-former-prez-could-face-charges-of-perjury/articleshow/125646862.cms
2025-11-29 08:34:08,556 - INFO - [Times of India] Attempt 1/1: Trying with 'selenium_browser' strategy...
2025-11-29 08:34:10,085 - INFO - [Times of India] Page content loaded.
2025-11-29 08:34:10,270 - INFO - [Times of India] Success with 'selenium_browser'. Found content (351 words).
2025-11-29 08:34:10,360 - INFO - Duplicate article skipped: Donald Trump claims any document signed by Joe Biden using autopen is 'terminated', warns former prez could face ‘charges of perjury’ - The Times of India from Times of India
2025-11-29 08:34:11,593 - INFO - [Times of India] Article: https://timesofindia.indiatimes.com/world/us/want-america-hating-migrants-in-us-donald-trump-jr-slams-wsj-for-defending-afghan-refugees-in-op-ed-after-dc-shooting/articleshow/125645831.cms
2025-11-29 08:34:11,593 - INFO - [Times of India] Attempt 1/1: Trying with 'selenium_browser' strategy...
2025-11-29 08:34:12,963 - INFO - [Times of India] Page content loaded.
2025-11-29 08:34:13,175 - INFO - [Times of India] Success with 'selenium_browser'. Found content (372 words).
2025-11-29 08:34:13,243 - INFO - Duplicate article skipped: 'Want America-hating migrants in US’: Donald Trump Jr slams WSJ for defending Afghan refugees in op-ed after DC shooting - The Times of India from Times of India
2025-11-29 08:34:14,311 - INFO - [Times of India] Article: https://timesofindia.indiatimes.com/world/us/raja-krishnamoorthi-slammed-for-his-proposal-to-double-h-1b-visas-to-130000-hes-serving-india/articleshow/125646198.cms
2025-11-29 08:34:14,311 - INFO - [Times of India] Attempt 1/1: Trying with 'selenium_browser' strategy...
2025-11-29 08:34:15,765 - INFO - [Times of India] Page content loaded.
2025-11-29 08:34:15,989 - INFO - [Times of India] Success with 'selenium_browser'. Found content (350 words).
2025-11-29 08:34:16,076 - INFO - Duplicate article skipped: Raja Krishnamoorthi slammed for his proposal to double H-1B visas to 130,000: 'He's serving India' - The Times of India from Times of India
2025-11-29 08:34:17,242 - INFO - [Times of India] (Thread) Finished. Attempting to shut down its Selenium driver.
2025-11-29 08:34:17,608 - INFO - [Times of India] (Thread) driver.quit() successful.
2025-11-29 08:34:55,698 - ERROR - [The Hindu] Request failed for strategy 'selenium_browser' on URL https://www.thehindu.com/news/national/cyclone-ditwah-sri-lanka-flood-eighty-ndrf-personnel-relief-material-delivered/article70337748.ece: Message: timeout: Timed out receiving message from renderer: 59.953
  (Session info: chrome=142.0.7444.162)
Stacktrace:
#0 0x564e5bdc832a <unknown>
#1 0x564e5b814e4b <unknown>
#2 0x564e5b7fce0d <unknown>
#3 0x564e5b7fcaf0 <unknown>
#4 0x564e5b7fa8ff <unknown>
#5 0x564e5b7fb27f <unknown>
#6 0x564e5b809ca3 <unknown>
#7 0x564e5b823601 <unknown>
#8 0x564e5b829e0b <unknown>
#9 0x564e5b7fb9bd <unknown>
#10 0x564e5b8233a7 <unknown>
#11 0x564e5b8b4170 <unknown>
#12 0x564e5b859c1a <unknown>
#13 0x564e5b85a921 <unknown>
#14 0x564e5bd8f239 <unknown>
#15 0x564e5bd921e8 <unknown>
#16 0x564e5bd784c9 <unknown>
#17 0x564e5bd92db5 <unknown>
#18 0x564e5bd5fe93 <unknown>
#19 0x564e5bdb5098 <unknown>
#20 0x564e5bdb5273 <unknown>
#21 0x564e5bdc72c3 <unknown>
#22 0x7fb80089caa4 <unknown>
#23 0x7fb800929c6c <unknown>

2025-11-29 08:34:55,698 - ERROR - [The Hindu] All scrape strategies failed for https://www.thehindu.com/news/national/cyclone-ditwah-sri-lanka-flood-eighty-ndrf-personnel-relief-material-delivered/article70337748.ece. Falling back to RSS description.
2025-11-29 08:34:55,698 - INFO - Duplicate article skipped: India sends 80 NDRF personnel, 21 tonnes relief material to cyclone-ravaged Sri Lanka from The Hindu
2025-11-29 08:34:56,514 - INFO - [The Hindu] Article: https://www.thehindu.com/news/national/andhra-pradesh/miraculous-escape-for-26-after-karnataka-bus-overturns-in-kurnool/article70337519.ece
2025-11-29 08:34:56,514 - INFO - [The Hindu] Attempt 1/1: Trying with 'selenium_browser' strategy...
2025-11-29 08:34:57,364 - INFO - [The Hindu] Page content loaded.
2025-11-29 08:34:57,984 - INFO - [The Hindu] Success with 'selenium_browser'. Found content (80 words).
2025-11-29 08:34:58,051 - INFO - Duplicate article skipped: Miraculous escape for 26 after Karnataka bus overturns in Kurnool - The Hindu from The Hindu
2025-11-29 08:34:59,141 - INFO - [The Hindu] Article: https://www.thehindu.com/news/national/tamil-nadu/cyclone-ditwah-brings-torrential-rains-to-south-coastal-districts/article70337632.ece
2025-11-29 08:34:59,141 - INFO - [The Hindu] Attempt 1/1: Trying with 'selenium_browser' strategy...
2025-11-29 08:35:00,640 - INFO - [The Hindu] Page content loaded.
2025-11-29 08:35:00,719 - INFO - [The Hindu] Success with 'selenium_browser'. Found content (486 words).
2025-11-29 08:35:00,813 - INFO - Duplicate article skipped: Cyclone Ditwah brings torrential rains to south coastal districts - The Hindu from The Hindu
2025-11-29 08:35:02,278 - INFO - [The Hindu] Article: https://www.thehindu.com/news/cities/Hyderabad/citizens-collective-demands-answers-on-musi-development-seeks-review-of-project/article70335310.ece
2025-11-29 08:35:02,278 - INFO - [The Hindu] Attempt 1/1: Trying with 'selenium_browser' strategy...
2025-11-29 08:35:03,726 - INFO - [The Hindu] Page content loaded.
2025-11-29 08:35:03,802 - INFO - [The Hindu] Success with 'selenium_browser'. Found content (433 words).
2025-11-29 08:35:03,890 - INFO - Duplicate article skipped: Citizens’ collective demands answers on Musi development, seeks review of project - The Hindu from The Hindu
2025-11-29 08:35:05,225 - INFO - [The Hindu] Article: https://www.thehindu.com/news/national/airbus-a320-recall-live-updates-flight-control-incident-november-29-2025/article70337714.ece
2025-11-29 08:35:05,226 - INFO - [The Hindu] Attempt 1/1: Trying with 'selenium_browser' strategy...
2025-11-29 08:35:06,820 - INFO - [The Hindu] Page content loaded.
2025-11-29 08:35:06,918 - INFO - [The Hindu] Success with 'selenium_browser'. Found content (158 words).
2025-11-29 08:35:07,009 - INFO - Duplicate article skipped: Airbus A320 software fix LIVE: Asian travel disrupted as carriers scramble to patch software - The Hindu from The Hindu
2025-11-29 08:35:08,078 - INFO - [The Hindu] Article: https://www.thehindu.com/news/national/uttar-pradesh/family-loses-three-children-to-fever-within-48-hours-in-uttar-pradesh/article70337646.ece
2025-11-29 08:35:08,078 - INFO - [The Hindu] Attempt 1/1: Trying with 'selenium_browser' strategy...
2025-11-29 08:36:08,093 - ERROR - [The Hindu] Request failed for strategy 'selenium_browser' on URL https://www.thehindu.com/news/national/uttar-pradesh/family-loses-three-children-to-fever-within-48-hours-in-uttar-pradesh/article70337646.ece: Message: timeout: Timed out receiving message from renderer: 59.789
  (Session info: chrome=142.0.7444.162)
Stacktrace:
#0 0x564e5bdc832a <unknown>
#1 0x564e5b814e4b <unknown>
#2 0x564e5b7fce0d <unknown>
#3 0x564e5b7fcaf0 <unknown>
#4 0x564e5b7fa8ff <unknown>
#5 0x564e5b7fb27f <unknown>
#6 0x564e5b809ca3 <unknown>
#7 0x564e5b823601 <unknown>
#8 0x564e5b829e0b <unknown>
#9 0x564e5b7fb9bd <unknown>
#10 0x564e5b8233a7 <unknown>
#11 0x564e5b8b4170 <unknown>
#12 0x564e5b859c1a <unknown>
#13 0x564e5b85a921 <unknown>
#14 0x564e5bd8f239 <unknown>
#15 0x564e5bd921e8 <unknown>
#16 0x564e5bd784c9 <unknown>
#17 0x564e5bd92db5 <unknown>
#18 0x564e5bd5fe93 <unknown>
#19 0x564e5bdb5098 <unknown>
#20 0x564e5bdb5273 <unknown>
#21 0x564e5bdc72c3 <unknown>
#22 0x7fb80089caa4 <unknown>
#23 0x7fb800929c6c <unknown>

2025-11-29 08:36:08,093 - ERROR - [The Hindu] All scrape strategies failed for https://www.thehindu.com/news/national/uttar-pradesh/family-loses-three-children-to-fever-within-48-hours-in-uttar-pradesh/article70337646.ece. Falling back to RSS description.
2025-11-29 08:36:08,094 - INFO - Duplicate article skipped: Family loses three children to fever within 48 hours in Uttar Pradesh from The Hindu
2025-11-29 08:36:09,465 - INFO - [The Hindu] Article: https://www.thehindu.com/news/cities/Hyderabad/smart-lockers-at-seven-hyderabad-metro-stations/article70335695.ece
2025-11-29 08:36:09,465 - INFO - [The Hindu] Attempt 1/1: Trying with 'selenium_browser' strategy...
2025-11-29 08:36:10,781 - INFO - [The Hindu] Page content loaded.
2025-11-29 08:36:10,888 - INFO - [The Hindu] Success with 'selenium_browser'. Found content (99 words).
2025-11-29 08:36:10,976 - INFO - Duplicate article skipped: Smart lockers at seven Hyderabad Metro stations - The Hindu from The Hindu
2025-11-29 08:36:11,810 - INFO - [The Hindu] Article: https://www.thehindu.com/news/national/karnataka/siddaramaiah-dks-breakfast-meet-updates/article70337638.ece
2025-11-29 08:36:11,810 - INFO - [The Hindu] Attempt 1/1: Trying with 'selenium_browser' strategy...
2025-11-29 08:36:13,784 - INFO - [The Hindu] Page content loaded.
2025-11-29 08:36:13,886 - INFO - [The Hindu] Success with 'selenium_browser'. Found content (536 words).
2025-11-29 08:36:14,268 - INFO - Duplicate article skipped: Karnataka leadership crisis: ‘Will abide high command’, Siddaramaiah, D.K. Shivakumar say after breakfast meet - The Hindu from The Hindu
2025-11-29 08:36:14,995 - INFO - [The Hindu] (Thread) Finished. Attempting to shut down its Selenium driver.
2025-11-29 08:36:15,204 - INFO - [The Hindu] (Thread) driver.quit() successful.
2025-11-29 08:36:15,205 - INFO - Shutting down thread pool (wait=False)...
2025-11-29 08:36:15,205 - INFO - Scraped: 2 Times of India, 1 BBC, 1 The Guardian, 3 The Hindu articles. (Total saved: 7)
2025-11-29 08:36:15,205 - INFO - --- Scraping job finished ---
2025-11-29 08:36:15,210 - INFO - --- Scraper service stopped and database connection closed. ---
2025-11-29 08:36:15,210 - INFO - --- Main thread finished. Forcing process exit to kill zombie threads. ---
