2025-12-01 19:26:13,578 - INFO - Loading AI Semantic Model (all-MiniLM-L6-v2)...
2025-12-01 19:26:13,578 - INFO - Use pytorch device_name: cpu
2025-12-01 19:26:13,578 - INFO - Load pretrained SentenceTransformer: all-MiniLM-L6-v2
2025-12-01 19:26:14,156 - INFO - AI Model loaded successfully.
2025-12-01 19:26:14,156 - INFO - Initializing database connection at: news_articles.db
2025-12-01 19:26:14,156 - INFO - --- Scraper service started (CI Mode: Run Once) ---
2025-12-01 19:26:14,156 - INFO - --- Starting new scraping job (Parallel Mode) ---
2025-12-01 19:26:14,156 - INFO - Creating new robust session with 3 retries on 5xx/connection/read errors.
2025-12-01 19:26:14,156 - INFO - Proxy is DISABLED.
2025-12-01 19:26:14,157 - INFO - Starting scrape for BBC RSS feed: http://feeds.bbci.co.uk/news/world/rss.xml
2025-12-01 19:26:14,158 - INFO - [Times of India] (Thread) requires Selenium. Initializing driver...
2025-12-01 19:26:14,158 - INFO - Initializing headless Selenium Chrome driver (using SeleniumManager)...
2025-12-01 19:26:14,158 - INFO - Starting scrape for The Guardian RSS feed: https://www.theguardian.com/world/rss
2025-12-01 19:26:14,160 - INFO - [The Hindu] (Thread) requires Selenium. Initializing driver...
2025-12-01 19:26:14,160 - INFO - Initializing headless Selenium Chrome driver (using SeleniumManager)...
2025-12-01 19:26:14,160 - INFO - Submitted 4 jobs to thread pool. Waiting up to 300s for completion...
2025-12-01 19:26:14,348 - INFO - Found 45 articles in The Guardian RSS feed. Processing up to 20.
2025-12-01 19:26:14,348 - INFO - [The Guardian] Article: https://www.theguardian.com/world/2025/dec/01/south-africans-court-alleged-recruitment-russia-war-ukraine
2025-12-01 19:26:14,348 - INFO - [The Guardian] Attempt 1/1: Trying with 'requests_browser' strategy...
2025-12-01 19:26:14,390 - INFO - [The Guardian] Success with 'requests_browser'. Found content (506 words).
2025-12-01 19:26:14,443 - INFO - Duplicate article skipped: Five South Africans in court over alleged recruitment for Russia’s war in Ukraine | South Africa | The Guardian from The Guardian
2025-12-01 19:26:14,545 - INFO - Found 41 articles in BBC RSS feed. Processing up to 20.
2025-12-01 19:26:14,545 - INFO - [BBC] Article: https://www.bbc.com/news/articles/c1m8nmx75evo?at_medium=RSS&at_campaign=rss
2025-12-01 19:26:14,545 - INFO - [BBC] Attempt 1/1: Trying with 'requests_browser' strategy...
2025-12-01 19:26:14,754 - INFO - [BBC] Success with 'requests_browser'. Found content (573 words).
2025-12-01 19:26:14,789 - INFO - Duplicate article skipped: Four dead in Russian attack as diplomatic efforts to end war continue from BBC
2025-12-01 19:26:15,283 - INFO - [The Guardian] Article: https://www.theguardian.com/global-development/2025/dec/01/global-health-hiv-aids-funding-cuts-infections-prevention
2025-12-01 19:26:15,284 - INFO - [The Guardian] Attempt 1/1: Trying with 'requests_browser' strategy...
2025-12-01 19:26:15,313 - INFO - [The Guardian] Success with 'requests_browser'. Found content (674 words).
2025-12-01 19:26:15,350 - INFO - Duplicate article skipped: Aid cuts have shaken HIV/Aids care to its core – and will mean millions more infections ahead | Global health | The Guardian from The Guardian
2025-12-01 19:26:16,097 - INFO - [BBC] Article: https://www.bbc.com/news/articles/cewjg272dq9o?at_medium=RSS&at_campaign=rss
2025-12-01 19:26:16,097 - INFO - [BBC] Attempt 1/1: Trying with 'requests_browser' strategy...
2025-12-01 19:26:16,127 - INFO - [BBC] Success with 'requests_browser'. Found content (582 words).
2025-12-01 19:26:16,163 - INFO - Duplicate article skipped: Alina Habba: Appeals court disqualifies ex-Trump lawyer as New Jersey prosecutor from BBC
2025-12-01 19:26:16,333 - INFO - [The Guardian] Article: https://www.theguardian.com/world/2025/nov/30/african-leaders-push-for-recognition-of-colonial-crimes-and-reparations
2025-12-01 19:26:16,334 - INFO - [The Guardian] Attempt 1/1: Trying with 'requests_browser' strategy...
2025-12-01 19:26:16,364 - INFO - [The Guardian] Success with 'requests_browser'. Found content (670 words).
2025-12-01 19:26:16,410 - INFO - Duplicate article skipped: African leaders push for recognition of colonial crimes and reparations | Colonialism | The Guardian from The Guardian
2025-12-01 19:26:17,228 - INFO - [BBC] Article: https://www.bbc.com/news/articles/czrk7g50e1po?at_medium=RSS&at_campaign=rss
2025-12-01 19:26:17,228 - INFO - [BBC] Attempt 1/1: Trying with 'requests_browser' strategy...
2025-12-01 19:26:17,263 - INFO - [BBC] Success with 'requests_browser'. Found content (1693 words).
2025-12-01 19:26:17,303 - INFO - Duplicate article skipped: WW1 toxic compound sprayed on Georgian protesters, BBC evidence suggests from BBC
2025-12-01 19:26:17,512 - INFO - [The Guardian] Article: https://www.theguardian.com/world/2025/nov/28/jacob-zuma-daughter-resigns-claims-south-africans-tricked-fight-russia
2025-12-01 19:26:17,512 - INFO - [The Guardian] Attempt 1/1: Trying with 'requests_browser' strategy...
2025-12-01 19:26:17,537 - INFO - [The Guardian] Success with 'requests_browser'. Found content (753 words).
2025-12-01 19:26:17,703 - INFO - Duplicate article skipped: Jacob Zuma’s daughter resigns amid claims South Africans tricked to fight for Russia | South Africa | The Guardian from The Guardian
2025-12-01 19:26:18,452 - INFO - [The Guardian] Article: https://www.theguardian.com/environment/2025/nov/28/africa-forests-transformed-carbon-sink-carbon-source-study
2025-12-01 19:26:18,452 - INFO - [The Guardian] Attempt 1/1: Trying with 'requests_browser' strategy...
2025-12-01 19:26:18,479 - INFO - [The Guardian] Success with 'requests_browser'. Found content (458 words).
2025-12-01 19:26:18,514 - INFO - Duplicate article skipped: Africa’s forests transformed from carbon sink to carbon source, study finds | Climate crisis | The Guardian from The Guardian
2025-12-01 19:26:18,753 - INFO - [BBC] Article: https://www.bbc.com/news/articles/ckg9204y4w5o?at_medium=RSS&at_campaign=rss
2025-12-01 19:26:18,753 - INFO - [BBC] Attempt 1/1: Trying with 'requests_browser' strategy...
2025-12-01 19:26:18,792 - INFO - [BBC] Success with 'requests_browser'. Found content (682 words).
2025-12-01 19:26:18,828 - INFO - Duplicate article skipped: Anicet Ekane: Cameroon opposition firebrand dies in detention aged 74 from BBC
2025-12-01 19:26:19,457 - INFO - [The Guardian] Article: https://www.theguardian.com/us-news/live/2025/dec/01/donald-trump-pete-hegseth-caribbean-boats-venezuela-immigration-us-politics-latest-news-updates
2025-12-01 19:26:19,457 - INFO - [The Guardian] Attempt 1/1: Trying with 'requests_browser' strategy...
2025-12-01 19:26:19,671 - INFO - [The Guardian] Success with 'requests_browser'. Found content (2796 words).
2025-12-01 19:26:19,767 - INFO - Duplicate article skipped: White House says second strike on vessel was legal and conducted in ‘self defense’ amid scrutiny – live | Trump administration | The Guardian from The Guardian
2025-12-01 19:26:19,982 - INFO - [BBC] Article: https://www.bbc.com/news/articles/cx2dgp8mvmno?at_medium=RSS&at_campaign=rss
2025-12-01 19:26:19,982 - INFO - [BBC] Attempt 1/1: Trying with 'requests_browser' strategy...
2025-12-01 19:26:20,021 - INFO - [BBC] Success with 'requests_browser'. Found content (775 words).
2025-12-01 19:26:20,064 - INFO - Duplicate article skipped: Honduras election on a knife edge as Trump-backed man slightly ahead from BBC
2025-12-01 19:26:20,884 - INFO - [BBC] Article: https://www.bbc.com/news/articles/c4g4enlp6kzo?at_medium=RSS&at_campaign=rss
2025-12-01 19:26:20,884 - INFO - [BBC] Attempt 1/1: Trying with 'requests_browser' strategy...
2025-12-01 19:26:20,916 - INFO - [BBC] Success with 'requests_browser'. Found content (870 words).
2025-12-01 19:26:20,954 - INFO - Duplicate article skipped: Indonesia floods death toll passes 500 from BBC
2025-12-01 19:26:21,020 - INFO - [The Guardian] Article: https://www.theguardian.com/world/2025/dec/01/mexico-kill-drug-trafficker-el-pichon-pedro-inzunza-coronel
2025-12-01 19:26:21,020 - INFO - [The Guardian] Attempt 1/1: Trying with 'requests_browser' strategy...
2025-12-01 19:26:21,046 - INFO - [The Guardian] Success with 'requests_browser'. Found content (385 words).
2025-12-01 19:26:21,080 - INFO - Duplicate article skipped: Mexican authorities kill one of country’s top fentanyl traffickers | Mexico | The Guardian from The Guardian
2025-12-01 19:26:22,214 - INFO - [BBC] Article: https://www.bbc.com/news/articles/c79x8285n29o?at_medium=RSS&at_campaign=rss
2025-12-01 19:26:22,214 - INFO - [BBC] Attempt 1/1: Trying with 'requests_browser' strategy...
2025-12-01 19:26:22,249 - INFO - [BBC] Success with 'requests_browser'. Found content (439 words).
2025-12-01 19:26:22,287 - INFO - Duplicate article skipped: Nigeria's kidnap crisis: Pastor abducted in Kogi state and a bride in Sokoto from BBC
2025-12-01 19:26:22,358 - INFO - [The Guardian] Article: https://www.theguardian.com/us-news/2025/dec/01/trump-pardon-juan-orlando-hernandez-honduras-former-president
2025-12-01 19:26:22,358 - INFO - [The Guardian] Attempt 1/1: Trying with 'requests_browser' strategy...
2025-12-01 19:26:22,392 - INFO - [The Guardian] Success with 'requests_browser'. Found content (938 words).
2025-12-01 19:26:22,435 - INFO - Duplicate article skipped: Trump’s pardon of Honduras’s ex-president shows counter-drug effort is ‘based on lies and hypocrisy’ | US foreign policy | The Guardian from The Guardian
2025-12-01 19:26:22,435 - INFO - Selenium driver initialized successfully.
2025-12-01 19:26:22,436 - INFO - Starting scrape for The Hindu RSS feed: https://www.thehindu.com/news/national/feeder/default.rss
2025-12-01 19:26:22,437 - INFO - Selenium driver initialized successfully.
2025-12-01 19:26:22,437 - INFO - Starting scrape for Times of India RSS feed: https://timesofindia.indiatimes.com/rssfeeds/296589292.cms
2025-12-01 19:26:22,631 - INFO - Found 100 articles in The Hindu RSS feed. Processing up to 20.
2025-12-01 19:26:22,631 - INFO - [The Hindu] Article: https://www.thehindu.com/news/national/west-bengal/abhishek-refutes-allegations-of-contesting-2026-assembly-polls-from-nandigram/article70346540.ece
2025-12-01 19:26:22,631 - INFO - [The Hindu] Attempt 1/1: Trying with 'selenium_browser' strategy...
2025-12-01 19:26:22,653 - INFO - Found 20 articles in Times of India RSS feed. Processing up to 20.
2025-12-01 19:26:22,653 - INFO - [Times of India] Article: https://timesofindia.indiatimes.com/etimes/trending/nuclear-war-expert-explains-why-australia-and-new-zealand-may-be-the-last-places-left-standing-after-ww3/articleshow/125697217.cms
2025-12-01 19:26:22,653 - INFO - [Times of India] Attempt 1/1: Trying with 'selenium_browser' strategy...
2025-12-01 19:26:23,370 - INFO - [BBC] Article: https://www.bbc.com/news/articles/cz0n1rm95yxo?at_medium=RSS&at_campaign=rss
2025-12-01 19:26:23,370 - INFO - [BBC] Attempt 1/1: Trying with 'requests_browser' strategy...
2025-12-01 19:26:23,411 - INFO - [BBC] Success with 'requests_browser'. Found content (254 words).
2025-12-01 19:26:23,500 - INFO - [The Guardian] Article: https://www.theguardian.com/world/2025/dec/01/haiti-armed-gangs-attack-artibonite
2025-12-01 19:26:23,500 - INFO - [The Guardian] Attempt 1/1: Trying with 'requests_browser' strategy...
2025-12-01 19:26:23,559 - INFO - [The Guardian] Success with 'requests_browser'. Found content (629 words).
2025-12-01 19:26:27,840 - INFO - [The Hindu] Page content loaded.
2025-12-01 19:26:28,022 - INFO - [The Hindu] Success with 'selenium_browser'. Found content (436 words).
2025-12-01 19:26:50,089 - INFO - Saved article: Peru landslide: 12 killed after two boats hit in Amazon rainforest from BBC
2025-12-01 19:26:50,089 - INFO - Duplicate article skipped: Hundreds flee central Haiti after gangs launch large-scale attacks and burn homes | Haiti | The Guardian from The Guardian
2025-12-01 19:26:50,817 - INFO - [BBC] Article: https://www.bbc.com/news/articles/c7vmn61l75ro?at_medium=RSS&at_campaign=rss
2025-12-01 19:26:50,817 - INFO - [BBC] Attempt 1/1: Trying with 'requests_browser' strategy...
2025-12-01 19:26:50,859 - INFO - [BBC] Success with 'requests_browser'. Found content (376 words).
2025-12-01 19:26:51,110 - INFO - [The Guardian] Article: https://www.theguardian.com/world/2025/dec/01/trump-maduro-ultimatum-relinquish-power-venezuela
2025-12-01 19:26:51,110 - INFO - [The Guardian] Attempt 1/1: Trying with 'requests_browser' strategy...
2025-12-01 19:26:51,160 - INFO - [The Guardian] Success with 'requests_browser'. Found content (498 words).
2025-12-01 19:27:01,320 - INFO - Saved article: Abhishek refutes allegations of contesting 2026 Assembly polls from Nandigram - The Hindu from The Hindu
2025-12-01 19:27:01,320 - INFO - Duplicate article skipped: Trump releases fraudster executive days into prison sentence from BBC
2025-12-01 19:27:01,320 - INFO - Duplicate article skipped: Trump reportedly gave Maduro ultimatum to relinquish power in Venezuela | Nicolás Maduro | The Guardian from The Guardian
2025-12-01 19:27:01,908 - INFO - [The Guardian] Article: https://www.theguardian.com/world/2025/dec/01/asia-flood-sri-lanka-indonesia-deploy-military
2025-12-01 19:27:01,908 - INFO - [The Guardian] Attempt 1/1: Trying with 'requests_browser' strategy...
2025-12-01 19:27:01,991 - INFO - [The Guardian] Success with 'requests_browser'. Found content (759 words).
2025-12-01 19:27:02,061 - INFO - [BBC] Article: https://www.bbc.com/news/articles/cj38xm5nmd7o?at_medium=RSS&at_campaign=rss
2025-12-01 19:27:02,061 - INFO - [BBC] Attempt 1/1: Trying with 'requests_browser' strategy...
2025-12-01 19:27:02,152 - INFO - Duplicate article skipped: Sri Lanka and Indonesia deploy militaries as Asia floods death toll passes 1,100 | Asia Pacific | The Guardian from The Guardian
2025-12-01 19:27:02,187 - INFO - [BBC] Success with 'requests_browser'. Found content (1138 words).
2025-12-01 19:27:02,585 - INFO - [The Hindu] Article: https://www.thehindu.com/sci-tech/health/new-hiv-cases-highest-in-mizoram-fresh-infections-drop-nationally-by-48-from-2010-2024-report/article70345985.ece
2025-12-01 19:27:02,585 - INFO - [The Hindu] Attempt 1/1: Trying with 'selenium_browser' strategy...
2025-12-01 19:27:02,593 - INFO - Duplicate article skipped: Tulip Siddiq MP says Bangladesh jail sentence is 'deeply unfair' from BBC
2025-12-01 19:27:02,864 - INFO - [The Guardian] Article: https://www.theguardian.com/world/live/2025/dec/01/death-toll-floods-indonesia-sri-lanka-malaysia-thailand-latest-updates-news-live
2025-12-01 19:27:02,864 - INFO - [The Guardian] Attempt 1/1: Trying with 'requests_browser' strategy...
2025-12-01 19:27:02,948 - INFO - [The Guardian] Success with 'requests_browser'. Found content (1015 words).
2025-12-01 19:27:03,038 - INFO - Duplicate article skipped: Death toll passes 1,100 in devastating floods across Indonesia, Sri Lanka, Malaysia and Thailand – as it happened | South and central Asia | The Guardian from The Guardian
2025-12-01 19:27:03,862 - INFO - [BBC] Article: https://www.bbc.com/news/articles/cp8zyp988zvo?at_medium=RSS&at_campaign=rss
2025-12-01 19:27:03,862 - INFO - [BBC] Attempt 1/1: Trying with 'requests_browser' strategy...
2025-12-01 19:27:03,965 - INFO - [BBC] Success with 'requests_browser'. Found content (847 words).
2025-12-01 19:27:04,066 - INFO - Duplicate article skipped: US lawmakers demand answers over Hegseth Venezuela boat strike reports from BBC
2025-12-01 19:27:04,285 - INFO - [The Hindu] Page content loaded.
2025-12-01 19:27:04,529 - INFO - [The Guardian] Article: https://www.theguardian.com/news/2025/dec/01/hong-kong-arrests-manslaughter-apartment-fires
2025-12-01 19:27:04,529 - INFO - [The Guardian] Attempt 1/1: Trying with 'requests_browser' strategy...
2025-12-01 19:27:04,621 - INFO - [The Guardian] Success with 'requests_browser'. Found content (763 words).
2025-12-01 19:27:04,741 - INFO - Duplicate article skipped: Hong Kong arrests 13 on suspicion of manslaughter over apartment fires | Hong Kong apartment fires | The Guardian from The Guardian
2025-12-01 19:27:04,769 - INFO - [BBC] Article: https://www.bbc.com/news/articles/cj01q6p7ndlo?at_medium=RSS&at_campaign=rss
2025-12-01 19:27:04,774 - INFO - [BBC] Attempt 1/1: Trying with 'requests_browser' strategy...
2025-12-01 19:27:04,781 - INFO - [The Hindu] Success with 'selenium_browser'. Found content (409 words).
2025-12-01 19:27:04,941 - INFO - [BBC] Success with 'requests_browser'. Found content (409 words).
2025-12-01 19:27:05,977 - INFO - [The Guardian] Article: https://www.theguardian.com/world/2025/nov/30/indonesia-thailand-floods
2025-12-01 19:27:05,977 - INFO - [The Guardian] Attempt 1/1: Trying with 'requests_browser' strategy...
2025-12-01 19:27:06,089 - INFO - [The Guardian] Success with 'requests_browser'. Found content (998 words).
2025-12-01 19:27:17,187 - INFO - DEDUPLICATION: Found match (Score: 0.74). Linking to Cluster ID: c9776fb9-11fa-409e-bb65-d763a7c994dc
2025-12-01 19:27:17,190 - INFO - Saved article: New HIV cases highest in Mizoram; fresh infections drop nationally by 48% from 2010-2024: report - The Hindu from The Hindu
2025-12-01 19:27:17,190 - INFO - Duplicate article skipped: South Korea police say 120,000 home cameras hacked for 'sexploitation' footage from BBC
2025-12-01 19:27:17,190 - INFO - Duplicate article skipped: Death toll passes 900 in Indonesia, Thailand and Sri Lanka floods | Extreme weather | The Guardian from The Guardian
2025-12-01 19:27:18,034 - INFO - [The Hindu] Article: https://www.thehindu.com/news/cities/chennai/aavin-hikes-price-of-ghee-to-700-a-kg/article70346656.ece
2025-12-01 19:27:18,034 - INFO - [The Hindu] Attempt 1/1: Trying with 'selenium_browser' strategy...
2025-12-01 19:27:18,307 - INFO - [BBC] Article: https://www.bbc.com/news/articles/c997n2zlegzo?at_medium=RSS&at_campaign=rss
2025-12-01 19:27:18,307 - INFO - [BBC] Attempt 1/1: Trying with 'requests_browser' strategy...
2025-12-01 19:27:18,336 - INFO - [BBC] Success with 'requests_browser'. Found content (653 words).
2025-12-01 19:27:18,364 - INFO - [The Guardian] Article: https://www.theguardian.com/world/2025/nov/30/hong-kong-mourns-as-apartment-blaze-death-toll-rises
2025-12-01 19:27:18,364 - INFO - [The Guardian] Attempt 1/1: Trying with 'requests_browser' strategy...
2025-12-01 19:27:18,374 - INFO - Duplicate article skipped: One Piece: Japanese singer Maki Otsuki stopped mid-show after China row from BBC
2025-12-01 19:27:18,406 - INFO - [The Guardian] Success with 'requests_browser'. Found content (697 words).
2025-12-01 19:27:18,455 - INFO - Duplicate article skipped: Hong Kong mourns as apartment fire death toll rises to 146 | Hong Kong apartment fires | The Guardian from The Guardian
2025-12-01 19:27:19,161 - INFO - [The Hindu] Page content loaded.
2025-12-01 19:27:19,318 - INFO - [The Hindu] Success with 'selenium_browser'. Found content (303 words).
2025-12-01 19:27:19,375 - INFO - [The Guardian] Article: https://www.theguardian.com/australia-news/2025/dec/01/victoria-may-ban-unnecessary-surgery-intersex-children
2025-12-01 19:27:19,375 - INFO - [The Guardian] Attempt 1/1: Trying with 'requests_browser' strategy...
2025-12-01 19:27:19,521 - INFO - [The Guardian] Success with 'requests_browser'. Found content (586 words).
2025-12-01 19:27:19,576 - INFO - [BBC] Article: https://www.bbc.com/news/articles/c075zd0j2j3o?at_medium=RSS&at_campaign=rss
2025-12-01 19:27:19,576 - INFO - [BBC] Attempt 1/1: Trying with 'requests_browser' strategy...
2025-12-01 19:27:19,631 - INFO - [BBC] Success with 'requests_browser'. Found content (316 words).
2025-12-01 19:27:34,345 - INFO - Saved article: Aavin hikes price of ghee to ₹700 a kg - The Hindu from The Hindu
2025-12-01 19:27:34,345 - INFO - Duplicate article skipped: Victoria could become first Australian state to ban unnecessary surgery on intersex children | Victorian politics | The Guardian from The Guardian
2025-12-01 19:27:34,345 - INFO - Duplicate article skipped: Couple accused of cheating with spycam to win A$1.2m in Australian casino from BBC
2025-12-01 19:27:35,000 - INFO - [The Guardian] Article: https://www.theguardian.com/environment/2025/dec/01/south-australia-oyster-shell-donation-reef-restoration
2025-12-01 19:27:35,000 - INFO - [The Guardian] Attempt 1/1: Trying with 'requests_browser' strategy...
2025-12-01 19:27:35,106 - INFO - [The Guardian] Success with 'requests_browser'. Found content (714 words).
2025-12-01 19:27:35,144 - INFO - Duplicate article skipped: Get shucking: South Australians urged to eat oysters and donate shells for reef restoration project | Marine life | The Guardian from The Guardian
2025-12-01 19:27:35,145 - INFO - [The Hindu] Article: https://www.thehindu.com/news/cities/chennai/ramadoss-led-pmks-protest-against-eci-put-off-due-to-rain/article70346705.ece
2025-12-01 19:27:35,145 - INFO - [The Hindu] Attempt 1/1: Trying with 'selenium_browser' strategy...
2025-12-01 19:27:35,224 - INFO - [BBC] Article: https://www.bbc.com/news/articles/c4gv76r5qpvo?at_medium=RSS&at_campaign=rss
2025-12-01 19:27:35,224 - INFO - [BBC] Attempt 1/1: Trying with 'requests_browser' strategy...
2025-12-01 19:27:35,259 - INFO - [BBC] Success with 'requests_browser'. Found content (647 words).
2025-12-01 19:27:35,297 - INFO - Duplicate article skipped: Benjamin Netanyahu seeks pardon from Israel's president from BBC
2025-12-01 19:27:35,812 - INFO - [BBC] Article: https://www.bbc.com/news/articles/c79x8x82gy4o?at_medium=RSS&at_campaign=rss
2025-12-01 19:27:35,812 - INFO - [BBC] Attempt 1/1: Trying with 'requests_browser' strategy...
2025-12-01 19:27:35,878 - INFO - [BBC] Success with 'requests_browser'. Found content (518 words).
2025-12-01 19:27:35,917 - INFO - [The Guardian] Article: https://www.theguardian.com/australia-news/2025/dec/01/instagram-age-verification-u16-social-media-ban-australia-moustache
2025-12-01 19:27:35,924 - INFO - [The Guardian] Attempt 1/1: Trying with 'requests_browser' strategy...
2025-12-01 19:27:35,967 - INFO - Duplicate article skipped: Ludwig Minelli: Dignitas founder dies by assisted suicide aged 92, group says from BBC
2025-12-01 19:27:36,160 - INFO - [The Guardian] Success with 'requests_browser'. Found content (623 words).
2025-12-01 19:27:36,206 - INFO - Duplicate article skipped: Instagram’s age-verification identified a moustachioed adult as over 16 – but how did it go with a 13-year-old? | Social media ban | The Guardian from The Guardian
2025-12-01 19:27:36,535 - INFO - [BBC] Article: https://www.bbc.com/news/articles/cp34yk7z6yxo?at_medium=RSS&at_campaign=rss
2025-12-01 19:27:36,535 - INFO - [BBC] Attempt 1/1: Trying with 'requests_browser' strategy...
2025-12-01 19:27:36,575 - INFO - [BBC] Success with 'requests_browser'. Found content (713 words).
2025-12-01 19:27:36,619 - INFO - Duplicate article skipped: Hong Kong fire: Death toll rises to 146 as thousands pay their respects from BBC
2025-12-01 19:27:36,903 - INFO - [The Guardian] Article: https://www.theguardian.com/australia-news/2025/dec/01/labor-rejects-standalone-ai-legislation-with-plan-that-offers-to-help-unlock-public-and-private-data
2025-12-01 19:27:36,903 - INFO - [The Guardian] Attempt 1/1: Trying with 'requests_browser' strategy...
2025-12-01 19:27:36,957 - INFO - [The Guardian] Success with 'requests_browser'. Found content (668 words).
2025-12-01 19:27:37,426 - INFO - Duplicate article skipped: Labor rejects standalone AI legislation with plan that offers to help ‘unlock’ public and private data | Australian politics | The Guardian from The Guardian
2025-12-01 19:27:38,056 - INFO - [BBC] Article: https://www.bbc.com/news/articles/cp9ky5z2gx0o?at_medium=RSS&at_campaign=rss
2025-12-01 19:27:38,057 - INFO - [BBC] Attempt 1/1: Trying with 'requests_browser' strategy...
2025-12-01 19:27:38,109 - INFO - [BBC] Success with 'requests_browser'. Found content (508 words).
2025-12-01 19:27:38,157 - INFO - Duplicate article skipped: Ukraine hits tankers in Black Sea in escalation against Russia from BBC
2025-12-01 19:27:38,293 - INFO - [The Hindu] Page content loaded.
2025-12-01 19:27:38,544 - INFO - [The Hindu] Success with 'selenium_browser'. Found content (163 words).
2025-12-01 19:27:38,891 - INFO - [The Guardian] Article: https://www.theguardian.com/environment/2025/dec/01/australia-could-miss-clean-energy-target-as-solar-and-wind-investment-slumps-investors-warn
2025-12-01 19:27:38,891 - INFO - [The Guardian] Attempt 1/1: Trying with 'requests_browser' strategy...
2025-12-01 19:27:38,973 - INFO - [The Guardian] Success with 'requests_browser'. Found content (656 words).
2025-12-01 19:27:39,434 - INFO - [BBC] Article: https://www.bbc.com/news/articles/cvg81p61dnmo?at_medium=RSS&at_campaign=rss
2025-12-01 19:27:39,434 - INFO - [BBC] Attempt 1/1: Trying with 'requests_browser' strategy...
2025-12-01 19:27:39,494 - INFO - [BBC] Success with 'requests_browser'. Found content (509 words).
2025-12-01 19:27:51,446 - INFO - Saved article: Ramadoss-led PMK’s protest against ECI put off due to rain - The Hindu from The Hindu
2025-12-01 19:27:51,447 - INFO - Duplicate article skipped: Australia could miss clean energy target as solar and wind investment slumps, investors warn | Renewable energy | The Guardian from The Guardian
2025-12-01 19:27:51,447 - INFO - Duplicate article skipped: Three children among four killed in Stockton, California shooting from BBC
2025-12-01 19:27:52,111 - INFO - [The Hindu] Article: https://www.thehindu.com/news/national/karnataka/insect-in-restaurant-food-customer-files-counter-complaint/article70346904.ece
2025-12-01 19:27:52,111 - INFO - [The Hindu] Attempt 1/1: Trying with 'selenium_browser' strategy...
2025-12-01 19:27:52,483 - INFO - [BBC] Article: https://www.bbc.com/news/articles/c741mpdyw9no?at_medium=RSS&at_campaign=rss
2025-12-01 19:27:52,484 - INFO - [BBC] Attempt 1/1: Trying with 'requests_browser' strategy...
2025-12-01 19:27:52,560 - INFO - [BBC] Success with 'requests_browser'. Found content (516 words).
2025-12-01 19:27:52,668 - INFO - Duplicate article skipped: Venezuela calls Trump airspace closure warning 'colonialist threat' from BBC
2025-12-01 19:27:53,637 - INFO - [The Hindu] Page content loaded.
2025-12-01 19:27:53,699 - INFO - [The Hindu] Success with 'selenium_browser'. Found content (208 words).
2025-12-01 19:27:53,769 - INFO - Duplicate article skipped: Insect in restaurant food: Customer files complaint after five months - The Hindu from The Hindu
2025-12-01 19:27:54,794 - INFO - [The Hindu] Article: https://www.thehindu.com/news/national/delhi-blast-probe-nia-searches-nine-locations-in-jammu-and-kashmir-uttar-pradesh/article70346712.ece
2025-12-01 19:27:54,795 - INFO - [The Hindu] Attempt 1/1: Trying with 'selenium_browser' strategy...
2025-12-01 19:27:56,369 - INFO - [The Hindu] Page content loaded.
2025-12-01 19:27:56,449 - INFO - [The Hindu] Success with 'selenium_browser'. Found content (201 words).
2025-12-01 19:27:56,522 - INFO - Duplicate article skipped: Delhi blast probe: NIA searches nine locations in Jammu and Kashmir, Uttar Pradesh - The Hindu from The Hindu
2025-12-01 19:27:57,064 - INFO - [The Hindu] Article: https://www.thehindu.com/news/national/tamil-nadu/congress-seat-sharing-team-to-hold-talks-with-stalin-on-december-3/article70346491.ece
2025-12-01 19:27:57,064 - INFO - [The Hindu] Attempt 1/1: Trying with 'selenium_browser' strategy...
2025-12-01 19:27:58,280 - INFO - [The Hindu] Page content loaded.
2025-12-01 19:27:58,385 - INFO - [The Hindu] Success with 'selenium_browser'. Found content (119 words).
2025-12-01 19:27:58,478 - INFO - Duplicate article skipped: Congress’ seat sharing team to hold talks with Stalin on December 3 - The Hindu from The Hindu
2025-12-01 19:27:59,974 - INFO - [The Hindu] Article: https://www.thehindu.com/news/national/kerala/finally-lottulodukku-and-gulgulmaal-win-something-albeit-on-a-cricket-turf/article70344818.ece
2025-12-01 19:27:59,974 - INFO - [The Hindu] Attempt 1/1: Trying with 'selenium_browser' strategy...
2025-12-01 19:28:01,308 - INFO - [The Hindu] Page content loaded.
2025-12-01 19:28:01,358 - INFO - [The Hindu] Success with 'selenium_browser'. Found content (401 words).
2025-12-01 19:28:01,438 - INFO - Duplicate article skipped: Finally Lottulodukku and Gulgulmaal win something, albeit on a cricket turf - The Hindu from The Hindu
2025-12-01 19:28:02,256 - INFO - [The Hindu] Article: https://www.thehindu.com/news/national/kerala/can-paravur-break-with-the-past-by-ending-political-deadlock/article70335076.ece
2025-12-01 19:28:02,256 - INFO - [The Hindu] Attempt 1/1: Trying with 'selenium_browser' strategy...
2025-12-01 19:28:03,689 - INFO - [The Hindu] Page content loaded.
2025-12-01 19:28:03,739 - INFO - [The Hindu] Success with 'selenium_browser'. Found content (412 words).
2025-12-01 19:28:03,800 - INFO - Duplicate article skipped: Can Paravur break with the past by ending political deadlock? - The Hindu from The Hindu
2025-12-01 19:28:04,911 - INFO - [The Hindu] Article: https://www.thehindu.com/news/national/modi-promises-all-possible-support-for-ailing-khaleda-zia/article70346786.ece
2025-12-01 19:28:04,912 - INFO - [The Hindu] Attempt 1/1: Trying with 'selenium_browser' strategy...
2025-12-01 19:28:06,405 - INFO - [The Hindu] Page content loaded.
2025-12-01 19:28:07,019 - INFO - [The Hindu] Success with 'selenium_browser'. Found content (382 words).
2025-12-01 19:28:07,081 - INFO - Duplicate article skipped: Modi promises ‘all possible support’ for ailing Khaleda Zia - The Hindu from The Hindu
2025-12-01 19:28:08,510 - INFO - [The Hindu] Article: https://www.thehindu.com/news/national/tamil-nadu/baashyaam-group-completes-landmark-1212-crore-land-purchase-in-nungambakkam/article70346288.ece
2025-12-01 19:28:08,510 - INFO - [The Hindu] Attempt 1/1: Trying with 'selenium_browser' strategy...
2025-12-01 19:28:09,540 - INFO - [The Hindu] Page content loaded.
2025-12-01 19:28:09,591 - INFO - [The Hindu] Success with 'selenium_browser'. Found content (171 words).
2025-12-01 19:28:09,677 - INFO - Duplicate article skipped: Baashyaam Group completes landmark ₹1,212-crore land purchase in Nungambakkam - The Hindu from The Hindu
2025-12-01 19:28:11,082 - INFO - [The Hindu] Article: https://www.thehindu.com/news/national/andhra-pradesh/lokesh-anitha-in-delhi-for-talks-on-cyclone-impact-and-pending-issues/article70346624.ece
2025-12-01 19:28:11,082 - INFO - [The Hindu] Attempt 1/1: Trying with 'selenium_browser' strategy...
2025-12-01 19:28:12,255 - INFO - [The Hindu] Page content loaded.
2025-12-01 19:28:12,961 - INFO - [The Hindu] Success with 'selenium_browser'. Found content (103 words).
2025-12-01 19:28:13,105 - INFO - Duplicate article skipped: Lokesh, Anitha in Delhi for talks on cyclone impact and pending issues - The Hindu from The Hindu
2025-12-01 19:28:14,075 - INFO - [The Hindu] Article: https://www.thehindu.com/news/national/kerala/women-candidates-should-prioritise-provision-of-clean-public-toilets-this-campaign-season-says-public-health-expert/article70345248.ece
2025-12-01 19:28:14,075 - INFO - [The Hindu] Attempt 1/1: Trying with 'selenium_browser' strategy...
2025-12-01 19:28:15,115 - INFO - [The Hindu] Page content loaded.
2025-12-01 19:28:15,184 - INFO - [The Hindu] Success with 'selenium_browser'. Found content (419 words).
2025-12-01 19:28:15,757 - INFO - Duplicate article skipped: Women candidates should prioritise provision of clean public toilets this campaign season, says public health expert - The Hindu from The Hindu
2025-12-01 19:28:16,894 - INFO - [The Hindu] Article: https://www.thehindu.com/news/national/manipur/kuki-zo-council-objects-to-renewed-attempts-to-implement-law-taking-away-tribal-chiefs-land-rights/article70346529.ece
2025-12-01 19:28:16,894 - INFO - [The Hindu] Attempt 1/1: Trying with 'selenium_browser' strategy...
2025-12-01 19:28:18,181 - INFO - [The Hindu] Page content loaded.
2025-12-01 19:28:18,270 - INFO - [The Hindu] Success with 'selenium_browser'. Found content (368 words).
2025-12-01 19:28:18,354 - INFO - Duplicate article skipped: Kuki-Zo Council objects to ‘renewed attempts’ to implement law taking away tribal chiefs’ land rights - The Hindu from The Hindu
2025-12-01 19:28:19,368 - INFO - [The Hindu] Article: https://www.thehindu.com/news/national/andhra-pradesh/ap-assembly-deputy-speaker-asks-centre-to-remove-suspended-ips-officer-from-service/article70346687.ece
2025-12-01 19:28:19,368 - INFO - [The Hindu] Attempt 1/1: Trying with 'selenium_browser' strategy...
2025-12-01 19:28:21,041 - INFO - [The Hindu] Page content loaded.
2025-12-01 19:28:21,113 - INFO - [The Hindu] Success with 'selenium_browser'. Found content (262 words).
2025-12-01 19:28:21,201 - INFO - Duplicate article skipped: A.P. Assembly Deputy Speaker asks Centre to remove suspended IPS officer from service - The Hindu from The Hindu
2025-12-01 19:28:21,849 - INFO - [The Hindu] Article: https://www.thehindu.com/news/national/karnataka/stuck-for-an-hour-mp-from-uttar-pradesh-slams-bengaluru-traffic-police-netizens-say-welcome-to-our-daily-life/article70346512.ece
2025-12-01 19:28:21,849 - INFO - [The Hindu] Attempt 1/1: Trying with 'selenium_browser' strategy...
2025-12-01 19:28:22,754 - ERROR - [Times of India] Request failed for strategy 'selenium_browser' on URL https://timesofindia.indiatimes.com/etimes/trending/nuclear-war-expert-explains-why-australia-and-new-zealand-may-be-the-last-places-left-standing-after-ww3/articleshow/125697217.cms: HTTPConnectionPool(host='localhost', port=40545): Read timed out. (read timeout=120)
2025-12-01 19:28:22,754 - ERROR - [Times of India] All scrape strategies failed for https://timesofindia.indiatimes.com/etimes/trending/nuclear-war-expert-explains-why-australia-and-new-zealand-may-be-the-last-places-left-standing-after-ww3/articleshow/125697217.cms. Falling back to RSS description.
2025-12-01 19:28:24,663 - INFO - [The Hindu] Page content loaded.
2025-12-01 19:28:24,805 - INFO - [The Hindu] Success with 'selenium_browser'. Found content (351 words).
2025-12-01 19:28:37,117 - INFO - Saved article: Nuclear war expert explains why Australia and New Zealand may be the last places left standing after WW3 from Times of India
2025-12-01 19:28:37,117 - INFO - Duplicate article skipped: Stuck for an hour, MP from Uttar Pradesh slams Bengaluru traffic police; netizens say ‘welcome to our daily life’ - The Hindu from The Hindu
2025-12-01 19:28:37,628 - INFO - [Times of India] Article: https://timesofindia.indiatimes.com/world/us/two-of-his-three-wives-were-immigrants-it-union-leaders-speech-viral-maga-says-indian-tech-cartel-openly-bullying-trump/articleshow/125700770.cms
2025-12-01 19:28:37,628 - INFO - [Times of India] Attempt 1/1: Trying with 'selenium_browser' strategy...
2025-12-01 19:28:38,450 - INFO - [The Hindu] Article: https://www.thehindu.com/news/national/kerala/hc-directs-robust-sea-wall-along-edavanakkad-coast/article70346623.ece
2025-12-01 19:28:38,450 - INFO - [The Hindu] Attempt 1/1: Trying with 'selenium_browser' strategy...
2025-12-01 19:28:39,532 - INFO - [The Hindu] Page content loaded.
2025-12-01 19:28:40,138 - INFO - [The Hindu] Success with 'selenium_browser'. Found content (211 words).
2025-12-01 19:28:40,197 - INFO - Duplicate article skipped: HC directs robust sea wall along Edavanakkad coast - The Hindu from The Hindu
2025-12-01 19:28:40,753 - INFO - [The Hindu] Article: https://www.thehindu.com/news/national/andhra-pradesh/medical-students-should-work-in-government-sector-to-serve-the-poor-says-minister/article70346840.ece
2025-12-01 19:28:40,754 - INFO - [The Hindu] Attempt 1/1: Trying with 'selenium_browser' strategy...
2025-12-01 19:28:41,817 - INFO - [The Hindu] Page content loaded.
2025-12-01 19:28:41,891 - INFO - [The Hindu] Success with 'selenium_browser'. Found content (211 words).
2025-12-01 19:28:41,976 - INFO - Duplicate article skipped: Medical students should work in government sector to serve the poor, says Minister - The Hindu from The Hindu
2025-12-01 19:28:42,564 - INFO - [The Hindu] Article: https://www.thehindu.com/news/national/pm-calls-sri-lankan-president-to-offer-continued-support-with-cyclone-relief/article70346696.ece
2025-12-01 19:28:42,564 - INFO - [The Hindu] Attempt 1/1: Trying with 'selenium_browser' strategy...
2025-12-01 19:28:44,122 - INFO - [The Hindu] Page content loaded.
2025-12-01 19:28:44,195 - INFO - [The Hindu] Success with 'selenium_browser'. Found content (269 words).
2025-12-01 19:28:44,289 - INFO - Duplicate article skipped: PM Modi calls Sri Lankan President to offer continued support with cyclone relief - The Hindu from The Hindu
2025-12-01 19:28:45,135 - INFO - [The Hindu] Article: https://www.thehindu.com/news/national/karnataka/lakshman-singh-takes-charge-as-managing-director-of-k-ride/article70346354.ece
2025-12-01 19:28:45,135 - INFO - [The Hindu] Attempt 1/1: Trying with 'selenium_browser' strategy...
2025-12-01 19:28:46,244 - INFO - [The Hindu] Page content loaded.
2025-12-01 19:28:46,856 - INFO - [The Hindu] Success with 'selenium_browser'. Found content (114 words).
2025-12-01 19:28:46,921 - INFO - Duplicate article skipped: Lakshman Singh takes charge as managing director of K-RIDE - The Hindu from The Hindu
2025-12-01 19:28:48,264 - INFO - [The Hindu] (Thread) Finished. Attempting to shut down its Selenium driver.
2025-12-01 19:28:48,498 - INFO - [The Hindu] (Thread) driver.quit() successful.
2025-12-01 19:30:37,711 - ERROR - [Times of India] Request failed for strategy 'selenium_browser' on URL https://timesofindia.indiatimes.com/world/us/two-of-his-three-wives-were-immigrants-it-union-leaders-speech-viral-maga-says-indian-tech-cartel-openly-bullying-trump/articleshow/125700770.cms: HTTPConnectionPool(host='localhost', port=40545): Read timed out. (read timeout=120)
2025-12-01 19:30:37,711 - ERROR - [Times of India] All scrape strategies failed for https://timesofindia.indiatimes.com/world/us/two-of-his-three-wives-were-immigrants-it-union-leaders-speech-viral-maga-says-indian-tech-cartel-openly-bullying-trump/articleshow/125700770.cms. Falling back to RSS description.
2025-12-01 19:30:37,712 - INFO - Duplicate article skipped: 'Two of his three wives were immigrants': IT Union leader's speech viral; MAGA says Indian tech cartel openly bullying Trump from Times of India
2025-12-01 19:30:38,545 - INFO - [Times of India] Article: https://timesofindia.indiatimes.com/world/us-streamers/candace-owens-net-worth-in-2025-podcast-earnings-career-charlie-kirk-controversy-and-more/articleshow/125699537.cms
2025-12-01 19:30:38,545 - INFO - [Times of India] Attempt 1/1: Trying with 'selenium_browser' strategy...
2025-12-01 19:31:14,161 - CRITICAL - --- TIMEOUT: 1 scrape jobs did not complete in 300s. ---
2025-12-01 19:31:14,161 - ERROR - A thread has timed out and will be abandoned.
2025-12-01 19:31:14,161 - INFO - Shutting down thread pool (wait=False)...
2025-12-01 19:31:14,161 - INFO - Scraped: 4 The Hindu, 1 BBC, 0 The Guardian, 1 Timed_Out_Jobs articles. (Total saved: 5)
2025-12-01 19:31:14,161 - INFO - --- Scraping job finished ---
2025-12-01 19:31:14,161 - INFO - --- Scraper service stopped and database connection closed. ---
2025-12-01 19:31:14,161 - INFO - --- Main thread finished. Forcing process exit to kill zombie threads. ---
