2025-11-27 23:24:10,610 - INFO - Loading AI Semantic Model (all-MiniLM-L6-v2)...
2025-11-27 23:24:10,610 - INFO - Use pytorch device_name: cpu
2025-11-27 23:24:10,611 - INFO - Load pretrained SentenceTransformer: all-MiniLM-L6-v2
2025-11-27 23:24:11,948 - INFO - AI Model loaded successfully.
2025-11-27 23:24:11,948 - INFO - Initializing database connection at: news_articles.db
2025-11-27 23:24:11,948 - INFO - --- Scraper service started (CI Mode: Run Once) ---
2025-11-27 23:24:11,948 - INFO - --- Starting new scraping job (Parallel Mode) ---
2025-11-27 23:24:11,948 - INFO - Creating new robust session with 3 retries on 5xx/connection/read errors.
2025-11-27 23:24:11,948 - INFO - Proxy is DISABLED.
2025-11-27 23:24:11,949 - INFO - Starting scrape for BBC RSS feed: http://feeds.bbci.co.uk/news/world/rss.xml
2025-11-27 23:24:11,950 - INFO - [Times of India] (Thread) requires Selenium. Initializing driver...
2025-11-27 23:24:11,950 - INFO - Initializing headless Selenium Chrome driver (using SeleniumManager)...
2025-11-27 23:24:11,950 - INFO - Starting scrape for The Guardian RSS feed: https://www.theguardian.com/world/rss
2025-11-27 23:24:11,952 - INFO - [The Hindu] (Thread) requires Selenium. Initializing driver...
2025-11-27 23:24:11,952 - INFO - Initializing headless Selenium Chrome driver (using SeleniumManager)...
2025-11-27 23:24:11,952 - INFO - Submitted 4 jobs to thread pool. Waiting up to 300s for completion...
2025-11-27 23:24:12,039 - INFO - Found 33 articles in BBC RSS feed. Processing up to 20.
2025-11-27 23:24:12,039 - INFO - [BBC] Article: https://www.bbc.com/news/articles/c62n3enz9klo?at_medium=RSS&at_campaign=rss
2025-11-27 23:24:12,039 - INFO - [BBC] Attempt 1/1: Trying with 'requests_browser' strategy...
2025-11-27 23:24:12,065 - INFO - Found 45 articles in The Guardian RSS feed. Processing up to 20.
2025-11-27 23:24:12,065 - INFO - [The Guardian] Article: https://www.theguardian.com/world/2025/nov/26/guinea-bissau-officers-take-total-control-close-borders-amid-election-chaos
2025-11-27 23:24:12,065 - INFO - [The Guardian] Attempt 1/1: Trying with 'requests_browser' strategy...
2025-11-27 23:24:12,090 - INFO - [The Guardian] Success with 'requests_browser'. Found content (412 words).
2025-11-27 23:24:12,126 - INFO - Duplicate article skipped: Guinea-Bissau military takes ‘total control’ amid election chaos | Guinea-Bissau | The Guardian from The Guardian
2025-11-27 23:24:12,612 - INFO - [BBC] Success with 'requests_browser'. Found content (727 words).
2025-11-27 23:24:12,667 - INFO - Duplicate article skipped: Hong Kong: Firefighters search for missing in tower blocks fire from BBC
2025-11-27 23:24:13,051 - INFO - [The Guardian] Article: https://www.theguardian.com/world/2025/nov/25/nigerian-schoolgirls-rescued-after-mass-abduction-in-kebbi
2025-11-27 23:24:13,051 - INFO - [The Guardian] Attempt 1/1: Trying with 'requests_browser' strategy...
2025-11-27 23:24:13,214 - INFO - [The Guardian] Success with 'requests_browser'. Found content (515 words).
2025-11-27 23:24:13,256 - INFO - Duplicate article skipped: Nigerian schoolgirls rescued after mass abduction in Kebbi | Nigeria | The Guardian from The Guardian
2025-11-27 23:24:13,973 - INFO - [BBC] Article: https://www.bbc.com/news/videos/c3w7e2p48l7o?at_medium=RSS&at_campaign=rss
2025-11-27 23:24:13,974 - INFO - [BBC] Attempt 1/1: Trying with 'requests_browser' strategy...
2025-11-27 23:24:14,171 - INFO - [BBC] Success with 'requests_browser'. Found content (148 words).
2025-11-27 23:24:14,214 - INFO - Duplicate article skipped: Video shows speed fire spreads in Hong Kong tower block from BBC
2025-11-27 23:24:14,751 - INFO - [The Guardian] Article: https://www.theguardian.com/world/2025/nov/25/jacob-zuma-daughter-accused-tricking-men-fighting-for-russia-in-ukraine
2025-11-27 23:24:14,751 - INFO - [The Guardian] Attempt 1/1: Trying with 'requests_browser' strategy...
2025-11-27 23:24:14,780 - INFO - [The Guardian] Success with 'requests_browser'. Found content (656 words).
2025-11-27 23:24:14,826 - INFO - Duplicate article skipped: Jacob Zuma’s daughter accused of tricking men into fighting for Russia in Ukraine | South Africa | The Guardian from The Guardian
2025-11-27 23:24:15,565 - INFO - [BBC] Article: https://www.bbc.com/news/articles/cp84nl57v0lo?at_medium=RSS&at_campaign=rss
2025-11-27 23:24:15,566 - INFO - [BBC] Attempt 1/1: Trying with 'requests_browser' strategy...
2025-11-27 23:24:15,592 - INFO - [BBC] Success with 'requests_browser'. Found content (751 words).
2025-11-27 23:24:15,755 - INFO - Duplicate article skipped: Putin doubles down on demands for Ukrainian territory ahead of talks with US from BBC
2025-11-27 23:24:15,879 - INFO - [The Guardian] Article: https://www.theguardian.com/uk-news/2025/nov/24/uk-rejects-nigerian-request-to-deport-former-politican-ike-ekweremadu-jailed-for-organ-trafficking
2025-11-27 23:24:15,879 - INFO - [The Guardian] Attempt 1/1: Trying with 'requests_browser' strategy...
2025-11-27 23:24:16,082 - INFO - [The Guardian] Success with 'requests_browser'. Found content (545 words).
2025-11-27 23:24:16,114 - INFO - Duplicate article skipped: UK rejects Nigerian request to deport former politican jailed for organ trafficking | UK news | The Guardian from The Guardian
2025-11-27 23:24:16,604 - INFO - [BBC] Article: https://www.bbc.com/news/articles/c0edw348pewo?at_medium=RSS&at_campaign=rss
2025-11-27 23:24:16,604 - INFO - [BBC] Attempt 1/1: Trying with 'requests_browser' strategy...
2025-11-27 23:24:17,189 - INFO - [BBC] Success with 'requests_browser'. Found content (495 words).
2025-11-27 23:24:17,226 - INFO - Duplicate article skipped: US-Palestinian teen freed after nine months in Israeli jail from BBC
2025-11-27 23:24:17,277 - INFO - [The Guardian] Article: https://www.theguardian.com/world/2025/nov/24/ethiopian-volcano-hayli-gubbi-erupts-first-time-12000-years
2025-11-27 23:24:17,277 - INFO - [The Guardian] Attempt 1/1: Trying with 'requests_browser' strategy...
2025-11-27 23:24:17,295 - INFO - [The Guardian] Success with 'requests_browser'. Found content (306 words).
2025-11-27 23:24:17,330 - INFO - Duplicate article skipped: Ethiopian volcano erupts for first time in 12,000 years | Ethiopia | The Guardian from The Guardian
2025-11-27 23:24:18,174 - INFO - [The Guardian] Article: https://www.theguardian.com/world/2025/nov/27/perus-ousted-president-of-the-poor-gets-11-year-sentence-for-rebellion
2025-11-27 23:24:18,174 - INFO - [The Guardian] Attempt 1/1: Trying with 'requests_browser' strategy...
2025-11-27 23:24:18,192 - INFO - [The Guardian] Success with 'requests_browser'. Found content (346 words).
2025-11-27 23:24:18,227 - INFO - Duplicate article skipped: Peru’s ousted ‘president of the poor’ gets 11-year sentence for rebellion | Peru | The Guardian from The Guardian
2025-11-27 23:24:18,300 - INFO - [BBC] Article: https://www.bbc.com/news/articles/cgex957qg97o?at_medium=RSS&at_campaign=rss
2025-11-27 23:24:18,300 - INFO - [BBC] Attempt 1/1: Trying with 'requests_browser' strategy...
2025-11-27 23:24:18,332 - INFO - [BBC] Success with 'requests_browser'. Found content (779 words).
2025-11-27 23:24:18,369 - INFO - Duplicate article skipped: US suspends immigration requests for Afghans after National Guard shooting from BBC
2025-11-27 23:24:19,323 - INFO - [BBC] Article: https://www.bbc.com/news/articles/c0edw7g7z79o?at_medium=RSS&at_campaign=rss
2025-11-27 23:24:19,323 - INFO - [BBC] Attempt 1/1: Trying with 'requests_browser' strategy...
2025-11-27 23:24:19,354 - INFO - [BBC] Success with 'requests_browser'. Found content (1054 words).
2025-11-27 23:24:19,392 - INFO - Duplicate article skipped: France brings back limited military service with 3,000 volunteers next year from BBC
2025-11-27 23:24:19,623 - INFO - [The Guardian] Article: https://www.theguardian.com/world/2025/nov/27/venezuela-bans-six-leading-airlines-as-tensions-with-us-escalate
2025-11-27 23:24:19,624 - INFO - [The Guardian] Attempt 1/1: Trying with 'requests_browser' strategy...
2025-11-27 23:24:19,651 - INFO - [The Guardian] Success with 'requests_browser'. Found content (371 words).
2025-11-27 23:24:19,700 - INFO - Duplicate article skipped: Venezuela bans six international airlines as tensions with US escalate | Venezuela | The Guardian from The Guardian
2025-11-27 23:24:20,261 - INFO - [The Guardian] Article: https://www.theguardian.com/world/2025/nov/27/mark-carney-alberta-oil-pipeline-deal-canada-first-nations
2025-11-27 23:24:20,262 - INFO - [The Guardian] Attempt 1/1: Trying with 'requests_browser' strategy...
2025-11-27 23:24:20,282 - INFO - [The Guardian] Success with 'requests_browser'. Found content (614 words).
2025-11-27 23:24:20,315 - INFO - Duplicate article skipped: Mark Carney reaches deal with Alberta for oil pipeline opposed by First Nations | Canada | The Guardian from The Guardian
2025-11-27 23:24:20,660 - INFO - [BBC] Article: https://www.bbc.com/news/articles/cd0keyern0do?at_medium=RSS&at_campaign=rss
2025-11-27 23:24:20,660 - INFO - [BBC] Attempt 1/1: Trying with 'requests_browser' strategy...
2025-11-27 23:24:20,831 - INFO - [BBC] Success with 'requests_browser'. Found content (511 words).
2025-11-27 23:24:20,869 - INFO - Duplicate article skipped: Venezuela bans six major airlines after tensions with US escalate from BBC
2025-11-27 23:24:21,265 - INFO - [The Guardian] Article: https://www.theguardian.com/us-news/2025/nov/27/peru-band-of-holes-mystery
2025-11-27 23:24:21,265 - INFO - [The Guardian] Attempt 1/1: Trying with 'requests_browser' strategy...
2025-11-27 23:24:21,285 - INFO - [The Guardian] Success with 'requests_browser'. Found content (563 words).
2025-11-27 23:24:21,321 - INFO - Duplicate article skipped: Florida professor may have solved mystery of Peru’s Band of Holes | US news | The Guardian from The Guardian
2025-11-27 23:24:21,631 - INFO - [BBC] Article: https://www.bbc.com/news/articles/cewj1e1yk2vo?at_medium=RSS&at_campaign=rss
2025-11-27 23:24:21,632 - INFO - [BBC] Attempt 1/1: Trying with 'requests_browser' strategy...
2025-11-27 23:24:22,032 - INFO - [BBC] Success with 'requests_browser'. Found content (1118 words).
2025-11-27 23:24:22,073 - INFO - Duplicate article skipped: Fracking transforms an Argentine town but what about the nation? from BBC
2025-11-27 23:24:22,443 - INFO - [The Guardian] Article: https://www.theguardian.com/world/2025/nov/27/miss-universe-co-owners-arrest-warrants
2025-11-27 23:24:22,444 - INFO - [The Guardian] Attempt 1/1: Trying with 'requests_browser' strategy...
2025-11-27 23:24:22,465 - INFO - [The Guardian] Success with 'requests_browser'. Found content (459 words).
2025-11-27 23:24:22,501 - INFO - Duplicate article skipped: Arrest warrants issued for Miss Universe co-owners in latest twist in pageant saga | Mexico | The Guardian from The Guardian
2025-11-27 23:24:23,080 - INFO - [BBC] Article: https://www.bbc.com/news/articles/cdd560nvqqdo?at_medium=RSS&at_campaign=rss
2025-11-27 23:24:23,080 - INFO - [BBC] Attempt 1/1: Trying with 'requests_browser' strategy...
2025-11-27 23:24:23,404 - INFO - [BBC] Success with 'requests_browser'. Found content (1894 words).
2025-11-27 23:24:23,443 - INFO - Duplicate article skipped: Year after ceasefire, peace eludes south Lebanon as Israeli strikes continue from BBC
2025-11-27 23:24:23,665 - INFO - [The Guardian] Article: https://www.theguardian.com/news/2025/nov/27/hong-kong-fire-tai-po-police-blame-construction-company
2025-11-27 23:24:23,666 - INFO - [The Guardian] Attempt 1/1: Trying with 'requests_browser' strategy...
2025-11-27 23:24:23,825 - INFO - [The Guardian] Success with 'requests_browser'. Found content (975 words).
2025-11-27 23:24:23,869 - INFO - Duplicate article skipped: Hong Kong police say unsafe scaffolding and foam may have spread fire that killed at least 94 | Hong Kong apartment fires | The Guardian from The Guardian
2025-11-27 23:24:24,023 - INFO - Selenium driver initialized successfully.
2025-11-27 23:24:24,023 - INFO - Starting scrape for The Hindu RSS feed: https://www.thehindu.com/news/national/feeder/default.rss
2025-11-27 23:24:24,025 - INFO - Selenium driver initialized successfully.
2025-11-27 23:24:24,025 - INFO - Starting scrape for Times of India RSS feed: https://timesofindia.indiatimes.com/rssfeeds/296589292.cms
2025-11-27 23:24:24,124 - INFO - Found 20 articles in Times of India RSS feed. Processing up to 20.
2025-11-27 23:24:24,125 - INFO - [Times of India] Article: https://timesofindia.indiatimes.com/world/us-streamers/why-some-long-time-youtube-channels-are-disappearing-without-warning/articleshow/125624158.cms
2025-11-27 23:24:24,125 - INFO - [Times of India] Attempt 1/1: Trying with 'selenium_browser' strategy...
2025-11-27 23:24:24,160 - INFO - Found 100 articles in The Hindu RSS feed. Processing up to 20.
2025-11-27 23:24:24,160 - INFO - [The Hindu] Article: https://www.thehindu.com/news/national/union-law-ministry-defends-simultaneous-polls-proposal-says-curtailing-tenure-not-against-basic-structure-of-constitution/article70330978.ece
2025-11-27 23:24:24,160 - INFO - [The Hindu] Attempt 1/1: Trying with 'selenium_browser' strategy...
2025-11-27 23:24:24,328 - INFO - [BBC] Article: https://www.bbc.com/news/articles/cy5g3076lqzo?at_medium=RSS&at_campaign=rss
2025-11-27 23:24:24,328 - INFO - [BBC] Attempt 1/1: Trying with 'requests_browser' strategy...
2025-11-27 23:24:24,500 - INFO - [BBC] Success with 'requests_browser'. Found content (736 words).
2025-11-27 23:24:24,548 - INFO - Duplicate article skipped: Pope Leo visits Turkey and warns humanity at stake from high level of conflict from BBC
2025-11-27 23:24:24,682 - INFO - [The Guardian] Article: https://www.theguardian.com/world/live/2025/nov/27/hong-kong-fire-arrests-dead-killed-hundreds-missing-housing-complex-blaze
2025-11-27 23:24:24,682 - INFO - [The Guardian] Attempt 1/1: Trying with 'requests_browser' strategy...
2025-11-27 23:24:24,970 - INFO - [The Guardian] Success with 'requests_browser'. Found content (1149 words).
2025-11-27 23:24:25,367 - INFO - Duplicate article skipped: Hong Kong fire: death toll rises to 83 as rescue crews search for survivors in still-burning towers – as it happened | Hong Kong | The Guardian from The Guardian
2025-11-27 23:24:25,447 - INFO - [BBC] Article: https://www.bbc.com/news/articles/cvg164nvj77o?at_medium=RSS&at_campaign=rss
2025-11-27 23:24:25,447 - INFO - [BBC] Attempt 1/1: Trying with 'requests_browser' strategy...
2025-11-27 23:24:25,516 - INFO - [BBC] Success with 'requests_browser'. Found content (820 words).
2025-11-27 23:24:25,587 - INFO - Duplicate article skipped: Guinea-Bissau army general named president a day after apparent coup from BBC
2025-11-27 23:24:26,394 - INFO - [BBC] Article: https://www.bbc.com/news/articles/cq8dq47j5y8o?at_medium=RSS&at_campaign=rss
2025-11-27 23:24:26,394 - INFO - [BBC] Attempt 1/1: Trying with 'requests_browser' strategy...
2025-11-27 23:24:26,489 - INFO - [The Guardian] Article: https://www.theguardian.com/world/2025/nov/27/anger-hong-kong-apartment-complex-fires-deaths
2025-11-27 23:24:26,490 - INFO - [The Guardian] Attempt 1/1: Trying with 'requests_browser' strategy...
2025-11-27 23:24:26,671 - INFO - [The Guardian] Success with 'requests_browser'. Found content (765 words).
2025-11-27 23:24:26,807 - INFO - Duplicate article skipped: Anger swelling in Hong Kong over deadliest fire in more than 70 years | Hong Kong | The Guardian from The Guardian
2025-11-27 23:24:26,886 - INFO - [BBC] Success with 'requests_browser'. Found content (595 words).
2025-11-27 23:24:27,077 - INFO - Duplicate article skipped: South Africa's Cyril Ramaphosa hits back after Donald Trump says US won't invite it for G20 summit from BBC
2025-11-27 23:24:27,658 - INFO - [The Guardian] Article: https://www.theguardian.com/news/2025/nov/27/hong-kong-apartment-complex-fire-reaction
2025-11-27 23:24:27,658 - INFO - [The Guardian] Attempt 1/1: Trying with 'requests_browser' strategy...
2025-11-27 23:24:27,850 - INFO - [The Guardian] Success with 'requests_browser'. Found content (735 words).
2025-11-27 23:24:27,993 - INFO - Duplicate article skipped: In air thick with acrid smoke, people in Hong Kong are reeling and angry | Hong Kong apartment fires | The Guardian from The Guardian
2025-11-27 23:24:28,410 - INFO - [BBC] Article: https://www.bbc.com/news/articles/cdxwzwe507ko?at_medium=RSS&at_campaign=rss
2025-11-27 23:24:28,410 - INFO - [BBC] Attempt 1/1: Trying with 'requests_browser' strategy...
2025-11-27 23:24:28,637 - INFO - [BBC] Success with 'requests_browser'. Found content (442 words).
2025-11-27 23:24:28,720 - INFO - Duplicate article skipped: Malawi police investigate theft of four German Shepherds from Kamuzu Palace from BBC
2025-11-27 23:24:29,169 - INFO - [The Guardian] Article: https://www.theguardian.com/world/2025/nov/27/jakarta-overtakes-tokyo-most-populous-city-world
2025-11-27 23:24:29,169 - INFO - [The Guardian] Attempt 1/1: Trying with 'requests_browser' strategy...
2025-11-27 23:24:29,458 - INFO - [The Hindu] Page content loaded.
2025-11-27 23:24:29,500 - INFO - [The Guardian] Success with 'requests_browser'. Found content (523 words).
2025-11-27 23:24:29,575 - INFO - Duplicate article skipped: Jakarta overtakes Tokyo as world’s most populous city, according to UN | Indonesia | The Guardian from The Guardian
2025-11-27 23:24:29,592 - INFO - [The Hindu] Success with 'selenium_browser'. Found content (666 words).
2025-11-27 23:24:29,625 - INFO - [BBC] Article: https://www.bbc.com/news/articles/cly0jjv2lg1o?at_medium=RSS&at_campaign=rss
2025-11-27 23:24:29,625 - INFO - [BBC] Attempt 1/1: Trying with 'requests_browser' strategy...
2025-11-27 23:24:29,862 - INFO - [BBC] Success with 'requests_browser'. Found content (1341 words).
2025-11-27 23:24:30,630 - INFO - [The Guardian] Article: https://www.theguardian.com/australia-news/live/2025/nov/28/australia-news-live-storms-hail-queensland-environment-laws-anthony-albanese-labor-greens-sussan-ley-coalition-ntwnfb
2025-11-27 23:24:30,630 - INFO - [The Guardian] Attempt 1/1: Trying with 'requests_browser' strategy...
2025-11-27 23:24:31,127 - INFO - [The Guardian] Success with 'requests_browser'. Found content (2747 words).
2025-11-27 23:24:51,023 - INFO - Saved article: Union Law Ministry defends simultaneous polls proposal; says curtailing tenure not against basic structure of Constitution - The Hindu from The Hindu
2025-11-27 23:24:51,023 - INFO - Duplicate article skipped: Russia Ukraine war: Where peace stands after frantic diplomacy from BBC
2025-11-27 23:24:51,023 - INFO - Duplicate article skipped: Australia news live: NSW axes heritage protection for brumbies; PM hails ‘yes-olition’ as environment laws pass parliament | Australia news | The Guardian from The Guardian
2025-11-27 23:24:51,777 - INFO - [The Guardian] Article: https://www.theguardian.com/australia-news/2025/nov/28/former-townsville-mayor-troy-thompson-found-to-have-misled-voters-about-cancer-diagnosis-and-military-history
2025-11-27 23:24:51,777 - INFO - [The Guardian] Attempt 1/1: Trying with 'requests_browser' strategy...
2025-11-27 23:24:51,800 - INFO - [The Guardian] Success with 'requests_browser'. Found content (669 words).
2025-11-27 23:24:51,842 - INFO - Duplicate article skipped: Former Townsville mayor Troy Thompson found to have misled voters about cancer diagnosis and military history | Queensland politics | The Guardian from The Guardian
2025-11-27 23:24:52,132 - INFO - [BBC] Article: https://www.bbc.com/news/articles/c0edww3qgq2o?at_medium=RSS&at_campaign=rss
2025-11-27 23:24:52,132 - INFO - [BBC] Attempt 1/1: Trying with 'requests_browser' strategy...
2025-11-27 23:24:52,329 - INFO - [The Hindu] Article: https://www.thehindu.com/news/national/telangana/telangana-high-court-directs-sigachi-blast-case-investigating-officer-to-appear-before-it/article70331846.ece
2025-11-27 23:24:52,329 - INFO - [The Hindu] Attempt 1/1: Trying with 'selenium_browser' strategy...
2025-11-27 23:24:52,552 - INFO - [BBC] Success with 'requests_browser'. Found content (652 words).
2025-11-27 23:24:52,643 - INFO - Duplicate article skipped: Guinea-Bissau coup: Soldiers seize power and detain President Umaro Sissoco Embaló from BBC
2025-11-27 23:24:53,196 - INFO - [The Guardian] Article: https://www.theguardian.com/australia-news/2025/nov/27/anti-abortion-activist-joanna-howes-claims-her-employer-gave-her-immunity-from-complaints-by-pro-choice-campaigners-ntwnfb
2025-11-27 23:24:53,196 - INFO - [The Guardian] Attempt 1/1: Trying with 'requests_browser' strategy...
2025-11-27 23:24:53,386 - INFO - [The Guardian] Success with 'requests_browser'. Found content (744 words).
2025-11-27 23:24:53,448 - INFO - Duplicate article skipped: Anti-abortion activist Joanna Howe claims University of Adelaide gave her immunity from complaints by pro-choice campaigners | South Australia | The Guardian from The Guardian
2025-11-27 23:24:53,760 - INFO - [The Hindu] Page content loaded.
2025-11-27 23:24:53,982 - INFO - [The Hindu] Success with 'selenium_browser'. Found content (427 words).
2025-11-27 23:24:54,022 - INFO - [The Guardian] Article: https://www.theguardian.com/australia-news/2025/nov/27/state-library-of-victoria-faces-job-cuts-as-staff-accuse-management-of-pursuing-digital-vanity-projects
2025-11-27 23:24:54,022 - INFO - [The Guardian] Attempt 1/1: Trying with 'requests_browser' strategy...
2025-11-27 23:24:54,126 - INFO - [BBC] Article: https://www.bbc.com/news/articles/c3r7xr94ln8o?at_medium=RSS&at_campaign=rss
2025-11-27 23:24:54,132 - INFO - [BBC] Attempt 1/1: Trying with 'requests_browser' strategy...
2025-11-27 23:24:54,265 - INFO - [BBC] Success with 'requests_browser'. Found content (724 words).
2025-11-27 23:24:54,306 - INFO - [The Guardian] Success with 'requests_browser'. Found content (722 words).
2025-11-27 23:25:11,162 - INFO - Saved article: Telangana High Court directs Sigachi blast case investigating officer to appear before it - The Hindu from The Hindu
2025-11-27 23:25:11,162 - INFO - Duplicate article skipped: Trump defends Witkoff after leak appears to show envoy coaching Russias from BBC
2025-11-27 23:25:11,162 - INFO - Duplicate article skipped: State Library of Victoria faces job cuts as staff accuse management of pursuing ‘digital vanity projects’ | Melbourne | The Guardian from The Guardian
2025-11-27 23:25:12,198 - INFO - [The Guardian] Article: https://www.theguardian.com/australia-news/2025/nov/27/santos-gas-plan-beetaloo-basin-northern-territory-fracking-fears
2025-11-27 23:25:12,198 - INFO - [The Guardian] Attempt 1/1: Trying with 'requests_browser' strategy...
2025-11-27 23:25:12,370 - INFO - [The Guardian] Success with 'requests_browser'. Found content (622 words).
2025-11-27 23:25:12,587 - INFO - [The Hindu] Article: https://www.thehindu.com/news/national/west-bengal/two-trinamoolworkerskilled-inbengals-malda-police-deployedas-tensions-rise/article70331006.ece
2025-11-27 23:25:12,588 - INFO - [BBC] Article: https://www.bbc.com/news/articles/c74x55epn34o?at_medium=RSS&at_campaign=rss
2025-11-27 23:25:12,598 - INFO - [The Hindu] Attempt 1/1: Trying with 'selenium_browser' strategy...
2025-11-27 23:25:12,601 - INFO - [BBC] Attempt 1/1: Trying with 'requests_browser' strategy...
2025-11-27 23:25:12,601 - INFO - Duplicate article skipped: Fear Santos gas plan may start fracking rush that poses ‘major risk’ to NT water supply | Santos | The Guardian from The Guardian
2025-11-27 23:25:13,559 - INFO - [BBC] Success with 'requests_browser'. Found content (303 words).
2025-11-27 23:25:13,614 - INFO - Duplicate article skipped: Nicolas Sarkozy illegal campaign financing conviction upheld from BBC
2025-11-27 23:25:13,775 - INFO - [The Hindu] Page content loaded.
2025-11-27 23:25:13,871 - INFO - [The Hindu] Success with 'selenium_browser'. Found content (437 words).
2025-11-27 23:25:13,985 - INFO - Duplicate article skipped: Two Trinamool workers killed in Bengal’s Malda; police deployed as tensions rise - The Hindu from The Hindu
2025-11-27 23:25:14,720 - INFO - [The Hindu] Article: https://www.thehindu.com/news/national/supreme-court-asks-government-to-consider-a-law-against-ridicule-of-pwds/article70331961.ece
2025-11-27 23:25:14,720 - INFO - [The Hindu] Attempt 1/1: Trying with 'selenium_browser' strategy...
2025-11-27 23:25:15,085 - INFO - [BBC] Article: https://www.bbc.com/news/articles/c9d9l7w1g8yo?at_medium=RSS&at_campaign=rss
2025-11-27 23:25:15,087 - INFO - [BBC] Attempt 1/1: Trying with 'requests_browser' strategy...
2025-11-27 23:25:15,389 - INFO - [BBC] Success with 'requests_browser'. Found content (420 words).
2025-11-27 23:25:15,450 - INFO - Duplicate article skipped: Australia social media ban: Teens challenge law before High Court from BBC
2025-11-27 23:25:15,662 - INFO - [The Hindu] Page content loaded.
2025-11-27 23:25:15,810 - INFO - [The Hindu] Success with 'selenium_browser'. Found content (253 words).
2025-11-27 23:25:15,922 - INFO - Duplicate article skipped: Supreme Court asks government to consider a law against ridicule of PwDs - The Hindu from The Hindu
2025-11-27 23:25:16,208 - INFO - [BBC] Article: https://www.bbc.com/news/articles/cr4drle9k12o?at_medium=RSS&at_campaign=rss
2025-11-27 23:25:16,208 - INFO - [BBC] Attempt 1/1: Trying with 'requests_browser' strategy...
2025-11-27 23:25:16,418 - INFO - [BBC] Success with 'requests_browser'. Found content (493 words).
2025-11-27 23:25:16,529 - INFO - Duplicate article skipped: Chicago man accused of setting train passenger on fire had 72 prior arrests from BBC
2025-11-27 23:25:16,530 - INFO - [The Hindu] Article: https://www.thehindu.com/news/national/odisha/droupadi-murmu-becomes-first-president-to-address-odisha-assembly/article70330619.ece
2025-11-27 23:25:16,530 - INFO - [The Hindu] Attempt 1/1: Trying with 'selenium_browser' strategy...
2025-11-27 23:25:17,473 - INFO - [The Hindu] Page content loaded.
2025-11-27 23:25:17,545 - INFO - [The Hindu] Success with 'selenium_browser'. Found content (373 words).
2025-11-27 23:25:17,649 - INFO - Duplicate article skipped: Droupadi Murmu becomes first President to address Odisha Assembly - The Hindu from The Hindu
2025-11-27 23:25:17,739 - INFO - [BBC] Article: https://www.bbc.com/news/articles/c1dzp050yn2o?at_medium=RSS&at_campaign=rss
2025-11-27 23:25:17,740 - INFO - [BBC] Attempt 1/1: Trying with 'requests_browser' strategy...
2025-11-27 23:25:17,800 - INFO - [BBC] Success with 'requests_browser'. Found content (1232 words).
2025-11-27 23:25:17,860 - INFO - Duplicate article skipped: Italian parliament unanimously votes to make femicide a crime from BBC
2025-11-27 23:25:18,165 - INFO - [The Hindu] Article: https://www.thehindu.com/news/national/assam/communal-tag-on-1983-assam-violence-unwarranted-resurrected-panels-report/article70331447.ece
2025-11-27 23:25:18,165 - INFO - [The Hindu] Attempt 1/1: Trying with 'selenium_browser' strategy...
2025-11-27 23:25:19,007 - INFO - [The Hindu] Page content loaded.
2025-11-27 23:25:19,174 - INFO - [The Hindu] Success with 'selenium_browser'. Found content (896 words).
2025-11-27 23:25:19,286 - INFO - Duplicate article skipped: Communal tag on 1983 Assam violence unwarranted: Resurrected panel’s report - The Hindu from The Hindu
2025-11-27 23:25:19,812 - INFO - [The Hindu] Article: https://www.thehindu.com/news/cities/mumbai/legal-notice-to-mumbai-police-for-failure-to-file-fir-against-bjp-city-president-for-hate-speech/article70330030.ece
2025-11-27 23:25:19,812 - INFO - [The Hindu] Attempt 1/1: Trying with 'selenium_browser' strategy...
2025-11-27 23:25:20,802 - INFO - [The Hindu] Page content loaded.
2025-11-27 23:25:20,936 - INFO - [The Hindu] Success with 'selenium_browser'. Found content (368 words).
2025-11-27 23:25:21,033 - INFO - Duplicate article skipped: Legal notice to Mumbai Police for failure to file FIR against BJP city president for hate speech - The Hindu from The Hindu
2025-11-27 23:25:22,121 - INFO - [The Hindu] Article: https://www.thehindu.com/news/national/odisha/orissa-hc-quashes-govt-order-allowing-mps-mlas-to-recommend-teachers-transfer/article70331238.ece
2025-11-27 23:25:22,121 - INFO - [The Hindu] Attempt 1/1: Trying with 'selenium_browser' strategy...
2025-11-27 23:25:23,007 - INFO - [The Hindu] Page content loaded.
2025-11-27 23:25:23,288 - INFO - [The Hindu] Success with 'selenium_browser'. Found content (309 words).
2025-11-27 23:25:23,392 - INFO - Duplicate article skipped: Orissa HC quashes govt order allowing MPs, MLAs to recommend teachers’ transfer - The Hindu from The Hindu
2025-11-27 23:25:24,164 - ERROR - [Times of India] Request failed for strategy 'selenium_browser' on URL https://timesofindia.indiatimes.com/world/us-streamers/why-some-long-time-youtube-channels-are-disappearing-without-warning/articleshow/125624158.cms: Message: timeout: Timed out receiving message from renderer: 59.616
  (Session info: chrome=142.0.7444.162)
Stacktrace:
#0 0x563e96e1432a <unknown>
#1 0x563e96860e4b <unknown>
#2 0x563e96848e0d <unknown>
#3 0x563e96848af0 <unknown>
#4 0x563e968468ff <unknown>
#5 0x563e9684727f <unknown>
#6 0x563e96855ca3 <unknown>
#7 0x563e9686f601 <unknown>
#8 0x563e96875e0b <unknown>
#9 0x563e968479bd <unknown>
#10 0x563e9686f3a7 <unknown>
#11 0x563e96900170 <unknown>
#12 0x563e968a5c1a <unknown>
#13 0x563e968a6921 <unknown>
#14 0x563e96ddb239 <unknown>
#15 0x563e96dde1e8 <unknown>
#16 0x563e96dc44c9 <unknown>
#17 0x563e96ddedb5 <unknown>
#18 0x563e96dabe93 <unknown>
#19 0x563e96e01098 <unknown>
#20 0x563e96e01273 <unknown>
#21 0x563e96e132c3 <unknown>
#22 0x7f608ec9caa4 <unknown>
#23 0x7f608ed29c6c <unknown>

2025-11-27 23:25:24,164 - ERROR - [Times of India] All scrape strategies failed for https://timesofindia.indiatimes.com/world/us-streamers/why-some-long-time-youtube-channels-are-disappearing-without-warning/articleshow/125624158.cms. Falling back to RSS description.
2025-11-27 23:25:24,168 - INFO - Duplicate article skipped: Why some long-time YouTube channels are disappearing without warning from Times of India
2025-11-27 23:25:24,807 - INFO - [The Hindu] Article: https://www.thehindu.com/news/national/jammu-and-kashmir/journalists-house-demolished-in-jammupdp-cpim-condemn-move/article70331945.ece
2025-11-27 23:25:24,807 - INFO - [The Hindu] Attempt 1/1: Trying with 'selenium_browser' strategy...
2025-11-27 23:25:24,951 - INFO - [Times of India] Article: https://timesofindia.indiatimes.com/sports/international-sports/who-is-fuzzy-zoeller-famous-two-time-major-champion-golfer-dies-at-74-after-masters-history/articleshow/125624118.cms
2025-11-27 23:25:24,951 - INFO - [Times of India] Attempt 1/1: Trying with 'selenium_browser' strategy...
2025-11-27 23:25:26,231 - INFO - [The Hindu] Page content loaded.
2025-11-27 23:25:26,512 - INFO - [The Hindu] Success with 'selenium_browser'. Found content (369 words).
2025-11-27 23:25:26,636 - INFO - Duplicate article skipped: Journalist’s house demolished in Jammu; PDP, CPI(M) condemn move - The Hindu from The Hindu
2025-11-27 23:25:26,689 - INFO - [Times of India] Page content loaded.
2025-11-27 23:25:26,949 - INFO - [Times of India] Success with 'selenium_browser'. Found content (425 words).
2025-11-27 23:25:27,047 - INFO - Duplicate article skipped: Who was Fuzzy Zoeller? Famous two-time major champion golfer dies at 74 after Masters history | International Sports News - The Times of India from Times of India
2025-11-27 23:25:28,068 - INFO - [The Hindu] Article: https://www.thehindu.com/news/national/rajasthan/rajasthan-taking-steps-to-bring-excess-yamuna-waters-during-monsoon/article70330938.ece
2025-11-27 23:25:28,068 - INFO - [The Hindu] Attempt 1/1: Trying with 'selenium_browser' strategy...
2025-11-27 23:25:28,265 - INFO - [Times of India] Article: https://timesofindia.indiatimes.com/world/us/you-have-criminal-record-indian-origin-sikh-man-stopped-from-entering-canada-from-us-interaction-goes-viral/articleshow/125624001.cms
2025-11-27 23:25:28,265 - INFO - [Times of India] Attempt 1/1: Trying with 'selenium_browser' strategy...
2025-11-27 23:25:29,020 - INFO - [The Hindu] Page content loaded.
2025-11-27 23:25:29,118 - INFO - [The Hindu] Success with 'selenium_browser'. Found content (344 words).
2025-11-27 23:25:29,254 - INFO - Duplicate article skipped: Rajasthan taking steps to bring excess Yamuna waters during monsoon - The Hindu from The Hindu
2025-11-27 23:25:29,807 - INFO - [Times of India] Page content loaded.
2025-11-27 23:25:30,079 - INFO - [Times of India] Success with 'selenium_browser'. Found content (339 words).
2025-11-27 23:25:30,211 - INFO - Duplicate article skipped: 'You have criminal record': Indian-origin Sikh man stopped from entering Canada from US, interaction goes viral - The Times of India from Times of India
2025-11-27 23:25:30,345 - INFO - [The Hindu] Article: https://www.thehindu.com/news/cities/kolkata/living-in-fear-transpersons-fear-being-struck-off-voter-rolls-amid-sir/article70332207.ece
2025-11-27 23:25:30,345 - INFO - [The Hindu] Attempt 1/1: Trying with 'selenium_browser' strategy...
2025-11-27 23:25:31,043 - INFO - [Times of India] Article: https://timesofindia.indiatimes.com/world/us/watch-zohran-mamdani-does-the-iconic-shah-rukh-khan-pose-while-guessing-bollywood-songs-with-mehdi-hasan/articleshow/125623177.cms
2025-11-27 23:25:31,043 - INFO - [Times of India] Attempt 1/1: Trying with 'selenium_browser' strategy...
2025-11-27 23:25:31,763 - INFO - [The Hindu] Page content loaded.
2025-11-27 23:25:31,979 - INFO - [The Hindu] Success with 'selenium_browser'. Found content (538 words).
2025-11-27 23:25:32,141 - INFO - Duplicate article skipped: ‘Living in fear’: transpersons fear being struck off voter rolls amid SIR - The Hindu from The Hindu
2025-11-27 23:25:32,728 - INFO - [The Hindu] Article: https://www.thehindu.com/news/national/telangana/telangana-food-safety-officials-flag-compliance-issues-by-e-commerce-players/article70331881.ece
2025-11-27 23:25:32,728 - INFO - [The Hindu] Attempt 1/1: Trying with 'selenium_browser' strategy...
2025-11-27 23:25:33,518 - INFO - [Times of India] Page content loaded.
2025-11-27 23:25:33,665 - INFO - [Times of India] Success with 'selenium_browser'. Found content (352 words).
2025-11-27 23:25:34,070 - INFO - Duplicate article skipped: Watch: Zohran Mamdani does the iconic Shah Rukh Khan pose while guessing Bollywood songs with Mehdi Hasan - The Times of India from Times of India
2025-11-27 23:25:34,751 - INFO - [The Hindu] Page content loaded.
2025-11-27 23:25:34,753 - INFO - [Times of India] Article: https://timesofindia.indiatimes.com/world/us/you-miss-all-the-signs-when-kash-patel-on-how-trump-admin-granted-asylum-to-shooter-rahmanullah-lakanwal/articleshow/125623150.cms
2025-11-27 23:25:34,753 - INFO - [Times of India] Attempt 1/1: Trying with 'selenium_browser' strategy...
2025-11-27 23:25:34,844 - INFO - [The Hindu] Success with 'selenium_browser'. Found content (282 words).
2025-11-27 23:25:34,984 - INFO - Duplicate article skipped: Telangana food safety officials flag compliance issues by e-commerce players - The Hindu from The Hindu
2025-11-27 23:25:36,199 - INFO - [The Hindu] Article: https://www.thehindu.com/news/national/west-bengal/sukanta-majumdar-faces-protests-at-diamond-harbour-blames-it-on-trinamool-congress/article70330604.ece
2025-11-27 23:25:36,200 - INFO - [The Hindu] Attempt 1/1: Trying with 'selenium_browser' strategy...
2025-11-27 23:25:36,573 - INFO - [Times of India] Page content loaded.
2025-11-27 23:25:36,802 - INFO - [Times of India] Success with 'selenium_browser'. Found content (372 words).
2025-11-27 23:25:36,888 - INFO - Duplicate article skipped: 'You miss all the signs when...': Kash Patel on how Trump admin granted asylum to shooter Rahmanullah Lakanwal - The Times of India from Times of India
2025-11-27 23:25:37,069 - INFO - [The Hindu] Page content loaded.
2025-11-27 23:25:37,265 - INFO - [The Hindu] Success with 'selenium_browser'. Found content (414 words).
2025-11-27 23:25:37,364 - INFO - Duplicate article skipped: Sukanta Majumdar faces protests at Diamond Harbour, blames it on Trinamool Congress - The Hindu from The Hindu
2025-11-27 23:25:38,004 - INFO - [Times of India] Article: https://timesofindia.indiatimes.com/world/us-streamers/hasan-pikar-calls-out-asmongold-for-hasan-is-finished-video-over-china-trip-clips/articleshow/125623329.cms
2025-11-27 23:25:38,005 - INFO - [Times of India] Attempt 1/1: Trying with 'selenium_browser' strategy...
2025-11-27 23:25:38,504 - INFO - [The Hindu] Article: https://www.thehindu.com/news/cities/Delhi/police-nab-member-of-himanshu-bhau-gang-after-exchange-of-fire/article70331778.ece
2025-11-27 23:25:38,504 - INFO - [The Hindu] Attempt 1/1: Trying with 'selenium_browser' strategy...
2025-11-27 23:25:39,481 - INFO - [Times of India] Page content loaded.
2025-11-27 23:25:39,500 - INFO - [The Hindu] Page content loaded.
2025-11-27 23:25:39,708 - INFO - [Times of India] Success with 'selenium_browser'. Found content (428 words).
2025-11-27 23:25:39,870 - INFO - [The Hindu] Success with 'selenium_browser'. Found content (282 words).
2025-11-27 23:26:04,520 - INFO - Saved article: Hasan Pikar calls out Asmongold for ‘Hasan is finished’ video over China trip clips - The Times of India from Times of India
2025-11-27 23:26:04,524 - INFO - Duplicate article skipped: Police nab member of Himanshu Bhau gang after exchange of fire - The Hindu from The Hindu
2025-11-27 23:26:05,249 - INFO - [The Hindu] Article: https://www.thehindu.com/news/national/tamil-nadu/farmer-held-for-possession-of-country-made-guns/article70331050.ece
2025-11-27 23:26:05,249 - INFO - [The Hindu] Attempt 1/1: Trying with 'selenium_browser' strategy...
2025-11-27 23:26:05,370 - INFO - [Times of India] Article: https://timesofindia.indiatimes.com/world/us/how-rahmanullah-lakanwal-made-it-from-afghanistan-to-us-before-white-house-shooting-inside-operation-allies-welcome/articleshow/125622030.cms
2025-11-27 23:26:05,371 - INFO - [Times of India] Attempt 1/1: Trying with 'selenium_browser' strategy...
2025-11-27 23:26:06,440 - INFO - [The Hindu] Page content loaded.
2025-11-27 23:26:06,557 - INFO - [The Hindu] Success with 'selenium_browser'. Found content (179 words).
2025-11-27 23:26:06,641 - INFO - Duplicate article skipped: Farmer held for possession of country-made guns - The Hindu from The Hindu
2025-11-27 23:26:07,224 - INFO - [The Hindu] Article: https://www.thehindu.com/news/national/karnataka/hcl-to-hold-its-maiden-cyclothon-in-bengaluru-on-nice-road/article70331902.ece
2025-11-27 23:26:07,224 - INFO - [The Hindu] Attempt 1/1: Trying with 'selenium_browser' strategy...
2025-11-27 23:26:09,463 - INFO - [Times of India] Page content loaded.
2025-11-27 23:26:09,736 - INFO - [Times of India] Success with 'selenium_browser'. Found content (585 words).
2025-11-27 23:26:09,869 - INFO - Duplicate article skipped: How Rahmanullah Lakanwal made it from Afghanistan to US before White House shooting — Inside Operation Allies Welcome - The Times of India from Times of India
2025-11-27 23:26:09,904 - INFO - [The Hindu] Page content loaded.
2025-11-27 23:26:10,192 - INFO - [The Hindu] Success with 'selenium_browser'. Found content (279 words).
2025-11-27 23:26:10,306 - INFO - Duplicate article skipped: HCL to hold its maiden cyclothon in Bengaluru on NICE Road - The Hindu from The Hindu
2025-11-27 23:26:10,494 - INFO - [Times of India] Article: https://timesofindia.indiatimes.com/world/uk/canadian-company-buys-uks-most-iconic-indian-restaurants-including-veeraswamy-and-chutney-mary/articleshow/125621572.cms
2025-11-27 23:26:10,495 - INFO - [Times of India] Attempt 1/1: Trying with 'selenium_browser' strategy...
2025-11-27 23:26:11,733 - INFO - [The Hindu] Article: https://www.thehindu.com/news/national/tamil-nadu/iit-madrassigns-mou-for-start-up-development/article70329886.ece
2025-11-27 23:26:11,733 - INFO - [The Hindu] Attempt 1/1: Trying with 'selenium_browser' strategy...
2025-11-27 23:26:12,729 - INFO - [Times of India] Page content loaded.
2025-11-27 23:26:12,952 - INFO - [Times of India] Success with 'selenium_browser'. Found content (404 words).
2025-11-27 23:26:13,071 - INFO - Duplicate article skipped: Canadian company buys UK’s most iconic Indian restaurants, including Veeraswamy and Chutney Mary - The Times of India from Times of India
2025-11-27 23:26:13,593 - INFO - [Times of India] Article: https://timesofindia.indiatimes.com/world/us/us-ceo-backs-h-1b-says-100000-fee-will-hurt-economy-immigrant-workers-have-different-skill-sets/articleshow/125621078.cms
2025-11-27 23:26:13,593 - INFO - [Times of India] Attempt 1/1: Trying with 'selenium_browser' strategy...
2025-11-27 23:26:14,990 - INFO - [The Hindu] Page content loaded.
2025-11-27 23:26:15,157 - INFO - [The Hindu] Success with 'selenium_browser'. Found content (156 words).
2025-11-27 23:26:15,262 - INFO - Duplicate article skipped: IIT-Madras signs MoU for start-up development - The Hindu from The Hindu
2025-11-27 23:26:16,606 - INFO - [The Hindu] Article: https://www.thehindu.com/elections/bihar-assembly/bihar-congress-leaders-point-out-flaws-after-poll-loss-but-party-high-command-sticks-to-vote-chori/article70331965.ece
2025-11-27 23:26:16,606 - INFO - [The Hindu] Attempt 1/1: Trying with 'selenium_browser' strategy...
2025-11-27 23:26:17,282 - INFO - [Times of India] Page content loaded.
2025-11-27 23:26:17,556 - INFO - [The Hindu] Page content loaded.
2025-11-27 23:26:17,784 - INFO - [The Hindu] Success with 'selenium_browser'. Found content (435 words).
2025-11-27 23:26:17,913 - INFO - Duplicate article skipped: Bihar Congress leaders point out flaws after poll loss, but party high command sticks to vote chori - The Hindu from The Hindu
2025-11-27 23:26:18,023 - INFO - [Times of India] Success with 'selenium_browser'. Found content (405 words).
2025-11-27 23:26:18,220 - INFO - Duplicate article skipped: US CEO backs H-1B, says $100,000 fee will hurt economy: 'Immigrant workers have different skill sets' - The Times of India from Times of India
2025-11-27 23:26:18,469 - INFO - [The Hindu] Article: https://www.thehindu.com/news/national/karnataka/digital-mobile-planetarium-programme-launched/article70330841.ece
2025-11-27 23:26:18,469 - INFO - [The Hindu] Attempt 1/1: Trying with 'selenium_browser' strategy...
2025-11-27 23:26:19,014 - INFO - [Times of India] Article: https://timesofindia.indiatimes.com/world/us/who-is-joy-reid-tv-host-who-said-jd-vance-will-leave-brown-hindu-wife-usha-for-white-queen-erika-kirk/articleshow/125619706.cms
2025-11-27 23:26:19,015 - INFO - [Times of India] Attempt 1/1: Trying with 'selenium_browser' strategy...
2025-11-27 23:26:21,517 - INFO - [Times of India] Page content loaded.
2025-11-27 23:26:22,310 - INFO - [Times of India] Success with 'selenium_browser'. Found content (300 words).
2025-11-27 23:26:22,425 - INFO - Duplicate article skipped: Who is Joy Reid? TV host who said JD Vance will leave ‘brown Hindu wife’ Usha for ‘white queen’ Erika Kirk - The Times of India from Times of India
2025-11-27 23:26:23,165 - INFO - [Times of India] Article: https://timesofindia.indiatimes.com/world/us/reckless-and-criminal-another-indian-origin-truck-driver-sukhjinder-singh-in-ice-custody-months-after-fatal-crash-in-west-virginia/articleshow/125619484.cms
2025-11-27 23:26:23,166 - INFO - [Times of India] Attempt 1/1: Trying with 'selenium_browser' strategy...
2025-11-27 23:27:18,487 - ERROR - [The Hindu] Request failed for strategy 'selenium_browser' on URL https://www.thehindu.com/news/national/karnataka/digital-mobile-planetarium-programme-launched/article70330841.ece: Message: timeout: Timed out receiving message from renderer: 59.476
  (Session info: chrome=142.0.7444.162)
Stacktrace:
#0 0x556500c7632a <unknown>
#1 0x5565006c2e4b <unknown>
#2 0x5565006aae0d <unknown>
#3 0x5565006aaaf0 <unknown>
#4 0x5565006a88ff <unknown>
#5 0x5565006a927f <unknown>
#6 0x5565006b7ca3 <unknown>
#7 0x5565006d1601 <unknown>
#8 0x5565006d7e0b <unknown>
#9 0x5565006a99bd <unknown>
#10 0x5565006d13a7 <unknown>
#11 0x556500762170 <unknown>
#12 0x556500707c1a <unknown>
#13 0x556500708921 <unknown>
#14 0x556500c3d239 <unknown>
#15 0x556500c401e8 <unknown>
#16 0x556500c264c9 <unknown>
#17 0x556500c40db5 <unknown>
#18 0x556500c0de93 <unknown>
#19 0x556500c63098 <unknown>
#20 0x556500c63273 <unknown>
#21 0x556500c752c3 <unknown>
#22 0x7f3eac69caa4 <unknown>
#23 0x7f3eac729c6c <unknown>

2025-11-27 23:27:18,487 - ERROR - [The Hindu] All scrape strategies failed for https://www.thehindu.com/news/national/karnataka/digital-mobile-planetarium-programme-launched/article70330841.ece. Falling back to RSS description.
2025-11-27 23:27:18,488 - INFO - Duplicate article skipped: Digital Mobile Planetarium programme launched from The Hindu
2025-11-27 23:27:19,794 - INFO - [The Hindu] Article: https://www.thehindu.com/news/national/karnataka/delhi-metro-floats-tender-to-develop-integrated-data-management-system-for-bengaluru-metro/article70331678.ece
2025-11-27 23:27:19,794 - INFO - [The Hindu] Attempt 1/1: Trying with 'selenium_browser' strategy...
2025-11-27 23:27:20,389 - INFO - [The Hindu] Page content loaded.
2025-11-27 23:27:20,434 - INFO - [The Hindu] Success with 'selenium_browser'. Found content (217 words).
2025-11-27 23:27:20,508 - INFO - Duplicate article skipped: Delhi Metro floats tender to develop Integrated Data Management System for Bengaluru Metro - The Hindu from The Hindu
2025-11-27 23:27:21,906 - INFO - [The Hindu] (Thread) Finished. Attempting to shut down its Selenium driver.
2025-11-27 23:27:22,077 - INFO - [The Hindu] (Thread) driver.quit() successful.
2025-11-27 23:28:23,259 - ERROR - [Times of India] Request failed for strategy 'selenium_browser' on URL https://timesofindia.indiatimes.com/world/us/reckless-and-criminal-another-indian-origin-truck-driver-sukhjinder-singh-in-ice-custody-months-after-fatal-crash-in-west-virginia/articleshow/125619484.cms: HTTPConnectionPool(host='localhost', port=40851): Read timed out. (read timeout=120)
2025-11-27 23:28:23,259 - ERROR - [Times of India] All scrape strategies failed for https://timesofindia.indiatimes.com/world/us/reckless-and-criminal-another-indian-origin-truck-driver-sukhjinder-singh-in-ice-custody-months-after-fatal-crash-in-west-virginia/articleshow/125619484.cms. Falling back to RSS description.
2025-11-27 23:28:23,260 - INFO - Duplicate article skipped: 'Reckless and criminal': Another Indian-origin truck driver Sukhjinder Singh in ICE custody, months after fatal crash in West Virginia from Times of India
2025-11-27 23:28:24,143 - INFO - [Times of India] Article: https://timesofindia.indiatimes.com/world/us-streamers/candace-owens-raises-new-questions-as-she-seeks-footage-of-egyptians-she-claims-came-to-provo-before-charlie-kirks-death/articleshow/125619370.cms
2025-11-27 23:28:24,143 - INFO - [Times of India] Attempt 1/1: Trying with 'selenium_browser' strategy...
2025-11-27 23:29:11,952 - CRITICAL - --- TIMEOUT: 1 scrape jobs did not complete in 300s. ---
2025-11-27 23:29:11,952 - ERROR - A thread has timed out and will be abandoned.
2025-11-27 23:29:11,952 - INFO - Shutting down thread pool (wait=False)...
2025-11-27 23:29:11,952 - INFO - Scraped: 2 The Hindu, 0 BBC, 0 The Guardian, 1 Timed_Out_Jobs articles. (Total saved: 2)
2025-11-27 23:29:11,952 - INFO - --- Scraping job finished ---
2025-11-27 23:29:11,953 - INFO - --- Scraper service stopped and database connection closed. ---
2025-11-27 23:29:11,953 - INFO - --- Main thread finished. Forcing process exit to kill zombie threads. ---
