2025-11-27 21:22:02,817 - INFO - Loading AI Semantic Model (all-MiniLM-L6-v2)...
2025-11-27 21:22:02,817 - INFO - Use pytorch device_name: cpu
2025-11-27 21:22:02,818 - INFO - Load pretrained SentenceTransformer: all-MiniLM-L6-v2
2025-11-27 21:22:03,462 - INFO - AI Model loaded successfully.
2025-11-27 21:22:03,462 - INFO - Initializing database connection at: news_articles.db
2025-11-27 21:22:03,462 - INFO - --- Scraper service started (CI Mode: Run Once) ---
2025-11-27 21:22:03,462 - INFO - --- Starting new scraping job (Parallel Mode) ---
2025-11-27 21:22:03,462 - INFO - Creating new robust session with 3 retries on 5xx/connection/read errors.
2025-11-27 21:22:03,462 - INFO - Proxy is DISABLED.
2025-11-27 21:22:03,463 - INFO - Starting scrape for BBC RSS feed: http://feeds.bbci.co.uk/news/world/rss.xml
2025-11-27 21:22:03,464 - INFO - [Times of India] (Thread) requires Selenium. Initializing driver...
2025-11-27 21:22:03,464 - INFO - Initializing headless Selenium Chrome driver (using SeleniumManager)...
2025-11-27 21:22:03,465 - INFO - Starting scrape for The Guardian RSS feed: https://www.theguardian.com/world/rss
2025-11-27 21:22:03,467 - INFO - [The Hindu] (Thread) requires Selenium. Initializing driver...
2025-11-27 21:22:03,467 - INFO - Initializing headless Selenium Chrome driver (using SeleniumManager)...
2025-11-27 21:22:03,467 - INFO - Submitted 4 jobs to thread pool. Waiting up to 300s for completion...
2025-11-27 21:22:03,557 - INFO - Found 45 articles in The Guardian RSS feed. Processing up to 20.
2025-11-27 21:22:03,557 - INFO - [The Guardian] Article: https://www.theguardian.com/world/2025/nov/26/guinea-bissau-officers-take-total-control-close-borders-amid-election-chaos
2025-11-27 21:22:03,557 - INFO - [The Guardian] Attempt 1/1: Trying with 'requests_browser' strategy...
2025-11-27 21:22:03,599 - INFO - [The Guardian] Success with 'requests_browser'. Found content (412 words).
2025-11-27 21:22:03,638 - INFO - Duplicate article skipped: Guinea-Bissau military takes ‘total control’ amid election chaos | Guinea-Bissau | The Guardian from The Guardian
2025-11-27 21:22:03,644 - INFO - Found 33 articles in BBC RSS feed. Processing up to 20.
2025-11-27 21:22:03,644 - INFO - [BBC] Article: https://www.bbc.com/news/articles/c62n3enz9klo?at_medium=RSS&at_campaign=rss
2025-11-27 21:22:03,644 - INFO - [BBC] Attempt 1/1: Trying with 'requests_browser' strategy...
2025-11-27 21:22:03,949 - INFO - [BBC] Success with 'requests_browser'. Found content (727 words).
2025-11-27 21:22:04,011 - INFO - Duplicate article skipped: Hong Kong: Firefighters search for missing in tower blocks fire from BBC
2025-11-27 21:22:04,168 - INFO - [The Guardian] Article: https://www.theguardian.com/world/2025/nov/25/nigerian-schoolgirls-rescued-after-mass-abduction-in-kebbi
2025-11-27 21:22:04,168 - INFO - [The Guardian] Attempt 1/1: Trying with 'requests_browser' strategy...
2025-11-27 21:22:04,198 - INFO - [The Guardian] Success with 'requests_browser'. Found content (515 words).
2025-11-27 21:22:04,241 - INFO - Duplicate article skipped: Nigerian schoolgirls rescued after mass abduction in Kebbi | Nigeria | The Guardian from The Guardian
2025-11-27 21:22:05,154 - INFO - [BBC] Article: https://www.bbc.com/news/videos/c3w7e2p48l7o?at_medium=RSS&at_campaign=rss
2025-11-27 21:22:05,154 - INFO - [BBC] Attempt 1/1: Trying with 'requests_browser' strategy...
2025-11-27 21:22:05,177 - INFO - [The Guardian] Article: https://www.theguardian.com/world/2025/nov/25/jacob-zuma-daughter-accused-tricking-men-fighting-for-russia-in-ukraine
2025-11-27 21:22:05,177 - INFO - [The Guardian] Attempt 1/1: Trying with 'requests_browser' strategy...
2025-11-27 21:22:05,232 - INFO - [The Guardian] Success with 'requests_browser'. Found content (656 words).
2025-11-27 21:22:05,276 - INFO - Duplicate article skipped: Jacob Zuma’s daughter accused of tricking men into fighting for Russia in Ukraine | South Africa | The Guardian from The Guardian
2025-11-27 21:22:05,281 - INFO - [BBC] Success with 'requests_browser'. Found content (148 words).
2025-11-27 21:22:05,323 - INFO - Duplicate article skipped: Video shows speed fire spreads in Hong Kong tower block from BBC
2025-11-27 21:22:06,017 - INFO - [BBC] Article: https://www.bbc.com/news/articles/cp84nl57v0lo?at_medium=RSS&at_campaign=rss
2025-11-27 21:22:06,017 - INFO - [BBC] Attempt 1/1: Trying with 'requests_browser' strategy...
2025-11-27 21:22:06,052 - INFO - [BBC] Success with 'requests_browser'. Found content (669 words).
2025-11-27 21:22:06,214 - INFO - [The Guardian] Article: https://www.theguardian.com/uk-news/2025/nov/24/uk-rejects-nigerian-request-to-deport-former-politican-ike-ekweremadu-jailed-for-organ-trafficking
2025-11-27 21:22:06,220 - INFO - [The Guardian] Attempt 1/1: Trying with 'requests_browser' strategy...
2025-11-27 21:22:06,238 - INFO - Duplicate article skipped: Putin doubles down on demands for Ukrainian territory ahead of talks with US from BBC
2025-11-27 21:22:06,263 - INFO - [The Guardian] Success with 'requests_browser'. Found content (545 words).
2025-11-27 21:22:06,298 - INFO - Duplicate article skipped: UK rejects Nigerian request to deport former politican jailed for organ trafficking | UK news | The Guardian from The Guardian
2025-11-27 21:22:06,740 - INFO - [BBC] Article: https://www.bbc.com/news/articles/c0edw348pewo?at_medium=RSS&at_campaign=rss
2025-11-27 21:22:06,740 - INFO - [BBC] Attempt 1/1: Trying with 'requests_browser' strategy...
2025-11-27 21:22:06,772 - INFO - [BBC] Success with 'requests_browser'. Found content (495 words).
2025-11-27 21:22:06,808 - INFO - Duplicate article skipped: US-Palestinian teen freed after nine months in Israeli jail from BBC
2025-11-27 21:22:06,992 - INFO - [The Guardian] Article: https://www.theguardian.com/world/2025/nov/24/ethiopian-volcano-hayli-gubbi-erupts-first-time-12000-years
2025-11-27 21:22:06,992 - INFO - [The Guardian] Attempt 1/1: Trying with 'requests_browser' strategy...
2025-11-27 21:22:07,016 - INFO - [The Guardian] Success with 'requests_browser'. Found content (306 words).
2025-11-27 21:22:07,050 - INFO - Duplicate article skipped: Ethiopian volcano erupts for first time in 12,000 years | Ethiopia | The Guardian from The Guardian
2025-11-27 21:22:07,531 - INFO - [BBC] Article: https://www.bbc.com/news/articles/cgex957qg97o?at_medium=RSS&at_campaign=rss
2025-11-27 21:22:07,531 - INFO - [BBC] Attempt 1/1: Trying with 'requests_browser' strategy...
2025-11-27 21:22:07,567 - INFO - [BBC] Success with 'requests_browser'. Found content (779 words).
2025-11-27 21:22:07,606 - INFO - Duplicate article skipped: US suspends immigration requests for Afghans after National Guard shooting from BBC
2025-11-27 21:22:08,435 - INFO - [BBC] Article: https://www.bbc.com/news/articles/c0edw7g7z79o?at_medium=RSS&at_campaign=rss
2025-11-27 21:22:08,435 - INFO - [BBC] Attempt 1/1: Trying with 'requests_browser' strategy...
2025-11-27 21:22:08,472 - INFO - [BBC] Success with 'requests_browser'. Found content (1054 words).
2025-11-27 21:22:08,509 - INFO - Duplicate article skipped: France brings back limited military service with 3,000 volunteers next year from BBC
2025-11-27 21:22:08,522 - INFO - [The Guardian] Article: https://www.theguardian.com/world/2025/nov/27/perus-ousted-president-of-the-poor-gets-11-year-sentence-for-rebellion
2025-11-27 21:22:08,522 - INFO - [The Guardian] Attempt 1/1: Trying with 'requests_browser' strategy...
2025-11-27 21:22:08,546 - INFO - [The Guardian] Success with 'requests_browser'. Found content (346 words).
2025-11-27 21:22:08,580 - INFO - Duplicate article skipped: Peru’s ousted ‘president of the poor’ gets 11-year sentence for rebellion | Peru | The Guardian from The Guardian
2025-11-27 21:22:09,606 - INFO - [The Guardian] Article: https://www.theguardian.com/world/2025/nov/27/venezuela-bans-six-leading-airlines-as-tensions-with-us-escalate
2025-11-27 21:22:09,606 - INFO - [The Guardian] Attempt 1/1: Trying with 'requests_browser' strategy...
2025-11-27 21:22:09,638 - INFO - [The Guardian] Success with 'requests_browser'. Found content (371 words).
2025-11-27 21:22:09,684 - INFO - Duplicate article skipped: Venezuela bans six international airlines as tensions with US escalate | Venezuela | The Guardian from The Guardian
2025-11-27 21:22:09,751 - INFO - [BBC] Article: https://www.bbc.com/news/articles/cd0keyern0do?at_medium=RSS&at_campaign=rss
2025-11-27 21:22:09,751 - INFO - [BBC] Attempt 1/1: Trying with 'requests_browser' strategy...
2025-11-27 21:22:09,783 - INFO - [BBC] Success with 'requests_browser'. Found content (511 words).
2025-11-27 21:22:09,819 - INFO - Duplicate article skipped: Venezuela bans six major airlines after tensions with US escalate from BBC
2025-11-27 21:22:10,237 - INFO - [The Guardian] Article: https://www.theguardian.com/world/2025/nov/27/mark-carney-alberta-oil-pipeline-deal-canada-first-nations
2025-11-27 21:22:10,237 - INFO - [The Guardian] Attempt 1/1: Trying with 'requests_browser' strategy...
2025-11-27 21:22:10,264 - INFO - [The Guardian] Success with 'requests_browser'. Found content (614 words).
2025-11-27 21:22:10,298 - INFO - Duplicate article skipped: Mark Carney reaches deal with Alberta for oil pipeline opposed by First Nations | Canada | The Guardian from The Guardian
2025-11-27 21:22:10,786 - INFO - [BBC] Article: https://www.bbc.com/news/articles/cewj1e1yk2vo?at_medium=RSS&at_campaign=rss
2025-11-27 21:22:10,786 - INFO - [BBC] Attempt 1/1: Trying with 'requests_browser' strategy...
2025-11-27 21:22:10,836 - INFO - [BBC] Success with 'requests_browser'. Found content (1118 words).
2025-11-27 21:22:10,889 - INFO - Duplicate article skipped: Fracking transforms an Argentine town but what about the nation? from BBC
2025-11-27 21:22:11,197 - INFO - [The Guardian] Article: https://www.theguardian.com/us-news/2025/nov/27/peru-band-of-holes-mystery
2025-11-27 21:22:11,197 - INFO - [The Guardian] Attempt 1/1: Trying with 'requests_browser' strategy...
2025-11-27 21:22:11,219 - INFO - [The Guardian] Success with 'requests_browser'. Found content (563 words).
2025-11-27 21:22:11,256 - INFO - Duplicate article skipped: Florida professor may have solved mystery of Peru’s Band of Holes | US news | The Guardian from The Guardian
2025-11-27 21:22:11,515 - INFO - Selenium driver initialized successfully.
2025-11-27 21:22:11,515 - INFO - Starting scrape for Times of India RSS feed: https://timesofindia.indiatimes.com/rssfeeds/296589292.cms
2025-11-27 21:22:11,516 - INFO - Selenium driver initialized successfully.
2025-11-27 21:22:11,516 - INFO - Starting scrape for The Hindu RSS feed: https://www.thehindu.com/news/national/feeder/default.rss
2025-11-27 21:22:11,530 - INFO - [BBC] Article: https://www.bbc.com/news/articles/cdd560nvqqdo?at_medium=RSS&at_campaign=rss
2025-11-27 21:22:11,530 - INFO - [BBC] Attempt 1/1: Trying with 'requests_browser' strategy...
2025-11-27 21:22:11,570 - INFO - [BBC] Success with 'requests_browser'. Found content (1894 words).
2025-11-27 21:22:11,610 - INFO - Duplicate article skipped: Year after ceasefire, peace eludes south Lebanon as Israeli strikes continue from BBC
2025-11-27 21:22:11,655 - INFO - Found 100 articles in The Hindu RSS feed. Processing up to 20.
2025-11-27 21:22:11,655 - INFO - [The Hindu] Article: https://www.thehindu.com/news/national/supreme-court-asks-government-to-consider-a-law-against-ridicule-of-pwds/article70331961.ece
2025-11-27 21:22:11,655 - INFO - [The Hindu] Attempt 1/1: Trying with 'selenium_browser' strategy...
2025-11-27 21:22:11,671 - INFO - Found 20 articles in Times of India RSS feed. Processing up to 20.
2025-11-27 21:22:11,671 - INFO - [Times of India] Article: https://timesofindia.indiatimes.com/sports/international-sports/who-is-fuzzy-zoeller-famous-two-time-major-champion-golfer-dies-at-74-after-masters-history/articleshow/125624118.cms
2025-11-27 21:22:11,671 - INFO - [Times of India] Attempt 1/1: Trying with 'selenium_browser' strategy...
2025-11-27 21:22:11,764 - INFO - [The Guardian] Article: https://www.theguardian.com/world/2025/nov/27/miss-universe-co-owners-arrest-warrants
2025-11-27 21:22:11,764 - INFO - [The Guardian] Attempt 1/1: Trying with 'requests_browser' strategy...
2025-11-27 21:22:11,791 - INFO - [The Guardian] Success with 'requests_browser'. Found content (459 words).
2025-11-27 21:22:11,826 - INFO - Duplicate article skipped: Arrest warrants issued for Miss Universe co-owners in latest twist in pageant saga | Mexico | The Guardian from The Guardian
2025-11-27 21:22:12,737 - INFO - [The Guardian] Article: https://www.theguardian.com/world/live/2025/nov/27/hong-kong-fire-arrests-dead-killed-hundreds-missing-housing-complex-blaze
2025-11-27 21:22:12,737 - INFO - [The Guardian] Attempt 1/1: Trying with 'requests_browser' strategy...
2025-11-27 21:22:13,017 - INFO - [BBC] Article: https://www.bbc.com/news/articles/cy5g3076lqzo?at_medium=RSS&at_campaign=rss
2025-11-27 21:22:13,017 - INFO - [BBC] Attempt 1/1: Trying with 'requests_browser' strategy...
2025-11-27 21:22:13,126 - INFO - [The Guardian] Success with 'requests_browser'. Found content (1149 words).
2025-11-27 21:22:13,298 - INFO - [BBC] Success with 'requests_browser'. Found content (736 words).
2025-11-27 21:22:13,331 - INFO - Duplicate article skipped: Hong Kong fire: death toll rises to 83 as rescue crews search for survivors in still-burning towers – as it happened | Hong Kong | The Guardian from The Guardian
2025-11-27 21:22:13,375 - INFO - Duplicate article skipped: Pope Leo visits Turkey and warns humanity at stake from high level of conflict from BBC
2025-11-27 21:22:14,297 - INFO - [BBC] Article: https://www.bbc.com/news/articles/cvg164nvj77o?at_medium=RSS&at_campaign=rss
2025-11-27 21:22:14,297 - INFO - [BBC] Attempt 1/1: Trying with 'requests_browser' strategy...
2025-11-27 21:22:14,453 - INFO - [BBC] Success with 'requests_browser'. Found content (820 words).
2025-11-27 21:22:14,988 - INFO - [The Guardian] Article: https://www.theguardian.com/news/2025/nov/27/hong-kong-fire-tai-po-police-blame-construction-company
2025-11-27 21:22:14,988 - INFO - [The Guardian] Attempt 1/1: Trying with 'requests_browser' strategy...
2025-11-27 21:22:15,026 - INFO - Duplicate article skipped: Guinea-Bissau army general named president a day after apparent coup from BBC
2025-11-27 21:22:15,142 - INFO - [The Guardian] Success with 'requests_browser'. Found content (981 words).
2025-11-27 21:22:15,271 - INFO - Duplicate article skipped: Hong Kong police say unsafe scaffolding and foam may have spread fire that killed at least 83 | Hong Kong apartment fires | The Guardian from The Guardian
2025-11-27 21:22:15,622 - INFO - [BBC] Article: https://www.bbc.com/news/articles/cq8dq47j5y8o?at_medium=RSS&at_campaign=rss
2025-11-27 21:22:15,622 - INFO - [BBC] Attempt 1/1: Trying with 'requests_browser' strategy...
2025-11-27 21:22:15,793 - INFO - [BBC] Success with 'requests_browser'. Found content (595 words).
2025-11-27 21:22:15,955 - INFO - Duplicate article skipped: South Africa's Cyril Ramaphosa hits back after Donald Trump says US won't invite it for G20 summit from BBC
2025-11-27 21:22:15,955 - INFO - [The Guardian] Article: https://www.theguardian.com/world/2025/nov/27/anger-hong-kong-apartment-complex-fires-deaths
2025-11-27 21:22:15,955 - INFO - [The Guardian] Attempt 1/1: Trying with 'requests_browser' strategy...
2025-11-27 21:22:16,122 - INFO - [The Guardian] Success with 'requests_browser'. Found content (765 words).
2025-11-27 21:22:16,215 - INFO - Duplicate article skipped: Anger swelling in Hong Kong over deadliest fire in more than 70 years | Hong Kong | The Guardian from The Guardian
2025-11-27 21:22:16,690 - INFO - [BBC] Article: https://www.bbc.com/news/articles/cdxwzwe507ko?at_medium=RSS&at_campaign=rss
2025-11-27 21:22:16,690 - INFO - [BBC] Attempt 1/1: Trying with 'requests_browser' strategy...
2025-11-27 21:22:16,789 - INFO - [BBC] Success with 'requests_browser'. Found content (442 words).
2025-11-27 21:22:16,840 - INFO - [The Hindu] Page content loaded.
2025-11-27 21:22:16,891 - INFO - Duplicate article skipped: Malawi police investigate theft of four German Shepherds from Kamuzu Palace from BBC
2025-11-27 21:22:17,118 - INFO - [The Hindu] Success with 'selenium_browser'. Found content (253 words).
2025-11-27 21:22:17,390 - INFO - [The Guardian] Article: https://www.theguardian.com/news/2025/nov/27/hong-kong-apartment-complex-fire-reaction
2025-11-27 21:22:17,390 - INFO - [The Guardian] Attempt 1/1: Trying with 'requests_browser' strategy...
2025-11-27 21:22:17,619 - INFO - [The Guardian] Success with 'requests_browser'. Found content (735 words).
2025-11-27 21:22:17,637 - INFO - [BBC] Article: https://www.bbc.com/news/articles/cly0jjv2lg1o?at_medium=RSS&at_campaign=rss
2025-11-27 21:22:17,637 - INFO - [BBC] Attempt 1/1: Trying with 'requests_browser' strategy...
2025-11-27 21:22:18,105 - INFO - [BBC] Success with 'requests_browser'. Found content (1341 words).
2025-11-27 21:22:41,796 - INFO - Saved article: Supreme Court asks government to consider a law against ridicule of PwDs - The Hindu from The Hindu
2025-11-27 21:22:41,796 - INFO - Duplicate article skipped: ‘There should have been an alarm’: in air thick with acrid smoke, people in Hong Kong are reeling and angry | Hong Kong apartment fires | The Guardian from The Guardian
2025-11-27 21:22:41,796 - INFO - Duplicate article skipped: Russia Ukraine war: Where peace stands after frantic diplomacy from BBC
2025-11-27 21:22:42,920 - INFO - [The Guardian] Article: https://www.theguardian.com/world/2025/nov/27/jakarta-overtakes-tokyo-most-populous-city-world
2025-11-27 21:22:42,920 - INFO - [The Guardian] Attempt 1/1: Trying with 'requests_browser' strategy...
2025-11-27 21:22:42,946 - INFO - [The Guardian] Success with 'requests_browser'. Found content (515 words).
2025-11-27 21:22:42,981 - INFO - Duplicate article skipped: Jakarta overtakes Tokyo as world’s most populous city, according to UN | Indonesia | The Guardian from The Guardian
2025-11-27 21:22:43,062 - INFO - [The Hindu] Article: https://www.thehindu.com/news/national/odisha/droupadi-murmu-becomes-first-president-to-address-odisha-assembly/article70330619.ece
2025-11-27 21:22:43,062 - INFO - [The Hindu] Attempt 1/1: Trying with 'selenium_browser' strategy...
2025-11-27 21:22:43,208 - INFO - [BBC] Article: https://www.bbc.com/news/articles/c0edww3qgq2o?at_medium=RSS&at_campaign=rss
2025-11-27 21:22:43,208 - INFO - [BBC] Attempt 1/1: Trying with 'requests_browser' strategy...
2025-11-27 21:22:43,292 - INFO - [BBC] Success with 'requests_browser'. Found content (652 words).
2025-11-27 21:22:43,354 - INFO - Duplicate article skipped: Guinea-Bissau coup: Soldiers seize power and detain President Umaro Sissoco Embaló from BBC
2025-11-27 21:22:43,984 - INFO - [The Hindu] Page content loaded.
2025-11-27 21:22:44,263 - INFO - [The Hindu] Success with 'selenium_browser'. Found content (373 words).
2025-11-27 21:22:44,346 - INFO - [The Guardian] Article: https://www.theguardian.com/australia-news/live/2025/nov/28/australia-news-live-storms-hail-queensland-environment-laws-anthony-albanese-labor-greens-sussan-ley-coalition-ntwnfb
2025-11-27 21:22:44,346 - INFO - [The Guardian] Attempt 1/1: Trying with 'requests_browser' strategy...
2025-11-27 21:22:44,466 - INFO - [BBC] Article: https://www.bbc.com/news/articles/c3r7xr94ln8o?at_medium=RSS&at_campaign=rss
2025-11-27 21:22:44,466 - INFO - [BBC] Attempt 1/1: Trying with 'requests_browser' strategy...
2025-11-27 21:22:44,575 - INFO - [The Guardian] Success with 'requests_browser'. Found content (1815 words).
2025-11-27 21:22:44,770 - INFO - [BBC] Success with 'requests_browser'. Found content (724 words).
2025-11-27 21:22:59,409 - INFO - Saved article: Droupadi Murmu becomes first President to address Odisha Assembly - The Hindu from The Hindu
2025-11-27 21:22:59,409 - INFO - Duplicate article skipped: Australia news live: Watt says Coalition has ‘no one to blame but themselves’ after Labor does nature law deal with Greens | Australia news | The Guardian from The Guardian
2025-11-27 21:22:59,409 - INFO - Duplicate article skipped: Trump defends Witkoff after leak appears to show envoy coaching Russias from BBC
2025-11-27 21:23:00,035 - INFO - [The Hindu] Article: https://www.thehindu.com/news/national/assam/communal-tag-on-1983-assam-violence-unwarranted-resurrected-panels-report/article70331447.ece
2025-11-27 21:23:00,035 - INFO - [The Hindu] Attempt 1/1: Trying with 'selenium_browser' strategy...
2025-11-27 21:23:00,086 - INFO - [BBC] Article: https://www.bbc.com/news/articles/c74x55epn34o?at_medium=RSS&at_campaign=rss
2025-11-27 21:23:00,086 - INFO - [BBC] Attempt 1/1: Trying with 'requests_browser' strategy...
2025-11-27 21:23:00,345 - INFO - [The Guardian] Article: https://www.theguardian.com/australia-news/2025/nov/27/anti-abortion-activist-joanna-howes-claims-her-employer-gave-her-immunity-from-complaints-by-pro-choice-campaigners-ntwnfb
2025-11-27 21:23:00,346 - INFO - [The Guardian] Attempt 1/1: Trying with 'requests_browser' strategy...
2025-11-27 21:23:00,488 - INFO - [The Guardian] Success with 'requests_browser'. Found content (744 words).
2025-11-27 21:23:00,570 - INFO - Duplicate article skipped: Anti-abortion activist Joanna Howe claims University of Adelaide gave her immunity from complaints by pro-choice campaigners | South Australia | The Guardian from The Guardian
2025-11-27 21:23:00,919 - INFO - [The Hindu] Page content loaded.
2025-11-27 21:23:00,969 - INFO - [BBC] Success with 'requests_browser'. Found content (303 words).
2025-11-27 21:23:01,046 - INFO - Duplicate article skipped: Nicolas Sarkozy illegal campaign financing conviction upheld from BBC
2025-11-27 21:23:01,148 - INFO - [The Hindu] Success with 'selenium_browser'. Found content (896 words).
2025-11-27 21:23:01,836 - INFO - [BBC] Article: https://www.bbc.com/news/articles/c9d9l7w1g8yo?at_medium=RSS&at_campaign=rss
2025-11-27 21:23:01,841 - INFO - [BBC] Attempt 1/1: Trying with 'requests_browser' strategy...
2025-11-27 21:23:01,909 - INFO - [The Guardian] Article: https://www.theguardian.com/australia-news/2025/nov/27/santos-gas-plan-beetaloo-basin-northern-territory-fracking-fears
2025-11-27 21:23:01,909 - INFO - [The Guardian] Attempt 1/1: Trying with 'requests_browser' strategy...
2025-11-27 21:23:02,438 - INFO - [BBC] Success with 'requests_browser'. Found content (420 words).
2025-11-27 21:23:02,760 - INFO - [The Guardian] Success with 'requests_browser'. Found content (622 words).
2025-11-27 21:23:18,149 - INFO - Saved article: Communal tag on 1983 Assam violence unwarranted: Resurrected panel’s report - The Hindu from The Hindu
2025-11-27 21:23:18,149 - INFO - Duplicate article skipped: Australia social media ban: Teens challenge law before High Court from BBC
2025-11-27 21:23:18,149 - INFO - Duplicate article skipped: Fear of fracking rush in NT as Santos reveals plan for new gas wells in Beetaloo basin | Santos | The Guardian from The Guardian
2025-11-27 21:23:18,890 - INFO - [The Guardian] Article: https://www.theguardian.com/australia-news/2025/nov/27/state-library-of-victoria-faces-job-cuts-as-staff-accuse-management-of-pursuing-digital-vanity-projects
2025-11-27 21:23:18,890 - INFO - [The Guardian] Attempt 1/1: Trying with 'requests_browser' strategy...
2025-11-27 21:23:18,931 - INFO - [The Guardian] Success with 'requests_browser'. Found content (722 words).
2025-11-27 21:23:18,989 - INFO - Duplicate article skipped: State Library of Victoria faces job cuts as staff accuse management of pursuing ‘digital vanity projects’ | Melbourne | The Guardian from The Guardian
2025-11-27 21:23:19,151 - INFO - [BBC] Article: https://www.bbc.com/news/articles/cr4drle9k12o?at_medium=RSS&at_campaign=rss
2025-11-27 21:23:19,151 - INFO - [BBC] Attempt 1/1: Trying with 'requests_browser' strategy...
2025-11-27 21:23:19,247 - INFO - [BBC] Success with 'requests_browser'. Found content (493 words).
2025-11-27 21:23:19,357 - INFO - Duplicate article skipped: Chicago man accused of setting train passenger on fire had 72 prior arrests from BBC
2025-11-27 21:23:19,465 - INFO - [The Hindu] Article: https://www.thehindu.com/news/cities/mumbai/legal-notice-to-mumbai-police-for-failure-to-file-fir-against-bjp-city-president-for-hate-speech/article70330030.ece
2025-11-27 21:23:19,465 - INFO - [The Hindu] Attempt 1/1: Trying with 'selenium_browser' strategy...
2025-11-27 21:23:20,419 - INFO - [The Guardian] Article: https://www.theguardian.com/australia-news/2025/nov/27/national-food-policy-australian-diet-could-worsen
2025-11-27 21:23:20,419 - INFO - [The Guardian] Attempt 1/1: Trying with 'requests_browser' strategy...
2025-11-27 21:23:20,484 - INFO - [The Guardian] Success with 'requests_browser'. Found content (694 words).
2025-11-27 21:23:20,569 - INFO - Duplicate article skipped: Australian diet set to worsen as national food policy is drawn up by profit-driven industry, experts warn | Health | The Guardian from The Guardian
2025-11-27 21:23:20,672 - INFO - [BBC] Article: https://www.bbc.com/news/articles/c1dzp050yn2o?at_medium=RSS&at_campaign=rss
2025-11-27 21:23:20,672 - INFO - [BBC] Attempt 1/1: Trying with 'requests_browser' strategy...
2025-11-27 21:23:20,727 - INFO - [BBC] Success with 'requests_browser'. Found content (1232 words).
2025-11-27 21:23:20,784 - INFO - Duplicate article skipped: Italian parliament unanimously votes to make femicide a crime from BBC
2025-11-27 21:23:21,357 - INFO - [The Hindu] Page content loaded.
2025-11-27 21:23:22,190 - INFO - [The Hindu] Success with 'selenium_browser'. Found content (368 words).
2025-11-27 21:23:37,097 - INFO - Saved article: Legal notice to Mumbai Police for failure to file FIR against BJP city president for hate speech - The Hindu from The Hindu
2025-11-27 21:23:37,624 - INFO - [The Hindu] Article: https://www.thehindu.com/news/national/odisha/orissa-hc-quashes-govt-order-allowing-mps-mlas-to-recommend-teachers-transfer/article70331238.ece
2025-11-27 21:23:37,624 - INFO - [The Hindu] Attempt 1/1: Trying with 'selenium_browser' strategy...
2025-11-27 21:23:38,369 - INFO - [The Hindu] Page content loaded.
2025-11-27 21:23:38,459 - INFO - [The Hindu] Success with 'selenium_browser'. Found content (309 words).
2025-11-27 21:23:38,540 - INFO - Duplicate article skipped: Orissa HC quashes govt order allowing MPs, MLAs to recommend teachers’ transfer - The Hindu from The Hindu
2025-11-27 21:23:39,620 - INFO - [The Hindu] Article: https://www.thehindu.com/news/national/jammu-and-kashmir/journalists-house-demolished-in-jammupdp-cpim-condemn-move/article70331945.ece
2025-11-27 21:23:39,620 - INFO - [The Hindu] Attempt 1/1: Trying with 'selenium_browser' strategy...
2025-11-27 21:23:40,553 - INFO - [The Hindu] Page content loaded.
2025-11-27 21:23:40,719 - INFO - [The Hindu] Success with 'selenium_browser'. Found content (369 words).
2025-11-27 21:23:40,802 - INFO - Duplicate article skipped: Journalist’s house demolished in Jammu; PDP, CPI(M) condemn move - The Hindu from The Hindu
2025-11-27 21:23:42,119 - INFO - [The Hindu] Article: https://www.thehindu.com/news/national/rajasthan/rajasthan-taking-steps-to-bring-excess-yamuna-waters-during-monsoon/article70330938.ece
2025-11-27 21:23:42,119 - INFO - [The Hindu] Attempt 1/1: Trying with 'selenium_browser' strategy...
2025-11-27 21:23:42,898 - INFO - [The Hindu] Page content loaded.
2025-11-27 21:23:43,071 - INFO - [The Hindu] Success with 'selenium_browser'. Found content (344 words).
2025-11-27 21:23:43,170 - INFO - Duplicate article skipped: Rajasthan taking steps to bring excess Yamuna waters during monsoon - The Hindu from The Hindu
2025-11-27 21:23:43,695 - INFO - [The Hindu] Article: https://www.thehindu.com/news/cities/kolkata/living-in-fear-transpersons-fear-being-struck-off-voter-rolls-amid-sir/article70332207.ece
2025-11-27 21:23:43,696 - INFO - [The Hindu] Attempt 1/1: Trying with 'selenium_browser' strategy...
2025-11-27 21:23:44,296 - INFO - [The Hindu] Page content loaded.
2025-11-27 21:23:44,456 - INFO - [The Hindu] Success with 'selenium_browser'. Found content (538 words).
2025-11-27 21:23:44,540 - INFO - Duplicate article skipped: ‘Living in fear’: transpersons fear being struck off voter rolls amid SIR - The Hindu from The Hindu
2025-11-27 21:23:45,198 - INFO - [The Hindu] Article: https://www.thehindu.com/news/national/telangana/telangana-food-safety-officials-flag-compliance-issues-by-e-commerce-players/article70331881.ece
2025-11-27 21:23:45,198 - INFO - [The Hindu] Attempt 1/1: Trying with 'selenium_browser' strategy...
2025-11-27 21:23:46,026 - INFO - [The Hindu] Page content loaded.
2025-11-27 21:23:46,107 - INFO - [The Hindu] Success with 'selenium_browser'. Found content (282 words).
2025-11-27 21:23:46,188 - INFO - Duplicate article skipped: Telangana food safety officials flag compliance issues by e-commerce players - The Hindu from The Hindu
2025-11-27 21:23:47,429 - INFO - [The Hindu] Article: https://www.thehindu.com/news/national/west-bengal/sukanta-majumdar-faces-protests-at-diamond-harbour-blames-it-on-trinamool-congress/article70330604.ece
2025-11-27 21:23:47,429 - INFO - [The Hindu] Attempt 1/1: Trying with 'selenium_browser' strategy...
2025-11-27 21:23:48,163 - INFO - [The Hindu] Page content loaded.
2025-11-27 21:23:48,327 - INFO - [The Hindu] Success with 'selenium_browser'. Found content (414 words).
2025-11-27 21:23:48,420 - INFO - Duplicate article skipped: Sukanta Majumdar faces protests at Diamond Harbour, blames it on Trinamool Congress - The Hindu from The Hindu
2025-11-27 21:23:49,542 - INFO - [The Hindu] Article: https://www.thehindu.com/news/cities/Delhi/police-nab-member-of-himanshu-bhau-gang-after-exchange-of-fire/article70331778.ece
2025-11-27 21:23:49,542 - INFO - [The Hindu] Attempt 1/1: Trying with 'selenium_browser' strategy...
2025-11-27 21:23:50,633 - INFO - [The Hindu] Page content loaded.
2025-11-27 21:23:50,847 - INFO - [The Hindu] Success with 'selenium_browser'. Found content (282 words).
2025-11-27 21:24:06,000 - INFO - Saved article: Police nab member of Himanshu Bhau gang after exchange of fire - The Hindu from The Hindu
2025-11-27 21:24:07,285 - INFO - [The Hindu] Article: https://www.thehindu.com/news/national/tamil-nadu/farmer-held-for-possession-of-country-made-guns/article70331050.ece
2025-11-27 21:24:07,285 - INFO - [The Hindu] Attempt 1/1: Trying with 'selenium_browser' strategy...
2025-11-27 21:24:08,384 - INFO - [The Hindu] Page content loaded.
2025-11-27 21:24:08,474 - INFO - [The Hindu] Success with 'selenium_browser'. Found content (179 words).
2025-11-27 21:24:08,575 - INFO - Duplicate article skipped: Farmer held for possession of country-made guns - The Hindu from The Hindu
2025-11-27 21:24:09,804 - INFO - [The Hindu] Article: https://www.thehindu.com/news/national/karnataka/hcl-to-hold-its-maiden-cyclothon-in-bengaluru-on-nice-road/article70331902.ece
2025-11-27 21:24:09,804 - INFO - [The Hindu] Attempt 1/1: Trying with 'selenium_browser' strategy...
2025-11-27 21:24:10,775 - INFO - [The Hindu] Page content loaded.
2025-11-27 21:24:10,910 - INFO - [The Hindu] Success with 'selenium_browser'. Found content (279 words).
2025-11-27 21:24:11,221 - INFO - Duplicate article skipped: HCL to hold its maiden cyclothon in Bengaluru on NICE Road - The Hindu from The Hindu
2025-11-27 21:24:11,759 - ERROR - [Times of India] Request failed for strategy 'selenium_browser' on URL https://timesofindia.indiatimes.com/sports/international-sports/who-is-fuzzy-zoeller-famous-two-time-major-champion-golfer-dies-at-74-after-masters-history/articleshow/125624118.cms: HTTPConnectionPool(host='localhost', port=57121): Read timed out. (read timeout=120)
2025-11-27 21:24:11,759 - ERROR - [Times of India] All scrape strategies failed for https://timesofindia.indiatimes.com/sports/international-sports/who-is-fuzzy-zoeller-famous-two-time-major-champion-golfer-dies-at-74-after-masters-history/articleshow/125624118.cms. Falling back to RSS description.
2025-11-27 21:24:12,126 - INFO - [The Hindu] Article: https://www.thehindu.com/news/national/tamil-nadu/iit-madrassigns-mou-for-start-up-development/article70329886.ece
2025-11-27 21:24:12,126 - INFO - [The Hindu] Attempt 1/1: Trying with 'selenium_browser' strategy...
2025-11-27 21:24:13,427 - INFO - [The Hindu] Page content loaded.
2025-11-27 21:24:13,549 - INFO - [The Hindu] Success with 'selenium_browser'. Found content (156 words).
2025-11-27 21:24:27,890 - INFO - Saved article: Who was Fuzzy Zoeller? Famous two-time major champion golfer dies at 74 after Masters history from Times of India
2025-11-27 21:24:27,890 - INFO - Duplicate article skipped: IIT-Madras signs MoU for start-up development - The Hindu from The Hindu
2025-11-27 21:24:28,574 - INFO - [The Hindu] Article: https://www.thehindu.com/elections/bihar-assembly/bihar-congress-leaders-point-out-flaws-after-poll-loss-but-party-high-command-sticks-to-vote-chori/article70331965.ece
2025-11-27 21:24:28,574 - INFO - [The Hindu] Attempt 1/1: Trying with 'selenium_browser' strategy...
2025-11-27 21:24:28,741 - INFO - [Times of India] Article: https://timesofindia.indiatimes.com/world/us/you-have-criminal-record-indian-origin-sikh-man-stopped-from-entering-canada-from-us-interaction-goes-viral/articleshow/125624001.cms
2025-11-27 21:24:28,741 - INFO - [Times of India] Attempt 1/1: Trying with 'selenium_browser' strategy...
2025-11-27 21:24:29,567 - INFO - [The Hindu] Page content loaded.
2025-11-27 21:24:29,732 - INFO - [The Hindu] Success with 'selenium_browser'. Found content (435 words).
2025-11-27 21:24:29,826 - INFO - Duplicate article skipped: Bihar Congress leaders point out flaws after poll loss, but party high command sticks to vote chori - The Hindu from The Hindu
2025-11-27 21:24:30,609 - INFO - [The Hindu] Article: https://www.thehindu.com/news/national/karnataka/digital-mobile-planetarium-programme-launched/article70330841.ece
2025-11-27 21:24:30,609 - INFO - [The Hindu] Attempt 1/1: Trying with 'selenium_browser' strategy...
2025-11-27 21:24:32,168 - INFO - [The Hindu] Page content loaded.
2025-11-27 21:24:32,249 - INFO - [The Hindu] Success with 'selenium_browser'. Found content (182 words).
2025-11-27 21:24:32,315 - INFO - Duplicate article skipped: Digital Mobile Planetarium programme launched - The Hindu from The Hindu
2025-11-27 21:24:33,219 - INFO - [The Hindu] Article: https://www.thehindu.com/news/national/karnataka/delhi-metro-floats-tender-to-develop-integrated-data-management-system-for-bengaluru-metro/article70331678.ece
2025-11-27 21:24:33,219 - INFO - [The Hindu] Attempt 1/1: Trying with 'selenium_browser' strategy...
2025-11-27 21:24:34,243 - INFO - [The Hindu] Page content loaded.
2025-11-27 21:24:34,302 - INFO - [The Hindu] Success with 'selenium_browser'. Found content (217 words).
2025-11-27 21:24:34,375 - INFO - Duplicate article skipped: Delhi Metro floats tender to develop Integrated Data Management System for Bengaluru Metro - The Hindu from The Hindu
2025-11-27 21:24:35,135 - INFO - [The Hindu] Article: https://www.thehindu.com/news/cities/Hyderabad/cyberabad-police-ghmc-draft-joint-roadmap-to-tackle-congestion-safety-and-pending-roadworks/article70331098.ece
2025-11-27 21:24:35,135 - INFO - [The Hindu] Attempt 1/1: Trying with 'selenium_browser' strategy...
2025-11-27 21:24:36,055 - INFO - [The Hindu] Page content loaded.
2025-11-27 21:24:36,206 - INFO - [The Hindu] Success with 'selenium_browser'. Found content (322 words).
2025-11-27 21:24:36,300 - INFO - Duplicate article skipped: Cyberabad police, GHMC draft joint roadmap to tackle congestion, safety and pending roadworks - The Hindu from The Hindu
2025-11-27 21:24:37,308 - INFO - [The Hindu] Article: https://www.thehindu.com/news/national/haryana/after-death-of-two-basketball-players-haryana-cm-orders-review-of-sports-complexes/article70331357.ece
2025-11-27 21:24:37,308 - INFO - [The Hindu] Attempt 1/1: Trying with 'selenium_browser' strategy...
2025-11-27 21:24:38,630 - INFO - [The Hindu] Page content loaded.
2025-11-27 21:24:39,290 - INFO - [The Hindu] Success with 'selenium_browser'. Found content (570 words).
2025-11-27 21:24:39,370 - INFO - Duplicate article skipped: After death of two basketball players, Haryana CM orders review of sports complexes - The Hindu from The Hindu
2025-11-27 21:24:40,504 - INFO - [The Hindu] Article: https://www.thehindu.com/news/cities/Hyderabad/senior-saathi-initiative-gives-elderly-a-flight-experience-at-themed-restaurant/article70330824.ece
2025-11-27 21:24:40,504 - INFO - [The Hindu] Attempt 1/1: Trying with 'selenium_browser' strategy...
2025-11-27 21:24:41,390 - INFO - [The Hindu] Page content loaded.
2025-11-27 21:24:41,489 - INFO - [The Hindu] Success with 'selenium_browser'. Found content (218 words).
2025-11-27 21:24:41,585 - INFO - Duplicate article skipped: Senior Saathi initiative gives elderly a ‘flight experience’ at themed restaurant - The Hindu from The Hindu
2025-11-27 21:24:42,095 - INFO - [The Hindu] (Thread) Finished. Attempting to shut down its Selenium driver.
2025-11-27 21:24:42,307 - INFO - [The Hindu] (Thread) driver.quit() successful.
2025-11-27 21:26:28,842 - ERROR - [Times of India] Request failed for strategy 'selenium_browser' on URL https://timesofindia.indiatimes.com/world/us/you-have-criminal-record-indian-origin-sikh-man-stopped-from-entering-canada-from-us-interaction-goes-viral/articleshow/125624001.cms: HTTPConnectionPool(host='localhost', port=57121): Read timed out. (read timeout=120)
2025-11-27 21:26:28,842 - ERROR - [Times of India] All scrape strategies failed for https://timesofindia.indiatimes.com/world/us/you-have-criminal-record-indian-origin-sikh-man-stopped-from-entering-canada-from-us-interaction-goes-viral/articleshow/125624001.cms. Falling back to RSS description.
2025-11-27 21:26:28,843 - INFO - Duplicate article skipped: 'You have a criminal record': Indian-origin Sikh man stopped from entering Canada from US, interaction goes viral from Times of India
2025-11-27 21:26:29,354 - INFO - [Times of India] Article: https://timesofindia.indiatimes.com/world/us/watch-zohran-mamdani-does-the-iconic-shah-rukh-khan-pose-while-guessing-bollywood-songs-with-mehdi-hasan/articleshow/125623177.cms
2025-11-27 21:26:29,354 - INFO - [Times of India] Attempt 1/1: Trying with 'selenium_browser' strategy...
2025-11-27 21:27:03,467 - CRITICAL - --- TIMEOUT: 1 scrape jobs did not complete in 300s. ---
2025-11-27 21:27:03,468 - ERROR - A thread has timed out and will be abandoned.
2025-11-27 21:27:03,468 - INFO - Shutting down thread pool (wait=False)...
2025-11-27 21:27:03,468 - INFO - Scraped: 0 The Guardian, 0 BBC, 5 The Hindu, 1 Timed_Out_Jobs articles. (Total saved: 5)
2025-11-27 21:27:03,468 - INFO - --- Scraping job finished ---
2025-11-27 21:27:03,468 - INFO - --- Scraper service stopped and database connection closed. ---
2025-11-27 21:27:03,468 - INFO - --- Main thread finished. Forcing process exit to kill zombie threads. ---
