2025-11-27 05:46:51,466 - INFO - Loading AI Semantic Model (all-MiniLM-L6-v2)...
2025-11-27 05:46:51,466 - INFO - Use pytorch device_name: cpu
2025-11-27 05:46:51,466 - INFO - Load pretrained SentenceTransformer: all-MiniLM-L6-v2
2025-11-27 05:46:52,687 - INFO - AI Model loaded successfully.
2025-11-27 05:46:52,687 - INFO - Initializing database connection at: news_articles.db
2025-11-27 05:46:52,687 - INFO - --- Scraper service started (CI Mode: Run Once) ---
2025-11-27 05:46:52,687 - INFO - --- Starting new scraping job (Parallel Mode) ---
2025-11-27 05:46:52,687 - INFO - Creating new robust session with 3 retries on 5xx/connection/read errors.
2025-11-27 05:46:52,688 - INFO - Proxy is DISABLED.
2025-11-27 05:46:52,688 - INFO - Starting scrape for BBC RSS feed: http://feeds.bbci.co.uk/news/world/rss.xml
2025-11-27 05:46:52,689 - INFO - [Times of India] (Thread) requires Selenium. Initializing driver...
2025-11-27 05:46:52,689 - INFO - Initializing headless Selenium Chrome driver (using SeleniumManager)...
2025-11-27 05:46:52,689 - INFO - Starting scrape for The Guardian RSS feed: https://www.theguardian.com/world/rss
2025-11-27 05:46:52,692 - INFO - [The Hindu] (Thread) requires Selenium. Initializing driver...
2025-11-27 05:46:52,692 - INFO - Initializing headless Selenium Chrome driver (using SeleniumManager)...
2025-11-27 05:46:52,694 - INFO - Submitted 4 jobs to thread pool. Waiting up to 300s for completion...
2025-11-27 05:46:52,903 - INFO - Found 39 articles in BBC RSS feed. Processing up to 5.
2025-11-27 05:46:52,903 - INFO - [BBC] Article: https://www.bbc.com/news/articles/cvg165d7ppvo?at_medium=RSS&at_campaign=rss
2025-11-27 05:46:52,903 - INFO - [BBC] Attempt 1/1: Trying with 'requests_browser' strategy...
2025-11-27 05:46:52,945 - INFO - Found 45 articles in The Guardian RSS feed. Processing up to 5.
2025-11-27 05:46:52,945 - INFO - [The Guardian] Article: https://www.theguardian.com/world/2025/nov/26/guinea-bissau-officers-take-total-control-close-borders-amid-election-chaos
2025-11-27 05:46:52,945 - INFO - [The Guardian] Attempt 1/1: Trying with 'requests_browser' strategy...
2025-11-27 05:46:52,992 - INFO - [The Guardian] Success with 'requests_browser'. Found content (412 words).
2025-11-27 05:46:53,027 - INFO - Duplicate article skipped: Guinea-Bissau military takes ‘total control’ amid election chaos | Guinea-Bissau | The Guardian from The Guardian
2025-11-27 05:46:53,243 - INFO - [BBC] Success with 'requests_browser'. Found content (635 words).
2025-11-27 05:46:53,287 - INFO - Duplicate article skipped: Hong Kong: At least 44 dead and hundreds missing after fire engulfs tower blocks from BBC
2025-11-27 05:46:54,171 - INFO - [BBC] Article: https://www.bbc.com/news/articles/cdxe9r7wjgro?at_medium=RSS&at_campaign=rss
2025-11-27 05:46:54,171 - INFO - [BBC] Attempt 1/1: Trying with 'requests_browser' strategy...
2025-11-27 05:46:54,223 - INFO - [BBC] Success with 'requests_browser'. Found content (1290 words).
2025-11-27 05:46:54,238 - INFO - [The Guardian] Article: https://www.theguardian.com/world/2025/nov/25/nigerian-schoolgirls-rescued-after-mass-abduction-in-kebbi
2025-11-27 05:46:54,238 - INFO - [The Guardian] Attempt 1/1: Trying with 'requests_browser' strategy...
2025-11-27 05:46:54,261 - INFO - Duplicate article skipped: What we know about the Hong Kong apartment fires from BBC
2025-11-27 05:46:54,291 - INFO - [The Guardian] Success with 'requests_browser'. Found content (515 words).
2025-11-27 05:46:54,332 - INFO - Duplicate article skipped: Nigerian schoolgirls rescued after mass abduction in Kebbi | Nigeria | The Guardian from The Guardian
2025-11-27 05:46:55,359 - INFO - [BBC] Article: https://www.bbc.com/news/articles/cvgjnlx1g6yo?at_medium=RSS&at_campaign=rss
2025-11-27 05:46:55,359 - INFO - [BBC] Attempt 1/1: Trying with 'requests_browser' strategy...
2025-11-27 05:46:55,410 - INFO - [BBC] Success with 'requests_browser'. Found content (759 words).
2025-11-27 05:46:55,449 - INFO - Duplicate article skipped: Hong Kong residents react as deadly fire tears through housing estate from BBC
2025-11-27 05:46:55,819 - INFO - [The Guardian] Article: https://www.theguardian.com/world/2025/nov/25/jacob-zuma-daughter-accused-tricking-men-fighting-for-russia-in-ukraine
2025-11-27 05:46:55,820 - INFO - [The Guardian] Attempt 1/1: Trying with 'requests_browser' strategy...
2025-11-27 05:46:55,864 - INFO - [The Guardian] Success with 'requests_browser'. Found content (656 words).
2025-11-27 05:46:56,124 - INFO - Duplicate article skipped: Jacob Zuma’s daughter accused of tricking men into fighting for Russia in Ukraine | South Africa | The Guardian from The Guardian
2025-11-27 05:46:56,759 - INFO - [BBC] Article: https://www.bbc.com/news/articles/c3r7xr94ln8o?at_medium=RSS&at_campaign=rss
2025-11-27 05:46:56,760 - INFO - [BBC] Attempt 1/1: Trying with 'requests_browser' strategy...
2025-11-27 05:46:57,222 - INFO - [BBC] Success with 'requests_browser'. Found content (719 words).
2025-11-27 05:46:57,263 - INFO - Duplicate article skipped: Trump defends Witkoff after leak appears to show envoy coaching Russias from BBC
2025-11-27 05:46:57,446 - INFO - [The Guardian] Article: https://www.theguardian.com/uk-news/2025/nov/24/uk-rejects-nigerian-request-to-deport-former-politican-ike-ekweremadu-jailed-for-organ-trafficking
2025-11-27 05:46:57,446 - INFO - [The Guardian] Attempt 1/1: Trying with 'requests_browser' strategy...
2025-11-27 05:46:57,489 - INFO - [The Guardian] Success with 'requests_browser'. Found content (545 words).
2025-11-27 05:46:57,521 - INFO - Duplicate article skipped: UK rejects Nigerian request to deport former politican jailed for organ trafficking | UK news | The Guardian from The Guardian
2025-11-27 05:46:58,670 - INFO - [BBC] Article: https://www.bbc.com/news/articles/cly0jjv2lg1o?at_medium=RSS&at_campaign=rss
2025-11-27 05:46:58,670 - INFO - [BBC] Attempt 1/1: Trying with 'requests_browser' strategy...
2025-11-27 05:46:58,803 - INFO - [The Guardian] Article: https://www.theguardian.com/world/2025/nov/24/ethiopian-volcano-hayli-gubbi-erupts-first-time-12000-years
2025-11-27 05:46:58,804 - INFO - [The Guardian] Attempt 1/1: Trying with 'requests_browser' strategy...
2025-11-27 05:46:58,844 - INFO - [The Guardian] Success with 'requests_browser'. Found content (306 words).
2025-11-27 05:46:58,880 - INFO - Duplicate article skipped: Ethiopian volcano erupts for first time in 12,000 years | Ethiopia | The Guardian from The Guardian
2025-11-27 05:46:59,080 - INFO - [BBC] Success with 'requests_browser'. Found content (1341 words).
2025-11-27 05:46:59,127 - INFO - Duplicate article skipped: Russia Ukraine war: Where peace stands after frantic diplomacy from BBC
2025-11-27 05:47:01,651 - INFO - Selenium driver initialized successfully.
2025-11-27 05:47:01,651 - INFO - Starting scrape for The Hindu RSS feed: https://www.thehindu.com/news/national/feeder/default.rss
2025-11-27 05:47:01,651 - INFO - Selenium driver initialized successfully.
2025-11-27 05:47:01,652 - INFO - Starting scrape for Times of India RSS feed: https://timesofindia.indiatimes.com/rssfeeds/296589292.cms
2025-11-27 05:47:01,865 - INFO - Found 100 articles in The Hindu RSS feed. Processing up to 5.
2025-11-27 05:47:01,865 - INFO - [The Hindu] Article: https://www.thehindu.com/news/national/supreme-court-sets-up-medical-board-at-noida-hospital-to-explore-passive-euthanasia-for-31-yr-old/article70329005.ece
2025-11-27 05:47:01,865 - INFO - [The Hindu] Attempt 1/1: Trying with 'selenium_browser' strategy...
2025-11-27 05:47:02,000 - INFO - Found 20 articles in Times of India RSS feed. Processing up to 5.
2025-11-27 05:47:02,000 - INFO - [Times of India] Article: https://timesofindia.indiatimes.com/world/us/they-are-killing-white-people-donald-trump-bars-south-africa-from-g20-in-miami-stops-all-us-subsidies-to-the-african-nation/articleshow/125604667.cms
2025-11-27 05:47:02,000 - INFO - [Times of India] Attempt 1/1: Trying with 'selenium_browser' strategy...
2025-11-27 05:47:15,014 - INFO - [The Hindu] Page content loaded.
2025-11-27 05:47:15,574 - INFO - [The Hindu] Success with 'selenium_browser'. Found content (820 words).
2025-11-27 05:47:22,328 - INFO - Saved article: Supreme Court sets up medical board at Noida hospital to explore passive euthanasia for 31-year-old - The Hindu from The Hindu
2025-11-27 05:47:23,587 - INFO - [The Hindu] Article: https://www.thehindu.com/news/national/assam/assam-cabinet-approves-report-on-st-status-for-six-communities/article70328896.ece
2025-11-27 05:47:23,587 - INFO - [The Hindu] Attempt 1/1: Trying with 'selenium_browser' strategy...
2025-11-27 05:47:37,306 - INFO - [The Hindu] Page content loaded.
2025-11-27 05:47:38,237 - INFO - [The Hindu] Success with 'selenium_browser'. Found content (268 words).
2025-11-27 05:47:43,271 - INFO - Saved article: Assam Cabinet approves report on ST status for six communities - The Hindu from The Hindu
2025-11-27 05:47:44,456 - INFO - [The Hindu] Article: https://www.thehindu.com/news/cities/bangalore/41-flights-affected-due-to-dense-fog-at-kia-in-bengaluru/article70328871.ece
2025-11-27 05:47:44,456 - INFO - [The Hindu] Attempt 1/1: Trying with 'selenium_browser' strategy...
2025-11-27 05:47:46,599 - INFO - [The Hindu] Page content loaded.
2025-11-27 05:47:47,106 - INFO - [The Hindu] Success with 'selenium_browser'. Found content (143 words).
2025-11-27 05:47:47,487 - INFO - Duplicate article skipped: 41 flights affected due to dense fog at KIA in Bengaluru - The Hindu from The Hindu
2025-11-27 05:47:48,103 - INFO - [The Hindu] Article: https://www.thehindu.com/news/national/kerala/family-of-late-kerala-dalit-activist-chitralekha-faces-eviction-after-bank-issues-foreclosure-notice/article70328839.ece
2025-11-27 05:47:48,103 - INFO - [The Hindu] Attempt 1/1: Trying with 'selenium_browser' strategy...
2025-11-27 05:47:54,250 - INFO - [The Hindu] Page content loaded.
2025-11-27 05:47:54,842 - INFO - [The Hindu] Success with 'selenium_browser'. Found content (324 words).
2025-11-27 05:47:55,384 - INFO - Duplicate article skipped: Family of late Kerala dalit activist Chitralekha faces eviction after bank issues foreclosure notice - The Hindu from The Hindu
2025-11-27 05:47:56,445 - INFO - [The Hindu] Article: https://www.thehindu.com/news/national/govt-appoints-new-frros-for-rajasthan-assam-chandigarh-and-haryana/article70328829.ece
2025-11-27 05:47:56,445 - INFO - [The Hindu] Attempt 1/1: Trying with 'selenium_browser' strategy...
2025-11-27 05:48:02,088 - ERROR - [Times of India] Request failed for strategy 'selenium_browser' on URL https://timesofindia.indiatimes.com/world/us/they-are-killing-white-people-donald-trump-bars-south-africa-from-g20-in-miami-stops-all-us-subsidies-to-the-african-nation/articleshow/125604667.cms: Message: timeout: Timed out receiving message from renderer: 59.598
  (Session info: chrome=142.0.7444.162)
Stacktrace:
#0 0x55baa5c5c32a <unknown>
#1 0x55baa56a8e4b <unknown>
#2 0x55baa5690e0d <unknown>
#3 0x55baa5690af0 <unknown>
#4 0x55baa568e8ff <unknown>
#5 0x55baa568f27f <unknown>
#6 0x55baa569dca3 <unknown>
#7 0x55baa56b7601 <unknown>
#8 0x55baa56bde0b <unknown>
#9 0x55baa568f9bd <unknown>
#10 0x55baa56b73a7 <unknown>
#11 0x55baa5748170 <unknown>
#12 0x55baa56edc1a <unknown>
#13 0x55baa56ee921 <unknown>
#14 0x55baa5c23239 <unknown>
#15 0x55baa5c261e8 <unknown>
#16 0x55baa5c0c4c9 <unknown>
#17 0x55baa5c26db5 <unknown>
#18 0x55baa5bf3e93 <unknown>
#19 0x55baa5c49098 <unknown>
#20 0x55baa5c49273 <unknown>
#21 0x55baa5c5b2c3 <unknown>
#22 0x7f9e2349caa4 <unknown>
#23 0x7f9e23529c6c <unknown>

2025-11-27 05:48:02,088 - ERROR - [Times of India] All scrape strategies failed for https://timesofindia.indiatimes.com/world/us/they-are-killing-white-people-donald-trump-bars-south-africa-from-g20-in-miami-stops-all-us-subsidies-to-the-african-nation/articleshow/125604667.cms. Falling back to RSS description.
2025-11-27 05:48:03,671 - INFO - [The Hindu] Page content loaded.
2025-11-27 05:48:04,303 - INFO - [The Hindu] Success with 'selenium_browser'. Found content (318 words).
2025-11-27 05:48:07,396 - INFO - Saved article: 'They are killing white people': Donald Trump bars South Africa from G20 in Miami; stops all US subsidies to the African nation from Times of India
2025-11-27 05:48:07,397 - INFO - Duplicate article skipped: Govt appoints new FRROs for Rajasthan, Assam, Chandigarh and Haryana - The Hindu from The Hindu
2025-11-27 05:48:08,479 - INFO - [Times of India] Article: https://timesofindia.indiatimes.com/science/clams-oyster-and-more-iss-astronauts-ditch-apollo-era-thanksgiving-enjoy-special-holiday-meal/articleshow/125603718.cms
2025-11-27 05:48:08,480 - INFO - [Times of India] Attempt 1/1: Trying with 'selenium_browser' strategy...
2025-11-27 05:48:08,660 - INFO - [The Hindu] (Thread) Finished. Attempting to shut down its Selenium driver.
2025-11-27 05:48:09,137 - INFO - [The Hindu] (Thread) driver.quit() successful.
2025-11-27 05:48:19,851 - INFO - [Times of India] Page content loaded.
2025-11-27 05:48:20,234 - INFO - [Times of India] Success with 'selenium_browser'. Found content (312 words).
2025-11-27 05:48:22,818 - INFO - Saved article: Clams, oyster and more: ISS astronauts ditch Apollo-era Thanksgiving; enjoy special holiday meal - The Times of India from Times of India
2025-11-27 05:48:24,112 - INFO - [Times of India] Article: https://timesofindia.indiatimes.com/world/us/perfect-maga-fairytale-joy-reid-expects-jd-vance-to-leave-brown-hindu-wife-usha-for-white-queen-erika-kirk-watch-video/articleshow/125603899.cms
2025-11-27 05:48:24,112 - INFO - [Times of India] Attempt 1/1: Trying with 'selenium_browser' strategy...
2025-11-27 05:48:25,642 - INFO - [Times of India] Page content loaded.
2025-11-27 05:48:25,755 - INFO - [Times of India] Success with 'selenium_browser'. Found content (375 words).
2025-11-27 05:48:25,842 - INFO - Duplicate article skipped: 'Perfect MAGA fairytale': Joy Reid claims JD Vance will leave 'brown Hindu' wife Usha for 'white queen' Erika Kirk - watch video - The Times of India from Times of India
2025-11-27 05:48:26,461 - INFO - [Times of India] Article: https://timesofindia.indiatimes.com/world/us/all-immigration-requests-us-takes-major-step-after-afghan-national-named-shooter-entry-traced-to-2021/articleshow/125604270.cms
2025-11-27 05:48:26,461 - INFO - [Times of India] Attempt 1/1: Trying with 'selenium_browser' strategy...
2025-11-27 05:48:27,649 - INFO - [Times of India] Page content loaded.
2025-11-27 05:48:27,877 - INFO - [Times of India] Success with 'selenium_browser'. Found content (443 words).
2025-11-27 05:48:27,995 - INFO - Duplicate article skipped: 'All immigration requests …': US takes major step after Afghan national named shooter; entry traced to 2021 - The Times of India from Times of India
2025-11-27 05:48:28,874 - INFO - [Times of India] Article: https://timesofindia.indiatimes.com/world/us/white-house-shooting-video-shows-us-cops-pinning-afghan-shooter-to-ground-in-a-chaotic-aftermath-first-pic-released/articleshow/125603559.cms
2025-11-27 05:48:28,874 - INFO - [Times of India] Attempt 1/1: Trying with 'selenium_browser' strategy...
2025-11-27 05:48:30,360 - INFO - [Times of India] Page content loaded.
2025-11-27 05:48:30,610 - INFO - [Times of India] Success with 'selenium_browser'. Found content (254 words).
2025-11-27 05:48:36,943 - INFO - Saved article: White House shooting: Video shows US cops pinning Afghan shooter to ground in a chaotic aftermath; first pic released - The Times of India from Times of India
2025-11-27 05:48:38,413 - INFO - [Times of India] (Thread) Finished. Attempting to shut down its Selenium driver.
2025-11-27 05:48:39,024 - INFO - [Times of India] (Thread) driver.quit() successful.
2025-11-27 05:48:39,024 - INFO - Shutting down thread pool (wait=False)...
2025-11-27 05:48:39,024 - INFO - Scraped: 0 BBC, 2 The Hindu, 3 Times of India, 0 The Guardian articles. (Total saved: 5)
2025-11-27 05:48:39,024 - INFO - --- Scraping job finished ---
2025-11-27 05:48:39,033 - INFO - --- Scraper service stopped and database connection closed. ---
2025-11-27 05:48:39,033 - INFO - --- Main thread finished. Forcing process exit to kill zombie threads. ---
