2025-12-02 15:31:19,004 - INFO - Loading AI Semantic Model (all-MiniLM-L6-v2)...
2025-12-02 15:31:19,005 - INFO - Use pytorch device_name: cpu
2025-12-02 15:31:19,005 - INFO - Load pretrained SentenceTransformer: all-MiniLM-L6-v2
2025-12-02 15:31:19,525 - INFO - AI Model loaded successfully.
2025-12-02 15:31:19,525 - INFO - Initializing database connection at: news_articles.db
2025-12-02 15:31:19,526 - INFO - --- Scraper service started (CI Mode: Run Once) ---
2025-12-02 15:31:19,526 - INFO - --- Starting new scraping job (Parallel Mode) ---
2025-12-02 15:31:19,526 - INFO - Creating new robust session with 3 retries on 5xx/connection/read errors.
2025-12-02 15:31:19,526 - INFO - Proxy is DISABLED.
2025-12-02 15:31:19,526 - INFO - Starting scrape for BBC RSS feed: http://feeds.bbci.co.uk/news/world/rss.xml
2025-12-02 15:31:19,528 - INFO - [Times of India] (Thread) requires Selenium. Initializing driver...
2025-12-02 15:31:19,528 - INFO - Initializing headless Selenium Chrome driver (using SeleniumManager)...
2025-12-02 15:31:19,528 - INFO - Starting scrape for The Guardian RSS feed: https://www.theguardian.com/world/rss
2025-12-02 15:31:19,530 - INFO - [The Hindu] (Thread) requires Selenium. Initializing driver...
2025-12-02 15:31:19,530 - INFO - Initializing headless Selenium Chrome driver (using SeleniumManager)...
2025-12-02 15:31:19,530 - INFO - Submitted 4 jobs to thread pool. Waiting up to 300s for completion...
2025-12-02 15:31:19,699 - INFO - Found 45 articles in The Guardian RSS feed. Processing up to 20.
2025-12-02 15:31:19,700 - INFO - [The Guardian] Article: https://www.theguardian.com/world/2025/dec/01/south-africans-court-alleged-recruitment-russia-war-ukraine
2025-12-02 15:31:19,700 - INFO - [The Guardian] Attempt 1/1: Trying with 'requests_browser' strategy...
2025-12-02 15:31:19,751 - INFO - [The Guardian] Success with 'requests_browser'. Found content (506 words).
2025-12-02 15:31:19,802 - INFO - Duplicate article skipped: Five South Africans in court over alleged recruitment for Russia’s war in Ukraine | South Africa | The Guardian from The Guardian
2025-12-02 15:31:19,898 - INFO - Found 37 articles in BBC RSS feed. Processing up to 20.
2025-12-02 15:31:19,899 - INFO - [BBC] Article: https://www.bbc.com/news/articles/ce8ng3yjenpo?at_medium=RSS&at_campaign=rss
2025-12-02 15:31:19,899 - INFO - [BBC] Attempt 1/1: Trying with 'requests_browser' strategy...
2025-12-02 15:31:20,009 - INFO - [BBC] Success with 'requests_browser'. Found content (840 words).
2025-12-02 15:31:20,046 - INFO - Duplicate article skipped: Putin and Trump envoy Steve Witkoff set for key Ukraine talks in Moscow from BBC
2025-12-02 15:31:20,893 - INFO - Selenium driver initialized successfully.
2025-12-02 15:31:20,894 - INFO - Selenium driver initialized successfully.
2025-12-02 15:31:20,894 - INFO - Starting scrape for The Hindu RSS feed: https://www.thehindu.com/news/national/feeder/default.rss
2025-12-02 15:31:20,894 - INFO - Starting scrape for Times of India RSS feed: https://timesofindia.indiatimes.com/rssfeeds/296589292.cms
2025-12-02 15:31:20,961 - INFO - Found 20 articles in Times of India RSS feed. Processing up to 20.
2025-12-02 15:31:20,962 - INFO - [Times of India] Article: https://timesofindia.indiatimes.com/world/us/hire-act-explained-indian-origin-lawmaker-proposes-doubling-h-1b-visas-is-it-possible/articleshow/125720990.cms
2025-12-02 15:31:20,962 - INFO - [Times of India] Attempt 1/1: Trying with 'selenium_browser' strategy...
2025-12-02 15:31:21,121 - INFO - Found 100 articles in The Hindu RSS feed. Processing up to 20.
2025-12-02 15:31:21,122 - INFO - [The Hindu] Article: https://www.thehindu.com/news/national/karnataka/200-students-participate-in-48-hour-hackathon-in-vijayapura/article70345789.ece
2025-12-02 15:31:21,122 - INFO - [The Hindu] Attempt 1/1: Trying with 'selenium_browser' strategy...
2025-12-02 15:31:21,286 - INFO - [BBC] Article: https://www.bbc.com/news/articles/c0r95q9kv1go?at_medium=RSS&at_campaign=rss
2025-12-02 15:31:21,286 - INFO - [BBC] Attempt 1/1: Trying with 'requests_browser' strategy...
2025-12-02 15:31:21,298 - INFO - [The Guardian] Article: https://www.theguardian.com/global-development/2025/dec/01/global-health-hiv-aids-funding-cuts-infections-prevention
2025-12-02 15:31:21,298 - INFO - [The Guardian] Attempt 1/1: Trying with 'requests_browser' strategy...
2025-12-02 15:31:21,372 - INFO - [BBC] Success with 'requests_browser'. Found content (948 words).
2025-12-02 15:31:21,443 - INFO - [The Guardian] Success with 'requests_browser'. Found content (674 words).
2025-12-02 15:31:21,469 - INFO - Duplicate article skipped: US authorised second deadly Venezuela boat strike, White House says from BBC
2025-12-02 15:31:21,533 - INFO - Duplicate article skipped: Aid cuts have shaken HIV/Aids care to its core – and will mean millions more infections ahead | Global health | The Guardian from The Guardian
2025-12-02 15:31:22,075 - INFO - [BBC] Article: https://www.bbc.com/news/articles/cedxyvx74p4o?at_medium=RSS&at_campaign=rss
2025-12-02 15:31:22,075 - INFO - [BBC] Attempt 1/1: Trying with 'requests_browser' strategy...
2025-12-02 15:31:22,137 - INFO - [BBC] Success with 'requests_browser'. Found content (768 words).
2025-12-02 15:31:22,138 - INFO - [The Guardian] Article: https://www.theguardian.com/world/2025/nov/30/african-leaders-push-for-recognition-of-colonial-crimes-and-reparations
2025-12-02 15:31:22,143 - INFO - [The Guardian] Attempt 1/1: Trying with 'requests_browser' strategy...
2025-12-02 15:31:22,644 - INFO - Duplicate article skipped: Sanchar Saathi: India mandates state-owned cyber safety app on all smartphones from BBC
2025-12-02 15:31:22,690 - INFO - [The Guardian] Success with 'requests_browser'. Found content (670 words).
2025-12-02 15:31:22,869 - INFO - Duplicate article skipped: African leaders push for recognition of colonial crimes and reparations | Colonialism | The Guardian from The Guardian
2025-12-02 15:31:23,590 - INFO - [The Guardian] Article: https://www.theguardian.com/world/2025/nov/28/jacob-zuma-daughter-resigns-claims-south-africans-tricked-fight-russia
2025-12-02 15:31:23,590 - INFO - [The Guardian] Attempt 1/1: Trying with 'requests_browser' strategy...
2025-12-02 15:31:23,742 - INFO - [The Guardian] Success with 'requests_browser'. Found content (753 words).
2025-12-02 15:31:23,865 - INFO - Duplicate article skipped: Jacob Zuma’s daughter resigns amid claims South Africans tricked to fight for Russia | South Africa | The Guardian from The Guardian
2025-12-02 15:31:23,899 - INFO - [BBC] Article: https://www.bbc.com/news/articles/cn41jge1990o?at_medium=RSS&at_campaign=rss
2025-12-02 15:31:23,901 - INFO - [BBC] Attempt 1/1: Trying with 'requests_browser' strategy...
2025-12-02 15:31:24,027 - INFO - [BBC] Success with 'requests_browser'. Found content (525 words).
2025-12-02 15:31:24,120 - INFO - Duplicate article skipped: Pope prays at site of Beirut port blast on last day of Lebanon visit from BBC
2025-12-02 15:31:24,951 - INFO - [BBC] Article: https://www.bbc.com/news/articles/cjezwzw088jo?at_medium=RSS&at_campaign=rss
2025-12-02 15:31:24,951 - INFO - [BBC] Attempt 1/1: Trying with 'requests_browser' strategy...
2025-12-02 15:31:25,074 - INFO - [BBC] Success with 'requests_browser'. Found content (501 words).
2025-12-02 15:31:25,221 - INFO - Duplicate article skipped: Bulgaria ditches budget plan after tens of thousands join protests from BBC
2025-12-02 15:31:25,304 - INFO - [The Guardian] Article: https://www.theguardian.com/environment/2025/nov/28/africa-forests-transformed-carbon-sink-carbon-source-study
2025-12-02 15:31:25,304 - INFO - [The Guardian] Attempt 1/1: Trying with 'requests_browser' strategy...
2025-12-02 15:31:25,445 - INFO - [The Guardian] Success with 'requests_browser'. Found content (458 words).
2025-12-02 15:31:25,670 - INFO - Duplicate article skipped: Africa’s forests transformed from carbon sink to carbon source, study finds | Climate crisis | The Guardian from The Guardian
2025-12-02 15:31:25,726 - INFO - [BBC] Article: https://www.bbc.com/news/articles/cx2dgp8mvmno?at_medium=RSS&at_campaign=rss
2025-12-02 15:31:25,726 - INFO - [BBC] Attempt 1/1: Trying with 'requests_browser' strategy...
2025-12-02 15:31:25,885 - INFO - [BBC] Success with 'requests_browser'. Found content (872 words).
2025-12-02 15:31:26,170 - INFO - Duplicate article skipped: Honduras election: presidential candidates locked in 'technical tie', official says from BBC
2025-12-02 15:31:26,849 - INFO - [The Guardian] Article: https://www.theguardian.com/us-news/live/2025/dec/02/donald-trump-pete-hegseth-boat-venezuela-maduro-tennessee-us-politics-live-news-updates
2025-12-02 15:31:26,849 - INFO - [The Guardian] Attempt 1/1: Trying with 'requests_browser' strategy...
2025-12-02 15:31:27,019 - INFO - [The Hindu] Page content loaded.
2025-12-02 15:31:27,662 - INFO - [BBC] Article: https://www.bbc.com/news/articles/ce8ng18p7v3o?at_medium=RSS&at_campaign=rss
2025-12-02 15:31:27,662 - INFO - [BBC] Attempt 1/1: Trying with 'requests_browser' strategy...
2025-12-02 15:31:27,881 - INFO - [The Hindu] Success with 'selenium_browser'. Found content (177 words).
2025-12-02 15:31:28,305 - INFO - [BBC] Success with 'requests_browser'. Found content (582 words).
2025-12-02 15:31:28,588 - INFO - [The Guardian] Success with 'requests_browser'. Found content (2742 words).
2025-12-02 15:31:56,561 - INFO - Saved article: 200 students participate in 48-hour hackathon in Vijayapura - The Hindu from The Hindu
2025-12-02 15:31:56,562 - INFO - Duplicate article skipped: Hong Kong leader orders investigation into deadly fire that killed 151 from BBC
2025-12-02 15:31:56,563 - INFO - Duplicate article skipped: White House distances Hegseth from second strike on alleged drug boat – US politics live | Pete Hegseth | The Guardian from The Guardian
2025-12-02 15:31:57,146 - INFO - [The Hindu] Article: https://www.thehindu.com/news/national/bjp-accuses-rahul-renuka-of-hurting-dignity-of-parliament/article70349894.ece
2025-12-02 15:31:57,146 - INFO - [The Hindu] Attempt 1/1: Trying with 'selenium_browser' strategy...
2025-12-02 15:31:57,204 - INFO - [BBC] Article: https://www.bbc.com/news/articles/cre3q9edqx8o?at_medium=RSS&at_campaign=rss
2025-12-02 15:31:57,205 - INFO - [BBC] Attempt 1/1: Trying with 'requests_browser' strategy...
2025-12-02 15:31:57,232 - INFO - [BBC] Success with 'requests_browser'. Found content (415 words).
2025-12-02 15:31:57,282 - INFO - Duplicate article skipped: Pavarotti statue frozen knee-deep in ice rink strikes wrong note in Italy from BBC
2025-12-02 15:31:57,895 - INFO - [The Guardian] Article: https://www.theguardian.com/world/2025/dec/02/trump-intervention-honduras-presidential-vote-count-stalls-nasry-asfura
2025-12-02 15:31:57,895 - INFO - [The Guardian] Attempt 1/1: Trying with 'requests_browser' strategy...
2025-12-02 15:31:57,934 - INFO - [The Guardian] Success with 'requests_browser'. Found content (510 words).
2025-12-02 15:31:58,011 - INFO - Duplicate article skipped: Trump tells Honduras ‘there will be hell to pay’ as presidential vote count stalls | Honduras | The Guardian from The Guardian
2025-12-02 15:31:58,168 - INFO - [BBC] Article: https://www.bbc.com/news/articles/ce3wq2zznz1o?at_medium=RSS&at_campaign=rss
2025-12-02 15:31:58,168 - INFO - [BBC] Attempt 1/1: Trying with 'requests_browser' strategy...
2025-12-02 15:31:58,248 - INFO - [BBC] Success with 'requests_browser'. Found content (622 words).
2025-12-02 15:31:59,293 - INFO - [The Guardian] Article: https://www.theguardian.com/us-news/2025/dec/02/monterrey-mexico-air-quality-industrial-pollution
2025-12-02 15:31:59,293 - INFO - [The Guardian] Attempt 1/1: Trying with 'requests_browser' strategy...
2025-12-02 15:31:59,381 - INFO - [The Guardian] Success with 'requests_browser'. Found content (3688 words).
2025-12-02 15:32:04,744 - INFO - [The Hindu] Page content loaded.
2025-12-02 15:32:05,067 - INFO - [The Hindu] Success with 'selenium_browser'. Found content (139 words).
2025-12-02 15:32:12,006 - INFO - Saved article: Guinea Bissau coup: Nigeria grants asylum to presidential candidate Fernando Dias from BBC
2025-12-02 15:32:12,006 - INFO - Duplicate article skipped: Revealed: Mexico’s industrial boomtown is making goods for the US. Residents say they’re ‘breathing poison’ | Mexico | The Guardian from The Guardian
2025-12-02 15:32:12,699 - INFO - [BBC] Article: https://www.bbc.com/news/articles/c3r78peyzzlo?at_medium=RSS&at_campaign=rss
2025-12-02 15:32:12,699 - INFO - [BBC] Attempt 1/1: Trying with 'requests_browser' strategy...
2025-12-02 15:32:12,747 - INFO - [BBC] Success with 'requests_browser'. Found content (416 words).
2025-12-02 15:32:13,087 - INFO - [The Guardian] Article: https://www.theguardian.com/world/2025/dec/02/st-lucia-election-prime-minister-philip-pierre-wins
2025-12-02 15:32:13,087 - INFO - [The Guardian] Attempt 1/1: Trying with 'requests_browser' strategy...
2025-12-02 15:32:13,131 - INFO - [The Guardian] Success with 'requests_browser'. Found content (310 words).
2025-12-02 15:32:24,342 - INFO - Saved article: BJP accuses Rahul, Renuka of hurting dignity of Parliament - The Hindu from The Hindu
2025-12-02 15:32:25,340 - INFO - [The Hindu] Article: https://www.thehindu.com/news/national/can-suspicion-of-impurity-lead-to-an-exercise-which-threatens-statelessness-petitioners-ask-sc-in-sir-hearing/article70350044.ece
2025-12-02 15:32:25,340 - INFO - [The Hindu] Attempt 1/1: Trying with 'selenium_browser' strategy...
2025-12-02 15:32:33,834 - INFO - [The Hindu] Page content loaded.
2025-12-02 15:32:34,035 - INFO - [The Hindu] Success with 'selenium_browser'. Found content (524 words).
2025-12-02 15:32:41,907 - INFO - Saved article: Costco sues Trump administration for 'full refund' of tariffs from BBC
2025-12-02 15:32:41,907 - INFO - Duplicate article skipped: St Lucia prime minister Philip Pierre keeps majority as ruling party wins | St Lucia | The Guardian from The Guardian
2025-12-02 15:32:42,943 - INFO - [BBC] Article: https://www.bbc.com/news/articles/c33mz477p4po?at_medium=RSS&at_campaign=rss
2025-12-02 15:32:42,943 - INFO - [BBC] Attempt 1/1: Trying with 'requests_browser' strategy...
2025-12-02 15:32:43,000 - INFO - [BBC] Success with 'requests_browser'. Found content (882 words).
2025-12-02 15:32:43,277 - INFO - [The Guardian] Article: https://www.theguardian.com/world/2025/dec/02/el-chapo-son-plea-deal-el-mayo-zambada
2025-12-02 15:32:43,277 - INFO - [The Guardian] Attempt 1/1: Trying with 'requests_browser' strategy...
2025-12-02 15:32:43,327 - INFO - [The Guardian] Success with 'requests_browser'. Found content (635 words).
2025-12-02 15:32:53,732 - INFO - Saved article: Can ‘suspicion’ of impurity lead to an exercise which threatens statelessness, petitioners ask SC in SIR hearing - The Hindu from The Hindu
2025-12-02 15:32:53,732 - INFO - Duplicate article skipped: Luigi Mangione in court as lawyers seek to rule out notebook, gun and other key evidence from BBC
2025-12-02 15:32:53,733 - INFO - Duplicate article skipped: Plea deal for drug kingpin El Chapo’s son details abduction of cartel boss | Drugs trade | The Guardian from The Guardian
2025-12-02 15:32:54,244 - INFO - [The Guardian] Article: https://www.theguardian.com/world/2025/dec/02/indonesia-floods-one-million-people-evacuated-death-toll-rises
2025-12-02 15:32:54,244 - INFO - [The Guardian] Attempt 1/1: Trying with 'requests_browser' strategy...
2025-12-02 15:32:54,282 - INFO - [The Guardian] Success with 'requests_browser'. Found content (506 words).
2025-12-02 15:32:54,327 - INFO - Duplicate article skipped: Death toll from Indonesia floods passes 700 as 1 million evacuated | Indonesia | The Guardian from The Guardian
2025-12-02 15:32:54,716 - INFO - [BBC] Article: https://www.bbc.com/news/articles/cvgqnklqge7o?at_medium=RSS&at_campaign=rss
2025-12-02 15:32:54,716 - INFO - [BBC] Attempt 1/1: Trying with 'requests_browser' strategy...
2025-12-02 15:32:54,758 - INFO - [BBC] Success with 'requests_browser'. Found content (445 words).
2025-12-02 15:32:55,005 - INFO - [The Hindu] Article: https://www.thehindu.com/news/national/tamil-nadu/youtubers-cannot-harm-business-in-the-guise-of-reviewing-products-madras-high-court/article70349241.ece
2025-12-02 15:32:55,005 - INFO - [The Hindu] Attempt 1/1: Trying with 'selenium_browser' strategy...
2025-12-02 15:32:55,136 - INFO - [The Guardian] Article: https://www.theguardian.com/news/2025/dec/02/hong-kong-fire-response-contrast-mainland-china
2025-12-02 15:32:55,136 - INFO - [The Guardian] Attempt 1/1: Trying with 'requests_browser' strategy...
2025-12-02 15:32:55,249 - INFO - [The Guardian] Success with 'requests_browser'. Found content (799 words).
2025-12-02 15:32:56,338 - INFO - [The Hindu] Page content loaded.
2025-12-02 15:32:56,677 - INFO - [The Hindu] Success with 'selenium_browser'. Found content (416 words).
2025-12-02 15:33:08,040 - INFO - Saved article: Zambian-American influencer Ethel Chisono Edwards sentenced to 18 months for hate speech from BBC
2025-12-02 15:33:08,040 - INFO - Duplicate article skipped: Hong Kong responds to disaster differently from Beijing – but the gulf is narrowing | Hong Kong apartment fires | The Guardian from The Guardian
2025-12-02 15:33:08,686 - INFO - [The Guardian] Article: https://www.theguardian.com/world/2025/dec/02/new-zealand-man-charged-allegedly-swallowing-faberge-james-bond-pendant
2025-12-02 15:33:08,687 - INFO - [The Guardian] Attempt 1/1: Trying with 'requests_browser' strategy...
2025-12-02 15:33:08,723 - INFO - [The Guardian] Success with 'requests_browser'. Found content (241 words).
2025-12-02 15:33:08,904 - INFO - [BBC] Article: https://www.bbc.com/news/articles/cn41jge1990o?at_medium=RSS&at_campaign=rss
2025-12-02 15:33:08,905 - INFO - [BBC] Attempt 1/1: Trying with 'requests_browser' strategy...
2025-12-02 15:33:09,021 - INFO - [BBC] Success with 'requests_browser'. Found content (525 words).
2025-12-02 15:33:18,926 - INFO - Saved article: YouTubers cannot harm business in the guise of reviewing products: Madras High Court - The Hindu from The Hindu
2025-12-02 15:33:18,926 - INFO - Duplicate article skipped: Man charged with theft after allegedly swallowing Fabergé pendant in jewellery store | New Zealand | The Guardian from The Guardian
2025-12-02 15:33:18,926 - INFO - Duplicate article skipped: Pope prays at site of Beirut port blast on last day of Lebanon visit from BBC
2025-12-02 15:33:19,848 - INFO - [BBC] Article: https://www.bbc.com/news/articles/cewjg272dq9o?at_medium=RSS&at_campaign=rss
2025-12-02 15:33:19,849 - INFO - [BBC] Attempt 1/1: Trying with 'requests_browser' strategy...
2025-12-02 15:33:19,868 - INFO - [The Guardian] Article: https://www.theguardian.com/world/2025/dec/02/japan-pm-sanae-takaichi-work-win-catchphrase-of-year
2025-12-02 15:33:19,868 - INFO - [The Guardian] Attempt 1/1: Trying with 'requests_browser' strategy...
2025-12-02 15:33:19,897 - INFO - [The Guardian] Success with 'requests_browser'. Found content (510 words).
2025-12-02 15:33:19,932 - INFO - Duplicate article skipped: Japan PM’s pledge to ‘work, work, work, work, and work’ wins catchphrase of year | Sanae Takaichi | The Guardian from The Guardian
2025-12-02 15:33:19,952 - INFO - [BBC] Success with 'requests_browser'. Found content (582 words).
2025-12-02 15:33:19,988 - INFO - Duplicate article skipped: Alina Habba: Appeals court disqualifies ex-Trump lawyer as New Jersey prosecutor from BBC
2025-12-02 15:33:20,106 - INFO - [The Hindu] Article: https://www.thehindu.com/news/national/tamil-nadu/tiruchi-collector-reviews-crowd-management-plan-for-vaikunta-ekadasi-celebrations-at-srirangam-temple/article70350064.ece
2025-12-02 15:33:20,107 - INFO - [The Hindu] Attempt 1/1: Trying with 'selenium_browser' strategy...
2025-12-02 15:33:20,987 - INFO - [The Guardian] Article: https://www.theguardian.com/world/2025/dec/01/asia-flood-sri-lanka-indonesia-deploy-military
2025-12-02 15:33:20,988 - INFO - [The Guardian] Attempt 1/1: Trying with 'requests_browser' strategy...
2025-12-02 15:33:21,045 - INFO - [The Guardian] Success with 'requests_browser'. Found content (759 words).
2025-12-02 15:33:21,073 - ERROR - [Times of India] Request failed for strategy 'selenium_browser' on URL https://timesofindia.indiatimes.com/world/us/hire-act-explained-indian-origin-lawmaker-proposes-doubling-h-1b-visas-is-it-possible/articleshow/125720990.cms: HTTPConnectionPool(host='localhost', port=41871): Read timed out. (read timeout=120)
2025-12-02 15:33:21,082 - ERROR - [Times of India] All scrape strategies failed for https://timesofindia.indiatimes.com/world/us/hire-act-explained-indian-origin-lawmaker-proposes-doubling-h-1b-visas-is-it-possible/articleshow/125720990.cms. Falling back to RSS description.
2025-12-02 15:33:21,220 - INFO - [BBC] Article: https://www.bbc.com/news/articles/c4g4enlp6kzo?at_medium=RSS&at_campaign=rss
2025-12-02 15:33:21,220 - INFO - [BBC] Attempt 1/1: Trying with 'requests_browser' strategy...
2025-12-02 15:33:21,304 - INFO - [BBC] Success with 'requests_browser'. Found content (908 words).
2025-12-02 15:33:24,779 - INFO - [The Hindu] Page content loaded.
2025-12-02 15:33:24,988 - INFO - [The Hindu] Success with 'selenium_browser'. Found content (279 words).
2025-12-02 15:33:34,535 - INFO - Saved article: HIRE Act explained: Indian-origin lawmaker proposes doubling H-1B visas — is it possible? from Times of India
2025-12-02 15:33:34,535 - INFO - Duplicate article skipped: Sri Lanka and Indonesia deploy militaries as Asia floods death toll passes 1,100 | Asia Pacific | The Guardian from The Guardian
2025-12-02 15:33:34,535 - INFO - Duplicate article skipped: Indonesia floods death toll passes 600 from BBC
2025-12-02 15:33:35,118 - INFO - [Times of India] Article: https://timesofindia.indiatimes.com/world/us-streamers/nina-lin-banned-again-on-twitch-after-the-target-shoplifting-video-goes-viral/articleshow/125721181.cms
2025-12-02 15:33:35,118 - INFO - [Times of India] Attempt 1/1: Trying with 'selenium_browser' strategy...
2025-12-02 15:33:35,214 - INFO - [The Guardian] Article: https://www.theguardian.com/australia-news/2025/dec/03/ndis-plans-computer-generated
2025-12-02 15:33:35,215 - INFO - [The Guardian] Attempt 1/1: Trying with 'requests_browser' strategy...
2025-12-02 15:33:35,288 - INFO - [The Guardian] Success with 'requests_browser'. Found content (1863 words).
2025-12-02 15:33:35,530 - INFO - [BBC] Article: https://www.bbc.com/news/articles/ckg9204y4w5o?at_medium=RSS&at_campaign=rss
2025-12-02 15:33:35,530 - INFO - [BBC] Attempt 1/1: Trying with 'requests_browser' strategy...
2025-12-02 15:33:35,577 - INFO - [BBC] Success with 'requests_browser'. Found content (682 words).
2025-12-02 15:33:46,295 - INFO - Saved article: Tiruchi Collector reviews crowd management plan for Vaikunta Ekadasi celebrations at Srirangam temple - The Hindu from The Hindu
2025-12-02 15:33:46,295 - INFO - Duplicate article skipped: NDIS plans will be computer-generated with human involvement dramatically cut under sweeping overhaul | National disability insurance scheme | The Guardian from The Guardian
2025-12-02 15:33:46,295 - INFO - Duplicate article skipped: Anicet Ekane: Cameroon opposition firebrand dies in detention aged 74 from BBC
2025-12-02 15:33:46,992 - INFO - [The Hindu] Article: https://www.thehindu.com/news/national/telangana/nehrus-legacy-is-the-driving-force-in-telanganas-development-cm/article70349900.ece
2025-12-02 15:33:46,992 - INFO - [The Hindu] Attempt 1/1: Trying with 'selenium_browser' strategy...
2025-12-02 15:33:47,179 - INFO - [The Guardian] Article: https://www.theguardian.com/australia-news/2025/dec/02/australia-gambling-reform-card-payment-least-impact
2025-12-02 15:33:47,179 - INFO - [The Guardian] Attempt 1/1: Trying with 'requests_browser' strategy...
2025-12-02 15:33:47,249 - INFO - [The Guardian] Success with 'requests_browser'. Found content (512 words).
2025-12-02 15:33:47,561 - INFO - [BBC] Article: https://www.bbc.com/news/articles/czrk7g50e1po?at_medium=RSS&at_campaign=rss
2025-12-02 15:33:47,566 - INFO - [BBC] Attempt 1/1: Trying with 'requests_browser' strategy...
2025-12-02 15:33:47,638 - INFO - Duplicate article skipped: Australia’s heaviest betters undeterred by key gambling reform, research shows | Gambling | The Guardian from The Guardian
2025-12-02 15:33:47,681 - INFO - [BBC] Success with 'requests_browser'. Found content (1693 words).
2025-12-02 15:33:47,735 - INFO - Duplicate article skipped: WW1 toxic compound sprayed on Georgian protesters, BBC evidence suggests from BBC
2025-12-02 15:33:48,161 - INFO - [The Guardian] Article: https://www.theguardian.com/australia-news/2025/dec/02/sea-world-helicopter-crash-pilot-seen-taking-cocaine-the-night-before-inquest-told
2025-12-02 15:33:48,162 - INFO - [The Guardian] Attempt 1/1: Trying with 'requests_browser' strategy...
2025-12-02 15:33:48,215 - INFO - [The Guardian] Success with 'requests_browser'. Found content (759 words).
2025-12-02 15:33:48,278 - INFO - Duplicate article skipped: Sea World helicopter pilot ‘had a breakdown and took cocaine’ before crash, inquest told | Queensland | The Guardian from The Guardian
2025-12-02 15:33:48,278 - INFO - [The Hindu] Page content loaded.
2025-12-02 15:33:48,361 - INFO - [The Hindu] Success with 'selenium_browser'. Found content (439 words).
2025-12-02 15:33:48,778 - INFO - [BBC] Article: https://www.bbc.com/news/articles/ckgz28zyp8vo?at_medium=RSS&at_campaign=rss
2025-12-02 15:33:48,778 - INFO - [BBC] Attempt 1/1: Trying with 'requests_browser' strategy...
2025-12-02 15:33:48,938 - INFO - [BBC] Success with 'requests_browser'. Found content (378 words).
2025-12-02 15:33:49,090 - INFO - [The Guardian] Article: https://www.theguardian.com/business/2025/dec/02/gina-rinehart-helipad-company-headquarters-perth-council-vote-ntwnfb
2025-12-02 15:33:49,090 - INFO - [The Guardian] Attempt 1/1: Trying with 'requests_browser' strategy...
2025-12-02 15:33:49,277 - INFO - [The Guardian] Success with 'requests_browser'. Found content (582 words).
2025-12-02 15:34:00,632 - INFO - Saved article: Nehru’s legacy is the driving force in Telangana’s development: CM - The Hindu from The Hindu
2025-12-02 15:34:00,632 - INFO - Duplicate article skipped: Joaquín Guzmán López: Drug lord El Chapo's son pleads guilty in US drug trafficking case from BBC
2025-12-02 15:34:00,632 - INFO - Duplicate article skipped: Bid by Gina Rinehart’s company to build helipad set to be blocked by City of Perth | Gina Rinehart | The Guardian from The Guardian
2025-12-02 15:34:01,298 - INFO - [BBC] Article: https://www.bbc.com/news/articles/cz0n1rm95yxo?at_medium=RSS&at_campaign=rss
2025-12-02 15:34:01,298 - INFO - [BBC] Attempt 1/1: Trying with 'requests_browser' strategy...
2025-12-02 15:34:01,406 - INFO - [BBC] Success with 'requests_browser'. Found content (254 words).
2025-12-02 15:34:01,444 - INFO - Duplicate article skipped: Peru landslide: 12 killed after two boats hit in Amazon rainforest from BBC
2025-12-02 15:34:01,655 - INFO - [The Hindu] Article: https://www.thehindu.com/news/national/dgca-probes-ai-for-operating-jet-with-lapsed-airworthiness-certificate/article70350149.ece
2025-12-02 15:34:01,655 - INFO - [The Hindu] Attempt 1/1: Trying with 'selenium_browser' strategy...
2025-12-02 15:34:02,125 - INFO - [The Guardian] Article: https://www.theguardian.com/australia-news/2025/dec/02/australian-children-moving-to-new-social-app-lemon8-but-owner-expected-to-restrict-users-to-over-16s
2025-12-02 15:34:02,125 - INFO - [The Guardian] Attempt 1/1: Trying with 'requests_browser' strategy...
2025-12-02 15:34:02,271 - INFO - [The Guardian] Success with 'requests_browser'. Found content (643 words).
2025-12-02 15:34:02,347 - INFO - Duplicate article skipped: Australian children moving to new social app Lemon8 but owner expected to restrict users to over-16s | Social media ban | The Guardian from The Guardian
2025-12-02 15:34:02,625 - INFO - [BBC] Article: https://www.bbc.com/news/articles/cj69588eewyo?at_medium=RSS&at_campaign=rss
2025-12-02 15:34:02,625 - INFO - [BBC] Attempt 1/1: Trying with 'requests_browser' strategy...
2025-12-02 15:34:02,675 - INFO - [BBC] Success with 'requests_browser'. Found content (1209 words).
2025-12-02 15:34:02,684 - INFO - [The Hindu] Page content loaded.
2025-12-02 15:34:02,766 - INFO - Duplicate article skipped: Israeli-Russian woman says Iraqi militants tortured her in captivity from BBC
2025-12-02 15:34:02,872 - INFO - [The Hindu] Success with 'selenium_browser'. Found content (161 words).
2025-12-02 15:34:14,966 - INFO - Saved article: DGCA probes AI for operating jet with lapsed airworthiness certificate - The Hindu from The Hindu
2025-12-02 15:34:16,293 - INFO - [The Hindu] Article: https://www.thehindu.com/news/national/andhra-pradesh/engineering-student-found-dead-in-klu-hostel/article70350274.ece
2025-12-02 15:34:16,293 - INFO - [The Hindu] Attempt 1/1: Trying with 'selenium_browser' strategy...
2025-12-02 15:34:17,337 - INFO - [The Hindu] Page content loaded.
2025-12-02 15:34:17,499 - INFO - [The Hindu] Success with 'selenium_browser'. Found content (158 words).
2025-12-02 15:34:30,131 - INFO - Saved article: Engineering student found dead in KLU hostel - The Hindu from The Hindu
2025-12-02 15:34:31,517 - INFO - [The Hindu] Article: https://www.thehindu.com/news/national/tamil-nadu/cyclone-ditwahs-unusual-stall-leads-to-prolonged-rains-in-tamil-nadu/article70349738.ece
2025-12-02 15:34:31,517 - INFO - [The Hindu] Attempt 1/1: Trying with 'selenium_browser' strategy...
2025-12-02 15:34:32,576 - INFO - [The Hindu] Page content loaded.
2025-12-02 15:34:32,622 - INFO - [The Hindu] Success with 'selenium_browser'. Found content (329 words).
2025-12-02 15:34:45,416 - INFO - DEDUPLICATION: Found match (Score: 0.79). Linking to Cluster ID: f6ff0d8f-49bb-42b3-8843-6a8d0f2237ab
2025-12-02 15:34:45,418 - INFO - Saved article: Cyclone Ditwah’s unusual stall leads to prolonged rains in Tamil Nadu - The Hindu from The Hindu
2025-12-02 15:34:46,880 - INFO - [The Hindu] Article: https://www.thehindu.com/news/national/andhra-pradesh/rythanna-meekosam-workshops-in-andhra-pradesh-on-december-3/article70349754.ece
2025-12-02 15:34:46,880 - INFO - [The Hindu] Attempt 1/1: Trying with 'selenium_browser' strategy...
2025-12-02 15:34:48,312 - INFO - [The Hindu] Page content loaded.
2025-12-02 15:34:48,418 - INFO - [The Hindu] Success with 'selenium_browser'. Found content (257 words).
2025-12-02 15:35:00,970 - INFO - Saved article: ‘Rythanna Meekosam’ workshops in Andhra Pradesh on December 3 - The Hindu from The Hindu
2025-12-02 15:35:01,701 - INFO - [The Hindu] Article: https://www.thehindu.com/news/national/russia-focused-on-increasing-trade-with-india-despite-obstacles-by-third-countries-dmitry-peskov/article70349350.ece
2025-12-02 15:35:01,702 - INFO - [The Hindu] Attempt 1/1: Trying with 'selenium_browser' strategy...
2025-12-02 15:35:03,264 - INFO - [The Hindu] Page content loaded.
2025-12-02 15:35:03,334 - INFO - [The Hindu] Success with 'selenium_browser'. Found content (715 words).
2025-12-02 15:35:15,432 - INFO - Saved article: Russia focused on increasing trade with India despite ‘obstacles’ by third countries: Dmitry Peskov - The Hindu from The Hindu
2025-12-02 15:35:16,482 - INFO - [The Hindu] Article: https://www.thehindu.com/news/cities/Hyderabad/telangana-launches-six-week-fraud-ka-full-stop-campaign/article70349736.ece
2025-12-02 15:35:16,482 - INFO - [The Hindu] Attempt 1/1: Trying with 'selenium_browser' strategy...
2025-12-02 15:35:17,504 - INFO - [The Hindu] Page content loaded.
2025-12-02 15:35:17,700 - INFO - [The Hindu] Success with 'selenium_browser'. Found content (479 words).
2025-12-02 15:35:29,800 - INFO - Saved article: Telangana launches six-week ‘Fraud Ka Full Stop’ campaign - The Hindu from The Hindu
2025-12-02 15:35:31,169 - INFO - [The Hindu] Article: https://www.thehindu.com/news/national/andhra-pradesh/government-officials-daughter-found-dead/article70350111.ece
2025-12-02 15:35:31,169 - INFO - [The Hindu] Attempt 1/1: Trying with 'selenium_browser' strategy...
2025-12-02 15:35:34,311 - INFO - [The Hindu] Page content loaded.
2025-12-02 15:35:34,406 - INFO - [The Hindu] Success with 'selenium_browser'. Found content (175 words).
2025-12-02 15:35:35,220 - ERROR - [Times of India] Request failed for strategy 'selenium_browser' on URL https://timesofindia.indiatimes.com/world/us-streamers/nina-lin-banned-again-on-twitch-after-the-target-shoplifting-video-goes-viral/articleshow/125721181.cms: HTTPConnectionPool(host='localhost', port=41871): Read timed out. (read timeout=120)
2025-12-02 15:35:35,220 - ERROR - [Times of India] All scrape strategies failed for https://timesofindia.indiatimes.com/world/us-streamers/nina-lin-banned-again-on-twitch-after-the-target-shoplifting-video-goes-viral/articleshow/125721181.cms. Falling back to RSS description.
2025-12-02 15:35:46,876 - INFO - Saved article: Government official’s daughter found dead - The Hindu from The Hindu
2025-12-02 15:35:46,876 - INFO - Duplicate article skipped: Nina Lin banned again on Twitch after the Target shoplifting video goes viral from Times of India
2025-12-02 15:35:47,756 - INFO - [Times of India] Article: https://timesofindia.indiatimes.com/world/rest-of-world/public-execution-in-afghanistan-man-sentenced-to-retaliatory-punishment-for-murder-thousands-gather-to-watch/articleshow/125720626.cms
2025-12-02 15:35:47,756 - INFO - [Times of India] Attempt 1/1: Trying with 'selenium_browser' strategy...
2025-12-02 15:35:47,988 - INFO - [The Hindu] Article: https://www.thehindu.com/news/national/kerala/governor-orders-v-cs-to-enforce-hostel-discipline-decides-to-form-panel-to-curb-campus-violence/article70350159.ece
2025-12-02 15:35:47,988 - INFO - [The Hindu] Attempt 1/1: Trying with 'selenium_browser' strategy...
2025-12-02 15:35:49,607 - INFO - [The Hindu] Page content loaded.
2025-12-02 15:35:49,668 - INFO - [The Hindu] Success with 'selenium_browser'. Found content (194 words).
2025-12-02 15:36:02,161 - INFO - Saved article: Governor orders V-Cs to enforce hostel discipline, decides to form panel to curb campus violence - The Hindu from The Hindu
2025-12-02 15:36:02,907 - INFO - [The Hindu] Article: https://www.thehindu.com/news/cities/Hyderabad/it-minister-reviews-preparations-for-tg-rising-global-summit/article70350194.ece
2025-12-02 15:36:02,907 - INFO - [The Hindu] Attempt 1/1: Trying with 'selenium_browser' strategy...
2025-12-02 15:36:07,423 - INFO - [The Hindu] Page content loaded.
2025-12-02 15:36:07,519 - INFO - [The Hindu] Success with 'selenium_browser'. Found content (219 words).
2025-12-02 15:36:19,531 - CRITICAL - --- TIMEOUT: 2 scrape jobs did not complete in 300s. ---
2025-12-02 15:36:19,531 - ERROR - A thread has timed out and will be abandoned.
2025-12-02 15:36:19,531 - ERROR - A thread has timed out and will be abandoned.
2025-12-02 15:36:19,531 - INFO - Shutting down thread pool (wait=False)...
2025-12-02 15:36:19,531 - INFO - Scraped: 3 BBC, 0 The Guardian, 2 Timed_Out_Jobs articles. (Total saved: 3)
2025-12-02 15:36:19,531 - INFO - --- Scraping job finished ---
2025-12-02 15:36:19,532 - INFO - --- Scraper service stopped and database connection closed. ---
2025-12-02 15:36:19,532 - INFO - --- Main thread finished. Forcing process exit to kill zombie threads. ---
