2025-11-28 23:42:26,332 - INFO - Loading AI Semantic Model (all-MiniLM-L6-v2)...
2025-11-28 23:42:26,333 - INFO - Use pytorch device_name: cpu
2025-11-28 23:42:26,333 - INFO - Load pretrained SentenceTransformer: all-MiniLM-L6-v2
2025-11-28 23:42:27,623 - INFO - AI Model loaded successfully.
2025-11-28 23:42:27,623 - INFO - Initializing database connection at: news_articles.db
2025-11-28 23:42:27,624 - INFO - --- Scraper service started (CI Mode: Run Once) ---
2025-11-28 23:42:27,624 - INFO - --- Starting new scraping job (Parallel Mode) ---
2025-11-28 23:42:27,624 - INFO - Creating new robust session with 3 retries on 5xx/connection/read errors.
2025-11-28 23:42:27,624 - INFO - Proxy is DISABLED.
2025-11-28 23:42:27,624 - INFO - Starting scrape for BBC RSS feed: http://feeds.bbci.co.uk/news/world/rss.xml
2025-11-28 23:42:27,625 - INFO - [Times of India] (Thread) requires Selenium. Initializing driver...
2025-11-28 23:42:27,626 - INFO - Initializing headless Selenium Chrome driver (using SeleniumManager)...
2025-11-28 23:42:27,626 - INFO - Starting scrape for The Guardian RSS feed: https://www.theguardian.com/world/rss
2025-11-28 23:42:27,628 - INFO - [The Hindu] (Thread) requires Selenium. Initializing driver...
2025-11-28 23:42:27,628 - INFO - Initializing headless Selenium Chrome driver (using SeleniumManager)...
2025-11-28 23:42:27,628 - INFO - Submitted 4 jobs to thread pool. Waiting up to 300s for completion...
2025-11-28 23:42:27,716 - INFO - Found 45 articles in The Guardian RSS feed. Processing up to 20.
2025-11-28 23:42:27,716 - INFO - [The Guardian] Article: https://www.theguardian.com/world/2025/nov/28/jacob-zuma-daughter-resigns-claims-south-africans-tricked-fight-russia
2025-11-28 23:42:27,716 - INFO - [The Guardian] Attempt 1/1: Trying with 'requests_browser' strategy...
2025-11-28 23:42:27,902 - INFO - Found 30 articles in BBC RSS feed. Processing up to 20.
2025-11-28 23:42:27,902 - INFO - [BBC] Article: https://www.bbc.com/news/articles/ckg9nd2wddno?at_medium=RSS&at_campaign=rss
2025-11-28 23:42:27,902 - INFO - [BBC] Attempt 1/1: Trying with 'requests_browser' strategy...
2025-11-28 23:42:28,177 - INFO - [The Guardian] Success with 'requests_browser'. Found content (753 words).
2025-11-28 23:42:28,212 - INFO - Duplicate article skipped: Jacob Zuma’s daughter resigns amid claims South Africans tricked to fight for Russia | South Africa | The Guardian from The Guardian
2025-11-28 23:42:28,513 - INFO - [BBC] Success with 'requests_browser'. Found content (929 words).
2025-11-28 23:42:28,572 - INFO - Duplicate article skipped: Zelensky's chief of staff Andriy Yermak resigns after anti-corruption raid from BBC
2025-11-28 23:42:29,138 - INFO - [BBC] Article: https://www.bbc.com/news/articles/c79xd17dre3o?at_medium=RSS&at_campaign=rss
2025-11-28 23:42:29,138 - INFO - [BBC] Attempt 1/1: Trying with 'requests_browser' strategy...
2025-11-28 23:42:29,172 - INFO - [BBC] Success with 'requests_browser'. Found content (771 words).
2025-11-28 23:42:29,209 - INFO - Duplicate article skipped: Hong Kong tower blocks fire death toll rises to 128 from BBC
2025-11-28 23:42:29,664 - INFO - [The Guardian] Article: https://www.theguardian.com/environment/2025/nov/28/africa-forests-transformed-carbon-sink-carbon-source-study
2025-11-28 23:42:29,664 - INFO - [The Guardian] Attempt 1/1: Trying with 'requests_browser' strategy...
2025-11-28 23:42:29,688 - INFO - [The Guardian] Success with 'requests_browser'. Found content (458 words).
2025-11-28 23:42:29,726 - INFO - Duplicate article skipped: Africa’s forests transformed from carbon sink to carbon source, study finds | Climate crisis | The Guardian from The Guardian
2025-11-28 23:42:29,862 - INFO - [BBC] Article: https://www.bbc.com/news/articles/cz0nlxlr87go?at_medium=RSS&at_campaign=rss
2025-11-28 23:42:29,862 - INFO - [BBC] Attempt 1/1: Trying with 'requests_browser' strategy...
2025-11-28 23:42:29,890 - INFO - [BBC] Success with 'requests_browser'. Found content (498 words).
2025-11-28 23:42:29,928 - INFO - Duplicate article skipped: Guinea-Bissau coup called a 'sham' by West African political figures from BBC
2025-11-28 23:42:30,630 - INFO - [BBC] Article: https://www.bbc.com/news/articles/c0q5w8l88dvo?at_medium=RSS&at_campaign=rss
2025-11-28 23:42:30,631 - INFO - [BBC] Attempt 1/1: Trying with 'requests_browser' strategy...
2025-11-28 23:42:30,660 - INFO - [BBC] Success with 'requests_browser'. Found content (700 words).
2025-11-28 23:42:30,841 - INFO - Duplicate article skipped: Afghans in US issue plea to Trump after 'tragic' Washington DC shooting from BBC
2025-11-28 23:42:30,983 - INFO - [The Guardian] Article: https://www.theguardian.com/world/2025/nov/26/guinea-bissau-officers-take-total-control-close-borders-amid-election-chaos
2025-11-28 23:42:30,983 - INFO - [The Guardian] Attempt 1/1: Trying with 'requests_browser' strategy...
2025-11-28 23:42:31,151 - INFO - [The Guardian] Success with 'requests_browser'. Found content (412 words).
2025-11-28 23:42:31,186 - INFO - Duplicate article skipped: Guinea-Bissau military takes ‘total control’ amid election chaos | Guinea-Bissau | The Guardian from The Guardian
2025-11-28 23:42:31,460 - INFO - [BBC] Article: https://www.bbc.com/news/articles/cdxweyy157go?at_medium=RSS&at_campaign=rss
2025-11-28 23:42:31,460 - INFO - [BBC] Attempt 1/1: Trying with 'requests_browser' strategy...
2025-11-28 23:42:31,496 - INFO - [BBC] Success with 'requests_browser'. Found content (1079 words).
2025-11-28 23:42:31,536 - INFO - Duplicate article skipped: Trump says US will pause migration from 'third-world countries' from BBC
2025-11-28 23:42:32,167 - INFO - [The Guardian] Article: https://www.theguardian.com/world/2025/nov/25/nigerian-schoolgirls-rescued-after-mass-abduction-in-kebbi
2025-11-28 23:42:32,168 - INFO - [The Guardian] Attempt 1/1: Trying with 'requests_browser' strategy...
2025-11-28 23:42:32,195 - INFO - [The Guardian] Success with 'requests_browser'. Found content (515 words).
2025-11-28 23:42:32,237 - INFO - Duplicate article skipped: Nigerian schoolgirls rescued after mass abduction in Kebbi | Nigeria | The Guardian from The Guardian
2025-11-28 23:42:32,333 - INFO - [BBC] Article: https://www.bbc.com/news/articles/cp89k31krz4o?at_medium=RSS&at_campaign=rss
2025-11-28 23:42:32,333 - INFO - [BBC] Attempt 1/1: Trying with 'requests_browser' strategy...
2025-11-28 23:42:33,083 - INFO - [BBC] Success with 'requests_browser'. Found content (485 words).
2025-11-28 23:42:33,119 - INFO - Duplicate article skipped: Thirteen killed in deadliest Israeli raid for months in southern Syria from BBC
2025-11-28 23:42:33,254 - INFO - [The Guardian] Article: https://www.theguardian.com/world/2025/nov/25/jacob-zuma-daughter-accused-tricking-men-fighting-for-russia-in-ukraine
2025-11-28 23:42:33,255 - INFO - [The Guardian] Attempt 1/1: Trying with 'requests_browser' strategy...
2025-11-28 23:42:33,455 - INFO - [The Guardian] Success with 'requests_browser'. Found content (656 words).
2025-11-28 23:42:33,499 - INFO - Duplicate article skipped: Jacob Zuma’s daughter accused of tricking men into fighting for Russia in Ukraine | South Africa | The Guardian from The Guardian
2025-11-28 23:42:34,423 - INFO - [BBC] Article: https://www.bbc.com/news/articles/ckglrdg6kz7o?at_medium=RSS&at_campaign=rss
2025-11-28 23:42:34,423 - INFO - [BBC] Attempt 1/1: Trying with 'requests_browser' strategy...
2025-11-28 23:42:34,449 - INFO - [BBC] Success with 'requests_browser'. Found content (639 words).
2025-11-28 23:42:34,480 - INFO - Duplicate article skipped: UN panel says Israel operating 'de facto policy of torture' from BBC
2025-11-28 23:42:34,603 - INFO - [The Guardian] Article: https://www.theguardian.com/us-news/2025/nov/28/trump-pardon-honduras-hernandez-drugs
2025-11-28 23:42:34,603 - INFO - [The Guardian] Attempt 1/1: Trying with 'requests_browser' strategy...
2025-11-28 23:42:34,624 - INFO - [The Guardian] Success with 'requests_browser'. Found content (560 words).
2025-11-28 23:42:35,803 - INFO - [BBC] Article: https://www.bbc.com/news/articles/c0l9z176lnlo?at_medium=RSS&at_campaign=rss
2025-11-28 23:42:35,803 - INFO - [BBC] Attempt 1/1: Trying with 'requests_browser' strategy...
2025-11-28 23:42:35,847 - INFO - [BBC] Success with 'requests_browser'. Found content (678 words).
2025-11-28 23:42:36,462 - INFO - Selenium driver initialized successfully.
2025-11-28 23:42:36,462 - INFO - Starting scrape for The Hindu RSS feed: https://www.thehindu.com/news/national/feeder/default.rss
2025-11-28 23:42:36,463 - INFO - Selenium driver initialized successfully.
2025-11-28 23:42:36,463 - INFO - Starting scrape for Times of India RSS feed: https://timesofindia.indiatimes.com/rssfeeds/296589292.cms
2025-11-28 23:42:36,601 - INFO - Found 100 articles in The Hindu RSS feed. Processing up to 20.
2025-11-28 23:42:36,602 - INFO - [The Hindu] Article: https://www.thehindu.com/news/national/assam/opposing-ucc-plan-congress-says-assam-cms-days-numbered/article70335506.ece
2025-11-28 23:42:36,602 - INFO - [The Hindu] Attempt 1/1: Trying with 'selenium_browser' strategy...
2025-11-28 23:42:36,695 - INFO - Found 20 articles in Times of India RSS feed. Processing up to 20.
2025-11-28 23:42:36,696 - INFO - [Times of India] Article: https://timesofindia.indiatimes.com/world/us/dc-shooting-us-treasury-to-cut-federal-benefits-to-illegal-aliens-amid-trumps-rant-on-immigrants-from-third-world-countries/articleshow/125646901.cms
2025-11-28 23:42:36,696 - INFO - [Times of India] Attempt 1/1: Trying with 'selenium_browser' strategy...
2025-11-28 23:42:47,923 - INFO - [The Hindu] Page content loaded.
2025-11-28 23:43:07,341 - INFO - Saved article: Trump to pardon ex-Honduras leader serving drug trafficking sentence in US | Donald Trump | The Guardian from The Guardian
2025-11-28 23:43:07,342 - INFO - Duplicate article skipped: Austrian nuns win reprieve in abandoned convent - if they stay off social media from BBC
2025-11-28 23:43:08,099 - INFO - [The Guardian] Article: https://www.theguardian.com/us-news/2025/nov/28/college-student-deported-boston-flight-thanksgiving
2025-11-28 23:43:08,099 - INFO - [The Guardian] Attempt 1/1: Trying with 'requests_browser' strategy...
2025-11-28 23:43:08,128 - INFO - [The Guardian] Success with 'requests_browser'. Found content (274 words).
2025-11-28 23:43:08,175 - INFO - Duplicate article skipped: College student deported when flying home for Thanksgiving, despite court order | ICE (US Immigration and Customs Enforcement) | The Guardian from The Guardian
2025-11-28 23:43:08,522 - INFO - [BBC] Article: https://www.bbc.com/news/articles/cx2dndy228xo?at_medium=RSS&at_campaign=rss
2025-11-28 23:43:08,522 - INFO - [BBC] Attempt 1/1: Trying with 'requests_browser' strategy...
2025-11-28 23:43:08,559 - INFO - [BBC] Success with 'requests_browser'. Found content (1379 words).
2025-11-28 23:43:08,606 - INFO - Duplicate article skipped: Duduzile Zuma-Sambudla resigns as South African MP over Russia mercenary recruitment scandal from BBC
2025-11-28 23:43:09,055 - INFO - [The Guardian] Article: https://www.theguardian.com/world/2025/nov/28/quebec-prayer-law-canada
2025-11-28 23:43:09,056 - INFO - [The Guardian] Attempt 1/1: Trying with 'requests_browser' strategy...
2025-11-28 23:43:09,077 - INFO - [The Guardian] Success with 'requests_browser'. Found content (539 words).
2025-11-28 23:43:09,129 - INFO - Duplicate article skipped: Quebec to ban public prayer in sweeping new secularism law | Quebec | The Guardian from The Guardian
2025-11-28 23:43:09,637 - INFO - [BBC] Article: https://www.bbc.com/news/articles/c0q5w13e58zo?at_medium=RSS&at_campaign=rss
2025-11-28 23:43:09,637 - INFO - [BBC] Attempt 1/1: Trying with 'requests_browser' strategy...
2025-11-28 23:43:09,650 - INFO - [The Guardian] Article: https://www.theguardian.com/world/2025/nov/28/haida-nation-mark-carney-pipe-dream-oil-energy
2025-11-28 23:43:09,650 - INFO - [The Guardian] Attempt 1/1: Trying with 'requests_browser' strategy...
2025-11-28 23:43:09,672 - INFO - [The Guardian] Success with 'requests_browser'. Found content (1103 words).
2025-11-28 23:43:09,709 - INFO - Duplicate article skipped: ‘Not going to happen’: First Nations threaten to end Carney’s pipe dream | Canada | The Guardian from The Guardian
2025-11-28 23:43:09,800 - INFO - [BBC] Success with 'requests_browser'. Found content (422 words).
2025-11-28 23:43:09,845 - INFO - Duplicate article skipped: Lightning detected on Mars by Nasa rover, scientists believe from BBC
2025-11-28 23:43:10,417 - INFO - [The Guardian] Article: https://www.theguardian.com/world/2025/nov/28/st-vincent-caribbean-opposition-party-celebrates-historic-election-win
2025-11-28 23:43:10,417 - INFO - [The Guardian] Attempt 1/1: Trying with 'requests_browser' strategy...
2025-11-28 23:43:10,444 - INFO - [The Guardian] Success with 'requests_browser'. Found content (609 words).
2025-11-28 23:43:10,482 - INFO - Duplicate article skipped: St Vincent opposition party celebrates historic election win | St Vincent and the Grenadines | The Guardian from The Guardian
2025-11-28 23:43:11,170 - INFO - [BBC] Article: https://www.bbc.com/news/articles/clyz7njqwvvo?at_medium=RSS&at_campaign=rss
2025-11-28 23:43:11,170 - INFO - [BBC] Attempt 1/1: Trying with 'requests_browser' strategy...
2025-11-28 23:43:11,363 - INFO - [BBC] Success with 'requests_browser'. Found content (345 words).
2025-11-28 23:43:11,412 - INFO - Duplicate article skipped: Japan's same-sex marriage ban is constitutional, says Tokyo court from BBC
2025-11-28 23:43:11,976 - INFO - [The Guardian] Article: https://www.theguardian.com/news/2025/nov/28/hong-kong-apartment-fire-response-rescue-operations-death-toll
2025-11-28 23:43:11,976 - INFO - [The Guardian] Attempt 1/1: Trying with 'requests_browser' strategy...
2025-11-28 23:43:12,008 - INFO - [The Guardian] Success with 'requests_browser'. Found content (1000 words).
2025-11-28 23:43:12,055 - INFO - Duplicate article skipped: Rescue efforts end at Hong Kong tower block fire as death toll reaches 128 | Hong Kong apartment fires | The Guardian from The Guardian
2025-11-28 23:43:12,227 - INFO - [BBC] Article: https://www.bbc.com/news/articles/c0r9qzrxdwwo?at_medium=RSS&at_campaign=rss
2025-11-28 23:43:12,228 - INFO - [BBC] Attempt 1/1: Trying with 'requests_browser' strategy...
2025-11-28 23:43:12,258 - INFO - [BBC] Success with 'requests_browser'. Found content (448 words).
2025-11-28 23:43:12,294 - INFO - Duplicate article skipped: Tunisia hands prison terms to dozens of opposition figures from BBC
2025-11-28 23:43:12,793 - INFO - [The Guardian] Article: https://www.theguardian.com/news/2025/nov/28/hong-kong-community-groups-deliver-aid-to-survivors-of-wang-fuk-court-fire
2025-11-28 23:43:12,793 - INFO - [The Guardian] Attempt 1/1: Trying with 'requests_browser' strategy...
2025-11-28 23:43:12,819 - INFO - [The Guardian] Success with 'requests_browser'. Found content (687 words).
2025-11-28 23:43:13,053 - INFO - Duplicate article skipped: Hong Kong community groups deliver aid to survivors of Wang Fuk Court fire | Hong Kong apartment fires | The Guardian from The Guardian
2025-11-28 23:43:13,068 - INFO - [BBC] Article: https://www.bbc.com/news/articles/c058lny3pdqo?at_medium=RSS&at_campaign=rss
2025-11-28 23:43:13,068 - INFO - [BBC] Attempt 1/1: Trying with 'requests_browser' strategy...
2025-11-28 23:43:13,110 - INFO - [BBC] Success with 'requests_browser'. Found content (863 words).
2025-11-28 23:43:13,162 - INFO - Duplicate article skipped: Hungary's Orban defies EU partners and meets Putin again in Moscow from BBC
2025-11-28 23:43:13,735 - INFO - [The Guardian] Article: https://www.theguardian.com/world/2025/nov/28/bear-attacks-man-public-toilet-japan
2025-11-28 23:43:13,735 - INFO - [The Guardian] Attempt 1/1: Trying with 'requests_browser' strategy...
2025-11-28 23:43:13,758 - INFO - [The Guardian] Success with 'requests_browser'. Found content (373 words).
2025-11-28 23:43:13,795 - INFO - Duplicate article skipped: Bear attacks man in public toilet in Japan | Japan | The Guardian from The Guardian
2025-11-28 23:43:14,479 - INFO - [The Guardian] Article: https://www.theguardian.com/world/2025/nov/28/china-civil-service-exam-age-limit-changed
2025-11-28 23:43:14,479 - INFO - [The Guardian] Attempt 1/1: Trying with 'requests_browser' strategy...
2025-11-28 23:43:14,506 - INFO - [The Guardian] Success with 'requests_browser'. Found content (763 words).
2025-11-28 23:43:14,541 - INFO - Duplicate article skipped: Millions in China cram for civil service exam and the hope of a job for life | China | The Guardian from The Guardian
2025-11-28 23:43:14,566 - INFO - [BBC] Article: https://www.bbc.com/news/articles/c3e015p1jwvo?at_medium=RSS&at_campaign=rss
2025-11-28 23:43:14,566 - INFO - [BBC] Attempt 1/1: Trying with 'requests_browser' strategy...
2025-11-28 23:43:14,598 - INFO - [BBC] Success with 'requests_browser'. Found content (536 words).
2025-11-28 23:43:14,646 - INFO - Duplicate article skipped: Zambia's Tasila Lungu: Daughter of unburied ex-president loses MP seat from BBC
2025-11-28 23:43:15,275 - INFO - [BBC] Article: https://www.bbc.com/news/articles/clyd4llgrego?at_medium=RSS&at_campaign=rss
2025-11-28 23:43:15,275 - INFO - [BBC] Attempt 1/1: Trying with 'requests_browser' strategy...
2025-11-28 23:43:15,312 - INFO - [BBC] Success with 'requests_browser'. Found content (415 words).
2025-11-28 23:43:15,354 - INFO - Duplicate article skipped: Louvre to hike ticket prices for most non-EU tourists by 45% from BBC
2025-11-28 23:43:15,799 - INFO - [The Guardian] Article: https://www.theguardian.com/world/2025/nov/28/flash-flooding-sumatra-death-toll-rises
2025-11-28 23:43:15,799 - INFO - [The Guardian] Attempt 1/1: Trying with 'requests_browser' strategy...
2025-11-28 23:43:15,971 - INFO - [The Guardian] Success with 'requests_browser'. Found content (785 words).
2025-11-28 23:43:16,008 - INFO - Duplicate article skipped: Flash flooding in Sumatra kills 69 as rescue crews search rivers for survivors | Indonesia | The Guardian from The Guardian
2025-11-28 23:43:16,100 - INFO - [BBC] Article: https://www.bbc.com/news/articles/cwyx4y6007lo?at_medium=RSS&at_campaign=rss
2025-11-28 23:43:16,100 - INFO - [BBC] Attempt 1/1: Trying with 'requests_browser' strategy...
2025-11-28 23:43:16,293 - INFO - [BBC] Success with 'requests_browser'. Found content (891 words).
2025-11-28 23:43:16,359 - INFO - Duplicate article skipped: National Guard member Sarah Beckstrom dies after shooting in Washington DC from BBC
2025-11-28 23:43:16,808 - INFO - [The Guardian] Article: https://www.theguardian.com/business/2025/nov/29/jetstar-cancel-domestic-flights-australia-global-airbus-a320-recall
2025-11-28 23:43:16,808 - INFO - [The Guardian] Attempt 1/1: Trying with 'requests_browser' strategy...
2025-11-28 23:43:16,973 - INFO - [The Guardian] Success with 'requests_browser'. Found content (542 words).
2025-11-28 23:43:17,009 - INFO - Duplicate article skipped: Jetstar cancels domestic flights across Australia after global Airbus A320 recall | Airbus | The Guardian from The Guardian
2025-11-28 23:43:17,327 - INFO - [BBC] Article: https://www.bbc.com/news/videos/cev8exezvw2o?at_medium=RSS&at_campaign=rss
2025-11-28 23:43:17,327 - INFO - [BBC] Attempt 1/1: Trying with 'requests_browser' strategy...
2025-11-28 23:43:17,513 - INFO - [BBC] Success with 'requests_browser'. Found content (89 words).
2025-11-28 23:43:17,556 - INFO - Duplicate article skipped: Pope Leo struggles to unveil plaque in Turkey from BBC
2025-11-28 23:43:17,724 - INFO - [The Guardian] Article: https://www.theguardian.com/australia-news/2025/nov/28/virginia-giuffres-sons-deny-unsigned-document-is-their-mothers-will
2025-11-28 23:43:17,724 - INFO - [The Guardian] Attempt 1/1: Trying with 'requests_browser' strategy...
2025-11-28 23:43:17,907 - INFO - [The Guardian] Success with 'requests_browser'. Found content (777 words).
2025-11-28 23:43:17,948 - INFO - Duplicate article skipped: Virginia Giuffre’s sons deny unsigned document is their mother’s will | Western Australia | The Guardian from The Guardian
2025-11-28 23:43:18,976 - INFO - [BBC] Article: https://www.bbc.com/news/articles/c0q5ww558ngo?at_medium=RSS&at_campaign=rss
2025-11-28 23:43:18,976 - INFO - [BBC] Attempt 1/1: Trying with 'requests_browser' strategy...
2025-11-28 23:43:19,124 - INFO - [The Guardian] Article: https://www.theguardian.com/australia-news/2025/nov/29/mineral-sunscreens-australia-identical-to-others
2025-11-28 23:43:19,124 - INFO - [The Guardian] Attempt 1/1: Trying with 'requests_browser' strategy...
2025-11-28 23:43:19,162 - INFO - [BBC] Success with 'requests_browser'. Found content (442 words).
2025-11-28 23:43:19,201 - INFO - Duplicate article skipped: Peru: Two former presidents jailed in two days from BBC
2025-11-28 23:43:19,215 - INFO - [The Guardian] Success with 'requests_browser'. Found content (932 words).
2025-11-28 23:43:19,257 - INFO - Duplicate article skipped: ‘Mineral’ sunscreens marketed to Australians contain almost identical chemicals as others, testing shows | Consumer affairs | The Guardian from The Guardian
2025-11-28 23:43:19,961 - INFO - [BBC] Article: https://www.bbc.com/news/articles/cly3e1261dko?at_medium=RSS&at_campaign=rss
2025-11-28 23:43:19,961 - INFO - [BBC] Attempt 1/1: Trying with 'requests_browser' strategy...
2025-11-28 23:43:19,979 - INFO - [The Guardian] Article: https://www.theguardian.com/australia-news/2025/nov/29/exclusive-gun-club-linked-to-andrew-hastie-awarded-almost-20000-in-government-grants
2025-11-28 23:43:19,979 - INFO - [The Guardian] Attempt 1/1: Trying with 'requests_browser' strategy...
2025-11-28 23:43:20,138 - INFO - [BBC] Success with 'requests_browser'. Found content (1237 words).
2025-11-28 23:43:20,178 - INFO - Duplicate article skipped: How were Afghan evacuees vetted under Biden? from BBC
2025-11-28 23:43:20,460 - INFO - [The Guardian] Success with 'requests_browser'. Found content (715 words).
2025-11-28 23:43:20,503 - INFO - Duplicate article skipped: Exclusive gun club linked to Andrew Hastie awarded almost $20,000 in government grants | Andrew Hastie | The Guardian from The Guardian
2025-11-28 23:43:20,959 - INFO - [BBC] Article: https://www.bbc.com/news/articles/cn8e5j20g27o?at_medium=RSS&at_campaign=rss
2025-11-28 23:43:20,959 - INFO - [BBC] Attempt 1/1: Trying with 'requests_browser' strategy...
2025-11-28 23:43:21,167 - INFO - [BBC] Success with 'requests_browser'. Found content (805 words).
2025-11-28 23:43:21,204 - INFO - Duplicate article skipped: Hong Kong fire: Anger and unanswered questions from BBC
2025-11-28 23:43:21,233 - INFO - [The Guardian] Article: https://www.theguardian.com/australia-news/2025/nov/28/bondi-junction-stabbings-joel-cauchi-inquest-drug-use
2025-11-28 23:43:21,233 - INFO - [The Guardian] Attempt 1/1: Trying with 'requests_browser' strategy...
2025-11-28 23:43:21,432 - INFO - [The Guardian] Success with 'requests_browser'. Found content (901 words).
2025-11-28 23:43:21,527 - INFO - Duplicate article skipped: Bondi Junction stabbings: ‘10 seconds warning’ from security could have saved lives, inquest hears | Bondi Junction stabbings | The Guardian from The Guardian
2025-11-28 23:44:36,792 - ERROR - [Times of India] Request failed for strategy 'selenium_browser' on URL https://timesofindia.indiatimes.com/world/us/dc-shooting-us-treasury-to-cut-federal-benefits-to-illegal-aliens-amid-trumps-rant-on-immigrants-from-third-world-countries/articleshow/125646901.cms: HTTPConnectionPool(host='localhost', port=58141): Read timed out. (read timeout=120)
2025-11-28 23:44:36,793 - ERROR - [Times of India] All scrape strategies failed for https://timesofindia.indiatimes.com/world/us/dc-shooting-us-treasury-to-cut-federal-benefits-to-illegal-aliens-amid-trumps-rant-on-immigrants-from-third-world-countries/articleshow/125646901.cms. Falling back to RSS description.
2025-11-28 23:44:36,794 - INFO - Duplicate article skipped: DC shooting: US Treasury to cut federal benefits to 'illegal aliens' amid Trump’s rant on immigrants from third-world countries from Times of India
2025-11-28 23:44:37,333 - INFO - [Times of India] Article: https://timesofindia.indiatimes.com/world/us/didnt-speak-english-much-dc-shooter-suspect-rahmanullah-lakanwal-often-seen-playing-video-games/articleshow/125646871.cms
2025-11-28 23:44:37,333 - INFO - [Times of India] Attempt 1/1: Trying with 'selenium_browser' strategy...
2025-11-28 23:44:48,024 - WARNING - Retrying (Retry(total=2, connect=None, read=None, redirect=None, status=None)) after connection broken by 'ReadTimeoutError("HTTPConnectionPool(host='localhost', port=55615): Read timed out. (read timeout=120)")': /session/646f43117870c012160f2872d2dbadcb/source
2025-11-28 23:46:37,434 - ERROR - [Times of India] Request failed for strategy 'selenium_browser' on URL https://timesofindia.indiatimes.com/world/us/didnt-speak-english-much-dc-shooter-suspect-rahmanullah-lakanwal-often-seen-playing-video-games/articleshow/125646871.cms: HTTPConnectionPool(host='localhost', port=58141): Read timed out. (read timeout=120)
2025-11-28 23:46:37,434 - ERROR - [Times of India] All scrape strategies failed for https://timesofindia.indiatimes.com/world/us/didnt-speak-english-much-dc-shooter-suspect-rahmanullah-lakanwal-often-seen-playing-video-games/articleshow/125646871.cms. Falling back to RSS description.
2025-11-28 23:46:37,435 - INFO - Duplicate article skipped: 'Didn't speak English much': DC shooter suspect Rahmanullah Lakanwal often seen playing video games from Times of India
2025-11-28 23:46:38,822 - INFO - [Times of India] Article: https://timesofindia.indiatimes.com/world/us/donald-trump-claims-any-document-signed-by-joe-biden-using-autopen-is-terminated-warns-former-prez-could-face-charges-of-perjury/articleshow/125646862.cms
2025-11-28 23:46:38,822 - INFO - [Times of India] Attempt 1/1: Trying with 'selenium_browser' strategy...
2025-11-28 23:46:48,123 - WARNING - Retrying (Retry(total=1, connect=None, read=None, redirect=None, status=None)) after connection broken by 'ReadTimeoutError("HTTPConnectionPool(host='localhost', port=55615): Read timed out. (read timeout=120)")': /session/646f43117870c012160f2872d2dbadcb/source
2025-11-28 23:47:27,628 - CRITICAL - --- TIMEOUT: 2 scrape jobs did not complete in 300s. ---
2025-11-28 23:47:27,628 - ERROR - A thread has timed out and will be abandoned.
2025-11-28 23:47:27,628 - ERROR - A thread has timed out and will be abandoned.
2025-11-28 23:47:27,628 - INFO - Shutting down thread pool (wait=False)...
2025-11-28 23:47:27,628 - INFO - Scraped: 1 The Guardian, 0 BBC, 2 Timed_Out_Jobs articles. (Total saved: 1)
2025-11-28 23:47:27,628 - INFO - --- Scraping job finished ---
2025-11-28 23:47:27,629 - INFO - --- Scraper service stopped and database connection closed. ---
2025-11-28 23:47:27,629 - INFO - --- Main thread finished. Forcing process exit to kill zombie threads. ---
