2025-12-02 05:26:40,948 - INFO - Loading AI Semantic Model (all-MiniLM-L6-v2)...
2025-12-02 05:26:40,949 - INFO - Use pytorch device_name: cpu
2025-12-02 05:26:40,949 - INFO - Load pretrained SentenceTransformer: all-MiniLM-L6-v2
2025-12-02 05:26:42,351 - INFO - AI Model loaded successfully.
2025-12-02 05:26:42,351 - INFO - Initializing database connection at: news_articles.db
2025-12-02 05:26:42,351 - INFO - --- Scraper service started (CI Mode: Run Once) ---
2025-12-02 05:26:42,351 - INFO - --- Starting new scraping job (Parallel Mode) ---
2025-12-02 05:26:42,351 - INFO - Creating new robust session with 3 retries on 5xx/connection/read errors.
2025-12-02 05:26:42,352 - INFO - Proxy is DISABLED.
2025-12-02 05:26:42,352 - INFO - Starting scrape for BBC RSS feed: http://feeds.bbci.co.uk/news/world/rss.xml
2025-12-02 05:26:42,353 - INFO - [Times of India] (Thread) requires Selenium. Initializing driver...
2025-12-02 05:26:42,353 - INFO - Initializing headless Selenium Chrome driver (using SeleniumManager)...
2025-12-02 05:26:42,353 - INFO - Starting scrape for The Guardian RSS feed: https://www.theguardian.com/world/rss
2025-12-02 05:26:42,355 - INFO - [The Hindu] (Thread) requires Selenium. Initializing driver...
2025-12-02 05:26:42,355 - INFO - Submitted 4 jobs to thread pool. Waiting up to 300s for completion...
2025-12-02 05:26:42,355 - INFO - Initializing headless Selenium Chrome driver (using SeleniumManager)...
2025-12-02 05:26:42,499 - INFO - Found 43 articles in BBC RSS feed. Processing up to 20.
2025-12-02 05:26:42,499 - INFO - [BBC] Article: https://www.bbc.com/news/articles/ce8ng3yjenpo?at_medium=RSS&at_campaign=rss
2025-12-02 05:26:42,499 - INFO - [BBC] Attempt 1/1: Trying with 'requests_browser' strategy...
2025-12-02 05:26:42,518 - INFO - Found 45 articles in The Guardian RSS feed. Processing up to 20.
2025-12-02 05:26:42,519 - INFO - [The Guardian] Article: https://www.theguardian.com/world/2025/dec/01/south-africans-court-alleged-recruitment-russia-war-ukraine
2025-12-02 05:26:42,519 - INFO - [The Guardian] Attempt 1/1: Trying with 'requests_browser' strategy...
2025-12-02 05:26:42,561 - INFO - [The Guardian] Success with 'requests_browser'. Found content (506 words).
2025-12-02 05:26:42,616 - INFO - Duplicate article skipped: Five South Africans in court over alleged recruitment for Russia’s war in Ukraine | South Africa | The Guardian from The Guardian
2025-12-02 05:26:42,654 - INFO - [BBC] Success with 'requests_browser'. Found content (737 words).
2025-12-02 05:26:44,060 - INFO - [The Guardian] Article: https://www.theguardian.com/global-development/2025/dec/01/global-health-hiv-aids-funding-cuts-infections-prevention
2025-12-02 05:26:44,060 - INFO - [The Guardian] Attempt 1/1: Trying with 'requests_browser' strategy...
2025-12-02 05:26:44,108 - INFO - [The Guardian] Success with 'requests_browser'. Found content (674 words).
2025-12-02 05:26:45,286 - INFO - Selenium driver initialized successfully.
2025-12-02 05:26:45,286 - INFO - Starting scrape for Times of India RSS feed: https://timesofindia.indiatimes.com/rssfeeds/296589292.cms
2025-12-02 05:26:45,289 - INFO - Selenium driver initialized successfully.
2025-12-02 05:26:45,289 - INFO - Starting scrape for The Hindu RSS feed: https://www.thehindu.com/news/national/feeder/default.rss
2025-12-02 05:26:45,445 - INFO - Found 100 articles in The Hindu RSS feed. Processing up to 20.
2025-12-02 05:26:45,446 - INFO - Found 20 articles in Times of India RSS feed. Processing up to 20.
2025-12-02 05:26:45,446 - INFO - [The Hindu] Article: https://www.thehindu.com/news/national/karnataka/siddaramaiah-d-k-shivakumar-held-round-two-of-breakfast-meetings-at-latters-residence-in-bengaluru/article70348104.ece
2025-12-02 05:26:45,446 - INFO - [Times of India] Article: https://timesofindia.indiatimes.com/world/us/cruel-inhumane-zohran-mamdani-slams-ice-raids-reveals-what-he-told-trump-when-he-met-him/articleshow/125708854.cms
2025-12-02 05:26:45,446 - INFO - [The Hindu] Attempt 1/1: Trying with 'selenium_browser' strategy...
2025-12-02 05:26:45,447 - INFO - [Times of India] Attempt 1/1: Trying with 'selenium_browser' strategy...
2025-12-02 05:26:53,338 - INFO - [The Hindu] Page content loaded.
2025-12-02 05:26:54,018 - INFO - [The Hindu] Success with 'selenium_browser'. Found content (423 words).
2025-12-02 05:27:09,114 - INFO - Saved article: Putin and Trump envoy Steve Witkoff set for key Ukraine talks in Moscow from BBC
2025-12-02 05:27:09,114 - INFO - Duplicate article skipped: Aid cuts have shaken HIV/Aids care to its core – and will mean millions more infections ahead | Global health | The Guardian from The Guardian
2025-12-02 05:27:10,073 - INFO - [The Guardian] Article: https://www.theguardian.com/world/2025/nov/30/african-leaders-push-for-recognition-of-colonial-crimes-and-reparations
2025-12-02 05:27:10,073 - INFO - [The Guardian] Attempt 1/1: Trying with 'requests_browser' strategy...
2025-12-02 05:27:10,118 - INFO - [The Guardian] Success with 'requests_browser'. Found content (670 words).
2025-12-02 05:27:10,453 - INFO - [BBC] Article: https://www.bbc.com/news/articles/cewjg272dq9o?at_medium=RSS&at_campaign=rss
2025-12-02 05:27:10,454 - INFO - [BBC] Attempt 1/1: Trying with 'requests_browser' strategy...
2025-12-02 05:27:11,561 - INFO - [BBC] Success with 'requests_browser'. Found content (582 words).
2025-12-02 05:27:19,569 - INFO - DEDUPLICATION: Found match (Score: 0.88). Linking to Cluster ID: d6ff8434-64b3-4761-a667-c69896519747
2025-12-02 05:27:19,571 - INFO - Saved article: Karnataka power tussle: Siddaramaiah, DKS hold breakfast meeting 2.0 at latter’s residence in Bengaluru - The Hindu from The Hindu
2025-12-02 05:27:19,571 - INFO - Duplicate article skipped: African leaders push for recognition of colonial crimes and reparations | Colonialism | The Guardian from The Guardian
2025-12-02 05:27:19,571 - INFO - Duplicate article skipped: Alina Habba: Appeals court disqualifies ex-Trump lawyer as New Jersey prosecutor from BBC
2025-12-02 05:27:20,156 - INFO - [The Guardian] Article: https://www.theguardian.com/world/2025/nov/28/jacob-zuma-daughter-resigns-claims-south-africans-tricked-fight-russia
2025-12-02 05:27:20,156 - INFO - [The Guardian] Attempt 1/1: Trying with 'requests_browser' strategy...
2025-12-02 05:27:20,311 - INFO - [The Guardian] Success with 'requests_browser'. Found content (753 words).
2025-12-02 05:27:20,348 - INFO - Duplicate article skipped: Jacob Zuma’s daughter resigns amid claims South Africans tricked to fight for Russia | South Africa | The Guardian from The Guardian
2025-12-02 05:27:20,438 - INFO - [BBC] Article: https://www.bbc.com/news/articles/cx2dgp8mvmno?at_medium=RSS&at_campaign=rss
2025-12-02 05:27:20,439 - INFO - [BBC] Attempt 1/1: Trying with 'requests_browser' strategy...
2025-12-02 05:27:20,470 - INFO - [BBC] Success with 'requests_browser'. Found content (872 words).
2025-12-02 05:27:20,508 - INFO - Duplicate article skipped: Honduras election: presidential candidates locked in 'technical tie', official says from BBC
2025-12-02 05:27:20,850 - INFO - [The Hindu] Article: https://www.thehindu.com/news/national/bjp-has-not-prioritised-cultural-heritage-archaeologist-kk-muhammed/article70346183.ece
2025-12-02 05:27:20,850 - INFO - [The Hindu] Attempt 1/1: Trying with 'selenium_browser' strategy...
2025-12-02 05:27:20,941 - INFO - [The Guardian] Article: https://www.theguardian.com/environment/2025/nov/28/africa-forests-transformed-carbon-sink-carbon-source-study
2025-12-02 05:27:20,941 - INFO - [The Guardian] Attempt 1/1: Trying with 'requests_browser' strategy...
2025-12-02 05:27:20,972 - INFO - [The Guardian] Success with 'requests_browser'. Found content (458 words).
2025-12-02 05:27:21,030 - INFO - Duplicate article skipped: Africa’s forests transformed from carbon sink to carbon source, study finds | Climate crisis | The Guardian from The Guardian
2025-12-02 05:27:21,547 - INFO - [BBC] Article: https://www.bbc.com/news/articles/c33mz477p4po?at_medium=RSS&at_campaign=rss
2025-12-02 05:27:21,547 - INFO - [BBC] Attempt 1/1: Trying with 'requests_browser' strategy...
2025-12-02 05:27:21,828 - INFO - [BBC] Success with 'requests_browser'. Found content (882 words).
2025-12-02 05:27:21,936 - INFO - Duplicate article skipped: Luigi Mangione in court as lawyers seek to rule out notebook, gun and other key evidence from BBC
2025-12-02 05:27:22,238 - INFO - [The Guardian] Article: https://www.theguardian.com/us-news/live/2025/dec/01/donald-trump-pete-hegseth-caribbean-boats-venezuela-immigration-us-politics-latest-news-updates
2025-12-02 05:27:22,238 - INFO - [The Guardian] Attempt 1/1: Trying with 'requests_browser' strategy...
2025-12-02 05:27:22,551 - INFO - [The Guardian] Success with 'requests_browser'. Found content (3148 words).
2025-12-02 05:27:22,680 - INFO - [BBC] Article: https://www.bbc.com/news/articles/czrk7g50e1po?at_medium=RSS&at_campaign=rss
2025-12-02 05:27:22,680 - INFO - [BBC] Attempt 1/1: Trying with 'requests_browser' strategy...
2025-12-02 05:27:22,695 - INFO - Duplicate article skipped: Trump discusses Venezuela with advisers as Hegseth distances himself from second strike on suspected drug boat –as it happened | Trump administration | The Guardian from The Guardian
2025-12-02 05:27:22,870 - INFO - [BBC] Success with 'requests_browser'. Found content (1693 words).
2025-12-02 05:27:22,925 - INFO - Duplicate article skipped: WW1 toxic compound sprayed on Georgian protesters, BBC evidence suggests from BBC
2025-12-02 05:27:23,395 - INFO - [The Guardian] Article: https://www.theguardian.com/world/2025/dec/01/trump-maduro-ultimatum-relinquish-power-venezuela
2025-12-02 05:27:23,395 - INFO - [The Guardian] Attempt 1/1: Trying with 'requests_browser' strategy...
2025-12-02 05:27:23,426 - INFO - [The Guardian] Success with 'requests_browser'. Found content (533 words).
2025-12-02 05:27:23,478 - INFO - Duplicate article skipped: Trump reportedly gave Maduro ultimatum to relinquish power in Venezuela | Nicolás Maduro | The Guardian from The Guardian
2025-12-02 05:27:24,063 - INFO - [BBC] Article: https://www.bbc.com/news/articles/ckg9204y4w5o?at_medium=RSS&at_campaign=rss
2025-12-02 05:27:24,063 - INFO - [BBC] Attempt 1/1: Trying with 'requests_browser' strategy...
2025-12-02 05:27:24,731 - INFO - [BBC] Success with 'requests_browser'. Found content (682 words).
2025-12-02 05:27:24,806 - INFO - [The Guardian] Article: https://www.theguardian.com/world/2025/dec/01/mexico-kill-drug-trafficker-el-pichon-pedro-inzunza-coronel
2025-12-02 05:27:24,807 - INFO - [The Guardian] Attempt 1/1: Trying with 'requests_browser' strategy...
2025-12-02 05:27:24,823 - INFO - Duplicate article skipped: Anicet Ekane: Cameroon opposition firebrand dies in detention aged 74 from BBC
2025-12-02 05:27:24,856 - INFO - [The Guardian] Success with 'requests_browser'. Found content (385 words).
2025-12-02 05:27:24,932 - INFO - Duplicate article skipped: Mexican authorities kill one of country’s top fentanyl traffickers | Mexico | The Guardian from The Guardian
2025-12-02 05:27:25,625 - INFO - [BBC] Article: https://www.bbc.com/news/articles/c4g4enlp6kzo?at_medium=RSS&at_campaign=rss
2025-12-02 05:27:25,625 - INFO - [BBC] Attempt 1/1: Trying with 'requests_browser' strategy...
2025-12-02 05:27:26,110 - INFO - [The Guardian] Article: https://www.theguardian.com/us-news/2025/dec/01/trump-pardon-juan-orlando-hernandez-honduras-former-president
2025-12-02 05:27:26,110 - INFO - [The Guardian] Attempt 1/1: Trying with 'requests_browser' strategy...
2025-12-02 05:27:26,135 - INFO - [The Guardian] Success with 'requests_browser'. Found content (938 words).
2025-12-02 05:27:26,173 - INFO - Duplicate article skipped: Trump’s pardon of Honduras’s ex-president shows counter-drug effort is ‘based on lies and hypocrisy’ | US foreign policy | The Guardian from The Guardian
2025-12-02 05:27:26,337 - INFO - [BBC] Success with 'requests_browser'. Found content (870 words).
2025-12-02 05:27:26,374 - INFO - Duplicate article skipped: Indonesia floods death toll passes 500 from BBC
2025-12-02 05:27:26,760 - INFO - [The Guardian] Article: https://www.theguardian.com/world/2025/dec/01/haiti-armed-gangs-attack-artibonite
2025-12-02 05:27:26,760 - INFO - [The Guardian] Attempt 1/1: Trying with 'requests_browser' strategy...
2025-12-02 05:27:26,785 - INFO - [The Guardian] Success with 'requests_browser'. Found content (629 words).
2025-12-02 05:27:26,828 - INFO - Duplicate article skipped: Hundreds flee central Haiti after gangs launch large-scale attacks and burn homes | Haiti | The Guardian from The Guardian
2025-12-02 05:27:27,558 - INFO - [BBC] Article: https://www.bbc.com/news/articles/ckgz28zyp8vo?at_medium=RSS&at_campaign=rss
2025-12-02 05:27:27,558 - INFO - [BBC] Attempt 1/1: Trying with 'requests_browser' strategy...
2025-12-02 05:27:27,603 - INFO - [BBC] Success with 'requests_browser'. Found content (378 words).
2025-12-02 05:27:27,659 - INFO - Duplicate article skipped: Joaquín Guzmán López: Drug lord El Chapo's son pleads guilty in US drug trafficking case from BBC
2025-12-02 05:27:27,772 - INFO - [The Guardian] Article: https://www.theguardian.com/world/2025/dec/02/new-zealand-man-charged-allegedly-swallowing-faberge-james-bond-pendant
2025-12-02 05:27:27,772 - INFO - [The Guardian] Attempt 1/1: Trying with 'requests_browser' strategy...
2025-12-02 05:27:27,800 - INFO - [The Guardian] Success with 'requests_browser'. Found content (241 words).
2025-12-02 05:27:27,855 - INFO - Duplicate article skipped: Man charged with theft after allegedly swallowing Fabergé pendant in jewellery store | New Zealand | The Guardian from The Guardian
2025-12-02 05:27:28,855 - INFO - [The Guardian] Article: https://www.theguardian.com/world/2025/dec/02/japan-pm-sanae-takaichi-work-win-catchphrase-of-year
2025-12-02 05:27:28,855 - INFO - [The Guardian] Attempt 1/1: Trying with 'requests_browser' strategy...
2025-12-02 05:27:28,877 - INFO - [The Guardian] Success with 'requests_browser'. Found content (510 words).
2025-12-02 05:27:28,915 - INFO - Duplicate article skipped: Japan PM’s pledge to ‘work, work, work, work, and work’ wins catchphrase of year | Sanae Takaichi | The Guardian from The Guardian
2025-12-02 05:27:28,920 - INFO - [BBC] Article: https://www.bbc.com/news/articles/cz0n1rm95yxo?at_medium=RSS&at_campaign=rss
2025-12-02 05:27:28,920 - INFO - [BBC] Attempt 1/1: Trying with 'requests_browser' strategy...
2025-12-02 05:27:29,341 - INFO - [BBC] Success with 'requests_browser'. Found content (254 words).
2025-12-02 05:27:29,544 - INFO - Duplicate article skipped: Peru landslide: 12 killed after two boats hit in Amazon rainforest from BBC
2025-12-02 05:27:30,011 - INFO - [The Guardian] Article: https://www.theguardian.com/world/2025/dec/01/asia-flood-sri-lanka-indonesia-deploy-military
2025-12-02 05:27:30,011 - INFO - [The Guardian] Attempt 1/1: Trying with 'requests_browser' strategy...
2025-12-02 05:27:30,041 - INFO - [The Guardian] Success with 'requests_browser'. Found content (759 words).
2025-12-02 05:27:30,084 - INFO - [BBC] Article: https://www.bbc.com/news/articles/c79x8285n29o?at_medium=RSS&at_campaign=rss
2025-12-02 05:27:30,089 - INFO - [BBC] Attempt 1/1: Trying with 'requests_browser' strategy...
2025-12-02 05:27:30,090 - INFO - Duplicate article skipped: Sri Lanka and Indonesia deploy militaries as Asia floods death toll passes 1,100 | Asia Pacific | The Guardian from The Guardian
2025-12-02 05:27:30,256 - INFO - [BBC] Success with 'requests_browser'. Found content (439 words).
2025-12-02 05:27:30,294 - INFO - Duplicate article skipped: Nigeria's kidnap crisis: Pastor abducted in Kogi state and a bride in Sokoto from BBC
2025-12-02 05:27:30,876 - INFO - [The Guardian] Article: https://www.theguardian.com/world/live/2025/dec/01/death-toll-floods-indonesia-sri-lanka-malaysia-thailand-latest-updates-news-live
2025-12-02 05:27:30,876 - INFO - [The Guardian] Attempt 1/1: Trying with 'requests_browser' strategy...
2025-12-02 05:27:30,950 - INFO - [The Guardian] Success with 'requests_browser'. Found content (1015 words).
2025-12-02 05:27:31,019 - INFO - Duplicate article skipped: Death toll passes 1,100 in devastating floods across Indonesia, Sri Lanka, Malaysia and Thailand – as it happened | South and central Asia | The Guardian from The Guardian
2025-12-02 05:27:31,048 - INFO - [BBC] Article: https://www.bbc.com/news/articles/c7vmn61l75ro?at_medium=RSS&at_campaign=rss
2025-12-02 05:27:31,048 - INFO - [BBC] Attempt 1/1: Trying with 'requests_browser' strategy...
2025-12-02 05:27:31,392 - INFO - [BBC] Success with 'requests_browser'. Found content (414 words).
2025-12-02 05:27:31,426 - INFO - Duplicate article skipped: Trump releases fraudster executive days into prison sentence from BBC
2025-12-02 05:27:31,952 - INFO - [The Guardian] Article: https://www.theguardian.com/news/2025/dec/01/hong-kong-arrests-manslaughter-apartment-fires
2025-12-02 05:27:31,952 - INFO - [The Guardian] Attempt 1/1: Trying with 'requests_browser' strategy...
2025-12-02 05:27:31,984 - INFO - [The Guardian] Success with 'requests_browser'. Found content (763 words).
2025-12-02 05:27:32,028 - INFO - Duplicate article skipped: Hong Kong arrests 13 on suspicion of manslaughter over apartment fires | Hong Kong apartment fires | The Guardian from The Guardian
2025-12-02 05:27:32,657 - INFO - [The Guardian] Article: https://www.theguardian.com/australia-news/live/2025/dec/02/australia-news-live-one-nation-liberal-coalition-barnaby-joyce-pauline-hanson-budget-estimates-labor-ai-plan-ntwnfb
2025-12-02 05:27:32,657 - INFO - [The Guardian] Attempt 1/1: Trying with 'requests_browser' strategy...
2025-12-02 05:27:32,880 - INFO - [The Guardian] Success with 'requests_browser'. Found content (2519 words).
2025-12-02 05:27:32,888 - INFO - [BBC] Article: https://www.bbc.com/news/articles/c5yd91y2250o?at_medium=RSS&at_campaign=rss
2025-12-02 05:27:32,893 - INFO - [BBC] Attempt 1/1: Trying with 'requests_browser' strategy...
2025-12-02 05:27:32,969 - INFO - Duplicate article skipped: Australia news live: Victoria’s ‘adult time for violent crime’ laws for children incompatible with human rights charter, attorney general admits | Australia news | The Guardian from The Guardian
2025-12-02 05:27:33,466 - INFO - [BBC] Success with 'requests_browser'. Found content (768 words).
2025-12-02 05:27:33,506 - INFO - Duplicate article skipped: Nonkululeko Mantula: South African radio presenter among five charged over Russia recruitment plot from BBC
2025-12-02 05:27:33,564 - INFO - [The Guardian] Article: https://www.theguardian.com/australia-news/2025/dec/02/man-dies-bushfire-western-australian-farmer-ravensthorpe
2025-12-02 05:27:33,564 - INFO - [The Guardian] Attempt 1/1: Trying with 'requests_browser' strategy...
2025-12-02 05:27:33,592 - INFO - [The Guardian] Success with 'requests_browser'. Found content (257 words).
2025-12-02 05:27:33,638 - INFO - Duplicate article skipped: Western Australian farmer dies trying to protect property from fast-moving bushfire | Western Australia | The Guardian from The Guardian
2025-12-02 05:27:34,214 - INFO - [BBC] Article: https://www.bbc.com/news/articles/cj38xm5nmd7o?at_medium=RSS&at_campaign=rss
2025-12-02 05:27:34,214 - INFO - [BBC] Attempt 1/1: Trying with 'requests_browser' strategy...
2025-12-02 05:27:34,244 - INFO - [BBC] Success with 'requests_browser'. Found content (1138 words).
2025-12-02 05:27:34,280 - INFO - Duplicate article skipped: Tulip Siddiq MP says Bangladesh jail sentence is 'deeply unfair' from BBC
2025-12-02 05:27:34,722 - INFO - [The Guardian] Article: https://www.theguardian.com/australia-news/2025/dec/01/instagram-age-verification-u16-social-media-ban-australia-moustache
2025-12-02 05:27:34,722 - INFO - [The Guardian] Attempt 1/1: Trying with 'requests_browser' strategy...
2025-12-02 05:27:34,883 - INFO - [The Guardian] Success with 'requests_browser'. Found content (704 words).
2025-12-02 05:27:34,925 - INFO - Duplicate article skipped: Instagram’s age-verification identified a moustachioed adult as over 16 – but how did it go with a 13-year-old? | Social media ban | The Guardian from The Guardian
2025-12-02 05:27:35,409 - INFO - [BBC] Article: https://www.bbc.com/news/articles/cj01q6p7ndlo?at_medium=RSS&at_campaign=rss
2025-12-02 05:27:35,409 - INFO - [BBC] Attempt 1/1: Trying with 'requests_browser' strategy...
2025-12-02 05:27:35,434 - INFO - [BBC] Success with 'requests_browser'. Found content (409 words).
2025-12-02 05:27:35,469 - INFO - Duplicate article skipped: South Korea police say 120,000 home cameras hacked for 'sexploitation' footage from BBC
2025-12-02 05:27:35,765 - INFO - [The Guardian] Article: https://www.theguardian.com/australia-news/2025/dec/02/nsw-conto-halve-power-and-top-speed-of-ebikes-as-rider-dies-in-collision-with-garbage-truck
2025-12-02 05:27:35,765 - INFO - [The Guardian] Attempt 1/1: Trying with 'requests_browser' strategy...
2025-12-02 05:27:35,795 - INFO - [The Guardian] Success with 'requests_browser'. Found content (546 words).
2025-12-02 05:27:35,848 - INFO - Duplicate article skipped: NSW considering plan to halve power and top speed of ebikes as rider dies in collision with garbage truck | New South Wales | The Guardian from The Guardian
2025-12-02 05:27:36,159 - INFO - [BBC] Article: https://www.bbc.com/news/articles/c997n2zlegzo?at_medium=RSS&at_campaign=rss
2025-12-02 05:27:36,159 - INFO - [BBC] Attempt 1/1: Trying with 'requests_browser' strategy...
2025-12-02 05:27:36,358 - INFO - [The Guardian] Article: https://www.theguardian.com/australia-news/2025/dec/02/scathing-jobs-for-mates-review-finds-appointments-to-government-boards-routinely-abused
2025-12-02 05:27:36,359 - INFO - [The Guardian] Attempt 1/1: Trying with 'requests_browser' strategy...
2025-12-02 05:27:36,391 - INFO - [The Guardian] Success with 'requests_browser'. Found content (704 words).
2025-12-02 05:27:36,443 - INFO - Duplicate article skipped: Scathing ‘jobs for mates’ review finds appointments to government boards routinely abused | Australian politics | The Guardian from The Guardian
2025-12-02 05:27:36,646 - INFO - [BBC] Success with 'requests_browser'. Found content (653 words).
2025-12-02 05:27:36,682 - INFO - Duplicate article skipped: One Piece: Japanese singer Maki Otsuki stopped mid-show after China row from BBC
2025-12-02 05:27:37,429 - INFO - [BBC] Article: https://www.bbc.com/news/articles/c075zd0j2j3o?at_medium=RSS&at_campaign=rss
2025-12-02 05:27:37,429 - INFO - [BBC] Attempt 1/1: Trying with 'requests_browser' strategy...
2025-12-02 05:27:37,793 - INFO - [BBC] Success with 'requests_browser'. Found content (316 words).
2025-12-02 05:27:37,828 - INFO - Duplicate article skipped: Couple accused of cheating with spycam to win A$1.2m in Australian casino from BBC
2025-12-02 05:27:38,410 - INFO - [BBC] Article: https://www.bbc.com/news/articles/c4gv76r5qpvo?at_medium=RSS&at_campaign=rss
2025-12-02 05:27:38,410 - INFO - [BBC] Attempt 1/1: Trying with 'requests_browser' strategy...
2025-12-02 05:27:39,530 - INFO - [BBC] Success with 'requests_browser'. Found content (647 words).
2025-12-02 05:27:39,570 - INFO - Duplicate article skipped: Benjamin Netanyahu seeks pardon from Israel's president from BBC
2025-12-02 05:27:40,233 - INFO - [BBC] Article: https://www.bbc.com/news/articles/c79x8x82gy4o?at_medium=RSS&at_campaign=rss
2025-12-02 05:27:40,233 - INFO - [BBC] Attempt 1/1: Trying with 'requests_browser' strategy...
2025-12-02 05:27:40,395 - INFO - [BBC] Success with 'requests_browser'. Found content (518 words).
2025-12-02 05:27:40,619 - INFO - Duplicate article skipped: Ludwig Minelli: Dignitas founder dies by assisted suicide aged 92, group says from BBC
2025-12-02 05:27:41,617 - INFO - [BBC] Article: https://www.bbc.com/news/articles/cp34yk7z6yxo?at_medium=RSS&at_campaign=rss
2025-12-02 05:27:41,617 - INFO - [BBC] Attempt 1/1: Trying with 'requests_browser' strategy...
2025-12-02 05:27:41,939 - INFO - [BBC] Success with 'requests_browser'. Found content (713 words).
2025-12-02 05:27:41,978 - INFO - Duplicate article skipped: Hong Kong fire: Death toll rises to 146 as thousands pay their respects from BBC
2025-12-02 05:27:42,942 - INFO - [BBC] Article: https://www.bbc.com/news/articles/cp9ky5z2gx0o?at_medium=RSS&at_campaign=rss
2025-12-02 05:27:42,942 - INFO - [BBC] Attempt 1/1: Trying with 'requests_browser' strategy...
2025-12-02 05:27:43,821 - INFO - [BBC] Success with 'requests_browser'. Found content (508 words).
2025-12-02 05:27:43,861 - INFO - Duplicate article skipped: Ukraine hits tankers in Black Sea in escalation against Russia from BBC
2025-12-02 05:28:20,866 - ERROR - [The Hindu] Request failed for strategy 'selenium_browser' on URL https://www.thehindu.com/news/national/bjp-has-not-prioritised-cultural-heritage-archaeologist-kk-muhammed/article70346183.ece: Message: timeout: Timed out receiving message from renderer: 59.862
  (Session info: chrome=142.0.7444.162)
Stacktrace:
#0 0x55ada7cad32a <unknown>
#1 0x55ada76f9e4b <unknown>
#2 0x55ada76e1e0d <unknown>
#3 0x55ada76e1af0 <unknown>
#4 0x55ada76df8ff <unknown>
#5 0x55ada76e027f <unknown>
#6 0x55ada76eeca3 <unknown>
#7 0x55ada7708601 <unknown>
#8 0x55ada770ee0b <unknown>
#9 0x55ada76e09bd <unknown>
#10 0x55ada77083a7 <unknown>
#11 0x55ada7799170 <unknown>
#12 0x55ada773ec1a <unknown>
#13 0x55ada773f921 <unknown>
#14 0x55ada7c74239 <unknown>
#15 0x55ada7c771e8 <unknown>
#16 0x55ada7c5d4c9 <unknown>
#17 0x55ada7c77db5 <unknown>
#18 0x55ada7c44e93 <unknown>
#19 0x55ada7c9a098 <unknown>
#20 0x55ada7c9a273 <unknown>
#21 0x55ada7cac2c3 <unknown>
#22 0x7fdeb509caa4 <unknown>
#23 0x7fdeb5129c6c <unknown>

2025-12-02 05:28:20,866 - ERROR - [The Hindu] All scrape strategies failed for https://www.thehindu.com/news/national/bjp-has-not-prioritised-cultural-heritage-archaeologist-kk-muhammed/article70346183.ece. Falling back to RSS description.
2025-12-02 05:28:31,620 - INFO - Saved article: BJP has not prioritised cultural heritage: Archaeologist K.K. Muhammed from The Hindu
2025-12-02 05:28:32,748 - INFO - [The Hindu] Article: https://www.thehindu.com/news/cities/Hyderabad/indigo-flight-from-kuwait-to-hyderabad-diverted-to-mumbai-after-hoax-bomb-threat/article70348009.ece
2025-12-02 05:28:32,748 - INFO - [The Hindu] Attempt 1/1: Trying with 'selenium_browser' strategy...
2025-12-02 05:28:33,623 - INFO - [The Hindu] Page content loaded.
2025-12-02 05:28:33,836 - INFO - [The Hindu] Success with 'selenium_browser'. Found content (212 words).
2025-12-02 05:28:44,826 - INFO - Saved article: IndiGo flight from Kuwait to Hyderabad diverted to Mumbai after hoax bomb threat - The Hindu from The Hindu
2025-12-02 05:28:45,483 - ERROR - [Times of India] Request failed for strategy 'selenium_browser' on URL https://timesofindia.indiatimes.com/world/us/cruel-inhumane-zohran-mamdani-slams-ice-raids-reveals-what-he-told-trump-when-he-met-him/articleshow/125708854.cms: HTTPConnectionPool(host='localhost', port=37761): Read timed out. (read timeout=120)
2025-12-02 05:28:45,483 - ERROR - [Times of India] All scrape strategies failed for https://timesofindia.indiatimes.com/world/us/cruel-inhumane-zohran-mamdani-slams-ice-raids-reveals-what-he-told-trump-when-he-met-him/articleshow/125708854.cms. Falling back to RSS description.
2025-12-02 05:28:45,483 - INFO - Duplicate article skipped: ‘Cruel, inhumane’: Zohran Mamdani slams ICE raids; reveals what he told Trump when he met him from Times of India
2025-12-02 05:28:45,712 - INFO - [The Hindu] Article: https://www.thehindu.com/news/national/delhi-riots-2020-case-supreme-court-hearing-umar-khalid-sharjeel-imam-bail-plea-live-updates-december-2-2025/article70348086.ece
2025-12-02 05:28:45,712 - INFO - [The Hindu] Attempt 1/1: Trying with 'selenium_browser' strategy...
2025-12-02 05:28:46,240 - INFO - [Times of India] Article: https://timesofindia.indiatimes.com/world/us/looks-like-the-ceo-shooter-911-call-by-mcdonalds-worker-played-during-luigi-mangione-hearing/articleshow/125707292.cms
2025-12-02 05:28:46,240 - INFO - [Times of India] Attempt 1/1: Trying with 'selenium_browser' strategy...
2025-12-02 05:28:47,522 - INFO - [The Hindu] Page content loaded.
2025-12-02 05:28:47,657 - INFO - [The Hindu] Success with 'selenium_browser'. Found content (161 words).
2025-12-02 05:28:58,983 - INFO - Saved article: Delhi riots case hearing LIVE: Supreme Court resumes hearing bail pleas of Umar Khalid, other accused - The Hindu from The Hindu
2025-12-02 05:29:00,200 - INFO - [The Hindu] Article: https://www.thehindu.com/news/national/karnataka/america-benefited-from-talented-indians-but-one-cant-game-h1b-system-says-elon-musk-to-entrepreneur-nikhil-kamath/article70346794.ece
2025-12-02 05:29:00,200 - INFO - [The Hindu] Attempt 1/1: Trying with 'selenium_browser' strategy...
2025-12-02 05:29:01,069 - INFO - [The Hindu] Page content loaded.
2025-12-02 05:29:01,303 - INFO - [The Hindu] Success with 'selenium_browser'. Found content (376 words).
2025-12-02 05:29:01,398 - INFO - Duplicate article skipped: America benefited from talented Indians, but one can’t game H1B system: Elon Musk - The Hindu from The Hindu
2025-12-02 05:29:02,117 - INFO - [The Hindu] Article: https://www.thehindu.com/news/national/parliament-winter-session-lok-sabha-rajya-sabha-day-2-highlights-december-2-2025/article70348014.ece
2025-12-02 05:29:02,117 - INFO - [The Hindu] Attempt 1/1: Trying with 'selenium_browser' strategy...
2025-12-02 05:29:03,458 - INFO - [The Hindu] Page content loaded.
2025-12-02 05:29:03,552 - INFO - [The Hindu] Success with 'selenium_browser'. Found content (169 words).
2025-12-02 05:29:03,645 - INFO - Duplicate article skipped: Parliament Winter session Day 2 LIVE updates: FM Sitharaman to move Central Excise (Amendment) Bill, 2025 for passing - The Hindu from The Hindu
2025-12-02 05:29:04,774 - INFO - [The Hindu] Article: https://www.thehindu.com/news/national/uttar-pradesh/blo-deaths-institutional-murder-failure-of-administrative-system-says-up-congress/article70345981.ece
2025-12-02 05:29:04,774 - INFO - [The Hindu] Attempt 1/1: Trying with 'selenium_browser' strategy...
2025-12-02 05:29:05,526 - INFO - [The Hindu] Page content loaded.
2025-12-02 05:29:05,574 - INFO - [The Hindu] Success with 'selenium_browser'. Found content (333 words).
2025-12-02 05:29:05,629 - INFO - Duplicate article skipped: BLO deaths institutional murder, failure of administrative system, says U.P. Congress - The Hindu from The Hindu
2025-12-02 05:29:06,244 - INFO - [The Hindu] Article: https://www.thehindu.com/news/national/kerala/kerala-local-body-polls-rebel-trouble-haunts-udf-in-its-kannur-stronghold/article70322863.ece
2025-12-02 05:29:06,244 - INFO - [The Hindu] Attempt 1/1: Trying with 'selenium_browser' strategy...
2025-12-02 05:29:06,938 - INFO - [The Hindu] Page content loaded.
2025-12-02 05:29:06,993 - INFO - [The Hindu] Success with 'selenium_browser'. Found content (608 words).
2025-12-02 05:29:07,060 - INFO - Duplicate article skipped: Kerala local body polls: Rebel trouble haunts UDF in its Kannur stronghold - The Hindu from The Hindu
2025-12-02 05:29:08,083 - INFO - [The Hindu] Article: https://www.thehindu.com/news/national/kerala/kerala-local-body-polls-cpim-plays-second-fiddle-to-kerala-congress-m-in-catholic-heartland/article70339081.ece
2025-12-02 05:29:08,084 - INFO - [The Hindu] Attempt 1/1: Trying with 'selenium_browser' strategy...
2025-12-02 05:29:08,796 - INFO - [The Hindu] Page content loaded.
2025-12-02 05:29:08,839 - INFO - [The Hindu] Success with 'selenium_browser'. Found content (484 words).
2025-12-02 05:29:08,897 - INFO - Duplicate article skipped: Kerala local body polls: CPI(M) plays second fiddle to Kerala Congress (M) in Catholic heartland - The Hindu from The Hindu
2025-12-02 05:29:09,721 - INFO - [The Hindu] Article: https://www.thehindu.com/news/national/kerala/kerala-local-body-polls-will-sabarimala-present-a-golden-opportunity-for-congress-bjp/article70344819.ece
2025-12-02 05:29:09,721 - INFO - [The Hindu] Attempt 1/1: Trying with 'selenium_browser' strategy...
2025-12-02 05:29:10,526 - INFO - [The Hindu] Page content loaded.
2025-12-02 05:29:10,798 - INFO - [The Hindu] Success with 'selenium_browser'. Found content (640 words).
2025-12-02 05:29:10,875 - INFO - Duplicate article skipped: Kerala local body polls: Will Sabarimala present a ‘golden’ opportunity for Congress, BJP? - The Hindu from The Hindu
2025-12-02 05:29:11,980 - INFO - [The Hindu] Article: https://www.thehindu.com/news/national/kerala/kerala-local-body-polls-from-content-creation-to-sentiment-analysis-its-ai-time-in-election-campaign/article70318282.ece
2025-12-02 05:29:11,981 - INFO - [The Hindu] Attempt 1/1: Trying with 'selenium_browser' strategy...
2025-12-02 05:29:12,799 - INFO - [The Hindu] Page content loaded.
2025-12-02 05:29:12,881 - INFO - [The Hindu] Success with 'selenium_browser'. Found content (511 words).
2025-12-02 05:29:12,969 - INFO - Duplicate article skipped: Kerala local body polls: From content creation to sentiment analysis, it’s AI time in election campaign - The Hindu from The Hindu
2025-12-02 05:29:13,764 - INFO - [The Hindu] Article: https://www.thehindu.com/news/national/uttar-pradesh/maintaining-law-and-order-with-zero-tolerance-is-our-top-priority-says-up-cm-yogi/article70345677.ece
2025-12-02 05:29:13,764 - INFO - [The Hindu] Attempt 1/1: Trying with 'selenium_browser' strategy...
2025-12-02 05:29:14,581 - INFO - [The Hindu] Page content loaded.
2025-12-02 05:29:14,847 - INFO - [The Hindu] Success with 'selenium_browser'. Found content (292 words).
2025-12-02 05:29:14,931 - INFO - Duplicate article skipped: Maintaining law and order with zero tolerance is our top priority says U.P. CM Yogi - The Hindu from The Hindu
2025-12-02 05:29:15,703 - INFO - [The Hindu] Article: https://www.thehindu.com/news/national/ed-conducting-searches-under-fema-into-naresh-kumar-kejriwal/article70347972.ece
2025-12-02 05:29:15,703 - INFO - [The Hindu] Attempt 1/1: Trying with 'selenium_browser' strategy...
2025-12-02 05:29:16,449 - INFO - [The Hindu] Page content loaded.
2025-12-02 05:29:16,598 - INFO - [The Hindu] Success with 'selenium_browser'. Found content (142 words).
2025-12-02 05:29:16,683 - INFO - Duplicate article skipped: Enforcement Directorate conducting searches under FEMA into ‘suspected hawala operator’ - The Hindu from The Hindu
2025-12-02 05:29:18,155 - INFO - [The Hindu] Article: https://www.thehindu.com/news/national/maharashtra/maharashtra-cm-expresses-displeasure-over-the-last-minute-decision-to-postpone-elections-in-some-constituencies/article70347966.ece
2025-12-02 05:29:18,155 - INFO - [The Hindu] Attempt 1/1: Trying with 'selenium_browser' strategy...
2025-12-02 05:29:18,976 - INFO - [The Hindu] Page content loaded.
2025-12-02 05:29:19,090 - INFO - [The Hindu] Success with 'selenium_browser'. Found content (346 words).
2025-12-02 05:29:19,175 - INFO - Duplicate article skipped: Maharashtra CM expresses displeasure over the last-minute decision to postpone elections in some constituencies - The Hindu from The Hindu
2025-12-02 05:29:20,131 - INFO - [The Hindu] Article: https://www.thehindu.com/news/national/himachal-pradesh/congress-govts-rigorous-enforcement-of-pit-ndps-act-has-yielded-significant-results-in-combating-drug-menace-himachal-cm/article70345716.ece
2025-12-02 05:29:20,132 - INFO - [The Hindu] Attempt 1/1: Trying with 'selenium_browser' strategy...
2025-12-02 05:29:20,806 - INFO - [The Hindu] Page content loaded.
2025-12-02 05:29:21,102 - INFO - [The Hindu] Success with 'selenium_browser'. Found content (266 words).
2025-12-02 05:29:21,179 - INFO - Duplicate article skipped: Congress Govt’s rigorous enforcement of PIT-NDPS Act has yielded significant results in combating drug menace: Himachal CM - The Hindu from The Hindu
2025-12-02 05:29:21,915 - INFO - [The Hindu] Article: https://www.thehindu.com/news/national/maharashtra/maharashtra-municipal-council-nagar-panchayats-local-polls-updates-voting-december-2-2025/article70347916.ece
2025-12-02 05:29:21,915 - INFO - [The Hindu] Attempt 1/1: Trying with 'selenium_browser' strategy...
2025-12-02 05:29:22,617 - INFO - [The Hindu] Page content loaded.
2025-12-02 05:29:22,682 - INFO - [The Hindu] Success with 'selenium_browser'. Found content (484 words).
2025-12-02 05:29:22,766 - INFO - Duplicate article skipped: Voting begins in 264 Municipal Councils and Nagar Panchayats in Maharashtra - The Hindu from The Hindu
2025-12-02 05:29:24,167 - INFO - [The Hindu] Article: https://www.thehindu.com/news/national/madhya-pradesh/winter-session-of-mp-assembly-begins-with-protests-over-cough-syrup-tragedy-short-duration-of-session/article70346117.ece
2025-12-02 05:29:24,167 - INFO - [The Hindu] Attempt 1/1: Trying with 'selenium_browser' strategy...
2025-12-02 05:29:24,924 - INFO - [The Hindu] Page content loaded.
2025-12-02 05:29:25,014 - INFO - [The Hindu] Success with 'selenium_browser'. Found content (477 words).
2025-12-02 05:29:25,099 - INFO - Duplicate article skipped: Winter Session of M.P. Assembly begins with protests over cough syrup tragedy, short duration of session - The Hindu from The Hindu
2025-12-02 05:29:26,289 - INFO - [The Hindu] Article: https://www.thehindu.com/news/national/west-bengal/bjp-demands-audit-of-125-crore-entries-made-in-sir-across-three-days-in-west-bengal/article70346132.ece
2025-12-02 05:29:26,290 - INFO - [The Hindu] Attempt 1/1: Trying with 'selenium_browser' strategy...
2025-12-02 05:29:28,218 - INFO - [The Hindu] Page content loaded.
2025-12-02 05:29:28,322 - INFO - [The Hindu] Success with 'selenium_browser'. Found content (503 words).
2025-12-02 05:29:28,393 - INFO - Duplicate article skipped: BJP demands audit of 1.25 crore entries made in SIR across three days in West Bengal - The Hindu from The Hindu
2025-12-02 05:29:29,393 - INFO - [The Hindu] Article: https://www.thehindu.com/news/national/indian-armed-forces-to-procure-more-satellite-linked-heron-mk-ii-uavs-under-emergency-procurement/article70346863.ece
2025-12-02 05:29:29,393 - INFO - [The Hindu] Attempt 1/1: Trying with 'selenium_browser' strategy...
2025-12-02 05:29:30,030 - INFO - [The Hindu] Page content loaded.
2025-12-02 05:29:30,081 - INFO - [The Hindu] Success with 'selenium_browser'. Found content (392 words).
2025-12-02 05:29:30,170 - INFO - Duplicate article skipped: Indian armed forces to procure more satellite-linked Heron Mk II UAVs under emergency procurement - The Hindu from The Hindu
2025-12-02 05:29:31,363 - INFO - [The Hindu] Article: https://www.thehindu.com/opinion/op-ed/the-aiadmk-is-on-a-weak-footing/article70345464.ece
2025-12-02 05:29:31,363 - INFO - [The Hindu] Attempt 1/1: Trying with 'selenium_browser' strategy...
2025-12-02 05:29:32,119 - INFO - [The Hindu] Page content loaded.
2025-12-02 05:29:32,258 - INFO - [The Hindu] Success with 'selenium_browser'. Found content (740 words).
2025-12-02 05:29:32,330 - INFO - Duplicate article skipped: The AIADMK is on a weak footing - The Hindu from The Hindu
2025-12-02 05:29:32,973 - INFO - [The Hindu] (Thread) Finished. Attempting to shut down its Selenium driver.
2025-12-02 05:29:33,167 - INFO - [The Hindu] (Thread) driver.quit() successful.
2025-12-02 05:30:46,245 - ERROR - [Times of India] Request failed for strategy 'selenium_browser' on URL https://timesofindia.indiatimes.com/world/us/looks-like-the-ceo-shooter-911-call-by-mcdonalds-worker-played-during-luigi-mangione-hearing/articleshow/125707292.cms: HTTPConnectionPool(host='localhost', port=37761): Read timed out. (read timeout=120)
2025-12-02 05:30:46,246 - ERROR - [Times of India] All scrape strategies failed for https://timesofindia.indiatimes.com/world/us/looks-like-the-ceo-shooter-911-call-by-mcdonalds-worker-played-during-luigi-mangione-hearing/articleshow/125707292.cms. Falling back to RSS description.
2025-12-02 05:30:46,246 - INFO - Duplicate article skipped: ‘Looks like the CEO shooter’: 911 call by McDonald's worker played during Luigi Mangione hearing from Times of India
2025-12-02 05:30:46,748 - INFO - [Times of India] Article: https://timesofindia.indiatimes.com/world/us/tim-walz-accused-in-1bn-massive-fraud-minnesota-tax-used-for-terrorism-probe-launched/articleshow/125706998.cms
2025-12-02 05:30:46,748 - INFO - [Times of India] Attempt 1/1: Trying with 'selenium_browser' strategy...
2025-12-02 05:31:42,356 - CRITICAL - --- TIMEOUT: 1 scrape jobs did not complete in 300s. ---
2025-12-02 05:31:42,356 - ERROR - A thread has timed out and will be abandoned.
2025-12-02 05:31:42,356 - INFO - Shutting down thread pool (wait=False)...
2025-12-02 05:31:42,356 - INFO - Scraped: 4 The Hindu, 1 BBC, 0 The Guardian, 1 Timed_Out_Jobs articles. (Total saved: 5)
2025-12-02 05:31:42,356 - INFO - --- Scraping job finished ---
2025-12-02 05:31:42,356 - INFO - --- Scraper service stopped and database connection closed. ---
2025-12-02 05:31:42,356 - INFO - --- Main thread finished. Forcing process exit to kill zombie threads. ---
