2025-12-04 11:24:43,535 - INFO - Loading AI Semantic Model (all-MiniLM-L6-v2)...
2025-12-04 11:24:43,536 - INFO - Use pytorch device_name: cpu
2025-12-04 11:24:43,536 - INFO - Load pretrained SentenceTransformer: all-MiniLM-L6-v2
2025-12-04 11:24:44,107 - INFO - AI Model loaded successfully.
2025-12-04 11:24:44,107 - INFO - Initializing database connection at: news_articles.db
2025-12-04 11:24:44,107 - INFO - --- Scraper service started (CI Mode: Run Once) ---
2025-12-04 11:24:44,107 - INFO - --- Starting new scraping job (Parallel Mode) ---
2025-12-04 11:24:44,107 - INFO - Creating new robust session with 3 retries on 5xx/connection/read errors.
2025-12-04 11:24:44,107 - INFO - Proxy is DISABLED.
2025-12-04 11:24:44,108 - INFO - Starting scrape for BBC RSS feed: http://feeds.bbci.co.uk/news/world/rss.xml
2025-12-04 11:24:44,108 - INFO - [Times of India] (Thread) requires Selenium. Initializing driver...
2025-12-04 11:24:44,108 - INFO - Initializing headless Selenium Chrome driver (using SeleniumManager)...
2025-12-04 11:24:44,109 - INFO - Starting scrape for The Guardian RSS feed: https://www.theguardian.com/world/rss
2025-12-04 11:24:44,111 - INFO - [The Hindu] (Thread) requires Selenium. Initializing driver...
2025-12-04 11:24:44,111 - INFO - Initializing headless Selenium Chrome driver (using SeleniumManager)...
2025-12-04 11:24:44,111 - INFO - Submitted 4 jobs to thread pool. Waiting up to 300s for completion...
2025-12-04 11:24:44,250 - INFO - Found 45 articles in The Guardian RSS feed. Processing up to 20.
2025-12-04 11:24:44,250 - INFO - [The Guardian] Article: https://www.theguardian.com/world/2025/dec/04/us-eu-critical-minerals-project-drc-report-lobito-corridor
2025-12-04 11:24:44,250 - INFO - [The Guardian] Attempt 1/1: Trying with 'requests_browser' strategy...
2025-12-04 11:24:44,283 - INFO - [The Guardian] Success with 'requests_browser'. Found content (765 words).
2025-12-04 11:24:44,318 - INFO - Duplicate article skipped: US and EU critical minerals project could displace thousands in DR Congo – report | Democratic Republic of the Congo | The Guardian from The Guardian
2025-12-04 11:24:44,360 - INFO - Found 40 articles in BBC RSS feed. Processing up to 20.
2025-12-04 11:24:44,361 - INFO - [BBC] Article: https://www.bbc.com/news/articles/cj4q2vpggr9o?at_medium=RSS&at_campaign=rss
2025-12-04 11:24:44,361 - INFO - [BBC] Attempt 1/1: Trying with 'requests_browser' strategy...
2025-12-04 11:24:44,574 - INFO - [BBC] Success with 'requests_browser'. Found content (1434 words).
2025-12-04 11:24:44,612 - INFO - Duplicate article skipped: India-Russia: Why Putin and Modi are meeting in Delhi from BBC
2025-12-04 11:24:45,563 - INFO - [BBC] Article: https://www.bbc.com/news/articles/c7731n5z6d3o?at_medium=RSS&at_campaign=rss
2025-12-04 11:24:45,563 - INFO - [BBC] Attempt 1/1: Trying with 'requests_browser' strategy...
2025-12-04 11:24:45,599 - INFO - [BBC] Success with 'requests_browser'. Found content (1080 words).
2025-12-04 11:24:45,636 - INFO - Duplicate article skipped: Ukraine and US negotiators to meet in Florida after Moscow talks, White House says from BBC
2025-12-04 11:24:45,813 - INFO - [The Guardian] Article: https://www.theguardian.com/global-development/2025/dec/04/aid-cuts-africa-uganda-stops-refugee-status-eritreans-somalis-ethiopians
2025-12-04 11:24:45,813 - INFO - [The Guardian] Attempt 1/1: Trying with 'requests_browser' strategy...
2025-12-04 11:24:45,840 - INFO - [The Guardian] Success with 'requests_browser'. Found content (587 words).
2025-12-04 11:24:45,876 - INFO - Duplicate article skipped: Uganda stops granting refugee status for Eritreans, Somalis and Ethiopians | Global development | The Guardian from The Guardian
2025-12-04 11:24:46,360 - INFO - [BBC] Article: https://www.bbc.com/news/articles/c4g5rrlve33o?at_medium=RSS&at_campaign=rss
2025-12-04 11:24:46,360 - INFO - [BBC] Attempt 1/1: Trying with 'requests_browser' strategy...
2025-12-04 11:24:46,399 - INFO - [BBC] Success with 'requests_browser'. Found content (913 words).
2025-12-04 11:24:46,418 - INFO - [The Guardian] Article: https://www.theguardian.com/artanddesign/2025/dec/04/ibrahim-mahama-ghana-tops-artreview-power-list
2025-12-04 11:24:46,423 - INFO - [The Guardian] Attempt 1/1: Trying with 'requests_browser' strategy...
2025-12-04 11:24:46,439 - INFO - Duplicate article skipped: Previously unseen images of Jeffrey Epstein's island released from BBC
2025-12-04 11:24:46,459 - INFO - [The Guardian] Success with 'requests_browser'. Found content (604 words).
2025-12-04 11:24:46,494 - INFO - Duplicate article skipped: Ghana’s Ibrahim Mahama first African to top annual art power list | Art | The Guardian from The Guardian
2025-12-04 11:24:47,289 - INFO - [The Guardian] Article: https://www.theguardian.com/uk-news/2025/dec/03/british-troops-accused-of-human-rights-violations-environmental-destruction-and-sexual-abuse-in-kenya
2025-12-04 11:24:47,289 - INFO - [The Guardian] Attempt 1/1: Trying with 'requests_browser' strategy...
2025-12-04 11:24:47,324 - INFO - [The Guardian] Success with 'requests_browser'. Found content (772 words).
2025-12-04 11:24:47,514 - INFO - Duplicate article skipped: British troops accused of human rights violations and sexual abuse in Kenya | British army | The Guardian from The Guardian
2025-12-04 11:24:47,710 - INFO - [BBC] Article: https://www.bbc.com/news/articles/cp84y7jx2pzo?at_medium=RSS&at_campaign=rss
2025-12-04 11:24:47,710 - INFO - [BBC] Attempt 1/1: Trying with 'requests_browser' strategy...
2025-12-04 11:24:47,741 - INFO - [BBC] Success with 'requests_browser'. Found content (357 words).
2025-12-04 11:24:47,776 - INFO - Duplicate article skipped: South Korea: Government developing app showing real-time location of stalkers from BBC
2025-12-04 11:24:48,178 - INFO - [The Guardian] Article: https://www.theguardian.com/global-development/2025/dec/03/whistleblower-accuses-foreign-office-of-censoring-warning-of-sudan-genocide
2025-12-04 11:24:48,178 - INFO - [The Guardian] Attempt 1/1: Trying with 'requests_browser' strategy...
2025-12-04 11:24:48,216 - INFO - [The Guardian] Success with 'requests_browser'. Found content (1465 words).
2025-12-04 11:24:48,264 - INFO - Duplicate article skipped: Whistleblower accuses Foreign Office of ‘censoring’ warning of Sudan genocide | Global development | The Guardian from The Guardian
2025-12-04 11:24:48,488 - INFO - [BBC] Article: https://www.bbc.com/news/articles/cd6x2j4g3z7o?at_medium=RSS&at_campaign=rss
2025-12-04 11:24:48,488 - INFO - [BBC] Attempt 1/1: Trying with 'requests_browser' strategy...
2025-12-04 11:24:48,723 - INFO - [BBC] Success with 'requests_browser'. Found content (694 words).
2025-12-04 11:24:48,758 - INFO - Duplicate article skipped: Israel says Palestinian groups returned body of Thai hostage from BBC
2025-12-04 11:24:49,667 - INFO - [The Guardian] Article: https://www.theguardian.com/us-news/2025/dec/03/epstein-caribbean-island-new-photo-video-release
2025-12-04 11:24:49,667 - INFO - [The Guardian] Attempt 1/1: Trying with 'requests_browser' strategy...
2025-12-04 11:24:49,770 - INFO - [The Guardian] Success with 'requests_browser'. Found content (373 words).
2025-12-04 11:24:49,812 - INFO - Duplicate article skipped: House Democrats release new images of Epstein’s private Caribbean island | Jeffrey Epstein | The Guardian from The Guardian
2025-12-04 11:24:50,259 - INFO - [BBC] Article: https://www.bbc.com/news/articles/cdxekqryn1jo?at_medium=RSS&at_campaign=rss
2025-12-04 11:24:50,259 - INFO - [BBC] Attempt 1/1: Trying with 'requests_browser' strategy...
2025-12-04 11:24:50,291 - INFO - [BBC] Success with 'requests_browser'. Found content (720 words).
2025-12-04 11:24:50,328 - INFO - Duplicate article skipped: Meta starts kicking Australian children off Instagram and Facebook from BBC
2025-12-04 11:24:50,952 - INFO - [BBC] Article: https://www.bbc.com/news/articles/c5y9843engko?at_medium=RSS&at_campaign=rss
2025-12-04 11:24:50,952 - INFO - [BBC] Attempt 1/1: Trying with 'requests_browser' strategy...
2025-12-04 11:24:50,981 - INFO - [BBC] Success with 'requests_browser'. Found content (445 words).
2025-12-04 11:24:51,016 - INFO - Duplicate article skipped: Pritam Singh: Singapore court upholds opposition leader's conviction from BBC
2025-12-04 11:24:51,016 - INFO - [The Guardian] Article: https://www.theguardian.com/world/2025/dec/03/colombia-trump-warning-military-threat
2025-12-04 11:24:51,016 - INFO - [The Guardian] Attempt 1/1: Trying with 'requests_browser' strategy...
2025-12-04 11:24:51,043 - INFO - [The Guardian] Success with 'requests_browser'. Found content (612 words).
2025-12-04 11:24:51,083 - INFO - Duplicate article skipped: Colombia’s president warns Trump: ‘Do not wake the jaguar’ with threats of military strikes | Colombia | The Guardian from The Guardian
2025-12-04 11:24:51,700 - INFO - [The Guardian] Article: https://www.theguardian.com/us-news/live/2025/dec/02/donald-trump-pete-hegseth-boat-venezuela-maduro-tennessee-us-politics-live-news-updates
2025-12-04 11:24:51,700 - INFO - [The Guardian] Attempt 1/1: Trying with 'requests_browser' strategy...
2025-12-04 11:24:51,794 - INFO - [BBC] Article: https://www.bbc.com/news/articles/cjrjn88jqn4o?at_medium=RSS&at_campaign=rss
2025-12-04 11:24:51,794 - INFO - [BBC] Attempt 1/1: Trying with 'requests_browser' strategy...
2025-12-04 11:24:51,982 - INFO - [The Guardian] Success with 'requests_browser'. Found content (4155 words).
2025-12-04 11:24:52,083 - INFO - Selenium driver initialized successfully.
2025-12-04 11:24:52,083 - INFO - Starting scrape for Times of India RSS feed: https://timesofindia.indiatimes.com/rssfeeds/296589292.cms
2025-12-04 11:24:52,084 - INFO - Duplicate article skipped: Pete Hegseth says he ‘didn’t stick around’ to watch second strike on alleged drug boat as Democrats slam administration over attacks – as it happened | Trump administration | The Guardian from The Guardian
2025-12-04 11:24:52,084 - INFO - Selenium driver initialized successfully.
2025-12-04 11:24:52,084 - INFO - Starting scrape for The Hindu RSS feed: https://www.thehindu.com/news/national/feeder/default.rss
2025-12-04 11:24:52,093 - INFO - [BBC] Success with 'requests_browser'. Found content (853 words).
2025-12-04 11:24:52,133 - INFO - Duplicate article skipped: Trump to host DR Congo's Félix Tshisekedi and Rwanda's Paul Kagame to sign peace deal from BBC
2025-12-04 11:24:52,270 - INFO - Found 100 articles in The Hindu RSS feed. Processing up to 20.
2025-12-04 11:24:52,271 - INFO - [The Hindu] Article: https://www.thehindu.com/news/national/punjab/punjab-has-maximum-cases-of-human-trafficking-jaishankar-in-rajya-sabha/article70357379.ece
2025-12-04 11:24:52,271 - INFO - [The Hindu] Attempt 1/1: Trying with 'selenium_browser' strategy...
2025-12-04 11:24:52,275 - INFO - Found 20 articles in Times of India RSS feed. Processing up to 20.
2025-12-04 11:24:52,276 - INFO - [Times of India] Article: https://timesofindia.indiatimes.com/world/us/trump-garbage-row-why-there-are-80000-somali-immigrants-in-minnesota/articleshow/125765535.cms
2025-12-04 11:24:52,276 - INFO - [Times of India] Attempt 1/1: Trying with 'selenium_browser' strategy...
2025-12-04 11:24:52,946 - INFO - [The Guardian] Article: https://www.theguardian.com/world/2025/dec/02/trump-intervention-honduras-presidential-vote-count-stalls-nasry-asfura
2025-12-04 11:24:52,946 - INFO - [The Guardian] Attempt 1/1: Trying with 'requests_browser' strategy...
2025-12-04 11:24:53,014 - INFO - [The Guardian] Success with 'requests_browser'. Found content (945 words).
2025-12-04 11:24:53,106 - INFO - Duplicate article skipped: Trump frees ex-Honduran president from prison as country awaits knife-edge election result | Honduras | The Guardian from The Guardian
2025-12-04 11:24:53,626 - INFO - [BBC] Article: https://www.bbc.com/news/articles/c8dy1613j2ro?at_medium=RSS&at_campaign=rss
2025-12-04 11:24:53,627 - INFO - [BBC] Attempt 1/1: Trying with 'requests_browser' strategy...
2025-12-04 11:24:53,690 - INFO - [BBC] Success with 'requests_browser'. Found content (876 words).
2025-12-04 11:24:53,771 - INFO - Duplicate article skipped: Minnesota's Somali community braces for immigration crackdown from BBC
2025-12-04 11:24:54,019 - INFO - [The Guardian] Article: https://www.theguardian.com/us-news/2025/dec/02/pete-hegseth-franklin-the-turtle
2025-12-04 11:24:54,019 - INFO - [The Guardian] Attempt 1/1: Trying with 'requests_browser' strategy...
2025-12-04 11:24:54,103 - INFO - [The Guardian] Success with 'requests_browser'. Found content (438 words).
2025-12-04 11:24:54,250 - INFO - Duplicate article skipped: Publisher condemns ‘violent’ use of Franklin the Turtle after Hegseth’s boat strike post | Pete Hegseth | The Guardian from The Guardian
2025-12-04 11:24:54,431 - INFO - [BBC] Article: https://www.bbc.com/news/articles/cqjg7w8z7dvo?at_medium=RSS&at_campaign=rss
2025-12-04 11:24:54,431 - INFO - [BBC] Attempt 1/1: Trying with 'requests_browser' strategy...
2025-12-04 11:24:54,533 - INFO - [BBC] Success with 'requests_browser'. Found content (387 words).
2025-12-04 11:24:54,656 - INFO - Duplicate article skipped: Court sides with Adidas in appeal over Kanye West collaboration from BBC
2025-12-04 11:24:54,996 - INFO - [The Guardian] Article: https://www.theguardian.com/world/2025/dec/04/thailand-scam-cyberscam-crackdown-arrests-south-east-asia
2025-12-04 11:24:54,996 - INFO - [The Guardian] Attempt 1/1: Trying with 'requests_browser' strategy...
2025-12-04 11:24:55,058 - INFO - [The Guardian] Success with 'requests_browser'. Found content (575 words).
2025-12-04 11:24:55,201 - INFO - Duplicate article skipped: Thailand seizes more than $300m in assets and issues 42 arrest warrants in cyberscam crackdown | Thailand | The Guardian from The Guardian
2025-12-04 11:24:55,497 - INFO - [BBC] Article: https://www.bbc.com/news/articles/cm2054rdv52o?at_medium=RSS&at_campaign=rss
2025-12-04 11:24:55,497 - INFO - [BBC] Attempt 1/1: Trying with 'requests_browser' strategy...
2025-12-04 11:24:55,578 - INFO - [BBC] Success with 'requests_browser'. Found content (1064 words).
2025-12-04 11:24:55,682 - INFO - Duplicate article skipped: Hong Kong fire survivor: 'My heart breaks every time I'm called a hero' from BBC
2025-12-04 11:24:55,991 - INFO - [The Guardian] Article: https://www.theguardian.com/news/2025/dec/04/hong-kong-fire-death-toll-protective-netting-remove
2025-12-04 11:24:55,991 - INFO - [The Guardian] Attempt 1/1: Trying with 'requests_browser' strategy...
2025-12-04 11:24:56,001 - INFO - [The Hindu] Page content loaded.
2025-12-04 11:24:56,071 - INFO - [The Guardian] Success with 'requests_browser'. Found content (689 words).
2025-12-04 11:24:56,212 - INFO - Duplicate article skipped: Hong Kong warns ‘external forces’ working to exploit apartment fire, as death toll rises to 159 | Hong Kong apartment fires | The Guardian from The Guardian
2025-12-04 11:24:56,241 - INFO - [The Hindu] Success with 'selenium_browser'. Found content (259 words).
2025-12-04 11:24:56,968 - INFO - [BBC] Article: https://www.bbc.com/news/articles/cnv21m0zpjmo?at_medium=RSS&at_campaign=rss
2025-12-04 11:24:56,968 - INFO - [BBC] Attempt 1/1: Trying with 'requests_browser' strategy...
2025-12-04 11:24:57,074 - INFO - [The Guardian] Article: https://www.theguardian.com/world/2025/dec/03/eu-strategy-raw-materials-rare-earths-supply-chain-resourceeu
2025-12-04 11:24:57,074 - INFO - [The Guardian] Attempt 1/1: Trying with 'requests_browser' strategy...
2025-12-04 11:24:57,326 - INFO - [The Guardian] Success with 'requests_browser'. Found content (725 words).
2025-12-04 11:24:57,931 - INFO - [BBC] Success with 'requests_browser'. Found content (270 words).
2025-12-04 11:25:29,568 - INFO - Saved article: Punjab has maximum cases of human trafficking: Jaishankar in Rajya Sabha - The Hindu from The Hindu
2025-12-04 11:25:29,569 - INFO - Duplicate article skipped: EU looks at legally forcing industries to reduce purchases from China | Mining | The Guardian from The Guardian
2025-12-04 11:25:29,569 - INFO - Duplicate article skipped: Gaza: Five killed in Israeli air strikes on tents near Khan Younis, medics say from BBC
2025-12-04 11:25:30,302 - INFO - [The Hindu] Article: https://www.thehindu.com/news/national/karnataka/shivamogga-mp-by-raghavendra-highlights-plight-of-areca-growers-in-parliament-seeks-centres-intervention/article70357223.ece
2025-12-04 11:25:30,302 - INFO - [The Hindu] Attempt 1/1: Trying with 'selenium_browser' strategy...
2025-12-04 11:25:30,629 - INFO - [The Guardian] Article: https://www.theguardian.com/business/2025/dec/03/hsbc-appoints-interim-chair-brendan-nelson-to-permanent-role
2025-12-04 11:25:30,629 - INFO - [The Guardian] Attempt 1/1: Trying with 'requests_browser' strategy...
2025-12-04 11:25:30,739 - INFO - [The Guardian] Success with 'requests_browser'. Found content (605 words).
2025-12-04 11:25:30,801 - INFO - Duplicate article skipped: HSBC appoints interim chair Brendan Nelson to permanent role | HSBC | The Guardian from The Guardian
2025-12-04 11:25:30,903 - INFO - [BBC] Article: https://www.bbc.com/news/articles/cpwk7xen544o?at_medium=RSS&at_campaign=rss
2025-12-04 11:25:30,903 - INFO - [BBC] Attempt 1/1: Trying with 'requests_browser' strategy...
2025-12-04 11:25:30,944 - INFO - [BBC] Success with 'requests_browser'. Found content (668 words).
2025-12-04 11:25:31,049 - INFO - Duplicate article skipped: Israel says Rafah crossing to open soon to let Gazans leave via Egypt from BBC
2025-12-04 11:25:32,287 - INFO - [The Guardian] Article: https://www.theguardian.com/world/2025/dec/03/search-for-malaysia-airline-flight-mh370-to-resume-over-11-years-after-plane-went-missing
2025-12-04 11:25:32,287 - INFO - [The Guardian] Attempt 1/1: Trying with 'requests_browser' strategy...
2025-12-04 11:25:32,312 - INFO - [BBC] Article: https://www.bbc.com/news/articles/c2lvzrve5lqo?at_medium=RSS&at_campaign=rss
2025-12-04 11:25:32,312 - INFO - [BBC] Attempt 1/1: Trying with 'requests_browser' strategy...
2025-12-04 11:25:32,389 - INFO - [The Guardian] Success with 'requests_browser'. Found content (851 words).
2025-12-04 11:25:32,404 - INFO - [BBC] Success with 'requests_browser'. Found content (371 words).
2025-12-04 11:25:32,549 - INFO - Duplicate article skipped: Federica Mogherini: Former EU top diplomat accused in fraud investigation from BBC
2025-12-04 11:25:32,550 - INFO - Duplicate article skipped: Malaysia Airlines flight MH370 search to resume 11 years after jet went missing | Malaysia Airlines flight MH370 | The Guardian from The Guardian
2025-12-04 11:25:33,352 - INFO - [The Guardian] Article: https://www.theguardian.com/australia-news/2025/dec/04/ndis-participants-will-have-no-external-avenue-to-appeal-funding-amounts-under-new-system-senate-estimates-told
2025-12-04 11:25:33,352 - INFO - [The Guardian] Attempt 1/1: Trying with 'requests_browser' strategy...
2025-12-04 11:25:33,401 - INFO - [The Guardian] Success with 'requests_browser'. Found content (674 words).
2025-12-04 11:25:33,465 - INFO - [The Hindu] Page content loaded.
2025-12-04 11:25:33,488 - INFO - Duplicate article skipped: Most NDIS participants will lose external avenue to appeal funding amounts under new system, Senate estimates told | National disability insurance scheme | The Guardian from The Guardian
2025-12-04 11:25:33,579 - INFO - [The Hindu] Success with 'selenium_browser'. Found content (197 words).
2025-12-04 11:25:33,724 - INFO - [BBC] Article: https://www.bbc.com/news/articles/cy8jnxxm70jo?at_medium=RSS&at_campaign=rss
2025-12-04 11:25:33,724 - INFO - [BBC] Attempt 1/1: Trying with 'requests_browser' strategy...
2025-12-04 11:25:33,921 - INFO - [BBC] Success with 'requests_browser'. Found content (247 words).
2025-12-04 11:25:34,753 - INFO - [The Guardian] Article: https://www.theguardian.com/australia-news/live/2025/dec/04/australia-news-live-senate-estimates-national-fiscal-outlook-labor-coalition-cost-of-living-victoria-public-service-cuts-ntwnfb
2025-12-04 11:25:34,753 - INFO - [The Guardian] Attempt 1/1: Trying with 'requests_browser' strategy...
2025-12-04 11:25:35,218 - INFO - [The Guardian] Success with 'requests_browser'. Found content (2715 words).
2025-12-04 11:25:50,878 - INFO - Saved article: Shivamogga MP highlights plight of areca growers in Parliament - The Hindu from The Hindu
2025-12-04 11:25:50,878 - INFO - Duplicate article skipped: Drunk raccoon found passed out on liquor store floor after breaking in from BBC
2025-12-04 11:25:50,878 - INFO - Duplicate article skipped: Marles says Labor ‘working through’ Trump administration’s Aukus review – as it happened | Australia news | The Guardian from The Guardian
2025-12-04 11:25:51,449 - INFO - [The Guardian] Article: https://www.theguardian.com/australia-news/2025/dec/04/giant-esky-australias-first-indoor-snow-resort-planned-for-western-sydney-gets-chinese-backing
2025-12-04 11:25:51,450 - INFO - [The Guardian] Attempt 1/1: Trying with 'requests_browser' strategy...
2025-12-04 11:25:51,497 - INFO - [The Guardian] Success with 'requests_browser'. Found content (353 words).
2025-12-04 11:25:51,569 - INFO - Duplicate article skipped: ‘Giant Esky’: Australia’s first indoor snow resort planned for western Sydney gets Chinese backing | Sydney | The Guardian from The Guardian
2025-12-04 11:25:52,224 - INFO - [The Hindu] Article: https://www.thehindu.com/news/national/kerala/ldf-being-challenged-by-udf-bjp-in-vaduthala-east-its-bastion-for-nearly-half-a-century/article70357301.ece
2025-12-04 11:25:52,224 - INFO - [The Hindu] Attempt 1/1: Trying with 'selenium_browser' strategy...
2025-12-04 11:25:52,371 - INFO - [BBC] Article: https://www.bbc.com/news/articles/cvgq5dvygllo?at_medium=RSS&at_campaign=rss
2025-12-04 11:25:52,371 - INFO - [BBC] Attempt 1/1: Trying with 'requests_browser' strategy...
2025-12-04 11:25:52,519 - INFO - [The Guardian] Article: https://www.theguardian.com/australia-news/2025/dec/04/sydney-drivers-stuck-in-busy-tunnel-for-up-to-four-hours-amid-fears-of-shockcrete-roof-collapse
2025-12-04 11:25:52,519 - INFO - [The Guardian] Attempt 1/1: Trying with 'requests_browser' strategy...
2025-12-04 11:25:52,553 - INFO - [The Guardian] Success with 'requests_browser'. Found content (579 words).
2025-12-04 11:25:52,607 - INFO - Duplicate article skipped: Sydney drivers stuck in busy tunnel for up to four hours amid fears of ‘shotcrete’ roof collapse | Sydney | The Guardian from The Guardian
2025-12-04 11:25:53,129 - INFO - [The Guardian] Article: https://www.theguardian.com/australia-news/2025/dec/04/man-pleads-not-guilty-over-allegedly-projecting-pro-palestine-messages-on-sydney-opera-house-forecourt-ntwnfb
2025-12-04 11:25:53,129 - INFO - [The Guardian] Attempt 1/1: Trying with 'requests_browser' strategy...
2025-12-04 11:25:53,159 - INFO - [BBC] Success with 'requests_browser'. Found content (1030 words).
2025-12-04 11:25:53,230 - INFO - Duplicate article skipped: Kenyan MPs accuse British soldiers from Batuk of sexual abuse in Laikipia from BBC
2025-12-04 11:25:53,253 - INFO - [The Guardian] Success with 'requests_browser'. Found content (629 words).
2025-12-04 11:25:53,570 - INFO - Duplicate article skipped: Man pleads not guilty over allegedly projecting pro-Palestine messages on Sydney Opera House forecourt | New South Wales | The Guardian from The Guardian
2025-12-04 11:25:53,726 - INFO - [The Hindu] Page content loaded.
2025-12-04 11:25:53,916 - INFO - [The Hindu] Success with 'selenium_browser'. Found content (517 words).
2025-12-04 11:25:54,196 - INFO - [BBC] Article: https://www.bbc.com/news/articles/c1m8g5x1xmko?at_medium=RSS&at_campaign=rss
2025-12-04 11:25:54,196 - INFO - [BBC] Attempt 1/1: Trying with 'requests_browser' strategy...
2025-12-04 11:25:54,577 - INFO - [BBC] Success with 'requests_browser'. Found content (308 words).
2025-12-04 11:26:09,409 - INFO - Saved article: LDF being challenged by UDF, BJP in Vaduthala East, its bastion for nearly half a century - The Hindu from The Hindu
2025-12-04 11:26:09,409 - INFO - Duplicate article skipped: Three French teens drown in freak car crash in swimming pool from BBC
2025-12-04 11:26:09,979 - INFO - [The Hindu] Article: https://www.thehindu.com/news/national/andhra-pradesh/seil-energy-to-set-up-hospital-in-nellore-under-csr-initiative/article70357314.ece
2025-12-04 11:26:09,979 - INFO - [The Hindu] Attempt 1/1: Trying with 'selenium_browser' strategy...
2025-12-04 11:26:10,116 - INFO - [BBC] Article: https://www.bbc.com/news/articles/c62v9z7z1z2o?at_medium=RSS&at_campaign=rss
2025-12-04 11:26:10,116 - INFO - [BBC] Attempt 1/1: Trying with 'requests_browser' strategy...
2025-12-04 11:26:10,313 - INFO - [BBC] Success with 'requests_browser'. Found content (485 words).
2025-12-04 11:26:10,367 - INFO - Duplicate article skipped: Henry Cuellar: Trump says he is pardoning Democratic congressman in bribery case from BBC
2025-12-04 11:26:11,448 - INFO - [The Hindu] Page content loaded.
2025-12-04 11:26:11,495 - INFO - [BBC] Article: https://www.bbc.com/news/articles/c62lv79p0pdo?at_medium=RSS&at_campaign=rss
2025-12-04 11:26:11,496 - INFO - [BBC] Attempt 1/1: Trying with 'requests_browser' strategy...
2025-12-04 11:26:11,553 - INFO - [The Hindu] Success with 'selenium_browser'. Found content (360 words).
2025-12-04 11:26:11,668 - INFO - [BBC] Success with 'requests_browser'. Found content (482 words).
2025-12-04 11:26:25,815 - INFO - Saved article: SEIL Energy to set up hospital in Nellore under CSR initiative - The Hindu from The Hindu
2025-12-04 11:26:25,815 - INFO - Duplicate article skipped: Hong Kong orders removal of scaffolding mesh after deadly blaze from BBC
2025-12-04 11:26:27,064 - INFO - [The Hindu] Article: https://www.thehindu.com/news/national/andhra-pradesh/andhra-pradesh-to-host-state-youth-festival-yuva-2025-from-december-18/article70357279.ece
2025-12-04 11:26:27,064 - INFO - [The Hindu] Attempt 1/1: Trying with 'selenium_browser' strategy...
2025-12-04 11:26:27,195 - INFO - [BBC] Article: https://www.bbc.com/news/articles/c8dy1613j2ro?at_medium=RSS&at_campaign=rss
2025-12-04 11:26:27,195 - INFO - [BBC] Attempt 1/1: Trying with 'requests_browser' strategy...
2025-12-04 11:26:27,233 - INFO - [BBC] Success with 'requests_browser'. Found content (876 words).
2025-12-04 11:26:27,271 - INFO - Duplicate article skipped: Minnesota's Somali community braces for immigration crackdown from BBC
2025-12-04 11:26:28,475 - INFO - [The Hindu] Page content loaded.
2025-12-04 11:26:28,538 - INFO - [The Hindu] Success with 'selenium_browser'. Found content (328 words).
2025-12-04 11:26:44,429 - INFO - Saved article: Andhra Pradesh to host State youth festival ‘YUVA 2025’ from December 18 - The Hindu from The Hindu
2025-12-04 11:26:44,999 - INFO - [The Hindu] Article: https://www.thehindu.com/business/Economy/health-national-security-cess-not-on-essential-commodities-revenues-to-be-shared-with-states-fm/article70357227.ece
2025-12-04 11:26:44,999 - INFO - [The Hindu] Attempt 1/1: Trying with 'selenium_browser' strategy...
2025-12-04 11:26:46,053 - INFO - [The Hindu] Page content loaded.
2025-12-04 11:26:46,206 - INFO - [The Hindu] Success with 'selenium_browser'. Found content (220 words).
2025-12-04 11:26:46,284 - INFO - Duplicate article skipped: Health, National Security Cess not on essential commodities, revenues to be shared with States: FM - The Hindu from The Hindu
2025-12-04 11:26:47,747 - INFO - [The Hindu] Article: https://www.thehindu.com/entertainment/music/anoushka-shankars-sitar-damaged-on-air-india-flight-airline-says-its-investigating/article70357137.ece
2025-12-04 11:26:47,747 - INFO - [The Hindu] Attempt 1/1: Trying with 'selenium_browser' strategy...
2025-12-04 11:26:49,350 - INFO - [The Hindu] Page content loaded.
2025-12-04 11:26:49,414 - INFO - [The Hindu] Success with 'selenium_browser'. Found content (574 words).
2025-12-04 11:26:49,483 - INFO - Duplicate article skipped: Anoushka Shankar's sitar damaged on Air India flight; airline says it’s investigating - The Hindu from The Hindu
2025-12-04 11:26:50,731 - INFO - [The Hindu] Article: https://www.thehindu.com/news/national/tamil-nadu/political-leaders-artistes-pay-tribute-to-veteran-tamil-cinema-producer-avm-saravanan/article70357031.ece
2025-12-04 11:26:50,731 - INFO - [The Hindu] Attempt 1/1: Trying with 'selenium_browser' strategy...
2025-12-04 11:26:52,376 - ERROR - [Times of India] Request failed for strategy 'selenium_browser' on URL https://timesofindia.indiatimes.com/world/us/trump-garbage-row-why-there-are-80000-somali-immigrants-in-minnesota/articleshow/125765535.cms: HTTPConnectionPool(host='localhost', port=58853): Read timed out. (read timeout=120)
2025-12-04 11:26:52,376 - ERROR - [Times of India] All scrape strategies failed for https://timesofindia.indiatimes.com/world/us/trump-garbage-row-why-there-are-80000-somali-immigrants-in-minnesota/articleshow/125765535.cms. Falling back to RSS description.
2025-12-04 11:26:55,195 - INFO - [The Hindu] Page content loaded.
2025-12-04 11:26:55,388 - INFO - [The Hindu] Success with 'selenium_browser'. Found content (509 words).
2025-12-04 11:27:06,928 - INFO - Saved article: Trump Garbage Row: Why there are 80,000 Somali immigrants in Minnesota from Times of India
2025-12-04 11:27:06,928 - INFO - Duplicate article skipped: Political leaders, artistes pay tribute to veteran Tamil cinema producer AVM Saravanan - The Hindu from The Hindu
2025-12-04 11:27:07,862 - INFO - [Times of India] Article: https://timesofindia.indiatimes.com/world/uk/explained-why-uk-universities-are-saying-no-to-pakistani-and-bangaldeshi-students/articleshow/125764326.cms
2025-12-04 11:27:07,862 - INFO - [Times of India] Attempt 1/1: Trying with 'selenium_browser' strategy...
2025-12-04 11:27:07,955 - INFO - [The Hindu] Article: https://www.thehindu.com/news/national/kerala/i-trust-john-brittas-more-than-dharmendra-pradhan-says-cpis-binoy-viswam-over-his-role-in-pm-shri/article70357161.ece
2025-12-04 11:27:07,955 - INFO - [The Hindu] Attempt 1/1: Trying with 'selenium_browser' strategy...
2025-12-04 11:27:09,030 - INFO - [The Hindu] Page content loaded.
2025-12-04 11:27:09,106 - INFO - [The Hindu] Success with 'selenium_browser'. Found content (265 words).
2025-12-04 11:27:09,193 - INFO - Duplicate article skipped: I trust John Brittas more than Dharmendra Pradhan, says CPI’s Binoy Viswam over his role in PM-SHRI - The Hindu from The Hindu
2025-12-04 11:27:10,653 - INFO - [The Hindu] Article: https://www.thehindu.com/news/cities/Hyderabad/indigo-madinah-hyderabad-flight-diverted-to-ahmedabad-following-bomb-threat/article70357268.ece
2025-12-04 11:27:10,654 - INFO - [The Hindu] Attempt 1/1: Trying with 'selenium_browser' strategy...
2025-12-04 11:27:11,559 - INFO - [The Hindu] Page content loaded.
2025-12-04 11:27:11,768 - INFO - [The Hindu] Success with 'selenium_browser'. Found content (218 words).
2025-12-04 11:27:11,843 - INFO - Duplicate article skipped: IndiGo Madinah-Hyderabad delayed flight diverted to Ahmedabad following bomb threat - The Hindu from The Hindu
2025-12-04 11:27:12,480 - INFO - [The Hindu] Article: https://www.thehindu.com/news/cities/chennai/residents-of-ennores-thazhangkuppam-want-seawall-opening-to-remain/article70354768.ece
2025-12-04 11:27:12,480 - INFO - [The Hindu] Attempt 1/1: Trying with 'selenium_browser' strategy...
2025-12-04 11:27:13,910 - INFO - [The Hindu] Page content loaded.
2025-12-04 11:27:13,978 - INFO - [The Hindu] Success with 'selenium_browser'. Found content (312 words).
2025-12-04 11:27:14,064 - INFO - Duplicate article skipped: Residents of Ennore’s Thazhangkuppam want seawall opening to remain - The Hindu from The Hindu
2025-12-04 11:27:14,576 - INFO - [The Hindu] Article: https://www.thehindu.com/news/national/karnataka/basavaraj-horatti-likely-to-stay-on-as-karnataka-legislative-council-chairperson-amid-leadership-tussle-in-congress/article70354724.ece
2025-12-04 11:27:14,576 - INFO - [The Hindu] Attempt 1/1: Trying with 'selenium_browser' strategy...
2025-12-04 11:27:16,197 - INFO - [The Hindu] Page content loaded.
2025-12-04 11:27:16,273 - INFO - [The Hindu] Success with 'selenium_browser'. Found content (506 words).
2025-12-04 11:27:16,371 - INFO - Duplicate article skipped: Basavaraj Horatti likely to stay on as Karnataka Legislative Council Chairperson amid leadership tussle in Congress - The Hindu from The Hindu
2025-12-04 11:27:17,007 - INFO - [The Hindu] Article: https://www.thehindu.com/news/national/tamil-nadu/tn-police-get-protection-under-bnss-govt-issues-new-notification-covering-all-ranks/article70357123.ece
2025-12-04 11:27:17,007 - INFO - [The Hindu] Attempt 1/1: Trying with 'selenium_browser' strategy...
2025-12-04 11:27:18,520 - INFO - [The Hindu] Page content loaded.
2025-12-04 11:27:18,654 - INFO - [The Hindu] Success with 'selenium_browser'. Found content (427 words).
2025-12-04 11:27:19,086 - INFO - Duplicate article skipped: T.N. police get protection under BNSS; govt. issues new notification covering all ranks - The Hindu from The Hindu
2025-12-04 11:27:19,698 - INFO - [The Hindu] Article: https://www.thehindu.com/news/national/sc-asks-states-uts-to-provide-more-staff-to-ec-for-sir-duty-to-ease-pressure-of-blos/article70357165.ece
2025-12-04 11:27:19,698 - INFO - [The Hindu] Attempt 1/1: Trying with 'selenium_browser' strategy...
2025-12-04 11:27:20,855 - INFO - [The Hindu] Page content loaded.
2025-12-04 11:27:20,945 - INFO - [The Hindu] Success with 'selenium_browser'. Found content (393 words).
2025-12-04 11:27:21,034 - INFO - Duplicate article skipped: SC asks States, UTs to provide more staff to EC for SIR duty to ease pressure on BLOs - The Hindu from The Hindu
2025-12-04 11:27:21,961 - INFO - [The Hindu] Article: https://www.thehindu.com/news/national/andhra-pradesh/ap-government-allots-480-acres-to-adani-infra-data-centres-in-vizag-and-anakapalli-districts/article70356951.ece
2025-12-04 11:27:21,961 - INFO - [The Hindu] Attempt 1/1: Trying with 'selenium_browser' strategy...
2025-12-04 11:27:23,741 - INFO - [The Hindu] Page content loaded.
2025-12-04 11:27:23,798 - INFO - [The Hindu] Success with 'selenium_browser'. Found content (288 words).
2025-12-04 11:27:23,886 - INFO - Duplicate article skipped: A.P. government allots 480 acres to Adani Infra data centres in Vizag and Anakapalli districts - The Hindu from The Hindu
2025-12-04 11:27:25,332 - INFO - [The Hindu] Article: https://www.thehindu.com/news/national/andhra-pradesh/apsche-gets-nod-to-fill-left-over-convenor-quota-seats-in-pg-courses/article70357119.ece
2025-12-04 11:27:25,332 - INFO - [The Hindu] Attempt 1/1: Trying with 'selenium_browser' strategy...
2025-12-04 11:27:26,936 - INFO - [The Hindu] Page content loaded.
2025-12-04 11:27:26,997 - INFO - [The Hindu] Success with 'selenium_browser'. Found content (129 words).
2025-12-04 11:27:27,091 - INFO - Duplicate article skipped: APSCHE gets nod to fill left over convenor quota seats in PG courses - The Hindu from The Hindu
2025-12-04 11:27:27,856 - INFO - [The Hindu] Article: https://www.thehindu.com/news/national/karnataka/kalaburagi-students-win-best-poster-award-at-iit-bombay-ceramics-conference/article70353700.ece
2025-12-04 11:27:27,856 - INFO - [The Hindu] Attempt 1/1: Trying with 'selenium_browser' strategy...
2025-12-04 11:27:29,318 - INFO - [The Hindu] Page content loaded.
2025-12-04 11:27:29,474 - INFO - [The Hindu] Success with 'selenium_browser'. Found content (256 words).
2025-12-04 11:27:29,568 - INFO - Duplicate article skipped: Kalaburagi students win Best Poster Award at IIT Bombay ceramics conference - The Hindu from The Hindu
2025-12-04 11:27:31,051 - INFO - [The Hindu] Article: https://www.thehindu.com/news/national/kerala/congress-expels-palakkad-mla-rahul-mamkootathil-from-party-after-court-rejects-anticipatory-bail-in-rape-case/article70357108.ece
2025-12-04 11:27:31,051 - INFO - [The Hindu] Attempt 1/1: Trying with 'selenium_browser' strategy...
2025-12-04 11:27:31,911 - INFO - [The Hindu] Page content loaded.
2025-12-04 11:27:32,068 - INFO - [The Hindu] Success with 'selenium_browser'. Found content (703 words).
2025-12-04 11:27:32,147 - INFO - Duplicate article skipped: Congress expels Palakkad MLA Rahul Mamkootathil after court rejects anticipatory bail in rape case - The Hindu from The Hindu
2025-12-04 11:27:33,401 - INFO - [The Hindu] Article: https://www.thehindu.com/news/national/west-bengal/west-bengal-sir-polling-stations-with-zero-ineligible-voters-drops-from-2208-to-29/article70356949.ece
2025-12-04 11:27:33,401 - INFO - [The Hindu] Attempt 1/1: Trying with 'selenium_browser' strategy...
2025-12-04 11:27:34,817 - INFO - [The Hindu] Page content loaded.
2025-12-04 11:27:34,978 - INFO - [The Hindu] Success with 'selenium_browser'. Found content (252 words).
2025-12-04 11:27:35,076 - INFO - Duplicate article skipped: West Bengal SIR: Polling stations with zero ineligible voters drops from 2,208 to 29 - The Hindu from The Hindu
2025-12-04 11:27:36,379 - INFO - [The Hindu] Article: https://www.thehindu.com/sci-tech/technology/from-aqi-and-dharmendra-to-operation-sindoor-and-womens-world-cup-indians-2025-searches-on-google/article70357055.ece
2025-12-04 11:27:36,379 - INFO - [The Hindu] Attempt 1/1: Trying with 'selenium_browser' strategy...
2025-12-04 11:27:38,152 - INFO - [The Hindu] Page content loaded.
2025-12-04 11:27:38,349 - INFO - [The Hindu] Success with 'selenium_browser'. Found content (316 words).
2025-12-04 11:27:38,438 - INFO - Duplicate article skipped: From AQI and Dharmendra to Operation Sindoor and Women’s World Cup: Indians’ 2025 searches on Google - The Hindu from The Hindu
2025-12-04 11:27:39,758 - INFO - [The Hindu] (Thread) Finished. Attempting to shut down its Selenium driver.
2025-12-04 11:27:39,996 - INFO - [The Hindu] (Thread) driver.quit() successful.
2025-12-04 11:29:07,869 - ERROR - [Times of India] Request failed for strategy 'selenium_browser' on URL https://timesofindia.indiatimes.com/world/uk/explained-why-uk-universities-are-saying-no-to-pakistani-and-bangaldeshi-students/articleshow/125764326.cms: HTTPConnectionPool(host='localhost', port=58853): Read timed out. (read timeout=120)
2025-12-04 11:29:07,869 - ERROR - [Times of India] All scrape strategies failed for https://timesofindia.indiatimes.com/world/uk/explained-why-uk-universities-are-saying-no-to-pakistani-and-bangaldeshi-students/articleshow/125764326.cms. Falling back to RSS description.
2025-12-04 11:29:20,228 - INFO - Saved article: Explained: Why UK universities are saying no students from Pakistan and Bangladesh from Times of India
2025-12-04 11:29:21,710 - INFO - [Times of India] Article: https://timesofindia.indiatimes.com/world/middle-east/uae-abu-dhabi-launches-ai-scholarship-for-undergraduate-students-at-mbzuai/articleshow/125763909.cms
2025-12-04 11:29:21,710 - INFO - [Times of India] Attempt 1/1: Trying with 'selenium_browser' strategy...
2025-12-04 11:29:44,111 - CRITICAL - --- TIMEOUT: 1 scrape jobs did not complete in 300s. ---
2025-12-04 11:29:44,111 - ERROR - A thread has timed out and will be abandoned.
2025-12-04 11:29:44,111 - INFO - Shutting down thread pool (wait=False)...
2025-12-04 11:29:44,112 - INFO - Scraped: 0 The Guardian, 5 The Hindu, 0 BBC, 1 Timed_Out_Jobs articles. (Total saved: 5)
2025-12-04 11:29:44,112 - INFO - --- Scraping job finished ---
2025-12-04 11:29:44,112 - INFO - --- Scraper service stopped and database connection closed. ---
2025-12-04 11:29:44,112 - INFO - --- Main thread finished. Forcing process exit to kill zombie threads. ---
