2025-11-29 10:24:46,642 - INFO - Loading AI Semantic Model (all-MiniLM-L6-v2)...
2025-11-29 10:24:46,643 - INFO - Use pytorch device_name: cpu
2025-11-29 10:24:46,643 - INFO - Load pretrained SentenceTransformer: all-MiniLM-L6-v2
2025-11-29 10:24:47,372 - INFO - AI Model loaded successfully.
2025-11-29 10:24:47,372 - INFO - Initializing database connection at: news_articles.db
2025-11-29 10:24:47,372 - INFO - --- Scraper service started (CI Mode: Run Once) ---
2025-11-29 10:24:47,372 - INFO - --- Starting new scraping job (Parallel Mode) ---
2025-11-29 10:24:47,372 - INFO - Creating new robust session with 3 retries on 5xx/connection/read errors.
2025-11-29 10:24:47,372 - INFO - Proxy is DISABLED.
2025-11-29 10:24:47,373 - INFO - Starting scrape for BBC RSS feed: http://feeds.bbci.co.uk/news/world/rss.xml
2025-11-29 10:24:47,374 - INFO - [Times of India] (Thread) requires Selenium. Initializing driver...
2025-11-29 10:24:47,374 - INFO - Initializing headless Selenium Chrome driver (using SeleniumManager)...
2025-11-29 10:24:47,374 - INFO - Starting scrape for The Guardian RSS feed: https://www.theguardian.com/world/rss
2025-11-29 10:24:47,376 - INFO - [The Hindu] (Thread) requires Selenium. Initializing driver...
2025-11-29 10:24:47,376 - INFO - Initializing headless Selenium Chrome driver (using SeleniumManager)...
2025-11-29 10:24:47,376 - INFO - Submitted 4 jobs to thread pool. Waiting up to 300s for completion...
2025-11-29 10:24:47,553 - INFO - Found 45 articles in The Guardian RSS feed. Processing up to 20.
2025-11-29 10:24:47,553 - INFO - [The Guardian] Article: https://www.theguardian.com/world/2025/nov/28/jacob-zuma-daughter-resigns-claims-south-africans-tricked-fight-russia
2025-11-29 10:24:47,553 - INFO - [The Guardian] Attempt 1/1: Trying with 'requests_browser' strategy...
2025-11-29 10:24:47,585 - INFO - Found 27 articles in BBC RSS feed. Processing up to 20.
2025-11-29 10:24:47,585 - INFO - [BBC] Article: https://www.bbc.com/news/articles/cdxweyy157go?at_medium=RSS&at_campaign=rss
2025-11-29 10:24:47,585 - INFO - [BBC] Attempt 1/1: Trying with 'requests_browser' strategy...
2025-11-29 10:24:47,590 - INFO - [The Guardian] Success with 'requests_browser'. Found content (753 words).
2025-11-29 10:24:47,627 - INFO - Duplicate article skipped: Jacob Zuma’s daughter resigns amid claims South Africans tricked to fight for Russia | South Africa | The Guardian from The Guardian
2025-11-29 10:24:47,874 - INFO - [BBC] Success with 'requests_browser'. Found content (803 words).
2025-11-29 10:24:47,918 - INFO - Duplicate article skipped: US halts all asylum claim decisions in wake of National Guard shooting from BBC
2025-11-29 10:24:48,582 - INFO - [The Guardian] Article: https://www.theguardian.com/environment/2025/nov/28/africa-forests-transformed-carbon-sink-carbon-source-study
2025-11-29 10:24:48,582 - INFO - [The Guardian] Attempt 1/1: Trying with 'requests_browser' strategy...
2025-11-29 10:24:48,606 - INFO - [The Guardian] Success with 'requests_browser'. Found content (458 words).
2025-11-29 10:24:48,642 - INFO - Duplicate article skipped: Africa’s forests transformed from carbon sink to carbon source, study finds | Climate crisis | The Guardian from The Guardian
2025-11-29 10:24:48,734 - INFO - [BBC] Article: https://www.bbc.com/news/articles/c8e9d13x2z7o?at_medium=RSS&at_campaign=rss
2025-11-29 10:24:48,734 - INFO - [BBC] Attempt 1/1: Trying with 'requests_browser' strategy...
2025-11-29 10:24:48,757 - INFO - [BBC] Success with 'requests_browser'. Found content (781 words).
2025-11-29 10:24:48,786 - INFO - Duplicate article skipped: Flights disrupted after Airbus discovers intense sun radiation could impact flight control data from BBC
2025-11-29 10:24:49,726 - INFO - [The Guardian] Article: https://www.theguardian.com/world/2025/nov/26/guinea-bissau-officers-take-total-control-close-borders-amid-election-chaos
2025-11-29 10:24:49,726 - INFO - [The Guardian] Attempt 1/1: Trying with 'requests_browser' strategy...
2025-11-29 10:24:49,746 - INFO - [The Guardian] Success with 'requests_browser'. Found content (412 words).
2025-11-29 10:24:49,779 - INFO - Duplicate article skipped: Guinea-Bissau military takes ‘total control’ amid election chaos | Guinea-Bissau | The Guardian from The Guardian
2025-11-29 10:24:49,917 - INFO - [BBC] Article: https://www.bbc.com/news/articles/ckg9nd2wddno?at_medium=RSS&at_campaign=rss
2025-11-29 10:24:49,917 - INFO - [BBC] Attempt 1/1: Trying with 'requests_browser' strategy...
2025-11-29 10:24:49,946 - INFO - [BBC] Success with 'requests_browser'. Found content (928 words).
2025-11-29 10:24:49,983 - INFO - Duplicate article skipped: Zelensky's chief of staff Andriy Yermak resigns after anti-corruption raid from BBC
2025-11-29 10:24:51,052 - INFO - [The Guardian] Article: https://www.theguardian.com/world/2025/nov/25/nigerian-schoolgirls-rescued-after-mass-abduction-in-kebbi
2025-11-29 10:24:51,053 - INFO - [The Guardian] Attempt 1/1: Trying with 'requests_browser' strategy...
2025-11-29 10:24:51,079 - INFO - [The Guardian] Success with 'requests_browser'. Found content (515 words).
2025-11-29 10:24:51,213 - INFO - [BBC] Article: https://www.bbc.com/news/articles/clyzdxyjx2eo?at_medium=RSS&at_campaign=rss
2025-11-29 10:24:51,218 - INFO - [BBC] Attempt 1/1: Trying with 'requests_browser' strategy...
2025-11-29 10:24:51,252 - INFO - Duplicate article skipped: Nigerian schoolgirls rescued after mass abduction in Kebbi | Nigeria | The Guardian from The Guardian
2025-11-29 10:24:51,281 - INFO - [BBC] Success with 'requests_browser'. Found content (1524 words).
2025-11-29 10:24:51,320 - INFO - Duplicate article skipped: Are UK Christmas markets as good as German ones? Here's what we found from BBC
2025-11-29 10:24:52,421 - INFO - [The Guardian] Article: https://www.theguardian.com/world/2025/nov/25/jacob-zuma-daughter-accused-tricking-men-fighting-for-russia-in-ukraine
2025-11-29 10:24:52,421 - INFO - [The Guardian] Attempt 1/1: Trying with 'requests_browser' strategy...
2025-11-29 10:24:52,454 - INFO - [The Guardian] Success with 'requests_browser'. Found content (656 words).
2025-11-29 10:24:52,499 - INFO - Duplicate article skipped: Jacob Zuma’s daughter accused of tricking men into fighting for Russia in Ukraine | South Africa | The Guardian from The Guardian
2025-11-29 10:24:52,649 - INFO - [BBC] Article: https://www.bbc.com/news/articles/cvgj9dd983xo?at_medium=RSS&at_campaign=rss
2025-11-29 10:24:52,649 - INFO - [BBC] Attempt 1/1: Trying with 'requests_browser' strategy...
2025-11-29 10:24:52,681 - INFO - [BBC] Success with 'requests_browser'. Found content (788 words).
2025-11-29 10:24:53,400 - INFO - [The Guardian] Article: https://www.theguardian.com/world/2025/nov/29/uk-mps-extra-aid-humanitarian-visas-jamaica-hurricane-melissa-dawn-butler
2025-11-29 10:24:53,400 - INFO - [The Guardian] Attempt 1/1: Trying with 'requests_browser' strategy...
2025-11-29 10:24:53,438 - INFO - [The Guardian] Success with 'requests_browser'. Found content (873 words).
2025-11-29 10:24:56,896 - INFO - Selenium driver initialized successfully.
2025-11-29 10:24:56,897 - INFO - Starting scrape for The Hindu RSS feed: https://www.thehindu.com/news/national/feeder/default.rss
2025-11-29 10:24:56,898 - INFO - Selenium driver initialized successfully.
2025-11-29 10:24:56,898 - INFO - Starting scrape for Times of India RSS feed: https://timesofindia.indiatimes.com/rssfeeds/296589292.cms
2025-11-29 10:24:57,014 - INFO - Found 20 articles in Times of India RSS feed. Processing up to 20.
2025-11-29 10:24:57,015 - INFO - [Times of India] Article: https://timesofindia.indiatimes.com/world/us/skinny-pale-with-sunken-eyes-palestinian-american-teen-freed-after-9-months-in-israeli-detention-video/articleshow/125653244.cms
2025-11-29 10:24:57,015 - INFO - [Times of India] Attempt 1/1: Trying with 'selenium_browser' strategy...
2025-11-29 10:24:57,023 - INFO - Found 100 articles in The Hindu RSS feed. Processing up to 20.
2025-11-29 10:24:57,023 - INFO - [The Hindu] Article: https://www.thehindu.com/news/national/uttar-pradesh/uttar-pradesh-two-arrested-for-assaulting-blo-lekhpal-during-sir-exercise-in-raebareli/article70338160.ece
2025-11-29 10:24:57,023 - INFO - [The Hindu] Attempt 1/1: Trying with 'selenium_browser' strategy...
2025-11-29 10:25:03,893 - INFO - [The Hindu] Page content loaded.
2025-11-29 10:25:04,371 - INFO - [The Hindu] Success with 'selenium_browser'. Found content (214 words).
2025-11-29 10:25:09,449 - INFO - [Times of India] Page content loaded.
2025-11-29 10:25:10,268 - INFO - [Times of India] Success with 'selenium_browser'. Found content (422 words).
2025-11-29 10:25:15,591 - INFO - DEDUPLICATION: Found match (Score: 0.78). Linking to Cluster ID: 5d397cb5-b681-4c23-a2d8-3b0ccfb84f58
2025-11-29 10:25:15,594 - INFO - Saved article: Nigeria blames jihadist groups for wave of kidnappings but others accuse criminal gangs from BBC
2025-11-29 10:25:15,594 - INFO - Duplicate article skipped: UK MPs push for extra aid and visas as Jamaica reels from Hurricane Melissa | Jamaica | The Guardian from The Guardian
2025-11-29 10:25:16,138 - INFO - [The Guardian] Article: https://www.theguardian.com/us-news/2025/nov/28/trump-pardon-honduras-hernandez-drugs
2025-11-29 10:25:16,138 - INFO - [The Guardian] Attempt 1/1: Trying with 'requests_browser' strategy...
2025-11-29 10:25:16,173 - INFO - [The Guardian] Success with 'requests_browser'. Found content (560 words).
2025-11-29 10:25:16,867 - INFO - [BBC] Article: https://www.bbc.com/news/articles/c8dy9lne2plo?at_medium=RSS&at_campaign=rss
2025-11-29 10:25:16,867 - INFO - [BBC] Attempt 1/1: Trying with 'requests_browser' strategy...
2025-11-29 10:25:16,915 - INFO - [BBC] Success with 'requests_browser'. Found content (459 words).
2025-11-29 10:25:26,613 - INFO - Saved article: Uttar Pradesh: Two arrested for assaulting BLO, Lekhpal during SIR exercise in Raebareli - The Hindu from The Hindu
2025-11-29 10:25:26,613 - INFO - Duplicate article skipped: 'Skinny, pale, with sunken eyes': Palestinian-American teen freed after 9 months in Israeli detention — video - The Times of India from Times of India
2025-11-29 10:25:26,613 - INFO - Duplicate article skipped: Trump to pardon ex-Honduras leader serving drug trafficking sentence in US | Donald Trump | The Guardian from The Guardian
2025-11-29 10:25:26,613 - INFO - Duplicate article skipped: Three days of mourning begins after Hong Kong apartment fire from BBC
2025-11-29 10:25:27,487 - INFO - [Times of India] Article: https://timesofindia.indiatimes.com/world/middle-east/how-to-enter-the-uaes-most-exclusive-golden-visa-circle-through-superyacht-ownership/articleshow/125652070.cms
2025-11-29 10:25:27,487 - INFO - [Times of India] Attempt 1/1: Trying with 'selenium_browser' strategy...
2025-11-29 10:25:27,665 - INFO - [The Guardian] Article: https://www.theguardian.com/us-news/2025/nov/28/college-student-deported-boston-flight-thanksgiving
2025-11-29 10:25:27,665 - INFO - [The Guardian] Attempt 1/1: Trying with 'requests_browser' strategy...
2025-11-29 10:25:27,685 - INFO - [The Guardian] Success with 'requests_browser'. Found content (274 words).
2025-11-29 10:25:27,720 - INFO - Duplicate article skipped: College student deported when flying home for Thanksgiving, despite court order | ICE (US Immigration and Customs Enforcement) | The Guardian from The Guardian
2025-11-29 10:25:27,721 - INFO - [BBC] Article: https://www.bbc.com/news/articles/cz0nlxlr87go?at_medium=RSS&at_campaign=rss
2025-11-29 10:25:27,721 - INFO - [BBC] Attempt 1/1: Trying with 'requests_browser' strategy...
2025-11-29 10:25:27,750 - INFO - [BBC] Success with 'requests_browser'. Found content (591 words).
2025-11-29 10:25:27,787 - INFO - Duplicate article skipped: Guinea-Bissau coup was a sham, West African political figures say from BBC
2025-11-29 10:25:27,847 - INFO - [The Hindu] Article: https://www.thehindu.com/news/national/andhra-pradesh/cyclone-ditwah-not-much-rain-in-ap-till-afternoon-of-saturday/article70338088.ece
2025-11-29 10:25:27,847 - INFO - [The Hindu] Attempt 1/1: Trying with 'selenium_browser' strategy...
2025-11-29 10:25:28,727 - INFO - [The Guardian] Article: https://www.theguardian.com/world/2025/nov/28/quebec-prayer-law-canada
2025-11-29 10:25:28,727 - INFO - [The Guardian] Attempt 1/1: Trying with 'requests_browser' strategy...
2025-11-29 10:25:28,759 - INFO - [BBC] Article: https://www.bbc.com/news/articles/c1kpm0rvxepo?at_medium=RSS&at_campaign=rss
2025-11-29 10:25:28,759 - INFO - [BBC] Attempt 1/1: Trying with 'requests_browser' strategy...
2025-11-29 10:25:28,917 - INFO - [The Guardian] Success with 'requests_browser'. Found content (539 words).
2025-11-29 10:25:29,077 - INFO - [BBC] Success with 'requests_browser'. Found content (496 words).
2025-11-29 10:25:29,183 - INFO - Duplicate article skipped: Quebec to ban public prayer in sweeping new secularism law | Quebec | The Guardian from The Guardian
2025-11-29 10:25:29,252 - INFO - Duplicate article skipped: Trump says he will pardon ex-Honduras president convicted of drug trafficking from BBC
2025-11-29 10:25:30,268 - INFO - [The Guardian] Article: https://www.theguardian.com/world/2025/nov/28/haida-nation-mark-carney-pipe-dream-oil-energy
2025-11-29 10:25:30,268 - INFO - [The Guardian] Attempt 1/1: Trying with 'requests_browser' strategy...
2025-11-29 10:25:30,295 - INFO - [The Guardian] Success with 'requests_browser'. Found content (1103 words).
2025-11-29 10:25:30,342 - INFO - [BBC] Article: https://www.bbc.com/news/articles/c058lny3pdqo?at_medium=RSS&at_campaign=rss
2025-11-29 10:25:30,342 - INFO - [BBC] Attempt 1/1: Trying with 'requests_browser' strategy...
2025-11-29 10:25:30,358 - INFO - Duplicate article skipped: ‘Not going to happen’: First Nations threaten to end Carney’s pipe dream | Canada | The Guardian from The Guardian
2025-11-29 10:25:30,400 - INFO - [BBC] Success with 'requests_browser'. Found content (863 words).
2025-11-29 10:25:30,465 - INFO - Duplicate article skipped: Hungary's Orban defies EU partners and meets Putin again in Moscow from BBC
2025-11-29 10:25:30,869 - INFO - [The Guardian] Article: https://www.theguardian.com/world/2025/nov/29/indonesia-and-thailand-flooding-death-toll-tops-350-as-rescuers-struggle-to-reach-worst-hit-areas
2025-11-29 10:25:30,869 - INFO - [The Guardian] Attempt 1/1: Trying with 'requests_browser' strategy...
2025-11-29 10:25:30,933 - INFO - [The Guardian] Success with 'requests_browser'. Found content (507 words).
2025-11-29 10:25:31,508 - INFO - [BBC] Article: https://www.bbc.com/news/articles/cp89k31krz4o?at_medium=RSS&at_campaign=rss
2025-11-29 10:25:31,509 - INFO - [BBC] Attempt 1/1: Trying with 'requests_browser' strategy...
2025-11-29 10:25:31,532 - INFO - Duplicate article skipped: Indonesia and Thailand flooding death toll tops 350 as rescuers struggle to reach worst-hit areas | Indonesia | The Guardian from The Guardian
2025-11-29 10:25:31,602 - INFO - [BBC] Success with 'requests_browser'. Found content (485 words).
2025-11-29 10:25:31,698 - INFO - Duplicate article skipped: Thirteen killed in deadliest Israeli raid for months in southern Syria from BBC
2025-11-29 10:25:31,753 - INFO - [The Hindu] Page content loaded.
2025-11-29 10:25:31,867 - INFO - [The Hindu] Success with 'selenium_browser'. Found content (427 words).
2025-11-29 10:25:32,637 - INFO - [The Guardian] Article: https://www.theguardian.com/news/2025/nov/29/hong-kong-begins-three-days-of-mourning-after-deadly-apartment-fires
2025-11-29 10:25:32,637 - INFO - [The Guardian] Attempt 1/1: Trying with 'requests_browser' strategy...
2025-11-29 10:25:32,792 - INFO - [The Guardian] Success with 'requests_browser'. Found content (679 words).
2025-11-29 10:25:32,800 - INFO - [BBC] Article: https://www.bbc.com/news/articles/c0l9z176lnlo?at_medium=RSS&at_campaign=rss
2025-11-29 10:25:32,800 - INFO - [BBC] Attempt 1/1: Trying with 'requests_browser' strategy...
2025-11-29 10:25:33,049 - INFO - [BBC] Success with 'requests_browser'. Found content (678 words).
2025-11-29 10:25:34,249 - INFO - [Times of India] Page content loaded.
2025-11-29 10:25:34,551 - INFO - [Times of India] Success with 'selenium_browser'. Found content (1643 words).
2025-11-29 10:25:44,773 - INFO - DEDUPLICATION: Found match (Score: 0.84). Linking to Cluster ID: 0ea70551-74c8-4d4d-8e17-bd2ed0ae19ac
2025-11-29 10:25:44,775 - INFO - Saved article: Cyclone Ditwah: Not much rain in A.P. till Saturday afternoon - The Hindu from The Hindu
2025-11-29 10:25:44,775 - INFO - Duplicate article skipped: Hong Kong begins three days of mourning after deadly apartment fires | Hong Kong apartment fires | The Guardian from The Guardian
2025-11-29 10:25:44,775 - INFO - Duplicate article skipped: Austrian nuns win reprieve in abandoned convent - if they stay off social media from BBC
2025-11-29 10:25:44,776 - INFO - Duplicate article skipped: How to enter the UAE’s most exclusive Golden Visa circle through superyacht ownership | World News - The Times of India from Times of India
2025-11-29 10:25:45,694 - INFO - [Times of India] Article: https://timesofindia.indiatimes.com/world/middle-east/abu-dhabi-offers-free-parking-and-darb-tolls-for-uae-national-day/articleshow/125652743.cms
2025-11-29 10:25:45,694 - INFO - [Times of India] Attempt 1/1: Trying with 'selenium_browser' strategy...
2025-11-29 10:25:46,108 - INFO - [BBC] Article: https://www.bbc.com/news/articles/c0q5w8l88dvo?at_medium=RSS&at_campaign=rss
2025-11-29 10:25:46,108 - INFO - [BBC] Attempt 1/1: Trying with 'requests_browser' strategy...
2025-11-29 10:25:46,138 - INFO - [The Hindu] Article: https://www.thehindu.com/news/national/odisha/preparations-in-full-swing-for-energy-summit-in-puri/article70338124.ece
2025-11-29 10:25:46,138 - INFO - [The Hindu] Attempt 1/1: Trying with 'selenium_browser' strategy...
2025-11-29 10:25:46,153 - INFO - [The Guardian] Article: https://www.theguardian.com/news/2025/nov/28/hong-kong-apartment-fire-response-rescue-operations-death-toll
2025-11-29 10:25:46,153 - INFO - [The Guardian] Attempt 1/1: Trying with 'requests_browser' strategy...
2025-11-29 10:25:46,172 - INFO - [BBC] Success with 'requests_browser'. Found content (712 words).
2025-11-29 10:25:46,257 - INFO - Duplicate article skipped: Afghans in US issue plea to Trump after 'tragic' Washington DC shooting from BBC
2025-11-29 10:25:46,306 - INFO - [The Guardian] Success with 'requests_browser'. Found content (1000 words).
2025-11-29 10:25:46,440 - INFO - Duplicate article skipped: Rescue efforts end at Hong Kong tower block fire as death toll reaches 128 | Hong Kong apartment fires | The Guardian from The Guardian
2025-11-29 10:25:46,853 - INFO - [BBC] Article: https://www.bbc.com/news/articles/ckglrdg6kz7o?at_medium=RSS&at_campaign=rss
2025-11-29 10:25:46,853 - INFO - [BBC] Attempt 1/1: Trying with 'requests_browser' strategy...
2025-11-29 10:25:46,938 - INFO - [BBC] Success with 'requests_browser'. Found content (639 words).
2025-11-29 10:25:47,011 - INFO - Duplicate article skipped: UN panel says Israel operating 'de facto policy of torture' from BBC
2025-11-29 10:25:47,172 - INFO - [The Guardian] Article: https://www.theguardian.com/news/2025/nov/28/hong-kong-community-groups-deliver-aid-to-survivors-of-wang-fuk-court-fire
2025-11-29 10:25:47,172 - INFO - [The Guardian] Attempt 1/1: Trying with 'requests_browser' strategy...
2025-11-29 10:25:47,230 - INFO - [The Guardian] Success with 'requests_browser'. Found content (687 words).
2025-11-29 10:25:47,242 - INFO - [The Hindu] Page content loaded.
2025-11-29 10:25:47,310 - INFO - Duplicate article skipped: Hong Kong community groups deliver aid to survivors of Wang Fuk Court fire | Hong Kong apartment fires | The Guardian from The Guardian
2025-11-29 10:25:47,466 - INFO - [The Hindu] Success with 'selenium_browser'. Found content (319 words).
2025-11-29 10:25:47,832 - INFO - [BBC] Article: https://www.bbc.com/news/articles/cx2dndy228xo?at_medium=RSS&at_campaign=rss
2025-11-29 10:25:47,832 - INFO - [BBC] Attempt 1/1: Trying with 'requests_browser' strategy...
2025-11-29 10:25:47,904 - INFO - [The Guardian] Article: https://www.theguardian.com/world/2025/nov/28/bear-attacks-man-public-toilet-japan
2025-11-29 10:25:47,904 - INFO - [The Guardian] Attempt 1/1: Trying with 'requests_browser' strategy...
2025-11-29 10:25:48,050 - INFO - [BBC] Success with 'requests_browser'. Found content (1379 words).
2025-11-29 10:25:48,063 - INFO - [The Guardian] Success with 'requests_browser'. Found content (373 words).
2025-11-29 10:25:49,504 - INFO - [Times of India] Page content loaded.
2025-11-29 10:25:49,753 - INFO - [Times of India] Success with 'selenium_browser'. Found content (224 words).
2025-11-29 10:26:02,087 - INFO - Saved article: Preparations in full swing for energy summit in Puri - The Hindu from The Hindu
2025-11-29 10:26:02,087 - INFO - Duplicate article skipped: Bear attacks man in public toilet in Japan | Japan | The Guardian from The Guardian
2025-11-29 10:26:02,087 - INFO - Duplicate article skipped: Duduzile Zuma-Sambudla resigns as South African MP over Russia mercenary recruitment scandal from BBC
2025-11-29 10:26:02,087 - INFO - Duplicate article skipped: Abu Dhabi offers free parking and Darb tolls for UAE National Day | World News - The Times of India from Times of India
2025-11-29 10:26:02,607 - INFO - [BBC] Article: https://www.bbc.com/news/articles/c0q5w13e58zo?at_medium=RSS&at_campaign=rss
2025-11-29 10:26:02,608 - INFO - [BBC] Attempt 1/1: Trying with 'requests_browser' strategy...
2025-11-29 10:26:02,659 - INFO - [The Hindu] Article: https://www.thehindu.com/news/national/rahul-gandhi-meets-mallikarjun-kharge-bihar-leaders-also-present/article70338152.ece
2025-11-29 10:26:02,659 - INFO - [The Hindu] Attempt 1/1: Trying with 'selenium_browser' strategy...
2025-11-29 10:26:02,995 - INFO - [The Guardian] Article: https://www.theguardian.com/australia-news/2025/nov/29/australian-prime-minister-anthony-albanese-marries-jodie-haydon-wedding-canberra
2025-11-29 10:26:02,995 - INFO - [The Guardian] Attempt 1/1: Trying with 'requests_browser' strategy...
2025-11-29 10:26:03,057 - INFO - [The Guardian] Success with 'requests_browser'. Found content (794 words).
2025-11-29 10:26:03,117 - INFO - Duplicate article skipped: Australian prime minister, Anthony Albanese, marries partner Jodie Haydon | Anthony Albanese | The Guardian from The Guardian
2025-11-29 10:26:03,129 - INFO - [BBC] Success with 'requests_browser'. Found content (422 words).
2025-11-29 10:26:03,189 - INFO - Duplicate article skipped: Lightning detected on Mars by Nasa rover, scientists believe from BBC
2025-11-29 10:26:03,413 - INFO - [Times of India] Article: https://timesofindia.indiatimes.com/world/us/who-is-curtis-yarvin-ex-software-engineer-calls-trump-modern-day-lincoln-influences-conservative-circles/articleshow/125651146.cms
2025-11-29 10:26:03,413 - INFO - [Times of India] Attempt 1/1: Trying with 'selenium_browser' strategy...
2025-11-29 10:26:03,809 - INFO - [The Guardian] Article: https://www.theguardian.com/business/2025/nov/29/jetstar-cancel-domestic-flights-australia-global-airbus-a320-recall
2025-11-29 10:26:03,809 - INFO - [The Guardian] Attempt 1/1: Trying with 'requests_browser' strategy...
2025-11-29 10:26:03,975 - INFO - [The Guardian] Success with 'requests_browser'. Found content (880 words).
2025-11-29 10:26:04,351 - INFO - [BBC] Article: https://www.bbc.com/news/articles/c0r9qzrxdwwo?at_medium=RSS&at_campaign=rss
2025-11-29 10:26:04,351 - INFO - [BBC] Attempt 1/1: Trying with 'requests_browser' strategy...
2025-11-29 10:26:04,422 - INFO - Duplicate article skipped: Jetstar cancels 90 domestic flights across Australia after global Airbus A320 recall | Airbus | The Guardian from The Guardian
2025-11-29 10:26:05,166 - INFO - [The Guardian] Article: https://www.theguardian.com/australia-news/2025/nov/28/virginia-giuffres-sons-deny-unsigned-document-is-their-mothers-will
2025-11-29 10:26:05,168 - INFO - [The Guardian] Attempt 1/1: Trying with 'requests_browser' strategy...
2025-11-29 10:26:05,203 - INFO - [BBC] Success with 'requests_browser'. Found content (448 words).
2025-11-29 10:26:05,393 - INFO - Duplicate article skipped: Tunisia hands prison terms to dozens of opposition figures from BBC
2025-11-29 10:26:05,409 - INFO - [The Guardian] Success with 'requests_browser'. Found content (777 words).
2025-11-29 10:26:05,475 - INFO - [The Hindu] Page content loaded.
2025-11-29 10:26:05,527 - INFO - [Times of India] Page content loaded.
2025-11-29 10:26:05,558 - INFO - Duplicate article skipped: Virginia Giuffre’s sons deny unsigned document is their mother’s will | Western Australia | The Guardian from The Guardian
2025-11-29 10:26:05,594 - INFO - [The Hindu] Success with 'selenium_browser'. Found content (145 words).
2025-11-29 10:26:05,971 - INFO - [Times of India] Success with 'selenium_browser'. Found content (388 words).
2025-11-29 10:26:06,104 - INFO - [The Guardian] Article: https://www.theguardian.com/australia-news/2025/nov/29/exclusive-gun-club-linked-to-andrew-hastie-awarded-almost-20000-in-government-grants
2025-11-29 10:26:06,104 - INFO - [The Guardian] Attempt 1/1: Trying with 'requests_browser' strategy...
2025-11-29 10:26:06,400 - INFO - [The Guardian] Success with 'requests_browser'. Found content (715 words).
2025-11-29 10:26:06,587 - INFO - [BBC] Article: https://www.bbc.com/news/articles/cy7v6xl4me8o?at_medium=RSS&at_campaign=rss
2025-11-29 10:26:06,587 - INFO - [BBC] Attempt 1/1: Trying with 'requests_browser' strategy...
2025-11-29 10:26:06,663 - INFO - [BBC] Success with 'requests_browser'. Found content (1445 words).
2025-11-29 10:26:19,025 - INFO - Saved article: Rahul Gandhi meets Mallikarjun Kharge, Bihar leaders also present - The Hindu from The Hindu
2025-11-29 10:26:19,025 - INFO - Duplicate article skipped: Who is Curtis Yarvin? Ex-software engineer calls Trump 'modern-day Lincoln'; influences conservative circles - The Times of India from Times of India
2025-11-29 10:26:19,025 - INFO - Duplicate article skipped: Exclusive gun club linked to Andrew Hastie awarded almost $20,000 in government grants | Andrew Hastie | The Guardian from The Guardian
2025-11-29 10:26:19,025 - INFO - Duplicate article skipped: Why the rich and powerful couldn't say no to Epstein from BBC
2025-11-29 10:26:19,778 - INFO - [The Guardian] Article: https://www.theguardian.com/australia-news/2025/nov/29/mineral-sunscreens-australia-identical-to-others
2025-11-29 10:26:19,778 - INFO - [The Guardian] Attempt 1/1: Trying with 'requests_browser' strategy...
2025-11-29 10:26:19,810 - INFO - [The Guardian] Success with 'requests_browser'. Found content (932 words).
2025-11-29 10:26:19,842 - INFO - [The Hindu] Article: https://www.thehindu.com/news/national/manipur/manipurs-violence-hit-people-seeking-to-return-home-clash-with-security-forces/article70338122.ece
2025-11-29 10:26:19,847 - INFO - [The Hindu] Attempt 1/1: Trying with 'selenium_browser' strategy...
2025-11-29 10:26:19,864 - INFO - Duplicate article skipped: ‘Mineral’ sunscreens marketed to Australians contain almost identical chemicals as others, testing shows | Consumer affairs | The Guardian from The Guardian
2025-11-29 10:26:19,927 - INFO - [BBC] Article: https://www.bbc.com/news/articles/c1dz36ep673o?at_medium=RSS&at_campaign=rss
2025-11-29 10:26:19,927 - INFO - [BBC] Attempt 1/1: Trying with 'requests_browser' strategy...
2025-11-29 10:26:19,975 - INFO - [Times of India] Article: https://timesofindia.indiatimes.com/world/middle-east/filipinos-can-travel-to-oman-visa-free-starting-2026/articleshow/125651864.cms
2025-11-29 10:26:19,975 - INFO - [Times of India] Attempt 1/1: Trying with 'selenium_browser' strategy...
2025-11-29 10:26:20,037 - INFO - [BBC] Success with 'requests_browser'. Found content (1327 words).
2025-11-29 10:26:20,133 - INFO - Duplicate article skipped: Donald Trump pledges to tackle Sudan atrocities - what difference can he make? from BBC
2025-11-29 10:26:21,287 - INFO - [BBC] Article: https://www.bbc.com/news/articles/cly3e1261dko?at_medium=RSS&at_campaign=rss
2025-11-29 10:26:21,287 - INFO - [BBC] Attempt 1/1: Trying with 'requests_browser' strategy...
2025-11-29 10:26:21,418 - INFO - [BBC] Success with 'requests_browser'. Found content (1237 words).
2025-11-29 10:26:21,566 - INFO - Duplicate article skipped: How were Afghan evacuees vetted under Biden? from BBC
2025-11-29 10:26:22,173 - INFO - [The Hindu] Page content loaded.
2025-11-29 10:26:22,304 - INFO - [The Hindu] Success with 'selenium_browser'. Found content (159 words).
2025-11-29 10:26:22,490 - INFO - [BBC] Article: https://www.bbc.com/news/articles/cn8e5j20g27o?at_medium=RSS&at_campaign=rss
2025-11-29 10:26:22,490 - INFO - [BBC] Attempt 1/1: Trying with 'requests_browser' strategy...
2025-11-29 10:26:22,657 - INFO - [BBC] Success with 'requests_browser'. Found content (805 words).
2025-11-29 10:26:24,025 - INFO - [Times of India] Page content loaded.
2025-11-29 10:26:24,546 - INFO - [Times of India] Success with 'selenium_browser'. Found content (418 words).
2025-11-29 10:26:34,892 - INFO - Saved article: Manipur's violence-hit people, seeking to return home, clash with security forces - The Hindu from The Hindu
2025-11-29 10:26:34,892 - INFO - Duplicate article skipped: Hong Kong fire: Anger and unanswered questions from BBC
2025-11-29 10:26:34,892 - INFO - Duplicate article skipped: Filipinos can travel to Oman visa free starting 2026 | World News - The Times of India from Times of India
2025-11-29 10:26:35,750 - INFO - [The Hindu] Article: https://www.thehindu.com/news/national/delhi-court-extends-gangster-anmol-bishnois-nia-custody-till-december-5/article70338065.ece
2025-11-29 10:26:35,750 - INFO - [The Hindu] Attempt 1/1: Trying with 'selenium_browser' strategy...
2025-11-29 10:26:36,047 - INFO - [Times of India] Article: https://timesofindia.indiatimes.com/world/middle-east/how-to-qualify-for-a-uae-golden-visa-without-property-or-investment-via-the-volunteering-route/articleshow/125651412.cms
2025-11-29 10:26:36,047 - INFO - [Times of India] Attempt 1/1: Trying with 'selenium_browser' strategy...
2025-11-29 10:26:37,747 - INFO - [The Hindu] Page content loaded.
2025-11-29 10:26:37,963 - INFO - [The Hindu] Success with 'selenium_browser'. Found content (151 words).
2025-11-29 10:26:38,097 - INFO - Duplicate article skipped: Delhi court extends gangster Anmol Bishnoi's NIA custody till December 5 - The Hindu from The Hindu
2025-11-29 10:26:38,718 - INFO - [Times of India] Page content loaded.
2025-11-29 10:26:39,281 - INFO - [The Hindu] Article: https://www.thehindu.com/news/cities/Coimbatore/nilgiris-tahr-interpretation-centre-to-come-up-at-gandhipuram/article70337894.ece
2025-11-29 10:26:39,282 - INFO - [The Hindu] Attempt 1/1: Trying with 'selenium_browser' strategy...
2025-11-29 10:26:39,530 - INFO - [Times of India] Success with 'selenium_browser'. Found content (1311 words).
2025-11-29 10:26:39,694 - INFO - Duplicate article skipped: How to qualify for a UAE Golden Visa without property or investment via the volunteering route | World News - The Times of India from Times of India
2025-11-29 10:26:40,491 - INFO - [Times of India] Article: https://timesofindia.indiatimes.com/world/rest-of-world/hong-kong-fire-tragedy-were-authorities-alerted-long-before-key-details/articleshow/125650733.cms
2025-11-29 10:26:40,491 - INFO - [Times of India] Attempt 1/1: Trying with 'selenium_browser' strategy...
2025-11-29 10:26:41,851 - INFO - [The Hindu] Page content loaded.
2025-11-29 10:26:41,929 - INFO - [The Hindu] Success with 'selenium_browser'. Found content (264 words).
2025-11-29 10:26:42,065 - INFO - Duplicate article skipped: Nilgiris Tahr Interpretation Centre to come up at Gandhipuram - The Hindu from The Hindu
2025-11-29 10:26:42,634 - INFO - [The Hindu] Article: https://www.thehindu.com/business/Industry/air-india-is-a-responsibility-not-just-a-business-opportunity-for-tata-group-n-chandrasekaran/article70338074.ece
2025-11-29 10:26:42,634 - INFO - [The Hindu] Attempt 1/1: Trying with 'selenium_browser' strategy...
2025-11-29 10:26:43,496 - INFO - [The Hindu] Page content loaded.
2025-11-29 10:26:43,548 - INFO - [The Hindu] Success with 'selenium_browser'. Found content (272 words).
2025-11-29 10:26:43,655 - INFO - Duplicate article skipped: Air India is a responsibility not just a business opportunity for Tata Group: N. Chandrasekaran - The Hindu from The Hindu
2025-11-29 10:26:44,417 - INFO - [Times of India] Page content loaded.
2025-11-29 10:26:44,547 - INFO - [The Hindu] Article: https://www.thehindu.com/news/national/assam/assam-mla-suspended-from-assembly-for-disrupting-proceedings/article70337878.ece
2025-11-29 10:26:44,547 - INFO - [The Hindu] Attempt 1/1: Trying with 'selenium_browser' strategy...
2025-11-29 10:26:44,868 - INFO - [Times of India] Success with 'selenium_browser'. Found content (488 words).
2025-11-29 10:26:45,041 - INFO - Duplicate article skipped: Hong Kong fire tragedy: Were authorities alerted long before? Key details - The Times of India from Times of India
2025-11-29 10:26:45,589 - INFO - [Times of India] Article: https://timesofindia.indiatimes.com/world/us/words-have-consequences-indiana-senator-to-vote-against-trump-over-slur-cites-daughters-down-syndrome/articleshow/125650276.cms
2025-11-29 10:26:45,589 - INFO - [Times of India] Attempt 1/1: Trying with 'selenium_browser' strategy...
2025-11-29 10:26:47,191 - INFO - [Times of India] Page content loaded.
2025-11-29 10:26:47,553 - INFO - [Times of India] Success with 'selenium_browser'. Found content (316 words).
2025-11-29 10:26:47,713 - INFO - Duplicate article skipped: ‘Words have consequences’: Indiana senator to vote against Trump over slur; cites daughter’s Down Syndrome - The Times of India from Times of India
2025-11-29 10:26:47,865 - INFO - [The Hindu] Page content loaded.
2025-11-29 10:26:47,979 - INFO - [The Hindu] Success with 'selenium_browser'. Found content (168 words).
2025-11-29 10:26:48,059 - INFO - Duplicate article skipped: Assam MLA suspended from Assembly for disrupting proceedings - The Hindu from The Hindu
2025-11-29 10:26:48,733 - INFO - [The Hindu] Article: https://www.thehindu.com/news/national/andhra-pradesh/pawan-kalyan-tells-jana-sena-party-mps-to-raise-issues-related-to-andhra-pradesh-in-parliament/article70337555.ece
2025-11-29 10:26:48,733 - INFO - [The Hindu] Attempt 1/1: Trying with 'selenium_browser' strategy...
2025-11-29 10:26:49,117 - INFO - [Times of India] Article: https://timesofindia.indiatimes.com/world/rest-of-world/hong-kong-tragedy-officials-declare-3-day-mourning-period-as-toll-hits-128-8-more-arrested-in-fire-case/articleshow/125650001.cms
2025-11-29 10:26:49,117 - INFO - [Times of India] Attempt 1/1: Trying with 'selenium_browser' strategy...
2025-11-29 10:26:49,357 - INFO - [The Hindu] Page content loaded.
2025-11-29 10:26:49,465 - INFO - [The Hindu] Success with 'selenium_browser'. Found content (169 words).
2025-11-29 10:26:49,558 - INFO - Duplicate article skipped: Pawan Kalyan tells Jana Sena party MPs to raise issues related to Andhra Pradesh in Parliament - The Hindu from The Hindu
2025-11-29 10:26:50,524 - INFO - [Times of India] Page content loaded.
2025-11-29 10:26:50,697 - INFO - [Times of India] Success with 'selenium_browser'. Found content (470 words).
2025-11-29 10:26:50,844 - INFO - Duplicate article skipped: Hong Kong tragedy: Officials declare 3-day mourning period as toll hits 128; 8 more arrested in fire case - The Times of India from Times of India
2025-11-29 10:26:50,927 - INFO - [The Hindu] Article: https://www.thehindu.com/business/Economy/government-reforms-manufacturing-push-lift-q2-growth-to-82-goyal/article70338025.ece
2025-11-29 10:26:50,927 - INFO - [The Hindu] Attempt 1/1: Trying with 'selenium_browser' strategy...
2025-11-29 10:26:52,338 - INFO - [Times of India] Article: https://timesofindia.indiatimes.com/world/south-asia/bnp-chairperson-khaleda-zia-hospitalised-condition-extremely-critical/articleshow/125650030.cms
2025-11-29 10:26:52,338 - INFO - [Times of India] Attempt 1/1: Trying with 'selenium_browser' strategy...
2025-11-29 10:26:53,214 - INFO - [The Hindu] Page content loaded.
2025-11-29 10:26:53,348 - INFO - [The Hindu] Success with 'selenium_browser'. Found content (372 words).
2025-11-29 10:26:53,466 - INFO - Duplicate article skipped: Government reforms, manufacturing push lift Q2 growth to 8.2%: Goyal - The Hindu from The Hindu
2025-11-29 10:26:54,026 - INFO - [Times of India] Page content loaded.
2025-11-29 10:26:54,154 - INFO - [The Hindu] Article: https://www.thehindu.com/news/national/kerala/munambam-waqf-land-protest-in-kerala-to-end-on-november-30-differences-emerge-among-agitators/article70337977.ece
2025-11-29 10:26:54,154 - INFO - [The Hindu] Attempt 1/1: Trying with 'selenium_browser' strategy...
2025-11-29 10:26:54,301 - INFO - [Times of India] Success with 'selenium_browser'. Found content (351 words).
2025-11-29 10:26:54,440 - INFO - Duplicate article skipped: BNP chairperson Khaleda Zia hospitalised; condition 'extremely critical' - The Times of India from Times of India
2025-11-29 10:26:54,984 - INFO - [The Hindu] Page content loaded.
2025-11-29 10:26:55,148 - INFO - [The Hindu] Success with 'selenium_browser'. Found content (384 words).
2025-11-29 10:26:55,236 - INFO - Duplicate article skipped: Munambam Waqf land protest in Kerala to end on November 30; differences emerge among agitators - The Hindu from The Hindu
2025-11-29 10:26:55,295 - INFO - [Times of India] Article: https://timesofindia.indiatimes.com/world/us/double-tap-strike-hegseth-ordered-second-attack-on-caribbean-drug-boat-heres-why/articleshow/125649635.cms
2025-11-29 10:26:55,295 - INFO - [Times of India] Attempt 1/1: Trying with 'selenium_browser' strategy...
2025-11-29 10:26:56,111 - INFO - [The Hindu] Article: https://www.thehindu.com/news/national/goa/goa-zilla-panchayat-elections-on-december-20-868-lakh-voters-to-decide-50-seats-as-mcc-comes-into-force/article70337933.ece
2025-11-29 10:26:56,111 - INFO - [The Hindu] Attempt 1/1: Trying with 'selenium_browser' strategy...
2025-11-29 10:26:57,467 - INFO - [The Hindu] Page content loaded.
2025-11-29 10:26:57,639 - INFO - [The Hindu] Success with 'selenium_browser'. Found content (429 words).
2025-11-29 10:26:58,001 - INFO - Duplicate article skipped: Goa Zilla Panchayat elections on December 20: 8.68 lakh voters to decide 50 seats as MCC comes into force - The Hindu from The Hindu
2025-11-29 10:26:58,819 - INFO - [Times of India] Page content loaded.
2025-11-29 10:26:59,060 - INFO - [Times of India] Success with 'selenium_browser'. Found content (324 words).
2025-11-29 10:26:59,252 - INFO - [The Hindu] Article: https://www.thehindu.com/news/national/andhra-pradesh/four-dead-in-separate-road-accidents-in-ntr-krishna-districts-in-andhra-pradesh/article70337743.ece
2025-11-29 10:26:59,252 - INFO - [The Hindu] Attempt 1/1: Trying with 'selenium_browser' strategy...
2025-11-29 10:26:59,253 - INFO - Duplicate article skipped: ‘Double-tap’ strike: Hegseth ordered second attack on Caribbean drug boat; here's why - The Times of India from Times of India
2025-11-29 10:26:59,776 - INFO - [Times of India] Article: https://timesofindia.indiatimes.com/world/europe/pope-joins-patriarchs-from-east-and-west-at-historic-christian-site-in-turkey-to-pray-for-unity/articleshow/125649812.cms
2025-11-29 10:26:59,776 - INFO - [Times of India] Attempt 1/1: Trying with 'selenium_browser' strategy...
2025-11-29 10:27:02,306 - INFO - [The Hindu] Page content loaded.
2025-11-29 10:27:02,396 - INFO - [The Hindu] Success with 'selenium_browser'. Found content (162 words).
2025-11-29 10:27:02,523 - INFO - Duplicate article skipped: Four dead in separate road accidents in NTR, Krishna districts in Andhra Pradesh - The Hindu from The Hindu
2025-11-29 10:27:03,730 - INFO - [The Hindu] Article: https://www.thehindu.com/news/national/punjab/punjab-bus-strike-protestors-condemn-detention-of-union-leaders-demand-immediate-release/article70337869.ece
2025-11-29 10:27:03,730 - INFO - [The Hindu] Attempt 1/1: Trying with 'selenium_browser' strategy...
2025-11-29 10:27:04,690 - INFO - [The Hindu] Page content loaded.
2025-11-29 10:27:05,006 - INFO - [The Hindu] Success with 'selenium_browser'. Found content (475 words).
2025-11-29 10:27:05,175 - INFO - Duplicate article skipped: Punjab bus strike: Protestors condemn detention of Union leaders, demand immediate release - The Hindu from The Hindu
2025-11-29 10:27:06,272 - INFO - [The Hindu] Article: https://www.thehindu.com/news/national/kerala/kerala-sir-761-lakh-enumeration-forms-in-uncollectables-list/article70337927.ece
2025-11-29 10:27:06,272 - INFO - [The Hindu] Attempt 1/1: Trying with 'selenium_browser' strategy...
2025-11-29 10:27:07,063 - INFO - [The Hindu] Page content loaded.
2025-11-29 10:27:07,308 - INFO - [The Hindu] Success with 'selenium_browser'. Found content (368 words).
2025-11-29 10:27:07,398 - INFO - Duplicate article skipped: Kerala SIR: 7.61 lakh enumeration forms in ‘uncollectables’ list - The Hindu from The Hindu
2025-11-29 10:27:08,300 - INFO - [The Hindu] Article: https://www.thehindu.com/news/national/odisha/odishas-supplementary-budget-lacks-any-vision-claims-leader-of-opposition-naveen-patnaik/article70337797.ece
2025-11-29 10:27:08,300 - INFO - [The Hindu] Attempt 1/1: Trying with 'selenium_browser' strategy...
2025-11-29 10:27:09,935 - INFO - [The Hindu] Page content loaded.
2025-11-29 10:27:10,004 - INFO - [The Hindu] Success with 'selenium_browser'. Found content (228 words).
2025-11-29 10:27:10,113 - INFO - Duplicate article skipped: Odisha's Supplementary Budget lacks any vision, claims Leader of Opposition Naveen Patnaik - The Hindu from The Hindu
2025-11-29 10:27:11,455 - INFO - [The Hindu] Article: https://www.thehindu.com/news/cities/Hyderabad/changes-in-flight-schedule-anticipated-at-hyderabad-airport-after-airbus-issues-global-advisory-for-a320-fleet/article70337886.ece
2025-11-29 10:27:11,455 - INFO - [The Hindu] Attempt 1/1: Trying with 'selenium_browser' strategy...
2025-11-29 10:27:12,001 - WARNING - [Times of India] Page timed out (10s). No <p> tags found. Proceeding anyway.
2025-11-29 10:27:12,243 - INFO - [Times of India] Success with 'selenium_browser'. Found content (988 words).
2025-11-29 10:27:12,406 - INFO - Duplicate article skipped: Pope joins patriarchs from East and West at historic Christian site in Turkey to pray for unity - The Times of India from Times of India
2025-11-29 10:27:13,116 - INFO - [Times of India] Article: https://timesofindia.indiatimes.com/world/rest-of-world/ekman-who-linked-facial-expressions-to-emotions-dies-at-91/articleshow/125649854.cms
2025-11-29 10:27:13,116 - INFO - [Times of India] Attempt 1/1: Trying with 'selenium_browser' strategy...
2025-11-29 10:27:13,247 - INFO - [The Hindu] Page content loaded.
2025-11-29 10:27:13,317 - INFO - [The Hindu] Success with 'selenium_browser'. Found content (162 words).
2025-11-29 10:27:13,375 - INFO - Duplicate article skipped: Changes in flight schedule anticipated at Hyderabad airport after Airbus issues global advisory for A320 Fleet - The Hindu from The Hindu
2025-11-29 10:27:14,331 - INFO - [The Hindu] Article: https://www.thehindu.com/news/national/assam/congress-cpim-mlas-walk-out-of-assam-assembly-as-speaker-disallows-discussion-on-tezpur-university/article70337880.ece
2025-11-29 10:27:14,331 - INFO - [The Hindu] Attempt 1/1: Trying with 'selenium_browser' strategy...
2025-11-29 10:27:15,171 - INFO - [The Hindu] Page content loaded.
2025-11-29 10:27:15,259 - INFO - [The Hindu] Success with 'selenium_browser'. Found content (172 words).
2025-11-29 10:27:15,364 - INFO - Duplicate article skipped: Congress, CPI(M) MLAs walk out of Assam Assembly as Speaker disallows discussion on Tezpur University - The Hindu from The Hindu
2025-11-29 10:27:16,668 - INFO - [The Hindu] Article: https://www.thehindu.com/news/national/karnataka/karnataka-state-cricket-association-elections-high-court-declares-kn-shanth-kumars-nomination-papers-valid-for-presidents-post/article70337807.ece
2025-11-29 10:27:16,668 - INFO - [The Hindu] Attempt 1/1: Trying with 'selenium_browser' strategy...
2025-11-29 10:27:19,501 - INFO - [The Hindu] Page content loaded.
2025-11-29 10:27:19,600 - INFO - [The Hindu] Success with 'selenium_browser'. Found content (503 words).
2025-11-29 10:27:19,668 - INFO - Duplicate article skipped: Karnataka State Cricket Association elections: High Court declares K.N. Shanth Kumar’s nomination papers valid for president’s post - The Hindu from The Hindu
2025-11-29 10:27:21,053 - INFO - [The Hindu] (Thread) Finished. Attempting to shut down its Selenium driver.
2025-11-29 10:27:21,290 - INFO - [The Hindu] (Thread) driver.quit() successful.
2025-11-29 10:27:25,871 - WARNING - [Times of India] Page timed out (10s). No <p> tags found. Proceeding anyway.
2025-11-29 10:27:26,068 - INFO - [Times of India] Success with 'selenium_browser'. Found content (305 words).
2025-11-29 10:27:26,164 - INFO - Duplicate article skipped: Ekman, who linked facial expressions to emotions, dies at 91 - The Times of India from Times of India
2025-11-29 10:27:27,433 - INFO - [Times of India] Article: https://timesofindia.indiatimes.com/world/us/trump-pauses-all-asylum-decisions-order-applies-to-all-nationalities-follows-shooting-near-white-house/articleshow/125649450.cms
2025-11-29 10:27:27,433 - INFO - [Times of India] Attempt 1/1: Trying with 'selenium_browser' strategy...
2025-11-29 10:27:28,332 - INFO - [Times of India] Page content loaded.
2025-11-29 10:27:28,473 - INFO - [Times of India] Success with 'selenium_browser'. Found content (309 words).
2025-11-29 10:27:28,792 - INFO - Duplicate article skipped: Trump pauses all asylum decisions: Order applies to all nationalities; follows shooting near White House - The Times of India from Times of India
2025-11-29 10:27:29,509 - INFO - [Times of India] Article: https://timesofindia.indiatimes.com/world/us/treated-very-harshly-trump-pardons-ex-honduras-president-hernandez-ahead-of-elections/articleshow/125649378.cms
2025-11-29 10:27:29,509 - INFO - [Times of India] Attempt 1/1: Trying with 'selenium_browser' strategy...
2025-11-29 10:27:30,422 - INFO - [Times of India] Page content loaded.
2025-11-29 10:27:30,597 - INFO - [Times of India] Success with 'selenium_browser'. Found content (375 words).
2025-11-29 10:27:30,668 - INFO - Duplicate article skipped: 'Treated very harshly': Trump pardons ex-Honduras president Hernandez ahead of elections - The Times of India from Times of India
2025-11-29 10:27:31,829 - INFO - [Times of India] Article: https://timesofindia.indiatimes.com/world/us/dc-shooting-us-treasury-to-cut-federal-benefits-to-illegal-aliens-amid-trumps-rant-on-immigrants-from-third-world-countries/articleshow/125646901.cms
2025-11-29 10:27:31,829 - INFO - [Times of India] Attempt 1/1: Trying with 'selenium_browser' strategy...
2025-11-29 10:27:34,074 - INFO - [Times of India] Page content loaded.
2025-11-29 10:27:34,288 - INFO - [Times of India] Success with 'selenium_browser'. Found content (325 words).
2025-11-29 10:27:34,367 - INFO - Duplicate article skipped: DC shooting: US Treasury to cut federal benefits to 'illegal aliens' amid Trump’s rant on immigrants from third-world countries - The Times of India from Times of India
2025-11-29 10:27:34,999 - INFO - [Times of India] Article: https://timesofindia.indiatimes.com/world/us/didnt-speak-english-much-dc-shooter-suspect-rahmanullah-lakanwal-often-seen-playing-video-games/articleshow/125646871.cms
2025-11-29 10:27:34,999 - INFO - [Times of India] Attempt 1/1: Trying with 'selenium_browser' strategy...
2025-11-29 10:27:35,806 - INFO - [Times of India] Page content loaded.
2025-11-29 10:27:35,906 - INFO - [Times of India] Success with 'selenium_browser'. Found content (332 words).
2025-11-29 10:27:35,969 - INFO - Duplicate article skipped: 'Didn't speak English much': DC shooter suspect Rahmanullah Lakanwal often seen playing video games - The Times of India from Times of India
2025-11-29 10:27:37,292 - INFO - [Times of India] Article: https://timesofindia.indiatimes.com/world/us/donald-trump-claims-any-document-signed-by-joe-biden-using-autopen-is-terminated-warns-former-prez-could-face-charges-of-perjury/articleshow/125646862.cms
2025-11-29 10:27:37,292 - INFO - [Times of India] Attempt 1/1: Trying with 'selenium_browser' strategy...
2025-11-29 10:27:38,169 - INFO - [Times of India] Page content loaded.
2025-11-29 10:27:38,278 - INFO - [Times of India] Success with 'selenium_browser'. Found content (351 words).
2025-11-29 10:27:38,354 - INFO - Duplicate article skipped: Donald Trump claims any document signed by Joe Biden using autopen is 'terminated', warns former prez could face ‘charges of perjury’ - The Times of India from Times of India
2025-11-29 10:27:39,725 - INFO - [Times of India] Article: https://timesofindia.indiatimes.com/world/us/want-america-hating-migrants-in-us-donald-trump-jr-slams-wsj-for-defending-afghan-refugees-in-op-ed-after-dc-shooting/articleshow/125645831.cms
2025-11-29 10:27:39,725 - INFO - [Times of India] Attempt 1/1: Trying with 'selenium_browser' strategy...
2025-11-29 10:27:40,726 - INFO - [Times of India] Page content loaded.
2025-11-29 10:27:40,879 - INFO - [Times of India] Success with 'selenium_browser'. Found content (372 words).
2025-11-29 10:27:40,965 - INFO - Duplicate article skipped: 'Want America-hating migrants in US’: Donald Trump Jr slams WSJ for defending Afghan refugees in op-ed after DC shooting - The Times of India from Times of India
2025-11-29 10:27:42,212 - INFO - [Times of India] Article: https://timesofindia.indiatimes.com/world/us/raja-krishnamoorthi-slammed-for-his-proposal-to-double-h-1b-visas-to-130000-hes-serving-india/articleshow/125646198.cms
2025-11-29 10:27:42,212 - INFO - [Times of India] Attempt 1/1: Trying with 'selenium_browser' strategy...
2025-11-29 10:27:44,796 - INFO - [Times of India] Page content loaded.
2025-11-29 10:27:45,090 - INFO - [Times of India] Success with 'selenium_browser'. Found content (350 words).
2025-11-29 10:27:45,186 - INFO - Duplicate article skipped: Raja Krishnamoorthi slammed for his proposal to double H-1B visas to 130,000: 'He's serving India' - The Times of India from Times of India
2025-11-29 10:27:45,810 - INFO - [Times of India] (Thread) Finished. Attempting to shut down its Selenium driver.
2025-11-29 10:27:46,107 - INFO - [Times of India] (Thread) driver.quit() successful.
2025-11-29 10:27:46,107 - INFO - Shutting down thread pool (wait=False)...
2025-11-29 10:27:46,107 - INFO - Scraped: 1 BBC, 5 The Hindu, 0 Times of India, 0 The Guardian articles. (Total saved: 6)
2025-11-29 10:27:46,107 - INFO - --- Scraping job finished ---
2025-11-29 10:27:46,115 - INFO - --- Scraper service stopped and database connection closed. ---
2025-11-29 10:27:46,115 - INFO - --- Main thread finished. Forcing process exit to kill zombie threads. ---
