2025-12-04 17:49:37,734 - INFO - Loading AI Semantic Model (all-MiniLM-L6-v2)...
2025-12-04 17:49:37,735 - INFO - Use pytorch device_name: cpu
2025-12-04 17:49:37,735 - INFO - Load pretrained SentenceTransformer: all-MiniLM-L6-v2
2025-12-04 17:49:38,510 - INFO - AI Model loaded successfully.
2025-12-04 17:49:38,510 - INFO - Initializing database connection at: news_articles.db
2025-12-04 17:49:38,510 - INFO - --- Scraper service started (CI Mode: Run Once) ---
2025-12-04 17:49:38,510 - INFO - --- Starting new scraping job (Parallel Mode) ---
2025-12-04 17:49:38,510 - INFO - Creating new robust session with 3 retries on 5xx/connection/read errors.
2025-12-04 17:49:38,510 - INFO - Proxy is DISABLED.
2025-12-04 17:49:38,511 - INFO - Starting scrape for BBC RSS feed: http://feeds.bbci.co.uk/news/world/rss.xml
2025-12-04 17:49:38,512 - INFO - [Times of India] (Thread) requires Selenium. Initializing driver...
2025-12-04 17:49:38,512 - INFO - Initializing headless Selenium Chrome driver (using SeleniumManager)...
2025-12-04 17:49:38,512 - INFO - Starting scrape for The Guardian RSS feed: https://www.theguardian.com/world/rss
2025-12-04 17:49:38,514 - INFO - [The Hindu] (Thread) requires Selenium. Initializing driver...
2025-12-04 17:49:38,514 - INFO - Initializing headless Selenium Chrome driver (using SeleniumManager)...
2025-12-04 17:49:38,514 - INFO - Submitted 4 jobs to thread pool. Waiting up to 300s for completion...
2025-12-04 17:49:38,613 - INFO - Found 45 articles in The Guardian RSS feed. Processing up to 20.
2025-12-04 17:49:38,614 - INFO - [The Guardian] Article: https://www.theguardian.com/world/2025/dec/04/us-eu-critical-minerals-project-drc-report-lobito-corridor
2025-12-04 17:49:38,614 - INFO - [The Guardian] Attempt 1/1: Trying with 'requests_browser' strategy...
2025-12-04 17:49:38,644 - INFO - [The Guardian] Success with 'requests_browser'. Found content (813 words).
2025-12-04 17:49:38,682 - INFO - Duplicate article skipped: US and EU critical minerals project could displace thousands in DRC – report | Democratic Republic of the Congo | The Guardian from The Guardian
2025-12-04 17:49:38,732 - INFO - Found 41 articles in BBC RSS feed. Processing up to 20.
2025-12-04 17:49:38,732 - INFO - [BBC] Article: https://www.bbc.com/news/articles/cj4q2vpggr9o?at_medium=RSS&at_campaign=rss
2025-12-04 17:49:38,732 - INFO - [BBC] Attempt 1/1: Trying with 'requests_browser' strategy...
2025-12-04 17:49:38,931 - INFO - [BBC] Success with 'requests_browser'. Found content (1436 words).
2025-12-04 17:49:38,968 - INFO - Duplicate article skipped: India-Russia: Why Putin and Modi are meeting in Delhi from BBC
2025-12-04 17:49:39,444 - INFO - [The Guardian] Article: https://www.theguardian.com/global-development/2025/dec/04/aid-cuts-africa-uganda-stops-refugee-status-eritreans-somalis-ethiopians
2025-12-04 17:49:39,444 - INFO - [The Guardian] Attempt 1/1: Trying with 'requests_browser' strategy...
2025-12-04 17:49:39,473 - INFO - [The Guardian] Success with 'requests_browser'. Found content (587 words).
2025-12-04 17:49:39,508 - INFO - Duplicate article skipped: Uganda stops granting refugee status for Eritreans, Somalis and Ethiopians | Global development | The Guardian from The Guardian
2025-12-04 17:49:39,626 - INFO - [BBC] Article: https://www.bbc.com/news/articles/c157n1g977go?at_medium=RSS&at_campaign=rss
2025-12-04 17:49:39,626 - INFO - [BBC] Attempt 1/1: Trying with 'requests_browser' strategy...
2025-12-04 17:49:39,658 - INFO - [BBC] Success with 'requests_browser'. Found content (1110 words).
2025-12-04 17:49:39,696 - INFO - Duplicate article skipped: 'Like first aid for manuscripts': Recovery work begins at Gaza's war-damaged heritage sites from BBC
2025-12-04 17:49:40,206 - INFO - [The Guardian] Article: https://www.theguardian.com/artanddesign/2025/dec/04/ibrahim-mahama-ghana-tops-artreview-power-list
2025-12-04 17:49:40,206 - INFO - [The Guardian] Attempt 1/1: Trying with 'requests_browser' strategy...
2025-12-04 17:49:40,229 - INFO - [The Guardian] Success with 'requests_browser'. Found content (604 words).
2025-12-04 17:49:40,265 - INFO - Duplicate article skipped: Ghana’s Ibrahim Mahama first African to top annual art power list | Art | The Guardian from The Guardian
2025-12-04 17:49:40,611 - INFO - [BBC] Article: https://www.bbc.com/news/articles/c62d8v6jpwzo?at_medium=RSS&at_campaign=rss
2025-12-04 17:49:40,611 - INFO - [BBC] Attempt 1/1: Trying with 'requests_browser' strategy...
2025-12-04 17:49:40,638 - INFO - [BBC] Success with 'requests_browser'. Found content (497 words).
2025-12-04 17:49:40,672 - INFO - Duplicate article skipped: Police arrest suspect in DC pipe bomb incident, ending years-long manhunt from BBC
2025-12-04 17:49:40,782 - INFO - [The Guardian] Article: https://www.theguardian.com/uk-news/2025/dec/03/british-troops-accused-of-human-rights-violations-environmental-destruction-and-sexual-abuse-in-kenya
2025-12-04 17:49:40,782 - INFO - [The Guardian] Attempt 1/1: Trying with 'requests_browser' strategy...
2025-12-04 17:49:40,819 - INFO - [The Guardian] Success with 'requests_browser'. Found content (772 words).
2025-12-04 17:49:40,861 - INFO - Duplicate article skipped: British troops accused of human rights violations and sexual abuse in Kenya | British army | The Guardian from The Guardian
2025-12-04 17:49:41,198 - INFO - [BBC] Article: https://www.bbc.com/news/articles/cp84y7jx2pzo?at_medium=RSS&at_campaign=rss
2025-12-04 17:49:41,199 - INFO - [BBC] Attempt 1/1: Trying with 'requests_browser' strategy...
2025-12-04 17:49:41,379 - INFO - [BBC] Success with 'requests_browser'. Found content (357 words).
2025-12-04 17:49:41,421 - INFO - Duplicate article skipped: South Korea: Government developing app showing real-time location of stalkers from BBC
2025-12-04 17:49:42,118 - INFO - [BBC] Article: https://www.bbc.com/news/articles/cd6x2j4g3z7o?at_medium=RSS&at_campaign=rss
2025-12-04 17:49:42,118 - INFO - [BBC] Attempt 1/1: Trying with 'requests_browser' strategy...
2025-12-04 17:49:42,161 - INFO - [BBC] Success with 'requests_browser'. Found content (696 words).
2025-12-04 17:49:42,201 - INFO - Duplicate article skipped: Israel says Palestinian groups returned body of Thai hostage from BBC
2025-12-04 17:49:42,335 - INFO - [The Guardian] Article: https://www.theguardian.com/global-development/2025/dec/03/whistleblower-accuses-foreign-office-of-censoring-warning-of-sudan-genocide
2025-12-04 17:49:42,335 - INFO - [The Guardian] Attempt 1/1: Trying with 'requests_browser' strategy...
2025-12-04 17:49:42,380 - INFO - [The Guardian] Success with 'requests_browser'. Found content (1465 words).
2025-12-04 17:49:42,426 - INFO - Duplicate article skipped: Whistleblower accuses Foreign Office of ‘censoring’ warning of Sudan genocide | Global development | The Guardian from The Guardian
2025-12-04 17:49:43,030 - INFO - [The Guardian] Article: https://www.theguardian.com/us-news/2025/dec/04/student-describes-horror-show-ice-deportation-to-honduras-at-thanksgiving
2025-12-04 17:49:43,030 - INFO - [The Guardian] Attempt 1/1: Trying with 'requests_browser' strategy...
2025-12-04 17:49:43,082 - INFO - [The Guardian] Success with 'requests_browser'. Found content (1024 words).
2025-12-04 17:49:43,127 - INFO - Duplicate article skipped: Student describes ‘horror show’ ICE deportation to Honduras at Thanksgiving | ICE (US Immigration and Customs Enforcement) | The Guardian from The Guardian
2025-12-04 17:49:43,235 - INFO - [BBC] Article: https://www.bbc.com/news/articles/c7731n5z6d3o?at_medium=RSS&at_campaign=rss
2025-12-04 17:49:43,235 - INFO - [BBC] Attempt 1/1: Trying with 'requests_browser' strategy...
2025-12-04 17:49:43,265 - INFO - [BBC] Success with 'requests_browser'. Found content (1048 words).
2025-12-04 17:49:43,301 - INFO - Duplicate article skipped: Ukraine and US negotiators to meet in Florida after Moscow talks, White House says from BBC
2025-12-04 17:49:43,737 - INFO - [The Guardian] Article: https://www.theguardian.com/us-news/2025/dec/04/venezuela-boat-strikes-legality-hegseth
2025-12-04 17:49:43,737 - INFO - [The Guardian] Attempt 1/1: Trying with 'requests_browser' strategy...
2025-12-04 17:49:43,764 - INFO - [The Guardian] Success with 'requests_browser'. Found content (1449 words).
2025-12-04 17:49:43,799 - INFO - Duplicate article skipped: Killing of survivors sparks outrage – but entire US ‘drug boat’ war is legally shaky | US military | The Guardian from The Guardian
2025-12-04 17:49:44,636 - INFO - [The Guardian] Article: https://www.theguardian.com/us-news/2025/dec/03/epstein-caribbean-island-new-photo-video-release
2025-12-04 17:49:44,636 - INFO - [The Guardian] Attempt 1/1: Trying with 'requests_browser' strategy...
2025-12-04 17:49:44,664 - INFO - [The Guardian] Success with 'requests_browser'. Found content (373 words).
2025-12-04 17:49:44,703 - INFO - Duplicate article skipped: House Democrats release new images of Epstein’s private Caribbean island | Jeffrey Epstein | The Guardian from The Guardian
2025-12-04 17:49:44,762 - INFO - [BBC] Article: https://www.bbc.com/news/articles/cwyv7ggqpjpo?at_medium=RSS&at_campaign=rss
2025-12-04 17:49:44,762 - INFO - [BBC] Attempt 1/1: Trying with 'requests_browser' strategy...
2025-12-04 17:49:44,807 - INFO - [BBC] Success with 'requests_browser'. Found content (918 words).
2025-12-04 17:49:44,850 - INFO - Duplicate article skipped: Mange Kimambi: Tanzanian activist blocked from Instagram after mobilising election protests from BBC
2025-12-04 17:49:45,276 - INFO - [The Guardian] Article: https://www.theguardian.com/world/2025/dec/03/colombia-trump-warning-military-threat
2025-12-04 17:49:45,276 - INFO - [The Guardian] Attempt 1/1: Trying with 'requests_browser' strategy...
2025-12-04 17:49:45,302 - INFO - [The Guardian] Success with 'requests_browser'. Found content (612 words).
2025-12-04 17:49:45,340 - INFO - Duplicate article skipped: Colombia’s president warns Trump: ‘Do not wake the jaguar’ with threats of military strikes | Colombia | The Guardian from The Guardian
2025-12-04 17:49:46,167 - INFO - [BBC] Article: https://www.bbc.com/news/articles/c4g5rrlve33o?at_medium=RSS&at_campaign=rss
2025-12-04 17:49:46,167 - INFO - [BBC] Attempt 1/1: Trying with 'requests_browser' strategy...
2025-12-04 17:49:46,200 - INFO - [BBC] Success with 'requests_browser'. Found content (913 words).
2025-12-04 17:49:46,241 - INFO - Duplicate article skipped: Previously unseen images of Jeffrey Epstein's island released from BBC
2025-12-04 17:49:46,532 - INFO - [The Guardian] Article: https://www.theguardian.com/us-news/live/2025/dec/02/donald-trump-pete-hegseth-boat-venezuela-maduro-tennessee-us-politics-live-news-updates
2025-12-04 17:49:46,532 - INFO - [The Guardian] Attempt 1/1: Trying with 'requests_browser' strategy...
2025-12-04 17:49:46,781 - INFO - [The Guardian] Success with 'requests_browser'. Found content (4155 words).
2025-12-04 17:49:46,868 - INFO - Duplicate article skipped: Pete Hegseth says he ‘didn’t stick around’ to watch second strike on alleged drug boat as Democrats slam administration over attacks – as it happened | Trump administration | The Guardian from The Guardian
2025-12-04 17:49:47,413 - INFO - [BBC] Article: https://www.bbc.com/news/articles/c8dy1613j2ro?at_medium=RSS&at_campaign=rss
2025-12-04 17:49:47,414 - INFO - [BBC] Attempt 1/1: Trying with 'requests_browser' strategy...
2025-12-04 17:49:47,454 - INFO - [BBC] Success with 'requests_browser'. Found content (877 words).
2025-12-04 17:49:47,492 - INFO - Duplicate article skipped: 'Not becoming of a president': Somali-Americans respond to Trump's 'garbage' remarks from BBC
2025-12-04 17:49:48,054 - INFO - [The Guardian] Article: https://www.theguardian.com/world/2025/dec/04/nauru-australia-offshore-processing-asylum-seekers-conditions-hunger-declining-health
2025-12-04 17:49:48,054 - INFO - [The Guardian] Attempt 1/1: Trying with 'requests_browser' strategy...
2025-12-04 17:49:48,086 - INFO - [The Guardian] Success with 'requests_browser'. Found content (883 words).
2025-12-04 17:49:48,133 - INFO - Duplicate article skipped: ‘Day by day I lose weight’: asylum seekers on Nauru get $115 a week, but a bag of grapes costs $20 | Nauru | The Guardian from The Guardian
2025-12-04 17:49:48,448 - INFO - [BBC] Article: https://www.bbc.com/news/articles/cqjg7w8z7dvo?at_medium=RSS&at_campaign=rss
2025-12-04 17:49:48,448 - INFO - [BBC] Attempt 1/1: Trying with 'requests_browser' strategy...
2025-12-04 17:49:48,476 - INFO - [BBC] Success with 'requests_browser'. Found content (387 words).
2025-12-04 17:49:48,512 - INFO - Duplicate article skipped: Court sides with Adidas in appeal over Kanye West collaboration from BBC
2025-12-04 17:49:48,661 - INFO - [The Guardian] Article: https://www.theguardian.com/world/2025/dec/04/thailand-scam-cyberscam-crackdown-arrests-south-east-asia
2025-12-04 17:49:48,661 - INFO - [The Guardian] Attempt 1/1: Trying with 'requests_browser' strategy...
2025-12-04 17:49:48,685 - INFO - [The Guardian] Success with 'requests_browser'. Found content (575 words).
2025-12-04 17:49:48,719 - INFO - Duplicate article skipped: Thailand seizes more than $300m in assets and issues 42 arrest warrants in cyberscam crackdown | Thailand | The Guardian from The Guardian
2025-12-04 17:49:49,390 - INFO - [BBC] Article: https://www.bbc.com/news/articles/c5y9843engko?at_medium=RSS&at_campaign=rss
2025-12-04 17:49:49,390 - INFO - [BBC] Attempt 1/1: Trying with 'requests_browser' strategy...
2025-12-04 17:49:49,426 - INFO - [BBC] Success with 'requests_browser'. Found content (445 words).
2025-12-04 17:49:49,463 - INFO - Duplicate article skipped: Pritam Singh: Singapore court upholds opposition leader's conviction from BBC
2025-12-04 17:49:49,664 - INFO - [The Guardian] Article: https://www.theguardian.com/news/2025/dec/04/hong-kong-fire-death-toll-protective-netting-remove
2025-12-04 17:49:49,664 - INFO - [The Guardian] Attempt 1/1: Trying with 'requests_browser' strategy...
2025-12-04 17:49:49,691 - INFO - [The Guardian] Success with 'requests_browser'. Found content (689 words).
2025-12-04 17:49:49,908 - INFO - Selenium driver initialized successfully.
2025-12-04 17:49:49,908 - INFO - Starting scrape for The Hindu RSS feed: https://www.thehindu.com/news/national/feeder/default.rss
2025-12-04 17:49:49,909 - INFO - Selenium driver initialized successfully.
2025-12-04 17:49:49,910 - INFO - Duplicate article skipped: Hong Kong warns ‘external forces’ working to exploit apartment fire, as death toll rises to 159 | Hong Kong apartment fires | The Guardian from The Guardian
2025-12-04 17:49:49,910 - INFO - Starting scrape for Times of India RSS feed: https://timesofindia.indiatimes.com/rssfeeds/296589292.cms
2025-12-04 17:49:50,056 - INFO - Found 100 articles in The Hindu RSS feed. Processing up to 20.
2025-12-04 17:49:50,056 - INFO - [The Hindu] Article: https://www.thehindu.com/news/national/proposed-power-to-ec-to-hold-simultaneous-polls-is-not-excessive-law-commission-tells-house-panel/article70358795.ece
2025-12-04 17:49:50,056 - INFO - [The Hindu] Attempt 1/1: Trying with 'selenium_browser' strategy...
2025-12-04 17:49:50,318 - INFO - Found 20 articles in Times of India RSS feed. Processing up to 20.
2025-12-04 17:49:50,318 - INFO - [Times of India] Article: https://timesofindia.indiatimes.com/world/us/who-is-brian-cole-man-accused-of-planting-bombs-in-washington-on-the-eve-of-jan-6-caught-after-five-years/articleshow/125771312.cms
2025-12-04 17:49:50,318 - INFO - [Times of India] Attempt 1/1: Trying with 'selenium_browser' strategy...
2025-12-04 17:49:50,586 - INFO - [BBC] Article: https://www.bbc.com/news/articles/cm2054rdv52o?at_medium=RSS&at_campaign=rss
2025-12-04 17:49:50,586 - INFO - [BBC] Attempt 1/1: Trying with 'requests_browser' strategy...
2025-12-04 17:49:50,627 - INFO - [BBC] Success with 'requests_browser'. Found content (1064 words).
2025-12-04 17:49:50,670 - INFO - Duplicate article skipped: Hong Kong fire survivor: 'My heart breaks every time I'm called a hero' from BBC
2025-12-04 17:49:50,908 - INFO - [The Guardian] Article: https://www.theguardian.com/world/2025/dec/03/eu-strategy-raw-materials-rare-earths-supply-chain-resourceeu
2025-12-04 17:49:50,908 - INFO - [The Guardian] Attempt 1/1: Trying with 'requests_browser' strategy...
2025-12-04 17:49:50,941 - INFO - [The Guardian] Success with 'requests_browser'. Found content (725 words).
2025-12-04 17:49:50,997 - INFO - Duplicate article skipped: EU looks at legally forcing industries to reduce purchases from China | Mining | The Guardian from The Guardian
2025-12-04 17:49:51,618 - INFO - [The Guardian] Article: https://www.theguardian.com/business/2025/dec/03/hsbc-appoints-interim-chair-brendan-nelson-to-permanent-role
2025-12-04 17:49:51,619 - INFO - [The Guardian] Attempt 1/1: Trying with 'requests_browser' strategy...
2025-12-04 17:49:51,684 - INFO - [The Guardian] Success with 'requests_browser'. Found content (605 words).
2025-12-04 17:49:51,753 - INFO - [BBC] Article: https://www.bbc.com/news/articles/cnv21m0zpjmo?at_medium=RSS&at_campaign=rss
2025-12-04 17:49:51,758 - INFO - [BBC] Attempt 1/1: Trying with 'requests_browser' strategy...
2025-12-04 17:49:51,765 - INFO - Duplicate article skipped: HSBC appoints interim chair Brendan Nelson to permanent role | HSBC | The Guardian from The Guardian
2025-12-04 17:49:51,807 - INFO - [BBC] Success with 'requests_browser'. Found content (270 words).
2025-12-04 17:49:51,879 - INFO - Duplicate article skipped: Gaza: Five killed in Israeli air strikes on tents near Khan Younis, medics say from BBC
2025-12-04 17:49:52,484 - INFO - [The Guardian] Article: https://www.theguardian.com/business/2025/dec/04/labor-urged-to-target-gas-exporters-and-bring-in-east-coast-reserve-right-now-as-it-weighs-schemes-design
2025-12-04 17:49:52,484 - INFO - [The Guardian] Attempt 1/1: Trying with 'requests_browser' strategy...
2025-12-04 17:49:52,560 - INFO - [The Guardian] Success with 'requests_browser'. Found content (766 words).
2025-12-04 17:49:52,763 - INFO - [BBC] Article: https://www.bbc.com/news/articles/cpwk7xen544o?at_medium=RSS&at_campaign=rss
2025-12-04 17:49:52,764 - INFO - [BBC] Attempt 1/1: Trying with 'requests_browser' strategy...
2025-12-04 17:49:52,797 - INFO - Duplicate article skipped: Labor urged to target gas exporters and bring in east coast reserve ‘right now’ as it weighs scheme’s design | Gas | The Guardian from The Guardian
2025-12-04 17:49:53,565 - INFO - [BBC] Success with 'requests_browser'. Found content (668 words).
2025-12-04 17:49:53,628 - INFO - [The Guardian] Article: https://www.theguardian.com/technology/2025/dec/04/hyperverse-bitcoin-rodney-us-court-australian-sam-lee-ntwnfb
2025-12-04 17:49:53,628 - INFO - [The Guardian] Attempt 1/1: Trying with 'requests_browser' strategy...
2025-12-04 17:49:53,722 - INFO - Duplicate article skipped: Israel says Rafah crossing to open soon to let Gazans leave via Egypt from BBC
2025-12-04 17:49:53,803 - INFO - [The Guardian] Success with 'requests_browser'. Found content (850 words).
2025-12-04 17:49:53,983 - INFO - Duplicate article skipped: HyperVerse promoter ‘Bitcoin Rodney’ accuses Australian Sam Lee in US court of duping him with ‘elaborate deception’ | HyperVerse | The Guardian from The Guardian
2025-12-04 17:49:55,160 - INFO - [BBC] Article: https://www.bbc.com/news/articles/c2lvzrve5lqo?at_medium=RSS&at_campaign=rss
2025-12-04 17:49:55,160 - INFO - [BBC] Attempt 1/1: Trying with 'requests_browser' strategy...
2025-12-04 17:49:55,198 - INFO - [The Guardian] Article: https://www.theguardian.com/australia-news/2025/dec/04/tasmanian-parliament-finally-approves-113bn-hobart-stadium-plan
2025-12-04 17:49:55,198 - INFO - [The Guardian] Attempt 1/1: Trying with 'requests_browser' strategy...
2025-12-04 17:49:55,362 - INFO - [BBC] Success with 'requests_browser'. Found content (371 words).
2025-12-04 17:49:55,417 - INFO - [The Guardian] Success with 'requests_browser'. Found content (538 words).
2025-12-04 17:49:55,539 - INFO - [The Hindu] Page content loaded.
2025-12-04 17:49:55,586 - INFO - Duplicate article skipped: Federica Mogherini: Former EU top diplomat accused in fraud investigation from BBC
2025-12-04 17:49:55,643 - INFO - Duplicate article skipped: Tasmanian parliament finally approves $1.13bn Hobart stadium plan | Tasmania | The Guardian from The Guardian
2025-12-04 17:49:55,675 - INFO - [The Hindu] Success with 'selenium_browser'. Found content (368 words).
2025-12-04 17:49:56,478 - INFO - [The Guardian] Article: https://www.theguardian.com/australia-news/2025/dec/04/ndis-participants-will-have-no-external-avenue-to-appeal-funding-amounts-under-new-system-senate-estimates-told
2025-12-04 17:49:56,478 - INFO - [The Guardian] Attempt 1/1: Trying with 'requests_browser' strategy...
2025-12-04 17:49:56,640 - INFO - [BBC] Article: https://www.bbc.com/news/articles/cy8jnxxm70jo?at_medium=RSS&at_campaign=rss
2025-12-04 17:49:56,640 - INFO - [BBC] Attempt 1/1: Trying with 'requests_browser' strategy...
2025-12-04 17:49:56,687 - INFO - [The Guardian] Success with 'requests_browser'. Found content (674 words).
2025-12-04 17:49:56,993 - INFO - [BBC] Success with 'requests_browser'. Found content (247 words).
2025-12-04 17:50:17,826 - INFO - DEDUPLICATION: Found match (Score: 0.77). Linking to Cluster ID: d5c35832-1d62-4401-8433-a08178fd9dfb
2025-12-04 17:50:17,829 - INFO - Saved article: Proposed power to EC to hold simultaneous polls is not excessive, Law Commission tells House panel - The Hindu from The Hindu
2025-12-04 17:50:17,830 - INFO - Duplicate article skipped: Most NDIS participants will lose external avenue to appeal funding amounts under new system, Senate estimates told | National disability insurance scheme | The Guardian from The Guardian
2025-12-04 17:50:17,830 - INFO - Duplicate article skipped: Drunk raccoon found passed out on liquor store floor after breaking in from BBC
2025-12-04 17:50:18,430 - INFO - [BBC] Article: https://www.bbc.com/news/articles/cvgq5dvygllo?at_medium=RSS&at_campaign=rss
2025-12-04 17:50:18,430 - INFO - [BBC] Attempt 1/1: Trying with 'requests_browser' strategy...
2025-12-04 17:50:18,468 - INFO - [BBC] Success with 'requests_browser'. Found content (1030 words).
2025-12-04 17:50:18,507 - INFO - Duplicate article skipped: Kenyan MPs accuse British soldiers from Batuk of sexual abuse in Laikipia from BBC
2025-12-04 17:50:18,689 - INFO - [The Guardian] Article: https://www.theguardian.com/australia-news/live/2025/dec/04/australia-news-live-senate-estimates-national-fiscal-outlook-labor-coalition-cost-of-living-victoria-public-service-cuts-ntwnfb
2025-12-04 17:50:18,689 - INFO - [The Guardian] Attempt 1/1: Trying with 'requests_browser' strategy...
2025-12-04 17:50:18,901 - INFO - [The Guardian] Success with 'requests_browser'. Found content (2715 words).
2025-12-04 17:50:18,993 - INFO - Duplicate article skipped: Marles says Labor ‘working through’ Trump administration’s Aukus review – as it happened | Australia news | The Guardian from The Guardian
2025-12-04 17:50:19,055 - INFO - [The Hindu] Article: https://www.thehindu.com/news/national/karnataka/head-constable-allegedly-steals-11-lakh-from-accused-car-parked-at-bengaluru-city-police-headquarters/article70358132.ece
2025-12-04 17:50:19,055 - INFO - [The Hindu] Attempt 1/1: Trying with 'selenium_browser' strategy...
2025-12-04 17:50:19,154 - INFO - [BBC] Article: https://www.bbc.com/news/articles/c1m8g5x1xmko?at_medium=RSS&at_campaign=rss
2025-12-04 17:50:19,154 - INFO - [BBC] Attempt 1/1: Trying with 'requests_browser' strategy...
2025-12-04 17:50:19,318 - INFO - [BBC] Success with 'requests_browser'. Found content (308 words).
2025-12-04 17:50:19,726 - INFO - Duplicate article skipped: Three French teens drown in freak car crash in swimming pool from BBC
2025-12-04 17:50:20,152 - INFO - [The Hindu] Page content loaded.
2025-12-04 17:50:20,239 - INFO - [The Hindu] Success with 'selenium_browser'. Found content (275 words).
2025-12-04 17:50:21,068 - INFO - [BBC] Article: https://www.bbc.com/news/articles/c62v9z7z1z2o?at_medium=RSS&at_campaign=rss
2025-12-04 17:50:21,068 - INFO - [BBC] Attempt 1/1: Trying with 'requests_browser' strategy...
2025-12-04 17:50:21,992 - INFO - [BBC] Success with 'requests_browser'. Found content (485 words).
2025-12-04 17:50:34,748 - INFO - Saved article: Head constable allegedly steals ₹11 lakh from accused car parked at Bengaluru City Police Headquarters - The Hindu from The Hindu
2025-12-04 17:50:34,748 - INFO - Duplicate article skipped: Henry Cuellar: Trump says he is pardoning Democratic congressman in bribery case from BBC
2025-12-04 17:50:35,427 - INFO - [BBC] Article: https://www.bbc.com/news/articles/c62lv79p0pdo?at_medium=RSS&at_campaign=rss
2025-12-04 17:50:35,427 - INFO - [BBC] Attempt 1/1: Trying with 'requests_browser' strategy...
2025-12-04 17:50:35,466 - INFO - [BBC] Success with 'requests_browser'. Found content (482 words).
2025-12-04 17:50:35,511 - INFO - Duplicate article skipped: Hong Kong orders removal of scaffolding mesh after deadly blaze from BBC
2025-12-04 17:50:35,959 - INFO - [The Hindu] Article: https://www.thehindu.com/news/national/prashant-bhushan-blames-ec-for-lack-of-transparency-in-sir-process/article70358903.ece
2025-12-04 17:50:35,959 - INFO - [The Hindu] Attempt 1/1: Trying with 'selenium_browser' strategy...
2025-12-04 17:50:39,096 - INFO - [The Hindu] Page content loaded.
2025-12-04 17:50:39,334 - INFO - [The Hindu] Success with 'selenium_browser'. Found content (313 words).
2025-12-04 17:50:52,329 - INFO - DEDUPLICATION: Found match (Score: 0.75). Linking to Cluster ID: 2878eb46-a3ac-4341-be97-a2c827ca92b5
2025-12-04 17:50:52,331 - INFO - Saved article: Prashant Bhushan blames EC for lack of transparency in SIR process - The Hindu from The Hindu
2025-12-04 17:50:52,921 - INFO - [The Hindu] Article: https://www.thehindu.com/news/national/indigo-says-flight-delays-and-cancellations-to-continue-for-next-two-or-three-days/article70358920.ece
2025-12-04 17:50:52,921 - INFO - [The Hindu] Attempt 1/1: Trying with 'selenium_browser' strategy...
2025-12-04 17:50:53,684 - INFO - [The Hindu] Page content loaded.
2025-12-04 17:50:53,808 - INFO - [The Hindu] Success with 'selenium_browser'. Found content (522 words).
2025-12-04 17:50:53,925 - INFO - Duplicate article skipped: IndiGo says flight delays and cancellations to continue for next two or three days - The Hindu from The Hindu
2025-12-04 17:50:54,746 - INFO - [The Hindu] Article: https://www.thehindu.com/news/national/tamil-nadu/madras-high-court-stalls-release-of-karthi-starrer-vaa-vaathiyar/article70358199.ece
2025-12-04 17:50:54,746 - INFO - [The Hindu] Attempt 1/1: Trying with 'selenium_browser' strategy...
2025-12-04 17:50:55,403 - INFO - [The Hindu] Page content loaded.
2025-12-04 17:50:55,480 - INFO - [The Hindu] Success with 'selenium_browser'. Found content (422 words).
2025-12-04 17:50:55,564 - INFO - Duplicate article skipped: Madras High Court stalls release of Karthi-starrer Vaa Vaathiyar - The Hindu from The Hindu
2025-12-04 17:50:56,440 - INFO - [The Hindu] Article: https://www.thehindu.com/news/national/supreme-court-declines-to-halt-illegal-demolitions-in-bareilly-asks-residents-to-approach-high-court/article70357511.ece
2025-12-04 17:50:56,441 - INFO - [The Hindu] Attempt 1/1: Trying with 'selenium_browser' strategy...
2025-12-04 17:50:57,434 - INFO - [The Hindu] Page content loaded.
2025-12-04 17:50:57,605 - INFO - [The Hindu] Success with 'selenium_browser'. Found content (800 words).
2025-12-04 17:50:57,747 - INFO - Duplicate article skipped: Bareilly violence: Supreme Court declines to halt ‘illegal’ demolitions, asks residents to approach High Court - The Hindu from The Hindu
2025-12-04 17:50:58,949 - INFO - [The Hindu] Article: https://www.thehindu.com/sci-tech/energy-and-environment/visakhapatnam-researchers-document-unique-predatory-behaviour-of-horn-eyed-ghost-crab/article70353593.ece
2025-12-04 17:50:58,949 - INFO - [The Hindu] Attempt 1/1: Trying with 'selenium_browser' strategy...
2025-12-04 17:50:59,821 - INFO - [The Hindu] Page content loaded.
2025-12-04 17:50:59,958 - INFO - [The Hindu] Success with 'selenium_browser'. Found content (865 words).
2025-12-04 17:51:00,024 - INFO - Duplicate article skipped: Visakhapatnam researchers document unique predatory behaviour of horn-eyed ghost crab - The Hindu from The Hindu
2025-12-04 17:51:01,123 - INFO - [The Hindu] Article: https://www.thehindu.com/news/national/jammu-and-kashmir/jammu-scribes-family-seeks-fir-against-jda-vice-chairman-over-demolition-of-residence/article70358406.ece
2025-12-04 17:51:01,123 - INFO - [The Hindu] Attempt 1/1: Trying with 'selenium_browser' strategy...
2025-12-04 17:51:01,877 - INFO - [The Hindu] Page content loaded.
2025-12-04 17:51:01,923 - INFO - [The Hindu] Success with 'selenium_browser'. Found content (288 words).
2025-12-04 17:51:02,007 - INFO - Duplicate article skipped: Jammu scribe’s family seeks FIR against JDA Vice Chairman over demolition of residence - The Hindu from The Hindu
2025-12-04 17:51:03,221 - INFO - [The Hindu] Article: https://www.thehindu.com/news/national/telangana/cannot-interfere-in-panchayat-poll-process-says-hc/article70358890.ece
2025-12-04 17:51:03,221 - INFO - [The Hindu] Attempt 1/1: Trying with 'selenium_browser' strategy...
2025-12-04 17:51:03,972 - INFO - [The Hindu] Page content loaded.
2025-12-04 17:51:04,013 - INFO - [The Hindu] Success with 'selenium_browser'. Found content (332 words).
2025-12-04 17:51:04,080 - INFO - Duplicate article skipped: Cannot interfere in panchayat poll process, says HC - The Hindu from The Hindu
2025-12-04 17:51:04,878 - INFO - [The Hindu] Article: https://www.thehindu.com/news/national/telangana/tg-seeks-us-500-million-wb-assistance-for-musi-riverfront-project-says-union-minister/article70358770.ece
2025-12-04 17:51:04,878 - INFO - [The Hindu] Attempt 1/1: Trying with 'selenium_browser' strategy...
2025-12-04 17:51:05,618 - INFO - [The Hindu] Page content loaded.
2025-12-04 17:51:05,697 - INFO - [The Hindu] Success with 'selenium_browser'. Found content (318 words).
2025-12-04 17:51:05,800 - INFO - Duplicate article skipped: TG seeks US $500 million WB assistance for Musi Riverfront project, says Union Minister - The Hindu from The Hindu
2025-12-04 17:51:06,914 - INFO - [The Hindu] Article: https://www.thehindu.com/news/national/tamil-nadu/former-sc-judge-visits-naruvi-hospitals-in-vellore/article70357882.ece
2025-12-04 17:51:06,914 - INFO - [The Hindu] Attempt 1/1: Trying with 'selenium_browser' strategy...
2025-12-04 17:51:07,707 - INFO - [The Hindu] Page content loaded.
2025-12-04 17:51:07,749 - WARNING - [The Hindu] FAILED with 'selenium_browser' (content was too short: 79 words).
2025-12-04 17:51:07,749 - ERROR - [The Hindu] All scrape strategies failed for https://www.thehindu.com/news/national/tamil-nadu/former-sc-judge-visits-naruvi-hospitals-in-vellore/article70357882.ece. Falling back to RSS description.
2025-12-04 17:51:07,750 - INFO - Duplicate article skipped: Former SC judge visits Naruvi Hospitals in Vellore from The Hindu
2025-12-04 17:51:09,081 - INFO - [The Hindu] Article: https://www.thehindu.com/news/national/andhra-pradesh/gpcon-2025-to-focus-on-non-communicable-diseases/article70357621.ece
2025-12-04 17:51:09,081 - INFO - [The Hindu] Attempt 1/1: Trying with 'selenium_browser' strategy...
2025-12-04 17:51:11,851 - INFO - [The Hindu] Page content loaded.
2025-12-04 17:51:11,936 - INFO - [The Hindu] Success with 'selenium_browser'. Found content (174 words).
2025-12-04 17:51:12,005 - INFO - Duplicate article skipped: GPCON-2025 to focus on non- communicable diseases - The Hindu from The Hindu
2025-12-04 17:51:12,526 - INFO - [The Hindu] Article: https://www.thehindu.com/news/national/jammu-and-kashmir/jk-govt-sends-revised-reservation-quota-proposal-for-l-gs-approval/article70358233.ece
2025-12-04 17:51:12,526 - INFO - [The Hindu] Attempt 1/1: Trying with 'selenium_browser' strategy...
2025-12-04 17:51:13,237 - INFO - [The Hindu] Page content loaded.
2025-12-04 17:51:13,313 - INFO - [The Hindu] Success with 'selenium_browser'. Found content (518 words).
2025-12-04 17:51:13,409 - INFO - Duplicate article skipped: J&K govt. sends revised reservation quota proposal for L-G’s approval - The Hindu from The Hindu
2025-12-04 17:51:14,811 - INFO - [The Hindu] Article: https://www.thehindu.com/news/on-vc-appointments-governor-agrees-to-name-objected-to-by-kerala-cm/article70358775.ece
2025-12-04 17:51:14,811 - INFO - [The Hindu] Attempt 1/1: Trying with 'selenium_browser' strategy...
2025-12-04 17:51:15,604 - INFO - [The Hindu] Page content loaded.
2025-12-04 17:51:15,650 - INFO - [The Hindu] Success with 'selenium_browser'. Found content (490 words).
2025-12-04 17:51:15,732 - INFO - Duplicate article skipped: On VC appointments, Governor agrees to name objected to by Kerala CM - The Hindu from The Hindu
2025-12-04 17:51:16,925 - INFO - [The Hindu] Article: https://www.thehindu.com/news/cities/Hyderabad/private-sector-participation-in-defence-aerospace-sector-on-rise/article70358604.ece
2025-12-04 17:51:16,925 - INFO - [The Hindu] Attempt 1/1: Trying with 'selenium_browser' strategy...
2025-12-04 17:51:17,687 - INFO - [The Hindu] Page content loaded.
2025-12-04 17:51:18,066 - INFO - [The Hindu] Success with 'selenium_browser'. Found content (258 words).
2025-12-04 17:51:18,157 - INFO - Duplicate article skipped: Private sector participation in defence, aerospace sector on rise - The Hindu from The Hindu
2025-12-04 17:51:18,868 - INFO - [The Hindu] Article: https://www.thehindu.com/news/national/kerala/campaign-enters-final-lap-in-eloor-municipality/article70358079.ece
2025-12-04 17:51:18,868 - INFO - [The Hindu] Attempt 1/1: Trying with 'selenium_browser' strategy...
2025-12-04 17:51:19,694 - INFO - [The Hindu] Page content loaded.
2025-12-04 17:51:19,971 - INFO - [The Hindu] Success with 'selenium_browser'. Found content (283 words).
2025-12-04 17:51:20,061 - INFO - Duplicate article skipped: Campaign enters final lap in Eloor municipality - The Hindu from The Hindu
2025-12-04 17:51:21,189 - INFO - [The Hindu] Article: https://www.thehindu.com/news/national/kerala/school-excursions-should-conform-to-general-education-department-guidelines-minister/article70358747.ece
2025-12-04 17:51:21,189 - INFO - [The Hindu] Attempt 1/1: Trying with 'selenium_browser' strategy...
2025-12-04 17:51:21,937 - INFO - [The Hindu] Page content loaded.
2025-12-04 17:51:21,992 - INFO - [The Hindu] Success with 'selenium_browser'. Found content (287 words).
2025-12-04 17:51:22,056 - INFO - Duplicate article skipped: School excursions should conform to General Education department guidelines: Minister - The Hindu from The Hindu
2025-12-04 17:51:22,790 - INFO - [The Hindu] Article: https://www.thehindu.com/news/national/karnataka/99-indigo-flights-cancelled-on-thursday/article70358381.ece
2025-12-04 17:51:22,791 - INFO - [The Hindu] Attempt 1/1: Trying with 'selenium_browser' strategy...
2025-12-04 17:51:23,655 - INFO - [The Hindu] Page content loaded.
2025-12-04 17:51:23,697 - INFO - [The Hindu] Success with 'selenium_browser'. Found content (277 words).
2025-12-04 17:51:23,765 - INFO - Duplicate article skipped: 99 IndiGo flights cancelled on Thursday - The Hindu from The Hindu
2025-12-04 17:51:25,248 - INFO - [The Hindu] Article: https://www.thehindu.com/news/national/urbanisation-migration-contribute-to-voter-roll-irregularities-law-minister/article70357825.ece
2025-12-04 17:51:25,248 - INFO - [The Hindu] Attempt 1/1: Trying with 'selenium_browser' strategy...
2025-12-04 17:51:26,039 - INFO - [The Hindu] Page content loaded.
2025-12-04 17:51:26,227 - INFO - [The Hindu] Success with 'selenium_browser'. Found content (407 words).
2025-12-04 17:51:26,309 - INFO - Duplicate article skipped: Urbanisation, migration contribute to voter roll irregularities: Law Minister - The Hindu from The Hindu
2025-12-04 17:51:27,499 - INFO - [The Hindu] Article: https://www.thehindu.com/news/national/karnataka/those-who-oppose-overstaying-fee-are-unauthorised-cab-operators-bial-md-and-ceo/article70357809.ece
2025-12-04 17:51:27,500 - INFO - [The Hindu] Attempt 1/1: Trying with 'selenium_browser' strategy...
2025-12-04 17:51:28,253 - INFO - [The Hindu] Page content loaded.
2025-12-04 17:51:28,301 - INFO - [The Hindu] Success with 'selenium_browser'. Found content (310 words).
2025-12-04 17:51:28,375 - INFO - Duplicate article skipped: Those who oppose overstaying fee are unauthorised cab operators: BIAL MD and CEO - The Hindu from The Hindu
2025-12-04 17:51:29,258 - INFO - [The Hindu] (Thread) Finished. Attempting to shut down its Selenium driver.
2025-12-04 17:51:29,425 - INFO - [The Hindu] (Thread) driver.quit() successful.
2025-12-04 17:51:50,356 - ERROR - [Times of India] Request failed for strategy 'selenium_browser' on URL https://timesofindia.indiatimes.com/world/us/who-is-brian-cole-man-accused-of-planting-bombs-in-washington-on-the-eve-of-jan-6-caught-after-five-years/articleshow/125771312.cms: HTTPConnectionPool(host='localhost', port=55745): Read timed out. (read timeout=120)
2025-12-04 17:51:50,356 - ERROR - [Times of India] All scrape strategies failed for https://timesofindia.indiatimes.com/world/us/who-is-brian-cole-man-accused-of-planting-bombs-in-washington-on-the-eve-of-jan-6-caught-after-five-years/articleshow/125771312.cms. Falling back to RSS description.
2025-12-04 17:52:01,570 - INFO - Saved article: Who is Brian Cole? Man accused of planting bombs in Washington on the eve of Jan. 6 caught after five years from Times of India
2025-12-04 17:52:02,810 - INFO - [Times of India] Article: https://timesofindia.indiatimes.com/science/physicists-prove-universe-cannot-be-a-simulation-new-study-debunks-simulation-hypothesis/articleshow/125769394.cms
2025-12-04 17:52:02,810 - INFO - [Times of India] Attempt 1/1: Trying with 'selenium_browser' strategy...
2025-12-04 17:54:02,855 - ERROR - [Times of India] Request failed for strategy 'selenium_browser' on URL https://timesofindia.indiatimes.com/science/physicists-prove-universe-cannot-be-a-simulation-new-study-debunks-simulation-hypothesis/articleshow/125769394.cms: HTTPConnectionPool(host='localhost', port=55745): Read timed out. (read timeout=120)
2025-12-04 17:54:02,856 - ERROR - [Times of India] All scrape strategies failed for https://timesofindia.indiatimes.com/science/physicists-prove-universe-cannot-be-a-simulation-new-study-debunks-simulation-hypothesis/articleshow/125769394.cms. Falling back to RSS description.
2025-12-04 17:54:14,100 - INFO - Saved article: Physicists prove universe cannot be a simulation: New study debunks simulation hypothesis from Times of India
2025-12-04 17:54:14,826 - INFO - [Times of India] Article: https://timesofindia.indiatimes.com/world/us/colombian-man-killed-by-us-strikes-in-caribbean-was-fishing-for-tuna-not-trafficking-drugs-human-rights-lawyer-makes-big-claim/articleshow/125769842.cms
2025-12-04 17:54:14,826 - INFO - [Times of India] Attempt 1/1: Trying with 'selenium_browser' strategy...
2025-12-04 17:54:38,515 - CRITICAL - --- TIMEOUT: 1 scrape jobs did not complete in 300s. ---
2025-12-04 17:54:38,515 - ERROR - A thread has timed out and will be abandoned.
2025-12-04 17:54:38,515 - INFO - Shutting down thread pool (wait=False)...
2025-12-04 17:54:38,515 - INFO - Scraped: 0 BBC, 3 The Hindu, 0 The Guardian, 1 Timed_Out_Jobs articles. (Total saved: 3)
2025-12-04 17:54:38,515 - INFO - --- Scraping job finished ---
2025-12-04 17:54:38,515 - INFO - --- Scraper service stopped and database connection closed. ---
2025-12-04 17:54:38,515 - INFO - --- Main thread finished. Forcing process exit to kill zombie threads. ---
