2025-11-30 17:21:21,087 - INFO - Loading AI Semantic Model (all-MiniLM-L6-v2)...
2025-11-30 17:21:21,087 - INFO - Use pytorch device_name: cpu
2025-11-30 17:21:21,087 - INFO - Load pretrained SentenceTransformer: all-MiniLM-L6-v2
2025-11-30 17:21:22,291 - INFO - AI Model loaded successfully.
2025-11-30 17:21:22,291 - INFO - Initializing database connection at: news_articles.db
2025-11-30 17:21:22,292 - INFO - --- Scraper service started (CI Mode: Run Once) ---
2025-11-30 17:21:22,292 - INFO - --- Starting new scraping job (Parallel Mode) ---
2025-11-30 17:21:22,292 - INFO - Creating new robust session with 3 retries on 5xx/connection/read errors.
2025-11-30 17:21:22,292 - INFO - Proxy is DISABLED.
2025-11-30 17:21:22,292 - INFO - Starting scrape for BBC RSS feed: http://feeds.bbci.co.uk/news/world/rss.xml
2025-11-30 17:21:22,293 - INFO - [Times of India] (Thread) requires Selenium. Initializing driver...
2025-11-30 17:21:22,293 - INFO - Initializing headless Selenium Chrome driver (using SeleniumManager)...
2025-11-30 17:21:22,294 - INFO - Starting scrape for The Guardian RSS feed: https://www.theguardian.com/world/rss
2025-11-30 17:21:22,295 - INFO - [The Hindu] (Thread) requires Selenium. Initializing driver...
2025-11-30 17:21:22,295 - INFO - Submitted 4 jobs to thread pool. Waiting up to 300s for completion...
2025-11-30 17:21:22,295 - INFO - Initializing headless Selenium Chrome driver (using SeleniumManager)...
2025-11-30 17:21:22,535 - INFO - Found 45 articles in The Guardian RSS feed. Processing up to 20.
2025-11-30 17:21:22,536 - INFO - [The Guardian] Article: https://www.theguardian.com/world/2025/nov/28/jacob-zuma-daughter-resigns-claims-south-africans-tricked-fight-russia
2025-11-30 17:21:22,536 - INFO - [The Guardian] Attempt 1/1: Trying with 'requests_browser' strategy...
2025-11-30 17:21:22,582 - INFO - [The Guardian] Success with 'requests_browser'. Found content (753 words).
2025-11-30 17:21:22,617 - INFO - Duplicate article skipped: Jacob Zuma’s daughter resigns amid claims South Africans tricked to fight for Russia | South Africa | The Guardian from The Guardian
2025-11-30 17:21:22,646 - INFO - Found 30 articles in BBC RSS feed. Processing up to 20.
2025-11-30 17:21:22,646 - INFO - [BBC] Article: https://www.bbc.com/news/articles/clyz82z7p8zo?at_medium=RSS&at_campaign=rss
2025-11-30 17:21:22,647 - INFO - [BBC] Attempt 1/1: Trying with 'requests_browser' strategy...
2025-11-30 17:21:22,875 - INFO - [BBC] Success with 'requests_browser'. Found content (649 words).
2025-11-30 17:21:22,910 - INFO - Duplicate article skipped: Indonesia searches for hundreds missing in deadly floods from BBC
2025-11-30 17:21:23,780 - INFO - [The Guardian] Article: https://www.theguardian.com/environment/2025/nov/28/africa-forests-transformed-carbon-sink-carbon-source-study
2025-11-30 17:21:23,780 - INFO - [The Guardian] Attempt 1/1: Trying with 'requests_browser' strategy...
2025-11-30 17:21:23,944 - INFO - [The Guardian] Success with 'requests_browser'. Found content (458 words).
2025-11-30 17:21:23,980 - INFO - Duplicate article skipped: Africa’s forests transformed from carbon sink to carbon source, study finds | Climate crisis | The Guardian from The Guardian
2025-11-30 17:21:24,255 - INFO - [BBC] Article: https://www.bbc.com/news/articles/c4gv76r5qpvo?at_medium=RSS&at_campaign=rss
2025-11-30 17:21:24,255 - INFO - [BBC] Attempt 1/1: Trying with 'requests_browser' strategy...
2025-11-30 17:21:24,414 - INFO - [BBC] Success with 'requests_browser'. Found content (647 words).
2025-11-30 17:21:24,449 - INFO - Duplicate article skipped: Benjamin Netanyahu seeks pardon from Israel's president from BBC
2025-11-30 17:21:24,697 - INFO - [The Guardian] Article: https://www.theguardian.com/world/2025/nov/26/guinea-bissau-officers-take-total-control-close-borders-amid-election-chaos
2025-11-30 17:21:24,697 - INFO - [The Guardian] Attempt 1/1: Trying with 'requests_browser' strategy...
2025-11-30 17:21:24,734 - INFO - [The Guardian] Success with 'requests_browser'. Found content (412 words).
2025-11-30 17:21:24,768 - INFO - Duplicate article skipped: Guinea-Bissau military takes ‘total control’ amid election chaos | Guinea-Bissau | The Guardian from The Guardian
2025-11-30 17:21:25,183 - INFO - [BBC] Article: https://www.bbc.com/news/articles/cp34yk7z6yxo?at_medium=RSS&at_campaign=rss
2025-11-30 17:21:25,183 - INFO - [BBC] Attempt 1/1: Trying with 'requests_browser' strategy...
2025-11-30 17:21:25,312 - INFO - [The Guardian] Article: https://www.theguardian.com/world/2025/nov/25/nigerian-schoolgirls-rescued-after-mass-abduction-in-kebbi
2025-11-30 17:21:25,312 - INFO - [The Guardian] Attempt 1/1: Trying with 'requests_browser' strategy...
2025-11-30 17:21:25,454 - INFO - [The Guardian] Success with 'requests_browser'. Found content (515 words).
2025-11-30 17:21:25,496 - INFO - Duplicate article skipped: Nigerian schoolgirls rescued after mass abduction in Kebbi | Nigeria | The Guardian from The Guardian
2025-11-30 17:21:25,939 - INFO - [BBC] Success with 'requests_browser'. Found content (712 words).
2025-11-30 17:21:25,975 - INFO - Duplicate article skipped: Hong Kong fire: Death toll rises to 146 as thousands pay their respects from BBC
2025-11-30 17:21:26,790 - INFO - [The Guardian] Article: https://www.theguardian.com/world/2025/nov/25/jacob-zuma-daughter-accused-tricking-men-fighting-for-russia-in-ukraine
2025-11-30 17:21:26,791 - INFO - [The Guardian] Attempt 1/1: Trying with 'requests_browser' strategy...
2025-11-30 17:21:26,794 - INFO - [BBC] Article: https://www.bbc.com/news/articles/cvg81p61dnmo?at_medium=RSS&at_campaign=rss
2025-11-30 17:21:26,794 - INFO - [BBC] Attempt 1/1: Trying with 'requests_browser' strategy...
2025-11-30 17:21:27,064 - INFO - [The Guardian] Success with 'requests_browser'. Found content (656 words).
2025-11-30 17:21:27,108 - INFO - Duplicate article skipped: Jacob Zuma’s daughter accused of tricking men into fighting for Russia in Ukraine | South Africa | The Guardian from The Guardian
2025-11-30 17:21:27,118 - INFO - [BBC] Success with 'requests_browser'. Found content (308 words).
2025-11-30 17:21:27,152 - INFO - Duplicate article skipped: Stockton mass shooting: Four killed at California family gathering from BBC
2025-11-30 17:21:27,962 - INFO - [The Guardian] Article: https://www.theguardian.com/world/2025/nov/30/honduras-vote-election-trump-threat-cut-aid-if-nasry-tito-asfura-loses
2025-11-30 17:21:27,962 - INFO - [The Guardian] Attempt 1/1: Trying with 'requests_browser' strategy...
2025-11-30 17:21:28,000 - INFO - [The Guardian] Success with 'requests_browser'. Found content (534 words).
2025-11-30 17:21:28,035 - INFO - Duplicate article skipped: Hondurans vote amid Trump threat to cut aid if his preferred candidate loses | Honduras | The Guardian from The Guardian
2025-11-30 17:21:28,171 - INFO - [BBC] Article: https://www.bbc.com/news/articles/cx2dgp8mvmno?at_medium=RSS&at_campaign=rss
2025-11-30 17:21:28,171 - INFO - [BBC] Attempt 1/1: Trying with 'requests_browser' strategy...
2025-11-30 17:21:28,214 - INFO - [BBC] Success with 'requests_browser'. Found content (698 words).
2025-11-30 17:21:29,243 - INFO - [The Guardian] Article: https://www.theguardian.com/world/2025/nov/29/donald-trump-venezuela-airspace-closure
2025-11-30 17:21:29,243 - INFO - [The Guardian] Attempt 1/1: Trying with 'requests_browser' strategy...
2025-11-30 17:21:29,289 - INFO - [The Guardian] Success with 'requests_browser'. Found content (363 words).
2025-11-30 17:21:38,527 - INFO - DEDUPLICATION: Found match (Score: 0.87). Linking to Cluster ID: 3a6c3948-3483-41a5-b519-48ae5c3573fc
2025-11-30 17:21:38,534 - INFO - Saved article: Honduras election: Polls open in vote shadowed by Trump aid threats from BBC
2025-11-30 17:21:38,534 - INFO - Duplicate article skipped: Venezuela denounces ‘colonialist threat’ as Trump orders airspace closed | Venezuela | The Guardian from The Guardian
2025-11-30 17:21:39,316 - INFO - [The Guardian] Article: https://www.theguardian.com/us-news/2025/nov/29/pete-hegseth-denies-ordering-deaths-narco-boat
2025-11-30 17:21:39,316 - INFO - [The Guardian] Attempt 1/1: Trying with 'requests_browser' strategy...
2025-11-30 17:21:39,356 - INFO - [The Guardian] Success with 'requests_browser'. Found content (846 words).
2025-11-30 17:21:39,392 - INFO - Duplicate article skipped: Pete Hegseth denies he gave orders to ‘kill everybody’ on alleged ‘narco-boat’ | Pete Hegseth | The Guardian from The Guardian
2025-11-30 17:21:39,714 - INFO - [BBC] Article: https://www.bbc.com/news/articles/c075zd0j2j3o?at_medium=RSS&at_campaign=rss
2025-11-30 17:21:39,714 - INFO - [BBC] Attempt 1/1: Trying with 'requests_browser' strategy...
2025-11-30 17:21:39,968 - INFO - [The Guardian] Article: https://www.theguardian.com/world/2025/nov/29/uk-mps-extra-aid-humanitarian-visas-jamaica-hurricane-melissa-dawn-butler
2025-11-30 17:21:39,968 - INFO - [The Guardian] Attempt 1/1: Trying with 'requests_browser' strategy...
2025-11-30 17:21:40,010 - INFO - [The Guardian] Success with 'requests_browser'. Found content (873 words).
2025-11-30 17:21:40,049 - INFO - Duplicate article skipped: UK MPs push for extra aid and visas as Jamaica reels from Hurricane Melissa | Jamaica | The Guardian from The Guardian
2025-11-30 17:21:40,234 - INFO - [BBC] Success with 'requests_browser'. Found content (316 words).
2025-11-30 17:21:40,268 - INFO - Duplicate article skipped: Couple accused of cheating with spycam to win A$1.2m in Australian casino from BBC
2025-11-30 17:21:40,621 - INFO - [The Guardian] Article: https://www.theguardian.com/us-news/2025/nov/28/trump-pardon-honduras-hernandez-drugs
2025-11-30 17:21:40,621 - INFO - [The Guardian] Attempt 1/1: Trying with 'requests_browser' strategy...
2025-11-30 17:21:40,657 - INFO - [The Guardian] Success with 'requests_browser'. Found content (558 words).
2025-11-30 17:21:40,693 - INFO - Duplicate article skipped: Trump to pardon ex-Honduras leader serving drug trafficking sentence in US | Donald Trump | The Guardian from The Guardian
2025-11-30 17:21:40,927 - INFO - [BBC] Article: https://www.bbc.com/news/articles/cp9ky5z2gx0o?at_medium=RSS&at_campaign=rss
2025-11-30 17:21:40,927 - INFO - [BBC] Attempt 1/1: Trying with 'requests_browser' strategy...
2025-11-30 17:21:40,970 - INFO - [BBC] Success with 'requests_browser'. Found content (508 words).
2025-11-30 17:21:41,005 - INFO - Duplicate article skipped: Ukraine hits tankers in Black Sea in escalation against Russia from BBC
2025-11-30 17:21:41,677 - INFO - [The Guardian] Article: https://www.theguardian.com/world/2025/nov/30/indonesia-thailand-floods
2025-11-30 17:21:41,677 - INFO - [The Guardian] Attempt 1/1: Trying with 'requests_browser' strategy...
2025-11-30 17:21:41,763 - INFO - [BBC] Article: https://www.bbc.com/news/articles/c741mpdyw9no?at_medium=RSS&at_campaign=rss
2025-11-30 17:21:41,763 - INFO - [BBC] Attempt 1/1: Trying with 'requests_browser' strategy...
2025-11-30 17:21:41,808 - INFO - [BBC] Success with 'requests_browser'. Found content (519 words).
2025-11-30 17:21:41,845 - INFO - Duplicate article skipped: Venezuela calls Trump airspace closure warning 'colonialist threat' from BBC
2025-11-30 17:21:41,866 - INFO - [The Guardian] Success with 'requests_browser'. Found content (910 words).
2025-11-30 17:21:41,912 - INFO - Duplicate article skipped: Indonesia and Thailand floods death toll passes 900 with hundreds still missing | Asia Pacific | The Guardian from The Guardian
2025-11-30 17:21:42,467 - INFO - [The Guardian] Article: https://www.theguardian.com/world/2025/nov/30/hong-kong-mourns-as-apartment-blaze-death-toll-rises
2025-11-30 17:21:42,467 - INFO - [The Guardian] Attempt 1/1: Trying with 'requests_browser' strategy...
2025-11-30 17:21:42,505 - INFO - [The Guardian] Success with 'requests_browser'. Found content (697 words).
2025-11-30 17:21:42,539 - INFO - Duplicate article skipped: Hong Kong mourns as apartment fire death toll rises to 146 | Hong Kong apartment fires | The Guardian from The Guardian
2025-11-30 17:21:42,951 - INFO - [BBC] Article: https://www.bbc.com/news/articles/c8e97kl240lo?at_medium=RSS&at_campaign=rss
2025-11-30 17:21:42,951 - INFO - [BBC] Attempt 1/1: Trying with 'requests_browser' strategy...
2025-11-30 17:21:43,565 - INFO - [BBC] Success with 'requests_browser'. Found content (324 words).
2025-11-30 17:21:43,599 - INFO - Duplicate article skipped: More than 70,000 killed in Gaza since Israel offensive began, Hamas-run health ministry says from BBC
2025-11-30 17:21:43,945 - INFO - [The Guardian] Article: https://www.theguardian.com/world/2025/nov/30/japan-one-piece-singer-maki-otsuki-stopped-mid-performance-as-japan-china-relations-sour
2025-11-30 17:21:43,945 - INFO - [The Guardian] Attempt 1/1: Trying with 'requests_browser' strategy...
2025-11-30 17:21:43,983 - INFO - [The Guardian] Success with 'requests_browser'. Found content (310 words).
2025-11-30 17:21:44,016 - INFO - Duplicate article skipped: Japan ‘One Piece’ singer stopped mid-performance as Japan-China relations sour | Japan | The Guardian from The Guardian
2025-11-30 17:21:44,490 - INFO - [BBC] Article: https://www.bbc.com/news/articles/c93wnyxjkxko?at_medium=RSS&at_campaign=rss
2025-11-30 17:21:44,490 - INFO - [BBC] Attempt 1/1: Trying with 'requests_browser' strategy...
2025-11-30 17:21:44,528 - INFO - [BBC] Success with 'requests_browser'. Found content (309 words).
2025-11-30 17:21:44,561 - INFO - Duplicate article skipped: French farm has €90,000 worth of escargot snails stolen from BBC
2025-11-30 17:21:45,118 - INFO - [The Guardian] Article: https://www.theguardian.com/us-news/ng-interactive/2025/nov/30/all-the-presidents-millions-how-the-trumps-are-turning-the-presidency-into-riches
2025-11-30 17:21:45,118 - INFO - [The Guardian] Attempt 1/1: Trying with 'requests_browser' strategy...
2025-11-30 17:21:45,166 - INFO - [The Guardian] Success with 'requests_browser'. Found content (2453 words).
2025-11-30 17:21:45,204 - INFO - Duplicate article skipped: All the president’s millions: how the Trumps are turning the presidency into riches | Donald Trump | The Guardian from The Guardian
2025-11-30 17:21:45,901 - INFO - [The Guardian] Article: https://www.theguardian.com/news/2025/nov/30/anger-mounts-in-hong-kong-over-apartment-fires-as-beijing-warns-against-anti-china-disruptors
2025-11-30 17:21:45,901 - INFO - [The Guardian] Attempt 1/1: Trying with 'requests_browser' strategy...
2025-11-30 17:21:45,915 - INFO - [BBC] Article: https://www.bbc.com/news/articles/cp39yw120kdo?at_medium=RSS&at_campaign=rss
2025-11-30 17:21:45,915 - INFO - [BBC] Attempt 1/1: Trying with 'requests_browser' strategy...
2025-11-30 17:21:45,938 - INFO - [The Guardian] Success with 'requests_browser'. Found content (560 words).
2025-11-30 17:21:45,970 - INFO - Duplicate article skipped: Anger mounts in Hong Kong over apartment fires as Beijing warns against ‘anti-China disruptors’ | Hong Kong apartment fires | The Guardian from The Guardian
2025-11-30 17:21:46,090 - INFO - [BBC] Success with 'requests_browser'. Found content (376 words).
2025-11-30 17:21:46,268 - INFO - Duplicate article skipped: The Wiggles issue statement after appearing in Ecstasy music video from BBC
2025-11-30 17:21:46,824 - INFO - [The Guardian] Article: https://www.theguardian.com/australia-news/2025/dec/01/gen-z-suicide-self-harm-more-other-generations
2025-11-30 17:21:46,824 - INFO - [The Guardian] Attempt 1/1: Trying with 'requests_browser' strategy...
2025-11-30 17:21:46,863 - INFO - [The Guardian] Success with 'requests_browser'. Found content (732 words).
2025-11-30 17:21:46,897 - INFO - Duplicate article skipped: Gen Z Australians are attempting suicide and self-harming more than previous generations, study finds | Health | The Guardian from The Guardian
2025-11-30 17:21:47,259 - INFO - [BBC] Article: https://www.bbc.com/news/articles/c4gp917zr8no?at_medium=RSS&at_campaign=rss
2025-11-30 17:21:47,259 - INFO - [BBC] Attempt 1/1: Trying with 'requests_browser' strategy...
2025-11-30 17:21:47,720 - INFO - [The Guardian] Article: https://www.theguardian.com/australia-news/2025/dec/01/senior-queensland-police-defended-detectives-victim-blaming-comments-hannah-clarke-murder
2025-11-30 17:21:47,720 - INFO - [The Guardian] Attempt 1/1: Trying with 'requests_browser' strategy...
2025-11-30 17:21:47,882 - INFO - [BBC] Success with 'requests_browser'. Found content (355 words).
2025-11-30 17:21:47,917 - INFO - Duplicate article skipped: Pope Leo visits Istanbul's Blue Mosque from BBC
2025-11-30 17:21:47,923 - INFO - [The Guardian] Success with 'requests_browser'. Found content (932 words).
2025-11-30 17:21:47,963 - INFO - Duplicate article skipped: ‘Victim blaming’ comments after Hannah Clarke murders were part of botched police media strategy | Australian police and policing | The Guardian from The Guardian
2025-11-30 17:21:48,788 - INFO - [BBC] Article: https://www.bbc.com/news/articles/ce865kpdzz8o?at_medium=RSS&at_campaign=rss
2025-11-30 17:21:48,788 - INFO - [BBC] Attempt 1/1: Trying with 'requests_browser' strategy...
2025-11-30 17:21:48,881 - INFO - [The Guardian] Article: https://www.theguardian.com/australia-news/live/2025/nov/30/australia-news-live-jetstar-flights-resume-anthony-albanese-sussan-ley-labor-part-coalition-melbourne-metro-tunnel-ntwnfb
2025-11-30 17:21:48,881 - INFO - [The Guardian] Attempt 1/1: Trying with 'requests_browser' strategy...
2025-11-30 17:21:49,099 - INFO - [The Guardian] Success with 'requests_browser'. Found content (2440 words).
2025-11-30 17:21:49,186 - INFO - Duplicate article skipped: Ley says Coalition’s migration principles will include ‘issues around language and values’ – as it happened | Australia news | The Guardian from The Guardian
2025-11-30 17:21:49,272 - INFO - [BBC] Success with 'requests_browser'. Found content (356 words).
2025-11-30 17:21:49,306 - INFO - Duplicate article skipped: Australian prime minister Albanese becomes first to wed in office from BBC
2025-11-30 17:21:50,225 - INFO - [BBC] Article: https://www.bbc.com/news/articles/cx2gylngx7go?at_medium=RSS&at_campaign=rss
2025-11-30 17:21:50,225 - INFO - [BBC] Attempt 1/1: Trying with 'requests_browser' strategy...
2025-11-30 17:21:50,378 - INFO - [BBC] Success with 'requests_browser'. Found content (625 words).
2025-11-30 17:21:50,414 - INFO - Duplicate article skipped: Russian strikes cause power outages for more than 600,000 in Ukraine from BBC
2025-11-30 17:21:50,608 - INFO - [The Guardian] Article: https://www.theguardian.com/environment/2025/nov/30/rising-tide-protest-climate-activists-stop-three-ships-from-entering-worlds-largest-coal-port-in-newcastle
2025-11-30 17:21:50,608 - INFO - [The Guardian] Attempt 1/1: Trying with 'requests_browser' strategy...
2025-11-30 17:21:50,655 - INFO - [The Guardian] Success with 'requests_browser'. Found content (847 words).
2025-11-30 17:21:50,706 - INFO - Duplicate article skipped: Rising Tide protest: climate activists stop three ships from entering world’s largest coal port in Newcastle | Newcastle and the Hunter | The Guardian from The Guardian
2025-11-30 17:21:51,404 - INFO - [BBC] Article: https://www.bbc.com/news/articles/c4gp9d28p74o?at_medium=RSS&at_campaign=rss
2025-11-30 17:21:51,404 - INFO - [BBC] Attempt 1/1: Trying with 'requests_browser' strategy...
2025-11-30 17:21:51,681 - INFO - [BBC] Success with 'requests_browser'. Found content (430 words).
2025-11-30 17:21:51,712 - INFO - Duplicate article skipped: Airbus: Flights resume as normal after software update warning from BBC
2025-11-30 17:21:52,083 - INFO - [The Guardian] Article: https://www.theguardian.com/australia-news/2025/nov/30/couple-from-kazakhstan-allegedly-used-hidden-camera-and-earpieces-to-win-118m-from-sydneys-crown-casino
2025-11-30 17:21:52,083 - INFO - [The Guardian] Attempt 1/1: Trying with 'requests_browser' strategy...
2025-11-30 17:21:52,128 - INFO - [The Guardian] Success with 'requests_browser'. Found content (361 words).
2025-11-30 17:21:52,175 - INFO - Duplicate article skipped: Couple from Kazakhstan allegedly used hidden camera and earpieces to win $1.18m from Sydney’s Crown casino | Gambling | The Guardian from The Guardian
2025-11-30 17:21:52,802 - INFO - [BBC] Article: https://www.bbc.com/news/articles/cvgj9dd983xo?at_medium=RSS&at_campaign=rss
2025-11-30 17:21:52,802 - INFO - [BBC] Attempt 1/1: Trying with 'requests_browser' strategy...
2025-11-30 17:21:53,571 - INFO - [BBC] Success with 'requests_browser'. Found content (790 words).
2025-11-30 17:21:53,608 - INFO - Duplicate article skipped: Nigeria blames jihadist groups for wave of kidnappings but others accuse criminal gangs from BBC
2025-11-30 17:21:54,692 - INFO - [BBC] Article: https://www.bbc.com/news/articles/c1kpm0rvxepo?at_medium=RSS&at_campaign=rss
2025-11-30 17:21:54,692 - INFO - [BBC] Attempt 1/1: Trying with 'requests_browser' strategy...
2025-11-30 17:21:54,910 - INFO - [BBC] Success with 'requests_browser'. Found content (557 words).
2025-11-30 17:21:54,945 - INFO - Duplicate article skipped: Trump says he will pardon ex-Honduras president convicted of drug trafficking from BBC
2025-11-30 17:21:55,883 - INFO - [BBC] Article: https://www.bbc.com/news/articles/c4g6we59qe4o?at_medium=RSS&at_campaign=rss
2025-11-30 17:21:55,883 - INFO - [BBC] Attempt 1/1: Trying with 'requests_browser' strategy...
2025-11-30 17:21:56,488 - INFO - [BBC] Success with 'requests_browser'. Found content (1841 words).
2025-11-30 17:21:56,528 - INFO - Duplicate article skipped: Nigeria's kidnapping crisis: 'Too scared to speak' - villagers on living in the midst of bandits from BBC
2025-11-30 17:21:57,659 - INFO - [BBC] Article: https://www.bbc.com/news/articles/c2465lndrnno?at_medium=RSS&at_campaign=rss
2025-11-30 17:21:57,659 - INFO - [BBC] Attempt 1/1: Trying with 'requests_browser' strategy...
2025-11-30 17:21:57,713 - INFO - [BBC] Success with 'requests_browser'. Found content (1352 words).
2025-11-30 17:21:57,751 - INFO - Duplicate article skipped: Will new warning labels in Ireland turn people away from alcohol? from BBC
2025-11-30 17:21:58,994 - INFO - [BBC] Article: https://www.bbc.com/news/articles/c5yq6g1gv4jo?at_medium=RSS&at_campaign=rss
2025-11-30 17:21:58,994 - INFO - [BBC] Attempt 1/1: Trying with 'requests_browser' strategy...
2025-11-30 17:21:59,155 - INFO - [BBC] Success with 'requests_browser'. Found content (1317 words).
2025-11-30 17:21:59,193 - INFO - Duplicate article skipped: Israel Gaza war: Why I spend hours painstakingly repairing banknotes from BBC
2025-11-30 17:22:08,599 - INFO - Selenium driver initialized successfully.
2025-11-30 17:22:08,599 - INFO - Starting scrape for The Hindu RSS feed: https://www.thehindu.com/news/national/feeder/default.rss
2025-11-30 17:22:08,600 - INFO - Selenium driver initialized successfully.
2025-11-30 17:22:08,600 - INFO - Starting scrape for Times of India RSS feed: https://timesofindia.indiatimes.com/rssfeeds/296589292.cms
2025-11-30 17:22:08,766 - INFO - Found 100 articles in The Hindu RSS feed. Processing up to 20.
2025-11-30 17:22:08,767 - INFO - [The Hindu] Article: https://www.thehindu.com/news/national/tripura/ipft-to-hold-protest-in-delhi-demanding-autonomous-tipra-territorial-council-through-constitutional-amendment/article70342830.ece
2025-11-30 17:22:08,767 - INFO - [The Hindu] Attempt 1/1: Trying with 'selenium_browser' strategy...
2025-11-30 17:22:09,126 - INFO - Found 20 articles in Times of India RSS feed. Processing up to 20.
2025-11-30 17:22:09,126 - INFO - [Times of India] Article: https://timesofindia.indiatimes.com/world/rest-of-world/global-first-turkish-uav-shoots-down-aircraft-with-bvr-air-to-air-missile-company-lauds-pinpoint-accuracy-watch/articleshow/125674346.cms
2025-11-30 17:22:09,126 - INFO - [Times of India] Attempt 1/1: Trying with 'selenium_browser' strategy...
2025-11-30 17:22:21,539 - INFO - [The Hindu] Page content loaded.
2025-11-30 17:22:21,770 - INFO - [The Hindu] Success with 'selenium_browser'. Found content (295 words).
2025-11-30 17:22:34,019 - INFO - Saved article: IPFT to hold protest in Delhi demanding autonomous Tipra Territorial Council through Constitutional amendment - The Hindu from The Hindu
2025-11-30 17:22:34,758 - INFO - [The Hindu] Article: https://www.thehindu.com/news/national/kerala/army-truck-gets-stuck-under-tree-branch-briefly-disrupts-traffic-at-pappanamcode/article70342645.ece
2025-11-30 17:22:34,758 - INFO - [The Hindu] Attempt 1/1: Trying with 'selenium_browser' strategy...
2025-11-30 17:22:35,771 - INFO - [The Hindu] Page content loaded.
2025-11-30 17:22:35,819 - INFO - [The Hindu] Success with 'selenium_browser'. Found content (119 words).
2025-11-30 17:22:48,220 - INFO - Saved article: Army truck gets stuck under tree branch; briefly disrupts traffic at Pappanamcode - The Hindu from The Hindu
2025-11-30 17:22:49,353 - INFO - [The Hindu] Article: https://www.thehindu.com/news/national/andhra-pradesh/mla-launches-development-works-in-krishna-district/article70342693.ece
2025-11-30 17:22:49,354 - INFO - [The Hindu] Attempt 1/1: Trying with 'selenium_browser' strategy...
2025-11-30 17:22:50,454 - INFO - [The Hindu] Page content loaded.
2025-11-30 17:22:50,525 - INFO - [The Hindu] Success with 'selenium_browser'. Found content (86 words).
2025-11-30 17:23:02,072 - INFO - Saved article: MLA launches development works in Krishna district - The Hindu from The Hindu
2025-11-30 17:23:02,789 - INFO - [The Hindu] Article: https://www.thehindu.com/news/national/kerala/bjp-promises-to-make-thiruvananthapuram-an-olympics-venue/article70342037.ece
2025-11-30 17:23:02,789 - INFO - [The Hindu] Attempt 1/1: Trying with 'selenium_browser' strategy...
2025-11-30 17:23:03,682 - INFO - [The Hindu] Page content loaded.
2025-11-30 17:23:03,728 - INFO - [The Hindu] Success with 'selenium_browser'. Found content (113 words).
2025-11-30 17:23:09,147 - ERROR - [Times of India] Request failed for strategy 'selenium_browser' on URL https://timesofindia.indiatimes.com/world/rest-of-world/global-first-turkish-uav-shoots-down-aircraft-with-bvr-air-to-air-missile-company-lauds-pinpoint-accuracy-watch/articleshow/125674346.cms: Message: timeout: Timed out receiving message from renderer: 59.590
  (Session info: chrome=142.0.7444.162)
Stacktrace:
#0 0x561e1e9ee32a <unknown>
#1 0x561e1e43ae4b <unknown>
#2 0x561e1e422e0d <unknown>
#3 0x561e1e422af0 <unknown>
#4 0x561e1e4208ff <unknown>
#5 0x561e1e42127f <unknown>
#6 0x561e1e42fca3 <unknown>
#7 0x561e1e449601 <unknown>
#8 0x561e1e44fe0b <unknown>
#9 0x561e1e4219bd <unknown>
#10 0x561e1e4493a7 <unknown>
#11 0x561e1e4da170 <unknown>
#12 0x561e1e47fc1a <unknown>
#13 0x561e1e480921 <unknown>
#14 0x561e1e9b5239 <unknown>
#15 0x561e1e9b81e8 <unknown>
#16 0x561e1e99e4c9 <unknown>
#17 0x561e1e9b8db5 <unknown>
#18 0x561e1e985e93 <unknown>
#19 0x561e1e9db098 <unknown>
#20 0x561e1e9db273 <unknown>
#21 0x561e1e9ed2c3 <unknown>
#22 0x7f8f0809caa4 <unknown>
#23 0x7f8f08129c6c <unknown>

2025-11-30 17:23:09,147 - ERROR - [Times of India] All scrape strategies failed for https://timesofindia.indiatimes.com/world/rest-of-world/global-first-turkish-uav-shoots-down-aircraft-with-bvr-air-to-air-missile-company-lauds-pinpoint-accuracy-watch/articleshow/125674346.cms. Falling back to RSS description.
2025-11-30 17:23:15,384 - INFO - DEDUPLICATION: Found match (Score: 0.82). Linking to Cluster ID: 3a493695-9725-4bb7-838e-58061f9d52a1
2025-11-30 17:23:15,385 - INFO - Saved article: BJP promises to make Thiruvananthapuram an Olympics venue - The Hindu from The Hindu
2025-11-30 17:23:15,385 - INFO - Duplicate article skipped: 'Global first': Turkey's drone shoots down aircraft with air-to-air missile - watch from Times of India
2025-11-30 17:23:16,474 - INFO - [Times of India] Article: https://timesofindia.indiatimes.com/world/uk/british-man-arrested-for-posing-with-a-gun-in-us-elon-musk-furious/articleshow/125674330.cms
2025-11-30 17:23:16,474 - INFO - [Times of India] Attempt 1/1: Trying with 'selenium_browser' strategy...
2025-11-30 17:23:16,490 - INFO - [The Hindu] Article: https://www.thehindu.com/news/national/rajasthan/order-directing-rajasthan-schools-to-mark-dec-6-as-shaurya-diwas-recalled/article70342376.ece
2025-11-30 17:23:16,490 - INFO - [The Hindu] Attempt 1/1: Trying with 'selenium_browser' strategy...
2025-11-30 17:23:17,737 - INFO - [The Hindu] Page content loaded.
2025-11-30 17:23:17,820 - INFO - [The Hindu] Success with 'selenium_browser'. Found content (416 words).
2025-11-30 17:23:31,334 - INFO - [Times of India] Page content loaded.
2025-11-30 17:23:31,714 - INFO - [Times of India] Success with 'selenium_browser'. Found content (326 words).
2025-11-30 17:23:32,323 - INFO - Saved article: Order directing Rajasthan schools to mark Dec. 6 as Shaurya Diwas recalled - The Hindu from The Hindu
2025-11-30 17:23:32,323 - INFO - Duplicate article skipped: British man arrested for posing with a gun in US, Elon Musk furious | World News - The Times of India from Times of India
2025-11-30 17:23:33,072 - INFO - [The Hindu] Article: https://www.thehindu.com/news/national/kerala/244-counting-centres-for-kerala-local-body-polls/article70342449.ece
2025-11-30 17:23:33,072 - INFO - [The Hindu] Attempt 1/1: Trying with 'selenium_browser' strategy...
2025-11-30 17:23:33,757 - INFO - [Times of India] Article: https://timesofindia.indiatimes.com/world/us/i-use-the-plane-less-than-my-predecessors-kash-patel-defends-himself-over-claims-he-used-an-fbi-jet-to-see-his-girlfriend/articleshow/125673505.cms
2025-11-30 17:23:33,757 - INFO - [Times of India] Attempt 1/1: Trying with 'selenium_browser' strategy...
2025-11-30 17:23:34,020 - INFO - [The Hindu] Page content loaded.
2025-11-30 17:23:34,063 - INFO - [The Hindu] Success with 'selenium_browser'. Found content (169 words).
2025-11-30 17:23:40,507 - INFO - [Times of India] Page content loaded.
2025-11-30 17:23:40,917 - INFO - [Times of India] Success with 'selenium_browser'. Found content (431 words).
2025-11-30 17:23:49,338 - INFO - Saved article: 244 counting centres for Kerala local body polls - The Hindu from The Hindu
2025-11-30 17:23:49,339 - INFO - Duplicate article skipped: ‘I use the plane less than my predecessors’: Kash Patel defends himself over claims he used an FBI jet to see his girlfriend | World News - The Times of India from Times of India
2025-11-30 17:23:50,361 - INFO - [Times of India] Article: https://timesofindia.indiatimes.com/etimes/trending/the-sun-has-disappeared-from-this-american-town-and-wont-return-until-next-year/articleshow/125672532.cms
2025-11-30 17:23:50,362 - INFO - [Times of India] Attempt 1/1: Trying with 'selenium_browser' strategy...
2025-11-30 17:23:50,807 - INFO - [The Hindu] Article: https://www.thehindu.com/news/national/congress-discusses-centres-stance-on-sir-debate-vande-mataram-anniversary/article70342699.ece
2025-11-30 17:23:50,807 - INFO - [The Hindu] Attempt 1/1: Trying with 'selenium_browser' strategy...
2025-11-30 17:23:52,109 - INFO - [The Hindu] Page content loaded.
2025-11-30 17:23:52,169 - INFO - [The Hindu] Success with 'selenium_browser'. Found content (325 words).
2025-11-30 17:24:01,812 - WARNING - [Times of India] Page timed out (10s). No <p> tags found. Proceeding anyway.
2025-11-30 17:24:02,100 - INFO - [Times of India] Success with 'selenium_browser'. Found content (984 words).
2025-11-30 17:24:06,217 - INFO - Saved article: Congress discusses Centre’s stance on SIR debate, Vande Mataram anniversary - The Hindu from The Hindu
2025-11-30 17:24:06,217 - INFO - Duplicate article skipped: The Sun has disappeared from this American town and won’t return until next year | - The Times of India from Times of India
2025-11-30 17:24:06,775 - INFO - [Times of India] Article: https://timesofindia.indiatimes.com/world/pakistan/reflects-political-bias-misinformation-pak-brazens-it-out-criticises-un-top-official-for-remarks-on-27th-constitutional-amendment/articleshow/125671389.cms
2025-11-30 17:24:06,775 - INFO - [Times of India] Attempt 1/1: Trying with 'selenium_browser' strategy...
2025-11-30 17:24:07,349 - INFO - [The Hindu] Article: https://www.thehindu.com/news/national/mha-writes-to-states-and-uts-to-consider-renaming-raj-bhavans-as-lok-bhavans/article70342512.ece
2025-11-30 17:24:07,349 - INFO - [The Hindu] Attempt 1/1: Trying with 'selenium_browser' strategy...
2025-11-30 17:24:07,564 - INFO - [Times of India] Page content loaded.
2025-11-30 17:24:07,752 - INFO - [Times of India] Success with 'selenium_browser'. Found content (378 words).
2025-11-30 17:24:07,837 - INFO - Duplicate article skipped: 'Reflects political bias, misinformation': Pak brazens it out; criticises UN top official for remarks on 27th constitutional amendment - The Times of India from Times of India
2025-11-30 17:24:08,480 - INFO - [Times of India] Article: https://timesofindia.indiatimes.com/world/middle-east/uae-revamps-lottery-rules-now-you-can-play-weekly-and-win-up-to-dh30-million/articleshow/125671257.cms
2025-11-30 17:24:08,480 - INFO - [Times of India] Attempt 1/1: Trying with 'selenium_browser' strategy...
2025-11-30 17:24:08,561 - INFO - [The Hindu] Page content loaded.
2025-11-30 17:24:08,623 - INFO - [The Hindu] Success with 'selenium_browser'. Found content (201 words).
2025-11-30 17:24:15,707 - INFO - [Times of India] Page content loaded.
2025-11-30 17:24:16,137 - INFO - [Times of India] Success with 'selenium_browser'. Found content (524 words).
2025-11-30 17:24:26,853 - INFO - DEDUPLICATION: Found match (Score: 0.77). Linking to Cluster ID: faae99bf-ba74-42d2-a3f5-63ef658d2e6f
2025-11-30 17:24:26,855 - INFO - Saved article: Centre writes to States to consider renaming Raj Bhavans as Lok Bhavans - The Hindu from The Hindu
2025-11-30 17:24:26,856 - INFO - Duplicate article skipped: UAE revamps lottery rules: Now you can play weekly and win up to Dh30 million | World News - The Times of India from Times of India
2025-11-30 17:24:28,227 - INFO - [The Hindu] Article: https://www.thehindu.com/news/national/andhra-pradesh/students-youth-asked-to-stay-away-from-drugs-ganja/article70342463.ece
2025-11-30 17:24:28,227 - INFO - [The Hindu] Attempt 1/1: Trying with 'selenium_browser' strategy...
2025-11-30 17:24:28,237 - INFO - [Times of India] Article: https://timesofindia.indiatimes.com/world/middle-east/uae-announces-rise-in-fuel-prices-for-december-2025-new-petrol-and-diesel-rates-explained/articleshow/125670749.cms
2025-11-30 17:24:28,237 - INFO - [Times of India] Attempt 1/1: Trying with 'selenium_browser' strategy...
2025-11-30 17:24:29,332 - INFO - [Times of India] Page content loaded.
2025-11-30 17:24:29,514 - INFO - [Times of India] Success with 'selenium_browser'. Found content (286 words).
2025-11-30 17:24:29,618 - INFO - Duplicate article skipped: UAE announces rise in fuel prices for December 2025 - New petrol and diesel rates explained | World News - The Times of India from Times of India
2025-11-30 17:24:29,686 - INFO - [The Hindu] Page content loaded.
2025-11-30 17:24:29,733 - INFO - [The Hindu] Success with 'selenium_browser'. Found content (293 words).
2025-11-30 17:24:29,829 - INFO - Duplicate article skipped: Students, youth asked to stay away from drugs, ganja - The Hindu from The Hindu
2025-11-30 17:24:30,837 - INFO - [Times of India] Article: https://timesofindia.indiatimes.com/science/how-africa-may-become-earths-next-ocean-basin-in-5-to-10-million-years-giving-birth-to-a-new-ocean/articleshow/125663914.cms
2025-11-30 17:24:30,837 - INFO - [Times of India] Attempt 1/1: Trying with 'selenium_browser' strategy...
2025-11-30 17:24:31,278 - INFO - [The Hindu] Article: https://www.thehindu.com/news/national/karnataka/youth-to-take-out-rally-in-dharwad-today-to-get-vacant-posts-filled/article70341895.ece
2025-11-30 17:24:31,278 - INFO - [The Hindu] Attempt 1/1: Trying with 'selenium_browser' strategy...
2025-11-30 17:24:32,089 - INFO - [Times of India] Page content loaded.
2025-11-30 17:24:32,220 - INFO - [Times of India] Success with 'selenium_browser'. Found content (852 words).
2025-11-30 17:24:32,295 - INFO - Duplicate article skipped: How Africa may become Earth’s next ocean basin in 5 to 10 million years giving birth to a new ocean | - The Times of India from Times of India
2025-11-30 17:24:32,806 - INFO - [Times of India] Article: https://timesofindia.indiatimes.com/world/middle-east/uae-drivers-license-2025-which-countries-can-skip-the-test-and-drive-with-their-home-license/articleshow/125670342.cms
2025-11-30 17:24:32,806 - INFO - [Times of India] Attempt 1/1: Trying with 'selenium_browser' strategy...
2025-11-30 17:24:35,362 - INFO - [The Hindu] Page content loaded.
2025-11-30 17:24:35,482 - INFO - [The Hindu] Success with 'selenium_browser'. Found content (438 words).
2025-11-30 17:24:35,683 - INFO - Duplicate article skipped: Youth to take out rally in Dharwad today to get vacant posts filled - The Hindu from The Hindu
2025-11-30 17:24:36,798 - INFO - [The Hindu] Article: https://www.thehindu.com/news/cities/chennai/cyclone-ditwah-weakens-moves-northward-slowly-along-tamil-nadu-coast/article70342177.ece
2025-11-30 17:24:36,798 - INFO - [The Hindu] Attempt 1/1: Trying with 'selenium_browser' strategy...
2025-11-30 17:24:37,607 - INFO - [Times of India] Page content loaded.
2025-11-30 17:24:37,670 - INFO - [The Hindu] Page content loaded.
2025-11-30 17:24:37,743 - INFO - [The Hindu] Success with 'selenium_browser'. Found content (223 words).
2025-11-30 17:24:37,860 - INFO - Duplicate article skipped: Cyclone Ditwah weakens, moves northward slowly along Tamil Nadu coast - The Hindu from The Hindu
2025-11-30 17:24:38,050 - INFO - [Times of India] Success with 'selenium_browser'. Found content (1264 words).
2025-11-30 17:24:38,218 - INFO - Duplicate article skipped: UAE Driver’s License 2025: Which countries can skip the test and drive with their home license? | World News - The Times of India from Times of India
2025-11-30 17:24:39,336 - INFO - [The Hindu] Article: https://www.thehindu.com/news/national/bihar/5-killed-several-injured-as-truck-rams-into-vehicles-in-bihar/article70342634.ece
2025-11-30 17:24:39,336 - INFO - [The Hindu] Attempt 1/1: Trying with 'selenium_browser' strategy...
2025-11-30 17:24:39,543 - INFO - [Times of India] Article: https://timesofindia.indiatimes.com/world/europe/swiss-vote-on-compulsory-civic-duty-climate-tax-for-super-rich/articleshow/125669403.cms
2025-11-30 17:24:39,543 - INFO - [Times of India] Attempt 1/1: Trying with 'selenium_browser' strategy...
2025-11-30 17:24:40,698 - INFO - [The Hindu] Page content loaded.
2025-11-30 17:24:40,743 - INFO - [The Hindu] Success with 'selenium_browser'. Found content (167 words).
2025-11-30 17:24:40,833 - INFO - Duplicate article skipped: Five killed, several injured as truck rams into vehicles in Bihar - The Hindu from The Hindu
2025-11-30 17:24:41,405 - INFO - [The Hindu] Article: https://www.thehindu.com/news/national/karnataka/dakshayini-avva-receives-tontadarya-siddalinga-swamy-memorial-award-in-dubai/article70342066.ece
2025-11-30 17:24:41,405 - INFO - [The Hindu] Attempt 1/1: Trying with 'selenium_browser' strategy...
2025-11-30 17:24:43,154 - INFO - [The Hindu] Page content loaded.
2025-11-30 17:24:43,479 - INFO - [The Hindu] Success with 'selenium_browser'. Found content (344 words).
2025-11-30 17:24:43,702 - INFO - Duplicate article skipped: Dakshayini Avva receives Tontadarya Siddalinga Swamy Memorial Award in Dubai - The Hindu from The Hindu
2025-11-30 17:24:44,588 - INFO - [The Hindu] Article: https://www.thehindu.com/news/national/judgments-must-not-be-tossed-out-after-their-authors-retire-justice-nagarathna/article70342701.ece
2025-11-30 17:24:44,589 - INFO - [The Hindu] Attempt 1/1: Trying with 'selenium_browser' strategy...
2025-11-30 17:24:46,891 - INFO - [The Hindu] Page content loaded.
2025-11-30 17:24:47,043 - INFO - [The Hindu] Success with 'selenium_browser'. Found content (367 words).
2025-11-30 17:24:47,123 - INFO - Duplicate article skipped: Judgments must not be ‘tossed out’ after their authors retire: Justice Nagarathna - The Hindu from The Hindu
2025-11-30 17:24:48,529 - INFO - [The Hindu] Article: https://www.thehindu.com/news/national/uttar-pradesh/akhilesh-flags-commercialisation-of-janeshwar-mishra-park-calls-for-citizens-movement-against-up-government/article70342084.ece
2025-11-30 17:24:48,529 - INFO - [The Hindu] Attempt 1/1: Trying with 'selenium_browser' strategy...
2025-11-30 17:24:49,459 - INFO - [The Hindu] Page content loaded.
2025-11-30 17:24:49,511 - INFO - [The Hindu] Success with 'selenium_browser'. Found content (290 words).
2025-11-30 17:24:49,847 - INFO - Duplicate article skipped: Akhilesh flags ‘commercialisation’ of Janeshwar Mishra Park, calls for citizens’ movement against U.P. government - The Hindu from The Hindu
2025-11-30 17:24:51,237 - INFO - [The Hindu] Article: https://www.thehindu.com/news/national/karnataka/divide-belagavi-district-for-administrative-convenience-says-balachandra-jarkiholi/article70342112.ece
2025-11-30 17:24:51,237 - INFO - [The Hindu] Attempt 1/1: Trying with 'selenium_browser' strategy...
2025-11-30 17:24:51,515 - WARNING - [Times of India] Page timed out (10s). No <p> tags found. Proceeding anyway.
2025-11-30 17:24:51,809 - INFO - [Times of India] Success with 'selenium_browser'. Found content (540 words).
2025-11-30 17:24:51,941 - INFO - Duplicate article skipped: Swiss vote on compulsory civic duty, climate tax for super-rich - The Times of India from Times of India
2025-11-30 17:24:52,098 - INFO - [The Hindu] Page content loaded.
2025-11-30 17:24:52,141 - INFO - [The Hindu] Success with 'selenium_browser'. Found content (254 words).
2025-11-30 17:24:52,214 - INFO - Duplicate article skipped: Divide Belagavi district for administrative convenience, says Balachandra Jarkiholi - The Hindu from The Hindu
2025-11-30 17:24:53,241 - INFO - [Times of India] Article: https://timesofindia.indiatimes.com/world/us/irresponsible-dangerous-fda-memo-links-covid-shots-to-children-deaths-proposes-new-vaccine-rules/articleshow/125668221.cms
2025-11-30 17:24:53,241 - INFO - [Times of India] Attempt 1/1: Trying with 'selenium_browser' strategy...
2025-11-30 17:24:53,513 - INFO - [The Hindu] Article: https://www.thehindu.com/news/national/karnataka/52-mobile-phones-sim-cards-seized-in-two-day-raids-at-parappana-agrahara-prison/article70341278.ece
2025-11-30 17:24:53,515 - INFO - [The Hindu] Attempt 1/1: Trying with 'selenium_browser' strategy...
2025-11-30 17:24:54,503 - INFO - [Times of India] Page content loaded.
2025-11-30 17:24:54,670 - INFO - [Times of India] Success with 'selenium_browser'. Found content (463 words).
2025-11-30 17:24:54,755 - INFO - Duplicate article skipped: 'Irresponsible, dangerous': FDA memo links Covid shots to children deaths; proposes new vaccine rules - The Times of India from Times of India
2025-11-30 17:24:54,915 - INFO - [The Hindu] Page content loaded.
2025-11-30 17:24:54,992 - INFO - [The Hindu] Success with 'selenium_browser'. Found content (342 words).
2025-11-30 17:24:55,082 - INFO - Duplicate article skipped: 52 mobile phones, SIM cards seized in two-day raids at Parappana Agrahara prison - The Hindu from The Hindu
2025-11-30 17:24:55,611 - INFO - [The Hindu] Article: https://www.thehindu.com/news/national/bihar/aim-to-lift-bihar-urbanisation-rate-to-national-average-nitin-nabin/article70342104.ece
2025-11-30 17:24:55,611 - INFO - [The Hindu] Attempt 1/1: Trying with 'selenium_browser' strategy...
2025-11-30 17:24:55,798 - INFO - [Times of India] Article: https://timesofindia.indiatimes.com/world/middle-east/uae-is-changing-key-tax-rules-from-january-2026-heres-what-it-means-for-you/articleshow/125668742.cms
2025-11-30 17:24:55,798 - INFO - [Times of India] Attempt 1/1: Trying with 'selenium_browser' strategy...
2025-11-30 17:24:56,699 - INFO - [The Hindu] Page content loaded.
2025-11-30 17:24:56,772 - INFO - [The Hindu] Success with 'selenium_browser'. Found content (375 words).
2025-11-30 17:24:56,882 - INFO - Duplicate article skipped: Aim is to lift State’s urbanisation rate to national average: Bihar Minister Nitin Nabin - The Hindu from The Hindu
2025-11-30 17:24:57,155 - INFO - [Times of India] Page content loaded.
2025-11-30 17:24:57,458 - INFO - [Times of India] Success with 'selenium_browser'. Found content (899 words).
2025-11-30 17:24:57,585 - INFO - Duplicate article skipped: UAE is changing key tax rules from January 2026 — here’s what it means for you | World News - The Times of India from Times of India
2025-11-30 17:24:58,183 - INFO - [The Hindu] Article: https://www.thehindu.com/news/national/telangana/robbery-case-cracked-within-24-hours-of-crime-in-jagtial/article70342550.ece
2025-11-30 17:24:58,185 - INFO - [The Hindu] Attempt 1/1: Trying with 'selenium_browser' strategy...
2025-11-30 17:24:58,966 - INFO - [Times of India] Article: https://timesofindia.indiatimes.com/world/middle-east/dubai-telecom-giant-offers-54gb-free-data-for-uae-54th-national-day/articleshow/125668394.cms
2025-11-30 17:24:58,966 - INFO - [Times of India] Attempt 1/1: Trying with 'selenium_browser' strategy...
2025-11-30 17:24:59,584 - INFO - [The Hindu] Page content loaded.
2025-11-30 17:24:59,655 - INFO - [The Hindu] Success with 'selenium_browser'. Found content (149 words).
2025-11-30 17:24:59,788 - INFO - Duplicate article skipped: Robbery case cracked within 24 hours of crime in Jagtial - The Hindu from The Hindu
2025-11-30 17:25:01,120 - INFO - [The Hindu] Article: https://www.thehindu.com/news/national/karnataka/woman-loses-205-crore-to-digital-arrest-scam/article70341184.ece
2025-11-30 17:25:01,120 - INFO - [The Hindu] Attempt 1/1: Trying with 'selenium_browser' strategy...
2025-11-30 17:25:02,736 - INFO - [The Hindu] Page content loaded.
2025-11-30 17:25:02,826 - INFO - [The Hindu] Success with 'selenium_browser'. Found content (372 words).
2025-11-30 17:25:02,964 - INFO - Duplicate article skipped: Woman loses ₹2.05 crore to ‘digital arrest’ scam - The Hindu from The Hindu
2025-11-30 17:25:03,949 - INFO - [The Hindu] (Thread) Finished. Attempting to shut down its Selenium driver.
2025-11-30 17:25:04,330 - INFO - [The Hindu] (Thread) driver.quit() successful.
2025-11-30 17:25:58,992 - ERROR - [Times of India] Request failed for strategy 'selenium_browser' on URL https://timesofindia.indiatimes.com/world/middle-east/dubai-telecom-giant-offers-54gb-free-data-for-uae-54th-national-day/articleshow/125668394.cms: Message: timeout: Timed out receiving message from renderer: 59.223
  (Session info: chrome=142.0.7444.162)
Stacktrace:
#0 0x561e1e9ee32a <unknown>
#1 0x561e1e43ae4b <unknown>
#2 0x561e1e422e0d <unknown>
#3 0x561e1e422af0 <unknown>
#4 0x561e1e4208ff <unknown>
#5 0x561e1e42127f <unknown>
#6 0x561e1e42fca3 <unknown>
#7 0x561e1e449601 <unknown>
#8 0x561e1e44fe0b <unknown>
#9 0x561e1e4219bd <unknown>
#10 0x561e1e4493a7 <unknown>
#11 0x561e1e4da170 <unknown>
#12 0x561e1e47fc1a <unknown>
#13 0x561e1e480921 <unknown>
#14 0x561e1e9b5239 <unknown>
#15 0x561e1e9b81e8 <unknown>
#16 0x561e1e99e4c9 <unknown>
#17 0x561e1e9b8db5 <unknown>
#18 0x561e1e985e93 <unknown>
#19 0x561e1e9db098 <unknown>
#20 0x561e1e9db273 <unknown>
#21 0x561e1e9ed2c3 <unknown>
#22 0x7f8f0809caa4 <unknown>
#23 0x7f8f08129c6c <unknown>

2025-11-30 17:25:58,992 - ERROR - [Times of India] All scrape strategies failed for https://timesofindia.indiatimes.com/world/middle-east/dubai-telecom-giant-offers-54gb-free-data-for-uae-54th-national-day/articleshow/125668394.cms. Falling back to RSS description.
2025-11-30 17:25:58,993 - INFO - Duplicate article skipped: Dubai telecom giant offers 54GB free data for UAE 54th National Day from Times of India
2025-11-30 17:26:00,073 - INFO - [Times of India] Article: https://timesofindia.indiatimes.com/world/rest-of-world/malaysia-custody-deaths-over-300-migrants-died-since-2020-raids-intensify-on-illegal-immigrants/articleshow/125668158.cms
2025-11-30 17:26:00,073 - INFO - [Times of India] Attempt 1/1: Trying with 'selenium_browser' strategy...
2025-11-30 17:26:02,765 - INFO - [Times of India] Page content loaded.
2025-11-30 17:26:03,120 - INFO - [Times of India] Success with 'selenium_browser'. Found content (599 words).
2025-11-30 17:26:03,212 - INFO - Duplicate article skipped: Malaysia custody deaths: Over 300 migrants died since 2020; raids intensify on illegal immigrants - The Times of India from Times of India
2025-11-30 17:26:04,488 - INFO - [Times of India] Article: https://timesofindia.indiatimes.com/world/rest-of-world/congo-disaster-boat-capsizes-on-lake-mai-ndombe-due-to-violent-winds-20-dead/articleshow/125668175.cms
2025-11-30 17:26:04,488 - INFO - [Times of India] Attempt 1/1: Trying with 'selenium_browser' strategy...
2025-11-30 17:26:06,105 - INFO - [Times of India] Page content loaded.
2025-11-30 17:26:06,249 - INFO - [Times of India] Success with 'selenium_browser'. Found content (204 words).
2025-11-30 17:26:06,301 - INFO - Duplicate article skipped: Congo disaster: Boat capsizes on Lake Mai-Ndombe due to violent winds; 20 dead - The Times of India from Times of India
2025-11-30 17:26:07,364 - INFO - [Times of India] Article: https://timesofindia.indiatimes.com/world/us/donald-trumps-childhood-home-up-for-sale-queens-house-hits-market-again-at-2-3-million-know-all-about-the-tudor-style-property/articleshow/125668187.cms
2025-11-30 17:26:07,364 - INFO - [Times of India] Attempt 1/1: Trying with 'selenium_browser' strategy...
2025-11-30 17:26:08,426 - INFO - [Times of India] Page content loaded.
2025-11-30 17:26:08,575 - INFO - [Times of India] Success with 'selenium_browser'. Found content (346 words).
2025-11-30 17:26:08,632 - INFO - Duplicate article skipped: Donald Trump’s childhood home up for sale: Queens house hits market again at $2.3 million - know all about the Tudor-style property - The Times of India from Times of India
2025-11-30 17:26:09,998 - INFO - [Times of India] Article: https://timesofindia.indiatimes.com/world/rest-of-world/nigeria-12-abducted-borno-woman-and-girls-released/articleshow/125668218.cms
2025-11-30 17:26:09,998 - INFO - [Times of India] Attempt 1/1: Trying with 'selenium_browser' strategy...
2025-11-30 17:26:21,415 - WARNING - [Times of India] Page timed out (10s). No <p> tags found. Proceeding anyway.
2025-11-30 17:26:21,572 - INFO - [Times of India] Success with 'selenium_browser'. Found content (340 words).
2025-11-30 17:26:21,833 - INFO - Duplicate article skipped: Nigeria: 12 abducted Borno woman and girls released - The Times of India from Times of India
2025-11-30 17:26:22,296 - CRITICAL - --- TIMEOUT: 1 scrape jobs did not complete in 300s. ---
2025-11-30 17:26:22,296 - ERROR - A thread has timed out and will be abandoned.
2025-11-30 17:26:22,296 - INFO - Shutting down thread pool (wait=False)...
2025-11-30 17:26:22,296 - INFO - Scraped: 1 BBC, 0 The Guardian, 8 The Hindu, 1 Timed_Out_Jobs articles. (Total saved: 9)
2025-11-30 17:26:22,296 - INFO - --- Scraping job finished ---
2025-11-30 17:26:22,296 - INFO - --- Scraper service stopped and database connection closed. ---
2025-11-30 17:26:22,297 - INFO - --- Main thread finished. Forcing process exit to kill zombie threads. ---
