2025-12-02 19:23:42,002 - INFO - Loading AI Semantic Model (all-MiniLM-L6-v2)...
2025-12-02 19:23:42,003 - INFO - Use pytorch device_name: cpu
2025-12-02 19:23:42,003 - INFO - Load pretrained SentenceTransformer: all-MiniLM-L6-v2
2025-12-02 19:23:42,549 - INFO - AI Model loaded successfully.
2025-12-02 19:23:42,549 - INFO - Initializing database connection at: news_articles.db
2025-12-02 19:23:42,550 - INFO - --- Scraper service started (CI Mode: Run Once) ---
2025-12-02 19:23:42,550 - INFO - --- Starting new scraping job (Parallel Mode) ---
2025-12-02 19:23:42,550 - INFO - Creating new robust session with 3 retries on 5xx/connection/read errors.
2025-12-02 19:23:42,550 - INFO - Proxy is DISABLED.
2025-12-02 19:23:42,550 - INFO - Starting scrape for BBC RSS feed: http://feeds.bbci.co.uk/news/world/rss.xml
2025-12-02 19:23:42,551 - INFO - [Times of India] (Thread) requires Selenium. Initializing driver...
2025-12-02 19:23:42,551 - INFO - Initializing headless Selenium Chrome driver (using SeleniumManager)...
2025-12-02 19:23:42,553 - INFO - Starting scrape for The Guardian RSS feed: https://www.theguardian.com/world/rss
2025-12-02 19:23:42,554 - INFO - [The Hindu] (Thread) requires Selenium. Initializing driver...
2025-12-02 19:23:42,554 - INFO - Submitted 4 jobs to thread pool. Waiting up to 300s for completion...
2025-12-02 19:23:42,554 - INFO - Initializing headless Selenium Chrome driver (using SeleniumManager)...
2025-12-02 19:23:42,647 - INFO - Found 44 articles in The Guardian RSS feed. Processing up to 20.
2025-12-02 19:23:42,647 - INFO - [The Guardian] Article: https://www.theguardian.com/world/2025/dec/01/south-africans-court-alleged-recruitment-russia-war-ukraine
2025-12-02 19:23:42,647 - INFO - [The Guardian] Attempt 1/1: Trying with 'requests_browser' strategy...
2025-12-02 19:23:42,675 - INFO - Found 36 articles in BBC RSS feed. Processing up to 20.
2025-12-02 19:23:42,676 - INFO - [BBC] Article: https://www.bbc.com/news/articles/cpq47derx2vo?at_medium=RSS&at_campaign=rss
2025-12-02 19:23:42,676 - INFO - [BBC] Attempt 1/1: Trying with 'requests_browser' strategy...
2025-12-02 19:23:42,690 - INFO - [The Guardian] Success with 'requests_browser'. Found content (506 words).
2025-12-02 19:23:42,735 - INFO - Duplicate article skipped: Five South Africans in court over alleged recruitment for Russia’s war in Ukraine | South Africa | The Guardian from The Guardian
2025-12-02 19:23:42,985 - INFO - [BBC] Success with 'requests_browser'. Found content (991 words).
2025-12-02 19:23:43,020 - INFO - Duplicate article skipped: Ukrainians in war-ravaged Donbas weigh prospects of peace deal from BBC
2025-12-02 19:23:44,080 - INFO - [The Guardian] Article: https://www.theguardian.com/global-development/2025/dec/01/global-health-hiv-aids-funding-cuts-infections-prevention
2025-12-02 19:23:44,080 - INFO - [The Guardian] Attempt 1/1: Trying with 'requests_browser' strategy...
2025-12-02 19:23:44,108 - INFO - [The Guardian] Success with 'requests_browser'. Found content (674 words).
2025-12-02 19:23:44,133 - INFO - [BBC] Article: https://www.bbc.com/news/articles/c0r95q9kv1go?at_medium=RSS&at_campaign=rss
2025-12-02 19:23:44,138 - INFO - [BBC] Attempt 1/1: Trying with 'requests_browser' strategy...
2025-12-02 19:23:44,146 - INFO - Duplicate article skipped: Aid cuts have shaken HIV/Aids care to its core – and will mean millions more infections ahead | Global health | The Guardian from The Guardian
2025-12-02 19:23:44,188 - INFO - [BBC] Success with 'requests_browser'. Found content (1075 words).
2025-12-02 19:23:44,226 - INFO - Duplicate article skipped: US authorised second deadly Venezuela boat strike, White House says from BBC
2025-12-02 19:23:44,772 - INFO - [BBC] Article: https://www.bbc.com/news/articles/cedxyvx74p4o?at_medium=RSS&at_campaign=rss
2025-12-02 19:23:44,772 - INFO - [BBC] Attempt 1/1: Trying with 'requests_browser' strategy...
2025-12-02 19:23:44,832 - INFO - [The Guardian] Article: https://www.theguardian.com/world/2025/nov/30/african-leaders-push-for-recognition-of-colonial-crimes-and-reparations
2025-12-02 19:23:44,832 - INFO - [The Guardian] Attempt 1/1: Trying with 'requests_browser' strategy...
2025-12-02 19:23:44,881 - INFO - [The Guardian] Success with 'requests_browser'. Found content (670 words).
2025-12-02 19:23:44,925 - INFO - Duplicate article skipped: African leaders push for recognition of colonial crimes and reparations | Colonialism | The Guardian from The Guardian
2025-12-02 19:23:44,932 - INFO - [BBC] Success with 'requests_browser'. Found content (768 words).
2025-12-02 19:23:44,967 - INFO - Duplicate article skipped: Sanchar Saathi: India mandates state-owned cyber safety app on all smartphones from BBC
2025-12-02 19:23:45,513 - INFO - [BBC] Article: https://www.bbc.com/news/articles/cn41jge1990o?at_medium=RSS&at_campaign=rss
2025-12-02 19:23:45,513 - INFO - [BBC] Attempt 1/1: Trying with 'requests_browser' strategy...
2025-12-02 19:23:45,566 - INFO - [BBC] Success with 'requests_browser'. Found content (595 words).
2025-12-02 19:23:45,753 - INFO - Duplicate article skipped: Pope prays at site of Beirut port blast at end of Lebanon visit from BBC
2025-12-02 19:23:45,952 - INFO - [The Guardian] Article: https://www.theguardian.com/world/2025/nov/28/jacob-zuma-daughter-resigns-claims-south-africans-tricked-fight-russia
2025-12-02 19:23:45,953 - INFO - [The Guardian] Attempt 1/1: Trying with 'requests_browser' strategy...
2025-12-02 19:23:45,979 - INFO - [The Guardian] Success with 'requests_browser'. Found content (753 words).
2025-12-02 19:23:46,013 - INFO - Duplicate article skipped: Jacob Zuma’s daughter resigns amid claims South Africans tricked to fight for Russia | South Africa | The Guardian from The Guardian
2025-12-02 19:23:46,849 - INFO - [The Guardian] Article: https://www.theguardian.com/environment/2025/nov/28/africa-forests-transformed-carbon-sink-carbon-source-study
2025-12-02 19:23:46,849 - INFO - [The Guardian] Attempt 1/1: Trying with 'requests_browser' strategy...
2025-12-02 19:23:46,880 - INFO - [The Guardian] Success with 'requests_browser'. Found content (458 words).
2025-12-02 19:23:46,914 - INFO - Duplicate article skipped: Africa’s forests transformed from carbon sink to carbon source, study finds | Climate crisis | The Guardian from The Guardian
2025-12-02 19:23:47,253 - INFO - [BBC] Article: https://www.bbc.com/news/articles/c0q5n3x0jn9o?at_medium=RSS&at_campaign=rss
2025-12-02 19:23:47,253 - INFO - [BBC] Attempt 1/1: Trying with 'requests_browser' strategy...
2025-12-02 19:23:47,358 - INFO - [BBC] Success with 'requests_browser'. Found content (328 words).
2025-12-02 19:23:47,391 - INFO - Duplicate article skipped: Thousands of rounds of German army ammunition stolen from lorry from BBC
2025-12-02 19:23:47,996 - INFO - [BBC] Article: https://www.bbc.com/news/articles/cjezwzw088jo?at_medium=RSS&at_campaign=rss
2025-12-02 19:23:47,996 - INFO - [BBC] Attempt 1/1: Trying with 'requests_browser' strategy...
2025-12-02 19:23:47,999 - INFO - [The Guardian] Article: https://www.theguardian.com/us-news/live/2025/dec/02/donald-trump-pete-hegseth-boat-venezuela-maduro-tennessee-us-politics-live-news-updates
2025-12-02 19:23:47,999 - INFO - [The Guardian] Attempt 1/1: Trying with 'requests_browser' strategy...
2025-12-02 19:23:48,217 - INFO - [The Guardian] Success with 'requests_browser'. Found content (1474 words).
2025-12-02 19:23:48,331 - INFO - Duplicate article skipped: Hegseth says he did not ‘stick around’ to watch second strike on alleged drug boat, but says admiral made ‘right call’ – US politics live | Pete Hegseth | The Guardian from The Guardian
2025-12-02 19:23:48,337 - INFO - [BBC] Success with 'requests_browser'. Found content (501 words).
2025-12-02 19:23:48,372 - INFO - Duplicate article skipped: Bulgaria ditches budget plan after tens of thousands join protests from BBC
2025-12-02 19:23:49,220 - INFO - [The Guardian] Article: https://www.theguardian.com/world/2025/dec/02/trump-intervention-honduras-presidential-vote-count-stalls-nasry-asfura
2025-12-02 19:23:49,220 - INFO - [The Guardian] Attempt 1/1: Trying with 'requests_browser' strategy...
2025-12-02 19:23:49,253 - INFO - [The Guardian] Success with 'requests_browser'. Found content (944 words).
2025-12-02 19:23:49,295 - INFO - Duplicate article skipped: Trump frees ex-Honduran president from prison as country awaits knife-edge election result | Honduras | The Guardian from The Guardian
2025-12-02 19:23:49,827 - INFO - [BBC] Article: https://www.bbc.com/news/articles/c93n4nx5yqro?at_medium=RSS&at_campaign=rss
2025-12-02 19:23:49,827 - INFO - [BBC] Attempt 1/1: Trying with 'requests_browser' strategy...
2025-12-02 19:23:49,874 - INFO - [BBC] Success with 'requests_browser'. Found content (1032 words).
2025-12-02 19:23:49,911 - INFO - Duplicate article skipped: Why is US President Trump threatening Venezuela's President Maduro? from BBC
2025-12-02 19:23:50,615 - INFO - [The Guardian] Article: https://www.theguardian.com/us-news/2025/dec/02/pete-hegseth-franklin-the-turtle
2025-12-02 19:23:50,615 - INFO - [The Guardian] Attempt 1/1: Trying with 'requests_browser' strategy...
2025-12-02 19:23:50,662 - INFO - [The Guardian] Success with 'requests_browser'. Found content (438 words).
2025-12-02 19:23:50,697 - INFO - Duplicate article skipped: Publisher condemns ‘violent’ use of Franklin the Turtle after Hegseth’s boat strike post | Pete Hegseth | The Guardian from The Guardian
2025-12-02 19:23:50,942 - INFO - [BBC] Article: https://www.bbc.com/news/articles/ce3wq2zznz1o?at_medium=RSS&at_campaign=rss
2025-12-02 19:23:50,942 - INFO - [BBC] Attempt 1/1: Trying with 'requests_browser' strategy...
2025-12-02 19:23:51,056 - INFO - [BBC] Success with 'requests_browser'. Found content (740 words).
2025-12-02 19:23:51,093 - INFO - Duplicate article skipped: Guinea Bissau coup: Nigeria grants asylum to presidential candidate Fernando Dias from BBC
2025-12-02 19:23:51,497 - INFO - [The Guardian] Article: https://www.theguardian.com/us-news/2025/dec/02/monterrey-mexico-air-quality-industrial-pollution
2025-12-02 19:23:51,497 - INFO - [The Guardian] Attempt 1/1: Trying with 'requests_browser' strategy...
2025-12-02 19:23:51,542 - INFO - [The Guardian] Success with 'requests_browser'. Found content (3688 words).
2025-12-02 19:23:51,591 - INFO - Duplicate article skipped: Revealed: Mexico’s industrial boomtown is making goods for the US. Residents say they’re ‘breathing poison’ | Mexico | The Guardian from The Guardian
2025-12-02 19:23:52,524 - INFO - [BBC] Article: https://www.bbc.com/news/articles/ce8ng18p7v3o?at_medium=RSS&at_campaign=rss
2025-12-02 19:23:52,524 - INFO - [BBC] Attempt 1/1: Trying with 'requests_browser' strategy...
2025-12-02 19:23:52,528 - INFO - [The Guardian] Article: https://www.theguardian.com/world/2025/dec/02/st-lucia-election-prime-minister-philip-pierre-wins
2025-12-02 19:23:52,528 - INFO - [The Guardian] Attempt 1/1: Trying with 'requests_browser' strategy...
2025-12-02 19:23:52,559 - INFO - [The Guardian] Success with 'requests_browser'. Found content (313 words).
2025-12-02 19:23:52,597 - INFO - Duplicate article skipped: St Lucia prime minister Philip Pierre keeps majority as ruling party wins | St Lucia | The Guardian from The Guardian
2025-12-02 19:23:53,134 - INFO - [BBC] Success with 'requests_browser'. Found content (582 words).
2025-12-02 19:23:53,169 - INFO - Duplicate article skipped: Hong Kong leader orders investigation into deadly fire that killed 151 from BBC
2025-12-02 19:23:53,726 - INFO - [BBC] Article: https://www.bbc.com/news/articles/c33mz477p4po?at_medium=RSS&at_campaign=rss
2025-12-02 19:23:53,726 - INFO - [BBC] Attempt 1/1: Trying with 'requests_browser' strategy...
2025-12-02 19:23:53,765 - INFO - [BBC] Success with 'requests_browser'. Found content (882 words).
2025-12-02 19:23:53,800 - INFO - Duplicate article skipped: Luigi Mangione in court as lawyers seek to rule out notebook, gun and other key evidence from BBC
2025-12-02 19:23:53,864 - INFO - [The Guardian] Article: https://www.theguardian.com/world/2025/dec/02/uk-government-delays-china-super-embassy-january
2025-12-02 19:23:53,865 - INFO - [The Guardian] Attempt 1/1: Trying with 'requests_browser' strategy...
2025-12-02 19:23:53,978 - INFO - [The Guardian] Success with 'requests_browser'. Found content (566 words).
2025-12-02 19:23:54,020 - INFO - Duplicate article skipped: UK government delays decision on China’s super-embassy until January | China | The Guardian from The Guardian
2025-12-02 19:23:54,783 - INFO - [The Guardian] Article: https://www.theguardian.com/world/2025/dec/02/british-women-stranded-by-landslides-in-sri-lankan-mountains-running-out-of-food-and-water-daughter-says
2025-12-02 19:23:54,784 - INFO - [The Guardian] Attempt 1/1: Trying with 'requests_browser' strategy...
2025-12-02 19:23:54,892 - INFO - [The Guardian] Success with 'requests_browser'. Found content (643 words).
2025-12-02 19:23:54,925 - INFO - Duplicate article skipped: British women stranded by landslides in Sri Lankan mountains running out of food and water, daughter says | Sri Lanka | The Guardian from The Guardian
2025-12-02 19:23:55,299 - INFO - [BBC] Article: https://www.bbc.com/news/articles/cvgqnklqge7o?at_medium=RSS&at_campaign=rss
2025-12-02 19:23:55,299 - INFO - [BBC] Attempt 1/1: Trying with 'requests_browser' strategy...
2025-12-02 19:23:55,338 - INFO - [BBC] Success with 'requests_browser'. Found content (445 words).
2025-12-02 19:23:55,374 - INFO - Duplicate article skipped: Zambian-American influencer Ethel Chisono Edwards sentenced to 18 months for hate speech from BBC
2025-12-02 19:23:55,963 - INFO - [The Guardian] Article: https://www.theguardian.com/world/2025/dec/02/indonesia-floods-one-million-people-evacuated-death-toll-rises
2025-12-02 19:23:55,963 - INFO - [The Guardian] Attempt 1/1: Trying with 'requests_browser' strategy...
2025-12-02 19:23:55,995 - INFO - [The Guardian] Success with 'requests_browser'. Found content (506 words).
2025-12-02 19:23:56,232 - INFO - Duplicate article skipped: Death toll from Indonesia floods passes 700 as 1 million evacuated | Indonesia | The Guardian from The Guardian
2025-12-02 19:23:56,643 - INFO - [BBC] Article: https://www.bbc.com/news/articles/cn41jge1990o?at_medium=RSS&at_campaign=rss
2025-12-02 19:23:56,643 - INFO - [BBC] Attempt 1/1: Trying with 'requests_browser' strategy...
2025-12-02 19:23:56,682 - INFO - [BBC] Success with 'requests_browser'. Found content (595 words).
2025-12-02 19:23:56,715 - INFO - Duplicate article skipped: Pope prays at site of Beirut port blast at end of Lebanon visit from BBC
2025-12-02 19:23:56,768 - INFO - [The Guardian] Article: https://www.theguardian.com/news/2025/dec/02/hong-kong-fire-response-contrast-mainland-china
2025-12-02 19:23:56,768 - INFO - [The Guardian] Attempt 1/1: Trying with 'requests_browser' strategy...
2025-12-02 19:23:56,793 - INFO - [The Guardian] Success with 'requests_browser'. Found content (799 words).
2025-12-02 19:23:56,823 - INFO - Duplicate article skipped: Hong Kong responds to disaster differently from Beijing – but the gulf is narrowing | Hong Kong apartment fires | The Guardian from The Guardian
2025-12-02 19:23:57,632 - INFO - [BBC] Article: https://www.bbc.com/news/articles/cre3q9edqx8o?at_medium=RSS&at_campaign=rss
2025-12-02 19:23:57,632 - INFO - [BBC] Attempt 1/1: Trying with 'requests_browser' strategy...
2025-12-02 19:23:57,637 - INFO - [The Guardian] Article: https://www.theguardian.com/world/2025/dec/02/new-zealand-man-charged-allegedly-swallowing-faberge-james-bond-pendant
2025-12-02 19:23:57,637 - INFO - [The Guardian] Attempt 1/1: Trying with 'requests_browser' strategy...
2025-12-02 19:23:57,666 - INFO - [The Guardian] Success with 'requests_browser'. Found content (241 words).
2025-12-02 19:23:57,702 - INFO - Duplicate article skipped: Man charged with theft after allegedly swallowing Fabergé pendant in jewellery store | New Zealand | The Guardian from The Guardian
2025-12-02 19:23:57,712 - INFO - [BBC] Success with 'requests_browser'. Found content (415 words).
2025-12-02 19:23:57,741 - INFO - Duplicate article skipped: Pavarotti statue frozen knee-deep in ice rink strikes wrong note in Italy from BBC
2025-12-02 19:23:58,838 - INFO - [The Guardian] Article: https://www.theguardian.com/australia-news/2025/dec/03/ndis-plans-computer-generated
2025-12-02 19:23:58,838 - INFO - [The Guardian] Attempt 1/1: Trying with 'requests_browser' strategy...
2025-12-02 19:23:58,881 - INFO - [The Guardian] Success with 'requests_browser'. Found content (1863 words).
2025-12-02 19:23:58,932 - INFO - [BBC] Article: https://www.bbc.com/news/articles/cewjg272dq9o?at_medium=RSS&at_campaign=rss
2025-12-02 19:23:58,933 - INFO - [BBC] Attempt 1/1: Trying with 'requests_browser' strategy...
2025-12-02 19:23:58,933 - INFO - Duplicate article skipped: NDIS plans will be computer-generated with human involvement dramatically cut under sweeping overhaul | National disability insurance scheme | The Guardian from The Guardian
2025-12-02 19:23:58,967 - INFO - [BBC] Success with 'requests_browser'. Found content (582 words).
2025-12-02 19:23:58,999 - INFO - Duplicate article skipped: Alina Habba: Appeals court disqualifies ex-Trump lawyer as New Jersey prosecutor from BBC
2025-12-02 19:23:59,775 - INFO - [BBC] Article: https://www.bbc.com/news/articles/c4g4enlp6kzo?at_medium=RSS&at_campaign=rss
2025-12-02 19:23:59,775 - INFO - [BBC] Attempt 1/1: Trying with 'requests_browser' strategy...
2025-12-02 19:24:00,336 - INFO - [The Guardian] Article: https://www.theguardian.com/australia-news/2025/dec/02/australia-gambling-reform-card-payment-least-impact
2025-12-02 19:24:00,336 - INFO - [The Guardian] Attempt 1/1: Trying with 'requests_browser' strategy...
2025-12-02 19:24:00,732 - INFO - [The Guardian] Success with 'requests_browser'. Found content (513 words).
2025-12-02 19:24:00,777 - INFO - Duplicate article skipped: Australia’s heaviest betters undeterred by key gambling reform, research shows | Gambling | The Guardian from The Guardian
2025-12-02 19:24:01,215 - INFO - [BBC] Success with 'requests_browser'. Found content (908 words).
2025-12-02 19:24:01,249 - INFO - Duplicate article skipped: Indonesia floods death toll passes 600 from BBC
2025-12-02 19:24:01,873 - INFO - [The Guardian] Article: https://www.theguardian.com/australia-news/2025/dec/02/sea-world-helicopter-crash-pilot-seen-taking-cocaine-the-night-before-inquest-told
2025-12-02 19:24:01,873 - INFO - [The Guardian] Attempt 1/1: Trying with 'requests_browser' strategy...
2025-12-02 19:24:01,906 - INFO - [The Guardian] Success with 'requests_browser'. Found content (759 words).
2025-12-02 19:24:01,951 - INFO - Duplicate article skipped: Sea World helicopter pilot ‘had a breakdown and took cocaine’ before crash, inquest told | Queensland | The Guardian from The Guardian
2025-12-02 19:24:02,553 - INFO - [BBC] Article: https://www.bbc.com/news/articles/ckg9204y4w5o?at_medium=RSS&at_campaign=rss
2025-12-02 19:24:02,553 - INFO - [BBC] Attempt 1/1: Trying with 'requests_browser' strategy...
2025-12-02 19:24:02,596 - INFO - [BBC] Success with 'requests_browser'. Found content (682 words).
2025-12-02 19:24:02,602 - INFO - [The Guardian] Article: https://www.theguardian.com/business/2025/dec/02/gina-rinehart-helipad-company-headquarters-perth-council-vote-ntwnfb
2025-12-02 19:24:02,602 - INFO - [The Guardian] Attempt 1/1: Trying with 'requests_browser' strategy...
2025-12-02 19:24:02,635 - INFO - Duplicate article skipped: Anicet Ekane: Cameroon opposition firebrand dies in detention aged 74 from BBC
2025-12-02 19:24:02,652 - INFO - [The Guardian] Success with 'requests_browser'. Found content (582 words).
2025-12-02 19:24:02,686 - INFO - Duplicate article skipped: Bid by Gina Rinehart’s company to build helipad set to be blocked by City of Perth | Gina Rinehart | The Guardian from The Guardian
2025-12-02 19:24:03,891 - INFO - [BBC] Article: https://www.bbc.com/news/articles/czrk7g50e1po?at_medium=RSS&at_campaign=rss
2025-12-02 19:24:03,891 - INFO - [BBC] Attempt 1/1: Trying with 'requests_browser' strategy...
2025-12-02 19:24:04,060 - INFO - [BBC] Success with 'requests_browser'. Found content (1693 words).
2025-12-02 19:24:04,097 - INFO - Duplicate article skipped: WW1 toxic compound sprayed on Georgian protesters, BBC evidence suggests from BBC
2025-12-02 19:24:04,138 - INFO - [The Guardian] Article: https://www.theguardian.com/australia-news/2025/dec/02/australian-children-moving-to-new-social-app-lemon8-but-owner-expected-to-restrict-users-to-over-16s
2025-12-02 19:24:04,139 - INFO - [The Guardian] Attempt 1/1: Trying with 'requests_browser' strategy...
2025-12-02 19:24:04,172 - INFO - [The Guardian] Success with 'requests_browser'. Found content (643 words).
2025-12-02 19:24:04,216 - INFO - Duplicate article skipped: Australian children moving to new social app Lemon8 but owner expected to restrict users to over-16s | Social media ban | The Guardian from The Guardian
2025-12-02 19:24:05,310 - INFO - [BBC] Article: https://www.bbc.com/news/articles/cj69588eewyo?at_medium=RSS&at_campaign=rss
2025-12-02 19:24:05,310 - INFO - [BBC] Attempt 1/1: Trying with 'requests_browser' strategy...
2025-12-02 19:24:05,423 - INFO - [BBC] Success with 'requests_browser'. Found content (1209 words).
2025-12-02 19:24:05,458 - INFO - Duplicate article skipped: Israeli-Russian woman says Iraqi militants tortured her in captivity from BBC
2025-12-02 19:24:06,718 - INFO - [BBC] Article: https://www.bbc.com/news/videos/cwyvgq7224go?at_medium=RSS&at_campaign=rss
2025-12-02 19:24:06,718 - INFO - [BBC] Attempt 1/1: Trying with 'requests_browser' strategy...
2025-12-02 19:24:06,860 - WARNING - [BBC] FAILED with 'requests_browser' (content was too short: 58 words).
2025-12-02 19:24:06,860 - ERROR - [BBC] All scrape strategies failed for https://www.bbc.com/news/videos/cwyvgq7224go?at_medium=RSS&at_campaign=rss. Falling back to RSS description.
2025-12-02 19:24:06,861 - INFO - Duplicate article skipped: Will Australia's social media ban actually work? from BBC
2025-12-02 19:24:07,936 - INFO - Selenium driver initialized successfully.
2025-12-02 19:24:07,936 - INFO - Selenium driver initialized successfully.
2025-12-02 19:24:07,936 - INFO - Starting scrape for The Hindu RSS feed: https://www.thehindu.com/news/national/feeder/default.rss
2025-12-02 19:24:07,936 - INFO - Starting scrape for Times of India RSS feed: https://timesofindia.indiatimes.com/rssfeeds/296589292.cms
2025-12-02 19:24:08,068 - INFO - Found 100 articles in The Hindu RSS feed. Processing up to 20.
2025-12-02 19:24:08,068 - INFO - [The Hindu] Article: https://www.thehindu.com/news/cities/bangalore/names-of-14-wards-boundaries-of-six-wards-in-bengaluru-changed-again/article70349939.ece
2025-12-02 19:24:08,068 - INFO - [The Hindu] Attempt 1/1: Trying with 'selenium_browser' strategy...
2025-12-02 19:24:08,100 - INFO - Found 20 articles in Times of India RSS feed. Processing up to 20.
2025-12-02 19:24:08,100 - INFO - [Times of India] Article: https://timesofindia.indiatimes.com/world/us/no-american-dream-when-h-1bs-can-come-ex-doge-advisor-hits-back-at-vivek-ramaswamy/articleshow/125724710.cms
2025-12-02 19:24:08,100 - INFO - [Times of India] Attempt 1/1: Trying with 'selenium_browser' strategy...
2025-12-02 19:24:08,299 - INFO - [BBC] Article: https://www.bbc.com/news/articles/c9qewln7912o?at_medium=RSS&at_campaign=rss
2025-12-02 19:24:08,299 - INFO - [BBC] Attempt 1/1: Trying with 'requests_browser' strategy...
2025-12-02 19:24:08,340 - INFO - [BBC] Success with 'requests_browser'. Found content (1051 words).
2025-12-02 19:24:16,371 - INFO - [The Hindu] Page content loaded.
2025-12-02 19:24:16,673 - INFO - [The Hindu] Success with 'selenium_browser'. Found content (176 words).
2025-12-02 19:24:23,655 - INFO - [Times of India] Page content loaded.
2025-12-02 19:24:25,729 - INFO - [Times of India] Success with 'selenium_browser'. Found content (313 words).
2025-12-02 19:24:35,769 - INFO - DEDUPLICATION: Found match (Score: 0.77). Linking to Cluster ID: 870bf75e-3af4-42d7-8d2a-d4f426923617
2025-12-02 19:24:35,781 - INFO - Saved article: What is Honduras president accused of and why has Trump pardoned him? from BBC
2025-12-02 19:24:48,323 - INFO - Saved article: Names of 14 wards, boundaries of six wards in Bengaluru changed again - The Hindu from The Hindu
2025-12-02 19:24:48,865 - INFO - [The Hindu] Article: https://www.thehindu.com/news/cities/bangalore/bengaluru-police-book-unknown-person-for-hoax-email-to-kempegowda-international-airport-shopping-malls/article70349197.ece
2025-12-02 19:24:48,865 - INFO - [The Hindu] Attempt 1/1: Trying with 'selenium_browser' strategy...
2025-12-02 19:24:52,163 - INFO - [The Hindu] Page content loaded.
2025-12-02 19:24:52,330 - INFO - [The Hindu] Success with 'selenium_browser'. Found content (190 words).
2025-12-02 19:25:02,800 - INFO - Saved article: 'No 'American Dream' when H-1Bs can come': Ex-DOGE advisor hits back at Vivek Ramaswamy - The Times of India from Times of India
2025-12-02 19:25:04,149 - INFO - [Times of India] Article: https://timesofindia.indiatimes.com/world/rest-of-world/watch-japans-pm-sanae-takaichi-quotes-famous-manga-and-anime-attack-on-titan/articleshow/125724137.cms
2025-12-02 19:25:04,149 - INFO - [Times of India] Attempt 1/1: Trying with 'selenium_browser' strategy...
2025-12-02 19:25:06,542 - INFO - [Times of India] Page content loaded.
2025-12-02 19:25:07,000 - INFO - [Times of India] Success with 'selenium_browser'. Found content (203 words).
2025-12-02 19:25:23,336 - INFO - Saved article: Bengaluru police book unknown person for hoax email to Kempegowda International Airport, shopping malls - The Hindu from The Hindu
2025-12-02 19:25:23,337 - INFO - Duplicate article skipped: Watch: Japan’s PM Sanae Takaichi quotes famous manga and anime ‘Attack on Titan’ - The Times of India from Times of India
2025-12-02 19:25:24,553 - INFO - [The Hindu] Article: https://www.thehindu.com/news/cities/bangalore/flight-disruptions-at-kempegowda-international-airport-due-to-technical-and-operational-reasons/article70350772.ece
2025-12-02 19:25:24,553 - INFO - [The Hindu] Attempt 1/1: Trying with 'selenium_browser' strategy...
2025-12-02 19:25:24,763 - INFO - [Times of India] Article: https://timesofindia.indiatimes.com/world/us-streamers/nina-lin-refuses-to-say-sorry-after-target-shoplifting-clip-goes-viral-while-asmongold-urges-twitch-to-act/articleshow/125724104.cms
2025-12-02 19:25:24,763 - INFO - [Times of India] Attempt 1/1: Trying with 'selenium_browser' strategy...
2025-12-02 19:25:26,271 - INFO - [The Hindu] Page content loaded.
2025-12-02 19:25:27,143 - INFO - [The Hindu] Success with 'selenium_browser'. Found content (161 words).
2025-12-02 19:25:31,319 - INFO - [Times of India] Page content loaded.
2025-12-02 19:25:31,777 - INFO - [Times of India] Success with 'selenium_browser'. Found content (393 words).
2025-12-02 19:25:44,496 - INFO - Saved article: Flight disruptions at Kempegowda International Airport due to technical and operational reasons - The Hindu from The Hindu
2025-12-02 19:25:44,497 - INFO - Duplicate article skipped: Nina Lin refuses to say sorry after Target shoplifting clip goes viral while Asmongold urges Twitch to act - The Times of India from Times of India
2025-12-02 19:25:45,264 - INFO - [The Hindu] Article: https://www.thehindu.com/news/cities/bangalore/karnataka-high-court-finds-no-procedural-lapses-in-extending-time-to-submit-chargesheet-in-murder-case-in-which-mla-basavaraj-is-accused/article70349471.ece
2025-12-02 19:25:45,264 - INFO - [The Hindu] Attempt 1/1: Trying with 'selenium_browser' strategy...
2025-12-02 19:25:45,877 - INFO - [Times of India] Article: https://timesofindia.indiatimes.com/world/us/after-taylor-swift-white-house-uses-sabrina-carpenters-song-juno-in-ice-deportation-video-watch/articleshow/125722972.cms
2025-12-02 19:25:45,877 - INFO - [Times of India] Attempt 1/1: Trying with 'selenium_browser' strategy...
2025-12-02 19:25:46,386 - INFO - [The Hindu] Page content loaded.
2025-12-02 19:25:46,615 - INFO - [The Hindu] Success with 'selenium_browser'. Found content (277 words).
2025-12-02 19:25:50,002 - INFO - [Times of India] Page content loaded.
2025-12-02 19:25:50,451 - INFO - [Times of India] Success with 'selenium_browser'. Found content (204 words).
2025-12-02 19:26:02,687 - INFO - Saved article: Karnataka High Court finds no procedural lapses in extending time to submit chargesheet in murder case in which MLA Basavaraj is accused - The Hindu from The Hindu
2025-12-02 19:26:02,687 - INFO - Duplicate article skipped: After Taylor Swift, White House uses Sabrina Carpenter’s song ‘Juno’ in ICE deportation video – Watch - The Times of India from Times of India
2025-12-02 19:26:03,378 - INFO - [Times of India] Article: https://timesofindia.indiatimes.com/world/us-streamers/perez-hilton-reacts-as-brian-harpole-breaks-silence-on-strange-hand-signal-claims-in-charlie-kirk-shooting-case/articleshow/125722044.cms
2025-12-02 19:26:03,378 - INFO - [Times of India] Attempt 1/1: Trying with 'selenium_browser' strategy...
2025-12-02 19:26:03,730 - INFO - [The Hindu] Article: https://www.thehindu.com/news/cities/bangalore/bengaluru-stadium-stampede-karnataka-high-court-allows-a-g-to-seek-views-on-sop-on-crowd-management/article70349906.ece
2025-12-02 19:26:03,730 - INFO - [The Hindu] Attempt 1/1: Trying with 'selenium_browser' strategy...
2025-12-02 19:26:05,124 - INFO - [Times of India] Page content loaded.
2025-12-02 19:26:05,412 - INFO - [The Hindu] Page content loaded.
2025-12-02 19:26:05,478 - INFO - [Times of India] Success with 'selenium_browser'. Found content (498 words).
2025-12-02 19:26:05,629 - INFO - Duplicate article skipped: Perez Hilton reacts as Brian Harpole breaks silence on strange hand signal claims in Charlie Kirk shooting case - The Times of India from Times of India
2025-12-02 19:26:05,644 - INFO - [The Hindu] Success with 'selenium_browser'. Found content (154 words).
2025-12-02 19:26:06,520 - INFO - [Times of India] Article: https://timesofindia.indiatimes.com/world/us/we-dont-need-an-indian-to-tell-us-social-media-grills-vivek-ramaswamy-for-preaching-the-american-dream/articleshow/125722403.cms
2025-12-02 19:26:06,521 - INFO - [Times of India] Attempt 1/1: Trying with 'selenium_browser' strategy...
2025-12-02 19:26:09,328 - INFO - [Times of India] Page content loaded.
2025-12-02 19:26:09,523 - INFO - [Times of India] Success with 'selenium_browser'. Found content (298 words).
2025-12-02 19:26:22,254 - INFO - Saved article: Bengaluru stadium stampede: Karnataka High Court allows A-G to seek views on SOP on crowd management - The Hindu from The Hindu
2025-12-02 19:26:22,254 - INFO - Duplicate article skipped: 'We don't need an Indian to tell us…': Social media grills Vivek Ramaswamy for preaching the 'American Dream' - The Times of India from Times of India
2025-12-02 19:26:23,370 - INFO - [The Hindu] Article: https://www.thehindu.com/news/national/kerala/a-campaign-sans-posters-and-billboards/article70350012.ece
2025-12-02 19:26:23,370 - INFO - [The Hindu] Attempt 1/1: Trying with 'selenium_browser' strategy...
2025-12-02 19:26:23,429 - INFO - [Times of India] Article: https://timesofindia.indiatimes.com/world/us-streamers/where-did-kai-cenat-go-after-mafiathon-3-inside-his-hiatus-which-has-left-fans-clamouring-for-an-epic-comeback/articleshow/125722347.cms
2025-12-02 19:26:23,429 - INFO - [Times of India] Attempt 1/1: Trying with 'selenium_browser' strategy...
2025-12-02 19:26:24,655 - INFO - [The Hindu] Page content loaded.
2025-12-02 19:26:25,039 - INFO - [The Hindu] Success with 'selenium_browser'. Found content (441 words).
2025-12-02 19:26:45,842 - INFO - Saved article: A campaign sans posters and billboards - The Hindu from The Hindu
2025-12-02 19:26:46,832 - INFO - [The Hindu] Article: https://www.thehindu.com/news/national/kerala/barc-official-channel-owner-booked-for-alleged-rating-forgery/article70349699.ece
2025-12-02 19:26:46,832 - INFO - [The Hindu] Attempt 1/1: Trying with 'selenium_browser' strategy...
2025-12-02 19:26:47,950 - INFO - [The Hindu] Page content loaded.
2025-12-02 19:26:48,058 - INFO - [The Hindu] Success with 'selenium_browser'. Found content (217 words).
2025-12-02 19:27:02,995 - INFO - Saved article: BARC official, channel owner booked for alleged rating forgery - The Hindu from The Hindu
2025-12-02 19:27:04,384 - INFO - [The Hindu] Article: https://www.thehindu.com/news/national/kerala/waste-management-canal-rejuvenation-get-priority-in-ldfs-manifesto-for-kochi-corporation/article70350117.ece
2025-12-02 19:27:04,384 - INFO - [The Hindu] Attempt 1/1: Trying with 'selenium_browser' strategy...
2025-12-02 19:27:07,826 - INFO - [The Hindu] Page content loaded.
2025-12-02 19:27:07,877 - INFO - [The Hindu] Success with 'selenium_browser'. Found content (339 words).
2025-12-02 19:27:22,085 - INFO - Saved article: Waste management, canal rejuvenation get priority in LDF’s manifesto for Kochi Corporation - The Hindu from The Hindu
2025-12-02 19:27:22,822 - INFO - [The Hindu] Article: https://www.thehindu.com/news/national/kerala/two-booked-for-posting-photo-of-survivor-in-mamkoottathil-case/article70350006.ece
2025-12-02 19:27:22,822 - INFO - [The Hindu] Attempt 1/1: Trying with 'selenium_browser' strategy...
2025-12-02 19:27:23,911 - INFO - [The Hindu] Page content loaded.
2025-12-02 19:27:23,994 - INFO - [The Hindu] Success with 'selenium_browser'. Found content (135 words).
2025-12-02 19:27:39,349 - INFO - Saved article: Two booked for posting photo of survivor in Mamkoottathil case - The Hindu from The Hindu
2025-12-02 19:27:40,803 - INFO - [The Hindu] Article: https://www.thehindu.com/news/cities/bangalore/experts-push-for-integrative-approach-to-obesity-metabolic-disorders-at-ayurveda-meet/article70350027.ece
2025-12-02 19:27:40,803 - INFO - [The Hindu] Attempt 1/1: Trying with 'selenium_browser' strategy...
2025-12-02 19:27:42,021 - INFO - [The Hindu] Page content loaded.
2025-12-02 19:27:42,136 - INFO - [The Hindu] Success with 'selenium_browser'. Found content (265 words).
2025-12-02 19:27:55,463 - INFO - Saved article: Experts push for integrative approach to obesity, metabolic disorders at Ayurveda meet - The Hindu from The Hindu
2025-12-02 19:27:56,786 - INFO - [The Hindu] Article: https://www.thehindu.com/news/national/unacceptable-say-mea-officials-after-envoys-of-uk-france-and-germany-author-anti-putin-article/article70350823.ece
2025-12-02 19:27:56,786 - INFO - [The Hindu] Attempt 1/1: Trying with 'selenium_browser' strategy...
2025-12-02 19:27:57,972 - INFO - [The Hindu] Page content loaded.
2025-12-02 19:27:58,132 - INFO - [The Hindu] Success with 'selenium_browser'. Found content (457 words).
2025-12-02 19:27:58,212 - INFO - Duplicate article skipped: ‘Unacceptable’, say MEA officials after envoys of U.K., France and Germany author anti-Putin article - The Hindu from The Hindu
2025-12-02 19:27:58,744 - INFO - [The Hindu] Article: https://www.thehindu.com/news/national/tamil-nadu/farmer-two-sons-electrocuted-after-stepping-on-illegal-electrical-fence-in-vellore/article70349528.ece
2025-12-02 19:27:58,744 - INFO - [The Hindu] Attempt 1/1: Trying with 'selenium_browser' strategy...
2025-12-02 19:28:00,347 - INFO - [The Hindu] Page content loaded.
2025-12-02 19:28:00,412 - INFO - [The Hindu] Success with 'selenium_browser'. Found content (277 words).
2025-12-02 19:28:00,494 - INFO - Duplicate article skipped: Farmer, two sons electrocuted after stepping on illegal electrical fence in Vellore - The Hindu from The Hindu
2025-12-02 19:28:01,585 - INFO - [The Hindu] Article: https://www.thehindu.com/news/national/tamil-nadu/two-persons-killed-in-road-accident-near-ambur-on-chennai-bengaluru-highway/article70349537.ece
2025-12-02 19:28:01,585 - INFO - [The Hindu] Attempt 1/1: Trying with 'selenium_browser' strategy...
2025-12-02 19:28:02,918 - INFO - [The Hindu] Page content loaded.
2025-12-02 19:28:03,156 - INFO - [The Hindu] Success with 'selenium_browser'. Found content (186 words).
2025-12-02 19:28:03,271 - INFO - Duplicate article skipped: Two persons killed in road accident near Ambur on Chennai - Bengaluru Highway - The Hindu from The Hindu
2025-12-02 19:28:04,048 - INFO - [The Hindu] Article: https://www.thehindu.com/news/national/kerala/public-mass-resumes-at-st-marys-basilica-after-long-hiatus/article70350581.ece
2025-12-02 19:28:04,048 - INFO - [The Hindu] Attempt 1/1: Trying with 'selenium_browser' strategy...
2025-12-02 19:28:04,794 - INFO - [The Hindu] Page content loaded.
2025-12-02 19:28:04,973 - INFO - [The Hindu] Success with 'selenium_browser'. Found content (188 words).
2025-12-02 19:28:05,041 - INFO - Duplicate article skipped: Public Mass resumes at St. Mary’s Basilica after long hiatus - The Hindu from The Hindu
2025-12-02 19:28:06,348 - INFO - [The Hindu] Article: https://www.thehindu.com/news/national/jammu-and-kashmir/five-kargil-councillors-move-jk-hc-against-ladakh-l-g-order-which-nominated-a-muslim-to-the-council/article70350805.ece
2025-12-02 19:28:06,349 - INFO - [The Hindu] Attempt 1/1: Trying with 'selenium_browser' strategy...
2025-12-02 19:28:07,484 - INFO - [The Hindu] Page content loaded.
2025-12-02 19:28:07,655 - INFO - [The Hindu] Success with 'selenium_browser'. Found content (497 words).
2025-12-02 19:28:07,742 - INFO - Duplicate article skipped: Five Kargil councillors move J&K HC against Ladakh L-G order which nominated a Muslim to the council - The Hindu from The Hindu
2025-12-02 19:28:09,103 - INFO - [The Hindu] Article: https://www.thehindu.com/news/national/karnataka/gi-mahotsav-30-at-cftri-from-dec-5-to-8-to-celebrate-indias-geographical-indication-heritage/article70349889.ece
2025-12-02 19:28:09,103 - INFO - [The Hindu] Attempt 1/1: Trying with 'selenium_browser' strategy...
2025-12-02 19:28:10,095 - INFO - [The Hindu] Page content loaded.
2025-12-02 19:28:10,237 - INFO - [The Hindu] Success with 'selenium_browser'. Found content (414 words).
2025-12-02 19:28:10,308 - INFO - Duplicate article skipped: GI Mahotsav 3.0 at CFTRI from Dec. 5 to 8 to celebrate India’s Geographical Indication heritage - The Hindu from The Hindu
2025-12-02 19:28:11,719 - INFO - [The Hindu] Article: https://www.thehindu.com/news/national/define-fake-news-amend-penal-provisions-to-take-action-parliamentary-panel/article70350248.ece
2025-12-02 19:28:11,720 - INFO - [The Hindu] Attempt 1/1: Trying with 'selenium_browser' strategy...
2025-12-02 19:28:13,207 - INFO - [The Hindu] Page content loaded.
2025-12-02 19:28:13,268 - INFO - [The Hindu] Success with 'selenium_browser'. Found content (352 words).
2025-12-02 19:28:13,330 - INFO - Duplicate article skipped: Define 'fake news', amend penal provisions to take action: Parliamentary panel - The Hindu from The Hindu
2025-12-02 19:28:14,386 - INFO - [The Hindu] Article: https://www.thehindu.com/news/national/jk-deputy-cm-moves-delhi-hc-for-removal-of-objectionable-content-against-him-on-social-media/article70349473.ece
2025-12-02 19:28:14,386 - INFO - [The Hindu] Attempt 1/1: Trying with 'selenium_browser' strategy...
2025-12-02 19:28:15,308 - INFO - [The Hindu] Page content loaded.
2025-12-02 19:28:15,609 - INFO - [The Hindu] Success with 'selenium_browser'. Found content (243 words).
2025-12-02 19:28:15,695 - INFO - Duplicate article skipped: J&K Deputy CM moves Delhi HC for removal of objectionable content against him on social media - The Hindu from The Hindu
2025-12-02 19:28:16,290 - INFO - [The Hindu] Article: https://www.thehindu.com/news/national/karnataka/south-western-railway-freight-revenue-crosses-451-crore/article70345210.ece
2025-12-02 19:28:16,290 - INFO - [The Hindu] Attempt 1/1: Trying with 'selenium_browser' strategy...
2025-12-02 19:28:17,758 - INFO - [The Hindu] Page content loaded.
2025-12-02 19:28:17,823 - INFO - [The Hindu] Success with 'selenium_browser'. Found content (459 words).
2025-12-02 19:28:17,905 - INFO - Duplicate article skipped: South Western Railway freight revenue crosses ₹451 crore - The Hindu from The Hindu
2025-12-02 19:28:19,340 - INFO - [The Hindu] Article: https://www.thehindu.com/news/national/defence-minster-says-130th-constitutional-amendment-will-be-part-of-patels-legacy/article70350386.ece
2025-12-02 19:28:19,340 - INFO - [The Hindu] Attempt 1/1: Trying with 'selenium_browser' strategy...
2025-12-02 19:28:20,306 - INFO - [The Hindu] Page content loaded.
2025-12-02 19:28:20,397 - INFO - [The Hindu] Success with 'selenium_browser'. Found content (348 words).
2025-12-02 19:28:20,480 - INFO - Duplicate article skipped: Defence Minster says 130th Constitutional Amendment will be part of Patel’s legacy - The Hindu from The Hindu
2025-12-02 19:28:21,645 - INFO - [The Hindu] (Thread) Finished. Attempting to shut down its Selenium driver.
2025-12-02 19:28:21,837 - INFO - [The Hindu] (Thread) driver.quit() successful.
2025-12-02 19:28:34,198 - ERROR - [Times of India] Request failed for strategy 'selenium_browser' on URL https://timesofindia.indiatimes.com/world/us-streamers/where-did-kai-cenat-go-after-mafiathon-3-inside-his-hiatus-which-has-left-fans-clamouring-for-an-epic-comeback/articleshow/125722347.cms: HTTPConnectionPool(host='localhost', port=40657): Read timed out. (read timeout=120)
2025-12-02 19:28:34,198 - ERROR - [Times of India] All scrape strategies failed for https://timesofindia.indiatimes.com/world/us-streamers/where-did-kai-cenat-go-after-mafiathon-3-inside-his-hiatus-which-has-left-fans-clamouring-for-an-epic-comeback/articleshow/125722347.cms. Falling back to RSS description.
2025-12-02 19:28:34,199 - INFO - Duplicate article skipped: Where did Kai Cenat go after Mafiathon 3? Inside his hiatus which has left fans clamouring for an epic comeback from Times of India
2025-12-02 19:28:35,214 - INFO - [Times of India] Article: https://timesofindia.indiatimes.com/world/us-streamers/candace-owens-fights-back-as-french-ministry-rejects-her-macron-and-charlie-kirk-story-over-spelling-mistake/articleshow/125721608.cms
2025-12-02 19:28:35,214 - INFO - [Times of India] Attempt 1/1: Trying with 'selenium_browser' strategy...
2025-12-02 19:28:42,555 - CRITICAL - --- TIMEOUT: 1 scrape jobs did not complete in 300s. ---
2025-12-02 19:28:42,555 - ERROR - A thread has timed out and will be abandoned.
2025-12-02 19:28:42,555 - INFO - Shutting down thread pool (wait=False)...
2025-12-02 19:28:42,555 - INFO - Scraped: 0 The Guardian, 1 BBC, 10 The Hindu, 1 Timed_Out_Jobs articles. (Total saved: 11)
2025-12-02 19:28:42,555 - INFO - --- Scraping job finished ---
2025-12-02 19:28:42,555 - INFO - --- Scraper service stopped and database connection closed. ---
2025-12-02 19:28:42,555 - INFO - --- Main thread finished. Forcing process exit to kill zombie threads. ---
