2025-11-28 15:43:18,499 - INFO - Loading AI Semantic Model (all-MiniLM-L6-v2)...
2025-11-28 15:43:18,499 - INFO - Use pytorch device_name: cpu
2025-11-28 15:43:18,499 - INFO - Load pretrained SentenceTransformer: all-MiniLM-L6-v2
2025-11-28 15:43:19,319 - INFO - AI Model loaded successfully.
2025-11-28 15:43:19,319 - INFO - Initializing database connection at: news_articles.db
2025-11-28 15:43:19,319 - INFO - --- Scraper service started (CI Mode: Run Once) ---
2025-11-28 15:43:19,319 - INFO - --- Starting new scraping job (Parallel Mode) ---
2025-11-28 15:43:19,319 - INFO - Creating new robust session with 3 retries on 5xx/connection/read errors.
2025-11-28 15:43:19,319 - INFO - Proxy is DISABLED.
2025-11-28 15:43:19,319 - INFO - Starting scrape for BBC RSS feed: http://feeds.bbci.co.uk/news/world/rss.xml
2025-11-28 15:43:19,320 - INFO - [Times of India] (Thread) requires Selenium. Initializing driver...
2025-11-28 15:43:19,321 - INFO - Initializing headless Selenium Chrome driver (using SeleniumManager)...
2025-11-28 15:43:19,321 - INFO - Starting scrape for The Guardian RSS feed: https://www.theguardian.com/world/rss
2025-11-28 15:43:19,323 - INFO - [The Hindu] (Thread) requires Selenium. Initializing driver...
2025-11-28 15:43:19,323 - INFO - Initializing headless Selenium Chrome driver (using SeleniumManager)...
2025-11-28 15:43:19,323 - INFO - Submitted 4 jobs to thread pool. Waiting up to 300s for completion...
2025-11-28 15:43:19,428 - INFO - Found 34 articles in BBC RSS feed. Processing up to 20.
2025-11-28 15:43:19,428 - INFO - [BBC] Article: https://www.bbc.com/news/articles/ckg9nd2wddno?at_medium=RSS&at_campaign=rss
2025-11-28 15:43:19,428 - INFO - [BBC] Attempt 1/1: Trying with 'requests_browser' strategy...
2025-11-28 15:43:19,448 - INFO - Found 45 articles in The Guardian RSS feed. Processing up to 20.
2025-11-28 15:43:19,448 - INFO - [The Guardian] Article: https://www.theguardian.com/world/2025/nov/28/jacob-zuma-daughter-resigns-claims-south-africans-tricked-fight-russia
2025-11-28 15:43:19,448 - INFO - [The Guardian] Attempt 1/1: Trying with 'requests_browser' strategy...
2025-11-28 15:43:19,474 - INFO - [The Guardian] Success with 'requests_browser'. Found content (753 words).
2025-11-28 15:43:19,674 - INFO - [BBC] Success with 'requests_browser'. Found content (135 words).
2025-11-28 15:43:26,883 - INFO - Selenium driver initialized successfully.
2025-11-28 15:43:26,884 - INFO - Starting scrape for Times of India RSS feed: https://timesofindia.indiatimes.com/rssfeeds/296589292.cms
2025-11-28 15:43:26,885 - INFO - Selenium driver initialized successfully.
2025-11-28 15:43:26,885 - INFO - Starting scrape for The Hindu RSS feed: https://www.thehindu.com/news/national/feeder/default.rss
2025-11-28 15:43:27,018 - INFO - Found 20 articles in Times of India RSS feed. Processing up to 20.
2025-11-28 15:43:27,018 - INFO - [Times of India] Article: https://timesofindia.indiatimes.com/world/us/two-white-people-and-24-indians-nick-fuentes-mocks-jd-vances-2024-thanksgiving-dinner-photo-with-hindu-wife-ushas-family/articleshow/125640701.cms
2025-11-28 15:43:27,018 - INFO - [Times of India] Attempt 1/1: Trying with 'selenium_browser' strategy...
2025-11-28 15:43:27,145 - INFO - Found 100 articles in The Hindu RSS feed. Processing up to 20.
2025-11-28 15:43:27,146 - INFO - [The Hindu] Article: https://www.thehindu.com/news/national/karnataka/cm-dks-to-break-bread-together-today/article70335783.ece
2025-11-28 15:43:27,146 - INFO - [The Hindu] Attempt 1/1: Trying with 'selenium_browser' strategy...
2025-11-28 15:43:28,100 - INFO - Saved article: Jacob Zuma’s daughter resigns amid claims South Africans tricked to fight for Russia | South Africa | The Guardian from The Guardian
2025-11-28 15:43:29,411 - INFO - [The Guardian] Article: https://www.theguardian.com/environment/2025/nov/28/africa-forests-transformed-carbon-sink-carbon-source-study
2025-11-28 15:43:29,411 - INFO - [The Guardian] Attempt 1/1: Trying with 'requests_browser' strategy...
2025-11-28 15:43:29,493 - INFO - [The Guardian] Success with 'requests_browser'. Found content (458 words).
2025-11-28 15:43:34,718 - INFO - [The Hindu] Page content loaded.
2025-11-28 15:43:35,071 - INFO - [The Hindu] Success with 'selenium_browser'. Found content (277 words).
2025-11-28 15:43:43,865 - INFO - [Times of India] Page content loaded.
2025-11-28 15:43:45,091 - INFO - [Times of India] Success with 'selenium_browser'. Found content (324 words).
2025-11-28 15:43:50,443 - INFO - DEDUPLICATION: Found match (Score: 0.85). Linking to Cluster ID: 15eabefc-9b83-4b56-8b2a-9a0fe0f4add9
2025-11-28 15:43:50,447 - INFO - Saved article: Zelensky's chief of staff Andriy Yermak resigns after anti-corruption raid from BBC
2025-11-28 15:43:50,448 - INFO - Duplicate article skipped: Africa’s forests transformed from carbon sink to carbon source, study finds | Climate crisis | The Guardian from The Guardian
2025-11-28 15:43:51,025 - INFO - [The Guardian] Article: https://www.theguardian.com/world/2025/nov/26/guinea-bissau-officers-take-total-control-close-borders-amid-election-chaos
2025-11-28 15:43:51,025 - INFO - [The Guardian] Attempt 1/1: Trying with 'requests_browser' strategy...
2025-11-28 15:43:51,061 - INFO - [The Guardian] Success with 'requests_browser'. Found content (412 words).
2025-11-28 15:43:51,521 - INFO - [BBC] Article: https://www.bbc.com/news/articles/c79xd17dre3o?at_medium=RSS&at_campaign=rss
2025-11-28 15:43:51,522 - INFO - [BBC] Attempt 1/1: Trying with 'requests_browser' strategy...
2025-11-28 15:43:51,608 - INFO - [BBC] Success with 'requests_browser'. Found content (771 words).
2025-11-28 15:43:59,972 - INFO - Saved article: CM, DKS to break bread together today - The Hindu from The Hindu
2025-11-28 15:43:59,972 - INFO - Duplicate article skipped: 'Two white people and 24 Indians...': Nick Fuentes mocks JD Vance's 2024 Thanksgiving dinner photo with Hindu wife Usha's family - The Times of India from Times of India
2025-11-28 15:43:59,972 - INFO - Duplicate article skipped: Guinea-Bissau military takes ‘total control’ amid election chaos | Guinea-Bissau | The Guardian from The Guardian
2025-11-28 15:43:59,972 - INFO - Duplicate article skipped: Hong Kong tower blocks fire death toll rises to 128 from BBC
2025-11-28 15:44:00,581 - INFO - [BBC] Article: https://www.bbc.com/news/articles/c058lny3pdqo?at_medium=RSS&at_campaign=rss
2025-11-28 15:44:00,581 - INFO - [BBC] Attempt 1/1: Trying with 'requests_browser' strategy...
2025-11-28 15:44:00,613 - INFO - [BBC] Success with 'requests_browser'. Found content (650 words).
2025-11-28 15:44:00,647 - INFO - Duplicate article skipped: Hungary's Orban defies EU partners and meets Putin again in Moscow from BBC
2025-11-28 15:44:00,741 - INFO - [The Guardian] Article: https://www.theguardian.com/world/2025/nov/25/nigerian-schoolgirls-rescued-after-mass-abduction-in-kebbi
2025-11-28 15:44:00,741 - INFO - [The Guardian] Attempt 1/1: Trying with 'requests_browser' strategy...
2025-11-28 15:44:00,770 - INFO - [The Guardian] Success with 'requests_browser'. Found content (515 words).
2025-11-28 15:44:00,808 - INFO - Duplicate article skipped: Nigerian schoolgirls rescued after mass abduction in Kebbi | Nigeria | The Guardian from The Guardian
2025-11-28 15:44:01,222 - INFO - [The Hindu] Article: https://www.thehindu.com/news/cities/Delhi/children-breathing-toxic-air-and-falling-ill-but-modi-govt-is-sitting-idle-says-rahul/article70334970.ece
2025-11-28 15:44:01,222 - INFO - [The Hindu] Attempt 1/1: Trying with 'selenium_browser' strategy...
2025-11-28 15:44:01,277 - INFO - [Times of India] Article: https://timesofindia.indiatimes.com/world/us/us-couple-under-fire-for-housing-dc-shooter-rahmanullah-lakanwal-wife-5-children-raised-fund-for-truly-genuine-people/articleshow/125640638.cms
2025-11-28 15:44:01,277 - INFO - [Times of India] Attempt 1/1: Trying with 'selenium_browser' strategy...
2025-11-28 15:44:01,854 - INFO - [BBC] Article: https://www.bbc.com/news/articles/cdxweyy157go?at_medium=RSS&at_campaign=rss
2025-11-28 15:44:01,854 - INFO - [BBC] Attempt 1/1: Trying with 'requests_browser' strategy...
2025-11-28 15:44:02,006 - INFO - [BBC] Success with 'requests_browser'. Found content (1079 words).
2025-11-28 15:44:02,158 - INFO - Duplicate article skipped: Trump says US will pause migration from 'third-world countries' from BBC
2025-11-28 15:44:02,200 - INFO - [The Guardian] Article: https://www.theguardian.com/world/2025/nov/25/jacob-zuma-daughter-accused-tricking-men-fighting-for-russia-in-ukraine
2025-11-28 15:44:02,200 - INFO - [The Guardian] Attempt 1/1: Trying with 'requests_browser' strategy...
2025-11-28 15:44:02,424 - INFO - [The Guardian] Success with 'requests_browser'. Found content (656 words).
2025-11-28 15:44:02,600 - INFO - Duplicate article skipped: Jacob Zuma’s daughter accused of tricking men into fighting for Russia in Ukraine | South Africa | The Guardian from The Guardian
2025-11-28 15:44:03,042 - INFO - [BBC] Article: https://www.bbc.com/news/articles/clyz7njqwvvo?at_medium=RSS&at_campaign=rss
2025-11-28 15:44:03,043 - INFO - [BBC] Attempt 1/1: Trying with 'requests_browser' strategy...
2025-11-28 15:44:03,085 - INFO - [BBC] Success with 'requests_browser'. Found content (345 words).
2025-11-28 15:44:03,142 - INFO - Duplicate article skipped: Japan's same-sex marriage ban is constitutional, says Tokyo court from BBC
2025-11-28 15:44:03,308 - INFO - [The Guardian] Article: https://www.theguardian.com/world/2025/nov/28/haida-nation-mark-carney-pipe-dream-oil-energy
2025-11-28 15:44:03,308 - INFO - [The Guardian] Attempt 1/1: Trying with 'requests_browser' strategy...
2025-11-28 15:44:03,354 - INFO - [The Guardian] Success with 'requests_browser'. Found content (1103 words).
2025-11-28 15:44:03,411 - INFO - Duplicate article skipped: ‘Not going to happen’: First Nations threaten to end Carney’s pipe dream | Canada | The Guardian from The Guardian
2025-11-28 15:44:03,421 - INFO - [Times of India] Page content loaded.
2025-11-28 15:44:03,651 - INFO - [Times of India] Success with 'selenium_browser'. Found content (459 words).
2025-11-28 15:44:03,733 - INFO - Duplicate article skipped: US couple under fire for housing DC shooter Rahmanullah Lakanwal, wife, 5 children; raised fund for 'truly genuine people' - The Times of India from Times of India
2025-11-28 15:44:04,143 - INFO - [BBC] Article: https://www.bbc.com/news/articles/c0l9z176lnlo?at_medium=RSS&at_campaign=rss
2025-11-28 15:44:04,143 - INFO - [BBC] Attempt 1/1: Trying with 'requests_browser' strategy...
2025-11-28 15:44:04,228 - INFO - [BBC] Success with 'requests_browser'. Found content (598 words).
2025-11-28 15:44:04,305 - INFO - Duplicate article skipped: Austrian nuns win reprieve in abandoned convent - if they stay off social media from BBC
2025-11-28 15:44:04,705 - INFO - [The Guardian] Article: https://www.theguardian.com/world/2025/nov/28/st-vincent-caribbean-opposition-party-celebrates-historic-election-win
2025-11-28 15:44:04,705 - INFO - [The Guardian] Attempt 1/1: Trying with 'requests_browser' strategy...
2025-11-28 15:44:04,747 - INFO - [The Guardian] Success with 'requests_browser'. Found content (609 words).
2025-11-28 15:44:04,814 - INFO - Duplicate article skipped: St Vincent opposition party celebrates historic election win | St Vincent and the Grenadines | The Guardian from The Guardian
2025-11-28 15:44:05,226 - INFO - [Times of India] Article: https://timesofindia.indiatimes.com/world/us-streamers/youre-getting-permanently-banned-asmongold-draws-a-hard-line-on-twitchs-new-mega-gift-feature/articleshow/125640461.cms
2025-11-28 15:44:05,226 - INFO - [Times of India] Attempt 1/1: Trying with 'selenium_browser' strategy...
2025-11-28 15:44:05,352 - INFO - [The Guardian] Article: https://www.theguardian.com/world/2025/nov/27/st-vincent-prime-minister-seeks-record-sixth-term-in-tight-election
2025-11-28 15:44:05,352 - INFO - [The Guardian] Attempt 1/1: Trying with 'requests_browser' strategy...
2025-11-28 15:44:05,379 - INFO - [The Guardian] Success with 'requests_browser'. Found content (678 words).
2025-11-28 15:44:05,434 - INFO - Duplicate article skipped: St Vincent prime minister seeks record sixth term in tight election | St Vincent and the Grenadines | The Guardian from The Guardian
2025-11-28 15:44:05,558 - INFO - [BBC] Article: https://www.bbc.com/news/articles/cp89k31krz4o?at_medium=RSS&at_campaign=rss
2025-11-28 15:44:05,558 - INFO - [BBC] Attempt 1/1: Trying with 'requests_browser' strategy...
2025-11-28 15:44:05,759 - INFO - [BBC] Success with 'requests_browser'. Found content (350 words).
2025-11-28 15:44:05,799 - INFO - Duplicate article skipped: Ten killed in deadliest Israeli raid for months in southern Syria from BBC
2025-11-28 15:44:06,326 - INFO - [BBC] Article: https://www.bbc.com/news/articles/cwyx4y6007lo?at_medium=RSS&at_campaign=rss
2025-11-28 15:44:06,326 - INFO - [BBC] Attempt 1/1: Trying with 'requests_browser' strategy...
2025-11-28 15:44:06,363 - INFO - [BBC] Success with 'requests_browser'. Found content (891 words).
2025-11-28 15:44:06,409 - INFO - Duplicate article skipped: National Guard member Sarah Beckstrom dies after shooting in Washington DC from BBC
2025-11-28 15:44:06,923 - INFO - [The Guardian] Article: https://www.theguardian.com/politics/2025/nov/28/uk-home-office-rejects-visa-young-girl-destitute-jamaica-hurricane-melissa
2025-11-28 15:44:06,923 - INFO - [The Guardian] Attempt 1/1: Trying with 'requests_browser' strategy...
2025-11-28 15:44:06,956 - INFO - [The Guardian] Success with 'requests_browser'. Found content (550 words).
2025-11-28 15:44:06,987 - INFO - Duplicate article skipped: UK rejects visa for girl left destitute in Jamaica by Hurricane Melissa | Home Office | The Guardian from The Guardian
2025-11-28 15:44:07,143 - INFO - [BBC] Article: https://www.bbc.com/news/articles/c0q5w13e58zo?at_medium=RSS&at_campaign=rss
2025-11-28 15:44:07,143 - INFO - [BBC] Attempt 1/1: Trying with 'requests_browser' strategy...
2025-11-28 15:44:07,171 - INFO - [BBC] Success with 'requests_browser'. Found content (422 words).
2025-11-28 15:44:07,206 - INFO - Duplicate article skipped: Lightning detected on Mars by Nasa rover, scientists believe from BBC
2025-11-28 15:44:08,092 - INFO - [The Hindu] Page content loaded.
2025-11-28 15:44:08,203 - INFO - [The Hindu] Success with 'selenium_browser'. Found content (502 words).
2025-11-28 15:44:08,428 - INFO - [The Guardian] Article: https://www.theguardian.com/world/2025/nov/27/mark-carney-alberta-oil-pipeline-deal-canada-first-nations
2025-11-28 15:44:08,428 - INFO - [The Guardian] Attempt 1/1: Trying with 'requests_browser' strategy...
2025-11-28 15:44:08,532 - INFO - [The Guardian] Success with 'requests_browser'. Found content (723 words).
2025-11-28 15:44:08,795 - INFO - [BBC] Article: https://www.bbc.com/news/articles/clyd4llgrego?at_medium=RSS&at_campaign=rss
2025-11-28 15:44:08,795 - INFO - [BBC] Attempt 1/1: Trying with 'requests_browser' strategy...
2025-11-28 15:44:08,894 - INFO - [BBC] Success with 'requests_browser'. Found content (415 words).
2025-11-28 15:44:17,158 - WARNING - [Times of India] Page timed out (10s). No <p> tags found. Proceeding anyway.
2025-11-28 15:44:17,424 - INFO - [Times of India] Success with 'selenium_browser'. Found content (441 words).
2025-11-28 15:44:20,781 - INFO - Saved article: Children breathing toxic air and falling ill, but Modi govt. is sitting idle, says Rahul - The Hindu from The Hindu
2025-11-28 15:44:20,782 - INFO - Duplicate article skipped: Canada minister resigns from cabinet over Carney’s controversial oil pipeline deal | Canada | The Guardian from The Guardian
2025-11-28 15:44:20,782 - INFO - Duplicate article skipped: Louvre to hike ticket prices for most non-EU tourists by 45% from BBC
2025-11-28 15:44:21,829 - INFO - [The Hindu] Article: https://www.thehindu.com/news/national/andhra-pradesh/14-hurt-as-apsrtc-bus-overturns-in-prakasam-district/article70335117.ece
2025-11-28 15:44:21,829 - INFO - [The Hindu] Attempt 1/1: Trying with 'selenium_browser' strategy...
2025-11-28 15:44:21,884 - INFO - [The Guardian] Article: https://www.theguardian.com/news/2025/nov/28/hong-kong-apartment-fire-response-rescue-operations-death-toll
2025-11-28 15:44:21,884 - INFO - [The Guardian] Attempt 1/1: Trying with 'requests_browser' strategy...
2025-11-28 15:44:22,024 - INFO - [BBC] Article: https://www.bbc.com/news/videos/cev8exezvw2o?at_medium=RSS&at_campaign=rss
2025-11-28 15:44:22,024 - INFO - [BBC] Attempt 1/1: Trying with 'requests_browser' strategy...
2025-11-28 15:44:22,111 - INFO - [The Guardian] Success with 'requests_browser'. Found content (1000 words).
2025-11-28 15:44:22,249 - INFO - [BBC] Success with 'requests_browser'. Found content (89 words).
2025-11-28 15:44:25,402 - INFO - [The Hindu] Page content loaded.
2025-11-28 15:44:26,017 - INFO - [The Hindu] Success with 'selenium_browser'. Found content (147 words).
2025-11-28 15:44:35,152 - INFO - Saved article: “You’re getting permanently banned!”: Asmongold draws a hard line on Twitch’s new mega-gift feature - The Times of India from Times of India
2025-11-28 15:44:35,152 - INFO - Duplicate article skipped: Rescue efforts end at Hong Kong tower block fire as death toll reaches 128 | Hong Kong apartment fires | The Guardian from The Guardian
2025-11-28 15:44:35,152 - INFO - Duplicate article skipped: Pope Leo struggles to unveil plaque in Turkey from BBC
2025-11-28 15:44:35,819 - INFO - [BBC] Article: https://www.bbc.com/news/articles/c0q5ww558ngo?at_medium=RSS&at_campaign=rss
2025-11-28 15:44:35,820 - INFO - [BBC] Attempt 1/1: Trying with 'requests_browser' strategy...
2025-11-28 15:44:35,885 - INFO - [Times of India] Article: https://timesofindia.indiatimes.com/world/us/hideously-unnatural-social-media-debates-over-biden-trumps-age-neera-tanden-nate-silver-clash/articleshow/125632134.cms
2025-11-28 15:44:35,885 - INFO - [Times of India] Attempt 1/1: Trying with 'selenium_browser' strategy...
2025-11-28 15:44:36,292 - INFO - [BBC] Success with 'requests_browser'. Found content (442 words).
2025-11-28 15:44:36,302 - INFO - [The Guardian] Article: https://www.theguardian.com/news/2025/nov/28/hong-kong-community-groups-deliver-aid-to-survivors-of-wang-fuk-court-fire
2025-11-28 15:44:36,302 - INFO - [The Guardian] Attempt 1/1: Trying with 'requests_browser' strategy...
2025-11-28 15:44:36,408 - INFO - [The Guardian] Success with 'requests_browser'. Found content (687 words).
2025-11-28 15:44:37,468 - INFO - [Times of India] Page content loaded.
2025-11-28 15:44:37,786 - INFO - [Times of India] Success with 'selenium_browser'. Found content (358 words).
2025-11-28 15:44:48,962 - INFO - Saved article: 14 hurt as APSRTC bus overturns in Prakasam district - The Hindu from The Hindu
2025-11-28 15:44:48,962 - INFO - Duplicate article skipped: Peru: Two former presidents jailed in two days from BBC
2025-11-28 15:44:48,962 - INFO - Duplicate article skipped: Hong Kong community groups deliver aid to survivors of Wang Fuk Court fire | Hong Kong apartment fires | The Guardian from The Guardian
2025-11-28 15:44:48,962 - INFO - Duplicate article skipped: 'Hideously unnatural’: Social media debates over Biden, Trump’s age; Neera Tanden, Nate Silver clash - The Times of India from Times of India
2025-11-28 15:44:49,739 - INFO - [BBC] Article: https://www.bbc.com/news/articles/c741m97lk42o?at_medium=RSS&at_campaign=rss
2025-11-28 15:44:49,739 - INFO - [BBC] Attempt 1/1: Trying with 'requests_browser' strategy...
2025-11-28 15:44:49,784 - INFO - [BBC] Success with 'requests_browser'. Found content (661 words).
2025-11-28 15:44:49,820 - INFO - Duplicate article skipped: Guinea-Bissau’s ousted President Umaro Sissoco Embaló flees to Senegal after coup from BBC
2025-11-28 15:44:49,842 - INFO - [The Hindu] Article: https://www.thehindu.com/news/national/karnataka/shettar-may-raise-need-for-presidents-rule-as-governance-comes-to-a-standstill/article70335294.ece
2025-11-28 15:44:49,842 - INFO - [The Hindu] Attempt 1/1: Trying with 'selenium_browser' strategy...
2025-11-28 15:44:50,286 - INFO - [Times of India] Article: https://timesofindia.indiatimes.com/world/us/trump-says-the-word-indian-is-not-allowed-claims-only-indians-want-it-used-watch/articleshow/125629982.cms
2025-11-28 15:44:50,286 - INFO - [Times of India] Attempt 1/1: Trying with 'selenium_browser' strategy...
2025-11-28 15:44:50,434 - INFO - [BBC] Article: https://www.bbc.com/news/articles/c1w9qe7n984o?at_medium=RSS&at_campaign=rss
2025-11-28 15:44:50,434 - INFO - [BBC] Attempt 1/1: Trying with 'requests_browser' strategy...
2025-11-28 15:44:50,443 - INFO - [The Guardian] Article: https://www.theguardian.com/world/2025/nov/28/bear-attacks-man-public-toilet-japan
2025-11-28 15:44:50,443 - INFO - [The Guardian] Attempt 1/1: Trying with 'requests_browser' strategy...
2025-11-28 15:44:50,492 - INFO - [The Guardian] Success with 'requests_browser'. Found content (373 words).
2025-11-28 15:44:50,554 - INFO - Duplicate article skipped: Bear attacks man in public toilet in Japan | Japan | The Guardian from The Guardian
2025-11-28 15:44:50,622 - INFO - [BBC] Success with 'requests_browser'. Found content (796 words).
2025-11-28 15:44:50,678 - INFO - Duplicate article skipped: Quebec moves to expand secularism law, limit public prayer from BBC
2025-11-28 15:44:50,711 - INFO - [The Hindu] Page content loaded.
2025-11-28 15:44:50,930 - INFO - [The Hindu] Success with 'selenium_browser'. Found content (292 words).
2025-11-28 15:44:51,447 - INFO - [BBC] Article: https://www.bbc.com/news/articles/c8dyqzm0rp4o?at_medium=RSS&at_campaign=rss
2025-11-28 15:44:51,447 - INFO - [BBC] Attempt 1/1: Trying with 'requests_browser' strategy...
2025-11-28 15:44:51,630 - INFO - [BBC] Success with 'requests_browser'. Found content (392 words).
2025-11-28 15:44:51,958 - INFO - [The Guardian] Article: https://www.theguardian.com/world/2025/nov/28/china-civil-service-exam-age-limit-changed
2025-11-28 15:44:51,958 - INFO - [The Guardian] Attempt 1/1: Trying with 'requests_browser' strategy...
2025-11-28 15:44:52,038 - INFO - [The Guardian] Success with 'requests_browser'. Found content (763 words).
2025-11-28 15:45:05,489 - INFO - Saved article: Shettar may raise need for President’s Rule as governance comes to a standstill - The Hindu from The Hindu
2025-11-28 15:45:05,489 - INFO - Duplicate article skipped: West Bank: Israeli troops kill two Palestinians after they appear to surrender from BBC
2025-11-28 15:45:05,490 - INFO - Duplicate article skipped: Millions in China cram for civil service exam and the hope of a job for life | China | The Guardian from The Guardian
2025-11-28 15:45:06,602 - INFO - [The Hindu] Article: https://www.thehindu.com/news/national/andhra-pradesh/amaravatis-financial-district-will-spur-faster-economic-growth-says-pawan-kalyan/article70335599.ece
2025-11-28 15:45:06,602 - INFO - [The Hindu] Attempt 1/1: Trying with 'selenium_browser' strategy...
2025-11-28 15:45:06,893 - INFO - [The Guardian] Article: https://www.theguardian.com/world/2025/nov/28/flash-flooding-sumatra-death-toll-rises
2025-11-28 15:45:06,894 - INFO - [The Guardian] Attempt 1/1: Trying with 'requests_browser' strategy...
2025-11-28 15:45:06,935 - INFO - [The Guardian] Success with 'requests_browser'. Found content (785 words).
2025-11-28 15:45:06,974 - INFO - [BBC] Article: https://www.bbc.com/news/articles/cp84nl57v0lo?at_medium=RSS&at_campaign=rss
2025-11-28 15:45:06,974 - INFO - [BBC] Attempt 1/1: Trying with 'requests_browser' strategy...
2025-11-28 15:45:07,003 - INFO - Duplicate article skipped: Flash flooding in Sumatra kills 69 as rescue crews search rivers for survivors | Indonesia | The Guardian from The Guardian
2025-11-28 15:45:07,325 - INFO - [BBC] Success with 'requests_browser'. Found content (751 words).
2025-11-28 15:45:07,362 - INFO - Duplicate article skipped: Putin doubles down on demands for Ukrainian territory ahead of talks with US from BBC
2025-11-28 15:45:07,550 - INFO - [The Hindu] Page content loaded.
2025-11-28 15:45:07,602 - INFO - [The Guardian] Article: https://www.theguardian.com/australia-news/2025/nov/29/exclusive-gun-club-linked-to-andrew-hastie-awarded-almost-20000-in-government-grants
2025-11-28 15:45:07,602 - INFO - [The Guardian] Attempt 1/1: Trying with 'requests_browser' strategy...
2025-11-28 15:45:07,630 - INFO - [The Hindu] Success with 'selenium_browser'. Found content (393 words).
2025-11-28 15:45:07,890 - INFO - [The Guardian] Success with 'requests_browser'. Found content (722 words).
2025-11-28 15:45:07,950 - INFO - [BBC] Article: https://www.bbc.com/news/articles/c0edw7g7z79o?at_medium=RSS&at_campaign=rss
2025-11-28 15:45:07,950 - INFO - [BBC] Attempt 1/1: Trying with 'requests_browser' strategy...
2025-11-28 15:45:08,121 - INFO - [BBC] Success with 'requests_browser'. Found content (1054 words).
2025-11-28 15:45:19,046 - INFO - DEDUPLICATION: Found match (Score: 0.76). Linking to Cluster ID: 5faf154b-dfc4-422b-99d7-656342b5bd32
2025-11-28 15:45:19,048 - INFO - Saved article: Amaravati’s financial district will spur faster economic growth, says Pawan Kalyan - The Hindu from The Hindu
2025-11-28 15:45:19,048 - INFO - Duplicate article skipped: Exclusive gun club linked to Andrew Hastie awarded almost $20,000 in government grants | Andrew Hastie | The Guardian from The Guardian
2025-11-28 15:45:19,048 - INFO - Duplicate article skipped: France brings back limited military service with 3,000 volunteers next year from BBC
2025-11-28 15:45:19,709 - INFO - [The Guardian] Article: https://www.theguardian.com/australia-news/2025/nov/29/mineral-sunscreens-australia-identical-to-others
2025-11-28 15:45:19,709 - INFO - [The Guardian] Attempt 1/1: Trying with 'requests_browser' strategy...
2025-11-28 15:45:19,736 - INFO - [The Guardian] Success with 'requests_browser'. Found content (932 words).
2025-11-28 15:45:19,771 - INFO - Duplicate article skipped: ‘Mineral’ sunscreens marketed to Australians contain almost identical chemicals as others, testing shows | Consumer affairs | The Guardian from The Guardian
2025-11-28 15:45:20,064 - INFO - [BBC] Article: https://www.bbc.com/news/articles/cd0keyern0do?at_medium=RSS&at_campaign=rss
2025-11-28 15:45:20,065 - INFO - [BBC] Attempt 1/1: Trying with 'requests_browser' strategy...
2025-11-28 15:45:20,093 - INFO - [BBC] Success with 'requests_browser'. Found content (511 words).
2025-11-28 15:45:20,126 - INFO - Duplicate article skipped: Venezuela bans six major airlines after tensions with US escalate from BBC
2025-11-28 15:45:20,473 - INFO - [The Hindu] Article: https://www.thehindu.com/news/national/kerala/shrc-seeks-govt-intervention-to-secure-housing-for-circus-artiste/article70335537.ece
2025-11-28 15:45:20,474 - INFO - [The Hindu] Attempt 1/1: Trying with 'selenium_browser' strategy...
2025-11-28 15:45:21,175 - INFO - [The Guardian] Article: https://www.theguardian.com/australia-news/2025/nov/28/bondi-junction-stabbings-joel-cauchi-inquest-drug-use
2025-11-28 15:45:21,175 - INFO - [The Guardian] Attempt 1/1: Trying with 'requests_browser' strategy...
2025-11-28 15:45:21,214 - INFO - [The Guardian] Success with 'requests_browser'. Found content (901 words).
2025-11-28 15:45:21,260 - INFO - Duplicate article skipped: Bondi Junction stabbings: ‘10 seconds warning’ from security could have saved lives, inquest hears | Bondi Junction stabbings | The Guardian from The Guardian
2025-11-28 15:45:21,356 - INFO - [The Hindu] Page content loaded.
2025-11-28 15:45:21,399 - INFO - [The Hindu] Success with 'selenium_browser'. Found content (179 words).
2025-11-28 15:45:21,495 - INFO - [BBC] Article: https://www.bbc.com/news/articles/c0edw348pewo?at_medium=RSS&at_campaign=rss
2025-11-28 15:45:21,495 - INFO - [BBC] Attempt 1/1: Trying with 'requests_browser' strategy...
2025-11-28 15:45:21,595 - INFO - [BBC] Success with 'requests_browser'. Found content (495 words).
2025-11-28 15:45:22,744 - INFO - [The Guardian] Article: https://www.theguardian.com/australia-news/live/2025/nov/28/australia-news-live-storms-hail-queensland-environment-laws-anthony-albanese-labor-greens-sussan-ley-coalition-ntwnfb
2025-11-28 15:45:22,744 - INFO - [The Guardian] Attempt 1/1: Trying with 'requests_browser' strategy...
2025-11-28 15:45:23,731 - INFO - [The Guardian] Success with 'requests_browser'. Found content (1988 words).
2025-11-28 15:45:26,198 - INFO - [Times of India] Page content loaded.
2025-11-28 15:45:26,482 - INFO - [Times of India] Success with 'selenium_browser'. Found content (444 words).
2025-11-28 15:45:33,729 - INFO - Saved article: SHRC seeks govt. intervention to secure housing for circus artiste - The Hindu from The Hindu
2025-11-28 15:45:33,729 - INFO - Duplicate article skipped: US-Palestinian teen freed after nine months in Israeli jail from BBC
2025-11-28 15:45:33,729 - INFO - Duplicate article skipped: Barnaby Joyce’s exit from the Nationals ‘almost a Greek tragedy’, Michael McCormack says – as it happened | Australia news | The Guardian from The Guardian
2025-11-28 15:45:33,730 - INFO - Duplicate article skipped: Trump says word ‘Indian’ is not allowed anymore; claims only Indians want it used — watch - The Times of India from Times of India
2025-11-28 15:45:34,254 - INFO - [Times of India] Article: https://timesofindia.indiatimes.com/world/rest-of-world/thailand-floods-death-toll-rises-to-145-receding-waters-reveal-large-scale-devastation-millions-affected/articleshow/125639865.cms
2025-11-28 15:45:34,254 - INFO - [Times of India] Attempt 1/1: Trying with 'selenium_browser' strategy...
2025-11-28 15:45:34,717 - INFO - [BBC] Article: https://www.bbc.com/news/articles/cdd560nvqqdo?at_medium=RSS&at_campaign=rss
2025-11-28 15:45:34,717 - INFO - [BBC] Attempt 1/1: Trying with 'requests_browser' strategy...
2025-11-28 15:45:34,848 - INFO - [BBC] Success with 'requests_browser'. Found content (1894 words).
2025-11-28 15:45:34,889 - INFO - Duplicate article skipped: Year after ceasefire, peace eludes south Lebanon as Israeli strikes continue from BBC
2025-11-28 15:45:34,917 - INFO - [The Hindu] Article: https://www.thehindu.com/news/national/telangana/hmda-auction-of-neopolis-land-fetches-15125-crore-per-acre-in-kokapet-breaks-earlier-record/article70335531.ece
2025-11-28 15:45:34,917 - INFO - [The Hindu] Attempt 1/1: Trying with 'selenium_browser' strategy...
2025-11-28 15:45:34,918 - INFO - [The Guardian] Article: https://www.theguardian.com/australia-news/2025/nov/28/jai-wright-police-officer-guilty-causing-indigenous-teenager-death-ntwnfb
2025-11-28 15:45:34,918 - INFO - [The Guardian] Attempt 1/1: Trying with 'requests_browser' strategy...
2025-11-28 15:45:34,963 - INFO - [The Guardian] Success with 'requests_browser'. Found content (639 words).
2025-11-28 15:45:35,015 - INFO - Duplicate article skipped: Police sergeant found guilty of causing death of 16-year-old Indigenous teenager Jai Wright | Australian police and policing | The Guardian from The Guardian
2025-11-28 15:45:35,512 - INFO - [Times of India] Page content loaded.
2025-11-28 15:45:35,604 - INFO - [Times of India] Success with 'selenium_browser'. Found content (305 words).
2025-11-28 15:45:37,138 - INFO - [The Hindu] Page content loaded.
2025-11-28 15:45:37,292 - INFO - [The Hindu] Success with 'selenium_browser'. Found content (265 words).
2025-11-28 15:45:51,345 - INFO - DEDUPLICATION: Found match (Score: 0.88). Linking to Cluster ID: b834e4c6-f2ee-428c-ab04-311af727490a
2025-11-28 15:45:51,347 - INFO - Saved article: Thailand floods: Death toll rises to 145; receding waters reveal large-scale devastation, millions affected - The Times of India from Times of India
2025-11-28 15:45:51,951 - INFO - [Times of India] Article: https://timesofindia.indiatimes.com/world/us/troubled-hindu-american-foundation-says-economists-claim-that-chennai-consulate-issued-220000-h-1b-visas-unfounded/articleshow/125639516.cms
2025-11-28 15:45:51,951 - INFO - [Times of India] Attempt 1/1: Trying with 'selenium_browser' strategy...
2025-11-28 15:45:53,871 - INFO - [Times of India] Page content loaded.
2025-11-28 15:45:54,128 - INFO - [Times of India] Success with 'selenium_browser'. Found content (413 words).
2025-11-28 15:46:04,678 - INFO - Saved article: HMDA auction of Neopolis land fetches ₹151.25 crore per acre in Kokapet, breaks earlier record - The Hindu from The Hindu
2025-11-28 15:46:05,358 - INFO - [The Hindu] Article: https://www.thehindu.com/news/national/karnataka/the-hindu-in-school-science-fest-and-maths-olympiad-to-be-held-in-shivamogga-on-december-6/article70335328.ece
2025-11-28 15:46:05,358 - INFO - [The Hindu] Attempt 1/1: Trying with 'selenium_browser' strategy...
2025-11-28 15:46:06,927 - INFO - [The Hindu] Page content loaded.
2025-11-28 15:46:07,208 - INFO - [The Hindu] Success with 'selenium_browser'. Found content (386 words).
2025-11-28 15:46:16,921 - INFO - Saved article: 'Troubled': Hindu American Foundation says economist's claim that Chennai consulate issued 220,000 H-1B visas unfounded - The Times of India from Times of India
2025-11-28 15:46:16,921 - INFO - Duplicate article skipped: The Hindu in School Science Fest and Maths Olympiad to be held in Shivamogga on December 6 - The Hindu from The Hindu
2025-11-28 15:46:17,471 - INFO - [The Hindu] Article: https://www.thehindu.com/news/national/andhra-pradesh/enterprising-marine-engineer-projects-ap-as-shipbuilding-and-logistics-hub/article70335274.ece
2025-11-28 15:46:17,471 - INFO - [The Hindu] Attempt 1/1: Trying with 'selenium_browser' strategy...
2025-11-28 15:46:18,312 - INFO - [Times of India] Article: https://timesofindia.indiatimes.com/world/middle-east/uae-dubai-police-fine-8000-delivery-riders-for-riding-in-fast-lanes/articleshow/125638616.cms
2025-11-28 15:46:18,312 - INFO - [Times of India] Attempt 1/1: Trying with 'selenium_browser' strategy...
2025-11-28 15:46:18,347 - INFO - [The Hindu] Page content loaded.
2025-11-28 15:46:18,392 - INFO - [The Hindu] Success with 'selenium_browser'. Found content (301 words).
2025-11-28 15:46:18,448 - INFO - Duplicate article skipped: Enterprising marine engineer projects A.P. as ‘shipbuilding and logistics hub’ - The Hindu from The Hindu
2025-11-28 15:46:19,168 - INFO - [The Hindu] Article: https://www.thehindu.com/news/national/telangana/ale-mallikarjun-takes-charge-as-kamareddy-dcc-chief/article70335759.ece
2025-11-28 15:46:19,168 - INFO - [The Hindu] Attempt 1/1: Trying with 'selenium_browser' strategy...
2025-11-28 15:46:20,009 - INFO - [Times of India] Page content loaded.
2025-11-28 15:46:20,177 - INFO - [Times of India] Success with 'selenium_browser'. Found content (476 words).
2025-11-28 15:46:21,121 - INFO - [The Hindu] Page content loaded.
2025-11-28 15:46:21,254 - INFO - [The Hindu] Success with 'selenium_browser'. Found content (165 words).
2025-11-28 15:46:32,538 - INFO - Saved article: UAE: Dubai police fine 8,000+ delivery riders for riding in fast lanes | World News - The Times of India from Times of India
2025-11-28 15:46:32,539 - INFO - Duplicate article skipped: Ale Mallikarjun takes charge as Kamareddy DCC chief - The Hindu from The Hindu
2025-11-28 15:46:33,168 - INFO - [The Hindu] Article: https://www.thehindu.com/news/national/kerala/kudumbashree-accounts-for-42-of-women-candidates-for-local-body-polls/article70335588.ece
2025-11-28 15:46:33,169 - INFO - [The Hindu] Attempt 1/1: Trying with 'selenium_browser' strategy...
2025-11-28 15:46:33,489 - INFO - [Times of India] Article: https://timesofindia.indiatimes.com/world/us/i-have-more-in-common-with-a-pakistani-cab-driver-tucker-carlson-shuts-down-muslim-hate-narrative-says-liberal-whites-are-worse/articleshow/125638505.cms
2025-11-28 15:46:33,489 - INFO - [Times of India] Attempt 1/1: Trying with 'selenium_browser' strategy...
2025-11-28 15:46:34,379 - INFO - [The Hindu] Page content loaded.
2025-11-28 15:46:34,481 - INFO - [The Hindu] Success with 'selenium_browser'. Found content (392 words).
2025-11-28 15:46:34,579 - INFO - Duplicate article skipped: Kudumbashree accounts for 42% of women candidates for local body polls - The Hindu from The Hindu
2025-11-28 15:46:35,344 - INFO - [Times of India] Page content loaded.
2025-11-28 15:46:35,637 - INFO - [The Hindu] Article: https://www.thehindu.com/news/national/kerala/mortuary-attendant-turned-candidate-banks-on-years-of-public-service/article70335425.ece
2025-11-28 15:46:35,638 - INFO - [The Hindu] Attempt 1/1: Trying with 'selenium_browser' strategy...
2025-11-28 15:46:35,662 - INFO - [Times of India] Success with 'selenium_browser'. Found content (473 words).
2025-11-28 15:46:41,458 - INFO - [The Hindu] Page content loaded.
2025-11-28 15:46:41,645 - INFO - [The Hindu] Success with 'selenium_browser'. Found content (337 words).
2025-11-28 15:46:50,158 - INFO - Saved article: ‘I have more in common with a Pakistani cab driver’: Tucker Carlson shuts down 'Muslim hate' narrative, says 'liberal Whites' are worse - The Times of India from Times of India
2025-11-28 15:46:50,159 - INFO - Duplicate article skipped: Mortuary attendant-turned-candidate banks on years of public service - The Hindu from The Hindu
2025-11-28 15:46:50,976 - INFO - [Times of India] Article: https://timesofindia.indiatimes.com/world/us/afghanistan-is-not-the-problem-immigration-is-kabul-born-former-us-soldier-says-even-10-president-trump-cant-undo-failure/articleshow/125638346.cms
2025-11-28 15:46:50,976 - INFO - [Times of India] Attempt 1/1: Trying with 'selenium_browser' strategy...
2025-11-28 15:46:51,258 - INFO - [The Hindu] Article: https://www.thehindu.com/news/cities/Hyderabad/key-concerns-over-delays-in-cybercrime-response-raised-at-bank-coordination-meeting/article70334640.ece
2025-11-28 15:46:51,258 - INFO - [The Hindu] Attempt 1/1: Trying with 'selenium_browser' strategy...
2025-11-28 15:46:52,278 - INFO - [Times of India] Page content loaded.
2025-11-28 15:46:52,626 - INFO - [Times of India] Success with 'selenium_browser'. Found content (353 words).
2025-11-28 15:46:52,780 - INFO - Duplicate article skipped: Afghanistan is not the problem, immigration is: Kabul-born former US soldier says even '10 President Trump' can't undo failure - The Times of India from Times of India
2025-11-28 15:46:53,727 - INFO - [Times of India] Article: https://timesofindia.indiatimes.com/world/us/zero-mention-of-islamic-terrorism-laura-loomer-slams-zohran-mamdani-over-dc-shooting-calls-him-nycs-jihadist-mayor/articleshow/125637251.cms
2025-11-28 15:46:53,727 - INFO - [Times of India] Attempt 1/1: Trying with 'selenium_browser' strategy...
2025-11-28 15:46:54,748 - INFO - [Times of India] Page content loaded.
2025-11-28 15:46:54,872 - INFO - [Times of India] Success with 'selenium_browser'. Found content (365 words).
2025-11-28 15:46:54,921 - INFO - Duplicate article skipped: ‘Zero mention of Islamic terrorism’: Laura Loomer slams Zohran Mamdani over DC shooting, calls him ‘NYC’s jihadist mayor’ - The Times of India from Times of India
2025-11-28 15:46:55,951 - INFO - [Times of India] Article: https://timesofindia.indiatimes.com/world/middle-east/uae-vice-president-sheikh-mansour-a-look-at-his-net-worth-and-manchester-city-empire/articleshow/125636442.cms
2025-11-28 15:46:55,951 - INFO - [Times of India] Attempt 1/1: Trying with 'selenium_browser' strategy...
2025-11-28 15:46:57,541 - INFO - [The Hindu] Page content loaded.
2025-11-28 15:46:57,658 - INFO - [The Hindu] Success with 'selenium_browser'. Found content (346 words).
2025-11-28 15:46:57,762 - INFO - Duplicate article skipped: Key concerns over delays in cybercrime response raised at bank coordination meeting - The Hindu from The Hindu
2025-11-28 15:46:57,971 - INFO - [Times of India] Page content loaded.
2025-11-28 15:46:58,118 - INFO - [Times of India] Success with 'selenium_browser'. Found content (738 words).
2025-11-28 15:46:58,185 - INFO - Duplicate article skipped: UAE Vice President Sheikh Mansour: A look at his net worth and Manchester City empire | World News - The Times of India from Times of India
2025-11-28 15:46:59,163 - INFO - [The Hindu] Article: https://www.thehindu.com/news/cities/Kochi/cashew-import-scam-hc-expresses-dissatisfaction-yet-again/article70335698.ece
2025-11-28 15:46:59,163 - INFO - [The Hindu] Attempt 1/1: Trying with 'selenium_browser' strategy...
2025-11-28 15:46:59,293 - INFO - [Times of India] Article: https://timesofindia.indiatimes.com/world/rest-of-world/human-washing-machine-goes-on-sale-in-japan/articleshow/125635307.cms
2025-11-28 15:46:59,293 - INFO - [Times of India] Attempt 1/1: Trying with 'selenium_browser' strategy...
2025-11-28 15:47:01,612 - INFO - [The Hindu] Page content loaded.
2025-11-28 15:47:01,804 - INFO - [The Hindu] Success with 'selenium_browser'. Found content (196 words).
2025-11-28 15:47:02,206 - INFO - Duplicate article skipped: Cashew import scam: HC expresses dissatisfaction yet again - The Hindu from The Hindu
2025-11-28 15:47:03,313 - INFO - [The Hindu] Article: https://www.thehindu.com/news/national/kerala/ldf-manifesto-for-thrissur-corporation-unveils-vision-for-green-city/article70335493.ece
2025-11-28 15:47:03,313 - INFO - [The Hindu] Attempt 1/1: Trying with 'selenium_browser' strategy...
2025-11-28 15:47:04,769 - INFO - [The Hindu] Page content loaded.
2025-11-28 15:47:05,116 - INFO - [The Hindu] Success with 'selenium_browser'. Found content (346 words).
2025-11-28 15:47:05,204 - INFO - Duplicate article skipped: LDF manifesto for Thrissur Corporation unveils vision for green city - The Hindu from The Hindu
2025-11-28 15:47:06,340 - INFO - [The Hindu] Article: https://www.thehindu.com/news/national/karnataka/farmer-unable-to-pay-debts-found-dead/article70335366.ece
2025-11-28 15:47:06,340 - INFO - [The Hindu] Attempt 1/1: Trying with 'selenium_browser' strategy...
2025-11-28 15:47:07,664 - INFO - [The Hindu] Page content loaded.
2025-11-28 15:47:07,838 - INFO - [The Hindu] Success with 'selenium_browser'. Found content (95 words).
2025-11-28 15:47:07,942 - INFO - Duplicate article skipped: Farmer, unable to pay debts, found dead - The Hindu from The Hindu
2025-11-28 15:47:09,070 - INFO - [The Hindu] Article: https://www.thehindu.com/news/national/kerala/grant-holiday-for-employees-to-vote-kerala-sec-tells-private-firms/article70335684.ece
2025-11-28 15:47:09,070 - INFO - [The Hindu] Attempt 1/1: Trying with 'selenium_browser' strategy...
2025-11-28 15:47:11,168 - INFO - [The Hindu] Page content loaded.
2025-11-28 15:47:11,224 - INFO - [The Hindu] Success with 'selenium_browser'. Found content (124 words).
2025-11-28 15:47:11,272 - INFO - Duplicate article skipped: Grant holiday for employees to vote, Kerala SEC tells private firms - The Hindu from The Hindu
2025-11-28 15:47:12,534 - INFO - [The Hindu] Article: https://www.thehindu.com/news/national/kerala/sivankutty-writes-to-union-labour-minister-demanding-withdrawal-of-labour-codes/article70335446.ece
2025-11-28 15:47:12,534 - INFO - [The Hindu] Attempt 1/1: Trying with 'selenium_browser' strategy...
2025-11-28 15:47:13,348 - INFO - [The Hindu] Page content loaded.
2025-11-28 15:47:13,388 - INFO - [The Hindu] Success with 'selenium_browser'. Found content (219 words).
2025-11-28 15:47:13,429 - INFO - Duplicate article skipped: Sivankutty writes to Union Labour Minister demanding withdrawal of labour codes - The Hindu from The Hindu
2025-11-28 15:47:14,049 - INFO - [The Hindu] Article: https://www.thehindu.com/news/national/andhra-pradesh/naidu-seeks-five-year-central-support-says-amaravati-and-andhra-pradesh-back-on-growth-path/article70335518.ece
2025-11-28 15:47:14,049 - INFO - [The Hindu] Attempt 1/1: Trying with 'selenium_browser' strategy...
2025-11-28 15:47:14,288 - WARNING - [Times of India] Page timed out (10s). No <p> tags found. Proceeding anyway.
2025-11-28 15:47:14,594 - INFO - [Times of India] Success with 'selenium_browser'. Found content (248 words).
2025-11-28 15:47:14,712 - INFO - Duplicate article skipped: Human washing machine goes on sale in Japan - The Times of India from Times of India
2025-11-28 15:47:15,208 - INFO - [The Hindu] Page content loaded.
2025-11-28 15:47:15,353 - INFO - [The Hindu] Success with 'selenium_browser'. Found content (338 words).
2025-11-28 15:47:15,425 - INFO - Duplicate article skipped: Naidu seeks five-year Central support, says Amaravati and Andhra Pradesh back on growth path - The Hindu from The Hindu
2025-11-28 15:47:15,825 - INFO - [Times of India] Article: https://timesofindia.indiatimes.com/world/middle-east/dubai-metro-new-rules-for-eid-al-etihad-timings-luggage-rules-and-routes-explained/articleshow/125635089.cms
2025-11-28 15:47:15,825 - INFO - [Times of India] Attempt 1/1: Trying with 'selenium_browser' strategy...
2025-11-28 15:47:16,764 - INFO - [The Hindu] Article: https://www.thehindu.com/news/national/telangana/ghmcs-multi-level-parking-facility-at-kbr-park-to-open-today/article70335551.ece
2025-11-28 15:47:16,768 - INFO - [The Hindu] Attempt 1/1: Trying with 'selenium_browser' strategy...
2025-11-28 15:47:17,145 - INFO - [Times of India] Page content loaded.
2025-11-28 15:47:17,345 - INFO - [Times of India] Success with 'selenium_browser'. Found content (533 words).
2025-11-28 15:47:17,445 - INFO - Duplicate article skipped: Dubai metro new rules for Eid Al Etihad: Timings, luggage rules and routes explained | World News - The Times of India from Times of India
2025-11-28 15:47:18,398 - INFO - [The Hindu] Page content loaded.
2025-11-28 15:47:18,522 - INFO - [Times of India] Article: https://timesofindia.indiatimes.com/world/middle-east/explained-what-are-black-points-in-uae-and-how-to-check-them/articleshow/125634951.cms
2025-11-28 15:47:18,522 - INFO - [Times of India] Attempt 1/1: Trying with 'selenium_browser' strategy...
2025-11-28 15:47:18,557 - INFO - [The Hindu] Success with 'selenium_browser'. Found content (221 words).
2025-11-28 15:47:18,637 - INFO - Duplicate article skipped: GHMC’s multi-level parking facility at KBR park to open today - The Hindu from The Hindu
2025-11-28 15:47:20,133 - INFO - [The Hindu] (Thread) Finished. Attempting to shut down its Selenium driver.
2025-11-28 15:47:20,336 - INFO - [Times of India] Page content loaded.
2025-11-28 15:47:20,357 - INFO - [The Hindu] (Thread) driver.quit() successful.
2025-11-28 15:47:20,448 - INFO - [Times of India] Success with 'selenium_browser'. Found content (568 words).
2025-11-28 15:47:20,511 - INFO - Duplicate article skipped: Explained: What are black points in UAE and how to check them | World News - The Times of India from Times of India
2025-11-28 15:47:21,720 - INFO - [Times of India] Article: https://timesofindia.indiatimes.com/world/middle-east/sharjah-police-announce-black-points-waiver-and-fine-discounts-for-uaes-54th-national-day/articleshow/125631206.cms
2025-11-28 15:47:21,720 - INFO - [Times of India] Attempt 1/1: Trying with 'selenium_browser' strategy...
2025-11-28 15:47:22,790 - INFO - [Times of India] Page content loaded.
2025-11-28 15:47:22,918 - INFO - [Times of India] Success with 'selenium_browser'. Found content (436 words).
2025-11-28 15:47:22,985 - INFO - Duplicate article skipped: Sharjah police announce black points waiver and fine discounts for UAE’s 54th National Day | World News - The Times of India from Times of India
2025-11-28 15:47:23,991 - INFO - [Times of India] Article: https://timesofindia.indiatimes.com/world/rest-of-world/hong-kong-tragedy-fire-alarms-of-affected-buildings-failed-toll-rises-to-128/articleshow/125632887.cms
2025-11-28 15:47:23,991 - INFO - [Times of India] Attempt 1/1: Trying with 'selenium_browser' strategy...
2025-11-28 15:47:25,727 - INFO - [Times of India] Page content loaded.
2025-11-28 15:47:25,841 - INFO - [Times of India] Success with 'selenium_browser'. Found content (578 words).
2025-11-28 15:47:25,904 - INFO - Duplicate article skipped: Hong Kong tragedy: Fire alarms of affected buildings failed; toll rises to 128 - The Times of India from Times of India
2025-11-28 15:47:26,942 - INFO - [Times of India] Article: https://timesofindia.indiatimes.com/world/rest-of-world/sri-lanka-56-killed-as-floods-landslides-triggered-by-torrential-rains-batter-the-island-dozens-missing/articleshow/125628919.cms
2025-11-28 15:47:26,942 - INFO - [Times of India] Attempt 1/1: Trying with 'selenium_browser' strategy...
2025-11-28 15:47:28,170 - INFO - [Times of India] Page content loaded.
2025-11-28 15:47:28,272 - INFO - [Times of India] Success with 'selenium_browser'. Found content (255 words).
2025-11-28 15:47:28,321 - INFO - Duplicate article skipped: Sri Lanka: 56 killed as floods, landslides triggered by torrential rains batter the island; dozens missing - The Times of India from Times of India
2025-11-28 15:47:29,360 - INFO - [Times of India] Article: https://timesofindia.indiatimes.com/world/middle-east/emirates-celebrates-54th-uae-national-day-with-special-inflight-food-and-entertainment/articleshow/125632515.cms
2025-11-28 15:47:29,360 - INFO - [Times of India] Attempt 1/1: Trying with 'selenium_browser' strategy...
2025-11-28 15:47:30,371 - INFO - [Times of India] Page content loaded.
2025-11-28 15:47:30,499 - INFO - [Times of India] Success with 'selenium_browser'. Found content (543 words).
2025-11-28 15:47:30,748 - INFO - Duplicate article skipped: Emirates celebrates 54th UAE National Day with special inflight food and entertainment | World News - The Times of India from Times of India
2025-11-28 15:47:31,911 - INFO - [Times of India] Article: https://timesofindia.indiatimes.com/world/middle-east/uae-national-day-rulers-of-ras-al-khaimah-and-ajman-pardoned-1079-inmates-offers-them-a-clean-slate/articleshow/125631851.cms
2025-11-28 15:47:31,911 - INFO - [Times of India] Attempt 1/1: Trying with 'selenium_browser' strategy...
2025-11-28 15:47:33,269 - INFO - [Times of India] Page content loaded.
2025-11-28 15:47:33,370 - INFO - [Times of India] Success with 'selenium_browser'. Found content (437 words).
2025-11-28 15:47:33,431 - INFO - Duplicate article skipped: UAE National Day: Rulers of Ras Al Khaimah and Ajman pardoned 1,079 inmates, offers them a clean slate | World News - The Times of India from Times of India
2025-11-28 15:47:34,837 - INFO - [Times of India] (Thread) Finished. Attempting to shut down its Selenium driver.
2025-11-28 15:47:35,095 - INFO - [Times of India] (Thread) driver.quit() successful.
2025-11-28 15:47:35,095 - INFO - Shutting down thread pool (wait=False)...
2025-11-28 15:47:35,095 - INFO - Scraped: 7 The Hindu, 5 Times of India, 1 The Guardian, 1 BBC articles. (Total saved: 14)
2025-11-28 15:47:35,095 - INFO - --- Scraping job finished ---
2025-11-28 15:47:35,105 - INFO - --- Scraper service stopped and database connection closed. ---
2025-11-28 15:47:35,105 - INFO - --- Main thread finished. Forcing process exit to kill zombie threads. ---
