2025-12-03 15:50:47,105 - INFO - Loading AI Semantic Model (all-MiniLM-L6-v2)...
2025-12-03 15:50:47,106 - INFO - Use pytorch device_name: cpu
2025-12-03 15:50:47,106 - INFO - Load pretrained SentenceTransformer: all-MiniLM-L6-v2
2025-12-03 15:50:48,407 - INFO - AI Model loaded successfully.
2025-12-03 15:50:48,407 - INFO - Initializing database connection at: news_articles.db
2025-12-03 15:50:48,407 - INFO - --- Scraper service started (CI Mode: Run Once) ---
2025-12-03 15:50:48,407 - INFO - --- Starting new scraping job (Parallel Mode) ---
2025-12-03 15:50:48,407 - INFO - Creating new robust session with 3 retries on 5xx/connection/read errors.
2025-12-03 15:50:48,408 - INFO - Proxy is DISABLED.
2025-12-03 15:50:48,408 - INFO - Starting scrape for BBC RSS feed: http://feeds.bbci.co.uk/news/world/rss.xml
2025-12-03 15:50:48,409 - INFO - [Times of India] (Thread) requires Selenium. Initializing driver...
2025-12-03 15:50:48,409 - INFO - Initializing headless Selenium Chrome driver (using SeleniumManager)...
2025-12-03 15:50:48,409 - INFO - Starting scrape for The Guardian RSS feed: https://www.theguardian.com/world/rss
2025-12-03 15:50:48,411 - INFO - [The Hindu] (Thread) requires Selenium. Initializing driver...
2025-12-03 15:50:48,411 - INFO - Initializing headless Selenium Chrome driver (using SeleniumManager)...
2025-12-03 15:50:48,412 - INFO - Submitted 4 jobs to thread pool. Waiting up to 300s for completion...
2025-12-03 15:50:48,474 - INFO - Found 34 articles in BBC RSS feed. Processing up to 20.
2025-12-03 15:50:48,474 - INFO - [BBC] Article: https://www.bbc.com/news/articles/cpq4e21nr5vo?at_medium=RSS&at_campaign=rss
2025-12-03 15:50:48,474 - INFO - [BBC] Attempt 1/1: Trying with 'requests_browser' strategy...
2025-12-03 15:50:48,611 - INFO - [BBC] Success with 'requests_browser'. Found content (438 words).
2025-12-03 15:50:48,740 - INFO - Found 45 articles in The Guardian RSS feed. Processing up to 20.
2025-12-03 15:50:48,741 - INFO - [The Guardian] Article: https://www.theguardian.com/global-development/2025/dec/03/whistleblower-accuses-foreign-office-of-censoring-warning-of-sudan-genocide
2025-12-03 15:50:48,741 - INFO - [The Guardian] Attempt 1/1: Trying with 'requests_browser' strategy...
2025-12-03 15:50:48,925 - INFO - [The Guardian] Success with 'requests_browser'. Found content (1466 words).
2025-12-03 15:51:00,625 - INFO - DEDUPLICATION: Found match (Score: 0.76). Linking to Cluster ID: 898ae988-f1a8-4f35-aa0d-53599d7be5bb
2025-12-03 15:51:00,627 - INFO - Saved article: What latest Ukraine talks reveal about Putin's state of mind from BBC
2025-12-03 15:51:00,627 - INFO - Duplicate article skipped: Whistleblower accuses Foreign Office of ‘censoring’ warning of Sudan genocide | Global development | The Guardian from The Guardian
2025-12-03 15:51:01,157 - INFO - [The Guardian] Article: https://www.theguardian.com/us-news/2025/dec/02/trump-somali-immigrants-minnesota
2025-12-03 15:51:01,157 - INFO - [The Guardian] Attempt 1/1: Trying with 'requests_browser' strategy...
2025-12-03 15:51:01,177 - INFO - [The Guardian] Success with 'requests_browser'. Found content (473 words).
2025-12-03 15:51:01,211 - INFO - Duplicate article skipped: Trump calls Somali immigrants ‘garbage’ as US reportedly targets Minnesota community | Trump administration | The Guardian from The Guardian
2025-12-03 15:51:01,263 - INFO - [BBC] Article: https://www.bbc.com/news/articles/cpwk7xen544o?at_medium=RSS&at_campaign=rss
2025-12-03 15:51:01,263 - INFO - [BBC] Attempt 1/1: Trying with 'requests_browser' strategy...
2025-12-03 15:51:01,430 - INFO - [BBC] Success with 'requests_browser'. Found content (668 words).
2025-12-03 15:51:01,466 - INFO - Duplicate article skipped: Israel says Rafah crossing to open soon to let Gazans leave via Egypt from BBC
2025-12-03 15:51:02,518 - INFO - [The Guardian] Article: https://www.theguardian.com/world/2025/dec/01/south-africans-court-alleged-recruitment-russia-war-ukraine
2025-12-03 15:51:02,518 - INFO - [The Guardian] Attempt 1/1: Trying with 'requests_browser' strategy...
2025-12-03 15:51:02,618 - INFO - [BBC] Article: https://www.bbc.com/news/articles/c2lvzrve5lqo?at_medium=RSS&at_campaign=rss
2025-12-03 15:51:02,618 - INFO - [BBC] Attempt 1/1: Trying with 'requests_browser' strategy...
2025-12-03 15:51:02,646 - INFO - [BBC] Success with 'requests_browser'. Found content (292 words).
2025-12-03 15:51:02,694 - INFO - Duplicate article skipped: Federica Mogherini: Former EU top diplomat accused in fraud investigation from BBC
2025-12-03 15:51:02,717 - INFO - [The Guardian] Success with 'requests_browser'. Found content (506 words).
2025-12-03 15:51:02,776 - INFO - Duplicate article skipped: Five South Africans in court over alleged recruitment for Russia’s war in Ukraine | South Africa | The Guardian from The Guardian
2025-12-03 15:51:03,324 - INFO - [The Guardian] Article: https://www.theguardian.com/global-development/2025/dec/01/global-health-hiv-aids-funding-cuts-infections-prevention
2025-12-03 15:51:03,324 - INFO - [The Guardian] Attempt 1/1: Trying with 'requests_browser' strategy...
2025-12-03 15:51:03,490 - INFO - [The Guardian] Success with 'requests_browser'. Found content (674 words).
2025-12-03 15:51:03,661 - INFO - Selenium driver initialized successfully.
2025-12-03 15:51:03,661 - INFO - Starting scrape for The Hindu RSS feed: https://www.thehindu.com/news/national/feeder/default.rss
2025-12-03 15:51:03,663 - INFO - Selenium driver initialized successfully.
2025-12-03 15:51:03,663 - INFO - Duplicate article skipped: Aid cuts have shaken HIV/Aids care to its core – and will mean millions more infections ahead | Global health | The Guardian from The Guardian
2025-12-03 15:51:03,663 - INFO - Starting scrape for Times of India RSS feed: https://timesofindia.indiatimes.com/rssfeeds/296589292.cms
2025-12-03 15:51:03,763 - INFO - Found 20 articles in Times of India RSS feed. Processing up to 20.
2025-12-03 15:51:03,763 - INFO - [Times of India] Article: https://timesofindia.indiatimes.com/world/us/vivek-ramaswamy-recalls-last-conversation-with-charlie-kirk-on-what-is-an-american-social-media-brings-up-h-1b-row/articleshow/125745343.cms
2025-12-03 15:51:03,763 - INFO - [Times of India] Attempt 1/1: Trying with 'selenium_browser' strategy...
2025-12-03 15:51:03,806 - INFO - Found 100 articles in The Hindu RSS feed. Processing up to 20.
2025-12-03 15:51:03,806 - INFO - [The Hindu] Article: https://www.thehindu.com/news/national/chhattisgarh/protest-against-coal-mining-turns-violent-in-chhattisgarhs-surguja-police-personnel-injured/article70354279.ece
2025-12-03 15:51:03,806 - INFO - [The Hindu] Attempt 1/1: Trying with 'selenium_browser' strategy...
2025-12-03 15:51:04,137 - INFO - [BBC] Article: https://www.bbc.com/news/articles/c208x9v68w3o?at_medium=RSS&at_campaign=rss
2025-12-03 15:51:04,137 - INFO - [BBC] Attempt 1/1: Trying with 'requests_browser' strategy...
2025-12-03 15:51:04,168 - INFO - [BBC] Success with 'requests_browser'. Found content (1092 words).
2025-12-03 15:51:04,204 - INFO - Duplicate article skipped: Trump says he doesn't want Somalis in US as ICE plans operation from BBC
2025-12-03 15:51:04,766 - INFO - [The Guardian] Article: https://www.theguardian.com/world/2025/nov/30/african-leaders-push-for-recognition-of-colonial-crimes-and-reparations
2025-12-03 15:51:04,766 - INFO - [The Guardian] Attempt 1/1: Trying with 'requests_browser' strategy...
2025-12-03 15:51:04,945 - INFO - [The Guardian] Success with 'requests_browser'. Found content (670 words).
2025-12-03 15:51:05,045 - INFO - Duplicate article skipped: African leaders push for recognition of colonial crimes and reparations | Colonialism | The Guardian from The Guardian
2025-12-03 15:51:05,167 - INFO - [BBC] Article: https://www.bbc.com/news/articles/c62lv79p0pdo?at_medium=RSS&at_campaign=rss
2025-12-03 15:51:05,167 - INFO - [BBC] Attempt 1/1: Trying with 'requests_browser' strategy...
2025-12-03 15:51:05,204 - INFO - [BBC] Success with 'requests_browser'. Found content (482 words).
2025-12-03 15:51:05,581 - INFO - [The Guardian] Article: https://www.theguardian.com/world/2025/dec/03/colombia-trump-warning-military-threat
2025-12-03 15:51:05,581 - INFO - [The Guardian] Attempt 1/1: Trying with 'requests_browser' strategy...
2025-12-03 15:51:05,644 - INFO - [The Guardian] Success with 'requests_browser'. Found content (612 words).
2025-12-03 15:51:09,669 - INFO - [The Hindu] Page content loaded.
2025-12-03 15:51:09,816 - INFO - [The Hindu] Success with 'selenium_browser'. Found content (430 words).
2025-12-03 15:51:30,102 - INFO - Saved article: Hong Kong orders removal of scaffolding mesh after deadly blaze from BBC
2025-12-03 15:51:30,102 - INFO - Duplicate article skipped: Colombia’s president warns Trump: ‘Do not wake the jaguar’ with threats of military strikes | Colombia | The Guardian from The Guardian
2025-12-03 15:51:30,748 - INFO - [The Guardian] Article: https://www.theguardian.com/us-news/live/2025/dec/02/donald-trump-pete-hegseth-boat-venezuela-maduro-tennessee-us-politics-live-news-updates
2025-12-03 15:51:30,748 - INFO - [The Guardian] Attempt 1/1: Trying with 'requests_browser' strategy...
2025-12-03 15:51:31,119 - INFO - [BBC] Article: https://www.bbc.com/news/articles/cy8jnxxm70jo?at_medium=RSS&at_campaign=rss
2025-12-03 15:51:31,119 - INFO - [BBC] Attempt 1/1: Trying with 'requests_browser' strategy...
2025-12-03 15:51:31,324 - INFO - [The Guardian] Success with 'requests_browser'. Found content (4155 words).
2025-12-03 15:51:31,456 - INFO - [BBC] Success with 'requests_browser'. Found content (244 words).
2025-12-03 15:51:43,373 - INFO - Saved article: Protest against coal mining turns violent in Chhattisgarh’s Surguja, police personnel injured - The Hindu from The Hindu
2025-12-03 15:51:43,373 - INFO - Duplicate article skipped: Pete Hegseth says he ‘didn’t stick around’ to watch second strike on alleged drug boat as Democrats slam administration over attacks – as it happened | Trump administration | The Guardian from The Guardian
2025-12-03 15:51:43,373 - INFO - Duplicate article skipped: Drunk raccoon found passed out on liquor store floor after breaking in from BBC
2025-12-03 15:51:43,928 - INFO - [The Guardian] Article: https://www.theguardian.com/world/2025/dec/02/trump-intervention-honduras-presidential-vote-count-stalls-nasry-asfura
2025-12-03 15:51:43,928 - INFO - [The Guardian] Attempt 1/1: Trying with 'requests_browser' strategy...
2025-12-03 15:51:44,119 - INFO - [BBC] Article: https://www.bbc.com/news/articles/cvgq5dvygllo?at_medium=RSS&at_campaign=rss
2025-12-03 15:51:44,119 - INFO - [BBC] Attempt 1/1: Trying with 'requests_browser' strategy...
2025-12-03 15:51:44,156 - INFO - [BBC] Success with 'requests_browser'. Found content (1030 words).
2025-12-03 15:51:44,196 - INFO - Duplicate article skipped: Kenyan MPs accuse British soldiers from Batuk of sexual abuse in Laikipia from BBC
2025-12-03 15:51:44,409 - INFO - [The Guardian] Success with 'requests_browser'. Found content (945 words).
2025-12-03 15:51:44,454 - INFO - Duplicate article skipped: Trump frees ex-Honduran president from prison as country awaits knife-edge election result | Honduras | The Guardian from The Guardian
2025-12-03 15:51:44,851 - INFO - [The Hindu] Article: https://www.thehindu.com/news/national/karnataka/police-rescue-minor-boy-kidnapped-from-outside-the-house/article70354230.ece
2025-12-03 15:51:44,851 - INFO - [The Hindu] Attempt 1/1: Trying with 'selenium_browser' strategy...
2025-12-03 15:51:45,302 - INFO - [The Guardian] Article: https://www.theguardian.com/us-news/2025/dec/02/pete-hegseth-franklin-the-turtle
2025-12-03 15:51:45,302 - INFO - [The Guardian] Attempt 1/1: Trying with 'requests_browser' strategy...
2025-12-03 15:51:45,672 - INFO - [BBC] Article: https://www.bbc.com/news/articles/c1m8g5x1xmko?at_medium=RSS&at_campaign=rss
2025-12-03 15:51:45,672 - INFO - [BBC] Attempt 1/1: Trying with 'requests_browser' strategy...
2025-12-03 15:51:45,799 - INFO - [BBC] Success with 'requests_browser'. Found content (308 words).
2025-12-03 15:51:45,906 - INFO - [The Guardian] Success with 'requests_browser'. Found content (438 words).
2025-12-03 15:51:45,945 - INFO - Duplicate article skipped: Three French teens drown in freak car crash in swimming pool from BBC
2025-12-03 15:51:46,004 - INFO - Duplicate article skipped: Publisher condemns ‘violent’ use of Franklin the Turtle after Hegseth’s boat strike post | Pete Hegseth | The Guardian from The Guardian
2025-12-03 15:51:46,620 - INFO - [The Guardian] Article: https://www.theguardian.com/us-news/2025/dec/02/monterrey-mexico-air-quality-industrial-pollution
2025-12-03 15:51:46,620 - INFO - [The Guardian] Attempt 1/1: Trying with 'requests_browser' strategy...
2025-12-03 15:51:46,833 - INFO - [The Guardian] Success with 'requests_browser'. Found content (3688 words).
2025-12-03 15:51:46,918 - INFO - Duplicate article skipped: Revealed: Mexico’s industrial boomtown is making goods for the US. Residents say they’re ‘breathing poison’ | Mexico | The Guardian from The Guardian
2025-12-03 15:51:47,127 - INFO - [BBC] Article: https://www.bbc.com/news/articles/ckgzqxjzjyqo?at_medium=RSS&at_campaign=rss
2025-12-03 15:51:47,127 - INFO - [BBC] Attempt 1/1: Trying with 'requests_browser' strategy...
2025-12-03 15:51:47,171 - INFO - [BBC] Success with 'requests_browser'. Found content (332 words).
2025-12-03 15:51:47,244 - INFO - Duplicate article skipped: Production halted at Chinese factory making 'childlike' sex dolls from BBC
2025-12-03 15:51:47,576 - INFO - [The Guardian] Article: https://www.theguardian.com/business/2025/dec/03/hsbc-appoints-interim-chair-brendan-nelson-to-permanent-role
2025-12-03 15:51:47,576 - INFO - [The Guardian] Attempt 1/1: Trying with 'requests_browser' strategy...
2025-12-03 15:51:47,823 - INFO - [BBC] Article: https://www.bbc.com/news/articles/clydg2re4d1o?at_medium=RSS&at_campaign=rss
2025-12-03 15:51:47,823 - INFO - [BBC] Attempt 1/1: Trying with 'requests_browser' strategy...
2025-12-03 15:51:47,851 - INFO - [BBC] Success with 'requests_browser'. Found content (336 words).
2025-12-03 15:51:47,891 - INFO - Duplicate article skipped: Sanchar Saathi: India scraps order to pre-install state-run cyber safety app on smartphones from BBC
2025-12-03 15:51:48,665 - INFO - [The Guardian] Success with 'requests_browser'. Found content (605 words).
2025-12-03 15:51:49,040 - INFO - [The Hindu] Page content loaded.
2025-12-03 15:51:49,056 - INFO - Duplicate article skipped: HSBC appoints interim chair Brendan Nelson to permanent role | HSBC | The Guardian from The Guardian
2025-12-03 15:51:49,205 - INFO - [The Hindu] Success with 'selenium_browser'. Found content (209 words).
2025-12-03 15:51:49,365 - INFO - [BBC] Article: https://www.bbc.com/news/articles/cy7v077dm0po?at_medium=RSS&at_campaign=rss
2025-12-03 15:51:49,365 - INFO - [BBC] Attempt 1/1: Trying with 'requests_browser' strategy...
2025-12-03 15:51:49,433 - INFO - [BBC] Success with 'requests_browser'. Found content (308 words).
2025-12-03 15:51:49,753 - INFO - [The Guardian] Article: https://www.theguardian.com/world/2025/dec/03/eu-strategy-raw-materials-rare-earths-supply-chain-resourceeu
2025-12-03 15:51:49,753 - INFO - [The Guardian] Attempt 1/1: Trying with 'requests_browser' strategy...
2025-12-03 15:51:49,818 - INFO - [The Guardian] Success with 'requests_browser'. Found content (782 words).
2025-12-03 15:52:02,142 - INFO - Saved article: Police rescue minor boy kidnapped from outside the house - The Hindu from The Hindu
2025-12-03 15:52:02,143 - INFO - Duplicate article skipped: MH370: Search for long-missing Malaysia Airlines fight to resume from BBC
2025-12-03 15:52:02,143 - INFO - Duplicate article skipped: EU unveils €3bn strategy to cut dependency on China for raw materials | Mining | The Guardian from The Guardian
2025-12-03 15:52:02,765 - INFO - [BBC] Article: https://www.bbc.com/news/articles/c7vm754r80vo?at_medium=RSS&at_campaign=rss
2025-12-03 15:52:02,765 - INFO - [BBC] Attempt 1/1: Trying with 'requests_browser' strategy...
2025-12-03 15:52:02,924 - INFO - [BBC] Success with 'requests_browser'. Found content (225 words).
2025-12-03 15:52:02,937 - INFO - [The Hindu] Article: https://www.thehindu.com/news/national/andhra-pradesh/congress-is-alive-at-ground-level-despite-losses-aicc-observer/article70354105.ece
2025-12-03 15:52:02,942 - INFO - [The Hindu] Attempt 1/1: Trying with 'selenium_browser' strategy...
2025-12-03 15:52:02,966 - INFO - Duplicate article skipped: New Zealand man charged with theft over claims he swallowed $19k Fabergé egg from BBC
2025-12-03 15:52:03,037 - INFO - [The Guardian] Article: https://www.theguardian.com/world/2025/dec/03/search-for-malaysia-airline-flight-mh370-to-resume-over-11-years-after-plane-went-missing
2025-12-03 15:52:03,037 - INFO - [The Guardian] Attempt 1/1: Trying with 'requests_browser' strategy...
2025-12-03 15:52:03,252 - INFO - [The Guardian] Success with 'requests_browser'. Found content (851 words).
2025-12-03 15:52:03,331 - INFO - Duplicate article skipped: Malaysia Airlines flight MH370 search to resume 11 years after jet went missing | Malaysia Airlines flight MH370 | The Guardian from The Guardian
2025-12-03 15:52:03,781 - ERROR - [Times of India] Request failed for strategy 'selenium_browser' on URL https://timesofindia.indiatimes.com/world/us/vivek-ramaswamy-recalls-last-conversation-with-charlie-kirk-on-what-is-an-american-social-media-brings-up-h-1b-row/articleshow/125745343.cms: Message: timeout: Timed out receiving message from renderer: 59.868
  (Session info: chrome=142.0.7444.162)
Stacktrace:
#0 0x55583e82f32a <unknown>
#1 0x55583e27be4b <unknown>
#2 0x55583e263e0d <unknown>
#3 0x55583e263af0 <unknown>
#4 0x55583e2618ff <unknown>
#5 0x55583e26227f <unknown>
#6 0x55583e270ca3 <unknown>
#7 0x55583e28a601 <unknown>
#8 0x55583e290e0b <unknown>
#9 0x55583e2629bd <unknown>
#10 0x55583e28a3a7 <unknown>
#11 0x55583e31b170 <unknown>
#12 0x55583e2c0c1a <unknown>
#13 0x55583e2c1921 <unknown>
#14 0x55583e7f6239 <unknown>
#15 0x55583e7f91e8 <unknown>
#16 0x55583e7df4c9 <unknown>
#17 0x55583e7f9db5 <unknown>
#18 0x55583e7c6e93 <unknown>
#19 0x55583e81c098 <unknown>
#20 0x55583e81c273 <unknown>
#21 0x55583e82e2c3 <unknown>
#22 0x7f48f429caa4 <unknown>
#23 0x7f48f4329c6c <unknown>

2025-12-03 15:52:03,782 - ERROR - [Times of India] All scrape strategies failed for https://timesofindia.indiatimes.com/world/us/vivek-ramaswamy-recalls-last-conversation-with-charlie-kirk-on-what-is-an-american-social-media-brings-up-h-1b-row/articleshow/125745343.cms. Falling back to RSS description.
2025-12-03 15:52:03,782 - INFO - Duplicate article skipped: Vivek Ramaswamy recalls last conversation with Charlie Kirk on ‘What is an American?’; Social media brings up H-1B row from Times of India
2025-12-03 15:52:04,038 - INFO - [The Guardian] Article: https://www.theguardian.com/world/2025/dec/02/uk-government-delays-china-super-embassy-january
2025-12-03 15:52:04,038 - INFO - [The Guardian] Attempt 1/1: Trying with 'requests_browser' strategy...
2025-12-03 15:52:04,216 - INFO - [BBC] Article: https://www.bbc.com/news/articles/c3e05j9012vo?at_medium=RSS&at_campaign=rss
2025-12-03 15:52:04,216 - INFO - [BBC] Attempt 1/1: Trying with 'requests_browser' strategy...
2025-12-03 15:52:04,247 - INFO - [BBC] Success with 'requests_browser'. Found content (297 words).
2025-12-03 15:52:04,325 - INFO - Duplicate article skipped: Italian fashion giant Prada buys Versace – at a discount from BBC
2025-12-03 15:52:04,331 - INFO - [The Guardian] Success with 'requests_browser'. Found content (619 words).
2025-12-03 15:52:04,383 - INFO - Duplicate article skipped: UK government delays decision on China’s super-embassy until January | China | The Guardian from The Guardian
2025-12-03 15:52:04,400 - INFO - [Times of India] Article: https://timesofindia.indiatimes.com/world/us/ex-biden-adviser-condemns-indian-origin-sheela-murthys-kick-trump-speech-says-violence-is-not-the-answer/articleshow/125746156.cms
2025-12-03 15:52:04,400 - INFO - [Times of India] Attempt 1/1: Trying with 'selenium_browser' strategy...
2025-12-03 15:52:05,151 - INFO - [BBC] Article: https://www.bbc.com/news/articles/cp341gz24p5o?at_medium=RSS&at_campaign=rss
2025-12-03 15:52:05,151 - INFO - [BBC] Attempt 1/1: Trying with 'requests_browser' strategy...
2025-12-03 15:52:05,216 - INFO - [BBC] Success with 'requests_browser'. Found content (660 words).
2025-12-03 15:52:05,285 - INFO - Duplicate article skipped: YouTube says it will be less safe for kids under Australia's social media ban from BBC
2025-12-03 15:52:05,348 - INFO - [The Guardian] Article: https://www.theguardian.com/world/2025/dec/03/uk-china-spying-case-collapse-security-committee-report
2025-12-03 15:52:05,348 - INFO - [The Guardian] Attempt 1/1: Trying with 'requests_browser' strategy...
2025-12-03 15:52:05,517 - INFO - [The Guardian] Success with 'requests_browser'. Found content (885 words).
2025-12-03 15:52:05,581 - INFO - Duplicate article skipped: Handling of China spying case was ‘shambolic’, security committee concludes | Espionage | The Guardian from The Guardian
2025-12-03 15:52:05,754 - INFO - [Times of India] Page content loaded.
2025-12-03 15:52:05,795 - INFO - [BBC] Article: https://www.bbc.com/news/articles/cp39q5n5037o?at_medium=RSS&at_campaign=rss
2025-12-03 15:52:05,795 - INFO - [BBC] Attempt 1/1: Trying with 'requests_browser' strategy...
2025-12-03 15:52:05,847 - INFO - [BBC] Success with 'requests_browser'. Found content (336 words).
2025-12-03 15:52:05,921 - INFO - Duplicate article skipped: Air pollution: Delhi hospitals saw 200,000 respiratory illness patients in three years from BBC
2025-12-03 15:52:05,978 - INFO - [Times of India] Success with 'selenium_browser'. Found content (311 words).
2025-12-03 15:52:06,052 - INFO - Duplicate article skipped: Ex-Biden adviser condemns Indian-origin 'Sheela Murthy's kick Trump' speech; says violence is not the answer - The Times of India from Times of India
2025-12-03 15:52:06,160 - INFO - [The Guardian] Article: https://www.theguardian.com/australia-news/2025/dec/03/helen-garner-says-state-library-of-victoria-turned-into-party-central-with-planned-job-cuts-to-bring-disgrace-on-melbourne
2025-12-03 15:52:06,160 - INFO - [The Guardian] Attempt 1/1: Trying with 'requests_browser' strategy...
2025-12-03 15:52:06,200 - INFO - [The Guardian] Success with 'requests_browser'. Found content (613 words).
2025-12-03 15:52:06,267 - INFO - Duplicate article skipped: Helen Garner says State Library of Victoria turned into ‘party central’ with planned job cuts to ‘bring disgrace’ on Melbourne | Victoria | The Guardian from The Guardian
2025-12-03 15:52:06,595 - INFO - [Times of India] Article: https://timesofindia.indiatimes.com/world/us-streamers/it-was-to-garner-sympathy-kaceytron-publicly-apologizes-to-ethan-and-hila-klein-as-lawsuit-ends-while-calling-out-hasanabis-lack-of-support/articleshow/125744663.cms
2025-12-03 15:52:06,595 - INFO - [Times of India] Attempt 1/1: Trying with 'selenium_browser' strategy...
2025-12-03 15:52:06,834 - INFO - [BBC] Article: https://www.bbc.com/news/articles/cly580gkd9ro?at_medium=RSS&at_campaign=rss
2025-12-03 15:52:06,834 - INFO - [BBC] Attempt 1/1: Trying with 'requests_browser' strategy...
2025-12-03 15:52:07,009 - INFO - [BBC] Success with 'requests_browser'. Found content (1534 words).
2025-12-03 15:52:07,053 - INFO - Duplicate article skipped: Ultra-Orthodox conscription bill threatens crisis for Israel's government from BBC
2025-12-03 15:52:07,243 - INFO - [The Guardian] Article: https://www.theguardian.com/australia-news/2025/dec/03/alliance-defending-freedom-backs-south-australian-woman-legal-action-school-ntwnfb
2025-12-03 15:52:07,243 - INFO - [The Guardian] Attempt 1/1: Trying with 'requests_browser' strategy...
2025-12-03 15:52:07,279 - INFO - [The Guardian] Success with 'requests_browser'. Found content (715 words).
2025-12-03 15:52:07,355 - INFO - Duplicate article skipped: Global group accused of attacking gay rights backs South Australian woman over school presentation | Australian education | The Guardian from The Guardian
2025-12-03 15:52:07,712 - INFO - [BBC] Article: https://www.bbc.com/news/articles/c9895x3039ro?at_medium=RSS&at_campaign=rss
2025-12-03 15:52:07,712 - INFO - [BBC] Attempt 1/1: Trying with 'requests_browser' strategy...
2025-12-03 15:52:07,862 - INFO - [The Guardian] Article: https://www.theguardian.com/australia-news/2025/dec/03/liberal-senator-says-repeated-use-of-term-mass-migration-is-inaccurate-and-extremely-unhelpful
2025-12-03 15:52:07,862 - INFO - [The Guardian] Attempt 1/1: Trying with 'requests_browser' strategy...
2025-12-03 15:52:07,909 - INFO - [BBC] Success with 'requests_browser'. Found content (942 words).
2025-12-03 15:52:07,977 - INFO - Duplicate article skipped: As lead changes in knife-edge Honduran election, will Trump fail to get his way? from BBC
2025-12-03 15:52:08,058 - INFO - [The Guardian] Success with 'requests_browser'. Found content (823 words).
2025-12-03 15:52:08,130 - INFO - Duplicate article skipped: Liberal senator says repeated use of term ‘mass migration’ is inaccurate and ‘extremely unhelpful’ | Liberal party | The Guardian from The Guardian
2025-12-03 15:52:09,334 - INFO - [BBC] Article: https://www.bbc.com/news/articles/cpq47derx2vo?at_medium=RSS&at_campaign=rss
2025-12-03 15:52:09,334 - INFO - [BBC] Attempt 1/1: Trying with 'requests_browser' strategy...
2025-12-03 15:52:09,337 - INFO - [The Guardian] Article: https://www.theguardian.com/australia-news/2025/dec/03/ndis-overhaul-disabled-people-risks-lives
2025-12-03 15:52:09,337 - INFO - [The Guardian] Attempt 1/1: Trying with 'requests_browser' strategy...
2025-12-03 15:52:09,383 - INFO - [BBC] Success with 'requests_browser'. Found content (991 words).
2025-12-03 15:52:09,747 - INFO - Duplicate article skipped: Ukrainians in war-ravaged Donbas weigh prospects of peace deal from BBC
2025-12-03 15:52:09,803 - INFO - [The Guardian] Success with 'requests_browser'. Found content (818 words).
2025-12-03 15:52:09,959 - INFO - Duplicate article skipped: ‘Nightmare scenario for disabled people’: NDIS overhaul risks lives, advocates say | National disability insurance scheme | The Guardian from The Guardian
2025-12-03 15:52:10,008 - INFO - [The Hindu] Page content loaded.
2025-12-03 15:52:10,091 - INFO - [Times of India] Page content loaded.
2025-12-03 15:52:10,148 - INFO - [The Hindu] Success with 'selenium_browser'. Found content (151 words).
2025-12-03 15:52:10,783 - INFO - [Times of India] Success with 'selenium_browser'. Found content (344 words).
2025-12-03 15:52:10,913 - INFO - [BBC] Article: https://www.bbc.com/news/articles/c058n10727po?at_medium=RSS&at_campaign=rss
2025-12-03 15:52:10,913 - INFO - [BBC] Attempt 1/1: Trying with 'requests_browser' strategy...
2025-12-03 15:52:10,927 - INFO - [The Guardian] Article: https://www.theguardian.com/australia-news/2025/dec/03/holy-crap-this-is-insane-mineworkers-describe-being-caught-in-huge-outback-dust-storm
2025-12-03 15:52:10,947 - INFO - [The Guardian] Attempt 1/1: Trying with 'requests_browser' strategy...
2025-12-03 15:52:11,167 - INFO - [BBC] Success with 'requests_browser'. Found content (610 words).
2025-12-03 15:52:11,493 - INFO - [The Guardian] Success with 'requests_browser'. Found content (537 words).
2025-12-03 15:52:24,459 - INFO - Saved article: Congress is alive at ground level despite losses: AICC observer - The Hindu from The Hindu
2025-12-03 15:52:24,987 - INFO - [The Hindu] Article: https://www.thehindu.com/news/national/kerala/earn-while-you-learn-scheme-launched-at-cuk/article70353907.ece
2025-12-03 15:52:24,987 - INFO - [The Hindu] Attempt 1/1: Trying with 'selenium_browser' strategy...
2025-12-03 15:52:25,937 - INFO - [The Hindu] Page content loaded.
2025-12-03 15:52:26,245 - INFO - [The Hindu] Success with 'selenium_browser'. Found content (191 words).
2025-12-03 15:52:38,926 - INFO - Saved article: “It was to garner sympathy”: Kaceytron publicly apologizes to Ethan and Hila Klein as lawsuit ends, while calling out HasanAbi’s lack of support - The Times of India from Times of India
2025-12-03 15:52:38,927 - INFO - Duplicate article skipped: Cyclone Ditwah: Flood catastrophe awakens volunteerism in Sri Lanka from BBC
2025-12-03 15:52:38,927 - INFO - Duplicate article skipped: ‘Holy crap, this is insane’: mineworkers describe being caught in huge outback dust storm | Australia weather | The Guardian from The Guardian
2025-12-03 15:52:39,947 - INFO - [Times of India] Article: https://timesofindia.indiatimes.com/world/us/indian-origin-comedian-zarna-garg-says-indians-love-trump-because-all-politicians-are-crooked-back-home/articleshow/125745336.cms
2025-12-03 15:52:39,947 - INFO - [Times of India] Attempt 1/1: Trying with 'selenium_browser' strategy...
2025-12-03 15:52:40,425 - INFO - [BBC] Article: https://www.bbc.com/news/articles/c1m8nm22785o?at_medium=RSS&at_campaign=rss
2025-12-03 15:52:40,425 - INFO - [BBC] Attempt 1/1: Trying with 'requests_browser' strategy...
2025-12-03 15:52:41,401 - INFO - [BBC] Success with 'requests_browser'. Found content (1258 words).
2025-12-03 15:52:41,602 - INFO - [Times of India] Page content loaded.
2025-12-03 15:52:42,472 - INFO - [Times of India] Success with 'selenium_browser'. Found content (349 words).
2025-12-03 15:52:54,995 - INFO - Saved article: ‘Earn while you learn’ scheme launched at CUK - The Hindu from The Hindu
2025-12-03 15:52:54,995 - INFO - Duplicate article skipped: Guinea-Bissau's military takeover: Was the coup real or a 'sham'? from BBC
2025-12-03 15:52:54,995 - INFO - Duplicate article skipped: Indian-origin comedian Zarna Garg says Indians love Trump because 'all politicians are crooked back home' - The Times of India from Times of India
2025-12-03 15:52:55,790 - INFO - [The Hindu] Article: https://www.thehindu.com/news/national/kerala/kerala-to-take-part-in-foundational-learning-study/article70354152.ece
2025-12-03 15:52:55,790 - INFO - [The Hindu] Attempt 1/1: Trying with 'selenium_browser' strategy...
2025-12-03 15:52:56,047 - INFO - [Times of India] Article: https://timesofindia.indiatimes.com/world/us/vivek-ramaswamy-dropped-from-tech-conference-after-video-of-indian-origin-woman-saying-kick-trump-goes-viral/articleshow/125743483.cms
2025-12-03 15:52:56,047 - INFO - [Times of India] Attempt 1/1: Trying with 'selenium_browser' strategy...
2025-12-03 15:52:56,883 - INFO - [The Hindu] Page content loaded.
2025-12-03 15:52:56,956 - INFO - [The Hindu] Success with 'selenium_browser'. Found content (444 words).
2025-12-03 15:52:58,613 - INFO - [Times of India] Page content loaded.
2025-12-03 15:52:59,253 - INFO - [Times of India] Success with 'selenium_browser'. Found content (344 words).
2025-12-03 15:53:12,821 - INFO - Saved article: Kerala to take part in foundational learning study - The Hindu from The Hindu
2025-12-03 15:53:12,821 - INFO - Duplicate article skipped: Vivek Ramaswamy dropped from tech conference after video of Indian-origin woman saying ‘kick Trump’ goes viral - The Times of India from Times of India
2025-12-03 15:53:13,737 - INFO - [Times of India] Article: https://timesofindia.indiatimes.com/world/us/kash-patels-mic-drop-reply-to-eric-swalwell-on-jacket-row-i-spent-zero-days-dating-a-chinese-spy/articleshow/125744290.cms
2025-12-03 15:53:13,737 - INFO - [Times of India] Attempt 1/1: Trying with 'selenium_browser' strategy...
2025-12-03 15:53:14,319 - INFO - [The Hindu] Article: https://www.thehindu.com/news/national/kerala/loco-pilots-48-hour-hunger-strike-under-way/article70354125.ece
2025-12-03 15:53:14,319 - INFO - [The Hindu] Attempt 1/1: Trying with 'selenium_browser' strategy...
2025-12-03 15:53:15,471 - INFO - [The Hindu] Page content loaded.
2025-12-03 15:53:15,521 - INFO - [The Hindu] Success with 'selenium_browser'. Found content (240 words).
2025-12-03 15:53:19,632 - INFO - [Times of India] Page content loaded.
2025-12-03 15:53:20,106 - INFO - [Times of India] Success with 'selenium_browser'. Found content (468 words).
2025-12-03 15:53:31,431 - INFO - DEDUPLICATION: Found match (Score: 0.81). Linking to Cluster ID: 0f0bf024-d1db-49a1-8283-75deb92ee72a
2025-12-03 15:53:31,433 - INFO - Saved article: Loco pilots’ 48-hour hunger strike under way - The Hindu from The Hindu
2025-12-03 15:53:31,433 - INFO - Duplicate article skipped: Kash Patel's 'mic drop' reply to Eric Swalwell on 'jacket row': 'I spent zero days dating a Chinese spy' - The Times of India from Times of India
2025-12-03 15:53:32,380 - INFO - [The Hindu] Article: https://www.thehindu.com/news/national/telangana/kishan-reddy-warns-of-insider-trading-infrastructure-strain-under-hiltp/article70354401.ece
2025-12-03 15:53:32,380 - INFO - [The Hindu] Attempt 1/1: Trying with 'selenium_browser' strategy...
2025-12-03 15:53:32,495 - INFO - [Times of India] Article: https://timesofindia.indiatimes.com/world/us-streamers/what-happened-between-stable-ronaldo-and-wendy-ortiz-full-livestream-feud-explored/articleshow/125744109.cms
2025-12-03 15:53:32,495 - INFO - [Times of India] Attempt 1/1: Trying with 'selenium_browser' strategy...
2025-12-03 15:53:33,625 - INFO - [The Hindu] Page content loaded.
2025-12-03 15:53:33,667 - INFO - [The Hindu] Success with 'selenium_browser'. Found content (306 words).
2025-12-03 15:53:48,913 - INFO - Saved article: Kishan Reddy warns of ‘insider trading’, infrastructure strain under HILTP - The Hindu from The Hindu
2025-12-03 15:53:49,977 - INFO - [The Hindu] Article: https://www.thehindu.com/news/national/kerala/excise-steps-up-crackdown-on-sale-of-illicit-liquor-in-kozhikode/article70353812.ece
2025-12-03 15:53:49,977 - INFO - [The Hindu] Attempt 1/1: Trying with 'selenium_browser' strategy...
2025-12-03 15:53:50,924 - INFO - [The Hindu] Page content loaded.
2025-12-03 15:53:51,256 - INFO - [The Hindu] Success with 'selenium_browser'. Found content (138 words).
2025-12-03 15:53:53,599 - INFO - [Times of India] Page content loaded.
2025-12-03 15:53:53,902 - INFO - [Times of India] Success with 'selenium_browser'. Found content (404 words).
2025-12-03 15:54:04,813 - INFO - Saved article: Excise steps up crackdown on sale of illicit liquor in Kozhikode - The Hindu from The Hindu
2025-12-03 15:54:04,813 - INFO - Duplicate article skipped: What happened between Stable Ronaldo and Wendy Ortiz? Full livestream feud explored - The Times of India from Times of India
2025-12-03 15:54:05,905 - INFO - [Times of India] Article: https://timesofindia.indiatimes.com/world/us/nick-fuentes-wants-india-added-to-list-of-19-countries-facing-us-immigration-and-naturalization-suspension-after-dc-shooting/articleshow/125743256.cms
2025-12-03 15:54:05,905 - INFO - [Times of India] Attempt 1/1: Trying with 'selenium_browser' strategy...
2025-12-03 15:54:06,042 - INFO - [The Hindu] Article: https://www.thehindu.com/news/national/kerala/gurukkal-calls-for-new-scientific-framework-to-reinterpret-keralas-environmental-past/article70354202.ece
2025-12-03 15:54:06,042 - INFO - [The Hindu] Attempt 1/1: Trying with 'selenium_browser' strategy...
2025-12-03 15:54:07,208 - INFO - [The Hindu] Page content loaded.
2025-12-03 15:54:07,253 - INFO - [The Hindu] Success with 'selenium_browser'. Found content (303 words).
2025-12-03 15:54:09,583 - INFO - [Times of India] Page content loaded.
2025-12-03 15:54:11,981 - INFO - [Times of India] Success with 'selenium_browser'. Found content (303 words).
2025-12-03 15:54:22,708 - INFO - Saved article: Gurukkal calls for new scientific framework to reinterpret Kerala’s environmental past - The Hindu from The Hindu
2025-12-03 15:54:22,709 - INFO - Duplicate article skipped: Nick Fuentes wants India added to list of 19 countries facing US immigration and naturalization suspension after DC shooting - The Times of India from Times of India
2025-12-03 15:54:23,456 - INFO - [Times of India] Article: https://timesofindia.indiatimes.com/world/us-streamers/lets-not-be-nasty-ethan-klein-publicly-forgives-kaceytron-after-lawsuit-battle/articleshow/125743136.cms
2025-12-03 15:54:23,456 - INFO - [Times of India] Attempt 1/1: Trying with 'selenium_browser' strategy...
2025-12-03 15:54:23,959 - INFO - [The Hindu] Article: https://www.thehindu.com/news/national/telangana/revanth-reddy-invites-pm-modi-to-telangana-rising-summit-seeks-approval-for-pending-projects/article70354426.ece
2025-12-03 15:54:23,959 - INFO - [The Hindu] Attempt 1/1: Trying with 'selenium_browser' strategy...
2025-12-03 15:54:24,067 - INFO - [Times of India] Page content loaded.
2025-12-03 15:54:24,272 - INFO - [Times of India] Success with 'selenium_browser'. Found content (474 words).
2025-12-03 15:54:24,356 - INFO - Duplicate article skipped: "Let's not be nasty"- Ethan Klein publicly forgives Kaceytron after lawsuit battle - The Times of India from Times of India
2025-12-03 15:54:25,268 - INFO - [The Hindu] Page content loaded.
2025-12-03 15:54:25,335 - INFO - [The Hindu] Success with 'selenium_browser'. Found content (366 words).
2025-12-03 15:54:25,758 - INFO - [Times of India] Article: https://timesofindia.indiatimes.com/world/us/heinous-crime-shocked-our-state-us-pressures-india-to-extradite-nazeer-hameed-accused-of-2017-double-murder-fbi-offers-50000-reward/articleshow/125742712.cms
2025-12-03 15:54:25,759 - INFO - [Times of India] Attempt 1/1: Trying with 'selenium_browser' strategy...
2025-12-03 15:54:27,654 - INFO - [Times of India] Page content loaded.
2025-12-03 15:54:27,862 - INFO - [Times of India] Success with 'selenium_browser'. Found content (396 words).
2025-12-03 15:54:40,803 - INFO - DEDUPLICATION: Found match (Score: 0.87). Linking to Cluster ID: 0536b2fe-f652-4db7-8bc1-ec6dcd7a2ba0
2025-12-03 15:54:40,805 - INFO - Saved article: Revanth invites Modi to Telangana Rising Global Summit - The Hindu from The Hindu
2025-12-03 15:54:40,805 - INFO - Duplicate article skipped: 'Heinous crime shocked our state': US pressures India to extradite Nazeer Hameed, accused of 2017 double murder; FBI offers $50,000 reward - The Times of India from Times of India
2025-12-03 15:54:41,640 - INFO - [The Hindu] Article: https://www.thehindu.com/news/national/kerala/cpim-linked-dealings-in-kiifb-masala-bonds-must-be-exposed-chennithala/article70354281.ece
2025-12-03 15:54:41,640 - INFO - [The Hindu] Attempt 1/1: Trying with 'selenium_browser' strategy...
2025-12-03 15:54:41,700 - INFO - [Times of India] Article: https://timesofindia.indiatimes.com/world/us/olivia-nuzzi-affair-with-rfk-jr-what-her-new-book-american-canto-says-the-scandal-that-rocked-washington/articleshow/125742335.cms
2025-12-03 15:54:41,700 - INFO - [Times of India] Attempt 1/1: Trying with 'selenium_browser' strategy...
2025-12-03 15:54:42,922 - INFO - [The Hindu] Page content loaded.
2025-12-03 15:54:43,036 - INFO - [The Hindu] Success with 'selenium_browser'. Found content (454 words).
2025-12-03 15:54:46,247 - INFO - [Times of India] Page content loaded.
2025-12-03 15:54:48,079 - INFO - [Times of India] Success with 'selenium_browser'. Found content (1633 words).
2025-12-03 15:54:58,761 - INFO - DEDUPLICATION: Found match (Score: 0.72). Linking to Cluster ID: 5138861b-3bd9-4e9b-9270-33dc0b187a73
2025-12-03 15:54:58,763 - INFO - Saved article: CPI(M)-linked dealings in KIIFB Masala Bonds must be exposed: Chennithala - The Hindu from The Hindu
2025-12-03 15:54:58,763 - INFO - Duplicate article skipped: Olivia Nuzzi affair with RFK Jr: What her new book American Canto says the scandal that rocked Washington | World News - The Times of India from Times of India
2025-12-03 15:54:59,605 - INFO - [Times of India] Article: https://timesofindia.indiatimes.com/world/middle-east/qatar-unveils-plans-for-a-spectacular-11-day-national-day-celebration-at-darb-al-saai/articleshow/125740722.cms
2025-12-03 15:54:59,605 - INFO - [Times of India] Attempt 1/1: Trying with 'selenium_browser' strategy...
2025-12-03 15:55:00,017 - INFO - [The Hindu] Article: https://www.thehindu.com/news/national/kerala/congress-has-no-obligation-to-shield-rahul-mamkootathil-ramesh-chennithala/article70354157.ece
2025-12-03 15:55:00,017 - INFO - [The Hindu] Attempt 1/1: Trying with 'selenium_browser' strategy...
2025-12-03 15:55:01,174 - INFO - [The Hindu] Page content loaded.
2025-12-03 15:55:01,227 - INFO - [The Hindu] Success with 'selenium_browser'. Found content (193 words).
2025-12-03 15:55:03,416 - INFO - [Times of India] Page content loaded.
2025-12-03 15:55:05,338 - INFO - [Times of India] Success with 'selenium_browser'. Found content (652 words).
2025-12-03 15:55:16,860 - INFO - DEDUPLICATION: Found match (Score: 0.76). Linking to Cluster ID: b0249646-3784-478b-bc86-a92135dbec56
2025-12-03 15:55:16,862 - INFO - Saved article: Congress has no obligation to shield Rahul Mamkootathil: Ramesh Chennithala - The Hindu from The Hindu
2025-12-03 15:55:16,862 - INFO - Duplicate article skipped: Qatar unveils plans for a spectacular 11 day National Day celebration at Darb Al Saai | World News - The Times of India from Times of India
2025-12-03 15:55:17,740 - INFO - [Times of India] Article: https://timesofindia.indiatimes.com/world/middle-east/saudi-crown-prince-administers-oath-to-newly-appointed-ambassadors-at-dammam-ceremony/articleshow/125739816.cms
2025-12-03 15:55:17,740 - INFO - [Times of India] Attempt 1/1: Trying with 'selenium_browser' strategy...
2025-12-03 15:55:18,238 - INFO - [The Hindu] Article: https://www.thehindu.com/news/national/andhra-pradesh/naidu-lokesh-to-attend-mega-parent-teacher-meeting-in-parvathipuram-on-december-5/article70354101.ece
2025-12-03 15:55:18,238 - INFO - [The Hindu] Attempt 1/1: Trying with 'selenium_browser' strategy...
2025-12-03 15:55:18,779 - INFO - [Times of India] Page content loaded.
2025-12-03 15:55:19,093 - INFO - [Times of India] Success with 'selenium_browser'. Found content (332 words).
2025-12-03 15:55:19,174 - INFO - Duplicate article skipped: Saudi Crown Prince administers oath to newly appointed ambassadors at Dammam ceremony | World News - The Times of India from Times of India
2025-12-03 15:55:19,642 - INFO - [The Hindu] Page content loaded.
2025-12-03 15:55:19,707 - INFO - [The Hindu] Success with 'selenium_browser'. Found content (298 words).
2025-12-03 15:55:19,801 - INFO - [Times of India] Article: https://timesofindia.indiatimes.com/world/us/caribbean-strikes-hegseth-claims-learnt-of-survivors-hours-later-blames-fog-of-war/articleshow/125738445.cms
2025-12-03 15:55:19,801 - INFO - [Times of India] Attempt 1/1: Trying with 'selenium_browser' strategy...
2025-12-03 15:55:21,819 - INFO - [Times of India] Page content loaded.
2025-12-03 15:55:22,076 - INFO - [Times of India] Success with 'selenium_browser'. Found content (344 words).
2025-12-03 15:55:35,717 - INFO - Saved article: Naidu, Lokesh to attend mega Parent-Teacher meeting in Parvathipuram on December 5 - The Hindu from The Hindu
2025-12-03 15:55:35,718 - INFO - Duplicate article skipped: Caribbean strikes: Hegseth claims he did not see any survivors as 'that thing was on fire'; blames fog of war - The Times of India from Times of India
2025-12-03 15:55:36,530 - INFO - [The Hindu] Article: https://www.thehindu.com/news/national/andhra-pradesh/ttd-to-christen-tirumala-streets-after-religious-personalities-philosophers/article70353811.ece
2025-12-03 15:55:36,530 - INFO - [The Hindu] Attempt 1/1: Trying with 'selenium_browser' strategy...
2025-12-03 15:55:36,923 - INFO - [Times of India] Article: https://timesofindia.indiatimes.com/world/us/tennessee-elections-gop-narrowly-avoids-losing-deep-red-district-matt-epps-wins-house-seat/articleshow/125737225.cms
2025-12-03 15:55:36,923 - INFO - [Times of India] Attempt 1/1: Trying with 'selenium_browser' strategy...
2025-12-03 15:55:37,696 - INFO - [The Hindu] Page content loaded.
2025-12-03 15:55:37,785 - INFO - [The Hindu] Success with 'selenium_browser'. Found content (378 words).
2025-12-03 15:55:37,909 - INFO - Duplicate article skipped: TTD to christen Tirumala streets after religious personalities, philosophers - The Hindu from The Hindu
2025-12-03 15:55:39,196 - INFO - [The Hindu] Article: https://www.thehindu.com/news/national/uttar-pradesh/bhu-tense-after-clash-between-students-and-security-staff/article70353880.ece
2025-12-03 15:55:39,196 - INFO - [The Hindu] Attempt 1/1: Trying with 'selenium_browser' strategy...
2025-12-03 15:55:39,785 - INFO - [Times of India] Page content loaded.
2025-12-03 15:55:39,946 - INFO - [Times of India] Success with 'selenium_browser'. Found content (436 words).
2025-12-03 15:55:40,050 - INFO - Duplicate article skipped: Tennessee elections: GOP narrowly avoids losing deep-red district; Matt Epps wins house seat - The Times of India from Times of India
2025-12-03 15:55:40,089 - INFO - [The Hindu] Page content loaded.
2025-12-03 15:55:40,318 - INFO - [The Hindu] Success with 'selenium_browser'. Found content (237 words).
2025-12-03 15:55:40,460 - INFO - Duplicate article skipped: BHU tense after clash between students and security staff - The Hindu from The Hindu
2025-12-03 15:55:41,369 - INFO - [Times of India] Article: https://timesofindia.indiatimes.com/world/us/inhuman-agenda-sabrina-carpenter-slams-trump-admin-for-using-her-song-in-disgusting-video-white-house-responds/articleshow/125734612.cms
2025-12-03 15:55:41,369 - INFO - [Times of India] Attempt 1/1: Trying with 'selenium_browser' strategy...
2025-12-03 15:55:41,371 - INFO - [The Hindu] Article: https://www.thehindu.com/news/national/karnataka/sankalpa-samarpana-samavesha-in-sandur-draws-massive-turnout/article70353428.ece
2025-12-03 15:55:41,371 - INFO - [The Hindu] Attempt 1/1: Trying with 'selenium_browser' strategy...
2025-12-03 15:55:42,586 - INFO - [The Hindu] Page content loaded.
2025-12-03 15:55:42,636 - INFO - [The Hindu] Success with 'selenium_browser'. Found content (555 words).
2025-12-03 15:55:42,747 - INFO - Duplicate article skipped: Sankalpa Samarpana Samavesha in Sandur draws massive turnout - The Hindu from The Hindu
2025-12-03 15:55:42,824 - INFO - [Times of India] Page content loaded.
2025-12-03 15:55:43,203 - INFO - [Times of India] Success with 'selenium_browser'. Found content (304 words).
2025-12-03 15:55:43,305 - INFO - Duplicate article skipped: ‘Inhuman agenda’: Sabrina Carpenter slams Trump admin for using her song in 'disgusting' video; White House responds - The Times of India from Times of India
2025-12-03 15:55:43,648 - INFO - [The Hindu] Article: https://www.thehindu.com/news/national/andhra-pradesh/slprb-to-announce-app-written-test-results-on-dec-4/article70354070.ece
2025-12-03 15:55:43,649 - INFO - [The Hindu] Attempt 1/1: Trying with 'selenium_browser' strategy...
2025-12-03 15:55:44,122 - INFO - [Times of India] Article: https://timesofindia.indiatimes.com/world/us/lacks-moral-characterindian-national-jailed-in-us-over-mediacare-fraud-siphoned-off-1-17-million/articleshow/125734035.cms
2025-12-03 15:55:44,122 - INFO - [Times of India] Attempt 1/1: Trying with 'selenium_browser' strategy...
2025-12-03 15:55:45,181 - INFO - [The Hindu] Page content loaded.
2025-12-03 15:55:45,266 - INFO - [The Hindu] Success with 'selenium_browser'. Found content (115 words).
2025-12-03 15:55:45,367 - INFO - Duplicate article skipped: SLPRB to announce APP written test results on Dec. 4 - The Hindu from The Hindu
2025-12-03 15:55:45,593 - INFO - [Times of India] Page content loaded.
2025-12-03 15:55:45,825 - INFO - [Times of India] Success with 'selenium_browser'. Found content (404 words).
2025-12-03 15:55:45,922 - INFO - Duplicate article skipped: ‘Lacks moral character’: Indian national jailed in US over medicare fraud; siphoned off $1.17 million - The Times of India from Times of India
2025-12-03 15:55:46,370 - INFO - [The Hindu] Article: https://www.thehindu.com/news/cities/Hyderabad/cisf-bolsters-presence-as-mass-flight-disruptions-spark-unrest-at-hyderabad-airport/article70354377.ece
2025-12-03 15:55:46,370 - INFO - [The Hindu] Attempt 1/1: Trying with 'selenium_browser' strategy...
2025-12-03 15:55:47,007 - INFO - [Times of India] Article: https://timesofindia.indiatimes.com/world/us/ban-h-1b-visas-desi-maga-backer-nalin-haley-wants-corporates-to-hire-certain-number-of-americans-watch/articleshow/125732051.cms
2025-12-03 15:55:47,007 - INFO - [Times of India] Attempt 1/1: Trying with 'selenium_browser' strategy...
2025-12-03 15:55:47,456 - INFO - [The Hindu] Page content loaded.
2025-12-03 15:55:47,708 - INFO - [The Hindu] Success with 'selenium_browser'. Found content (378 words).
2025-12-03 15:55:47,851 - INFO - Duplicate article skipped: CISF bolsters presence as mass flight disruptions spark unrest at Hyderabad airport - The Hindu from The Hindu
2025-12-03 15:55:48,413 - CRITICAL - --- TIMEOUT: 2 scrape jobs did not complete in 300s. ---
2025-12-03 15:55:48,413 - ERROR - A thread has timed out and will be abandoned.
2025-12-03 15:55:48,413 - ERROR - A thread has timed out and will be abandoned.
2025-12-03 15:55:48,414 - INFO - Shutting down thread pool (wait=False)...
2025-12-03 15:55:48,414 - INFO - Scraped: 2 BBC, 0 The Guardian, 2 Timed_Out_Jobs articles. (Total saved: 2)
2025-12-03 15:55:48,414 - INFO - --- Scraping job finished ---
2025-12-03 15:55:48,415 - INFO - --- Scraper service stopped and database connection closed. ---
2025-12-03 15:55:48,415 - INFO - --- Main thread finished. Forcing process exit to kill zombie threads. ---
