2025-11-30 03:48:12,717 - INFO - Loading AI Semantic Model (all-MiniLM-L6-v2)...
2025-11-30 03:48:12,717 - INFO - Use pytorch device_name: cpu
2025-11-30 03:48:12,717 - INFO - Load pretrained SentenceTransformer: all-MiniLM-L6-v2
2025-11-30 03:48:14,066 - INFO - AI Model loaded successfully.
2025-11-30 03:48:14,066 - INFO - Initializing database connection at: news_articles.db
2025-11-30 03:48:14,066 - INFO - --- Scraper service started (CI Mode: Run Once) ---
2025-11-30 03:48:14,066 - INFO - --- Starting new scraping job (Parallel Mode) ---
2025-11-30 03:48:14,066 - INFO - Creating new robust session with 3 retries on 5xx/connection/read errors.
2025-11-30 03:48:14,066 - INFO - Proxy is DISABLED.
2025-11-30 03:48:14,067 - INFO - Starting scrape for BBC RSS feed: http://feeds.bbci.co.uk/news/world/rss.xml
2025-11-30 03:48:14,068 - INFO - [Times of India] (Thread) requires Selenium. Initializing driver...
2025-11-30 03:48:14,068 - INFO - Initializing headless Selenium Chrome driver (using SeleniumManager)...
2025-11-30 03:48:14,068 - INFO - Starting scrape for The Guardian RSS feed: https://www.theguardian.com/world/rss
2025-11-30 03:48:14,070 - INFO - [The Hindu] (Thread) requires Selenium. Initializing driver...
2025-11-30 03:48:14,070 - INFO - Initializing headless Selenium Chrome driver (using SeleniumManager)...
2025-11-30 03:48:14,070 - INFO - Submitted 4 jobs to thread pool. Waiting up to 300s for completion...
2025-11-30 03:48:14,164 - INFO - Found 45 articles in The Guardian RSS feed. Processing up to 20.
2025-11-30 03:48:14,164 - INFO - [The Guardian] Article: https://www.theguardian.com/world/2025/nov/28/jacob-zuma-daughter-resigns-claims-south-africans-tricked-fight-russia
2025-11-30 03:48:14,164 - INFO - [The Guardian] Attempt 1/1: Trying with 'requests_browser' strategy...
2025-11-30 03:48:14,190 - INFO - [The Guardian] Success with 'requests_browser'. Found content (753 words).
2025-11-30 03:48:14,226 - INFO - Duplicate article skipped: Jacob Zuma’s daughter resigns amid claims South Africans tricked to fight for Russia | South Africa | The Guardian from The Guardian
2025-11-30 03:48:14,303 - INFO - Found 25 articles in BBC RSS feed. Processing up to 20.
2025-11-30 03:48:14,304 - INFO - [BBC] Article: https://www.bbc.com/news/articles/c741mpdyw9no?at_medium=RSS&at_campaign=rss
2025-11-30 03:48:14,304 - INFO - [BBC] Attempt 1/1: Trying with 'requests_browser' strategy...
2025-11-30 03:48:14,549 - INFO - [BBC] Success with 'requests_browser'. Found content (505 words).
2025-11-30 03:48:14,589 - INFO - Duplicate article skipped: Venezuela calls Trump airspace closure warning 'colonialist threat' from BBC
2025-11-30 03:48:14,879 - INFO - [The Guardian] Article: https://www.theguardian.com/environment/2025/nov/28/africa-forests-transformed-carbon-sink-carbon-source-study
2025-11-30 03:48:14,879 - INFO - [The Guardian] Attempt 1/1: Trying with 'requests_browser' strategy...
2025-11-30 03:48:15,386 - INFO - [The Guardian] Success with 'requests_browser'. Found content (458 words).
2025-11-30 03:48:15,423 - INFO - Duplicate article skipped: Africa’s forests transformed from carbon sink to carbon source, study finds | Climate crisis | The Guardian from The Guardian
2025-11-30 03:48:15,704 - INFO - [BBC] Article: https://www.bbc.com/news/articles/c5y9ejley9do?at_medium=RSS&at_campaign=rss
2025-11-30 03:48:15,704 - INFO - [BBC] Attempt 1/1: Trying with 'requests_browser' strategy...
2025-11-30 03:48:15,919 - INFO - [BBC] Success with 'requests_browser'. Found content (627 words).
2025-11-30 03:48:15,955 - INFO - Duplicate article skipped: Flooding across Asia leaves 600 dead from BBC
2025-11-30 03:48:16,405 - INFO - [The Guardian] Article: https://www.theguardian.com/world/2025/nov/26/guinea-bissau-officers-take-total-control-close-borders-amid-election-chaos
2025-11-30 03:48:16,405 - INFO - [The Guardian] Attempt 1/1: Trying with 'requests_browser' strategy...
2025-11-30 03:48:16,560 - INFO - [The Guardian] Success with 'requests_browser'. Found content (412 words).
2025-11-30 03:48:16,594 - INFO - Duplicate article skipped: Guinea-Bissau military takes ‘total control’ amid election chaos | Guinea-Bissau | The Guardian from The Guardian
2025-11-30 03:48:16,659 - INFO - [BBC] Article: https://www.bbc.com/news/articles/cp9ky5z2gx0o?at_medium=RSS&at_campaign=rss
2025-11-30 03:48:16,659 - INFO - [BBC] Attempt 1/1: Trying with 'requests_browser' strategy...
2025-11-30 03:48:16,858 - INFO - [BBC] Success with 'requests_browser'. Found content (454 words).
2025-11-30 03:48:16,893 - INFO - Duplicate article skipped: Ukraine hits tankers in Black Sea in escalation against Russia from BBC
2025-11-30 03:48:17,651 - INFO - [The Guardian] Article: https://www.theguardian.com/world/2025/nov/25/nigerian-schoolgirls-rescued-after-mass-abduction-in-kebbi
2025-11-30 03:48:17,651 - INFO - [The Guardian] Attempt 1/1: Trying with 'requests_browser' strategy...
2025-11-30 03:48:17,677 - INFO - [The Guardian] Success with 'requests_browser'. Found content (515 words).
2025-11-30 03:48:17,691 - INFO - [BBC] Article: https://www.bbc.com/news/articles/cz0nljm4y74o?at_medium=RSS&at_campaign=rss
2025-11-30 03:48:17,691 - INFO - [BBC] Attempt 1/1: Trying with 'requests_browser' strategy...
2025-11-30 03:48:17,722 - INFO - Duplicate article skipped: Nigerian schoolgirls rescued after mass abduction in Kebbi | Nigeria | The Guardian from The Guardian
2025-11-30 03:48:17,860 - INFO - [BBC] Success with 'requests_browser'. Found content (844 words).
2025-11-30 03:48:18,020 - INFO - Duplicate article skipped: Andriy Yermak: How Zelensky's right-hand man fell from power from BBC
2025-11-30 03:48:18,881 - INFO - [The Guardian] Article: https://www.theguardian.com/world/2025/nov/25/jacob-zuma-daughter-accused-tricking-men-fighting-for-russia-in-ukraine
2025-11-30 03:48:18,881 - INFO - [The Guardian] Attempt 1/1: Trying with 'requests_browser' strategy...
2025-11-30 03:48:18,910 - INFO - [The Guardian] Success with 'requests_browser'. Found content (656 words).
2025-11-30 03:48:18,955 - INFO - Duplicate article skipped: Jacob Zuma’s daughter accused of tricking men into fighting for Russia in Ukraine | South Africa | The Guardian from The Guardian
2025-11-30 03:48:19,093 - INFO - [BBC] Article: https://www.bbc.com/news/articles/c4gp917zr8no?at_medium=RSS&at_campaign=rss
2025-11-30 03:48:19,093 - INFO - [BBC] Attempt 1/1: Trying with 'requests_browser' strategy...
2025-11-30 03:48:19,978 - INFO - [BBC] Success with 'requests_browser'. Found content (355 words).
2025-11-30 03:48:20,015 - INFO - Duplicate article skipped: Pope Leo visits Istanbul's Blue Mosque from BBC
2025-11-30 03:48:20,255 - INFO - [The Guardian] Article: https://www.theguardian.com/world/2025/nov/29/donald-trump-venezuela-airspace-closure
2025-11-30 03:48:20,256 - INFO - [The Guardian] Attempt 1/1: Trying with 'requests_browser' strategy...
2025-11-30 03:48:20,277 - INFO - [The Guardian] Success with 'requests_browser'. Found content (363 words).
2025-11-30 03:48:20,311 - INFO - Duplicate article skipped: Venezuela denounces ‘colonialist threat’ as Trump orders airspace closed | Venezuela | The Guardian from The Guardian
2025-11-30 03:48:21,288 - INFO - [The Guardian] Article: https://www.theguardian.com/us-news/2025/nov/29/pete-hegseth-denies-ordering-deaths-narco-boat
2025-11-30 03:48:21,289 - INFO - [The Guardian] Attempt 1/1: Trying with 'requests_browser' strategy...
2025-11-30 03:48:21,311 - INFO - [The Guardian] Success with 'requests_browser'. Found content (846 words).
2025-11-30 03:48:21,348 - INFO - Duplicate article skipped: Pete Hegseth denies he gave orders to ‘kill everybody’ on alleged ‘narco-boat’ | Pete Hegseth | The Guardian from The Guardian
2025-11-30 03:48:21,381 - INFO - [BBC] Article: https://www.bbc.com/news/videos/cy5gn3vpxpno?at_medium=RSS&at_campaign=rss
2025-11-30 03:48:21,382 - INFO - [BBC] Attempt 1/1: Trying with 'requests_browser' strategy...
2025-11-30 03:48:21,570 - INFO - [BBC] Success with 'requests_browser'. Found content (102 words).
2025-11-30 03:48:21,614 - INFO - Duplicate article skipped: Watch: Moment huge fireball destroys Sydney waste facility from BBC
2025-11-30 03:48:22,291 - INFO - [The Guardian] Article: https://www.theguardian.com/world/2025/nov/29/uk-mps-extra-aid-humanitarian-visas-jamaica-hurricane-melissa-dawn-butler
2025-11-30 03:48:22,292 - INFO - [The Guardian] Attempt 1/1: Trying with 'requests_browser' strategy...
2025-11-30 03:48:22,318 - INFO - [The Guardian] Success with 'requests_browser'. Found content (873 words).
2025-11-30 03:48:22,360 - INFO - Duplicate article skipped: UK MPs push for extra aid and visas as Jamaica reels from Hurricane Melissa | Jamaica | The Guardian from The Guardian
2025-11-30 03:48:22,427 - INFO - Selenium driver initialized successfully.
2025-11-30 03:48:22,427 - INFO - Starting scrape for The Hindu RSS feed: https://www.thehindu.com/news/national/feeder/default.rss
2025-11-30 03:48:22,428 - INFO - Selenium driver initialized successfully.
2025-11-30 03:48:22,428 - INFO - Starting scrape for Times of India RSS feed: https://timesofindia.indiatimes.com/rssfeeds/296589292.cms
2025-11-30 03:48:22,522 - INFO - Found 20 articles in Times of India RSS feed. Processing up to 20.
2025-11-30 03:48:22,522 - INFO - [Times of India] Article: https://timesofindia.indiatimes.com/world/us-streamers/candace-owens-and-charlie-kirk-controversy-explained-inside-her-statements-on-erika-kirk-emmanuel-macron-and-mystery-around-his-death/articleshow/125661671.cms
2025-11-30 03:48:22,522 - INFO - [Times of India] Attempt 1/1: Trying with 'selenium_browser' strategy...
2025-11-30 03:48:22,543 - INFO - [BBC] Article: https://www.bbc.com/news/articles/c8e97kl240lo?at_medium=RSS&at_campaign=rss
2025-11-30 03:48:22,543 - INFO - [BBC] Attempt 1/1: Trying with 'requests_browser' strategy...
2025-11-30 03:48:22,588 - INFO - Found 100 articles in The Hindu RSS feed. Processing up to 20.
2025-11-30 03:48:22,589 - INFO - [The Hindu] Article: https://www.thehindu.com/news/national/rajasthan/couple-critical-after-being-set-on-fire-over-family-feud-in-jaipur-village/article70339195.ece
2025-11-30 03:48:22,589 - INFO - [The Hindu] Attempt 1/1: Trying with 'selenium_browser' strategy...
2025-11-30 03:48:22,704 - INFO - [BBC] Success with 'requests_browser'. Found content (324 words).
2025-11-30 03:48:22,740 - INFO - Duplicate article skipped: More than 70,000 killed in Gaza since Israel offensive began, Hamas-run health ministry says from BBC
2025-11-30 03:48:23,409 - INFO - [The Guardian] Article: https://www.theguardian.com/us-news/2025/nov/28/trump-pardon-honduras-hernandez-drugs
2025-11-30 03:48:23,410 - INFO - [The Guardian] Attempt 1/1: Trying with 'requests_browser' strategy...
2025-11-30 03:48:23,432 - INFO - [The Guardian] Success with 'requests_browser'. Found content (558 words).
2025-11-30 03:48:23,451 - INFO - [BBC] Article: https://www.bbc.com/news/articles/ce865kpdzz8o?at_medium=RSS&at_campaign=rss
2025-11-30 03:48:23,451 - INFO - [BBC] Attempt 1/1: Trying with 'requests_browser' strategy...
2025-11-30 03:48:23,496 - INFO - Duplicate article skipped: Trump to pardon ex-Honduras leader serving drug trafficking sentence in US | Donald Trump | The Guardian from The Guardian
2025-11-30 03:48:23,703 - INFO - [BBC] Success with 'requests_browser'. Found content (356 words).
2025-11-30 03:48:23,762 - INFO - Duplicate article skipped: Australian prime minister Albanese becomes first to wed in office from BBC
2025-11-30 03:48:24,273 - INFO - [The Guardian] Article: https://www.theguardian.com/us-news/2025/nov/28/college-student-deported-boston-flight-thanksgiving
2025-11-30 03:48:24,273 - INFO - [The Guardian] Attempt 1/1: Trying with 'requests_browser' strategy...
2025-11-30 03:48:24,331 - INFO - [The Guardian] Success with 'requests_browser'. Found content (274 words).
2025-11-30 03:48:24,368 - INFO - [BBC] Article: https://www.bbc.com/news/articles/cp39yw120kdo?at_medium=RSS&at_campaign=rss
2025-11-30 03:48:24,377 - INFO - [BBC] Attempt 1/1: Trying with 'requests_browser' strategy...
2025-11-30 03:48:24,405 - INFO - Duplicate article skipped: College student deported when flying home for Thanksgiving, despite court order | ICE (US Immigration and Customs Enforcement) | The Guardian from The Guardian
2025-11-30 03:48:24,657 - INFO - [BBC] Success with 'requests_browser'. Found content (376 words).
2025-11-30 03:48:24,782 - INFO - Duplicate article skipped: The Wiggles issue statement after appearing in Ecstasy music video from BBC
2025-11-30 03:48:25,477 - INFO - [The Guardian] Article: https://www.theguardian.com/news/2025/nov/30/anger-mounts-in-hong-kong-over-apartment-fires-as-beijing-warns-against-anti-china-disruptors
2025-11-30 03:48:25,477 - INFO - [The Guardian] Attempt 1/1: Trying with 'requests_browser' strategy...
2025-11-30 03:48:25,567 - INFO - [BBC] Article: https://www.bbc.com/news/articles/c8dy9lne2plo?at_medium=RSS&at_campaign=rss
2025-11-30 03:48:25,567 - INFO - [BBC] Attempt 1/1: Trying with 'requests_browser' strategy...
2025-11-30 03:48:25,632 - INFO - [The Guardian] Success with 'requests_browser'. Found content (560 words).
2025-11-30 03:48:26,655 - INFO - [BBC] Success with 'requests_browser'. Found content (459 words).
2025-11-30 03:48:28,037 - INFO - [The Hindu] Page content loaded.
2025-11-30 03:48:28,702 - INFO - [The Hindu] Success with 'selenium_browser'. Found content (166 words).
2025-11-30 03:48:52,914 - INFO - DEDUPLICATION: Found match (Score: 0.71). Linking to Cluster ID: f02e647e-7026-4d9a-b1cc-3ab51f1731b4
2025-11-30 03:48:52,920 - INFO - Saved article: Anger mounts in Hong Kong over apartment fires as Beijing warns against ‘anti-China disruptors’ | Hong Kong apartment fires | The Guardian from The Guardian
2025-11-30 03:48:52,920 - INFO - Duplicate article skipped: Three days of mourning begins after Hong Kong apartment fire from BBC
2025-11-30 03:48:52,921 - INFO - Duplicate article skipped: Couple critical after being set on fire over family feud in Jaipur village - The Hindu from The Hindu
2025-11-30 03:48:53,465 - INFO - [The Guardian] Article: https://www.theguardian.com/world/2025/nov/29/indonesia-and-thailand-flooding-death-toll-tops-350-as-rescuers-struggle-to-reach-worst-hit-areas
2025-11-30 03:48:53,466 - INFO - [The Guardian] Attempt 1/1: Trying with 'requests_browser' strategy...
2025-11-30 03:48:53,488 - INFO - [The Guardian] Success with 'requests_browser'. Found content (645 words).
2025-11-30 03:48:53,525 - INFO - Duplicate article skipped: At least 500 killed in south-east Asia floods and landslides | Indonesia | The Guardian from The Guardian
2025-11-30 03:48:53,842 - INFO - [The Hindu] Article: https://www.thehindu.com/news/national/maharashtra/raj-thackeray-opposes-tree-felling-for-sadhu-gram-ahead-of-nashik-kumbh-mela/article70339170.ece
2025-11-30 03:48:53,843 - INFO - [The Hindu] Attempt 1/1: Trying with 'selenium_browser' strategy...
2025-11-30 03:48:54,275 - INFO - [The Guardian] Article: https://www.theguardian.com/news/2025/nov/29/hong-kong-begins-three-days-of-mourning-after-deadly-apartment-fires
2025-11-30 03:48:54,275 - INFO - [The Guardian] Attempt 1/1: Trying with 'requests_browser' strategy...
2025-11-30 03:48:54,356 - INFO - [BBC] Article: https://www.bbc.com/news/articles/c4gp9d28p74o?at_medium=RSS&at_campaign=rss
2025-11-30 03:48:54,356 - INFO - [BBC] Attempt 1/1: Trying with 'requests_browser' strategy...
2025-11-30 03:48:54,358 - INFO - [The Guardian] Success with 'requests_browser'. Found content (679 words).
2025-11-30 03:48:54,447 - INFO - Duplicate article skipped: Hong Kong begins three days of mourning after deadly apartment fires | Hong Kong apartment fires | The Guardian from The Guardian
2025-11-30 03:48:55,004 - INFO - [BBC] Success with 'requests_browser'. Found content (430 words).
2025-11-30 03:48:55,342 - INFO - Duplicate article skipped: Airbus: Flights resume as normal after software update warning from BBC
2025-11-30 03:48:55,509 - INFO - [The Guardian] Article: https://www.theguardian.com/news/2025/nov/28/hong-kong-apartment-fire-response-rescue-operations-death-toll
2025-11-30 03:48:55,509 - INFO - [The Guardian] Attempt 1/1: Trying with 'requests_browser' strategy...
2025-11-30 03:48:55,699 - INFO - [The Guardian] Success with 'requests_browser'. Found content (1000 words).
2025-11-30 03:48:55,779 - INFO - Duplicate article skipped: Rescue efforts end at Hong Kong tower block fire as death toll reaches 128 | Hong Kong apartment fires | The Guardian from The Guardian
2025-11-30 03:48:56,462 - INFO - [BBC] Article: https://www.bbc.com/news/articles/cx2gylngx7go?at_medium=RSS&at_campaign=rss
2025-11-30 03:48:56,462 - INFO - [BBC] Attempt 1/1: Trying with 'requests_browser' strategy...
2025-11-30 03:48:56,865 - INFO - [The Guardian] Article: https://www.theguardian.com/news/2025/nov/28/hong-kong-community-groups-deliver-aid-to-survivors-of-wang-fuk-court-fire
2025-11-30 03:48:56,865 - INFO - [The Guardian] Attempt 1/1: Trying with 'requests_browser' strategy...
2025-11-30 03:48:56,906 - INFO - [The Guardian] Success with 'requests_browser'. Found content (687 words).
2025-11-30 03:48:57,054 - INFO - Duplicate article skipped: Hong Kong community groups deliver aid to survivors of Wang Fuk Court fire | Hong Kong apartment fires | The Guardian from The Guardian
2025-11-30 03:48:57,395 - INFO - [BBC] Success with 'requests_browser'. Found content (625 words).
2025-11-30 03:48:57,529 - INFO - Duplicate article skipped: Russian strikes cause power outages for more than 600,000 in Ukraine from BBC
2025-11-30 03:48:58,064 - INFO - [The Guardian] Article: https://www.theguardian.com/australia-news/live/2025/nov/30/australia-news-live-jetstar-flights-resume-anthony-albanese-sussan-ley-labor-part-coalition-melbourne-metro-tunnel-ntwnfb
2025-11-30 03:48:58,064 - INFO - [The Guardian] Attempt 1/1: Trying with 'requests_browser' strategy...
2025-11-30 03:48:58,088 - INFO - [The Hindu] Page content loaded.
2025-11-30 03:48:58,211 - INFO - [The Hindu] Success with 'selenium_browser'. Found content (440 words).
2025-11-30 03:48:58,333 - INFO - [BBC] Article: https://www.bbc.com/news/articles/cvgj9dd983xo?at_medium=RSS&at_campaign=rss
2025-11-30 03:48:58,333 - INFO - [BBC] Attempt 1/1: Trying with 'requests_browser' strategy...
2025-11-30 03:48:58,379 - INFO - Duplicate article skipped: Raj Thackeray opposes tree felling for Sadhu Gram ahead of Nashik Kumbh Mela - The Hindu from The Hindu
2025-11-30 03:48:58,441 - INFO - [BBC] Success with 'requests_browser'. Found content (790 words).
2025-11-30 03:48:58,492 - INFO - Duplicate article skipped: Nigeria blames jihadist groups for wave of kidnappings but others accuse criminal gangs from BBC
2025-11-30 03:48:58,646 - INFO - [The Guardian] Success with 'requests_browser'. Found content (1577 words).
2025-11-30 03:48:58,736 - INFO - Duplicate article skipped: Australia news live: climate activists stop third coal ship at Port of Newcastle; pilot dies after mid-air plane collision in Sydney | Australia news | The Guardian from The Guardian
2025-11-30 03:48:59,308 - INFO - [BBC] Article: https://www.bbc.com/news/articles/c1kpm0rvxepo?at_medium=RSS&at_campaign=rss
2025-11-30 03:48:59,308 - INFO - [BBC] Attempt 1/1: Trying with 'requests_browser' strategy...
2025-11-30 03:48:59,537 - INFO - [BBC] Success with 'requests_browser'. Found content (556 words).
2025-11-30 03:48:59,574 - INFO - Duplicate article skipped: Trump says he will pardon ex-Honduras president convicted of drug trafficking from BBC
2025-11-30 03:48:59,717 - INFO - [The Hindu] Article: https://www.thehindu.com/news/national/cyclone-ditwah-live-updates-rains-tamil-nadu-andhra-pradesh-sri-lanka-november-30-2025/article70340893.ece
2025-11-30 03:48:59,717 - INFO - [The Hindu] Attempt 1/1: Trying with 'selenium_browser' strategy...
2025-11-30 03:48:59,820 - INFO - [The Guardian] Article: https://www.theguardian.com/australia-news/2025/nov/30/couple-from-kazakhstan-allegedly-used-hidden-camera-and-earpieces-to-win-118m-from-sydneys-crown-casino
2025-11-30 03:48:59,820 - INFO - [The Guardian] Attempt 1/1: Trying with 'requests_browser' strategy...
2025-11-30 03:48:59,977 - INFO - [The Guardian] Success with 'requests_browser'. Found content (310 words).
2025-11-30 03:49:00,019 - INFO - Duplicate article skipped: Couple from Kazakhstan allegedly used hidden camera and earpieces to win $1.18m from Sydney’s Crown casino | Gambling | The Guardian from The Guardian
2025-11-30 03:49:00,309 - INFO - [BBC] Article: https://www.bbc.com/news/articles/c4g6we59qe4o?at_medium=RSS&at_campaign=rss
2025-11-30 03:49:00,309 - INFO - [BBC] Attempt 1/1: Trying with 'requests_browser' strategy...
2025-11-30 03:49:00,577 - INFO - [The Guardian] Article: https://www.theguardian.com/australia-news/2025/nov/29/four-year-old-gus-lamont-disappeared-from-his-homestead-into-the-australian-outback-two-months-on-questions-remain
2025-11-30 03:49:00,577 - INFO - [The Guardian] Attempt 1/1: Trying with 'requests_browser' strategy...
2025-11-30 03:49:00,590 - INFO - [BBC] Success with 'requests_browser'. Found content (1774 words).
2025-11-30 03:49:00,734 - INFO - Duplicate article skipped: Nigeria's kidnapping crisis: 'Too scared to speak' - villagers on living in the midst of bandits from BBC
2025-11-30 03:49:00,738 - INFO - [The Guardian] Success with 'requests_browser'. Found content (739 words).
2025-11-30 03:49:00,799 - INFO - Duplicate article skipped: Four-year-old Gus Lamont disappeared from his homestead into the Australian outback. Two months on, questions remain | South Australia | The Guardian from The Guardian
2025-11-30 03:49:01,766 - INFO - [BBC] Article: https://www.bbc.com/news/articles/c2465lndrnno?at_medium=RSS&at_campaign=rss
2025-11-30 03:49:01,766 - INFO - [BBC] Attempt 1/1: Trying with 'requests_browser' strategy...
2025-11-30 03:49:01,901 - INFO - [The Guardian] Article: https://www.theguardian.com/australia-news/2025/nov/30/australian-taxpayers-subsidise-rising-specialist-fees-abbott-era-medicare
2025-11-30 03:49:01,902 - INFO - [The Guardian] Attempt 1/1: Trying with 'requests_browser' strategy...
2025-11-30 03:49:02,020 - INFO - [BBC] Success with 'requests_browser'. Found content (1355 words).
2025-11-30 03:49:02,190 - INFO - Duplicate article skipped: Will new warning labels in Ireland turn people away from alcohol? from BBC
2025-11-30 03:49:02,368 - INFO - [The Guardian] Success with 'requests_browser'. Found content (736 words).
2025-11-30 03:49:02,437 - INFO - Duplicate article skipped: Australian taxpayers subsidise rising specialist fees as spending on Abbott-era Medicare safety net ‘explodes’ | Health | The Guardian from The Guardian
2025-11-30 03:49:02,818 - INFO - [The Hindu] Page content loaded.
2025-11-30 03:49:02,926 - INFO - [The Hindu] Success with 'selenium_browser'. Found content (213 words).
2025-11-30 03:49:03,017 - INFO - Duplicate article skipped: Cyclone Ditwah LIVE updates: After delta, south coastal districts, Ditwah to batter north T.N. - The Hindu from The Hindu
2025-11-30 03:49:03,315 - INFO - [BBC] Article: https://www.bbc.com/news/articles/cr435zp7wy5o?at_medium=RSS&at_campaign=rss
2025-11-30 03:49:03,315 - INFO - [BBC] Attempt 1/1: Trying with 'requests_browser' strategy...
2025-11-30 03:49:03,429 - INFO - [The Guardian] Article: https://www.theguardian.com/australia-news/2025/nov/30/new-behaviour-standards-are-in-place-for-parliament-but-crossbenchers-say-question-time-still-rife-with-bullying
2025-11-30 03:49:03,429 - INFO - [The Guardian] Attempt 1/1: Trying with 'requests_browser' strategy...
2025-11-30 03:49:03,469 - INFO - [The Guardian] Success with 'requests_browser'. Found content (844 words).
2025-11-30 03:49:03,524 - INFO - Duplicate article skipped: New behaviour standards are in place for parliament but crossbenchers say question time still rife with bullying | Australian politics | The Guardian from The Guardian
2025-11-30 03:49:03,540 - INFO - [BBC] Success with 'requests_browser'. Found content (1177 words).
2025-11-30 03:49:03,589 - INFO - Duplicate article skipped: India freedom struggle: The hidden heroines found in long-lost photographs from BBC
2025-11-30 03:49:04,468 - INFO - [The Hindu] Article: https://www.thehindu.com/news/national/andhra-pradesh/g-sai-prasad-to-be-new-chief-secretary-of-ap/article70338961.ece
2025-11-30 03:49:04,468 - INFO - [The Hindu] Attempt 1/1: Trying with 'selenium_browser' strategy...
2025-11-30 03:49:04,855 - INFO - [BBC] Article: https://www.bbc.com/news/articles/c5yq6g1gv4jo?at_medium=RSS&at_campaign=rss
2025-11-30 03:49:04,855 - INFO - [BBC] Attempt 1/1: Trying with 'requests_browser' strategy...
2025-11-30 03:49:05,359 - INFO - [BBC] Success with 'requests_browser'. Found content (1317 words).
2025-11-30 03:49:05,473 - INFO - Duplicate article skipped: Israel Gaza war: Why I spend hours painstakingly repairing banknotes from BBC
2025-11-30 03:49:06,522 - INFO - [BBC] Article: https://www.bbc.com/news/articles/clyzdxyjx2eo?at_medium=RSS&at_campaign=rss
2025-11-30 03:49:06,522 - INFO - [BBC] Attempt 1/1: Trying with 'requests_browser' strategy...
2025-11-30 03:49:06,564 - INFO - [BBC] Success with 'requests_browser'. Found content (1524 words).
2025-11-30 03:49:06,608 - INFO - Duplicate article skipped: Are UK Christmas markets as good as German ones? Here's what we found from BBC
2025-11-30 03:49:07,134 - INFO - [The Hindu] Page content loaded.
2025-11-30 03:49:07,238 - INFO - [BBC] Article: https://www.bbc.com/news/articles/cy7v6xl4me8o?at_medium=RSS&at_campaign=rss
2025-11-30 03:49:07,238 - INFO - [BBC] Attempt 1/1: Trying with 'requests_browser' strategy...
2025-11-30 03:49:07,274 - INFO - [The Hindu] Success with 'selenium_browser'. Found content (172 words).
2025-11-30 03:49:07,375 - INFO - Duplicate article skipped: G. Sai Prasad to be new Chief Secretary of A.P. - The Hindu from The Hindu
2025-11-30 03:49:07,440 - INFO - [BBC] Success with 'requests_browser'. Found content (1445 words).
2025-11-30 03:49:07,487 - INFO - Duplicate article skipped: Why the rich and powerful couldn't say no to Epstein from BBC
2025-11-30 03:49:08,193 - INFO - [The Hindu] Article: https://www.thehindu.com/news/national/spotlight-on-the-women-capturing-indias-census-data/article70336151.ece
2025-11-30 03:49:08,194 - INFO - [The Hindu] Attempt 1/1: Trying with 'selenium_browser' strategy...
2025-11-30 03:49:08,841 - INFO - [The Hindu] Page content loaded.
2025-11-30 03:49:08,910 - INFO - [The Hindu] Success with 'selenium_browser'. Found content (1465 words).
2025-11-30 03:49:09,009 - INFO - Duplicate article skipped: The women capturing India’s Census data - The Hindu from The Hindu
2025-11-30 03:49:09,655 - INFO - [The Hindu] Article: https://www.thehindu.com/news/national/tamil-nadu/madras-university-approves-partial-withdrawal-of-funds/article70334937.ece
2025-11-30 03:49:09,655 - INFO - [The Hindu] Attempt 1/1: Trying with 'selenium_browser' strategy...
2025-11-30 03:49:10,754 - INFO - [The Hindu] Page content loaded.
2025-11-30 03:49:10,852 - INFO - [The Hindu] Success with 'selenium_browser'. Found content (426 words).
2025-11-30 03:49:10,940 - INFO - Duplicate article skipped: Madras University approves partial withdrawal of funds - The Hindu from The Hindu
2025-11-30 03:49:12,098 - INFO - [The Hindu] Article: https://www.thehindu.com/news/national/tamil-nadu/btns-education-system-is-poor-says-anbumani/article70339347.ece
2025-11-30 03:49:12,098 - INFO - [The Hindu] Attempt 1/1: Trying with 'selenium_browser' strategy...
2025-11-30 03:49:13,712 - INFO - [The Hindu] Page content loaded.
2025-11-30 03:49:13,788 - INFO - [The Hindu] Success with 'selenium_browser'. Found content (165 words).
2025-11-30 03:49:13,872 - INFO - Duplicate article skipped: BT.N.’s education system is poor, says Anbumani - The Hindu from The Hindu
2025-11-30 03:49:15,306 - INFO - [The Hindu] Article: https://www.thehindu.com/news/national/tamil-nadu/bawaria-gang-and-the-2005-murder-of-an-aiadmk-mla-in-tamil-nadu/article70338416.ece
2025-11-30 03:49:15,306 - INFO - [The Hindu] Attempt 1/1: Trying with 'selenium_browser' strategy...
2025-11-30 03:49:17,075 - INFO - [The Hindu] Page content loaded.
2025-11-30 03:49:17,226 - INFO - [The Hindu] Success with 'selenium_browser'. Found content (1699 words).
2025-11-30 03:49:17,296 - INFO - Duplicate article skipped: Bawaria gang and the 2005 murder of an AIADMK MLA in Tamil Nadu - The Hindu from The Hindu
2025-11-30 03:49:18,351 - INFO - [The Hindu] Article: https://www.thehindu.com/news/national/tamil-nadu/sekarbabu-reviews-progress-of-projects-in-north-chennai/article70338785.ece
2025-11-30 03:49:18,351 - INFO - [The Hindu] Attempt 1/1: Trying with 'selenium_browser' strategy...
2025-11-30 03:49:19,072 - INFO - [The Hindu] Page content loaded.
2025-11-30 03:49:19,147 - INFO - [The Hindu] Success with 'selenium_browser'. Found content (223 words).
2025-11-30 03:49:22,558 - ERROR - [Times of India] Request failed for strategy 'selenium_browser' on URL https://timesofindia.indiatimes.com/world/us-streamers/candace-owens-and-charlie-kirk-controversy-explained-inside-her-statements-on-erika-kirk-emmanuel-macron-and-mystery-around-his-death/articleshow/125661671.cms: Message: timeout: Timed out receiving message from renderer: 59.693
  (Session info: chrome=142.0.7444.162)
Stacktrace:
#0 0x56200dae532a <unknown>
#1 0x56200d531e4b <unknown>
#2 0x56200d519e0d <unknown>
#3 0x56200d519af0 <unknown>
#4 0x56200d5178ff <unknown>
#5 0x56200d51827f <unknown>
#6 0x56200d526ca3 <unknown>
#7 0x56200d540601 <unknown>
#8 0x56200d546e0b <unknown>
#9 0x56200d5189bd <unknown>
#10 0x56200d5403a7 <unknown>
#11 0x56200d5d1170 <unknown>
#12 0x56200d576c1a <unknown>
#13 0x56200d577921 <unknown>
#14 0x56200daac239 <unknown>
#15 0x56200daaf1e8 <unknown>
#16 0x56200da954c9 <unknown>
#17 0x56200daafdb5 <unknown>
#18 0x56200da7ce93 <unknown>
#19 0x56200dad2098 <unknown>
#20 0x56200dad2273 <unknown>
#21 0x56200dae42c3 <unknown>
#22 0x7effd489caa4 <unknown>
#23 0x7effd4929c6c <unknown>

2025-11-30 03:49:22,558 - ERROR - [Times of India] All scrape strategies failed for https://timesofindia.indiatimes.com/world/us-streamers/candace-owens-and-charlie-kirk-controversy-explained-inside-her-statements-on-erika-kirk-emmanuel-macron-and-mystery-around-his-death/articleshow/125661671.cms. Falling back to RSS description.
2025-11-30 03:49:34,607 - INFO - Saved article: Sekarbabu reviews progress of projects in north Chennai - The Hindu from The Hindu
2025-11-30 03:49:34,607 - INFO - Duplicate article skipped: Candace Owens and Charlie Kirk controversy explained: Inside her statements on Erika Kirk, Emmanuel Macron and mystery around his death from Times of India
2025-11-30 03:49:35,264 - INFO - [Times of India] Article: https://timesofindia.indiatimes.com/world/us/detrimental-to-us-interests-donald-trump-justifies-third-world-migration-ban-amid-asylum-appeals-cites-law/articleshow/125667756.cms
2025-11-30 03:49:35,264 - INFO - [Times of India] Attempt 1/1: Trying with 'selenium_browser' strategy...
2025-11-30 03:49:35,299 - INFO - [The Hindu] Article: https://www.thehindu.com/news/cities/chennai/residents-flag-rising-congestion-on-knk-road-illegal-pavement-parking-persists/article70338704.ece
2025-11-30 03:49:35,299 - INFO - [The Hindu] Attempt 1/1: Trying with 'selenium_browser' strategy...
2025-11-30 03:49:40,264 - INFO - [The Hindu] Page content loaded.
2025-11-30 03:49:40,376 - INFO - [The Hindu] Success with 'selenium_browser'. Found content (437 words).
2025-11-30 03:49:40,741 - INFO - [Times of India] Page content loaded.
2025-11-30 03:49:42,678 - INFO - [Times of India] Success with 'selenium_browser'. Found content (521 words).
2025-11-30 03:49:53,909 - INFO - Saved article: Residents flag rising congestion on KNK Road, illegal pavement parking persists - The Hindu from The Hindu
2025-11-30 03:49:55,308 - INFO - [The Hindu] Article: https://www.thehindu.com/news/national/tamil-nadu/work-begins-to-lay-first-ring-road-to-connect-remote-tribal-hamlets-atop-yelagiri-hills/article70338796.ece
2025-11-30 03:49:55,309 - INFO - [The Hindu] Attempt 1/1: Trying with 'selenium_browser' strategy...
2025-11-30 03:49:56,575 - INFO - [The Hindu] Page content loaded.
2025-11-30 03:49:56,689 - INFO - [The Hindu] Success with 'selenium_browser'. Found content (432 words).
2025-11-30 03:50:07,160 - INFO - Saved article: 'Detrimental to US interests': Donald Trump justifies 'third world' migration ban amid asylum appeals; cites law - The Times of India from Times of India
2025-11-30 03:50:07,160 - INFO - Duplicate article skipped: Work begins to lay first ring road to connect remote tribal hamlets atop Yelagiri Hills - The Hindu from The Hindu
2025-11-30 03:50:07,892 - INFO - [Times of India] Article: https://timesofindia.indiatimes.com/world/us-streamers/ill-never-win-another-streamer-award-hasan-talks-about-award-show-snubs/articleshow/125664554.cms
2025-11-30 03:50:07,893 - INFO - [Times of India] Attempt 1/1: Trying with 'selenium_browser' strategy...
2025-11-30 03:50:08,149 - INFO - [The Hindu] Article: https://www.thehindu.com/news/national/tamil-nadu/two-youths-killed-in-road-accident-on-chennai-bengaluru-highway/article70338790.ece
2025-11-30 03:50:08,149 - INFO - [The Hindu] Attempt 1/1: Trying with 'selenium_browser' strategy...
2025-11-30 03:50:09,490 - INFO - [The Hindu] Page content loaded.
2025-11-30 03:50:09,748 - INFO - [The Hindu] Success with 'selenium_browser'. Found content (184 words).
2025-11-30 03:50:10,140 - INFO - Duplicate article skipped: Two youths killed in road accident on Chennai-Bengaluru Highway - The Hindu from The Hindu
2025-11-30 03:50:10,830 - INFO - [The Hindu] Article: https://www.thehindu.com/news/national/tamil-nadu/chandrayaan-4-to-take-off-in-2028-says-isro-chairman-v-narayanan/article70338342.ece
2025-11-30 03:50:10,830 - INFO - [The Hindu] Attempt 1/1: Trying with 'selenium_browser' strategy...
2025-11-30 03:50:11,627 - INFO - [Times of India] Page content loaded.
2025-11-30 03:50:12,039 - INFO - [Times of India] Success with 'selenium_browser'. Found content (423 words).
2025-11-30 03:50:12,094 - INFO - [The Hindu] Page content loaded.
2025-11-30 03:50:12,698 - INFO - [The Hindu] Success with 'selenium_browser'. Found content (401 words).
2025-11-30 03:50:32,737 - INFO - Saved article: “I’ll never win another streamer award”: Hasan talks about award show snubs - The Times of India from Times of India
2025-11-30 03:50:32,738 - INFO - Duplicate article skipped: Chandrayaan-4 to take off in 2028, says ISRO Chairman V. Narayanan - The Hindu from The Hindu
2025-11-30 03:50:33,440 - INFO - [The Hindu] Article: https://www.thehindu.com/news/national/west-bengal/suvendu-adhikari-accuses-states-chief-secretary-of-influencing-sir-welcomes-appointment-of-electoral-roll-observers/article70338668.ece
2025-11-30 03:50:33,440 - INFO - [The Hindu] Attempt 1/1: Trying with 'selenium_browser' strategy...
2025-11-30 03:50:33,577 - INFO - [Times of India] Article: https://timesofindia.indiatimes.com/world/us-streamers/mizkif-faces-criticism-after-suggesting-his-x-community-be-used-for-harassment/articleshow/125664917.cms
2025-11-30 03:50:33,577 - INFO - [Times of India] Attempt 1/1: Trying with 'selenium_browser' strategy...
2025-11-30 03:50:34,802 - INFO - [The Hindu] Page content loaded.
2025-11-30 03:50:35,135 - INFO - [The Hindu] Success with 'selenium_browser'. Found content (620 words).
2025-11-30 03:50:35,356 - INFO - Duplicate article skipped: Suvendu Adhikari accuses State’s Chief Secretary of ‘influencing’ SIR, welcomes appointment of ‘electoral roll observers’ - The Hindu from The Hindu
2025-11-30 03:50:35,984 - INFO - [The Hindu] Article: https://www.thehindu.com/business/Economy/how-will-new-codes-change-labour-laws-explained/article70339372.ece
2025-11-30 03:50:35,984 - INFO - [The Hindu] Attempt 1/1: Trying with 'selenium_browser' strategy...
2025-11-30 03:50:37,984 - INFO - [The Hindu] Page content loaded.
2025-11-30 03:50:38,090 - INFO - [The Hindu] Success with 'selenium_browser'. Found content (1068 words).
2025-11-30 03:50:38,188 - INFO - Duplicate article skipped: How will new codes change labour laws? | Explained - The Hindu from The Hindu
2025-11-30 03:50:38,275 - INFO - [Times of India] Page content loaded.
2025-11-30 03:50:38,585 - INFO - [Times of India] Success with 'selenium_browser'. Found content (413 words).
2025-11-30 03:50:39,528 - INFO - [The Hindu] Article: https://www.thehindu.com/news/national/west-bengal/cpims-bangla-bachao-yatra-begins-in-west-bengal/article70339430.ece
2025-11-30 03:50:39,528 - INFO - [The Hindu] Attempt 1/1: Trying with 'selenium_browser' strategy...
2025-11-30 03:50:43,962 - INFO - [The Hindu] Page content loaded.
2025-11-30 03:50:44,119 - INFO - [The Hindu] Success with 'selenium_browser'. Found content (396 words).
2025-11-30 03:50:55,067 - INFO - Saved article: Mizkif faces criticism after suggesting his X Community be used for harassment - The Times of India from Times of India
2025-11-30 03:50:55,067 - INFO - Duplicate article skipped: CPI(M)’s Bangla Bachao Yatra begins in West Bengal - The Hindu from The Hindu
2025-11-30 03:50:55,599 - INFO - [Times of India] Article: https://timesofindia.indiatimes.com/world/us-streamers/influencer-niamh-cullen-shares-heartbreaking-news-as-husband-jamie-gill-dies-at-33-after-cancer-fight/articleshow/125667252.cms
2025-11-30 03:50:55,599 - INFO - [Times of India] Attempt 1/1: Trying with 'selenium_browser' strategy...
2025-11-30 03:50:56,532 - INFO - [The Hindu] Article: https://www.thehindu.com/news/national/tejas-vital-vanguard/article70339488.ece
2025-11-30 03:50:56,533 - INFO - [The Hindu] Attempt 1/1: Trying with 'selenium_browser' strategy...
2025-11-30 03:50:57,314 - INFO - [Times of India] Page content loaded.
2025-11-30 03:50:57,678 - INFO - [Times of India] Success with 'selenium_browser'. Found content (469 words).
2025-11-30 03:50:58,053 - INFO - [The Hindu] Page content loaded.
2025-11-30 03:50:58,184 - INFO - [The Hindu] Success with 'selenium_browser'. Found content (617 words).
2025-11-30 03:51:12,622 - INFO - Saved article: Influencer Niamh Cullen shares heartbreaking news as husband Jamie Gill dies at 33 after cancer fight - The Times of India from Times of India
2025-11-30 03:51:12,622 - INFO - Duplicate article skipped: Tejas: Vital vanguard - The Hindu from The Hindu
2025-11-30 03:51:13,503 - INFO - [Times of India] Article: https://timesofindia.indiatimes.com/world/uk/tom-stoppard-playwright-who-dazzled-with-verbal-gymnastics-dies/articleshow/125667598.cms
2025-11-30 03:51:13,503 - INFO - [Times of India] Attempt 1/1: Trying with 'selenium_browser' strategy...
2025-11-30 03:51:14,008 - INFO - [The Hindu] Article: https://www.thehindu.com/news/national/justice-surya-kant-striking-a-balance-in-a-divided-nation/article70339457.ece
2025-11-30 03:51:14,008 - INFO - [The Hindu] Attempt 1/1: Trying with 'selenium_browser' strategy...
2025-11-30 03:51:15,264 - INFO - [The Hindu] Page content loaded.
2025-11-30 03:51:15,315 - INFO - [The Hindu] Success with 'selenium_browser'. Found content (1387 words).
2025-11-30 03:51:15,367 - INFO - Duplicate article skipped: Justice Surya Kant: Striking a balance in a divided nation - The Hindu from The Hindu
2025-11-30 03:51:16,506 - INFO - [The Hindu] Article: https://www.thehindu.com/news/cities/Hyderabad/77-rr-ips-probationers-meet-governor/article70339350.ece
2025-11-30 03:51:16,506 - INFO - [The Hindu] Attempt 1/1: Trying with 'selenium_browser' strategy...
2025-11-30 03:51:17,740 - INFO - [The Hindu] Page content loaded.
2025-11-30 03:51:17,969 - INFO - [The Hindu] Success with 'selenium_browser'. Found content (103 words).
2025-11-30 03:51:18,052 - INFO - Duplicate article skipped: 77 RR IPS probationers meet Governor - The Hindu from The Hindu
2025-11-30 03:51:19,109 - INFO - [The Hindu] Article: https://www.thehindu.com/news/cities/Delhi/over-50000-citizens-write-to-supreme-court-against-stray-dogs-order/article70339793.ece
2025-11-30 03:51:19,109 - INFO - [The Hindu] Attempt 1/1: Trying with 'selenium_browser' strategy...
2025-11-30 03:51:19,506 - INFO - [Times of India] Page content loaded.
2025-11-30 03:51:20,367 - INFO - [Times of India] Success with 'selenium_browser'. Found content (495 words).
2025-11-30 03:51:20,709 - INFO - Duplicate article skipped: Tom Stoppard, playwright who dazzled with verbal gymnastics, dies - The Times of India from Times of India
2025-11-30 03:51:21,549 - INFO - [Times of India] Article: https://timesofindia.indiatimes.com/world/europe/pope-visits-istanbuls-blue-mosque-but-does-not-pray-as-he-focuses-on-unifying-christians/articleshow/125667581.cms
2025-11-30 03:51:21,549 - INFO - [Times of India] Attempt 1/1: Trying with 'selenium_browser' strategy...
2025-11-30 03:51:21,709 - INFO - [The Hindu] Page content loaded.
2025-11-30 03:51:22,317 - INFO - [The Hindu] Success with 'selenium_browser'. Found content (261 words).
2025-11-30 03:51:22,380 - INFO - Duplicate article skipped: Over 50,000 citizens write to Supreme Court against stray dogs order - The Hindu from The Hindu
2025-11-30 03:51:23,126 - INFO - [The Hindu] (Thread) Finished. Attempting to shut down its Selenium driver.
2025-11-30 03:51:23,401 - INFO - [The Hindu] (Thread) driver.quit() successful.
2025-11-30 03:51:24,899 - INFO - [Times of India] Page content loaded.
2025-11-30 03:51:25,216 - INFO - [Times of India] Success with 'selenium_browser'. Found content (951 words).
2025-11-30 03:51:25,317 - INFO - Duplicate article skipped: Pope visits Istanbul's Blue Mosque, but does not pray, as he focuses on unifying Christians - The Times of India from Times of India
2025-11-30 03:51:26,772 - INFO - [Times of India] Article: https://timesofindia.indiatimes.com/world/us/trump-pauses-all-asylum-requests-visas-for-afghans/articleshow/125667523.cms
2025-11-30 03:51:26,772 - INFO - [Times of India] Attempt 1/1: Trying with 'selenium_browser' strategy...
2025-11-30 03:51:27,726 - INFO - [Times of India] Page content loaded.
2025-11-30 03:51:27,908 - INFO - [Times of India] Success with 'selenium_browser'. Found content (299 words).
2025-11-30 03:51:27,975 - INFO - Duplicate article skipped: Trump pauses all asylum requests, visas for Afghans - The Times of India from Times of India
2025-11-30 03:51:28,976 - INFO - [Times of India] Article: https://timesofindia.indiatimes.com/world/us/us-university-to-pay-trump-admin-75m-to-restore-790-million-aid/articleshow/125667515.cms
2025-11-30 03:51:28,976 - INFO - [Times of India] Attempt 1/1: Trying with 'selenium_browser' strategy...
2025-11-30 03:51:30,201 - INFO - [Times of India] Page content loaded.
2025-11-30 03:51:30,387 - INFO - [Times of India] Success with 'selenium_browser'. Found content (163 words).
2025-11-30 03:51:30,452 - INFO - Duplicate article skipped: US university to pay Trump admin $75m to restore $790 million aid - The Times of India from Times of India
2025-11-30 03:51:31,721 - INFO - [Times of India] Article: https://timesofindia.indiatimes.com/world/rest-of-world/gunmen-open-fire-at-bar-in-central-mexico-seven-killed-five-critically-injured-probe-launched/articleshow/125667474.cms
2025-11-30 03:51:31,721 - INFO - [Times of India] Attempt 1/1: Trying with 'selenium_browser' strategy...
2025-11-30 03:51:32,722 - INFO - [Times of India] Page content loaded.
2025-11-30 03:51:32,885 - INFO - [Times of India] Success with 'selenium_browser'. Found content (223 words).
2025-11-30 03:51:32,947 - INFO - Duplicate article skipped: Gunmen open fire at bar in central Mexico; seven killed, five critically injured; probe launched - The Times of India from Times of India
2025-11-30 03:51:34,193 - INFO - [Times of India] Article: https://timesofindia.indiatimes.com/world/us/ice-out-of-new-york-protesters-clash-with-nypd-in-dramatic-manhattan-standoff-several-arrested/articleshow/125667433.cms
2025-11-30 03:51:34,193 - INFO - [Times of India] Attempt 1/1: Trying with 'selenium_browser' strategy...
2025-11-30 03:51:35,199 - INFO - [Times of India] Page content loaded.
2025-11-30 03:51:35,355 - INFO - [Times of India] Success with 'selenium_browser'. Found content (418 words).
2025-11-30 03:51:35,429 - INFO - Duplicate article skipped: ‘ICE out of New York’: Protesters clash with NYPD in dramatic Manhattan standoff; several arrested - The Times of India from Times of India
2025-11-30 03:51:36,400 - INFO - [Times of India] Article: https://timesofindia.indiatimes.com/etimes/trending/dark-truth-behind-new-yorks-29-story-windowless-skyscraper-and-why-people-think-its-hiding-something/articleshow/125665182.cms
2025-11-30 03:51:36,400 - INFO - [Times of India] Attempt 1/1: Trying with 'selenium_browser' strategy...
2025-11-30 03:51:37,467 - INFO - [Times of India] Page content loaded.
2025-11-30 03:51:37,605 - INFO - [Times of India] Success with 'selenium_browser'. Found content (1238 words).
2025-11-30 03:51:49,872 - INFO - Saved article: Dark truth behind New York’s 29-story windowless skyscraper and why people think it’s hiding something | - The Times of India from Times of India
2025-11-30 03:51:51,319 - INFO - [Times of India] Article: https://timesofindia.indiatimes.com/world/us/alabama-man-who-filmed-himself-abusing-a-child-sentenced-to-965-years-in-prison-for-84-child-sex-abuse-offences/articleshow/125665034.cms
2025-11-30 03:51:51,319 - INFO - [Times of India] Attempt 1/1: Trying with 'selenium_browser' strategy...
2025-11-30 03:51:52,556 - INFO - [Times of India] Page content loaded.
2025-11-30 03:51:52,709 - INFO - [Times of India] Success with 'selenium_browser'. Found content (308 words).
2025-11-30 03:51:52,774 - INFO - Duplicate article skipped: Alabama man who filmed himself abusing a child sentenced to 965 years in prison for 84 child sex abuse offences | World News - The Times of India from Times of India
2025-11-30 03:51:54,188 - INFO - [Times of India] Article: https://timesofindia.indiatimes.com/world/uk/who-was-tom-stoppard-british-playwright-dies-at-88-famously-attended-jaipur-literature-festival-in-2012/articleshow/125664985.cms
2025-11-30 03:51:54,188 - INFO - [Times of India] Attempt 1/1: Trying with 'selenium_browser' strategy...
2025-11-30 03:51:56,572 - INFO - [Times of India] Page content loaded.
2025-11-30 03:51:56,920 - INFO - [Times of India] Success with 'selenium_browser'. Found content (258 words).
2025-11-30 03:51:57,046 - INFO - Duplicate article skipped: Who was Tom Stoppard? British playwright dies at 88; famously attended Jaipur Literature Festival in 2012 - The Times of India from Times of India
2025-11-30 03:51:58,514 - INFO - [Times of India] Article: https://timesofindia.indiatimes.com/world/us/strong-brotherhood-in-a-dark-place-sean-diddy-combs-organises-thanksgiving-dinner-for-1000-inmates-in-prison/articleshow/125664976.cms
2025-11-30 03:51:58,514 - INFO - [Times of India] Attempt 1/1: Trying with 'selenium_browser' strategy...
2025-11-30 03:51:59,577 - INFO - [Times of India] Page content loaded.
2025-11-30 03:51:59,732 - INFO - [Times of India] Success with 'selenium_browser'. Found content (253 words).
2025-11-30 03:51:59,785 - INFO - Duplicate article skipped: ‘Strong brotherhood in a dark place’: Sean ‘Diddy’ Combs organises Thanksgiving dinner for 1,000 inmates in prison | World News - The Times of India from Times of India
2025-11-30 03:52:00,787 - INFO - [Times of India] Article: https://timesofindia.indiatimes.com/world/uk/piers-morgan-shuts-down-racist-claims-that-he-would-trade-white-people-for-chicken-tikka-masala/articleshow/125664860.cms
2025-11-30 03:52:00,787 - INFO - [Times of India] Attempt 1/1: Trying with 'selenium_browser' strategy...
2025-11-30 03:52:03,100 - INFO - [Times of India] Page content loaded.
2025-11-30 03:52:03,448 - INFO - [Times of India] Success with 'selenium_browser'. Found content (264 words).
2025-11-30 03:52:03,603 - INFO - Duplicate article skipped: Piers Morgan shuts down 'racist' claims that he would trade 'White people' for 'chicken tikka masala' - The Times of India from Times of India
2025-11-30 03:52:04,937 - INFO - [Times of India] Article: https://timesofindia.indiatimes.com/world/us/indian-origin-maga-bigwig-the-most-googled-queries-about-nikki-haleys-son-nalin-haley/articleshow/125664398.cms
2025-11-30 03:52:04,937 - INFO - [Times of India] Attempt 1/1: Trying with 'selenium_browser' strategy...
2025-11-30 03:52:06,921 - INFO - [Times of India] Page content loaded.
2025-11-30 03:52:07,105 - INFO - [Times of India] Success with 'selenium_browser'. Found content (842 words).
2025-11-30 03:52:07,432 - INFO - Duplicate article skipped: Indian-origin MAGA bigwig: The most Googled queries about Nikki Haley's son Nalin Haley - The Times of India from Times of India
2025-11-30 03:52:08,781 - INFO - [Times of India] Article: https://timesofindia.indiatimes.com/world/us-streamers/cuffem-comes-back-to-kick-following-hospitalization-from-playboi-carti-show-fall/articleshow/125664049.cms
2025-11-30 03:52:08,782 - INFO - [Times of India] Attempt 1/1: Trying with 'selenium_browser' strategy...
2025-11-30 03:52:09,532 - INFO - [Times of India] Page content loaded.
2025-11-30 03:52:09,702 - INFO - [Times of India] Success with 'selenium_browser'. Found content (406 words).
2025-11-30 03:52:09,759 - INFO - Duplicate article skipped: Cuffem comes back to Kick following hospitalization from Playboi Carti show fall - The Times of India from Times of India
2025-11-30 03:52:11,124 - INFO - [Times of India] Article: https://timesofindia.indiatimes.com/world/us/who-is-mohammad-dawood-alokozay-afghan-national-arrested-for-posting-tiktok-video-of-himself-making-a-bomb/articleshow/125663702.cms
2025-11-30 03:52:11,125 - INFO - [Times of India] Attempt 1/1: Trying with 'selenium_browser' strategy...
2025-11-30 03:52:12,116 - INFO - [Times of India] Page content loaded.
2025-11-30 03:52:12,282 - INFO - [Times of India] Success with 'selenium_browser'. Found content (239 words).
2025-11-30 03:52:12,349 - INFO - Duplicate article skipped: Who is Mohammad Dawood Alokozay? Afghan national arrested for posting TikTok video of himself making a bomb - The Times of India from Times of India
2025-11-30 03:52:13,723 - INFO - [Times of India] Article: https://timesofindia.indiatimes.com/world/us/one-killed-in-shooting-at-patrick-henry-mall-in-virginia-suspect-detained/articleshow/125663188.cms
2025-11-30 03:52:13,723 - INFO - [Times of India] Attempt 1/1: Trying with 'selenium_browser' strategy...
2025-11-30 03:52:14,616 - INFO - [Times of India] Page content loaded.
2025-11-30 03:52:14,785 - INFO - [Times of India] Success with 'selenium_browser'. Found content (116 words).
2025-11-30 03:52:14,850 - INFO - Duplicate article skipped: One killed in shooting at Patrick Henry Mall in Virginia; suspect detained - The Times of India from Times of India
2025-11-30 03:52:16,035 - INFO - [Times of India] (Thread) Finished. Attempting to shut down its Selenium driver.
2025-11-30 03:52:16,334 - INFO - [Times of India] (Thread) driver.quit() successful.
2025-11-30 03:52:16,334 - INFO - Shutting down thread pool (wait=False)...
2025-11-30 03:52:16,334 - INFO - Scraped: 0 BBC, 2 The Hindu, 5 Times of India, 1 The Guardian articles. (Total saved: 8)
2025-11-30 03:52:16,334 - INFO - --- Scraping job finished ---
2025-11-30 03:52:16,345 - INFO - --- Scraper service stopped and database connection closed. ---
2025-11-30 03:52:16,345 - INFO - --- Main thread finished. Forcing process exit to kill zombie threads. ---
