2025-11-27 11:42:07,654 - INFO - Loading AI Semantic Model (all-MiniLM-L6-v2)...
2025-11-27 11:42:07,654 - INFO - Use pytorch device_name: cpu
2025-11-27 11:42:07,655 - INFO - Load pretrained SentenceTransformer: all-MiniLM-L6-v2
2025-11-27 11:42:08,427 - INFO - AI Model loaded successfully.
2025-11-27 11:42:08,427 - INFO - Initializing database connection at: news_articles.db
2025-11-27 11:42:08,427 - INFO - --- Scraper service started (CI Mode: Run Once) ---
2025-11-27 11:42:08,428 - INFO - --- Starting new scraping job (Parallel Mode) ---
2025-11-27 11:42:08,428 - INFO - Creating new robust session with 3 retries on 5xx/connection/read errors.
2025-11-27 11:42:08,428 - INFO - Proxy is DISABLED.
2025-11-27 11:42:08,428 - INFO - Starting scrape for BBC RSS feed: http://feeds.bbci.co.uk/news/world/rss.xml
2025-11-27 11:42:08,429 - INFO - [Times of India] (Thread) requires Selenium. Initializing driver...
2025-11-27 11:42:08,429 - INFO - Initializing headless Selenium Chrome driver (using SeleniumManager)...
2025-11-27 11:42:08,429 - INFO - Starting scrape for The Guardian RSS feed: https://www.theguardian.com/world/rss
2025-11-27 11:42:08,431 - INFO - [The Hindu] (Thread) requires Selenium. Initializing driver...
2025-11-27 11:42:08,431 - INFO - Initializing headless Selenium Chrome driver (using SeleniumManager)...
2025-11-27 11:42:08,431 - INFO - Submitted 4 jobs to thread pool. Waiting up to 300s for completion...
2025-11-27 11:42:08,605 - INFO - Found 27 articles in BBC RSS feed. Processing up to 20.
2025-11-27 11:42:08,605 - INFO - [BBC] Article: https://www.bbc.com/news/articles/cvgjnlx1g6yo?at_medium=RSS&at_campaign=rss
2025-11-27 11:42:08,605 - INFO - [BBC] Attempt 1/1: Trying with 'requests_browser' strategy...
2025-11-27 11:42:08,641 - INFO - Found 45 articles in The Guardian RSS feed. Processing up to 20.
2025-11-27 11:42:08,641 - INFO - [The Guardian] Article: https://www.theguardian.com/world/2025/nov/26/guinea-bissau-officers-take-total-control-close-borders-amid-election-chaos
2025-11-27 11:42:08,642 - INFO - [The Guardian] Attempt 1/1: Trying with 'requests_browser' strategy...
2025-11-27 11:42:08,663 - INFO - [The Guardian] Success with 'requests_browser'. Found content (412 words).
2025-11-27 11:42:08,697 - INFO - Duplicate article skipped: Guinea-Bissau military takes ‘total control’ amid election chaos | Guinea-Bissau | The Guardian from The Guardian
2025-11-27 11:42:09,019 - INFO - [BBC] Success with 'requests_browser'. Found content (787 words).
2025-11-27 11:42:09,106 - INFO - Duplicate article skipped: Hong Kong residents react as deadly fire tears through housing estate from BBC
2025-11-27 11:42:09,715 - INFO - [The Guardian] Article: https://www.theguardian.com/world/2025/nov/25/nigerian-schoolgirls-rescued-after-mass-abduction-in-kebbi
2025-11-27 11:42:09,715 - INFO - [The Guardian] Attempt 1/1: Trying with 'requests_browser' strategy...
2025-11-27 11:42:09,740 - INFO - [The Guardian] Success with 'requests_browser'. Found content (515 words).
2025-11-27 11:42:09,782 - INFO - Duplicate article skipped: Nigerian schoolgirls rescued after mass abduction in Kebbi | Nigeria | The Guardian from The Guardian
2025-11-27 11:42:10,325 - INFO - [The Guardian] Article: https://www.theguardian.com/world/2025/nov/25/jacob-zuma-daughter-accused-tricking-men-fighting-for-russia-in-ukraine
2025-11-27 11:42:10,325 - INFO - [The Guardian] Attempt 1/1: Trying with 'requests_browser' strategy...
2025-11-27 11:42:10,356 - INFO - [The Guardian] Success with 'requests_browser'. Found content (656 words).
2025-11-27 11:42:10,424 - INFO - Duplicate article skipped: Jacob Zuma’s daughter accused of tricking men into fighting for Russia in Ukraine | South Africa | The Guardian from The Guardian
2025-11-27 11:42:10,436 - INFO - [BBC] Article: https://www.bbc.com/news/articles/cgex957qg97o?at_medium=RSS&at_campaign=rss
2025-11-27 11:42:10,436 - INFO - [BBC] Attempt 1/1: Trying with 'requests_browser' strategy...
2025-11-27 11:42:10,466 - INFO - [BBC] Success with 'requests_browser'. Found content (779 words).
2025-11-27 11:42:10,504 - INFO - Duplicate article skipped: US suspends immigration requests for Afghans after National Guard shooting from BBC
2025-11-27 11:42:11,678 - INFO - [BBC] Article: https://www.bbc.com/news/articles/cdd560nvqqdo?at_medium=RSS&at_campaign=rss
2025-11-27 11:42:11,679 - INFO - [BBC] Attempt 1/1: Trying with 'requests_browser' strategy...
2025-11-27 11:42:11,702 - INFO - [The Guardian] Article: https://www.theguardian.com/uk-news/2025/nov/24/uk-rejects-nigerian-request-to-deport-former-politican-ike-ekweremadu-jailed-for-organ-trafficking
2025-11-27 11:42:11,702 - INFO - [The Guardian] Attempt 1/1: Trying with 'requests_browser' strategy...
2025-11-27 11:42:11,729 - INFO - [BBC] Success with 'requests_browser'. Found content (1894 words).
2025-11-27 11:42:11,777 - INFO - Duplicate article skipped: Year after ceasefire, peace eludes south Lebanon as Israeli strikes continue from BBC
2025-11-27 11:42:11,784 - INFO - [The Guardian] Success with 'requests_browser'. Found content (545 words).
2025-11-27 11:42:11,954 - INFO - Duplicate article skipped: UK rejects Nigerian request to deport former politican jailed for organ trafficking | UK news | The Guardian from The Guardian
2025-11-27 11:42:12,639 - INFO - [BBC] Article: https://www.bbc.com/news/articles/cy5g3076lqzo?at_medium=RSS&at_campaign=rss
2025-11-27 11:42:12,639 - INFO - [BBC] Attempt 1/1: Trying with 'requests_browser' strategy...
2025-11-27 11:42:12,755 - INFO - [BBC] Success with 'requests_browser'. Found content (700 words).
2025-11-27 11:42:12,789 - INFO - Duplicate article skipped: Pope Leo arrives in Turkey on first foreign trip, six months into papacy from BBC
2025-11-27 11:42:13,449 - INFO - [The Guardian] Article: https://www.theguardian.com/world/2025/nov/24/ethiopian-volcano-hayli-gubbi-erupts-first-time-12000-years
2025-11-27 11:42:13,450 - INFO - [The Guardian] Attempt 1/1: Trying with 'requests_browser' strategy...
2025-11-27 11:42:13,470 - INFO - [The Guardian] Success with 'requests_browser'. Found content (306 words).
2025-11-27 11:42:13,504 - INFO - Duplicate article skipped: Ethiopian volcano erupts for first time in 12,000 years | Ethiopia | The Guardian from The Guardian
2025-11-27 11:42:13,894 - INFO - [BBC] Article: https://www.bbc.com/news/articles/cewj1e1yk2vo?at_medium=RSS&at_campaign=rss
2025-11-27 11:42:13,894 - INFO - [BBC] Attempt 1/1: Trying with 'requests_browser' strategy...
2025-11-27 11:42:13,929 - INFO - [BBC] Success with 'requests_browser'. Found content (1118 words).
2025-11-27 11:42:13,967 - INFO - Duplicate article skipped: Fracking transforms an Argentine town but what about the nation? from BBC
2025-11-27 11:42:14,544 - INFO - [BBC] Article: https://www.bbc.com/news/articles/cd0keyern0do?at_medium=RSS&at_campaign=rss
2025-11-27 11:42:14,544 - INFO - [BBC] Attempt 1/1: Trying with 'requests_browser' strategy...
2025-11-27 11:42:14,572 - INFO - [BBC] Success with 'requests_browser'. Found content (509 words).
2025-11-27 11:42:14,608 - INFO - Duplicate article skipped: Venezuela bans six international airlines as tensions escalate from BBC
2025-11-27 11:42:14,716 - INFO - [The Guardian] Article: https://www.theguardian.com/world/2025/nov/27/st-vincent-prime-minister-seeks-record-sixth-term-in-tight-election
2025-11-27 11:42:14,716 - INFO - [The Guardian] Attempt 1/1: Trying with 'requests_browser' strategy...
2025-11-27 11:42:14,739 - INFO - [The Guardian] Success with 'requests_browser'. Found content (676 words).
2025-11-27 11:42:14,773 - INFO - Duplicate article skipped: St Vincent prime minister seeks record sixth term in tight election | St Vincent and the Grenadines | The Guardian from The Guardian
2025-11-27 11:42:15,387 - INFO - [BBC] Article: https://www.bbc.com/news/articles/cq8dq47j5y8o?at_medium=RSS&at_campaign=rss
2025-11-27 11:42:15,387 - INFO - [BBC] Attempt 1/1: Trying with 'requests_browser' strategy...
2025-11-27 11:42:15,414 - INFO - [BBC] Success with 'requests_browser'. Found content (500 words).
2025-11-27 11:42:15,452 - INFO - Duplicate article skipped: South Africa's Cyril Ramaphosa hits back after Donald Trump says US won't invite it for G20 summit from BBC
2025-11-27 11:42:15,631 - INFO - [The Guardian] Article: https://www.theguardian.com/us-news/2025/nov/26/trump-temporary-protected-status-haiti
2025-11-27 11:42:15,631 - INFO - [The Guardian] Attempt 1/1: Trying with 'requests_browser' strategy...
2025-11-27 11:42:15,653 - INFO - [The Guardian] Success with 'requests_browser'. Found content (409 words).
2025-11-27 11:42:15,686 - INFO - Duplicate article skipped: Trump officials halt protected status for Haitians in US | US immigration | The Guardian from The Guardian
2025-11-27 11:42:16,534 - INFO - [BBC] Article: https://www.bbc.com/news/articles/c0edww3qgq2o?at_medium=RSS&at_campaign=rss
2025-11-27 11:42:16,534 - INFO - [BBC] Attempt 1/1: Trying with 'requests_browser' strategy...
2025-11-27 11:42:16,565 - INFO - [BBC] Success with 'requests_browser'. Found content (652 words).
2025-11-27 11:42:16,604 - INFO - Duplicate article skipped: Guinea-Bissau coup: Soldiers seize power and detain President Umaro Sissoco Embaló from BBC
2025-11-27 11:42:16,616 - INFO - [The Guardian] Article: https://www.theguardian.com/us-news/2025/nov/26/kristi-noem-deportation-flights-el-salvador
2025-11-27 11:42:16,616 - INFO - [The Guardian] Attempt 1/1: Trying with 'requests_browser' strategy...
2025-11-27 11:42:16,637 - INFO - [The Guardian] Success with 'requests_browser'. Found content (433 words).
2025-11-27 11:42:16,670 - INFO - Duplicate article skipped: Noem made decision to continue deportation flights to El Salvador, justice department says | Trump administration | The Guardian from The Guardian
2025-11-27 11:42:17,223 - INFO - [BBC] Article: https://www.bbc.com/news/articles/cly0jjv2lg1o?at_medium=RSS&at_campaign=rss
2025-11-27 11:42:17,224 - INFO - [BBC] Attempt 1/1: Trying with 'requests_browser' strategy...
2025-11-27 11:42:17,256 - INFO - [BBC] Success with 'requests_browser'. Found content (1341 words).
2025-11-27 11:42:17,275 - INFO - [The Guardian] Article: https://www.theguardian.com/world/2025/nov/26/maduro-defends-venezuela-against-trump-military
2025-11-27 11:42:17,275 - INFO - [The Guardian] Attempt 1/1: Trying with 'requests_browser' strategy...
2025-11-27 11:42:17,300 - INFO - Duplicate article skipped: Russia Ukraine war: Where peace stands after frantic diplomacy from BBC
2025-11-27 11:42:17,317 - INFO - [The Guardian] Success with 'requests_browser'. Found content (567 words).
2025-11-27 11:42:17,363 - INFO - Duplicate article skipped: Trump threatens Venezuela’s Maduro with ‘the easy way … or the hard way’ | Nicolás Maduro | The Guardian from The Guardian
2025-11-27 11:42:18,327 - INFO - [The Guardian] Article: https://www.theguardian.com/us-news/2025/nov/25/trump-caribbean-boat-strikes-memo
2025-11-27 11:42:18,328 - INFO - [The Guardian] Attempt 1/1: Trying with 'requests_browser' strategy...
2025-11-27 11:42:18,353 - INFO - [The Guardian] Success with 'requests_browser'. Found content (952 words).
2025-11-27 11:42:18,389 - INFO - Duplicate article skipped: US justice department memo about boat strikes diverges from Trump narrative | Trump administration | The Guardian from The Guardian
2025-11-27 11:42:18,484 - INFO - Selenium driver initialized successfully.
2025-11-27 11:42:18,484 - INFO - Starting scrape for Times of India RSS feed: https://timesofindia.indiatimes.com/rssfeeds/296589292.cms
2025-11-27 11:42:18,486 - INFO - Selenium driver initialized successfully.
2025-11-27 11:42:18,486 - INFO - Starting scrape for The Hindu RSS feed: https://www.thehindu.com/news/national/feeder/default.rss
2025-11-27 11:42:18,516 - INFO - [BBC] Article: https://www.bbc.com/news/articles/cdxwzwe507ko?at_medium=RSS&at_campaign=rss
2025-11-27 11:42:18,516 - INFO - [BBC] Attempt 1/1: Trying with 'requests_browser' strategy...
2025-11-27 11:42:18,543 - INFO - [BBC] Success with 'requests_browser'. Found content (447 words).
2025-11-27 11:42:18,581 - INFO - Duplicate article skipped: Malawi police investigate theft of four German Shepherds from Kamuzu Palace from BBC
2025-11-27 11:42:18,672 - INFO - Found 20 articles in Times of India RSS feed. Processing up to 20.
2025-11-27 11:42:18,672 - INFO - [Times of India] Article: https://timesofindia.indiatimes.com/world/middle-east/qatar-education-ministry-unveil-new-2025-2026-exam-calendar-and-flexible-working-hours/articleshow/125612330.cms
2025-11-27 11:42:18,672 - INFO - [Times of India] Attempt 1/1: Trying with 'selenium_browser' strategy...
2025-11-27 11:42:18,706 - INFO - Found 100 articles in The Hindu RSS feed. Processing up to 20.
2025-11-27 11:42:18,707 - INFO - [The Hindu] Article: https://www.thehindu.com/business/markets/sensex-nifty-scale-record-highs-on-rate-cut-hopes-foreign-fund-inflows/article70330127.ece
2025-11-27 11:42:18,707 - INFO - [The Hindu] Attempt 1/1: Trying with 'selenium_browser' strategy...
2025-11-27 11:42:19,576 - INFO - [The Guardian] Article: https://www.theguardian.com/world/live/2025/nov/27/hong-kong-fire-arrests-dead-killed-hundreds-missing-housing-complex-blaze
2025-11-27 11:42:19,576 - INFO - [The Guardian] Attempt 1/1: Trying with 'requests_browser' strategy...
2025-11-27 11:42:19,845 - INFO - [The Guardian] Success with 'requests_browser'. Found content (827 words).
2025-11-27 11:42:19,893 - INFO - [BBC] Article: https://www.bbc.com/news/articles/c3r7xr94ln8o?at_medium=RSS&at_campaign=rss
2025-11-27 11:42:19,893 - INFO - [BBC] Attempt 1/1: Trying with 'requests_browser' strategy...
2025-11-27 11:42:20,012 - INFO - Duplicate article skipped: Hong Kong fire latest: rescue crews search for survivors after 55 killed and hundreds reported missing | Hong Kong | The Guardian from The Guardian
2025-11-27 11:42:20,028 - INFO - [BBC] Success with 'requests_browser'. Found content (724 words).
2025-11-27 11:42:20,087 - INFO - Duplicate article skipped: Trump defends Witkoff after leak appears to show envoy coaching Russias from BBC
2025-11-27 11:42:20,670 - INFO - [The Guardian] Article: https://www.theguardian.com/news/2025/nov/27/hong-kong-fire-tai-po-police-blame-construction-company
2025-11-27 11:42:20,670 - INFO - [The Guardian] Attempt 1/1: Trying with 'requests_browser' strategy...
2025-11-27 11:42:20,722 - INFO - [The Guardian] Success with 'requests_browser'. Found content (974 words).
2025-11-27 11:42:20,859 - INFO - Duplicate article skipped: Hong Kong fire: police blame construction firm’s ‘gross negligence’ as death toll rises to 55 | Hong Kong apartment fires | The Guardian from The Guardian
2025-11-27 11:42:21,445 - INFO - [BBC] Article: https://www.bbc.com/news/articles/c74x55epn34o?at_medium=RSS&at_campaign=rss
2025-11-27 11:42:21,445 - INFO - [BBC] Attempt 1/1: Trying with 'requests_browser' strategy...
2025-11-27 11:42:21,546 - INFO - [BBC] Success with 'requests_browser'. Found content (303 words).
2025-11-27 11:42:22,175 - INFO - [The Guardian] Article: https://www.theguardian.com/world/2025/nov/27/jakarta-overtakes-tokyo-most-populous-city-world
2025-11-27 11:42:22,175 - INFO - [The Guardian] Attempt 1/1: Trying with 'requests_browser' strategy...
2025-11-27 11:42:22,234 - INFO - Duplicate article skipped: Nicolas Sarkozy illegal campaign financing conviction upheld from BBC
2025-11-27 11:42:22,253 - INFO - [The Guardian] Success with 'requests_browser'. Found content (515 words).
2025-11-27 11:42:22,349 - INFO - Duplicate article skipped: Jakarta overtakes Tokyo as world’s most populous city, according to UN | Indonesia | The Guardian from The Guardian
2025-11-27 11:42:22,474 - INFO - [The Hindu] Page content loaded.
2025-11-27 11:42:22,730 - INFO - [The Hindu] Success with 'selenium_browser'. Found content (357 words).
2025-11-27 11:42:22,968 - INFO - [BBC] Article: https://www.bbc.com/news/articles/c9d9l7w1g8yo?at_medium=RSS&at_campaign=rss
2025-11-27 11:42:22,968 - INFO - [BBC] Attempt 1/1: Trying with 'requests_browser' strategy...
2025-11-27 11:42:23,125 - INFO - [The Guardian] Article: https://www.theguardian.com/world/2025/nov/26/hong-kong-fire-tai-po-towers
2025-11-27 11:42:23,125 - INFO - [The Guardian] Attempt 1/1: Trying with 'requests_browser' strategy...
2025-11-27 11:42:23,172 - INFO - [BBC] Success with 'requests_browser'. Found content (420 words).
2025-11-27 11:42:23,328 - INFO - [The Guardian] Success with 'requests_browser'. Found content (742 words).
2025-11-27 11:42:33,909 - INFO - [Times of India] Page content loaded.
2025-11-27 11:42:34,223 - INFO - [Times of India] Success with 'selenium_browser'. Found content (437 words).
2025-11-27 11:42:34,461 - INFO - Saved article: Sensex, Nifty scale record highs on rate cut hopes, foreign fund inflows - The Hindu from The Hindu
2025-11-27 11:42:34,461 - INFO - Duplicate article skipped: Australia social media ban: Teens challenge law before High Court from BBC
2025-11-27 11:42:34,461 - INFO - Duplicate article skipped: Death toll in Hong Kong tower block fire rises to 44 with hundreds still missing | Hong Kong | The Guardian from The Guardian
2025-11-27 11:42:34,967 - INFO - [The Hindu] Article: https://www.thehindu.com/news/national/tamil-nadu/tn-cm-stalin-reviews-preparedness-over-heavy-rain-alert/article70329820.ece
2025-11-27 11:42:34,967 - INFO - [The Hindu] Attempt 1/1: Trying with 'selenium_browser' strategy...
2025-11-27 11:42:35,477 - INFO - [The Guardian] Article: https://www.theguardian.com/world/2025/nov/26/bamboo-scaffolding-may-be-to-blame-for-spread-of-hong-kong-tower-block-fire
2025-11-27 11:42:35,477 - INFO - [The Guardian] Attempt 1/1: Trying with 'requests_browser' strategy...
2025-11-27 11:42:35,524 - INFO - [The Guardian] Success with 'requests_browser'. Found content (344 words).
2025-11-27 11:42:35,565 - INFO - [BBC] Article: https://www.bbc.com/news/articles/cr4drle9k12o?at_medium=RSS&at_campaign=rss
2025-11-27 11:42:35,565 - INFO - [BBC] Attempt 1/1: Trying with 'requests_browser' strategy...
2025-11-27 11:42:35,632 - INFO - [BBC] Success with 'requests_browser'. Found content (493 words).
2025-11-27 11:42:37,328 - INFO - [The Hindu] Page content loaded.
2025-11-27 11:42:37,452 - INFO - [The Hindu] Success with 'selenium_browser'. Found content (270 words).
2025-11-27 11:42:42,379 - INFO - Saved article: Qatar Education Ministry unveil new 2025-2026 exam calendar and flexible working hours | World News - The Times of India from Times of India
2025-11-27 11:42:42,380 - INFO - Duplicate article skipped: Bamboo scaffolding may be to blame for spread of Hong Kong tower block fire | Hong Kong | The Guardian from The Guardian
2025-11-27 11:42:42,380 - INFO - Duplicate article skipped: Chicago man accused of setting train passenger on fire had 72 prior arrests from BBC
2025-11-27 11:42:43,147 - INFO - [Times of India] Article: https://timesofindia.indiatimes.com/world/us/white-house-shooting-two-national-guard-soldiers-injured-us-suspends-immigration-requests-for-afghans/articleshow/125609617.cms
2025-11-27 11:42:43,147 - INFO - [Times of India] Attempt 1/1: Trying with 'selenium_browser' strategy...
2025-11-27 11:42:43,230 - INFO - [BBC] Article: https://www.bbc.com/news/articles/c1dzp050yn2o?at_medium=RSS&at_campaign=rss
2025-11-27 11:42:43,230 - INFO - [BBC] Attempt 1/1: Trying with 'requests_browser' strategy...
2025-11-27 11:42:43,280 - INFO - [BBC] Success with 'requests_browser'. Found content (1232 words).
2025-11-27 11:42:43,449 - INFO - [The Guardian] Article: https://www.theguardian.com/australia-news/2025/nov/27/labor-strikes-deal-with-greens-to-pass-long-awaited-overhaul-of-nature-protection-laws
2025-11-27 11:42:43,449 - INFO - [The Guardian] Attempt 1/1: Trying with 'requests_browser' strategy...
2025-11-27 11:42:43,497 - INFO - [The Guardian] Success with 'requests_browser'. Found content (1222 words).
2025-11-27 11:42:44,780 - INFO - [Times of India] Page content loaded.
2025-11-27 11:42:45,008 - INFO - [Times of India] Success with 'selenium_browser'. Found content (532 words).
2025-11-27 11:42:51,282 - INFO - Saved article: T.N. CM Stalin reviews preparedness over heavy rain alert - The Hindu from The Hindu
2025-11-27 11:42:51,282 - INFO - Duplicate article skipped: Italian parliament unanimously votes to make femicide a crime from BBC
2025-11-27 11:42:51,283 - INFO - Duplicate article skipped: Labor strikes deal with Greens on nature laws overhaul amid criticism ‘dirty deal’ being ‘rammed through’ | Australian politics | The Guardian from The Guardian
2025-11-27 11:42:51,283 - INFO - Duplicate article skipped: White House shooting: Two National Guard soldiers injured; US suspends immigration requests of Afghans - The Times of India from Times of India
2025-11-27 11:42:51,798 - INFO - [The Hindu] Article: https://www.thehindu.com/news/national/kerala/elderly-voters-seek-dignified-access-to-ballot-box/article70330086.ece
2025-11-27 11:42:51,798 - INFO - [The Hindu] Attempt 1/1: Trying with 'selenium_browser' strategy...
2025-11-27 11:42:52,393 - INFO - [The Guardian] Article: https://www.theguardian.com/australia-news/2025/nov/26/australia-greenhouse-gas-emissions-from-fossil-fuels-down
2025-11-27 11:42:52,393 - INFO - [The Guardian] Attempt 1/1: Trying with 'requests_browser' strategy...
2025-11-27 11:42:52,425 - INFO - [BBC] Article: https://www.bbc.com/news/articles/ckg97wx144jo?at_medium=RSS&at_campaign=rss
2025-11-27 11:42:52,425 - INFO - [BBC] Attempt 1/1: Trying with 'requests_browser' strategy...
2025-11-27 11:42:52,435 - INFO - [The Guardian] Success with 'requests_browser'. Found content (735 words).
2025-11-27 11:42:52,522 - INFO - Duplicate article skipped: Australia projected to miss 2035 emissions reduction target ‘by a country mile’ unless it ramps up climate policies | Energy | The Guardian from The Guardian
2025-11-27 11:42:52,544 - INFO - [BBC] Success with 'requests_browser'. Found content (534 words).
2025-11-27 11:42:52,587 - INFO - [Times of India] Article: https://timesofindia.indiatimes.com/world/pakistan/ai-reunites-lost-pakistani-woman-with-family-kiran-went-missing-at-age-10-how-she-returned-home-after-17-years/articleshow/125608654.cms
2025-11-27 11:42:52,587 - INFO - [Times of India] Attempt 1/1: Trying with 'selenium_browser' strategy...
2025-11-27 11:42:52,597 - INFO - Duplicate article skipped: South East Asia floods: Scores killed and thousands evacuated from record rainfall from BBC
2025-11-27 11:42:53,275 - INFO - [The Hindu] Page content loaded.
2025-11-27 11:42:53,353 - INFO - [The Hindu] Success with 'selenium_browser'. Found content (443 words).
2025-11-27 11:42:53,641 - INFO - [The Guardian] Article: https://www.theguardian.com/australia-news/live/2025/nov/27/australia-politics-live-barnaby-joyce-one-nation-pauline-hanson-environment-nature-bill-deal-coalition-greens-murray-watt-question-time-anthony-albanese-sussan-ley-ntwnfb
2025-11-27 11:42:53,646 - INFO - [The Guardian] Attempt 1/1: Trying with 'requests_browser' strategy...
2025-11-27 11:42:53,874 - INFO - [The Guardian] Success with 'requests_browser'. Found content (1993 words).
2025-11-27 11:42:53,969 - INFO - [BBC] Article: https://www.bbc.com/news/articles/cdxe9r7wjgro?at_medium=RSS&at_campaign=rss
2025-11-27 11:42:53,976 - INFO - [BBC] Attempt 1/1: Trying with 'requests_browser' strategy...
2025-11-27 11:42:54,229 - INFO - [BBC] Success with 'requests_browser'. Found content (1236 words).
2025-11-27 11:42:55,784 - INFO - [Times of India] Page content loaded.
2025-11-27 11:42:56,115 - INFO - [Times of India] Success with 'selenium_browser'. Found content (281 words).
2025-11-27 11:43:03,050 - INFO - Saved article: Elderly voters seek dignified access to ballot box - The Hindu from The Hindu
2025-11-27 11:43:03,050 - INFO - Duplicate article skipped: Pocock criticises lack of scrutiny for nature laws – as it happened | Australia news | The Guardian from The Guardian
2025-11-27 11:43:03,051 - INFO - Duplicate article skipped: What we know about the Hong Kong apartment fires from BBC
2025-11-27 11:43:03,051 - INFO - Duplicate article skipped: AI reunites lost Pakistani woman with family: Kiran went missing at age 10 - how she returned home after 17 years - The Times of India from Times of India
2025-11-27 11:43:03,771 - INFO - [BBC] Article: https://www.bbc.com/news/articles/c208w378gg7o?at_medium=RSS&at_campaign=rss
2025-11-27 11:43:03,771 - INFO - [BBC] Attempt 1/1: Trying with 'requests_browser' strategy...
2025-11-27 11:43:03,853 - INFO - [The Guardian] Article: https://www.theguardian.com/australia-news/2025/nov/27/barnaby-joyce-nationals-defection-one-nation
2025-11-27 11:43:03,853 - INFO - [The Guardian] Attempt 1/1: Trying with 'requests_browser' strategy...
2025-11-27 11:43:03,882 - INFO - [The Guardian] Success with 'requests_browser'. Found content (725 words).
2025-11-27 11:43:03,932 - INFO - Duplicate article skipped: ‘Act of treason’: Barnaby Joyce quits National party sparking anger from former colleagues | Barnaby Joyce | The Guardian from The Guardian
2025-11-27 11:43:04,133 - INFO - [BBC] Success with 'requests_browser'. Found content (1313 words).
2025-11-27 11:43:04,174 - INFO - Duplicate article skipped: Georgia's pro-EU protesters defiant year after accession process was halted from BBC
2025-11-27 11:43:04,329 - INFO - [The Hindu] Article: https://www.thehindu.com/news/national/maharashtra/uddhav-raj-meet-for-45-minutes-sans-party-leaders/article70330137.ece
2025-11-27 11:43:04,329 - INFO - [The Hindu] Attempt 1/1: Trying with 'selenium_browser' strategy...
2025-11-27 11:43:04,504 - INFO - [Times of India] Article: https://timesofindia.indiatimes.com/world/us-streamers/candace-owens-puts-her-show-off-air-after-she-claims-emmanuel-macron-tried-to-harm-her-and-was-tied-to-charlie-kirks-death/articleshow/125596333.cms
2025-11-27 11:43:04,504 - INFO - [Times of India] Attempt 1/1: Trying with 'selenium_browser' strategy...
2025-11-27 11:43:04,800 - INFO - [BBC] Article: https://www.bbc.com/news/articles/cx23lyp2dmeo?at_medium=RSS&at_campaign=rss
2025-11-27 11:43:04,800 - INFO - [BBC] Attempt 1/1: Trying with 'requests_browser' strategy...
2025-11-27 11:43:04,908 - INFO - [BBC] Success with 'requests_browser'. Found content (997 words).
2025-11-27 11:43:04,974 - INFO - Duplicate article skipped: Delhi pollution: Children are hit hardest by toxic air in Indian capital from BBC
2025-11-27 11:43:05,368 - INFO - [The Guardian] Article: https://www.theguardian.com/media/2025/nov/27/teens-high-court-injunction-australia-under-16s-social-media-ban
2025-11-27 11:43:05,368 - INFO - [The Guardian] Attempt 1/1: Trying with 'requests_browser' strategy...
2025-11-27 11:43:05,455 - INFO - [The Guardian] Success with 'requests_browser'. Found content (754 words).
2025-11-27 11:43:05,568 - INFO - Duplicate article skipped: Teens seek urgent high court injunction to block Australian government’s social media ban | Social media ban | The Guardian from The Guardian
2025-11-27 11:43:05,805 - INFO - [The Hindu] Page content loaded.
2025-11-27 11:43:06,004 - INFO - [BBC] Article: https://www.bbc.com/news/articles/cg4nz5yngxgo?at_medium=RSS&at_campaign=rss
2025-11-27 11:43:06,004 - INFO - [BBC] Attempt 1/1: Trying with 'requests_browser' strategy...
2025-11-27 11:43:06,044 - INFO - [The Hindu] Success with 'selenium_browser'. Found content (455 words).
2025-11-27 11:43:06,139 - INFO - Duplicate article skipped: Uddhav, Raj meet for 45 minutes sans party leaders - The Hindu from The Hindu
2025-11-27 11:43:06,220 - INFO - [Times of India] Page content loaded.
2025-11-27 11:43:06,614 - INFO - [Times of India] Success with 'selenium_browser'. Found content (414 words).
2025-11-27 11:43:06,903 - INFO - [BBC] Success with 'requests_browser'. Found content (1189 words).
2025-11-27 11:43:07,210 - INFO - [The Hindu] Article: https://www.thehindu.com/news/national/tamil-nadu/three-tigers-identified-near-site-of-attack-on-tribal-woman-in-the-nilgiris/article70329751.ece
2025-11-27 11:43:07,210 - INFO - [The Hindu] Attempt 1/1: Trying with 'selenium_browser' strategy...
2025-11-27 11:43:09,766 - INFO - [The Hindu] Page content loaded.
2025-11-27 11:43:10,091 - INFO - [The Hindu] Success with 'selenium_browser'. Found content (329 words).
2025-11-27 11:43:17,321 - INFO - Saved article: Candace Owens puts her show off air after she claims Emmanuel Macron tried to harm her and was tied to Charlie Kirk’s death - The Times of India from Times of India
2025-11-27 11:43:17,322 - INFO - Duplicate article skipped: Hakainde Hichilema: Stone-throwing anger unnerves Zambia's 'fix-it' president from BBC
2025-11-27 11:43:17,322 - INFO - Duplicate article skipped: Three tigers identified near site of attack on tribal woman in the Nilgiris - The Hindu from The Hindu
2025-11-27 11:43:17,869 - INFO - [Times of India] Article: https://timesofindia.indiatimes.com/world/middle-east/saudi-arabia-introduces-new-corporate-dress-code-what-workers-must-wear-now/articleshow/125609007.cms
2025-11-27 11:43:17,869 - INFO - [Times of India] Attempt 1/1: Trying with 'selenium_browser' strategy...
2025-11-27 11:43:18,635 - INFO - [The Hindu] Article: https://www.thehindu.com/news/cities/Mangalore/bjp-will-move-no-confidence-motion-against-siddaramaiah-government-in-belagavi-session-former-minister-v-sunil-kumar/article70329993.ece
2025-11-27 11:43:18,635 - INFO - [The Hindu] Attempt 1/1: Trying with 'selenium_browser' strategy...
2025-11-27 11:43:19,540 - INFO - [Times of India] Page content loaded.
2025-11-27 11:43:19,802 - INFO - [Times of India] Success with 'selenium_browser'. Found content (605 words).
2025-11-27 11:43:19,896 - INFO - Duplicate article skipped: Saudi Arabia introduces new corporate dress code: What workers must wear now | World News - The Times of India from Times of India
2025-11-27 11:43:21,174 - INFO - [Times of India] Article: https://timesofindia.indiatimes.com/world/us/its-thanksgiving-los-angeles-freeways-get-buried-in-traffic-video-goes-viral/articleshow/125608959.cms
2025-11-27 11:43:21,174 - INFO - [Times of India] Attempt 1/1: Trying with 'selenium_browser' strategy...
2025-11-27 11:43:21,574 - INFO - [The Hindu] Page content loaded.
2025-11-27 11:43:21,854 - INFO - [The Hindu] Success with 'selenium_browser'. Found content (334 words).
2025-11-27 11:43:22,136 - INFO - Duplicate article skipped: BJP will move no-confidence motion against Siddaramaiah government in Belagavi session: Former minister V. Sunil Kumar - The Hindu from The Hindu
2025-11-27 11:43:23,011 - INFO - [Times of India] Page content loaded.
2025-11-27 11:43:23,044 - INFO - [The Hindu] Article: https://www.thehindu.com/business/Economy/income-tax-department-identifies-cases-of-non-disclosure-of-foreign-assets-in-itrs/article70329849.ece
2025-11-27 11:43:23,044 - INFO - [The Hindu] Attempt 1/1: Trying with 'selenium_browser' strategy...
2025-11-27 11:43:23,209 - INFO - [Times of India] Success with 'selenium_browser'. Found content (221 words).
2025-11-27 11:43:23,411 - INFO - Duplicate article skipped: It's Thanksgiving! Los Angeles freeways get buried in traffic — video goes viral - The Times of India from Times of India
2025-11-27 11:43:24,340 - INFO - [Times of India] Article: https://timesofindia.indiatimes.com/world/pakistan/imran-khan-is-fully-healthy-pakistan-jail-rubbishes-health-rumours-khawaja-asif-says-hes-getting-five-star-treatment/articleshow/125607974.cms
2025-11-27 11:43:24,340 - INFO - [Times of India] Attempt 1/1: Trying with 'selenium_browser' strategy...
2025-11-27 11:43:25,814 - INFO - [The Hindu] Page content loaded.
2025-11-27 11:43:26,264 - INFO - [The Hindu] Success with 'selenium_browser'. Found content (299 words).
2025-11-27 11:43:26,777 - INFO - Duplicate article skipped: Income Tax department identifies cases of non-disclosure of foreign assets in ITRs - The Hindu from The Hindu
2025-11-27 11:43:27,826 - INFO - [The Hindu] Article: https://www.thehindu.com/news/national/andhra-pradesh/tirupati-laddu-ghee-adulteration-case-former-chairman-subba-reddy-says-he-is-ready-for-lie-detector-test/article70329649.ece
2025-11-27 11:43:27,826 - INFO - [The Hindu] Attempt 1/1: Trying with 'selenium_browser' strategy...
2025-11-27 11:43:28,620 - INFO - [Times of India] Page content loaded.
2025-11-27 11:43:29,124 - INFO - [Times of India] Success with 'selenium_browser'. Found content (482 words).
2025-11-27 11:43:29,293 - INFO - [The Hindu] Page content loaded.
2025-11-27 11:43:29,309 - INFO - Duplicate article skipped: 'Imran Khan is fully healthy': Pakistan jail rubbishes health rumours; Khawaja Asif says he’s getting ‘five-star treatment’ - The Times of India from Times of India
2025-11-27 11:43:29,462 - INFO - [The Hindu] Success with 'selenium_browser'. Found content (353 words).
2025-11-27 11:43:29,665 - INFO - Duplicate article skipped: Tirupati laddu ghee-adulteration case: Former chairman Subba Reddy says he is ready for lie-detector test - The Hindu from The Hindu
2025-11-27 11:43:30,152 - INFO - [Times of India] Article: https://timesofindia.indiatimes.com/world/most-populated-city-jakarta-tops-list-with-estimated-42-million-residents-replaces-tokyo/articleshow/125607920.cms
2025-11-27 11:43:30,152 - INFO - [Times of India] Attempt 1/1: Trying with 'selenium_browser' strategy...
2025-11-27 11:43:30,891 - INFO - [The Hindu] Article: https://www.thehindu.com/news/national/kerala/pinarayi-vijayan-urges-kerala-mps-to-secure-presidential-assent-for-wildlife-bill-to-address-human-wildlife-conflict/article70329888.ece
2025-11-27 11:43:30,891 - INFO - [The Hindu] Attempt 1/1: Trying with 'selenium_browser' strategy...
2025-11-27 11:43:33,041 - INFO - [The Hindu] Page content loaded.
2025-11-27 11:43:33,161 - INFO - [The Hindu] Success with 'selenium_browser'. Found content (550 words).
2025-11-27 11:43:33,330 - INFO - Duplicate article skipped: Pinarayi Vijayan urges Kerala MPs to secure Presidential assent for Wildlife Bill to address human-animal conflict - The Hindu from The Hindu
2025-11-27 11:43:33,533 - INFO - [Times of India] Page content loaded.
2025-11-27 11:43:33,727 - INFO - [Times of India] Success with 'selenium_browser'. Found content (360 words).
2025-11-27 11:43:33,798 - INFO - Duplicate article skipped: Most populated city: Jakarta tops list with estimated 42 million residents; replaces Tokyo - The Times of India from Times of India
2025-11-27 11:43:33,902 - INFO - [The Hindu] Article: https://www.thehindu.com/news/national/over-2-crore-aadhaar-numbers-deactivated-in-uidais-clean-up/article70329982.ece
2025-11-27 11:43:33,903 - INFO - [The Hindu] Attempt 1/1: Trying with 'selenium_browser' strategy...
2025-11-27 11:43:34,542 - INFO - [Times of India] Article: https://timesofindia.indiatimes.com/world/us/very-amerdican-vivek-ramaswamy-shares-lighthearted-moment-ahead-of-thanksgiving-responds-to-joke-on-his-indian-american-identity/articleshow/125606268.cms
2025-11-27 11:43:34,542 - INFO - [Times of India] Attempt 1/1: Trying with 'selenium_browser' strategy...
2025-11-27 11:43:36,526 - INFO - [Times of India] Page content loaded.
2025-11-27 11:43:36,938 - INFO - [Times of India] Success with 'selenium_browser'. Found content (282 words).
2025-11-27 11:43:36,983 - INFO - [The Hindu] Page content loaded.
2025-11-27 11:43:37,052 - INFO - Duplicate article skipped: ‘Very Amerdican’: Vivek Ramaswamy shares lighthearted moment ahead of Thanksgiving; responds to joke on his Indian-American identity - The Times of India from Times of India
2025-11-27 11:43:37,135 - INFO - [The Hindu] Success with 'selenium_browser'. Found content (317 words).
2025-11-27 11:43:37,336 - INFO - Duplicate article skipped: UIDAI deactivates over 2 crore deceased Aadhaar numbers as part of cleanup drive - The Hindu from The Hindu
2025-11-27 11:43:38,239 - INFO - [Times of India] Article: https://timesofindia.indiatimes.com/world/rest-of-world/watch-camera-dipped-into-japanese-drain-stuns-viewers-netizens-joke-phir-nobita-kis-gutter-mein-girta-tha/articleshow/125606571.cms
2025-11-27 11:43:38,239 - INFO - [Times of India] Attempt 1/1: Trying with 'selenium_browser' strategy...
2025-11-27 11:43:38,610 - INFO - [The Hindu] Article: https://www.thehindu.com/news/national/president-droupadi-murmu-addresses-inaugural-session-of-the-third-edition-of-chanakya-defence-dialogue/article70329830.ece
2025-11-27 11:43:38,610 - INFO - [The Hindu] Attempt 1/1: Trying with 'selenium_browser' strategy...
2025-11-27 11:43:39,540 - INFO - [The Hindu] Page content loaded.
2025-11-27 11:43:39,688 - INFO - [The Hindu] Success with 'selenium_browser'. Found content (598 words).
2025-11-27 11:43:39,785 - INFO - Duplicate article skipped: Armed forces exemplified professionalism and patriotism in guarding sovereignty, says Droupadi Murmu - The Hindu from The Hindu
2025-11-27 11:43:40,092 - INFO - [Times of India] Page content loaded.
2025-11-27 11:43:40,283 - INFO - [Times of India] Success with 'selenium_browser'. Found content (270 words).
2025-11-27 11:43:40,531 - INFO - Duplicate article skipped: Watch: Camera dipped into Japanese drain stuns viewers — netizens joke 'phir Nobita kis gutter mein girta tha?' - The Times of India from Times of India
2025-11-27 11:43:40,546 - INFO - [The Hindu] Article: https://www.thehindu.com/news/national/red-fort-blast-accused-jasir-bilal-wani-sent-to-7-day-nia-custody/article70329798.ece
2025-11-27 11:43:40,546 - INFO - [The Hindu] Attempt 1/1: Trying with 'selenium_browser' strategy...
2025-11-27 11:43:41,100 - INFO - [Times of India] Article: https://timesofindia.indiatimes.com/world/middle-east/emirates-offers-a-thanksgiving-menu-at-35000-feet-with-turkey-trimmings-and-nba-action-onboard/articleshow/125607062.cms
2025-11-27 11:43:41,100 - INFO - [Times of India] Attempt 1/1: Trying with 'selenium_browser' strategy...
2025-11-27 11:43:43,359 - INFO - [The Hindu] Page content loaded.
2025-11-27 11:43:43,471 - INFO - [The Hindu] Success with 'selenium_browser'. Found content (114 words).
2025-11-27 11:43:43,491 - INFO - [Times of India] Page content loaded.
2025-11-27 11:43:43,574 - INFO - Duplicate article skipped: Red Fort blast accused Jasir Bilal Wani sent to 7-day NIA custody - The Hindu from The Hindu
2025-11-27 11:43:43,803 - INFO - [Times of India] Success with 'selenium_browser'. Found content (453 words).
2025-11-27 11:43:43,952 - INFO - Duplicate article skipped: Emirates offers a Thanksgiving menu at 35,000 feet — with turkey trimmings and NBA action onboard | World News - The Times of India from Times of India
2025-11-27 11:43:44,222 - INFO - [The Hindu] Article: https://www.thehindu.com/news/national/global-firms-keen-on-partnering-with-india-in-spacetech-says-prime-minister-modi/article70329566.ece
2025-11-27 11:43:44,222 - INFO - [The Hindu] Attempt 1/1: Trying with 'selenium_browser' strategy...
2025-11-27 11:43:44,479 - INFO - [Times of India] Article: https://timesofindia.indiatimes.com/world/europe/holy-edm-pope-leo-blesses-slovakian-rave-moments-later-the-beat-drops-watch/articleshow/125605982.cms
2025-11-27 11:43:44,479 - INFO - [Times of India] Attempt 1/1: Trying with 'selenium_browser' strategy...
2025-11-27 11:43:47,928 - INFO - [The Hindu] Page content loaded.
2025-11-27 11:43:48,110 - INFO - [The Hindu] Success with 'selenium_browser'. Found content (653 words).
2025-11-27 11:43:48,312 - INFO - Duplicate article skipped: Global firms keen on partnering with India in spacetech, says Prime Minister Modi - The Hindu from The Hindu
2025-11-27 11:43:48,984 - INFO - [The Hindu] Article: https://www.thehindu.com/news/national/maharashtra/maharashtra-local-body-elections-sharad-pawar-raises-concern-about-leaders-alluring-voters-with-money/article70329759.ece
2025-11-27 11:43:48,984 - INFO - [The Hindu] Attempt 1/1: Trying with 'selenium_browser' strategy...
2025-11-27 11:44:49,008 - ERROR - [The Hindu] Request failed for strategy 'selenium_browser' on URL https://www.thehindu.com/news/national/maharashtra/maharashtra-local-body-elections-sharad-pawar-raises-concern-about-leaders-alluring-voters-with-money/article70329759.ece: Message: timeout: Timed out receiving message from renderer: 58.523
  (Session info: chrome=142.0.7444.162)
Stacktrace:
#0 0x5630d8f9332a <unknown>
#1 0x5630d89dfe4b <unknown>
#2 0x5630d89c7e0d <unknown>
#3 0x5630d89c7af0 <unknown>
#4 0x5630d89c58ff <unknown>
#5 0x5630d89c627f <unknown>
#6 0x5630d89d4ca3 <unknown>
#7 0x5630d89ee601 <unknown>
#8 0x5630d89f4e0b <unknown>
#9 0x5630d89c69bd <unknown>
#10 0x5630d89ee3a7 <unknown>
#11 0x5630d8a7f170 <unknown>
#12 0x5630d8a24c1a <unknown>
#13 0x5630d8a25921 <unknown>
#14 0x5630d8f5a239 <unknown>
#15 0x5630d8f5d1e8 <unknown>
#16 0x5630d8f434c9 <unknown>
#17 0x5630d8f5ddb5 <unknown>
#18 0x5630d8f2ae93 <unknown>
#19 0x5630d8f80098 <unknown>
#20 0x5630d8f80273 <unknown>
#21 0x5630d8f922c3 <unknown>
#22 0x7f496ec9caa4 <unknown>
#23 0x7f496ed29c6c <unknown>

2025-11-27 11:44:49,008 - ERROR - [The Hindu] All scrape strategies failed for https://www.thehindu.com/news/national/maharashtra/maharashtra-local-body-elections-sharad-pawar-raises-concern-about-leaders-alluring-voters-with-money/article70329759.ece. Falling back to RSS description.
2025-11-27 11:44:49,008 - INFO - Duplicate article skipped: Maharashtra local body elections: Sharad Pawar raises concern about leaders alluring voters with money from The Hindu
2025-11-27 11:44:50,481 - INFO - [The Hindu] Article: https://www.thehindu.com/news/cities/Delhi/us-embassy-thanks-cbi-for-busting-cybercrime-networks-targeting-its-citizens/article70329598.ece
2025-11-27 11:44:50,481 - INFO - [The Hindu] Attempt 1/1: Trying with 'selenium_browser' strategy...
2025-11-27 11:44:51,088 - INFO - [The Hindu] Page content loaded.
2025-11-27 11:44:51,247 - INFO - [The Hindu] Success with 'selenium_browser'. Found content (233 words).
2025-11-27 11:44:51,329 - INFO - Duplicate article skipped: U.S. Embassy thanks CBI for busting cybercrime networks targeting its citizens - The Hindu from The Hindu
2025-11-27 11:44:52,688 - INFO - [The Hindu] Article: https://www.thehindu.com/news/cities/Tiruchirapalli/woman-teacher-murdered-in-thanjavur/article70329461.ece
2025-11-27 11:44:52,688 - INFO - [The Hindu] Attempt 1/1: Trying with 'selenium_browser' strategy...
2025-11-27 11:44:54,887 - INFO - [The Hindu] Page content loaded.
2025-11-27 11:44:54,937 - INFO - [The Hindu] Success with 'selenium_browser'. Found content (186 words).
2025-11-27 11:44:55,273 - INFO - Duplicate article skipped: Woman teacher murdered in Thanjavur - The Hindu from The Hindu
2025-11-27 11:44:56,080 - INFO - [The Hindu] Article: https://www.thehindu.com/news/national/telangana/telangana-to-focus-on-strategy-anchored-in-three-pillars-in-its-journey-towards-us-3-trillion-economy/article70329469.ece
2025-11-27 11:44:56,080 - INFO - [The Hindu] Attempt 1/1: Trying with 'selenium_browser' strategy...
2025-11-27 11:44:57,843 - INFO - [The Hindu] Page content loaded.
2025-11-27 11:44:58,385 - INFO - [The Hindu] Success with 'selenium_browser'. Found content (602 words).
2025-11-27 11:44:58,511 - INFO - Duplicate article skipped: Telangana to focus on strategy anchored in three pillars in its journey towards US $3 trillion economy - The Hindu from The Hindu
2025-11-27 11:44:59,409 - INFO - [The Hindu] Article: https://www.thehindu.com/news/national/gujarat/gujarat-biotechnology-university-holds-second-convocation/article70326501.ece
2025-11-27 11:44:59,409 - INFO - [The Hindu] Attempt 1/1: Trying with 'selenium_browser' strategy...
2025-11-27 11:45:00,030 - INFO - [The Hindu] Page content loaded.
2025-11-27 11:45:00,072 - INFO - [The Hindu] Success with 'selenium_browser'. Found content (350 words).
2025-11-27 11:45:00,134 - INFO - Duplicate article skipped: Gujarat Biotechnology University holds second convocation - The Hindu from The Hindu
2025-11-27 11:45:00,978 - INFO - [The Hindu] Article: https://www.thehindu.com/news/national/kerala/cpim-panchayat-member-accused-of-assaulting-blo-in-keralas-kasaragod/article70329650.ece
2025-11-27 11:45:00,978 - INFO - [The Hindu] Attempt 1/1: Trying with 'selenium_browser' strategy...
2025-11-27 11:45:01,779 - INFO - [The Hindu] Page content loaded.
2025-11-27 11:45:01,848 - INFO - [The Hindu] Success with 'selenium_browser'. Found content (171 words).
2025-11-27 11:45:01,937 - INFO - Duplicate article skipped: CPI(M) panchayat member accused of assaulting BLO in Kerala’s Kasaragod - The Hindu from The Hindu
2025-11-27 11:45:02,897 - INFO - [The Hindu] Article: https://www.thehindu.com/news/national/maharashtra/illegal-sex-determination-centre-found-at-cattleshed-in-maharashtras-jalna-two-held/article70329366.ece
2025-11-27 11:45:02,897 - INFO - [The Hindu] Attempt 1/1: Trying with 'selenium_browser' strategy...
2025-11-27 11:45:03,994 - INFO - [The Hindu] Page content loaded.
2025-11-27 11:45:04,049 - INFO - [The Hindu] Success with 'selenium_browser'. Found content (307 words).
2025-11-27 11:45:04,114 - INFO - Duplicate article skipped: Illegal sex determination centre found at cattleshed in Maharashtra's Jalna; two held - The Hindu from The Hindu
2025-11-27 11:45:05,238 - INFO - [The Hindu] (Thread) Finished. Attempting to shut down its Selenium driver.
2025-11-27 11:45:05,447 - INFO - [The Hindu] (Thread) driver.quit() successful.
2025-11-27 11:45:44,503 - ERROR - [Times of India] Request failed for strategy 'selenium_browser' on URL https://timesofindia.indiatimes.com/world/europe/holy-edm-pope-leo-blesses-slovakian-rave-moments-later-the-beat-drops-watch/articleshow/125605982.cms: HTTPConnectionPool(host='localhost', port=34979): Read timed out. (read timeout=120)
2025-11-27 11:45:44,503 - ERROR - [Times of India] All scrape strategies failed for https://timesofindia.indiatimes.com/world/europe/holy-edm-pope-leo-blesses-slovakian-rave-moments-later-the-beat-drops-watch/articleshow/125605982.cms. Falling back to RSS description.
2025-11-27 11:45:44,504 - INFO - Duplicate article skipped: Holy EDM! Pope Leo blesses Slovakian rave, moments later, the beat drops — watch from Times of India
2025-11-27 11:45:45,916 - INFO - [Times of India] Article: https://timesofindia.indiatimes.com/world/us/american-dream-or-trap-green-card-interviews-ending-in-handcuffs-ice-detaining-applicants/articleshow/125605192.cms
2025-11-27 11:45:45,916 - INFO - [Times of India] Attempt 1/1: Trying with 'selenium_browser' strategy...
2025-11-27 11:47:08,432 - CRITICAL - --- TIMEOUT: 1 scrape jobs did not complete in 300s. ---
2025-11-27 11:47:08,432 - ERROR - A thread has timed out and will be abandoned.
2025-11-27 11:47:08,432 - INFO - Shutting down thread pool (wait=False)...
2025-11-27 11:47:08,432 - INFO - Scraped: 3 The Hindu, 0 The Guardian, 0 BBC, 1 Timed_Out_Jobs articles. (Total saved: 3)
2025-11-27 11:47:08,432 - INFO - --- Scraping job finished ---
2025-11-27 11:47:08,432 - INFO - --- Scraper service stopped and database connection closed. ---
2025-11-27 11:47:08,432 - INFO - --- Main thread finished. Forcing process exit to kill zombie threads. ---
