2025-11-29 09:42:40,300 - INFO - Loading AI Semantic Model (all-MiniLM-L6-v2)...
2025-11-29 09:42:40,301 - INFO - Use pytorch device_name: cpu
2025-11-29 09:42:40,301 - INFO - Load pretrained SentenceTransformer: all-MiniLM-L6-v2
2025-11-29 09:42:41,488 - INFO - AI Model loaded successfully.
2025-11-29 09:42:41,488 - INFO - Initializing database connection at: news_articles.db
2025-11-29 09:42:41,488 - INFO - --- Scraper service started (CI Mode: Run Once) ---
2025-11-29 09:42:41,488 - INFO - --- Starting new scraping job (Parallel Mode) ---
2025-11-29 09:42:41,488 - INFO - Creating new robust session with 3 retries on 5xx/connection/read errors.
2025-11-29 09:42:41,488 - INFO - Proxy is DISABLED.
2025-11-29 09:42:41,489 - INFO - Starting scrape for BBC RSS feed: http://feeds.bbci.co.uk/news/world/rss.xml
2025-11-29 09:42:41,490 - INFO - [Times of India] (Thread) requires Selenium. Initializing driver...
2025-11-29 09:42:41,490 - INFO - Initializing headless Selenium Chrome driver (using SeleniumManager)...
2025-11-29 09:42:41,490 - INFO - Starting scrape for The Guardian RSS feed: https://www.theguardian.com/world/rss
2025-11-29 09:42:41,492 - INFO - [The Hindu] (Thread) requires Selenium. Initializing driver...
2025-11-29 09:42:41,492 - INFO - Initializing headless Selenium Chrome driver (using SeleniumManager)...
2025-11-29 09:42:41,492 - INFO - Submitted 4 jobs to thread pool. Waiting up to 300s for completion...
2025-11-29 09:42:41,634 - INFO - Found 26 articles in BBC RSS feed. Processing up to 20.
2025-11-29 09:42:41,634 - INFO - [BBC] Article: https://www.bbc.com/news/articles/cdxweyy157go?at_medium=RSS&at_campaign=rss
2025-11-29 09:42:41,634 - INFO - [BBC] Attempt 1/1: Trying with 'requests_browser' strategy...
2025-11-29 09:42:41,691 - INFO - Found 45 articles in The Guardian RSS feed. Processing up to 20.
2025-11-29 09:42:41,691 - INFO - [The Guardian] Article: https://www.theguardian.com/world/2025/nov/28/jacob-zuma-daughter-resigns-claims-south-africans-tricked-fight-russia
2025-11-29 09:42:41,691 - INFO - [The Guardian] Attempt 1/1: Trying with 'requests_browser' strategy...
2025-11-29 09:42:41,721 - INFO - [The Guardian] Success with 'requests_browser'. Found content (753 words).
2025-11-29 09:42:41,752 - INFO - Duplicate article skipped: Jacob Zuma’s daughter resigns amid claims South Africans tricked to fight for Russia | South Africa | The Guardian from The Guardian
2025-11-29 09:42:41,907 - INFO - [BBC] Success with 'requests_browser'. Found content (803 words).
2025-11-29 09:42:41,957 - INFO - Duplicate article skipped: US halts all asylum claim decisions in wake of National Guard shooting from BBC
2025-11-29 09:42:42,647 - INFO - [BBC] Article: https://www.bbc.com/news/articles/c8e9d13x2z7o?at_medium=RSS&at_campaign=rss
2025-11-29 09:42:42,648 - INFO - [BBC] Attempt 1/1: Trying with 'requests_browser' strategy...
2025-11-29 09:42:42,811 - INFO - [BBC] Success with 'requests_browser'. Found content (781 words).
2025-11-29 09:42:42,838 - INFO - Duplicate article skipped: Flights disrupted after Airbus discovers intense sun radiation could impact flight control data from BBC
2025-11-29 09:42:43,087 - INFO - [The Guardian] Article: https://www.theguardian.com/environment/2025/nov/28/africa-forests-transformed-carbon-sink-carbon-source-study
2025-11-29 09:42:43,087 - INFO - [The Guardian] Attempt 1/1: Trying with 'requests_browser' strategy...
2025-11-29 09:42:43,114 - INFO - [The Guardian] Success with 'requests_browser'. Found content (458 words).
2025-11-29 09:42:43,146 - INFO - Duplicate article skipped: Africa’s forests transformed from carbon sink to carbon source, study finds | Climate crisis | The Guardian from The Guardian
2025-11-29 09:42:43,615 - INFO - [BBC] Article: https://www.bbc.com/news/articles/ckg9nd2wddno?at_medium=RSS&at_campaign=rss
2025-11-29 09:42:43,615 - INFO - [BBC] Attempt 1/1: Trying with 'requests_browser' strategy...
2025-11-29 09:42:43,704 - INFO - [The Guardian] Article: https://www.theguardian.com/world/2025/nov/26/guinea-bissau-officers-take-total-control-close-borders-amid-election-chaos
2025-11-29 09:42:43,704 - INFO - [The Guardian] Attempt 1/1: Trying with 'requests_browser' strategy...
2025-11-29 09:42:43,816 - INFO - [BBC] Success with 'requests_browser'. Found content (928 words).
2025-11-29 09:42:43,847 - INFO - Duplicate article skipped: Zelensky's chief of staff Andriy Yermak resigns after anti-corruption raid from BBC
2025-11-29 09:42:43,863 - INFO - [The Guardian] Success with 'requests_browser'. Found content (412 words).
2025-11-29 09:42:43,894 - INFO - Duplicate article skipped: Guinea-Bissau military takes ‘total control’ amid election chaos | Guinea-Bissau | The Guardian from The Guardian
2025-11-29 09:42:44,497 - INFO - [The Guardian] Article: https://www.theguardian.com/world/2025/nov/25/nigerian-schoolgirls-rescued-after-mass-abduction-in-kebbi
2025-11-29 09:42:44,497 - INFO - [The Guardian] Attempt 1/1: Trying with 'requests_browser' strategy...
2025-11-29 09:42:44,528 - INFO - [The Guardian] Success with 'requests_browser'. Found content (515 words).
2025-11-29 09:42:44,666 - INFO - [BBC] Article: https://www.bbc.com/news/articles/clyzdxyjx2eo?at_medium=RSS&at_campaign=rss
2025-11-29 09:42:44,671 - INFO - [BBC] Attempt 1/1: Trying with 'requests_browser' strategy...
2025-11-29 09:42:44,694 - INFO - Duplicate article skipped: Nigerian schoolgirls rescued after mass abduction in Kebbi | Nigeria | The Guardian from The Guardian
2025-11-29 09:42:44,853 - INFO - [BBC] Success with 'requests_browser'. Found content (1524 words).
2025-11-29 09:42:44,889 - INFO - Duplicate article skipped: Are UK Christmas markets as good as German ones? Here's what we found from BBC
2025-11-29 09:42:45,721 - INFO - [BBC] Article: https://www.bbc.com/news/articles/c8dy9lne2plo?at_medium=RSS&at_campaign=rss
2025-11-29 09:42:45,722 - INFO - [BBC] Attempt 1/1: Trying with 'requests_browser' strategy...
2025-11-29 09:42:46,027 - INFO - [BBC] Success with 'requests_browser'. Found content (459 words).
2025-11-29 09:42:46,049 - INFO - [The Guardian] Article: https://www.theguardian.com/world/2025/nov/25/jacob-zuma-daughter-accused-tricking-men-fighting-for-russia-in-ukraine
2025-11-29 09:42:46,054 - INFO - [The Guardian] Attempt 1/1: Trying with 'requests_browser' strategy...
2025-11-29 09:42:46,061 - INFO - Duplicate article skipped: Three days of mourning begins after Hong Kong apartment fire from BBC
2025-11-29 09:42:46,518 - INFO - [The Guardian] Success with 'requests_browser'. Found content (656 words).
2025-11-29 09:42:46,556 - INFO - Duplicate article skipped: Jacob Zuma’s daughter accused of tricking men into fighting for Russia in Ukraine | South Africa | The Guardian from The Guardian
2025-11-29 09:42:46,837 - INFO - [BBC] Article: https://www.bbc.com/news/articles/c1kpm0rvxepo?at_medium=RSS&at_campaign=rss
2025-11-29 09:42:46,837 - INFO - [BBC] Attempt 1/1: Trying with 'requests_browser' strategy...
2025-11-29 09:42:47,074 - INFO - [BBC] Success with 'requests_browser'. Found content (496 words).
2025-11-29 09:42:47,105 - INFO - Duplicate article skipped: Trump says he will pardon ex-Honduras president convicted of drug trafficking from BBC
2025-11-29 09:42:47,594 - INFO - [The Guardian] Article: https://www.theguardian.com/world/2025/nov/29/uk-mps-extra-aid-humanitarian-visas-jamaica-hurricane-melissa-dawn-butler
2025-11-29 09:42:47,594 - INFO - [The Guardian] Attempt 1/1: Trying with 'requests_browser' strategy...
2025-11-29 09:42:47,625 - INFO - [The Guardian] Success with 'requests_browser'. Found content (873 words).
2025-11-29 09:42:47,662 - INFO - Duplicate article skipped: UK MPs push for extra aid and visas as Jamaica reels from Hurricane Melissa | Jamaica | The Guardian from The Guardian
2025-11-29 09:42:48,437 - INFO - [BBC] Article: https://www.bbc.com/news/articles/cz0nlxlr87go?at_medium=RSS&at_campaign=rss
2025-11-29 09:42:48,437 - INFO - [BBC] Attempt 1/1: Trying with 'requests_browser' strategy...
2025-11-29 09:42:48,827 - INFO - [BBC] Success with 'requests_browser'. Found content (591 words).
2025-11-29 09:42:48,858 - INFO - Duplicate article skipped: Guinea-Bissau coup was a sham, West African political figures say from BBC
2025-11-29 09:42:48,917 - INFO - [The Guardian] Article: https://www.theguardian.com/us-news/2025/nov/28/trump-pardon-honduras-hernandez-drugs
2025-11-29 09:42:48,918 - INFO - [The Guardian] Attempt 1/1: Trying with 'requests_browser' strategy...
2025-11-29 09:42:48,944 - INFO - [The Guardian] Success with 'requests_browser'. Found content (560 words).
2025-11-29 09:42:48,974 - INFO - Duplicate article skipped: Trump to pardon ex-Honduras leader serving drug trafficking sentence in US | Donald Trump | The Guardian from The Guardian
2025-11-29 09:42:49,926 - INFO - [BBC] Article: https://www.bbc.com/news/articles/c058lny3pdqo?at_medium=RSS&at_campaign=rss
2025-11-29 09:42:49,926 - INFO - [BBC] Attempt 1/1: Trying with 'requests_browser' strategy...
2025-11-29 09:42:50,252 - INFO - [The Guardian] Article: https://www.theguardian.com/us-news/2025/nov/28/college-student-deported-boston-flight-thanksgiving
2025-11-29 09:42:50,252 - INFO - [The Guardian] Attempt 1/1: Trying with 'requests_browser' strategy...
2025-11-29 09:42:50,277 - INFO - [The Guardian] Success with 'requests_browser'. Found content (274 words).
2025-11-29 09:42:50,308 - INFO - Duplicate article skipped: College student deported when flying home for Thanksgiving, despite court order | ICE (US Immigration and Customs Enforcement) | The Guardian from The Guardian
2025-11-29 09:42:50,434 - INFO - [BBC] Success with 'requests_browser'. Found content (863 words).
2025-11-29 09:42:50,468 - INFO - Duplicate article skipped: Hungary's Orban defies EU partners and meets Putin again in Moscow from BBC
2025-11-29 09:42:50,847 - INFO - Selenium driver initialized successfully.
2025-11-29 09:42:50,847 - INFO - Starting scrape for Times of India RSS feed: https://timesofindia.indiatimes.com/rssfeeds/296589292.cms
2025-11-29 09:42:50,847 - INFO - Selenium driver initialized successfully.
2025-11-29 09:42:50,847 - INFO - Starting scrape for The Hindu RSS feed: https://www.thehindu.com/news/national/feeder/default.rss
2025-11-29 09:42:51,026 - INFO - Found 20 articles in Times of India RSS feed. Processing up to 20.
2025-11-29 09:42:51,026 - INFO - [Times of India] Article: https://timesofindia.indiatimes.com/world/us/skinny-pale-with-sunken-eyes-palestinian-american-teen-freed-after-9-months-in-israeli-detention-video/articleshow/125653244.cms
2025-11-29 09:42:51,026 - INFO - [Times of India] Attempt 1/1: Trying with 'selenium_browser' strategy...
2025-11-29 09:42:51,065 - INFO - [The Guardian] Article: https://www.theguardian.com/world/2025/nov/28/quebec-prayer-law-canada
2025-11-29 09:42:51,065 - INFO - [The Guardian] Attempt 1/1: Trying with 'requests_browser' strategy...
2025-11-29 09:42:51,091 - INFO - [The Guardian] Success with 'requests_browser'. Found content (539 words).
2025-11-29 09:42:51,121 - INFO - Duplicate article skipped: Quebec to ban public prayer in sweeping new secularism law | Quebec | The Guardian from The Guardian
2025-11-29 09:42:51,241 - INFO - Found 100 articles in The Hindu RSS feed. Processing up to 20.
2025-11-29 09:42:51,241 - INFO - [The Hindu] Article: https://www.thehindu.com/news/national/delhi-court-extends-gangster-anmol-bishnois-nia-custody-till-december-5/article70338065.ece
2025-11-29 09:42:51,241 - INFO - [The Hindu] Attempt 1/1: Trying with 'selenium_browser' strategy...
2025-11-29 09:42:51,846 - INFO - [BBC] Article: https://www.bbc.com/news/articles/cp89k31krz4o?at_medium=RSS&at_campaign=rss
2025-11-29 09:42:51,846 - INFO - [BBC] Attempt 1/1: Trying with 'requests_browser' strategy...
2025-11-29 09:42:52,214 - INFO - [BBC] Success with 'requests_browser'. Found content (485 words).
2025-11-29 09:42:52,258 - INFO - Duplicate article skipped: Thirteen killed in deadliest Israeli raid for months in southern Syria from BBC
2025-11-29 09:42:52,463 - INFO - [The Guardian] Article: https://www.theguardian.com/world/2025/nov/28/haida-nation-mark-carney-pipe-dream-oil-energy
2025-11-29 09:42:52,464 - INFO - [The Guardian] Attempt 1/1: Trying with 'requests_browser' strategy...
2025-11-29 09:42:52,504 - INFO - [The Guardian] Success with 'requests_browser'. Found content (1103 words).
2025-11-29 09:42:52,551 - INFO - Duplicate article skipped: ‘Not going to happen’: First Nations threaten to end Carney’s pipe dream | Canada | The Guardian from The Guardian
2025-11-29 09:42:53,112 - INFO - [The Guardian] Article: https://www.theguardian.com/world/2025/nov/29/indonesia-and-thailand-flooding-death-toll-tops-350-as-rescuers-struggle-to-reach-worst-hit-areas
2025-11-29 09:42:53,112 - INFO - [The Guardian] Attempt 1/1: Trying with 'requests_browser' strategy...
2025-11-29 09:42:53,149 - INFO - [The Guardian] Success with 'requests_browser'. Found content (507 words).
2025-11-29 09:42:53,183 - INFO - Duplicate article skipped: Indonesia and Thailand flooding death toll tops 350 as rescuers struggle to reach worst-hit areas | Indonesia | The Guardian from The Guardian
2025-11-29 09:42:53,472 - INFO - [BBC] Article: https://www.bbc.com/news/articles/c0l9z176lnlo?at_medium=RSS&at_campaign=rss
2025-11-29 09:42:53,472 - INFO - [BBC] Attempt 1/1: Trying with 'requests_browser' strategy...
2025-11-29 09:42:53,990 - INFO - [BBC] Success with 'requests_browser'. Found content (678 words).
2025-11-29 09:42:54,098 - INFO - Duplicate article skipped: Austrian nuns win reprieve in abandoned convent - if they stay off social media from BBC
2025-11-29 09:42:54,552 - INFO - [The Guardian] Article: https://www.theguardian.com/news/2025/nov/29/hong-kong-begins-three-days-of-mourning-after-deadly-apartment-fires
2025-11-29 09:42:54,552 - INFO - [The Guardian] Attempt 1/1: Trying with 'requests_browser' strategy...
2025-11-29 09:42:54,606 - INFO - [The Guardian] Success with 'requests_browser'. Found content (679 words).
2025-11-29 09:42:54,671 - INFO - Duplicate article skipped: Hong Kong begins three days of mourning after deadly apartment fires | Hong Kong apartment fires | The Guardian from The Guardian
2025-11-29 09:42:55,284 - INFO - [BBC] Article: https://www.bbc.com/news/articles/c0q5w8l88dvo?at_medium=RSS&at_campaign=rss
2025-11-29 09:42:55,285 - INFO - [BBC] Attempt 1/1: Trying with 'requests_browser' strategy...
2025-11-29 09:42:55,508 - INFO - [BBC] Success with 'requests_browser'. Found content (712 words).
2025-11-29 09:42:55,709 - INFO - [The Guardian] Article: https://www.theguardian.com/news/2025/nov/28/hong-kong-apartment-fire-response-rescue-operations-death-toll
2025-11-29 09:42:55,709 - INFO - [The Guardian] Attempt 1/1: Trying with 'requests_browser' strategy...
2025-11-29 09:42:55,779 - INFO - Duplicate article skipped: Afghans in US issue plea to Trump after 'tragic' Washington DC shooting from BBC
2025-11-29 09:42:55,822 - INFO - [The Guardian] Success with 'requests_browser'. Found content (1000 words).
2025-11-29 09:42:55,936 - INFO - Duplicate article skipped: Rescue efforts end at Hong Kong tower block fire as death toll reaches 128 | Hong Kong apartment fires | The Guardian from The Guardian
2025-11-29 09:42:56,429 - INFO - [BBC] Article: https://www.bbc.com/news/articles/ckglrdg6kz7o?at_medium=RSS&at_campaign=rss
2025-11-29 09:42:56,430 - INFO - [BBC] Attempt 1/1: Trying with 'requests_browser' strategy...
2025-11-29 09:42:56,783 - INFO - [BBC] Success with 'requests_browser'. Found content (639 words).
2025-11-29 09:42:56,836 - INFO - Duplicate article skipped: UN panel says Israel operating 'de facto policy of torture' from BBC
2025-11-29 09:42:57,367 - INFO - [The Guardian] Article: https://www.theguardian.com/news/2025/nov/28/hong-kong-community-groups-deliver-aid-to-survivors-of-wang-fuk-court-fire
2025-11-29 09:42:57,367 - INFO - [The Guardian] Attempt 1/1: Trying with 'requests_browser' strategy...
2025-11-29 09:42:57,469 - INFO - [BBC] Article: https://www.bbc.com/news/articles/cx2dndy228xo?at_medium=RSS&at_campaign=rss
2025-11-29 09:42:57,469 - INFO - [BBC] Attempt 1/1: Trying with 'requests_browser' strategy...
2025-11-29 09:42:57,524 - INFO - [The Guardian] Success with 'requests_browser'. Found content (687 words).
2025-11-29 09:42:57,777 - INFO - [BBC] Success with 'requests_browser'. Found content (1379 words).
2025-11-29 09:42:57,782 - INFO - Duplicate article skipped: Hong Kong community groups deliver aid to survivors of Wang Fuk Court fire | Hong Kong apartment fires | The Guardian from The Guardian
2025-11-29 09:42:57,902 - INFO - Duplicate article skipped: Duduzile Zuma-Sambudla resigns as South African MP over Russia mercenary recruitment scandal from BBC
2025-11-29 09:42:58,296 - INFO - [The Hindu] Page content loaded.
2025-11-29 09:42:58,491 - INFO - [The Hindu] Success with 'selenium_browser'. Found content (151 words).
2025-11-29 09:42:58,826 - INFO - [The Guardian] Article: https://www.theguardian.com/world/2025/nov/28/bear-attacks-man-public-toilet-japan
2025-11-29 09:42:58,826 - INFO - [The Guardian] Attempt 1/1: Trying with 'requests_browser' strategy...
2025-11-29 09:42:59,027 - INFO - [The Guardian] Success with 'requests_browser'. Found content (373 words).
2025-11-29 09:42:59,277 - INFO - [BBC] Article: https://www.bbc.com/news/articles/c0q5w13e58zo?at_medium=RSS&at_campaign=rss
2025-11-29 09:42:59,278 - INFO - [BBC] Attempt 1/1: Trying with 'requests_browser' strategy...
2025-11-29 09:42:59,620 - INFO - [BBC] Success with 'requests_browser'. Found content (422 words).
2025-11-29 09:43:17,622 - INFO - Saved article: Delhi court extends gangster Anmol Bishnoi's NIA custody till December 5 - The Hindu from The Hindu
2025-11-29 09:43:17,622 - INFO - Duplicate article skipped: Bear attacks man in public toilet in Japan | Japan | The Guardian from The Guardian
2025-11-29 09:43:17,622 - INFO - Duplicate article skipped: Lightning detected on Mars by Nasa rover, scientists believe from BBC
2025-11-29 09:43:18,248 - INFO - [The Guardian] Article: https://www.theguardian.com/australia-news/2025/nov/29/australian-prime-minister-anthony-albanese-marries-jodie-haydon-wedding-canberra
2025-11-29 09:43:18,248 - INFO - [The Guardian] Attempt 1/1: Trying with 'requests_browser' strategy...
2025-11-29 09:43:18,294 - INFO - [The Guardian] Success with 'requests_browser'. Found content (794 words).
2025-11-29 09:43:18,340 - INFO - Duplicate article skipped: Australian prime minister, Anthony Albanese, marries partner Jodie Haydon | Anthony Albanese | The Guardian from The Guardian
2025-11-29 09:43:18,352 - INFO - [The Hindu] Article: https://www.thehindu.com/news/cities/Coimbatore/nilgiris-tahr-interpretation-centre-to-come-up-at-gandhipuram/article70337894.ece
2025-11-29 09:43:18,352 - INFO - [The Hindu] Attempt 1/1: Trying with 'selenium_browser' strategy...
2025-11-29 09:43:18,680 - INFO - [BBC] Article: https://www.bbc.com/news/articles/c0r9qzrxdwwo?at_medium=RSS&at_campaign=rss
2025-11-29 09:43:18,680 - INFO - [BBC] Attempt 1/1: Trying with 'requests_browser' strategy...
2025-11-29 09:43:18,764 - INFO - [BBC] Success with 'requests_browser'. Found content (448 words).
2025-11-29 09:43:18,876 - INFO - Duplicate article skipped: Tunisia hands prison terms to dozens of opposition figures from BBC
2025-11-29 09:43:19,543 - INFO - [BBC] Article: https://www.bbc.com/news/articles/cy7v6xl4me8o?at_medium=RSS&at_campaign=rss
2025-11-29 09:43:19,543 - INFO - [BBC] Attempt 1/1: Trying with 'requests_browser' strategy...
2025-11-29 09:43:19,565 - INFO - [The Guardian] Article: https://www.theguardian.com/business/2025/nov/29/jetstar-cancel-domestic-flights-australia-global-airbus-a320-recall
2025-11-29 09:43:19,565 - INFO - [The Guardian] Attempt 1/1: Trying with 'requests_browser' strategy...
2025-11-29 09:43:19,604 - INFO - [The Guardian] Success with 'requests_browser'. Found content (880 words).
2025-11-29 09:43:19,661 - INFO - Duplicate article skipped: Jetstar cancels 90 domestic flights across Australia after global Airbus A320 recall | Airbus | The Guardian from The Guardian
2025-11-29 09:43:19,734 - INFO - [BBC] Success with 'requests_browser'. Found content (1447 words).
2025-11-29 09:43:19,776 - INFO - Duplicate article skipped: Why the rich and powerful couldn't say no to Epstein from BBC
2025-11-29 09:43:19,850 - INFO - [The Hindu] Page content loaded.
2025-11-29 09:43:19,943 - INFO - [The Hindu] Success with 'selenium_browser'. Found content (264 words).
2025-11-29 09:43:21,060 - INFO - [The Guardian] Article: https://www.theguardian.com/australia-news/2025/nov/28/virginia-giuffres-sons-deny-unsigned-document-is-their-mothers-will
2025-11-29 09:43:21,060 - INFO - [The Guardian] Attempt 1/1: Trying with 'requests_browser' strategy...
2025-11-29 09:43:21,160 - INFO - [The Guardian] Success with 'requests_browser'. Found content (777 words).
2025-11-29 09:43:21,194 - INFO - [BBC] Article: https://www.bbc.com/news/articles/c1dz36ep673o?at_medium=RSS&at_campaign=rss
2025-11-29 09:43:21,194 - INFO - [BBC] Attempt 1/1: Trying with 'requests_browser' strategy...
2025-11-29 09:43:22,569 - INFO - [BBC] Success with 'requests_browser'. Found content (1327 words).
2025-11-29 09:43:30,065 - INFO - Saved article: Nilgiris Tahr Interpretation Centre to come up at Gandhipuram - The Hindu from The Hindu
2025-11-29 09:43:30,066 - INFO - Duplicate article skipped: Virginia Giuffre’s sons deny unsigned document is their mother’s will | Western Australia | The Guardian from The Guardian
2025-11-29 09:43:30,066 - INFO - Duplicate article skipped: Donald Trump pledges to tackle Sudan atrocities - what difference can he make? from BBC
2025-11-29 09:43:30,572 - INFO - [BBC] Article: https://www.bbc.com/news/articles/cly3e1261dko?at_medium=RSS&at_campaign=rss
2025-11-29 09:43:30,572 - INFO - [BBC] Attempt 1/1: Trying with 'requests_browser' strategy...
2025-11-29 09:43:30,809 - INFO - [BBC] Success with 'requests_browser'. Found content (1237 words).
2025-11-29 09:43:30,844 - INFO - Duplicate article skipped: How were Afghan evacuees vetted under Biden? from BBC
2025-11-29 09:43:31,453 - INFO - [The Guardian] Article: https://www.theguardian.com/australia-news/2025/nov/29/mineral-sunscreens-australia-identical-to-others
2025-11-29 09:43:31,453 - INFO - [The Guardian] Attempt 1/1: Trying with 'requests_browser' strategy...
2025-11-29 09:43:31,490 - INFO - [The Hindu] Article: https://www.thehindu.com/business/Industry/air-india-is-a-responsibility-not-just-a-business-opportunity-for-tata-group-n-chandrasekaran/article70338074.ece
2025-11-29 09:43:31,490 - INFO - [The Hindu] Attempt 1/1: Trying with 'selenium_browser' strategy...
2025-11-29 09:43:31,645 - INFO - [The Guardian] Success with 'requests_browser'. Found content (932 words).
2025-11-29 09:43:31,653 - INFO - [BBC] Article: https://www.bbc.com/news/articles/cn8e5j20g27o?at_medium=RSS&at_campaign=rss
2025-11-29 09:43:31,658 - INFO - [BBC] Attempt 1/1: Trying with 'requests_browser' strategy...
2025-11-29 09:43:31,720 - INFO - Duplicate article skipped: ‘Mineral’ sunscreens marketed to Australians contain almost identical chemicals as others, testing shows | Consumer affairs | The Guardian from The Guardian
2025-11-29 09:43:31,946 - INFO - [BBC] Success with 'requests_browser'. Found content (805 words).
2025-11-29 09:43:32,206 - INFO - Duplicate article skipped: Hong Kong fire: Anger and unanswered questions from BBC
2025-11-29 09:43:32,482 - INFO - [The Hindu] Page content loaded.
2025-11-29 09:43:32,483 - INFO - [The Guardian] Article: https://www.theguardian.com/australia-news/2025/nov/29/exclusive-gun-club-linked-to-andrew-hastie-awarded-almost-20000-in-government-grants
2025-11-29 09:43:32,484 - INFO - [The Guardian] Attempt 1/1: Trying with 'requests_browser' strategy...
2025-11-29 09:43:32,556 - INFO - [The Hindu] Success with 'selenium_browser'. Found content (272 words).
2025-11-29 09:43:32,634 - INFO - Duplicate article skipped: Air India is a responsibility not just a business opportunity for Tata Group: N. Chandrasekaran - The Hindu from The Hindu
2025-11-29 09:43:32,683 - INFO - [The Guardian] Success with 'requests_browser'. Found content (715 words).
2025-11-29 09:43:32,750 - INFO - Duplicate article skipped: Exclusive gun club linked to Andrew Hastie awarded almost $20,000 in government grants | Andrew Hastie | The Guardian from The Guardian
2025-11-29 09:43:33,366 - INFO - [BBC] Article: https://www.bbc.com/news/articles/c4g4jlgdyjdo?at_medium=RSS&at_campaign=rss
2025-11-29 09:43:33,366 - INFO - [BBC] Attempt 1/1: Trying with 'requests_browser' strategy...
2025-11-29 09:43:33,814 - INFO - [BBC] Success with 'requests_browser'. Found content (2091 words).
2025-11-29 09:43:33,932 - INFO - Duplicate article skipped: Nigeria's security crises: A guide to the different groups causing chaos from BBC
2025-11-29 09:43:34,104 - INFO - [The Hindu] Article: https://www.thehindu.com/news/national/assam/assam-mla-suspended-from-assembly-for-disrupting-proceedings/article70337878.ece
2025-11-29 09:43:34,104 - INFO - [The Hindu] Attempt 1/1: Trying with 'selenium_browser' strategy...
2025-11-29 09:43:35,170 - INFO - [The Hindu] Page content loaded.
2025-11-29 09:43:35,364 - INFO - [The Hindu] Success with 'selenium_browser'. Found content (168 words).
2025-11-29 09:43:35,420 - INFO - Duplicate article skipped: Assam MLA suspended from Assembly for disrupting proceedings - The Hindu from The Hindu
2025-11-29 09:43:36,146 - INFO - [The Hindu] Article: https://www.thehindu.com/news/national/andhra-pradesh/pawan-kalyan-tells-jana-sena-party-mps-to-raise-issues-related-to-andhra-pradesh-in-parliament/article70337555.ece
2025-11-29 09:43:36,147 - INFO - [The Hindu] Attempt 1/1: Trying with 'selenium_browser' strategy...
2025-11-29 09:43:36,951 - INFO - [The Hindu] Page content loaded.
2025-11-29 09:43:36,995 - INFO - [The Hindu] Success with 'selenium_browser'. Found content (169 words).
2025-11-29 09:43:45,412 - INFO - Saved article: Pawan Kalyan tells Jana Sena party MPs to raise issues related to Andhra Pradesh in Parliament - The Hindu from The Hindu
2025-11-29 09:43:46,417 - INFO - [The Hindu] Article: https://www.thehindu.com/business/Economy/government-reforms-manufacturing-push-lift-q2-growth-to-82-goyal/article70338025.ece
2025-11-29 09:43:46,417 - INFO - [The Hindu] Attempt 1/1: Trying with 'selenium_browser' strategy...
2025-11-29 09:43:47,192 - INFO - [The Hindu] Page content loaded.
2025-11-29 09:43:47,271 - INFO - [The Hindu] Success with 'selenium_browser'. Found content (372 words).
2025-11-29 09:43:47,341 - INFO - Duplicate article skipped: Government reforms, manufacturing push lift Q2 growth to 8.2%: Goyal - The Hindu from The Hindu
2025-11-29 09:43:48,505 - INFO - [The Hindu] Article: https://www.thehindu.com/news/national/kerala/munambam-waqf-land-protest-in-kerala-to-end-on-november-30-differences-emerge-among-agitators/article70337977.ece
2025-11-29 09:43:48,505 - INFO - [The Hindu] Attempt 1/1: Trying with 'selenium_browser' strategy...
2025-11-29 09:44:51,119 - ERROR - [Times of India] Request failed for strategy 'selenium_browser' on URL https://timesofindia.indiatimes.com/world/us/skinny-pale-with-sunken-eyes-palestinian-american-teen-freed-after-9-months-in-israeli-detention-video/articleshow/125653244.cms: HTTPConnectionPool(host='localhost', port=44345): Read timed out. (read timeout=120)
2025-11-29 09:44:51,119 - ERROR - [Times of India] All scrape strategies failed for https://timesofindia.indiatimes.com/world/us/skinny-pale-with-sunken-eyes-palestinian-american-teen-freed-after-9-months-in-israeli-detention-video/articleshow/125653244.cms. Falling back to RSS description.
2025-11-29 09:44:51,119 - INFO - Duplicate article skipped: 'Skinny, pale, with sunken eyes': Palestinian-American teen freed after 9 months in Israeli detention — video from Times of India
2025-11-29 09:44:51,709 - INFO - [Times of India] Article: https://timesofindia.indiatimes.com/world/middle-east/how-to-enter-the-uaes-most-exclusive-golden-visa-circle-through-superyacht-ownership/articleshow/125652070.cms
2025-11-29 09:44:51,709 - INFO - [Times of India] Attempt 1/1: Trying with 'selenium_browser' strategy...
2025-11-29 09:45:48,594 - ERROR - [The Hindu] Request failed for strategy 'selenium_browser' on URL https://www.thehindu.com/news/national/kerala/munambam-waqf-land-protest-in-kerala-to-end-on-november-30-differences-emerge-among-agitators/article70337977.ece: HTTPConnectionPool(host='localhost', port=57919): Read timed out. (read timeout=120)
2025-11-29 09:45:48,594 - ERROR - [The Hindu] All scrape strategies failed for https://www.thehindu.com/news/national/kerala/munambam-waqf-land-protest-in-kerala-to-end-on-november-30-differences-emerge-among-agitators/article70337977.ece. Falling back to RSS description.
2025-11-29 09:45:48,595 - INFO - Duplicate article skipped: Munambam Waqf land protest in Kerala to end on November 30; differences emerge among agitators from The Hindu
2025-11-29 09:45:49,445 - INFO - [The Hindu] Article: https://www.thehindu.com/news/national/goa/goa-zilla-panchayat-elections-on-december-20-868-lakh-voters-to-decide-50-seats-as-mcc-comes-into-force/article70337933.ece
2025-11-29 09:45:49,445 - INFO - [The Hindu] Attempt 1/1: Trying with 'selenium_browser' strategy...
2025-11-29 09:46:51,728 - ERROR - [Times of India] Request failed for strategy 'selenium_browser' on URL https://timesofindia.indiatimes.com/world/middle-east/how-to-enter-the-uaes-most-exclusive-golden-visa-circle-through-superyacht-ownership/articleshow/125652070.cms: HTTPConnectionPool(host='localhost', port=44345): Read timed out. (read timeout=120)
2025-11-29 09:46:51,729 - ERROR - [Times of India] All scrape strategies failed for https://timesofindia.indiatimes.com/world/middle-east/how-to-enter-the-uaes-most-exclusive-golden-visa-circle-through-superyacht-ownership/articleshow/125652070.cms. Falling back to RSS description.
2025-11-29 09:46:51,729 - INFO - Duplicate article skipped: How to enter the UAE’s most exclusive Golden Visa circle through superyacht ownership from Times of India
2025-11-29 09:46:52,372 - INFO - [Times of India] Article: https://timesofindia.indiatimes.com/world/middle-east/abu-dhabi-offers-free-parking-and-darb-tolls-for-uae-national-day/articleshow/125652743.cms
2025-11-29 09:46:52,372 - INFO - [Times of India] Attempt 1/1: Trying with 'selenium_browser' strategy...
2025-11-29 09:47:41,492 - CRITICAL - --- TIMEOUT: 2 scrape jobs did not complete in 300s. ---
2025-11-29 09:47:41,492 - ERROR - A thread has timed out and will be abandoned.
2025-11-29 09:47:41,492 - ERROR - A thread has timed out and will be abandoned.
2025-11-29 09:47:41,492 - INFO - Shutting down thread pool (wait=False)...
2025-11-29 09:47:41,492 - INFO - Scraped: 0 The Guardian, 0 BBC, 2 Timed_Out_Jobs articles. (Total saved: 0)
2025-11-29 09:47:41,492 - INFO - --- Scraping job finished ---
2025-11-29 09:47:41,493 - INFO - --- Scraper service stopped and database connection closed. ---
2025-11-29 09:47:41,493 - INFO - --- Main thread finished. Forcing process exit to kill zombie threads. ---
