2025-12-02 18:41:05,143 - INFO - Loading AI Semantic Model (all-MiniLM-L6-v2)...
2025-12-02 18:41:05,144 - INFO - Use pytorch device_name: cpu
2025-12-02 18:41:05,144 - INFO - Load pretrained SentenceTransformer: all-MiniLM-L6-v2
2025-12-02 18:41:06,484 - INFO - AI Model loaded successfully.
2025-12-02 18:41:06,484 - INFO - Initializing database connection at: news_articles.db
2025-12-02 18:41:06,484 - INFO - --- Scraper service started (CI Mode: Run Once) ---
2025-12-02 18:41:06,484 - INFO - --- Starting new scraping job (Parallel Mode) ---
2025-12-02 18:41:06,484 - INFO - Creating new robust session with 3 retries on 5xx/connection/read errors.
2025-12-02 18:41:06,484 - INFO - Proxy is DISABLED.
2025-12-02 18:41:06,485 - INFO - Starting scrape for BBC RSS feed: http://feeds.bbci.co.uk/news/world/rss.xml
2025-12-02 18:41:06,486 - INFO - [Times of India] (Thread) requires Selenium. Initializing driver...
2025-12-02 18:41:06,486 - INFO - Initializing headless Selenium Chrome driver (using SeleniumManager)...
2025-12-02 18:41:06,486 - INFO - Starting scrape for The Guardian RSS feed: https://www.theguardian.com/world/rss
2025-12-02 18:41:06,488 - INFO - [The Hindu] (Thread) requires Selenium. Initializing driver...
2025-12-02 18:41:06,488 - INFO - Initializing headless Selenium Chrome driver (using SeleniumManager)...
2025-12-02 18:41:06,489 - INFO - Submitted 4 jobs to thread pool. Waiting up to 300s for completion...
2025-12-02 18:41:06,640 - INFO - Found 44 articles in The Guardian RSS feed. Processing up to 20.
2025-12-02 18:41:06,640 - INFO - [The Guardian] Article: https://www.theguardian.com/world/2025/dec/01/south-africans-court-alleged-recruitment-russia-war-ukraine
2025-12-02 18:41:06,640 - INFO - [The Guardian] Attempt 1/1: Trying with 'requests_browser' strategy...
2025-12-02 18:41:06,661 - INFO - Found 36 articles in BBC RSS feed. Processing up to 20.
2025-12-02 18:41:06,661 - INFO - [BBC] Article: https://www.bbc.com/news/articles/ce8ng3yjenpo?at_medium=RSS&at_campaign=rss
2025-12-02 18:41:06,661 - INFO - [BBC] Attempt 1/1: Trying with 'requests_browser' strategy...
2025-12-02 18:41:06,812 - INFO - [BBC] Success with 'requests_browser'. Found content (844 words).
2025-12-02 18:41:06,850 - INFO - Duplicate article skipped: Putin and Trump envoy Steve Witkoff set for key Ukraine talks in Moscow from BBC
2025-12-02 18:41:06,855 - INFO - [The Guardian] Success with 'requests_browser'. Found content (506 words).
2025-12-02 18:41:06,899 - INFO - Duplicate article skipped: Five South Africans in court over alleged recruitment for Russia’s war in Ukraine | South Africa | The Guardian from The Guardian
2025-12-02 18:41:07,601 - INFO - [The Guardian] Article: https://www.theguardian.com/global-development/2025/dec/01/global-health-hiv-aids-funding-cuts-infections-prevention
2025-12-02 18:41:07,602 - INFO - [The Guardian] Attempt 1/1: Trying with 'requests_browser' strategy...
2025-12-02 18:41:07,771 - INFO - [The Guardian] Success with 'requests_browser'. Found content (674 words).
2025-12-02 18:41:07,807 - INFO - Duplicate article skipped: Aid cuts have shaken HIV/Aids care to its core – and will mean millions more infections ahead | Global health | The Guardian from The Guardian
2025-12-02 18:41:07,822 - INFO - [BBC] Article: https://www.bbc.com/news/articles/cpq47derx2vo?at_medium=RSS&at_campaign=rss
2025-12-02 18:41:07,822 - INFO - [BBC] Attempt 1/1: Trying with 'requests_browser' strategy...
2025-12-02 18:41:07,854 - INFO - [BBC] Success with 'requests_browser'. Found content (991 words).
2025-12-02 18:41:07,889 - INFO - Duplicate article skipped: Ukrainians in war-ravaged Donbas weigh prospects of peace deal from BBC
2025-12-02 18:41:08,741 - INFO - [BBC] Article: https://www.bbc.com/news/articles/c0r95q9kv1go?at_medium=RSS&at_campaign=rss
2025-12-02 18:41:08,741 - INFO - [BBC] Attempt 1/1: Trying with 'requests_browser' strategy...
2025-12-02 18:41:08,771 - INFO - [BBC] Success with 'requests_browser'. Found content (1075 words).
2025-12-02 18:41:08,807 - INFO - Duplicate article skipped: US authorised second deadly Venezuela boat strike, White House says from BBC
2025-12-02 18:41:09,196 - INFO - [The Guardian] Article: https://www.theguardian.com/world/2025/nov/30/african-leaders-push-for-recognition-of-colonial-crimes-and-reparations
2025-12-02 18:41:09,196 - INFO - [The Guardian] Attempt 1/1: Trying with 'requests_browser' strategy...
2025-12-02 18:41:09,224 - INFO - [The Guardian] Success with 'requests_browser'. Found content (670 words).
2025-12-02 18:41:09,268 - INFO - Duplicate article skipped: African leaders push for recognition of colonial crimes and reparations | Colonialism | The Guardian from The Guardian
2025-12-02 18:41:09,683 - INFO - [BBC] Article: https://www.bbc.com/news/articles/cedxyvx74p4o?at_medium=RSS&at_campaign=rss
2025-12-02 18:41:09,683 - INFO - [BBC] Attempt 1/1: Trying with 'requests_browser' strategy...
2025-12-02 18:41:09,711 - INFO - [BBC] Success with 'requests_browser'. Found content (768 words).
2025-12-02 18:41:09,898 - INFO - Duplicate article skipped: Sanchar Saathi: India mandates state-owned cyber safety app on all smartphones from BBC
2025-12-02 18:41:09,898 - INFO - [The Guardian] Article: https://www.theguardian.com/world/2025/nov/28/jacob-zuma-daughter-resigns-claims-south-africans-tricked-fight-russia
2025-12-02 18:41:09,898 - INFO - [The Guardian] Attempt 1/1: Trying with 'requests_browser' strategy...
2025-12-02 18:41:10,057 - INFO - [The Guardian] Success with 'requests_browser'. Found content (753 words).
2025-12-02 18:41:10,092 - INFO - Duplicate article skipped: Jacob Zuma’s daughter resigns amid claims South Africans tricked to fight for Russia | South Africa | The Guardian from The Guardian
2025-12-02 18:41:10,682 - INFO - [BBC] Article: https://www.bbc.com/news/articles/cn41jge1990o?at_medium=RSS&at_campaign=rss
2025-12-02 18:41:10,682 - INFO - [BBC] Attempt 1/1: Trying with 'requests_browser' strategy...
2025-12-02 18:41:10,710 - INFO - [BBC] Success with 'requests_browser'. Found content (595 words).
2025-12-02 18:41:10,745 - INFO - Duplicate article skipped: Pope prays at site of Beirut port blast at end of Lebanon visit from BBC
2025-12-02 18:41:11,300 - INFO - [BBC] Article: https://www.bbc.com/news/articles/c0q5n3x0jn9o?at_medium=RSS&at_campaign=rss
2025-12-02 18:41:11,300 - INFO - [BBC] Attempt 1/1: Trying with 'requests_browser' strategy...
2025-12-02 18:41:11,325 - INFO - [BBC] Success with 'requests_browser'. Found content (328 words).
2025-12-02 18:41:11,361 - INFO - Duplicate article skipped: Thousands of rounds of German army ammunition stolen from lorry from BBC
2025-12-02 18:41:11,553 - INFO - [The Guardian] Article: https://www.theguardian.com/environment/2025/nov/28/africa-forests-transformed-carbon-sink-carbon-source-study
2025-12-02 18:41:11,554 - INFO - [The Guardian] Attempt 1/1: Trying with 'requests_browser' strategy...
2025-12-02 18:41:11,575 - INFO - [The Guardian] Success with 'requests_browser'. Found content (458 words).
2025-12-02 18:41:11,610 - INFO - Duplicate article skipped: Africa’s forests transformed from carbon sink to carbon source, study finds | Climate crisis | The Guardian from The Guardian
2025-12-02 18:41:12,637 - INFO - [The Guardian] Article: https://www.theguardian.com/us-news/live/2025/dec/02/donald-trump-pete-hegseth-boat-venezuela-maduro-tennessee-us-politics-live-news-updates
2025-12-02 18:41:12,637 - INFO - [The Guardian] Attempt 1/1: Trying with 'requests_browser' strategy...
2025-12-02 18:41:12,684 - INFO - [BBC] Article: https://www.bbc.com/news/articles/cjezwzw088jo?at_medium=RSS&at_campaign=rss
2025-12-02 18:41:12,685 - INFO - [BBC] Attempt 1/1: Trying with 'requests_browser' strategy...
2025-12-02 18:41:12,712 - INFO - [BBC] Success with 'requests_browser'. Found content (501 words).
2025-12-02 18:41:12,748 - INFO - Duplicate article skipped: Bulgaria ditches budget plan after tens of thousands join protests from BBC
2025-12-02 18:41:12,973 - INFO - [The Guardian] Success with 'requests_browser'. Found content (1038 words).
2025-12-02 18:41:13,047 - INFO - Duplicate article skipped: Hegseth doubles down on Caribbean boat strikes, says military commanders have ‘done the right things’ - US politics live | Pete Hegseth | The Guardian from The Guardian
2025-12-02 18:41:13,494 - INFO - [BBC] Article: https://www.bbc.com/news/articles/c93n4nx5yqro?at_medium=RSS&at_campaign=rss
2025-12-02 18:41:13,494 - INFO - [BBC] Attempt 1/1: Trying with 'requests_browser' strategy...
2025-12-02 18:41:13,529 - INFO - [BBC] Success with 'requests_browser'. Found content (1008 words).
2025-12-02 18:41:13,566 - INFO - Duplicate article skipped: Why is US President Trump threatening Venezuela's President Maduro? from BBC
2025-12-02 18:41:13,963 - INFO - [The Guardian] Article: https://www.theguardian.com/world/2025/dec/02/trump-intervention-honduras-presidential-vote-count-stalls-nasry-asfura
2025-12-02 18:41:13,963 - INFO - [The Guardian] Attempt 1/1: Trying with 'requests_browser' strategy...
2025-12-02 18:41:14,140 - INFO - [The Guardian] Success with 'requests_browser'. Found content (943 words).
2025-12-02 18:41:14,190 - INFO - [BBC] Article: https://www.bbc.com/news/articles/ce3wq2zznz1o?at_medium=RSS&at_campaign=rss
2025-12-02 18:41:14,190 - INFO - [BBC] Attempt 1/1: Trying with 'requests_browser' strategy...
2025-12-02 18:41:14,191 - INFO - Duplicate article skipped: Trump frees ex-Honduran president from prison as country awaits knife-edge election result | Honduras | The Guardian from The Guardian
2025-12-02 18:41:14,221 - INFO - [BBC] Success with 'requests_browser'. Found content (740 words).
2025-12-02 18:41:14,259 - INFO - Duplicate article skipped: Guinea Bissau coup: Nigeria grants asylum to presidential candidate Fernando Dias from BBC
2025-12-02 18:41:14,890 - INFO - [BBC] Article: https://www.bbc.com/news/articles/ce8ng18p7v3o?at_medium=RSS&at_campaign=rss
2025-12-02 18:41:14,891 - INFO - [BBC] Attempt 1/1: Trying with 'requests_browser' strategy...
2025-12-02 18:41:14,918 - INFO - [BBC] Success with 'requests_browser'. Found content (582 words).
2025-12-02 18:41:14,956 - INFO - Duplicate article skipped: Hong Kong leader orders investigation into deadly fire that killed 151 from BBC
2025-12-02 18:41:15,118 - INFO - [The Guardian] Article: https://www.theguardian.com/us-news/2025/dec/02/pete-hegseth-franklin-the-turtle
2025-12-02 18:41:15,118 - INFO - [The Guardian] Attempt 1/1: Trying with 'requests_browser' strategy...
2025-12-02 18:41:15,139 - INFO - [The Guardian] Success with 'requests_browser'. Found content (438 words).
2025-12-02 18:41:15,175 - INFO - Duplicate article skipped: Publisher condemns ‘violent’ use of Franklin the Turtle after Hegseth’s boat strike post | Pete Hegseth | The Guardian from The Guardian
2025-12-02 18:41:16,103 - INFO - [BBC] Article: https://www.bbc.com/news/articles/c33mz477p4po?at_medium=RSS&at_campaign=rss
2025-12-02 18:41:16,103 - INFO - [BBC] Attempt 1/1: Trying with 'requests_browser' strategy...
2025-12-02 18:41:16,133 - INFO - [BBC] Success with 'requests_browser'. Found content (882 words).
2025-12-02 18:41:16,173 - INFO - Duplicate article skipped: Luigi Mangione in court as lawyers seek to rule out notebook, gun and other key evidence from BBC
2025-12-02 18:41:16,467 - INFO - [The Guardian] Article: https://www.theguardian.com/us-news/2025/dec/02/monterrey-mexico-air-quality-industrial-pollution
2025-12-02 18:41:16,467 - INFO - [The Guardian] Attempt 1/1: Trying with 'requests_browser' strategy...
2025-12-02 18:41:16,504 - INFO - [The Guardian] Success with 'requests_browser'. Found content (3688 words).
2025-12-02 18:41:16,553 - INFO - Duplicate article skipped: Revealed: Mexico’s industrial boomtown is making goods for the US. Residents say they’re ‘breathing poison’ | Mexico | The Guardian from The Guardian
2025-12-02 18:41:16,603 - INFO - Selenium driver initialized successfully.
2025-12-02 18:41:16,603 - INFO - Selenium driver initialized successfully.
2025-12-02 18:41:16,603 - INFO - Starting scrape for The Hindu RSS feed: https://www.thehindu.com/news/national/feeder/default.rss
2025-12-02 18:41:16,603 - INFO - Starting scrape for Times of India RSS feed: https://timesofindia.indiatimes.com/rssfeeds/296589292.cms
2025-12-02 18:41:16,705 - INFO - Found 100 articles in The Hindu RSS feed. Processing up to 20.
2025-12-02 18:41:16,706 - INFO - [The Hindu] Article: https://www.thehindu.com/news/national/unacceptable-say-mea-officials-after-envoys-of-uk-france-and-germany-author-anti-putin-article/article70350823.ece
2025-12-02 18:41:16,706 - INFO - [The Hindu] Attempt 1/1: Trying with 'selenium_browser' strategy...
2025-12-02 18:41:16,764 - INFO - [BBC] Article: https://www.bbc.com/news/articles/cvgqnklqge7o?at_medium=RSS&at_campaign=rss
2025-12-02 18:41:16,765 - INFO - [BBC] Attempt 1/1: Trying with 'requests_browser' strategy...
2025-12-02 18:41:16,766 - INFO - Found 20 articles in Times of India RSS feed. Processing up to 20.
2025-12-02 18:41:16,767 - INFO - [Times of India] Article: https://timesofindia.indiatimes.com/world/rest-of-world/watch-japans-pm-sanae-takaichi-quotes-famous-manga-and-anime-attack-on-titan/articleshow/125724137.cms
2025-12-02 18:41:16,767 - INFO - [Times of India] Attempt 1/1: Trying with 'selenium_browser' strategy...
2025-12-02 18:41:16,953 - INFO - [BBC] Success with 'requests_browser'. Found content (445 words).
2025-12-02 18:41:16,992 - INFO - Duplicate article skipped: Zambian-American influencer Ethel Chisono Edwards sentenced to 18 months for hate speech from BBC
2025-12-02 18:41:17,576 - INFO - [The Guardian] Article: https://www.theguardian.com/world/2025/dec/02/st-lucia-election-prime-minister-philip-pierre-wins
2025-12-02 18:41:17,576 - INFO - [The Guardian] Attempt 1/1: Trying with 'requests_browser' strategy...
2025-12-02 18:41:17,605 - INFO - [The Guardian] Success with 'requests_browser'. Found content (313 words).
2025-12-02 18:41:17,643 - INFO - Duplicate article skipped: St Lucia prime minister Philip Pierre keeps majority as ruling party wins | St Lucia | The Guardian from The Guardian
2025-12-02 18:41:18,277 - INFO - [BBC] Article: https://www.bbc.com/news/articles/cn41jge1990o?at_medium=RSS&at_campaign=rss
2025-12-02 18:41:18,277 - INFO - [BBC] Attempt 1/1: Trying with 'requests_browser' strategy...
2025-12-02 18:41:18,339 - INFO - [BBC] Success with 'requests_browser'. Found content (595 words).
2025-12-02 18:41:18,414 - INFO - Duplicate article skipped: Pope prays at site of Beirut port blast at end of Lebanon visit from BBC
2025-12-02 18:41:19,136 - INFO - [The Guardian] Article: https://www.theguardian.com/world/2025/dec/02/uk-government-delays-china-super-embassy-january
2025-12-02 18:41:19,136 - INFO - [The Guardian] Attempt 1/1: Trying with 'requests_browser' strategy...
2025-12-02 18:41:19,338 - INFO - [The Guardian] Success with 'requests_browser'. Found content (566 words).
2025-12-02 18:41:20,041 - INFO - [BBC] Article: https://www.bbc.com/news/articles/cre3q9edqx8o?at_medium=RSS&at_campaign=rss
2025-12-02 18:41:20,041 - INFO - [BBC] Attempt 1/1: Trying with 'requests_browser' strategy...
2025-12-02 18:41:20,277 - INFO - [BBC] Success with 'requests_browser'. Found content (415 words).
2025-12-02 18:41:23,378 - INFO - [The Hindu] Page content loaded.
2025-12-02 18:41:23,624 - INFO - [The Hindu] Success with 'selenium_browser'. Found content (457 words).
2025-12-02 18:41:50,571 - INFO - Saved article: UK government delays decision on China’s super-embassy until January | China | The Guardian from The Guardian
2025-12-02 18:41:50,571 - INFO - Duplicate article skipped: Pavarotti statue frozen knee-deep in ice rink strikes wrong note in Italy from BBC
2025-12-02 18:41:51,301 - INFO - [The Guardian] Article: https://www.theguardian.com/world/2025/dec/02/british-women-stranded-by-landslides-in-sri-lankan-mountains-running-out-of-food-and-water-daughter-says
2025-12-02 18:41:51,301 - INFO - [The Guardian] Attempt 1/1: Trying with 'requests_browser' strategy...
2025-12-02 18:41:51,332 - INFO - [The Guardian] Success with 'requests_browser'. Found content (644 words).
2025-12-02 18:41:51,846 - INFO - [BBC] Article: https://www.bbc.com/news/articles/cewjg272dq9o?at_medium=RSS&at_campaign=rss
2025-12-02 18:41:51,846 - INFO - [BBC] Attempt 1/1: Trying with 'requests_browser' strategy...
2025-12-02 18:41:51,887 - INFO - [BBC] Success with 'requests_browser'. Found content (582 words).
2025-12-02 18:42:03,185 - INFO - Saved article: ‘Unacceptable’, say MEA officials after envoys of U.K., France and Germany author anti-Putin article - The Hindu from The Hindu
2025-12-02 18:42:04,274 - INFO - [The Hindu] Article: https://www.thehindu.com/news/national/tamil-nadu/farmer-two-sons-electrocuted-after-stepping-on-illegal-electrical-fence-in-vellore/article70349528.ece
2025-12-02 18:42:04,274 - INFO - [The Hindu] Attempt 1/1: Trying with 'selenium_browser' strategy...
2025-12-02 18:42:07,465 - INFO - [The Hindu] Page content loaded.
2025-12-02 18:42:07,751 - INFO - [The Hindu] Success with 'selenium_browser'. Found content (277 words).
2025-12-02 18:42:17,833 - INFO - Saved article: British women stranded by landslides in Sri Lankan mountains running out of food and water, daughter says | Sri Lanka | The Guardian from The Guardian
2025-12-02 18:42:17,834 - INFO - Duplicate article skipped: Alina Habba: Appeals court disqualifies ex-Trump lawyer as New Jersey prosecutor from BBC
2025-12-02 18:42:18,587 - INFO - [The Guardian] Article: https://www.theguardian.com/world/2025/dec/02/indonesia-floods-one-million-people-evacuated-death-toll-rises
2025-12-02 18:42:18,587 - INFO - [The Guardian] Attempt 1/1: Trying with 'requests_browser' strategy...
2025-12-02 18:42:18,781 - INFO - [The Guardian] Success with 'requests_browser'. Found content (506 words).
2025-12-02 18:42:18,875 - INFO - [BBC] Article: https://www.bbc.com/news/articles/c4g4enlp6kzo?at_medium=RSS&at_campaign=rss
2025-12-02 18:42:18,875 - INFO - [BBC] Attempt 1/1: Trying with 'requests_browser' strategy...
2025-12-02 18:42:18,909 - INFO - [BBC] Success with 'requests_browser'. Found content (908 words).
2025-12-02 18:42:30,136 - INFO - Saved article: Farmer, two sons electrocuted after stepping on illegal electrical fence in Vellore - The Hindu from The Hindu
2025-12-02 18:42:30,136 - INFO - Duplicate article skipped: Death toll from Indonesia floods passes 700 as 1 million evacuated | Indonesia | The Guardian from The Guardian
2025-12-02 18:42:30,136 - INFO - Duplicate article skipped: Indonesia floods death toll passes 600 from BBC
2025-12-02 18:42:30,682 - INFO - [The Guardian] Article: https://www.theguardian.com/news/2025/dec/02/hong-kong-fire-response-contrast-mainland-china
2025-12-02 18:42:30,682 - INFO - [The Guardian] Attempt 1/1: Trying with 'requests_browser' strategy...
2025-12-02 18:42:30,704 - INFO - [The Guardian] Success with 'requests_browser'. Found content (799 words).
2025-12-02 18:42:30,735 - INFO - Duplicate article skipped: Hong Kong responds to disaster differently from Beijing – but the gulf is narrowing | Hong Kong apartment fires | The Guardian from The Guardian
2025-12-02 18:42:30,891 - INFO - [The Hindu] Article: https://www.thehindu.com/news/national/tamil-nadu/two-persons-killed-in-road-accident-near-ambur-on-chennai-bengaluru-highway/article70349537.ece
2025-12-02 18:42:30,891 - INFO - [The Hindu] Attempt 1/1: Trying with 'selenium_browser' strategy...
2025-12-02 18:42:31,266 - INFO - [The Guardian] Article: https://www.theguardian.com/world/2025/dec/02/new-zealand-man-charged-allegedly-swallowing-faberge-james-bond-pendant
2025-12-02 18:42:31,266 - INFO - [The Guardian] Attempt 1/1: Trying with 'requests_browser' strategy...
2025-12-02 18:42:31,297 - INFO - [The Guardian] Success with 'requests_browser'. Found content (241 words).
2025-12-02 18:42:31,402 - INFO - Duplicate article skipped: Man charged with theft after allegedly swallowing Fabergé pendant in jewellery store | New Zealand | The Guardian from The Guardian
2025-12-02 18:42:31,581 - INFO - [BBC] Article: https://www.bbc.com/news/articles/ckg9204y4w5o?at_medium=RSS&at_campaign=rss
2025-12-02 18:42:31,581 - INFO - [BBC] Attempt 1/1: Trying with 'requests_browser' strategy...
2025-12-02 18:42:31,619 - INFO - [BBC] Success with 'requests_browser'. Found content (682 words).
2025-12-02 18:42:31,670 - INFO - Duplicate article skipped: Anicet Ekane: Cameroon opposition firebrand dies in detention aged 74 from BBC
2025-12-02 18:42:31,845 - INFO - [The Hindu] Page content loaded.
2025-12-02 18:42:31,891 - INFO - [The Hindu] Success with 'selenium_browser'. Found content (186 words).
2025-12-02 18:42:32,245 - INFO - [The Guardian] Article: https://www.theguardian.com/australia-news/2025/dec/03/ndis-plans-computer-generated
2025-12-02 18:42:32,245 - INFO - [The Guardian] Attempt 1/1: Trying with 'requests_browser' strategy...
2025-12-02 18:42:32,320 - INFO - [BBC] Article: https://www.bbc.com/news/articles/czrk7g50e1po?at_medium=RSS&at_campaign=rss
2025-12-02 18:42:32,320 - INFO - [BBC] Attempt 1/1: Trying with 'requests_browser' strategy...
2025-12-02 18:42:32,442 - INFO - [BBC] Success with 'requests_browser'. Found content (1693 words).
2025-12-02 18:42:32,585 - INFO - [The Guardian] Success with 'requests_browser'. Found content (1863 words).
2025-12-02 18:42:43,852 - INFO - Saved article: Two persons killed in road accident near Ambur on Chennai - Bengaluru Highway - The Hindu from The Hindu
2025-12-02 18:42:43,852 - INFO - Duplicate article skipped: WW1 toxic compound sprayed on Georgian protesters, BBC evidence suggests from BBC
2025-12-02 18:42:43,852 - INFO - Duplicate article skipped: NDIS plans will be computer-generated with human involvement dramatically cut under sweeping overhaul | National disability insurance scheme | The Guardian from The Guardian
2025-12-02 18:42:44,461 - INFO - [BBC] Article: https://www.bbc.com/news/articles/cj69588eewyo?at_medium=RSS&at_campaign=rss
2025-12-02 18:42:44,461 - INFO - [BBC] Attempt 1/1: Trying with 'requests_browser' strategy...
2025-12-02 18:42:44,489 - INFO - [BBC] Success with 'requests_browser'. Found content (1209 words).
2025-12-02 18:42:44,526 - INFO - Duplicate article skipped: Israeli-Russian woman says Iraqi militants tortured her in captivity from BBC
2025-12-02 18:42:44,554 - INFO - [The Guardian] Article: https://www.theguardian.com/australia-news/2025/dec/02/australia-gambling-reform-card-payment-least-impact
2025-12-02 18:42:44,554 - INFO - [The Guardian] Attempt 1/1: Trying with 'requests_browser' strategy...
2025-12-02 18:42:44,584 - INFO - [The Guardian] Success with 'requests_browser'. Found content (512 words).
2025-12-02 18:42:44,630 - INFO - Duplicate article skipped: Australia’s heaviest betters undeterred by key gambling reform, research shows | Gambling | The Guardian from The Guardian
2025-12-02 18:42:45,169 - INFO - [The Hindu] Article: https://www.thehindu.com/news/national/kerala/public-mass-resumes-at-st-marys-basilica-after-long-hiatus/article70350581.ece
2025-12-02 18:42:45,169 - INFO - [The Hindu] Attempt 1/1: Trying with 'selenium_browser' strategy...
2025-12-02 18:42:45,608 - INFO - [The Guardian] Article: https://www.theguardian.com/australia-news/2025/dec/02/sea-world-helicopter-crash-pilot-seen-taking-cocaine-the-night-before-inquest-told
2025-12-02 18:42:45,608 - INFO - [The Guardian] Attempt 1/1: Trying with 'requests_browser' strategy...
2025-12-02 18:42:45,665 - INFO - [The Guardian] Success with 'requests_browser'. Found content (759 words).
2025-12-02 18:42:45,958 - INFO - [BBC] Article: https://www.bbc.com/news/videos/cwyvgq7224go?at_medium=RSS&at_campaign=rss
2025-12-02 18:42:45,959 - INFO - [BBC] Attempt 1/1: Trying with 'requests_browser' strategy...
2025-12-02 18:42:45,986 - INFO - Duplicate article skipped: Sea World helicopter pilot ‘had a breakdown and took cocaine’ before crash, inquest told | Queensland | The Guardian from The Guardian
2025-12-02 18:42:46,036 - WARNING - [BBC] FAILED with 'requests_browser' (content was too short: 58 words).
2025-12-02 18:42:46,036 - ERROR - [BBC] All scrape strategies failed for https://www.bbc.com/news/videos/cwyvgq7224go?at_medium=RSS&at_campaign=rss. Falling back to RSS description.
2025-12-02 18:42:46,037 - INFO - Duplicate article skipped: Will Australia's social media ban actually work? from BBC
2025-12-02 18:42:46,190 - INFO - [The Hindu] Page content loaded.
2025-12-02 18:42:46,367 - INFO - [The Hindu] Success with 'selenium_browser'. Found content (188 words).
2025-12-02 18:42:46,829 - INFO - [The Guardian] Article: https://www.theguardian.com/business/2025/dec/02/gina-rinehart-helipad-company-headquarters-perth-council-vote-ntwnfb
2025-12-02 18:42:46,831 - INFO - [The Guardian] Attempt 1/1: Trying with 'requests_browser' strategy...
2025-12-02 18:42:47,022 - INFO - [The Guardian] Success with 'requests_browser'. Found content (582 words).
2025-12-02 18:42:58,821 - INFO - Saved article: Public Mass resumes at St. Mary’s Basilica after long hiatus - The Hindu from The Hindu
2025-12-02 18:42:58,821 - INFO - Duplicate article skipped: Bid by Gina Rinehart’s company to build helipad set to be blocked by City of Perth | Gina Rinehart | The Guardian from The Guardian
2025-12-02 18:42:59,698 - INFO - [The Guardian] Article: https://www.theguardian.com/australia-news/2025/dec/02/australian-children-moving-to-new-social-app-lemon8-but-owner-expected-to-restrict-users-to-over-16s
2025-12-02 18:42:59,698 - INFO - [The Guardian] Attempt 1/1: Trying with 'requests_browser' strategy...
2025-12-02 18:42:59,728 - INFO - [The Guardian] Success with 'requests_browser'. Found content (643 words).
2025-12-02 18:42:59,775 - INFO - Duplicate article skipped: Australian children moving to new social app Lemon8 but owner expected to restrict users to over-16s | Social media ban | The Guardian from The Guardian
2025-12-02 18:43:00,139 - INFO - [The Hindu] Article: https://www.thehindu.com/news/national/jammu-and-kashmir/five-kargil-councillors-move-jk-hc-against-ladakh-l-g-order-which-nominated-a-muslim-to-the-council/article70350805.ece
2025-12-02 18:43:00,139 - INFO - [The Hindu] Attempt 1/1: Trying with 'selenium_browser' strategy...
2025-12-02 18:43:01,063 - INFO - [The Hindu] Page content loaded.
2025-12-02 18:43:01,108 - INFO - [The Hindu] Success with 'selenium_browser'. Found content (497 words).
2025-12-02 18:43:13,917 - INFO - Saved article: Five Kargil councillors move J&K HC against Ladakh L-G order which nominated a Muslim to the council - The Hindu from The Hindu
2025-12-02 18:43:15,341 - INFO - [The Hindu] Article: https://www.thehindu.com/news/national/karnataka/gi-mahotsav-30-at-cftri-from-dec-5-to-8-to-celebrate-indias-geographical-indication-heritage/article70349889.ece
2025-12-02 18:43:15,341 - INFO - [The Hindu] Attempt 1/1: Trying with 'selenium_browser' strategy...
2025-12-02 18:43:16,308 - INFO - [The Hindu] Page content loaded.
2025-12-02 18:43:16,353 - INFO - [The Hindu] Success with 'selenium_browser'. Found content (414 words).
2025-12-02 18:43:16,868 - ERROR - [Times of India] Request failed for strategy 'selenium_browser' on URL https://timesofindia.indiatimes.com/world/rest-of-world/watch-japans-pm-sanae-takaichi-quotes-famous-manga-and-anime-attack-on-titan/articleshow/125724137.cms: HTTPConnectionPool(host='localhost', port=36431): Read timed out. (read timeout=120)
2025-12-02 18:43:16,869 - ERROR - [Times of India] All scrape strategies failed for https://timesofindia.indiatimes.com/world/rest-of-world/watch-japans-pm-sanae-takaichi-quotes-famous-manga-and-anime-attack-on-titan/articleshow/125724137.cms. Falling back to RSS description.
2025-12-02 18:43:29,079 - INFO - Saved article: GI Mahotsav 3.0 at CFTRI from Dec. 5 to 8 to celebrate India’s Geographical Indication heritage - The Hindu from The Hindu
2025-12-02 18:43:29,889 - INFO - [The Hindu] Article: https://www.thehindu.com/news/national/define-fake-news-amend-penal-provisions-to-take-action-parliamentary-panel/article70350248.ece
2025-12-02 18:43:29,889 - INFO - [The Hindu] Attempt 1/1: Trying with 'selenium_browser' strategy...
2025-12-02 18:43:31,380 - INFO - [The Hindu] Page content loaded.
2025-12-02 18:43:31,565 - INFO - [The Hindu] Success with 'selenium_browser'. Found content (352 words).
2025-12-02 18:43:41,858 - INFO - Saved article: Watch: Japan’s PM Sanae Takaichi quotes famous manga and anime ‘Attack on Titan’ from Times of India
2025-12-02 18:43:41,858 - INFO - Duplicate article skipped: Define 'fake news', amend penal provisions to take action: Parliamentary panel - The Hindu from The Hindu
2025-12-02 18:43:42,714 - INFO - [Times of India] Article: https://timesofindia.indiatimes.com/world/us-streamers/nina-lin-refuses-to-say-sorry-after-target-shoplifting-clip-goes-viral-while-asmongold-urges-twitch-to-act/articleshow/125724104.cms
2025-12-02 18:43:42,714 - INFO - [Times of India] Attempt 1/1: Trying with 'selenium_browser' strategy...
2025-12-02 18:43:43,043 - INFO - [The Hindu] Article: https://www.thehindu.com/news/national/jk-deputy-cm-moves-delhi-hc-for-removal-of-objectionable-content-against-him-on-social-media/article70349473.ece
2025-12-02 18:43:43,043 - INFO - [The Hindu] Attempt 1/1: Trying with 'selenium_browser' strategy...
2025-12-02 18:43:43,949 - INFO - [The Hindu] Page content loaded.
2025-12-02 18:43:43,993 - INFO - [The Hindu] Success with 'selenium_browser'. Found content (243 words).
2025-12-02 18:43:44,069 - INFO - Duplicate article skipped: J&K Deputy CM moves Delhi HC for removal of objectionable content against him on social media - The Hindu from The Hindu
2025-12-02 18:43:45,336 - INFO - [The Hindu] Article: https://www.thehindu.com/news/national/karnataka/south-western-railway-freight-revenue-crosses-451-crore/article70345210.ece
2025-12-02 18:43:45,336 - INFO - [The Hindu] Attempt 1/1: Trying with 'selenium_browser' strategy...
2025-12-02 18:43:46,092 - INFO - [The Hindu] Page content loaded.
2025-12-02 18:43:46,175 - INFO - [The Hindu] Success with 'selenium_browser'. Found content (459 words).
2025-12-02 18:43:46,269 - INFO - Duplicate article skipped: South Western Railway freight revenue crosses ₹451 crore - The Hindu from The Hindu
2025-12-02 18:43:47,466 - INFO - [The Hindu] Article: https://www.thehindu.com/news/national/defence-minster-says-130th-constitutional-amendment-will-be-part-of-patels-legacy/article70350386.ece
2025-12-02 18:43:47,466 - INFO - [The Hindu] Attempt 1/1: Trying with 'selenium_browser' strategy...
2025-12-02 18:43:48,319 - INFO - [The Hindu] Page content loaded.
2025-12-02 18:43:48,381 - INFO - [The Hindu] Success with 'selenium_browser'. Found content (348 words).
2025-12-02 18:43:48,466 - INFO - Duplicate article skipped: Defence Minster says 130th Constitutional Amendment will be part of Patel’s legacy - The Hindu from The Hindu
2025-12-02 18:43:49,481 - INFO - [The Hindu] Article: https://www.thehindu.com/news/national/jammu-and-kashmir/jk-high-court-allows-pdp-mla-waheed-parra-to-travel-outside-union-territory/article70349820.ece
2025-12-02 18:43:49,481 - INFO - [The Hindu] Attempt 1/1: Trying with 'selenium_browser' strategy...
2025-12-02 18:43:50,410 - INFO - [The Hindu] Page content loaded.
2025-12-02 18:43:50,570 - INFO - [The Hindu] Success with 'selenium_browser'. Found content (357 words).
2025-12-02 18:43:50,671 - INFO - Duplicate article skipped: J&K High Court allows PDP MLA Waheed Parra to travel outside Union Territory - The Hindu from The Hindu
2025-12-02 18:43:51,833 - INFO - [The Hindu] Article: https://www.thehindu.com/news/national/india-maldives-joint-military-exercise-begins-in-thiruvananthapuram/article70349583.ece
2025-12-02 18:43:51,834 - INFO - [The Hindu] Attempt 1/1: Trying with 'selenium_browser' strategy...
2025-12-02 18:43:53,004 - INFO - [The Hindu] Page content loaded.
2025-12-02 18:43:53,079 - INFO - [The Hindu] Success with 'selenium_browser'. Found content (214 words).
2025-12-02 18:43:53,183 - INFO - Duplicate article skipped: India-Maldives joint military exercise begins in Thiruvananthapuram - The Hindu from The Hindu
2025-12-02 18:43:54,462 - INFO - [The Hindu] Article: https://www.thehindu.com/news/national/regime-change-operation-claim-is-not-in-the-chargesheet-delhi-riots-accused-tell-the-supreme-court/article70349621.ece
2025-12-02 18:43:54,462 - INFO - [The Hindu] Attempt 1/1: Trying with 'selenium_browser' strategy...
2025-12-02 18:43:55,184 - INFO - [The Hindu] Page content loaded.
2025-12-02 18:43:55,270 - INFO - [The Hindu] Success with 'selenium_browser'. Found content (1018 words).
2025-12-02 18:43:55,355 - INFO - Duplicate article skipped: ‘Regime change operation’ claim is not in the chargesheet, Delhi riots accused tell the Supreme Court - The Hindu from The Hindu
2025-12-02 18:43:56,496 - INFO - [The Hindu] Article: https://www.thehindu.com/shorts/watch-telangana-cm-revanth-reddy-braces-for-face-off-with-lionel-messi/article70350773.ece
2025-12-02 18:43:56,496 - INFO - [The Hindu] Attempt 1/1: Trying with 'selenium_browser' strategy...
2025-12-02 18:44:07,289 - WARNING - [The Hindu] Page timed out (10s). No <p> tags found. Proceeding anyway.
2025-12-02 18:44:07,318 - WARNING - [The Hindu] FAILED with 'selenium_browser' (content was too short: 55 words).
2025-12-02 18:44:07,318 - ERROR - [The Hindu] All scrape strategies failed for https://www.thehindu.com/shorts/watch-telangana-cm-revanth-reddy-braces-for-face-off-with-lionel-messi/article70350773.ece. Falling back to RSS description.
2025-12-02 18:44:07,318 - INFO - Duplicate article skipped: Watch: Telangana CM Revanth Reddy braces for face-off with Lionel Messi from The Hindu
2025-12-02 18:44:07,879 - INFO - [The Hindu] Article: https://www.thehindu.com/news/national/west-bengal/west-bengal-announces-compensation-linked-to-sir-related-distress/article70349679.ece
2025-12-02 18:44:07,880 - INFO - [The Hindu] Attempt 1/1: Trying with 'selenium_browser' strategy...
2025-12-02 18:44:08,391 - INFO - [The Hindu] Page content loaded.
2025-12-02 18:44:08,469 - INFO - [The Hindu] Success with 'selenium_browser'. Found content (324 words).
2025-12-02 18:44:08,567 - INFO - Duplicate article skipped: West Bengal announces compensation linked to SIR-related distress - The Hindu from The Hindu
2025-12-02 18:44:09,617 - INFO - [The Hindu] Article: https://www.thehindu.com/shorts/watch-myself-and-dk-shivakumar-are-united-karnataka-cm-siddaramaiah/article70350758.ece
2025-12-02 18:44:09,617 - INFO - [The Hindu] Attempt 1/1: Trying with 'selenium_browser' strategy...
2025-12-02 18:44:20,283 - WARNING - [The Hindu] Page timed out (10s). No <p> tags found. Proceeding anyway.
2025-12-02 18:44:20,311 - WARNING - [The Hindu] FAILED with 'selenium_browser' (content was too short: 54 words).
2025-12-02 18:44:20,312 - ERROR - [The Hindu] All scrape strategies failed for https://www.thehindu.com/shorts/watch-myself-and-dk-shivakumar-are-united-karnataka-cm-siddaramaiah/article70350758.ece. Falling back to RSS description.
2025-12-02 18:44:20,312 - INFO - Duplicate article skipped: Watch: “Myself and DK Shivakumar are united”: Karnataka CM Siddaramaiah from The Hindu
2025-12-02 18:44:21,319 - INFO - [The Hindu] Article: https://www.thehindu.com/news/national/indian-navys-defiant-posture-during-operation-sindoor-kept-pakistan-navy-confined-to-coast-says-naval-chief/article70350486.ece
2025-12-02 18:44:21,319 - INFO - [The Hindu] Attempt 1/1: Trying with 'selenium_browser' strategy...
2025-12-02 18:44:21,965 - INFO - [The Hindu] Page content loaded.
2025-12-02 18:44:22,045 - INFO - [The Hindu] Success with 'selenium_browser'. Found content (410 words).
2025-12-02 18:44:22,131 - INFO - Duplicate article skipped: Indian Navy’s defiant posture during Operation Sindoor kept Pakistan Navy confined to coast, says Naval Chief - The Hindu from The Hindu
2025-12-02 18:44:22,948 - INFO - [The Hindu] Article: https://www.thehindu.com/news/national/karnataka/india-should-focus-on-building-national-aircraft/article70349966.ece
2025-12-02 18:44:22,948 - INFO - [The Hindu] Attempt 1/1: Trying with 'selenium_browser' strategy...
2025-12-02 18:44:23,765 - INFO - [The Hindu] Page content loaded.
2025-12-02 18:44:23,851 - INFO - [The Hindu] Success with 'selenium_browser'. Found content (447 words).
2025-12-02 18:44:24,263 - INFO - Duplicate article skipped: ‘India should focus on building national aircraft’ - The Hindu from The Hindu
2025-12-02 18:44:24,781 - INFO - [The Hindu] Article: https://www.thehindu.com/news/national/assam/assam-congress-chief-seeks-pms-intervention-in-tezpur-university-unrest/article70349992.ece
2025-12-02 18:44:24,782 - INFO - [The Hindu] Attempt 1/1: Trying with 'selenium_browser' strategy...
2025-12-02 18:44:25,868 - INFO - [The Hindu] Page content loaded.
2025-12-02 18:44:26,089 - INFO - [The Hindu] Success with 'selenium_browser'. Found content (409 words).
2025-12-02 18:44:26,185 - INFO - Duplicate article skipped: Assam Congress chief seeks PM’s intervention in Tezpur University unrest - The Hindu from The Hindu
2025-12-02 18:44:27,192 - INFO - [The Hindu] Article: https://www.thehindu.com/news/national/political-interests-are-creating-linguistic-divisions-says-education-minister/article70349763.ece
2025-12-02 18:44:27,192 - INFO - [The Hindu] Attempt 1/1: Trying with 'selenium_browser' strategy...
2025-12-02 18:44:28,649 - INFO - [The Hindu] Page content loaded.
2025-12-02 18:44:28,738 - INFO - [The Hindu] Success with 'selenium_browser'. Found content (519 words).
2025-12-02 18:44:28,830 - INFO - Duplicate article skipped: Political interests are creating linguistic divisions, says Education Minister - The Hindu from The Hindu
2025-12-02 18:44:29,685 - INFO - [The Hindu] (Thread) Finished. Attempting to shut down its Selenium driver.
2025-12-02 18:44:29,871 - INFO - [The Hindu] (Thread) driver.quit() successful.
2025-12-02 18:45:42,738 - ERROR - [Times of India] Request failed for strategy 'selenium_browser' on URL https://timesofindia.indiatimes.com/world/us-streamers/nina-lin-refuses-to-say-sorry-after-target-shoplifting-clip-goes-viral-while-asmongold-urges-twitch-to-act/articleshow/125724104.cms: HTTPConnectionPool(host='localhost', port=36431): Read timed out. (read timeout=120)
2025-12-02 18:45:42,739 - ERROR - [Times of India] All scrape strategies failed for https://timesofindia.indiatimes.com/world/us-streamers/nina-lin-refuses-to-say-sorry-after-target-shoplifting-clip-goes-viral-while-asmongold-urges-twitch-to-act/articleshow/125724104.cms. Falling back to RSS description.
2025-12-02 18:45:42,739 - INFO - Duplicate article skipped: Nina Lin refuses to say sorry after Target shoplifting clip goes viral while Asmongold urges Twitch to act from Times of India
2025-12-02 18:45:43,844 - INFO - [Times of India] Article: https://timesofindia.indiatimes.com/world/us/after-taylor-swift-white-house-uses-sabrina-carpenters-song-juno-in-ice-deportation-video-watch/articleshow/125722972.cms
2025-12-02 18:45:43,844 - INFO - [Times of India] Attempt 1/1: Trying with 'selenium_browser' strategy...
2025-12-02 18:46:06,489 - CRITICAL - --- TIMEOUT: 1 scrape jobs did not complete in 300s. ---
2025-12-02 18:46:06,489 - ERROR - A thread has timed out and will be abandoned.
2025-12-02 18:46:06,489 - INFO - Shutting down thread pool (wait=False)...
2025-12-02 18:46:06,489 - INFO - Scraped: 6 The Hindu, 2 The Guardian, 0 BBC, 1 Timed_Out_Jobs articles. (Total saved: 8)
2025-12-02 18:46:06,490 - INFO - --- Scraping job finished ---
2025-12-02 18:46:06,490 - INFO - --- Scraper service stopped and database connection closed. ---
2025-12-02 18:46:06,490 - INFO - --- Main thread finished. Forcing process exit to kill zombie threads. ---
