2025-11-28 21:40:59,259 - INFO - Loading AI Semantic Model (all-MiniLM-L6-v2)...
2025-11-28 21:40:59,260 - INFO - Use pytorch device_name: cpu
2025-11-28 21:40:59,260 - INFO - Load pretrained SentenceTransformer: all-MiniLM-L6-v2
2025-11-28 21:41:00,512 - INFO - AI Model loaded successfully.
2025-11-28 21:41:00,512 - INFO - Initializing database connection at: news_articles.db
2025-11-28 21:41:00,512 - INFO - --- Scraper service started (CI Mode: Run Once) ---
2025-11-28 21:41:00,512 - INFO - --- Starting new scraping job (Parallel Mode) ---
2025-11-28 21:41:00,512 - INFO - Creating new robust session with 3 retries on 5xx/connection/read errors.
2025-11-28 21:41:00,512 - INFO - Proxy is DISABLED.
2025-11-28 21:41:00,513 - INFO - Starting scrape for BBC RSS feed: http://feeds.bbci.co.uk/news/world/rss.xml
2025-11-28 21:41:00,514 - INFO - [Times of India] (Thread) requires Selenium. Initializing driver...
2025-11-28 21:41:00,514 - INFO - Initializing headless Selenium Chrome driver (using SeleniumManager)...
2025-11-28 21:41:00,514 - INFO - Starting scrape for The Guardian RSS feed: https://www.theguardian.com/world/rss
2025-11-28 21:41:00,516 - INFO - [The Hindu] (Thread) requires Selenium. Initializing driver...
2025-11-28 21:41:00,516 - INFO - Initializing headless Selenium Chrome driver (using SeleniumManager)...
2025-11-28 21:41:00,516 - INFO - Submitted 4 jobs to thread pool. Waiting up to 300s for completion...
2025-11-28 21:41:00,699 - INFO - Found 45 articles in The Guardian RSS feed. Processing up to 20.
2025-11-28 21:41:00,699 - INFO - [The Guardian] Article: https://www.theguardian.com/world/2025/nov/28/jacob-zuma-daughter-resigns-claims-south-africans-tricked-fight-russia
2025-11-28 21:41:00,699 - INFO - [The Guardian] Attempt 1/1: Trying with 'requests_browser' strategy...
2025-11-28 21:41:00,785 - INFO - [The Guardian] Success with 'requests_browser'. Found content (753 words).
2025-11-28 21:41:00,821 - INFO - Duplicate article skipped: Jacob Zuma’s daughter resigns amid claims South Africans tricked to fight for Russia | South Africa | The Guardian from The Guardian
2025-11-28 21:41:01,079 - INFO - Found 29 articles in BBC RSS feed. Processing up to 20.
2025-11-28 21:41:01,079 - INFO - [BBC] Article: https://www.bbc.com/news/articles/ckg9nd2wddno?at_medium=RSS&at_campaign=rss
2025-11-28 21:41:01,079 - INFO - [BBC] Attempt 1/1: Trying with 'requests_browser' strategy...
2025-11-28 21:41:01,659 - INFO - [BBC] Success with 'requests_browser'. Found content (929 words).
2025-11-28 21:41:01,701 - INFO - Duplicate article skipped: Zelensky's chief of staff Andriy Yermak resigns after anti-corruption raid from BBC
2025-11-28 21:41:02,187 - INFO - [The Guardian] Article: https://www.theguardian.com/environment/2025/nov/28/africa-forests-transformed-carbon-sink-carbon-source-study
2025-11-28 21:41:02,187 - INFO - [The Guardian] Attempt 1/1: Trying with 'requests_browser' strategy...
2025-11-28 21:41:02,227 - INFO - [The Guardian] Success with 'requests_browser'. Found content (458 words).
2025-11-28 21:41:02,262 - INFO - Duplicate article skipped: Africa’s forests transformed from carbon sink to carbon source, study finds | Climate crisis | The Guardian from The Guardian
2025-11-28 21:41:02,817 - INFO - [BBC] Article: https://www.bbc.com/news/articles/c79xd17dre3o?at_medium=RSS&at_campaign=rss
2025-11-28 21:41:02,817 - INFO - [BBC] Attempt 1/1: Trying with 'requests_browser' strategy...
2025-11-28 21:41:02,872 - INFO - [BBC] Success with 'requests_browser'. Found content (771 words).
2025-11-28 21:41:02,921 - INFO - Duplicate article skipped: Hong Kong tower blocks fire death toll rises to 128 from BBC
2025-11-28 21:41:03,463 - INFO - [The Guardian] Article: https://www.theguardian.com/world/2025/nov/26/guinea-bissau-officers-take-total-control-close-borders-amid-election-chaos
2025-11-28 21:41:03,463 - INFO - [The Guardian] Attempt 1/1: Trying with 'requests_browser' strategy...
2025-11-28 21:41:03,604 - INFO - [BBC] Article: https://www.bbc.com/news/articles/c0q5w8l88dvo?at_medium=RSS&at_campaign=rss
2025-11-28 21:41:03,604 - INFO - [BBC] Attempt 1/1: Trying with 'requests_browser' strategy...
2025-11-28 21:41:03,605 - INFO - [The Guardian] Success with 'requests_browser'. Found content (412 words).
2025-11-28 21:41:03,642 - INFO - Duplicate article skipped: Guinea-Bissau military takes ‘total control’ amid election chaos | Guinea-Bissau | The Guardian from The Guardian
2025-11-28 21:41:03,664 - INFO - [BBC] Success with 'requests_browser'. Found content (700 words).
2025-11-28 21:41:03,702 - INFO - Duplicate article skipped: Afghans in US issue plea to Trump after 'tragic' Washington DC shooting from BBC
2025-11-28 21:41:04,368 - INFO - [The Guardian] Article: https://www.theguardian.com/world/2025/nov/25/nigerian-schoolgirls-rescued-after-mass-abduction-in-kebbi
2025-11-28 21:41:04,369 - INFO - [The Guardian] Attempt 1/1: Trying with 'requests_browser' strategy...
2025-11-28 21:41:04,643 - INFO - [The Guardian] Success with 'requests_browser'. Found content (515 words).
2025-11-28 21:41:04,685 - INFO - Duplicate article skipped: Nigerian schoolgirls rescued after mass abduction in Kebbi | Nigeria | The Guardian from The Guardian
2025-11-28 21:41:04,887 - INFO - [BBC] Article: https://www.bbc.com/news/articles/cdxweyy157go?at_medium=RSS&at_campaign=rss
2025-11-28 21:41:04,887 - INFO - [BBC] Attempt 1/1: Trying with 'requests_browser' strategy...
2025-11-28 21:41:04,938 - INFO - [BBC] Success with 'requests_browser'. Found content (1079 words).
2025-11-28 21:41:04,975 - INFO - Duplicate article skipped: Trump says US will pause migration from 'third-world countries' from BBC
2025-11-28 21:41:06,104 - INFO - [BBC] Article: https://www.bbc.com/news/articles/cp89k31krz4o?at_medium=RSS&at_campaign=rss
2025-11-28 21:41:06,104 - INFO - [BBC] Attempt 1/1: Trying with 'requests_browser' strategy...
2025-11-28 21:41:06,166 - INFO - [The Guardian] Article: https://www.theguardian.com/world/2025/nov/25/jacob-zuma-daughter-accused-tricking-men-fighting-for-russia-in-ukraine
2025-11-28 21:41:06,166 - INFO - [The Guardian] Attempt 1/1: Trying with 'requests_browser' strategy...
2025-11-28 21:41:06,257 - INFO - [BBC] Success with 'requests_browser'. Found content (485 words).
2025-11-28 21:41:06,292 - INFO - Duplicate article skipped: Thirteen killed in deadliest Israeli raid for months in southern Syria from BBC
2025-11-28 21:41:06,312 - INFO - [The Guardian] Success with 'requests_browser'. Found content (656 words).
2025-11-28 21:41:06,354 - INFO - Duplicate article skipped: Jacob Zuma’s daughter accused of tricking men into fighting for Russia in Ukraine | South Africa | The Guardian from The Guardian
2025-11-28 21:41:06,997 - INFO - [The Guardian] Article: https://www.theguardian.com/us-news/2025/nov/28/college-student-deported-boston-flight-thanksgiving
2025-11-28 21:41:06,998 - INFO - [The Guardian] Attempt 1/1: Trying with 'requests_browser' strategy...
2025-11-28 21:41:07,034 - INFO - [The Guardian] Success with 'requests_browser'. Found content (274 words).
2025-11-28 21:41:07,072 - INFO - Duplicate article skipped: College student deported when flying home for Thanksgiving, despite court order | ICE (US Immigration and Customs Enforcement) | The Guardian from The Guardian
2025-11-28 21:41:07,126 - INFO - [BBC] Article: https://www.bbc.com/news/articles/cx2dndy228xo?at_medium=RSS&at_campaign=rss
2025-11-28 21:41:07,126 - INFO - [BBC] Attempt 1/1: Trying with 'requests_browser' strategy...
2025-11-28 21:41:07,181 - INFO - [BBC] Success with 'requests_browser'. Found content (1379 words).
2025-11-28 21:41:07,223 - INFO - Duplicate article skipped: Duduzile Zuma-Sambudla resigns as South African MP over Russia mercenary recruitment scandal from BBC
2025-11-28 21:41:08,028 - INFO - Selenium driver initialized successfully.
2025-11-28 21:41:08,028 - INFO - Starting scrape for The Hindu RSS feed: https://www.thehindu.com/news/national/feeder/default.rss
2025-11-28 21:41:08,029 - INFO - Selenium driver initialized successfully.
2025-11-28 21:41:08,029 - INFO - Starting scrape for Times of India RSS feed: https://timesofindia.indiatimes.com/rssfeeds/296589292.cms
2025-11-28 21:41:08,098 - INFO - [The Guardian] Article: https://www.theguardian.com/world/2025/nov/28/quebec-prayer-law-canada
2025-11-28 21:41:08,099 - INFO - [The Guardian] Attempt 1/1: Trying with 'requests_browser' strategy...
2025-11-28 21:41:08,137 - INFO - [The Guardian] Success with 'requests_browser'. Found content (539 words).
2025-11-28 21:41:08,171 - INFO - Duplicate article skipped: Quebec to ban public prayer in sweeping new secularism law | Quebec | The Guardian from The Guardian
2025-11-28 21:41:08,229 - INFO - [BBC] Article: https://www.bbc.com/news/articles/c0l9z176lnlo?at_medium=RSS&at_campaign=rss
2025-11-28 21:41:08,230 - INFO - [BBC] Attempt 1/1: Trying with 'requests_browser' strategy...
2025-11-28 21:41:08,275 - INFO - [BBC] Success with 'requests_browser'. Found content (678 words).
2025-11-28 21:41:08,313 - INFO - Duplicate article skipped: Austrian nuns win reprieve in abandoned convent - if they stay off social media from BBC
2025-11-28 21:41:08,347 - INFO - Found 20 articles in Times of India RSS feed. Processing up to 20.
2025-11-28 21:41:08,348 - INFO - [Times of India] Article: https://timesofindia.indiatimes.com/world/us/dc-shooting-us-treasury-to-cut-federal-benefits-to-illegal-aliens-amid-trumps-rant-on-immigrants-from-third-world-countries/articleshow/125646901.cms
2025-11-28 21:41:08,348 - INFO - [Times of India] Attempt 1/1: Trying with 'selenium_browser' strategy...
2025-11-28 21:41:08,354 - INFO - Found 100 articles in The Hindu RSS feed. Processing up to 20.
2025-11-28 21:41:08,354 - INFO - [The Hindu] Article: https://www.thehindu.com/news/national/tamil-nadu/tn-prioritising-emerging-domains-like-ai-to-drive-tech-based-learning-ecosystem/article70335581.ece
2025-11-28 21:41:08,354 - INFO - [The Hindu] Attempt 1/1: Trying with 'selenium_browser' strategy...
2025-11-28 21:41:09,326 - INFO - [The Guardian] Article: https://www.theguardian.com/world/2025/nov/28/haida-nation-mark-carney-pipe-dream-oil-energy
2025-11-28 21:41:09,326 - INFO - [The Guardian] Attempt 1/1: Trying with 'requests_browser' strategy...
2025-11-28 21:41:09,377 - INFO - [The Guardian] Success with 'requests_browser'. Found content (1103 words).
2025-11-28 21:41:09,425 - INFO - Duplicate article skipped: ‘Not going to happen’: First Nations threaten to end Carney’s pipe dream | Canada | The Guardian from The Guardian
2025-11-28 21:41:09,539 - INFO - [BBC] Article: https://www.bbc.com/news/articles/ckglrdg6kz7o?at_medium=RSS&at_campaign=rss
2025-11-28 21:41:09,539 - INFO - [BBC] Attempt 1/1: Trying with 'requests_browser' strategy...
2025-11-28 21:41:09,718 - INFO - [BBC] Success with 'requests_browser'. Found content (639 words).
2025-11-28 21:41:09,788 - INFO - Duplicate article skipped: UN panel says Israel operating 'de facto policy of torture' from BBC
2025-11-28 21:41:10,231 - INFO - [The Guardian] Article: https://www.theguardian.com/world/2025/nov/28/st-vincent-caribbean-opposition-party-celebrates-historic-election-win
2025-11-28 21:41:10,232 - INFO - [The Guardian] Attempt 1/1: Trying with 'requests_browser' strategy...
2025-11-28 21:41:10,295 - INFO - [The Guardian] Success with 'requests_browser'. Found content (609 words).
2025-11-28 21:41:10,367 - INFO - Duplicate article skipped: St Vincent opposition party celebrates historic election win | St Vincent and the Grenadines | The Guardian from The Guardian
2025-11-28 21:41:10,973 - INFO - [BBC] Article: https://www.bbc.com/news/articles/c0q5w13e58zo?at_medium=RSS&at_campaign=rss
2025-11-28 21:41:10,973 - INFO - [BBC] Attempt 1/1: Trying with 'requests_browser' strategy...
2025-11-28 21:41:10,978 - INFO - [The Guardian] Article: https://www.theguardian.com/world/2025/nov/27/st-vincent-prime-minister-seeks-record-sixth-term-in-tight-election
2025-11-28 21:41:10,978 - INFO - [The Guardian] Attempt 1/1: Trying with 'requests_browser' strategy...
2025-11-28 21:41:11,199 - INFO - [The Guardian] Success with 'requests_browser'. Found content (678 words).
2025-11-28 21:41:11,355 - INFO - [BBC] Success with 'requests_browser'. Found content (422 words).
2025-11-28 21:41:11,589 - INFO - Duplicate article skipped: St Vincent prime minister seeks record sixth term in tight election | St Vincent and the Grenadines | The Guardian from The Guardian
2025-11-28 21:41:11,637 - INFO - Duplicate article skipped: Lightning detected on Mars by Nasa rover, scientists believe from BBC
2025-11-28 21:41:12,088 - INFO - [The Hindu] Page content loaded.
2025-11-28 21:41:12,216 - INFO - [The Hindu] Success with 'selenium_browser'. Found content (392 words).
2025-11-28 21:41:12,706 - INFO - [The Guardian] Article: https://www.theguardian.com/news/2025/nov/28/hong-kong-apartment-fire-response-rescue-operations-death-toll
2025-11-28 21:41:12,706 - INFO - [The Guardian] Attempt 1/1: Trying with 'requests_browser' strategy...
2025-11-28 21:41:12,844 - INFO - [BBC] Article: https://www.bbc.com/news/articles/clyz7njqwvvo?at_medium=RSS&at_campaign=rss
2025-11-28 21:41:12,844 - INFO - [BBC] Attempt 1/1: Trying with 'requests_browser' strategy...
2025-11-28 21:41:12,997 - INFO - [The Guardian] Success with 'requests_browser'. Found content (1000 words).
2025-11-28 21:41:13,310 - INFO - [BBC] Success with 'requests_browser'. Found content (345 words).
2025-11-28 21:41:29,680 - INFO - Saved article: ‘T.N. focusing on emerging domains like AI to drive tech-based learning ecosystem’ - The Hindu from The Hindu
2025-11-28 21:41:29,680 - INFO - Duplicate article skipped: Rescue efforts end at Hong Kong tower block fire as death toll reaches 128 | Hong Kong apartment fires | The Guardian from The Guardian
2025-11-28 21:41:29,681 - INFO - Duplicate article skipped: Japan's same-sex marriage ban is constitutional, says Tokyo court from BBC
2025-11-28 21:41:30,372 - INFO - [BBC] Article: https://www.bbc.com/news/articles/c0r9qzrxdwwo?at_medium=RSS&at_campaign=rss
2025-11-28 21:41:30,373 - INFO - [BBC] Attempt 1/1: Trying with 'requests_browser' strategy...
2025-11-28 21:41:30,402 - INFO - [The Guardian] Article: https://www.theguardian.com/news/2025/nov/28/hong-kong-community-groups-deliver-aid-to-survivors-of-wang-fuk-court-fire
2025-11-28 21:41:30,402 - INFO - [The Guardian] Attempt 1/1: Trying with 'requests_browser' strategy...
2025-11-28 21:41:30,426 - INFO - [BBC] Success with 'requests_browser'. Found content (448 words).
2025-11-28 21:41:30,463 - INFO - Duplicate article skipped: Tunisia hands prison terms to dozens of opposition figures from BBC
2025-11-28 21:41:30,595 - INFO - [The Guardian] Success with 'requests_browser'. Found content (687 words).
2025-11-28 21:41:30,637 - INFO - Duplicate article skipped: Hong Kong community groups deliver aid to survivors of Wang Fuk Court fire | Hong Kong apartment fires | The Guardian from The Guardian
2025-11-28 21:41:30,660 - INFO - [The Hindu] Article: https://www.thehindu.com/news/national/west-bengal/around-15-lakh-dead-voters-identified-in-bengalso-far/article70335489.ece
2025-11-28 21:41:30,660 - INFO - [The Hindu] Attempt 1/1: Trying with 'selenium_browser' strategy...
2025-11-28 21:41:31,153 - INFO - [The Guardian] Article: https://www.theguardian.com/world/2025/nov/28/bear-attacks-man-public-toilet-japan
2025-11-28 21:41:31,153 - INFO - [The Guardian] Attempt 1/1: Trying with 'requests_browser' strategy...
2025-11-28 21:41:31,193 - INFO - [The Guardian] Success with 'requests_browser'. Found content (373 words).
2025-11-28 21:41:31,229 - INFO - Duplicate article skipped: Bear attacks man in public toilet in Japan | Japan | The Guardian from The Guardian
2025-11-28 21:41:31,688 - INFO - [BBC] Article: https://www.bbc.com/news/articles/c058lny3pdqo?at_medium=RSS&at_campaign=rss
2025-11-28 21:41:31,689 - INFO - [BBC] Attempt 1/1: Trying with 'requests_browser' strategy...
2025-11-28 21:41:31,737 - INFO - [BBC] Success with 'requests_browser'. Found content (863 words).
2025-11-28 21:41:31,777 - INFO - Duplicate article skipped: Hungary's Orban defies EU partners and meets Putin again in Moscow from BBC
2025-11-28 21:41:32,682 - INFO - [The Guardian] Article: https://www.theguardian.com/world/2025/nov/28/china-civil-service-exam-age-limit-changed
2025-11-28 21:41:32,682 - INFO - [The Guardian] Attempt 1/1: Trying with 'requests_browser' strategy...
2025-11-28 21:41:32,734 - INFO - [The Guardian] Success with 'requests_browser'. Found content (763 words).
2025-11-28 21:41:32,794 - INFO - Duplicate article skipped: Millions in China cram for civil service exam and the hope of a job for life | China | The Guardian from The Guardian
2025-11-28 21:41:33,043 - INFO - [BBC] Article: https://www.bbc.com/news/articles/c3e015p1jwvo?at_medium=RSS&at_campaign=rss
2025-11-28 21:41:33,044 - INFO - [BBC] Attempt 1/1: Trying with 'requests_browser' strategy...
2025-11-28 21:41:33,101 - INFO - [BBC] Success with 'requests_browser'. Found content (536 words).
2025-11-28 21:41:33,158 - INFO - Duplicate article skipped: Zambia's Tasila Lungu: Daughter of unburied ex-president loses MP seat from BBC
2025-11-28 21:41:33,667 - INFO - [The Hindu] Page content loaded.
2025-11-28 21:41:33,720 - INFO - [The Hindu] Success with 'selenium_browser'. Found content (543 words).
2025-11-28 21:41:33,818 - INFO - Duplicate article skipped: Around 15 lakh dead voters identified in Bengal so far - The Hindu from The Hindu
2025-11-28 21:41:33,969 - INFO - [BBC] Article: https://www.bbc.com/news/articles/clyd4llgrego?at_medium=RSS&at_campaign=rss
2025-11-28 21:41:33,969 - INFO - [BBC] Attempt 1/1: Trying with 'requests_browser' strategy...
2025-11-28 21:41:34,169 - INFO - [The Guardian] Article: https://www.theguardian.com/world/2025/nov/28/flash-flooding-sumatra-death-toll-rises
2025-11-28 21:41:34,177 - INFO - [The Guardian] Attempt 1/1: Trying with 'requests_browser' strategy...
2025-11-28 21:41:34,210 - INFO - [BBC] Success with 'requests_browser'. Found content (415 words).
2025-11-28 21:41:34,314 - INFO - [The Guardian] Success with 'requests_browser'. Found content (785 words).
2025-11-28 21:41:34,359 - INFO - Duplicate article skipped: Louvre to hike ticket prices for most non-EU tourists by 45% from BBC
2025-11-28 21:41:34,384 - INFO - Duplicate article skipped: Flash flooding in Sumatra kills 69 as rescue crews search rivers for survivors | Indonesia | The Guardian from The Guardian
2025-11-28 21:41:34,936 - INFO - [The Guardian] Article: https://www.theguardian.com/australia-news/2025/nov/29/exclusive-gun-club-linked-to-andrew-hastie-awarded-almost-20000-in-government-grants
2025-11-28 21:41:34,936 - INFO - [The Guardian] Attempt 1/1: Trying with 'requests_browser' strategy...
2025-11-28 21:41:34,945 - INFO - [BBC] Article: https://www.bbc.com/news/articles/cwyx4y6007lo?at_medium=RSS&at_campaign=rss
2025-11-28 21:41:34,945 - INFO - [BBC] Attempt 1/1: Trying with 'requests_browser' strategy...
2025-11-28 21:41:34,994 - INFO - [BBC] Success with 'requests_browser'. Found content (891 words).
2025-11-28 21:41:35,032 - INFO - Duplicate article skipped: National Guard member Sarah Beckstrom dies after shooting in Washington DC from BBC
2025-11-28 21:41:35,096 - INFO - [The Guardian] Success with 'requests_browser'. Found content (715 words).
2025-11-28 21:41:35,154 - INFO - Duplicate article skipped: Exclusive gun club linked to Andrew Hastie awarded almost $20,000 in government grants | Andrew Hastie | The Guardian from The Guardian
2025-11-28 21:41:35,164 - INFO - [The Hindu] Article: https://www.thehindu.com/news/national/maharashtra/dare-bjp-to-suspend-mps-for-chanting-vande-mataram-says-uddha-thackeray/article70335304.ece
2025-11-28 21:41:35,164 - INFO - [The Hindu] Attempt 1/1: Trying with 'selenium_browser' strategy...
2025-11-28 21:41:35,793 - INFO - [BBC] Article: https://www.bbc.com/news/videos/cev8exezvw2o?at_medium=RSS&at_campaign=rss
2025-11-28 21:41:35,793 - INFO - [BBC] Attempt 1/1: Trying with 'requests_browser' strategy...
2025-11-28 21:41:35,972 - INFO - [BBC] Success with 'requests_browser'. Found content (89 words).
2025-11-28 21:41:35,984 - INFO - [The Guardian] Article: https://www.theguardian.com/australia-news/2025/nov/29/mineral-sunscreens-australia-identical-to-others
2025-11-28 21:41:35,985 - INFO - [The Guardian] Attempt 1/1: Trying with 'requests_browser' strategy...
2025-11-28 21:41:36,038 - INFO - Duplicate article skipped: Pope Leo struggles to unveil plaque in Turkey from BBC
2025-11-28 21:41:36,064 - INFO - [The Guardian] Success with 'requests_browser'. Found content (932 words).
2025-11-28 21:41:36,070 - INFO - [The Hindu] Page content loaded.
2025-11-28 21:41:36,129 - INFO - Duplicate article skipped: ‘Mineral’ sunscreens marketed to Australians contain almost identical chemicals as others, testing shows | Consumer affairs | The Guardian from The Guardian
2025-11-28 21:41:36,158 - INFO - [The Hindu] Success with 'selenium_browser'. Found content (401 words).
2025-11-28 21:41:36,232 - INFO - Duplicate article skipped: Dare BJP to suspend MPs for chanting Vande Mataram, says Uddha Thackeray - The Hindu from The Hindu
2025-11-28 21:41:36,802 - INFO - [The Guardian] Article: https://www.theguardian.com/australia-news/2025/nov/28/bondi-junction-stabbings-joel-cauchi-inquest-drug-use
2025-11-28 21:41:36,802 - INFO - [The Guardian] Attempt 1/1: Trying with 'requests_browser' strategy...
2025-11-28 21:41:37,001 - INFO - [The Guardian] Success with 'requests_browser'. Found content (901 words).
2025-11-28 21:41:37,079 - INFO - Duplicate article skipped: Bondi Junction stabbings: ‘10 seconds warning’ from security could have saved lives, inquest hears | Bondi Junction stabbings | The Guardian from The Guardian
2025-11-28 21:41:37,298 - INFO - [The Hindu] Article: https://www.thehindu.com/news/national/jammu-and-kashmir/ed-files-prosecutioncomplaint-against-kashmir-couple-under-pmla/article70335606.ece
2025-11-28 21:41:37,299 - INFO - [The Hindu] Attempt 1/1: Trying with 'selenium_browser' strategy...
2025-11-28 21:41:37,500 - INFO - [BBC] Article: https://www.bbc.com/news/articles/c0q5ww558ngo?at_medium=RSS&at_campaign=rss
2025-11-28 21:41:37,501 - INFO - [BBC] Attempt 1/1: Trying with 'requests_browser' strategy...
2025-11-28 21:41:37,658 - INFO - [The Guardian] Article: https://www.theguardian.com/australia-news/live/2025/nov/28/australia-news-live-storms-hail-queensland-environment-laws-anthony-albanese-labor-greens-sussan-ley-coalition-ntwnfb
2025-11-28 21:41:37,658 - INFO - [The Guardian] Attempt 1/1: Trying with 'requests_browser' strategy...
2025-11-28 21:41:37,827 - INFO - [BBC] Success with 'requests_browser'. Found content (442 words).
2025-11-28 21:41:37,889 - INFO - Duplicate article skipped: Peru: Two former presidents jailed in two days from BBC
2025-11-28 21:41:38,205 - INFO - [The Guardian] Success with 'requests_browser'. Found content (1988 words).
2025-11-28 21:41:38,316 - INFO - Duplicate article skipped: Barnaby Joyce’s exit from the Nationals ‘almost a Greek tragedy’, Michael McCormack says – as it happened | Australia news | The Guardian from The Guardian
2025-11-28 21:41:38,336 - INFO - [The Hindu] Page content loaded.
2025-11-28 21:41:38,382 - INFO - [The Hindu] Success with 'selenium_browser'. Found content (303 words).
2025-11-28 21:41:38,710 - INFO - Duplicate article skipped: ED files prosecution complaint against Kashmir couple under PMLA - The Hindu from The Hindu
2025-11-28 21:41:38,793 - INFO - [BBC] Article: https://www.bbc.com/news/articles/cly3e1261dko?at_medium=RSS&at_campaign=rss
2025-11-28 21:41:38,793 - INFO - [BBC] Attempt 1/1: Trying with 'requests_browser' strategy...
2025-11-28 21:41:38,881 - INFO - [BBC] Success with 'requests_browser'. Found content (1237 words).
2025-11-28 21:41:38,955 - INFO - Duplicate article skipped: How were Afghan evacuees vetted under Biden? from BBC
2025-11-28 21:41:39,454 - INFO - [The Guardian] Article: https://www.theguardian.com/australia-news/2025/nov/28/jai-wright-police-officer-guilty-causing-indigenous-teenager-death-ntwnfb
2025-11-28 21:41:39,454 - INFO - [The Guardian] Attempt 1/1: Trying with 'requests_browser' strategy...
2025-11-28 21:41:39,579 - INFO - [BBC] Article: https://www.bbc.com/news/articles/cn8e5j20g27o?at_medium=RSS&at_campaign=rss
2025-11-28 21:41:39,579 - INFO - [BBC] Attempt 1/1: Trying with 'requests_browser' strategy...
2025-11-28 21:41:39,777 - INFO - [BBC] Success with 'requests_browser'. Found content (805 words).
2025-11-28 21:41:39,853 - INFO - Duplicate article skipped: Hong Kong fire: Anger and unanswered questions from BBC
2025-11-28 21:41:39,879 - INFO - [The Hindu] Article: https://www.thehindu.com/news/national/india-seals-7995-crore-deal-with-the-us-for-navys-mh-60r-helicopter-fleet-support/article70336258.ece
2025-11-28 21:41:39,879 - INFO - [The Hindu] Attempt 1/1: Trying with 'selenium_browser' strategy...
2025-11-28 21:41:39,885 - INFO - [The Guardian] Success with 'requests_browser'. Found content (639 words).
2025-11-28 21:41:39,962 - INFO - Duplicate article skipped: Police sergeant found guilty of causing death of 16-year-old Indigenous teenager Jai Wright | Australian police and policing | The Guardian from The Guardian
2025-11-28 21:41:40,845 - INFO - [The Hindu] Page content loaded.
2025-11-28 21:41:40,992 - INFO - [The Hindu] Success with 'selenium_browser'. Found content (343 words).
2025-11-28 21:41:41,061 - INFO - Duplicate article skipped: India seals ₹7,995 crore deal with the U.S. for Navy’s MH-60R helicopter fleet support - The Hindu from The Hindu
2025-11-28 21:41:41,078 - INFO - [BBC] Article: https://www.bbc.com/news/articles/cj9y0pjzmdro?at_medium=RSS&at_campaign=rss
2025-11-28 21:41:41,078 - INFO - [BBC] Attempt 1/1: Trying with 'requests_browser' strategy...
2025-11-28 21:41:41,387 - INFO - [BBC] Success with 'requests_browser'. Found content (1164 words).
2025-11-28 21:41:41,427 - INFO - Duplicate article skipped: 'Hang in there': Agonising wait for hundreds missing after Hong Kong blaze from BBC
2025-11-28 21:41:42,499 - INFO - [The Hindu] Article: https://www.thehindu.com/news/national/karnataka/bmtc-reduces-vajra-ac-weekly-pass-fare-to-700/article70335693.ece
2025-11-28 21:41:42,499 - INFO - [The Hindu] Attempt 1/1: Trying with 'selenium_browser' strategy...
2025-11-28 21:41:43,487 - INFO - [The Hindu] Page content loaded.
2025-11-28 21:41:43,541 - INFO - [The Hindu] Success with 'selenium_browser'. Found content (189 words).
2025-11-28 21:41:43,617 - INFO - Duplicate article skipped: BMTC reduces Vajra AC weekly pass fare to ₹700 - The Hindu from The Hindu
2025-11-28 21:41:44,664 - INFO - [The Hindu] Article: https://www.thehindu.com/news/national/karnataka/lokayukta-raids-revenue-offices-in-khata-bribery-case/article70335992.ece
2025-11-28 21:41:44,664 - INFO - [The Hindu] Attempt 1/1: Trying with 'selenium_browser' strategy...
2025-11-28 21:41:45,650 - INFO - [The Hindu] Page content loaded.
2025-11-28 21:41:45,723 - INFO - [The Hindu] Success with 'selenium_browser'. Found content (221 words).
2025-11-28 21:41:45,817 - INFO - Duplicate article skipped: Lokayukta raids revenue offices in khata bribery case - The Hindu from The Hindu
2025-11-28 21:41:47,161 - INFO - [The Hindu] Article: https://www.thehindu.com/news/national/karnataka/cens-scientists-make-breakthrough-in-the-development-of-eco-friendly-batteries/article70335424.ece
2025-11-28 21:41:47,161 - INFO - [The Hindu] Attempt 1/1: Trying with 'selenium_browser' strategy...
2025-11-28 21:41:48,846 - INFO - [The Hindu] Page content loaded.
2025-11-28 21:41:48,901 - INFO - [The Hindu] Success with 'selenium_browser'. Found content (240 words).
2025-11-28 21:41:48,987 - INFO - Duplicate article skipped: CeNS scientists make breakthrough in the development of eco-friendly batteries - The Hindu from The Hindu
2025-11-28 21:41:50,395 - INFO - [The Hindu] Article: https://www.thehindu.com/news/national/karnataka/woman-and-her-male-friend-arrested-on-charge-of-murdering-her-husband/article70335760.ece
2025-11-28 21:41:50,396 - INFO - [The Hindu] Attempt 1/1: Trying with 'selenium_browser' strategy...
2025-11-28 21:41:51,458 - INFO - [The Hindu] Page content loaded.
2025-11-28 21:41:51,499 - INFO - [The Hindu] Success with 'selenium_browser'. Found content (235 words).
2025-11-28 21:41:51,580 - INFO - Duplicate article skipped: Woman and her male friend arrested on charge of murdering her husband - The Hindu from The Hindu
2025-11-28 21:41:52,095 - INFO - [The Hindu] Article: https://www.thehindu.com/sci-tech/science/nisar-earth-observation-satellite-enters-final-science-operations-phase/article70334808.ece
2025-11-28 21:41:52,095 - INFO - [The Hindu] Attempt 1/1: Trying with 'selenium_browser' strategy...
2025-11-28 21:41:53,347 - INFO - [The Hindu] Page content loaded.
2025-11-28 21:41:53,410 - INFO - [The Hindu] Success with 'selenium_browser'. Found content (369 words).
2025-11-28 21:41:53,492 - INFO - Duplicate article skipped: NISAR earth observation satellite enters final science operations phase - The Hindu from The Hindu
2025-11-28 21:41:54,519 - INFO - [The Hindu] Article: https://www.thehindu.com/news/national/kerala/lakshadweep-completes-digitisation-of-sir-forms/article70335688.ece
2025-11-28 21:41:54,519 - INFO - [The Hindu] Attempt 1/1: Trying with 'selenium_browser' strategy...
2025-11-28 21:41:55,315 - INFO - [The Hindu] Page content loaded.
2025-11-28 21:41:55,377 - INFO - [The Hindu] Success with 'selenium_browser'. Found content (136 words).
2025-11-28 21:41:55,452 - INFO - Duplicate article skipped: Lakshadweep completes digitisation of SIR forms - The Hindu from The Hindu
2025-11-28 21:41:56,276 - INFO - [The Hindu] Article: https://www.thehindu.com/news/national/telangana/constable-held-for-stealing-fake-rolex-watch/article70336200.ece
2025-11-28 21:41:56,277 - INFO - [The Hindu] Attempt 1/1: Trying with 'selenium_browser' strategy...
2025-11-28 21:41:57,295 - INFO - [The Hindu] Page content loaded.
2025-11-28 21:41:57,340 - INFO - [The Hindu] Success with 'selenium_browser'. Found content (197 words).
2025-11-28 21:41:57,409 - INFO - Duplicate article skipped: Constable held for stealing fake Rolex watch - The Hindu from The Hindu
2025-11-28 21:41:58,047 - INFO - [The Hindu] Article: https://www.thehindu.com/news/cities/Coimbatore/vulture-safe-veterinary-kits-introduced-in-thengumarahada-village-in-the-nilgiris/article70333790.ece
2025-11-28 21:41:58,047 - INFO - [The Hindu] Attempt 1/1: Trying with 'selenium_browser' strategy...
2025-11-28 21:41:58,846 - INFO - [The Hindu] Page content loaded.
2025-11-28 21:41:58,889 - INFO - [The Hindu] Success with 'selenium_browser'. Found content (283 words).
2025-11-28 21:41:58,938 - INFO - Duplicate article skipped: Vulture-safe veterinary kits introduced in Thengumarahada village in the Nilgiris - The Hindu from The Hindu
2025-11-28 21:41:59,712 - INFO - [The Hindu] Article: https://www.thehindu.com/news/national/tamil-nadu/state-planning-commission-organises-csr-conclave/article70336082.ece
2025-11-28 21:41:59,713 - INFO - [The Hindu] Attempt 1/1: Trying with 'selenium_browser' strategy...
2025-11-28 21:42:00,624 - INFO - [The Hindu] Page content loaded.
2025-11-28 21:42:00,666 - INFO - [The Hindu] Success with 'selenium_browser'. Found content (110 words).
2025-11-28 21:42:00,742 - INFO - Duplicate article skipped: State Planning Commission organises CSR conclave - The Hindu from The Hindu
2025-11-28 21:42:01,939 - INFO - [The Hindu] Article: https://www.thehindu.com/news/national/kerala/rajmohan-unnithan-launches-scathing-attack-on-rahul-mamkootathil/article70335715.ece
2025-11-28 21:42:01,939 - INFO - [The Hindu] Attempt 1/1: Trying with 'selenium_browser' strategy...
2025-11-28 21:42:03,002 - INFO - [The Hindu] Page content loaded.
2025-11-28 21:42:03,046 - INFO - [The Hindu] Success with 'selenium_browser'. Found content (170 words).
2025-11-28 21:42:03,394 - INFO - Duplicate article skipped: Rajmohan Unnithan launches scathing attack on Rahul Mamkootathil - The Hindu from The Hindu
2025-11-28 21:42:04,669 - INFO - [The Hindu] Article: https://www.thehindu.com/news/national/kerala/rising-water-level-tn-starts-to-draw-more-water-from-mullaperiyar-following-kerala-request/article70336282.ece
2025-11-28 21:42:04,669 - INFO - [The Hindu] Attempt 1/1: Trying with 'selenium_browser' strategy...
2025-11-28 21:42:05,686 - INFO - [The Hindu] Page content loaded.
2025-11-28 21:42:05,749 - INFO - [The Hindu] Success with 'selenium_browser'. Found content (131 words).
2025-11-28 21:42:05,845 - INFO - Duplicate article skipped: Rising water level: T.N. starts to draw more water from Mullaperiyar following Kerala request - The Hindu from The Hindu
2025-11-28 21:42:07,115 - INFO - [The Hindu] Article: https://www.thehindu.com/news/national/court-rejects-choksis-plea-on-dropping-of-feo-charges/article70336243.ece
2025-11-28 21:42:07,115 - INFO - [The Hindu] Attempt 1/1: Trying with 'selenium_browser' strategy...
2025-11-28 21:42:08,214 - INFO - [The Hindu] Page content loaded.
2025-11-28 21:42:08,258 - INFO - [The Hindu] Success with 'selenium_browser'. Found content (346 words).
2025-11-28 21:42:08,340 - INFO - Duplicate article skipped: Court rejects Choksi’s plea on dropping of FEO charges - The Hindu from The Hindu
2025-11-28 21:42:08,397 - ERROR - [Times of India] Request failed for strategy 'selenium_browser' on URL https://timesofindia.indiatimes.com/world/us/dc-shooting-us-treasury-to-cut-federal-benefits-to-illegal-aliens-amid-trumps-rant-on-immigrants-from-third-world-countries/articleshow/125646901.cms: Message: timeout: Timed out receiving message from renderer: 59.585
  (Session info: chrome=142.0.7444.162)
Stacktrace:
#0 0x55ee523fe32a <unknown>
#1 0x55ee51e4ae4b <unknown>
#2 0x55ee51e32e0d <unknown>
#3 0x55ee51e32af0 <unknown>
#4 0x55ee51e308ff <unknown>
#5 0x55ee51e3127f <unknown>
#6 0x55ee51e3fca3 <unknown>
#7 0x55ee51e59601 <unknown>
#8 0x55ee51e5fe0b <unknown>
#9 0x55ee51e319bd <unknown>
#10 0x55ee51e593a7 <unknown>
#11 0x55ee51eea170 <unknown>
#12 0x55ee51e8fc1a <unknown>
#13 0x55ee51e90921 <unknown>
#14 0x55ee523c5239 <unknown>
#15 0x55ee523c81e8 <unknown>
#16 0x55ee523ae4c9 <unknown>
#17 0x55ee523c8db5 <unknown>
#18 0x55ee52395e93 <unknown>
#19 0x55ee523eb098 <unknown>
#20 0x55ee523eb273 <unknown>
#21 0x55ee523fd2c3 <unknown>
#22 0x7f4d8249caa4 <unknown>
#23 0x7f4d82529c6c <unknown>

2025-11-28 21:42:08,397 - ERROR - [Times of India] All scrape strategies failed for https://timesofindia.indiatimes.com/world/us/dc-shooting-us-treasury-to-cut-federal-benefits-to-illegal-aliens-amid-trumps-rant-on-immigrants-from-third-world-countries/articleshow/125646901.cms. Falling back to RSS description.
2025-11-28 21:42:08,401 - INFO - Duplicate article skipped: DC shooting: US Treasury to cut federal benefits to 'illegal aliens' amid Trump’s rant on immigrants from third-world countries from Times of India
2025-11-28 21:42:09,230 - INFO - [The Hindu] Article: https://www.thehindu.com/news/national/kerala/kozhikode-district-school-arts-fest-city-sub-district-emerges-overall-champion/article70335888.ece
2025-11-28 21:42:09,230 - INFO - [The Hindu] Attempt 1/1: Trying with 'selenium_browser' strategy...
2025-11-28 21:42:09,376 - INFO - [Times of India] Article: https://timesofindia.indiatimes.com/world/us/didnt-speak-english-much-dc-shooter-suspect-rahmanullah-lakanwal-often-seen-playing-video-games/articleshow/125646871.cms
2025-11-28 21:42:09,377 - INFO - [Times of India] Attempt 1/1: Trying with 'selenium_browser' strategy...
2025-11-28 21:42:10,016 - INFO - [The Hindu] Page content loaded.
2025-11-28 21:42:10,114 - INFO - [The Hindu] Success with 'selenium_browser'. Found content (216 words).
2025-11-28 21:42:10,209 - INFO - Duplicate article skipped: Kozhikode district school arts fest: city sub-district emerges overall champion - The Hindu from The Hindu
2025-11-28 21:42:11,096 - INFO - [The Hindu] Article: https://www.thehindu.com/news/national/tamil-nadu/farmer-arrested-for-growing-ganja-plants-in-farmland-near-gudiyatham-in-vellore/article70334986.ece
2025-11-28 21:42:11,096 - INFO - [The Hindu] Attempt 1/1: Trying with 'selenium_browser' strategy...
2025-11-28 21:42:11,221 - INFO - [Times of India] Page content loaded.
2025-11-28 21:42:11,535 - INFO - [Times of India] Success with 'selenium_browser'. Found content (316 words).
2025-11-28 21:42:11,727 - INFO - Duplicate article skipped: 'Didn't speak English much': DC shooter suspect Rahmanullah Lakanwal often seen playing video games - The Times of India from Times of India
2025-11-28 21:42:12,328 - INFO - [Times of India] Article: https://timesofindia.indiatimes.com/world/us/donald-trump-claims-any-document-signed-by-joe-biden-using-autopen-is-terminated-warns-former-prez-could-face-charges-of-perjury/articleshow/125646862.cms
2025-11-28 21:42:12,328 - INFO - [Times of India] Attempt 1/1: Trying with 'selenium_browser' strategy...
2025-11-28 21:42:15,383 - INFO - [Times of India] Page content loaded.
2025-11-28 21:42:16,044 - INFO - [Times of India] Success with 'selenium_browser'. Found content (335 words).
2025-11-28 21:42:16,182 - INFO - Duplicate article skipped: Donald Trump claims any document signed by Joe Biden using autopen is 'terminated', warns former prez could face ‘charges of perjury’ - The Times of India from Times of India
2025-11-28 21:42:16,687 - INFO - [Times of India] Article: https://timesofindia.indiatimes.com/world/us/want-america-hating-migrants-in-us-donald-trump-jr-slams-wsj-for-defending-afghan-refugees-in-op-ed-after-dc-shooting/articleshow/125645831.cms
2025-11-28 21:42:16,687 - INFO - [Times of India] Attempt 1/1: Trying with 'selenium_browser' strategy...
2025-11-28 21:42:18,964 - INFO - [Times of India] Page content loaded.
2025-11-28 21:42:19,129 - INFO - [Times of India] Success with 'selenium_browser'. Found content (356 words).
2025-11-28 21:42:19,195 - INFO - Duplicate article skipped: 'Want America-hating migrants in US’: Donald Trump Jr slams WSJ for defending Afghan refugees in op-ed after DC shooting - The Times of India from Times of India
2025-11-28 21:42:20,530 - INFO - [Times of India] Article: https://timesofindia.indiatimes.com/world/us/raja-krishnamoorthi-slammed-for-his-proposal-to-double-h-1b-visas-to-130000-hes-serving-india/articleshow/125646198.cms
2025-11-28 21:42:20,530 - INFO - [Times of India] Attempt 1/1: Trying with 'selenium_browser' strategy...
2025-11-28 21:42:21,846 - INFO - [Times of India] Page content loaded.
2025-11-28 21:42:21,983 - INFO - [Times of India] Success with 'selenium_browser'. Found content (338 words).
2025-11-28 21:42:22,046 - INFO - Duplicate article skipped: Raja Krishnamoorthi slammed for his proposal to double H-1B visas to 130,000: 'He's serving India' - The Times of India from Times of India
2025-11-28 21:42:22,939 - INFO - [Times of India] Article: https://timesofindia.indiatimes.com/world/us/from-blacks-target-whites-for-fun-to-all-swifties-want-is-abortion-10-quotes-by-charlie-kirk-that-people-wont-forget/articleshow/125645532.cms
2025-11-28 21:42:22,940 - INFO - [Times of India] Attempt 1/1: Trying with 'selenium_browser' strategy...
2025-11-28 21:42:23,954 - INFO - [Times of India] Page content loaded.
2025-11-28 21:42:24,118 - INFO - [Times of India] Success with 'selenium_browser'. Found content (392 words).
2025-11-28 21:42:24,201 - INFO - Duplicate article skipped: From 'Blacks target Whites for fun' to 'all Swifties want is abortion' — 10 quotes by Charlie Kirk that people won't forget - The Times of India from Times of India
2025-11-28 21:42:25,200 - INFO - [Times of India] Article: https://timesofindia.indiatimes.com/world/us/social-media-reacts-to-donald-and-barron-trump-at-mar-a-lago-in-viral-video-now-you-know-why-he-wants-a-taller-ballroom/articleshow/125645038.cms
2025-11-28 21:42:25,200 - INFO - [Times of India] Attempt 1/1: Trying with 'selenium_browser' strategy...
2025-11-28 21:42:26,508 - INFO - [Times of India] Page content loaded.
2025-11-28 21:42:26,673 - INFO - [Times of India] Success with 'selenium_browser'. Found content (244 words).
2025-11-28 21:42:26,771 - INFO - Duplicate article skipped: Social media reacts to Donald and Barron Trump at Mar-a-Lago in viral video: ‘Now you know why he wants a taller ballroom’ - The Times of India from Times of India
2025-11-28 21:42:27,655 - INFO - [Times of India] Article: https://timesofindia.indiatimes.com/world/us/stop-sending-millions-of-dollars-to-ex-afghanistan-vp-makes-3-requests-to-trump-govt-after-dc-shooting/articleshow/125644559.cms
2025-11-28 21:42:27,655 - INFO - [Times of India] Attempt 1/1: Trying with 'selenium_browser' strategy...
2025-11-28 21:42:28,914 - INFO - [Times of India] Page content loaded.
2025-11-28 21:42:29,094 - INFO - [Times of India] Success with 'selenium_browser'. Found content (347 words).
2025-11-28 21:42:29,177 - INFO - Duplicate article skipped: 'Stop sending millions of dollars to...': Ex-Afghanistan VP makes 3 requests to Trump govt after DC shooting - The Times of India from Times of India
2025-11-28 21:42:30,076 - INFO - [Times of India] Article: https://timesofindia.indiatimes.com/world/us/fbi-director-kash-patel-breaks-silence-on-rumours-trump-wanted-him-out-of-the-white-house-it-was-pretty-comical-/articleshow/125643981.cms
2025-11-28 21:42:30,076 - INFO - [Times of India] Attempt 1/1: Trying with 'selenium_browser' strategy...
2025-11-28 21:42:31,137 - INFO - [Times of India] Page content loaded.
2025-11-28 21:42:31,267 - INFO - [Times of India] Success with 'selenium_browser'. Found content (323 words).
2025-11-28 21:42:31,328 - INFO - Duplicate article skipped: FBI Director Kash Patel breaks silence on rumours Trump wanted him out of the White House: 'It was pretty comical...' - The Times of India from Times of India
2025-11-28 21:42:32,823 - INFO - [Times of India] Article: https://timesofindia.indiatimes.com/world/rest-of-world/man-tells-ontario-court-he-did-sham-marriages-in-india-to-help-indian-women-immigrate-to-canada/articleshow/125643356.cms
2025-11-28 21:42:32,823 - INFO - [Times of India] Attempt 1/1: Trying with 'selenium_browser' strategy...
2025-11-28 21:42:34,159 - INFO - [Times of India] Page content loaded.
2025-11-28 21:42:34,311 - INFO - [Times of India] Success with 'selenium_browser'. Found content (407 words).
2025-11-28 21:42:34,380 - INFO - Duplicate article skipped: Man tells Ontario court he did 'sham marriages' in India to help Indian women immigrate to Canada - The Times of India from Times of India
2025-11-28 21:42:35,741 - INFO - [Times of India] Article: https://timesofindia.indiatimes.com/etimes/trending/russian-popeye-man-who-injected-vaseline-oil-for-giant-biceps-now-faces-possible-arm-amputation/articleshow/125641756.cms
2025-11-28 21:42:35,742 - INFO - [Times of India] Attempt 1/1: Trying with 'selenium_browser' strategy...
2025-11-28 21:42:47,899 - WARNING - [Times of India] Page timed out (10s). No <p> tags found. Proceeding anyway.
2025-11-28 21:42:48,086 - INFO - [Times of India] Success with 'selenium_browser'. Found content (951 words).
2025-11-28 21:42:48,372 - INFO - Duplicate article skipped: ‘Russian Popeye’: Man who injected Vaseline oil for giant biceps now faces possible arm amputation | - The Times of India from Times of India
2025-11-28 21:42:49,079 - INFO - [Times of India] Article: https://timesofindia.indiatimes.com/world/us-streamers/perez-hilton-reacts-as-meghan-markle-is-accused-of-keeping-1700-green-gown-from-a-photoshoot-without-asking/articleshow/125642910.cms
2025-11-28 21:42:49,079 - INFO - [Times of India] Attempt 1/1: Trying with 'selenium_browser' strategy...
2025-11-28 21:42:50,052 - INFO - [Times of India] Page content loaded.
2025-11-28 21:42:50,216 - INFO - [Times of India] Success with 'selenium_browser'. Found content (471 words).
2025-11-28 21:42:50,278 - INFO - Duplicate article skipped: Perez Hilton reacts as Meghan Markle is accused of keeping $1,700 green gown from a photoshoot without asking - The Times of India from Times of India
2025-11-28 21:42:51,280 - INFO - [Times of India] Article: https://timesofindia.indiatimes.com/world/us/amid-h1-b-row-marco-rubio-issues-warning-on-student-visas-if-we-discover-information-that/articleshow/125642782.cms
2025-11-28 21:42:51,280 - INFO - [Times of India] Attempt 1/1: Trying with 'selenium_browser' strategy...
2025-11-28 21:42:52,471 - INFO - [Times of India] Page content loaded.
2025-11-28 21:42:52,600 - INFO - [Times of India] Success with 'selenium_browser'. Found content (375 words).
2025-11-28 21:42:52,665 - INFO - Duplicate article skipped: Amid H1-B row, Marco Rubio issues warning on student visas: ‘If we discover information that…’ - The Times of India from Times of India
2025-11-28 21:42:53,850 - INFO - [Times of India] Article: https://timesofindia.indiatimes.com/world/europe/ukraine-corruption-crisis-zelenskyys-chief-of-staff-andrii-yermak-resigns-after-raid-kyivs-political-turmoil-deepens/articleshow/125642563.cms
2025-11-28 21:42:53,850 - INFO - [Times of India] Attempt 1/1: Trying with 'selenium_browser' strategy...
2025-11-28 21:42:54,985 - INFO - [Times of India] Page content loaded.
2025-11-28 21:42:55,103 - INFO - [Times of India] Success with 'selenium_browser'. Found content (416 words).
2025-11-28 21:42:55,158 - INFO - Duplicate article skipped: Ukraine corruption crisis: Zelenskyy’s chief of staff Andrii Yermak resigns after raid; Kyiv’s political turmoil deepens - The Times of India from Times of India
2025-11-28 21:42:55,739 - INFO - [Times of India] Article: https://timesofindia.indiatimes.com/world/us-streamers/candace-owens-reacts-after-woman-says-tpusa-faith-event-speaker-called-her-evil-and-blasted-tucker-carlson/articleshow/125641911.cms
2025-11-28 21:42:55,739 - INFO - [Times of India] Attempt 1/1: Trying with 'selenium_browser' strategy...
2025-11-28 21:42:57,232 - INFO - [Times of India] Page content loaded.
2025-11-28 21:42:57,456 - INFO - [Times of India] Success with 'selenium_browser'. Found content (433 words).
2025-11-28 21:42:57,573 - INFO - Duplicate article skipped: Candace Owens reacts after woman says TPUSA Faith event speaker called her evil and blasted Tucker Carlson - The Times of India from Times of India
2025-11-28 21:42:58,386 - INFO - [Times of India] Article: https://timesofindia.indiatimes.com/world/us/had-mental-problems-from-what-he-saw-in-afghanistan-childhood-friend-says-dc-shooter-rahmanullah-lakanwal-could-not-tolerate-blood/articleshow/125642259.cms
2025-11-28 21:42:58,386 - INFO - [Times of India] Attempt 1/1: Trying with 'selenium_browser' strategy...
2025-11-28 21:42:59,422 - INFO - [Times of India] Page content loaded.
2025-11-28 21:42:59,553 - INFO - [Times of India] Success with 'selenium_browser'. Found content (323 words).
2025-11-28 21:42:59,621 - INFO - Duplicate article skipped: 'Had mental problems from what he saw in Afghanistan': Childhood friend says DC shooter Rahmanullah Lakanwal could not tolerate blood - The Times of India from Times of India
2025-11-28 21:43:00,987 - INFO - [Times of India] Article: https://timesofindia.indiatimes.com/world/uk/row-erupts-over-30000-paan-spit-clean-up-in-london-import-the-third-world-become-the-third-world-/articleshow/125641926.cms
2025-11-28 21:43:00,988 - INFO - [Times of India] Attempt 1/1: Trying with 'selenium_browser' strategy...
2025-11-28 21:43:02,182 - INFO - [Times of India] Page content loaded.
2025-11-28 21:43:02,317 - INFO - [Times of India] Success with 'selenium_browser'. Found content (309 words).
2025-11-28 21:43:02,389 - INFO - Duplicate article skipped: Row erupts over £30,000 paan spit clean-up in London: 'Import the third world. Become the third world.' - The Times of India from Times of India
2025-11-28 21:43:03,273 - INFO - [Times of India] Article: https://timesofindia.indiatimes.com/world/rest-of-world/which-river-crosses-the-tropic-of-capricorn-twice-the-unique-journey-and-geography-of-the-limpopo-river/articleshow/125637942.cms
2025-11-28 21:43:03,274 - INFO - [Times of India] Attempt 1/1: Trying with 'selenium_browser' strategy...
2025-11-28 21:43:04,466 - INFO - [Times of India] Page content loaded.
2025-11-28 21:43:04,584 - INFO - [Times of India] Success with 'selenium_browser'. Found content (797 words).
2025-11-28 21:43:04,642 - INFO - Duplicate article skipped: Which river crosses the Tropic of Capricorn twice: The unique journey and geography of the Limpopo River | World News - The Times of India from Times of India
2025-11-28 21:43:05,634 - INFO - [Times of India] Article: https://timesofindia.indiatimes.com/world/rest-of-world/beard-battle-sikh-student-in-australia-wins-case-was-initially-asked-to-get-clean-shaven-for-wearing-ppe-mask/articleshow/125641470.cms
2025-11-28 21:43:05,634 - INFO - [Times of India] Attempt 1/1: Trying with 'selenium_browser' strategy...
2025-11-28 21:43:06,853 - INFO - [Times of India] Page content loaded.
2025-11-28 21:43:06,977 - INFO - [Times of India] Success with 'selenium_browser'. Found content (403 words).
2025-11-28 21:43:07,036 - INFO - Duplicate article skipped: Beard battle: Sikh student in Australia wins case; was initially asked to get clean-shaven for wearing PPE mask - The Times of India from Times of India
2025-11-28 21:43:07,693 - INFO - [Times of India] Article: https://timesofindia.indiatimes.com/world/us/two-white-people-and-24-indians-nick-fuentes-mocks-jd-vances-2024-thanksgiving-dinner-photo-with-hindu-wife-ushas-family/articleshow/125640701.cms
2025-11-28 21:43:07,693 - INFO - [Times of India] Attempt 1/1: Trying with 'selenium_browser' strategy...
2025-11-28 21:43:08,733 - INFO - [Times of India] Page content loaded.
2025-11-28 21:43:08,870 - INFO - [Times of India] Success with 'selenium_browser'. Found content (339 words).
2025-11-28 21:43:08,932 - INFO - Duplicate article skipped: 'Two white people and 24 Indians...': Nick Fuentes mocks JD Vance's 2024 Thanksgiving dinner photo with Hindu wife Usha's family - The Times of India from Times of India
2025-11-28 21:43:09,758 - INFO - [Times of India] (Thread) Finished. Attempting to shut down its Selenium driver.
2025-11-28 21:43:10,059 - INFO - [Times of India] (Thread) driver.quit() successful.
2025-11-28 21:43:11,113 - ERROR - [The Hindu] Request failed for strategy 'selenium_browser' on URL https://www.thehindu.com/news/national/tamil-nadu/farmer-arrested-for-growing-ganja-plants-in-farmland-near-gudiyatham-in-vellore/article70334986.ece: Message: timeout: Timed out receiving message from renderer: 58.874
  (Session info: chrome=142.0.7444.162)
Stacktrace:
#0 0x55850f91a32a <unknown>
#1 0x55850f366e4b <unknown>
#2 0x55850f34ee0d <unknown>
#3 0x55850f34eaf0 <unknown>
#4 0x55850f34c8ff <unknown>
#5 0x55850f34d27f <unknown>
#6 0x55850f35bca3 <unknown>
#7 0x55850f375601 <unknown>
#8 0x55850f37be0b <unknown>
#9 0x55850f34d9bd <unknown>
#10 0x55850f3753a7 <unknown>
#11 0x55850f406170 <unknown>
#12 0x55850f3abc1a <unknown>
#13 0x55850f3ac921 <unknown>
#14 0x55850f8e1239 <unknown>
#15 0x55850f8e41e8 <unknown>
#16 0x55850f8ca4c9 <unknown>
#17 0x55850f8e4db5 <unknown>
#18 0x55850f8b1e93 <unknown>
#19 0x55850f907098 <unknown>
#20 0x55850f907273 <unknown>
#21 0x55850f9192c3 <unknown>
#22 0x7f4ce829caa4 <unknown>
#23 0x7f4ce8329c6c <unknown>

2025-11-28 21:43:11,113 - ERROR - [The Hindu] All scrape strategies failed for https://www.thehindu.com/news/national/tamil-nadu/farmer-arrested-for-growing-ganja-plants-in-farmland-near-gudiyatham-in-vellore/article70334986.ece. Falling back to RSS description.
2025-11-28 21:43:11,114 - INFO - Duplicate article skipped: Farmer arrested for growing ganja plants in farmland near Gudiyatham in Vellore from The Hindu
2025-11-28 21:43:11,686 - INFO - [The Hindu] Article: https://www.thehindu.com/news/national/kerala/vacb-trapped-68-public-servants-on-graft-charges-this-year/article70336263.ece
2025-11-28 21:43:11,686 - INFO - [The Hindu] Attempt 1/1: Trying with 'selenium_browser' strategy...
2025-11-28 21:43:14,481 - INFO - [The Hindu] Page content loaded.
2025-11-28 21:43:14,595 - INFO - [The Hindu] Success with 'selenium_browser'. Found content (279 words).
2025-11-28 21:43:14,661 - INFO - Duplicate article skipped: VACB trapped 68 public servants on graft charges this year - The Hindu from The Hindu
2025-11-28 21:43:15,359 - INFO - [The Hindu] (Thread) Finished. Attempting to shut down its Selenium driver.
2025-11-28 21:43:15,557 - INFO - [The Hindu] (Thread) driver.quit() successful.
2025-11-28 21:43:15,557 - INFO - Shutting down thread pool (wait=False)...
2025-11-28 21:43:15,557 - INFO - Scraped: 0 BBC, 0 The Guardian, 1 The Hindu, 0 Times of India articles. (Total saved: 1)
2025-11-28 21:43:15,557 - INFO - --- Scraping job finished ---
2025-11-28 21:43:15,563 - INFO - --- Scraper service stopped and database connection closed. ---
2025-11-28 21:43:15,563 - INFO - --- Main thread finished. Forcing process exit to kill zombie threads. ---
