2025-12-02 14:29:25,377 - INFO - Loading AI Semantic Model (all-MiniLM-L6-v2)...
2025-12-02 14:29:25,377 - INFO - Use pytorch device_name: cpu
2025-12-02 14:29:25,377 - INFO - Load pretrained SentenceTransformer: all-MiniLM-L6-v2
2025-12-02 14:29:27,317 - INFO - AI Model loaded successfully.
2025-12-02 14:29:27,317 - INFO - Initializing database connection at: news_articles.db
2025-12-02 14:29:27,317 - INFO - --- Scraper service started (CI Mode: Run Once) ---
2025-12-02 14:29:27,317 - INFO - --- Starting new scraping job (Parallel Mode) ---
2025-12-02 14:29:27,317 - INFO - Creating new robust session with 3 retries on 5xx/connection/read errors.
2025-12-02 14:29:27,317 - INFO - Proxy is DISABLED.
2025-12-02 14:29:27,318 - INFO - Starting scrape for BBC RSS feed: http://feeds.bbci.co.uk/news/world/rss.xml
2025-12-02 14:29:27,319 - INFO - [Times of India] (Thread) requires Selenium. Initializing driver...
2025-12-02 14:29:27,319 - INFO - Initializing headless Selenium Chrome driver (using SeleniumManager)...
2025-12-02 14:29:27,320 - INFO - Starting scrape for The Guardian RSS feed: https://www.theguardian.com/world/rss
2025-12-02 14:29:27,321 - INFO - [The Hindu] (Thread) requires Selenium. Initializing driver...
2025-12-02 14:29:27,321 - INFO - Initializing headless Selenium Chrome driver (using SeleniumManager)...
2025-12-02 14:29:27,321 - INFO - Submitted 4 jobs to thread pool. Waiting up to 300s for completion...
2025-12-02 14:29:27,475 - INFO - Found 45 articles in The Guardian RSS feed. Processing up to 20.
2025-12-02 14:29:27,475 - INFO - [The Guardian] Article: https://www.theguardian.com/world/2025/dec/01/south-africans-court-alleged-recruitment-russia-war-ukraine
2025-12-02 14:29:27,475 - INFO - [The Guardian] Attempt 1/1: Trying with 'requests_browser' strategy...
2025-12-02 14:29:27,484 - INFO - Found 33 articles in BBC RSS feed. Processing up to 20.
2025-12-02 14:29:27,484 - INFO - [BBC] Article: https://www.bbc.com/news/articles/ce8ng3yjenpo?at_medium=RSS&at_campaign=rss
2025-12-02 14:29:27,484 - INFO - [BBC] Attempt 1/1: Trying with 'requests_browser' strategy...
2025-12-02 14:29:27,513 - INFO - [The Guardian] Success with 'requests_browser'. Found content (506 words).
2025-12-02 14:29:27,551 - INFO - Duplicate article skipped: Five South Africans in court over alleged recruitment for Russia’s war in Ukraine | South Africa | The Guardian from The Guardian
2025-12-02 14:29:29,034 - INFO - [The Guardian] Article: https://www.theguardian.com/global-development/2025/dec/01/global-health-hiv-aids-funding-cuts-infections-prevention
2025-12-02 14:29:29,034 - INFO - [The Guardian] Attempt 1/1: Trying with 'requests_browser' strategy...
2025-12-02 14:29:29,194 - INFO - [The Guardian] Success with 'requests_browser'. Found content (674 words).
2025-12-02 14:29:29,226 - INFO - Duplicate article skipped: Aid cuts have shaken HIV/Aids care to its core – and will mean millions more infections ahead | Global health | The Guardian from The Guardian
2025-12-02 14:29:29,338 - INFO - [BBC] Success with 'requests_browser'. Found content (840 words).
2025-12-02 14:29:29,369 - INFO - Duplicate article skipped: Putin and Trump envoy Steve Witkoff set for key Ukraine talks in Moscow from BBC
2025-12-02 14:29:30,599 - INFO - [BBC] Article: https://www.bbc.com/news/articles/c0r95q9kv1go?at_medium=RSS&at_campaign=rss
2025-12-02 14:29:30,599 - INFO - [BBC] Attempt 1/1: Trying with 'requests_browser' strategy...
2025-12-02 14:29:30,637 - INFO - [BBC] Success with 'requests_browser'. Found content (948 words).
2025-12-02 14:29:30,645 - INFO - [The Guardian] Article: https://www.theguardian.com/world/2025/nov/30/african-leaders-push-for-recognition-of-colonial-crimes-and-reparations
2025-12-02 14:29:30,650 - INFO - [The Guardian] Attempt 1/1: Trying with 'requests_browser' strategy...
2025-12-02 14:29:30,673 - INFO - Duplicate article skipped: US authorised second deadly Venezuela boat strike, White House says from BBC
2025-12-02 14:29:30,695 - INFO - [The Guardian] Success with 'requests_browser'. Found content (670 words).
2025-12-02 14:29:30,734 - INFO - Duplicate article skipped: African leaders push for recognition of colonial crimes and reparations | Colonialism | The Guardian from The Guardian
2025-12-02 14:29:31,727 - INFO - [The Guardian] Article: https://www.theguardian.com/world/2025/nov/28/jacob-zuma-daughter-resigns-claims-south-africans-tricked-fight-russia
2025-12-02 14:29:31,728 - INFO - [The Guardian] Attempt 1/1: Trying with 'requests_browser' strategy...
2025-12-02 14:29:31,889 - INFO - [The Guardian] Success with 'requests_browser'. Found content (753 words).
2025-12-02 14:29:31,922 - INFO - Duplicate article skipped: Jacob Zuma’s daughter resigns amid claims South Africans tricked to fight for Russia | South Africa | The Guardian from The Guardian
2025-12-02 14:29:31,929 - INFO - [BBC] Article: https://www.bbc.com/news/articles/cedxyvx74p4o?at_medium=RSS&at_campaign=rss
2025-12-02 14:29:31,929 - INFO - [BBC] Attempt 1/1: Trying with 'requests_browser' strategy...
2025-12-02 14:29:32,420 - INFO - [BBC] Success with 'requests_browser'. Found content (763 words).
2025-12-02 14:29:32,572 - INFO - Duplicate article skipped: Sanchar Saathi: India mandates state-owned cyber safety app on all smartphones from BBC
2025-12-02 14:29:33,153 - INFO - [BBC] Article: https://www.bbc.com/news/articles/cx2dgp8mvmno?at_medium=RSS&at_campaign=rss
2025-12-02 14:29:33,153 - INFO - [BBC] Attempt 1/1: Trying with 'requests_browser' strategy...
2025-12-02 14:29:33,337 - INFO - [BBC] Success with 'requests_browser'. Found content (872 words).
2025-12-02 14:29:33,377 - INFO - Duplicate article skipped: Honduras election: presidential candidates locked in 'technical tie', official says from BBC
2025-12-02 14:29:33,421 - INFO - [The Guardian] Article: https://www.theguardian.com/environment/2025/nov/28/africa-forests-transformed-carbon-sink-carbon-source-study
2025-12-02 14:29:33,421 - INFO - [The Guardian] Attempt 1/1: Trying with 'requests_browser' strategy...
2025-12-02 14:29:33,577 - INFO - [The Guardian] Success with 'requests_browser'. Found content (458 words).
2025-12-02 14:29:33,609 - INFO - Duplicate article skipped: Africa’s forests transformed from carbon sink to carbon source, study finds | Climate crisis | The Guardian from The Guardian
2025-12-02 14:29:34,409 - INFO - [The Guardian] Article: https://www.theguardian.com/us-news/2025/dec/02/monterrey-mexico-air-quality-industrial-pollution
2025-12-02 14:29:34,409 - INFO - [The Guardian] Attempt 1/1: Trying with 'requests_browser' strategy...
2025-12-02 14:29:34,452 - INFO - [The Guardian] Success with 'requests_browser'. Found content (3688 words).
2025-12-02 14:29:34,580 - INFO - [BBC] Article: https://www.bbc.com/news/articles/cjezwzw088jo?at_medium=RSS&at_campaign=rss
2025-12-02 14:29:34,580 - INFO - [BBC] Attempt 1/1: Trying with 'requests_browser' strategy...
2025-12-02 14:29:34,771 - INFO - [BBC] Success with 'requests_browser'. Found content (501 words).
2025-12-02 14:29:35,523 - INFO - Selenium driver initialized successfully.
2025-12-02 14:29:35,523 - INFO - Starting scrape for The Hindu RSS feed: https://www.thehindu.com/news/national/feeder/default.rss
2025-12-02 14:29:35,525 - INFO - Selenium driver initialized successfully.
2025-12-02 14:29:35,525 - INFO - Starting scrape for Times of India RSS feed: https://timesofindia.indiatimes.com/rssfeeds/296589292.cms
2025-12-02 14:29:35,729 - INFO - Found 100 articles in The Hindu RSS feed. Processing up to 20.
2025-12-02 14:29:35,729 - INFO - [The Hindu] Article: https://www.thehindu.com/news/national/karnataka/fix-lapses-in-implementation-of-food-security-act-kalaburagi-officials-told/article70349358.ece
2025-12-02 14:29:35,729 - INFO - [The Hindu] Attempt 1/1: Trying with 'selenium_browser' strategy...
2025-12-02 14:29:35,779 - INFO - Found 20 articles in Times of India RSS feed. Processing up to 20.
2025-12-02 14:29:35,779 - INFO - [Times of India] Article: https://timesofindia.indiatimes.com/world/us/us-visa-delays-for-indians-fall-f-1-and-b-1/b-2-interview-wait-times-drop-in-new-delhi-chennai-mumbai-hyderabad-kolkata/articleshow/125720464.cms
2025-12-02 14:29:35,780 - INFO - [Times of India] Attempt 1/1: Trying with 'selenium_browser' strategy...
2025-12-02 14:29:55,890 - INFO - Saved article: Revealed: Mexico’s industrial boomtown is making goods for the US. Residents say they’re ‘breathing poison’ | Mexico | The Guardian from The Guardian
2025-12-02 14:29:55,890 - INFO - Duplicate article skipped: Bulgaria ditches budget plan after tens of thousands join protests from BBC
2025-12-02 14:29:57,126 - INFO - [BBC] Article: https://www.bbc.com/news/articles/ce8ng18p7v3o?at_medium=RSS&at_campaign=rss
2025-12-02 14:29:57,126 - INFO - [BBC] Attempt 1/1: Trying with 'requests_browser' strategy...
2025-12-02 14:29:57,162 - INFO - [BBC] Success with 'requests_browser'. Found content (582 words).
2025-12-02 14:29:57,180 - INFO - [The Guardian] Article: https://www.theguardian.com/world/2025/dec/02/st-lucia-election-prime-minister-philip-pierre-wins
2025-12-02 14:29:57,185 - INFO - [The Guardian] Attempt 1/1: Trying with 'requests_browser' strategy...
2025-12-02 14:29:57,196 - INFO - Duplicate article skipped: Hong Kong leader orders investigation into deadly fire that killed 151 from BBC
2025-12-02 14:29:57,355 - INFO - [The Guardian] Success with 'requests_browser'. Found content (310 words).
2025-12-02 14:29:58,314 - INFO - [BBC] Article: https://www.bbc.com/news/articles/cre3q9edqx8o?at_medium=RSS&at_campaign=rss
2025-12-02 14:29:58,314 - INFO - [BBC] Attempt 1/1: Trying with 'requests_browser' strategy...
2025-12-02 14:29:58,367 - INFO - [BBC] Success with 'requests_browser'. Found content (415 words).
2025-12-02 14:30:05,695 - INFO - Saved article: St Lucia prime minister Philip Pierre keeps majority as ruling party wins | St Lucia | The Guardian from The Guardian
2025-12-02 14:30:05,696 - INFO - Duplicate article skipped: Pavarotti statue frozen knee-deep in ice rink strikes wrong note in Italy from BBC
2025-12-02 14:30:06,463 - INFO - [BBC] Article: https://www.bbc.com/news/articles/c33mz477p4po?at_medium=RSS&at_campaign=rss
2025-12-02 14:30:06,463 - INFO - [BBC] Attempt 1/1: Trying with 'requests_browser' strategy...
2025-12-02 14:30:06,500 - INFO - [BBC] Success with 'requests_browser'. Found content (882 words).
2025-12-02 14:30:06,532 - INFO - Duplicate article skipped: Luigi Mangione in court as lawyers seek to rule out notebook, gun and other key evidence from BBC
2025-12-02 14:30:06,587 - INFO - [The Guardian] Article: https://www.theguardian.com/us-news/live/2025/dec/02/donald-trump-pete-hegseth-boat-venezuela-maduro-tennessee-us-politics-live-news-updates
2025-12-02 14:30:06,587 - INFO - [The Guardian] Attempt 1/1: Trying with 'requests_browser' strategy...
2025-12-02 14:30:06,929 - INFO - [The Guardian] Success with 'requests_browser'. Found content (2265 words).
2025-12-02 14:30:07,001 - INFO - Duplicate article skipped: White House distances Hegseth from second strike on alleged drug boat – US politics live | Pete Hegseth | The Guardian from The Guardian
2025-12-02 14:30:07,258 - INFO - [BBC] Article: https://www.bbc.com/news/articles/cn41jge1990o?at_medium=RSS&at_campaign=rss
2025-12-02 14:30:07,258 - INFO - [BBC] Attempt 1/1: Trying with 'requests_browser' strategy...
2025-12-02 14:30:07,292 - INFO - [BBC] Success with 'requests_browser'. Found content (525 words).
2025-12-02 14:30:07,873 - INFO - [The Guardian] Article: https://www.theguardian.com/world/2025/dec/02/el-chapo-son-plea-deal-el-mayo-zambada
2025-12-02 14:30:07,873 - INFO - [The Guardian] Attempt 1/1: Trying with 'requests_browser' strategy...
2025-12-02 14:30:07,919 - INFO - [The Guardian] Success with 'requests_browser'. Found content (635 words).
2025-12-02 14:30:15,745 - INFO - Saved article: Pope prays at site of Beirut port blast on last day of Lebanon visit from BBC
2025-12-02 14:30:15,746 - INFO - Duplicate article skipped: Plea deal for drug kingpin El Chapo’s son details abduction of cartel boss | Drugs trade | The Guardian from The Guardian
2025-12-02 14:30:16,413 - INFO - [BBC] Article: https://www.bbc.com/news/articles/cewjg272dq9o?at_medium=RSS&at_campaign=rss
2025-12-02 14:30:16,413 - INFO - [BBC] Attempt 1/1: Trying with 'requests_browser' strategy...
2025-12-02 14:30:16,445 - INFO - [BBC] Success with 'requests_browser'. Found content (582 words).
2025-12-02 14:30:16,477 - INFO - Duplicate article skipped: Alina Habba: Appeals court disqualifies ex-Trump lawyer as New Jersey prosecutor from BBC
2025-12-02 14:30:16,863 - INFO - [The Guardian] Article: https://www.theguardian.com/world/2025/dec/02/trump-nicolas-maduro-venezuela
2025-12-02 14:30:16,863 - INFO - [The Guardian] Attempt 1/1: Trying with 'requests_browser' strategy...
2025-12-02 14:30:16,895 - INFO - [The Guardian] Success with 'requests_browser'. Found content (946 words).
2025-12-02 14:30:16,930 - INFO - Duplicate article skipped: Trump’s full-throttle threats suggest no backing down from aims to topple Maduro’s regime | Venezuela | The Guardian from The Guardian
2025-12-02 14:30:17,655 - INFO - [BBC] Article: https://www.bbc.com/news/articles/c4g4enlp6kzo?at_medium=RSS&at_campaign=rss
2025-12-02 14:30:17,655 - INFO - [BBC] Attempt 1/1: Trying with 'requests_browser' strategy...
2025-12-02 14:30:17,825 - INFO - [BBC] Success with 'requests_browser'. Found content (908 words).
2025-12-02 14:30:17,859 - INFO - Duplicate article skipped: Indonesia floods death toll passes 600 from BBC
2025-12-02 14:30:18,161 - INFO - [The Guardian] Article: https://www.theguardian.com/world/2025/dec/02/indonesia-floods-one-million-people-evacuated-death-toll-rises
2025-12-02 14:30:18,161 - INFO - [The Guardian] Attempt 1/1: Trying with 'requests_browser' strategy...
2025-12-02 14:30:18,327 - INFO - [The Guardian] Success with 'requests_browser'. Found content (506 words).
2025-12-02 14:30:19,060 - INFO - [BBC] Article: https://www.bbc.com/news/articles/ckg9204y4w5o?at_medium=RSS&at_campaign=rss
2025-12-02 14:30:19,060 - INFO - [BBC] Attempt 1/1: Trying with 'requests_browser' strategy...
2025-12-02 14:30:19,482 - INFO - [BBC] Success with 'requests_browser'. Found content (682 words).
2025-12-02 14:30:26,650 - INFO - Saved article: Death toll from Indonesia floods passes 700 as 1 million evacuated | Indonesia | The Guardian from The Guardian
2025-12-02 14:30:26,650 - INFO - Duplicate article skipped: Anicet Ekane: Cameroon opposition firebrand dies in detention aged 74 from BBC
2025-12-02 14:30:27,220 - INFO - [BBC] Article: https://www.bbc.com/news/articles/czrk7g50e1po?at_medium=RSS&at_campaign=rss
2025-12-02 14:30:27,220 - INFO - [BBC] Attempt 1/1: Trying with 'requests_browser' strategy...
2025-12-02 14:30:27,419 - INFO - [BBC] Success with 'requests_browser'. Found content (1693 words).
2025-12-02 14:30:27,607 - INFO - [The Guardian] Article: https://www.theguardian.com/news/2025/dec/02/hong-kong-fire-response-contrast-mainland-china
2025-12-02 14:30:27,609 - INFO - [The Guardian] Attempt 1/1: Trying with 'requests_browser' strategy...
2025-12-02 14:30:27,610 - INFO - Duplicate article skipped: WW1 toxic compound sprayed on Georgian protesters, BBC evidence suggests from BBC
2025-12-02 14:30:27,635 - INFO - [The Guardian] Success with 'requests_browser'. Found content (799 words).
2025-12-02 14:30:27,663 - INFO - Duplicate article skipped: Hong Kong responds to disaster differently from Beijing – but the gulf is narrowing | Hong Kong apartment fires | The Guardian from The Guardian
2025-12-02 14:30:28,186 - INFO - [The Guardian] Article: https://www.theguardian.com/world/2025/dec/02/new-zealand-man-charged-allegedly-swallowing-faberge-james-bond-pendant
2025-12-02 14:30:28,186 - INFO - [The Guardian] Attempt 1/1: Trying with 'requests_browser' strategy...
2025-12-02 14:30:28,212 - INFO - [The Guardian] Success with 'requests_browser'. Found content (241 words).
2025-12-02 14:30:28,243 - INFO - Duplicate article skipped: Man charged with theft after allegedly swallowing Fabergé pendant in jewellery store | New Zealand | The Guardian from The Guardian
2025-12-02 14:30:29,025 - INFO - [BBC] Article: https://www.bbc.com/news/articles/ckgz28zyp8vo?at_medium=RSS&at_campaign=rss
2025-12-02 14:30:29,025 - INFO - [BBC] Attempt 1/1: Trying with 'requests_browser' strategy...
2025-12-02 14:30:29,059 - INFO - [BBC] Success with 'requests_browser'. Found content (378 words).
2025-12-02 14:30:29,090 - INFO - Duplicate article skipped: Joaquín Guzmán López: Drug lord El Chapo's son pleads guilty in US drug trafficking case from BBC
2025-12-02 14:30:29,375 - INFO - [The Guardian] Article: https://www.theguardian.com/world/2025/dec/02/japan-pm-sanae-takaichi-work-win-catchphrase-of-year
2025-12-02 14:30:29,375 - INFO - [The Guardian] Attempt 1/1: Trying with 'requests_browser' strategy...
2025-12-02 14:30:29,534 - INFO - [The Guardian] Success with 'requests_browser'. Found content (510 words).
2025-12-02 14:30:29,565 - INFO - Duplicate article skipped: Japan PM’s pledge to ‘work, work, work, work, and work’ wins catchphrase of year | Sanae Takaichi | The Guardian from The Guardian
2025-12-02 14:30:30,199 - INFO - [BBC] Article: https://www.bbc.com/news/articles/cz0n1rm95yxo?at_medium=RSS&at_campaign=rss
2025-12-02 14:30:30,199 - INFO - [BBC] Attempt 1/1: Trying with 'requests_browser' strategy...
2025-12-02 14:30:30,589 - INFO - [BBC] Success with 'requests_browser'. Found content (254 words).
2025-12-02 14:30:30,619 - INFO - Duplicate article skipped: Peru landslide: 12 killed after two boats hit in Amazon rainforest from BBC
2025-12-02 14:30:30,696 - INFO - [The Guardian] Article: https://www.theguardian.com/world/2025/dec/01/asia-flood-sri-lanka-indonesia-deploy-military
2025-12-02 14:30:30,696 - INFO - [The Guardian] Attempt 1/1: Trying with 'requests_browser' strategy...
2025-12-02 14:30:30,861 - INFO - [The Guardian] Success with 'requests_browser'. Found content (759 words).
2025-12-02 14:30:30,904 - INFO - Duplicate article skipped: Sri Lanka and Indonesia deploy militaries as Asia floods death toll passes 1,100 | Asia Pacific | The Guardian from The Guardian
2025-12-02 14:30:31,154 - INFO - [BBC] Article: https://www.bbc.com/news/articles/cj69588eewyo?at_medium=RSS&at_campaign=rss
2025-12-02 14:30:31,154 - INFO - [BBC] Attempt 1/1: Trying with 'requests_browser' strategy...
2025-12-02 14:30:31,191 - INFO - [BBC] Success with 'requests_browser'. Found content (1209 words).
2025-12-02 14:30:31,930 - INFO - [The Guardian] Article: https://www.theguardian.com/australia-news/2025/dec/03/ndis-plans-computer-generated
2025-12-02 14:30:31,932 - INFO - [The Guardian] Attempt 1/1: Trying with 'requests_browser' strategy...
2025-12-02 14:30:32,153 - INFO - [The Guardian] Success with 'requests_browser'. Found content (1863 words).
2025-12-02 14:30:35,797 - ERROR - [Times of India] Request failed for strategy 'selenium_browser' on URL https://timesofindia.indiatimes.com/world/us/us-visa-delays-for-indians-fall-f-1-and-b-1/b-2-interview-wait-times-drop-in-new-delhi-chennai-mumbai-hyderabad-kolkata/articleshow/125720464.cms: Message: timeout: Timed out receiving message from renderer: 59.914
  (Session info: chrome=142.0.7444.162)
Stacktrace:
#0 0x561cbf4e932a <unknown>
#1 0x561cbef35e4b <unknown>
#2 0x561cbef1de0d <unknown>
#3 0x561cbef1daf0 <unknown>
#4 0x561cbef1b8ff <unknown>
#5 0x561cbef1c27f <unknown>
#6 0x561cbef2aca3 <unknown>
#7 0x561cbef44601 <unknown>
#8 0x561cbef4ae0b <unknown>
#9 0x561cbef1c9bd <unknown>
#10 0x561cbef443a7 <unknown>
#11 0x561cbefd5170 <unknown>
#12 0x561cbef7ac1a <unknown>
#13 0x561cbef7b921 <unknown>
#14 0x561cbf4b0239 <unknown>
#15 0x561cbf4b31e8 <unknown>
#16 0x561cbf4994c9 <unknown>
#17 0x561cbf4b3db5 <unknown>
#18 0x561cbf480e93 <unknown>
#19 0x561cbf4d6098 <unknown>
#20 0x561cbf4d6273 <unknown>
#21 0x561cbf4e82c3 <unknown>
#22 0x7f62e689caa4 <unknown>
#23 0x7f62e6929c6c <unknown>

2025-12-02 14:30:35,797 - ERROR - [Times of India] All scrape strategies failed for https://timesofindia.indiatimes.com/world/us/us-visa-delays-for-indians-fall-f-1-and-b-1/b-2-interview-wait-times-drop-in-new-delhi-chennai-mumbai-hyderabad-kolkata/articleshow/125720464.cms. Falling back to RSS description.
2025-12-02 14:30:39,345 - INFO - Saved article: Israeli-Russian woman says Iraqi militants tortured her in captivity from BBC
2025-12-02 14:30:40,327 - INFO - [BBC] Article: https://www.bbc.com/news/videos/cwyvgq7224go?at_medium=RSS&at_campaign=rss
2025-12-02 14:30:40,327 - INFO - [BBC] Attempt 1/1: Trying with 'requests_browser' strategy...
2025-12-02 14:30:40,577 - WARNING - [BBC] FAILED with 'requests_browser' (content was too short: 58 words).
2025-12-02 14:30:40,577 - ERROR - [BBC] All scrape strategies failed for https://www.bbc.com/news/videos/cwyvgq7224go?at_medium=RSS&at_campaign=rss. Falling back to RSS description.
2025-12-02 14:30:47,778 - INFO - Saved article: NDIS plans will be computer-generated with human involvement dramatically cut under sweeping overhaul | National disability insurance scheme | The Guardian from The Guardian
2025-12-02 14:30:48,375 - INFO - [The Guardian] Article: https://www.theguardian.com/australia-news/2025/dec/02/australia-gambling-reform-card-payment-least-impact
2025-12-02 14:30:48,375 - INFO - [The Guardian] Attempt 1/1: Trying with 'requests_browser' strategy...
2025-12-02 14:30:48,571 - INFO - [The Guardian] Success with 'requests_browser'. Found content (512 words).
2025-12-02 14:30:55,952 - INFO - Saved article: US visa delays for Indians fall: F-1 and B-1/B-2 interview wait times drop in New Delhi, Chennai, Mumbai, Hyderabad, Kolkata from Times of India
2025-12-02 14:30:56,567 - INFO - [Times of India] Article: https://timesofindia.indiatimes.com/world/us/dubai-is-the-only-place-indians-respect-the-law-andrew-tate-draws-flak-for-targeted-comment-on-social-media/articleshow/125718926.cms
2025-12-02 14:30:56,567 - INFO - [Times of India] Attempt 1/1: Trying with 'selenium_browser' strategy...
2025-12-02 14:31:07,263 - INFO - DEDUPLICATION: Found match (Score: 0.76). Linking to Cluster ID: 4c441243-9136-451d-a069-2dab8cacfe48
2025-12-02 14:31:07,264 - INFO - Saved article: Will Australia's social media ban actually work? from BBC
2025-12-02 14:31:07,805 - INFO - [BBC] Article: https://www.bbc.com/news/articles/cj6nly288j4o?at_medium=RSS&at_campaign=rss
2025-12-02 14:31:07,805 - INFO - [BBC] Attempt 1/1: Trying with 'requests_browser' strategy...
2025-12-02 14:31:07,882 - INFO - [BBC] Success with 'requests_browser'. Found content (2042 words).
2025-12-02 14:31:11,157 - INFO - [Times of India] Page content loaded.
2025-12-02 14:31:11,505 - INFO - [Times of India] Success with 'selenium_browser'. Found content (258 words).
2025-12-02 14:31:15,984 - INFO - Saved article: Australia’s heaviest betters undeterred by key gambling reform, research shows | Gambling | The Guardian from The Guardian
2025-12-02 14:31:16,617 - INFO - [The Guardian] Article: https://www.theguardian.com/australia-news/2025/dec/02/sea-world-helicopter-crash-pilot-seen-taking-cocaine-the-night-before-inquest-told
2025-12-02 14:31:16,617 - INFO - [The Guardian] Attempt 1/1: Trying with 'requests_browser' strategy...
2025-12-02 14:31:16,705 - INFO - [The Guardian] Success with 'requests_browser'. Found content (759 words).
2025-12-02 14:31:24,275 - INFO - Saved article: Devastating toxic spill seen as test of whether African countries can stand up to China from BBC
2025-12-02 14:31:24,275 - INFO - Duplicate article skipped: ‘Dubai is the only place Indians respect the law’: Andrew Tate draws flak for targeted comment on social media - The Times of India from Times of India
2025-12-02 14:31:24,275 - INFO - Duplicate article skipped: Sea World helicopter pilot ‘had a breakdown and took cocaine’ before crash, inquest told | Queensland | The Guardian from The Guardian
2025-12-02 14:31:25,012 - INFO - [The Guardian] Article: https://www.theguardian.com/business/2025/dec/02/gina-rinehart-helipad-company-headquarters-perth-council-vote-ntwnfb
2025-12-02 14:31:25,012 - INFO - [The Guardian] Attempt 1/1: Trying with 'requests_browser' strategy...
2025-12-02 14:31:25,058 - INFO - [BBC] Article: https://www.bbc.com/news/videos/clyk1g9e144o?at_medium=RSS&at_campaign=rss
2025-12-02 14:31:25,059 - INFO - [BBC] Attempt 1/1: Trying with 'requests_browser' strategy...
2025-12-02 14:31:25,094 - INFO - [BBC] Success with 'requests_browser'. Found content (205 words).
2025-12-02 14:31:25,193 - INFO - [The Guardian] Success with 'requests_browser'. Found content (582 words).
2025-12-02 14:31:25,560 - INFO - [Times of India] Article: https://timesofindia.indiatimes.com/world/us/google-co-founder-sergey-brins-ex-wife-nicole-shanahan-claims-silicon-valley-tech-wives-were-used-to-fund-hidden-agendas/articleshow/125719824.cms
2025-12-02 14:31:25,560 - INFO - [Times of India] Attempt 1/1: Trying with 'selenium_browser' strategy...
2025-12-02 14:31:26,943 - INFO - [Times of India] Page content loaded.
2025-12-02 14:31:27,229 - INFO - [Times of India] Success with 'selenium_browser'. Found content (647 words).
2025-12-02 14:31:35,831 - ERROR - [The Hindu] Request failed for strategy 'selenium_browser' on URL https://www.thehindu.com/news/national/karnataka/fix-lapses-in-implementation-of-food-security-act-kalaburagi-officials-told/article70349358.ece: HTTPConnectionPool(host='localhost', port=58251): Read timed out. (read timeout=120)
2025-12-02 14:31:35,831 - ERROR - [The Hindu] All scrape strategies failed for https://www.thehindu.com/news/national/karnataka/fix-lapses-in-implementation-of-food-security-act-kalaburagi-officials-told/article70349358.ece. Falling back to RSS description.
2025-12-02 14:31:36,229 - INFO - Saved article: Is the US preparing for war with Venezuela? from BBC
2025-12-02 14:31:36,230 - INFO - Duplicate article skipped: Bid by Gina Rinehart’s company to build helipad set to be blocked by City of Perth | Gina Rinehart | The Guardian from The Guardian
2025-12-02 14:31:36,230 - INFO - Duplicate article skipped: Google co-founder Sergey Brin’s ex-wife Nicole Shanahan claims Silicon Valley ‘tech wives’ were used to fund hidden agendas | World News - The Times of India from Times of India
2025-12-02 14:31:36,836 - INFO - [BBC] Article: https://www.bbc.com/news/articles/cpvdn8pmmd1o?at_medium=RSS&at_campaign=rss
2025-12-02 14:31:36,836 - INFO - [BBC] Attempt 1/1: Trying with 'requests_browser' strategy...
2025-12-02 14:31:36,920 - INFO - [BBC] Success with 'requests_browser'. Found content (1661 words).
2025-12-02 14:31:37,114 - INFO - [The Guardian] Article: https://www.theguardian.com/australia-news/2025/dec/02/australian-children-moving-to-new-social-app-lemon8-but-owner-expected-to-restrict-users-to-over-16s
2025-12-02 14:31:37,115 - INFO - [The Guardian] Attempt 1/1: Trying with 'requests_browser' strategy...
2025-12-02 14:31:37,164 - INFO - [The Guardian] Success with 'requests_browser'. Found content (643 words).
2025-12-02 14:31:37,267 - INFO - [Times of India] Article: https://timesofindia.indiatimes.com/world/us/kill-them-all-why-pete-hegseths-order-is-a-feature-not-a-bug-of-american-cowboy-justice/articleshow/125718572.cms
2025-12-02 14:31:37,267 - INFO - [Times of India] Attempt 1/1: Trying with 'selenium_browser' strategy...
2025-12-02 14:31:38,981 - INFO - [Times of India] Page content loaded.
2025-12-02 14:31:39,274 - INFO - [Times of India] Success with 'selenium_browser'. Found content (1442 words).
2025-12-02 14:31:47,026 - INFO - Saved article: Fix lapses in implementation of Food Security Act, Kalaburagi officials told from The Hindu
2025-12-02 14:31:47,027 - INFO - Duplicate article skipped: Sudan civil war: The terrifying escape from el-Fasher in Darfur from BBC
2025-12-02 14:31:47,027 - INFO - Duplicate article skipped: Australian children moving to new social app Lemon8 but owner expected to restrict users to over-16s | Social media ban | The Guardian from The Guardian
2025-12-02 14:31:47,027 - INFO - Duplicate article skipped: Kill them all: Why Pete Hegseth's 'order' is a feature, not a bug, of American cowboy justice | World News - The Times of India from Times of India
2025-12-02 14:31:48,224 - INFO - [Times of India] Article: https://timesofindia.indiatimes.com/world/middle-east/seven-new-mosques-in-abu-dhabi-named-after-each-emirate-for-uae-national-day/articleshow/125718452.cms
2025-12-02 14:31:48,224 - INFO - [Times of India] Attempt 1/1: Trying with 'selenium_browser' strategy...
2025-12-02 14:31:48,372 - INFO - [The Hindu] Article: https://www.thehindu.com/news/national/kerala/massive-open-online-courses-in-malayalam-launched/article70349838.ece
2025-12-02 14:31:48,372 - INFO - [The Hindu] Attempt 1/1: Trying with 'selenium_browser' strategy...
2025-12-02 14:31:49,657 - INFO - [Times of India] Page content loaded.
2025-12-02 14:31:49,789 - INFO - [Times of India] Success with 'selenium_browser'. Found content (333 words).
2025-12-02 14:31:49,839 - INFO - Duplicate article skipped: Seven new mosques in Abu Dhabi named after each emirate for UAE National Day | World News - The Times of India from Times of India
2025-12-02 14:31:51,153 - INFO - [Times of India] Article: https://timesofindia.indiatimes.com/world/middle-east/qatar-begins-digital-selection-process-for-hajj-1447-ah-pilgrims/articleshow/125718658.cms
2025-12-02 14:31:51,153 - INFO - [Times of India] Attempt 1/1: Trying with 'selenium_browser' strategy...
2025-12-02 14:31:52,096 - INFO - [Times of India] Page content loaded.
2025-12-02 14:31:52,201 - INFO - [Times of India] Success with 'selenium_browser'. Found content (406 words).
2025-12-02 14:31:52,251 - INFO - Duplicate article skipped: Qatar begins digital selection process for Hajj 1447 AH pilgrims | World News - The Times of India from Times of India
2025-12-02 14:31:53,573 - INFO - [Times of India] Article: https://timesofindia.indiatimes.com/world/us/they-lose-a-limb-bleed-out-megyn-kelly-says-she-wants-alleged-drug-traffickers-to-suffer-at-the-hands-of-trump-and-hegseth/articleshow/125717813.cms
2025-12-02 14:31:53,573 - INFO - [Times of India] Attempt 1/1: Trying with 'selenium_browser' strategy...
2025-12-02 14:31:54,747 - INFO - [Times of India] Page content loaded.
2025-12-02 14:31:54,873 - INFO - [Times of India] Success with 'selenium_browser'. Found content (541 words).
2025-12-02 14:31:54,927 - INFO - Duplicate article skipped: ‘They lose a limb, bleed out’: Megyn Kelly says she wants alleged drug traffickers to ‘suffer’ at the hands of Trump and Hegseth - The Times of India from Times of India
2025-12-02 14:31:56,043 - INFO - [Times of India] Article: https://timesofindia.indiatimes.com/world/us-streamers/i-got-two-pennies-asmongold-blasts-twitch-exposes-payouts-after-viewers-report-stream-pauses-for-commercials-that-never-play/articleshow/125717131.cms
2025-12-02 14:31:56,044 - INFO - [Times of India] Attempt 1/1: Trying with 'selenium_browser' strategy...
2025-12-02 14:32:07,058 - WARNING - [Times of India] Page timed out (10s). No <p> tags found. Proceeding anyway.
2025-12-02 14:32:07,236 - INFO - [Times of India] Success with 'selenium_browser'. Found content (413 words).
2025-12-02 14:32:07,303 - INFO - Duplicate article skipped: “I got two pennies”: Asmongold blasts Twitch, exposes payouts after viewers report stream pauses for commercials that never play - The Times of India from Times of India
2025-12-02 14:32:07,998 - INFO - [Times of India] Article: https://timesofindia.indiatimes.com/world/middle-east/uae-ajman-breaks-guinness-world-record-with-epic-national-day-tribute/articleshow/125717015.cms
2025-12-02 14:32:07,998 - INFO - [Times of India] Attempt 1/1: Trying with 'selenium_browser' strategy...
2025-12-02 14:32:09,324 - INFO - [Times of India] Page content loaded.
2025-12-02 14:32:09,577 - INFO - [Times of India] Success with 'selenium_browser'. Found content (436 words).
2025-12-02 14:32:09,702 - INFO - Duplicate article skipped: UAE: Ajman breaks Guinness World Record with epic National Day Tribute | World News - The Times of India from Times of India
2025-12-02 14:32:10,296 - INFO - [Times of India] Article: https://timesofindia.indiatimes.com/world/middle-east/kuwait-to-ban-commercial-import-of-dogs-and-cats-what-it-means-for-pet-owners-and-neighbours/articleshow/125712282.cms
2025-12-02 14:32:10,297 - INFO - [Times of India] Attempt 1/1: Trying with 'selenium_browser' strategy...
2025-12-02 14:32:11,364 - INFO - [Times of India] Page content loaded.
2025-12-02 14:32:11,464 - INFO - [Times of India] Success with 'selenium_browser'. Found content (583 words).
2025-12-02 14:32:11,532 - INFO - Duplicate article skipped: Kuwait to ban commercial import of dogs and cats — what it means for pet owners and neighbours | World News - The Times of India from Times of India
2025-12-02 14:32:12,569 - INFO - [Times of India] Article: https://timesofindia.indiatimes.com/world/middle-east/uae-president-mohamed-bin-zayed-net-worth-and-wealth-in-2025/articleshow/125714887.cms
2025-12-02 14:32:12,569 - INFO - [Times of India] Attempt 1/1: Trying with 'selenium_browser' strategy...
2025-12-02 14:32:13,385 - INFO - [Times of India] Page content loaded.
2025-12-02 14:32:13,492 - INFO - [Times of India] Success with 'selenium_browser'. Found content (601 words).
2025-12-02 14:32:13,546 - INFO - Duplicate article skipped: UAE President Mohamed bin Zayed – Net worth and wealth in 2025 | World News - The Times of India from Times of India
2025-12-02 14:32:14,514 - INFO - [Times of India] Article: https://timesofindia.indiatimes.com/world/middle-east/us-approves-1-4-billion-in-military-sales-to-saudi-arabia-and-bahrain-strengthening-gulf-defence-ties/articleshow/125714708.cms
2025-12-02 14:32:14,514 - INFO - [Times of India] Attempt 1/1: Trying with 'selenium_browser' strategy...
2025-12-02 14:32:15,372 - INFO - [Times of India] Page content loaded.
2025-12-02 14:32:15,495 - INFO - [Times of India] Success with 'selenium_browser'. Found content (597 words).
2025-12-02 14:32:15,541 - INFO - Duplicate article skipped: US approves $1.4 Billion in military sales to Saudi Arabia and Bahrain, strengthening Gulf defence ties | World News - The Times of India from Times of India
2025-12-02 14:32:16,892 - INFO - [Times of India] Article: https://timesofindia.indiatimes.com/world/rest-of-world/no-phones-no-smartwatches-singapore-tightens-school-rules-devices-to-be-locked-away-from-2026/articleshow/125710932.cms
2025-12-02 14:32:16,892 - INFO - [Times of India] Attempt 1/1: Trying with 'selenium_browser' strategy...
2025-12-02 14:32:18,122 - INFO - [Times of India] Page content loaded.
2025-12-02 14:32:18,234 - INFO - [Times of India] Success with 'selenium_browser'. Found content (267 words).
2025-12-02 14:32:18,287 - INFO - Duplicate article skipped: No phones, no smartwatches: Singapore tightens school rules; devices to be locked away from 2026 - The Times of India from Times of India
2025-12-02 14:32:19,346 - INFO - [Times of India] Article: https://timesofindia.indiatimes.com/world/us/north-carolina-fire-raleigh-convention-center-engulfed-in-massive-blaze-watch/articleshow/125711556.cms
2025-12-02 14:32:19,346 - INFO - [Times of India] Attempt 1/1: Trying with 'selenium_browser' strategy...
2025-12-02 14:32:20,381 - INFO - [Times of India] Page content loaded.
2025-12-02 14:32:20,491 - INFO - [Times of India] Success with 'selenium_browser'. Found content (284 words).
2025-12-02 14:32:20,538 - INFO - Duplicate article skipped: North Carolina fire: Raleigh convention center engulfed in massive blaze - watch - The Times of India from Times of India
2025-12-02 14:32:21,619 - INFO - [Times of India] Article: https://timesofindia.indiatimes.com/world/us/nikhil-kamath-podcast-decoding-the-elon-musk-family-tree-with-14-kids-4-baby-mamas/articleshow/125709065.cms
2025-12-02 14:32:21,619 - INFO - [Times of India] Attempt 1/1: Trying with 'selenium_browser' strategy...
2025-12-02 14:32:22,465 - INFO - [Times of India] Page content loaded.
2025-12-02 14:32:22,563 - INFO - [Times of India] Success with 'selenium_browser'. Found content (821 words).
2025-12-02 14:32:22,787 - INFO - Duplicate article skipped: Nikhil Kamath podcast: Decoding the Elon Musk family tree with 14 kids, 4 baby mamas | World News - The Times of India from Times of India
2025-12-02 14:32:24,261 - INFO - [Times of India] Article: https://timesofindia.indiatimes.com/world/us/cruel-inhumane-zohran-mamdani-slams-ice-raids-reveals-what-he-told-trump-when-he-met-him/articleshow/125708854.cms
2025-12-02 14:32:24,261 - INFO - [Times of India] Attempt 1/1: Trying with 'selenium_browser' strategy...
2025-12-02 14:32:25,520 - INFO - [Times of India] Page content loaded.
2025-12-02 14:32:25,624 - INFO - [Times of India] Success with 'selenium_browser'. Found content (366 words).
2025-12-02 14:32:25,673 - INFO - Duplicate article skipped: ‘Cruel, inhumane’: Zohran Mamdani slams ICE raids; reveals what he told Trump when he met him - The Times of India from Times of India
2025-12-02 14:32:26,494 - INFO - [Times of India] Article: https://timesofindia.indiatimes.com/world/us/caribbean-strikes-white-house-contradicts-trump-amid-scrutiny-defends-admiral-behind-follow-up-hit/articleshow/125706920.cms
2025-12-02 14:32:26,494 - INFO - [Times of India] Attempt 1/1: Trying with 'selenium_browser' strategy...
2025-12-02 14:32:27,421 - INFO - [Times of India] Page content loaded.
2025-12-02 14:32:27,574 - INFO - [Times of India] Success with 'selenium_browser'. Found content (457 words).
2025-12-02 14:32:27,620 - INFO - Duplicate article skipped: Caribbean strikes: White House contradicts Trump amid scrutiny; defends Admiral behind follow up hit - The Times of India from Times of India
2025-12-02 14:32:28,736 - INFO - [Times of India] Article: https://timesofindia.indiatimes.com/world/us/looks-like-the-ceo-shooter-911-call-by-mcdonalds-worker-played-during-luigi-mangione-hearing/articleshow/125707292.cms
2025-12-02 14:32:28,736 - INFO - [Times of India] Attempt 1/1: Trying with 'selenium_browser' strategy...
2025-12-02 14:32:30,340 - INFO - [Times of India] Page content loaded.
2025-12-02 14:32:30,477 - INFO - [Times of India] Success with 'selenium_browser'. Found content (338 words).
2025-12-02 14:32:30,544 - INFO - Duplicate article skipped: ‘Looks like the CEO shooter’: 911 call by McDonald's worker played during Luigi Mangione hearing - The Times of India from Times of India
2025-12-02 14:32:31,944 - INFO - [Times of India] Article: https://timesofindia.indiatimes.com/world/us/tim-walz-accused-in-1bn-massive-fraud-minnesota-tax-used-for-terrorism-probe-launched/articleshow/125706998.cms
2025-12-02 14:32:31,945 - INFO - [Times of India] Attempt 1/1: Trying with 'selenium_browser' strategy...
2025-12-02 14:32:33,430 - INFO - [Times of India] Page content loaded.
2025-12-02 14:32:33,682 - INFO - [Times of India] Success with 'selenium_browser'. Found content (460 words).
2025-12-02 14:32:33,760 - INFO - Duplicate article skipped: Tim Walz accused in $1bn ‘massive fraud’: Minnesota tax used for terrorism? Probe launched - The Times of India from Times of India
2025-12-02 14:32:35,216 - INFO - [Times of India] Article: https://timesofindia.indiatimes.com/world/middle-east/saudi-arabia-and-russia-forge-historic-agreement-allowing-citizens-90-day-visa-free-visits/articleshow/125710976.cms
2025-12-02 14:32:35,216 - INFO - [Times of India] Attempt 1/1: Trying with 'selenium_browser' strategy...
2025-12-02 14:32:35,923 - INFO - [Times of India] Page content loaded.
2025-12-02 14:32:36,063 - INFO - [Times of India] Success with 'selenium_browser'. Found content (437 words).
2025-12-02 14:32:36,113 - INFO - Duplicate article skipped: Saudi Arabia and Russia forge historic agreement allowing citizens 90 day visa free visits | World News - The Times of India from Times of India
2025-12-02 14:32:37,435 - INFO - [Times of India] (Thread) Finished. Attempting to shut down its Selenium driver.
2025-12-02 14:32:37,599 - INFO - [Times of India] (Thread) driver.quit() successful.
2025-12-02 14:33:48,473 - ERROR - [The Hindu] Request failed for strategy 'selenium_browser' on URL https://www.thehindu.com/news/national/kerala/massive-open-online-courses-in-malayalam-launched/article70349838.ece: HTTPConnectionPool(host='localhost', port=58251): Read timed out. (read timeout=120)
2025-12-02 14:33:48,473 - ERROR - [The Hindu] All scrape strategies failed for https://www.thehindu.com/news/national/kerala/massive-open-online-courses-in-malayalam-launched/article70349838.ece. Falling back to RSS description.
2025-12-02 14:33:56,168 - INFO - Saved article: Massive open online courses in Malayalam launched from The Hindu
2025-12-02 14:33:56,798 - INFO - [The Hindu] Article: https://www.thehindu.com/news/national/kerala/road-safety-comes-under-scanner-at-erumely-after-accidents-involving-pilgrims-vehicles/article70349791.ece
2025-12-02 14:33:56,798 - INFO - [The Hindu] Attempt 1/1: Trying with 'selenium_browser' strategy...
2025-12-02 14:34:27,321 - CRITICAL - --- TIMEOUT: 1 scrape jobs did not complete in 300s. ---
2025-12-02 14:34:27,322 - ERROR - A thread has timed out and will be abandoned.
2025-12-02 14:34:27,322 - INFO - Shutting down thread pool (wait=False)...
2025-12-02 14:34:27,322 - INFO - Scraped: 1 Times of India, 5 The Guardian, 5 BBC, 1 Timed_Out_Jobs articles. (Total saved: 11)
2025-12-02 14:34:27,322 - INFO - --- Scraping job finished ---
2025-12-02 14:34:27,322 - INFO - --- Scraper service stopped and database connection closed. ---
2025-12-02 14:34:27,322 - INFO - --- Main thread finished. Forcing process exit to kill zombie threads. ---
