2025-11-30 19:21:16,282 - INFO - Loading AI Semantic Model (all-MiniLM-L6-v2)...
2025-11-30 19:21:16,282 - INFO - Use pytorch device_name: cpu
2025-11-30 19:21:16,282 - INFO - Load pretrained SentenceTransformer: all-MiniLM-L6-v2
2025-11-30 19:21:17,618 - INFO - AI Model loaded successfully.
2025-11-30 19:21:17,618 - INFO - Initializing database connection at: news_articles.db
2025-11-30 19:21:17,618 - INFO - --- Scraper service started (CI Mode: Run Once) ---
2025-11-30 19:21:17,619 - INFO - --- Starting new scraping job (Parallel Mode) ---
2025-11-30 19:21:17,619 - INFO - Creating new robust session with 3 retries on 5xx/connection/read errors.
2025-11-30 19:21:17,619 - INFO - Proxy is DISABLED.
2025-11-30 19:21:17,619 - INFO - Starting scrape for BBC RSS feed: http://feeds.bbci.co.uk/news/world/rss.xml
2025-11-30 19:21:17,620 - INFO - [Times of India] (Thread) requires Selenium. Initializing driver...
2025-11-30 19:21:17,620 - INFO - Initializing headless Selenium Chrome driver (using SeleniumManager)...
2025-11-30 19:21:17,620 - INFO - Starting scrape for The Guardian RSS feed: https://www.theguardian.com/world/rss
2025-11-30 19:21:17,622 - INFO - [The Hindu] (Thread) requires Selenium. Initializing driver...
2025-11-30 19:21:17,623 - INFO - Submitted 4 jobs to thread pool. Waiting up to 300s for completion...
2025-11-30 19:21:17,623 - INFO - Initializing headless Selenium Chrome driver (using SeleniumManager)...
2025-11-30 19:21:17,762 - INFO - Found 45 articles in The Guardian RSS feed. Processing up to 20.
2025-11-30 19:21:17,762 - INFO - [The Guardian] Article: https://www.theguardian.com/world/2025/nov/28/jacob-zuma-daughter-resigns-claims-south-africans-tricked-fight-russia
2025-11-30 19:21:17,762 - INFO - [The Guardian] Attempt 1/1: Trying with 'requests_browser' strategy...
2025-11-30 19:21:17,933 - INFO - [The Guardian] Success with 'requests_browser'. Found content (753 words).
2025-11-30 19:21:17,968 - INFO - Duplicate article skipped: Jacob Zuma’s daughter resigns amid claims South Africans tricked to fight for Russia | South Africa | The Guardian from The Guardian
2025-11-30 19:21:18,059 - INFO - Found 30 articles in BBC RSS feed. Processing up to 20.
2025-11-30 19:21:18,060 - INFO - [BBC] Article: https://www.bbc.com/news/articles/clyz82z7p8zo?at_medium=RSS&at_campaign=rss
2025-11-30 19:21:18,060 - INFO - [BBC] Attempt 1/1: Trying with 'requests_browser' strategy...
2025-11-30 19:21:18,637 - INFO - [BBC] Success with 'requests_browser'. Found content (690 words).
2025-11-30 19:21:18,672 - INFO - Duplicate article skipped: Indonesia searches for hundreds missing in deadly floods from BBC
2025-11-30 19:21:19,037 - INFO - [The Guardian] Article: https://www.theguardian.com/environment/2025/nov/28/africa-forests-transformed-carbon-sink-carbon-source-study
2025-11-30 19:21:19,037 - INFO - [The Guardian] Attempt 1/1: Trying with 'requests_browser' strategy...
2025-11-30 19:21:19,077 - INFO - [The Guardian] Success with 'requests_browser'. Found content (458 words).
2025-11-30 19:21:19,121 - INFO - Duplicate article skipped: Africa’s forests transformed from carbon sink to carbon source, study finds | Climate crisis | The Guardian from The Guardian
2025-11-30 19:21:19,730 - INFO - [BBC] Article: https://www.bbc.com/news/articles/c4gv76r5qpvo?at_medium=RSS&at_campaign=rss
2025-11-30 19:21:19,730 - INFO - [BBC] Attempt 1/1: Trying with 'requests_browser' strategy...
2025-11-30 19:21:19,763 - INFO - [BBC] Success with 'requests_browser'. Found content (647 words).
2025-11-30 19:21:19,800 - INFO - Duplicate article skipped: Benjamin Netanyahu seeks pardon from Israel's president from BBC
2025-11-30 19:21:20,311 - INFO - [The Guardian] Article: https://www.theguardian.com/world/2025/nov/26/guinea-bissau-officers-take-total-control-close-borders-amid-election-chaos
2025-11-30 19:21:20,311 - INFO - [The Guardian] Attempt 1/1: Trying with 'requests_browser' strategy...
2025-11-30 19:21:20,330 - INFO - [The Guardian] Success with 'requests_browser'. Found content (412 words).
2025-11-30 19:21:20,374 - INFO - Duplicate article skipped: Guinea-Bissau military takes ‘total control’ amid election chaos | Guinea-Bissau | The Guardian from The Guardian
2025-11-30 19:21:20,663 - INFO - Selenium driver initialized successfully.
2025-11-30 19:21:20,663 - INFO - Starting scrape for Times of India RSS feed: https://timesofindia.indiatimes.com/rssfeeds/296589292.cms
2025-11-30 19:21:20,665 - INFO - Selenium driver initialized successfully.
2025-11-30 19:21:20,665 - INFO - Starting scrape for The Hindu RSS feed: https://www.thehindu.com/news/national/feeder/default.rss
2025-11-30 19:21:20,783 - INFO - Found 20 articles in Times of India RSS feed. Processing up to 20.
2025-11-30 19:21:20,784 - INFO - [Times of India] Article: https://timesofindia.indiatimes.com/world/us/he-was-radicalised-in-the-us-kristi-noem-claims-dc-shooting-suspect-was-unvetted-by-the-biden-administration/articleshow/125677323.cms
2025-11-30 19:21:20,784 - INFO - [Times of India] Attempt 1/1: Trying with 'selenium_browser' strategy...
2025-11-30 19:21:20,793 - INFO - Found 100 articles in The Hindu RSS feed. Processing up to 20.
2025-11-30 19:21:20,793 - INFO - [The Hindu] Article: https://www.thehindu.com/news/cities/chennai/aids-society-of-india-calls-for-measures-to-achieve-zero-infections/article70338331.ece
2025-11-30 19:21:20,793 - INFO - [The Hindu] Attempt 1/1: Trying with 'selenium_browser' strategy...
2025-11-30 19:21:21,169 - INFO - [BBC] Article: https://www.bbc.com/news/articles/cp34yk7z6yxo?at_medium=RSS&at_campaign=rss
2025-11-30 19:21:21,169 - INFO - [BBC] Attempt 1/1: Trying with 'requests_browser' strategy...
2025-11-30 19:21:21,223 - INFO - [BBC] Success with 'requests_browser'. Found content (712 words).
2025-11-30 19:21:21,499 - INFO - Duplicate article skipped: Hong Kong fire: Death toll rises to 146 as thousands pay their respects from BBC
2025-11-30 19:21:21,563 - INFO - [The Guardian] Article: https://www.theguardian.com/world/2025/nov/25/nigerian-schoolgirls-rescued-after-mass-abduction-in-kebbi
2025-11-30 19:21:21,563 - INFO - [The Guardian] Attempt 1/1: Trying with 'requests_browser' strategy...
2025-11-30 19:21:21,733 - INFO - [The Guardian] Success with 'requests_browser'. Found content (515 words).
2025-11-30 19:21:21,811 - INFO - Duplicate article skipped: Nigerian schoolgirls rescued after mass abduction in Kebbi | Nigeria | The Guardian from The Guardian
2025-11-30 19:21:22,062 - INFO - [BBC] Article: https://www.bbc.com/news/articles/cvg81p61dnmo?at_medium=RSS&at_campaign=rss
2025-11-30 19:21:22,062 - INFO - [BBC] Attempt 1/1: Trying with 'requests_browser' strategy...
2025-11-30 19:21:22,091 - INFO - [BBC] Success with 'requests_browser'. Found content (314 words).
2025-11-30 19:21:22,134 - INFO - Duplicate article skipped: Stockton mass shooting: Three children among four killed at California family gathering from BBC
2025-11-30 19:21:23,233 - INFO - [The Guardian] Article: https://www.theguardian.com/world/2025/nov/25/jacob-zuma-daughter-accused-tricking-men-fighting-for-russia-in-ukraine
2025-11-30 19:21:23,233 - INFO - [The Guardian] Attempt 1/1: Trying with 'requests_browser' strategy...
2025-11-30 19:21:23,385 - INFO - [The Guardian] Success with 'requests_browser'. Found content (656 words).
2025-11-30 19:21:23,518 - INFO - [BBC] Article: https://www.bbc.com/news/articles/cx2dgp8mvmno?at_medium=RSS&at_campaign=rss
2025-11-30 19:21:23,519 - INFO - [BBC] Attempt 1/1: Trying with 'requests_browser' strategy...
2025-11-30 19:21:23,602 - INFO - Duplicate article skipped: Jacob Zuma’s daughter accused of tricking men into fighting for Russia in Ukraine | South Africa | The Guardian from The Guardian
2025-11-30 19:21:23,674 - INFO - [BBC] Success with 'requests_browser'. Found content (788 words).
2025-11-30 19:21:23,855 - INFO - Duplicate article skipped: Honduras election: Polls open in vote shadowed by Trump aid threats from BBC
2025-11-30 19:21:24,887 - INFO - [BBC] Article: https://www.bbc.com/news/articles/c075zd0j2j3o?at_medium=RSS&at_campaign=rss
2025-11-30 19:21:24,887 - INFO - [BBC] Attempt 1/1: Trying with 'requests_browser' strategy...
2025-11-30 19:21:24,978 - INFO - [The Guardian] Article: https://www.theguardian.com/world/2025/nov/30/honduras-vote-election-trump-threat-cut-aid-if-nasry-tito-asfura-loses
2025-11-30 19:21:24,978 - INFO - [The Guardian] Attempt 1/1: Trying with 'requests_browser' strategy...
2025-11-30 19:21:25,047 - INFO - [BBC] Success with 'requests_browser'. Found content (316 words).
2025-11-30 19:21:25,210 - INFO - [The Guardian] Success with 'requests_browser'. Found content (534 words).
2025-11-30 19:21:25,461 - INFO - Duplicate article skipped: Couple accused of cheating with spycam to win A$1.2m in Australian casino from BBC
2025-11-30 19:21:25,607 - INFO - Duplicate article skipped: Hondurans vote amid Trump threat to cut aid if his preferred candidate loses | Honduras | The Guardian from The Guardian
2025-11-30 19:21:26,059 - INFO - [BBC] Article: https://www.bbc.com/news/articles/cp9ky5z2gx0o?at_medium=RSS&at_campaign=rss
2025-11-30 19:21:26,059 - INFO - [BBC] Attempt 1/1: Trying with 'requests_browser' strategy...
2025-11-30 19:21:26,141 - INFO - [BBC] Success with 'requests_browser'. Found content (508 words).
2025-11-30 19:21:26,301 - INFO - [The Guardian] Article: https://www.theguardian.com/world/2025/nov/29/donald-trump-venezuela-airspace-closure
2025-11-30 19:21:26,301 - INFO - [The Guardian] Attempt 1/1: Trying with 'requests_browser' strategy...
2025-11-30 19:21:26,348 - INFO - Duplicate article skipped: Ukraine hits tankers in Black Sea in escalation against Russia from BBC
2025-11-30 19:21:26,369 - INFO - [The Guardian] Success with 'requests_browser'. Found content (363 words).
2025-11-30 19:21:26,513 - INFO - Duplicate article skipped: Venezuela denounces ‘colonialist threat’ as Trump orders airspace closed | Venezuela | The Guardian from The Guardian
2025-11-30 19:21:27,088 - INFO - [BBC] Article: https://www.bbc.com/news/articles/c741mpdyw9no?at_medium=RSS&at_campaign=rss
2025-11-30 19:21:27,088 - INFO - [BBC] Attempt 1/1: Trying with 'requests_browser' strategy...
2025-11-30 19:21:27,298 - INFO - [BBC] Success with 'requests_browser'. Found content (516 words).
2025-11-30 19:21:27,323 - INFO - [The Hindu] Page content loaded.
2025-11-30 19:21:27,475 - INFO - Duplicate article skipped: Venezuela calls Trump airspace closure warning 'colonialist threat' from BBC
2025-11-30 19:21:27,720 - INFO - [The Hindu] Success with 'selenium_browser'. Found content (313 words).
2025-11-30 19:21:27,971 - INFO - [The Guardian] Article: https://www.theguardian.com/us-news/2025/nov/29/pete-hegseth-denies-ordering-deaths-narco-boat
2025-11-30 19:21:27,971 - INFO - [The Guardian] Attempt 1/1: Trying with 'requests_browser' strategy...
2025-11-30 19:21:28,049 - INFO - [BBC] Article: https://www.bbc.com/news/articles/c8e97kl240lo?at_medium=RSS&at_campaign=rss
2025-11-30 19:21:28,049 - INFO - [BBC] Attempt 1/1: Trying with 'requests_browser' strategy...
2025-11-30 19:21:28,257 - INFO - [The Guardian] Success with 'requests_browser'. Found content (846 words).
2025-11-30 19:21:28,329 - INFO - [BBC] Success with 'requests_browser'. Found content (324 words).
2025-11-30 19:21:52,997 - INFO - DEDUPLICATION: Found match (Score: 0.74). Linking to Cluster ID: 66fb813a-15a5-4a53-8e3a-5a819e627f0b
2025-11-30 19:21:52,999 - INFO - Saved article: AIDS Society of India calls for measures to achieve zero infections - The Hindu from The Hindu
2025-11-30 19:21:53,000 - INFO - Duplicate article skipped: More than 70,000 killed in Gaza since Israel offensive began, Hamas-run health ministry says from BBC
2025-11-30 19:21:53,000 - INFO - Duplicate article skipped: Pete Hegseth denies he gave orders to ‘kill everybody’ on alleged ‘narco-boat’ | Pete Hegseth | The Guardian from The Guardian
2025-11-30 19:21:53,516 - INFO - [The Guardian] Article: https://www.theguardian.com/world/2025/nov/29/uk-mps-extra-aid-humanitarian-visas-jamaica-hurricane-melissa-dawn-butler
2025-11-30 19:21:53,516 - INFO - [The Guardian] Attempt 1/1: Trying with 'requests_browser' strategy...
2025-11-30 19:21:53,543 - INFO - [The Guardian] Success with 'requests_browser'. Found content (873 words).
2025-11-30 19:21:53,588 - INFO - Duplicate article skipped: UK MPs push for extra aid and visas as Jamaica reels from Hurricane Melissa | Jamaica | The Guardian from The Guardian
2025-11-30 19:21:53,946 - INFO - [BBC] Article: https://www.bbc.com/news/articles/c93wnyxjkxko?at_medium=RSS&at_campaign=rss
2025-11-30 19:21:53,947 - INFO - [BBC] Attempt 1/1: Trying with 'requests_browser' strategy...
2025-11-30 19:21:54,107 - INFO - [BBC] Success with 'requests_browser'. Found content (309 words).
2025-11-30 19:21:54,143 - INFO - Duplicate article skipped: French farm has €90,000 worth of escargot snails stolen from BBC
2025-11-30 19:21:54,369 - INFO - [The Guardian] Article: https://www.theguardian.com/us-news/2025/nov/28/trump-pardon-honduras-hernandez-drugs
2025-11-30 19:21:54,369 - INFO - [The Guardian] Attempt 1/1: Trying with 'requests_browser' strategy...
2025-11-30 19:21:54,400 - INFO - [The Guardian] Success with 'requests_browser'. Found content (558 words).
2025-11-30 19:21:54,417 - INFO - [The Hindu] Article: https://www.thehindu.com/news/national/karnataka/bengaluru-autorickshaw-driver-abducts-traffic-cop-after-causing-accident/article70341791.ece
2025-11-30 19:21:54,417 - INFO - [The Hindu] Attempt 1/1: Trying with 'selenium_browser' strategy...
2025-11-30 19:21:54,478 - INFO - Duplicate article skipped: Trump to pardon ex-Honduras leader serving drug trafficking sentence in US | Donald Trump | The Guardian from The Guardian
2025-11-30 19:21:55,174 - INFO - [The Guardian] Article: https://www.theguardian.com/world/2025/nov/30/indonesia-thailand-floods
2025-11-30 19:21:55,174 - INFO - [The Guardian] Attempt 1/1: Trying with 'requests_browser' strategy...
2025-11-30 19:21:55,392 - INFO - [BBC] Article: https://www.bbc.com/news/articles/cp39yw120kdo?at_medium=RSS&at_campaign=rss
2025-11-30 19:21:55,392 - INFO - [BBC] Attempt 1/1: Trying with 'requests_browser' strategy...
2025-11-30 19:21:55,442 - INFO - [The Guardian] Success with 'requests_browser'. Found content (998 words).
2025-11-30 19:21:55,585 - INFO - [BBC] Success with 'requests_browser'. Found content (376 words).
2025-11-30 19:21:55,965 - INFO - Duplicate article skipped: The Wiggles issue statement after appearing in Ecstasy music video from BBC
2025-11-30 19:21:55,969 - INFO - Duplicate article skipped: Death toll passes 900 in Indonesia, Thailand and Sri Lanka floods | Extreme weather | The Guardian from The Guardian
2025-11-30 19:21:56,290 - INFO - [The Hindu] Page content loaded.
2025-11-30 19:21:56,490 - INFO - [The Hindu] Success with 'selenium_browser'. Found content (294 words).
2025-11-30 19:21:56,638 - INFO - [BBC] Article: https://www.bbc.com/news/articles/c4gp917zr8no?at_medium=RSS&at_campaign=rss
2025-11-30 19:21:56,638 - INFO - [BBC] Attempt 1/1: Trying with 'requests_browser' strategy...
2025-11-30 19:21:56,682 - INFO - [The Guardian] Article: https://www.theguardian.com/world/2025/nov/30/hong-kong-mourns-as-apartment-blaze-death-toll-rises
2025-11-30 19:21:56,682 - INFO - [The Guardian] Attempt 1/1: Trying with 'requests_browser' strategy...
2025-11-30 19:21:56,755 - INFO - [The Guardian] Success with 'requests_browser'. Found content (697 words).
2025-11-30 19:21:56,910 - INFO - [BBC] Success with 'requests_browser'. Found content (355 words).
2025-11-30 19:22:08,310 - INFO - Saved article: Bengaluru: Autorickshaw driver ‘abducts’ traffic cop after causing accident - The Hindu from The Hindu
2025-11-30 19:22:08,310 - INFO - Duplicate article skipped: Hong Kong mourns as apartment fire death toll rises to 146 | Hong Kong apartment fires | The Guardian from The Guardian
2025-11-30 19:22:08,311 - INFO - Duplicate article skipped: Pope Leo visits Istanbul's Blue Mosque from BBC
2025-11-30 19:22:09,549 - INFO - [The Guardian] Article: https://www.theguardian.com/world/2025/nov/30/japan-one-piece-singer-maki-otsuki-stopped-mid-performance-as-japan-china-relations-sour
2025-11-30 19:22:09,549 - INFO - [The Guardian] Attempt 1/1: Trying with 'requests_browser' strategy...
2025-11-30 19:22:09,572 - INFO - [The Guardian] Success with 'requests_browser'. Found content (310 words).
2025-11-30 19:22:09,608 - INFO - Duplicate article skipped: Japan ‘One Piece’ singer stopped mid-performance as Japan-China relations sour | Japan | The Guardian from The Guardian
2025-11-30 19:22:09,628 - INFO - [The Hindu] Article: https://www.thehindu.com/news/national/maharashtra/bjp-has-been-splitting-parties-for-its-entire-history-maharashtra-minister/article70342696.ece
2025-11-30 19:22:09,628 - INFO - [The Hindu] Attempt 1/1: Trying with 'selenium_browser' strategy...
2025-11-30 19:22:09,773 - INFO - [BBC] Article: https://www.bbc.com/news/articles/ce865kpdzz8o?at_medium=RSS&at_campaign=rss
2025-11-30 19:22:09,773 - INFO - [BBC] Attempt 1/1: Trying with 'requests_browser' strategy...
2025-11-30 19:22:09,936 - INFO - [BBC] Success with 'requests_browser'. Found content (356 words).
2025-11-30 19:22:09,978 - INFO - Duplicate article skipped: Australian prime minister Albanese becomes first to wed in office from BBC
2025-11-30 19:22:10,581 - INFO - [The Hindu] Page content loaded.
2025-11-30 19:22:10,647 - INFO - [The Hindu] Success with 'selenium_browser'. Found content (276 words).
2025-11-30 19:22:10,713 - INFO - [The Guardian] Article: https://www.theguardian.com/us-news/ng-interactive/2025/nov/30/all-the-presidents-millions-how-the-trumps-are-turning-the-presidency-into-riches
2025-11-30 19:22:10,718 - INFO - [The Guardian] Attempt 1/1: Trying with 'requests_browser' strategy...
2025-11-30 19:22:10,854 - INFO - [The Guardian] Success with 'requests_browser'. Found content (2453 words).
2025-11-30 19:22:11,102 - INFO - [BBC] Article: https://www.bbc.com/news/articles/cx2gylngx7go?at_medium=RSS&at_campaign=rss
2025-11-30 19:22:11,102 - INFO - [BBC] Attempt 1/1: Trying with 'requests_browser' strategy...
2025-11-30 19:22:11,273 - INFO - [BBC] Success with 'requests_browser'. Found content (625 words).
2025-11-30 19:22:20,831 - ERROR - [Times of India] Request failed for strategy 'selenium_browser' on URL https://timesofindia.indiatimes.com/world/us/he-was-radicalised-in-the-us-kristi-noem-claims-dc-shooting-suspect-was-unvetted-by-the-biden-administration/articleshow/125677323.cms: Message: timeout: Timed out receiving message from renderer: 59.485
  (Session info: chrome=142.0.7444.162)
Stacktrace:
#0 0x561ea14c732a <unknown>
#1 0x561ea0f13e4b <unknown>
#2 0x561ea0efbe0d <unknown>
#3 0x561ea0efbaf0 <unknown>
#4 0x561ea0ef98ff <unknown>
#5 0x561ea0efa27f <unknown>
#6 0x561ea0f08ca3 <unknown>
#7 0x561ea0f22601 <unknown>
#8 0x561ea0f28e0b <unknown>
#9 0x561ea0efa9bd <unknown>
#10 0x561ea0f223a7 <unknown>
#11 0x561ea0fb3170 <unknown>
#12 0x561ea0f58c1a <unknown>
#13 0x561ea0f59921 <unknown>
#14 0x561ea148e239 <unknown>
#15 0x561ea14911e8 <unknown>
#16 0x561ea14774c9 <unknown>
#17 0x561ea1491db5 <unknown>
#18 0x561ea145ee93 <unknown>
#19 0x561ea14b4098 <unknown>
#20 0x561ea14b4273 <unknown>
#21 0x561ea14c62c3 <unknown>
#22 0x7f815ac9caa4 <unknown>
#23 0x7f815ad29c6c <unknown>

2025-11-30 19:22:20,831 - ERROR - [Times of India] All scrape strategies failed for https://timesofindia.indiatimes.com/world/us/he-was-radicalised-in-the-us-kristi-noem-claims-dc-shooting-suspect-was-unvetted-by-the-biden-administration/articleshow/125677323.cms. Falling back to RSS description.
2025-11-30 19:22:24,020 - INFO - Saved article: BJP has been ‘splitting parties’ for its entire history: Maharashtra minister - The Hindu from The Hindu
2025-11-30 19:22:24,020 - INFO - Duplicate article skipped: All the president’s millions: how the Trumps are turning the presidency into riches | Donald Trump | The Guardian from The Guardian
2025-11-30 19:22:24,020 - INFO - Duplicate article skipped: Russian strikes cause power outages for more than 600,000 in Ukraine from BBC
2025-11-30 19:22:24,020 - INFO - Duplicate article skipped: ‘He was radicalised in the US’: Kristi Noem claims DC shooting suspect was ‘unvetted’ from Times of India
2025-11-30 19:22:24,935 - INFO - [The Guardian] Article: https://www.theguardian.com/news/2025/nov/30/anger-mounts-in-hong-kong-over-apartment-fires-as-beijing-warns-against-anti-china-disruptors
2025-11-30 19:22:24,935 - INFO - [The Guardian] Attempt 1/1: Trying with 'requests_browser' strategy...
2025-11-30 19:22:24,957 - INFO - [The Guardian] Success with 'requests_browser'. Found content (560 words).
2025-11-30 19:22:24,995 - INFO - Duplicate article skipped: Anger mounts in Hong Kong over apartment fires as Beijing warns against ‘anti-China disruptors’ | Hong Kong apartment fires | The Guardian from The Guardian
2025-11-30 19:22:25,003 - INFO - [BBC] Article: https://www.bbc.com/news/articles/c4gp9d28p74o?at_medium=RSS&at_campaign=rss
2025-11-30 19:22:25,003 - INFO - [BBC] Attempt 1/1: Trying with 'requests_browser' strategy...
2025-11-30 19:22:25,185 - INFO - [BBC] Success with 'requests_browser'. Found content (430 words).
2025-11-30 19:22:25,216 - INFO - Duplicate article skipped: Airbus: Flights resume as normal after software update warning from BBC
2025-11-30 19:22:25,241 - INFO - [Times of India] Article: https://timesofindia.indiatimes.com/world/rest-of-world/global-first-turkish-uav-shoots-down-aircraft-with-bvr-air-to-air-missile-company-lauds-pinpoint-accuracy-watch/articleshow/125674346.cms
2025-11-30 19:22:25,241 - INFO - [Times of India] Attempt 1/1: Trying with 'selenium_browser' strategy...
2025-11-30 19:22:25,259 - INFO - [The Hindu] Article: https://www.thehindu.com/news/national/tamil-nadu/prohibition-is-a-national-subject-not-restricted-to-tamil-nadu-thirumavalavan/article70342012.ece
2025-11-30 19:22:25,259 - INFO - [The Hindu] Attempt 1/1: Trying with 'selenium_browser' strategy...
2025-11-30 19:22:25,832 - INFO - [The Guardian] Article: https://www.theguardian.com/australia-news/2025/dec/01/gen-z-suicide-self-harm-more-other-generations
2025-11-30 19:22:25,832 - INFO - [The Guardian] Attempt 1/1: Trying with 'requests_browser' strategy...
2025-11-30 19:22:25,933 - INFO - [BBC] Article: https://www.bbc.com/news/articles/cvgj9dd983xo?at_medium=RSS&at_campaign=rss
2025-11-30 19:22:25,934 - INFO - [BBC] Attempt 1/1: Trying with 'requests_browser' strategy...
2025-11-30 19:22:25,971 - INFO - [The Guardian] Success with 'requests_browser'. Found content (732 words).
2025-11-30 19:22:26,050 - INFO - Duplicate article skipped: Gen Z Australians are attempting suicide and self-harming more than previous generations, study finds | Health | The Guardian from The Guardian
2025-11-30 19:22:26,353 - INFO - [BBC] Success with 'requests_browser'. Found content (790 words).
2025-11-30 19:22:26,433 - INFO - Duplicate article skipped: Nigeria blames jihadist groups for wave of kidnappings but others accuse criminal gangs from BBC
2025-11-30 19:22:27,021 - INFO - [The Guardian] Article: https://www.theguardian.com/australia-news/2025/dec/01/senior-queensland-police-defended-detectives-victim-blaming-comments-hannah-clarke-murder
2025-11-30 19:22:27,021 - INFO - [The Guardian] Attempt 1/1: Trying with 'requests_browser' strategy...
2025-11-30 19:22:27,100 - INFO - [BBC] Article: https://www.bbc.com/news/articles/c1kpm0rvxepo?at_medium=RSS&at_campaign=rss
2025-11-30 19:22:27,100 - INFO - [BBC] Attempt 1/1: Trying with 'requests_browser' strategy...
2025-11-30 19:22:27,142 - INFO - [The Guardian] Success with 'requests_browser'. Found content (932 words).
2025-11-30 19:22:27,263 - INFO - [BBC] Success with 'requests_browser'. Found content (557 words).
2025-11-30 19:22:27,277 - INFO - Duplicate article skipped: ‘Victim blaming’ comments after Hannah Clarke murders were part of botched police media strategy | Australian police and policing | The Guardian from The Guardian
2025-11-30 19:22:27,348 - INFO - Duplicate article skipped: Trump says he will pardon ex-Honduras president convicted of drug trafficking from BBC
2025-11-30 19:22:27,405 - INFO - [Times of India] Page content loaded.
2025-11-30 19:22:27,630 - INFO - [The Hindu] Page content loaded.
2025-11-30 19:22:27,804 - INFO - [Times of India] Success with 'selenium_browser'. Found content (235 words).
2025-11-30 19:22:27,885 - INFO - [The Guardian] Article: https://www.theguardian.com/australia-news/live/2025/nov/30/australia-news-live-jetstar-flights-resume-anthony-albanese-sussan-ley-labor-part-coalition-melbourne-metro-tunnel-ntwnfb
2025-11-30 19:22:27,885 - INFO - [The Guardian] Attempt 1/1: Trying with 'requests_browser' strategy...
2025-11-30 19:22:27,977 - INFO - Duplicate article skipped: 'Global first': Turkish UAV shoots down aircraft with BVR air-to-air missile; company lauds 'pinpoint accuracy' - watch - The Times of India from Times of India
2025-11-30 19:22:27,996 - INFO - [The Hindu] Success with 'selenium_browser'. Found content (316 words).
2025-11-30 19:22:28,331 - INFO - [BBC] Article: https://www.bbc.com/news/articles/c4g6we59qe4o?at_medium=RSS&at_campaign=rss
2025-11-30 19:22:28,331 - INFO - [BBC] Attempt 1/1: Trying with 'requests_browser' strategy...
2025-11-30 19:22:28,777 - INFO - [BBC] Success with 'requests_browser'. Found content (1841 words).
2025-11-30 19:22:28,894 - INFO - [The Guardian] Success with 'requests_browser'. Found content (2440 words).
2025-11-30 19:22:29,479 - INFO - [Times of India] Article: https://timesofindia.indiatimes.com/world/uk/british-man-arrested-for-posing-with-a-gun-in-us-elon-musk-furious/articleshow/125674330.cms
2025-11-30 19:22:29,479 - INFO - [Times of India] Attempt 1/1: Trying with 'selenium_browser' strategy...
2025-11-30 19:22:45,251 - INFO - Saved article: Prohibition is a national subject, not restricted to Tamil Nadu: Thirumavalavan - The Hindu from The Hindu
2025-11-30 19:22:45,251 - INFO - Duplicate article skipped: Nigeria's kidnapping crisis: 'Too scared to speak' - villagers on living in the midst of bandits from BBC
2025-11-30 19:22:45,252 - INFO - Duplicate article skipped: Ley says Coalition’s migration principles will include ‘issues around language and values’ – as it happened | Australia news | The Guardian from The Guardian
2025-11-30 19:22:45,815 - INFO - [The Guardian] Article: https://www.theguardian.com/environment/2025/nov/30/rising-tide-protest-climate-activists-stop-three-ships-from-entering-worlds-largest-coal-port-in-newcastle
2025-11-30 19:22:45,815 - INFO - [The Guardian] Attempt 1/1: Trying with 'requests_browser' strategy...
2025-11-30 19:22:45,845 - INFO - [The Guardian] Success with 'requests_browser'. Found content (847 words).
2025-11-30 19:22:45,895 - INFO - Duplicate article skipped: Rising Tide protest: climate activists stop three ships from entering world’s largest coal port in Newcastle | Newcastle and the Hunter | The Guardian from The Guardian
2025-11-30 19:22:46,406 - INFO - [The Hindu] Article: https://www.thehindu.com/news/national/kerala/munambam-action-council-calls-off-protest-splinter-group-takes-it-further/article70342475.ece
2025-11-30 19:22:46,406 - INFO - [The Hindu] Attempt 1/1: Trying with 'selenium_browser' strategy...
2025-11-30 19:22:46,693 - INFO - [BBC] Article: https://www.bbc.com/news/articles/c2465lndrnno?at_medium=RSS&at_campaign=rss
2025-11-30 19:22:46,693 - INFO - [BBC] Attempt 1/1: Trying with 'requests_browser' strategy...
2025-11-30 19:22:46,919 - INFO - [BBC] Success with 'requests_browser'. Found content (1352 words).
2025-11-30 19:22:46,991 - INFO - Duplicate article skipped: Will new warning labels in Ireland turn people away from alcohol? from BBC
2025-11-30 19:22:47,330 - INFO - [The Guardian] Article: https://www.theguardian.com/australia-news/2025/nov/30/couple-from-kazakhstan-allegedly-used-hidden-camera-and-earpieces-to-win-118m-from-sydneys-crown-casino
2025-11-30 19:22:47,330 - INFO - [The Guardian] Attempt 1/1: Trying with 'requests_browser' strategy...
2025-11-30 19:22:47,378 - INFO - [The Guardian] Success with 'requests_browser'. Found content (361 words).
2025-11-30 19:22:47,460 - INFO - Duplicate article skipped: Couple from Kazakhstan allegedly used hidden camera and earpieces to win $1.18m from Sydney’s Crown casino | Gambling | The Guardian from The Guardian
2025-11-30 19:22:47,468 - INFO - [The Hindu] Page content loaded.
2025-11-30 19:22:47,621 - INFO - [The Hindu] Success with 'selenium_browser'. Found content (245 words).
2025-11-30 19:22:47,698 - INFO - Duplicate article skipped: Munambam action council calls off protest, splinter group takes it further - The Hindu from The Hindu
2025-11-30 19:22:48,250 - INFO - [BBC] Article: https://www.bbc.com/news/articles/c5yq6g1gv4jo?at_medium=RSS&at_campaign=rss
2025-11-30 19:22:48,250 - INFO - [BBC] Attempt 1/1: Trying with 'requests_browser' strategy...
2025-11-30 19:22:48,525 - INFO - [The Hindu] Article: https://www.thehindu.com/news/national/west-bengal/west-bengal-government-directs-digitisation-of-waqf-properties-on-umeed-portal/article70342704.ece
2025-11-30 19:22:48,525 - INFO - [The Hindu] Attempt 1/1: Trying with 'selenium_browser' strategy...
2025-11-30 19:22:48,624 - INFO - [BBC] Success with 'requests_browser'. Found content (1317 words).
2025-11-30 19:22:48,699 - INFO - Duplicate article skipped: Israel Gaza war: Why I spend hours painstakingly repairing banknotes from BBC
2025-11-30 19:22:50,791 - INFO - [The Hindu] Page content loaded.
2025-11-30 19:22:50,857 - INFO - [The Hindu] Success with 'selenium_browser'. Found content (457 words).
2025-11-30 19:22:50,958 - INFO - Duplicate article skipped: West Bengal government directs digitisation of waqf properties on UMEED portal - The Hindu from The Hindu
2025-11-30 19:22:52,274 - INFO - [The Hindu] Article: https://www.thehindu.com/news/national/kerala/two-outgoing-chairpersons-try-their-luck-again-in-kalamassery-eloor-municipalities/article70307689.ece
2025-11-30 19:22:52,274 - INFO - [The Hindu] Attempt 1/1: Trying with 'selenium_browser' strategy...
2025-11-30 19:22:53,437 - INFO - [The Hindu] Page content loaded.
2025-11-30 19:22:53,514 - INFO - [The Hindu] Success with 'selenium_browser'. Found content (311 words).
2025-11-30 19:22:53,587 - INFO - Duplicate article skipped: Two outgoing chairpersons try their luck again in Kalamassery, Eloor municipalities - The Hindu from The Hindu
2025-11-30 19:22:54,905 - INFO - [The Hindu] Article: https://www.thehindu.com/news/national/kerala/more-than-300-indians-evacuated-from-flood-hit-sri-lanka-iaf-provides-assistance-in-rescue-and-relief-operations/article70342970.ece
2025-11-30 19:22:54,905 - INFO - [The Hindu] Attempt 1/1: Trying with 'selenium_browser' strategy...
2025-11-30 19:22:55,872 - INFO - [The Hindu] Page content loaded.
2025-11-30 19:22:55,977 - INFO - [The Hindu] Success with 'selenium_browser'. Found content (304 words).
2025-11-30 19:22:56,067 - INFO - Duplicate article skipped: More than 300 Indians evacuated from flood-hit Sri Lanka, IAF provides assistance in rescue and relief operations - The Hindu from The Hindu
2025-11-30 19:22:57,000 - INFO - [The Hindu] Article: https://www.thehindu.com/news/national/west-bengal/bangladeshi-nationals-return-in-large-numbers-via-hakimpur-border-checkpost-as-sir-fears-rise/article70339047.ece
2025-11-30 19:22:57,000 - INFO - [The Hindu] Attempt 1/1: Trying with 'selenium_browser' strategy...
2025-11-30 19:22:58,448 - INFO - [The Hindu] Page content loaded.
2025-11-30 19:22:58,512 - INFO - [The Hindu] Success with 'selenium_browser'. Found content (724 words).
2025-11-30 19:22:58,604 - INFO - Duplicate article skipped: Bangladeshi nationals return in large numbers via Hakimpur border checkpost as SIR fears rise - The Hindu from The Hindu
2025-11-30 19:22:59,677 - INFO - [The Hindu] Article: https://www.thehindu.com/news/national/kerala/top-leaders-add-zest-to-campaigning-in-kozhikode-corporation/article70342365.ece
2025-11-30 19:22:59,677 - INFO - [The Hindu] Attempt 1/1: Trying with 'selenium_browser' strategy...
2025-11-30 19:23:00,893 - INFO - [The Hindu] Page content loaded.
2025-11-30 19:23:00,967 - INFO - [The Hindu] Success with 'selenium_browser'. Found content (407 words).
2025-11-30 19:23:01,060 - INFO - Duplicate article skipped: Top leaders add zest to campaigning in Kozhikode Corporation - The Hindu from The Hindu
2025-11-30 19:23:01,992 - INFO - [The Hindu] Article: https://www.thehindu.com/news/national/assam/assam-cm-stoking-conflict-between-communities-says-gaurav-gogoi-after-report-on-st-status-for-six-groups/article70342653.ece
2025-11-30 19:23:01,992 - INFO - [The Hindu] Attempt 1/1: Trying with 'selenium_browser' strategy...
2025-11-30 19:23:02,855 - INFO - [The Hindu] Page content loaded.
2025-11-30 19:23:02,919 - INFO - [The Hindu] Success with 'selenium_browser'. Found content (526 words).
2025-11-30 19:23:02,993 - INFO - Duplicate article skipped: Assam CM ‘stoking conflict’ between communities, says Gaurav Gogoi after report on ST status for six groups - The Hindu from The Hindu
2025-11-30 19:23:03,569 - INFO - [The Hindu] Article: https://www.thehindu.com/news/national/tripura/ipft-to-hold-protest-in-delhi-demanding-autonomous-tipra-territorial-council-through-constitutional-amendment/article70342830.ece
2025-11-30 19:23:03,569 - INFO - [The Hindu] Attempt 1/1: Trying with 'selenium_browser' strategy...
2025-11-30 19:23:04,095 - INFO - [The Hindu] Page content loaded.
2025-11-30 19:23:04,174 - INFO - [The Hindu] Success with 'selenium_browser'. Found content (295 words).
2025-11-30 19:23:04,255 - INFO - Duplicate article skipped: IPFT to hold protest in Delhi demanding autonomous Tipra Territorial Council through Constitutional amendment - The Hindu from The Hindu
2025-11-30 19:23:04,972 - INFO - [The Hindu] Article: https://www.thehindu.com/news/national/kerala/army-truck-gets-stuck-under-tree-branch-briefly-disrupts-traffic-at-pappanamcode/article70342645.ece
2025-11-30 19:23:04,972 - INFO - [The Hindu] Attempt 1/1: Trying with 'selenium_browser' strategy...
2025-11-30 19:23:06,243 - INFO - [The Hindu] Page content loaded.
2025-11-30 19:23:06,310 - INFO - [The Hindu] Success with 'selenium_browser'. Found content (119 words).
2025-11-30 19:23:06,426 - INFO - Duplicate article skipped: Army truck gets stuck under tree branch; briefly disrupts traffic at Pappanamcode - The Hindu from The Hindu
2025-11-30 19:23:07,221 - INFO - [The Hindu] Article: https://www.thehindu.com/news/national/andhra-pradesh/mla-launches-development-works-in-krishna-district/article70342693.ece
2025-11-30 19:23:07,221 - INFO - [The Hindu] Attempt 1/1: Trying with 'selenium_browser' strategy...
2025-11-30 19:23:08,419 - INFO - [The Hindu] Page content loaded.
2025-11-30 19:23:08,611 - INFO - [The Hindu] Success with 'selenium_browser'. Found content (86 words).
2025-11-30 19:23:09,127 - INFO - Duplicate article skipped: MLA launches development works in Krishna district - The Hindu from The Hindu
2025-11-30 19:23:10,000 - INFO - [The Hindu] Article: https://www.thehindu.com/news/national/kerala/bjp-promises-to-make-thiruvananthapuram-an-olympics-venue/article70342037.ece
2025-11-30 19:23:10,001 - INFO - [The Hindu] Attempt 1/1: Trying with 'selenium_browser' strategy...
2025-11-30 19:23:11,309 - INFO - [The Hindu] Page content loaded.
2025-11-30 19:23:11,353 - INFO - [The Hindu] Success with 'selenium_browser'. Found content (113 words).
2025-11-30 19:23:11,407 - INFO - Duplicate article skipped: BJP promises to make Thiruvananthapuram an Olympics venue - The Hindu from The Hindu
2025-11-30 19:23:12,859 - INFO - [The Hindu] Article: https://www.thehindu.com/news/national/rajasthan/order-directing-rajasthan-schools-to-mark-dec-6-as-shaurya-diwas-recalled/article70342376.ece
2025-11-30 19:23:12,859 - INFO - [The Hindu] Attempt 1/1: Trying with 'selenium_browser' strategy...
2025-11-30 19:23:14,550 - INFO - [The Hindu] Page content loaded.
2025-11-30 19:23:14,607 - INFO - [The Hindu] Success with 'selenium_browser'. Found content (416 words).
2025-11-30 19:23:14,702 - INFO - Duplicate article skipped: Order directing Rajasthan schools to mark Dec. 6 as Shaurya Diwas recalled - The Hindu from The Hindu
2025-11-30 19:23:15,740 - INFO - [The Hindu] Article: https://www.thehindu.com/news/national/kerala/244-counting-centres-for-kerala-local-body-polls/article70342449.ece
2025-11-30 19:23:15,740 - INFO - [The Hindu] Attempt 1/1: Trying with 'selenium_browser' strategy...
2025-11-30 19:23:16,995 - INFO - [The Hindu] Page content loaded.
2025-11-30 19:23:17,044 - INFO - [The Hindu] Success with 'selenium_browser'. Found content (175 words).
2025-11-30 19:23:17,102 - INFO - Duplicate article skipped: 244 counting centres for Kerala local body polls - The Hindu from The Hindu
2025-11-30 19:23:18,399 - INFO - [The Hindu] Article: https://www.thehindu.com/news/national/congress-discusses-centres-stance-on-sir-debate-vande-mataram-anniversary/article70342699.ece
2025-11-30 19:23:18,399 - INFO - [The Hindu] Attempt 1/1: Trying with 'selenium_browser' strategy...
2025-11-30 19:23:19,682 - INFO - [The Hindu] Page content loaded.
2025-11-30 19:23:19,763 - INFO - [The Hindu] Success with 'selenium_browser'. Found content (325 words).
2025-11-30 19:23:19,852 - INFO - Duplicate article skipped: Congress discusses Centre’s stance on SIR debate, Vande Mataram anniversary - The Hindu from The Hindu
2025-11-30 19:23:20,731 - INFO - [The Hindu] Article: https://www.thehindu.com/news/national/mha-writes-to-states-and-uts-to-consider-renaming-raj-bhavans-as-lok-bhavans/article70342512.ece
2025-11-30 19:23:20,731 - INFO - [The Hindu] Attempt 1/1: Trying with 'selenium_browser' strategy...
2025-11-30 19:23:21,896 - INFO - [The Hindu] Page content loaded.
2025-11-30 19:23:21,970 - INFO - [The Hindu] Success with 'selenium_browser'. Found content (201 words).
2025-11-30 19:23:22,072 - INFO - Duplicate article skipped: Centre writes to States to consider renaming Raj Bhavans as Lok Bhavans - The Hindu from The Hindu
2025-11-30 19:23:22,895 - INFO - [The Hindu] Article: https://www.thehindu.com/news/national/andhra-pradesh/students-youth-asked-to-stay-away-from-drugs-ganja/article70342463.ece
2025-11-30 19:23:22,896 - INFO - [The Hindu] Attempt 1/1: Trying with 'selenium_browser' strategy...
2025-11-30 19:23:23,640 - INFO - [The Hindu] Page content loaded.
2025-11-30 19:23:23,712 - INFO - [The Hindu] Success with 'selenium_browser'. Found content (293 words).
2025-11-30 19:23:23,791 - INFO - Duplicate article skipped: Students, youth asked to stay away from drugs, ganja - The Hindu from The Hindu
2025-11-30 19:23:25,236 - INFO - [The Hindu] (Thread) Finished. Attempting to shut down its Selenium driver.
2025-11-30 19:23:25,456 - INFO - [The Hindu] (Thread) driver.quit() successful.
2025-11-30 19:24:29,580 - ERROR - [Times of India] Request failed for strategy 'selenium_browser' on URL https://timesofindia.indiatimes.com/world/uk/british-man-arrested-for-posing-with-a-gun-in-us-elon-musk-furious/articleshow/125674330.cms: HTTPConnectionPool(host='localhost', port=52183): Read timed out. (read timeout=120)
2025-11-30 19:24:29,580 - ERROR - [Times of India] All scrape strategies failed for https://timesofindia.indiatimes.com/world/uk/british-man-arrested-for-posing-with-a-gun-in-us-elon-musk-furious/articleshow/125674330.cms. Falling back to RSS description.
2025-11-30 19:24:29,580 - INFO - Duplicate article skipped: British man arrested for posing with a gun in US, Elon Musk furious from Times of India
2025-11-30 19:24:30,225 - INFO - [Times of India] Article: https://timesofindia.indiatimes.com/world/us/i-use-the-plane-less-than-my-predecessors-kash-patel-defends-himself-over-claims-he-used-an-fbi-jet-to-see-his-girlfriend/articleshow/125673505.cms
2025-11-30 19:24:30,225 - INFO - [Times of India] Attempt 1/1: Trying with 'selenium_browser' strategy...
2025-11-30 19:26:17,623 - CRITICAL - --- TIMEOUT: 1 scrape jobs did not complete in 300s. ---
2025-11-30 19:26:17,624 - ERROR - A thread has timed out and will be abandoned.
2025-11-30 19:26:17,624 - INFO - Shutting down thread pool (wait=False)...
2025-11-30 19:26:17,624 - INFO - Scraped: 0 BBC, 4 The Hindu, 0 The Guardian, 1 Timed_Out_Jobs articles. (Total saved: 4)
2025-11-30 19:26:17,624 - INFO - --- Scraping job finished ---
2025-11-30 19:26:17,624 - INFO - --- Scraper service stopped and database connection closed. ---
2025-11-30 19:26:17,624 - INFO - --- Main thread finished. Forcing process exit to kill zombie threads. ---
