2025-11-27 12:52:07,026 - INFO - Loading AI Semantic Model (all-MiniLM-L6-v2)...
2025-11-27 12:52:07,026 - INFO - Use pytorch device_name: cpu
2025-11-27 12:52:07,027 - INFO - Load pretrained SentenceTransformer: all-MiniLM-L6-v2
2025-11-27 12:52:07,566 - INFO - AI Model loaded successfully.
2025-11-27 12:52:07,566 - INFO - Initializing database connection at: news_articles.db
2025-11-27 12:52:07,566 - INFO - --- Scraper service started (CI Mode: Run Once) ---
2025-11-27 12:52:07,566 - INFO - --- Starting new scraping job (Parallel Mode) ---
2025-11-27 12:52:07,566 - INFO - Creating new robust session with 3 retries on 5xx/connection/read errors.
2025-11-27 12:52:07,566 - INFO - Proxy is DISABLED.
2025-11-27 12:52:07,567 - INFO - Starting scrape for BBC RSS feed: http://feeds.bbci.co.uk/news/world/rss.xml
2025-11-27 12:52:07,568 - INFO - [Times of India] (Thread) requires Selenium. Initializing driver...
2025-11-27 12:52:07,568 - INFO - Initializing headless Selenium Chrome driver (using SeleniumManager)...
2025-11-27 12:52:07,569 - INFO - Starting scrape for The Guardian RSS feed: https://www.theguardian.com/world/rss
2025-11-27 12:52:07,570 - INFO - [The Hindu] (Thread) requires Selenium. Initializing driver...
2025-11-27 12:52:07,570 - INFO - Initializing headless Selenium Chrome driver (using SeleniumManager)...
2025-11-27 12:52:07,570 - INFO - Submitted 4 jobs to thread pool. Waiting up to 300s for completion...
2025-11-27 12:52:07,660 - INFO - Found 45 articles in The Guardian RSS feed. Processing up to 20.
2025-11-27 12:52:07,661 - INFO - [The Guardian] Article: https://www.theguardian.com/world/2025/nov/26/guinea-bissau-officers-take-total-control-close-borders-amid-election-chaos
2025-11-27 12:52:07,661 - INFO - [The Guardian] Attempt 1/1: Trying with 'requests_browser' strategy...
2025-11-27 12:52:07,673 - INFO - Found 30 articles in BBC RSS feed. Processing up to 20.
2025-11-27 12:52:07,674 - INFO - [BBC] Article: https://www.bbc.com/news/articles/cvg165d7ppvo?at_medium=RSS&at_campaign=rss
2025-11-27 12:52:07,674 - INFO - [BBC] Attempt 1/1: Trying with 'requests_browser' strategy...
2025-11-27 12:52:07,692 - INFO - [The Guardian] Success with 'requests_browser'. Found content (412 words).
2025-11-27 12:52:07,728 - INFO - Duplicate article skipped: Guinea-Bissau military takes ‘total control’ amid election chaos | Guinea-Bissau | The Guardian from The Guardian
2025-11-27 12:52:07,826 - INFO - [BBC] Success with 'requests_browser'. Found content (993 words).
2025-11-27 12:52:07,876 - INFO - Duplicate article skipped: Hong Kong: At least 55 dead and hundreds missing after fire engulfs tower blocks from BBC
2025-11-27 12:52:08,445 - INFO - [BBC] Article: https://www.bbc.com/news/articles/cvgjnlx1g6yo?at_medium=RSS&at_campaign=rss
2025-11-27 12:52:08,445 - INFO - [BBC] Attempt 1/1: Trying with 'requests_browser' strategy...
2025-11-27 12:52:08,481 - INFO - [BBC] Success with 'requests_browser'. Found content (787 words).
2025-11-27 12:52:08,518 - INFO - Duplicate article skipped: Hong Kong residents react as deadly fire tears through housing estate from BBC
2025-11-27 12:52:08,872 - INFO - [The Guardian] Article: https://www.theguardian.com/world/2025/nov/25/nigerian-schoolgirls-rescued-after-mass-abduction-in-kebbi
2025-11-27 12:52:08,872 - INFO - [The Guardian] Attempt 1/1: Trying with 'requests_browser' strategy...
2025-11-27 12:52:08,904 - INFO - [The Guardian] Success with 'requests_browser'. Found content (515 words).
2025-11-27 12:52:08,947 - INFO - Duplicate article skipped: Nigerian schoolgirls rescued after mass abduction in Kebbi | Nigeria | The Guardian from The Guardian
2025-11-27 12:52:09,685 - INFO - [BBC] Article: https://www.bbc.com/news/articles/cgex957qg97o?at_medium=RSS&at_campaign=rss
2025-11-27 12:52:09,685 - INFO - [BBC] Attempt 1/1: Trying with 'requests_browser' strategy...
2025-11-27 12:52:09,722 - INFO - [BBC] Success with 'requests_browser'. Found content (779 words).
2025-11-27 12:52:09,761 - INFO - Duplicate article skipped: US suspends immigration requests for Afghans after National Guard shooting from BBC
2025-11-27 12:52:09,888 - INFO - [The Guardian] Article: https://www.theguardian.com/world/2025/nov/25/jacob-zuma-daughter-accused-tricking-men-fighting-for-russia-in-ukraine
2025-11-27 12:52:09,888 - INFO - [The Guardian] Attempt 1/1: Trying with 'requests_browser' strategy...
2025-11-27 12:52:09,995 - INFO - [The Guardian] Success with 'requests_browser'. Found content (656 words).
2025-11-27 12:52:10,189 - INFO - Duplicate article skipped: Jacob Zuma’s daughter accused of tricking men into fighting for Russia in Ukraine | South Africa | The Guardian from The Guardian
2025-11-27 12:52:10,569 - INFO - [BBC] Article: https://www.bbc.com/news/articles/c0edw7g7z79o?at_medium=RSS&at_campaign=rss
2025-11-27 12:52:10,569 - INFO - [BBC] Attempt 1/1: Trying with 'requests_browser' strategy...
2025-11-27 12:52:10,605 - INFO - [BBC] Success with 'requests_browser'. Found content (1050 words).
2025-11-27 12:52:11,295 - INFO - [The Guardian] Article: https://www.theguardian.com/uk-news/2025/nov/24/uk-rejects-nigerian-request-to-deport-former-politican-ike-ekweremadu-jailed-for-organ-trafficking
2025-11-27 12:52:11,295 - INFO - [The Guardian] Attempt 1/1: Trying with 'requests_browser' strategy...
2025-11-27 12:52:11,334 - INFO - [The Guardian] Success with 'requests_browser'. Found content (545 words).
2025-11-27 12:52:15,121 - INFO - Selenium driver initialized successfully.
2025-11-27 12:52:15,121 - INFO - Starting scrape for Times of India RSS feed: https://timesofindia.indiatimes.com/rssfeeds/296589292.cms
2025-11-27 12:52:15,122 - INFO - Selenium driver initialized successfully.
2025-11-27 12:52:15,122 - INFO - Starting scrape for The Hindu RSS feed: https://www.thehindu.com/news/national/feeder/default.rss
2025-11-27 12:52:15,247 - INFO - Found 20 articles in Times of India RSS feed. Processing up to 20.
2025-11-27 12:52:15,247 - INFO - [Times of India] Article: https://timesofindia.indiatimes.com/world/us/fraud-nepotism-corruption-heritage-foundation-speaks-out-on-h-1b-row-says-h-4-spouses-should-not-be-aluthorized-to-work-in-us/articleshow/125614782.cms
2025-11-27 12:52:15,247 - INFO - [Times of India] Attempt 1/1: Trying with 'selenium_browser' strategy...
2025-11-27 12:52:15,278 - INFO - Found 100 articles in The Hindu RSS feed. Processing up to 20.
2025-11-27 12:52:15,279 - INFO - [The Hindu] Article: https://www.thehindu.com/news/cities/Coimbatore/coimbatore-gang-rape-police-get-one-day-custody-of-three-accused/article70330210.ece
2025-11-27 12:52:15,279 - INFO - [The Hindu] Attempt 1/1: Trying with 'selenium_browser' strategy...
2025-11-27 12:52:16,502 - INFO - Saved article: France brings back limited military service with 3,000 volunteers next year from BBC
2025-11-27 12:52:16,502 - INFO - Duplicate article skipped: UK rejects Nigerian request to deport former politican jailed for organ trafficking | UK news | The Guardian from The Guardian
2025-11-27 12:52:17,079 - INFO - [BBC] Article: https://www.bbc.com/news/articles/cvg164nvj77o?at_medium=RSS&at_campaign=rss
2025-11-27 12:52:17,080 - INFO - [BBC] Attempt 1/1: Trying with 'requests_browser' strategy...
2025-11-27 12:52:17,129 - INFO - [The Guardian] Article: https://www.theguardian.com/world/2025/nov/24/ethiopian-volcano-hayli-gubbi-erupts-first-time-12000-years
2025-11-27 12:52:17,130 - INFO - [The Guardian] Attempt 1/1: Trying with 'requests_browser' strategy...
2025-11-27 12:52:17,132 - INFO - [BBC] Success with 'requests_browser'. Found content (680 words).
2025-11-27 12:52:17,250 - INFO - [The Guardian] Success with 'requests_browser'. Found content (306 words).
2025-11-27 12:52:22,655 - INFO - [The Hindu] Page content loaded.
2025-11-27 12:52:23,322 - INFO - [The Hindu] Success with 'selenium_browser'. Found content (207 words).
2025-11-27 12:52:36,606 - INFO - DEDUPLICATION: Found match (Score: 0.73). Linking to Cluster ID: 1815c49c-ec5e-41a8-80c3-d84cd18942cf
2025-11-27 12:52:36,609 - INFO - Saved article: Guinea-Bissau army general named president a day after apparent coup from BBC
2025-11-27 12:52:36,609 - INFO - Duplicate article skipped: Ethiopian volcano erupts for first time in 12,000 years | Ethiopia | The Guardian from The Guardian
2025-11-27 12:52:37,202 - INFO - [The Guardian] Article: https://www.theguardian.com/world/2025/nov/27/st-vincent-prime-minister-seeks-record-sixth-term-in-tight-election
2025-11-27 12:52:37,202 - INFO - [The Guardian] Attempt 1/1: Trying with 'requests_browser' strategy...
2025-11-27 12:52:37,243 - INFO - [BBC] Article: https://www.bbc.com/news/articles/cewj1e1yk2vo?at_medium=RSS&at_campaign=rss
2025-11-27 12:52:37,243 - INFO - [BBC] Attempt 1/1: Trying with 'requests_browser' strategy...
2025-11-27 12:52:37,251 - INFO - [The Guardian] Success with 'requests_browser'. Found content (676 words).
2025-11-27 12:52:37,355 - INFO - [BBC] Success with 'requests_browser'. Found content (1118 words).
2025-11-27 12:52:42,803 - INFO - Saved article: Coimbatore gang rape: Police get one-day custody of three accused - The Hindu from The Hindu
2025-11-27 12:52:42,804 - INFO - Duplicate article skipped: St Vincent prime minister seeks record sixth term in tight election | St Vincent and the Grenadines | The Guardian from The Guardian
2025-11-27 12:52:42,804 - INFO - Duplicate article skipped: Fracking transforms an Argentine town but what about the nation? from BBC
2025-11-27 12:52:43,465 - INFO - [The Hindu] Article: https://www.thehindu.com/news/cities/Hyderabad/job-fair-at-air-force-station-in-secunderabad-on-november-28-to-connect-corporates-with-skilled-ex-servicemen/article70321522.ece
2025-11-27 12:52:43,465 - INFO - [The Hindu] Attempt 1/1: Trying with 'selenium_browser' strategy...
2025-11-27 12:52:43,858 - INFO - [The Guardian] Article: https://www.theguardian.com/us-news/2025/nov/26/trump-temporary-protected-status-haiti
2025-11-27 12:52:43,859 - INFO - [The Guardian] Attempt 1/1: Trying with 'requests_browser' strategy...
2025-11-27 12:52:43,887 - INFO - [The Guardian] Success with 'requests_browser'. Found content (409 words).
2025-11-27 12:52:43,937 - INFO - [BBC] Article: https://www.bbc.com/news/articles/cd0keyern0do?at_medium=RSS&at_campaign=rss
2025-11-27 12:52:43,937 - INFO - [BBC] Attempt 1/1: Trying with 'requests_browser' strategy...
2025-11-27 12:52:43,939 - INFO - Duplicate article skipped: Trump officials halt protected status for Haitians in US | US immigration | The Guardian from The Guardian
2025-11-27 12:52:44,025 - INFO - [BBC] Success with 'requests_browser'. Found content (511 words).
2025-11-27 12:52:44,078 - INFO - Duplicate article skipped: Venezuela bans six major airlines after tensions with US escalate from BBC
2025-11-27 12:52:44,656 - INFO - [The Hindu] Page content loaded.
2025-11-27 12:52:44,788 - INFO - [The Hindu] Success with 'selenium_browser'. Found content (316 words).
2025-11-27 12:52:45,106 - INFO - [The Guardian] Article: https://www.theguardian.com/us-news/2025/nov/26/kristi-noem-deportation-flights-el-salvador
2025-11-27 12:52:45,106 - INFO - [The Guardian] Attempt 1/1: Trying with 'requests_browser' strategy...
2025-11-27 12:52:45,152 - INFO - [The Guardian] Success with 'requests_browser'. Found content (433 words).
2025-11-27 12:52:45,542 - INFO - [BBC] Article: https://www.bbc.com/news/articles/cdd560nvqqdo?at_medium=RSS&at_campaign=rss
2025-11-27 12:52:45,543 - INFO - [BBC] Attempt 1/1: Trying with 'requests_browser' strategy...
2025-11-27 12:52:45,679 - INFO - [BBC] Success with 'requests_browser'. Found content (1894 words).
2025-11-27 12:52:52,031 - INFO - Saved article: Job fair at Air Force Station in Secunderabad on November 28 to connect corporates with skilled ex-servicemen - The Hindu from The Hindu
2025-11-27 12:52:52,031 - INFO - Duplicate article skipped: Noem made decision to continue deportation flights to El Salvador, justice department says | Trump administration | The Guardian from The Guardian
2025-11-27 12:52:52,031 - INFO - Duplicate article skipped: Year after ceasefire, peace eludes south Lebanon as Israeli strikes continue from BBC
2025-11-27 12:52:52,773 - INFO - [The Guardian] Article: https://www.theguardian.com/world/2025/nov/26/maduro-defends-venezuela-against-trump-military
2025-11-27 12:52:52,773 - INFO - [The Guardian] Attempt 1/1: Trying with 'requests_browser' strategy...
2025-11-27 12:52:52,801 - INFO - [The Guardian] Success with 'requests_browser'. Found content (567 words).
2025-11-27 12:52:52,843 - INFO - Duplicate article skipped: Trump threatens Venezuela’s Maduro with ‘the easy way … or the hard way’ | Nicolás Maduro | The Guardian from The Guardian
2025-11-27 12:52:53,279 - INFO - [The Hindu] Article: https://www.thehindu.com/news/national/karnataka/br-patil-urges-timely-district-plans-with-focus-on-sustainable-growth-hdi/article70330260.ece
2025-11-27 12:52:53,279 - INFO - [The Hindu] Attempt 1/1: Trying with 'selenium_browser' strategy...
2025-11-27 12:52:53,521 - INFO - [BBC] Article: https://www.bbc.com/news/articles/cy5g3076lqzo?at_medium=RSS&at_campaign=rss
2025-11-27 12:52:53,521 - INFO - [BBC] Attempt 1/1: Trying with 'requests_browser' strategy...
2025-11-27 12:52:53,556 - INFO - [BBC] Success with 'requests_browser'. Found content (700 words).
2025-11-27 12:52:53,596 - INFO - Duplicate article skipped: Pope Leo arrives in Turkey on first foreign trip, six months into papacy from BBC
2025-11-27 12:52:53,731 - INFO - [The Guardian] Article: https://www.theguardian.com/us-news/2025/nov/25/trump-caribbean-boat-strikes-memo
2025-11-27 12:52:53,732 - INFO - [The Guardian] Attempt 1/1: Trying with 'requests_browser' strategy...
2025-11-27 12:52:53,817 - INFO - [The Guardian] Success with 'requests_browser'. Found content (952 words).
2025-11-27 12:52:53,875 - INFO - Duplicate article skipped: US justice department memo about boat strikes diverges from Trump narrative | Trump administration | The Guardian from The Guardian
2025-11-27 12:52:54,367 - INFO - [BBC] Article: https://www.bbc.com/news/articles/cq8dq47j5y8o?at_medium=RSS&at_campaign=rss
2025-11-27 12:52:54,368 - INFO - [BBC] Attempt 1/1: Trying with 'requests_browser' strategy...
2025-11-27 12:52:54,408 - INFO - [BBC] Success with 'requests_browser'. Found content (500 words).
2025-11-27 12:52:54,463 - INFO - Duplicate article skipped: South Africa's Cyril Ramaphosa hits back after Donald Trump says US won't invite it for G20 summit from BBC
2025-11-27 12:52:54,671 - INFO - [The Guardian] Article: https://www.theguardian.com/world/live/2025/nov/27/hong-kong-fire-arrests-dead-killed-hundreds-missing-housing-complex-blaze
2025-11-27 12:52:54,671 - INFO - [The Guardian] Attempt 1/1: Trying with 'requests_browser' strategy...
2025-11-27 12:52:54,729 - INFO - [The Hindu] Page content loaded.
2025-11-27 12:52:54,847 - INFO - [The Hindu] Success with 'selenium_browser'. Found content (297 words).
2025-11-27 12:52:55,411 - INFO - [The Guardian] Success with 'requests_browser'. Found content (1231 words).
2025-11-27 12:52:55,684 - INFO - [BBC] Article: https://www.bbc.com/news/articles/cdxwzwe507ko?at_medium=RSS&at_campaign=rss
2025-11-27 12:52:55,690 - INFO - [BBC] Attempt 1/1: Trying with 'requests_browser' strategy...
2025-11-27 12:52:55,883 - INFO - [BBC] Success with 'requests_browser'. Found content (444 words).
2025-11-27 12:53:05,430 - INFO - Saved article: B.R. Patil urges timely district plans with focus on sustainable growth, HDI - The Hindu from The Hindu
2025-11-27 12:53:05,430 - INFO - Duplicate article skipped: Hong Kong fire latest: rescue crews search for survivors as death toll rises to 65 with hundreds reported missing | Hong Kong | The Guardian from The Guardian
2025-11-27 12:53:05,430 - INFO - Duplicate article skipped: Malawi police investigate theft of four German Shepherds from Kamuzu Palace from BBC
2025-11-27 12:53:06,044 - INFO - [The Guardian] Article: https://www.theguardian.com/news/2025/nov/27/hong-kong-fire-tai-po-police-blame-construction-company
2025-11-27 12:53:06,044 - INFO - [The Guardian] Attempt 1/1: Trying with 'requests_browser' strategy...
2025-11-27 12:53:06,072 - INFO - [The Hindu] Article: https://www.thehindu.com/news/national/karnataka/k-ride-set-to-get-full-time-managing-director-after-nearly-three-years/article70330097.ece
2025-11-27 12:53:06,072 - INFO - [The Hindu] Attempt 1/1: Trying with 'selenium_browser' strategy...
2025-11-27 12:53:06,084 - INFO - [The Guardian] Success with 'requests_browser'. Found content (974 words).
2025-11-27 12:53:06,197 - INFO - Duplicate article skipped: Hong Kong fire: police blame construction firm’s ‘gross negligence’ as death toll rises to 55 | Hong Kong apartment fires | The Guardian from The Guardian
2025-11-27 12:53:06,306 - INFO - [BBC] Article: https://www.bbc.com/news/articles/cly0jjv2lg1o?at_medium=RSS&at_campaign=rss
2025-11-27 12:53:06,307 - INFO - [BBC] Attempt 1/1: Trying with 'requests_browser' strategy...
2025-11-27 12:53:06,425 - INFO - [BBC] Success with 'requests_browser'. Found content (1341 words).
2025-11-27 12:53:06,529 - INFO - Duplicate article skipped: Russia Ukraine war: Where peace stands after frantic diplomacy from BBC
2025-11-27 12:53:07,047 - INFO - [The Guardian] Article: https://www.theguardian.com/world/2025/nov/27/jakarta-overtakes-tokyo-most-populous-city-world
2025-11-27 12:53:07,047 - INFO - [The Guardian] Attempt 1/1: Trying with 'requests_browser' strategy...
2025-11-27 12:53:07,158 - INFO - [The Guardian] Success with 'requests_browser'. Found content (515 words).
2025-11-27 12:53:07,283 - INFO - [Times of India] Page content loaded.
2025-11-27 12:53:07,284 - INFO - Duplicate article skipped: Jakarta overtakes Tokyo as world’s most populous city, according to UN | Indonesia | The Guardian from The Guardian
2025-11-27 12:53:07,672 - INFO - [BBC] Article: https://www.bbc.com/news/articles/c0edww3qgq2o?at_medium=RSS&at_campaign=rss
2025-11-27 12:53:07,672 - INFO - [BBC] Attempt 1/1: Trying with 'requests_browser' strategy...
2025-11-27 12:53:07,830 - INFO - [Times of India] Success with 'selenium_browser'. Found content (444 words).
2025-11-27 12:53:07,852 - INFO - [BBC] Success with 'requests_browser'. Found content (652 words).
2025-11-27 12:53:07,987 - INFO - Duplicate article skipped: Guinea-Bissau coup: Soldiers seize power and detain President Umaro Sissoco Embaló from BBC
2025-11-27 12:53:08,086 - INFO - [The Hindu] Page content loaded.
2025-11-27 12:53:08,406 - INFO - [The Hindu] Success with 'selenium_browser'. Found content (474 words).
2025-11-27 12:53:08,630 - INFO - [The Guardian] Article: https://www.theguardian.com/world/2025/nov/26/hong-kong-fire-tai-po-towers
2025-11-27 12:53:08,630 - INFO - [The Guardian] Attempt 1/1: Trying with 'requests_browser' strategy...
2025-11-27 12:53:08,768 - INFO - [The Guardian] Success with 'requests_browser'. Found content (742 words).
2025-11-27 12:53:09,298 - INFO - [BBC] Article: https://www.bbc.com/news/articles/c3r7xr94ln8o?at_medium=RSS&at_campaign=rss
2025-11-27 12:53:09,298 - INFO - [BBC] Attempt 1/1: Trying with 'requests_browser' strategy...
2025-11-27 12:53:09,388 - INFO - [BBC] Success with 'requests_browser'. Found content (724 words).
2025-11-27 12:53:16,478 - INFO - Saved article: 'Fraud, nepotism, corruption': Heritage Foundation speaks out on H-1B row, says H-4 spouses should not be aluthorized to work in US - The Times of India from Times of India
2025-11-27 12:53:17,051 - INFO - [Times of India] Article: https://timesofindia.indiatimes.com/world/us/national-guard-had-nothing-to-do-but-pick-up-trash-journalist-says-soldiers-killed-near-white-house-were-sent-for-political-show-draws-flak/articleshow/125614673.cms
2025-11-27 12:53:17,051 - INFO - [Times of India] Attempt 1/1: Trying with 'selenium_browser' strategy...
2025-11-27 12:53:18,696 - INFO - [Times of India] Page content loaded.
2025-11-27 12:53:18,881 - INFO - [Times of India] Success with 'selenium_browser'. Found content (369 words).
2025-11-27 12:53:25,291 - INFO - Saved article: K-RIDE set to get full-time Managing Director after nearly three years - The Hindu from The Hindu
2025-11-27 12:53:25,291 - INFO - Duplicate article skipped: Death toll in Hong Kong tower block fire rises to 44 with hundreds still missing | Hong Kong | The Guardian from The Guardian
2025-11-27 12:53:25,291 - INFO - Duplicate article skipped: Trump defends Witkoff after leak appears to show envoy coaching Russias from BBC
2025-11-27 12:53:26,179 - INFO - [BBC] Article: https://www.bbc.com/news/articles/c74x55epn34o?at_medium=RSS&at_campaign=rss
2025-11-27 12:53:26,179 - INFO - [BBC] Attempt 1/1: Trying with 'requests_browser' strategy...
2025-11-27 12:53:26,221 - INFO - [BBC] Success with 'requests_browser'. Found content (303 words).
2025-11-27 12:53:26,284 - INFO - [The Hindu] Article: https://www.thehindu.com/news/national/gujarat/ensure-quality-in-road-construction-or-face-action-gadkari-to-contractors/article70330410.ece
2025-11-27 12:53:26,284 - INFO - [The Hindu] Attempt 1/1: Trying with 'selenium_browser' strategy...
2025-11-27 12:53:26,613 - INFO - [The Guardian] Article: https://www.theguardian.com/world/2025/nov/26/bamboo-scaffolding-may-be-to-blame-for-spread-of-hong-kong-tower-block-fire
2025-11-27 12:53:26,613 - INFO - [The Guardian] Attempt 1/1: Trying with 'requests_browser' strategy...
2025-11-27 12:53:26,672 - INFO - [The Guardian] Success with 'requests_browser'. Found content (344 words).
2025-11-27 12:53:33,197 - INFO - Saved article: National Guard had ‘nothing to do but pick up trash’: Journalist says soldiers killed near White House were sent for ‘political show’; draws flak - The Times of India from Times of India
2025-11-27 12:53:33,197 - INFO - Duplicate article skipped: Nicolas Sarkozy illegal campaign financing conviction upheld from BBC
2025-11-27 12:53:33,197 - INFO - Duplicate article skipped: Bamboo scaffolding may be to blame for spread of Hong Kong tower block fire | Hong Kong | The Guardian from The Guardian
2025-11-27 12:53:33,960 - INFO - [Times of India] Article: https://timesofindia.indiatimes.com/world/middle-east/uae-launches-region-first-digital-marketplace-app-for-buying-and-trading-trademarks/articleshow/125614099.cms
2025-11-27 12:53:33,960 - INFO - [Times of India] Attempt 1/1: Trying with 'selenium_browser' strategy...
2025-11-27 12:53:34,363 - INFO - [The Guardian] Article: https://www.theguardian.com/australia-news/2025/nov/27/guardian-australia-win-walkley-award-for-indigenous-affairs-for-the-descendants-series
2025-11-27 12:53:34,363 - INFO - [The Guardian] Attempt 1/1: Trying with 'requests_browser' strategy...
2025-11-27 12:53:34,388 - INFO - [The Guardian] Success with 'requests_browser'. Found content (389 words).
2025-11-27 12:53:34,467 - INFO - [BBC] Article: https://www.bbc.com/news/articles/c9d9l7w1g8yo?at_medium=RSS&at_campaign=rss
2025-11-27 12:53:34,467 - INFO - [BBC] Attempt 1/1: Trying with 'requests_browser' strategy...
2025-11-27 12:53:34,540 - INFO - [BBC] Success with 'requests_browser'. Found content (420 words).
2025-11-27 12:53:35,001 - INFO - [The Hindu] Page content loaded.
2025-11-27 12:53:35,122 - INFO - [The Hindu] Success with 'selenium_browser'. Found content (416 words).
2025-11-27 12:53:36,323 - INFO - [Times of India] Page content loaded.
2025-11-27 12:53:36,618 - INFO - [Times of India] Success with 'selenium_browser'. Found content (457 words).
2025-11-27 12:53:43,405 - INFO - Saved article: Guardian Australia wins Walkley award for Indigenous affairs for The Descendants series | Indigenous Australians | The Guardian from The Guardian
2025-11-27 12:53:43,405 - INFO - Duplicate article skipped: Australia social media ban: Teens challenge law before High Court from BBC
2025-11-27 12:53:44,056 - INFO - [BBC] Article: https://www.bbc.com/news/articles/cr4drle9k12o?at_medium=RSS&at_campaign=rss
2025-11-27 12:53:44,056 - INFO - [BBC] Attempt 1/1: Trying with 'requests_browser' strategy...
2025-11-27 12:53:44,101 - INFO - [BBC] Success with 'requests_browser'. Found content (493 words).
2025-11-27 12:53:44,123 - INFO - [The Guardian] Article: https://www.theguardian.com/australia-news/2025/nov/27/labor-strikes-deal-with-greens-to-pass-long-awaited-overhaul-of-nature-protection-laws
2025-11-27 12:53:44,128 - INFO - [The Guardian] Attempt 1/1: Trying with 'requests_browser' strategy...
2025-11-27 12:53:44,192 - INFO - [The Guardian] Success with 'requests_browser'. Found content (1222 words).
2025-11-27 12:53:50,111 - INFO - Saved article: Ensure quality in road construction or face action: Gadkari to contractors - The Hindu from The Hindu
2025-11-27 12:53:51,465 - INFO - [The Hindu] Article: https://www.thehindu.com/news/national/tamil-nadu/hosur-airport-tamil-nadu-on-the-lookout-for-consultant-to-prepare-detailed-techno-economic-report/article70329929.ece
2025-11-27 12:53:51,466 - INFO - [The Hindu] Attempt 1/1: Trying with 'selenium_browser' strategy...
2025-11-27 12:53:52,842 - INFO - [The Hindu] Page content loaded.
2025-11-27 12:53:52,946 - INFO - [The Hindu] Success with 'selenium_browser'. Found content (366 words).
2025-11-27 12:53:58,146 - INFO - Saved article: UAE launches region first digital marketplace app for buying and trading trademarks | World News - The Times of India from Times of India
2025-11-27 12:53:58,147 - INFO - Duplicate article skipped: Chicago man accused of setting train passenger on fire had 72 prior arrests from BBC
2025-11-27 12:53:58,147 - INFO - Duplicate article skipped: Labor strikes deal with Greens on nature laws overhaul amid criticism ‘dirty deal’ being ‘rammed through’ | Australian politics | The Guardian from The Guardian
2025-11-27 12:53:58,944 - INFO - [Times of India] Article: https://timesofindia.indiatimes.com/world/us/polymarket-legal-officer-neal-kumar-apologises-after-company-posts-racial-slur-targeting-indians/articleshow/125614119.cms
2025-11-27 12:53:58,944 - INFO - [Times of India] Attempt 1/1: Trying with 'selenium_browser' strategy...
2025-11-27 12:53:59,137 - INFO - [The Guardian] Article: https://www.theguardian.com/australia-news/2025/nov/26/australia-greenhouse-gas-emissions-from-fossil-fuels-down
2025-11-27 12:53:59,137 - INFO - [The Guardian] Attempt 1/1: Trying with 'requests_browser' strategy...
2025-11-27 12:53:59,201 - INFO - [The Guardian] Success with 'requests_browser'. Found content (735 words).
2025-11-27 12:53:59,619 - INFO - [BBC] Article: https://www.bbc.com/news/articles/c1dzp050yn2o?at_medium=RSS&at_campaign=rss
2025-11-27 12:53:59,619 - INFO - [BBC] Attempt 1/1: Trying with 'requests_browser' strategy...
2025-11-27 12:53:59,671 - INFO - [BBC] Success with 'requests_browser'. Found content (1232 words).
2025-11-27 12:54:06,656 - INFO - Saved article: Hosur airport: Tamil Nadu government on the lookout for consultant to prepare Detailed Techno-Economic Report - The Hindu from The Hindu
2025-11-27 12:54:06,656 - INFO - Duplicate article skipped: Australia projected to miss 2035 emissions reduction target ‘by a country mile’ unless it ramps up climate policies | Energy | The Guardian from The Guardian
2025-11-27 12:54:06,656 - INFO - Duplicate article skipped: Italian parliament unanimously votes to make femicide a crime from BBC
2025-11-27 12:54:07,408 - INFO - [The Hindu] Article: https://www.thehindu.com/news/national/kerala/drunk-driving-probe-under-way-against-interstate-bus-driver/article70330306.ece
2025-11-27 12:54:07,408 - INFO - [The Hindu] Attempt 1/1: Trying with 'selenium_browser' strategy...
2025-11-27 12:54:07,679 - INFO - [The Guardian] Article: https://www.theguardian.com/australia-news/live/2025/nov/27/australia-politics-live-barnaby-joyce-one-nation-pauline-hanson-environment-nature-bill-deal-coalition-greens-murray-watt-question-time-anthony-albanese-sussan-ley-ntwnfb
2025-11-27 12:54:07,679 - INFO - [The Guardian] Attempt 1/1: Trying with 'requests_browser' strategy...
2025-11-27 12:54:07,848 - INFO - [BBC] Article: https://www.bbc.com/news/articles/ckg97wx144jo?at_medium=RSS&at_campaign=rss
2025-11-27 12:54:07,849 - INFO - [BBC] Attempt 1/1: Trying with 'requests_browser' strategy...
2025-11-27 12:54:08,100 - INFO - [The Guardian] Success with 'requests_browser'. Found content (1993 words).
2025-11-27 12:54:08,134 - INFO - [BBC] Success with 'requests_browser'. Found content (534 words).
2025-11-27 12:54:08,268 - INFO - Duplicate article skipped: South East Asia floods: Scores killed and thousands evacuated from record rainfall from BBC
2025-11-27 12:54:08,311 - INFO - Duplicate article skipped: Pocock criticises lack of scrutiny for nature laws – as it happened | Australia news | The Guardian from The Guardian
2025-11-27 12:54:09,197 - INFO - [The Guardian] Article: https://www.theguardian.com/australia-news/2025/nov/27/barnaby-joyce-nationals-defection-one-nation
2025-11-27 12:54:09,197 - INFO - [The Guardian] Attempt 1/1: Trying with 'requests_browser' strategy...
2025-11-27 12:54:09,212 - INFO - [BBC] Article: https://www.bbc.com/news/articles/cdxe9r7wjgro?at_medium=RSS&at_campaign=rss
2025-11-27 12:54:09,212 - INFO - [BBC] Attempt 1/1: Trying with 'requests_browser' strategy...
2025-11-27 12:54:09,376 - INFO - [BBC] Success with 'requests_browser'. Found content (1236 words).
2025-11-27 12:54:09,385 - INFO - [The Guardian] Success with 'requests_browser'. Found content (725 words).
2025-11-27 12:54:09,516 - INFO - Duplicate article skipped: What we know about the Hong Kong apartment fires from BBC
2025-11-27 12:54:09,531 - INFO - Duplicate article skipped: ‘Act of treason’: Barnaby Joyce quits National party sparking anger from former colleagues | Barnaby Joyce | The Guardian from The Guardian
2025-11-27 12:54:09,653 - INFO - [The Hindu] Page content loaded.
2025-11-27 12:54:09,755 - INFO - [The Hindu] Success with 'selenium_browser'. Found content (202 words).
2025-11-27 12:54:12,411 - INFO - [Times of India] Page content loaded.
2025-11-27 12:54:12,909 - INFO - [Times of India] Success with 'selenium_browser'. Found content (268 words).
2025-11-27 12:54:17,411 - INFO - Saved article: Drunk driving: probe under way against interstate bus driver - The Hindu from The Hindu
2025-11-27 12:54:17,980 - INFO - [The Hindu] Article: https://www.thehindu.com/news/national/karnataka/see-no-reason-to-change-karnataka-chief-minister-yathindra-siddaramaiah/article70330002.ece
2025-11-27 12:54:17,980 - INFO - [The Hindu] Attempt 1/1: Trying with 'selenium_browser' strategy...
2025-11-27 12:54:19,096 - INFO - [The Hindu] Page content loaded.
2025-11-27 12:54:19,312 - INFO - [The Hindu] Success with 'selenium_browser'. Found content (311 words).
2025-11-27 12:54:25,238 - INFO - Saved article: Polymarket legal officer Neal Kumar apologises after company posts racial slur targeting Indians | World News - The Times of India from Times of India
2025-11-27 12:54:26,719 - INFO - [Times of India] Article: https://timesofindia.indiatimes.com/world/us/us-investor-slams-comically-broken-e-visa-application-process-in-india-if-you-can-survive-it-/articleshow/125613765.cms
2025-11-27 12:54:26,719 - INFO - [Times of India] Attempt 1/1: Trying with 'selenium_browser' strategy...
2025-11-27 12:54:33,303 - INFO - Saved article: See no reason to change Karnataka Chief Minister: Yathindra Siddaramaiah - The Hindu from The Hindu
2025-11-27 12:54:34,459 - INFO - [The Hindu] Article: https://www.thehindu.com/news/national/punjab/union-minister-chouhan-urges-farmers-to-follow-punjab-villages-successful-stubble-management-model/article70330290.ece
2025-11-27 12:54:34,459 - INFO - [The Hindu] Attempt 1/1: Trying with 'selenium_browser' strategy...
2025-11-27 12:54:35,888 - INFO - [The Hindu] Page content loaded.
2025-11-27 12:54:36,210 - INFO - [The Hindu] Success with 'selenium_browser'. Found content (559 words).
2025-11-27 12:54:36,598 - INFO - [Times of India] Page content loaded.
2025-11-27 12:54:36,868 - INFO - [Times of India] Success with 'selenium_browser'. Found content (320 words).
2025-11-27 12:54:44,278 - INFO - Saved article: Union Minister Chouhan urges farmers to follow Punjab village's successful stubble management model - The Hindu from The Hindu
2025-11-27 12:54:45,362 - INFO - [The Hindu] Article: https://www.thehindu.com/news/national/kerala/draft-rules-notified-but-no-action-taken-in-the-wake-of-opposition-from-trade-unions-minister/article70327078.ece
2025-11-27 12:54:45,362 - INFO - [The Hindu] Attempt 1/1: Trying with 'selenium_browser' strategy...
2025-11-27 12:54:46,665 - INFO - [The Hindu] Page content loaded.
2025-11-27 12:54:47,064 - INFO - [The Hindu] Success with 'selenium_browser'. Found content (431 words).
2025-11-27 12:54:52,621 - INFO - Saved article: US investor slams 'comically broken' e-visa application process in India: 'If you can survive it...' - The Times of India from Times of India
2025-11-27 12:54:53,326 - INFO - [Times of India] Article: https://timesofindia.indiatimes.com/world/middle-east/qatar-education-ministry-unveil-new-2025-2026-exam-calendar-and-flexible-working-hours/articleshow/125612330.cms
2025-11-27 12:54:53,326 - INFO - [Times of India] Attempt 1/1: Trying with 'selenium_browser' strategy...
2025-11-27 12:54:54,548 - INFO - [Times of India] Page content loaded.
2025-11-27 12:54:54,730 - INFO - [Times of India] Success with 'selenium_browser'. Found content (437 words).
2025-11-27 12:55:01,712 - INFO - Saved article: Draft rules notified, but no action taken in the wake of opposition from trade unions: Minister - The Hindu from The Hindu
2025-11-27 12:55:01,712 - INFO - Duplicate article skipped: Qatar Education Ministry unveil new 2025-2026 exam calendar and flexible working hours | World News - The Times of India from Times of India
2025-11-27 12:55:02,293 - INFO - [Times of India] Article: https://timesofindia.indiatimes.com/world/us/white-house-shooting-two-national-guard-soldiers-injured-us-suspends-immigration-requests-for-afghans/articleshow/125609617.cms
2025-11-27 12:55:02,293 - INFO - [Times of India] Attempt 1/1: Trying with 'selenium_browser' strategy...
2025-11-27 12:55:02,599 - INFO - [The Hindu] Article: https://www.thehindu.com/news/national/kerala/malaparamba-sex-racket-case-chargesheet-filed-against-12-including-two-police-drivers/article70330163.ece
2025-11-27 12:55:02,599 - INFO - [The Hindu] Attempt 1/1: Trying with 'selenium_browser' strategy...
2025-11-27 12:55:04,116 - INFO - [The Hindu] Page content loaded.
2025-11-27 12:55:04,185 - INFO - [The Hindu] Success with 'selenium_browser'. Found content (259 words).
2025-11-27 12:55:05,319 - INFO - [Times of India] Page content loaded.
2025-11-27 12:55:05,791 - INFO - [Times of India] Success with 'selenium_browser'. Found content (532 words).
2025-11-27 12:55:13,806 - INFO - Saved article: Malaparamba sex racket case: chargesheet filed against 12, including two police drivers - The Hindu from The Hindu
2025-11-27 12:55:13,806 - INFO - Duplicate article skipped: White House shooting: Two National Guard soldiers injured; US suspends immigration requests of Afghans - The Times of India from Times of India
2025-11-27 12:55:14,651 - INFO - [Times of India] Article: https://timesofindia.indiatimes.com/world/pakistan/ai-reunites-lost-pakistani-woman-with-family-kiran-went-missing-at-age-10-how-she-returned-home-after-17-years/articleshow/125608654.cms
2025-11-27 12:55:14,651 - INFO - [Times of India] Attempt 1/1: Trying with 'selenium_browser' strategy...
2025-11-27 12:55:15,152 - INFO - [The Hindu] Article: https://www.thehindu.com/business/markets/sensex-nifty-scale-record-highs-on-rate-cut-hopes-foreign-fund-inflows/article70330127.ece
2025-11-27 12:55:15,152 - INFO - [The Hindu] Attempt 1/1: Trying with 'selenium_browser' strategy...
2025-11-27 12:55:15,961 - INFO - [Times of India] Page content loaded.
2025-11-27 12:55:16,209 - INFO - [Times of India] Success with 'selenium_browser'. Found content (281 words).
2025-11-27 12:55:16,304 - INFO - Duplicate article skipped: AI reunites lost Pakistani woman with family: Kiran went missing at age 10 - how she returned home after 17 years - The Times of India from Times of India
2025-11-27 12:55:16,538 - INFO - [The Hindu] Page content loaded.
2025-11-27 12:55:16,700 - INFO - [The Hindu] Success with 'selenium_browser'. Found content (357 words).
2025-11-27 12:55:16,795 - INFO - Duplicate article skipped: Sensex, Nifty scale record highs on rate cut hopes, foreign fund inflows - The Hindu from The Hindu
2025-11-27 12:55:16,826 - INFO - [Times of India] Article: https://timesofindia.indiatimes.com/world/us-streamers/candace-owens-puts-her-show-off-air-after-she-claims-emmanuel-macron-tried-to-harm-her-and-was-tied-to-charlie-kirks-death/articleshow/125596333.cms
2025-11-27 12:55:16,827 - INFO - [Times of India] Attempt 1/1: Trying with 'selenium_browser' strategy...
2025-11-27 12:55:17,473 - INFO - [The Hindu] Article: https://www.thehindu.com/news/national/tamil-nadu/tn-cm-stalin-reviews-preparedness-over-heavy-rain-alert/article70329820.ece
2025-11-27 12:55:17,474 - INFO - [The Hindu] Attempt 1/1: Trying with 'selenium_browser' strategy...
2025-11-27 12:55:18,764 - INFO - [Times of India] Page content loaded.
2025-11-27 12:55:19,027 - INFO - [Times of India] Success with 'selenium_browser'. Found content (414 words).
2025-11-27 12:55:19,208 - INFO - Duplicate article skipped: Candace Owens puts her show off air after she claims Emmanuel Macron tried to harm her and was tied to Charlie Kirk’s death - The Times of India from Times of India
2025-11-27 12:55:19,589 - INFO - [The Hindu] Page content loaded.
2025-11-27 12:55:19,664 - INFO - [The Hindu] Success with 'selenium_browser'. Found content (270 words).
2025-11-27 12:55:19,744 - INFO - Duplicate article skipped: T.N. CM Stalin reviews preparedness over heavy rain alert - The Hindu from The Hindu
2025-11-27 12:55:20,496 - INFO - [Times of India] Article: https://timesofindia.indiatimes.com/world/middle-east/saudi-arabia-introduces-new-corporate-dress-code-what-workers-must-wear-now/articleshow/125609007.cms
2025-11-27 12:55:20,496 - INFO - [Times of India] Attempt 1/1: Trying with 'selenium_browser' strategy...
2025-11-27 12:55:20,942 - INFO - [The Hindu] Article: https://www.thehindu.com/news/national/kerala/elderly-voters-seek-dignified-access-to-ballot-box/article70330086.ece
2025-11-27 12:55:20,946 - INFO - [The Hindu] Attempt 1/1: Trying with 'selenium_browser' strategy...
2025-11-27 12:55:22,049 - INFO - [The Hindu] Page content loaded.
2025-11-27 12:55:22,369 - INFO - [The Hindu] Success with 'selenium_browser'. Found content (443 words).
2025-11-27 12:55:22,573 - INFO - Duplicate article skipped: Elderly voters seek dignified access to ballot box - The Hindu from The Hindu
2025-11-27 12:55:23,581 - INFO - [The Hindu] Article: https://www.thehindu.com/news/national/maharashtra/uddhav-raj-meet-for-45-minutes-sans-party-leaders/article70330137.ece
2025-11-27 12:55:23,581 - INFO - [The Hindu] Attempt 1/1: Trying with 'selenium_browser' strategy...
2025-11-27 12:55:24,926 - INFO - [Times of India] Page content loaded.
2025-11-27 12:55:25,410 - INFO - [Times of India] Success with 'selenium_browser'. Found content (605 words).
2025-11-27 12:55:25,878 - INFO - Duplicate article skipped: Saudi Arabia introduces new corporate dress code: What workers must wear now | World News - The Times of India from Times of India
2025-11-27 12:55:26,516 - INFO - [Times of India] Article: https://timesofindia.indiatimes.com/world/us/its-thanksgiving-los-angeles-freeways-get-buried-in-traffic-video-goes-viral/articleshow/125608959.cms
2025-11-27 12:55:26,516 - INFO - [Times of India] Attempt 1/1: Trying with 'selenium_browser' strategy...
2025-11-27 12:55:28,013 - INFO - [The Hindu] Page content loaded.
2025-11-27 12:55:28,119 - INFO - [The Hindu] Success with 'selenium_browser'. Found content (455 words).
2025-11-27 12:55:28,257 - INFO - Duplicate article skipped: Uddhav, Raj meet for 45 minutes sans party leaders - The Hindu from The Hindu
2025-11-27 12:55:28,524 - INFO - [Times of India] Page content loaded.
2025-11-27 12:55:28,649 - INFO - [Times of India] Success with 'selenium_browser'. Found content (221 words).
2025-11-27 12:55:28,713 - INFO - Duplicate article skipped: It's Thanksgiving! Los Angeles freeways get buried in traffic — video goes viral - The Times of India from Times of India
2025-11-27 12:55:29,113 - INFO - [The Hindu] Article: https://www.thehindu.com/news/national/tamil-nadu/three-tigers-identified-near-site-of-attack-on-tribal-woman-in-the-nilgiris/article70329751.ece
2025-11-27 12:55:29,113 - INFO - [The Hindu] Attempt 1/1: Trying with 'selenium_browser' strategy...
2025-11-27 12:55:29,809 - INFO - [Times of India] Article: https://timesofindia.indiatimes.com/world/pakistan/imran-khan-is-fully-healthy-pakistan-jail-rubbishes-health-rumours-khawaja-asif-says-hes-getting-five-star-treatment/articleshow/125607974.cms
2025-11-27 12:55:29,810 - INFO - [Times of India] Attempt 1/1: Trying with 'selenium_browser' strategy...
2025-11-27 12:55:31,352 - INFO - [The Hindu] Page content loaded.
2025-11-27 12:55:31,455 - INFO - [The Hindu] Success with 'selenium_browser'. Found content (329 words).
2025-11-27 12:55:31,539 - INFO - Duplicate article skipped: Three tigers identified near site of attack on tribal woman in the Nilgiris - The Hindu from The Hindu
2025-11-27 12:55:32,024 - INFO - [Times of India] Page content loaded.
2025-11-27 12:55:32,202 - INFO - [The Hindu] Article: https://www.thehindu.com/news/cities/Mangalore/bjp-will-move-no-confidence-motion-against-siddaramaiah-government-in-belagavi-session-former-minister-v-sunil-kumar/article70329993.ece
2025-11-27 12:55:32,203 - INFO - [The Hindu] Attempt 1/1: Trying with 'selenium_browser' strategy...
2025-11-27 12:55:32,204 - INFO - [Times of India] Success with 'selenium_browser'. Found content (479 words).
2025-11-27 12:55:32,337 - INFO - Duplicate article skipped: 'Imran Khan is fully healthy': Pakistan jail rubbishes health rumours; Khawaja Asif says he’s getting ‘five-star treatment’ - The Times of India from Times of India
2025-11-27 12:55:33,051 - INFO - [The Hindu] Page content loaded.
2025-11-27 12:55:33,270 - INFO - [The Hindu] Success with 'selenium_browser'. Found content (334 words).
2025-11-27 12:55:33,395 - INFO - Duplicate article skipped: BJP will move no-confidence motion against Siddaramaiah government in Belagavi session: Former minister V. Sunil Kumar - The Hindu from The Hindu
2025-11-27 12:55:33,725 - INFO - [Times of India] Article: https://timesofindia.indiatimes.com/world/most-populated-city-jakarta-tops-list-with-estimated-42-million-residents-replaces-tokyo/articleshow/125607920.cms
2025-11-27 12:55:33,726 - INFO - [Times of India] Attempt 1/1: Trying with 'selenium_browser' strategy...
2025-11-27 12:55:34,271 - INFO - [The Hindu] Article: https://www.thehindu.com/business/Economy/income-tax-department-identifies-cases-of-non-disclosure-of-foreign-assets-in-itrs/article70329849.ece
2025-11-27 12:55:34,271 - INFO - [The Hindu] Attempt 1/1: Trying with 'selenium_browser' strategy...
2025-11-27 12:55:35,037 - INFO - [Times of India] Page content loaded.
2025-11-27 12:55:35,330 - INFO - [Times of India] Success with 'selenium_browser'. Found content (360 words).
2025-11-27 12:55:35,405 - INFO - Duplicate article skipped: Most populated city: Jakarta tops list with estimated 42 million residents; replaces Tokyo - The Times of India from Times of India
2025-11-27 12:55:35,561 - INFO - [The Hindu] Page content loaded.
2025-11-27 12:55:35,665 - INFO - [The Hindu] Success with 'selenium_browser'. Found content (299 words).
2025-11-27 12:55:35,782 - INFO - Duplicate article skipped: Income Tax department identifies cases of non-disclosure of foreign assets in ITRs - The Hindu from The Hindu
2025-11-27 12:55:36,389 - INFO - [Times of India] Article: https://timesofindia.indiatimes.com/world/us/very-amerdican-vivek-ramaswamy-shares-lighthearted-moment-ahead-of-thanksgiving-responds-to-joke-on-his-indian-american-identity/articleshow/125606268.cms
2025-11-27 12:55:36,389 - INFO - [Times of India] Attempt 1/1: Trying with 'selenium_browser' strategy...
2025-11-27 12:55:36,980 - INFO - [The Hindu] Article: https://www.thehindu.com/news/national/andhra-pradesh/tirupati-laddu-ghee-adulteration-case-former-chairman-subba-reddy-says-he-is-ready-for-lie-detector-test/article70329649.ece
2025-11-27 12:55:36,981 - INFO - [The Hindu] Attempt 1/1: Trying with 'selenium_browser' strategy...
2025-11-27 12:55:37,855 - INFO - [Times of India] Page content loaded.
2025-11-27 12:55:38,005 - INFO - [Times of India] Success with 'selenium_browser'. Found content (282 words).
2025-11-27 12:55:38,089 - INFO - Duplicate article skipped: ‘Very Amerdican’: Vivek Ramaswamy shares lighthearted moment ahead of Thanksgiving; responds to joke on his Indian-American identity - The Times of India from Times of India
2025-11-27 12:55:38,217 - INFO - [The Hindu] Page content loaded.
2025-11-27 12:55:38,428 - INFO - [The Hindu] Success with 'selenium_browser'. Found content (353 words).
2025-11-27 12:55:38,548 - INFO - Duplicate article skipped: Tirupati laddu ghee-adulteration case: Former chairman Subba Reddy says he is ready for lie-detector test - The Hindu from The Hindu
2025-11-27 12:55:38,719 - INFO - [Times of India] Article: https://timesofindia.indiatimes.com/world/rest-of-world/watch-camera-dipped-into-japanese-drain-stuns-viewers-netizens-joke-phir-nobita-kis-gutter-mein-girta-tha/articleshow/125606571.cms
2025-11-27 12:55:38,720 - INFO - [Times of India] Attempt 1/1: Trying with 'selenium_browser' strategy...
2025-11-27 12:55:39,557 - INFO - [The Hindu] Article: https://www.thehindu.com/news/national/kerala/pinarayi-vijayan-urges-kerala-mps-to-secure-presidential-assent-for-wildlife-bill-to-address-human-wildlife-conflict/article70329888.ece
2025-11-27 12:55:39,558 - INFO - [The Hindu] Attempt 1/1: Trying with 'selenium_browser' strategy...
2025-11-27 12:55:41,009 - INFO - [Times of India] Page content loaded.
2025-11-27 12:55:41,183 - INFO - [Times of India] Success with 'selenium_browser'. Found content (270 words).
2025-11-27 12:55:41,295 - INFO - Duplicate article skipped: Watch: Camera dipped into Japanese drain stuns viewers — netizens joke 'phir Nobita kis gutter mein girta tha?' - The Times of India from Times of India
2025-11-27 12:55:41,861 - INFO - [Times of India] Article: https://timesofindia.indiatimes.com/world/middle-east/emirates-offers-a-thanksgiving-menu-at-35000-feet-with-turkey-trimmings-and-nba-action-onboard/articleshow/125607062.cms
2025-11-27 12:55:41,861 - INFO - [Times of India] Attempt 1/1: Trying with 'selenium_browser' strategy...
2025-11-27 12:55:44,089 - INFO - [The Hindu] Page content loaded.
2025-11-27 12:55:44,241 - INFO - [The Hindu] Success with 'selenium_browser'. Found content (550 words).
2025-11-27 12:55:44,366 - INFO - Duplicate article skipped: Pinarayi Vijayan urges Kerala MPs to secure Presidential assent for Wildlife Bill to address human-animal conflict - The Hindu from The Hindu
2025-11-27 12:55:44,686 - INFO - [Times of India] Page content loaded.
2025-11-27 12:55:45,245 - INFO - [Times of India] Success with 'selenium_browser'. Found content (468 words).
2025-11-27 12:55:45,304 - INFO - [The Hindu] (Thread) Finished. Attempting to shut down its Selenium driver.
2025-11-27 12:55:45,362 - INFO - Duplicate article skipped: Emirates offers a Thanksgiving menu at 35,000 feet — with turkey trimmings and NBA action onboard | World News - The Times of India from Times of India
2025-11-27 12:55:45,587 - INFO - [The Hindu] (Thread) driver.quit() successful.
2025-11-27 12:55:46,198 - INFO - [Times of India] Article: https://timesofindia.indiatimes.com/world/europe/holy-edm-pope-leo-blesses-slovakian-rave-moments-later-the-beat-drops-watch/articleshow/125605982.cms
2025-11-27 12:55:46,199 - INFO - [Times of India] Attempt 1/1: Trying with 'selenium_browser' strategy...
2025-11-27 12:55:49,562 - INFO - [Times of India] Page content loaded.
2025-11-27 12:55:49,786 - INFO - [Times of India] Success with 'selenium_browser'. Found content (393 words).
2025-11-27 12:55:49,868 - INFO - Duplicate article skipped: Holy EDM! Pope Leo blesses Slovakian rave, moments later, the beat drops — watch - The Times of India from Times of India
2025-11-27 12:55:51,176 - INFO - [Times of India] Article: https://timesofindia.indiatimes.com/world/us/american-dream-or-trap-green-card-interviews-ending-in-handcuffs-ice-detaining-applicants/articleshow/125605192.cms
2025-11-27 12:55:51,176 - INFO - [Times of India] Attempt 1/1: Trying with 'selenium_browser' strategy...
2025-11-27 12:55:52,550 - INFO - [Times of India] Page content loaded.
2025-11-27 12:55:52,685 - INFO - [Times of India] Success with 'selenium_browser'. Found content (585 words).
2025-11-27 12:55:52,757 - INFO - Duplicate article skipped: American dream or trap? Green card interviews ending in handcuffs; ICE detaining applicants - The Times of India from Times of India
2025-11-27 12:55:53,928 - INFO - [Times of India] Article: https://timesofindia.indiatimes.com/world/rest-of-world/top-10-richest-people-in-the-world-2025-elon-musk-jeff-bezos-mark-zuckerberg-and-the-billionaires-leading-global-wealth/articleshow/125595253.cms
2025-11-27 12:55:53,928 - INFO - [Times of India] Attempt 1/1: Trying with 'selenium_browser' strategy...
2025-11-27 12:55:55,202 - INFO - [Times of India] Page content loaded.
2025-11-27 12:55:55,339 - INFO - [Times of India] Success with 'selenium_browser'. Found content (685 words).
2025-11-27 12:55:55,431 - INFO - Duplicate article skipped: Top 10 richest people in the world 2025: Elon Musk, Jeff Bezos, Mark Zuckerberg and the billionaires leading global wealth | World News - The Times of India from Times of India
2025-11-27 12:55:56,734 - INFO - [Times of India] Article: https://timesofindia.indiatimes.com/world/us/they-are-killing-white-people-donald-trump-bars-south-africa-from-g20-in-miami-stops-all-us-subsidies-to-the-african-nation/articleshow/125604667.cms
2025-11-27 12:55:56,734 - INFO - [Times of India] Attempt 1/1: Trying with 'selenium_browser' strategy...
2025-11-27 12:55:58,090 - INFO - [Times of India] Page content loaded.
2025-11-27 12:55:58,172 - INFO - [Times of India] Success with 'selenium_browser'. Found content (686 words).
2025-11-27 12:55:58,196 - INFO - Duplicate article skipped: 'They are killing white people': Donald Trump bars South Africa from G20 in Miami; stops all US subsidies to the African nation - The Times of India from Times of India
2025-11-27 12:55:59,092 - INFO - [Times of India] (Thread) Finished. Attempting to shut down its Selenium driver.
2025-11-27 12:55:59,421 - INFO - [Times of India] (Thread) driver.quit() successful.
2025-11-27 12:55:59,422 - INFO - Shutting down thread pool (wait=False)...
2025-11-27 12:55:59,422 - INFO - Scraped: 11 The Hindu, 2 BBC, 1 The Guardian, 5 Times of India articles. (Total saved: 19)
2025-11-27 12:55:59,422 - INFO - --- Scraping job finished ---
2025-11-27 12:55:59,428 - INFO - --- Scraper service stopped and database connection closed. ---
2025-11-27 12:55:59,428 - INFO - --- Main thread finished. Forcing process exit to kill zombie threads. ---
