2025-12-03 07:27:18,411 - INFO - Loading AI Semantic Model (all-MiniLM-L6-v2)...
2025-12-03 07:27:18,411 - INFO - Use pytorch device_name: cpu
2025-12-03 07:27:18,411 - INFO - Load pretrained SentenceTransformer: all-MiniLM-L6-v2
2025-12-03 07:27:19,158 - INFO - AI Model loaded successfully.
2025-12-03 07:27:19,158 - INFO - Initializing database connection at: news_articles.db
2025-12-03 07:27:19,159 - INFO - --- Scraper service started (CI Mode: Run Once) ---
2025-12-03 07:27:19,159 - INFO - --- Starting new scraping job (Parallel Mode) ---
2025-12-03 07:27:19,159 - INFO - Creating new robust session with 3 retries on 5xx/connection/read errors.
2025-12-03 07:27:19,159 - INFO - Proxy is DISABLED.
2025-12-03 07:27:19,159 - INFO - Starting scrape for BBC RSS feed: http://feeds.bbci.co.uk/news/world/rss.xml
2025-12-03 07:27:19,160 - INFO - [Times of India] (Thread) requires Selenium. Initializing driver...
2025-12-03 07:27:19,160 - INFO - Initializing headless Selenium Chrome driver (using SeleniumManager)...
2025-12-03 07:27:19,161 - INFO - Starting scrape for The Guardian RSS feed: https://www.theguardian.com/world/rss
2025-12-03 07:27:19,162 - INFO - [The Hindu] (Thread) requires Selenium. Initializing driver...
2025-12-03 07:27:19,162 - INFO - Initializing headless Selenium Chrome driver (using SeleniumManager)...
2025-12-03 07:27:19,163 - INFO - Submitted 4 jobs to thread pool. Waiting up to 300s for completion...
2025-12-03 07:27:19,220 - INFO - Found 33 articles in BBC RSS feed. Processing up to 20.
2025-12-03 07:27:19,220 - INFO - [BBC] Article: https://www.bbc.com/news/articles/cwyv0ex7v8ro?at_medium=RSS&at_campaign=rss
2025-12-03 07:27:19,220 - INFO - [BBC] Attempt 1/1: Trying with 'requests_browser' strategy...
2025-12-03 07:27:19,343 - INFO - [BBC] Success with 'requests_browser'. Found content (1025 words).
2025-12-03 07:27:19,390 - INFO - Duplicate article skipped: Kremlin signals no breakthrough after Ukraine talks with US from BBC
2025-12-03 07:27:19,424 - INFO - Found 45 articles in The Guardian RSS feed. Processing up to 20.
2025-12-03 07:27:19,424 - INFO - [The Guardian] Article: https://www.theguardian.com/us-news/2025/dec/02/trump-somali-immigrants-minnesota
2025-12-03 07:27:19,424 - INFO - [The Guardian] Attempt 1/1: Trying with 'requests_browser' strategy...
2025-12-03 07:27:19,448 - INFO - [The Guardian] Success with 'requests_browser'. Found content (473 words).
2025-12-03 07:27:19,482 - INFO - Duplicate article skipped: Trump calls Somali immigrants ‘garbage’ as US reportedly targets Minnesota community | Trump administration | The Guardian from The Guardian
2025-12-03 07:27:20,195 - INFO - [The Guardian] Article: https://www.theguardian.com/world/2025/dec/01/south-africans-court-alleged-recruitment-russia-war-ukraine
2025-12-03 07:27:20,195 - INFO - [The Guardian] Attempt 1/1: Trying with 'requests_browser' strategy...
2025-12-03 07:27:20,224 - INFO - [The Guardian] Success with 'requests_browser'. Found content (506 words).
2025-12-03 07:27:20,267 - INFO - Duplicate article skipped: Five South Africans in court over alleged recruitment for Russia’s war in Ukraine | South Africa | The Guardian from The Guardian
2025-12-03 07:27:20,407 - INFO - [BBC] Article: https://www.bbc.com/news/articles/c208x9v68w3o?at_medium=RSS&at_campaign=rss
2025-12-03 07:27:20,407 - INFO - [BBC] Attempt 1/1: Trying with 'requests_browser' strategy...
2025-12-03 07:27:20,446 - INFO - [BBC] Success with 'requests_browser'. Found content (714 words).
2025-12-03 07:27:21,671 - INFO - [The Guardian] Article: https://www.theguardian.com/global-development/2025/dec/01/global-health-hiv-aids-funding-cuts-infections-prevention
2025-12-03 07:27:21,671 - INFO - [The Guardian] Attempt 1/1: Trying with 'requests_browser' strategy...
2025-12-03 07:27:21,704 - INFO - [The Guardian] Success with 'requests_browser'. Found content (674 words).
2025-12-03 07:27:27,249 - INFO - Selenium driver initialized successfully.
2025-12-03 07:27:27,250 - INFO - Selenium driver initialized successfully.
2025-12-03 07:27:27,250 - INFO - Starting scrape for Times of India RSS feed: https://timesofindia.indiatimes.com/rssfeeds/296589292.cms
2025-12-03 07:27:27,250 - INFO - Starting scrape for The Hindu RSS feed: https://www.thehindu.com/news/national/feeder/default.rss
2025-12-03 07:27:27,413 - INFO - Found 20 articles in Times of India RSS feed. Processing up to 20.
2025-12-03 07:27:27,415 - INFO - [Times of India] Article: https://timesofindia.indiatimes.com/world/middle-east/kuwait-to-get-six-public-holidays-in-january-2026-including-new-year-and-isra-miraj/articleshow/125736457.cms
2025-12-03 07:27:27,415 - INFO - [Times of India] Attempt 1/1: Trying with 'selenium_browser' strategy...
2025-12-03 07:27:27,419 - INFO - Found 100 articles in The Hindu RSS feed. Processing up to 20.
2025-12-03 07:27:27,419 - INFO - [The Hindu] Article: https://www.thehindu.com/news/national/uttar-pradesh/blo-on-sir-duty-attempts-to-end-life-in-meerut-family-alleges-harassment-by-supervisor/article70352301.ece
2025-12-03 07:27:27,420 - INFO - [The Hindu] Attempt 1/1: Trying with 'selenium_browser' strategy...
2025-12-03 07:27:35,044 - INFO - [The Hindu] Page content loaded.
2025-12-03 07:27:35,293 - INFO - [The Hindu] Success with 'selenium_browser'. Found content (429 words).
2025-12-03 07:27:49,868 - INFO - DEDUPLICATION: Found match (Score: 0.82). Linking to Cluster ID: f23e9a02-d395-4c76-bfd5-dd7bbff05bc9
2025-12-03 07:27:49,878 - INFO - Saved article: Trump says he doesn't want Somalis in US as ICE plans operation from BBC
2025-12-03 07:27:49,880 - INFO - Duplicate article skipped: Aid cuts have shaken HIV/Aids care to its core – and will mean millions more infections ahead | Global health | The Guardian from The Guardian
2025-12-03 07:27:51,153 - INFO - [The Guardian] Article: https://www.theguardian.com/world/2025/nov/30/african-leaders-push-for-recognition-of-colonial-crimes-and-reparations
2025-12-03 07:27:51,153 - INFO - [The Guardian] Attempt 1/1: Trying with 'requests_browser' strategy...
2025-12-03 07:27:51,250 - INFO - [BBC] Article: https://www.bbc.com/news/articles/c9895x3039ro?at_medium=RSS&at_campaign=rss
2025-12-03 07:27:51,250 - INFO - [BBC] Attempt 1/1: Trying with 'requests_browser' strategy...
2025-12-03 07:27:51,381 - INFO - [The Guardian] Success with 'requests_browser'. Found content (670 words).
2025-12-03 07:27:51,571 - INFO - [BBC] Success with 'requests_browser'. Found content (943 words).
2025-12-03 07:28:13,560 - INFO - Saved article: BLO on SIR duty attempts to end life in Meerut; family alleges harassment by supervisor - The Hindu from The Hindu
2025-12-03 07:28:13,560 - INFO - Duplicate article skipped: African leaders push for recognition of colonial crimes and reparations | Colonialism | The Guardian from The Guardian
2025-12-03 07:28:14,126 - INFO - [The Hindu] Article: https://www.thehindu.com/news/national/uttar-pradesh/muzaffarnagar-police-remove-over-55-loudspeakers-from-mosques-in-drive-against-noise-violations/article70352393.ece
2025-12-03 07:28:14,127 - INFO - [The Hindu] Attempt 1/1: Trying with 'selenium_browser' strategy...
2025-12-03 07:28:14,790 - INFO - [The Guardian] Article: https://www.theguardian.com/world/2025/nov/28/jacob-zuma-daughter-resigns-claims-south-africans-tricked-fight-russia
2025-12-03 07:28:14,790 - INFO - [The Guardian] Attempt 1/1: Trying with 'requests_browser' strategy...
2025-12-03 07:28:14,942 - INFO - [The Guardian] Success with 'requests_browser'. Found content (753 words).
2025-12-03 07:28:18,994 - INFO - [The Hindu] Page content loaded.
2025-12-03 07:28:19,109 - INFO - [The Hindu] Success with 'selenium_browser'. Found content (128 words).
2025-12-03 07:28:29,724 - INFO - DEDUPLICATION: Found match (Score: 0.72). Linking to Cluster ID: 870bf75e-3af4-42d7-8d2a-d4f426923617
2025-12-03 07:28:29,727 - INFO - Saved article: As lead changes in knife-edge Honduran election, will Trump fail to get his way? from BBC
2025-12-03 07:28:29,728 - INFO - Duplicate article skipped: Jacob Zuma’s daughter resigns amid claims South Africans tricked to fight for Russia | South Africa | The Guardian from The Guardian
2025-12-03 07:28:30,919 - INFO - [BBC] Article: https://www.bbc.com/news/articles/cpq47derx2vo?at_medium=RSS&at_campaign=rss
2025-12-03 07:28:30,920 - INFO - [BBC] Attempt 1/1: Trying with 'requests_browser' strategy...
2025-12-03 07:28:30,971 - INFO - [BBC] Success with 'requests_browser'. Found content (991 words).
2025-12-03 07:28:31,146 - INFO - [The Guardian] Article: https://www.theguardian.com/us-news/live/2025/dec/02/donald-trump-pete-hegseth-boat-venezuela-maduro-tennessee-us-politics-live-news-updates
2025-12-03 07:28:31,146 - INFO - [The Guardian] Attempt 1/1: Trying with 'requests_browser' strategy...
2025-12-03 07:28:31,540 - INFO - [The Guardian] Success with 'requests_browser'. Found content (4155 words).
2025-12-03 07:28:43,254 - INFO - Saved article: Muzaffarnagar police remove over 55 loudspeakers from mosques in drive against noise violations - The Hindu from The Hindu
2025-12-03 07:28:43,254 - INFO - Duplicate article skipped: Ukrainians in war-ravaged Donbas weigh prospects of peace deal from BBC
2025-12-03 07:28:43,254 - INFO - Duplicate article skipped: Pete Hegseth says he ‘didn’t stick around’ to watch second strike on alleged drug boat as Democrats slam administration over attacks – as it happened | Trump administration | The Guardian from The Guardian
2025-12-03 07:28:44,329 - INFO - [The Hindu] Article: https://www.thehindu.com/news/national/rajya-sabha-witnesses-war-of-words-over-renaming-of-raj-bhavans-expunging-of-remarks/article70352478.ece
2025-12-03 07:28:44,329 - INFO - [The Hindu] Attempt 1/1: Trying with 'selenium_browser' strategy...
2025-12-03 07:28:44,625 - INFO - [BBC] Article: https://www.bbc.com/news/articles/cy7v077dm0po?at_medium=RSS&at_campaign=rss
2025-12-03 07:28:44,625 - INFO - [BBC] Attempt 1/1: Trying with 'requests_browser' strategy...
2025-12-03 07:28:44,655 - INFO - [The Guardian] Article: https://www.theguardian.com/world/2025/dec/02/trump-intervention-honduras-presidential-vote-count-stalls-nasry-asfura
2025-12-03 07:28:44,655 - INFO - [The Guardian] Attempt 1/1: Trying with 'requests_browser' strategy...
2025-12-03 07:28:44,671 - INFO - [BBC] Success with 'requests_browser'. Found content (308 words).
2025-12-03 07:28:44,804 - INFO - [The Guardian] Success with 'requests_browser'. Found content (945 words).
2025-12-03 07:28:47,172 - INFO - [The Hindu] Page content loaded.
2025-12-03 07:28:47,369 - INFO - [The Hindu] Success with 'selenium_browser'. Found content (336 words).
2025-12-03 07:28:58,745 - INFO - DEDUPLICATION: Found match (Score: 0.91). Linking to Cluster ID: acab2216-cabd-4c40-a5ab-008d7f04ef0d
2025-12-03 07:28:58,750 - INFO - Saved article: MH370: Search for long-missing Malaysia Airlines fight to resume from BBC
2025-12-03 07:28:58,750 - INFO - Duplicate article skipped: Trump frees ex-Honduran president from prison as country awaits knife-edge election result | Honduras | The Guardian from The Guardian
2025-12-03 07:28:59,692 - INFO - [BBC] Article: https://www.bbc.com/news/articles/c0r95q9kv1go?at_medium=RSS&at_campaign=rss
2025-12-03 07:28:59,693 - INFO - [BBC] Attempt 1/1: Trying with 'requests_browser' strategy...
2025-12-03 07:28:59,849 - INFO - [The Guardian] Article: https://www.theguardian.com/us-news/2025/dec/02/pete-hegseth-franklin-the-turtle
2025-12-03 07:28:59,849 - INFO - [The Guardian] Attempt 1/1: Trying with 'requests_browser' strategy...
2025-12-03 07:28:59,886 - INFO - [The Guardian] Success with 'requests_browser'. Found content (438 words).
2025-12-03 07:29:00,340 - INFO - [BBC] Success with 'requests_browser'. Found content (1075 words).
2025-12-03 07:29:11,179 - INFO - Saved article: Parliament Winter session: Rajya Sabha witnesses war of words over renaming of Raj Bhavans, expunging of remarks - The Hindu from The Hindu
2025-12-03 07:29:11,179 - INFO - Duplicate article skipped: Publisher condemns ‘violent’ use of Franklin the Turtle after Hegseth’s boat strike post | Pete Hegseth | The Guardian from The Guardian
2025-12-03 07:29:11,179 - INFO - Duplicate article skipped: US authorised second deadly Venezuela boat strike, White House says from BBC
2025-12-03 07:29:11,923 - INFO - [The Guardian] Article: https://www.theguardian.com/us-news/2025/dec/02/monterrey-mexico-air-quality-industrial-pollution
2025-12-03 07:29:11,923 - INFO - [The Guardian] Attempt 1/1: Trying with 'requests_browser' strategy...
2025-12-03 07:29:11,966 - INFO - [The Guardian] Success with 'requests_browser'. Found content (3688 words).
2025-12-03 07:29:12,017 - INFO - Duplicate article skipped: Revealed: Mexico’s industrial boomtown is making goods for the US. Residents say they’re ‘breathing poison’ | Mexico | The Guardian from The Guardian
2025-12-03 07:29:12,278 - INFO - [The Hindu] Article: https://www.thehindu.com/news/national/telangana/telangana-cm-revanths-remarks-comparing-hindu-gods-with-congresss-style-of-functioning-rakes-up-controversy/article70352399.ece
2025-12-03 07:29:12,278 - INFO - [The Hindu] Attempt 1/1: Trying with 'selenium_browser' strategy...
2025-12-03 07:29:12,324 - INFO - [BBC] Article: https://www.bbc.com/news/articles/c7vm754r80vo?at_medium=RSS&at_campaign=rss
2025-12-03 07:29:12,325 - INFO - [BBC] Attempt 1/1: Trying with 'requests_browser' strategy...
2025-12-03 07:29:12,384 - INFO - [BBC] Success with 'requests_browser'. Found content (225 words).
2025-12-03 07:29:13,107 - INFO - [The Guardian] Article: https://www.theguardian.com/world/2025/dec/02/st-lucia-election-prime-minister-philip-pierre-wins
2025-12-03 07:29:13,107 - INFO - [The Guardian] Attempt 1/1: Trying with 'requests_browser' strategy...
2025-12-03 07:29:13,164 - INFO - [The Guardian] Success with 'requests_browser'. Found content (313 words).
2025-12-03 07:29:14,727 - INFO - [The Hindu] Page content loaded.
2025-12-03 07:29:14,862 - INFO - [The Hindu] Success with 'selenium_browser'. Found content (365 words).
2025-12-03 07:29:25,944 - INFO - Saved article: New Zealand man charged with theft over claims he swallowed $19k Fabergé egg from BBC
2025-12-03 07:29:25,944 - INFO - Duplicate article skipped: St Lucia prime minister Philip Pierre keeps majority as ruling party wins | St Lucia | The Guardian from The Guardian
2025-12-03 07:29:26,729 - INFO - [The Guardian] Article: https://www.theguardian.com/world/2025/dec/03/search-for-malaysia-airline-flight-mh370-to-resume-over-11-years-after-plane-went-missing
2025-12-03 07:29:26,729 - INFO - [The Guardian] Attempt 1/1: Trying with 'requests_browser' strategy...
2025-12-03 07:29:26,960 - INFO - [The Guardian] Success with 'requests_browser'. Found content (635 words).
2025-12-03 07:29:27,291 - INFO - [BBC] Article: https://www.bbc.com/news/articles/cp341gz24p5o?at_medium=RSS&at_campaign=rss
2025-12-03 07:29:27,291 - INFO - [BBC] Attempt 1/1: Trying with 'requests_browser' strategy...
2025-12-03 07:29:27,334 - INFO - [BBC] Success with 'requests_browser'. Found content (660 words).
2025-12-03 07:29:27,518 - ERROR - [Times of India] Request failed for strategy 'selenium_browser' on URL https://timesofindia.indiatimes.com/world/middle-east/kuwait-to-get-six-public-holidays-in-january-2026-including-new-year-and-isra-miraj/articleshow/125736457.cms: HTTPConnectionPool(host='localhost', port=56377): Read timed out. (read timeout=120)
2025-12-03 07:29:27,519 - ERROR - [Times of India] All scrape strategies failed for https://timesofindia.indiatimes.com/world/middle-east/kuwait-to-get-six-public-holidays-in-january-2026-including-new-year-and-isra-miraj/articleshow/125736457.cms. Falling back to RSS description.
2025-12-03 07:29:38,183 - INFO - Saved article: Telangana CM Revanth’s remarks comparing Hindu Gods with Congress’s style of functioning rakes up controversy - The Hindu from The Hindu
2025-12-03 07:29:38,183 - INFO - Duplicate article skipped: Search for Malaysia Airlines flight MH370 to resume more than 11 years after plane went missing | Malaysia Airlines flight MH370 | The Guardian from The Guardian
2025-12-03 07:29:38,917 - INFO - [The Hindu] Article: https://www.thehindu.com/shorts/watch-bhu-students-clash-with-security-staff-after-alleged-accident-on-campus/article70352469.ece
2025-12-03 07:29:38,917 - INFO - [The Hindu] Attempt 1/1: Trying with 'selenium_browser' strategy...
2025-12-03 07:29:39,351 - INFO - [The Guardian] Article: https://www.theguardian.com/world/2025/dec/02/uk-government-delays-china-super-embassy-january
2025-12-03 07:29:39,351 - INFO - [The Guardian] Attempt 1/1: Trying with 'requests_browser' strategy...
2025-12-03 07:29:39,394 - INFO - [The Guardian] Success with 'requests_browser'. Found content (619 words).
2025-12-03 07:29:50,247 - WARNING - [The Hindu] Page timed out (10s). No <p> tags found. Proceeding anyway.
2025-12-03 07:29:50,289 - WARNING - [The Hindu] FAILED with 'selenium_browser' (content was too short: 63 words).
2025-12-03 07:29:50,289 - ERROR - [The Hindu] All scrape strategies failed for https://www.thehindu.com/shorts/watch-bhu-students-clash-with-security-staff-after-alleged-accident-on-campus/article70352469.ece. Falling back to RSS description.
2025-12-03 07:29:51,068 - INFO - DEDUPLICATION: Found match (Score: 0.84). Linking to Cluster ID: 4c441243-9136-451d-a069-2dab8cacfe48
2025-12-03 07:29:51,072 - INFO - Saved article: YouTube says it will be less safe for kids under Australia's social media ban from BBC
2025-12-03 07:29:51,945 - INFO - [BBC] Article: https://www.bbc.com/news/articles/cedxyvx74p4o?at_medium=RSS&at_campaign=rss
2025-12-03 07:29:51,945 - INFO - [BBC] Attempt 1/1: Trying with 'requests_browser' strategy...
2025-12-03 07:29:52,011 - INFO - [BBC] Success with 'requests_browser'. Found content (768 words).
2025-12-03 07:30:04,246 - INFO - Saved article: Kuwait to get six public holidays in January 2026 including new year and Isra-Mi’raj from Times of India
2025-12-03 07:30:04,246 - INFO - Duplicate article skipped: UK government delays decision on China’s super-embassy until January | China | The Guardian from The Guardian
2025-12-03 07:30:04,867 - INFO - [The Guardian] Article: https://www.theguardian.com/world/2025/dec/03/uk-china-spying-case-collapse-security-committee-report
2025-12-03 07:30:04,867 - INFO - [The Guardian] Attempt 1/1: Trying with 'requests_browser' strategy...
2025-12-03 07:30:04,908 - INFO - [The Guardian] Success with 'requests_browser'. Found content (885 words).
2025-12-03 07:30:05,413 - INFO - [Times of India] Article: https://timesofindia.indiatimes.com/world/middle-east/saudi-arabia-approves-350-billion-budget-for-2026-focused-on-vision-2030-goalssaudi-arabia-approves-350-billion-budget-for-2026-focused-on-vision-2030-goals/articleshow/125735433.cms
2025-12-03 07:30:05,413 - INFO - [Times of India] Attempt 1/1: Trying with 'selenium_browser' strategy...
2025-12-03 07:30:16,862 - INFO - Saved article: Watch: BHU students clash with security staff after alleged accident on campus from The Hindu
2025-12-03 07:30:16,862 - INFO - Duplicate article skipped: Sanchar Saathi: India mandates state-owned cyber safety app on all smartphones from BBC
2025-12-03 07:30:16,862 - INFO - Duplicate article skipped: Handling of China spying case was ‘shambolic’, security committee concludes | Espionage | The Guardian from The Guardian
2025-12-03 07:30:17,487 - INFO - [The Guardian] Article: https://www.theguardian.com/world/2025/dec/02/global-heating-and-other-human-activity-are-making-asias-floods-more-lethal
2025-12-03 07:30:17,488 - INFO - [The Guardian] Attempt 1/1: Trying with 'requests_browser' strategy...
2025-12-03 07:30:17,517 - INFO - [The Guardian] Success with 'requests_browser'. Found content (718 words).
2025-12-03 07:30:17,564 - INFO - Duplicate article skipped: Global heating and other human activity are making Asia’s floods more lethal | Extreme weather | The Guardian from The Guardian
2025-12-03 07:30:18,162 - INFO - [The Hindu] Article: https://www.thehindu.com/business/spam-calls-dot-to-mandate-display-of-kyc-registered-names-on-incoming-calls/article70352353.ece
2025-12-03 07:30:18,162 - INFO - [The Hindu] Attempt 1/1: Trying with 'selenium_browser' strategy...
2025-12-03 07:30:18,234 - INFO - [BBC] Article: https://www.bbc.com/news/articles/cn41jge1990o?at_medium=RSS&at_campaign=rss
2025-12-03 07:30:18,235 - INFO - [BBC] Attempt 1/1: Trying with 'requests_browser' strategy...
2025-12-03 07:30:18,274 - INFO - [BBC] Success with 'requests_browser'. Found content (595 words).
2025-12-03 07:30:18,326 - INFO - Duplicate article skipped: Pope prays at site of Beirut port blast at end of Lebanon visit from BBC
2025-12-03 07:30:18,983 - INFO - [The Guardian] Article: https://www.theguardian.com/world/2025/dec/02/british-women-stranded-by-landslides-in-sri-lankan-mountains-running-out-of-food-and-water-daughter-says
2025-12-03 07:30:18,983 - INFO - [The Guardian] Attempt 1/1: Trying with 'requests_browser' strategy...
2025-12-03 07:30:19,023 - INFO - [The Guardian] Success with 'requests_browser'. Found content (643 words).
2025-12-03 07:30:19,040 - INFO - [The Hindu] Page content loaded.
2025-12-03 07:30:19,111 - INFO - Duplicate article skipped: British women stranded by landslides in Sri Lankan mountains running out of food and water, daughter says | Sri Lanka | The Guardian from The Guardian
2025-12-03 07:30:19,155 - INFO - [The Hindu] Success with 'selenium_browser'. Found content (575 words).
2025-12-03 07:30:19,207 - INFO - [BBC] Article: https://www.bbc.com/news/articles/c0q5n3x0jn9o?at_medium=RSS&at_campaign=rss
2025-12-03 07:30:19,207 - INFO - [BBC] Attempt 1/1: Trying with 'requests_browser' strategy...
2025-12-03 07:30:19,328 - INFO - [BBC] Success with 'requests_browser'. Found content (328 words).
2025-12-03 07:30:20,291 - INFO - [The Guardian] Article: https://www.theguardian.com/australia-news/2025/dec/03/addiction-to-secrecy-opposition-and-crossbench-slam-labors-undemocratic-changes-to-foi-including-charging-fees
2025-12-03 07:30:20,292 - INFO - [The Guardian] Attempt 1/1: Trying with 'requests_browser' strategy...
2025-12-03 07:30:20,417 - INFO - [The Guardian] Success with 'requests_browser'. Found content (531 words).
2025-12-03 07:30:32,750 - INFO - Saved article: Spam calls: DoT to mandate display of KYC-registered names on incoming calls - The Hindu from The Hindu
2025-12-03 07:30:32,750 - INFO - Duplicate article skipped: Thousands of rounds of German army ammunition stolen from lorry from BBC
2025-12-03 07:30:33,603 - INFO - [BBC] Article: https://www.bbc.com/news/articles/c93n4nx5yqro?at_medium=RSS&at_campaign=rss
2025-12-03 07:30:33,604 - INFO - [BBC] Attempt 1/1: Trying with 'requests_browser' strategy...
2025-12-03 07:30:33,660 - INFO - [BBC] Success with 'requests_browser'. Found content (1032 words).
2025-12-03 07:30:33,957 - INFO - [The Hindu] Article: https://www.thehindu.com/news/cities/Delhi/kiran-bedi-five-reforms-pitch-to-fight-pollution-delhi-air-india/article70352391.ece
2025-12-03 07:30:33,957 - INFO - [The Hindu] Attempt 1/1: Trying with 'selenium_browser' strategy...
2025-12-03 07:30:36,031 - INFO - [The Hindu] Page content loaded.
2025-12-03 07:30:36,105 - INFO - [The Hindu] Success with 'selenium_browser'. Found content (532 words).
2025-12-03 07:30:48,168 - INFO - Saved article: ‘Addiction to secrecy’: opposition and crossbench slam Labor’s ‘undemocratic’ changes to FoI – including charging fees | Freedom of information | The Guardian from The Guardian
2025-12-03 07:30:48,169 - INFO - Duplicate article skipped: Why is US President Trump threatening Venezuela's President Maduro? from BBC
2025-12-03 07:30:48,776 - INFO - [The Guardian] Article: https://www.theguardian.com/australia-news/live/2025/dec/03/australia-news-live-bruce-lehrmann-defamation-appeal-brittany-higgins-lisa-wilkinson-network-ten-senate-estimates-social-media-ban-esafety-commissioner-albanese-sussan-ley-labor-coalition-nsw-vic-qld-ntwnfb
2025-12-03 07:30:48,777 - INFO - [The Guardian] Attempt 1/1: Trying with 'requests_browser' strategy...
2025-12-03 07:30:48,932 - INFO - [The Guardian] Success with 'requests_browser'. Found content (3090 words).
2025-12-03 07:30:49,180 - INFO - [BBC] Article: https://www.bbc.com/news/articles/ce3wq2zznz1o?at_medium=RSS&at_campaign=rss
2025-12-03 07:30:49,181 - INFO - [BBC] Attempt 1/1: Trying with 'requests_browser' strategy...
2025-12-03 07:30:49,241 - INFO - [BBC] Success with 'requests_browser'. Found content (740 words).
2025-12-03 07:31:02,622 - INFO - Saved article: Begin by fixing system, clean air will follow: Kiran Bedi pitches five reforms for pollution fight - The Hindu from The Hindu
2025-12-03 07:31:02,622 - INFO - Duplicate article skipped: Gallagher says public service ‘roughly the right size’ – as it happened | Australia news | The Guardian from The Guardian
2025-12-03 07:31:02,622 - INFO - Duplicate article skipped: Guinea Bissau coup: Nigeria grants asylum to presidential candidate Fernando Dias from BBC
2025-12-03 07:31:03,344 - INFO - [The Guardian] Article: https://www.theguardian.com/australia-news/2025/dec/03/australia-high-court-overturns-housing-policy-which-tripled-rent-in-some-remote-indigenous-communities
2025-12-03 07:31:03,344 - INFO - [The Guardian] Attempt 1/1: Trying with 'requests_browser' strategy...
2025-12-03 07:31:03,376 - INFO - [The Guardian] Success with 'requests_browser'. Found content (527 words).
2025-12-03 07:31:03,642 - INFO - [The Hindu] Article: https://www.thehindu.com/news/national/govt-in-sc-agrees-to-return-pregnant-woman-child-deported-to-bangladesh-on-humanitarian-grounds/article70352282.ece
2025-12-03 07:31:03,642 - INFO - [The Hindu] Attempt 1/1: Trying with 'selenium_browser' strategy...
2025-12-03 07:31:03,643 - INFO - Duplicate article skipped: High court overturns NT housing policy which tripled rent in some remote Indigenous communities | Indigenous Australians | The Guardian from The Guardian
2025-12-03 07:31:03,702 - INFO - [BBC] Article: https://www.bbc.com/news/articles/ce8ng18p7v3o?at_medium=RSS&at_campaign=rss
2025-12-03 07:31:03,702 - INFO - [BBC] Attempt 1/1: Trying with 'requests_browser' strategy...
2025-12-03 07:31:03,732 - INFO - [BBC] Success with 'requests_browser'. Found content (582 words).
2025-12-03 07:31:03,772 - INFO - Duplicate article skipped: Hong Kong leader orders investigation into deadly fire that killed 151 from BBC
2025-12-03 07:31:04,582 - INFO - [The Guardian] Article: https://www.theguardian.com/australia-news/2025/dec/02/australian-children-moving-to-new-social-app-lemon8-but-owner-expected-to-restrict-users-to-over-16s
2025-12-03 07:31:04,583 - INFO - [The Guardian] Attempt 1/1: Trying with 'requests_browser' strategy...
2025-12-03 07:31:04,624 - INFO - [The Guardian] Success with 'requests_browser'. Found content (951 words).
2025-12-03 07:31:04,687 - INFO - [BBC] Article: https://www.bbc.com/news/articles/c33mz477p4po?at_medium=RSS&at_campaign=rss
2025-12-03 07:31:04,688 - INFO - [BBC] Attempt 1/1: Trying with 'requests_browser' strategy...
2025-12-03 07:31:04,722 - INFO - Duplicate article skipped: YouTube says it will comply with Australia’s under-16s social media ban, with Lemon8 to also restrict access | Social media ban | The Guardian from The Guardian
2025-12-03 07:31:04,749 - INFO - [BBC] Success with 'requests_browser'. Found content (882 words).
2025-12-03 07:31:04,809 - INFO - Duplicate article skipped: Luigi Mangione in court as lawyers seek to rule out notebook, gun and other key evidence from BBC
2025-12-03 07:31:05,141 - INFO - [The Hindu] Page content loaded.
2025-12-03 07:31:05,215 - INFO - [The Hindu] Success with 'selenium_browser'. Found content (443 words).
2025-12-03 07:31:05,661 - INFO - [BBC] Article: https://www.bbc.com/news/articles/cvgqnklqge7o?at_medium=RSS&at_campaign=rss
2025-12-03 07:31:05,661 - INFO - [BBC] Attempt 1/1: Trying with 'requests_browser' strategy...
2025-12-03 07:31:05,667 - INFO - [The Guardian] Article: https://www.theguardian.com/australia-news/2025/dec/03/victoria-labor-allan-coercive-control-backflip-jess-wilson
2025-12-03 07:31:05,667 - INFO - [The Guardian] Attempt 1/1: Trying with 'requests_browser' strategy...
2025-12-03 07:31:05,872 - INFO - [The Guardian] Success with 'requests_browser'. Found content (530 words).
2025-12-03 07:31:05,905 - INFO - [BBC] Success with 'requests_browser'. Found content (445 words).
2025-12-03 07:31:18,624 - INFO - DEDUPLICATION: Found match (Score: 0.72). Linking to Cluster ID: 7116e44f-913a-4b0b-8e3d-94dffe466408
2025-12-03 07:31:18,626 - INFO - Saved article: Govt in SC agrees to return pregnant woman, child deported to Bangladesh on 'humanitarian grounds' - The Hindu from The Hindu
2025-12-03 07:31:18,626 - INFO - Duplicate article skipped: Victorian Labor to introduce stand-alone coercive control offence in backflip to match opposition policy | Victorian politics | The Guardian from The Guardian
2025-12-03 07:31:18,626 - INFO - Duplicate article skipped: Zambian-American influencer Ethel Chisono Edwards sentenced to 18 months for hate speech from BBC
2025-12-03 07:31:19,936 - INFO - [BBC] Article: https://www.bbc.com/news/articles/c058n10727po?at_medium=RSS&at_campaign=rss
2025-12-03 07:31:19,936 - INFO - [BBC] Attempt 1/1: Trying with 'requests_browser' strategy...
2025-12-03 07:31:19,994 - INFO - [The Hindu] Article: https://www.thehindu.com/news/national/telangana/telangana-winter-december-2025-lowest-of-10c-recorded-in-adilabad/article70352402.ece
2025-12-03 07:31:19,994 - INFO - [The Hindu] Attempt 1/1: Trying with 'selenium_browser' strategy...
2025-12-03 07:31:20,069 - INFO - [BBC] Success with 'requests_browser'. Found content (610 words).
2025-12-03 07:31:20,113 - INFO - Duplicate article skipped: Cyclone Ditwah: Flood catastrophe awakens volunteerism in Sri Lanka from BBC
2025-12-03 07:31:20,778 - INFO - [BBC] Article: https://www.bbc.com/news/articles/c1m8nm22785o?at_medium=RSS&at_campaign=rss
2025-12-03 07:31:20,779 - INFO - [BBC] Attempt 1/1: Trying with 'requests_browser' strategy...
2025-12-03 07:31:20,828 - INFO - [BBC] Success with 'requests_browser'. Found content (1165 words).
2025-12-03 07:31:22,780 - INFO - [The Hindu] Page content loaded.
2025-12-03 07:31:22,942 - INFO - [The Hindu] Success with 'selenium_browser'. Found content (129 words).
2025-12-03 07:31:36,935 - INFO - Saved article: Guinea-Bissau's military takeover: Was the coup real or a 'sham'? from BBC
2025-12-03 07:31:37,840 - INFO - [BBC] Article: https://www.bbc.com/news/articles/cj69588eewyo?at_medium=RSS&at_campaign=rss
2025-12-03 07:31:37,840 - INFO - [BBC] Attempt 1/1: Trying with 'requests_browser' strategy...
2025-12-03 07:31:37,889 - INFO - [BBC] Success with 'requests_browser'. Found content (1209 words).
2025-12-03 07:31:50,879 - INFO - Saved article: Telangana Winter December 2025: Lowest of 10°C recorded in Adilabad - The Hindu from The Hindu
2025-12-03 07:31:50,879 - INFO - Duplicate article skipped: Israeli-Russian woman says Iraqi militants tortured her in captivity from BBC
2025-12-03 07:31:51,620 - INFO - [The Hindu] Article: https://www.thehindu.com/news/national/modi-trump-huglomacy-in-deep-freeze-says-congress-as-rubio-repeats-trumps-claims-of-brokering-india-pakistan-ceasefire/article70352291.ece
2025-12-03 07:31:51,620 - INFO - [The Hindu] Attempt 1/1: Trying with 'selenium_browser' strategy...
2025-12-03 07:31:52,225 - INFO - [BBC] Article: https://www.bbc.com/news/videos/cwyvgq7224go?at_medium=RSS&at_campaign=rss
2025-12-03 07:31:52,226 - INFO - [BBC] Attempt 1/1: Trying with 'requests_browser' strategy...
2025-12-03 07:31:52,309 - WARNING - [BBC] FAILED with 'requests_browser' (content was too short: 58 words).
2025-12-03 07:31:52,309 - ERROR - [BBC] All scrape strategies failed for https://www.bbc.com/news/videos/cwyvgq7224go?at_medium=RSS&at_campaign=rss. Falling back to RSS description.
2025-12-03 07:31:52,309 - INFO - Duplicate article skipped: Will Australia's social media ban actually work? from BBC
2025-12-03 07:31:52,441 - INFO - [The Hindu] Page content loaded.
2025-12-03 07:31:52,511 - INFO - [The Hindu] Success with 'selenium_browser'. Found content (501 words).
2025-12-03 07:31:52,579 - INFO - Duplicate article skipped: Modi-Trump ‘huglomacy’ in deep freeze, says Congress as Rubio repeats Trump’s claims of brokering India-Pakistan ceasefire - The Hindu from The Hindu
2025-12-03 07:31:54,022 - INFO - [The Hindu] Article: https://www.thehindu.com/news/national/uttar-pradesh/cough-syrup-case-fourth-man-arrested-from-lucknow-for-illegal-storage-trade-of-banned-drug/article70352047.ece
2025-12-03 07:31:54,022 - INFO - [The Hindu] Attempt 1/1: Trying with 'selenium_browser' strategy...
2025-12-03 07:31:55,877 - INFO - [The Hindu] Page content loaded.
2025-12-03 07:31:55,932 - INFO - [The Hindu] Success with 'selenium_browser'. Found content (231 words).
2025-12-03 07:31:55,993 - INFO - Duplicate article skipped: Cough syrup case: Fourth man arrested from Lucknow for illegal storage, trade of banned drug - The Hindu from The Hindu
2025-12-03 07:31:56,996 - INFO - [The Hindu] Article: https://www.thehindu.com/news/national/nagaland/cultural-performance-attract-thousands-of-tourists-at-hornbill-festival-in-nagaland/article70352270.ece
2025-12-03 07:31:56,996 - INFO - [The Hindu] Attempt 1/1: Trying with 'selenium_browser' strategy...
2025-12-03 07:31:57,994 - INFO - [The Hindu] Page content loaded.
2025-12-03 07:31:58,077 - INFO - [The Hindu] Success with 'selenium_browser'. Found content (616 words).
2025-12-03 07:31:58,170 - INFO - Duplicate article skipped: Cultural performance attract thousands of tourists at Hornbill Festival in Nagaland - The Hindu from The Hindu
2025-12-03 07:31:58,900 - INFO - [The Hindu] Article: https://www.thehindu.com/news/national/rajasthan/soldier-dies-in-rajasthan-after-army-tank-sinks-in-indira-gandhi-canal/article70352196.ece
2025-12-03 07:31:58,900 - INFO - [The Hindu] Attempt 1/1: Trying with 'selenium_browser' strategy...
2025-12-03 07:31:59,762 - INFO - [The Hindu] Page content loaded.
2025-12-03 07:31:59,845 - INFO - [The Hindu] Success with 'selenium_browser'. Found content (163 words).
2025-12-03 07:31:59,909 - INFO - Duplicate article skipped: Soldier dies in Rajasthan after Army tank sinks in Indira Gandhi canal - The Hindu from The Hindu
2025-12-03 07:32:00,982 - INFO - [The Hindu] Article: https://www.thehindu.com/news/national/west-bengal/west-bengal-cm-mamata-banerjee-unveils-report-card-of-her-governments-performance-for-past-14-years/article70350010.ece
2025-12-03 07:32:00,983 - INFO - [The Hindu] Attempt 1/1: Trying with 'selenium_browser' strategy...
2025-12-03 07:32:02,813 - INFO - [The Hindu] Page content loaded.
2025-12-03 07:32:02,879 - INFO - [The Hindu] Success with 'selenium_browser'. Found content (585 words).
2025-12-03 07:32:03,164 - INFO - Duplicate article skipped: West Bengal CM Mamata Banerjee unveils report card of her government’s performance for past 14 years - The Hindu from The Hindu
2025-12-03 07:32:04,439 - INFO - [The Hindu] Article: https://www.thehindu.com/news/international/cyclone-ditwah-sri-lanka-death-toll-india-field-hospital-medical-aid-updates-december-3-2025/article70352174.ece
2025-12-03 07:32:04,439 - INFO - [The Hindu] Attempt 1/1: Trying with 'selenium_browser' strategy...
2025-12-03 07:32:05,262 - INFO - [The Hindu] Page content loaded.
2025-12-03 07:32:05,431 - INFO - [The Hindu] Success with 'selenium_browser'. Found content (564 words).
2025-12-03 07:32:05,520 - ERROR - [Times of India] Request failed for strategy 'selenium_browser' on URL https://timesofindia.indiatimes.com/world/middle-east/saudi-arabia-approves-350-billion-budget-for-2026-focused-on-vision-2030-goalssaudi-arabia-approves-350-billion-budget-for-2026-focused-on-vision-2030-goals/articleshow/125735433.cms: HTTPConnectionPool(host='localhost', port=56377): Read timed out. (read timeout=120)
2025-12-03 07:32:05,520 - ERROR - [Times of India] All scrape strategies failed for https://timesofindia.indiatimes.com/world/middle-east/saudi-arabia-approves-350-billion-budget-for-2026-focused-on-vision-2030-goalssaudi-arabia-approves-350-billion-budget-for-2026-focused-on-vision-2030-goals/articleshow/125735433.cms. Falling back to RSS description.
2025-12-03 07:32:19,163 - CRITICAL - --- TIMEOUT: 2 scrape jobs did not complete in 300s. ---
2025-12-03 07:32:19,163 - ERROR - A thread has timed out and will be abandoned.
2025-12-03 07:32:19,163 - ERROR - A thread has timed out and will be abandoned.
2025-12-03 07:32:19,163 - INFO - Shutting down thread pool (wait=False)...
2025-12-03 07:32:19,163 - INFO - Scraped: 6 BBC, 1 The Guardian, 2 Timed_Out_Jobs articles. (Total saved: 7)
2025-12-03 07:32:19,163 - INFO - --- Scraping job finished ---
2025-12-03 07:32:19,164 - INFO - --- Scraper service stopped and database connection closed. ---
2025-12-03 07:32:19,164 - INFO - --- Main thread finished. Forcing process exit to kill zombie threads. ---
