2025-11-28 17:22:12,643 - INFO - Loading AI Semantic Model (all-MiniLM-L6-v2)...
2025-11-28 17:22:12,643 - INFO - Use pytorch device_name: cpu
2025-11-28 17:22:12,644 - INFO - Load pretrained SentenceTransformer: all-MiniLM-L6-v2
2025-11-28 17:22:14,179 - INFO - AI Model loaded successfully.
2025-11-28 17:22:14,179 - INFO - Initializing database connection at: news_articles.db
2025-11-28 17:22:14,180 - INFO - --- Scraper service started (CI Mode: Run Once) ---
2025-11-28 17:22:14,180 - INFO - --- Starting new scraping job (Parallel Mode) ---
2025-11-28 17:22:14,180 - INFO - Creating new robust session with 3 retries on 5xx/connection/read errors.
2025-11-28 17:22:14,180 - INFO - Proxy is DISABLED.
2025-11-28 17:22:14,180 - INFO - Starting scrape for BBC RSS feed: http://feeds.bbci.co.uk/news/world/rss.xml
2025-11-28 17:22:14,181 - INFO - [Times of India] (Thread) requires Selenium. Initializing driver...
2025-11-28 17:22:14,181 - INFO - Initializing headless Selenium Chrome driver (using SeleniumManager)...
2025-11-28 17:22:14,182 - INFO - Starting scrape for The Guardian RSS feed: https://www.theguardian.com/world/rss
2025-11-28 17:22:14,183 - INFO - [The Hindu] (Thread) requires Selenium. Initializing driver...
2025-11-28 17:22:14,183 - INFO - Initializing headless Selenium Chrome driver (using SeleniumManager)...
2025-11-28 17:22:14,183 - INFO - Submitted 4 jobs to thread pool. Waiting up to 300s for completion...
2025-11-28 17:22:14,311 - INFO - Found 35 articles in BBC RSS feed. Processing up to 20.
2025-11-28 17:22:14,312 - INFO - [BBC] Article: https://www.bbc.com/news/articles/ckg9nd2wddno?at_medium=RSS&at_campaign=rss
2025-11-28 17:22:14,312 - INFO - [BBC] Attempt 1/1: Trying with 'requests_browser' strategy...
2025-11-28 17:22:14,336 - INFO - Found 45 articles in The Guardian RSS feed. Processing up to 20.
2025-11-28 17:22:14,336 - INFO - [The Guardian] Article: https://www.theguardian.com/world/2025/nov/28/jacob-zuma-daughter-resigns-claims-south-africans-tricked-fight-russia
2025-11-28 17:22:14,336 - INFO - [The Guardian] Attempt 1/1: Trying with 'requests_browser' strategy...
2025-11-28 17:22:14,370 - INFO - [The Guardian] Success with 'requests_browser'. Found content (753 words).
2025-11-28 17:22:14,401 - INFO - Duplicate article skipped: Jacob Zuma’s daughter resigns amid claims South Africans tricked to fight for Russia | South Africa | The Guardian from The Guardian
2025-11-28 17:22:14,734 - INFO - [BBC] Success with 'requests_browser'. Found content (810 words).
2025-11-28 17:22:14,770 - INFO - Duplicate article skipped: Zelensky's chief of staff Andriy Yermak resigns after anti-corruption raid from BBC
2025-11-28 17:22:15,134 - INFO - [The Guardian] Article: https://www.theguardian.com/environment/2025/nov/28/africa-forests-transformed-carbon-sink-carbon-source-study
2025-11-28 17:22:15,134 - INFO - [The Guardian] Attempt 1/1: Trying with 'requests_browser' strategy...
2025-11-28 17:22:15,165 - INFO - [The Guardian] Success with 'requests_browser'. Found content (458 words).
2025-11-28 17:22:15,196 - INFO - Duplicate article skipped: Africa’s forests transformed from carbon sink to carbon source, study finds | Climate crisis | The Guardian from The Guardian
2025-11-28 17:22:15,790 - INFO - [BBC] Article: https://www.bbc.com/news/articles/c79xd17dre3o?at_medium=RSS&at_campaign=rss
2025-11-28 17:22:15,791 - INFO - [BBC] Attempt 1/1: Trying with 'requests_browser' strategy...
2025-11-28 17:22:15,852 - INFO - [BBC] Success with 'requests_browser'. Found content (771 words).
2025-11-28 17:22:15,901 - INFO - Selenium driver initialized successfully.
2025-11-28 17:22:15,901 - INFO - Starting scrape for Times of India RSS feed: https://timesofindia.indiatimes.com/rssfeeds/296589292.cms
2025-11-28 17:22:15,902 - INFO - Selenium driver initialized successfully.
2025-11-28 17:22:15,903 - INFO - Starting scrape for The Hindu RSS feed: https://www.thehindu.com/news/national/feeder/default.rss
2025-11-28 17:22:15,903 - INFO - Duplicate article skipped: Hong Kong tower blocks fire death toll rises to 128 from BBC
2025-11-28 17:22:16,110 - INFO - Found 20 articles in Times of India RSS feed. Processing up to 20.
2025-11-28 17:22:16,110 - INFO - [Times of India] Article: https://timesofindia.indiatimes.com/world/europe/ukraine-corruption-crisis-zelenskyys-chief-of-staff-andrii-yermak-resigns-after-raid-kyivs-political-turmoil-deepens/articleshow/125642563.cms
2025-11-28 17:22:16,110 - INFO - [Times of India] Attempt 1/1: Trying with 'selenium_browser' strategy...
2025-11-28 17:22:16,271 - INFO - [The Guardian] Article: https://www.theguardian.com/world/2025/nov/26/guinea-bissau-officers-take-total-control-close-borders-amid-election-chaos
2025-11-28 17:22:16,271 - INFO - [The Guardian] Attempt 1/1: Trying with 'requests_browser' strategy...
2025-11-28 17:22:16,300 - INFO - [The Guardian] Success with 'requests_browser'. Found content (412 words).
2025-11-28 17:22:16,330 - INFO - Duplicate article skipped: Guinea-Bissau military takes ‘total control’ amid election chaos | Guinea-Bissau | The Guardian from The Guardian
2025-11-28 17:22:16,757 - INFO - Found 100 articles in The Hindu RSS feed. Processing up to 20.
2025-11-28 17:22:16,758 - INFO - [The Hindu] Article: https://www.thehindu.com/news/national/tamil-nadu/anbumani-unwilling-to-share-space-with-ramadoss-in-alliance/article70335170.ece
2025-11-28 17:22:16,758 - INFO - [The Hindu] Attempt 1/1: Trying with 'selenium_browser' strategy...
2025-11-28 17:22:16,967 - INFO - [BBC] Article: https://www.bbc.com/news/articles/c058lny3pdqo?at_medium=RSS&at_campaign=rss
2025-11-28 17:22:16,967 - INFO - [BBC] Attempt 1/1: Trying with 'requests_browser' strategy...
2025-11-28 17:22:17,018 - INFO - [BBC] Success with 'requests_browser'. Found content (650 words).
2025-11-28 17:22:17,203 - INFO - Duplicate article skipped: Hungary's Orban defies EU partners and meets Putin again in Moscow from BBC
2025-11-28 17:22:17,769 - INFO - [The Guardian] Article: https://www.theguardian.com/world/2025/nov/25/nigerian-schoolgirls-rescued-after-mass-abduction-in-kebbi
2025-11-28 17:22:17,769 - INFO - [The Guardian] Attempt 1/1: Trying with 'requests_browser' strategy...
2025-11-28 17:22:17,838 - INFO - [The Guardian] Success with 'requests_browser'. Found content (515 words).
2025-11-28 17:22:17,942 - INFO - Duplicate article skipped: Nigerian schoolgirls rescued after mass abduction in Kebbi | Nigeria | The Guardian from The Guardian
2025-11-28 17:22:18,538 - INFO - [BBC] Article: https://www.bbc.com/news/articles/cdxweyy157go?at_medium=RSS&at_campaign=rss
2025-11-28 17:22:18,538 - INFO - [BBC] Attempt 1/1: Trying with 'requests_browser' strategy...
2025-11-28 17:22:18,661 - INFO - [BBC] Success with 'requests_browser'. Found content (1079 words).
2025-11-28 17:22:18,749 - INFO - Duplicate article skipped: Trump says US will pause migration from 'third-world countries' from BBC
2025-11-28 17:22:19,274 - INFO - [The Guardian] Article: https://www.theguardian.com/world/2025/nov/25/jacob-zuma-daughter-accused-tricking-men-fighting-for-russia-in-ukraine
2025-11-28 17:22:19,274 - INFO - [The Guardian] Attempt 1/1: Trying with 'requests_browser' strategy...
2025-11-28 17:22:19,343 - INFO - [The Guardian] Success with 'requests_browser'. Found content (656 words).
2025-11-28 17:22:19,493 - INFO - Duplicate article skipped: Jacob Zuma’s daughter accused of tricking men into fighting for Russia in Ukraine | South Africa | The Guardian from The Guardian
2025-11-28 17:22:20,237 - INFO - [BBC] Article: https://www.bbc.com/news/articles/cx2dndy228xo?at_medium=RSS&at_campaign=rss
2025-11-28 17:22:20,237 - INFO - [BBC] Attempt 1/1: Trying with 'requests_browser' strategy...
2025-11-28 17:22:20,300 - INFO - [BBC] Success with 'requests_browser'. Found content (1379 words).
2025-11-28 17:22:20,360 - INFO - Duplicate article skipped: Duduzile Zuma-Sambudla resigns as South African MP over Russia mercenary recruitment scandal from BBC
2025-11-28 17:22:20,458 - INFO - [The Hindu] Page content loaded.
2025-11-28 17:22:20,732 - INFO - [The Hindu] Success with 'selenium_browser'. Found content (364 words).
2025-11-28 17:22:20,875 - INFO - [The Guardian] Article: https://www.theguardian.com/world/2025/nov/28/quebec-prayer-law-canada
2025-11-28 17:22:20,875 - INFO - [The Guardian] Attempt 1/1: Trying with 'requests_browser' strategy...
2025-11-28 17:22:20,891 - INFO - [BBC] Article: https://www.bbc.com/news/articles/cp89k31krz4o?at_medium=RSS&at_campaign=rss
2025-11-28 17:22:20,891 - INFO - [BBC] Attempt 1/1: Trying with 'requests_browser' strategy...
2025-11-28 17:22:20,994 - INFO - [BBC] Success with 'requests_browser'. Found content (485 words).
2025-11-28 17:22:21,115 - INFO - [The Guardian] Success with 'requests_browser'. Found content (539 words).
2025-11-28 17:22:46,433 - INFO - Saved article: Anbumani unwilling to share space with Ramadoss in alliance - The Hindu from The Hindu
2025-11-28 17:22:46,434 - INFO - Duplicate article skipped: Thirteen killed in deadliest Israeli raid for months in southern Syria from BBC
2025-11-28 17:22:47,055 - INFO - [BBC] Article: https://www.bbc.com/news/articles/c0l9z176lnlo?at_medium=RSS&at_campaign=rss
2025-11-28 17:22:47,055 - INFO - [BBC] Attempt 1/1: Trying with 'requests_browser' strategy...
2025-11-28 17:22:47,130 - INFO - [BBC] Success with 'requests_browser'. Found content (598 words).
2025-11-28 17:22:47,696 - INFO - [The Hindu] Article: https://www.thehindu.com/news/national/tamil-nadu/anbumani-remains-president-of-pmk-election-commission-tells-ramadoss-in-official-communication/article70335787.ece
2025-11-28 17:22:47,697 - INFO - [The Hindu] Attempt 1/1: Trying with 'selenium_browser' strategy...
2025-11-28 17:22:54,295 - INFO - [The Hindu] Page content loaded.
2025-11-28 17:22:54,674 - INFO - [The Hindu] Success with 'selenium_browser'. Found content (211 words).
2025-11-28 17:23:01,417 - INFO - DEDUPLICATION: Found match (Score: 0.89). Linking to Cluster ID: 4f0edd84-e5f0-456e-a379-1b90e7f0a38c
2025-11-28 17:23:01,420 - INFO - Saved article: Quebec to ban public prayer in sweeping new secularism law | Quebec | The Guardian from The Guardian
2025-11-28 17:23:01,420 - INFO - Duplicate article skipped: Austrian nuns win reprieve in abandoned convent - if they stay off social media from BBC
2025-11-28 17:23:02,351 - INFO - [The Guardian] Article: https://www.theguardian.com/world/2025/nov/28/haida-nation-mark-carney-pipe-dream-oil-energy
2025-11-28 17:23:02,351 - INFO - [The Guardian] Attempt 1/1: Trying with 'requests_browser' strategy...
2025-11-28 17:23:02,399 - INFO - [The Guardian] Success with 'requests_browser'. Found content (1103 words).
2025-11-28 17:23:02,502 - INFO - [BBC] Article: https://www.bbc.com/news/articles/c0q5w13e58zo?at_medium=RSS&at_campaign=rss
2025-11-28 17:23:02,502 - INFO - [BBC] Attempt 1/1: Trying with 'requests_browser' strategy...
2025-11-28 17:23:02,547 - INFO - [BBC] Success with 'requests_browser'. Found content (422 words).
2025-11-28 17:23:08,968 - INFO - Saved article: Anbumani remains president of PMK, Election Commission tells Ramadoss in official communication - The Hindu from The Hindu
2025-11-28 17:23:08,969 - INFO - Duplicate article skipped: ‘Not going to happen’: First Nations threaten to end Carney’s pipe dream | Canada | The Guardian from The Guardian
2025-11-28 17:23:08,969 - INFO - Duplicate article skipped: Lightning detected on Mars by Nasa rover, scientists believe from BBC
2025-11-28 17:23:09,644 - INFO - [The Guardian] Article: https://www.theguardian.com/world/2025/nov/28/st-vincent-caribbean-opposition-party-celebrates-historic-election-win
2025-11-28 17:23:09,645 - INFO - [The Guardian] Attempt 1/1: Trying with 'requests_browser' strategy...
2025-11-28 17:23:09,676 - INFO - [The Guardian] Success with 'requests_browser'. Found content (609 words).
2025-11-28 17:23:09,710 - INFO - Duplicate article skipped: St Vincent opposition party celebrates historic election win | St Vincent and the Grenadines | The Guardian from The Guardian
2025-11-28 17:23:09,857 - INFO - [The Hindu] Article: https://www.thehindu.com/news/national/kerala/kgmcta-to-boycott-op-clinics-on-november-29/article70336066.ece
2025-11-28 17:23:09,857 - INFO - [The Hindu] Attempt 1/1: Trying with 'selenium_browser' strategy...
2025-11-28 17:23:10,242 - INFO - [BBC] Article: https://www.bbc.com/news/articles/clyz7njqwvvo?at_medium=RSS&at_campaign=rss
2025-11-28 17:23:10,242 - INFO - [BBC] Attempt 1/1: Trying with 'requests_browser' strategy...
2025-11-28 17:23:10,280 - INFO - [BBC] Success with 'requests_browser'. Found content (345 words).
2025-11-28 17:23:10,314 - INFO - Duplicate article skipped: Japan's same-sex marriage ban is constitutional, says Tokyo court from BBC
2025-11-28 17:23:10,459 - INFO - [The Hindu] Page content loaded.
2025-11-28 17:23:10,500 - INFO - [The Hindu] Success with 'selenium_browser'. Found content (311 words).
2025-11-28 17:23:10,690 - INFO - [The Guardian] Article: https://www.theguardian.com/world/2025/nov/27/st-vincent-prime-minister-seeks-record-sixth-term-in-tight-election
2025-11-28 17:23:10,690 - INFO - [The Guardian] Attempt 1/1: Trying with 'requests_browser' strategy...
2025-11-28 17:23:10,904 - INFO - [The Guardian] Success with 'requests_browser'. Found content (678 words).
2025-11-28 17:23:11,494 - INFO - [BBC] Article: https://www.bbc.com/news/articles/c0r9qzrxdwwo?at_medium=RSS&at_campaign=rss
2025-11-28 17:23:11,494 - INFO - [BBC] Attempt 1/1: Trying with 'requests_browser' strategy...
2025-11-28 17:23:11,586 - INFO - [BBC] Success with 'requests_browser'. Found content (448 words).
2025-11-28 17:23:19,878 - INFO - Saved article: KGMCTA to boycott OP clinics on November 29 - The Hindu from The Hindu
2025-11-28 17:23:19,878 - INFO - Duplicate article skipped: St Vincent prime minister seeks record sixth term in tight election | St Vincent and the Grenadines | The Guardian from The Guardian
2025-11-28 17:23:19,878 - INFO - Duplicate article skipped: Tunisia hands prison terms to dozens of opposition figures from BBC
2025-11-28 17:23:20,629 - INFO - [The Guardian] Article: https://www.theguardian.com/politics/2025/nov/28/uk-home-office-rejects-visa-young-girl-destitute-jamaica-hurricane-melissa
2025-11-28 17:23:20,629 - INFO - [The Guardian] Attempt 1/1: Trying with 'requests_browser' strategy...
2025-11-28 17:23:20,659 - INFO - [The Guardian] Success with 'requests_browser'. Found content (550 words).
2025-11-28 17:23:20,838 - INFO - Duplicate article skipped: UK rejects visa for girl left destitute in Jamaica by Hurricane Melissa | Home Office | The Guardian from The Guardian
2025-11-28 17:23:20,860 - INFO - [The Hindu] Article: https://www.thehindu.com/news/national/tamil-nadu/head-constable-robbed-off-her-jewellery-near-arani/article70334992.ece
2025-11-28 17:23:20,861 - INFO - [The Hindu] Attempt 1/1: Trying with 'selenium_browser' strategy...
2025-11-28 17:23:21,273 - INFO - [BBC] Article: https://www.bbc.com/news/articles/cwyx4y6007lo?at_medium=RSS&at_campaign=rss
2025-11-28 17:23:21,274 - INFO - [BBC] Attempt 1/1: Trying with 'requests_browser' strategy...
2025-11-28 17:23:21,320 - INFO - [BBC] Success with 'requests_browser'. Found content (891 words).
2025-11-28 17:23:21,383 - INFO - Duplicate article skipped: National Guard member Sarah Beckstrom dies after shooting in Washington DC from BBC
2025-11-28 17:23:21,413 - INFO - [The Guardian] Article: https://www.theguardian.com/news/2025/nov/28/hong-kong-apartment-fire-response-rescue-operations-death-toll
2025-11-28 17:23:21,413 - INFO - [The Guardian] Attempt 1/1: Trying with 'requests_browser' strategy...
2025-11-28 17:23:21,461 - INFO - [The Guardian] Success with 'requests_browser'. Found content (1000 words).
2025-11-28 17:23:21,513 - INFO - Duplicate article skipped: Rescue efforts end at Hong Kong tower block fire as death toll reaches 128 | Hong Kong apartment fires | The Guardian from The Guardian
2025-11-28 17:23:21,693 - INFO - [The Hindu] Page content loaded.
2025-11-28 17:23:21,733 - INFO - [The Hindu] Success with 'selenium_browser'. Found content (99 words).
2025-11-28 17:23:22,042 - INFO - [The Guardian] Article: https://www.theguardian.com/news/2025/nov/28/hong-kong-community-groups-deliver-aid-to-survivors-of-wang-fuk-court-fire
2025-11-28 17:23:22,043 - INFO - [The Guardian] Attempt 1/1: Trying with 'requests_browser' strategy...
2025-11-28 17:23:22,094 - INFO - [The Guardian] Success with 'requests_browser'. Found content (687 words).
2025-11-28 17:23:22,417 - INFO - [BBC] Article: https://www.bbc.com/news/articles/clyd4llgrego?at_medium=RSS&at_campaign=rss
2025-11-28 17:23:22,418 - INFO - [BBC] Attempt 1/1: Trying with 'requests_browser' strategy...
2025-11-28 17:23:22,478 - INFO - [BBC] Success with 'requests_browser'. Found content (415 words).
2025-11-28 17:23:30,822 - INFO - Saved article: Head constable robbed off her jewellery near Arani - The Hindu from The Hindu
2025-11-28 17:23:30,822 - INFO - Duplicate article skipped: Hong Kong community groups deliver aid to survivors of Wang Fuk Court fire | Hong Kong apartment fires | The Guardian from The Guardian
2025-11-28 17:23:30,822 - INFO - Duplicate article skipped: Louvre to hike ticket prices for most non-EU tourists by 45% from BBC
2025-11-28 17:23:31,336 - INFO - [BBC] Article: https://www.bbc.com/news/videos/cev8exezvw2o?at_medium=RSS&at_campaign=rss
2025-11-28 17:23:31,337 - INFO - [BBC] Attempt 1/1: Trying with 'requests_browser' strategy...
2025-11-28 17:23:31,393 - INFO - [BBC] Success with 'requests_browser'. Found content (89 words).
2025-11-28 17:23:31,432 - INFO - Duplicate article skipped: Pope Leo struggles to unveil plaque in Turkey from BBC
2025-11-28 17:23:31,908 - INFO - [The Hindu] Article: https://www.thehindu.com/news/national/karnataka/lecturers-of-government-and-aided-pu-colleges-stage-protest/article70335483.ece
2025-11-28 17:23:31,908 - INFO - [The Hindu] Attempt 1/1: Trying with 'selenium_browser' strategy...
2025-11-28 17:23:32,262 - INFO - [The Guardian] Article: https://www.theguardian.com/world/2025/nov/28/bear-attacks-man-public-toilet-japan
2025-11-28 17:23:32,263 - INFO - [The Guardian] Attempt 1/1: Trying with 'requests_browser' strategy...
2025-11-28 17:23:32,311 - INFO - [The Guardian] Success with 'requests_browser'. Found content (373 words).
2025-11-28 17:23:32,356 - INFO - Duplicate article skipped: Bear attacks man in public toilet in Japan | Japan | The Guardian from The Guardian
2025-11-28 17:23:32,739 - INFO - [BBC] Article: https://www.bbc.com/news/articles/c0q5ww558ngo?at_medium=RSS&at_campaign=rss
2025-11-28 17:23:32,740 - INFO - [BBC] Attempt 1/1: Trying with 'requests_browser' strategy...
2025-11-28 17:23:32,741 - INFO - [The Hindu] Page content loaded.
2025-11-28 17:23:32,782 - INFO - [BBC] Success with 'requests_browser'. Found content (442 words).
2025-11-28 17:23:32,821 - INFO - Duplicate article skipped: Peru: Two former presidents jailed in two days from BBC
2025-11-28 17:23:32,824 - INFO - [The Hindu] Success with 'selenium_browser'. Found content (209 words).
2025-11-28 17:23:33,448 - INFO - [The Guardian] Article: https://www.theguardian.com/world/2025/nov/28/china-civil-service-exam-age-limit-changed
2025-11-28 17:23:33,448 - INFO - [The Guardian] Attempt 1/1: Trying with 'requests_browser' strategy...
2025-11-28 17:23:33,660 - INFO - [The Guardian] Success with 'requests_browser'. Found content (763 words).
2025-11-28 17:23:34,116 - INFO - [BBC] Article: https://www.bbc.com/news/articles/c741m97lk42o?at_medium=RSS&at_campaign=rss
2025-11-28 17:23:34,117 - INFO - [BBC] Attempt 1/1: Trying with 'requests_browser' strategy...
2025-11-28 17:23:34,254 - INFO - [BBC] Success with 'requests_browser'. Found content (951 words).
2025-11-28 17:23:41,409 - INFO - Saved article: Lecturers of government and aided PU colleges stage protest - The Hindu from The Hindu
2025-11-28 17:23:41,409 - INFO - Duplicate article skipped: Millions in China cram for civil service exam and the hope of a job for life | China | The Guardian from The Guardian
2025-11-28 17:23:41,409 - INFO - Duplicate article skipped: Guinea-Bissau’s ousted President Umaro Sissoco Embaló flees to Senegal after coup from BBC
2025-11-28 17:23:42,067 - INFO - [BBC] Article: https://www.bbc.com/news/articles/c1w9qe7n984o?at_medium=RSS&at_campaign=rss
2025-11-28 17:23:42,067 - INFO - [BBC] Attempt 1/1: Trying with 'requests_browser' strategy...
2025-11-28 17:23:42,102 - INFO - [BBC] Success with 'requests_browser'. Found content (796 words).
2025-11-28 17:23:42,133 - INFO - Duplicate article skipped: Quebec moves to expand secularism law, limit public prayer from BBC
2025-11-28 17:23:42,393 - INFO - [The Hindu] Article: https://www.thehindu.com/news/national/tamil-nadu/railways-conducts-high-speed-trial-on-jolarpettai-coimbatore-line/article70335001.ece
2025-11-28 17:23:42,393 - INFO - [The Hindu] Attempt 1/1: Trying with 'selenium_browser' strategy...
2025-11-28 17:23:42,803 - INFO - [The Guardian] Article: https://www.theguardian.com/world/2025/nov/28/flash-flooding-sumatra-death-toll-rises
2025-11-28 17:23:42,803 - INFO - [The Guardian] Attempt 1/1: Trying with 'requests_browser' strategy...
2025-11-28 17:23:42,839 - INFO - [BBC] Article: https://www.bbc.com/news/articles/c8dyqzm0rp4o?at_medium=RSS&at_campaign=rss
2025-11-28 17:23:42,840 - INFO - [BBC] Attempt 1/1: Trying with 'requests_browser' strategy...
2025-11-28 17:23:42,849 - INFO - [The Guardian] Success with 'requests_browser'. Found content (785 words).
2025-11-28 17:23:42,906 - INFO - Duplicate article skipped: Flash flooding in Sumatra kills 69 as rescue crews search rivers for survivors | Indonesia | The Guardian from The Guardian
2025-11-28 17:23:42,940 - INFO - [BBC] Success with 'requests_browser'. Found content (392 words).
2025-11-28 17:23:42,982 - INFO - Duplicate article skipped: West Bank: Israeli troops kill two Palestinians after they appear to surrender from BBC
2025-11-28 17:23:43,240 - INFO - [The Hindu] Page content loaded.
2025-11-28 17:23:43,281 - INFO - [The Hindu] Success with 'selenium_browser'. Found content (382 words).
2025-11-28 17:23:43,780 - INFO - [BBC] Article: https://www.bbc.com/news/articles/cp84nl57v0lo?at_medium=RSS&at_campaign=rss
2025-11-28 17:23:43,781 - INFO - [BBC] Attempt 1/1: Trying with 'requests_browser' strategy...
2025-11-28 17:23:43,869 - INFO - [BBC] Success with 'requests_browser'. Found content (751 words).
2025-11-28 17:23:43,964 - INFO - [The Guardian] Article: https://www.theguardian.com/australia-news/2025/nov/29/mineral-sunscreens-australia-identical-to-others
2025-11-28 17:23:43,964 - INFO - [The Guardian] Attempt 1/1: Trying with 'requests_browser' strategy...
2025-11-28 17:23:44,035 - INFO - [The Guardian] Success with 'requests_browser'. Found content (932 words).
2025-11-28 17:23:51,803 - INFO - Saved article: Southern Railway conducts high speed train trial between Jolarpettai and Coimbatore - The Hindu from The Hindu
2025-11-28 17:23:51,804 - INFO - Duplicate article skipped: Putin doubles down on demands for Ukrainian territory ahead of talks with US from BBC
2025-11-28 17:23:51,804 - INFO - Duplicate article skipped: ‘Mineral’ sunscreens marketed to Australians contain almost identical chemicals as others, testing shows | Consumer affairs | The Guardian from The Guardian
2025-11-28 17:23:52,474 - INFO - [BBC] Article: https://www.bbc.com/news/articles/c0edw7g7z79o?at_medium=RSS&at_campaign=rss
2025-11-28 17:23:52,474 - INFO - [BBC] Attempt 1/1: Trying with 'requests_browser' strategy...
2025-11-28 17:23:52,513 - INFO - [BBC] Success with 'requests_browser'. Found content (1054 words).
2025-11-28 17:23:52,544 - INFO - Duplicate article skipped: France brings back limited military service with 3,000 volunteers next year from BBC
2025-11-28 17:23:52,666 - INFO - [The Hindu] Article: https://www.thehindu.com/news/national/pilot-initiative-prasar-bharati-to-onboard-popular-regional-channels-on-dd-free-dish/article70336008.ece
2025-11-28 17:23:52,667 - INFO - [The Hindu] Attempt 1/1: Trying with 'selenium_browser' strategy...
2025-11-28 17:23:52,881 - INFO - [The Guardian] Article: https://www.theguardian.com/australia-news/2025/nov/29/exclusive-gun-club-linked-to-andrew-hastie-awarded-almost-20000-in-government-grants
2025-11-28 17:23:52,881 - INFO - [The Guardian] Attempt 1/1: Trying with 'requests_browser' strategy...
2025-11-28 17:23:52,922 - INFO - [The Guardian] Success with 'requests_browser'. Found content (722 words).
2025-11-28 17:23:53,000 - INFO - Duplicate article skipped: Exclusive gun club linked to Andrew Hastie awarded almost $20,000 in government grants | Andrew Hastie | The Guardian from The Guardian
2025-11-28 17:23:53,417 - INFO - [The Hindu] Page content loaded.
2025-11-28 17:23:53,456 - INFO - [The Hindu] Success with 'selenium_browser'. Found content (264 words).
2025-11-28 17:23:53,518 - INFO - [The Guardian] Article: https://www.theguardian.com/australia-news/2025/nov/28/bondi-junction-stabbings-joel-cauchi-inquest-drug-use
2025-11-28 17:23:53,518 - INFO - [The Guardian] Attempt 1/1: Trying with 'requests_browser' strategy...
2025-11-28 17:23:53,608 - INFO - [The Guardian] Success with 'requests_browser'. Found content (901 words).
2025-11-28 17:23:53,884 - INFO - [BBC] Article: https://www.bbc.com/news/articles/cd0keyern0do?at_medium=RSS&at_campaign=rss
2025-11-28 17:23:53,884 - INFO - [BBC] Attempt 1/1: Trying with 'requests_browser' strategy...
2025-11-28 17:23:53,991 - INFO - [BBC] Success with 'requests_browser'. Found content (511 words).
2025-11-28 17:24:01,657 - INFO - Saved article: Pilot initiative: Prasar Bharati to onboard popular regional channels on DD Free Dish - The Hindu from The Hindu
2025-11-28 17:24:01,657 - INFO - Duplicate article skipped: Bondi Junction stabbings: ‘10 seconds warning’ from security could have saved lives, inquest hears | Bondi Junction stabbings | The Guardian from The Guardian
2025-11-28 17:24:01,657 - INFO - Duplicate article skipped: Venezuela bans six major airlines after tensions with US escalate from BBC
2025-11-28 17:24:02,366 - INFO - [The Guardian] Article: https://www.theguardian.com/australia-news/live/2025/nov/28/australia-news-live-storms-hail-queensland-environment-laws-anthony-albanese-labor-greens-sussan-ley-coalition-ntwnfb
2025-11-28 17:24:02,366 - INFO - [The Guardian] Attempt 1/1: Trying with 'requests_browser' strategy...
2025-11-28 17:24:02,720 - INFO - [The Guardian] Success with 'requests_browser'. Found content (1988 words).
2025-11-28 17:24:02,803 - INFO - Duplicate article skipped: Barnaby Joyce’s exit from the Nationals ‘almost a Greek tragedy’, Michael McCormack says – as it happened | Australia news | The Guardian from The Guardian
2025-11-28 17:24:03,094 - INFO - [The Hindu] Article: https://www.thehindu.com/news/national/telangana/knruhs-v-c-resigns-amid-allegations-of-irregularities/article70336124.ece
2025-11-28 17:24:03,094 - INFO - [The Hindu] Attempt 1/1: Trying with 'selenium_browser' strategy...
2025-11-28 17:24:03,686 - INFO - [The Guardian] Article: https://www.theguardian.com/australia-news/2025/nov/28/jai-wright-police-officer-guilty-causing-indigenous-teenager-death-ntwnfb
2025-11-28 17:24:03,687 - INFO - [The Guardian] Attempt 1/1: Trying with 'requests_browser' strategy...
2025-11-28 17:24:03,804 - INFO - [The Hindu] Page content loaded.
2025-11-28 17:24:03,851 - INFO - [The Hindu] Success with 'selenium_browser'. Found content (190 words).
2025-11-28 17:24:03,910 - INFO - [The Guardian] Success with 'requests_browser'. Found content (639 words).
2025-11-28 17:24:12,998 - INFO - Saved article: KNRUHS V-C resigns amid allegations of irregularities - The Hindu from The Hindu
2025-11-28 17:24:12,998 - INFO - Duplicate article skipped: Police sergeant found guilty of causing death of 16-year-old Indigenous teenager Jai Wright | Australian police and policing | The Guardian from The Guardian
2025-11-28 17:24:13,964 - INFO - [The Hindu] Article: https://www.thehindu.com/news/national/madhya-pradesh/journalists-bashed-up-while-reporting-on-corruption-at-indore-rto-seven-booked/article70335997.ece
2025-11-28 17:24:13,965 - INFO - [The Hindu] Attempt 1/1: Trying with 'selenium_browser' strategy...
2025-11-28 17:24:14,741 - INFO - [The Hindu] Page content loaded.
2025-11-28 17:24:14,783 - INFO - [The Hindu] Success with 'selenium_browser'. Found content (343 words).
2025-11-28 17:24:16,185 - ERROR - [Times of India] Request failed for strategy 'selenium_browser' on URL https://timesofindia.indiatimes.com/world/europe/ukraine-corruption-crisis-zelenskyys-chief-of-staff-andrii-yermak-resigns-after-raid-kyivs-political-turmoil-deepens/articleshow/125642563.cms: HTTPConnectionPool(host='localhost', port=34683): Read timed out. (read timeout=120)
2025-11-28 17:24:16,185 - ERROR - [Times of India] All scrape strategies failed for https://timesofindia.indiatimes.com/world/europe/ukraine-corruption-crisis-zelenskyys-chief-of-staff-andrii-yermak-resigns-after-raid-kyivs-political-turmoil-deepens/articleshow/125642563.cms. Falling back to RSS description.
2025-11-28 17:24:23,515 - INFO - Saved article: Journalists bashed up while reporting on corruption at Indore RTO, seven booked - The Hindu from The Hindu
2025-11-28 17:24:24,252 - INFO - [The Hindu] Article: https://www.thehindu.com/news/national/karnataka/hubballi-half-marathon-on-sunday/article70331304.ece
2025-11-28 17:24:24,252 - INFO - [The Hindu] Attempt 1/1: Trying with 'selenium_browser' strategy...
2025-11-28 17:24:25,550 - INFO - [The Hindu] Page content loaded.
2025-11-28 17:24:25,638 - INFO - [The Hindu] Success with 'selenium_browser'. Found content (119 words).
2025-11-28 17:24:32,619 - INFO - DEDUPLICATION: Found match (Score: 0.90). Linking to Cluster ID: 15eabefc-9b83-4b56-8b2a-9a0fe0f4add9
2025-11-28 17:24:32,621 - INFO - Saved article: Ukraine corruption crisis: Zelenskyy’s chief of staff Andrii Yermak resigns after raid from Times of India
2025-11-28 17:24:33,548 - INFO - [Times of India] Article: https://timesofindia.indiatimes.com/world/us-streamers/candace-owens-reacts-after-woman-says-tpusa-faith-event-speaker-called-her-evil-and-blasted-tucker-carlson/articleshow/125641911.cms
2025-11-28 17:24:33,548 - INFO - [Times of India] Attempt 1/1: Trying with 'selenium_browser' strategy...
2025-11-28 17:24:40,471 - INFO - Saved article: Hubballi Half Marathon on Sunday - The Hindu from The Hindu
2025-11-28 17:24:41,775 - INFO - [The Hindu] Article: https://www.thehindu.com/news/national/assam/assam-assembly-likely-to-have-detention-room-for-unruly-mlas/article70335335.ece
2025-11-28 17:24:41,775 - INFO - [The Hindu] Attempt 1/1: Trying with 'selenium_browser' strategy...
2025-11-28 17:24:42,892 - INFO - [The Hindu] Page content loaded.
2025-11-28 17:24:42,932 - INFO - [The Hindu] Success with 'selenium_browser'. Found content (361 words).
2025-11-28 17:24:42,973 - INFO - Duplicate article skipped: Assam Assembly likely to have detention room for ‘unruly’ MLAs - The Hindu from The Hindu
2025-11-28 17:24:44,338 - INFO - [The Hindu] Article: https://www.thehindu.com/news/national/west-bengal/trinamool-mlas-babri-masjid-construction-claim-triggers-political-row-in-west-bengal/article70335935.ece
2025-11-28 17:24:44,338 - INFO - [The Hindu] Attempt 1/1: Trying with 'selenium_browser' strategy...
2025-11-28 17:24:45,403 - INFO - [The Hindu] Page content loaded.
2025-11-28 17:24:45,445 - INFO - [The Hindu] Success with 'selenium_browser'. Found content (496 words).
2025-11-28 17:24:45,486 - INFO - Duplicate article skipped: Trinamool MLA’s ‘Babri Masjid’ construction claim triggers political row in West Bengal - The Hindu from The Hindu
2025-11-28 17:24:46,689 - INFO - [The Hindu] Article: https://www.thehindu.com/news/national/karnataka/ed-arrests-gaming-platform-winzos-directors-in-505-crore-money-laundering-case/article70335855.ece
2025-11-28 17:24:46,689 - INFO - [The Hindu] Attempt 1/1: Trying with 'selenium_browser' strategy...
2025-11-28 17:24:47,494 - INFO - [The Hindu] Page content loaded.
2025-11-28 17:24:47,539 - INFO - [The Hindu] Success with 'selenium_browser'. Found content (329 words).
2025-11-28 17:24:55,940 - INFO - Saved article: ED arrests gaming platform WinZO’s directors in ₹505 crore money-laundering case - The Hindu from The Hindu
2025-11-28 17:24:57,010 - INFO - [The Hindu] Article: https://www.thehindu.com/news/national/tamil-nadu/madras-high-court-rejects-letters-rogatory-issued-by-district-court-of-delaware-in-the-united-states/article70335179.ece
2025-11-28 17:24:57,010 - INFO - [The Hindu] Attempt 1/1: Trying with 'selenium_browser' strategy...
2025-11-28 17:24:57,777 - INFO - [The Hindu] Page content loaded.
2025-11-28 17:24:57,820 - INFO - [The Hindu] Success with 'selenium_browser'. Found content (550 words).
2025-11-28 17:25:06,008 - INFO - Saved article: Madras High Court rejects Letters Rogatory issued by district court of Delaware in the United States - The Hindu from The Hindu
2025-11-28 17:25:07,081 - INFO - [The Hindu] Article: https://www.thehindu.com/news/national/kerala/history-congress-sees-papers-on-thiruvananthapurams-multifaceted-history/article70336071.ece
2025-11-28 17:25:07,081 - INFO - [The Hindu] Attempt 1/1: Trying with 'selenium_browser' strategy...
2025-11-28 17:25:07,805 - INFO - [The Hindu] Page content loaded.
2025-11-28 17:25:07,843 - INFO - [The Hindu] Success with 'selenium_browser'. Found content (206 words).
2025-11-28 17:25:08,088 - INFO - Duplicate article skipped: History Congress sees papers on Thiruvananthapuram’s multifaceted history - The Hindu from The Hindu
2025-11-28 17:25:08,677 - INFO - [The Hindu] Article: https://www.thehindu.com/news/national/jammu-and-kashmir/raj-bhavan-appointed-officers-carrying-out-demolitions-in-jk-to-defame-elected-govt-omar-abdullah/article70335547.ece
2025-11-28 17:25:08,677 - INFO - [The Hindu] Attempt 1/1: Trying with 'selenium_browser' strategy...
2025-11-28 17:25:10,185 - INFO - [The Hindu] Page content loaded.
2025-11-28 17:25:10,230 - INFO - [The Hindu] Success with 'selenium_browser'. Found content (479 words).
2025-11-28 17:25:10,272 - INFO - Duplicate article skipped: Raj Bhavan-appointed officers carrying out demolitions in J&K to defame elected govt.: Omar Abdullah - The Hindu from The Hindu
2025-11-28 17:25:11,275 - INFO - [The Hindu] Article: https://www.thehindu.com/news/national/kerala-governor-cannot-sit-on-report-on-v-c-postings-sc/article70335345.ece
2025-11-28 17:25:11,275 - INFO - [The Hindu] Attempt 1/1: Trying with 'selenium_browser' strategy...
2025-11-28 17:26:33,605 - ERROR - [Times of India] Request failed for strategy 'selenium_browser' on URL https://timesofindia.indiatimes.com/world/us-streamers/candace-owens-reacts-after-woman-says-tpusa-faith-event-speaker-called-her-evil-and-blasted-tucker-carlson/articleshow/125641911.cms: HTTPConnectionPool(host='localhost', port=34683): Read timed out. (read timeout=120)
2025-11-28 17:26:33,606 - ERROR - [Times of India] All scrape strategies failed for https://timesofindia.indiatimes.com/world/us-streamers/candace-owens-reacts-after-woman-says-tpusa-faith-event-speaker-called-her-evil-and-blasted-tucker-carlson/articleshow/125641911.cms. Falling back to RSS description.
2025-11-28 17:26:33,606 - INFO - Duplicate article skipped: Candace Owens reacts after woman says TPUSA Faith event speaker called her evil and blasted Tucker Carlson from Times of India
2025-11-28 17:26:34,934 - INFO - [Times of India] Article: https://timesofindia.indiatimes.com/world/us/had-mental-problems-from-what-he-saw-in-afghanistan-childhood-friend-says-dc-shooter-rahmanullah-lakanwal-could-not-tolerate-blood/articleshow/125642259.cms
2025-11-28 17:26:34,935 - INFO - [Times of India] Attempt 1/1: Trying with 'selenium_browser' strategy...
2025-11-28 17:27:11,351 - ERROR - [The Hindu] Request failed for strategy 'selenium_browser' on URL https://www.thehindu.com/news/national/kerala-governor-cannot-sit-on-report-on-v-c-postings-sc/article70335345.ece: HTTPConnectionPool(host='localhost', port=60943): Read timed out. (read timeout=120)
2025-11-28 17:27:11,351 - ERROR - [The Hindu] All scrape strategies failed for https://www.thehindu.com/news/national/kerala-governor-cannot-sit-on-report-on-v-c-postings-sc/article70335345.ece. Falling back to RSS description.
2025-11-28 17:27:11,351 - INFO - Duplicate article skipped: Kerala Governor cannot sit on report on V-C postings: SC from The Hindu
2025-11-28 17:27:12,628 - INFO - [The Hindu] Article: https://www.thehindu.com/news/national/kerala/iffk-to-honour-canadian-filmmaker-kelly-fyffe-marshall-with-spirit-of-cinema-award/article70335522.ece
2025-11-28 17:27:12,629 - INFO - [The Hindu] Attempt 1/1: Trying with 'selenium_browser' strategy...
2025-11-28 17:27:14,183 - CRITICAL - --- TIMEOUT: 2 scrape jobs did not complete in 300s. ---
2025-11-28 17:27:14,184 - ERROR - A thread has timed out and will be abandoned.
2025-11-28 17:27:14,184 - ERROR - A thread has timed out and will be abandoned.
2025-11-28 17:27:14,184 - INFO - Shutting down thread pool (wait=False)...
2025-11-28 17:27:14,184 - INFO - Scraped: 1 The Guardian, 0 BBC, 2 Timed_Out_Jobs articles. (Total saved: 1)
2025-11-28 17:27:14,184 - INFO - --- Scraping job finished ---
2025-11-28 17:27:14,184 - INFO - --- Scraper service stopped and database connection closed. ---
2025-11-28 17:27:14,184 - INFO - --- Main thread finished. Forcing process exit to kill zombie threads. ---
