2025-11-27 07:26:38,699 - INFO - Loading AI Semantic Model (all-MiniLM-L6-v2)...
2025-11-27 07:26:38,699 - INFO - Use pytorch device_name: cpu
2025-11-27 07:26:38,699 - INFO - Load pretrained SentenceTransformer: all-MiniLM-L6-v2
2025-11-27 07:26:39,436 - INFO - AI Model loaded successfully.
2025-11-27 07:26:39,436 - INFO - Initializing database connection at: news_articles.db
2025-11-27 07:26:39,436 - INFO - --- Scraper service started (CI Mode: Run Once) ---
2025-11-27 07:26:39,436 - INFO - --- Starting new scraping job (Parallel Mode) ---
2025-11-27 07:26:39,436 - INFO - Creating new robust session with 3 retries on 5xx/connection/read errors.
2025-11-27 07:26:39,437 - INFO - Proxy is DISABLED.
2025-11-27 07:26:39,437 - INFO - Starting scrape for BBC RSS feed: http://feeds.bbci.co.uk/news/world/rss.xml
2025-11-27 07:26:39,438 - INFO - [Times of India] (Thread) requires Selenium. Initializing driver...
2025-11-27 07:26:39,438 - INFO - Initializing headless Selenium Chrome driver (using SeleniumManager)...
2025-11-27 07:26:39,438 - INFO - Starting scrape for The Guardian RSS feed: https://www.theguardian.com/world/rss
2025-11-27 07:26:39,440 - INFO - [The Hindu] (Thread) requires Selenium. Initializing driver...
2025-11-27 07:26:39,440 - INFO - Initializing headless Selenium Chrome driver (using SeleniumManager)...
2025-11-27 07:26:39,440 - INFO - Submitted 4 jobs to thread pool. Waiting up to 300s for completion...
2025-11-27 07:26:39,577 - INFO - Found 45 articles in The Guardian RSS feed. Processing up to 20.
2025-11-27 07:26:39,577 - INFO - [The Guardian] Article: https://www.theguardian.com/world/2025/nov/26/guinea-bissau-officers-take-total-control-close-borders-amid-election-chaos
2025-11-27 07:26:39,578 - INFO - [The Guardian] Attempt 1/1: Trying with 'requests_browser' strategy...
2025-11-27 07:26:39,600 - INFO - [The Guardian] Success with 'requests_browser'. Found content (412 words).
2025-11-27 07:26:39,636 - INFO - Duplicate article skipped: Guinea-Bissau military takes ‘total control’ amid election chaos | Guinea-Bissau | The Guardian from The Guardian
2025-11-27 07:26:39,756 - INFO - Found 38 articles in BBC RSS feed. Processing up to 20.
2025-11-27 07:26:39,756 - INFO - [BBC] Article: https://www.bbc.com/news/articles/cvgjnlx1g6yo?at_medium=RSS&at_campaign=rss
2025-11-27 07:26:39,756 - INFO - [BBC] Attempt 1/1: Trying with 'requests_browser' strategy...
2025-11-27 07:26:40,033 - INFO - [BBC] Success with 'requests_browser'. Found content (783 words).
2025-11-27 07:26:40,079 - INFO - Duplicate article skipped: Hong Kong residents react as deadly fire tears through housing estate from BBC
2025-11-27 07:26:40,635 - INFO - [The Guardian] Article: https://www.theguardian.com/world/2025/nov/25/nigerian-schoolgirls-rescued-after-mass-abduction-in-kebbi
2025-11-27 07:26:40,635 - INFO - [The Guardian] Attempt 1/1: Trying with 'requests_browser' strategy...
2025-11-27 07:26:40,661 - INFO - [The Guardian] Success with 'requests_browser'. Found content (515 words).
2025-11-27 07:26:40,704 - INFO - Duplicate article skipped: Nigerian schoolgirls rescued after mass abduction in Kebbi | Nigeria | The Guardian from The Guardian
2025-11-27 07:26:41,310 - INFO - [BBC] Article: https://www.bbc.com/news/videos/c1w9q910nz4o?at_medium=RSS&at_campaign=rss
2025-11-27 07:26:41,310 - INFO - [BBC] Attempt 1/1: Trying with 'requests_browser' strategy...
2025-11-27 07:26:41,408 - WARNING - [BBC] FAILED with 'requests_browser' (content was too short: 51 words).
2025-11-27 07:26:41,408 - ERROR - [BBC] All scrape strategies failed for https://www.bbc.com/news/videos/c1w9q910nz4o?at_medium=RSS&at_campaign=rss. Falling back to RSS description.
2025-11-27 07:26:41,452 - INFO - [The Guardian] Article: https://www.theguardian.com/world/2025/nov/25/jacob-zuma-daughter-accused-tricking-men-fighting-for-russia-in-ukraine
2025-11-27 07:26:41,453 - INFO - [The Guardian] Attempt 1/1: Trying with 'requests_browser' strategy...
2025-11-27 07:26:41,536 - INFO - [The Guardian] Success with 'requests_browser'. Found content (656 words).
2025-11-27 07:26:46,922 - INFO - DEDUPLICATION: Found match (Score: 0.78). Linking to Cluster ID: f02e647e-7026-4d9a-b1cc-3ab51f1731b4
2025-11-27 07:26:46,926 - INFO - Saved article: BBC on the scene of the Hong Kong apartment block blaze from BBC
2025-11-27 07:26:46,926 - INFO - Duplicate article skipped: Jacob Zuma’s daughter accused of tricking men into fighting for Russia in Ukraine | South Africa | The Guardian from The Guardian
2025-11-27 07:26:47,505 - INFO - [The Guardian] Article: https://www.theguardian.com/uk-news/2025/nov/24/uk-rejects-nigerian-request-to-deport-former-politican-ike-ekweremadu-jailed-for-organ-trafficking
2025-11-27 07:26:47,505 - INFO - [The Guardian] Attempt 1/1: Trying with 'requests_browser' strategy...
2025-11-27 07:26:47,534 - INFO - [The Guardian] Success with 'requests_browser'. Found content (545 words).
2025-11-27 07:26:47,573 - INFO - Duplicate article skipped: UK rejects Nigerian request to deport former politican jailed for organ trafficking | UK news | The Guardian from The Guardian
2025-11-27 07:26:47,757 - INFO - Selenium driver initialized successfully.
2025-11-27 07:26:47,757 - INFO - Starting scrape for The Hindu RSS feed: https://www.thehindu.com/news/national/feeder/default.rss
2025-11-27 07:26:47,758 - INFO - Selenium driver initialized successfully.
2025-11-27 07:26:47,758 - INFO - Starting scrape for Times of India RSS feed: https://timesofindia.indiatimes.com/rssfeeds/296589292.cms
2025-11-27 07:26:47,837 - INFO - Found 20 articles in Times of India RSS feed. Processing up to 20.
2025-11-27 07:26:47,837 - INFO - [Times of India] Article: https://timesofindia.indiatimes.com/world/rest-of-world/watch-camera-dipped-into-japanese-drain-stuns-viewers-netizens-joke-phir-nobita-kis-gutter-mein-girta-tha/articleshow/125606571.cms
2025-11-27 07:26:47,837 - INFO - [Times of India] Attempt 1/1: Trying with 'selenium_browser' strategy...
2025-11-27 07:26:48,087 - INFO - Found 100 articles in The Hindu RSS feed. Processing up to 20.
2025-11-27 07:26:48,087 - INFO - [The Hindu] Article: https://www.thehindu.com/business/Economy/india-uae-discuss-market-access-data-sharing-fta-progress/article70329211.ece
2025-11-27 07:26:48,087 - INFO - [The Hindu] Attempt 1/1: Trying with 'selenium_browser' strategy...
2025-11-27 07:26:48,114 - INFO - [BBC] Article: https://www.bbc.com/news/articles/cgex957qg97o?at_medium=RSS&at_campaign=rss
2025-11-27 07:26:48,114 - INFO - [BBC] Attempt 1/1: Trying with 'requests_browser' strategy...
2025-11-27 07:26:48,140 - INFO - [BBC] Success with 'requests_browser'. Found content (464 words).
2025-11-27 07:26:48,182 - INFO - Duplicate article skipped: US suspends immigration requests for Afghans after National Guard shooting from BBC
2025-11-27 07:26:48,509 - INFO - [The Guardian] Article: https://www.theguardian.com/world/2025/nov/24/ethiopian-volcano-hayli-gubbi-erupts-first-time-12000-years
2025-11-27 07:26:48,509 - INFO - [The Guardian] Attempt 1/1: Trying with 'requests_browser' strategy...
2025-11-27 07:26:48,539 - INFO - [The Guardian] Success with 'requests_browser'. Found content (306 words).
2025-11-27 07:26:48,635 - INFO - Duplicate article skipped: Ethiopian volcano erupts for first time in 12,000 years | Ethiopia | The Guardian from The Guardian
2025-11-27 07:26:49,140 - INFO - [BBC] Article: https://www.bbc.com/news/articles/cdd560nvqqdo?at_medium=RSS&at_campaign=rss
2025-11-27 07:26:49,140 - INFO - [BBC] Attempt 1/1: Trying with 'requests_browser' strategy...
2025-11-27 07:26:49,245 - INFO - [The Guardian] Article: https://www.theguardian.com/world/2025/nov/27/st-vincent-prime-minister-seeks-record-sixth-term-in-tight-election
2025-11-27 07:26:49,245 - INFO - [The Guardian] Attempt 1/1: Trying with 'requests_browser' strategy...
2025-11-27 07:26:49,341 - INFO - [BBC] Success with 'requests_browser'. Found content (1900 words).
2025-11-27 07:26:49,542 - INFO - [The Guardian] Success with 'requests_browser'. Found content (676 words).
2025-11-27 07:26:49,600 - INFO - Duplicate article skipped: 'This is no life': Security and long-held views shattered in Lebanon amid Israeli strikes from BBC
2025-11-27 07:26:49,674 - INFO - Duplicate article skipped: St Vincent prime minister seeks record sixth term in tight election | St Vincent and the Grenadines | The Guardian from The Guardian
2025-11-27 07:26:50,801 - INFO - [The Guardian] Article: https://www.theguardian.com/us-news/2025/nov/26/trump-temporary-protected-status-haiti
2025-11-27 07:26:50,802 - INFO - [The Guardian] Attempt 1/1: Trying with 'requests_browser' strategy...
2025-11-27 07:26:50,881 - INFO - [The Guardian] Success with 'requests_browser'. Found content (409 words).
2025-11-27 07:26:51,024 - INFO - [BBC] Article: https://www.bbc.com/news/articles/cy5g3076lqzo?at_medium=RSS&at_campaign=rss
2025-11-27 07:26:51,024 - INFO - [BBC] Attempt 1/1: Trying with 'requests_browser' strategy...
2025-11-27 07:26:51,270 - INFO - Duplicate article skipped: Trump officials halt protected status for Haitians in US | US immigration | The Guardian from The Guardian
2025-11-27 07:26:51,336 - INFO - [BBC] Success with 'requests_browser'. Found content (665 words).
2025-11-27 07:26:51,991 - INFO - [The Guardian] Article: https://www.theguardian.com/us-news/2025/nov/26/kristi-noem-deportation-flights-el-salvador
2025-11-27 07:26:51,991 - INFO - [The Guardian] Attempt 1/1: Trying with 'requests_browser' strategy...
2025-11-27 07:26:52,164 - INFO - [The Guardian] Success with 'requests_browser'. Found content (433 words).
2025-11-27 07:26:55,686 - INFO - [The Hindu] Page content loaded.
2025-11-27 07:26:59,982 - INFO - [The Hindu] Success with 'selenium_browser'. Found content (231 words).
2025-11-27 07:27:20,928 - INFO - Saved article: Pope Leo to visit Turkey and Lebanon in first foreign trip of his papacy from BBC
2025-11-27 07:27:20,930 - INFO - Duplicate article skipped: Noem made decision to continue deportation flights to El Salvador, justice department says | Trump administration | The Guardian from The Guardian
2025-11-27 07:27:21,592 - INFO - [The Guardian] Article: https://www.theguardian.com/world/2025/nov/26/maduro-defends-venezuela-against-trump-military
2025-11-27 07:27:21,592 - INFO - [The Guardian] Attempt 1/1: Trying with 'requests_browser' strategy...
2025-11-27 07:27:21,768 - INFO - [The Guardian] Success with 'requests_browser'. Found content (567 words).
2025-11-27 07:27:22,163 - INFO - [BBC] Article: https://www.bbc.com/news/articles/cly0jjv2lg1o?at_medium=RSS&at_campaign=rss
2025-11-27 07:27:22,163 - INFO - [BBC] Attempt 1/1: Trying with 'requests_browser' strategy...
2025-11-27 07:27:22,429 - INFO - [BBC] Success with 'requests_browser'. Found content (1341 words).
2025-11-27 07:27:37,549 - INFO - Saved article: India-UAE FTA Talks: Market access, gold quota and data sharing reviewed under CEPA - The Hindu from The Hindu
2025-11-27 07:27:37,550 - INFO - Duplicate article skipped: Trump threatens Venezuela’s Maduro with ‘the easy way … or the hard way’ | Nicolás Maduro | The Guardian from The Guardian
2025-11-27 07:27:37,550 - INFO - Duplicate article skipped: Russia Ukraine war: Where peace stands after frantic diplomacy from BBC
2025-11-27 07:27:38,448 - INFO - [The Guardian] Article: https://www.theguardian.com/us-news/2025/nov/25/trump-caribbean-boat-strikes-memo
2025-11-27 07:27:38,448 - INFO - [The Guardian] Attempt 1/1: Trying with 'requests_browser' strategy...
2025-11-27 07:27:38,474 - INFO - [The Guardian] Success with 'requests_browser'. Found content (952 words).
2025-11-27 07:27:38,520 - INFO - Duplicate article skipped: US justice department memo about boat strikes diverges from Trump narrative | Trump administration | The Guardian from The Guardian
2025-11-27 07:27:38,608 - INFO - [BBC] Article: https://www.bbc.com/news/articles/c0edww3qgq2o?at_medium=RSS&at_campaign=rss
2025-11-27 07:27:38,609 - INFO - [BBC] Attempt 1/1: Trying with 'requests_browser' strategy...
2025-11-27 07:27:38,615 - INFO - [The Hindu] Article: https://www.thehindu.com/news/national/kerala/about-50-sabarimala-pilgrims-from-tamil-nadu-sustain-injuries-as-bus-overturns-in-keralas-idukki/article70329315.ece
2025-11-27 07:27:38,615 - INFO - [The Hindu] Attempt 1/1: Trying with 'selenium_browser' strategy...
2025-11-27 07:27:38,677 - INFO - [BBC] Success with 'requests_browser'. Found content (652 words).
2025-11-27 07:27:38,790 - INFO - Duplicate article skipped: Guinea-Bissau coup: Soldiers seize power and detain President Umaro Sissoco Embaló from BBC
2025-11-27 07:27:39,258 - INFO - [The Guardian] Article: https://www.theguardian.com/world/live/2025/nov/27/hong-kong-fire-arrests-dead-killed-hundreds-missing-housing-complex-blaze
2025-11-27 07:27:39,258 - INFO - [The Guardian] Attempt 1/1: Trying with 'requests_browser' strategy...
2025-11-27 07:27:39,798 - INFO - [BBC] Article: https://www.bbc.com/news/articles/c3r7xr94ln8o?at_medium=RSS&at_campaign=rss
2025-11-27 07:27:39,798 - INFO - [BBC] Attempt 1/1: Trying with 'requests_browser' strategy...
2025-11-27 07:27:40,120 - INFO - [BBC] Success with 'requests_browser'. Found content (724 words).
2025-11-27 07:27:40,286 - INFO - [The Guardian] Success with 'requests_browser'. Found content (2225 words).
2025-11-27 07:27:40,326 - INFO - Duplicate article skipped: Trump defends Witkoff after leak appears to show envoy coaching Russias from BBC
2025-11-27 07:27:40,506 - INFO - Duplicate article skipped: Hong Kong fire latest: rescue crews search for survivors after 55 killed and hundreds reported missing | Hong Kong | The Guardian from The Guardian
2025-11-27 07:27:41,043 - INFO - [BBC] Article: https://www.bbc.com/news/articles/c74x55epn34o?at_medium=RSS&at_campaign=rss
2025-11-27 07:27:41,043 - INFO - [BBC] Attempt 1/1: Trying with 'requests_browser' strategy...
2025-11-27 07:27:41,093 - INFO - [BBC] Success with 'requests_browser'. Found content (303 words).
2025-11-27 07:27:41,192 - INFO - Duplicate article skipped: Nicolas Sarkozy illegal campaign financing conviction upheld from BBC
2025-11-27 07:27:41,449 - INFO - [The Guardian] Article: https://www.theguardian.com/news/2025/nov/27/hong-kong-fire-tai-po-police-blame-construction-company
2025-11-27 07:27:41,449 - INFO - [The Guardian] Attempt 1/1: Trying with 'requests_browser' strategy...
2025-11-27 07:27:41,534 - INFO - [The Guardian] Success with 'requests_browser'. Found content (1076 words).
2025-11-27 07:27:41,662 - INFO - Duplicate article skipped: Hong Kong fire: police blame construction company’s ‘gross negligence’ as death toll rises to 44 | Hong Kong apartment fires | The Guardian from The Guardian
2025-11-27 07:27:42,440 - INFO - [BBC] Article: https://www.bbc.com/news/articles/c9d9l7w1g8yo?at_medium=RSS&at_campaign=rss
2025-11-27 07:27:42,441 - INFO - [BBC] Attempt 1/1: Trying with 'requests_browser' strategy...
2025-11-27 07:27:42,664 - INFO - [BBC] Success with 'requests_browser'. Found content (420 words).
2025-11-27 07:27:42,785 - INFO - [The Guardian] Article: https://www.theguardian.com/world/2025/nov/27/jakarta-overtakes-tokyo-most-populous-city-world
2025-11-27 07:27:42,786 - INFO - [The Guardian] Attempt 1/1: Trying with 'requests_browser' strategy...
2025-11-27 07:27:44,163 - INFO - [The Hindu] Page content loaded.
2025-11-27 07:27:44,172 - INFO - [The Guardian] Success with 'requests_browser'. Found content (515 words).
2025-11-27 07:27:44,176 - INFO - Duplicate article skipped: Australia social media ban: Teens challenge law before High Court from BBC
2025-11-27 07:27:44,334 - INFO - Duplicate article skipped: Jakarta overtakes Tokyo as world’s most populous city, according to UN | Indonesia | The Guardian from The Guardian
2025-11-27 07:27:45,422 - INFO - [BBC] Article: https://www.bbc.com/news/articles/cr4drle9k12o?at_medium=RSS&at_campaign=rss
2025-11-27 07:27:45,422 - INFO - [BBC] Attempt 1/1: Trying with 'requests_browser' strategy...
2025-11-27 07:27:45,484 - INFO - [BBC] Success with 'requests_browser'. Found content (493 words).
2025-11-27 07:27:45,583 - INFO - Duplicate article skipped: Chicago man accused of setting train passenger on fire had 72 prior arrests from BBC
2025-11-27 07:27:45,734 - INFO - [The Guardian] Article: https://www.theguardian.com/world/2025/nov/26/hong-kong-fire-tai-po-towers
2025-11-27 07:27:45,734 - INFO - [The Guardian] Attempt 1/1: Trying with 'requests_browser' strategy...
2025-11-27 07:27:45,819 - INFO - [The Guardian] Success with 'requests_browser'. Found content (742 words).
2025-11-27 07:27:45,921 - INFO - Duplicate article skipped: Death toll in Hong Kong tower block fire rises to 44 with hundreds still missing | Hong Kong | The Guardian from The Guardian
2025-11-27 07:27:46,015 - INFO - [The Hindu] Success with 'selenium_browser'. Found content (169 words).
2025-11-27 07:27:46,795 - INFO - [BBC] Article: https://www.bbc.com/news/articles/c1dzp050yn2o?at_medium=RSS&at_campaign=rss
2025-11-27 07:27:46,795 - INFO - [BBC] Attempt 1/1: Trying with 'requests_browser' strategy...
2025-11-27 07:27:47,007 - INFO - [BBC] Success with 'requests_browser'. Found content (1232 words).
2025-11-27 07:27:47,117 - INFO - [The Guardian] Article: https://www.theguardian.com/world/2025/nov/26/bamboo-scaffolding-may-be-to-blame-for-spread-of-hong-kong-tower-block-fire
2025-11-27 07:27:47,117 - INFO - [The Guardian] Attempt 1/1: Trying with 'requests_browser' strategy...
2025-11-27 07:27:47,274 - INFO - [The Guardian] Success with 'requests_browser'. Found content (339 words).
2025-11-27 07:27:55,720 - INFO - Saved article: About 50 Sabarimala pilgrims from Tamil Nadu sustain injuries as bus overturns in Kerala’s Idukki - The Hindu from The Hindu
2025-11-27 07:27:55,721 - INFO - Duplicate article skipped: Italian parliament unanimously votes to make femicide a crime from BBC
2025-11-27 07:27:55,721 - INFO - Duplicate article skipped: Bamboo scaffolding may be to blame for spread of Hong Kong tower block fire | Hong Kong | The Guardian from The Guardian
2025-11-27 07:27:56,259 - INFO - [BBC] Article: https://www.bbc.com/news/articles/ckg97wx144jo?at_medium=RSS&at_campaign=rss
2025-11-27 07:27:56,259 - INFO - [BBC] Attempt 1/1: Trying with 'requests_browser' strategy...
2025-11-27 07:27:56,291 - INFO - [BBC] Success with 'requests_browser'. Found content (534 words).
2025-11-27 07:27:56,339 - INFO - Duplicate article skipped: South East Asia floods: Scores killed and thousands evacuated from record rainfall from BBC
2025-11-27 07:27:56,646 - INFO - [The Hindu] Article: https://www.thehindu.com/sci-tech/energy-and-environment/road-to-hell-is-paved-with-good-intentions-congress-slams-govt-over-new-aravalli-definition/article70329304.ece
2025-11-27 07:27:56,646 - INFO - [The Hindu] Attempt 1/1: Trying with 'selenium_browser' strategy...
2025-11-27 07:27:56,948 - INFO - [The Guardian] Article: https://www.theguardian.com/australia-news/2025/nov/27/labor-strikes-deal-with-greens-to-pass-long-awaited-overhaul-of-nature-protection-laws
2025-11-27 07:27:56,948 - INFO - [The Guardian] Attempt 1/1: Trying with 'requests_browser' strategy...
2025-11-27 07:27:57,622 - INFO - [BBC] Article: https://www.bbc.com/news/articles/czxpd8pv4gyo?at_medium=RSS&at_campaign=rss
2025-11-27 07:27:57,622 - INFO - [BBC] Attempt 1/1: Trying with 'requests_browser' strategy...
2025-11-27 07:27:57,720 - INFO - [The Guardian] Success with 'requests_browser'. Found content (1219 words).
2025-11-27 07:27:57,891 - INFO - [BBC] Success with 'requests_browser'. Found content (915 words).
2025-11-27 07:28:03,701 - INFO - [The Hindu] Page content loaded.
2025-11-27 07:28:03,968 - INFO - [The Hindu] Success with 'selenium_browser'. Found content (373 words).
2025-11-27 07:28:08,954 - INFO - Saved article: Labor strikes deal with Greens on nature protection laws overhaul amid criticism ‘dirty deal’ being ‘rammed’ through | Australian politics | The Guardian from The Guardian
2025-11-27 07:28:08,954 - INFO - Duplicate article skipped: Georgia judge drops 2020 election interference case against Trump from BBC
2025-11-27 07:28:09,763 - INFO - [The Guardian] Article: https://www.theguardian.com/australia-news/live/2025/nov/27/australia-politics-live-barnaby-joyce-one-nation-pauline-hanson-environment-nature-bill-deal-coalition-greens-murray-watt-question-time-anthony-albanese-sussan-ley-ntwnfb
2025-11-27 07:28:09,763 - INFO - [The Guardian] Attempt 1/1: Trying with 'requests_browser' strategy...
2025-11-27 07:28:10,023 - INFO - [The Guardian] Success with 'requests_browser'. Found content (1993 words).
2025-11-27 07:28:10,381 - INFO - [BBC] Article: https://www.bbc.com/news/articles/cp84xed0g18o?at_medium=RSS&at_campaign=rss
2025-11-27 07:28:10,381 - INFO - [BBC] Attempt 1/1: Trying with 'requests_browser' strategy...
2025-11-27 07:28:10,441 - INFO - [BBC] Success with 'requests_browser'. Found content (500 words).
2025-11-27 07:28:16,819 - INFO - Saved article: ‘Road to hell is paved with good intentions’: Congress slams govt over new Aravalli definition - The Hindu from The Hindu
2025-11-27 07:28:16,820 - INFO - Duplicate article skipped: Pocock criticises lack of scrutiny for nature laws – as it happened | Australia news | The Guardian from The Guardian
2025-11-27 07:28:16,820 - INFO - Duplicate article skipped: New Zealand 'suitcase murders': Woman gets life in prison for killing her two children from BBC
2025-11-27 07:28:17,572 - INFO - [The Guardian] Article: https://www.theguardian.com/australia-news/2025/nov/27/barnaby-joyce-nationals-defection-one-nation
2025-11-27 07:28:17,572 - INFO - [The Guardian] Attempt 1/1: Trying with 'requests_browser' strategy...
2025-11-27 07:28:17,604 - INFO - [The Guardian] Success with 'requests_browser'. Found content (725 words).
2025-11-27 07:28:17,662 - INFO - Duplicate article skipped: ‘Act of treason’: Barnaby Joyce quits National party sparking anger from former colleagues | Barnaby Joyce | The Guardian from The Guardian
2025-11-27 07:28:17,688 - INFO - [The Hindu] Article: https://www.thehindu.com/news/national/ed-raids-medical-colleges-for-bribes/article70329264.ece
2025-11-27 07:28:17,688 - INFO - [The Hindu] Attempt 1/1: Trying with 'selenium_browser' strategy...
2025-11-27 07:28:17,963 - INFO - [BBC] Article: https://www.bbc.com/news/articles/cgmnv3yd28zo?at_medium=RSS&at_campaign=rss
2025-11-27 07:28:17,965 - INFO - [BBC] Attempt 1/1: Trying with 'requests_browser' strategy...
2025-11-27 07:28:18,234 - INFO - [BBC] Success with 'requests_browser'. Found content (702 words).
2025-11-27 07:28:18,404 - INFO - Duplicate article skipped: Nigeria's kidnap crisis: Twenty-four schoolgirls freed over a week after abduction in Kebbi state from BBC
2025-11-27 07:28:19,039 - INFO - [The Guardian] Article: https://www.theguardian.com/media/2025/nov/27/teens-high-court-injunction-australia-under-16s-social-media-ban
2025-11-27 07:28:19,039 - INFO - [The Guardian] Attempt 1/1: Trying with 'requests_browser' strategy...
2025-11-27 07:28:19,231 - INFO - [The Guardian] Success with 'requests_browser'. Found content (754 words).
2025-11-27 07:28:19,355 - INFO - Duplicate article skipped: Teens seek urgent high court injunction to block Australian government’s social media ban | Social media ban | The Guardian from The Guardian
2025-11-27 07:28:19,430 - INFO - [BBC] Article: https://www.bbc.com/news/articles/c17x0xjqj21o?at_medium=RSS&at_campaign=rss
2025-11-27 07:28:19,430 - INFO - [BBC] Attempt 1/1: Trying with 'requests_browser' strategy...
2025-11-27 07:28:19,502 - INFO - [BBC] Success with 'requests_browser'. Found content (561 words).
2025-11-27 07:28:19,577 - INFO - Duplicate article skipped: Israel says Hamas and PIJ returned body of Gaza hostage Dror Or from BBC
2025-11-27 07:28:20,149 - INFO - [BBC] Article: https://www.bbc.com/news/articles/c208wjpv4r9o?at_medium=RSS&at_campaign=rss
2025-11-27 07:28:20,149 - INFO - [BBC] Attempt 1/1: Trying with 'requests_browser' strategy...
2025-11-27 07:28:20,306 - INFO - [The Guardian] Article: https://www.theguardian.com/business/2025/nov/27/banks-new-rules-high-risk-home-loans-property-market-australia
2025-11-27 07:28:20,306 - INFO - [The Guardian] Attempt 1/1: Trying with 'requests_browser' strategy...
2025-11-27 07:28:20,470 - INFO - [BBC] Success with 'requests_browser'. Found content (692 words).
2025-11-27 07:28:22,052 - INFO - [The Guardian] Success with 'requests_browser'. Found content (586 words).
2025-11-27 07:28:22,149 - INFO - Duplicate article skipped: No real intent in Moscow to engage in peace talks, says von der Leyen from BBC
2025-11-27 07:28:22,489 - INFO - Duplicate article skipped: New rules crack down on high risk loans as Australian property market heats up | Australian economy | The Guardian from The Guardian
2025-11-27 07:28:22,547 - INFO - [The Hindu] Page content loaded.
2025-11-27 07:28:22,907 - INFO - [The Hindu] Success with 'selenium_browser'. Found content (160 words).
2025-11-27 07:28:23,201 - INFO - [BBC] Article: https://www.bbc.com/news/articles/ckgl0jv7y61o?at_medium=RSS&at_campaign=rss
2025-11-27 07:28:23,202 - INFO - [BBC] Attempt 1/1: Trying with 'requests_browser' strategy...
2025-11-27 07:28:23,286 - INFO - [BBC] Success with 'requests_browser'. Found content (329 words).
2025-11-27 07:28:29,613 - INFO - Saved article: Probe under PMLA Act: ED conducts searches at 15 locations, including medical colleges - The Hindu from The Hindu
2025-11-27 07:28:29,613 - INFO - Duplicate article skipped: Robert Irwin wins Dancing with the Stars, a decade after sister's victory from BBC
2025-11-27 07:28:30,220 - INFO - [BBC] Article: https://www.bbc.com/news/articles/c997r8pyyz4o?at_medium=RSS&at_campaign=rss
2025-11-27 07:28:30,220 - INFO - [BBC] Attempt 1/1: Trying with 'requests_browser' strategy...
2025-11-27 07:28:30,247 - INFO - [BBC] Success with 'requests_browser'. Found content (308 words).
2025-11-27 07:28:30,290 - INFO - Duplicate article skipped: Parking inspector and wife arrested for €1m meter theft from BBC
2025-11-27 07:28:30,968 - INFO - [The Hindu] Article: https://www.thehindu.com/videos/watch-what-is-going-wrong-in-tamil-nadus-sir-focus-tamil-nadu/article70329282.ece
2025-11-27 07:28:30,969 - INFO - [The Hindu] Attempt 1/1: Trying with 'selenium_browser' strategy...
2025-11-27 07:28:32,018 - INFO - [The Hindu] Page content loaded.
2025-11-27 07:28:32,247 - INFO - [The Hindu] Success with 'selenium_browser'. Found content (200 words).
2025-11-27 07:28:40,788 - INFO - Saved article: What is going wrong in Tamil Nadu’s SIR? | Focus Tamil Nadu - The Hindu from The Hindu
2025-11-27 07:28:41,395 - INFO - [The Hindu] Article: https://www.thehindu.com/news/cities/bangalore/koppal-teen-pregnancy-case-karnataka-child-rights-commission-registers-suo-motu-complaint/article70329071.ece
2025-11-27 07:28:41,395 - INFO - [The Hindu] Attempt 1/1: Trying with 'selenium_browser' strategy...
2025-11-27 07:28:44,530 - INFO - [The Hindu] Page content loaded.
2025-11-27 07:28:44,920 - INFO - [The Hindu] Success with 'selenium_browser'. Found content (229 words).
2025-11-27 07:28:47,938 - ERROR - [Times of India] Request failed for strategy 'selenium_browser' on URL https://timesofindia.indiatimes.com/world/rest-of-world/watch-camera-dipped-into-japanese-drain-stuns-viewers-netizens-joke-phir-nobita-kis-gutter-mein-girta-tha/articleshow/125606571.cms: HTTPConnectionPool(host='localhost', port=58641): Read timed out. (read timeout=120)
2025-11-27 07:28:47,938 - ERROR - [Times of India] All scrape strategies failed for https://timesofindia.indiatimes.com/world/rest-of-world/watch-camera-dipped-into-japanese-drain-stuns-viewers-netizens-joke-phir-nobita-kis-gutter-mein-girta-tha/articleshow/125606571.cms. Falling back to RSS description.
2025-11-27 07:28:52,002 - INFO - DEDUPLICATION: Found match (Score: 0.80). Linking to Cluster ID: 36780077-3a22-4abc-b09f-bad1c6b58edf
2025-11-27 07:28:52,003 - INFO - Saved article: Koppal teen pregnancy case: Karnataka Child Rights Commission registers suo motu complaint - The Hindu from The Hindu
2025-11-27 07:28:52,946 - INFO - [The Hindu] Article: https://www.thehindu.com/business/markets/rupee-falls-2-paise-to-8924-against-us-dollar-in-early-trade/article70329103.ece
2025-11-27 07:28:52,946 - INFO - [The Hindu] Attempt 1/1: Trying with 'selenium_browser' strategy...
2025-11-27 07:28:54,420 - INFO - [The Hindu] Page content loaded.
2025-11-27 07:28:54,632 - INFO - [The Hindu] Success with 'selenium_browser'. Found content (200 words).
2025-11-27 07:29:02,176 - INFO - Saved article: Watch: Camera dipped into Japanese drain stuns viewers — netizens joke 'phir Nobita kis gutter mein girta tha?' from Times of India
2025-11-27 07:29:02,177 - INFO - Duplicate article skipped: Rupee falls 2 paise to 89.24 against U.S. dollar in early trade - The Hindu from The Hindu
2025-11-27 07:29:03,146 - INFO - [Times of India] Article: https://timesofindia.indiatimes.com/world/middle-east/emirates-offers-a-thanksgiving-menu-at-35000-feet-with-turkey-trimmings-and-nba-action-onboard/articleshow/125607062.cms
2025-11-27 07:29:03,146 - INFO - [Times of India] Attempt 1/1: Trying with 'selenium_browser' strategy...
2025-11-27 07:29:03,307 - INFO - [The Hindu] Article: https://www.thehindu.com/news/national/tamil-nadu/rmc-forecasts-fresh-cyclone-over-bay-of-bengal-maintains-heavy-rainfall-alert-this-week-for-tamil-nadu/article70329000.ece
2025-11-27 07:29:03,308 - INFO - [The Hindu] Attempt 1/1: Trying with 'selenium_browser' strategy...
2025-11-27 07:29:05,054 - INFO - [The Hindu] Page content loaded.
2025-11-27 07:29:05,326 - INFO - [The Hindu] Success with 'selenium_browser'. Found content (353 words).
2025-11-27 07:29:13,419 - INFO - Saved article: RMC forecasts fresh cyclone over Bay of Bengal; maintains heavy rainfall alert this week for Tamil Nadu - The Hindu from The Hindu
2025-11-27 07:29:14,512 - INFO - [The Hindu] Article: https://www.thehindu.com/news/cities/Hyderabad/anti-drone-patrol-vehicle-rolled-out-by-hyderabad-firm/article70327309.ece
2025-11-27 07:29:14,513 - INFO - [The Hindu] Attempt 1/1: Trying with 'selenium_browser' strategy...
2025-11-27 07:29:17,890 - INFO - [The Hindu] Page content loaded.
2025-11-27 07:29:18,136 - INFO - [The Hindu] Success with 'selenium_browser'. Found content (198 words).
2025-11-27 07:29:25,619 - INFO - Saved article: Anti-drone patrol vehicle rolled out by Hyderabad firm - The Hindu from The Hindu
2025-11-27 07:29:26,896 - INFO - [The Hindu] Article: https://www.thehindu.com/news/national/madhya-pradesh/outrage-in-madhya-pradesh-over-ias-officers-remarks-on-reservation/article70329016.ece
2025-11-27 07:29:26,897 - INFO - [The Hindu] Attempt 1/1: Trying with 'selenium_browser' strategy...
2025-11-27 07:29:28,060 - INFO - [The Hindu] Page content loaded.
2025-11-27 07:29:28,323 - INFO - [The Hindu] Success with 'selenium_browser'. Found content (498 words).
2025-11-27 07:29:36,539 - INFO - Saved article: Outrage in Madhya Pradesh over IAS officer’s remarks on reservation - The Hindu from The Hindu
2025-11-27 07:29:37,408 - INFO - [The Hindu] Article: https://www.thehindu.com/news/national/karnataka/word-power-is-world-power-says-dk-shivakumar-in-a-cryptic-post-on-x-on-power-sharing/article70329061.ece
2025-11-27 07:29:37,409 - INFO - [The Hindu] Attempt 1/1: Trying with 'selenium_browser' strategy...
2025-11-27 07:29:38,847 - INFO - [The Hindu] Page content loaded.
2025-11-27 07:29:39,109 - INFO - [The Hindu] Success with 'selenium_browser'. Found content (345 words).
2025-11-27 07:29:48,685 - INFO - Saved article: D.K. Shivakumar says ‘Word power is world power’ in cryptic post amid Karnataka leadership tussle - The Hindu from The Hindu
2025-11-27 07:29:49,203 - INFO - [The Hindu] Article: https://www.thehindu.com/news/national/supreme-court-orders-inquiry-into-private-universities-establishment-governance-funding-ugc-monitoring/article70329011.ece
2025-11-27 07:29:49,203 - INFO - [The Hindu] Attempt 1/1: Trying with 'selenium_browser' strategy...
2025-11-27 07:29:50,691 - INFO - [The Hindu] Page content loaded.
2025-11-27 07:29:50,985 - INFO - [The Hindu] Success with 'selenium_browser'. Found content (558 words).
2025-11-27 07:30:00,601 - INFO - Saved article: Supreme Court orders inquiry into private universities’ establishment, governance, funding, UGC monitoring - The Hindu from The Hindu
2025-11-27 07:30:01,515 - INFO - [The Hindu] Article: https://www.thehindu.com/news/national/tamil-nadu/ka-sengottaiyan-former-tn-minister-expelled-from-aiadmk-joins-tvk/article70329096.ece
2025-11-27 07:30:01,515 - INFO - [The Hindu] Attempt 1/1: Trying with 'selenium_browser' strategy...
2025-11-27 07:30:06,265 - INFO - [The Hindu] Page content loaded.
2025-11-27 07:30:07,279 - INFO - [The Hindu] Success with 'selenium_browser'. Found content (311 words).
2025-11-27 07:30:07,906 - INFO - Duplicate article skipped: Expelled AIADMK veteran Sengottaiyan joins TVK - The Hindu from The Hindu
2025-11-27 07:30:08,472 - INFO - [The Hindu] Article: https://www.thehindu.com/life-and-style/travel/brij-sone-bagh-a-sustainable-luxury-forest-retreat-in-bandhavgarh/article70269996.ece
2025-11-27 07:30:08,472 - INFO - [The Hindu] Attempt 1/1: Trying with 'selenium_browser' strategy...
2025-11-27 07:31:03,244 - ERROR - [Times of India] Request failed for strategy 'selenium_browser' on URL https://timesofindia.indiatimes.com/world/middle-east/emirates-offers-a-thanksgiving-menu-at-35000-feet-with-turkey-trimmings-and-nba-action-onboard/articleshow/125607062.cms: HTTPConnectionPool(host='localhost', port=58641): Read timed out. (read timeout=120)
2025-11-27 07:31:03,245 - ERROR - [Times of India] All scrape strategies failed for https://timesofindia.indiatimes.com/world/middle-east/emirates-offers-a-thanksgiving-menu-at-35000-feet-with-turkey-trimmings-and-nba-action-onboard/articleshow/125607062.cms. Falling back to RSS description.
2025-11-27 07:31:10,593 - INFO - Saved article: Emirates offers a Thanksgiving menu at 35,000 feet — with turkey trimmings and NBA action onboard from Times of India
2025-11-27 07:31:11,320 - INFO - [Times of India] Article: https://timesofindia.indiatimes.com/world/europe/holy-edm-pope-leo-blesses-slovakian-rave-moments-later-the-beat-drops-watch/articleshow/125605982.cms
2025-11-27 07:31:11,321 - INFO - [Times of India] Attempt 1/1: Trying with 'selenium_browser' strategy...
2025-11-27 07:31:39,441 - CRITICAL - --- TIMEOUT: 2 scrape jobs did not complete in 300s. ---
2025-11-27 07:31:39,441 - ERROR - A thread has timed out and will be abandoned.
2025-11-27 07:31:39,441 - ERROR - A thread has timed out and will be abandoned.
2025-11-27 07:31:39,441 - INFO - Shutting down thread pool (wait=False)...
2025-11-27 07:31:39,441 - INFO - Scraped: 2 BBC, 1 The Guardian, 2 Timed_Out_Jobs articles. (Total saved: 3)
2025-11-27 07:31:39,441 - INFO - --- Scraping job finished ---
2025-11-27 07:31:39,441 - INFO - --- Scraper service stopped and database connection closed. ---
2025-11-27 07:31:39,441 - INFO - --- Main thread finished. Forcing process exit to kill zombie threads. ---
