2025-11-28 20:43:57,770 - INFO - Loading AI Semantic Model (all-MiniLM-L6-v2)...
2025-11-28 20:43:57,771 - INFO - Use pytorch device_name: cpu
2025-11-28 20:43:57,771 - INFO - Load pretrained SentenceTransformer: all-MiniLM-L6-v2
2025-11-28 20:43:59,338 - INFO - AI Model loaded successfully.
2025-11-28 20:43:59,338 - INFO - Initializing database connection at: news_articles.db
2025-11-28 20:43:59,338 - INFO - --- Scraper service started (CI Mode: Run Once) ---
2025-11-28 20:43:59,338 - INFO - --- Starting new scraping job (Parallel Mode) ---
2025-11-28 20:43:59,338 - INFO - Creating new robust session with 3 retries on 5xx/connection/read errors.
2025-11-28 20:43:59,338 - INFO - Proxy is DISABLED.
2025-11-28 20:43:59,338 - INFO - Starting scrape for BBC RSS feed: http://feeds.bbci.co.uk/news/world/rss.xml
2025-11-28 20:43:59,339 - INFO - [Times of India] (Thread) requires Selenium. Initializing driver...
2025-11-28 20:43:59,340 - INFO - Initializing headless Selenium Chrome driver (using SeleniumManager)...
2025-11-28 20:43:59,340 - INFO - Starting scrape for The Guardian RSS feed: https://www.theguardian.com/world/rss
2025-11-28 20:43:59,342 - INFO - [The Hindu] (Thread) requires Selenium. Initializing driver...
2025-11-28 20:43:59,342 - INFO - Initializing headless Selenium Chrome driver (using SeleniumManager)...
2025-11-28 20:43:59,342 - INFO - Submitted 4 jobs to thread pool. Waiting up to 300s for completion...
2025-11-28 20:43:59,509 - INFO - Found 37 articles in BBC RSS feed. Processing up to 20.
2025-11-28 20:43:59,509 - INFO - [BBC] Article: https://www.bbc.com/news/articles/ckg9nd2wddno?at_medium=RSS&at_campaign=rss
2025-11-28 20:43:59,509 - INFO - [BBC] Attempt 1/1: Trying with 'requests_browser' strategy...
2025-11-28 20:43:59,775 - INFO - Found 45 articles in The Guardian RSS feed. Processing up to 20.
2025-11-28 20:43:59,775 - INFO - [The Guardian] Article: https://www.theguardian.com/world/2025/nov/28/jacob-zuma-daughter-resigns-claims-south-africans-tricked-fight-russia
2025-11-28 20:43:59,775 - INFO - [The Guardian] Attempt 1/1: Trying with 'requests_browser' strategy...
2025-11-28 20:43:59,806 - INFO - [The Guardian] Success with 'requests_browser'. Found content (753 words).
2025-11-28 20:43:59,838 - INFO - Duplicate article skipped: Jacob Zuma’s daughter resigns amid claims South Africans tricked to fight for Russia | South Africa | The Guardian from The Guardian
2025-11-28 20:43:59,861 - INFO - [BBC] Success with 'requests_browser'. Found content (929 words).
2025-11-28 20:43:59,926 - INFO - Duplicate article skipped: Zelensky's chief of staff Andriy Yermak resigns after anti-corruption raid from BBC
2025-11-28 20:44:00,593 - INFO - [The Guardian] Article: https://www.theguardian.com/environment/2025/nov/28/africa-forests-transformed-carbon-sink-carbon-source-study
2025-11-28 20:44:00,593 - INFO - [The Guardian] Attempt 1/1: Trying with 'requests_browser' strategy...
2025-11-28 20:44:00,622 - INFO - [The Guardian] Success with 'requests_browser'. Found content (458 words).
2025-11-28 20:44:00,655 - INFO - Duplicate article skipped: Africa’s forests transformed from carbon sink to carbon source, study finds | Climate crisis | The Guardian from The Guardian
2025-11-28 20:44:01,146 - INFO - [BBC] Article: https://www.bbc.com/news/articles/c79xd17dre3o?at_medium=RSS&at_campaign=rss
2025-11-28 20:44:01,146 - INFO - [BBC] Attempt 1/1: Trying with 'requests_browser' strategy...
2025-11-28 20:44:01,186 - INFO - [BBC] Success with 'requests_browser'. Found content (771 words).
2025-11-28 20:44:01,218 - INFO - Duplicate article skipped: Hong Kong tower blocks fire death toll rises to 128 from BBC
2025-11-28 20:44:01,736 - INFO - [The Guardian] Article: https://www.theguardian.com/world/2025/nov/26/guinea-bissau-officers-take-total-control-close-borders-amid-election-chaos
2025-11-28 20:44:01,736 - INFO - [The Guardian] Attempt 1/1: Trying with 'requests_browser' strategy...
2025-11-28 20:44:01,892 - INFO - [The Guardian] Success with 'requests_browser'. Found content (412 words).
2025-11-28 20:44:01,924 - INFO - Duplicate article skipped: Guinea-Bissau military takes ‘total control’ amid election chaos | Guinea-Bissau | The Guardian from The Guardian
2025-11-28 20:44:01,998 - INFO - [BBC] Article: https://www.bbc.com/news/articles/c0q5w8l88dvo?at_medium=RSS&at_campaign=rss
2025-11-28 20:44:01,998 - INFO - [BBC] Attempt 1/1: Trying with 'requests_browser' strategy...
2025-11-28 20:44:02,033 - INFO - [BBC] Success with 'requests_browser'. Found content (700 words).
2025-11-28 20:44:02,066 - INFO - Duplicate article skipped: Afghans in US issue plea to Trump after 'tragic' Washington DC shooting from BBC
2025-11-28 20:44:03,111 - INFO - [The Guardian] Article: https://www.theguardian.com/world/2025/nov/25/nigerian-schoolgirls-rescued-after-mass-abduction-in-kebbi
2025-11-28 20:44:03,111 - INFO - [The Guardian] Attempt 1/1: Trying with 'requests_browser' strategy...
2025-11-28 20:44:03,143 - INFO - [The Guardian] Success with 'requests_browser'. Found content (515 words).
2025-11-28 20:44:03,183 - INFO - Duplicate article skipped: Nigerian schoolgirls rescued after mass abduction in Kebbi | Nigeria | The Guardian from The Guardian
2025-11-28 20:44:03,532 - INFO - [BBC] Article: https://www.bbc.com/news/articles/cdxweyy157go?at_medium=RSS&at_campaign=rss
2025-11-28 20:44:03,532 - INFO - [BBC] Attempt 1/1: Trying with 'requests_browser' strategy...
2025-11-28 20:44:03,679 - INFO - [BBC] Success with 'requests_browser'. Found content (1079 words).
2025-11-28 20:44:03,713 - INFO - Duplicate article skipped: Trump says US will pause migration from 'third-world countries' from BBC
2025-11-28 20:44:03,912 - INFO - [The Guardian] Article: https://www.theguardian.com/world/2025/nov/25/jacob-zuma-daughter-accused-tricking-men-fighting-for-russia-in-ukraine
2025-11-28 20:44:03,912 - INFO - [The Guardian] Attempt 1/1: Trying with 'requests_browser' strategy...
2025-11-28 20:44:04,378 - INFO - [The Guardian] Success with 'requests_browser'. Found content (656 words).
2025-11-28 20:44:04,416 - INFO - Duplicate article skipped: Jacob Zuma’s daughter accused of tricking men into fighting for Russia in Ukraine | South Africa | The Guardian from The Guardian
2025-11-28 20:44:04,652 - INFO - [BBC] Article: https://www.bbc.com/news/articles/cp89k31krz4o?at_medium=RSS&at_campaign=rss
2025-11-28 20:44:04,652 - INFO - [BBC] Attempt 1/1: Trying with 'requests_browser' strategy...
2025-11-28 20:44:04,682 - INFO - [BBC] Success with 'requests_browser'. Found content (485 words).
2025-11-28 20:44:04,711 - INFO - Duplicate article skipped: Thirteen killed in deadliest Israeli raid for months in southern Syria from BBC
2025-11-28 20:44:05,151 - INFO - [The Guardian] Article: https://www.theguardian.com/us-news/2025/nov/28/college-student-deported-boston-flight-thanksgiving
2025-11-28 20:44:05,151 - INFO - [The Guardian] Attempt 1/1: Trying with 'requests_browser' strategy...
2025-11-28 20:44:05,176 - INFO - [The Guardian] Success with 'requests_browser'. Found content (274 words).
2025-11-28 20:44:05,206 - INFO - Duplicate article skipped: College student deported when flying home for Thanksgiving, despite court order | ICE (US Immigration and Customs Enforcement) | The Guardian from The Guardian
2025-11-28 20:44:05,551 - INFO - [BBC] Article: https://www.bbc.com/news/articles/cx2dndy228xo?at_medium=RSS&at_campaign=rss
2025-11-28 20:44:05,551 - INFO - [BBC] Attempt 1/1: Trying with 'requests_browser' strategy...
2025-11-28 20:44:05,595 - INFO - [BBC] Success with 'requests_browser'. Found content (1379 words).
2025-11-28 20:44:05,634 - INFO - Duplicate article skipped: Duduzile Zuma-Sambudla resigns as South African MP over Russia mercenary recruitment scandal from BBC
2025-11-28 20:44:06,569 - INFO - [BBC] Article: https://www.bbc.com/news/articles/c0l9z176lnlo?at_medium=RSS&at_campaign=rss
2025-11-28 20:44:06,569 - INFO - [BBC] Attempt 1/1: Trying with 'requests_browser' strategy...
2025-11-28 20:44:06,602 - INFO - [BBC] Success with 'requests_browser'. Found content (678 words).
2025-11-28 20:44:06,634 - INFO - Duplicate article skipped: Austrian nuns win reprieve in abandoned convent - if they stay off social media from BBC
2025-11-28 20:44:06,654 - INFO - [The Guardian] Article: https://www.theguardian.com/world/2025/nov/28/quebec-prayer-law-canada
2025-11-28 20:44:06,654 - INFO - [The Guardian] Attempt 1/1: Trying with 'requests_browser' strategy...
2025-11-28 20:44:06,681 - INFO - [The Guardian] Success with 'requests_browser'. Found content (539 words).
2025-11-28 20:44:06,712 - INFO - Duplicate article skipped: Quebec to ban public prayer in sweeping new secularism law | Quebec | The Guardian from The Guardian
2025-11-28 20:44:07,593 - INFO - [BBC] Article: https://www.bbc.com/news/articles/c0q5w13e58zo?at_medium=RSS&at_campaign=rss
2025-11-28 20:44:07,593 - INFO - [BBC] Attempt 1/1: Trying with 'requests_browser' strategy...
2025-11-28 20:44:07,631 - INFO - [BBC] Success with 'requests_browser'. Found content (422 words).
2025-11-28 20:44:07,661 - INFO - Duplicate article skipped: Lightning detected on Mars by Nasa rover, scientists believe from BBC
2025-11-28 20:44:07,813 - INFO - [The Guardian] Article: https://www.theguardian.com/world/2025/nov/28/haida-nation-mark-carney-pipe-dream-oil-energy
2025-11-28 20:44:07,813 - INFO - [The Guardian] Attempt 1/1: Trying with 'requests_browser' strategy...
2025-11-28 20:44:07,841 - INFO - [The Guardian] Success with 'requests_browser'. Found content (1103 words).
2025-11-28 20:44:07,871 - INFO - Duplicate article skipped: ‘Not going to happen’: First Nations threaten to end Carney’s pipe dream | Canada | The Guardian from The Guardian
2025-11-28 20:44:08,192 - INFO - Selenium driver initialized successfully.
2025-11-28 20:44:08,192 - INFO - Selenium driver initialized successfully.
2025-11-28 20:44:08,192 - INFO - Starting scrape for The Hindu RSS feed: https://www.thehindu.com/news/national/feeder/default.rss
2025-11-28 20:44:08,192 - INFO - Starting scrape for Times of India RSS feed: https://timesofindia.indiatimes.com/rssfeeds/296589292.cms
2025-11-28 20:44:08,450 - INFO - Found 100 articles in The Hindu RSS feed. Processing up to 20.
2025-11-28 20:44:08,450 - INFO - [The Hindu] Article: https://www.thehindu.com/news/national/jammu-and-kashmir/ed-files-prosecutioncomplaint-against-kashmir-couple-under-pmla/article70335606.ece
2025-11-28 20:44:08,450 - INFO - [The Hindu] Attempt 1/1: Trying with 'selenium_browser' strategy...
2025-11-28 20:44:08,509 - INFO - Found 20 articles in Times of India RSS feed. Processing up to 20.
2025-11-28 20:44:08,509 - INFO - [Times of India] Article: https://timesofindia.indiatimes.com/world/us/donald-trump-claims-any-document-signed-by-joe-biden-using-autopen-is-terminated-warns-former-prez-could-face-charges-of-perjury/articleshow/125646862.cms
2025-11-28 20:44:08,509 - INFO - [Times of India] Attempt 1/1: Trying with 'selenium_browser' strategy...
2025-11-28 20:44:08,598 - INFO - [BBC] Article: https://www.bbc.com/news/articles/clyz7njqwvvo?at_medium=RSS&at_campaign=rss
2025-11-28 20:44:08,598 - INFO - [BBC] Attempt 1/1: Trying with 'requests_browser' strategy...
2025-11-28 20:44:08,629 - INFO - [BBC] Success with 'requests_browser'. Found content (345 words).
2025-11-28 20:44:08,662 - INFO - Duplicate article skipped: Japan's same-sex marriage ban is constitutional, says Tokyo court from BBC
2025-11-28 20:44:08,780 - INFO - [The Guardian] Article: https://www.theguardian.com/world/2025/nov/28/st-vincent-caribbean-opposition-party-celebrates-historic-election-win
2025-11-28 20:44:08,780 - INFO - [The Guardian] Attempt 1/1: Trying with 'requests_browser' strategy...
2025-11-28 20:44:08,814 - INFO - [The Guardian] Success with 'requests_browser'. Found content (609 words).
2025-11-28 20:44:08,858 - INFO - Duplicate article skipped: St Vincent opposition party celebrates historic election win | St Vincent and the Grenadines | The Guardian from The Guardian
2025-11-28 20:44:09,404 - INFO - [The Guardian] Article: https://www.theguardian.com/world/2025/nov/27/st-vincent-prime-minister-seeks-record-sixth-term-in-tight-election
2025-11-28 20:44:09,405 - INFO - [The Guardian] Attempt 1/1: Trying with 'requests_browser' strategy...
2025-11-28 20:44:09,579 - INFO - [The Guardian] Success with 'requests_browser'. Found content (678 words).
2025-11-28 20:44:09,640 - INFO - Duplicate article skipped: St Vincent prime minister seeks record sixth term in tight election | St Vincent and the Grenadines | The Guardian from The Guardian
2025-11-28 20:44:09,679 - INFO - [BBC] Article: https://www.bbc.com/news/articles/c0r9qzrxdwwo?at_medium=RSS&at_campaign=rss
2025-11-28 20:44:09,679 - INFO - [BBC] Attempt 1/1: Trying with 'requests_browser' strategy...
2025-11-28 20:44:09,721 - INFO - [BBC] Success with 'requests_browser'. Found content (448 words).
2025-11-28 20:44:09,761 - INFO - Duplicate article skipped: Tunisia hands prison terms to dozens of opposition figures from BBC
2025-11-28 20:44:10,256 - INFO - [The Guardian] Article: https://www.theguardian.com/news/2025/nov/28/hong-kong-apartment-fire-response-rescue-operations-death-toll
2025-11-28 20:44:10,256 - INFO - [The Guardian] Attempt 1/1: Trying with 'requests_browser' strategy...
2025-11-28 20:44:10,298 - INFO - [The Guardian] Success with 'requests_browser'. Found content (1000 words).
2025-11-28 20:44:10,352 - INFO - Duplicate article skipped: Rescue efforts end at Hong Kong tower block fire as death toll reaches 128 | Hong Kong apartment fires | The Guardian from The Guardian
2025-11-28 20:44:10,360 - INFO - [The Hindu] Page content loaded.
2025-11-28 20:44:10,403 - INFO - [The Hindu] Success with 'selenium_browser'. Found content (303 words).
2025-11-28 20:44:10,485 - INFO - [BBC] Article: https://www.bbc.com/news/articles/c058lny3pdqo?at_medium=RSS&at_campaign=rss
2025-11-28 20:44:10,485 - INFO - [BBC] Attempt 1/1: Trying with 'requests_browser' strategy...
2025-11-28 20:44:10,721 - INFO - [BBC] Success with 'requests_browser'. Found content (863 words).
2025-11-28 20:44:10,974 - INFO - [The Guardian] Article: https://www.theguardian.com/news/2025/nov/28/hong-kong-community-groups-deliver-aid-to-survivors-of-wang-fuk-court-fire
2025-11-28 20:44:10,976 - INFO - [The Guardian] Attempt 1/1: Trying with 'requests_browser' strategy...
2025-11-28 20:44:11,178 - INFO - [The Guardian] Success with 'requests_browser'. Found content (687 words).
2025-11-28 20:44:29,746 - INFO - Saved article: ED files prosecution complaint against Kashmir couple under PMLA - The Hindu from The Hindu
2025-11-28 20:44:29,746 - INFO - Duplicate article skipped: Hungary's Orban defies EU partners and meets Putin again in Moscow from BBC
2025-11-28 20:44:29,746 - INFO - Duplicate article skipped: Hong Kong community groups deliver aid to survivors of Wang Fuk Court fire | Hong Kong apartment fires | The Guardian from The Guardian
2025-11-28 20:44:30,286 - INFO - [BBC] Article: https://www.bbc.com/news/articles/c3e015p1jwvo?at_medium=RSS&at_campaign=rss
2025-11-28 20:44:30,286 - INFO - [BBC] Attempt 1/1: Trying with 'requests_browser' strategy...
2025-11-28 20:44:30,324 - INFO - [BBC] Success with 'requests_browser'. Found content (536 words).
2025-11-28 20:44:30,492 - INFO - Duplicate article skipped: Zambia's Tasila Lungu: Daughter of unburied ex-president loses MP seat from BBC
2025-11-28 20:44:30,762 - INFO - [The Hindu] Article: https://www.thehindu.com/news/national/india-seals-7995-crore-deal-with-the-us-for-navys-mh-60r-helicopter-fleet-support/article70336258.ece
2025-11-28 20:44:30,762 - INFO - [The Hindu] Attempt 1/1: Trying with 'selenium_browser' strategy...
2025-11-28 20:44:30,921 - INFO - [The Guardian] Article: https://www.theguardian.com/world/2025/nov/28/bear-attacks-man-public-toilet-japan
2025-11-28 20:44:30,921 - INFO - [The Guardian] Attempt 1/1: Trying with 'requests_browser' strategy...
2025-11-28 20:44:30,957 - INFO - [The Guardian] Success with 'requests_browser'. Found content (373 words).
2025-11-28 20:44:30,997 - INFO - Duplicate article skipped: Bear attacks man in public toilet in Japan | Japan | The Guardian from The Guardian
2025-11-28 20:44:31,023 - INFO - [BBC] Article: https://www.bbc.com/news/articles/clyd4llgrego?at_medium=RSS&at_campaign=rss
2025-11-28 20:44:31,023 - INFO - [BBC] Attempt 1/1: Trying with 'requests_browser' strategy...
2025-11-28 20:44:31,074 - INFO - [BBC] Success with 'requests_browser'. Found content (415 words).
2025-11-28 20:44:31,167 - INFO - Duplicate article skipped: Louvre to hike ticket prices for most non-EU tourists by 45% from BBC
2025-11-28 20:44:31,571 - INFO - [The Guardian] Article: https://www.theguardian.com/world/2025/nov/28/china-civil-service-exam-age-limit-changed
2025-11-28 20:44:31,571 - INFO - [The Guardian] Attempt 1/1: Trying with 'requests_browser' strategy...
2025-11-28 20:44:31,613 - INFO - [The Guardian] Success with 'requests_browser'. Found content (763 words).
2025-11-28 20:44:31,660 - INFO - Duplicate article skipped: Millions in China cram for civil service exam and the hope of a job for life | China | The Guardian from The Guardian
2025-11-28 20:44:31,859 - INFO - [BBC] Article: https://www.bbc.com/news/articles/cwyx4y6007lo?at_medium=RSS&at_campaign=rss
2025-11-28 20:44:31,859 - INFO - [BBC] Attempt 1/1: Trying with 'requests_browser' strategy...
2025-11-28 20:44:31,903 - INFO - [BBC] Success with 'requests_browser'. Found content (891 words).
2025-11-28 20:44:31,938 - INFO - Duplicate article skipped: National Guard member Sarah Beckstrom dies after shooting in Washington DC from BBC
2025-11-28 20:44:31,964 - INFO - [The Hindu] Page content loaded.
2025-11-28 20:44:32,002 - INFO - [The Hindu] Success with 'selenium_browser'. Found content (343 words).
2025-11-28 20:44:32,043 - INFO - Duplicate article skipped: India seals ₹7,995 crore deal with the U.S. for Navy’s MH-60R helicopter fleet support - The Hindu from The Hindu
2025-11-28 20:44:32,332 - INFO - [The Guardian] Article: https://www.theguardian.com/world/2025/nov/28/flash-flooding-sumatra-death-toll-rises
2025-11-28 20:44:32,332 - INFO - [The Guardian] Attempt 1/1: Trying with 'requests_browser' strategy...
2025-11-28 20:44:32,555 - INFO - [The Guardian] Success with 'requests_browser'. Found content (785 words).
2025-11-28 20:44:32,595 - INFO - Duplicate article skipped: Flash flooding in Sumatra kills 69 as rescue crews search rivers for survivors | Indonesia | The Guardian from The Guardian
2025-11-28 20:44:33,114 - INFO - [BBC] Article: https://www.bbc.com/news/videos/cev8exezvw2o?at_medium=RSS&at_campaign=rss
2025-11-28 20:44:33,114 - INFO - [BBC] Attempt 1/1: Trying with 'requests_browser' strategy...
2025-11-28 20:44:33,170 - INFO - [BBC] Success with 'requests_browser'. Found content (89 words).
2025-11-28 20:44:33,211 - INFO - Duplicate article skipped: Pope Leo struggles to unveil plaque in Turkey from BBC
2025-11-28 20:44:33,403 - INFO - [The Hindu] Article: https://www.thehindu.com/news/national/karnataka/bmtc-reduces-vajra-ac-weekly-pass-fare-to-700/article70335693.ece
2025-11-28 20:44:33,403 - INFO - [The Hindu] Attempt 1/1: Trying with 'selenium_browser' strategy...
2025-11-28 20:44:34,082 - INFO - [The Guardian] Article: https://www.theguardian.com/australia-news/2025/nov/29/exclusive-gun-club-linked-to-andrew-hastie-awarded-almost-20000-in-government-grants
2025-11-28 20:44:34,082 - INFO - [The Guardian] Attempt 1/1: Trying with 'requests_browser' strategy...
2025-11-28 20:44:34,135 - INFO - [The Guardian] Success with 'requests_browser'. Found content (722 words).
2025-11-28 20:44:34,193 - INFO - Duplicate article skipped: Exclusive gun club linked to Andrew Hastie awarded almost $20,000 in government grants | Andrew Hastie | The Guardian from The Guardian
2025-11-28 20:44:34,621 - INFO - [BBC] Article: https://www.bbc.com/news/articles/c0q5ww558ngo?at_medium=RSS&at_campaign=rss
2025-11-28 20:44:34,621 - INFO - [BBC] Attempt 1/1: Trying with 'requests_browser' strategy...
2025-11-28 20:44:34,626 - INFO - [The Hindu] Page content loaded.
2025-11-28 20:44:34,663 - INFO - [BBC] Success with 'requests_browser'. Found content (442 words).
2025-11-28 20:44:34,700 - INFO - Duplicate article skipped: Peru: Two former presidents jailed in two days from BBC
2025-11-28 20:44:34,703 - INFO - [The Hindu] Success with 'selenium_browser'. Found content (189 words).
2025-11-28 20:44:34,747 - INFO - Duplicate article skipped: BMTC reduces Vajra AC weekly pass fare to ₹700 - The Hindu from The Hindu
2025-11-28 20:44:35,364 - INFO - [The Hindu] Article: https://www.thehindu.com/news/national/karnataka/lokayukta-raids-revenue-offices-in-khata-bribery-case/article70335992.ece
2025-11-28 20:44:35,364 - INFO - [The Hindu] Attempt 1/1: Trying with 'selenium_browser' strategy...
2025-11-28 20:44:35,541 - INFO - [The Guardian] Article: https://www.theguardian.com/australia-news/2025/nov/29/mineral-sunscreens-australia-identical-to-others
2025-11-28 20:44:35,541 - INFO - [The Guardian] Attempt 1/1: Trying with 'requests_browser' strategy...
2025-11-28 20:44:35,600 - INFO - [The Guardian] Success with 'requests_browser'. Found content (932 words).
2025-11-28 20:44:35,657 - INFO - Duplicate article skipped: ‘Mineral’ sunscreens marketed to Australians contain almost identical chemicals as others, testing shows | Consumer affairs | The Guardian from The Guardian
2025-11-28 20:44:35,729 - INFO - [BBC] Article: https://www.bbc.com/news/articles/c741m97lk42o?at_medium=RSS&at_campaign=rss
2025-11-28 20:44:35,729 - INFO - [BBC] Attempt 1/1: Trying with 'requests_browser' strategy...
2025-11-28 20:44:35,787 - INFO - [BBC] Success with 'requests_browser'. Found content (951 words).
2025-11-28 20:44:35,869 - INFO - Duplicate article skipped: Guinea-Bissau’s ousted President Umaro Sissoco Embaló flees to Senegal after coup from BBC
2025-11-28 20:44:36,398 - INFO - [The Hindu] Page content loaded.
2025-11-28 20:44:36,420 - INFO - [BBC] Article: https://www.bbc.com/news/articles/c1w9qe7n984o?at_medium=RSS&at_campaign=rss
2025-11-28 20:44:36,420 - INFO - [BBC] Attempt 1/1: Trying with 'requests_browser' strategy...
2025-11-28 20:44:36,437 - INFO - [The Hindu] Success with 'selenium_browser'. Found content (221 words).
2025-11-28 20:44:36,481 - INFO - Duplicate article skipped: Lokayukta raids revenue offices in khata bribery case - The Hindu from The Hindu
2025-11-28 20:44:36,496 - INFO - [BBC] Success with 'requests_browser'. Found content (796 words).
2025-11-28 20:44:36,528 - INFO - Duplicate article skipped: Quebec moves to expand secularism law, limit public prayer from BBC
2025-11-28 20:44:36,961 - INFO - [The Guardian] Article: https://www.theguardian.com/australia-news/2025/nov/28/bondi-junction-stabbings-joel-cauchi-inquest-drug-use
2025-11-28 20:44:36,961 - INFO - [The Guardian] Attempt 1/1: Trying with 'requests_browser' strategy...
2025-11-28 20:44:37,132 - INFO - [The Guardian] Success with 'requests_browser'. Found content (901 words).
2025-11-28 20:44:37,176 - INFO - Duplicate article skipped: Bondi Junction stabbings: ‘10 seconds warning’ from security could have saved lives, inquest hears | Bondi Junction stabbings | The Guardian from The Guardian
2025-11-28 20:44:37,596 - INFO - [BBC] Article: https://www.bbc.com/news/articles/c8dyqzm0rp4o?at_medium=RSS&at_campaign=rss
2025-11-28 20:44:37,596 - INFO - [BBC] Attempt 1/1: Trying with 'requests_browser' strategy...
2025-11-28 20:44:37,629 - INFO - [BBC] Success with 'requests_browser'. Found content (392 words).
2025-11-28 20:44:37,662 - INFO - Duplicate article skipped: West Bank: Israeli troops kill two Palestinians after they appear to surrender from BBC
2025-11-28 20:44:37,770 - INFO - [The Hindu] Article: https://www.thehindu.com/news/national/karnataka/cens-scientists-make-breakthrough-in-the-development-of-eco-friendly-batteries/article70335424.ece
2025-11-28 20:44:37,770 - INFO - [The Hindu] Attempt 1/1: Trying with 'selenium_browser' strategy...
2025-11-28 20:44:37,910 - INFO - [The Guardian] Article: https://www.theguardian.com/australia-news/live/2025/nov/28/australia-news-live-storms-hail-queensland-environment-laws-anthony-albanese-labor-greens-sussan-ley-coalition-ntwnfb
2025-11-28 20:44:37,910 - INFO - [The Guardian] Attempt 1/1: Trying with 'requests_browser' strategy...
2025-11-28 20:44:38,361 - INFO - [BBC] Article: https://www.bbc.com/news/articles/cp84nl57v0lo?at_medium=RSS&at_campaign=rss
2025-11-28 20:44:38,362 - INFO - [BBC] Attempt 1/1: Trying with 'requests_browser' strategy...
2025-11-28 20:44:38,550 - INFO - [The Guardian] Success with 'requests_browser'. Found content (1988 words).
2025-11-28 20:44:38,808 - INFO - Duplicate article skipped: Barnaby Joyce’s exit from the Nationals ‘almost a Greek tragedy’, Michael McCormack says – as it happened | Australia news | The Guardian from The Guardian
2025-11-28 20:44:38,810 - INFO - [BBC] Success with 'requests_browser'. Found content (751 words).
2025-11-28 20:44:38,838 - INFO - [The Hindu] Page content loaded.
2025-11-28 20:44:38,850 - INFO - Duplicate article skipped: Putin doubles down on demands for Ukrainian territory ahead of talks with US from BBC
2025-11-28 20:44:38,875 - INFO - [The Hindu] Success with 'selenium_browser'. Found content (240 words).
2025-11-28 20:44:38,916 - INFO - Duplicate article skipped: CeNS scientists make breakthrough in the development of eco-friendly batteries - The Hindu from The Hindu
2025-11-28 20:44:39,741 - INFO - [The Guardian] Article: https://www.theguardian.com/australia-news/2025/nov/28/jai-wright-police-officer-guilty-causing-indigenous-teenager-death-ntwnfb
2025-11-28 20:44:39,741 - INFO - [The Guardian] Attempt 1/1: Trying with 'requests_browser' strategy...
2025-11-28 20:44:39,905 - INFO - [The Guardian] Success with 'requests_browser'. Found content (639 words).
2025-11-28 20:44:39,938 - INFO - Duplicate article skipped: Police sergeant found guilty of causing death of 16-year-old Indigenous teenager Jai Wright | Australian police and policing | The Guardian from The Guardian
2025-11-28 20:44:40,058 - INFO - [The Hindu] Article: https://www.thehindu.com/news/national/karnataka/woman-and-her-male-friend-arrested-on-charge-of-murdering-her-husband/article70335760.ece
2025-11-28 20:44:40,058 - INFO - [The Hindu] Attempt 1/1: Trying with 'selenium_browser' strategy...
2025-11-28 20:44:40,839 - INFO - [The Hindu] Page content loaded.
2025-11-28 20:44:40,878 - INFO - [The Hindu] Success with 'selenium_browser'. Found content (235 words).
2025-11-28 20:44:40,919 - INFO - Duplicate article skipped: Woman and her male friend arrested on charge of murdering her husband - The Hindu from The Hindu
2025-11-28 20:44:41,498 - INFO - [The Hindu] Article: https://www.thehindu.com/sci-tech/science/nisar-earth-observation-satellite-enters-final-science-operations-phase/article70334808.ece
2025-11-28 20:44:41,498 - INFO - [The Hindu] Attempt 1/1: Trying with 'selenium_browser' strategy...
2025-11-28 20:44:42,454 - INFO - [The Hindu] Page content loaded.
2025-11-28 20:44:42,496 - INFO - [The Hindu] Success with 'selenium_browser'. Found content (369 words).
2025-11-28 20:44:42,537 - INFO - Duplicate article skipped: NISAR earth observation satellite enters final science operations phase - The Hindu from The Hindu
2025-11-28 20:44:43,583 - INFO - [The Hindu] Article: https://www.thehindu.com/news/national/kerala/lakshadweep-completes-digitisation-of-sir-forms/article70335688.ece
2025-11-28 20:44:43,583 - INFO - [The Hindu] Attempt 1/1: Trying with 'selenium_browser' strategy...
2025-11-28 20:44:44,261 - INFO - [The Hindu] Page content loaded.
2025-11-28 20:44:44,297 - INFO - [The Hindu] Success with 'selenium_browser'. Found content (136 words).
2025-11-28 20:44:44,338 - INFO - Duplicate article skipped: Lakshadweep completes digitisation of SIR forms - The Hindu from The Hindu
2025-11-28 20:44:44,954 - INFO - [The Hindu] Article: https://www.thehindu.com/news/national/telangana/constable-held-for-stealing-fake-rolex-watch/article70336200.ece
2025-11-28 20:44:44,954 - INFO - [The Hindu] Attempt 1/1: Trying with 'selenium_browser' strategy...
2025-11-28 20:44:45,831 - INFO - [The Hindu] Page content loaded.
2025-11-28 20:44:45,870 - INFO - [The Hindu] Success with 'selenium_browser'. Found content (197 words).
2025-11-28 20:44:45,912 - INFO - Duplicate article skipped: Constable held for stealing fake Rolex watch - The Hindu from The Hindu
2025-11-28 20:44:46,559 - INFO - [The Hindu] Article: https://www.thehindu.com/news/cities/Coimbatore/vulture-safe-veterinary-kits-introduced-in-thengumarahada-village-in-the-nilgiris/article70333790.ece
2025-11-28 20:44:46,559 - INFO - [The Hindu] Attempt 1/1: Trying with 'selenium_browser' strategy...
2025-11-28 20:44:47,609 - INFO - [The Hindu] Page content loaded.
2025-11-28 20:44:47,734 - INFO - [The Hindu] Success with 'selenium_browser'. Found content (283 words).
2025-11-28 20:44:47,860 - INFO - Duplicate article skipped: Vulture-safe veterinary kits introduced in Thengumarahada village in the Nilgiris - The Hindu from The Hindu
2025-11-28 20:44:48,995 - INFO - [The Hindu] Article: https://www.thehindu.com/news/national/tamil-nadu/state-planning-commission-organises-csr-conclave/article70336082.ece
2025-11-28 20:44:48,995 - INFO - [The Hindu] Attempt 1/1: Trying with 'selenium_browser' strategy...
2025-11-28 20:44:50,183 - INFO - [The Hindu] Page content loaded.
2025-11-28 20:44:50,219 - INFO - [The Hindu] Success with 'selenium_browser'. Found content (110 words).
2025-11-28 20:44:50,260 - INFO - Duplicate article skipped: State Planning Commission organises CSR conclave - The Hindu from The Hindu
2025-11-28 20:44:51,537 - INFO - [The Hindu] Article: https://www.thehindu.com/news/national/kerala/rajmohan-unnithan-launches-scathing-attack-on-rahul-mamkootathil/article70335715.ece
2025-11-28 20:44:51,537 - INFO - [The Hindu] Attempt 1/1: Trying with 'selenium_browser' strategy...
2025-11-28 20:44:52,803 - INFO - [The Hindu] Page content loaded.
2025-11-28 20:44:52,843 - INFO - [The Hindu] Success with 'selenium_browser'. Found content (170 words).
2025-11-28 20:44:52,883 - INFO - Duplicate article skipped: Rajmohan Unnithan launches scathing attack on Rahul Mamkootathil - The Hindu from The Hindu
2025-11-28 20:44:53,865 - INFO - [The Hindu] Article: https://www.thehindu.com/news/national/kerala/rising-water-level-tn-starts-to-draw-more-water-from-mullaperiyar-following-kerala-request/article70336282.ece
2025-11-28 20:44:53,866 - INFO - [The Hindu] Attempt 1/1: Trying with 'selenium_browser' strategy...
2025-11-28 20:44:54,554 - INFO - [The Hindu] Page content loaded.
2025-11-28 20:44:54,591 - INFO - [The Hindu] Success with 'selenium_browser'. Found content (131 words).
2025-11-28 20:44:54,631 - INFO - Duplicate article skipped: Rising water level: T.N. starts to draw more water from Mullaperiyar following Kerala request - The Hindu from The Hindu
2025-11-28 20:44:55,145 - INFO - [The Hindu] Article: https://www.thehindu.com/news/national/court-rejects-choksis-plea-on-dropping-of-feo-charges/article70336243.ece
2025-11-28 20:44:55,146 - INFO - [The Hindu] Attempt 1/1: Trying with 'selenium_browser' strategy...
2025-11-28 20:44:55,806 - INFO - [The Hindu] Page content loaded.
2025-11-28 20:44:55,846 - INFO - [The Hindu] Success with 'selenium_browser'. Found content (346 words).
2025-11-28 20:44:55,889 - INFO - Duplicate article skipped: Court rejects Choksi’s plea on dropping of FEO charges - The Hindu from The Hindu
2025-11-28 20:44:56,525 - INFO - [The Hindu] Article: https://www.thehindu.com/news/national/kerala/kozhikode-district-school-arts-fest-city-sub-district-emerges-overall-champion/article70335888.ece
2025-11-28 20:44:56,525 - INFO - [The Hindu] Attempt 1/1: Trying with 'selenium_browser' strategy...
2025-11-28 20:44:57,349 - INFO - [The Hindu] Page content loaded.
2025-11-28 20:44:57,387 - INFO - [The Hindu] Success with 'selenium_browser'. Found content (216 words).
2025-11-28 20:44:57,428 - INFO - Duplicate article skipped: Kozhikode district school arts fest: city sub-district emerges overall champion - The Hindu from The Hindu
2025-11-28 20:44:58,001 - INFO - [The Hindu] Article: https://www.thehindu.com/news/national/tamil-nadu/farmer-arrested-for-growing-ganja-plants-in-farmland-near-gudiyatham-in-vellore/article70334986.ece
2025-11-28 20:44:58,001 - INFO - [The Hindu] Attempt 1/1: Trying with 'selenium_browser' strategy...
2025-11-28 20:44:58,955 - INFO - [The Hindu] Page content loaded.
2025-11-28 20:44:58,993 - INFO - [The Hindu] Success with 'selenium_browser'. Found content (210 words).
2025-11-28 20:44:59,035 - INFO - Duplicate article skipped: Farmer arrested for growing ganja plants in farmland near Gudiyatham in Vellore - The Hindu from The Hindu
2025-11-28 20:44:59,934 - INFO - [The Hindu] Article: https://www.thehindu.com/news/national/kerala/vacb-trapped-68-public-servants-on-graft-charges-this-year/article70336263.ece
2025-11-28 20:44:59,935 - INFO - [The Hindu] Attempt 1/1: Trying with 'selenium_browser' strategy...
2025-11-28 20:45:00,632 - INFO - [The Hindu] Page content loaded.
2025-11-28 20:45:00,673 - INFO - [The Hindu] Success with 'selenium_browser'. Found content (279 words).
2025-11-28 20:45:00,864 - INFO - Duplicate article skipped: VACB trapped 68 public servants on graft charges this year - The Hindu from The Hindu
2025-11-28 20:45:01,925 - INFO - [The Hindu] Article: https://www.thehindu.com/news/cities/Hyderabad/seminar-on-indias-footwear-heritage-inaugurated/article70335994.ece
2025-11-28 20:45:01,925 - INFO - [The Hindu] Attempt 1/1: Trying with 'selenium_browser' strategy...
2025-11-28 20:45:02,976 - INFO - [The Hindu] Page content loaded.
2025-11-28 20:45:03,014 - INFO - [The Hindu] Success with 'selenium_browser'. Found content (173 words).
2025-11-28 20:45:03,056 - INFO - Duplicate article skipped: Seminar on India’s footwear heritage inaugurated - The Hindu from The Hindu
2025-11-28 20:45:03,973 - INFO - [The Hindu] Article: https://www.thehindu.com/news/national/maharashtra/bombay-high-court-upholds-maharashtra-caste-verification-law-for-central-government-employees/article70335546.ece
2025-11-28 20:45:03,974 - INFO - [The Hindu] Attempt 1/1: Trying with 'selenium_browser' strategy...
2025-11-28 20:45:04,675 - INFO - [The Hindu] Page content loaded.
2025-11-28 20:45:04,715 - INFO - [The Hindu] Success with 'selenium_browser'. Found content (570 words).
2025-11-28 20:45:04,758 - INFO - Duplicate article skipped: Bombay High Court upholds Maharashtra caste verification law for central government employees - The Hindu from The Hindu
2025-11-28 20:45:05,950 - INFO - [The Hindu] Article: https://www.thehindu.com/news/national/karnataka/bengalurus-air-cleanest-among-indian-metros-but-still-not-safe/article70336163.ece
2025-11-28 20:45:05,950 - INFO - [The Hindu] Attempt 1/1: Trying with 'selenium_browser' strategy...
2025-11-28 20:45:06,706 - INFO - [The Hindu] Page content loaded.
2025-11-28 20:45:06,744 - INFO - [The Hindu] Success with 'selenium_browser'. Found content (352 words).
2025-11-28 20:45:06,801 - INFO - Duplicate article skipped: Bengaluru’s air cleanest among Indian metros, but still not ‘safe’ - The Hindu from The Hindu
2025-11-28 20:45:07,592 - INFO - [The Hindu] (Thread) Finished. Attempting to shut down its Selenium driver.
2025-11-28 20:45:07,715 - INFO - [The Hindu] (Thread) driver.quit() successful.
2025-11-28 20:45:08,528 - ERROR - [Times of India] Request failed for strategy 'selenium_browser' on URL https://timesofindia.indiatimes.com/world/us/donald-trump-claims-any-document-signed-by-joe-biden-using-autopen-is-terminated-warns-former-prez-could-face-charges-of-perjury/articleshow/125646862.cms: Message: timeout: Timed out receiving message from renderer: 59.700
  (Session info: chrome=142.0.7444.162)
Stacktrace:
#0 0x55d7a344632a <unknown>
#1 0x55d7a2e92e4b <unknown>
#2 0x55d7a2e7ae0d <unknown>
#3 0x55d7a2e7aaf0 <unknown>
#4 0x55d7a2e788ff <unknown>
#5 0x55d7a2e7927f <unknown>
#6 0x55d7a2e87ca3 <unknown>
#7 0x55d7a2ea1601 <unknown>
#8 0x55d7a2ea7e0b <unknown>
#9 0x55d7a2e799bd <unknown>
#10 0x55d7a2ea13a7 <unknown>
#11 0x55d7a2f32170 <unknown>
#12 0x55d7a2ed7c1a <unknown>
#13 0x55d7a2ed8921 <unknown>
#14 0x55d7a340d239 <unknown>
#15 0x55d7a34101e8 <unknown>
#16 0x55d7a33f64c9 <unknown>
#17 0x55d7a3410db5 <unknown>
#18 0x55d7a33dde93 <unknown>
#19 0x55d7a3433098 <unknown>
#20 0x55d7a3433273 <unknown>
#21 0x55d7a34452c3 <unknown>
#22 0x7f0e6489caa4 <unknown>
#23 0x7f0e64929c6c <unknown>

2025-11-28 20:45:08,529 - ERROR - [Times of India] All scrape strategies failed for https://timesofindia.indiatimes.com/world/us/donald-trump-claims-any-document-signed-by-joe-biden-using-autopen-is-terminated-warns-former-prez-could-face-charges-of-perjury/articleshow/125646862.cms. Falling back to RSS description.
2025-11-28 20:45:15,830 - INFO - Saved article: Donald Trump claims any document signed by Joe Biden using autopen is 'terminated', warns former prez could face ‘charges of perjury’ from Times of India
2025-11-28 20:45:17,261 - INFO - [Times of India] Article: https://timesofindia.indiatimes.com/world/us/want-america-hating-migrants-in-us-donald-trump-jr-slams-wsj-for-defending-afghan-refugees-in-op-ed-after-dc-shooting/articleshow/125645831.cms
2025-11-28 20:45:17,261 - INFO - [Times of India] Attempt 1/1: Trying with 'selenium_browser' strategy...
2025-11-28 20:45:18,162 - INFO - [Times of India] Page content loaded.
2025-11-28 20:45:18,262 - INFO - [Times of India] Success with 'selenium_browser'. Found content (356 words).
2025-11-28 20:45:18,319 - INFO - Duplicate article skipped: 'Want America-hating migrants in US’: Donald Trump Jr slams WSJ for defending Afghan refugees in op-ed after DC shooting - The Times of India from Times of India
2025-11-28 20:45:19,055 - INFO - [Times of India] Article: https://timesofindia.indiatimes.com/world/us/raja-krishnamoorthi-slammed-for-his-proposal-to-double-h-1b-visas-to-130000-hes-serving-india/articleshow/125646198.cms
2025-11-28 20:45:19,056 - INFO - [Times of India] Attempt 1/1: Trying with 'selenium_browser' strategy...
2025-11-28 20:45:20,121 - INFO - [Times of India] Page content loaded.
2025-11-28 20:45:20,225 - INFO - [Times of India] Success with 'selenium_browser'. Found content (338 words).
2025-11-28 20:45:20,282 - INFO - Duplicate article skipped: Raja Krishnamoorthi slammed for his proposal to double H-1B visas to 130,000: 'He's serving India' - The Times of India from Times of India
2025-11-28 20:45:21,524 - INFO - [Times of India] Article: https://timesofindia.indiatimes.com/world/us/from-blacks-target-whites-for-fun-to-all-swifties-want-is-abortion-10-quotes-by-charlie-kirk-that-people-wont-forget/articleshow/125645532.cms
2025-11-28 20:45:21,524 - INFO - [Times of India] Attempt 1/1: Trying with 'selenium_browser' strategy...
2025-11-28 20:45:22,383 - INFO - [Times of India] Page content loaded.
2025-11-28 20:45:22,478 - INFO - [Times of India] Success with 'selenium_browser'. Found content (392 words).
2025-11-28 20:45:22,532 - INFO - Duplicate article skipped: From 'Blacks target Whites for fun' to 'all Swifties want is abortion' — 10 quotes by Charlie Kirk that people won't forget - The Times of India from Times of India
2025-11-28 20:45:23,446 - INFO - [Times of India] Article: https://timesofindia.indiatimes.com/world/us/social-media-reacts-to-donald-and-barron-trump-at-mar-a-lago-in-viral-video-now-you-know-why-he-wants-a-taller-ballroom/articleshow/125645038.cms
2025-11-28 20:45:23,446 - INFO - [Times of India] Attempt 1/1: Trying with 'selenium_browser' strategy...
2025-11-28 20:45:24,536 - INFO - [Times of India] Page content loaded.
2025-11-28 20:45:24,632 - INFO - [Times of India] Success with 'selenium_browser'. Found content (244 words).
2025-11-28 20:45:24,680 - INFO - Duplicate article skipped: Social media reacts to Donald and Barron Trump at Mar-a-Lago in viral video: ‘Now you know why he wants a taller ballroom’ - The Times of India from Times of India
2025-11-28 20:45:25,269 - INFO - [Times of India] Article: https://timesofindia.indiatimes.com/world/us/stop-sending-millions-of-dollars-to-ex-afghanistan-vp-makes-3-requests-to-trump-govt-after-dc-shooting/articleshow/125644559.cms
2025-11-28 20:45:25,269 - INFO - [Times of India] Attempt 1/1: Trying with 'selenium_browser' strategy...
2025-11-28 20:45:26,120 - INFO - [Times of India] Page content loaded.
2025-11-28 20:45:26,214 - INFO - [Times of India] Success with 'selenium_browser'. Found content (347 words).
2025-11-28 20:45:26,265 - INFO - Duplicate article skipped: 'Stop sending millions of dollars to...': Ex-Afghanistan VP makes 3 requests to Trump govt after DC shooting - The Times of India from Times of India
2025-11-28 20:45:27,509 - INFO - [Times of India] Article: https://timesofindia.indiatimes.com/world/us/fbi-director-kash-patel-breaks-silence-on-rumours-trump-wanted-him-out-of-the-white-house-it-was-pretty-comical-/articleshow/125643981.cms
2025-11-28 20:45:27,509 - INFO - [Times of India] Attempt 1/1: Trying with 'selenium_browser' strategy...
2025-11-28 20:45:28,515 - INFO - [Times of India] Page content loaded.
2025-11-28 20:45:28,616 - INFO - [Times of India] Success with 'selenium_browser'. Found content (323 words).
2025-11-28 20:45:28,669 - INFO - Duplicate article skipped: FBI Director Kash Patel breaks silence on rumours Trump wanted him out of the White House: 'It was pretty comical...' - The Times of India from Times of India
2025-11-28 20:45:30,050 - INFO - [Times of India] Article: https://timesofindia.indiatimes.com/world/rest-of-world/man-tells-ontario-court-he-did-sham-marriages-in-india-to-help-indian-women-immigrate-to-canada/articleshow/125643356.cms
2025-11-28 20:45:30,050 - INFO - [Times of India] Attempt 1/1: Trying with 'selenium_browser' strategy...
2025-11-28 20:45:30,795 - INFO - [Times of India] Page content loaded.
2025-11-28 20:45:30,890 - INFO - [Times of India] Success with 'selenium_browser'. Found content (407 words).
2025-11-28 20:45:30,946 - INFO - Duplicate article skipped: Man tells Ontario court he did 'sham marriages' in India to help Indian women immigrate to Canada - The Times of India from Times of India
2025-11-28 20:45:31,464 - INFO - [Times of India] Article: https://timesofindia.indiatimes.com/etimes/trending/russian-popeye-man-who-injected-vaseline-oil-for-giant-biceps-now-faces-possible-arm-amputation/articleshow/125641756.cms
2025-11-28 20:45:31,464 - INFO - [Times of India] Attempt 1/1: Trying with 'selenium_browser' strategy...
2025-11-28 20:45:42,916 - WARNING - [Times of India] Page timed out (10s). No <p> tags found. Proceeding anyway.
2025-11-28 20:45:43,067 - INFO - [Times of India] Success with 'selenium_browser'. Found content (951 words).
2025-11-28 20:45:43,139 - INFO - Duplicate article skipped: ‘Russian Popeye’: Man who injected Vaseline oil for giant biceps now faces possible arm amputation | - The Times of India from Times of India
2025-11-28 20:45:44,150 - INFO - [Times of India] Article: https://timesofindia.indiatimes.com/world/us-streamers/perez-hilton-reacts-as-meghan-markle-is-accused-of-keeping-1700-green-gown-from-a-photoshoot-without-asking/articleshow/125642910.cms
2025-11-28 20:45:44,150 - INFO - [Times of India] Attempt 1/1: Trying with 'selenium_browser' strategy...
2025-11-28 20:45:44,881 - INFO - [Times of India] Page content loaded.
2025-11-28 20:45:45,123 - INFO - [Times of India] Success with 'selenium_browser'. Found content (471 words).
2025-11-28 20:45:45,175 - INFO - Duplicate article skipped: Perez Hilton reacts as Meghan Markle is accused of keeping $1,700 green gown from a photoshoot without asking - The Times of India from Times of India
2025-11-28 20:45:46,155 - INFO - [Times of India] Article: https://timesofindia.indiatimes.com/world/us/amid-h1-b-row-marco-rubio-issues-warning-on-student-visas-if-we-discover-information-that/articleshow/125642782.cms
2025-11-28 20:45:46,156 - INFO - [Times of India] Attempt 1/1: Trying with 'selenium_browser' strategy...
2025-11-28 20:45:47,087 - INFO - [Times of India] Page content loaded.
2025-11-28 20:45:47,185 - INFO - [Times of India] Success with 'selenium_browser'. Found content (375 words).
2025-11-28 20:45:47,235 - INFO - Duplicate article skipped: Amid H1-B row, Marco Rubio issues warning on student visas: ‘If we discover information that…’ - The Times of India from Times of India
2025-11-28 20:45:48,475 - INFO - [Times of India] Article: https://timesofindia.indiatimes.com/world/europe/ukraine-corruption-crisis-zelenskyys-chief-of-staff-andrii-yermak-resigns-after-raid-kyivs-political-turmoil-deepens/articleshow/125642563.cms
2025-11-28 20:45:48,475 - INFO - [Times of India] Attempt 1/1: Trying with 'selenium_browser' strategy...
2025-11-28 20:45:49,388 - INFO - [Times of India] Page content loaded.
2025-11-28 20:45:49,494 - INFO - [Times of India] Success with 'selenium_browser'. Found content (416 words).
2025-11-28 20:45:49,543 - INFO - Duplicate article skipped: Ukraine corruption crisis: Zelenskyy’s chief of staff Andrii Yermak resigns after raid; Kyiv’s political turmoil deepens - The Times of India from Times of India
2025-11-28 20:45:50,519 - INFO - [Times of India] Article: https://timesofindia.indiatimes.com/world/us-streamers/candace-owens-reacts-after-woman-says-tpusa-faith-event-speaker-called-her-evil-and-blasted-tucker-carlson/articleshow/125641911.cms
2025-11-28 20:45:50,519 - INFO - [Times of India] Attempt 1/1: Trying with 'selenium_browser' strategy...
2025-11-28 20:45:51,345 - INFO - [Times of India] Page content loaded.
2025-11-28 20:45:51,443 - INFO - [Times of India] Success with 'selenium_browser'. Found content (433 words).
2025-11-28 20:45:51,491 - INFO - Duplicate article skipped: Candace Owens reacts after woman says TPUSA Faith event speaker called her evil and blasted Tucker Carlson - The Times of India from Times of India
2025-11-28 20:45:52,256 - INFO - [Times of India] Article: https://timesofindia.indiatimes.com/world/us/had-mental-problems-from-what-he-saw-in-afghanistan-childhood-friend-says-dc-shooter-rahmanullah-lakanwal-could-not-tolerate-blood/articleshow/125642259.cms
2025-11-28 20:45:52,256 - INFO - [Times of India] Attempt 1/1: Trying with 'selenium_browser' strategy...
2025-11-28 20:45:53,449 - INFO - [Times of India] Page content loaded.
2025-11-28 20:45:53,563 - INFO - [Times of India] Success with 'selenium_browser'. Found content (323 words).
2025-11-28 20:45:53,613 - INFO - Duplicate article skipped: 'Had mental problems from what he saw in Afghanistan': Childhood friend says DC shooter Rahmanullah Lakanwal could not tolerate blood - The Times of India from Times of India
2025-11-28 20:45:54,484 - INFO - [Times of India] Article: https://timesofindia.indiatimes.com/world/uk/row-erupts-over-30000-paan-spit-clean-up-in-london-import-the-third-world-become-the-third-world-/articleshow/125641926.cms
2025-11-28 20:45:54,484 - INFO - [Times of India] Attempt 1/1: Trying with 'selenium_browser' strategy...
2025-11-28 20:45:55,634 - INFO - [Times of India] Page content loaded.
2025-11-28 20:45:55,784 - INFO - [Times of India] Success with 'selenium_browser'. Found content (309 words).
2025-11-28 20:45:55,854 - INFO - Duplicate article skipped: Row erupts over £30,000 paan spit clean-up in London: 'Import the third world. Become the third world.' - The Times of India from Times of India
2025-11-28 20:45:56,393 - INFO - [Times of India] Article: https://timesofindia.indiatimes.com/world/rest-of-world/which-river-crosses-the-tropic-of-capricorn-twice-the-unique-journey-and-geography-of-the-limpopo-river/articleshow/125637942.cms
2025-11-28 20:45:56,393 - INFO - [Times of India] Attempt 1/1: Trying with 'selenium_browser' strategy...
2025-11-28 20:45:57,690 - INFO - [Times of India] Page content loaded.
2025-11-28 20:45:57,815 - INFO - [Times of India] Success with 'selenium_browser'. Found content (797 words).
2025-11-28 20:45:57,869 - INFO - Duplicate article skipped: Which river crosses the Tropic of Capricorn twice: The unique journey and geography of the Limpopo River | World News - The Times of India from Times of India
2025-11-28 20:45:59,321 - INFO - [Times of India] Article: https://timesofindia.indiatimes.com/world/rest-of-world/beard-battle-sikh-student-in-australia-wins-case-was-initially-asked-to-get-clean-shaven-for-wearing-ppe-mask/articleshow/125641470.cms
2025-11-28 20:45:59,321 - INFO - [Times of India] Attempt 1/1: Trying with 'selenium_browser' strategy...
2025-11-28 20:46:00,634 - INFO - [Times of India] Page content loaded.
2025-11-28 20:46:00,774 - INFO - [Times of India] Success with 'selenium_browser'. Found content (403 words).
2025-11-28 20:46:00,834 - INFO - Duplicate article skipped: Beard battle: Sikh student in Australia wins case; was initially asked to get clean-shaven for wearing PPE mask - The Times of India from Times of India
2025-11-28 20:46:01,450 - INFO - [Times of India] Article: https://timesofindia.indiatimes.com/world/us/two-white-people-and-24-indians-nick-fuentes-mocks-jd-vances-2024-thanksgiving-dinner-photo-with-hindu-wife-ushas-family/articleshow/125640701.cms
2025-11-28 20:46:01,450 - INFO - [Times of India] Attempt 1/1: Trying with 'selenium_browser' strategy...
2025-11-28 20:46:02,699 - INFO - [Times of India] Page content loaded.
2025-11-28 20:46:02,811 - INFO - [Times of India] Success with 'selenium_browser'. Found content (339 words).
2025-11-28 20:46:02,878 - INFO - Duplicate article skipped: 'Two white people and 24 Indians...': Nick Fuentes mocks JD Vance's 2024 Thanksgiving dinner photo with Hindu wife Usha's family - The Times of India from Times of India
2025-11-28 20:46:03,540 - INFO - [Times of India] Article: https://timesofindia.indiatimes.com/world/us/us-couple-under-fire-for-housing-dc-shooter-rahmanullah-lakanwal-wife-5-children-raised-fund-for-truly-genuine-people/articleshow/125640638.cms
2025-11-28 20:46:03,540 - INFO - [Times of India] Attempt 1/1: Trying with 'selenium_browser' strategy...
2025-11-28 20:46:04,731 - INFO - [Times of India] Page content loaded.
2025-11-28 20:46:04,826 - INFO - [Times of India] Success with 'selenium_browser'. Found content (459 words).
2025-11-28 20:46:04,881 - INFO - Duplicate article skipped: US couple under fire for housing DC shooter Rahmanullah Lakanwal, wife, 5 children; raised fund for 'truly genuine people' - The Times of India from Times of India
2025-11-28 20:46:05,915 - INFO - [Times of India] Article: https://timesofindia.indiatimes.com/world/us-streamers/youre-getting-permanently-banned-asmongold-draws-a-hard-line-on-twitchs-new-mega-gift-feature/articleshow/125640461.cms
2025-11-28 20:46:05,915 - INFO - [Times of India] Attempt 1/1: Trying with 'selenium_browser' strategy...
2025-11-28 20:46:16,867 - WARNING - [Times of India] Page timed out (10s). No <p> tags found. Proceeding anyway.
2025-11-28 20:46:17,004 - INFO - [Times of India] Success with 'selenium_browser'. Found content (441 words).
2025-11-28 20:46:17,068 - INFO - Duplicate article skipped: “You’re getting permanently banned!”: Asmongold draws a hard line on Twitch’s new mega-gift feature - The Times of India from Times of India
2025-11-28 20:46:18,545 - INFO - [Times of India] (Thread) Finished. Attempting to shut down its Selenium driver.
2025-11-28 20:46:18,789 - INFO - [Times of India] (Thread) driver.quit() successful.
2025-11-28 20:46:18,789 - INFO - Shutting down thread pool (wait=False)...
2025-11-28 20:46:18,789 - INFO - Scraped: 1 Times of India, 0 The Guardian, 1 The Hindu, 0 BBC articles. (Total saved: 2)
2025-11-28 20:46:18,789 - INFO - --- Scraping job finished ---
2025-11-28 20:46:18,794 - INFO - --- Scraper service stopped and database connection closed. ---
2025-11-28 20:46:18,794 - INFO - --- Main thread finished. Forcing process exit to kill zombie threads. ---
