2025-11-30 15:23:36,619 - INFO - Loading AI Semantic Model (all-MiniLM-L6-v2)...
2025-11-30 15:23:36,619 - INFO - Use pytorch device_name: cpu
2025-11-30 15:23:36,619 - INFO - Load pretrained SentenceTransformer: all-MiniLM-L6-v2
2025-11-30 15:23:37,958 - INFO - AI Model loaded successfully.
2025-11-30 15:23:37,958 - INFO - Initializing database connection at: news_articles.db
2025-11-30 15:23:37,959 - INFO - --- Scraper service started (CI Mode: Run Once) ---
2025-11-30 15:23:37,959 - INFO - --- Starting new scraping job (Parallel Mode) ---
2025-11-30 15:23:37,959 - INFO - Creating new robust session with 3 retries on 5xx/connection/read errors.
2025-11-30 15:23:37,959 - INFO - Proxy is DISABLED.
2025-11-30 15:23:37,959 - INFO - Starting scrape for BBC RSS feed: http://feeds.bbci.co.uk/news/world/rss.xml
2025-11-30 15:23:37,960 - INFO - [Times of India] (Thread) requires Selenium. Initializing driver...
2025-11-30 15:23:37,960 - INFO - Initializing headless Selenium Chrome driver (using SeleniumManager)...
2025-11-30 15:23:37,961 - INFO - Starting scrape for The Guardian RSS feed: https://www.theguardian.com/world/rss
2025-11-30 15:23:37,962 - INFO - [The Hindu] (Thread) requires Selenium. Initializing driver...
2025-11-30 15:23:37,963 - INFO - Initializing headless Selenium Chrome driver (using SeleniumManager)...
2025-11-30 15:23:37,963 - INFO - Submitted 4 jobs to thread pool. Waiting up to 300s for completion...
2025-11-30 15:23:38,055 - INFO - Found 45 articles in The Guardian RSS feed. Processing up to 20.
2025-11-30 15:23:38,056 - INFO - [The Guardian] Article: https://www.theguardian.com/world/2025/nov/28/jacob-zuma-daughter-resigns-claims-south-africans-tricked-fight-russia
2025-11-30 15:23:38,056 - INFO - [The Guardian] Attempt 1/1: Trying with 'requests_browser' strategy...
2025-11-30 15:23:38,079 - INFO - [The Guardian] Success with 'requests_browser'. Found content (753 words).
2025-11-30 15:23:38,115 - INFO - Duplicate article skipped: Jacob Zuma’s daughter resigns amid claims South Africans tricked to fight for Russia | South Africa | The Guardian from The Guardian
2025-11-30 15:23:38,178 - INFO - Found 29 articles in BBC RSS feed. Processing up to 20.
2025-11-30 15:23:38,178 - INFO - [BBC] Article: https://www.bbc.com/news/articles/c4gv76r5qpvo?at_medium=RSS&at_campaign=rss
2025-11-30 15:23:38,178 - INFO - [BBC] Attempt 1/1: Trying with 'requests_browser' strategy...
2025-11-30 15:23:38,463 - INFO - [BBC] Success with 'requests_browser'. Found content (647 words).
2025-11-30 15:23:38,498 - INFO - Duplicate article skipped: Benjamin Netanyahu seeks pardon from Israel's president from BBC
2025-11-30 15:23:38,846 - INFO - [The Guardian] Article: https://www.theguardian.com/environment/2025/nov/28/africa-forests-transformed-carbon-sink-carbon-source-study
2025-11-30 15:23:38,846 - INFO - [The Guardian] Attempt 1/1: Trying with 'requests_browser' strategy...
2025-11-30 15:23:38,868 - INFO - [The Guardian] Success with 'requests_browser'. Found content (458 words).
2025-11-30 15:23:38,904 - INFO - Duplicate article skipped: Africa’s forests transformed from carbon sink to carbon source, study finds | Climate crisis | The Guardian from The Guardian
2025-11-30 15:23:39,437 - INFO - [BBC] Article: https://www.bbc.com/news/articles/c5y9ejley9do?at_medium=RSS&at_campaign=rss
2025-11-30 15:23:39,437 - INFO - [BBC] Attempt 1/1: Trying with 'requests_browser' strategy...
2025-11-30 15:23:39,606 - INFO - [BBC] Success with 'requests_browser'. Found content (712 words).
2025-11-30 15:23:39,648 - INFO - Duplicate article skipped: More than 400 killed in Indonesia flooding, officials say from BBC
2025-11-30 15:23:40,121 - INFO - [The Guardian] Article: https://www.theguardian.com/world/2025/nov/26/guinea-bissau-officers-take-total-control-close-borders-amid-election-chaos
2025-11-30 15:23:40,121 - INFO - [The Guardian] Attempt 1/1: Trying with 'requests_browser' strategy...
2025-11-30 15:23:40,141 - INFO - [The Guardian] Success with 'requests_browser'. Found content (412 words).
2025-11-30 15:23:40,174 - INFO - Duplicate article skipped: Guinea-Bissau military takes ‘total control’ amid election chaos | Guinea-Bissau | The Guardian from The Guardian
2025-11-30 15:23:40,492 - INFO - [BBC] Article: https://www.bbc.com/news/articles/c741mpdyw9no?at_medium=RSS&at_campaign=rss
2025-11-30 15:23:40,492 - INFO - [BBC] Attempt 1/1: Trying with 'requests_browser' strategy...
2025-11-30 15:23:40,518 - INFO - [BBC] Success with 'requests_browser'. Found content (519 words).
2025-11-30 15:23:40,552 - INFO - Duplicate article skipped: Venezuela calls Trump airspace closure warning 'colonialist threat' from BBC
2025-11-30 15:23:40,738 - INFO - [The Guardian] Article: https://www.theguardian.com/world/2025/nov/25/nigerian-schoolgirls-rescued-after-mass-abduction-in-kebbi
2025-11-30 15:23:40,738 - INFO - [The Guardian] Attempt 1/1: Trying with 'requests_browser' strategy...
2025-11-30 15:23:40,955 - INFO - [The Guardian] Success with 'requests_browser'. Found content (515 words).
2025-11-30 15:23:40,998 - INFO - Duplicate article skipped: Nigerian schoolgirls rescued after mass abduction in Kebbi | Nigeria | The Guardian from The Guardian
2025-11-30 15:23:41,644 - INFO - [BBC] Article: https://www.bbc.com/news/articles/cp34yk7z6yxo?at_medium=RSS&at_campaign=rss
2025-11-30 15:23:41,644 - INFO - [BBC] Attempt 1/1: Trying with 'requests_browser' strategy...
2025-11-30 15:23:41,674 - INFO - [BBC] Success with 'requests_browser'. Found content (712 words).
2025-11-30 15:23:41,812 - INFO - [The Guardian] Article: https://www.theguardian.com/world/2025/nov/25/jacob-zuma-daughter-accused-tricking-men-fighting-for-russia-in-ukraine
2025-11-30 15:23:41,812 - INFO - [The Guardian] Attempt 1/1: Trying with 'requests_browser' strategy...
2025-11-30 15:23:41,846 - INFO - Duplicate article skipped: Hong Kong fire: Death toll rises to 146 as thousands pay their respects from BBC
2025-11-30 15:23:41,867 - INFO - [The Guardian] Success with 'requests_browser'. Found content (656 words).
2025-11-30 15:23:41,910 - INFO - Duplicate article skipped: Jacob Zuma’s daughter accused of tricking men into fighting for Russia in Ukraine | South Africa | The Guardian from The Guardian
2025-11-30 15:23:42,983 - INFO - [The Guardian] Article: https://www.theguardian.com/world/2025/nov/30/honduras-vote-election-trump-threat-cut-aid-if-nasry-tito-asfura-loses
2025-11-30 15:23:42,984 - INFO - [The Guardian] Attempt 1/1: Trying with 'requests_browser' strategy...
2025-11-30 15:23:43,004 - INFO - [The Guardian] Success with 'requests_browser'. Found content (534 words).
2025-11-30 15:23:43,036 - INFO - Duplicate article skipped: Hondurans vote amid Trump threat to cut aid if his preferred candidate loses | Honduras | The Guardian from The Guardian
2025-11-30 15:23:43,233 - INFO - [BBC] Article: https://www.bbc.com/news/articles/cvg81p61dnmo?at_medium=RSS&at_campaign=rss
2025-11-30 15:23:43,233 - INFO - [BBC] Attempt 1/1: Trying with 'requests_browser' strategy...
2025-11-30 15:23:43,258 - INFO - [BBC] Success with 'requests_browser'. Found content (308 words).
2025-11-30 15:23:43,291 - INFO - Duplicate article skipped: Stockton mass shooting: Four killed at California family gathering from BBC
2025-11-30 15:23:43,834 - INFO - [The Guardian] Article: https://www.theguardian.com/world/2025/nov/29/donald-trump-venezuela-airspace-closure
2025-11-30 15:23:43,834 - INFO - [The Guardian] Attempt 1/1: Trying with 'requests_browser' strategy...
2025-11-30 15:23:43,864 - INFO - [The Guardian] Success with 'requests_browser'. Found content (363 words).
2025-11-30 15:23:43,901 - INFO - Duplicate article skipped: Venezuela denounces ‘colonialist threat’ as Trump orders airspace closed | Venezuela | The Guardian from The Guardian
2025-11-30 15:23:44,610 - INFO - [BBC] Article: https://www.bbc.com/news/articles/c075zd0j2j3o?at_medium=RSS&at_campaign=rss
2025-11-30 15:23:44,610 - INFO - [BBC] Attempt 1/1: Trying with 'requests_browser' strategy...
2025-11-30 15:23:44,635 - INFO - [BBC] Success with 'requests_browser'. Found content (316 words).
2025-11-30 15:23:44,668 - INFO - Duplicate article skipped: Couple accused of cheating with spycam to win A$1.2m in Australian casino from BBC
2025-11-30 15:23:44,705 - INFO - [The Guardian] Article: https://www.theguardian.com/us-news/2025/nov/29/pete-hegseth-denies-ordering-deaths-narco-boat
2025-11-30 15:23:44,706 - INFO - [The Guardian] Attempt 1/1: Trying with 'requests_browser' strategy...
2025-11-30 15:23:44,728 - INFO - [The Guardian] Success with 'requests_browser'. Found content (846 words).
2025-11-30 15:23:44,764 - INFO - Duplicate article skipped: Pete Hegseth denies he gave orders to ‘kill everybody’ on alleged ‘narco-boat’ | Pete Hegseth | The Guardian from The Guardian
2025-11-30 15:23:45,532 - INFO - [The Guardian] Article: https://www.theguardian.com/world/2025/nov/29/uk-mps-extra-aid-humanitarian-visas-jamaica-hurricane-melissa-dawn-butler
2025-11-30 15:23:45,533 - INFO - [The Guardian] Attempt 1/1: Trying with 'requests_browser' strategy...
2025-11-30 15:23:45,687 - INFO - [The Guardian] Success with 'requests_browser'. Found content (873 words).
2025-11-30 15:23:45,735 - INFO - Duplicate article skipped: UK MPs push for extra aid and visas as Jamaica reels from Hurricane Melissa | Jamaica | The Guardian from The Guardian
2025-11-30 15:23:45,900 - INFO - [BBC] Article: https://www.bbc.com/news/articles/cp9ky5z2gx0o?at_medium=RSS&at_campaign=rss
2025-11-30 15:23:45,900 - INFO - [BBC] Attempt 1/1: Trying with 'requests_browser' strategy...
2025-11-30 15:23:45,936 - INFO - [BBC] Success with 'requests_browser'. Found content (508 words).
2025-11-30 15:23:45,980 - INFO - Duplicate article skipped: Ukraine hits tankers in Black Sea in escalation against Russia from BBC
2025-11-30 15:23:46,401 - INFO - [The Guardian] Article: https://www.theguardian.com/us-news/2025/nov/28/trump-pardon-honduras-hernandez-drugs
2025-11-30 15:23:46,401 - INFO - [The Guardian] Attempt 1/1: Trying with 'requests_browser' strategy...
2025-11-30 15:23:46,537 - INFO - Selenium driver initialized successfully.
2025-11-30 15:23:46,537 - INFO - Starting scrape for The Hindu RSS feed: https://www.thehindu.com/news/national/feeder/default.rss
2025-11-30 15:23:46,538 - INFO - Selenium driver initialized successfully.
2025-11-30 15:23:46,538 - INFO - Starting scrape for Times of India RSS feed: https://timesofindia.indiatimes.com/rssfeeds/296589292.cms
2025-11-30 15:23:46,556 - INFO - [The Guardian] Success with 'requests_browser'. Found content (558 words).
2025-11-30 15:23:46,591 - INFO - Duplicate article skipped: Trump to pardon ex-Honduras leader serving drug trafficking sentence in US | Donald Trump | The Guardian from The Guardian
2025-11-30 15:23:46,654 - INFO - Found 20 articles in Times of India RSS feed. Processing up to 20.
2025-11-30 15:23:46,654 - INFO - [Times of India] Article: https://timesofindia.indiatimes.com/world/rest-of-world/global-first-turkish-uav-shoots-down-aircraft-with-bvr-air-to-air-missile-company-lauds-pinpoint-accuracy-watch/articleshow/125674346.cms
2025-11-30 15:23:46,654 - INFO - [Times of India] Attempt 1/1: Trying with 'selenium_browser' strategy...
2025-11-30 15:23:46,893 - INFO - [BBC] Article: https://www.bbc.com/news/articles/c8e97kl240lo?at_medium=RSS&at_campaign=rss
2025-11-30 15:23:46,893 - INFO - [BBC] Attempt 1/1: Trying with 'requests_browser' strategy...
2025-11-30 15:23:46,916 - INFO - [BBC] Success with 'requests_browser'. Found content (324 words).
2025-11-30 15:23:46,961 - INFO - Duplicate article skipped: More than 70,000 killed in Gaza since Israel offensive began, Hamas-run health ministry says from BBC
2025-11-30 15:23:47,061 - INFO - Found 100 articles in The Hindu RSS feed. Processing up to 20.
2025-11-30 15:23:47,061 - INFO - [The Hindu] Article: https://www.thehindu.com/news/national/karnataka/bjp-to-lay-a-siege-to-suvarna-vidhana-soudha-on-dec-8/article70342427.ece
2025-11-30 15:23:47,061 - INFO - [The Hindu] Attempt 1/1: Trying with 'selenium_browser' strategy...
2025-11-30 15:23:47,914 - INFO - [The Guardian] Article: https://www.theguardian.com/world/2025/nov/30/indonesia-thailand-floods
2025-11-30 15:23:47,914 - INFO - [The Guardian] Attempt 1/1: Trying with 'requests_browser' strategy...
2025-11-30 15:23:48,046 - INFO - [BBC] Article: https://www.bbc.com/news/articles/c93wnyxjkxko?at_medium=RSS&at_campaign=rss
2025-11-30 15:23:48,046 - INFO - [BBC] Attempt 1/1: Trying with 'requests_browser' strategy...
2025-11-30 15:23:48,079 - INFO - [The Guardian] Success with 'requests_browser'. Found content (859 words).
2025-11-30 15:23:48,126 - INFO - Duplicate article skipped: Indonesia and Thailand floods death toll passes 600 with hundreds still missing | Asia Pacific | The Guardian from The Guardian
2025-11-30 15:23:48,203 - INFO - [BBC] Success with 'requests_browser'. Found content (309 words).
2025-11-30 15:23:48,239 - INFO - Duplicate article skipped: French farm has €90,000 worth of escargot snails stolen from BBC
2025-11-30 15:23:48,742 - INFO - [The Guardian] Article: https://www.theguardian.com/world/2025/nov/30/hong-kong-mourns-as-apartment-blaze-death-toll-rises
2025-11-30 15:23:48,742 - INFO - [The Guardian] Attempt 1/1: Trying with 'requests_browser' strategy...
2025-11-30 15:23:48,764 - INFO - [The Guardian] Success with 'requests_browser'. Found content (697 words).
2025-11-30 15:23:48,799 - INFO - Duplicate article skipped: Hong Kong mourns as apartment fire death toll rises to 146 | Hong Kong apartment fires | The Guardian from The Guardian
2025-11-30 15:23:49,464 - INFO - [BBC] Article: https://www.bbc.com/news/articles/cp39yw120kdo?at_medium=RSS&at_campaign=rss
2025-11-30 15:23:49,464 - INFO - [BBC] Attempt 1/1: Trying with 'requests_browser' strategy...
2025-11-30 15:23:49,493 - INFO - [BBC] Success with 'requests_browser'. Found content (376 words).
2025-11-30 15:23:49,557 - INFO - Duplicate article skipped: The Wiggles issue statement after appearing in Ecstasy music video from BBC
2025-11-30 15:23:49,734 - INFO - [The Guardian] Article: https://www.theguardian.com/world/2025/nov/30/japan-one-piece-singer-maki-otsuki-stopped-mid-performance-as-japan-china-relations-sour
2025-11-30 15:23:49,734 - INFO - [The Guardian] Attempt 1/1: Trying with 'requests_browser' strategy...
2025-11-30 15:23:49,768 - INFO - [The Guardian] Success with 'requests_browser'. Found content (310 words).
2025-11-30 15:23:49,823 - INFO - Duplicate article skipped: Japan ‘One Piece’ singer stopped mid-performance as Japan-China relations sour | Japan | The Guardian from The Guardian
2025-11-30 15:23:50,494 - INFO - [BBC] Article: https://www.bbc.com/news/articles/c4gp917zr8no?at_medium=RSS&at_campaign=rss
2025-11-30 15:23:50,494 - INFO - [BBC] Attempt 1/1: Trying with 'requests_browser' strategy...
2025-11-30 15:23:50,675 - INFO - [BBC] Success with 'requests_browser'. Found content (355 words).
2025-11-30 15:23:50,793 - INFO - Duplicate article skipped: Pope Leo visits Istanbul's Blue Mosque from BBC
2025-11-30 15:23:50,949 - INFO - [The Guardian] Article: https://www.theguardian.com/us-news/ng-interactive/2025/nov/30/all-the-presidents-millions-how-the-trumps-are-turning-the-presidency-into-riches
2025-11-30 15:23:50,949 - INFO - [The Guardian] Attempt 1/1: Trying with 'requests_browser' strategy...
2025-11-30 15:23:51,230 - INFO - [The Guardian] Success with 'requests_browser'. Found content (2453 words).
2025-11-30 15:23:51,835 - INFO - [BBC] Article: https://www.bbc.com/news/articles/ce865kpdzz8o?at_medium=RSS&at_campaign=rss
2025-11-30 15:23:51,835 - INFO - [BBC] Attempt 1/1: Trying with 'requests_browser' strategy...
2025-11-30 15:23:51,888 - INFO - Duplicate article skipped: All the president’s millions: how the Trumps are turning the presidency into riches | Donald Trump | The Guardian from The Guardian
2025-11-30 15:23:51,957 - INFO - [BBC] Success with 'requests_browser'. Found content (356 words).
2025-11-30 15:23:52,105 - INFO - Duplicate article skipped: Australian prime minister Albanese becomes first to wed in office from BBC
2025-11-30 15:23:53,141 - INFO - [BBC] Article: https://www.bbc.com/news/articles/cx2gylngx7go?at_medium=RSS&at_campaign=rss
2025-11-30 15:23:53,141 - INFO - [BBC] Attempt 1/1: Trying with 'requests_browser' strategy...
2025-11-30 15:23:53,280 - INFO - [The Guardian] Article: https://www.theguardian.com/news/2025/nov/30/anger-mounts-in-hong-kong-over-apartment-fires-as-beijing-warns-against-anti-china-disruptors
2025-11-30 15:23:53,280 - INFO - [The Guardian] Attempt 1/1: Trying with 'requests_browser' strategy...
2025-11-30 15:23:53,348 - INFO - [The Guardian] Success with 'requests_browser'. Found content (560 words).
2025-11-30 15:23:53,446 - INFO - Duplicate article skipped: Anger mounts in Hong Kong over apartment fires as Beijing warns against ‘anti-China disruptors’ | Hong Kong apartment fires | The Guardian from The Guardian
2025-11-30 15:23:54,031 - INFO - [BBC] Success with 'requests_browser'. Found content (625 words).
2025-11-30 15:23:54,049 - INFO - [The Guardian] Article: https://www.theguardian.com/australia-news/2025/dec/01/gen-z-suicide-self-harm-more-other-generations
2025-11-30 15:23:54,049 - INFO - [The Guardian] Attempt 1/1: Trying with 'requests_browser' strategy...
2025-11-30 15:23:54,314 - INFO - Duplicate article skipped: Russian strikes cause power outages for more than 600,000 in Ukraine from BBC
2025-11-30 15:23:54,326 - INFO - [The Guardian] Success with 'requests_browser'. Found content (732 words).
2025-11-30 15:23:54,445 - INFO - Duplicate article skipped: Gen Z Australians are attempting suicide and self-harming more than previous generations, study finds | Health | The Guardian from The Guardian
2025-11-30 15:23:55,023 - INFO - [The Guardian] Article: https://www.theguardian.com/australia-news/2025/dec/01/senior-queensland-police-defended-detectives-victim-blaming-comments-hannah-clarke-murder
2025-11-30 15:23:55,023 - INFO - [The Guardian] Attempt 1/1: Trying with 'requests_browser' strategy...
2025-11-30 15:23:55,175 - INFO - [BBC] Article: https://www.bbc.com/news/articles/c4gp9d28p74o?at_medium=RSS&at_campaign=rss
2025-11-30 15:23:55,175 - INFO - [BBC] Attempt 1/1: Trying with 'requests_browser' strategy...
2025-11-30 15:23:55,189 - INFO - [The Guardian] Success with 'requests_browser'. Found content (932 words).
2025-11-30 15:23:55,355 - INFO - Duplicate article skipped: ‘Victim blaming’ comments after Hannah Clarke murders were part of botched police media strategy | Australian police and policing | The Guardian from The Guardian
2025-11-30 15:23:55,946 - INFO - [The Guardian] Article: https://www.theguardian.com/australia-news/live/2025/nov/30/australia-news-live-jetstar-flights-resume-anthony-albanese-sussan-ley-labor-part-coalition-melbourne-metro-tunnel-ntwnfb
2025-11-30 15:23:55,946 - INFO - [The Guardian] Attempt 1/1: Trying with 'requests_browser' strategy...
2025-11-30 15:23:56,022 - INFO - [BBC] Success with 'requests_browser'. Found content (430 words).
2025-11-30 15:23:56,132 - INFO - Duplicate article skipped: Airbus: Flights resume as normal after software update warning from BBC
2025-11-30 15:23:56,685 - INFO - [BBC] Article: https://www.bbc.com/news/articles/cvgj9dd983xo?at_medium=RSS&at_campaign=rss
2025-11-30 15:23:56,685 - INFO - [BBC] Attempt 1/1: Trying with 'requests_browser' strategy...
2025-11-30 15:23:57,072 - INFO - [The Guardian] Success with 'requests_browser'. Found content (2440 words).
2025-11-30 15:23:57,125 - INFO - [BBC] Success with 'requests_browser'. Found content (790 words).
2025-11-30 15:23:57,413 - INFO - Duplicate article skipped: Nigeria blames jihadist groups for wave of kidnappings but others accuse criminal gangs from BBC
2025-11-30 15:23:57,655 - INFO - Duplicate article skipped: Ley says Coalition’s migration principles will include ‘issues around language and values’ – as it happened | Australia news | The Guardian from The Guardian
2025-11-30 15:23:58,656 - INFO - [BBC] Article: https://www.bbc.com/news/articles/c1kpm0rvxepo?at_medium=RSS&at_campaign=rss
2025-11-30 15:23:58,656 - INFO - [BBC] Attempt 1/1: Trying with 'requests_browser' strategy...
2025-11-30 15:23:59,100 - INFO - [The Guardian] Article: https://www.theguardian.com/environment/2025/nov/30/rising-tide-protest-climate-activists-stop-three-ships-from-entering-worlds-largest-coal-port-in-newcastle
2025-11-30 15:23:59,101 - INFO - [The Guardian] Attempt 1/1: Trying with 'requests_browser' strategy...
2025-11-30 15:23:59,187 - INFO - [The Guardian] Success with 'requests_browser'. Found content (847 words).
2025-11-30 15:23:59,381 - INFO - Duplicate article skipped: Rising Tide protest: climate activists stop three ships from entering world’s largest coal port in Newcastle | Newcastle and the Hunter | The Guardian from The Guardian
2025-11-30 15:23:59,584 - INFO - [BBC] Success with 'requests_browser'. Found content (557 words).
2025-11-30 15:23:59,714 - INFO - Duplicate article skipped: Trump says he will pardon ex-Honduras president convicted of drug trafficking from BBC
2025-11-30 15:24:00,218 - INFO - [The Guardian] Article: https://www.theguardian.com/australia-news/2025/nov/30/couple-from-kazakhstan-allegedly-used-hidden-camera-and-earpieces-to-win-118m-from-sydneys-crown-casino
2025-11-30 15:24:00,219 - INFO - [The Guardian] Attempt 1/1: Trying with 'requests_browser' strategy...
2025-11-30 15:24:00,294 - INFO - [The Guardian] Success with 'requests_browser'. Found content (361 words).
2025-11-30 15:24:00,483 - INFO - Duplicate article skipped: Couple from Kazakhstan allegedly used hidden camera and earpieces to win $1.18m from Sydney’s Crown casino | Gambling | The Guardian from The Guardian
2025-11-30 15:24:00,501 - INFO - [BBC] Article: https://www.bbc.com/news/articles/c4g6we59qe4o?at_medium=RSS&at_campaign=rss
2025-11-30 15:24:00,501 - INFO - [BBC] Attempt 1/1: Trying with 'requests_browser' strategy...
2025-11-30 15:24:00,742 - INFO - [BBC] Success with 'requests_browser'. Found content (1841 words).
2025-11-30 15:24:00,940 - INFO - Duplicate article skipped: Nigeria's kidnapping crisis: 'Too scared to speak' - villagers on living in the midst of bandits from BBC
2025-11-30 15:24:01,888 - INFO - [BBC] Article: https://www.bbc.com/news/articles/c2465lndrnno?at_medium=RSS&at_campaign=rss
2025-11-30 15:24:01,889 - INFO - [BBC] Attempt 1/1: Trying with 'requests_browser' strategy...
2025-11-30 15:24:02,102 - INFO - [BBC] Success with 'requests_browser'. Found content (1355 words).
2025-11-30 15:24:02,222 - INFO - Duplicate article skipped: Will new warning labels in Ireland turn people away from alcohol? from BBC
2025-11-30 15:24:03,484 - INFO - [BBC] Article: https://www.bbc.com/news/articles/c5yq6g1gv4jo?at_medium=RSS&at_campaign=rss
2025-11-30 15:24:03,485 - INFO - [BBC] Attempt 1/1: Trying with 'requests_browser' strategy...
2025-11-30 15:24:03,680 - INFO - [BBC] Success with 'requests_browser'. Found content (1317 words).
2025-11-30 15:24:03,753 - INFO - Duplicate article skipped: Israel Gaza war: Why I spend hours painstakingly repairing banknotes from BBC
2025-11-30 15:24:04,720 - INFO - [BBC] Article: https://www.bbc.com/news/articles/cz0nljm4y74o?at_medium=RSS&at_campaign=rss
2025-11-30 15:24:04,720 - INFO - [BBC] Attempt 1/1: Trying with 'requests_browser' strategy...
2025-11-30 15:24:05,119 - INFO - [BBC] Success with 'requests_browser'. Found content (844 words).
2025-11-30 15:24:05,160 - INFO - Duplicate article skipped: Andriy Yermak: How Zelensky's right-hand man fell from power from BBC
2025-11-30 15:24:46,679 - ERROR - [Times of India] Request failed for strategy 'selenium_browser' on URL https://timesofindia.indiatimes.com/world/rest-of-world/global-first-turkish-uav-shoots-down-aircraft-with-bvr-air-to-air-missile-company-lauds-pinpoint-accuracy-watch/articleshow/125674346.cms: Message: timeout: Timed out receiving message from renderer: 59.670
  (Session info: chrome=142.0.7444.162)
Stacktrace:
#0 0x561e6761532a <unknown>
#1 0x561e67061e4b <unknown>
#2 0x561e67049e0d <unknown>
#3 0x561e67049af0 <unknown>
#4 0x561e670478ff <unknown>
#5 0x561e6704827f <unknown>
#6 0x561e67056ca3 <unknown>
#7 0x561e67070601 <unknown>
#8 0x561e67076e0b <unknown>
#9 0x561e670489bd <unknown>
#10 0x561e670703a7 <unknown>
#11 0x561e67101170 <unknown>
#12 0x561e670a6c1a <unknown>
#13 0x561e670a7921 <unknown>
#14 0x561e675dc239 <unknown>
#15 0x561e675df1e8 <unknown>
#16 0x561e675c54c9 <unknown>
#17 0x561e675dfdb5 <unknown>
#18 0x561e675ace93 <unknown>
#19 0x561e67602098 <unknown>
#20 0x561e67602273 <unknown>
#21 0x561e676142c3 <unknown>
#22 0x7f1e8ce9caa4 <unknown>
#23 0x7f1e8cf29c6c <unknown>

2025-11-30 15:24:46,679 - ERROR - [Times of India] All scrape strategies failed for https://timesofindia.indiatimes.com/world/rest-of-world/global-first-turkish-uav-shoots-down-aircraft-with-bvr-air-to-air-missile-company-lauds-pinpoint-accuracy-watch/articleshow/125674346.cms. Falling back to RSS description.
2025-11-30 15:24:46,680 - INFO - Duplicate article skipped: 'Global first': Turkey's drone shoots down aircraft with air-to-air missile - watch from Times of India
2025-11-30 15:24:47,076 - ERROR - [The Hindu] Request failed for strategy 'selenium_browser' on URL https://www.thehindu.com/news/national/karnataka/bjp-to-lay-a-siege-to-suvarna-vidhana-soudha-on-dec-8/article70342427.ece: Message: timeout: Timed out receiving message from renderer: 59.557
  (Session info: chrome=142.0.7444.162)
Stacktrace:
#0 0x5562fee1932a <unknown>
#1 0x5562fe865e4b <unknown>
#2 0x5562fe84de0d <unknown>
#3 0x5562fe84daf0 <unknown>
#4 0x5562fe84b8ff <unknown>
#5 0x5562fe84c27f <unknown>
#6 0x5562fe85aca3 <unknown>
#7 0x5562fe874601 <unknown>
#8 0x5562fe87ae0b <unknown>
#9 0x5562fe84c9bd <unknown>
#10 0x5562fe8743a7 <unknown>
#11 0x5562fe905170 <unknown>
#12 0x5562fe8aac1a <unknown>
#13 0x5562fe8ab921 <unknown>
#14 0x5562fede0239 <unknown>
#15 0x5562fede31e8 <unknown>
#16 0x5562fedc94c9 <unknown>
#17 0x5562fede3db5 <unknown>
#18 0x5562fedb0e93 <unknown>
#19 0x5562fee06098 <unknown>
#20 0x5562fee06273 <unknown>
#21 0x5562fee182c3 <unknown>
#22 0x7f12e8a9caa4 <unknown>
#23 0x7f12e8b29c6c <unknown>

2025-11-30 15:24:47,076 - ERROR - [The Hindu] All scrape strategies failed for https://www.thehindu.com/news/national/karnataka/bjp-to-lay-a-siege-to-suvarna-vidhana-soudha-on-dec-8/article70342427.ece. Falling back to RSS description.
2025-11-30 15:24:47,271 - INFO - [Times of India] Article: https://timesofindia.indiatimes.com/world/uk/british-man-arrested-for-posing-with-a-gun-in-us-elon-musk-furious/articleshow/125674330.cms
2025-11-30 15:24:47,272 - INFO - [Times of India] Attempt 1/1: Trying with 'selenium_browser' strategy...
2025-11-30 15:24:58,039 - INFO - [Times of India] Page content loaded.
2025-11-30 15:24:58,311 - INFO - [Times of India] Success with 'selenium_browser'. Found content (326 words).
2025-11-30 15:25:04,087 - INFO - Saved article: BJP to lay a siege to Suvarna Vidhana Soudha on Dec. 8 from The Hindu
2025-11-30 15:25:04,087 - INFO - Duplicate article skipped: British man arrested for posing with a gun in US, Elon Musk furious | World News - The Times of India from Times of India
2025-11-30 15:25:05,086 - INFO - [Times of India] Article: https://timesofindia.indiatimes.com/world/us/i-use-the-plane-less-than-my-predecessors-kash-patel-defends-himself-over-claims-he-used-an-fbi-jet-to-see-his-girlfriend/articleshow/125673505.cms
2025-11-30 15:25:05,086 - INFO - [Times of India] Attempt 1/1: Trying with 'selenium_browser' strategy...
2025-11-30 15:25:05,195 - INFO - [The Hindu] Article: https://www.thehindu.com/news/national/mann-ki-baat-tamil-is-the-pride-of-india-says-pm-modi/article70342006.ece
2025-11-30 15:25:05,195 - INFO - [The Hindu] Attempt 1/1: Trying with 'selenium_browser' strategy...
2025-11-30 15:25:06,127 - INFO - [Times of India] Page content loaded.
2025-11-30 15:25:06,251 - INFO - [Times of India] Success with 'selenium_browser'. Found content (431 words).
2025-11-30 15:25:06,330 - INFO - Duplicate article skipped: ‘I use the plane less than my predecessors’: Kash Patel defends himself over claims he used an FBI jet to see his girlfriend | World News - The Times of India from Times of India
2025-11-30 15:25:06,957 - INFO - [Times of India] Article: https://timesofindia.indiatimes.com/etimes/trending/the-sun-has-disappeared-from-this-american-town-and-wont-return-until-next-year/articleshow/125672532.cms
2025-11-30 15:25:06,957 - INFO - [Times of India] Attempt 1/1: Trying with 'selenium_browser' strategy...
2025-11-30 15:25:09,890 - INFO - [Times of India] Page content loaded.
2025-11-30 15:25:10,096 - INFO - [Times of India] Success with 'selenium_browser'. Found content (984 words).
2025-11-30 15:25:10,218 - INFO - Duplicate article skipped: The Sun has disappeared from this American town and won’t return until next year | - The Times of India from Times of India
2025-11-30 15:25:11,456 - INFO - [Times of India] Article: https://timesofindia.indiatimes.com/world/pakistan/reflects-political-bias-misinformation-pak-brazens-it-out-criticises-un-top-official-for-remarks-on-27th-constitutional-amendment/articleshow/125671389.cms
2025-11-30 15:25:11,456 - INFO - [Times of India] Attempt 1/1: Trying with 'selenium_browser' strategy...
2025-11-30 15:25:16,327 - INFO - [Times of India] Page content loaded.
2025-11-30 15:25:16,545 - INFO - [Times of India] Success with 'selenium_browser'. Found content (378 words).
2025-11-30 15:25:16,646 - INFO - Duplicate article skipped: 'Reflects political bias, misinformation': Pak brazens it out; criticises UN top official for remarks on 27th constitutional amendment - The Times of India from Times of India
2025-11-30 15:25:17,943 - INFO - [Times of India] Article: https://timesofindia.indiatimes.com/world/middle-east/uae-revamps-lottery-rules-now-you-can-play-weekly-and-win-up-to-dh30-million/articleshow/125671257.cms
2025-11-30 15:25:17,943 - INFO - [Times of India] Attempt 1/1: Trying with 'selenium_browser' strategy...
2025-11-30 15:25:18,976 - INFO - [Times of India] Page content loaded.
2025-11-30 15:25:19,144 - INFO - [Times of India] Success with 'selenium_browser'. Found content (524 words).
2025-11-30 15:25:19,225 - INFO - Duplicate article skipped: UAE revamps lottery rules: Now you can play weekly and win up to Dh30 million | World News - The Times of India from Times of India
2025-11-30 15:25:20,357 - INFO - [Times of India] Article: https://timesofindia.indiatimes.com/world/middle-east/uae-announces-rise-in-fuel-prices-for-december-2025-new-petrol-and-diesel-rates-explained/articleshow/125670749.cms
2025-11-30 15:25:20,357 - INFO - [Times of India] Attempt 1/1: Trying with 'selenium_browser' strategy...
2025-11-30 15:25:21,487 - INFO - [Times of India] Page content loaded.
2025-11-30 15:25:21,617 - INFO - [Times of India] Success with 'selenium_browser'. Found content (286 words).
2025-11-30 15:25:21,695 - INFO - Duplicate article skipped: UAE announces rise in fuel prices for December 2025 - New petrol and diesel rates explained | World News - The Times of India from Times of India
2025-11-30 15:25:23,112 - INFO - [Times of India] Article: https://timesofindia.indiatimes.com/science/how-africa-may-become-earths-next-ocean-basin-in-5-to-10-million-years-giving-birth-to-a-new-ocean/articleshow/125663914.cms
2025-11-30 15:25:23,112 - INFO - [Times of India] Attempt 1/1: Trying with 'selenium_browser' strategy...
2025-11-30 15:25:24,024 - INFO - [Times of India] Page content loaded.
2025-11-30 15:25:24,128 - INFO - [Times of India] Success with 'selenium_browser'. Found content (852 words).
2025-11-30 15:25:24,181 - INFO - Duplicate article skipped: How Africa may become Earth’s next ocean basin in 5 to 10 million years giving birth to a new ocean | - The Times of India from Times of India
2025-11-30 15:25:25,115 - INFO - [Times of India] Article: https://timesofindia.indiatimes.com/world/middle-east/uae-drivers-license-2025-which-countries-can-skip-the-test-and-drive-with-their-home-license/articleshow/125670342.cms
2025-11-30 15:25:25,115 - INFO - [Times of India] Attempt 1/1: Trying with 'selenium_browser' strategy...
2025-11-30 15:25:26,456 - INFO - [Times of India] Page content loaded.
2025-11-30 15:25:26,603 - INFO - [Times of India] Success with 'selenium_browser'. Found content (1264 words).
2025-11-30 15:25:26,687 - INFO - Duplicate article skipped: UAE Driver’s License 2025: Which countries can skip the test and drive with their home license? | World News - The Times of India from Times of India
2025-11-30 15:25:28,018 - INFO - [Times of India] Article: https://timesofindia.indiatimes.com/world/europe/swiss-vote-on-compulsory-civic-duty-climate-tax-for-super-rich/articleshow/125669403.cms
2025-11-30 15:25:28,018 - INFO - [Times of India] Attempt 1/1: Trying with 'selenium_browser' strategy...
2025-11-30 15:25:28,997 - INFO - [Times of India] Page content loaded.
2025-11-30 15:25:29,137 - INFO - [Times of India] Success with 'selenium_browser'. Found content (540 words).
2025-11-30 15:25:29,194 - INFO - Duplicate article skipped: Swiss vote on compulsory civic duty, climate tax for super-rich - The Times of India from Times of India
2025-11-30 15:25:30,181 - INFO - [Times of India] Article: https://timesofindia.indiatimes.com/world/us/irresponsible-dangerous-fda-memo-links-covid-shots-to-children-deaths-proposes-new-vaccine-rules/articleshow/125668221.cms
2025-11-30 15:25:30,181 - INFO - [Times of India] Attempt 1/1: Trying with 'selenium_browser' strategy...
2025-11-30 15:25:31,243 - INFO - [Times of India] Page content loaded.
2025-11-30 15:25:31,368 - INFO - [Times of India] Success with 'selenium_browser'. Found content (463 words).
2025-11-30 15:25:31,440 - INFO - Duplicate article skipped: 'Irresponsible, dangerous': FDA memo links Covid shots to children deaths; proposes new vaccine rules - The Times of India from Times of India
2025-11-30 15:25:32,030 - INFO - [Times of India] Article: https://timesofindia.indiatimes.com/world/middle-east/uae-is-changing-key-tax-rules-from-january-2026-heres-what-it-means-for-you/articleshow/125668742.cms
2025-11-30 15:25:32,030 - INFO - [Times of India] Attempt 1/1: Trying with 'selenium_browser' strategy...
2025-11-30 15:25:33,684 - INFO - [Times of India] Page content loaded.
2025-11-30 15:25:33,861 - INFO - [Times of India] Success with 'selenium_browser'. Found content (899 words).
2025-11-30 15:25:33,928 - INFO - Duplicate article skipped: UAE is changing key tax rules from January 2026 — here’s what it means for you | World News - The Times of India from Times of India
2025-11-30 15:25:35,260 - INFO - [Times of India] Article: https://timesofindia.indiatimes.com/world/middle-east/dubai-telecom-giant-offers-54gb-free-data-for-uae-54th-national-day/articleshow/125668394.cms
2025-11-30 15:25:35,260 - INFO - [Times of India] Attempt 1/1: Trying with 'selenium_browser' strategy...
2025-11-30 15:25:36,268 - INFO - [Times of India] Page content loaded.
2025-11-30 15:25:36,407 - INFO - [Times of India] Success with 'selenium_browser'. Found content (624 words).
2025-11-30 15:25:36,474 - INFO - Duplicate article skipped: Dubai telecom giant offers 54GB free data for UAE 54th National Day | World News - The Times of India from Times of India
2025-11-30 15:25:37,425 - INFO - [Times of India] Article: https://timesofindia.indiatimes.com/world/rest-of-world/malaysia-custody-deaths-over-300-migrants-died-since-2020-raids-intensify-on-illegal-immigrants/articleshow/125668158.cms
2025-11-30 15:25:37,425 - INFO - [Times of India] Attempt 1/1: Trying with 'selenium_browser' strategy...
2025-11-30 15:25:38,507 - INFO - [Times of India] Page content loaded.
2025-11-30 15:25:38,660 - INFO - [Times of India] Success with 'selenium_browser'. Found content (599 words).
2025-11-30 15:25:38,925 - INFO - Duplicate article skipped: Malaysia custody deaths: Over 300 migrants died since 2020; raids intensify on illegal immigrants - The Times of India from Times of India
2025-11-30 15:25:39,714 - INFO - [Times of India] Article: https://timesofindia.indiatimes.com/world/rest-of-world/congo-disaster-boat-capsizes-on-lake-mai-ndombe-due-to-violent-winds-20-dead/articleshow/125668175.cms
2025-11-30 15:25:39,714 - INFO - [Times of India] Attempt 1/1: Trying with 'selenium_browser' strategy...
2025-11-30 15:25:43,463 - INFO - [Times of India] Page content loaded.
2025-11-30 15:25:43,894 - INFO - [Times of India] Success with 'selenium_browser'. Found content (134 words).
2025-11-30 15:25:44,001 - INFO - Duplicate article skipped: Congo disaster: Boat capsizes on Lake Mai-Ndombe due to violent winds; 20 dead - The Times of India from Times of India
2025-11-30 15:25:44,750 - INFO - [Times of India] Article: https://timesofindia.indiatimes.com/world/us/donald-trumps-childhood-home-up-for-sale-queens-house-hits-market-again-at-2-3-million-know-all-about-the-tudor-style-property/articleshow/125668187.cms
2025-11-30 15:25:44,751 - INFO - [Times of India] Attempt 1/1: Trying with 'selenium_browser' strategy...
2025-11-30 15:25:46,630 - INFO - [Times of India] Page content loaded.
2025-11-30 15:25:46,786 - INFO - [Times of India] Success with 'selenium_browser'. Found content (346 words).
2025-11-30 15:25:46,890 - INFO - Duplicate article skipped: Donald Trump’s childhood home up for sale: Queens house hits market again at $2.3 million - know all about the Tudor-style property - The Times of India from Times of India
2025-11-30 15:25:48,088 - INFO - [Times of India] Article: https://timesofindia.indiatimes.com/world/rest-of-world/nigeria-12-abducted-borno-woman-and-girls-released/articleshow/125668218.cms
2025-11-30 15:25:48,088 - INFO - [Times of India] Attempt 1/1: Trying with 'selenium_browser' strategy...
2025-11-30 15:26:05,229 - ERROR - [The Hindu] Request failed for strategy 'selenium_browser' on URL https://www.thehindu.com/news/national/mann-ki-baat-tamil-is-the-pride-of-india-says-pm-modi/article70342006.ece: Message: timeout: Timed out receiving message from renderer: 60.000
  (Session info: chrome=142.0.7444.162)
Stacktrace:
#0 0x5562fee1932a <unknown>
#1 0x5562fe865e4b <unknown>
#2 0x5562fe84de0d <unknown>
#3 0x5562fe84daf0 <unknown>
#4 0x5562fe84b8ff <unknown>
#5 0x5562fe84c27f <unknown>
#6 0x5562fe85aca3 <unknown>
#7 0x5562fe874601 <unknown>
#8 0x5562fe87ae0b <unknown>
#9 0x5562fe84c9bd <unknown>
#10 0x5562fe8743a7 <unknown>
#11 0x5562fe904cc7 <unknown>
#12 0x5562fe8aac1a <unknown>
#13 0x5562fe8ab921 <unknown>
#14 0x5562fede0239 <unknown>
#15 0x5562fede31e8 <unknown>
#16 0x5562fedc94c9 <unknown>
#17 0x5562fede3db5 <unknown>
#18 0x5562fedb0e93 <unknown>
#19 0x5562fee06098 <unknown>
#20 0x5562fee06273 <unknown>
#21 0x5562fee182c3 <unknown>
#22 0x7f12e8a9caa4 <unknown>
#23 0x7f12e8b29c6c <unknown>

2025-11-30 15:26:05,229 - ERROR - [The Hindu] All scrape strategies failed for https://www.thehindu.com/news/national/mann-ki-baat-tamil-is-the-pride-of-india-says-pm-modi/article70342006.ece. Falling back to RSS description.
2025-11-30 15:26:17,200 - INFO - Saved article: Mann ki Baat: Tamil is the pride of India, says PM Modi from The Hindu
2025-11-30 15:26:18,444 - INFO - [The Hindu] Article: https://www.thehindu.com/news/national/andhra-pradesh/bjp-organises-mass-viewing-of-mann-ki-baat-at-5000-locations-in-andhra-pradesh/article70341758.ece
2025-11-30 15:26:18,444 - INFO - [The Hindu] Attempt 1/1: Trying with 'selenium_browser' strategy...
2025-11-30 15:27:18,457 - ERROR - [The Hindu] Request failed for strategy 'selenium_browser' on URL https://www.thehindu.com/news/national/andhra-pradesh/bjp-organises-mass-viewing-of-mann-ki-baat-at-5000-locations-in-andhra-pradesh/article70341758.ece: Message: timeout: Timed out receiving message from renderer: 60.000
  (Session info: chrome=142.0.7444.162)
Stacktrace:
#0 0x5562fee1932a <unknown>
#1 0x5562fe865e4b <unknown>
#2 0x5562fe84de0d <unknown>
#3 0x5562fe84daf0 <unknown>
#4 0x5562fe84b8ff <unknown>
#5 0x5562fe84c27f <unknown>
#6 0x5562fe85aca3 <unknown>
#7 0x5562fe874601 <unknown>
#8 0x5562fe87ae0b <unknown>
#9 0x5562fe84c9bd <unknown>
#10 0x5562fe8743a7 <unknown>
#11 0x5562fe904cc7 <unknown>
#12 0x5562fe8aac1a <unknown>
#13 0x5562fe8ab921 <unknown>
#14 0x5562fede0239 <unknown>
#15 0x5562fede31e8 <unknown>
#16 0x5562fedc94c9 <unknown>
#17 0x5562fede3db5 <unknown>
#18 0x5562fedb0e93 <unknown>
#19 0x5562fee06098 <unknown>
#20 0x5562fee06273 <unknown>
#21 0x5562fee182c3 <unknown>
#22 0x7f12e8a9caa4 <unknown>
#23 0x7f12e8b29c6c <unknown>

2025-11-30 15:27:18,457 - ERROR - [The Hindu] All scrape strategies failed for https://www.thehindu.com/news/national/andhra-pradesh/bjp-organises-mass-viewing-of-mann-ki-baat-at-5000-locations-in-andhra-pradesh/article70341758.ece. Falling back to RSS description.
2025-11-30 15:27:29,473 - INFO - Saved article: BJP organises mass screening of ‘Mann Ki Baat’ at 5,000 locations in Andhra Pradesh from The Hindu
2025-11-30 15:27:30,778 - INFO - [The Hindu] Article: https://www.thehindu.com/news/national/tamil-nadu/kodanad-dacoity-cum-murder-cb-cid-seeks-interpol-nfsu-gandhinagar-to-expedite-vital-reports/article70342303.ece
2025-11-30 15:27:30,778 - INFO - [The Hindu] Attempt 1/1: Trying with 'selenium_browser' strategy...
2025-11-30 15:27:48,177 - ERROR - [Times of India] Request failed for strategy 'selenium_browser' on URL https://timesofindia.indiatimes.com/world/rest-of-world/nigeria-12-abducted-borno-woman-and-girls-released/articleshow/125668218.cms: HTTPConnectionPool(host='localhost', port=57279): Read timed out. (read timeout=120)
2025-11-30 15:27:48,177 - ERROR - [Times of India] All scrape strategies failed for https://timesofindia.indiatimes.com/world/rest-of-world/nigeria-12-abducted-borno-woman-and-girls-released/articleshow/125668218.cms. Falling back to RSS description.
2025-11-30 15:27:48,177 - INFO - Duplicate article skipped: Nigeria: 12 abducted Borno woman and girls released from Times of India
2025-11-30 15:27:49,465 - INFO - [Times of India] Article: https://timesofindia.indiatimes.com/world/us/white-house-launches-tracker-to-call-out-media-offenders/articleshow/125668235.cms
2025-11-30 15:27:49,465 - INFO - [Times of India] Attempt 1/1: Trying with 'selenium_browser' strategy...
2025-11-30 15:28:30,791 - ERROR - [The Hindu] Request failed for strategy 'selenium_browser' on URL https://www.thehindu.com/news/national/tamil-nadu/kodanad-dacoity-cum-murder-cb-cid-seeks-interpol-nfsu-gandhinagar-to-expedite-vital-reports/article70342303.ece: Message: timeout: Timed out receiving message from renderer: 60.000
  (Session info: chrome=142.0.7444.162)
Stacktrace:
#0 0x5562fee1932a <unknown>
#1 0x5562fe865e4b <unknown>
#2 0x5562fe84de0d <unknown>
#3 0x5562fe84daf0 <unknown>
#4 0x5562fe84b8ff <unknown>
#5 0x5562fe84c27f <unknown>
#6 0x5562fe85aca3 <unknown>
#7 0x5562fe874601 <unknown>
#8 0x5562fe87ae0b <unknown>
#9 0x5562fe84c9bd <unknown>
#10 0x5562fe8743a7 <unknown>
#11 0x5562fe904cc7 <unknown>
#12 0x5562fe8aac1a <unknown>
#13 0x5562fe8ab921 <unknown>
#14 0x5562fede0239 <unknown>
#15 0x5562fede31e8 <unknown>
#16 0x5562fedc94c9 <unknown>
#17 0x5562fede3db5 <unknown>
#18 0x5562fedb0e93 <unknown>
#19 0x5562fee06098 <unknown>
#20 0x5562fee06273 <unknown>
#21 0x5562fee182c3 <unknown>
#22 0x7f12e8a9caa4 <unknown>
#23 0x7f12e8b29c6c <unknown>

2025-11-30 15:28:30,791 - ERROR - [The Hindu] All scrape strategies failed for https://www.thehindu.com/news/national/tamil-nadu/kodanad-dacoity-cum-murder-cb-cid-seeks-interpol-nfsu-gandhinagar-to-expedite-vital-reports/article70342303.ece. Falling back to RSS description.
2025-11-30 15:28:37,963 - CRITICAL - --- TIMEOUT: 2 scrape jobs did not complete in 300s. ---
2025-11-30 15:28:37,963 - ERROR - A thread has timed out and will be abandoned.
2025-11-30 15:28:37,963 - ERROR - A thread has timed out and will be abandoned.
2025-11-30 15:28:37,963 - INFO - Shutting down thread pool (wait=False)...
2025-11-30 15:28:37,963 - INFO - Scraped: 0 The Guardian, 0 BBC, 2 Timed_Out_Jobs articles. (Total saved: 0)
2025-11-30 15:28:37,963 - INFO - --- Scraping job finished ---
2025-11-30 15:28:37,964 - INFO - --- Scraper service stopped and database connection closed. ---
2025-11-30 15:28:37,964 - INFO - --- Main thread finished. Forcing process exit to kill zombie threads. ---
