2025-12-04 10:53:35,134 - INFO - Loading AI Semantic Model (all-MiniLM-L6-v2)...
2025-12-04 10:53:35,135 - INFO - Use pytorch device_name: cpu
2025-12-04 10:53:35,135 - INFO - Load pretrained SentenceTransformer: all-MiniLM-L6-v2
2025-12-04 10:53:36,413 - INFO - AI Model loaded successfully.
2025-12-04 10:53:36,413 - INFO - Initializing database connection at: news_articles.db
2025-12-04 10:53:36,413 - INFO - --- Scraper service started (CI Mode: Run Once) ---
2025-12-04 10:53:36,413 - INFO - --- Starting new scraping job (Parallel Mode) ---
2025-12-04 10:53:36,413 - INFO - Creating new robust session with 3 retries on 5xx/connection/read errors.
2025-12-04 10:53:36,413 - INFO - Proxy is DISABLED.
2025-12-04 10:53:36,414 - INFO - Starting scrape for BBC RSS feed: http://feeds.bbci.co.uk/news/world/rss.xml
2025-12-04 10:53:36,415 - INFO - [Times of India] (Thread) requires Selenium. Initializing driver...
2025-12-04 10:53:36,415 - INFO - Initializing headless Selenium Chrome driver (using SeleniumManager)...
2025-12-04 10:53:36,415 - INFO - Starting scrape for The Guardian RSS feed: https://www.theguardian.com/world/rss
2025-12-04 10:53:36,417 - INFO - [The Hindu] (Thread) requires Selenium. Initializing driver...
2025-12-04 10:53:36,417 - INFO - Initializing headless Selenium Chrome driver (using SeleniumManager)...
2025-12-04 10:53:36,417 - INFO - Submitted 4 jobs to thread pool. Waiting up to 300s for completion...
2025-12-04 10:53:36,489 - INFO - Found 45 articles in The Guardian RSS feed. Processing up to 20.
2025-12-04 10:53:36,489 - INFO - [The Guardian] Article: https://www.theguardian.com/world/2025/dec/04/us-eu-critical-minerals-project-drc-report-lobito-corridor
2025-12-04 10:53:36,489 - INFO - [The Guardian] Attempt 1/1: Trying with 'requests_browser' strategy...
2025-12-04 10:53:36,633 - INFO - Found 39 articles in BBC RSS feed. Processing up to 20.
2025-12-04 10:53:36,634 - INFO - [BBC] Article: https://www.bbc.com/news/articles/c4g5rrlve33o?at_medium=RSS&at_campaign=rss
2025-12-04 10:53:36,634 - INFO - [BBC] Attempt 1/1: Trying with 'requests_browser' strategy...
2025-12-04 10:53:36,778 - INFO - [BBC] Success with 'requests_browser'. Found content (913 words).
2025-12-04 10:53:36,816 - INFO - Duplicate article skipped: Previously unseen images of Jeffrey Epstein's island released from BBC
2025-12-04 10:53:36,951 - INFO - [The Guardian] Success with 'requests_browser'. Found content (765 words).
2025-12-04 10:53:36,984 - INFO - Duplicate article skipped: US and EU critical minerals project could displace thousands in DR Congo – report | Democratic Republic of the Congo | The Guardian from The Guardian
2025-12-04 10:53:37,903 - INFO - [BBC] Article: https://www.bbc.com/news/articles/c7731n5z6d3o?at_medium=RSS&at_campaign=rss
2025-12-04 10:53:37,903 - INFO - [BBC] Attempt 1/1: Trying with 'requests_browser' strategy...
2025-12-04 10:53:38,125 - INFO - [BBC] Success with 'requests_browser'. Found content (1075 words).
2025-12-04 10:53:38,160 - INFO - Duplicate article skipped: Ukraine and US negotiators to meet in Florida after Moscow talks, White House says from BBC
2025-12-04 10:53:38,180 - INFO - [The Guardian] Article: https://www.theguardian.com/global-development/2025/dec/04/aid-cuts-africa-uganda-stops-refugee-status-eritreans-somalis-ethiopians
2025-12-04 10:53:38,180 - INFO - [The Guardian] Attempt 1/1: Trying with 'requests_browser' strategy...
2025-12-04 10:53:38,649 - INFO - [The Guardian] Success with 'requests_browser'. Found content (587 words).
2025-12-04 10:53:38,685 - INFO - Duplicate article skipped: Uganda stops granting refugee status for Eritreans, Somalis and Ethiopians | Global development | The Guardian from The Guardian
2025-12-04 10:53:39,112 - INFO - [BBC] Article: https://www.bbc.com/news/articles/cj4q2vpggr9o?at_medium=RSS&at_campaign=rss
2025-12-04 10:53:39,112 - INFO - [BBC] Attempt 1/1: Trying with 'requests_browser' strategy...
2025-12-04 10:53:39,147 - INFO - [BBC] Success with 'requests_browser'. Found content (1434 words).
2025-12-04 10:53:39,201 - INFO - Duplicate article skipped: India-Russia: Why Putin and Modi are meeting in Delhi from BBC
2025-12-04 10:53:39,716 - INFO - [BBC] Article: https://www.bbc.com/news/articles/cp84y7jx2pzo?at_medium=RSS&at_campaign=rss
2025-12-04 10:53:39,716 - INFO - [BBC] Attempt 1/1: Trying with 'requests_browser' strategy...
2025-12-04 10:53:39,778 - INFO - Selenium driver initialized successfully.
2025-12-04 10:53:39,778 - INFO - Starting scrape for The Hindu RSS feed: https://www.thehindu.com/news/national/feeder/default.rss
2025-12-04 10:53:39,782 - INFO - Selenium driver initialized successfully.
2025-12-04 10:53:39,782 - INFO - Starting scrape for Times of India RSS feed: https://timesofindia.indiatimes.com/rssfeeds/296589292.cms
2025-12-04 10:53:39,856 - INFO - Found 20 articles in Times of India RSS feed. Processing up to 20.
2025-12-04 10:53:39,856 - INFO - [Times of India] Article: https://timesofindia.indiatimes.com/world/middle-east/uae-abu-dhabi-launches-ai-scholarship-for-undergraduate-students-at-mbzuai/articleshow/125763909.cms
2025-12-04 10:53:39,856 - INFO - [Times of India] Attempt 1/1: Trying with 'selenium_browser' strategy...
2025-12-04 10:53:39,912 - INFO - [The Guardian] Article: https://www.theguardian.com/artanddesign/2025/dec/04/ibrahim-mahama-ghana-tops-artreview-power-list
2025-12-04 10:53:39,912 - INFO - [The Guardian] Attempt 1/1: Trying with 'requests_browser' strategy...
2025-12-04 10:53:40,101 - INFO - [The Guardian] Success with 'requests_browser'. Found content (604 words).
2025-12-04 10:53:40,142 - INFO - Duplicate article skipped: Ghana’s Ibrahim Mahama first African to top annual art power list | Art | The Guardian from The Guardian
2025-12-04 10:53:40,312 - INFO - [BBC] Success with 'requests_browser'. Found content (357 words).
2025-12-04 10:53:40,522 - INFO - Duplicate article skipped: South Korea: Government developing app showing real-time location of stalkers from BBC
2025-12-04 10:53:40,659 - INFO - Found 100 articles in The Hindu RSS feed. Processing up to 20.
2025-12-04 10:53:40,659 - INFO - [The Hindu] Article: https://www.thehindu.com/business/Economy/health-national-security-cess-not-on-essential-commodities-revenues-to-be-shared-with-states-fm/article70357227.ece
2025-12-04 10:53:40,659 - INFO - [The Hindu] Attempt 1/1: Trying with 'selenium_browser' strategy...
2025-12-04 10:53:41,027 - INFO - [The Guardian] Article: https://www.theguardian.com/uk-news/2025/dec/03/british-troops-accused-of-human-rights-violations-environmental-destruction-and-sexual-abuse-in-kenya
2025-12-04 10:53:41,027 - INFO - [The Guardian] Attempt 1/1: Trying with 'requests_browser' strategy...
2025-12-04 10:53:41,251 - INFO - [The Guardian] Success with 'requests_browser'. Found content (772 words).
2025-12-04 10:53:41,355 - INFO - Duplicate article skipped: British troops accused of human rights violations and sexual abuse in Kenya | British army | The Guardian from The Guardian
2025-12-04 10:53:41,753 - INFO - [BBC] Article: https://www.bbc.com/news/articles/cd6x2j4g3z7o?at_medium=RSS&at_campaign=rss
2025-12-04 10:53:41,753 - INFO - [BBC] Attempt 1/1: Trying with 'requests_browser' strategy...
2025-12-04 10:53:41,938 - INFO - [The Guardian] Article: https://www.theguardian.com/global-development/2025/dec/03/whistleblower-accuses-foreign-office-of-censoring-warning-of-sudan-genocide
2025-12-04 10:53:41,938 - INFO - [The Guardian] Attempt 1/1: Trying with 'requests_browser' strategy...
2025-12-04 10:53:42,043 - INFO - [BBC] Success with 'requests_browser'. Found content (447 words).
2025-12-04 10:53:42,131 - INFO - Duplicate article skipped: Israel receives coffin that Hamas says contains Gaza hostage's body from BBC
2025-12-04 10:53:42,206 - INFO - [The Guardian] Success with 'requests_browser'. Found content (1465 words).
2025-12-04 10:53:42,337 - INFO - Duplicate article skipped: Whistleblower accuses Foreign Office of ‘censoring’ warning of Sudan genocide | Global development | The Guardian from The Guardian
2025-12-04 10:53:42,845 - INFO - [BBC] Article: https://www.bbc.com/news/articles/cdxekqryn1jo?at_medium=RSS&at_campaign=rss
2025-12-04 10:53:42,845 - INFO - [BBC] Attempt 1/1: Trying with 'requests_browser' strategy...
2025-12-04 10:53:42,888 - INFO - [The Guardian] Article: https://www.theguardian.com/us-news/2025/dec/03/epstein-caribbean-island-new-photo-video-release
2025-12-04 10:53:42,888 - INFO - [The Guardian] Attempt 1/1: Trying with 'requests_browser' strategy...
2025-12-04 10:53:43,049 - INFO - [BBC] Success with 'requests_browser'. Found content (720 words).
2025-12-04 10:53:43,094 - INFO - [The Guardian] Success with 'requests_browser'. Found content (373 words).
2025-12-04 10:53:43,296 - INFO - Duplicate article skipped: Meta starts kicking Australian children off Instagram and Facebook from BBC
2025-12-04 10:53:43,362 - INFO - Duplicate article skipped: House Democrats release new images of Epstein’s private Caribbean island | Jeffrey Epstein | The Guardian from The Guardian
2025-12-04 10:53:44,341 - INFO - [BBC] Article: https://www.bbc.com/news/articles/c5y9843engko?at_medium=RSS&at_campaign=rss
2025-12-04 10:53:44,341 - INFO - [BBC] Attempt 1/1: Trying with 'requests_browser' strategy...
2025-12-04 10:53:44,440 - INFO - [BBC] Success with 'requests_browser'. Found content (445 words).
2025-12-04 10:53:44,473 - INFO - [The Guardian] Article: https://www.theguardian.com/world/2025/dec/03/colombia-trump-warning-military-threat
2025-12-04 10:53:44,474 - INFO - [The Guardian] Attempt 1/1: Trying with 'requests_browser' strategy...
2025-12-04 10:53:44,547 - INFO - Duplicate article skipped: Pritam Singh: Singapore court upholds opposition leader's conviction from BBC
2025-12-04 10:53:44,569 - INFO - [The Guardian] Success with 'requests_browser'. Found content (612 words).
2025-12-04 10:53:44,660 - INFO - Duplicate article skipped: Colombia’s president warns Trump: ‘Do not wake the jaguar’ with threats of military strikes | Colombia | The Guardian from The Guardian
2025-12-04 10:53:45,175 - INFO - [The Guardian] Article: https://www.theguardian.com/us-news/live/2025/dec/02/donald-trump-pete-hegseth-boat-venezuela-maduro-tennessee-us-politics-live-news-updates
2025-12-04 10:53:45,175 - INFO - [The Guardian] Attempt 1/1: Trying with 'requests_browser' strategy...
2025-12-04 10:53:46,015 - INFO - [BBC] Article: https://www.bbc.com/news/articles/cjrjn88jqn4o?at_medium=RSS&at_campaign=rss
2025-12-04 10:53:46,016 - INFO - [BBC] Attempt 1/1: Trying with 'requests_browser' strategy...
2025-12-04 10:53:46,116 - INFO - [The Hindu] Page content loaded.
2025-12-04 10:53:46,442 - INFO - [BBC] Success with 'requests_browser'. Found content (852 words).
2025-12-04 10:53:46,673 - INFO - [The Guardian] Success with 'requests_browser'. Found content (4155 words).
2025-12-04 10:53:46,762 - INFO - Duplicate article skipped: Trump to host DR Congo's Félix Tshisekedi and Rwanda's Paul Kagame to sign peace deal from BBC
2025-12-04 10:53:46,828 - INFO - [The Hindu] Success with 'selenium_browser'. Found content (220 words).
2025-12-04 10:53:47,483 - INFO - Duplicate article skipped: Pete Hegseth says he ‘didn’t stick around’ to watch second strike on alleged drug boat as Democrats slam administration over attacks – as it happened | Trump administration | The Guardian from The Guardian
2025-12-04 10:53:47,767 - INFO - [BBC] Article: https://www.bbc.com/news/articles/c8dy1613j2ro?at_medium=RSS&at_campaign=rss
2025-12-04 10:53:47,767 - INFO - [BBC] Attempt 1/1: Trying with 'requests_browser' strategy...
2025-12-04 10:53:47,969 - INFO - [BBC] Success with 'requests_browser'. Found content (876 words).
2025-12-04 10:53:48,695 - INFO - [The Guardian] Article: https://www.theguardian.com/world/2025/dec/02/trump-intervention-honduras-presidential-vote-count-stalls-nasry-asfura
2025-12-04 10:53:48,695 - INFO - [The Guardian] Attempt 1/1: Trying with 'requests_browser' strategy...
2025-12-04 10:53:48,833 - INFO - [The Guardian] Success with 'requests_browser'. Found content (945 words).
2025-12-04 10:54:13,417 - INFO - Saved article: Health, National Security Cess not on essential commodities, revenues to be shared with States: FM - The Hindu from The Hindu
2025-12-04 10:54:13,417 - INFO - Duplicate article skipped: Minnesota's Somali community braces for immigration crackdown from BBC
2025-12-04 10:54:13,418 - INFO - Duplicate article skipped: Trump frees ex-Honduran president from prison as country awaits knife-edge election result | Honduras | The Guardian from The Guardian
2025-12-04 10:54:14,200 - INFO - [The Guardian] Article: https://www.theguardian.com/us-news/2025/dec/02/pete-hegseth-franklin-the-turtle
2025-12-04 10:54:14,200 - INFO - [The Guardian] Attempt 1/1: Trying with 'requests_browser' strategy...
2025-12-04 10:54:14,203 - INFO - [BBC] Article: https://www.bbc.com/news/articles/cqjg7w8z7dvo?at_medium=RSS&at_campaign=rss
2025-12-04 10:54:14,203 - INFO - [BBC] Attempt 1/1: Trying with 'requests_browser' strategy...
2025-12-04 10:54:14,229 - INFO - [BBC] Success with 'requests_browser'. Found content (387 words).
2025-12-04 10:54:14,267 - INFO - Duplicate article skipped: Court sides with Adidas in appeal over Kanye West collaboration from BBC
2025-12-04 10:54:14,669 - INFO - [The Guardian] Success with 'requests_browser'. Found content (438 words).
2025-12-04 10:54:14,713 - INFO - Duplicate article skipped: Publisher condemns ‘violent’ use of Franklin the Turtle after Hegseth’s boat strike post | Pete Hegseth | The Guardian from The Guardian
2025-12-04 10:54:14,915 - INFO - [The Hindu] Article: https://www.thehindu.com/entertainment/music/anoushka-shankars-sitar-damaged-on-air-india-flight-airline-says-its-investigating/article70357137.ece
2025-12-04 10:54:14,915 - INFO - [The Hindu] Attempt 1/1: Trying with 'selenium_browser' strategy...
2025-12-04 10:54:15,130 - INFO - [BBC] Article: https://www.bbc.com/news/articles/cm2054rdv52o?at_medium=RSS&at_campaign=rss
2025-12-04 10:54:15,130 - INFO - [BBC] Attempt 1/1: Trying with 'requests_browser' strategy...
2025-12-04 10:54:15,203 - INFO - [BBC] Success with 'requests_browser'. Found content (1064 words).
2025-12-04 10:54:15,354 - INFO - Duplicate article skipped: Hong Kong fire survivor: 'My heart breaks every time I'm called a hero' from BBC
2025-12-04 10:54:16,002 - INFO - [The Guardian] Article: https://www.theguardian.com/world/2025/dec/04/thailand-scam-cyberscam-crackdown-arrests-south-east-asia
2025-12-04 10:54:16,002 - INFO - [The Guardian] Attempt 1/1: Trying with 'requests_browser' strategy...
2025-12-04 10:54:16,035 - INFO - [The Guardian] Success with 'requests_browser'. Found content (575 words).
2025-12-04 10:54:16,382 - INFO - [BBC] Article: https://www.bbc.com/news/articles/cnv21m0zpjmo?at_medium=RSS&at_campaign=rss
2025-12-04 10:54:16,387 - INFO - [BBC] Attempt 1/1: Trying with 'requests_browser' strategy...
2025-12-04 10:54:16,409 - INFO - Duplicate article skipped: Thailand seizes more than $300m in assets and issues 42 arrest warrants in cyberscam crackdown | Thailand | The Guardian from The Guardian
2025-12-04 10:54:16,790 - INFO - [BBC] Success with 'requests_browser'. Found content (270 words).
2025-12-04 10:54:16,839 - INFO - Duplicate article skipped: Gaza: Five killed in Israeli air strikes on tents near Khan Younis, medics say from BBC
2025-12-04 10:54:17,427 - INFO - [The Hindu] Page content loaded.
2025-12-04 10:54:17,539 - INFO - [The Hindu] Success with 'selenium_browser'. Found content (574 words).
2025-12-04 10:54:17,600 - INFO - [The Guardian] Article: https://www.theguardian.com/news/2025/dec/04/hong-kong-fire-death-toll-protective-netting-remove
2025-12-04 10:54:17,600 - INFO - [The Guardian] Attempt 1/1: Trying with 'requests_browser' strategy...
2025-12-04 10:54:17,776 - INFO - [The Guardian] Success with 'requests_browser'. Found content (689 words).
2025-12-04 10:54:18,047 - INFO - [BBC] Article: https://www.bbc.com/news/articles/cpwk7xen544o?at_medium=RSS&at_campaign=rss
2025-12-04 10:54:18,048 - INFO - [BBC] Attempt 1/1: Trying with 'requests_browser' strategy...
2025-12-04 10:54:18,375 - INFO - [BBC] Success with 'requests_browser'. Found content (668 words).
2025-12-04 10:54:31,901 - INFO - Saved article: Anoushka Shankar's sitar damaged on Air India flight; airline says it’s investigating - The Hindu from The Hindu
2025-12-04 10:54:31,901 - INFO - Duplicate article skipped: Hong Kong warns ‘external forces’ working to exploit apartment fire, as death toll rises to 159 | Hong Kong apartment fires | The Guardian from The Guardian
2025-12-04 10:54:31,901 - INFO - Duplicate article skipped: Israel says Rafah crossing to open soon to let Gazans leave via Egypt from BBC
2025-12-04 10:54:32,787 - INFO - [The Hindu] Article: https://www.thehindu.com/news/national/tamil-nadu/political-leaders-artistes-pay-tribute-to-veteran-tamil-cinema-producer-avm-saravanan/article70357031.ece
2025-12-04 10:54:32,787 - INFO - [The Hindu] Attempt 1/1: Trying with 'selenium_browser' strategy...
2025-12-04 10:54:33,152 - INFO - [The Guardian] Article: https://www.theguardian.com/world/2025/dec/03/eu-strategy-raw-materials-rare-earths-supply-chain-resourceeu
2025-12-04 10:54:33,152 - INFO - [The Guardian] Attempt 1/1: Trying with 'requests_browser' strategy...
2025-12-04 10:54:33,153 - INFO - [BBC] Article: https://www.bbc.com/news/articles/c2lvzrve5lqo?at_medium=RSS&at_campaign=rss
2025-12-04 10:54:33,153 - INFO - [BBC] Attempt 1/1: Trying with 'requests_browser' strategy...
2025-12-04 10:54:33,331 - INFO - [The Guardian] Success with 'requests_browser'. Found content (725 words).
2025-12-04 10:54:33,392 - INFO - Duplicate article skipped: EU looks at legally forcing industries to reduce purchases from China | Mining | The Guardian from The Guardian
2025-12-04 10:54:33,468 - INFO - [The Hindu] Page content loaded.
2025-12-04 10:54:33,519 - INFO - [The Hindu] Success with 'selenium_browser'. Found content (509 words).
2025-12-04 10:54:33,908 - INFO - [BBC] Success with 'requests_browser'. Found content (371 words).
2025-12-04 10:54:34,351 - INFO - [The Guardian] Article: https://www.theguardian.com/business/2025/dec/03/hsbc-appoints-interim-chair-brendan-nelson-to-permanent-role
2025-12-04 10:54:34,351 - INFO - [The Guardian] Attempt 1/1: Trying with 'requests_browser' strategy...
2025-12-04 10:54:34,636 - INFO - [The Guardian] Success with 'requests_browser'. Found content (605 words).
2025-12-04 10:54:50,000 - INFO - DEDUPLICATION: Found match (Score: 0.83). Linking to Cluster ID: 71fa0702-5c37-4297-8bb8-b840c8259964
2025-12-04 10:54:50,002 - INFO - Saved article: Political leaders, artistes pay tribute to veteran Tamil cinema producer AVM Saravanan - The Hindu from The Hindu
2025-12-04 10:54:50,002 - INFO - Duplicate article skipped: Federica Mogherini: Former EU top diplomat accused in fraud investigation from BBC
2025-12-04 10:54:50,002 - INFO - Duplicate article skipped: HSBC appoints interim chair Brendan Nelson to permanent role | HSBC | The Guardian from The Guardian
2025-12-04 10:54:50,716 - INFO - [The Hindu] Article: https://www.thehindu.com/news/national/kerala/i-trust-john-brittas-more-than-dharmendra-pradhan-says-cpis-binoy-viswam-over-his-role-in-pm-shri/article70357161.ece
2025-12-04 10:54:50,716 - INFO - [The Hindu] Attempt 1/1: Trying with 'selenium_browser' strategy...
2025-12-04 10:54:50,867 - INFO - [BBC] Article: https://www.bbc.com/news/articles/cy8jnxxm70jo?at_medium=RSS&at_campaign=rss
2025-12-04 10:54:50,867 - INFO - [BBC] Attempt 1/1: Trying with 'requests_browser' strategy...
2025-12-04 10:54:50,893 - INFO - [BBC] Success with 'requests_browser'. Found content (247 words).
2025-12-04 10:54:50,930 - INFO - Duplicate article skipped: Drunk raccoon found passed out on liquor store floor after breaking in from BBC
2025-12-04 10:54:50,958 - INFO - [The Guardian] Article: https://www.theguardian.com/world/2025/dec/03/search-for-malaysia-airline-flight-mh370-to-resume-over-11-years-after-plane-went-missing
2025-12-04 10:54:50,958 - INFO - [The Guardian] Attempt 1/1: Trying with 'requests_browser' strategy...
2025-12-04 10:54:51,466 - INFO - [The Guardian] Success with 'requests_browser'. Found content (851 words).
2025-12-04 10:54:51,555 - INFO - Duplicate article skipped: Malaysia Airlines flight MH370 search to resume 11 years after jet went missing | Malaysia Airlines flight MH370 | The Guardian from The Guardian
2025-12-04 10:54:51,655 - INFO - [BBC] Article: https://www.bbc.com/news/articles/cvgq5dvygllo?at_medium=RSS&at_campaign=rss
2025-12-04 10:54:51,655 - INFO - [BBC] Attempt 1/1: Trying with 'requests_browser' strategy...
2025-12-04 10:54:51,863 - INFO - [The Hindu] Page content loaded.
2025-12-04 10:54:51,878 - INFO - [BBC] Success with 'requests_browser'. Found content (1030 words).
2025-12-04 10:54:51,945 - INFO - Duplicate article skipped: Kenyan MPs accuse British soldiers from Batuk of sexual abuse in Laikipia from BBC
2025-12-04 10:54:51,961 - INFO - [The Hindu] Success with 'selenium_browser'. Found content (265 words).
2025-12-04 10:54:52,866 - INFO - [The Guardian] Article: https://www.theguardian.com/australia-news/2025/dec/04/ndis-participants-will-have-no-external-avenue-to-appeal-funding-amounts-under-new-system-senate-estimates-told
2025-12-04 10:54:52,866 - INFO - [The Guardian] Attempt 1/1: Trying with 'requests_browser' strategy...
2025-12-04 10:54:53,109 - INFO - [BBC] Article: https://www.bbc.com/news/articles/c1m8g5x1xmko?at_medium=RSS&at_campaign=rss
2025-12-04 10:54:53,109 - INFO - [BBC] Attempt 1/1: Trying with 'requests_browser' strategy...
2025-12-04 10:54:53,419 - INFO - [The Guardian] Success with 'requests_browser'. Found content (674 words).
2025-12-04 10:54:54,111 - INFO - [BBC] Success with 'requests_browser'. Found content (308 words).
2025-12-04 10:55:06,972 - INFO - Saved article: I trust John Brittas more than Dharmendra Pradhan, says CPI’s Binoy Viswam over his role in PM-SHRI - The Hindu from The Hindu
2025-12-04 10:55:06,972 - INFO - Duplicate article skipped: Most NDIS participants will lose external avenue to appeal funding amounts under new system, Senate estimates told | National disability insurance scheme | The Guardian from The Guardian
2025-12-04 10:55:06,972 - INFO - Duplicate article skipped: Three French teens drown in freak car crash in swimming pool from BBC
2025-12-04 10:55:07,734 - INFO - [BBC] Article: https://www.bbc.com/news/articles/c62v9z7z1z2o?at_medium=RSS&at_campaign=rss
2025-12-04 10:55:07,734 - INFO - [BBC] Attempt 1/1: Trying with 'requests_browser' strategy...
2025-12-04 10:55:07,806 - INFO - [The Guardian] Article: https://www.theguardian.com/australia-news/live/2025/dec/04/australia-news-live-senate-estimates-national-fiscal-outlook-labor-coalition-cost-of-living-victoria-public-service-cuts-ntwnfb
2025-12-04 10:55:07,806 - INFO - [The Guardian] Attempt 1/1: Trying with 'requests_browser' strategy...
2025-12-04 10:55:07,871 - INFO - [The Hindu] Article: https://www.thehindu.com/news/cities/Hyderabad/indigo-madinah-hyderabad-flight-diverted-to-ahmedabad-following-bomb-threat/article70357268.ece
2025-12-04 10:55:07,871 - INFO - [The Hindu] Attempt 1/1: Trying with 'selenium_browser' strategy...
2025-12-04 10:55:08,222 - INFO - [The Guardian] Success with 'requests_browser'. Found content (2715 words).
2025-12-04 10:55:08,336 - INFO - Duplicate article skipped: Marles says Labor ‘working through’ Trump administration’s Aukus review – as it happened | Australia news | The Guardian from The Guardian
2025-12-04 10:55:08,666 - INFO - [BBC] Success with 'requests_browser'. Found content (485 words).
2025-12-04 10:55:09,055 - INFO - Duplicate article skipped: Henry Cuellar: Trump says he is pardoning Democratic congressman in bribery case from BBC
2025-12-04 10:55:09,362 - INFO - [The Hindu] Page content loaded.
2025-12-04 10:55:09,404 - INFO - [The Hindu] Success with 'selenium_browser'. Found content (218 words).
2025-12-04 10:55:09,410 - INFO - [The Guardian] Article: https://www.theguardian.com/australia-news/2025/dec/04/giant-esky-australias-first-indoor-snow-resort-planned-for-western-sydney-gets-chinese-backing
2025-12-04 10:55:09,410 - INFO - [The Guardian] Attempt 1/1: Trying with 'requests_browser' strategy...
2025-12-04 10:55:09,480 - INFO - Duplicate article skipped: IndiGo Madinah-Hyderabad delayed flight diverted to Ahmedabad following bomb threat - The Hindu from The Hindu
2025-12-04 10:55:09,658 - INFO - [The Guardian] Success with 'requests_browser'. Found content (353 words).
2025-12-04 10:55:09,747 - INFO - Duplicate article skipped: ‘Giant Esky’: Australia’s first indoor snow resort planned for western Sydney gets Chinese backing | Sydney | The Guardian from The Guardian
2025-12-04 10:55:09,860 - INFO - [BBC] Article: https://www.bbc.com/news/articles/c62lv79p0pdo?at_medium=RSS&at_campaign=rss
2025-12-04 10:55:09,860 - INFO - [BBC] Attempt 1/1: Trying with 'requests_browser' strategy...
2025-12-04 10:55:10,300 - INFO - [BBC] Success with 'requests_browser'. Found content (482 words).
2025-12-04 10:55:10,301 - INFO - [The Guardian] Article: https://www.theguardian.com/australia-news/2025/dec/04/sydney-drivers-stuck-in-busy-tunnel-for-up-to-four-hours-amid-fears-of-shockcrete-roof-collapse
2025-12-04 10:55:10,307 - INFO - [The Guardian] Attempt 1/1: Trying with 'requests_browser' strategy...
2025-12-04 10:55:10,433 - INFO - Duplicate article skipped: Hong Kong orders removal of scaffolding mesh after deadly blaze from BBC
2025-12-04 10:55:10,454 - INFO - [The Guardian] Success with 'requests_browser'. Found content (579 words).
2025-12-04 10:55:10,513 - INFO - Duplicate article skipped: Sydney drivers stuck in busy tunnel for up to four hours amid fears of ‘shotcrete’ roof collapse | Sydney | The Guardian from The Guardian
2025-12-04 10:55:10,810 - INFO - [The Hindu] Article: https://www.thehindu.com/news/cities/chennai/residents-of-ennores-thazhangkuppam-want-seawall-opening-to-remain/article70354768.ece
2025-12-04 10:55:10,810 - INFO - [The Hindu] Attempt 1/1: Trying with 'selenium_browser' strategy...
2025-12-04 10:55:11,542 - INFO - [BBC] Article: https://www.bbc.com/news/articles/cpq4e21nr5vo?at_medium=RSS&at_campaign=rss
2025-12-04 10:55:11,542 - INFO - [BBC] Attempt 1/1: Trying with 'requests_browser' strategy...
2025-12-04 10:55:11,570 - INFO - [BBC] Success with 'requests_browser'. Found content (438 words).
2025-12-04 10:55:11,615 - INFO - Duplicate article skipped: What latest Ukraine talks reveal about Putin's state of mind from BBC
2025-12-04 10:55:11,662 - INFO - [The Guardian] Article: https://www.theguardian.com/australia-news/2025/dec/04/man-pleads-not-guilty-over-allegedly-projecting-pro-palestine-messages-on-sydney-opera-house-forecourt-ntwnfb
2025-12-04 10:55:11,662 - INFO - [The Guardian] Attempt 1/1: Trying with 'requests_browser' strategy...
2025-12-04 10:55:11,699 - INFO - [The Hindu] Page content loaded.
2025-12-04 10:55:11,744 - INFO - [The Hindu] Success with 'selenium_browser'. Found content (312 words).
2025-12-04 10:55:11,819 - INFO - Duplicate article skipped: Residents of Ennore’s Thazhangkuppam want seawall opening to remain - The Hindu from The Hindu
2025-12-04 10:55:11,866 - INFO - [The Guardian] Success with 'requests_browser'. Found content (629 words).
2025-12-04 10:55:11,970 - INFO - Duplicate article skipped: Man pleads not guilty over allegedly projecting pro-Palestine messages on Sydney Opera House forecourt | New South Wales | The Guardian from The Guardian
2025-12-04 10:55:13,056 - INFO - [The Hindu] Article: https://www.thehindu.com/news/national/karnataka/basavaraj-horatti-likely-to-stay-on-as-karnataka-legislative-council-chairperson-amid-leadership-tussle-in-congress/article70354724.ece
2025-12-04 10:55:13,056 - INFO - [The Hindu] Attempt 1/1: Trying with 'selenium_browser' strategy...
2025-12-04 10:55:14,467 - INFO - [The Hindu] Page content loaded.
2025-12-04 10:55:14,515 - INFO - [The Hindu] Success with 'selenium_browser'. Found content (506 words).
2025-12-04 10:55:14,569 - INFO - Duplicate article skipped: Basavaraj Horatti likely to stay on as Karnataka Legislative Council Chairperson amid leadership tussle in Congress - The Hindu from The Hindu
2025-12-04 10:55:15,439 - INFO - [The Hindu] Article: https://www.thehindu.com/news/national/tamil-nadu/tn-police-get-protection-under-bnss-govt-issues-new-notification-covering-all-ranks/article70357123.ece
2025-12-04 10:55:15,439 - INFO - [The Hindu] Attempt 1/1: Trying with 'selenium_browser' strategy...
2025-12-04 10:55:39,923 - ERROR - [Times of India] Request failed for strategy 'selenium_browser' on URL https://timesofindia.indiatimes.com/world/middle-east/uae-abu-dhabi-launches-ai-scholarship-for-undergraduate-students-at-mbzuai/articleshow/125763909.cms: HTTPConnectionPool(host='localhost', port=42321): Read timed out. (read timeout=120)
2025-12-04 10:55:39,923 - ERROR - [Times of India] All scrape strategies failed for https://timesofindia.indiatimes.com/world/middle-east/uae-abu-dhabi-launches-ai-scholarship-for-undergraduate-students-at-mbzuai/articleshow/125763909.cms. Falling back to RSS description.
2025-12-04 10:55:54,821 - INFO - Saved article: UAE: Abu Dhabi launches AI scholarship for undergraduate students at MBZUAI from Times of India
2025-12-04 10:55:55,700 - INFO - [Times of India] Article: https://timesofindia.indiatimes.com/world/us/shouldnt-be-next-president-halle-berry-blasts-gavin-newsom-over-menopause-bill-says-he-overlooks-women/articleshow/125761924.cms
2025-12-04 10:55:55,700 - INFO - [Times of India] Attempt 1/1: Trying with 'selenium_browser' strategy...
2025-12-04 10:57:15,446 - ERROR - [The Hindu] Request failed for strategy 'selenium_browser' on URL https://www.thehindu.com/news/national/tamil-nadu/tn-police-get-protection-under-bnss-govt-issues-new-notification-covering-all-ranks/article70357123.ece: HTTPConnectionPool(host='localhost', port=51817): Read timed out. (read timeout=120)
2025-12-04 10:57:15,447 - ERROR - [The Hindu] All scrape strategies failed for https://www.thehindu.com/news/national/tamil-nadu/tn-police-get-protection-under-bnss-govt-issues-new-notification-covering-all-ranks/article70357123.ece. Falling back to RSS description.
2025-12-04 10:57:15,447 - INFO - Duplicate article skipped: T.N. police get protection under BNSS; govt. issues new notification covering all ranks from The Hindu
2025-12-04 10:57:16,831 - INFO - [The Hindu] Article: https://www.thehindu.com/news/national/sc-asks-states-uts-to-provide-more-staff-to-ec-for-sir-duty-to-ease-pressure-of-blos/article70357165.ece
2025-12-04 10:57:16,831 - INFO - [The Hindu] Attempt 1/1: Trying with 'selenium_browser' strategy...
2025-12-04 10:57:55,801 - ERROR - [Times of India] Request failed for strategy 'selenium_browser' on URL https://timesofindia.indiatimes.com/world/us/shouldnt-be-next-president-halle-berry-blasts-gavin-newsom-over-menopause-bill-says-he-overlooks-women/articleshow/125761924.cms: HTTPConnectionPool(host='localhost', port=42321): Read timed out. (read timeout=120)
2025-12-04 10:57:55,801 - ERROR - [Times of India] All scrape strategies failed for https://timesofindia.indiatimes.com/world/us/shouldnt-be-next-president-halle-berry-blasts-gavin-newsom-over-menopause-bill-says-he-overlooks-women/articleshow/125761924.cms. Falling back to RSS description.
2025-12-04 10:57:55,801 - INFO - Duplicate article skipped: ‘Shouldn’t be next president’: Halle Berry blasts Gavin Newsom over menopause bill, says he overlooks women from Times of India
2025-12-04 10:57:56,537 - INFO - [Times of India] Article: https://timesofindia.indiatimes.com/world/us/greatest-scandals-of-all-time-scott-bessent-rips-nyt-for-alleged-trumps-fake-health-report-publication-hits-back/articleshow/125756260.cms
2025-12-04 10:57:56,537 - INFO - [Times of India] Attempt 1/1: Trying with 'selenium_browser' strategy...
2025-12-04 10:58:36,417 - CRITICAL - --- TIMEOUT: 2 scrape jobs did not complete in 300s. ---
2025-12-04 10:58:36,418 - ERROR - A thread has timed out and will be abandoned.
2025-12-04 10:58:36,418 - ERROR - A thread has timed out and will be abandoned.
2025-12-04 10:58:36,418 - INFO - Shutting down thread pool (wait=False)...
2025-12-04 10:58:36,418 - INFO - Scraped: 0 BBC, 0 The Guardian, 2 Timed_Out_Jobs articles. (Total saved: 0)
2025-12-04 10:58:36,418 - INFO - --- Scraping job finished ---
2025-12-04 10:58:36,418 - INFO - --- Scraper service stopped and database connection closed. ---
2025-12-04 10:58:36,418 - INFO - --- Main thread finished. Forcing process exit to kill zombie threads. ---
