2025-11-29 16:49:20,654 - INFO - Loading AI Semantic Model (all-MiniLM-L6-v2)...
2025-11-29 16:49:20,654 - INFO - Use pytorch device_name: cpu
2025-11-29 16:49:20,654 - INFO - Load pretrained SentenceTransformer: all-MiniLM-L6-v2
2025-11-29 16:49:21,974 - INFO - AI Model loaded successfully.
2025-11-29 16:49:21,974 - INFO - Initializing database connection at: news_articles.db
2025-11-29 16:49:21,975 - INFO - --- Scraper service started (CI Mode: Run Once) ---
2025-11-29 16:49:21,975 - INFO - --- Starting new scraping job (Parallel Mode) ---
2025-11-29 16:49:21,975 - INFO - Creating new robust session with 3 retries on 5xx/connection/read errors.
2025-11-29 16:49:21,975 - INFO - Proxy is DISABLED.
2025-11-29 16:49:21,975 - INFO - Starting scrape for BBC RSS feed: http://feeds.bbci.co.uk/news/world/rss.xml
2025-11-29 16:49:21,976 - INFO - [Times of India] (Thread) requires Selenium. Initializing driver...
2025-11-29 16:49:21,976 - INFO - Initializing headless Selenium Chrome driver (using SeleniumManager)...
2025-11-29 16:49:21,977 - INFO - Starting scrape for The Guardian RSS feed: https://www.theguardian.com/world/rss
2025-11-29 16:49:21,979 - INFO - [The Hindu] (Thread) requires Selenium. Initializing driver...
2025-11-29 16:49:21,979 - INFO - Initializing headless Selenium Chrome driver (using SeleniumManager)...
2025-11-29 16:49:21,979 - INFO - Submitted 4 jobs to thread pool. Waiting up to 300s for completion...
2025-11-29 16:49:22,061 - INFO - Found 45 articles in The Guardian RSS feed. Processing up to 20.
2025-11-29 16:49:22,061 - INFO - [The Guardian] Article: https://www.theguardian.com/world/2025/nov/28/jacob-zuma-daughter-resigns-claims-south-africans-tricked-fight-russia
2025-11-29 16:49:22,061 - INFO - [The Guardian] Attempt 1/1: Trying with 'requests_browser' strategy...
2025-11-29 16:49:22,071 - INFO - Found 26 articles in BBC RSS feed. Processing up to 20.
2025-11-29 16:49:22,071 - INFO - [BBC] Article: https://www.bbc.com/news/articles/cz0nljm4y74o?at_medium=RSS&at_campaign=rss
2025-11-29 16:49:22,071 - INFO - [BBC] Attempt 1/1: Trying with 'requests_browser' strategy...
2025-11-29 16:49:22,354 - INFO - [BBC] Success with 'requests_browser'. Found content (844 words).
2025-11-29 16:49:22,407 - INFO - Duplicate article skipped: Andriy Yermak: How Zelensky's right-hand man fell from power from BBC
2025-11-29 16:49:22,520 - INFO - [The Guardian] Success with 'requests_browser'. Found content (753 words).
2025-11-29 16:49:22,554 - INFO - Duplicate article skipped: Jacob Zuma’s daughter resigns amid claims South Africans tricked to fight for Russia | South Africa | The Guardian from The Guardian
2025-11-29 16:49:23,658 - INFO - [BBC] Article: https://www.bbc.com/news/articles/cx2gylngx7go?at_medium=RSS&at_campaign=rss
2025-11-29 16:49:23,659 - INFO - [BBC] Attempt 1/1: Trying with 'requests_browser' strategy...
2025-11-29 16:49:23,676 - INFO - [The Guardian] Article: https://www.theguardian.com/environment/2025/nov/28/africa-forests-transformed-carbon-sink-carbon-source-study
2025-11-29 16:49:23,676 - INFO - [The Guardian] Attempt 1/1: Trying with 'requests_browser' strategy...
2025-11-29 16:49:23,692 - INFO - [BBC] Success with 'requests_browser'. Found content (578 words).
2025-11-29 16:49:23,729 - INFO - Duplicate article skipped: Russian strikes cause power outages for more than 600,000 in Ukraine from BBC
2025-11-29 16:49:23,737 - INFO - [The Guardian] Success with 'requests_browser'. Found content (458 words).
2025-11-29 16:49:23,773 - INFO - Duplicate article skipped: Africa’s forests transformed from carbon sink to carbon source, study finds | Climate crisis | The Guardian from The Guardian
2025-11-29 16:49:24,552 - INFO - [The Guardian] Article: https://www.theguardian.com/world/2025/nov/26/guinea-bissau-officers-take-total-control-close-borders-amid-election-chaos
2025-11-29 16:49:24,552 - INFO - [The Guardian] Attempt 1/1: Trying with 'requests_browser' strategy...
2025-11-29 16:49:24,573 - INFO - [The Guardian] Success with 'requests_browser'. Found content (412 words).
2025-11-29 16:49:24,606 - INFO - Duplicate article skipped: Guinea-Bissau military takes ‘total control’ amid election chaos | Guinea-Bissau | The Guardian from The Guardian
2025-11-29 16:49:24,865 - INFO - [BBC] Article: https://www.bbc.com/news/articles/cdxweyy157go?at_medium=RSS&at_campaign=rss
2025-11-29 16:49:24,865 - INFO - [BBC] Attempt 1/1: Trying with 'requests_browser' strategy...
2025-11-29 16:49:24,897 - INFO - [BBC] Success with 'requests_browser'. Found content (803 words).
2025-11-29 16:49:24,933 - INFO - Duplicate article skipped: US halts all asylum claim decisions in wake of National Guard shooting from BBC
2025-11-29 16:49:25,409 - INFO - [The Guardian] Article: https://www.theguardian.com/world/2025/nov/25/nigerian-schoolgirls-rescued-after-mass-abduction-in-kebbi
2025-11-29 16:49:25,410 - INFO - [The Guardian] Attempt 1/1: Trying with 'requests_browser' strategy...
2025-11-29 16:49:25,576 - INFO - [The Guardian] Success with 'requests_browser'. Found content (515 words).
2025-11-29 16:49:25,617 - INFO - Duplicate article skipped: Nigerian schoolgirls rescued after mass abduction in Kebbi | Nigeria | The Guardian from The Guardian
2025-11-29 16:49:26,204 - INFO - [BBC] Article: https://www.bbc.com/news/articles/c4gp917zr8no?at_medium=RSS&at_campaign=rss
2025-11-29 16:49:26,204 - INFO - [BBC] Attempt 1/1: Trying with 'requests_browser' strategy...
2025-11-29 16:49:26,584 - INFO - [The Guardian] Article: https://www.theguardian.com/world/2025/nov/25/jacob-zuma-daughter-accused-tricking-men-fighting-for-russia-in-ukraine
2025-11-29 16:49:26,584 - INFO - [The Guardian] Attempt 1/1: Trying with 'requests_browser' strategy...
2025-11-29 16:49:26,612 - INFO - [The Guardian] Success with 'requests_browser'. Found content (656 words).
2025-11-29 16:49:26,796 - INFO - Duplicate article skipped: Jacob Zuma’s daughter accused of tricking men into fighting for Russia in Ukraine | South Africa | The Guardian from The Guardian
2025-11-29 16:49:26,816 - INFO - [BBC] Success with 'requests_browser'. Found content (355 words).
2025-11-29 16:49:26,852 - INFO - Duplicate article skipped: Pope Leo visits Istanbul's Blue Mosque from BBC
2025-11-29 16:49:27,520 - INFO - [BBC] Article: https://www.bbc.com/news/articles/c4gp9d28p74o?at_medium=RSS&at_campaign=rss
2025-11-29 16:49:27,520 - INFO - [BBC] Attempt 1/1: Trying with 'requests_browser' strategy...
2025-11-29 16:49:27,543 - INFO - [BBC] Success with 'requests_browser'. Found content (430 words).
2025-11-29 16:49:27,570 - INFO - [The Guardian] Article: https://www.theguardian.com/world/2025/nov/29/donald-trump-venezuela-airspace-closure
2025-11-29 16:49:27,570 - INFO - [The Guardian] Attempt 1/1: Trying with 'requests_browser' strategy...
2025-11-29 16:49:27,577 - INFO - Duplicate article skipped: Airbus: Flights resume as normal after software update warning from BBC
2025-11-29 16:49:27,596 - INFO - [The Guardian] Success with 'requests_browser'. Found content (290 words).
2025-11-29 16:49:27,630 - INFO - Duplicate article skipped: Donald Trump says airspace above and around Venezuela is closed | Venezuela | The Guardian from The Guardian
2025-11-29 16:49:28,298 - INFO - [The Guardian] Article: https://www.theguardian.com/world/2025/nov/29/uk-mps-extra-aid-humanitarian-visas-jamaica-hurricane-melissa-dawn-butler
2025-11-29 16:49:28,298 - INFO - [The Guardian] Attempt 1/1: Trying with 'requests_browser' strategy...
2025-11-29 16:49:28,457 - INFO - [The Guardian] Success with 'requests_browser'. Found content (873 words).
2025-11-29 16:49:28,500 - INFO - Duplicate article skipped: UK MPs push for extra aid and visas as Jamaica reels from Hurricane Melissa | Jamaica | The Guardian from The Guardian
2025-11-29 16:49:28,767 - INFO - [BBC] Article: https://www.bbc.com/news/articles/c5y9ejley9do?at_medium=RSS&at_campaign=rss
2025-11-29 16:49:28,767 - INFO - [BBC] Attempt 1/1: Trying with 'requests_browser' strategy...
2025-11-29 16:49:28,798 - INFO - [BBC] Success with 'requests_browser'. Found content (633 words).
2025-11-29 16:49:29,152 - INFO - [The Guardian] Article: https://www.theguardian.com/us-news/2025/nov/28/trump-pardon-honduras-hernandez-drugs
2025-11-29 16:49:29,152 - INFO - [The Guardian] Attempt 1/1: Trying with 'requests_browser' strategy...
2025-11-29 16:49:29,182 - INFO - [The Guardian] Success with 'requests_browser'. Found content (560 words).
2025-11-29 16:49:30,578 - INFO - Selenium driver initialized successfully.
2025-11-29 16:49:30,578 - INFO - Starting scrape for Times of India RSS feed: https://timesofindia.indiatimes.com/rssfeeds/296589292.cms
2025-11-29 16:49:30,580 - INFO - Selenium driver initialized successfully.
2025-11-29 16:49:30,580 - INFO - Starting scrape for The Hindu RSS feed: https://www.thehindu.com/news/national/feeder/default.rss
2025-11-29 16:49:30,703 - INFO - Found 20 articles in Times of India RSS feed. Processing up to 20.
2025-11-29 16:49:30,703 - INFO - [Times of India] Article: https://timesofindia.indiatimes.com/world/us-streamers/candace-owens-hits-back-at-tpusa-faith-pastors-who-called-her-evil-and-demonic-while-raising-new-questions-about-charlie-kirk/articleshow/125659925.cms
2025-11-29 16:49:30,703 - INFO - [Times of India] Attempt 1/1: Trying with 'selenium_browser' strategy...
2025-11-29 16:49:30,774 - INFO - Found 100 articles in The Hindu RSS feed. Processing up to 20.
2025-11-29 16:49:30,774 - INFO - [The Hindu] Article: https://www.thehindu.com/news/national/telangana/telangana-government-clears-procurement-3k-mw-solar-power-ug-cabling-project-in-hyderabad/article70339519.ece
2025-11-29 16:49:30,774 - INFO - [The Hindu] Attempt 1/1: Trying with 'selenium_browser' strategy...
2025-11-29 16:49:37,571 - INFO - [The Hindu] Page content loaded.
2025-11-29 16:49:37,924 - INFO - [The Hindu] Success with 'selenium_browser'. Found content (304 words).
2025-11-29 16:49:55,572 - INFO - DEDUPLICATION: Found match (Score: 0.83). Linking to Cluster ID: b834e4c6-f2ee-428c-ab04-311af727490a
2025-11-29 16:49:55,576 - INFO - Saved article: Flooding in South East Asia leaves hundreds dead from BBC
2025-11-29 16:49:55,576 - INFO - Duplicate article skipped: Trump to pardon ex-Honduras leader serving drug trafficking sentence in US | Donald Trump | The Guardian from The Guardian
2025-11-29 16:49:56,734 - INFO - [The Guardian] Article: https://www.theguardian.com/us-news/2025/nov/28/college-student-deported-boston-flight-thanksgiving
2025-11-29 16:49:56,734 - INFO - [The Guardian] Attempt 1/1: Trying with 'requests_browser' strategy...
2025-11-29 16:49:56,769 - INFO - [The Guardian] Success with 'requests_browser'. Found content (274 words).
2025-11-29 16:49:57,074 - INFO - [BBC] Article: https://www.bbc.com/news/articles/ce865kpdzz8o?at_medium=RSS&at_campaign=rss
2025-11-29 16:49:57,075 - INFO - [BBC] Attempt 1/1: Trying with 'requests_browser' strategy...
2025-11-29 16:49:57,110 - INFO - [BBC] Success with 'requests_browser'. Found content (356 words).
2025-11-29 16:50:07,041 - INFO - Saved article: Telangana government clears procurement 3K MW solar power, UG cabling project in Hyderabad - The Hindu from The Hindu
2025-11-29 16:50:07,041 - INFO - Duplicate article skipped: College student deported when flying home for Thanksgiving, despite court order | ICE (US Immigration and Customs Enforcement) | The Guardian from The Guardian
2025-11-29 16:50:07,041 - INFO - Duplicate article skipped: Australian prime minister Albanese becomes first to wed in office from BBC
2025-11-29 16:50:07,559 - INFO - [BBC] Article: https://www.bbc.com/news/articles/c8dy9lne2plo?at_medium=RSS&at_campaign=rss
2025-11-29 16:50:07,559 - INFO - [BBC] Attempt 1/1: Trying with 'requests_browser' strategy...
2025-11-29 16:50:07,617 - INFO - [The Guardian] Article: https://www.theguardian.com/world/2025/nov/28/quebec-prayer-law-canada
2025-11-29 16:50:07,617 - INFO - [The Guardian] Attempt 1/1: Trying with 'requests_browser' strategy...
2025-11-29 16:50:07,640 - INFO - [The Guardian] Success with 'requests_browser'. Found content (539 words).
2025-11-29 16:50:07,674 - INFO - Duplicate article skipped: Quebec to ban public prayer in sweeping new secularism law | Quebec | The Guardian from The Guardian
2025-11-29 16:50:07,759 - INFO - [BBC] Success with 'requests_browser'. Found content (459 words).
2025-11-29 16:50:07,798 - INFO - Duplicate article skipped: Three days of mourning begins after Hong Kong apartment fire from BBC
2025-11-29 16:50:08,296 - INFO - [The Hindu] Article: https://www.thehindu.com/news/national/karnataka/tiger-sighted-on-beml-campus/article70339460.ece
2025-11-29 16:50:08,296 - INFO - [The Hindu] Attempt 1/1: Trying with 'selenium_browser' strategy...
2025-11-29 16:50:08,437 - INFO - [The Guardian] Article: https://www.theguardian.com/world/2025/nov/29/indonesia-and-thailand-flooding-death-toll-tops-350-as-rescuers-struggle-to-reach-worst-hit-areas
2025-11-29 16:50:08,437 - INFO - [The Guardian] Attempt 1/1: Trying with 'requests_browser' strategy...
2025-11-29 16:50:08,469 - INFO - [The Guardian] Success with 'requests_browser'. Found content (677 words).
2025-11-29 16:50:08,520 - INFO - Duplicate article skipped: At least 460 killed in south-east Asia floods and landslides, reports say | Indonesia | The Guardian from The Guardian
2025-11-29 16:50:09,024 - INFO - [BBC] Article: https://www.bbc.com/news/articles/cvgj9dd983xo?at_medium=RSS&at_campaign=rss
2025-11-29 16:50:09,024 - INFO - [BBC] Attempt 1/1: Trying with 'requests_browser' strategy...
2025-11-29 16:50:09,125 - INFO - [BBC] Success with 'requests_browser'. Found content (791 words).
2025-11-29 16:50:09,265 - INFO - Duplicate article skipped: Nigeria blames jihadist groups for wave of kidnappings but others accuse criminal gangs from BBC
2025-11-29 16:50:09,332 - INFO - [The Guardian] Article: https://www.theguardian.com/news/2025/nov/29/hong-kong-begins-three-days-of-mourning-after-deadly-apartment-fires
2025-11-29 16:50:09,333 - INFO - [The Guardian] Attempt 1/1: Trying with 'requests_browser' strategy...
2025-11-29 16:50:09,397 - INFO - [The Guardian] Success with 'requests_browser'. Found content (679 words).
2025-11-29 16:50:09,477 - INFO - Duplicate article skipped: Hong Kong begins three days of mourning after deadly apartment fires | Hong Kong apartment fires | The Guardian from The Guardian
2025-11-29 16:50:10,168 - INFO - [BBC] Article: https://www.bbc.com/news/articles/c1kpm0rvxepo?at_medium=RSS&at_campaign=rss
2025-11-29 16:50:10,168 - INFO - [BBC] Attempt 1/1: Trying with 'requests_browser' strategy...
2025-11-29 16:50:10,216 - INFO - [BBC] Success with 'requests_browser'. Found content (533 words).
2025-11-29 16:50:10,269 - INFO - Duplicate article skipped: Trump says he will pardon ex-Honduras president convicted of drug trafficking from BBC
2025-11-29 16:50:10,668 - INFO - [The Guardian] Article: https://www.theguardian.com/news/2025/nov/28/hong-kong-apartment-fire-response-rescue-operations-death-toll
2025-11-29 16:50:10,668 - INFO - [The Guardian] Attempt 1/1: Trying with 'requests_browser' strategy...
2025-11-29 16:50:10,671 - INFO - [The Hindu] Page content loaded.
2025-11-29 16:50:10,700 - INFO - [The Guardian] Success with 'requests_browser'. Found content (1000 words).
2025-11-29 16:50:10,794 - INFO - Duplicate article skipped: Rescue efforts end at Hong Kong tower block fire as death toll reaches 128 | Hong Kong apartment fires | The Guardian from The Guardian
2025-11-29 16:50:10,803 - INFO - [The Hindu] Success with 'selenium_browser'. Found content (274 words).
2025-11-29 16:50:11,294 - INFO - [BBC] Article: https://www.bbc.com/news/articles/c058lny3pdqo?at_medium=RSS&at_campaign=rss
2025-11-29 16:50:11,301 - INFO - [BBC] Attempt 1/1: Trying with 'requests_browser' strategy...
2025-11-29 16:50:11,537 - INFO - [BBC] Success with 'requests_browser'. Found content (863 words).
2025-11-29 16:50:11,561 - INFO - [The Guardian] Article: https://www.theguardian.com/news/2025/nov/28/hong-kong-community-groups-deliver-aid-to-survivors-of-wang-fuk-court-fire
2025-11-29 16:50:11,577 - INFO - [The Guardian] Attempt 1/1: Trying with 'requests_browser' strategy...
2025-11-29 16:50:11,843 - INFO - [The Guardian] Success with 'requests_browser'. Found content (687 words).
2025-11-29 16:50:23,544 - INFO - Saved article: Tiger sighted on BEML campus? - The Hindu from The Hindu
2025-11-29 16:50:23,544 - INFO - Duplicate article skipped: Hungary's Orban defies EU partners and meets Putin again in Moscow from BBC
2025-11-29 16:50:23,544 - INFO - Duplicate article skipped: Hong Kong community groups deliver aid to survivors of Wang Fuk Court fire | Hong Kong apartment fires | The Guardian from The Guardian
2025-11-29 16:50:24,060 - INFO - [BBC] Article: https://www.bbc.com/news/articles/cz0nlxlr87go?at_medium=RSS&at_campaign=rss
2025-11-29 16:50:24,060 - INFO - [BBC] Attempt 1/1: Trying with 'requests_browser' strategy...
2025-11-29 16:50:24,224 - INFO - [BBC] Success with 'requests_browser'. Found content (591 words).
2025-11-29 16:50:24,260 - INFO - Duplicate article skipped: Guinea-Bissau coup was a sham, West African political figures say from BBC
2025-11-29 16:50:24,313 - INFO - [The Guardian] Article: https://www.theguardian.com/world/2025/nov/28/bear-attacks-man-public-toilet-japan
2025-11-29 16:50:24,313 - INFO - [The Guardian] Attempt 1/1: Trying with 'requests_browser' strategy...
2025-11-29 16:50:24,335 - INFO - [The Guardian] Success with 'requests_browser'. Found content (373 words).
2025-11-29 16:50:24,371 - INFO - Duplicate article skipped: Bear attacks man in public toilet in Japan | Japan | The Guardian from The Guardian
2025-11-29 16:50:24,780 - INFO - [The Hindu] Article: https://www.thehindu.com/news/national/chhattisgarh/80-maoism-eradicated-in-chhattisgarh-deputy-cm-sharma/article70338838.ece
2025-11-29 16:50:24,780 - INFO - [The Hindu] Attempt 1/1: Trying with 'selenium_browser' strategy...
2025-11-29 16:50:25,221 - INFO - [The Guardian] Article: https://www.theguardian.com/australia-news/2025/nov/29/australian-prime-minister-anthony-albanese-marries-jodie-haydon-wedding-canberra
2025-11-29 16:50:25,221 - INFO - [The Guardian] Attempt 1/1: Trying with 'requests_browser' strategy...
2025-11-29 16:50:25,310 - INFO - [The Guardian] Success with 'requests_browser'. Found content (794 words).
2025-11-29 16:50:25,385 - INFO - Duplicate article skipped: Australian prime minister, Anthony Albanese, marries partner Jodie Haydon | Anthony Albanese | The Guardian from The Guardian
2025-11-29 16:50:25,703 - INFO - [BBC] Article: https://www.bbc.com/news/articles/cp89k31krz4o?at_medium=RSS&at_campaign=rss
2025-11-29 16:50:25,703 - INFO - [BBC] Attempt 1/1: Trying with 'requests_browser' strategy...
2025-11-29 16:50:25,770 - INFO - [The Hindu] Page content loaded.
2025-11-29 16:50:25,815 - INFO - [The Hindu] Success with 'selenium_browser'. Found content (287 words).
2025-11-29 16:50:26,503 - INFO - [The Guardian] Article: https://www.theguardian.com/business/2025/nov/29/jetstar-cancel-domestic-flights-australia-global-airbus-a320-recall
2025-11-29 16:50:26,503 - INFO - [The Guardian] Attempt 1/1: Trying with 'requests_browser' strategy...
2025-11-29 16:50:26,565 - INFO - [The Guardian] Success with 'requests_browser'. Found content (880 words).
2025-11-29 16:50:26,849 - INFO - [BBC] Success with 'requests_browser'. Found content (485 words).
2025-11-29 16:50:39,353 - INFO - Saved article: 80% Maoism eradicated in Chhattisgarh: Deputy CM Sharma - The Hindu from The Hindu
2025-11-29 16:50:39,354 - INFO - Duplicate article skipped: Jetstar cancels 90 domestic flights across Australia after global Airbus A320 recall | Airbus | The Guardian from The Guardian
2025-11-29 16:50:39,354 - INFO - Duplicate article skipped: Thirteen killed in deadliest Israeli raid for months in southern Syria from BBC
2025-11-29 16:50:40,259 - INFO - [The Hindu] Article: https://www.thehindu.com/news/national/two-lucknow-men-get-20-months-jail-for-involvement-in-al-qaeda-linked-terror-conspiracy-case/article70339052.ece
2025-11-29 16:50:40,259 - INFO - [The Hindu] Attempt 1/1: Trying with 'selenium_browser' strategy...
2025-11-29 16:50:40,303 - INFO - [BBC] Article: https://www.bbc.com/news/articles/c0l9z176lnlo?at_medium=RSS&at_campaign=rss
2025-11-29 16:50:40,303 - INFO - [BBC] Attempt 1/1: Trying with 'requests_browser' strategy...
2025-11-29 16:50:40,471 - INFO - [BBC] Success with 'requests_browser'. Found content (678 words).
2025-11-29 16:50:40,511 - INFO - [The Guardian] Article: https://www.theguardian.com/australia-news/2025/nov/28/virginia-giuffres-sons-deny-unsigned-document-is-their-mothers-will
2025-11-29 16:50:40,511 - INFO - [The Guardian] Attempt 1/1: Trying with 'requests_browser' strategy...
2025-11-29 16:50:40,513 - INFO - Duplicate article skipped: Austrian nuns win reprieve in abandoned convent - if they stay off social media from BBC
2025-11-29 16:50:40,543 - INFO - [The Guardian] Success with 'requests_browser'. Found content (777 words).
2025-11-29 16:50:40,594 - INFO - Duplicate article skipped: Virginia Giuffre’s sons deny unsigned document is their mother’s will | Western Australia | The Guardian from The Guardian
2025-11-29 16:50:41,334 - INFO - [The Guardian] Article: https://www.theguardian.com/australia-news/2025/nov/29/mineral-sunscreens-australia-identical-to-others
2025-11-29 16:50:41,334 - INFO - [The Guardian] Attempt 1/1: Trying with 'requests_browser' strategy...
2025-11-29 16:50:41,378 - INFO - [The Guardian] Success with 'requests_browser'. Found content (932 words).
2025-11-29 16:50:41,378 - INFO - [The Hindu] Page content loaded.
2025-11-29 16:50:41,454 - INFO - Duplicate article skipped: ‘Mineral’ sunscreens marketed to Australians contain almost identical chemicals as others, testing shows | Consumer affairs | The Guardian from The Guardian
2025-11-29 16:50:41,476 - INFO - [The Hindu] Success with 'selenium_browser'. Found content (203 words).
2025-11-29 16:50:41,871 - INFO - [BBC] Article: https://www.bbc.com/news/articles/clyzdxyjx2eo?at_medium=RSS&at_campaign=rss
2025-11-29 16:50:41,871 - INFO - [BBC] Attempt 1/1: Trying with 'requests_browser' strategy...
2025-11-29 16:50:41,950 - INFO - [BBC] Success with 'requests_browser'. Found content (1524 words).
2025-11-29 16:50:42,117 - INFO - [The Guardian] Article: https://www.theguardian.com/australia-news/2025/nov/29/exclusive-gun-club-linked-to-andrew-hastie-awarded-almost-20000-in-government-grants
2025-11-29 16:50:42,117 - INFO - [The Guardian] Attempt 1/1: Trying with 'requests_browser' strategy...
2025-11-29 16:50:42,398 - INFO - [The Guardian] Success with 'requests_browser'. Found content (715 words).
2025-11-29 16:50:54,629 - INFO - Saved article: Two Lucknow men get 20 months jail for involvement in al- Qaeda linked terror conspiracy case - The Hindu from The Hindu
2025-11-29 16:50:54,629 - INFO - Duplicate article skipped: Are UK Christmas markets as good as German ones? Here's what we found from BBC
2025-11-29 16:50:54,629 - INFO - Duplicate article skipped: Exclusive gun club linked to Andrew Hastie awarded almost $20,000 in government grants | Andrew Hastie | The Guardian from The Guardian
2025-11-29 16:50:55,370 - INFO - [BBC] Article: https://www.bbc.com/news/articles/cy7v6xl4me8o?at_medium=RSS&at_campaign=rss
2025-11-29 16:50:55,370 - INFO - [BBC] Attempt 1/1: Trying with 'requests_browser' strategy...
2025-11-29 16:50:55,408 - INFO - [BBC] Success with 'requests_browser'. Found content (1445 words).
2025-11-29 16:50:55,450 - INFO - Duplicate article skipped: Why the rich and powerful couldn't say no to Epstein from BBC
2025-11-29 16:50:55,541 - INFO - [The Hindu] Article: https://www.thehindu.com/news/national/jammu-and-kashmir/jk-l-g-launches-construction-of-530-new-homes-for-calamity-hit-families-in-ramban-udhampur/article70338972.ece
2025-11-29 16:50:55,541 - INFO - [The Hindu] Attempt 1/1: Trying with 'selenium_browser' strategy...
2025-11-29 16:50:56,576 - INFO - [BBC] Article: https://www.bbc.com/news/articles/c1dz36ep673o?at_medium=RSS&at_campaign=rss
2025-11-29 16:50:56,576 - INFO - [BBC] Attempt 1/1: Trying with 'requests_browser' strategy...
2025-11-29 16:50:56,629 - INFO - [BBC] Success with 'requests_browser'. Found content (1327 words).
2025-11-29 16:50:56,942 - INFO - Duplicate article skipped: Donald Trump pledges to tackle Sudan atrocities - what difference can he make? from BBC
2025-11-29 16:50:57,104 - INFO - [The Hindu] Page content loaded.
2025-11-29 16:50:57,171 - INFO - [The Hindu] Success with 'selenium_browser'. Found content (256 words).
2025-11-29 16:50:57,587 - INFO - [BBC] Article: https://www.bbc.com/news/articles/cly3e1261dko?at_medium=RSS&at_campaign=rss
2025-11-29 16:50:57,588 - INFO - [BBC] Attempt 1/1: Trying with 'requests_browser' strategy...
2025-11-29 16:50:57,704 - INFO - [BBC] Success with 'requests_browser'. Found content (1237 words).
2025-11-29 16:51:09,654 - INFO - Saved article: J&K L-G launches construction of 530 new homes for calamity-hit families in Ramban, Udhampur - The Hindu from The Hindu
2025-11-29 16:51:09,654 - INFO - Duplicate article skipped: How were Afghan evacuees vetted under Biden? from BBC
2025-11-29 16:51:10,819 - INFO - [The Hindu] Article: https://www.thehindu.com/sci-tech/technology/whatsapp-ordered-to-enforce-sim-binding-log-out-web-sessions-every-6-hours/article70339435.ece
2025-11-29 16:51:10,819 - INFO - [The Hindu] Attempt 1/1: Trying with 'selenium_browser' strategy...
2025-11-29 16:51:11,100 - INFO - [BBC] Article: https://www.bbc.com/news/articles/cn8e5j20g27o?at_medium=RSS&at_campaign=rss
2025-11-29 16:51:11,100 - INFO - [BBC] Attempt 1/1: Trying with 'requests_browser' strategy...
2025-11-29 16:51:11,130 - INFO - [BBC] Success with 'requests_browser'. Found content (805 words).
2025-11-29 16:51:11,176 - INFO - Duplicate article skipped: Hong Kong fire: Anger and unanswered questions from BBC
2025-11-29 16:51:11,854 - INFO - [The Hindu] Page content loaded.
2025-11-29 16:51:11,926 - INFO - [The Hindu] Success with 'selenium_browser'. Found content (493 words).
2025-11-29 16:51:12,012 - INFO - Duplicate article skipped: WhatsApp ordered to enforce ‘SIM binding,’ log out web sessions every 6 hours - The Hindu from The Hindu
2025-11-29 16:51:12,572 - INFO - [The Hindu] Article: https://www.thehindu.com/news/national/karnataka/no-training-no-ai-new-iiit-b-system-catches-manufacturing-flaws-instantly/article70302954.ece
2025-11-29 16:51:12,572 - INFO - [The Hindu] Attempt 1/1: Trying with 'selenium_browser' strategy...
2025-11-29 16:51:12,600 - INFO - [BBC] Article: https://www.bbc.com/news/articles/c4g4jlgdyjdo?at_medium=RSS&at_campaign=rss
2025-11-29 16:51:12,600 - INFO - [BBC] Attempt 1/1: Trying with 'requests_browser' strategy...
2025-11-29 16:51:13,003 - INFO - [BBC] Success with 'requests_browser'. Found content (2091 words).
2025-11-29 16:51:13,091 - INFO - Duplicate article skipped: Nigeria's security crises: A guide to the different groups causing chaos from BBC
2025-11-29 16:51:13,436 - INFO - [The Hindu] Page content loaded.
2025-11-29 16:51:13,483 - INFO - [The Hindu] Success with 'selenium_browser'. Found content (647 words).
2025-11-29 16:51:13,559 - INFO - Duplicate article skipped: No training, No AI: New IIIT-B system catches manufacturing flaws instantly - The Hindu from The Hindu
2025-11-29 16:51:14,490 - INFO - [The Hindu] Article: https://www.thehindu.com/news/national/kerala/thiruvananthapuram-district-school-arts-festival-to-begin-at-attingal-on-december-1/article70339352.ece
2025-11-29 16:51:14,490 - INFO - [The Hindu] Attempt 1/1: Trying with 'selenium_browser' strategy...
2025-11-29 16:51:15,294 - INFO - [The Hindu] Page content loaded.
2025-11-29 16:51:15,386 - INFO - [The Hindu] Success with 'selenium_browser'. Found content (137 words).
2025-11-29 16:51:27,760 - INFO - Saved article: Thiruvananthapuram district school arts festival to begin at Attingal on December 1 - The Hindu from The Hindu
2025-11-29 16:51:28,798 - INFO - [The Hindu] Article: https://www.thehindu.com/news/national/rajasthan/lakhs-of-voters-may-be-excluded-from-electoral-rolls-in-rajasthan-congress/article70338957.ece
2025-11-29 16:51:28,798 - INFO - [The Hindu] Attempt 1/1: Trying with 'selenium_browser' strategy...
2025-11-29 16:51:29,791 - INFO - [The Hindu] Page content loaded.
2025-11-29 16:51:29,840 - INFO - [The Hindu] Success with 'selenium_browser'. Found content (433 words).
2025-11-29 16:51:30,805 - ERROR - [Times of India] Request failed for strategy 'selenium_browser' on URL https://timesofindia.indiatimes.com/world/us-streamers/candace-owens-hits-back-at-tpusa-faith-pastors-who-called-her-evil-and-demonic-while-raising-new-questions-about-charlie-kirk/articleshow/125659925.cms: HTTPConnectionPool(host='localhost', port=48025): Read timed out. (read timeout=120)
2025-11-29 16:51:30,805 - ERROR - [Times of India] All scrape strategies failed for https://timesofindia.indiatimes.com/world/us-streamers/candace-owens-hits-back-at-tpusa-faith-pastors-who-called-her-evil-and-demonic-while-raising-new-questions-about-charlie-kirk/articleshow/125659925.cms. Falling back to RSS description.
2025-11-29 16:51:42,156 - INFO - Saved article: Lakhs of voters may be excluded from electoral rolls in Rajasthan: Congress - The Hindu from The Hindu
2025-11-29 16:51:43,560 - INFO - [The Hindu] Article: https://www.thehindu.com/news/national/constitution-is-evolving-to-swadeshi-says-presidential-reference-bench/article70339291.ece
2025-11-29 16:51:43,560 - INFO - [The Hindu] Attempt 1/1: Trying with 'selenium_browser' strategy...
2025-11-29 16:51:48,257 - INFO - [The Hindu] Page content loaded.
2025-11-29 16:51:48,468 - INFO - [The Hindu] Success with 'selenium_browser'. Found content (488 words).
2025-11-29 16:51:55,676 - INFO - DEDUPLICATION: Found match (Score: 0.82). Linking to Cluster ID: 7fc8de36-294b-4976-bfbf-bd74ac55dcc1
2025-11-29 16:51:55,680 - INFO - Saved article: Candace Owens hits back at TPUSA Faith pastors who called her evil and demonic while raising new questions about Charlie Kirk from Times of India
2025-11-29 16:51:56,877 - INFO - [Times of India] Article: https://timesofindia.indiatimes.com/world/us-streamers/im-not-fake-adin-ross-makes-a-bombshell-admission-in-new-viral-livestream-that-has-sparked-big-questions-about-streamers/articleshow/125659479.cms
2025-11-29 16:51:56,877 - INFO - [Times of India] Attempt 1/1: Trying with 'selenium_browser' strategy...
2025-11-29 16:52:07,383 - INFO - Saved article: Constitution is evolving to ‘swadeshi’, says Presidential Reference Bench - The Hindu from The Hindu
2025-11-29 16:52:08,565 - INFO - [The Hindu] Article: https://www.thehindu.com/news/national/maharashtra/varsha-gaikwad-accuses-mahayuti-government-of-turning-mumbai-into-a-gas-chamber/article70338840.ece
2025-11-29 16:52:08,565 - INFO - [The Hindu] Attempt 1/1: Trying with 'selenium_browser' strategy...
2025-11-29 16:52:09,203 - INFO - [The Hindu] Page content loaded.
2025-11-29 16:52:09,247 - INFO - [The Hindu] Success with 'selenium_browser'. Found content (465 words).
2025-11-29 16:52:21,717 - INFO - Saved article: Varsha Gaikwad accuses Mahayuti government of turning Mumbai into a gas chamber - The Hindu from The Hindu
2025-11-29 16:52:23,028 - INFO - [The Hindu] Article: https://www.thehindu.com/news/national/karnataka/south-corporation-directs-falcon-apartment-management-to-disinfect-all-its-water-sources/article70339003.ece
2025-11-29 16:52:23,028 - INFO - [The Hindu] Attempt 1/1: Trying with 'selenium_browser' strategy...
2025-11-29 16:52:24,038 - INFO - [The Hindu] Page content loaded.
2025-11-29 16:52:24,084 - INFO - [The Hindu] Success with 'selenium_browser'. Found content (259 words).
2025-11-29 16:52:37,063 - INFO - Saved article: South Corporation directs Falcon Apartment management to disinfect all its water sources - The Hindu from The Hindu
2025-11-29 16:52:38,449 - INFO - [The Hindu] Article: https://www.thehindu.com/sci-tech/science/scientists-warn-centre-against-accepting-compromise-formula-at-plant-treaty-meet-in-peru/article70339239.ece
2025-11-29 16:52:38,449 - INFO - [The Hindu] Attempt 1/1: Trying with 'selenium_browser' strategy...
2025-11-29 16:52:39,747 - INFO - [The Hindu] Page content loaded.
2025-11-29 16:52:40,030 - INFO - [The Hindu] Success with 'selenium_browser'. Found content (417 words).
2025-11-29 16:52:52,254 - INFO - Saved article: Scientists warn Centre against accepting ‘compromise formula’ at plant treaty meet in Peru - The Hindu from The Hindu
2025-11-29 16:52:53,404 - INFO - [The Hindu] Article: https://www.thehindu.com/news/national/kerala/rpf-grp-launch-stringent-measures-to-curb-reckless-railway-track-crossing/article70338312.ece
2025-11-29 16:52:53,405 - INFO - [The Hindu] Attempt 1/1: Trying with 'selenium_browser' strategy...
2025-11-29 16:52:54,363 - INFO - [The Hindu] Page content loaded.
2025-11-29 16:52:54,404 - INFO - [The Hindu] Success with 'selenium_browser'. Found content (431 words).
2025-11-29 16:53:07,970 - INFO - Saved article: RPF, GRP launch stringent measures to curb reckless railway track crossing - The Hindu from The Hindu
2025-11-29 16:53:08,895 - INFO - [The Hindu] Article: https://www.thehindu.com/news/national/kerala/rigorous-prison-term-for-official-held-on-bribery-charge/article70339228.ece
2025-11-29 16:53:08,895 - INFO - [The Hindu] Attempt 1/1: Trying with 'selenium_browser' strategy...
2025-11-29 16:53:09,923 - INFO - [The Hindu] Page content loaded.
2025-11-29 16:53:09,968 - INFO - [The Hindu] Success with 'selenium_browser'. Found content (138 words).
2025-11-29 16:53:22,481 - INFO - Saved article: Rigorous prison term for official held on bribery charge - The Hindu from The Hindu
2025-11-29 16:53:23,269 - INFO - [The Hindu] Article: https://www.thehindu.com/news/cities/Delhi/delhi-air-pollution-a-slow-poison-congress-seeks-all-party-panel-and-hits-out-at-freebie-politics/article70338740.ece
2025-11-29 16:53:23,269 - INFO - [The Hindu] Attempt 1/1: Trying with 'selenium_browser' strategy...
2025-11-29 16:53:24,290 - INFO - [The Hindu] Page content loaded.
2025-11-29 16:53:24,338 - INFO - [The Hindu] Success with 'selenium_browser'. Found content (488 words).
2025-11-29 16:53:42,115 - INFO - Saved article: Delhi air pollution a ‘slow poison’, Congress seeks all-party panel and hits out at freebie politics - The Hindu from The Hindu
2025-11-29 16:53:42,997 - INFO - [The Hindu] Article: https://www.thehindu.com/news/national/kerala/customs-releases-most-of-cars-seized-in-operation-numkhor/article70339225.ece
2025-11-29 16:53:42,997 - INFO - [The Hindu] Attempt 1/1: Trying with 'selenium_browser' strategy...
2025-11-29 16:53:44,403 - INFO - [The Hindu] Page content loaded.
2025-11-29 16:53:44,544 - INFO - [The Hindu] Success with 'selenium_browser'. Found content (182 words).
2025-11-29 16:53:56,978 - ERROR - [Times of India] Request failed for strategy 'selenium_browser' on URL https://timesofindia.indiatimes.com/world/us-streamers/im-not-fake-adin-ross-makes-a-bombshell-admission-in-new-viral-livestream-that-has-sparked-big-questions-about-streamers/articleshow/125659479.cms: HTTPConnectionPool(host='localhost', port=48025): Read timed out. (read timeout=120)
2025-11-29 16:53:56,978 - ERROR - [Times of India] All scrape strategies failed for https://timesofindia.indiatimes.com/world/us-streamers/im-not-fake-adin-ross-makes-a-bombshell-admission-in-new-viral-livestream-that-has-sparked-big-questions-about-streamers/articleshow/125659479.cms. Falling back to RSS description.
2025-11-29 16:53:57,718 - INFO - Saved article: Customs releases most of cars seized in Operation Numkhor - The Hindu from The Hindu
2025-11-29 16:53:58,877 - INFO - [The Hindu] Article: https://www.thehindu.com/news/national/karnataka/walkalurus-thanisandra-stretch-reports-zero-garbage-spots/article70338923.ece
2025-11-29 16:53:58,877 - INFO - [The Hindu] Attempt 1/1: Trying with 'selenium_browser' strategy...
2025-11-29 16:54:00,471 - INFO - [The Hindu] Page content loaded.
2025-11-29 16:54:00,584 - INFO - [The Hindu] Success with 'selenium_browser'. Found content (213 words).
2025-11-29 16:54:11,015 - INFO - Saved article: “I’m not fake”: Adin Ross makes a bombshell admission in new viral livestream that has sparked big questions about streamers from Times of India
2025-11-29 16:54:11,566 - INFO - [Times of India] Article: https://timesofindia.indiatimes.com/world/china/political-activist-claims-bamboos-were-not-the-real-reason-for-hong-kong-fire-it-was/articleshow/125659493.cms
2025-11-29 16:54:11,566 - INFO - [Times of India] Attempt 1/1: Trying with 'selenium_browser' strategy...
2025-11-29 16:54:21,979 - CRITICAL - --- TIMEOUT: 2 scrape jobs did not complete in 300s. ---
2025-11-29 16:54:21,979 - ERROR - A thread has timed out and will be abandoned.
2025-11-29 16:54:21,979 - ERROR - A thread has timed out and will be abandoned.
2025-11-29 16:54:21,980 - INFO - Shutting down thread pool (wait=False)...
2025-11-29 16:54:21,980 - INFO - Scraped: 0 The Guardian, 1 BBC, 2 Timed_Out_Jobs articles. (Total saved: 1)
2025-11-29 16:54:21,980 - INFO - --- Scraping job finished ---
2025-11-29 16:54:21,980 - INFO - --- Scraper service stopped and database connection closed. ---
2025-11-29 16:54:21,980 - INFO - --- Main thread finished. Forcing process exit to kill zombie threads. ---
