2025-12-02 17:50:47,410 - INFO - Loading AI Semantic Model (all-MiniLM-L6-v2)...
2025-12-02 17:50:47,411 - INFO - Use pytorch device_name: cpu
2025-12-02 17:50:47,411 - INFO - Load pretrained SentenceTransformer: all-MiniLM-L6-v2
2025-12-02 17:50:48,720 - INFO - AI Model loaded successfully.
2025-12-02 17:50:48,720 - INFO - Initializing database connection at: news_articles.db
2025-12-02 17:50:48,720 - INFO - --- Scraper service started (CI Mode: Run Once) ---
2025-12-02 17:50:48,720 - INFO - --- Starting new scraping job (Parallel Mode) ---
2025-12-02 17:50:48,720 - INFO - Creating new robust session with 3 retries on 5xx/connection/read errors.
2025-12-02 17:50:48,720 - INFO - Proxy is DISABLED.
2025-12-02 17:50:48,721 - INFO - Starting scrape for BBC RSS feed: http://feeds.bbci.co.uk/news/world/rss.xml
2025-12-02 17:50:48,722 - INFO - [Times of India] (Thread) requires Selenium. Initializing driver...
2025-12-02 17:50:48,722 - INFO - Initializing headless Selenium Chrome driver (using SeleniumManager)...
2025-12-02 17:50:48,723 - INFO - Starting scrape for The Guardian RSS feed: https://www.theguardian.com/world/rss
2025-12-02 17:50:48,724 - INFO - [The Hindu] (Thread) requires Selenium. Initializing driver...
2025-12-02 17:50:48,724 - INFO - Initializing headless Selenium Chrome driver (using SeleniumManager)...
2025-12-02 17:50:48,724 - INFO - Submitted 4 jobs to thread pool. Waiting up to 300s for completion...
2025-12-02 17:50:48,826 - INFO - Found 45 articles in The Guardian RSS feed. Processing up to 20.
2025-12-02 17:50:48,826 - INFO - [The Guardian] Article: https://www.theguardian.com/world/2025/dec/01/south-africans-court-alleged-recruitment-russia-war-ukraine
2025-12-02 17:50:48,826 - INFO - [The Guardian] Attempt 1/1: Trying with 'requests_browser' strategy...
2025-12-02 17:50:48,852 - INFO - Found 36 articles in BBC RSS feed. Processing up to 20.
2025-12-02 17:50:48,852 - INFO - [BBC] Article: https://www.bbc.com/news/articles/ce8ng3yjenpo?at_medium=RSS&at_campaign=rss
2025-12-02 17:50:48,852 - INFO - [BBC] Attempt 1/1: Trying with 'requests_browser' strategy...
2025-12-02 17:50:48,994 - INFO - [BBC] Success with 'requests_browser'. Found content (844 words).
2025-12-02 17:50:49,033 - INFO - Duplicate article skipped: Putin and Trump envoy Steve Witkoff set for key Ukraine talks in Moscow from BBC
2025-12-02 17:50:49,037 - INFO - [The Guardian] Success with 'requests_browser'. Found content (506 words).
2025-12-02 17:50:49,081 - INFO - Duplicate article skipped: Five South Africans in court over alleged recruitment for Russia’s war in Ukraine | South Africa | The Guardian from The Guardian
2025-12-02 17:50:49,969 - INFO - [BBC] Article: https://www.bbc.com/news/articles/cpq47derx2vo?at_medium=RSS&at_campaign=rss
2025-12-02 17:50:49,969 - INFO - [BBC] Attempt 1/1: Trying with 'requests_browser' strategy...
2025-12-02 17:50:50,001 - INFO - [BBC] Success with 'requests_browser'. Found content (991 words).
2025-12-02 17:50:50,036 - INFO - Duplicate article skipped: Ukrainians in war-ravaged Donbas weigh prospects of peace deal from BBC
2025-12-02 17:50:50,402 - INFO - [The Guardian] Article: https://www.theguardian.com/global-development/2025/dec/01/global-health-hiv-aids-funding-cuts-infections-prevention
2025-12-02 17:50:50,402 - INFO - [The Guardian] Attempt 1/1: Trying with 'requests_browser' strategy...
2025-12-02 17:50:50,563 - INFO - [The Guardian] Success with 'requests_browser'. Found content (674 words).
2025-12-02 17:50:50,601 - INFO - Duplicate article skipped: Aid cuts have shaken HIV/Aids care to its core – and will mean millions more infections ahead | Global health | The Guardian from The Guardian
2025-12-02 17:50:51,160 - INFO - [BBC] Article: https://www.bbc.com/news/articles/c0r95q9kv1go?at_medium=RSS&at_campaign=rss
2025-12-02 17:50:51,160 - INFO - [BBC] Attempt 1/1: Trying with 'requests_browser' strategy...
2025-12-02 17:50:51,190 - INFO - [BBC] Success with 'requests_browser'. Found content (1075 words).
2025-12-02 17:50:51,229 - INFO - Duplicate article skipped: US authorised second deadly Venezuela boat strike, White House says from BBC
2025-12-02 17:50:52,047 - INFO - [The Guardian] Article: https://www.theguardian.com/world/2025/nov/30/african-leaders-push-for-recognition-of-colonial-crimes-and-reparations
2025-12-02 17:50:52,047 - INFO - [The Guardian] Attempt 1/1: Trying with 'requests_browser' strategy...
2025-12-02 17:50:52,076 - INFO - [The Guardian] Success with 'requests_browser'. Found content (670 words).
2025-12-02 17:50:52,254 - INFO - Duplicate article skipped: African leaders push for recognition of colonial crimes and reparations | Colonialism | The Guardian from The Guardian
2025-12-02 17:50:52,729 - INFO - [BBC] Article: https://www.bbc.com/news/articles/cedxyvx74p4o?at_medium=RSS&at_campaign=rss
2025-12-02 17:50:52,729 - INFO - [BBC] Attempt 1/1: Trying with 'requests_browser' strategy...
2025-12-02 17:50:52,756 - INFO - [BBC] Success with 'requests_browser'. Found content (768 words).
2025-12-02 17:50:52,791 - INFO - Duplicate article skipped: Sanchar Saathi: India mandates state-owned cyber safety app on all smartphones from BBC
2025-12-02 17:50:53,334 - INFO - [The Guardian] Article: https://www.theguardian.com/world/2025/nov/28/jacob-zuma-daughter-resigns-claims-south-africans-tricked-fight-russia
2025-12-02 17:50:53,334 - INFO - [The Guardian] Attempt 1/1: Trying with 'requests_browser' strategy...
2025-12-02 17:50:53,613 - INFO - [The Guardian] Success with 'requests_browser'. Found content (753 words).
2025-12-02 17:50:53,649 - INFO - Duplicate article skipped: Jacob Zuma’s daughter resigns amid claims South Africans tricked to fight for Russia | South Africa | The Guardian from The Guardian
2025-12-02 17:50:53,994 - INFO - [BBC] Article: https://www.bbc.com/news/articles/cn41jge1990o?at_medium=RSS&at_campaign=rss
2025-12-02 17:50:53,994 - INFO - [BBC] Attempt 1/1: Trying with 'requests_browser' strategy...
2025-12-02 17:50:54,020 - INFO - [BBC] Success with 'requests_browser'. Found content (595 words).
2025-12-02 17:50:54,055 - INFO - Duplicate article skipped: Pope prays at site of Beirut port blast at end of Lebanon visit from BBC
2025-12-02 17:50:54,958 - INFO - [The Guardian] Article: https://www.theguardian.com/environment/2025/nov/28/africa-forests-transformed-carbon-sink-carbon-source-study
2025-12-02 17:50:54,958 - INFO - [The Guardian] Attempt 1/1: Trying with 'requests_browser' strategy...
2025-12-02 17:50:55,118 - INFO - [The Guardian] Success with 'requests_browser'. Found content (458 words).
2025-12-02 17:50:55,154 - INFO - Duplicate article skipped: Africa’s forests transformed from carbon sink to carbon source, study finds | Climate crisis | The Guardian from The Guardian
2025-12-02 17:50:55,540 - INFO - [BBC] Article: https://www.bbc.com/news/articles/c0q5n3x0jn9o?at_medium=RSS&at_campaign=rss
2025-12-02 17:50:55,540 - INFO - [BBC] Attempt 1/1: Trying with 'requests_browser' strategy...
2025-12-02 17:50:55,564 - INFO - [BBC] Success with 'requests_browser'. Found content (328 words).
2025-12-02 17:50:55,600 - INFO - Duplicate article skipped: Thousands of rounds of German army ammunition stolen from lorry from BBC
2025-12-02 17:50:55,811 - INFO - [The Guardian] Article: https://www.theguardian.com/us-news/live/2025/dec/02/donald-trump-pete-hegseth-boat-venezuela-maduro-tennessee-us-politics-live-news-updates
2025-12-02 17:50:55,811 - INFO - [The Guardian] Attempt 1/1: Trying with 'requests_browser' strategy...
2025-12-02 17:50:56,124 - INFO - [BBC] Article: https://www.bbc.com/news/articles/cjezwzw088jo?at_medium=RSS&at_campaign=rss
2025-12-02 17:50:56,129 - INFO - [BBC] Attempt 1/1: Trying with 'requests_browser' strategy...
2025-12-02 17:50:56,145 - INFO - [The Guardian] Success with 'requests_browser'. Found content (2114 words).
2025-12-02 17:50:56,237 - INFO - Duplicate article skipped: Hegseth doubles down on Caribbean boat strikes, says military commanders have ‘done the right things’ - US politics live | Pete Hegseth | The Guardian from The Guardian
2025-12-02 17:50:56,254 - INFO - [BBC] Success with 'requests_browser'. Found content (501 words).
2025-12-02 17:50:56,291 - INFO - Duplicate article skipped: Bulgaria ditches budget plan after tens of thousands join protests from BBC
2025-12-02 17:50:57,343 - INFO - [The Guardian] Article: https://www.theguardian.com/world/2025/dec/02/trump-intervention-honduras-presidential-vote-count-stalls-nasry-asfura
2025-12-02 17:50:57,343 - INFO - [The Guardian] Attempt 1/1: Trying with 'requests_browser' strategy...
2025-12-02 17:50:57,614 - INFO - Selenium driver initialized successfully.
2025-12-02 17:50:57,614 - INFO - Starting scrape for Times of India RSS feed: https://timesofindia.indiatimes.com/rssfeeds/296589292.cms
2025-12-02 17:50:57,615 - INFO - Selenium driver initialized successfully.
2025-12-02 17:50:57,615 - INFO - Starting scrape for The Hindu RSS feed: https://www.thehindu.com/news/national/feeder/default.rss
2025-12-02 17:50:57,633 - INFO - [The Guardian] Success with 'requests_browser'. Found content (656 words).
2025-12-02 17:50:57,671 - INFO - Duplicate article skipped: Trump frees ex-Honduran president from prison as country awaits knife-edge election result | Honduras | The Guardian from The Guardian
2025-12-02 17:50:57,676 - INFO - [BBC] Article: https://www.bbc.com/news/articles/c93n4nx5yqro?at_medium=RSS&at_campaign=rss
2025-12-02 17:50:57,676 - INFO - [BBC] Attempt 1/1: Trying with 'requests_browser' strategy...
2025-12-02 17:50:57,711 - INFO - [BBC] Success with 'requests_browser'. Found content (1008 words).
2025-12-02 17:50:57,753 - INFO - Duplicate article skipped: Why is US President Trump threatening Venezuela's President Maduro? from BBC
2025-12-02 17:50:57,756 - INFO - Found 20 articles in Times of India RSS feed. Processing up to 20.
2025-12-02 17:50:57,756 - INFO - [Times of India] Article: https://timesofindia.indiatimes.com/world/us-streamers/nina-lin-refuses-to-say-sorry-after-target-shoplifting-clip-goes-viral-while-asmongold-urges-twitch-to-act/articleshow/125724104.cms
2025-12-02 17:50:57,756 - INFO - [Times of India] Attempt 1/1: Trying with 'selenium_browser' strategy...
2025-12-02 17:50:58,003 - INFO - Found 100 articles in The Hindu RSS feed. Processing up to 20.
2025-12-02 17:50:58,003 - INFO - [The Hindu] Article: https://www.thehindu.com/news/national/define-fake-news-amend-penal-provisions-to-take-action-parliamentary-panel/article70350248.ece
2025-12-02 17:50:58,003 - INFO - [The Hindu] Attempt 1/1: Trying with 'selenium_browser' strategy...
2025-12-02 17:50:58,540 - INFO - [BBC] Article: https://www.bbc.com/news/articles/ce3wq2zznz1o?at_medium=RSS&at_campaign=rss
2025-12-02 17:50:58,540 - INFO - [BBC] Attempt 1/1: Trying with 'requests_browser' strategy...
2025-12-02 17:50:58,576 - INFO - [BBC] Success with 'requests_browser'. Found content (740 words).
2025-12-02 17:50:58,640 - INFO - Duplicate article skipped: Guinea Bissau coup: Nigeria grants asylum to presidential candidate Fernando Dias from BBC
2025-12-02 17:50:59,025 - INFO - [The Guardian] Article: https://www.theguardian.com/us-news/2025/dec/02/pete-hegseth-franklin-the-turtle
2025-12-02 17:50:59,025 - INFO - [The Guardian] Attempt 1/1: Trying with 'requests_browser' strategy...
2025-12-02 17:50:59,306 - INFO - [The Guardian] Success with 'requests_browser'. Found content (438 words).
2025-12-02 17:50:59,377 - INFO - Duplicate article skipped: Publisher condemns ‘violent’ use of Franklin the Turtle after Hegseth’s boat strike post | Pete Hegseth | The Guardian from The Guardian
2025-12-02 17:50:59,586 - INFO - [BBC] Article: https://www.bbc.com/news/articles/ce8ng18p7v3o?at_medium=RSS&at_campaign=rss
2025-12-02 17:50:59,586 - INFO - [BBC] Attempt 1/1: Trying with 'requests_browser' strategy...
2025-12-02 17:50:59,662 - INFO - [BBC] Success with 'requests_browser'. Found content (582 words).
2025-12-02 17:50:59,734 - INFO - Duplicate article skipped: Hong Kong leader orders investigation into deadly fire that killed 151 from BBC
2025-12-02 17:51:00,795 - INFO - [The Guardian] Article: https://www.theguardian.com/us-news/2025/dec/02/monterrey-mexico-air-quality-industrial-pollution
2025-12-02 17:51:00,796 - INFO - [The Guardian] Attempt 1/1: Trying with 'requests_browser' strategy...
2025-12-02 17:51:00,955 - INFO - [The Guardian] Success with 'requests_browser'. Found content (3688 words).
2025-12-02 17:51:01,157 - INFO - [BBC] Article: https://www.bbc.com/news/articles/c33mz477p4po?at_medium=RSS&at_campaign=rss
2025-12-02 17:51:01,157 - INFO - [BBC] Attempt 1/1: Trying with 'requests_browser' strategy...
2025-12-02 17:51:01,235 - INFO - Duplicate article skipped: Revealed: Mexico’s industrial boomtown is making goods for the US. Residents say they’re ‘breathing poison’ | Mexico | The Guardian from The Guardian
2025-12-02 17:51:01,303 - INFO - [BBC] Success with 'requests_browser'. Found content (882 words).
2025-12-02 17:51:01,432 - INFO - Duplicate article skipped: Luigi Mangione in court as lawyers seek to rule out notebook, gun and other key evidence from BBC
2025-12-02 17:51:01,852 - INFO - [The Guardian] Article: https://www.theguardian.com/world/2025/dec/02/st-lucia-election-prime-minister-philip-pierre-wins
2025-12-02 17:51:01,852 - INFO - [The Guardian] Attempt 1/1: Trying with 'requests_browser' strategy...
2025-12-02 17:51:02,224 - INFO - [The Guardian] Success with 'requests_browser'. Found content (313 words).
2025-12-02 17:51:02,233 - INFO - [BBC] Article: https://www.bbc.com/news/articles/cvgqnklqge7o?at_medium=RSS&at_campaign=rss
2025-12-02 17:51:02,243 - INFO - [BBC] Attempt 1/1: Trying with 'requests_browser' strategy...
2025-12-02 17:51:02,410 - INFO - Duplicate article skipped: St Lucia prime minister Philip Pierre keeps majority as ruling party wins | St Lucia | The Guardian from The Guardian
2025-12-02 17:51:02,424 - INFO - [BBC] Success with 'requests_browser'. Found content (445 words).
2025-12-02 17:51:03,057 - INFO - [The Hindu] Page content loaded.
2025-12-02 17:51:03,057 - INFO - [The Guardian] Article: https://www.theguardian.com/world/2025/dec/02/indonesia-floods-one-million-people-evacuated-death-toll-rises
2025-12-02 17:51:03,080 - INFO - [The Guardian] Attempt 1/1: Trying with 'requests_browser' strategy...
2025-12-02 17:51:03,142 - INFO - Duplicate article skipped: Zambian-American influencer Ethel Chisono Edwards sentenced to 18 months for hate speech from BBC
2025-12-02 17:51:03,385 - INFO - [The Hindu] Success with 'selenium_browser'. Found content (352 words).
2025-12-02 17:51:03,703 - INFO - [The Guardian] Success with 'requests_browser'. Found content (506 words).
2025-12-02 17:51:04,347 - INFO - [BBC] Article: https://www.bbc.com/news/articles/cn41jge1990o?at_medium=RSS&at_campaign=rss
2025-12-02 17:51:04,347 - INFO - [BBC] Attempt 1/1: Trying with 'requests_browser' strategy...
2025-12-02 17:51:04,491 - INFO - [BBC] Success with 'requests_browser'. Found content (595 words).
2025-12-02 17:51:26,702 - INFO - Saved article: Define 'fake news', amend penal provisions to take action: Parliamentary panel - The Hindu from The Hindu
2025-12-02 17:51:26,703 - INFO - Duplicate article skipped: Death toll from Indonesia floods passes 700 as 1 million evacuated | Indonesia | The Guardian from The Guardian
2025-12-02 17:51:26,703 - INFO - Duplicate article skipped: Pope prays at site of Beirut port blast at end of Lebanon visit from BBC
2025-12-02 17:51:27,274 - INFO - [The Hindu] Article: https://www.thehindu.com/news/national/jk-deputy-cm-moves-delhi-hc-for-removal-of-objectionable-content-against-him-on-social-media/article70349473.ece
2025-12-02 17:51:27,274 - INFO - [The Hindu] Attempt 1/1: Trying with 'selenium_browser' strategy...
2025-12-02 17:51:27,400 - INFO - [The Guardian] Article: https://www.theguardian.com/news/2025/dec/02/hong-kong-fire-response-contrast-mainland-china
2025-12-02 17:51:27,400 - INFO - [The Guardian] Attempt 1/1: Trying with 'requests_browser' strategy...
2025-12-02 17:51:27,598 - INFO - [The Guardian] Success with 'requests_browser'. Found content (799 words).
2025-12-02 17:51:27,692 - INFO - Duplicate article skipped: Hong Kong responds to disaster differently from Beijing – but the gulf is narrowing | Hong Kong apartment fires | The Guardian from The Guardian
2025-12-02 17:51:27,829 - INFO - [BBC] Article: https://www.bbc.com/news/articles/cre3q9edqx8o?at_medium=RSS&at_campaign=rss
2025-12-02 17:51:27,829 - INFO - [BBC] Attempt 1/1: Trying with 'requests_browser' strategy...
2025-12-02 17:51:28,012 - INFO - [BBC] Success with 'requests_browser'. Found content (415 words).
2025-12-02 17:51:28,064 - INFO - Duplicate article skipped: Pavarotti statue frozen knee-deep in ice rink strikes wrong note in Italy from BBC
2025-12-02 17:51:28,394 - INFO - [The Guardian] Article: https://www.theguardian.com/world/2025/dec/02/new-zealand-man-charged-allegedly-swallowing-faberge-james-bond-pendant
2025-12-02 17:51:28,394 - INFO - [The Guardian] Attempt 1/1: Trying with 'requests_browser' strategy...
2025-12-02 17:51:28,554 - INFO - [The Guardian] Success with 'requests_browser'. Found content (241 words).
2025-12-02 17:51:28,610 - INFO - Duplicate article skipped: Man charged with theft after allegedly swallowing Fabergé pendant in jewellery store | New Zealand | The Guardian from The Guardian
2025-12-02 17:51:28,764 - INFO - [BBC] Article: https://www.bbc.com/news/articles/cewjg272dq9o?at_medium=RSS&at_campaign=rss
2025-12-02 17:51:28,764 - INFO - [BBC] Attempt 1/1: Trying with 'requests_browser' strategy...
2025-12-02 17:51:28,796 - INFO - [BBC] Success with 'requests_browser'. Found content (582 words).
2025-12-02 17:51:28,839 - INFO - Duplicate article skipped: Alina Habba: Appeals court disqualifies ex-Trump lawyer as New Jersey prosecutor from BBC
2025-12-02 17:51:29,937 - INFO - [BBC] Article: https://www.bbc.com/news/articles/c4g4enlp6kzo?at_medium=RSS&at_campaign=rss
2025-12-02 17:51:29,937 - INFO - [BBC] Attempt 1/1: Trying with 'requests_browser' strategy...
2025-12-02 17:51:29,965 - INFO - [The Guardian] Article: https://www.theguardian.com/world/2025/dec/02/japan-pm-sanae-takaichi-work-win-catchphrase-of-year
2025-12-02 17:51:29,965 - INFO - [The Guardian] Attempt 1/1: Trying with 'requests_browser' strategy...
2025-12-02 17:51:30,298 - INFO - [The Guardian] Success with 'requests_browser'. Found content (510 words).
2025-12-02 17:51:30,368 - INFO - Duplicate article skipped: Japan PM’s pledge to ‘work, work, work, work, and work’ wins catchphrase of year | Sanae Takaichi | The Guardian from The Guardian
2025-12-02 17:51:30,567 - INFO - [The Hindu] Page content loaded.
2025-12-02 17:51:30,670 - INFO - [The Hindu] Success with 'selenium_browser'. Found content (243 words).
2025-12-02 17:51:30,757 - INFO - Duplicate article skipped: J&K Deputy CM moves Delhi HC for removal of objectionable content against him on social media - The Hindu from The Hindu
2025-12-02 17:51:31,210 - INFO - [BBC] Success with 'requests_browser'. Found content (908 words).
2025-12-02 17:51:31,250 - INFO - Duplicate article skipped: Indonesia floods death toll passes 600 from BBC
2025-12-02 17:51:31,557 - INFO - [The Guardian] Article: https://www.theguardian.com/world/2025/dec/01/asia-flood-sri-lanka-indonesia-deploy-military
2025-12-02 17:51:31,558 - INFO - [The Guardian] Attempt 1/1: Trying with 'requests_browser' strategy...
2025-12-02 17:51:31,732 - INFO - [The Guardian] Success with 'requests_browser'. Found content (759 words).
2025-12-02 17:51:31,781 - INFO - Duplicate article skipped: Sri Lanka and Indonesia deploy militaries as Asia floods death toll passes 1,100 | Asia Pacific | The Guardian from The Guardian
2025-12-02 17:51:31,850 - INFO - [The Hindu] Article: https://www.thehindu.com/news/national/karnataka/south-western-railway-freight-revenue-crosses-451-crore/article70345210.ece
2025-12-02 17:51:31,850 - INFO - [The Hindu] Attempt 1/1: Trying with 'selenium_browser' strategy...
2025-12-02 17:51:31,883 - INFO - [BBC] Article: https://www.bbc.com/news/articles/ckg9204y4w5o?at_medium=RSS&at_campaign=rss
2025-12-02 17:51:31,883 - INFO - [BBC] Attempt 1/1: Trying with 'requests_browser' strategy...
2025-12-02 17:51:31,939 - INFO - [BBC] Success with 'requests_browser'. Found content (682 words).
2025-12-02 17:51:32,037 - INFO - Duplicate article skipped: Anicet Ekane: Cameroon opposition firebrand dies in detention aged 74 from BBC
2025-12-02 17:51:32,589 - INFO - [The Hindu] Page content loaded.
2025-12-02 17:51:32,657 - INFO - [The Hindu] Success with 'selenium_browser'. Found content (459 words).
2025-12-02 17:51:32,775 - INFO - [BBC] Article: https://www.bbc.com/news/articles/czrk7g50e1po?at_medium=RSS&at_campaign=rss
2025-12-02 17:51:32,775 - INFO - [BBC] Attempt 1/1: Trying with 'requests_browser' strategy...
2025-12-02 17:51:32,778 - INFO - Duplicate article skipped: South Western Railway freight revenue crosses ₹451 crore - The Hindu from The Hindu
2025-12-02 17:51:33,035 - INFO - [The Guardian] Article: https://www.theguardian.com/australia-news/2025/dec/03/ndis-plans-computer-generated
2025-12-02 17:51:33,035 - INFO - [The Guardian] Attempt 1/1: Trying with 'requests_browser' strategy...
2025-12-02 17:51:33,352 - INFO - [The Guardian] Success with 'requests_browser'. Found content (1863 words).
2025-12-02 17:51:33,499 - INFO - Duplicate article skipped: NDIS plans will be computer-generated with human involvement dramatically cut under sweeping overhaul | National disability insurance scheme | The Guardian from The Guardian
2025-12-02 17:51:33,653 - INFO - [The Hindu] Article: https://www.thehindu.com/news/national/defence-minster-says-130th-constitutional-amendment-will-be-part-of-patels-legacy/article70350386.ece
2025-12-02 17:51:33,653 - INFO - [The Hindu] Attempt 1/1: Trying with 'selenium_browser' strategy...
2025-12-02 17:51:33,974 - INFO - [BBC] Success with 'requests_browser'. Found content (1693 words).
2025-12-02 17:51:34,075 - INFO - Duplicate article skipped: WW1 toxic compound sprayed on Georgian protesters, BBC evidence suggests from BBC
2025-12-02 17:51:34,399 - INFO - [The Guardian] Article: https://www.theguardian.com/australia-news/2025/dec/02/australia-gambling-reform-card-payment-least-impact
2025-12-02 17:51:34,399 - INFO - [The Guardian] Attempt 1/1: Trying with 'requests_browser' strategy...
2025-12-02 17:51:34,623 - INFO - [The Guardian] Success with 'requests_browser'. Found content (512 words).
2025-12-02 17:51:34,985 - INFO - Duplicate article skipped: Australia’s heaviest betters undeterred by key gambling reform, research shows | Gambling | The Guardian from The Guardian
2025-12-02 17:51:35,106 - INFO - [BBC] Article: https://www.bbc.com/news/articles/cj69588eewyo?at_medium=RSS&at_campaign=rss
2025-12-02 17:51:35,106 - INFO - [BBC] Attempt 1/1: Trying with 'requests_browser' strategy...
2025-12-02 17:51:35,139 - INFO - [BBC] Success with 'requests_browser'. Found content (1209 words).
2025-12-02 17:51:35,200 - INFO - Duplicate article skipped: Israeli-Russian woman says Iraqi militants tortured her in captivity from BBC
2025-12-02 17:51:35,274 - INFO - [The Hindu] Page content loaded.
2025-12-02 17:51:35,353 - INFO - [The Hindu] Success with 'selenium_browser'. Found content (348 words).
2025-12-02 17:51:35,442 - INFO - Duplicate article skipped: Defence Minster says 130th Constitutional Amendment will be part of Patel’s legacy - The Hindu from The Hindu
2025-12-02 17:51:35,757 - INFO - [The Guardian] Article: https://www.theguardian.com/australia-news/2025/dec/02/sea-world-helicopter-crash-pilot-seen-taking-cocaine-the-night-before-inquest-told
2025-12-02 17:51:35,758 - INFO - [The Guardian] Attempt 1/1: Trying with 'requests_browser' strategy...
2025-12-02 17:51:35,896 - INFO - [BBC] Article: https://www.bbc.com/news/videos/cwyvgq7224go?at_medium=RSS&at_campaign=rss
2025-12-02 17:51:35,896 - INFO - [BBC] Attempt 1/1: Trying with 'requests_browser' strategy...
2025-12-02 17:51:35,964 - INFO - [The Guardian] Success with 'requests_browser'. Found content (759 words).
2025-12-02 17:51:36,066 - INFO - Duplicate article skipped: Sea World helicopter pilot ‘had a breakdown and took cocaine’ before crash, inquest told | Queensland | The Guardian from The Guardian
2025-12-02 17:51:36,163 - WARNING - [BBC] FAILED with 'requests_browser' (content was too short: 58 words).
2025-12-02 17:51:36,163 - ERROR - [BBC] All scrape strategies failed for https://www.bbc.com/news/videos/cwyvgq7224go?at_medium=RSS&at_campaign=rss. Falling back to RSS description.
2025-12-02 17:51:36,164 - INFO - Duplicate article skipped: Will Australia's social media ban actually work? from BBC
2025-12-02 17:51:36,621 - INFO - [The Hindu] Article: https://www.thehindu.com/news/national/jammu-and-kashmir/jk-high-court-allows-pdp-mla-waheed-parra-to-travel-outside-union-territory/article70349820.ece
2025-12-02 17:51:36,621 - INFO - [The Hindu] Attempt 1/1: Trying with 'selenium_browser' strategy...
2025-12-02 17:51:36,815 - INFO - [The Guardian] Article: https://www.theguardian.com/business/2025/dec/02/gina-rinehart-helipad-company-headquarters-perth-council-vote-ntwnfb
2025-12-02 17:51:36,816 - INFO - [The Guardian] Attempt 1/1: Trying with 'requests_browser' strategy...
2025-12-02 17:51:37,001 - INFO - [The Guardian] Success with 'requests_browser'. Found content (582 words).
2025-12-02 17:51:37,085 - INFO - Duplicate article skipped: Bid by Gina Rinehart’s company to build helipad set to be blocked by City of Perth | Gina Rinehart | The Guardian from The Guardian
2025-12-02 17:51:37,622 - INFO - [The Guardian] Article: https://www.theguardian.com/australia-news/2025/dec/02/australian-children-moving-to-new-social-app-lemon8-but-owner-expected-to-restrict-users-to-over-16s
2025-12-02 17:51:37,622 - INFO - [The Guardian] Attempt 1/1: Trying with 'requests_browser' strategy...
2025-12-02 17:51:37,792 - INFO - [The Hindu] Page content loaded.
2025-12-02 17:51:37,804 - INFO - [The Guardian] Success with 'requests_browser'. Found content (643 words).
2025-12-02 17:51:37,907 - INFO - Duplicate article skipped: Australian children moving to new social app Lemon8 but owner expected to restrict users to over-16s | Social media ban | The Guardian from The Guardian
2025-12-02 17:51:38,007 - INFO - [The Hindu] Success with 'selenium_browser'. Found content (357 words).
2025-12-02 17:51:38,091 - INFO - Duplicate article skipped: J&K High Court allows PDP MLA Waheed Parra to travel outside Union Territory - The Hindu from The Hindu
2025-12-02 17:51:38,616 - INFO - [The Hindu] Article: https://www.thehindu.com/news/national/india-maldives-joint-military-exercise-begins-in-thiruvananthapuram/article70349583.ece
2025-12-02 17:51:38,616 - INFO - [The Hindu] Attempt 1/1: Trying with 'selenium_browser' strategy...
2025-12-02 17:51:39,429 - INFO - [The Hindu] Page content loaded.
2025-12-02 17:51:39,519 - INFO - [The Hindu] Success with 'selenium_browser'. Found content (214 words).
2025-12-02 17:51:39,590 - INFO - Duplicate article skipped: India-Maldives joint military exercise begins in Thiruvananthapuram - The Hindu from The Hindu
2025-12-02 17:51:40,415 - INFO - [The Hindu] Article: https://www.thehindu.com/news/national/regime-change-operation-claim-is-not-in-the-chargesheet-delhi-riots-accused-tell-the-supreme-court/article70349621.ece
2025-12-02 17:51:40,415 - INFO - [The Hindu] Attempt 1/1: Trying with 'selenium_browser' strategy...
2025-12-02 17:51:41,324 - INFO - [The Hindu] Page content loaded.
2025-12-02 17:51:41,541 - INFO - [The Hindu] Success with 'selenium_browser'. Found content (1018 words).
2025-12-02 17:51:41,649 - INFO - Duplicate article skipped: ‘Regime change operation’ claim is not in the chargesheet, Delhi riots accused tell the Supreme Court - The Hindu from The Hindu
2025-12-02 17:51:42,259 - INFO - [The Hindu] Article: https://www.thehindu.com/shorts/watch-telangana-cm-revanth-reddy-braces-for-face-off-with-lionel-messi/article70350773.ece
2025-12-02 17:51:42,259 - INFO - [The Hindu] Attempt 1/1: Trying with 'selenium_browser' strategy...
2025-12-02 17:51:53,025 - WARNING - [The Hindu] Page timed out (10s). No <p> tags found. Proceeding anyway.
2025-12-02 17:51:53,052 - WARNING - [The Hindu] FAILED with 'selenium_browser' (content was too short: 55 words).
2025-12-02 17:51:53,053 - ERROR - [The Hindu] All scrape strategies failed for https://www.thehindu.com/shorts/watch-telangana-cm-revanth-reddy-braces-for-face-off-with-lionel-messi/article70350773.ece. Falling back to RSS description.
2025-12-02 17:51:53,053 - INFO - Duplicate article skipped: Watch: Telangana CM Revanth Reddy braces for face-off with Lionel Messi from The Hindu
2025-12-02 17:51:53,555 - INFO - [The Hindu] Article: https://www.thehindu.com/news/national/west-bengal/west-bengal-announces-compensation-linked-to-sir-related-distress/article70349679.ece
2025-12-02 17:51:53,555 - INFO - [The Hindu] Attempt 1/1: Trying with 'selenium_browser' strategy...
2025-12-02 17:51:57,787 - ERROR - [Times of India] Request failed for strategy 'selenium_browser' on URL https://timesofindia.indiatimes.com/world/us-streamers/nina-lin-refuses-to-say-sorry-after-target-shoplifting-clip-goes-viral-while-asmongold-urges-twitch-to-act/articleshow/125724104.cms: Message: timeout: Timed out receiving message from renderer: 59.909
  (Session info: chrome=142.0.7444.162)
Stacktrace:
#0 0x556d6e0a532a <unknown>
#1 0x556d6daf1e4b <unknown>
#2 0x556d6dad9e0d <unknown>
#3 0x556d6dad9af0 <unknown>
#4 0x556d6dad78ff <unknown>
#5 0x556d6dad827f <unknown>
#6 0x556d6dae6ca3 <unknown>
#7 0x556d6db00601 <unknown>
#8 0x556d6db06e0b <unknown>
#9 0x556d6dad89bd <unknown>
#10 0x556d6db003a7 <unknown>
#11 0x556d6db91170 <unknown>
#12 0x556d6db36c1a <unknown>
#13 0x556d6db37921 <unknown>
#14 0x556d6e06c239 <unknown>
#15 0x556d6e06f1e8 <unknown>
#16 0x556d6e0554c9 <unknown>
#17 0x556d6e06fdb5 <unknown>
#18 0x556d6e03ce93 <unknown>
#19 0x556d6e092098 <unknown>
#20 0x556d6e092273 <unknown>
#21 0x556d6e0a42c3 <unknown>
#22 0x7fcd7169caa4 <unknown>
#23 0x7fcd71729c6c <unknown>

2025-12-02 17:51:57,787 - ERROR - [Times of India] All scrape strategies failed for https://timesofindia.indiatimes.com/world/us-streamers/nina-lin-refuses-to-say-sorry-after-target-shoplifting-clip-goes-viral-while-asmongold-urges-twitch-to-act/articleshow/125724104.cms. Falling back to RSS description.
2025-12-02 17:52:06,366 - INFO - [The Hindu] Page content loaded.
2025-12-02 17:52:06,502 - INFO - [The Hindu] Success with 'selenium_browser'. Found content (324 words).
2025-12-02 17:52:11,125 - INFO - DEDUPLICATION: Found match (Score: 0.74). Linking to Cluster ID: b24cc97a-68e1-4fe6-a46e-288928b7ff48
2025-12-02 17:52:11,127 - INFO - Saved article: Nina Lin refuses to say sorry after Target shoplifting clip goes viral while Asmongold urges Twitch to act from Times of India
2025-12-02 17:52:11,127 - INFO - Duplicate article skipped: West Bengal announces compensation linked to SIR-related distress - The Hindu from The Hindu
2025-12-02 17:52:12,445 - INFO - [The Hindu] Article: https://www.thehindu.com/shorts/watch-myself-and-dk-shivakumar-are-united-karnataka-cm-siddaramaiah/article70350758.ece
2025-12-02 17:52:12,445 - INFO - [The Hindu] Attempt 1/1: Trying with 'selenium_browser' strategy...
2025-12-02 17:52:12,556 - INFO - [Times of India] Article: https://timesofindia.indiatimes.com/world/us/after-taylor-swift-white-house-uses-sabrina-carpenters-song-juno-in-ice-deportation-video-watch/articleshow/125722972.cms
2025-12-02 17:52:12,556 - INFO - [Times of India] Attempt 1/1: Trying with 'selenium_browser' strategy...
2025-12-02 17:52:13,559 - INFO - [Times of India] Page content loaded.
2025-12-02 17:52:13,693 - INFO - [Times of India] Success with 'selenium_browser'. Found content (116 words).
2025-12-02 17:52:13,779 - INFO - Duplicate article skipped: After Taylor Swift, White House uses Sabrina Carpenter’s song ‘Juno’ in ICE deportation video – Watch - The Times of India from Times of India
2025-12-02 17:52:14,458 - INFO - [Times of India] Article: https://timesofindia.indiatimes.com/world/us-streamers/perez-hilton-reacts-as-brian-harpole-breaks-silence-on-strange-hand-signal-claims-in-charlie-kirk-shooting-case/articleshow/125722044.cms
2025-12-02 17:52:14,458 - INFO - [Times of India] Attempt 1/1: Trying with 'selenium_browser' strategy...
2025-12-02 17:52:15,361 - INFO - [Times of India] Page content loaded.
2025-12-02 17:52:15,468 - INFO - [Times of India] Success with 'selenium_browser'. Found content (498 words).
2025-12-02 17:52:15,551 - INFO - Duplicate article skipped: Perez Hilton reacts as Brian Harpole breaks silence on strange hand signal claims in Charlie Kirk shooting case - The Times of India from Times of India
2025-12-02 17:52:16,096 - INFO - [Times of India] Article: https://timesofindia.indiatimes.com/world/us/we-dont-need-an-indian-to-tell-us-social-media-grills-vivek-ramaswamy-for-preaching-the-american-dream/articleshow/125722403.cms
2025-12-02 17:52:16,096 - INFO - [Times of India] Attempt 1/1: Trying with 'selenium_browser' strategy...
2025-12-02 17:52:16,987 - INFO - [Times of India] Page content loaded.
2025-12-02 17:52:17,116 - INFO - [Times of India] Success with 'selenium_browser'. Found content (298 words).
2025-12-02 17:52:17,198 - INFO - Duplicate article skipped: 'We don't need an Indian to tell us…': Social media grills Vivek Ramaswamy for preaching the 'American Dream' - The Times of India from Times of India
2025-12-02 17:52:18,034 - INFO - [Times of India] Article: https://timesofindia.indiatimes.com/world/us-streamers/where-did-kai-cenat-go-after-mafiathon-3-inside-his-hiatus-which-has-left-fans-clamouring-for-an-epic-comeback/articleshow/125722347.cms
2025-12-02 17:52:18,034 - INFO - [Times of India] Attempt 1/1: Trying with 'selenium_browser' strategy...
2025-12-02 17:52:18,896 - INFO - [Times of India] Page content loaded.
2025-12-02 17:52:19,056 - INFO - [Times of India] Success with 'selenium_browser'. Found content (365 words).
2025-12-02 17:52:23,243 - WARNING - [The Hindu] Page timed out (10s). No <p> tags found. Proceeding anyway.
2025-12-02 17:52:23,289 - WARNING - [The Hindu] FAILED with 'selenium_browser' (content was too short: 54 words).
2025-12-02 17:52:23,289 - ERROR - [The Hindu] All scrape strategies failed for https://www.thehindu.com/shorts/watch-myself-and-dk-shivakumar-are-united-karnataka-cm-siddaramaiah/article70350758.ece. Falling back to RSS description.
2025-12-02 17:52:33,462 - INFO - Saved article: Where did Kai Cenat go after Mafiathon 3? Inside his hiatus which has left fans clamouring for an epic comeback - The Times of India from Times of India
2025-12-02 17:52:33,462 - INFO - Duplicate article skipped: Watch: “Myself and DK Shivakumar are united”: Karnataka CM Siddaramaiah from The Hindu
2025-12-02 17:52:34,511 - INFO - [Times of India] Article: https://timesofindia.indiatimes.com/world/us-streamers/candace-owens-fights-back-as-french-ministry-rejects-her-macron-and-charlie-kirk-story-over-spelling-mistake/articleshow/125721608.cms
2025-12-02 17:52:34,511 - INFO - [Times of India] Attempt 1/1: Trying with 'selenium_browser' strategy...
2025-12-02 17:52:34,895 - INFO - [The Hindu] Article: https://www.thehindu.com/news/national/indian-navys-defiant-posture-during-operation-sindoor-kept-pakistan-navy-confined-to-coast-says-naval-chief/article70350486.ece
2025-12-02 17:52:34,895 - INFO - [The Hindu] Attempt 1/1: Trying with 'selenium_browser' strategy...
2025-12-02 17:52:36,703 - INFO - [Times of India] Page content loaded.
2025-12-02 17:52:36,849 - INFO - [Times of India] Success with 'selenium_browser'. Found content (436 words).
2025-12-02 17:52:36,933 - INFO - Duplicate article skipped: Candace Owens fights back as French Ministry rejects her Macron and Charlie Kirk story over spelling mistake - The Times of India from Times of India
2025-12-02 17:52:37,625 - INFO - [Times of India] Article: https://timesofindia.indiatimes.com/world/us/hire-act-explained-indian-origin-lawmaker-proposes-doubling-h-1b-visas-is-it-possible/articleshow/125720990.cms
2025-12-02 17:52:37,625 - INFO - [Times of India] Attempt 1/1: Trying with 'selenium_browser' strategy...
2025-12-02 17:52:38,476 - INFO - [Times of India] Page content loaded.
2025-12-02 17:52:38,613 - INFO - [Times of India] Success with 'selenium_browser'. Found content (528 words).
2025-12-02 17:52:38,933 - INFO - Duplicate article skipped: HIRE Act explained: Indian-origin lawmaker proposes doubling H-1B visas — is it possible? - The Times of India from Times of India
2025-12-02 17:52:39,614 - INFO - [Times of India] Article: https://timesofindia.indiatimes.com/world/us-streamers/nina-lin-banned-again-on-twitch-after-the-target-shoplifting-video-goes-viral/articleshow/125721181.cms
2025-12-02 17:52:39,614 - INFO - [Times of India] Attempt 1/1: Trying with 'selenium_browser' strategy...
2025-12-02 17:52:40,354 - INFO - [Times of India] Page content loaded.
2025-12-02 17:52:40,501 - INFO - [Times of India] Success with 'selenium_browser'. Found content (481 words).
2025-12-02 17:52:40,593 - INFO - Duplicate article skipped: Nina Lin banned again on Twitch after the Target shoplifting video goes viral - The Times of India from Times of India
2025-12-02 17:52:41,801 - INFO - [Times of India] Article: https://timesofindia.indiatimes.com/world/rest-of-world/public-execution-in-afghanistan-man-sentenced-to-retaliatory-punishment-for-murder-thousands-gather-to-watch/articleshow/125720626.cms
2025-12-02 17:52:41,801 - INFO - [Times of India] Attempt 1/1: Trying with 'selenium_browser' strategy...
2025-12-02 17:52:42,837 - INFO - [Times of India] Page content loaded.
2025-12-02 17:52:42,984 - INFO - [Times of India] Success with 'selenium_browser'. Found content (327 words).
2025-12-02 17:52:43,052 - INFO - Duplicate article skipped: Public execution in Afghanistan: Man sentenced to 'retaliatory punishment' for murder; thousands gather to watch - The Times of India from Times of India
2025-12-02 17:52:44,157 - INFO - [Times of India] Article: https://timesofindia.indiatimes.com/world/us-streamers/candace-owens-and-charlie-kirk-controversy-explained-inside-her-statements-on-erika-kirk-emmanuel-macron-and-mystery-around-his-death/articleshow/125661671.cms
2025-12-02 17:52:44,157 - INFO - [Times of India] Attempt 1/1: Trying with 'selenium_browser' strategy...
2025-12-02 17:52:45,051 - INFO - [Times of India] Page content loaded.
2025-12-02 17:52:45,216 - INFO - [Times of India] Success with 'selenium_browser'. Found content (510 words).
2025-12-02 17:52:45,295 - INFO - Duplicate article skipped: Candace Owens and Charlie Kirk controversy explained: Inside her statements on Erika Kirk, Emmanuel Macron and mystery around his death - The Times of India from Times of India
2025-12-02 17:52:46,651 - INFO - [Times of India] Article: https://timesofindia.indiatimes.com/world/us/us-visa-delays-for-indians-fall-f-1-and-b-1/b-2-interview-wait-times-drop-in-new-delhi-chennai-mumbai-hyderabad-kolkata/articleshow/125720464.cms
2025-12-02 17:52:46,651 - INFO - [Times of India] Attempt 1/1: Trying with 'selenium_browser' strategy...
2025-12-02 17:52:47,235 - INFO - [Times of India] Page content loaded.
2025-12-02 17:52:47,396 - INFO - [Times of India] Success with 'selenium_browser'. Found content (312 words).
2025-12-02 17:52:47,454 - INFO - Duplicate article skipped: US visa delays for Indians fall: F-1 and B-1/B-2 interview wait times drop in New Delhi, Chennai, Mumbai, Hyderabad, Kolkata - The Times of India from Times of India
2025-12-02 17:52:48,428 - INFO - [The Hindu] Page content loaded.
2025-12-02 17:52:48,544 - INFO - [The Hindu] Success with 'selenium_browser'. Found content (410 words).
2025-12-02 17:52:48,662 - INFO - Duplicate article skipped: Indian Navy’s defiant posture during Operation Sindoor kept Pakistan Navy confined to coast, says Naval Chief - The Hindu from The Hindu
2025-12-02 17:52:48,853 - INFO - [Times of India] Article: https://timesofindia.indiatimes.com/world/us-streamers/does-candace-owens-have-facts-to-support-her-emmanuel-macron-and-charlie-kirk-claim-french-officials-highlight-fresh-doubts/articleshow/125706535.cms
2025-12-02 17:52:48,853 - INFO - [Times of India] Attempt 1/1: Trying with 'selenium_browser' strategy...
2025-12-02 17:52:49,578 - INFO - [Times of India] Page content loaded.
2025-12-02 17:52:49,717 - INFO - [Times of India] Success with 'selenium_browser'. Found content (433 words).
2025-12-02 17:52:49,785 - INFO - Duplicate article skipped: Does Candace Owens have facts to support her Emmanuel Macron and Charlie Kirk claim? French officials highlight fresh doubts - The Times of India from Times of India
2025-12-02 17:52:49,810 - INFO - [The Hindu] Article: https://www.thehindu.com/news/national/karnataka/india-should-focus-on-building-national-aircraft/article70349966.ece
2025-12-02 17:52:49,810 - INFO - [The Hindu] Attempt 1/1: Trying with 'selenium_browser' strategy...
2025-12-02 17:52:50,770 - INFO - [The Hindu] Page content loaded.
2025-12-02 17:52:50,850 - INFO - [The Hindu] Success with 'selenium_browser'. Found content (447 words).
2025-12-02 17:52:50,949 - INFO - Duplicate article skipped: ‘India should focus on building national aircraft’ - The Hindu from The Hindu
2025-12-02 17:52:50,953 - INFO - [Times of India] Article: https://timesofindia.indiatimes.com/world/us/dubai-is-the-only-place-indians-respect-the-law-andrew-tate-draws-flak-for-targeted-comment-on-social-media/articleshow/125718926.cms
2025-12-02 17:52:50,953 - INFO - [Times of India] Attempt 1/1: Trying with 'selenium_browser' strategy...
2025-12-02 17:52:52,233 - INFO - [The Hindu] Article: https://www.thehindu.com/news/national/assam/assam-congress-chief-seeks-pms-intervention-in-tezpur-university-unrest/article70349992.ece
2025-12-02 17:52:52,233 - INFO - [The Hindu] Attempt 1/1: Trying with 'selenium_browser' strategy...
2025-12-02 17:52:54,422 - INFO - [Times of India] Page content loaded.
2025-12-02 17:52:54,987 - INFO - [Times of India] Success with 'selenium_browser'. Found content (258 words).
2025-12-02 17:52:55,170 - INFO - Duplicate article skipped: ‘Dubai is the only place Indians respect the law’: Andrew Tate draws flak for targeted comment on social media - The Times of India from Times of India
2025-12-02 17:52:55,823 - INFO - [Times of India] Article: https://timesofindia.indiatimes.com/world/us/google-co-founder-sergey-brins-ex-wife-nicole-shanahan-claims-silicon-valley-tech-wives-were-used-to-fund-hidden-agendas/articleshow/125719824.cms
2025-12-02 17:52:55,823 - INFO - [Times of India] Attempt 1/1: Trying with 'selenium_browser' strategy...
2025-12-02 17:52:56,625 - INFO - [Times of India] Page content loaded.
2025-12-02 17:52:56,766 - INFO - [Times of India] Success with 'selenium_browser'. Found content (647 words).
2025-12-02 17:52:56,865 - INFO - Duplicate article skipped: Google co-founder Sergey Brin’s ex-wife Nicole Shanahan claims Silicon Valley ‘tech wives’ were used to fund hidden agendas | World News - The Times of India from Times of India
2025-12-02 17:52:57,952 - INFO - [Times of India] Article: https://timesofindia.indiatimes.com/world/us/kill-them-all-why-pete-hegseths-order-is-a-feature-not-a-bug-of-american-cowboy-justice/articleshow/125718572.cms
2025-12-02 17:52:57,952 - INFO - [Times of India] Attempt 1/1: Trying with 'selenium_browser' strategy...
2025-12-02 17:52:58,913 - INFO - [Times of India] Page content loaded.
2025-12-02 17:52:59,063 - INFO - [Times of India] Success with 'selenium_browser'. Found content (1442 words).
2025-12-02 17:52:59,153 - INFO - Duplicate article skipped: Kill them all: Why Pete Hegseth's 'order' is a feature, not a bug, of American cowboy justice | World News - The Times of India from Times of India
2025-12-02 17:53:00,458 - INFO - [Times of India] Article: https://timesofindia.indiatimes.com/world/us-streamers/candace-owens-net-worth-in-2025-podcast-earnings-career-charlie-kirk-controversy-and-more/articleshow/125699537.cms
2025-12-02 17:53:00,458 - INFO - [Times of India] Attempt 1/1: Trying with 'selenium_browser' strategy...
2025-12-02 17:53:01,317 - INFO - [Times of India] Page content loaded.
2025-12-02 17:53:01,438 - INFO - [Times of India] Success with 'selenium_browser'. Found content (446 words).
2025-12-02 17:53:01,493 - INFO - Duplicate article skipped: Candace Owens net worth in 2025: Podcast earnings, career, Charlie Kirk controversy and more - The Times of India from Times of India
2025-12-02 17:53:02,333 - INFO - [Times of India] Article: https://timesofindia.indiatimes.com/world/middle-east/seven-new-mosques-in-abu-dhabi-named-after-each-emirate-for-uae-national-day/articleshow/125718452.cms
2025-12-02 17:53:02,333 - INFO - [Times of India] Attempt 1/1: Trying with 'selenium_browser' strategy...
2025-12-02 17:53:03,358 - INFO - [Times of India] Page content loaded.
2025-12-02 17:53:03,498 - INFO - [Times of India] Success with 'selenium_browser'. Found content (333 words).
2025-12-02 17:53:03,770 - INFO - Duplicate article skipped: Seven new mosques in Abu Dhabi named after each emirate for UAE National Day | World News - The Times of India from Times of India
2025-12-02 17:53:04,731 - INFO - [Times of India] Article: https://timesofindia.indiatimes.com/world/middle-east/qatar-begins-digital-selection-process-for-hajj-1447-ah-pilgrims/articleshow/125718658.cms
2025-12-02 17:53:04,731 - INFO - [Times of India] Attempt 1/1: Trying with 'selenium_browser' strategy...
2025-12-02 17:53:05,466 - INFO - [Times of India] Page content loaded.
2025-12-02 17:53:05,642 - INFO - [Times of India] Success with 'selenium_browser'. Found content (406 words).
2025-12-02 17:53:05,719 - INFO - Duplicate article skipped: Qatar begins digital selection process for Hajj 1447 AH pilgrims | World News - The Times of India from Times of India
2025-12-02 17:53:07,114 - INFO - [Times of India] Article: https://timesofindia.indiatimes.com/world/us/they-lose-a-limb-bleed-out-megyn-kelly-says-she-wants-alleged-drug-traffickers-to-suffer-at-the-hands-of-trump-and-hegseth/articleshow/125717813.cms
2025-12-02 17:53:07,114 - INFO - [Times of India] Attempt 1/1: Trying with 'selenium_browser' strategy...
2025-12-02 17:53:08,245 - INFO - [Times of India] Page content loaded.
2025-12-02 17:53:08,409 - INFO - [Times of India] Success with 'selenium_browser'. Found content (541 words).
2025-12-02 17:53:08,492 - INFO - Duplicate article skipped: ‘They lose a limb, bleed out’: Megyn Kelly says she wants alleged drug traffickers to ‘suffer’ at the hands of Trump and Hegseth - The Times of India from Times of India
2025-12-02 17:53:09,604 - INFO - [Times of India] Article: https://timesofindia.indiatimes.com/world/us-streamers/i-got-two-pennies-asmongold-blasts-twitch-exposes-payouts-after-viewers-report-stream-pauses-for-commercials-that-never-play/articleshow/125717131.cms
2025-12-02 17:53:09,604 - INFO - [Times of India] Attempt 1/1: Trying with 'selenium_browser' strategy...
2025-12-02 17:53:10,305 - INFO - [Times of India] Page content loaded.
2025-12-02 17:53:10,451 - INFO - [Times of India] Success with 'selenium_browser'. Found content (413 words).
2025-12-02 17:53:10,535 - INFO - Duplicate article skipped: “I got two pennies”: Asmongold blasts Twitch, exposes payouts after viewers report stream pauses for commercials that never play - The Times of India from Times of India
2025-12-02 17:53:11,578 - INFO - [Times of India] (Thread) Finished. Attempting to shut down its Selenium driver.
2025-12-02 17:53:11,945 - INFO - [Times of India] (Thread) driver.quit() successful.
2025-12-02 17:54:52,334 - ERROR - [The Hindu] Request failed for strategy 'selenium_browser' on URL https://www.thehindu.com/news/national/assam/assam-congress-chief-seeks-pms-intervention-in-tezpur-university-unrest/article70349992.ece: HTTPConnectionPool(host='localhost', port=53695): Read timed out. (read timeout=120)
2025-12-02 17:54:52,334 - ERROR - [The Hindu] All scrape strategies failed for https://www.thehindu.com/news/national/assam/assam-congress-chief-seeks-pms-intervention-in-tezpur-university-unrest/article70349992.ece. Falling back to RSS description.
2025-12-02 17:54:52,335 - INFO - Duplicate article skipped: Assam Congress chief seeks PM’s intervention in Tezpur University unrest from The Hindu
2025-12-02 17:54:53,187 - INFO - [The Hindu] Article: https://www.thehindu.com/news/national/political-interests-are-creating-linguistic-divisions-says-education-minister/article70349763.ece
2025-12-02 17:54:53,187 - INFO - [The Hindu] Attempt 1/1: Trying with 'selenium_browser' strategy...
2025-12-02 17:55:48,724 - CRITICAL - --- TIMEOUT: 1 scrape jobs did not complete in 300s. ---
2025-12-02 17:55:48,724 - ERROR - A thread has timed out and will be abandoned.
2025-12-02 17:55:48,725 - INFO - Shutting down thread pool (wait=False)...
2025-12-02 17:55:48,725 - INFO - Scraped: 0 BBC, 0 The Guardian, 2 Times of India, 1 Timed_Out_Jobs articles. (Total saved: 2)
2025-12-02 17:55:48,725 - INFO - --- Scraping job finished ---
2025-12-02 17:55:48,725 - INFO - --- Scraper service stopped and database connection closed. ---
2025-12-02 17:55:48,725 - INFO - --- Main thread finished. Forcing process exit to kill zombie threads. ---
