2025-12-05 21:42:48,878 - INFO - Loading AI Semantic Model (all-MiniLM-L6-v2)...
2025-12-05 21:42:48,879 - INFO - Use pytorch device_name: cpu
2025-12-05 21:42:48,879 - INFO - Load pretrained SentenceTransformer: all-MiniLM-L6-v2
2025-12-05 21:42:49,417 - INFO - AI Model loaded successfully.
2025-12-05 21:42:49,417 - INFO - Initializing database connection at: news_articles.db
2025-12-05 21:42:49,417 - INFO - --- Scraper service started (CI Mode: Run Once) ---
2025-12-05 21:42:49,417 - INFO - --- Starting new scraping job (Parallel Mode) ---
2025-12-05 21:42:49,418 - INFO - Creating new robust session with 3 retries on 5xx/connection/read errors.
2025-12-05 21:42:49,418 - INFO - Proxy is DISABLED.
2025-12-05 21:42:49,418 - INFO - Starting scrape for BBC RSS feed: http://feeds.bbci.co.uk/news/world/rss.xml
2025-12-05 21:42:49,419 - INFO - [Times of India] (Thread) requires Selenium. Initializing driver...
2025-12-05 21:42:49,419 - INFO - Initializing headless Selenium Chrome driver (using SeleniumManager)...
2025-12-05 21:42:49,419 - INFO - Starting scrape for The Guardian RSS feed: https://www.theguardian.com/world/rss
2025-12-05 21:42:49,421 - INFO - [The Hindu] (Thread) requires Selenium. Initializing driver...
2025-12-05 21:42:49,421 - INFO - Initializing headless Selenium Chrome driver (using SeleniumManager)...
2025-12-05 21:42:49,421 - INFO - Submitted 4 jobs to thread pool. Waiting up to 300s for completion...
2025-12-05 21:42:49,541 - INFO - Found 45 articles in The Guardian RSS feed. Processing up to 20.
2025-12-05 21:42:49,541 - INFO - [The Guardian] Article: https://www.theguardian.com/global-development/2025/dec/05/rsf-massacres-sudanese-city-el-fasher-slaughterhouse-satellite-images
2025-12-05 21:42:49,541 - INFO - [The Guardian] Attempt 1/1: Trying with 'requests_browser' strategy...
2025-12-05 21:42:49,571 - INFO - [The Guardian] Success with 'requests_browser'. Found content (684 words).
2025-12-05 21:42:49,608 - INFO - Duplicate article skipped: RSF massacres left Sudanese city ‘a slaughterhouse’, satellite images show | Global development | The Guardian from The Guardian
2025-12-05 21:42:49,805 - INFO - Found 43 articles in BBC RSS feed. Processing up to 20.
2025-12-05 21:42:49,805 - INFO - [BBC] Article: https://www.bbc.com/news/articles/c4g482m3yyzo?at_medium=RSS&at_campaign=rss
2025-12-05 21:42:49,805 - INFO - [BBC] Attempt 1/1: Trying with 'requests_browser' strategy...
2025-12-05 21:42:50,421 - INFO - [BBC] Success with 'requests_browser'. Found content (690 words).
2025-12-05 21:42:50,455 - INFO - Duplicate article skipped: Putin in India: Russia ready to provide 'uninterrupted' fuel supplies from BBC
2025-12-05 21:42:50,996 - INFO - [The Guardian] Article: https://www.theguardian.com/environment/2025/dec/05/african-penguins-starve-to-death-south-africa-sardine-population-aoe
2025-12-05 21:42:50,996 - INFO - [The Guardian] Attempt 1/1: Trying with 'requests_browser' strategy...
2025-12-05 21:42:51,028 - INFO - [The Guardian] Success with 'requests_browser'. Found content (530 words).
2025-12-05 21:42:51,062 - INFO - Duplicate article skipped: 60,000 African penguins starved to death after sardine numbers collapsed – study | Birds | The Guardian from The Guardian
2025-12-05 21:42:51,245 - INFO - [BBC] Article: https://www.bbc.com/news/articles/ckg9drg8pg1o?at_medium=RSS&at_campaign=rss
2025-12-05 21:42:51,245 - INFO - [BBC] Attempt 1/1: Trying with 'requests_browser' strategy...
2025-12-05 21:42:51,288 - INFO - [BBC] Success with 'requests_browser'. Found content (692 words).
2025-12-05 21:42:51,324 - INFO - Duplicate article skipped: Germany votes to bring in voluntary military service programme for 18-year-olds from BBC
2025-12-05 21:42:52,138 - INFO - [BBC] Article: https://www.bbc.com/news/articles/c208j0wrzrvo?at_medium=RSS&at_campaign=rss
2025-12-05 21:42:52,138 - INFO - [BBC] Attempt 1/1: Trying with 'requests_browser' strategy...
2025-12-05 21:42:52,177 - INFO - [BBC] Success with 'requests_browser'. Found content (412 words).
2025-12-05 21:42:52,211 - INFO - Duplicate article skipped: US Supreme Court agrees to hear case challenging birthright citizenship from BBC
2025-12-05 21:42:52,537 - INFO - [The Guardian] Article: https://www.theguardian.com/world/2025/dec/05/us-sanctions-sudan-army-rsf-ceasefire
2025-12-05 21:42:52,537 - INFO - [The Guardian] Attempt 1/1: Trying with 'requests_browser' strategy...
2025-12-05 21:42:52,570 - INFO - [The Guardian] Success with 'requests_browser'. Found content (849 words).
2025-12-05 21:42:52,754 - INFO - Duplicate article skipped: US considers wider sanctions on Sudanese army and RSF as ceasefire efforts falter | Sudan | The Guardian from The Guardian
2025-12-05 21:42:53,580 - INFO - [The Guardian] Article: https://www.theguardian.com/world/2025/dec/04/us-eu-critical-minerals-project-drc-report-lobito-corridor
2025-12-05 21:42:53,580 - INFO - [The Guardian] Attempt 1/1: Trying with 'requests_browser' strategy...
2025-12-05 21:42:53,606 - INFO - [The Guardian] Success with 'requests_browser'. Found content (813 words).
2025-12-05 21:42:53,640 - INFO - Duplicate article skipped: US and EU critical minerals project could displace thousands in DRC – report | Democratic Republic of the Congo | The Guardian from The Guardian
2025-12-05 21:42:53,678 - INFO - [BBC] Article: https://www.bbc.com/news/articles/cx2500jkd41o?at_medium=RSS&at_campaign=rss
2025-12-05 21:42:53,678 - INFO - [BBC] Attempt 1/1: Trying with 'requests_browser' strategy...
2025-12-05 21:42:54,082 - INFO - [BBC] Success with 'requests_browser'. Found content (558 words).
2025-12-05 21:42:54,117 - INFO - Duplicate article skipped: Eritreans, including Olympian Zeragaber Gebrehiwot, freed after 18 years in jail without trial from BBC
2025-12-05 21:42:54,447 - INFO - [The Guardian] Article: https://www.theguardian.com/global-development/2025/dec/04/aid-cuts-africa-uganda-stops-refugee-status-eritreans-somalis-ethiopians
2025-12-05 21:42:54,448 - INFO - [The Guardian] Attempt 1/1: Trying with 'requests_browser' strategy...
2025-12-05 21:42:54,483 - INFO - [The Guardian] Success with 'requests_browser'. Found content (620 words).
2025-12-05 21:42:54,518 - INFO - Duplicate article skipped: Uganda stops granting refugee status for Eritreans, Somalis and Ethiopians | Global development | The Guardian from The Guardian
2025-12-05 21:42:55,114 - INFO - [The Guardian] Article: https://www.theguardian.com/us-news/2025/dec/05/us-airstrike-survivors-clung-to-boat-wreckage-for-an-hour-before-second-deadly-attack-video-shows
2025-12-05 21:42:55,114 - INFO - [The Guardian] Attempt 1/1: Trying with 'requests_browser' strategy...
2025-12-05 21:42:55,147 - INFO - [The Guardian] Success with 'requests_browser'. Found content (1016 words).
2025-12-05 21:42:55,192 - INFO - Duplicate article skipped: US airstrike survivors clung to boat wreckage for an hour before second deadly attack, video shows | US military | The Guardian from The Guardian
2025-12-05 21:42:55,331 - INFO - [BBC] Article: https://www.bbc.com/news/articles/ce91x2jm5pjo?at_medium=RSS&at_campaign=rss
2025-12-05 21:42:55,331 - INFO - [BBC] Attempt 1/1: Trying with 'requests_browser' strategy...
2025-12-05 21:42:55,370 - INFO - [BBC] Success with 'requests_browser'. Found content (896 words).
2025-12-05 21:42:55,407 - INFO - Duplicate article skipped: Netflix to buy Warner Bros film and streaming businesses for $72bn from BBC
2025-12-05 21:42:56,451 - INFO - [BBC] Article: https://www.bbc.com/news/articles/c5y2p22z9gno?at_medium=RSS&at_campaign=rss
2025-12-05 21:42:56,451 - INFO - [BBC] Attempt 1/1: Trying with 'requests_browser' strategy...
2025-12-05 21:42:56,482 - INFO - [The Guardian] Article: https://www.theguardian.com/us-news/2025/dec/05/neo-nazi-base-leader-on-terrorism-arrest
2025-12-05 21:42:56,482 - INFO - [The Guardian] Attempt 1/1: Trying with 'requests_browser' strategy...
2025-12-05 21:42:56,496 - INFO - [BBC] Success with 'requests_browser'. Found content (323 words).
2025-12-05 21:42:56,526 - INFO - Duplicate article skipped: Frank Gehry: Legendary US architect dies aged 96 from BBC
2025-12-05 21:42:56,543 - INFO - [The Guardian] Success with 'requests_browser'. Found content (1072 words).
2025-12-05 21:42:56,579 - INFO - Duplicate article skipped: US leader of global neo-Nazi terrorist group signals retribution for arrests | Far right (US) | The Guardian from The Guardian
2025-12-05 21:42:57,444 - INFO - [The Guardian] Article: https://www.theguardian.com/politics/audio/2025/dec/05/donald-trump-about-to-invade-venezuela-podcast
2025-12-05 21:42:57,444 - INFO - [The Guardian] Attempt 1/1: Trying with 'requests_browser' strategy...
2025-12-05 21:42:57,480 - WARNING - [The Guardian] FAILED with 'requests_browser' (content was too short: 72 words).
2025-12-05 21:42:57,480 - ERROR - [The Guardian] All scrape strategies failed for https://www.theguardian.com/politics/audio/2025/dec/05/donald-trump-about-to-invade-venezuela-podcast. Falling back to RSS description.
2025-12-05 21:42:57,480 - INFO - Duplicate article skipped: “This is war”: Is Trump about to invade Venezuela? – podcast from The Guardian
2025-12-05 21:42:57,555 - INFO - [BBC] Article: https://www.bbc.com/news/articles/c30j7q6qjp9o?at_medium=RSS&at_campaign=rss
2025-12-05 21:42:57,555 - INFO - [BBC] Attempt 1/1: Trying with 'requests_browser' strategy...
2025-12-05 21:42:57,674 - INFO - [BBC] Success with 'requests_browser'. Found content (795 words).
2025-12-05 21:42:57,714 - INFO - Duplicate article skipped: Namibia loses bid to overturn ban on rhino horn trade at Cites conference in Samarkand from BBC
2025-12-05 21:42:58,378 - INFO - [BBC] Article: https://www.bbc.com/news/articles/c4gp8vjwll2o?at_medium=RSS&at_campaign=rss
2025-12-05 21:42:58,378 - INFO - [BBC] Attempt 1/1: Trying with 'requests_browser' strategy...
2025-12-05 21:42:58,414 - INFO - [BBC] Success with 'requests_browser'. Found content (290 words).
2025-12-05 21:42:58,449 - INFO - Duplicate article skipped: Woman wanted by Interpol for trafficking tiger parts arrested in India from BBC
2025-12-05 21:42:58,734 - INFO - [The Guardian] Article: https://www.theguardian.com/us-news/2025/dec/04/pentagon-boat-strike-pacific
2025-12-05 21:42:58,735 - INFO - [The Guardian] Attempt 1/1: Trying with 'requests_browser' strategy...
2025-12-05 21:42:58,766 - INFO - [The Guardian] Success with 'requests_browser'. Found content (637 words).
2025-12-05 21:42:58,803 - INFO - Duplicate article skipped: Pentagon announces it has killed four men in another boat strike in Pacific | US military | The Guardian from The Guardian
2025-12-05 21:42:58,985 - INFO - [BBC] Article: https://www.bbc.com/news/articles/cjrjn88jqn4o?at_medium=RSS&at_campaign=rss
2025-12-05 21:42:58,985 - INFO - [BBC] Attempt 1/1: Trying with 'requests_browser' strategy...
2025-12-05 21:42:59,033 - INFO - [BBC] Success with 'requests_browser'. Found content (1231 words).
2025-12-05 21:42:59,072 - INFO - Duplicate article skipped: Trump hosts signing of peace deal between leaders of DR Congo and Rwanda from BBC
2025-12-05 21:42:59,355 - INFO - [The Guardian] Article: https://www.theguardian.com/us-news/2025/dec/04/video-second-boat-strike-military-caribbean
2025-12-05 21:42:59,356 - INFO - [The Guardian] Attempt 1/1: Trying with 'requests_browser' strategy...
2025-12-05 21:42:59,389 - INFO - [The Guardian] Success with 'requests_browser'. Found content (1287 words).
2025-12-05 21:42:59,436 - INFO - Duplicate article skipped: Experts urge release of boat strike video as US admiral denies ‘kill them all’ order | US military | The Guardian from The Guardian
2025-12-05 21:43:00,155 - INFO - [BBC] Article: https://www.bbc.com/news/articles/clyz18z1gk0o?at_medium=RSS&at_campaign=rss
2025-12-05 21:43:00,155 - INFO - [BBC] Attempt 1/1: Trying with 'requests_browser' strategy...
2025-12-05 21:43:00,262 - INFO - [BBC] Success with 'requests_browser'. Found content (466 words).
2025-12-05 21:43:00,298 - INFO - Duplicate article skipped: IndiGO: Travel chaos worsens in India with hundreds of flights cancelled from BBC
2025-12-05 21:43:00,502 - INFO - [The Guardian] Article: https://www.theguardian.com/stage/2025/dec/05/jeremy-o-harris-arrested-japan
2025-12-05 21:43:00,502 - INFO - [The Guardian] Attempt 1/1: Trying with 'requests_browser' strategy...
2025-12-05 21:43:00,527 - INFO - [The Guardian] Success with 'requests_browser'. Found content (336 words).
2025-12-05 21:43:00,563 - INFO - Duplicate article skipped: Playwright Jeremy O Harris arrested in Japan for alleged drug smuggling | Jeremy O Harris | The Guardian from The Guardian
2025-12-05 21:43:00,920 - INFO - [BBC] Article: https://www.bbc.com/news/articles/cj4qedglzpwo?at_medium=RSS&at_campaign=rss
2025-12-05 21:43:00,920 - INFO - [BBC] Attempt 1/1: Trying with 'requests_browser' strategy...
2025-12-05 21:43:00,958 - INFO - [BBC] Success with 'requests_browser'. Found content (276 words).
2025-12-05 21:43:00,991 - INFO - Duplicate article skipped: New Zealand police recovers $19k Fabergé egg swallowed by suspected thief from BBC
2025-12-05 21:43:01,078 - INFO - [The Guardian] Article: https://www.theguardian.com/world/2025/dec/05/police-say-recovered-faberge-pendant-after-new-zealand-man-allegedly-swallowed-it
2025-12-05 21:43:01,078 - INFO - [The Guardian] Attempt 1/1: Trying with 'requests_browser' strategy...
2025-12-05 21:43:01,102 - INFO - [The Guardian] Success with 'requests_browser'. Found content (341 words).
2025-12-05 21:43:01,137 - INFO - Duplicate article skipped: Patient police say they have recovered Fabergé pendant from man accused of swallowing it | New Zealand | The Guardian from The Guardian
2025-12-05 21:43:01,218 - INFO - Selenium driver initialized successfully.
2025-12-05 21:43:01,218 - INFO - Starting scrape for The Hindu RSS feed: https://www.thehindu.com/news/national/feeder/default.rss
2025-12-05 21:43:01,219 - INFO - Selenium driver initialized successfully.
2025-12-05 21:43:01,219 - INFO - Starting scrape for Times of India RSS feed: https://timesofindia.indiatimes.com/rssfeeds/296589292.cms
2025-12-05 21:43:01,335 - INFO - Found 100 articles in The Hindu RSS feed. Processing up to 20.
2025-12-05 21:43:01,335 - INFO - [The Hindu] Article: https://www.thehindu.com/news/national/kerala/growing-tribe-of-migrant-voters-find-voice-in-local-body-polls/article70361370.ece
2025-12-05 21:43:01,335 - INFO - [The Hindu] Attempt 1/1: Trying with 'selenium_browser' strategy...
2025-12-05 21:43:01,406 - INFO - Found 20 articles in Times of India RSS feed. Processing up to 20.
2025-12-05 21:43:01,406 - INFO - [Times of India] Article: https://timesofindia.indiatimes.com/world/us-streamers/wendy-ortiz-spared-red-carpet-interview-after-revealing-her-anxiety-over-stableronaldo-feud/articleshow/125795694.cms
2025-12-05 21:43:01,406 - INFO - [Times of India] Attempt 1/1: Trying with 'selenium_browser' strategy...
2025-12-05 21:43:01,648 - INFO - [BBC] Article: https://www.bbc.com/news/articles/clyd8j71m7mo?at_medium=RSS&at_campaign=rss
2025-12-05 21:43:01,648 - INFO - [BBC] Attempt 1/1: Trying with 'requests_browser' strategy...
2025-12-05 21:43:01,657 - INFO - [The Guardian] Article: https://www.theguardian.com/world/2025/dec/05/baby-fur-seal-wanders-into-bar-in-new-zealand
2025-12-05 21:43:01,657 - INFO - [The Guardian] Attempt 1/1: Trying with 'requests_browser' strategy...
2025-12-05 21:43:01,690 - INFO - [The Guardian] Success with 'requests_browser'. Found content (425 words).
2025-12-05 21:43:01,738 - INFO - Duplicate article skipped: Baby fur seal wanders into a bar in New Zealand | New Zealand | The Guardian from The Guardian
2025-12-05 21:43:01,770 - INFO - [BBC] Success with 'requests_browser'. Found content (644 words).
2025-12-05 21:43:02,006 - INFO - Duplicate article skipped: Faroe Islands scraps one of Europe's strictest abortion laws from BBC
2025-12-05 21:43:02,385 - INFO - [The Guardian] Article: https://www.theguardian.com/world/2025/dec/04/nauru-australia-offshore-processing-asylum-seekers-conditions-hunger-declining-health
2025-12-05 21:43:02,385 - INFO - [The Guardian] Attempt 1/1: Trying with 'requests_browser' strategy...
2025-12-05 21:43:02,437 - INFO - [The Guardian] Success with 'requests_browser'. Found content (883 words).
2025-12-05 21:43:02,539 - INFO - Duplicate article skipped: ‘Day by day I lose weight’: asylum seekers on Nauru get $115 a week, but a bag of grapes costs $20 | Nauru | The Guardian from The Guardian
2025-12-05 21:43:03,098 - INFO - [BBC] Article: https://www.bbc.com/news/articles/c8xdvg2ydddo?at_medium=RSS&at_campaign=rss
2025-12-05 21:43:03,098 - INFO - [BBC] Attempt 1/1: Trying with 'requests_browser' strategy...
2025-12-05 21:43:03,147 - INFO - [BBC] Success with 'requests_browser'. Found content (697 words).
2025-12-05 21:43:03,204 - INFO - [The Guardian] Article: https://www.theguardian.com/world/2025/dec/04/thailand-scam-cyberscam-crackdown-arrests-south-east-asia
2025-12-05 21:43:03,204 - INFO - [The Guardian] Attempt 1/1: Trying with 'requests_browser' strategy...
2025-12-05 21:43:03,222 - INFO - Duplicate article skipped: Tanzania election: Western embassies press for release of bodies of poll violence from BBC
2025-12-05 21:43:03,258 - INFO - [The Guardian] Success with 'requests_browser'. Found content (575 words).
2025-12-05 21:43:03,343 - INFO - Duplicate article skipped: Thailand seizes more than $300m in assets and issues 42 arrest warrants in cyberscam crackdown | Thailand | The Guardian from The Guardian
2025-12-05 21:43:03,821 - INFO - [BBC] Article: https://www.bbc.com/news/articles/cedx2p8gnx9o?at_medium=RSS&at_campaign=rss
2025-12-05 21:43:03,821 - INFO - [BBC] Attempt 1/1: Trying with 'requests_browser' strategy...
2025-12-05 21:43:04,032 - INFO - [BBC] Success with 'requests_browser'. Found content (808 words).
2025-12-05 21:43:04,146 - INFO - Duplicate article skipped: Over a third of animals impacted in deep sea mining test - scientists from BBC
2025-12-05 21:43:04,383 - INFO - [The Guardian] Article: https://www.theguardian.com/australia-news/2025/dec/06/not-approved-for-human-use-the-online-frenzy-for-injectable-peptides-sweeping-australia
2025-12-05 21:43:04,383 - INFO - [The Guardian] Attempt 1/1: Trying with 'requests_browser' strategy...
2025-12-05 21:43:04,525 - INFO - [The Guardian] Success with 'requests_browser'. Found content (1685 words).
2025-12-05 21:43:04,704 - INFO - Duplicate article skipped: ‘Not approved for human use’: the online frenzy for injectable peptides sweeping Australia | Health | The Guardian from The Guardian
2025-12-05 21:43:04,716 - INFO - [BBC] Article: https://www.bbc.com/news/articles/cde6d8wyp79o?at_medium=RSS&at_campaign=rss
2025-12-05 21:43:04,716 - INFO - [BBC] Attempt 1/1: Trying with 'requests_browser' strategy...
2025-12-05 21:43:04,837 - INFO - [BBC] Success with 'requests_browser'. Found content (859 words).
2025-12-05 21:43:04,946 - INFO - Duplicate article skipped: Ireland among countries boycotting Eurovision after Israel allowed to compete from BBC
2025-12-05 21:43:05,416 - INFO - [The Guardian] Article: https://www.theguardian.com/business/2025/dec/06/financial-markets-inflation-rba-interest-rates-2026
2025-12-05 21:43:05,416 - INFO - [The Guardian] Attempt 1/1: Trying with 'requests_browser' strategy...
2025-12-05 21:43:05,576 - INFO - [BBC] Article: https://www.bbc.com/news/articles/c0r9vq5vv4no?at_medium=RSS&at_campaign=rss
2025-12-05 21:43:05,576 - INFO - [BBC] Attempt 1/1: Trying with 'requests_browser' strategy...
2025-12-05 21:43:05,579 - INFO - [The Guardian] Success with 'requests_browser'. Found content (586 words).
2025-12-05 21:43:05,723 - INFO - Duplicate article skipped: Financial markets now certain the RBA will hike interest rates in 2026 | Australian economy | The Guardian from The Guardian
2025-12-05 21:43:05,747 - INFO - [BBC] Success with 'requests_browser'. Found content (615 words).
2025-12-05 21:43:05,820 - INFO - Duplicate article skipped: Kenya's William Ruto secures US health aid in first deal under Trump administration from BBC
2025-12-05 21:43:06,314 - INFO - [The Guardian] Article: https://www.theguardian.com/australia-news/2025/dec/06/south-australia-bus-advertising-natural-gas-clean-green
2025-12-05 21:43:06,314 - INFO - [The Guardian] Attempt 1/1: Trying with 'requests_browser' strategy...
2025-12-05 21:43:06,361 - INFO - [BBC] Article: https://www.bbc.com/news/articles/cz0nd088e09o?at_medium=RSS&at_campaign=rss
2025-12-05 21:43:06,361 - INFO - [BBC] Attempt 1/1: Trying with 'requests_browser' strategy...
2025-12-05 21:43:06,430 - INFO - [The Guardian] Success with 'requests_browser'. Found content (394 words).
2025-12-05 21:43:06,559 - INFO - Duplicate article skipped: South Australian bus ads misled public by claiming gas is ‘clean and green’, regulator finds | South Australia | The Guardian from The Guardian
2025-12-05 21:43:06,737 - INFO - [The Hindu] Page content loaded.
2025-12-05 21:43:06,845 - INFO - [The Hindu] Success with 'selenium_browser'. Found content (573 words).
2025-12-05 21:43:07,043 - INFO - Duplicate article skipped: Growing tribe of migrant voters find voice in local body polls - The Hindu from The Hindu
2025-12-05 21:43:07,158 - INFO - [BBC] Success with 'requests_browser'. Found content (555 words).
2025-12-05 21:43:07,246 - INFO - Duplicate article skipped: Yasser Abu Shabab: Anti-Hamas militia leader killed in Gaza from BBC
2025-12-05 21:43:07,301 - INFO - [The Guardian] Article: https://www.theguardian.com/environment/2025/dec/05/weather-tracker-heavy-snow-blankets-parts-us-winter-storms-hit
2025-12-05 21:43:07,302 - INFO - [The Guardian] Attempt 1/1: Trying with 'requests_browser' strategy...
2025-12-05 21:43:07,420 - INFO - [The Guardian] Success with 'requests_browser'. Found content (345 words).
2025-12-05 21:43:07,608 - INFO - Duplicate article skipped: Weather tracker: Heavy snow blankets parts of US as winter storms hit | Snow | The Guardian from The Guardian
2025-12-05 21:43:08,095 - INFO - [The Hindu] Article: https://www.thehindu.com/news/national/kerala/debutant-faces-veterans-in-ponnurunni-east-poll-battle/article70361376.ece
2025-12-05 21:43:08,095 - INFO - [The Hindu] Attempt 1/1: Trying with 'selenium_browser' strategy...
2025-12-05 21:43:08,227 - INFO - [BBC] Article: https://www.bbc.com/news/articles/cy0pwgrdlnjo?at_medium=RSS&at_campaign=rss
2025-12-05 21:43:08,228 - INFO - [BBC] Attempt 1/1: Trying with 'requests_browser' strategy...
2025-12-05 21:43:08,575 - INFO - [BBC] Success with 'requests_browser'. Found content (296 words).
2025-12-05 21:43:08,681 - INFO - [The Guardian] Article: https://www.theguardian.com/australia-news/2025/dec/05/parts-of-australia-hit-by-severe-heatwave-as-temperature-surges-past-40c-in-nsw-and-tasmanian-bushfires-threaten-properties
2025-12-05 21:43:08,682 - INFO - [The Guardian] Attempt 1/1: Trying with 'requests_browser' strategy...
2025-12-05 21:43:08,758 - INFO - Duplicate article skipped: Shinzo Abe: Man who killed ex-Japan PM apologises to his family from BBC
2025-12-05 21:43:08,952 - INFO - [The Guardian] Success with 'requests_browser'. Found content (904 words).
2025-12-05 21:43:09,230 - INFO - Duplicate article skipped: Sydney records highest temperature in nearly two years amid heatwave as Tasmanian bushfires threaten homes | Australia weather | The Guardian from The Guardian
2025-12-05 21:43:09,888 - INFO - [BBC] Article: https://www.bbc.com/news/articles/cwyxjd6pxzro?at_medium=RSS&at_campaign=rss
2025-12-05 21:43:09,888 - INFO - [BBC] Attempt 1/1: Trying with 'requests_browser' strategy...
2025-12-05 21:43:10,047 - INFO - [BBC] Success with 'requests_browser'. Found content (1072 words).
2025-12-05 21:43:10,229 - INFO - Duplicate article skipped: Admiral testified Pete Hegseth did not give 'kill them all' order, US lawmakers say from BBC
2025-12-05 21:43:11,565 - INFO - [BBC] Article: https://www.bbc.com/news/articles/c157n1g977go?at_medium=RSS&at_campaign=rss
2025-12-05 21:43:11,566 - INFO - [BBC] Attempt 1/1: Trying with 'requests_browser' strategy...
2025-12-05 21:43:11,783 - INFO - [BBC] Success with 'requests_browser'. Found content (1110 words).
2025-12-05 21:43:11,950 - INFO - Duplicate article skipped: 'Like first aid for manuscripts': Recovery work begins at Gaza's war-damaged heritage sites from BBC
2025-12-05 21:43:13,578 - INFO - [The Hindu] Page content loaded.
2025-12-05 21:43:13,803 - INFO - [The Hindu] Success with 'selenium_browser'. Found content (536 words).
2025-12-05 21:43:14,573 - INFO - Duplicate article skipped: Debutant faces veterans in Ponnurunni East poll battle - The Hindu from The Hindu
2025-12-05 21:43:15,518 - INFO - [The Hindu] Article: https://www.thehindu.com/news/national/kerala/development-works-worth-700-crore-implemented-in-kannur-corporation-claims-udf/article70362691.ece
2025-12-05 21:43:15,518 - INFO - [The Hindu] Attempt 1/1: Trying with 'selenium_browser' strategy...
2025-12-05 21:45:14,653 - ERROR - [Times of India] Request failed for strategy 'selenium_browser' on URL https://timesofindia.indiatimes.com/world/us-streamers/wendy-ortiz-spared-red-carpet-interview-after-revealing-her-anxiety-over-stableronaldo-feud/articleshow/125795694.cms: HTTPConnectionPool(host='localhost', port=41939): Read timed out. (read timeout=120)
2025-12-05 21:45:14,653 - ERROR - [Times of India] All scrape strategies failed for https://timesofindia.indiatimes.com/world/us-streamers/wendy-ortiz-spared-red-carpet-interview-after-revealing-her-anxiety-over-stableronaldo-feud/articleshow/125795694.cms. Falling back to RSS description.
2025-12-05 21:45:15,618 - ERROR - [The Hindu] Request failed for strategy 'selenium_browser' on URL https://www.thehindu.com/news/national/kerala/development-works-worth-700-crore-implemented-in-kannur-corporation-claims-udf/article70362691.ece: HTTPConnectionPool(host='localhost', port=37417): Read timed out. (read timeout=120)
2025-12-05 21:45:15,618 - ERROR - [The Hindu] All scrape strategies failed for https://www.thehindu.com/news/national/kerala/development-works-worth-700-crore-implemented-in-kannur-corporation-claims-udf/article70362691.ece. Falling back to RSS description.
2025-12-05 21:45:28,520 - INFO - Saved article: Wendy Ortiz spared red carpet interview after revealing her anxiety over StableRonaldo feud from Times of India
2025-12-05 21:45:28,520 - INFO - Duplicate article skipped: Development works worth ₹700 crore implemented in Kannur Corporation, claims UDF from The Hindu
2025-12-05 21:45:29,521 - INFO - [Times of India] Article: https://timesofindia.indiatimes.com/world/us-streamers/come-on-my-show-tomorrow-candace-owens-hits-nick-fuentes-with-receipts-after-he-slams-her-over-tpusa-livestream-date/articleshow/125795655.cms
2025-12-05 21:45:29,521 - INFO - [Times of India] Attempt 1/1: Trying with 'selenium_browser' strategy...
2025-12-05 21:45:29,661 - INFO - [The Hindu] Article: https://www.thehindu.com/news/national/kerala/kerala-high-court-orders-kelsa-to-provide-5-lakh-to-acid-attack-survivor/article70363087.ece
2025-12-05 21:45:29,661 - INFO - [The Hindu] Attempt 1/1: Trying with 'selenium_browser' strategy...
2025-12-05 21:47:29,622 - ERROR - [Times of India] Request failed for strategy 'selenium_browser' on URL https://timesofindia.indiatimes.com/world/us-streamers/come-on-my-show-tomorrow-candace-owens-hits-nick-fuentes-with-receipts-after-he-slams-her-over-tpusa-livestream-date/articleshow/125795655.cms: HTTPConnectionPool(host='localhost', port=41939): Read timed out. (read timeout=120)
2025-12-05 21:47:29,622 - ERROR - [Times of India] All scrape strategies failed for https://timesofindia.indiatimes.com/world/us-streamers/come-on-my-show-tomorrow-candace-owens-hits-nick-fuentes-with-receipts-after-he-slams-her-over-tpusa-livestream-date/articleshow/125795655.cms. Falling back to RSS description.
2025-12-05 21:47:29,622 - INFO - Duplicate article skipped: “Come on my show tomorrow”: Candace Owens hits Nick Fuentes with receipts after he slams her over TPUSA livestream date from Times of India
2025-12-05 21:47:29,753 - ERROR - [The Hindu] Request failed for strategy 'selenium_browser' on URL https://www.thehindu.com/news/national/kerala/kerala-high-court-orders-kelsa-to-provide-5-lakh-to-acid-attack-survivor/article70363087.ece: HTTPConnectionPool(host='localhost', port=37417): Read timed out. (read timeout=120)
2025-12-05 21:47:29,753 - ERROR - [The Hindu] All scrape strategies failed for https://www.thehindu.com/news/national/kerala/kerala-high-court-orders-kelsa-to-provide-5-lakh-to-acid-attack-survivor/article70363087.ece. Falling back to RSS description.
2025-12-05 21:47:29,753 - INFO - Duplicate article skipped: Kerala High Court orders KELSA to provide ₹5 lakh to acid attack survivor from The Hindu
2025-12-05 21:47:30,369 - INFO - [Times of India] Article: https://timesofindia.indiatimes.com/world/us/kash-patels-girlfriend-trashes-allegations-that-patel-once-asked-fbi-security-to-drop-her-drunk-friend-home/articleshow/125795650.cms
2025-12-05 21:47:30,369 - INFO - [Times of India] Attempt 1/1: Trying with 'selenium_browser' strategy...
2025-12-05 21:47:30,375 - INFO - [The Hindu] Article: https://www.thehindu.com/news/national/manipur/manipurs-banned-outfits-warned-against-disrupting-peace/article70361964.ece
2025-12-05 21:47:30,375 - INFO - [The Hindu] Attempt 1/1: Trying with 'selenium_browser' strategy...
2025-12-05 21:47:49,422 - CRITICAL - --- TIMEOUT: 2 scrape jobs did not complete in 300s. ---
2025-12-05 21:47:49,422 - ERROR - A thread has timed out and will be abandoned.
2025-12-05 21:47:49,422 - ERROR - A thread has timed out and will be abandoned.
2025-12-05 21:47:49,422 - INFO - Shutting down thread pool (wait=False)...
2025-12-05 21:47:49,422 - INFO - Scraped: 0 The Guardian, 0 BBC, 2 Timed_Out_Jobs articles. (Total saved: 0)
2025-12-05 21:47:49,422 - INFO - --- Scraping job finished ---
2025-12-05 21:47:49,422 - INFO - --- Scraper service stopped and database connection closed. ---
2025-12-05 21:47:49,422 - INFO - --- Main thread finished. Forcing process exit to kill zombie threads. ---
