2025-11-30 23:23:02,099 - INFO - Loading AI Semantic Model (all-MiniLM-L6-v2)...
2025-11-30 23:23:02,099 - INFO - Use pytorch device_name: cpu
2025-11-30 23:23:02,099 - INFO - Load pretrained SentenceTransformer: all-MiniLM-L6-v2
2025-11-30 23:23:02,608 - INFO - AI Model loaded successfully.
2025-11-30 23:23:02,608 - INFO - Initializing database connection at: news_articles.db
2025-11-30 23:23:02,608 - INFO - --- Scraper service started (CI Mode: Run Once) ---
2025-11-30 23:23:02,608 - INFO - --- Starting new scraping job (Parallel Mode) ---
2025-11-30 23:23:02,608 - INFO - Creating new robust session with 3 retries on 5xx/connection/read errors.
2025-11-30 23:23:02,609 - INFO - Proxy is DISABLED.
2025-11-30 23:23:02,609 - INFO - Starting scrape for BBC RSS feed: http://feeds.bbci.co.uk/news/world/rss.xml
2025-11-30 23:23:02,610 - INFO - [Times of India] (Thread) requires Selenium. Initializing driver...
2025-11-30 23:23:02,610 - INFO - Initializing headless Selenium Chrome driver (using SeleniumManager)...
2025-11-30 23:23:02,610 - INFO - Starting scrape for The Guardian RSS feed: https://www.theguardian.com/world/rss
2025-11-30 23:23:02,612 - INFO - [The Hindu] (Thread) requires Selenium. Initializing driver...
2025-11-30 23:23:02,612 - INFO - Initializing headless Selenium Chrome driver (using SeleniumManager)...
2025-11-30 23:23:02,612 - INFO - Submitted 4 jobs to thread pool. Waiting up to 300s for completion...
2025-11-30 23:23:02,763 - INFO - Found 45 articles in The Guardian RSS feed. Processing up to 20.
2025-11-30 23:23:02,764 - INFO - [The Guardian] Article: https://www.theguardian.com/world/2025/nov/30/african-leaders-push-for-recognition-of-colonial-crimes-and-reparations
2025-11-30 23:23:02,764 - INFO - [The Guardian] Attempt 1/1: Trying with 'requests_browser' strategy...
2025-11-30 23:23:02,797 - INFO - [The Guardian] Success with 'requests_browser'. Found content (670 words).
2025-11-30 23:23:02,831 - INFO - Duplicate article skipped: African leaders push for recognition of colonial crimes and reparations | Colonialism | The Guardian from The Guardian
2025-11-30 23:23:02,879 - INFO - Found 34 articles in BBC RSS feed. Processing up to 20.
2025-11-30 23:23:02,879 - INFO - [BBC] Article: https://www.bbc.com/news/articles/cd9z2e3exk9o?at_medium=RSS&at_campaign=rss
2025-11-30 23:23:02,879 - INFO - [BBC] Attempt 1/1: Trying with 'requests_browser' strategy...
2025-11-30 23:23:02,993 - INFO - [BBC] Success with 'requests_browser'. Found content (459 words).
2025-11-30 23:23:03,025 - INFO - Duplicate article skipped: Ukraine talks 'productive' but more work needed, Rubio says from BBC
2025-11-30 23:23:03,998 - INFO - [BBC] Article: https://www.bbc.com/news/articles/cpvdn8pmmd1o?at_medium=RSS&at_campaign=rss
2025-11-30 23:23:03,998 - INFO - [BBC] Attempt 1/1: Trying with 'requests_browser' strategy...
2025-11-30 23:23:04,044 - INFO - [BBC] Success with 'requests_browser'. Found content (1652 words).
2025-11-30 23:23:04,093 - INFO - Duplicate article skipped: Sudan civil war: The terrifying escape from el-Fasher in Darfur from BBC
2025-11-30 23:23:04,135 - INFO - [The Guardian] Article: https://www.theguardian.com/world/2025/nov/28/jacob-zuma-daughter-resigns-claims-south-africans-tricked-fight-russia
2025-11-30 23:23:04,135 - INFO - [The Guardian] Attempt 1/1: Trying with 'requests_browser' strategy...
2025-11-30 23:23:04,163 - INFO - [The Guardian] Success with 'requests_browser'. Found content (753 words).
2025-11-30 23:23:04,190 - INFO - Duplicate article skipped: Jacob Zuma’s daughter resigns amid claims South Africans tricked to fight for Russia | South Africa | The Guardian from The Guardian
2025-11-30 23:23:04,864 - INFO - [BBC] Article: https://www.bbc.com/news/articles/cx2dgp8mvmno?at_medium=RSS&at_campaign=rss
2025-11-30 23:23:04,864 - INFO - [BBC] Attempt 1/1: Trying with 'requests_browser' strategy...
2025-11-30 23:23:04,896 - INFO - [BBC] Success with 'requests_browser'. Found content (805 words).
2025-11-30 23:23:04,924 - INFO - Duplicate article skipped: Honduras election: Polls open in vote shadowed by Trump aid threats from BBC
2025-11-30 23:23:05,510 - INFO - [The Guardian] Article: https://www.theguardian.com/environment/2025/nov/28/africa-forests-transformed-carbon-sink-carbon-source-study
2025-11-30 23:23:05,510 - INFO - [The Guardian] Attempt 1/1: Trying with 'requests_browser' strategy...
2025-11-30 23:23:05,534 - INFO - [The Guardian] Success with 'requests_browser'. Found content (458 words).
2025-11-30 23:23:05,562 - INFO - Duplicate article skipped: Africa’s forests transformed from carbon sink to carbon source, study finds | Climate crisis | The Guardian from The Guardian
2025-11-30 23:23:06,241 - INFO - [BBC] Article: https://www.bbc.com/news/articles/clyz82z7p8zo?at_medium=RSS&at_campaign=rss
2025-11-30 23:23:06,241 - INFO - [BBC] Attempt 1/1: Trying with 'requests_browser' strategy...
2025-11-30 23:23:06,273 - INFO - [BBC] Success with 'requests_browser'. Found content (690 words).
2025-11-30 23:23:06,451 - INFO - Duplicate article skipped: Indonesia searches for hundreds missing in deadly floods from BBC
2025-11-30 23:23:06,544 - INFO - [The Guardian] Article: https://www.theguardian.com/world/2025/nov/26/guinea-bissau-officers-take-total-control-close-borders-amid-election-chaos
2025-11-30 23:23:06,544 - INFO - [The Guardian] Attempt 1/1: Trying with 'requests_browser' strategy...
2025-11-30 23:23:06,566 - INFO - [The Guardian] Success with 'requests_browser'. Found content (412 words).
2025-11-30 23:23:06,594 - INFO - Duplicate article skipped: Guinea-Bissau military takes ‘total control’ amid election chaos | Guinea-Bissau | The Guardian from The Guardian
2025-11-30 23:23:07,210 - INFO - [BBC] Article: https://www.bbc.com/news/articles/cp34yk7z6yxo?at_medium=RSS&at_campaign=rss
2025-11-30 23:23:07,210 - INFO - [BBC] Attempt 1/1: Trying with 'requests_browser' strategy...
2025-11-30 23:23:07,250 - INFO - [BBC] Success with 'requests_browser'. Found content (713 words).
2025-11-30 23:23:07,281 - INFO - Duplicate article skipped: Hong Kong fire: Death toll rises to 146 as thousands pay their respects from BBC
2025-11-30 23:23:07,547 - INFO - [The Guardian] Article: https://www.theguardian.com/world/2025/nov/25/nigerian-schoolgirls-rescued-after-mass-abduction-in-kebbi
2025-11-30 23:23:07,547 - INFO - [The Guardian] Attempt 1/1: Trying with 'requests_browser' strategy...
2025-11-30 23:23:07,577 - INFO - [The Guardian] Success with 'requests_browser'. Found content (515 words).
2025-11-30 23:23:07,612 - INFO - Duplicate article skipped: Nigerian schoolgirls rescued after mass abduction in Kebbi | Nigeria | The Guardian from The Guardian
2025-11-30 23:23:08,710 - INFO - [BBC] Article: https://www.bbc.com/news/articles/cvgrwedyr0eo?at_medium=RSS&at_campaign=rss
2025-11-30 23:23:08,710 - INFO - [BBC] Attempt 1/1: Trying with 'requests_browser' strategy...
2025-11-30 23:23:08,744 - INFO - [BBC] Success with 'requests_browser'. Found content (1047 words).
2025-11-30 23:23:09,057 - INFO - [The Guardian] Article: https://www.theguardian.com/world/2025/nov/30/honduras-vote-election-trump-threat-cut-aid-if-nasry-tito-asfura-loses
2025-11-30 23:23:09,057 - INFO - [The Guardian] Attempt 1/1: Trying with 'requests_browser' strategy...
2025-11-30 23:23:09,099 - INFO - [The Guardian] Success with 'requests_browser'. Found content (534 words).
2025-11-30 23:23:10,556 - INFO - Selenium driver initialized successfully.
2025-11-30 23:23:10,556 - INFO - Starting scrape for The Hindu RSS feed: https://www.thehindu.com/news/national/feeder/default.rss
2025-11-30 23:23:10,557 - INFO - Selenium driver initialized successfully.
2025-11-30 23:23:10,557 - INFO - Starting scrape for Times of India RSS feed: https://timesofindia.indiatimes.com/rssfeeds/296589292.cms
2025-11-30 23:23:10,660 - INFO - Found 20 articles in Times of India RSS feed. Processing up to 20.
2025-11-30 23:23:10,661 - INFO - [Times of India] Article: https://timesofindia.indiatimes.com/world/us/he-was-radicalised-in-the-us-kristi-noem-claims-dc-shooting-suspect-was-unvetted-by-the-biden-administration/articleshow/125677323.cms
2025-11-30 23:23:10,661 - INFO - [Times of India] Attempt 1/1: Trying with 'selenium_browser' strategy...
2025-11-30 23:23:10,709 - INFO - Found 100 articles in The Hindu RSS feed. Processing up to 20.
2025-11-30 23:23:10,710 - INFO - [The Hindu] Article: https://www.thehindu.com/opinion/op-ed/the-chandigarh-question/article70342327.ece
2025-11-30 23:23:10,710 - INFO - [The Hindu] Attempt 1/1: Trying with 'selenium_browser' strategy...
2025-11-30 23:23:17,118 - INFO - [The Hindu] Page content loaded.
2025-11-30 23:23:17,578 - INFO - [The Hindu] Success with 'selenium_browser'. Found content (653 words).
2025-11-30 23:23:24,791 - INFO - [Times of India] Page content loaded.
2025-11-30 23:23:26,594 - INFO - [Times of India] Success with 'selenium_browser'. Found content (303 words).
2025-11-30 23:23:35,591 - INFO - Saved article: Pope Leo finds his voice on first foreign trip from BBC
2025-11-30 23:23:35,591 - INFO - Duplicate article skipped: Hondurans vote amid Trump threat to cut aid if his preferred candidate loses | Honduras | The Guardian from The Guardian
2025-11-30 23:23:35,591 - INFO - Duplicate article skipped: The Chandigarh question - The Hindu from The Hindu
2025-11-30 23:23:35,592 - INFO - Duplicate article skipped: ‘He was radicalised in the US’: Kristi Noem claims DC shooting suspect was ‘unvetted’ by the Biden administration | World News - The Times of India from Times of India
2025-11-30 23:23:36,546 - INFO - [The Guardian] Article: https://www.theguardian.com/world/2025/nov/29/donald-trump-venezuela-airspace-closure
2025-11-30 23:23:36,546 - INFO - [The Guardian] Attempt 1/1: Trying with 'requests_browser' strategy...
2025-11-30 23:23:36,571 - INFO - [The Guardian] Success with 'requests_browser'. Found content (363 words).
2025-11-30 23:23:36,599 - INFO - Duplicate article skipped: Venezuela denounces ‘colonialist threat’ as Trump orders airspace closed | Venezuela | The Guardian from The Guardian
2025-11-30 23:23:36,858 - INFO - [The Hindu] Article: https://www.thehindu.com/news/national/west-bengal/sir-extension-proves-that-the-revision-is-a-hurried-process-says-trinamool/article70342309.ece
2025-11-30 23:23:36,859 - INFO - [The Hindu] Attempt 1/1: Trying with 'selenium_browser' strategy...
2025-11-30 23:23:36,935 - INFO - [Times of India] Article: https://timesofindia.indiatimes.com/world/rest-of-world/global-first-turkish-uav-shoots-down-aircraft-with-bvr-air-to-air-missile-company-lauds-pinpoint-accuracy-watch/articleshow/125674346.cms
2025-11-30 23:23:36,935 - INFO - [Times of India] Attempt 1/1: Trying with 'selenium_browser' strategy...
2025-11-30 23:23:37,058 - INFO - [BBC] Article: https://www.bbc.com/news/articles/c075zd0j2j3o?at_medium=RSS&at_campaign=rss
2025-11-30 23:23:37,059 - INFO - [BBC] Attempt 1/1: Trying with 'requests_browser' strategy...
2025-11-30 23:23:37,108 - INFO - [BBC] Success with 'requests_browser'. Found content (316 words).
2025-11-30 23:23:37,178 - INFO - Duplicate article skipped: Couple accused of cheating with spycam to win A$1.2m in Australian casino from BBC
2025-11-30 23:23:37,514 - INFO - [The Guardian] Article: https://www.theguardian.com/us-news/2025/nov/29/pete-hegseth-denies-ordering-deaths-narco-boat
2025-11-30 23:23:37,514 - INFO - [The Guardian] Attempt 1/1: Trying with 'requests_browser' strategy...
2025-11-30 23:23:37,632 - INFO - [The Guardian] Success with 'requests_browser'. Found content (846 words).
2025-11-30 23:23:37,768 - INFO - Duplicate article skipped: Pete Hegseth denies he gave orders to ‘kill everybody’ on alleged ‘narco-boat’ | Pete Hegseth | The Guardian from The Guardian
2025-11-30 23:23:38,245 - INFO - [BBC] Article: https://www.bbc.com/news/articles/c4gv76r5qpvo?at_medium=RSS&at_campaign=rss
2025-11-30 23:23:38,246 - INFO - [BBC] Attempt 1/1: Trying with 'requests_browser' strategy...
2025-11-30 23:23:38,324 - INFO - [BBC] Success with 'requests_browser'. Found content (647 words).
2025-11-30 23:23:38,379 - INFO - Duplicate article skipped: Benjamin Netanyahu seeks pardon from Israel's president from BBC
2025-11-30 23:23:38,480 - INFO - [The Guardian] Article: https://www.theguardian.com/world/2025/nov/29/uk-mps-extra-aid-humanitarian-visas-jamaica-hurricane-melissa-dawn-butler
2025-11-30 23:23:38,480 - INFO - [The Guardian] Attempt 1/1: Trying with 'requests_browser' strategy...
2025-11-30 23:23:38,517 - INFO - [The Guardian] Success with 'requests_browser'. Found content (873 words).
2025-11-30 23:23:38,565 - INFO - Duplicate article skipped: UK MPs push for extra aid and visas as Jamaica reels from Hurricane Melissa | Jamaica | The Guardian from The Guardian
2025-11-30 23:23:39,140 - INFO - [BBC] Article: https://www.bbc.com/news/articles/c79x8x82gy4o?at_medium=RSS&at_campaign=rss
2025-11-30 23:23:39,141 - INFO - [BBC] Attempt 1/1: Trying with 'requests_browser' strategy...
2025-11-30 23:23:39,189 - INFO - [BBC] Success with 'requests_browser'. Found content (501 words).
2025-11-30 23:23:39,222 - INFO - Duplicate article skipped: Ludwig Minelli: Dignitas founder dies by assisted suicide aged 92, group says from BBC
2025-11-30 23:23:39,547 - INFO - [The Guardian] Article: https://www.theguardian.com/us-news/2025/nov/28/trump-pardon-honduras-hernandez-drugs
2025-11-30 23:23:39,547 - INFO - [The Guardian] Attempt 1/1: Trying with 'requests_browser' strategy...
2025-11-30 23:23:39,626 - INFO - [The Guardian] Success with 'requests_browser'. Found content (558 words).
2025-11-30 23:23:39,681 - INFO - Duplicate article skipped: Trump to pardon ex-Honduras leader serving drug trafficking sentence in US | Donald Trump | The Guardian from The Guardian
2025-11-30 23:23:39,805 - INFO - [BBC] Article: https://www.bbc.com/news/articles/cp9ky5z2gx0o?at_medium=RSS&at_campaign=rss
2025-11-30 23:23:39,806 - INFO - [BBC] Attempt 1/1: Trying with 'requests_browser' strategy...
2025-11-30 23:23:39,983 - INFO - [BBC] Success with 'requests_browser'. Found content (508 words).
2025-11-30 23:23:40,375 - INFO - Duplicate article skipped: Ukraine hits tankers in Black Sea in escalation against Russia from BBC
2025-11-30 23:23:40,957 - INFO - [The Guardian] Article: https://www.theguardian.com/world/2025/nov/30/indonesia-thailand-floods
2025-11-30 23:23:40,957 - INFO - [The Guardian] Attempt 1/1: Trying with 'requests_browser' strategy...
2025-11-30 23:23:41,094 - INFO - [The Guardian] Success with 'requests_browser'. Found content (998 words).
2025-11-30 23:23:41,225 - INFO - Duplicate article skipped: Death toll passes 900 in Indonesia, Thailand and Sri Lanka floods | Extreme weather | The Guardian from The Guardian
2025-11-30 23:23:41,236 - INFO - [BBC] Article: https://www.bbc.com/news/articles/cvg81p61dnmo?at_medium=RSS&at_campaign=rss
2025-11-30 23:23:41,236 - INFO - [BBC] Attempt 1/1: Trying with 'requests_browser' strategy...
2025-11-30 23:23:41,284 - INFO - [BBC] Success with 'requests_browser'. Found content (314 words).
2025-11-30 23:23:41,349 - INFO - Duplicate article skipped: Stockton mass shooting: Three children among four killed at California family gathering from BBC
2025-11-30 23:23:41,606 - INFO - [Times of India] Page content loaded.
2025-11-30 23:23:41,698 - INFO - [The Hindu] Page content loaded.
2025-11-30 23:23:41,868 - INFO - [The Hindu] Success with 'selenium_browser'. Found content (460 words).
2025-11-30 23:23:41,993 - INFO - Duplicate article skipped: SIR extension proves that the revision is a hurried process, says Trinamool - The Hindu from The Hindu
2025-11-30 23:23:42,058 - INFO - [Times of India] Success with 'selenium_browser'. Found content (235 words).
2025-11-30 23:23:42,132 - INFO - Duplicate article skipped: 'Global first': Turkish UAV shoots down aircraft with BVR air-to-air missile; company lauds 'pinpoint accuracy' - watch - The Times of India from Times of India
2025-11-30 23:23:42,339 - INFO - [The Guardian] Article: https://www.theguardian.com/world/2025/nov/30/hong-kong-mourns-as-apartment-blaze-death-toll-rises
2025-11-30 23:23:42,339 - INFO - [The Guardian] Attempt 1/1: Trying with 'requests_browser' strategy...
2025-11-30 23:23:42,390 - INFO - [The Guardian] Success with 'requests_browser'. Found content (697 words).
2025-11-30 23:23:42,432 - INFO - Duplicate article skipped: Hong Kong mourns as apartment fire death toll rises to 146 | Hong Kong apartment fires | The Guardian from The Guardian
2025-11-30 23:23:42,674 - INFO - [BBC] Article: https://www.bbc.com/news/articles/c741mpdyw9no?at_medium=RSS&at_campaign=rss
2025-11-30 23:23:42,674 - INFO - [BBC] Attempt 1/1: Trying with 'requests_browser' strategy...
2025-11-30 23:23:42,725 - INFO - [BBC] Success with 'requests_browser'. Found content (516 words).
2025-11-30 23:23:42,787 - INFO - Duplicate article skipped: Venezuela calls Trump airspace closure warning 'colonialist threat' from BBC
2025-11-30 23:23:42,848 - INFO - [The Hindu] Article: https://www.thehindu.com/news/national/kerala/young-candidates-infuse-new-energy-into-poll-campaign/article70342671.ece
2025-11-30 23:23:42,848 - INFO - [The Hindu] Attempt 1/1: Trying with 'selenium_browser' strategy...
2025-11-30 23:23:43,155 - INFO - [Times of India] Article: https://timesofindia.indiatimes.com/world/uk/british-man-arrested-for-posing-with-a-gun-in-us-elon-musk-furious/articleshow/125674330.cms
2025-11-30 23:23:43,155 - INFO - [Times of India] Attempt 1/1: Trying with 'selenium_browser' strategy...
2025-11-30 23:23:43,729 - INFO - [BBC] Article: https://www.bbc.com/news/articles/c8e97kl240lo?at_medium=RSS&at_campaign=rss
2025-11-30 23:23:43,730 - INFO - [BBC] Attempt 1/1: Trying with 'requests_browser' strategy...
2025-11-30 23:23:43,836 - INFO - [BBC] Success with 'requests_browser'. Found content (324 words).
2025-11-30 23:23:43,895 - INFO - [The Guardian] Article: https://www.theguardian.com/world/2025/nov/30/japan-one-piece-singer-maki-otsuki-stopped-mid-performance-as-japan-china-relations-sour
2025-11-30 23:23:43,896 - INFO - [The Guardian] Attempt 1/1: Trying with 'requests_browser' strategy...
2025-11-30 23:23:43,963 - INFO - Duplicate article skipped: More than 70,000 killed in Gaza since Israel offensive began, Hamas-run health ministry says from BBC
2025-11-30 23:23:43,984 - INFO - [The Guardian] Success with 'requests_browser'. Found content (310 words).
2025-11-30 23:23:44,079 - INFO - Duplicate article skipped: Japan ‘One Piece’ singer stopped mid-performance as Japan-China relations sour | Japan | The Guardian from The Guardian
2025-11-30 23:23:44,656 - INFO - [BBC] Article: https://www.bbc.com/news/articles/c93wnyxjkxko?at_medium=RSS&at_campaign=rss
2025-11-30 23:23:44,657 - INFO - [BBC] Attempt 1/1: Trying with 'requests_browser' strategy...
2025-11-30 23:23:44,791 - INFO - [BBC] Success with 'requests_browser'. Found content (309 words).
2025-11-30 23:23:44,843 - INFO - Duplicate article skipped: French farm has €90,000 worth of escargot snails stolen from BBC
2025-11-30 23:23:44,908 - INFO - [The Guardian] Article: https://www.theguardian.com/us-news/ng-interactive/2025/nov/30/all-the-presidents-millions-how-the-trumps-are-turning-the-presidency-into-riches
2025-11-30 23:23:44,909 - INFO - [The Guardian] Attempt 1/1: Trying with 'requests_browser' strategy...
2025-11-30 23:23:44,967 - INFO - [The Guardian] Success with 'requests_browser'. Found content (2454 words).
2025-11-30 23:23:45,023 - INFO - Duplicate article skipped: All the president’s millions: how the Trumps are turning the presidency into riches | Donald Trump | The Guardian from The Guardian
2025-11-30 23:23:45,910 - INFO - [The Hindu] Page content loaded.
2025-11-30 23:23:46,012 - INFO - [The Hindu] Success with 'selenium_browser'. Found content (586 words).
2025-11-30 23:23:46,076 - INFO - Duplicate article skipped: Young candidates infuse new energy into poll campaign - The Hindu from The Hindu
2025-11-30 23:23:46,094 - INFO - [BBC] Article: https://www.bbc.com/news/articles/cp39yw120kdo?at_medium=RSS&at_campaign=rss
2025-11-30 23:23:46,094 - INFO - [BBC] Attempt 1/1: Trying with 'requests_browser' strategy...
2025-11-30 23:23:46,132 - INFO - [BBC] Success with 'requests_browser'. Found content (376 words).
2025-11-30 23:23:46,162 - INFO - Duplicate article skipped: The Wiggles issue statement after appearing in Ecstasy music video from BBC
2025-11-30 23:23:46,271 - INFO - [Times of India] Page content loaded.
2025-11-30 23:23:46,313 - INFO - [The Guardian] Article: https://www.theguardian.com/news/2025/nov/30/anger-mounts-in-hong-kong-over-apartment-fires-as-beijing-warns-against-anti-china-disruptors
2025-11-30 23:23:46,313 - INFO - [The Guardian] Attempt 1/1: Trying with 'requests_browser' strategy...
2025-11-30 23:23:46,367 - INFO - [The Guardian] Success with 'requests_browser'. Found content (560 words).
2025-11-30 23:23:46,425 - INFO - Duplicate article skipped: Anger mounts in Hong Kong over apartment fires as Beijing warns against ‘anti-China disruptors’ | Hong Kong apartment fires | The Guardian from The Guardian
2025-11-30 23:23:46,644 - INFO - [Times of India] Success with 'selenium_browser'. Found content (326 words).
2025-11-30 23:23:46,695 - INFO - Duplicate article skipped: British man arrested for posing with a gun in US, Elon Musk furious | World News - The Times of India from Times of India
2025-11-30 23:23:46,884 - INFO - [The Hindu] Article: https://www.thehindu.com/news/cities/chennai/aids-society-of-india-calls-for-measures-to-achieve-zero-infections/article70338331.ece
2025-11-30 23:23:46,884 - INFO - [The Hindu] Attempt 1/1: Trying with 'selenium_browser' strategy...
2025-11-30 23:23:47,107 - INFO - [BBC] Article: https://www.bbc.com/news/articles/c4gp917zr8no?at_medium=RSS&at_campaign=rss
2025-11-30 23:23:47,107 - INFO - [BBC] Attempt 1/1: Trying with 'requests_browser' strategy...
2025-11-30 23:23:47,235 - INFO - [The Guardian] Article: https://www.theguardian.com/australia-news/live/2025/dec/01/australia-news-live-greens-gas-export-tax-cost-of-living-house-prices-interest-rates-reserve-bank-inflation-newcastle-rising-tide-coal-labor-coalition-ntwnfb
2025-11-30 23:23:47,235 - INFO - [The Guardian] Attempt 1/1: Trying with 'requests_browser' strategy...
2025-11-30 23:23:47,288 - INFO - [Times of India] Article: https://timesofindia.indiatimes.com/world/us/i-use-the-plane-less-than-my-predecessors-kash-patel-defends-himself-over-claims-he-used-an-fbi-jet-to-see-his-girlfriend/articleshow/125673505.cms
2025-11-30 23:23:47,288 - INFO - [Times of India] Attempt 1/1: Trying with 'selenium_browser' strategy...
2025-11-30 23:23:47,630 - INFO - [The Guardian] Success with 'requests_browser'. Found content (2376 words).
2025-11-30 23:23:47,797 - INFO - Duplicate article skipped: Australia news live: activists lock onto Newcastle coal loader; energy regulator warns about stability of grid if Eraring closes in 2027 | Australia news | The Guardian from The Guardian
2025-11-30 23:23:48,267 - INFO - [BBC] Success with 'requests_browser'. Found content (355 words).
2025-11-30 23:23:48,731 - INFO - Duplicate article skipped: Pope Leo visits Istanbul's Blue Mosque from BBC
2025-11-30 23:23:48,746 - INFO - [The Guardian] Article: https://www.theguardian.com/australia-news/2025/dec/01/sydney-police-charge-four-men-alleged-international-satanic-child-sex-abuse-material-ring-ntwnfb
2025-11-30 23:23:48,746 - INFO - [The Guardian] Attempt 1/1: Trying with 'requests_browser' strategy...
2025-11-30 23:23:48,899 - INFO - [The Guardian] Success with 'requests_browser'. Found content (201 words).
2025-11-30 23:23:48,930 - INFO - Duplicate article skipped: Sydney police charge four men over alleged ‘international satanic child sex abuse material ring’ | New South Wales | The Guardian from The Guardian
2025-11-30 23:23:48,978 - INFO - [Times of India] Page content loaded.
2025-11-30 23:23:49,418 - INFO - [Times of India] Success with 'selenium_browser'. Found content (430 words).
2025-11-30 23:23:49,530 - INFO - Duplicate article skipped: ‘I use the plane less than my predecessors’: Kash Patel defends himself over claims he used an FBI jet to see his girlfriend | World News - The Times of India from Times of India
2025-11-30 23:23:49,579 - INFO - [BBC] Article: https://www.bbc.com/news/articles/ce865kpdzz8o?at_medium=RSS&at_campaign=rss
2025-11-30 23:23:49,579 - INFO - [BBC] Attempt 1/1: Trying with 'requests_browser' strategy...
2025-11-30 23:23:50,327 - INFO - [Times of India] Article: https://timesofindia.indiatimes.com/etimes/trending/the-sun-has-disappeared-from-this-american-town-and-wont-return-until-next-year/articleshow/125672532.cms
2025-11-30 23:23:50,327 - INFO - [Times of India] Attempt 1/1: Trying with 'selenium_browser' strategy...
2025-11-30 23:23:50,331 - INFO - [The Guardian] Article: https://www.theguardian.com/australia-news/2025/dec/01/more-than-670-nsw-pokies-venues-to-be-stripped-of-ability-to-stay-open-after-4am
2025-11-30 23:23:50,331 - INFO - [The Guardian] Attempt 1/1: Trying with 'requests_browser' strategy...
2025-11-30 23:23:50,489 - INFO - [BBC] Success with 'requests_browser'. Found content (356 words).
2025-11-30 23:23:50,524 - INFO - Duplicate article skipped: Australian prime minister Albanese becomes first to wed in office from BBC
2025-11-30 23:23:50,817 - INFO - [The Guardian] Success with 'requests_browser'. Found content (670 words).
2025-11-30 23:23:50,872 - INFO - Duplicate article skipped: More than 670 NSW pokies venues to be stripped of ability to stay open after 4am | New South Wales | The Guardian from The Guardian
2025-11-30 23:23:51,902 - INFO - [The Hindu] Page content loaded.
2025-11-30 23:23:51,918 - INFO - [BBC] Article: https://www.bbc.com/news/articles/cx2gylngx7go?at_medium=RSS&at_campaign=rss
2025-11-30 23:23:51,918 - INFO - [BBC] Attempt 1/1: Trying with 'requests_browser' strategy...
2025-11-30 23:23:52,072 - INFO - [The Hindu] Success with 'selenium_browser'. Found content (313 words).
2025-11-30 23:23:52,116 - INFO - [The Guardian] Article: https://www.theguardian.com/australia-news/2025/dec/01/gen-z-suicide-self-harm-more-other-generations
2025-11-30 23:23:52,116 - INFO - [The Guardian] Attempt 1/1: Trying with 'requests_browser' strategy...
2025-11-30 23:23:52,254 - INFO - [The Guardian] Success with 'requests_browser'. Found content (732 words).
2025-11-30 23:23:52,291 - INFO - Duplicate article skipped: AIDS Society of India calls for measures to achieve zero infections - The Hindu from The Hindu
2025-11-30 23:23:52,335 - INFO - Duplicate article skipped: Gen Z Australians are attempting suicide and self-harming more than previous generations, study finds | Health | The Guardian from The Guardian
2025-11-30 23:23:52,411 - INFO - [Times of India] Page content loaded.
2025-11-30 23:23:52,705 - INFO - [Times of India] Success with 'selenium_browser'. Found content (984 words).
2025-11-30 23:23:52,765 - INFO - Duplicate article skipped: The Sun has disappeared from this American town and won’t return until next year | - The Times of India from Times of India
2025-11-30 23:23:53,220 - INFO - [The Hindu] Article: https://www.thehindu.com/news/national/karnataka/bengaluru-autorickshaw-driver-abducts-traffic-cop-after-causing-accident/article70341791.ece
2025-11-30 23:23:53,220 - INFO - [The Hindu] Attempt 1/1: Trying with 'selenium_browser' strategy...
2025-11-30 23:23:53,306 - INFO - [BBC] Success with 'requests_browser'. Found content (625 words).
2025-11-30 23:23:53,366 - INFO - Duplicate article skipped: Russian strikes cause power outages for more than 600,000 in Ukraine from BBC
2025-11-30 23:23:53,542 - INFO - [The Guardian] Article: https://www.theguardian.com/australia-news/2025/dec/01/senior-queensland-police-defended-detectives-victim-blaming-comments-hannah-clarke-murder
2025-11-30 23:23:53,542 - INFO - [The Guardian] Attempt 1/1: Trying with 'requests_browser' strategy...
2025-11-30 23:23:53,634 - INFO - [The Guardian] Success with 'requests_browser'. Found content (932 words).
2025-11-30 23:23:53,687 - INFO - Duplicate article skipped: ‘Victim blaming’ comments after Hannah Clarke murders were part of botched police media strategy | Australian police and policing | The Guardian from The Guardian
2025-11-30 23:23:53,832 - INFO - [Times of India] Article: https://timesofindia.indiatimes.com/world/pakistan/reflects-political-bias-misinformation-pak-brazens-it-out-criticises-un-top-official-for-remarks-on-27th-constitutional-amendment/articleshow/125671389.cms
2025-11-30 23:23:53,832 - INFO - [Times of India] Attempt 1/1: Trying with 'selenium_browser' strategy...
2025-11-30 23:23:53,883 - INFO - [BBC] Article: https://www.bbc.com/news/articles/c4gp9d28p74o?at_medium=RSS&at_campaign=rss
2025-11-30 23:23:53,884 - INFO - [BBC] Attempt 1/1: Trying with 'requests_browser' strategy...
2025-11-30 23:23:54,715 - INFO - [BBC] Success with 'requests_browser'. Found content (430 words).
2025-11-30 23:23:54,756 - INFO - Duplicate article skipped: Airbus: Flights resume as normal after software update warning from BBC
2025-11-30 23:23:55,333 - INFO - [BBC] Article: https://www.bbc.com/news/articles/cvgj9dd983xo?at_medium=RSS&at_campaign=rss
2025-11-30 23:23:55,333 - INFO - [BBC] Attempt 1/1: Trying with 'requests_browser' strategy...
2025-11-30 23:23:55,923 - INFO - [The Hindu] Page content loaded.
2025-11-30 23:23:56,316 - INFO - [The Hindu] Success with 'selenium_browser'. Found content (294 words).
2025-11-30 23:23:56,408 - INFO - Duplicate article skipped: Bengaluru: Autorickshaw driver ‘abducts’ traffic cop after causing accident - The Hindu from The Hindu
2025-11-30 23:23:56,508 - INFO - [Times of India] Page content loaded.
2025-11-30 23:23:56,643 - INFO - [Times of India] Success with 'selenium_browser'. Found content (378 words).
2025-11-30 23:23:56,723 - INFO - Duplicate article skipped: 'Reflects political bias, misinformation': Pak brazens it out; criticises UN top official for remarks on 27th constitutional amendment - The Times of India from Times of India
2025-11-30 23:23:56,755 - INFO - [BBC] Success with 'requests_browser'. Found content (790 words).
2025-11-30 23:23:56,803 - INFO - Duplicate article skipped: Nigeria blames jihadist groups for wave of kidnappings but others accuse criminal gangs from BBC
2025-11-30 23:23:57,091 - INFO - [The Hindu] Article: https://www.thehindu.com/news/national/maharashtra/bjp-has-been-splitting-parties-for-its-entire-history-maharashtra-minister/article70342696.ece
2025-11-30 23:23:57,091 - INFO - [The Hindu] Attempt 1/1: Trying with 'selenium_browser' strategy...
2025-11-30 23:23:58,054 - INFO - [Times of India] Article: https://timesofindia.indiatimes.com/world/middle-east/uae-revamps-lottery-rules-now-you-can-play-weekly-and-win-up-to-dh30-million/articleshow/125671257.cms
2025-11-30 23:23:58,054 - INFO - [Times of India] Attempt 1/1: Trying with 'selenium_browser' strategy...
2025-11-30 23:23:59,755 - INFO - [The Hindu] Page content loaded.
2025-11-30 23:23:59,922 - INFO - [The Hindu] Success with 'selenium_browser'. Found content (276 words).
2025-11-30 23:24:00,007 - INFO - Duplicate article skipped: BJP has been ‘splitting parties’ for its entire history: Maharashtra minister - The Hindu from The Hindu
2025-11-30 23:24:00,702 - INFO - [Times of India] Page content loaded.
2025-11-30 23:24:00,827 - INFO - [Times of India] Success with 'selenium_browser'. Found content (524 words).
2025-11-30 23:24:00,886 - INFO - Duplicate article skipped: UAE revamps lottery rules: Now you can play weekly and win up to Dh30 million | World News - The Times of India from Times of India
2025-11-30 23:24:00,964 - INFO - [The Hindu] Article: https://www.thehindu.com/news/national/tamil-nadu/prohibition-is-a-national-subject-not-restricted-to-tamil-nadu-thirumavalavan/article70342012.ece
2025-11-30 23:24:00,964 - INFO - [The Hindu] Attempt 1/1: Trying with 'selenium_browser' strategy...
2025-11-30 23:24:01,976 - INFO - [Times of India] Article: https://timesofindia.indiatimes.com/world/middle-east/uae-announces-rise-in-fuel-prices-for-december-2025-new-petrol-and-diesel-rates-explained/articleshow/125670749.cms
2025-11-30 23:24:01,976 - INFO - [Times of India] Attempt 1/1: Trying with 'selenium_browser' strategy...
2025-11-30 23:24:02,225 - INFO - [The Hindu] Page content loaded.
2025-11-30 23:24:02,377 - INFO - [The Hindu] Success with 'selenium_browser'. Found content (316 words).
2025-11-30 23:24:02,897 - INFO - Duplicate article skipped: Prohibition is a national subject, not restricted to Tamil Nadu: Thirumavalavan - The Hindu from The Hindu
2025-11-30 23:24:03,578 - INFO - [The Hindu] Article: https://www.thehindu.com/news/national/kerala/munambam-action-council-calls-off-protest-splinter-group-takes-it-further/article70342475.ece
2025-11-30 23:24:03,578 - INFO - [The Hindu] Attempt 1/1: Trying with 'selenium_browser' strategy...
2025-11-30 23:24:05,730 - INFO - [Times of India] Page content loaded.
2025-11-30 23:24:06,130 - INFO - [Times of India] Success with 'selenium_browser'. Found content (286 words).
2025-11-30 23:24:06,219 - INFO - Duplicate article skipped: UAE announces rise in fuel prices for December 2025 - New petrol and diesel rates explained | World News - The Times of India from Times of India
2025-11-30 23:24:07,356 - INFO - [Times of India] Article: https://timesofindia.indiatimes.com/science/how-africa-may-become-earths-next-ocean-basin-in-5-to-10-million-years-giving-birth-to-a-new-ocean/articleshow/125663914.cms
2025-11-30 23:24:07,356 - INFO - [Times of India] Attempt 1/1: Trying with 'selenium_browser' strategy...
2025-11-30 23:24:07,656 - INFO - [The Hindu] Page content loaded.
2025-11-30 23:24:07,990 - INFO - [The Hindu] Success with 'selenium_browser'. Found content (245 words).
2025-11-30 23:24:08,076 - INFO - Duplicate article skipped: Munambam action council calls off protest, splinter group takes it further - The Hindu from The Hindu
2025-11-30 23:24:09,005 - INFO - [The Hindu] Article: https://www.thehindu.com/news/national/west-bengal/west-bengal-government-directs-digitisation-of-waqf-properties-on-umeed-portal/article70342704.ece
2025-11-30 23:24:09,005 - INFO - [The Hindu] Attempt 1/1: Trying with 'selenium_browser' strategy...
2025-11-30 23:24:11,539 - INFO - [Times of India] Page content loaded.
2025-11-30 23:24:12,112 - INFO - [Times of India] Success with 'selenium_browser'. Found content (852 words).
2025-11-30 23:24:12,229 - INFO - Duplicate article skipped: How Africa may become Earth’s next ocean basin in 5 to 10 million years giving birth to a new ocean | - The Times of India from Times of India
2025-11-30 23:24:12,933 - INFO - [The Hindu] Page content loaded.
2025-11-30 23:24:13,192 - INFO - [The Hindu] Success with 'selenium_browser'. Found content (457 words).
2025-11-30 23:24:13,281 - INFO - Duplicate article skipped: West Bengal government directs digitisation of waqf properties on UMEED portal - The Hindu from The Hindu
2025-11-30 23:24:13,394 - INFO - [Times of India] Article: https://timesofindia.indiatimes.com/world/middle-east/uae-drivers-license-2025-which-countries-can-skip-the-test-and-drive-with-their-home-license/articleshow/125670342.cms
2025-11-30 23:24:13,394 - INFO - [Times of India] Attempt 1/1: Trying with 'selenium_browser' strategy...
2025-11-30 23:24:14,671 - INFO - [The Hindu] Article: https://www.thehindu.com/news/national/kerala/two-outgoing-chairpersons-try-their-luck-again-in-kalamassery-eloor-municipalities/article70307689.ece
2025-11-30 23:24:14,671 - INFO - [The Hindu] Attempt 1/1: Trying with 'selenium_browser' strategy...
2025-11-30 23:24:18,527 - INFO - [The Hindu] Page content loaded.
2025-11-30 23:24:18,664 - INFO - [The Hindu] Success with 'selenium_browser'. Found content (311 words).
2025-11-30 23:24:18,734 - INFO - Duplicate article skipped: Two outgoing chairpersons try their luck again in Kalamassery, Eloor municipalities - The Hindu from The Hindu
2025-11-30 23:24:20,207 - INFO - [The Hindu] Article: https://www.thehindu.com/news/national/kerala/more-than-300-indians-evacuated-from-flood-hit-sri-lanka-iaf-provides-assistance-in-rescue-and-relief-operations/article70342970.ece
2025-11-30 23:24:20,207 - INFO - [The Hindu] Attempt 1/1: Trying with 'selenium_browser' strategy...
2025-11-30 23:24:23,692 - INFO - [The Hindu] Page content loaded.
2025-11-30 23:24:23,805 - INFO - [The Hindu] Success with 'selenium_browser'. Found content (304 words).
2025-11-30 23:24:23,883 - INFO - Duplicate article skipped: More than 300 Indians evacuated from flood-hit Sri Lanka, IAF provides assistance in rescue and relief operations - The Hindu from The Hindu
2025-11-30 23:24:25,246 - INFO - [The Hindu] Article: https://www.thehindu.com/news/national/bangladeshi-nationals-return-in-large-numbers-via-hakimpur-border-checkpost-as-sir-fears-rise/article70339047.ece
2025-11-30 23:24:25,246 - INFO - [The Hindu] Attempt 1/1: Trying with 'selenium_browser' strategy...
2025-11-30 23:24:25,923 - INFO - [The Hindu] Page content loaded.
2025-11-30 23:24:26,271 - INFO - [The Hindu] Success with 'selenium_browser'. Found content (724 words).
2025-11-30 23:24:26,375 - INFO - Duplicate article skipped: Bangladeshi nationals leave India via Hakimpur border checkpost amid rising SIR fears - The Hindu from The Hindu
2025-11-30 23:24:26,466 - INFO - [Times of India] Page content loaded.
2025-11-30 23:24:27,025 - INFO - [Times of India] Success with 'selenium_browser'. Found content (1264 words).
2025-11-30 23:24:27,183 - INFO - Duplicate article skipped: UAE Driver’s License 2025: Which countries can skip the test and drive with their home license? | World News - The Times of India from Times of India
2025-11-30 23:24:27,537 - INFO - [The Hindu] Article: https://www.thehindu.com/news/national/kerala/top-leaders-add-zest-to-campaigning-in-kozhikode-corporation/article70342365.ece
2025-11-30 23:24:27,537 - INFO - [The Hindu] Attempt 1/1: Trying with 'selenium_browser' strategy...
2025-11-30 23:24:27,830 - INFO - [Times of India] Article: https://timesofindia.indiatimes.com/world/europe/swiss-vote-on-compulsory-civic-duty-climate-tax-for-super-rich/articleshow/125669403.cms
2025-11-30 23:24:27,830 - INFO - [Times of India] Attempt 1/1: Trying with 'selenium_browser' strategy...
2025-11-30 23:24:28,657 - INFO - [The Hindu] Page content loaded.
2025-11-30 23:24:28,864 - INFO - [The Hindu] Success with 'selenium_browser'. Found content (407 words).
2025-11-30 23:24:28,943 - INFO - Duplicate article skipped: Top leaders add zest to campaigning in Kozhikode Corporation - The Hindu from The Hindu
2025-11-30 23:24:29,167 - INFO - [Times of India] Page content loaded.
2025-11-30 23:24:29,459 - INFO - [Times of India] Success with 'selenium_browser'. Found content (540 words).
2025-11-30 23:24:29,612 - INFO - Duplicate article skipped: Swiss vote on compulsory civic duty, climate tax for super-rich - The Times of India from Times of India
2025-11-30 23:24:29,743 - INFO - [The Hindu] Article: https://www.thehindu.com/news/national/assam/assam-cm-stoking-conflict-between-communities-says-gaurav-gogoi-after-report-on-st-status-for-six-groups/article70342653.ece
2025-11-30 23:24:29,743 - INFO - [The Hindu] Attempt 1/1: Trying with 'selenium_browser' strategy...
2025-11-30 23:24:30,148 - INFO - [Times of India] Article: https://timesofindia.indiatimes.com/world/us/irresponsible-dangerous-fda-memo-links-covid-shots-to-children-deaths-proposes-new-vaccine-rules/articleshow/125668221.cms
2025-11-30 23:24:30,148 - INFO - [Times of India] Attempt 1/1: Trying with 'selenium_browser' strategy...
2025-11-30 23:24:31,916 - INFO - [The Hindu] Page content loaded.
2025-11-30 23:24:31,943 - INFO - [Times of India] Page content loaded.
2025-11-30 23:24:32,002 - INFO - [The Hindu] Success with 'selenium_browser'. Found content (526 words).
2025-11-30 23:24:32,173 - INFO - Duplicate article skipped: Assam CM is stoking conflict, says Gaurav Gogoi - The Hindu from The Hindu
2025-11-30 23:24:32,239 - INFO - [Times of India] Success with 'selenium_browser'. Found content (463 words).
2025-11-30 23:24:32,830 - INFO - [The Hindu] Article: https://www.thehindu.com/news/national/tripura/ipft-to-hold-protest-in-delhi-demanding-autonomous-tipra-territorial-council-through-constitutional-amendment/article70342830.ece
2025-11-30 23:24:32,830 - INFO - [The Hindu] Attempt 1/1: Trying with 'selenium_browser' strategy...
2025-11-30 23:24:32,895 - INFO - Duplicate article skipped: 'Irresponsible, dangerous': FDA memo links Covid shots to children deaths; proposes new vaccine rules - The Times of India from Times of India
2025-11-30 23:24:33,747 - INFO - [Times of India] Article: https://timesofindia.indiatimes.com/world/middle-east/uae-is-changing-key-tax-rules-from-january-2026-heres-what-it-means-for-you/articleshow/125668742.cms
2025-11-30 23:24:33,747 - INFO - [Times of India] Attempt 1/1: Trying with 'selenium_browser' strategy...
2025-11-30 23:24:35,383 - INFO - [The Hindu] Page content loaded.
2025-11-30 23:24:35,650 - INFO - [The Hindu] Success with 'selenium_browser'. Found content (295 words).
2025-11-30 23:24:35,720 - INFO - Duplicate article skipped: IPFT to hold protest in Delhi demanding autonomous Tipra Territorial Council through Constitutional amendment - The Hindu from The Hindu
2025-11-30 23:24:35,826 - INFO - [Times of India] Page content loaded.
2025-11-30 23:24:35,934 - INFO - [Times of India] Success with 'selenium_browser'. Found content (899 words).
2025-11-30 23:24:35,977 - INFO - Duplicate article skipped: UAE is changing key tax rules from January 2026 — here’s what it means for you | World News - The Times of India from Times of India
2025-11-30 23:24:36,512 - INFO - [The Hindu] Article: https://www.thehindu.com/news/national/kerala/army-truck-gets-stuck-under-tree-branch-briefly-disrupts-traffic-at-pappanamcode/article70342645.ece
2025-11-30 23:24:36,512 - INFO - [The Hindu] Attempt 1/1: Trying with 'selenium_browser' strategy...
2025-11-30 23:24:36,790 - INFO - [Times of India] Article: https://timesofindia.indiatimes.com/world/middle-east/dubai-telecom-giant-offers-54gb-free-data-for-uae-54th-national-day/articleshow/125668394.cms
2025-11-30 23:24:36,791 - INFO - [Times of India] Attempt 1/1: Trying with 'selenium_browser' strategy...
2025-11-30 23:24:37,332 - INFO - [The Hindu] Page content loaded.
2025-11-30 23:24:37,450 - INFO - [The Hindu] Success with 'selenium_browser'. Found content (119 words).
2025-11-30 23:24:37,526 - INFO - Duplicate article skipped: Army truck gets stuck under tree branch; briefly disrupts traffic at Pappanamcode - The Hindu from The Hindu
2025-11-30 23:24:38,072 - INFO - [The Hindu] Article: https://www.thehindu.com/news/national/andhra-pradesh/mla-launches-development-works-in-krishna-district/article70342693.ece
2025-11-30 23:24:38,072 - INFO - [The Hindu] Attempt 1/1: Trying with 'selenium_browser' strategy...
2025-11-30 23:24:39,560 - INFO - [Times of India] Page content loaded.
2025-11-30 23:24:39,956 - INFO - [Times of India] Success with 'selenium_browser'. Found content (624 words).
2025-11-30 23:24:40,061 - INFO - Duplicate article skipped: Dubai telecom giant offers 54GB free data for UAE 54th National Day | World News - The Times of India from Times of India
2025-11-30 23:24:40,530 - INFO - [The Hindu] Page content loaded.
2025-11-30 23:24:40,950 - INFO - [Times of India] Article: https://timesofindia.indiatimes.com/world/rest-of-world/malaysia-custody-deaths-over-300-migrants-died-since-2020-raids-intensify-on-illegal-immigrants/articleshow/125668158.cms
2025-11-30 23:24:40,950 - INFO - [Times of India] Attempt 1/1: Trying with 'selenium_browser' strategy...
2025-11-30 23:24:41,266 - INFO - [The Hindu] Success with 'selenium_browser'. Found content (86 words).
2025-11-30 23:24:41,313 - INFO - Duplicate article skipped: MLA launches development works in Krishna district - The Hindu from The Hindu
2025-11-30 23:24:42,073 - INFO - [The Hindu] Article: https://www.thehindu.com/news/national/kerala/bjp-promises-to-make-thiruvananthapuram-an-olympics-venue/article70342037.ece
2025-11-30 23:24:42,073 - INFO - [The Hindu] Attempt 1/1: Trying with 'selenium_browser' strategy...
2025-11-30 23:24:43,602 - INFO - [The Hindu] Page content loaded.
2025-11-30 23:24:43,709 - INFO - [The Hindu] Success with 'selenium_browser'. Found content (113 words).
2025-11-30 23:24:43,785 - INFO - Duplicate article skipped: BJP promises to make Thiruvananthapuram an Olympics venue - The Hindu from The Hindu
2025-11-30 23:24:45,147 - INFO - [The Hindu] Article: https://www.thehindu.com/news/national/rajasthan/order-directing-rajasthan-schools-to-mark-dec-6-as-shaurya-diwas-recalled/article70342376.ece
2025-11-30 23:24:45,147 - INFO - [The Hindu] Attempt 1/1: Trying with 'selenium_browser' strategy...
2025-11-30 23:24:48,714 - INFO - [Times of India] Page content loaded.
2025-11-30 23:24:49,570 - INFO - [Times of India] Success with 'selenium_browser'. Found content (599 words).
2025-11-30 23:24:49,630 - INFO - [The Hindu] Page content loaded.
2025-11-30 23:24:49,711 - INFO - Duplicate article skipped: Malaysia custody deaths: Over 300 migrants died since 2020; raids intensify on illegal immigrants - The Times of India from Times of India
2025-11-30 23:24:49,752 - INFO - [The Hindu] Success with 'selenium_browser'. Found content (416 words).
2025-11-30 23:24:49,811 - INFO - Duplicate article skipped: Rajasthan revokes controversial order to mark December 6 as Shaurya Diwas after drawing flak - The Hindu from The Hindu
2025-11-30 23:24:50,377 - INFO - [Times of India] Article: https://timesofindia.indiatimes.com/world/rest-of-world/congo-disaster-boat-capsizes-on-lake-mai-ndombe-due-to-violent-winds-20-dead/articleshow/125668175.cms
2025-11-30 23:24:50,377 - INFO - [Times of India] Attempt 1/1: Trying with 'selenium_browser' strategy...
2025-11-30 23:24:51,095 - INFO - [The Hindu] Article: https://www.thehindu.com/news/national/kerala/244-counting-centres-for-kerala-local-body-polls/article70342449.ece
2025-11-30 23:24:51,095 - INFO - [The Hindu] Attempt 1/1: Trying with 'selenium_browser' strategy...
2025-11-30 23:24:51,547 - INFO - [Times of India] Page content loaded.
2025-11-30 23:24:51,757 - INFO - [Times of India] Success with 'selenium_browser'. Found content (204 words).
2025-11-30 23:24:51,850 - INFO - Duplicate article skipped: Congo disaster: Boat capsizes on Lake Mai-Ndombe due to violent winds; 20 dead - The Times of India from Times of India
2025-11-30 23:24:52,524 - INFO - [The Hindu] Page content loaded.
2025-11-30 23:24:52,606 - INFO - [The Hindu] Success with 'selenium_browser'. Found content (175 words).
2025-11-30 23:24:52,679 - INFO - Duplicate article skipped: 244 counting centres for Kerala local body polls - The Hindu from The Hindu
2025-11-30 23:24:52,981 - INFO - [Times of India] Article: https://timesofindia.indiatimes.com/world/us/donald-trumps-childhood-home-up-for-sale-queens-house-hits-market-again-at-2-3-million-know-all-about-the-tudor-style-property/articleshow/125668187.cms
2025-11-30 23:24:52,982 - INFO - [Times of India] Attempt 1/1: Trying with 'selenium_browser' strategy...
2025-11-30 23:24:53,994 - INFO - [The Hindu] (Thread) Finished. Attempting to shut down its Selenium driver.
2025-11-30 23:24:54,276 - INFO - [The Hindu] (Thread) driver.quit() successful.
2025-11-30 23:24:54,574 - INFO - [Times of India] Page content loaded.
2025-11-30 23:24:54,689 - INFO - [Times of India] Success with 'selenium_browser'. Found content (346 words).
2025-11-30 23:24:54,981 - INFO - Duplicate article skipped: Donald Trump’s childhood home up for sale: Queens house hits market again at $2.3 million - know all about the Tudor-style property - The Times of India from Times of India
2025-11-30 23:24:55,822 - INFO - [Times of India] Article: https://timesofindia.indiatimes.com/world/rest-of-world/nigeria-12-abducted-borno-woman-and-girls-released/articleshow/125668218.cms
2025-11-30 23:24:55,822 - INFO - [Times of India] Attempt 1/1: Trying with 'selenium_browser' strategy...
2025-11-30 23:24:57,599 - INFO - [Times of India] Page content loaded.
2025-11-30 23:24:57,712 - INFO - [Times of India] Success with 'selenium_browser'. Found content (340 words).
2025-11-30 23:24:57,752 - INFO - Duplicate article skipped: Nigeria: 12 abducted Borno woman and girls released - The Times of India from Times of India
2025-11-30 23:24:58,486 - INFO - [Times of India] Article: https://timesofindia.indiatimes.com/world/us/white-house-launches-tracker-to-call-out-media-offenders/articleshow/125668235.cms
2025-11-30 23:24:58,486 - INFO - [Times of India] Attempt 1/1: Trying with 'selenium_browser' strategy...
2025-11-30 23:24:59,706 - INFO - [Times of India] Page content loaded.
2025-11-30 23:24:59,825 - INFO - [Times of India] Success with 'selenium_browser'. Found content (471 words).
2025-11-30 23:24:59,881 - INFO - Duplicate article skipped: White House launches tracker to call out 'media offenders' - The Times of India from Times of India
2025-11-30 23:25:00,532 - INFO - [Times of India] Article: https://timesofindia.indiatimes.com/world/us-streamers/candace-owens-and-charlie-kirk-controversy-explained-inside-her-statements-on-erika-kirk-emmanuel-macron-and-mystery-around-his-death/articleshow/125661671.cms
2025-11-30 23:25:00,532 - INFO - [Times of India] Attempt 1/1: Trying with 'selenium_browser' strategy...
2025-11-30 23:25:01,609 - INFO - [Times of India] Page content loaded.
2025-11-30 23:25:01,742 - INFO - [Times of India] Success with 'selenium_browser'. Found content (507 words).
2025-11-30 23:25:01,818 - INFO - Duplicate article skipped: Candace Owens and Charlie Kirk controversy explained: Inside her statements on Erika Kirk, Emmanuel Macron and mystery around his death - The Times of India from Times of India
2025-11-30 23:25:03,240 - INFO - [Times of India] (Thread) Finished. Attempting to shut down its Selenium driver.
2025-11-30 23:25:03,589 - INFO - [Times of India] (Thread) driver.quit() successful.
2025-11-30 23:25:03,589 - INFO - Shutting down thread pool (wait=False)...
2025-11-30 23:25:03,589 - INFO - Scraped: 0 The Guardian, 0 The Hindu, 1 BBC, 0 Times of India articles. (Total saved: 1)
2025-11-30 23:25:03,589 - INFO - --- Scraping job finished ---
2025-11-30 23:25:03,595 - INFO - --- Scraper service stopped and database connection closed. ---
2025-11-30 23:25:03,595 - INFO - --- Main thread finished. Forcing process exit to kill zombie threads. ---
