2025-12-02 11:43:22,856 - INFO - Loading AI Semantic Model (all-MiniLM-L6-v2)...
2025-12-02 11:43:22,857 - INFO - Use pytorch device_name: cpu
2025-12-02 11:43:22,857 - INFO - Load pretrained SentenceTransformer: all-MiniLM-L6-v2
2025-12-02 11:43:23,150 - INFO - AI Model loaded successfully.
2025-12-02 11:43:23,151 - INFO - Initializing database connection at: news_articles.db
2025-12-02 11:43:23,151 - INFO - --- Scraper service started (CI Mode: Run Once) ---
2025-12-02 11:43:23,151 - INFO - --- Starting new scraping job (Parallel Mode) ---
2025-12-02 11:43:23,151 - INFO - Creating new robust session with 3 retries on 5xx/connection/read errors.
2025-12-02 11:43:23,151 - INFO - Proxy is DISABLED.
2025-12-02 11:43:23,151 - INFO - Starting scrape for BBC RSS feed: http://feeds.bbci.co.uk/news/world/rss.xml
2025-12-02 11:43:23,152 - INFO - [Times of India] (Thread) requires Selenium. Initializing driver...
2025-12-02 11:43:23,153 - INFO - Initializing headless Selenium Chrome driver (using SeleniumManager)...
2025-12-02 11:43:23,153 - INFO - Starting scrape for The Guardian RSS feed: https://www.theguardian.com/world/rss
2025-12-02 11:43:23,154 - INFO - [The Hindu] (Thread) requires Selenium. Initializing driver...
2025-12-02 11:43:23,154 - INFO - Submitted 4 jobs to thread pool. Waiting up to 300s for completion...
2025-12-02 11:43:23,154 - INFO - Initializing headless Selenium Chrome driver (using SeleniumManager)...
2025-12-02 11:43:23,367 - INFO - Found 45 articles in BBC RSS feed. Processing up to 20.
2025-12-02 11:43:23,367 - INFO - [BBC] Article: https://www.bbc.com/news/articles/ce8ng3yjenpo?at_medium=RSS&at_campaign=rss
2025-12-02 11:43:23,367 - INFO - [BBC] Attempt 1/1: Trying with 'requests_browser' strategy...
2025-12-02 11:43:23,391 - INFO - Found 45 articles in The Guardian RSS feed. Processing up to 20.
2025-12-02 11:43:23,391 - INFO - [The Guardian] Article: https://www.theguardian.com/world/2025/dec/01/south-africans-court-alleged-recruitment-russia-war-ukraine
2025-12-02 11:43:23,391 - INFO - [The Guardian] Attempt 1/1: Trying with 'requests_browser' strategy...
2025-12-02 11:43:23,429 - INFO - [The Guardian] Success with 'requests_browser'. Found content (506 words).
2025-12-02 11:43:23,485 - INFO - Duplicate article skipped: Five South Africans in court over alleged recruitment for Russia’s war in Ukraine | South Africa | The Guardian from The Guardian
2025-12-02 11:43:23,588 - INFO - [BBC] Success with 'requests_browser'. Found content (840 words).
2025-12-02 11:43:23,625 - INFO - Duplicate article skipped: Putin and Trump envoy Steve Witkoff set for key Ukraine talks in Moscow from BBC
2025-12-02 11:43:24,061 - INFO - [The Guardian] Article: https://www.theguardian.com/global-development/2025/dec/01/global-health-hiv-aids-funding-cuts-infections-prevention
2025-12-02 11:43:24,062 - INFO - [The Guardian] Attempt 1/1: Trying with 'requests_browser' strategy...
2025-12-02 11:43:24,091 - INFO - [The Guardian] Success with 'requests_browser'. Found content (674 words).
2025-12-02 11:43:24,129 - INFO - Duplicate article skipped: Aid cuts have shaken HIV/Aids care to its core – and will mean millions more infections ahead | Global health | The Guardian from The Guardian
2025-12-02 11:43:24,612 - INFO - [BBC] Article: https://www.bbc.com/news/articles/c0r95q9kv1go?at_medium=RSS&at_campaign=rss
2025-12-02 11:43:24,612 - INFO - [BBC] Attempt 1/1: Trying with 'requests_browser' strategy...
2025-12-02 11:43:24,648 - INFO - [BBC] Success with 'requests_browser'. Found content (948 words).
2025-12-02 11:43:24,684 - INFO - Duplicate article skipped: US authorised second deadly Venezuela boat strike, White House says from BBC
2025-12-02 11:43:24,694 - INFO - [The Guardian] Article: https://www.theguardian.com/world/2025/nov/30/african-leaders-push-for-recognition-of-colonial-crimes-and-reparations
2025-12-02 11:43:24,694 - INFO - [The Guardian] Attempt 1/1: Trying with 'requests_browser' strategy...
2025-12-02 11:43:24,731 - INFO - [The Guardian] Success with 'requests_browser'. Found content (670 words).
2025-12-02 11:43:24,788 - INFO - Duplicate article skipped: African leaders push for recognition of colonial crimes and reparations | Colonialism | The Guardian from The Guardian
2025-12-02 11:43:25,618 - INFO - [BBC] Article: https://www.bbc.com/news/articles/cedxyvx74p4o?at_medium=RSS&at_campaign=rss
2025-12-02 11:43:25,618 - INFO - [BBC] Attempt 1/1: Trying with 'requests_browser' strategy...
2025-12-02 11:43:25,649 - INFO - [BBC] Success with 'requests_browser'. Found content (763 words).
2025-12-02 11:43:25,688 - INFO - Duplicate article skipped: Sanchar Saathi: India mandates state-owned cyber safety app on all smartphones from BBC
2025-12-02 11:43:25,821 - INFO - [The Guardian] Article: https://www.theguardian.com/world/2025/nov/28/jacob-zuma-daughter-resigns-claims-south-africans-tricked-fight-russia
2025-12-02 11:43:25,821 - INFO - [The Guardian] Attempt 1/1: Trying with 'requests_browser' strategy...
2025-12-02 11:43:25,851 - INFO - [The Guardian] Success with 'requests_browser'. Found content (753 words).
2025-12-02 11:43:26,006 - INFO - Duplicate article skipped: Jacob Zuma’s daughter resigns amid claims South Africans tricked to fight for Russia | South Africa | The Guardian from The Guardian
2025-12-02 11:43:26,744 - INFO - [The Guardian] Article: https://www.theguardian.com/environment/2025/nov/28/africa-forests-transformed-carbon-sink-carbon-source-study
2025-12-02 11:43:26,744 - INFO - [The Guardian] Attempt 1/1: Trying with 'requests_browser' strategy...
2025-12-02 11:43:26,775 - INFO - [The Guardian] Success with 'requests_browser'. Found content (458 words).
2025-12-02 11:43:26,816 - INFO - Duplicate article skipped: Africa’s forests transformed from carbon sink to carbon source, study finds | Climate crisis | The Guardian from The Guardian
2025-12-02 11:43:27,145 - INFO - [BBC] Article: https://www.bbc.com/news/articles/cx2dgp8mvmno?at_medium=RSS&at_campaign=rss
2025-12-02 11:43:27,145 - INFO - [BBC] Attempt 1/1: Trying with 'requests_browser' strategy...
2025-12-02 11:43:27,180 - INFO - [BBC] Success with 'requests_browser'. Found content (872 words).
2025-12-02 11:43:27,220 - INFO - Duplicate article skipped: Honduras election: presidential candidates locked in 'technical tie', official says from BBC
2025-12-02 11:43:27,912 - INFO - [BBC] Article: https://www.bbc.com/news/articles/c33mz477p4po?at_medium=RSS&at_campaign=rss
2025-12-02 11:43:27,912 - INFO - [BBC] Attempt 1/1: Trying with 'requests_browser' strategy...
2025-12-02 11:43:27,947 - INFO - [BBC] Success with 'requests_browser'. Found content (882 words).
2025-12-02 11:43:27,984 - INFO - Duplicate article skipped: Luigi Mangione in court as lawyers seek to rule out notebook, gun and other key evidence from BBC
2025-12-02 11:43:28,150 - INFO - [The Guardian] Article: https://www.theguardian.com/us-news/live/2025/dec/02/donald-trump-pete-hegseth-boat-venezuela-maduro-tennessee-us-politics-live-news-updates
2025-12-02 11:43:28,150 - INFO - [The Guardian] Attempt 1/1: Trying with 'requests_browser' strategy...
2025-12-02 11:43:28,326 - INFO - [The Guardian] Success with 'requests_browser'. Found content (1507 words).
2025-12-02 11:43:28,390 - INFO - Duplicate article skipped: White House distances Hegseth from second strike on alleged drug boat – US politics live | Pete Hegseth | The Guardian from The Guardian
2025-12-02 11:43:28,602 - INFO - [BBC] Article: https://www.bbc.com/news/articles/ce8ng18p7v3o?at_medium=RSS&at_campaign=rss
2025-12-02 11:43:28,602 - INFO - [BBC] Attempt 1/1: Trying with 'requests_browser' strategy...
2025-12-02 11:43:28,635 - INFO - [BBC] Success with 'requests_browser'. Found content (582 words).
2025-12-02 11:43:28,673 - INFO - Duplicate article skipped: Hong Kong leader orders investigation into deadly fire that killed 151 from BBC
2025-12-02 11:43:29,120 - INFO - [The Guardian] Article: https://www.theguardian.com/us-news/2025/dec/02/us-venezuela-crisis-trinidad-tobago
2025-12-02 11:43:29,120 - INFO - [The Guardian] Attempt 1/1: Trying with 'requests_browser' strategy...
2025-12-02 11:43:29,146 - INFO - [The Guardian] Success with 'requests_browser'. Found content (673 words).
2025-12-02 11:43:29,190 - INFO - Duplicate article skipped: Radar revelation stokes fears Caribbean could be drawn into US-Venezuela crisis | Trump administration | The Guardian from The Guardian
2025-12-02 11:43:29,736 - INFO - [BBC] Article: https://www.bbc.com/news/articles/cre3q9edqx8o?at_medium=RSS&at_campaign=rss
2025-12-02 11:43:29,736 - INFO - [BBC] Attempt 1/1: Trying with 'requests_browser' strategy...
2025-12-02 11:43:29,762 - INFO - [BBC] Success with 'requests_browser'. Found content (415 words).
2025-12-02 11:43:29,775 - INFO - [The Guardian] Article: https://www.theguardian.com/us-news/live/2025/dec/01/donald-trump-pete-hegseth-caribbean-boats-venezuela-immigration-us-politics-latest-news-updates
2025-12-02 11:43:29,775 - INFO - [The Guardian] Attempt 1/1: Trying with 'requests_browser' strategy...
2025-12-02 11:43:29,799 - INFO - Duplicate article skipped: Pavarotti statue frozen knee-deep in ice rink strikes wrong note in Italy from BBC
2025-12-02 11:43:29,885 - INFO - [The Guardian] Success with 'requests_browser'. Found content (3148 words).
2025-12-02 11:43:29,969 - INFO - Duplicate article skipped: Trump discusses Venezuela with advisers as Hegseth distances himself from second strike on suspected drug boat –as it happened | Trump administration | The Guardian from The Guardian
2025-12-02 11:43:30,054 - INFO - Selenium driver initialized successfully.
2025-12-02 11:43:30,054 - INFO - Starting scrape for Times of India RSS feed: https://timesofindia.indiatimes.com/rssfeeds/296589292.cms
2025-12-02 11:43:30,055 - INFO - Selenium driver initialized successfully.
2025-12-02 11:43:30,055 - INFO - Starting scrape for The Hindu RSS feed: https://www.thehindu.com/news/national/feeder/default.rss
2025-12-02 11:43:30,161 - INFO - Found 100 articles in The Hindu RSS feed. Processing up to 20.
2025-12-02 11:43:30,161 - INFO - [The Hindu] Article: https://www.thehindu.com/news/cities/Hyderabad/jsw-setting-up-90-million-military-drone-plant-in-hyderabad/article70349056.ece
2025-12-02 11:43:30,161 - INFO - [The Hindu] Attempt 1/1: Trying with 'selenium_browser' strategy...
2025-12-02 11:43:30,167 - INFO - Found 20 articles in Times of India RSS feed. Processing up to 20.
2025-12-02 11:43:30,167 - INFO - [Times of India] Article: https://timesofindia.indiatimes.com/world/middle-east/uae-ajman-breaks-guinness-world-record-with-epic-national-day-tribute/articleshow/125717015.cms
2025-12-02 11:43:30,167 - INFO - [Times of India] Attempt 1/1: Trying with 'selenium_browser' strategy...
2025-12-02 11:43:30,996 - INFO - [BBC] Article: https://www.bbc.com/news/articles/cewjg272dq9o?at_medium=RSS&at_campaign=rss
2025-12-02 11:43:30,996 - INFO - [BBC] Attempt 1/1: Trying with 'requests_browser' strategy...
2025-12-02 11:43:31,033 - INFO - [BBC] Success with 'requests_browser'. Found content (582 words).
2025-12-02 11:43:31,071 - INFO - [The Guardian] Article: https://www.theguardian.com/world/2025/dec/01/trump-maduro-ultimatum-relinquish-power-venezuela
2025-12-02 11:43:31,071 - INFO - [The Guardian] Attempt 1/1: Trying with 'requests_browser' strategy...
2025-12-02 11:43:31,103 - INFO - Duplicate article skipped: Alina Habba: Appeals court disqualifies ex-Trump lawyer as New Jersey prosecutor from BBC
2025-12-02 11:43:31,136 - INFO - [The Guardian] Success with 'requests_browser'. Found content (533 words).
2025-12-02 11:43:31,240 - INFO - Duplicate article skipped: Trump reportedly gave Maduro ultimatum to relinquish power in Venezuela | Nicolás Maduro | The Guardian from The Guardian
2025-12-02 11:43:32,417 - INFO - [The Guardian] Article: https://www.theguardian.com/world/2025/dec/01/mexico-kill-drug-trafficker-el-pichon-pedro-inzunza-coronel
2025-12-02 11:43:32,417 - INFO - [The Guardian] Attempt 1/1: Trying with 'requests_browser' strategy...
2025-12-02 11:43:32,437 - INFO - [BBC] Article: https://www.bbc.com/news/articles/c4g4enlp6kzo?at_medium=RSS&at_campaign=rss
2025-12-02 11:43:32,437 - INFO - [BBC] Attempt 1/1: Trying with 'requests_browser' strategy...
2025-12-02 11:43:32,588 - INFO - [The Guardian] Success with 'requests_browser'. Found content (385 words).
2025-12-02 11:43:32,747 - INFO - [BBC] Success with 'requests_browser'. Found content (908 words).
2025-12-02 11:43:32,891 - INFO - Duplicate article skipped: Mexican authorities kill one of country’s top fentanyl traffickers | Mexico | The Guardian from The Guardian
2025-12-02 11:43:32,995 - INFO - Duplicate article skipped: Indonesia floods death toll passes 600 from BBC
2025-12-02 11:43:34,075 - INFO - [The Guardian] Article: https://www.theguardian.com/news/2025/dec/02/hong-kong-fire-response-contrast-mainland-china
2025-12-02 11:43:34,075 - INFO - [The Guardian] Attempt 1/1: Trying with 'requests_browser' strategy...
2025-12-02 11:43:34,156 - INFO - [BBC] Article: https://www.bbc.com/news/articles/ckg9204y4w5o?at_medium=RSS&at_campaign=rss
2025-12-02 11:43:34,156 - INFO - [BBC] Attempt 1/1: Trying with 'requests_browser' strategy...
2025-12-02 11:43:34,177 - INFO - [The Guardian] Success with 'requests_browser'. Found content (799 words).
2025-12-02 11:43:34,396 - INFO - Duplicate article skipped: Hong Kong responds to disaster differently from Beijing – but the gulf is narrowing | Hong Kong apartment fires | The Guardian from The Guardian
2025-12-02 11:43:34,481 - INFO - [BBC] Success with 'requests_browser'. Found content (682 words).
2025-12-02 11:43:34,896 - INFO - Duplicate article skipped: Anicet Ekane: Cameroon opposition firebrand dies in detention aged 74 from BBC
2025-12-02 11:43:35,241 - INFO - [The Hindu] Page content loaded.
2025-12-02 11:43:35,321 - INFO - [The Guardian] Article: https://www.theguardian.com/world/2025/dec/02/new-zealand-man-charged-allegedly-swallowing-faberge-james-bond-pendant
2025-12-02 11:43:35,321 - INFO - [The Guardian] Attempt 1/1: Trying with 'requests_browser' strategy...
2025-12-02 11:43:35,484 - INFO - [The Guardian] Success with 'requests_browser'. Found content (241 words).
2025-12-02 11:43:35,612 - INFO - [BBC] Article: https://www.bbc.com/news/articles/czrk7g50e1po?at_medium=RSS&at_campaign=rss
2025-12-02 11:43:35,629 - INFO - [BBC] Attempt 1/1: Trying with 'requests_browser' strategy...
2025-12-02 11:43:35,723 - INFO - [The Hindu] Success with 'selenium_browser'. Found content (435 words).
2025-12-02 11:43:35,766 - INFO - Duplicate article skipped: Man charged with theft after allegedly swallowing Fabergé pendant in jewellery store | New Zealand | The Guardian from The Guardian
2025-12-02 11:43:36,548 - INFO - [BBC] Success with 'requests_browser'. Found content (1693 words).
2025-12-02 11:43:36,885 - INFO - [The Guardian] Article: https://www.theguardian.com/world/2025/dec/02/japan-pm-sanae-takaichi-work-win-catchphrase-of-year
2025-12-02 11:43:36,885 - INFO - [The Guardian] Attempt 1/1: Trying with 'requests_browser' strategy...
2025-12-02 11:43:37,112 - INFO - [The Guardian] Success with 'requests_browser'. Found content (510 words).
2025-12-02 11:43:52,375 - INFO - Saved article: JSW setting up $90 million military drone plant in Hyderabad - The Hindu from The Hindu
2025-12-02 11:43:52,375 - INFO - Duplicate article skipped: WW1 toxic compound sprayed on Georgian protesters, BBC evidence suggests from BBC
2025-12-02 11:43:52,375 - INFO - Duplicate article skipped: Japan PM’s pledge to ‘work, work, work, work, and work’ wins catchphrase of year | Sanae Takaichi | The Guardian from The Guardian
2025-12-02 11:43:53,105 - INFO - [The Guardian] Article: https://www.theguardian.com/world/2025/dec/01/asia-flood-sri-lanka-indonesia-deploy-military
2025-12-02 11:43:53,105 - INFO - [The Guardian] Attempt 1/1: Trying with 'requests_browser' strategy...
2025-12-02 11:43:53,140 - INFO - [The Guardian] Success with 'requests_browser'. Found content (759 words).
2025-12-02 11:43:53,193 - INFO - Duplicate article skipped: Sri Lanka and Indonesia deploy militaries as Asia floods death toll passes 1,100 | Asia Pacific | The Guardian from The Guardian
2025-12-02 11:43:53,587 - INFO - [BBC] Article: https://www.bbc.com/news/articles/ckgz28zyp8vo?at_medium=RSS&at_campaign=rss
2025-12-02 11:43:53,587 - INFO - [BBC] Attempt 1/1: Trying with 'requests_browser' strategy...
2025-12-02 11:43:53,621 - INFO - [BBC] Success with 'requests_browser'. Found content (378 words).
2025-12-02 11:43:53,662 - INFO - Duplicate article skipped: Joaquín Guzmán López: Drug lord El Chapo's son pleads guilty in US drug trafficking case from BBC
2025-12-02 11:43:53,729 - INFO - [The Hindu] Article: https://www.thehindu.com/news/national/kerala/kerala-and-tamil-nadu-join-forces-to-mine-mineral-sand/article70349077.ece
2025-12-02 11:43:53,729 - INFO - [The Hindu] Attempt 1/1: Trying with 'selenium_browser' strategy...
2025-12-02 11:43:54,058 - INFO - [The Guardian] Article: https://www.theguardian.com/world/live/2025/dec/01/death-toll-floods-indonesia-sri-lanka-malaysia-thailand-latest-updates-news-live
2025-12-02 11:43:54,058 - INFO - [The Guardian] Attempt 1/1: Trying with 'requests_browser' strategy...
2025-12-02 11:43:54,167 - INFO - [The Guardian] Success with 'requests_browser'. Found content (1015 words).
2025-12-02 11:43:54,279 - INFO - Duplicate article skipped: Death toll passes 1,100 in devastating floods across Indonesia, Sri Lanka, Malaysia and Thailand – as it happened | South and central Asia | The Guardian from The Guardian
2025-12-02 11:43:54,355 - INFO - [BBC] Article: https://www.bbc.com/news/articles/cz0n1rm95yxo?at_medium=RSS&at_campaign=rss
2025-12-02 11:43:54,356 - INFO - [BBC] Attempt 1/1: Trying with 'requests_browser' strategy...
2025-12-02 11:43:54,397 - INFO - [BBC] Success with 'requests_browser'. Found content (254 words).
2025-12-02 11:43:54,453 - INFO - Duplicate article skipped: Peru landslide: 12 killed after two boats hit in Amazon rainforest from BBC
2025-12-02 11:43:54,970 - INFO - [The Hindu] Page content loaded.
2025-12-02 11:43:55,119 - INFO - [The Hindu] Success with 'selenium_browser'. Found content (308 words).
2025-12-02 11:43:55,273 - INFO - [The Guardian] Article: https://www.theguardian.com/australia-news/2025/dec/02/australian-children-moving-to-new-social-app-lemon8-but-owner-expected-to-restrict-users-to-over-16s
2025-12-02 11:43:55,273 - INFO - [The Guardian] Attempt 1/1: Trying with 'requests_browser' strategy...
2025-12-02 11:43:55,805 - INFO - [The Guardian] Success with 'requests_browser'. Found content (643 words).
2025-12-02 11:43:55,827 - INFO - [BBC] Article: https://www.bbc.com/news/articles/c79x8285n29o?at_medium=RSS&at_campaign=rss
2025-12-02 11:43:55,838 - INFO - [BBC] Attempt 1/1: Trying with 'requests_browser' strategy...
2025-12-02 11:43:55,914 - INFO - [BBC] Success with 'requests_browser'. Found content (439 words).
2025-12-02 11:43:58,629 - INFO - [Times of India] Page content loaded.
2025-12-02 11:43:58,995 - INFO - [Times of India] Success with 'selenium_browser'. Found content (421 words).
2025-12-02 11:44:07,652 - INFO - Saved article: Kerala and Tamil Nadu join forces to mine mineral sand - The Hindu from The Hindu
2025-12-02 11:44:07,653 - INFO - Duplicate article skipped: Australian children moving to new social app Lemon8 but owner expected to restrict users to over-16s | Social media ban | The Guardian from The Guardian
2025-12-02 11:44:07,653 - INFO - Duplicate article skipped: Nigeria's kidnap crisis: Pastor abducted in Kogi state and a bride in Sokoto from BBC
2025-12-02 11:44:08,186 - INFO - [The Hindu] Article: https://www.thehindu.com/news/national/kerala/keralas-push-for-extension-of-enumeration-phase-of-sir-is-just-fair-needs-deep-consideration-by-eci-sc/article70349002.ece
2025-12-02 11:44:08,186 - INFO - [The Hindu] Attempt 1/1: Trying with 'selenium_browser' strategy...
2025-12-02 11:44:09,068 - INFO - [BBC] Article: https://www.bbc.com/news/articles/c7vmn61l75ro?at_medium=RSS&at_campaign=rss
2025-12-02 11:44:09,068 - INFO - [BBC] Attempt 1/1: Trying with 'requests_browser' strategy...
2025-12-02 11:44:09,087 - INFO - [The Guardian] Article: https://www.theguardian.com/australia-news/2025/dec/02/sea-world-helicopter-crash-pilot-seen-taking-cocaine-the-night-before-inquest-told
2025-12-02 11:44:09,087 - INFO - [The Guardian] Attempt 1/1: Trying with 'requests_browser' strategy...
2025-12-02 11:44:09,157 - INFO - [BBC] Success with 'requests_browser'. Found content (413 words).
2025-12-02 11:44:09,219 - INFO - [The Guardian] Success with 'requests_browser'. Found content (516 words).
2025-12-02 11:44:10,173 - INFO - [The Hindu] Page content loaded.
2025-12-02 11:44:10,322 - INFO - [The Hindu] Success with 'selenium_browser'. Found content (546 words).
2025-12-02 11:44:20,857 - INFO - Saved article: UAE: Ajman breaks Guinness World Record with epic National Day Tribute | World News - The Times of India from Times of India
2025-12-02 11:44:20,857 - INFO - Duplicate article skipped: Trump releases fraudster executive days into prison sentence from BBC
2025-12-02 11:44:20,857 - INFO - Duplicate article skipped: Sea World helicopter crash pilot seen taking cocaine the night before, inquest told | Queensland | The Guardian from The Guardian
2025-12-02 11:44:21,601 - INFO - [Times of India] Article: https://timesofindia.indiatimes.com/world/middle-east/kuwait-to-ban-commercial-import-of-dogs-and-cats-what-it-means-for-pet-owners-and-neighbours/articleshow/125712282.cms
2025-12-02 11:44:21,601 - INFO - [Times of India] Attempt 1/1: Trying with 'selenium_browser' strategy...
2025-12-02 11:44:21,900 - INFO - [The Guardian] Article: https://www.theguardian.com/australia-news/2025/dec/02/man-dies-bushfire-western-australian-farmer-ravensthorpe
2025-12-02 11:44:21,900 - INFO - [The Guardian] Attempt 1/1: Trying with 'requests_browser' strategy...
2025-12-02 11:44:21,948 - INFO - [The Guardian] Success with 'requests_browser'. Found content (255 words).
2025-12-02 11:44:22,290 - INFO - [BBC] Article: https://www.bbc.com/news/articles/c5yd91y2250o?at_medium=RSS&at_campaign=rss
2025-12-02 11:44:22,290 - INFO - [BBC] Attempt 1/1: Trying with 'requests_browser' strategy...
2025-12-02 11:44:22,375 - INFO - [BBC] Success with 'requests_browser'. Found content (799 words).
2025-12-02 11:44:22,949 - INFO - [Times of India] Page content loaded.
2025-12-02 11:44:23,209 - INFO - [Times of India] Success with 'selenium_browser'. Found content (583 words).
2025-12-02 11:44:34,869 - INFO - DEDUPLICATION: Found match (Score: 0.71). Linking to Cluster ID: 5a4f20c9-2a04-4b16-a6c6-6849cdf8fc55
2025-12-02 11:44:34,871 - INFO - Saved article: Kerala’s push for extension of enumeration phase of SIR is ‘just, fair’; needs ‘deep consideration’ by ECI: SC - The Hindu from The Hindu
2025-12-02 11:44:34,872 - INFO - Duplicate article skipped: Western Australian farmer dies trying to protect property from fast-moving bushfire | Western Australia | The Guardian from The Guardian
2025-12-02 11:44:34,872 - INFO - Duplicate article skipped: Nonkululeko Mantula: South African radio presenter among five charged over Russia recruitment plot from BBC
2025-12-02 11:44:34,872 - INFO - Duplicate article skipped: Kuwait to ban commercial import of dogs and cats — what it means for pet owners and neighbours | World News - The Times of India from Times of India
2025-12-02 11:44:35,672 - INFO - [BBC] Article: https://www.bbc.com/news/articles/cj38xm5nmd7o?at_medium=RSS&at_campaign=rss
2025-12-02 11:44:35,673 - INFO - [BBC] Attempt 1/1: Trying with 'requests_browser' strategy...
2025-12-02 11:44:36,088 - INFO - [The Hindu] Article: https://www.thehindu.com/news/national/tamil-nadu/tnstc-bus-rams-into-house-in-tiruvannamalai/article70348674.ece
2025-12-02 11:44:36,088 - INFO - [The Hindu] Attempt 1/1: Trying with 'selenium_browser' strategy...
2025-12-02 11:44:36,126 - INFO - [BBC] Success with 'requests_browser'. Found content (1138 words).
2025-12-02 11:44:36,158 - INFO - [The Guardian] Article: https://www.theguardian.com/australia-news/2025/dec/02/problematic-precedent-expert-says-australia-could-be-next-as-uk-agrees-to-pay-25-more-for-new-us-medicines
2025-12-02 11:44:36,163 - INFO - [The Guardian] Attempt 1/1: Trying with 'requests_browser' strategy...
2025-12-02 11:44:36,183 - INFO - Duplicate article skipped: Tulip Siddiq MP says Bangladesh jail sentence is 'deeply unfair' from BBC
2025-12-02 11:44:36,191 - INFO - [Times of India] Article: https://timesofindia.indiatimes.com/world/middle-east/uae-president-mohamed-bin-zayed-net-worth-and-wealth-in-2025/articleshow/125714887.cms
2025-12-02 11:44:36,191 - INFO - [Times of India] Attempt 1/1: Trying with 'selenium_browser' strategy...
2025-12-02 11:44:36,219 - INFO - [The Guardian] Success with 'requests_browser'. Found content (684 words).
2025-12-02 11:44:36,271 - INFO - Duplicate article skipped: ‘Problematic precedent’: expert says Australia could be next as UK agrees to pay 25% more for new US medicines | Health | The Guardian from The Guardian
2025-12-02 11:44:36,802 - INFO - [The Guardian] Article: https://www.theguardian.com/media/2025/dec/02/mary-kostakidis-racial-discrimination-claim-court-documents-ntwnfb
2025-12-02 11:44:36,802 - INFO - [The Guardian] Attempt 1/1: Trying with 'requests_browser' strategy...
2025-12-02 11:44:36,875 - INFO - [The Guardian] Success with 'requests_browser'. Found content (601 words).
2025-12-02 11:44:36,983 - INFO - [BBC] Article: https://www.bbc.com/news/articles/cj01q6p7ndlo?at_medium=RSS&at_campaign=rss
2025-12-02 11:44:36,983 - INFO - [BBC] Attempt 1/1: Trying with 'requests_browser' strategy...
2025-12-02 11:44:36,985 - INFO - Duplicate article skipped: Racial discrimination claim part of ‘deliberate campaign to discredit’ Mary Kostakidis, court documents allege | Australian media | The Guardian from The Guardian
2025-12-02 11:44:37,238 - INFO - [BBC] Success with 'requests_browser'. Found content (409 words).
2025-12-02 11:44:37,327 - INFO - Duplicate article skipped: South Korea police say 120,000 home cameras hacked for 'sexploitation' footage from BBC
2025-12-02 11:44:38,263 - INFO - [Times of India] Page content loaded.
2025-12-02 11:44:38,566 - INFO - [Times of India] Success with 'selenium_browser'. Found content (601 words).
2025-12-02 11:44:38,626 - INFO - [BBC] Article: https://www.bbc.com/news/articles/c997n2zlegzo?at_medium=RSS&at_campaign=rss
2025-12-02 11:44:38,626 - INFO - [BBC] Attempt 1/1: Trying with 'requests_browser' strategy...
2025-12-02 11:44:38,656 - INFO - Duplicate article skipped: UAE President Mohamed bin Zayed – Net worth and wealth in 2025 | World News - The Times of India from Times of India
2025-12-02 11:44:38,764 - INFO - [BBC] Success with 'requests_browser'. Found content (653 words).
2025-12-02 11:44:38,876 - INFO - Duplicate article skipped: One Piece: Japanese singer Maki Otsuki stopped mid-show after China row from BBC
2025-12-02 11:44:39,687 - INFO - [Times of India] Article: https://timesofindia.indiatimes.com/world/middle-east/us-approves-1-4-billion-in-military-sales-to-saudi-arabia-and-bahrain-strengthening-gulf-defence-ties/articleshow/125714708.cms
2025-12-02 11:44:39,687 - INFO - [Times of India] Attempt 1/1: Trying with 'selenium_browser' strategy...
2025-12-02 11:44:40,178 - INFO - [BBC] Article: https://www.bbc.com/news/articles/c075zd0j2j3o?at_medium=RSS&at_campaign=rss
2025-12-02 11:44:40,178 - INFO - [BBC] Attempt 1/1: Trying with 'requests_browser' strategy...
2025-12-02 11:44:40,230 - INFO - [The Hindu] Page content loaded.
2025-12-02 11:44:40,331 - INFO - [The Hindu] Success with 'selenium_browser'. Found content (239 words).
2025-12-02 11:44:40,479 - INFO - [BBC] Success with 'requests_browser'. Found content (316 words).
2025-12-02 11:44:40,599 - INFO - Duplicate article skipped: TNSTC bus rams into house in Tiruvannamalai - The Hindu from The Hindu
2025-12-02 11:44:40,626 - INFO - Duplicate article skipped: Couple accused of cheating with spycam to win A$1.2m in Australian casino from BBC
2025-12-02 11:44:41,306 - INFO - [Times of India] Page content loaded.
2025-12-02 11:44:41,446 - INFO - [Times of India] Success with 'selenium_browser'. Found content (597 words).
2025-12-02 11:44:41,539 - INFO - Duplicate article skipped: US approves $1.4 Billion in military sales to Saudi Arabia and Bahrain, strengthening Gulf defence ties | World News - The Times of India from Times of India
2025-12-02 11:44:42,054 - INFO - [The Hindu] Article: https://www.thehindu.com/news/national/new-complex-housing-pmo-to-be-called-seva-teerth/article70349067.ece
2025-12-02 11:44:42,054 - INFO - [The Hindu] Attempt 1/1: Trying with 'selenium_browser' strategy...
2025-12-02 11:44:42,535 - INFO - [Times of India] Article: https://timesofindia.indiatimes.com/world/rest-of-world/no-phones-no-smartwatches-singapore-tightens-school-rules-devices-to-be-locked-away-from-2026/articleshow/125710932.cms
2025-12-02 11:44:42,536 - INFO - [Times of India] Attempt 1/1: Trying with 'selenium_browser' strategy...
2025-12-02 11:44:43,351 - INFO - [The Hindu] Page content loaded.
2025-12-02 11:44:43,425 - INFO - [The Hindu] Success with 'selenium_browser'. Found content (319 words).
2025-12-02 11:44:43,553 - INFO - Duplicate article skipped: New complex housing PMO to be called ‘Seva Teerth’ - The Hindu from The Hindu
2025-12-02 11:44:44,099 - INFO - [Times of India] Page content loaded.
2025-12-02 11:44:44,570 - INFO - [Times of India] Success with 'selenium_browser'. Found content (267 words).
2025-12-02 11:44:44,740 - INFO - Duplicate article skipped: No phones, no smartwatches: Singapore tightens school rules; devices to be locked away from 2026 - The Times of India from Times of India
2025-12-02 11:44:44,776 - INFO - [The Hindu] Article: https://www.thehindu.com/news/national/tamil-nadu/woraiyur-cotton-sari-kavindapadi-nattu-sakkarai-namakkal-kalchatti-thooyamalli-rice-ambasamudram-choppu-saman-get-gi-tags/article70348654.ece
2025-12-02 11:44:44,776 - INFO - [The Hindu] Attempt 1/1: Trying with 'selenium_browser' strategy...
2025-12-02 11:44:45,700 - INFO - [Times of India] Article: https://timesofindia.indiatimes.com/world/us/north-carolina-fire-raleigh-convention-center-engulfed-in-massive-blaze-watch/articleshow/125711556.cms
2025-12-02 11:44:45,700 - INFO - [Times of India] Attempt 1/1: Trying with 'selenium_browser' strategy...
2025-12-02 11:44:46,340 - INFO - [The Hindu] Page content loaded.
2025-12-02 11:44:46,467 - INFO - [The Hindu] Success with 'selenium_browser'. Found content (402 words).
2025-12-02 11:44:46,571 - INFO - Duplicate article skipped: Woraiyur cotton sari, Kavindapadi nattu sakkarai, Namakkal soapstone cookware among five T.N. products to get GI tags - The Hindu from The Hindu
2025-12-02 11:44:47,402 - INFO - [The Hindu] Article: https://www.thehindu.com/news/cities/Hyderabad/st-francis-college-signs-mou-with-tg-heritage-department/article70349012.ece
2025-12-02 11:44:47,402 - INFO - [The Hindu] Attempt 1/1: Trying with 'selenium_browser' strategy...
2025-12-02 11:44:48,405 - INFO - [Times of India] Page content loaded.
2025-12-02 11:44:48,619 - INFO - [Times of India] Success with 'selenium_browser'. Found content (284 words).
2025-12-02 11:44:49,061 - INFO - Duplicate article skipped: North Carolina fire: Raleigh convention center engulfed in massive blaze - watch - The Times of India from Times of India
2025-12-02 11:44:49,631 - INFO - [Times of India] Article: https://timesofindia.indiatimes.com/world/us/nikhil-kamath-podcast-decoding-the-elon-musk-family-tree-with-14-kids-4-baby-mamas/articleshow/125709065.cms
2025-12-02 11:44:49,631 - INFO - [Times of India] Attempt 1/1: Trying with 'selenium_browser' strategy...
2025-12-02 11:44:50,870 - INFO - [The Hindu] Page content loaded.
2025-12-02 11:44:51,142 - INFO - [The Hindu] Success with 'selenium_browser'. Found content (116 words).
2025-12-02 11:44:51,234 - INFO - Duplicate article skipped: St. Francis College signs MoU with TG Heritage department - The Hindu from The Hindu
2025-12-02 11:44:51,316 - INFO - [Times of India] Page content loaded.
2025-12-02 11:44:51,482 - INFO - [Times of India] Success with 'selenium_browser'. Found content (821 words).
2025-12-02 11:44:51,563 - INFO - Duplicate article skipped: Nikhil Kamath podcast: Decoding the Elon Musk family tree with 14 kids, 4 baby mamas | World News - The Times of India from Times of India
2025-12-02 11:44:52,192 - INFO - [Times of India] Article: https://timesofindia.indiatimes.com/world/us/cruel-inhumane-zohran-mamdani-slams-ice-raids-reveals-what-he-told-trump-when-he-met-him/articleshow/125708854.cms
2025-12-02 11:44:52,192 - INFO - [Times of India] Attempt 1/1: Trying with 'selenium_browser' strategy...
2025-12-02 11:44:52,210 - INFO - [The Hindu] Article: https://www.thehindu.com/news/national/military-presence-in-lakshadweep-to-go-up-with-new-naval-detachment-on-bitra-and-air-force-expansion-vice-admiral-sameer-saxena/article70348966.ece
2025-12-02 11:44:52,210 - INFO - [The Hindu] Attempt 1/1: Trying with 'selenium_browser' strategy...
2025-12-02 11:44:54,110 - INFO - [Times of India] Page content loaded.
2025-12-02 11:44:54,277 - INFO - [Times of India] Success with 'selenium_browser'. Found content (366 words).
2025-12-02 11:44:54,443 - INFO - Duplicate article skipped: ‘Cruel, inhumane’: Zohran Mamdani slams ICE raids; reveals what he told Trump when he met him - The Times of India from Times of India
2025-12-02 11:44:55,033 - INFO - [Times of India] Article: https://timesofindia.indiatimes.com/world/us/caribbean-strikes-white-house-contradicts-trump-amid-scrutiny-defends-admiral-behind-follow-up-hit/articleshow/125706920.cms
2025-12-02 11:44:55,033 - INFO - [Times of India] Attempt 1/1: Trying with 'selenium_browser' strategy...
2025-12-02 11:44:56,190 - INFO - [Times of India] Page content loaded.
2025-12-02 11:44:56,376 - INFO - [Times of India] Success with 'selenium_browser'. Found content (457 words).
2025-12-02 11:44:56,448 - INFO - Duplicate article skipped: Caribbean strikes: White House contradicts Trump amid scrutiny; defends Admiral behind follow up hit - The Times of India from Times of India
2025-12-02 11:44:57,372 - INFO - [Times of India] Article: https://timesofindia.indiatimes.com/world/us/looks-like-the-ceo-shooter-911-call-by-mcdonalds-worker-played-during-luigi-mangione-hearing/articleshow/125707292.cms
2025-12-02 11:44:57,372 - INFO - [Times of India] Attempt 1/1: Trying with 'selenium_browser' strategy...
2025-12-02 11:44:58,456 - INFO - [Times of India] Page content loaded.
2025-12-02 11:44:58,571 - INFO - [Times of India] Success with 'selenium_browser'. Found content (338 words).
2025-12-02 11:44:58,634 - INFO - Duplicate article skipped: ‘Looks like the CEO shooter’: 911 call by McDonald's worker played during Luigi Mangione hearing - The Times of India from Times of India
2025-12-02 11:45:00,021 - INFO - [Times of India] Article: https://timesofindia.indiatimes.com/world/us/tim-walz-accused-in-1bn-massive-fraud-minnesota-tax-used-for-terrorism-probe-launched/articleshow/125706998.cms
2025-12-02 11:45:00,021 - INFO - [Times of India] Attempt 1/1: Trying with 'selenium_browser' strategy...
2025-12-02 11:45:01,407 - INFO - [Times of India] Page content loaded.
2025-12-02 11:45:01,546 - INFO - [Times of India] Success with 'selenium_browser'. Found content (460 words).
2025-12-02 11:45:01,619 - INFO - Duplicate article skipped: Tim Walz accused in $1bn ‘massive fraud’: Minnesota tax used for terrorism? Probe launched - The Times of India from Times of India
2025-12-02 11:45:02,257 - INFO - [Times of India] Article: https://timesofindia.indiatimes.com/world/middle-east/saudi-arabia-and-russia-forge-historic-agreement-allowing-citizens-90-day-visa-free-visits/articleshow/125710976.cms
2025-12-02 11:45:02,257 - INFO - [Times of India] Attempt 1/1: Trying with 'selenium_browser' strategy...
2025-12-02 11:45:03,422 - INFO - [Times of India] Page content loaded.
2025-12-02 11:45:03,551 - INFO - [Times of India] Success with 'selenium_browser'. Found content (437 words).
2025-12-02 11:45:03,608 - INFO - Duplicate article skipped: Saudi Arabia and Russia forge historic agreement allowing citizens 90 day visa free visits | World News - The Times of India from Times of India
2025-12-02 11:45:05,002 - INFO - [Times of India] Article: https://timesofindia.indiatimes.com/world/middle-east/23-year-old-saudi-student-praised-for-bravely-stopping-attempted-rape-in-sunderland-uk-attacker-sentenced/articleshow/125710462.cms
2025-12-02 11:45:05,003 - INFO - [Times of India] Attempt 1/1: Trying with 'selenium_browser' strategy...
2025-12-02 11:45:06,576 - INFO - [Times of India] Page content loaded.
2025-12-02 11:45:06,718 - INFO - [Times of India] Success with 'selenium_browser'. Found content (478 words).
2025-12-02 11:45:06,805 - INFO - Duplicate article skipped: 23 year old Saudi student praised for bravely stopping attempted rape in Sunderland (UK), attacker sentenced | World News - The Times of India from Times of India
2025-12-02 11:45:08,061 - INFO - [Times of India] Article: https://timesofindia.indiatimes.com/world/south-asia/bangladesh-bnp-hails-pm-modis-concern-for-critical-khaleda-zia-terms-it-a-gesture-of-goodwill/articleshow/125710466.cms
2025-12-02 11:45:08,062 - INFO - [Times of India] Attempt 1/1: Trying with 'selenium_browser' strategy...
2025-12-02 11:45:09,987 - INFO - [Times of India] Page content loaded.
2025-12-02 11:45:10,095 - INFO - [Times of India] Success with 'selenium_browser'. Found content (368 words).
2025-12-02 11:45:10,174 - INFO - Duplicate article skipped: Bangladesh: BNP hails PM Modi's concern for critical Khaleda Zia; terms it a 'gesture of goodwill' - The Times of India from Times of India
2025-12-02 11:45:10,900 - INFO - [Times of India] Article: https://timesofindia.indiatimes.com/world/middle-east/uae-invites-all-residents-to-sing-the-national-anthem-together-on-2-december/articleshow/125709847.cms
2025-12-02 11:45:10,900 - INFO - [Times of India] Attempt 1/1: Trying with 'selenium_browser' strategy...
2025-12-02 11:45:12,023 - INFO - [Times of India] Page content loaded.
2025-12-02 11:45:12,209 - INFO - [Times of India] Success with 'selenium_browser'. Found content (425 words).
2025-12-02 11:45:12,285 - INFO - Duplicate article skipped: UAE invites all residents to sing the National Anthem together on 2 December | World News - The Times of India from Times of India
2025-12-02 11:45:13,292 - INFO - [Times of India] Article: https://timesofindia.indiatimes.com/world/us/not-voice-of-genz-nalin-haley-on-becoming-popular-denies-discussing-politics-with-mother-nikki/articleshow/125697308.cms
2025-12-02 11:45:13,292 - INFO - [Times of India] Attempt 1/1: Trying with 'selenium_browser' strategy...
2025-12-02 11:45:14,711 - INFO - [Times of India] Page content loaded.
2025-12-02 11:45:14,876 - INFO - [Times of India] Success with 'selenium_browser'. Found content (528 words).
2025-12-02 11:45:14,979 - INFO - Duplicate article skipped: ‘Not voice of GenZ’: Nalin Haley on becoming popular; denies discussing politics with mother Nikki - The Times of India from Times of India
2025-12-02 11:45:16,081 - INFO - [Times of India] Article: https://timesofindia.indiatimes.com/world/us-streamers/florida-influencer-ethan-ladner-sparks-big-debate-after-tiktok-school-shooting-threat-leads-to-sudden-arrest/articleshow/125706296.cms
2025-12-02 11:45:16,081 - INFO - [Times of India] Attempt 1/1: Trying with 'selenium_browser' strategy...
2025-12-02 11:45:17,787 - INFO - [Times of India] Page content loaded.
2025-12-02 11:45:17,954 - INFO - [Times of India] Success with 'selenium_browser'. Found content (404 words).
2025-12-02 11:45:18,049 - INFO - Duplicate article skipped: Florida influencer Ethan Ladner sparks big debate after TikTok school shooting threat leads to sudden arrest - The Times of India from Times of India
2025-12-02 11:45:18,719 - INFO - [Times of India] Article: https://timesofindia.indiatimes.com/world/us-streamers/does-candace-owens-have-facts-to-support-her-emmanuel-macron-and-charlie-kirk-claim-french-officials-highlight-fresh-doubts/articleshow/125706535.cms
2025-12-02 11:45:18,720 - INFO - [Times of India] Attempt 1/1: Trying with 'selenium_browser' strategy...
2025-12-02 11:45:20,063 - INFO - [Times of India] Page content loaded.
2025-12-02 11:45:20,273 - INFO - [Times of India] Success with 'selenium_browser'. Found content (433 words).
2025-12-02 11:45:20,514 - INFO - Duplicate article skipped: Does Candace Owens have facts to support her Emmanuel Macron and Charlie Kirk claim? French officials highlight fresh doubts - The Times of India from Times of India
2025-12-02 11:45:21,592 - INFO - [Times of India] Article: https://timesofindia.indiatimes.com/world/us-streamers/gambling-streamer-subo-assaulted-live-on-stream-by-mma-fighter-shovkhal-churchaev/articleshow/125704173.cms
2025-12-02 11:45:21,592 - INFO - [Times of India] Attempt 1/1: Trying with 'selenium_browser' strategy...
2025-12-02 11:45:23,294 - INFO - [Times of India] Page content loaded.
2025-12-02 11:45:23,466 - INFO - [Times of India] Success with 'selenium_browser'. Found content (378 words).
2025-12-02 11:45:23,566 - INFO - Duplicate article skipped: Gambling streamer Subo assaulted live on stream by MMA fighter Shovkhal Churchaev - The Times of India from Times of India
2025-12-02 11:45:24,594 - INFO - [Times of India] Article: https://timesofindia.indiatimes.com/world/us/excellent-overall-health-white-house-releases-donald-trumps-mri-exam-amid-speculations/articleshow/125703794.cms
2025-12-02 11:45:24,594 - INFO - [Times of India] Attempt 1/1: Trying with 'selenium_browser' strategy...
2025-12-02 11:45:25,838 - INFO - [Times of India] Page content loaded.
2025-12-02 11:45:25,945 - INFO - [Times of India] Success with 'selenium_browser'. Found content (281 words).
2025-12-02 11:45:26,008 - INFO - Duplicate article skipped: 'Excellent overall health': White House releases Donald Trump's MRI exam amid speculations - The Times of India from Times of India
2025-12-02 11:45:26,873 - INFO - [Times of India] (Thread) Finished. Attempting to shut down its Selenium driver.
2025-12-02 11:45:27,172 - INFO - [Times of India] (Thread) driver.quit() successful.
2025-12-02 11:46:52,309 - ERROR - [The Hindu] Request failed for strategy 'selenium_browser' on URL https://www.thehindu.com/news/national/military-presence-in-lakshadweep-to-go-up-with-new-naval-detachment-on-bitra-and-air-force-expansion-vice-admiral-sameer-saxena/article70348966.ece: HTTPConnectionPool(host='localhost', port=58971): Read timed out. (read timeout=120)
2025-12-02 11:46:52,309 - ERROR - [The Hindu] All scrape strategies failed for https://www.thehindu.com/news/national/military-presence-in-lakshadweep-to-go-up-with-new-naval-detachment-on-bitra-and-air-force-expansion-vice-admiral-sameer-saxena/article70348966.ece. Falling back to RSS description.
2025-12-02 11:46:52,309 - INFO - Duplicate article skipped: Military presence in Lakshadweep to go up with new naval detachment on Bitra: Vice Admiral Sameer Saxena from The Hindu
2025-12-02 11:46:53,076 - INFO - [The Hindu] Article: https://www.thehindu.com/news/national/andhra-pradesh/transport-wing-employees-union-demands-restoration-of-pre-merger-medical-facilities-for-retired-employees/article70348878.ece
2025-12-02 11:46:53,076 - INFO - [The Hindu] Attempt 1/1: Trying with 'selenium_browser' strategy...
2025-12-02 11:48:23,155 - CRITICAL - --- TIMEOUT: 1 scrape jobs did not complete in 300s. ---
2025-12-02 11:48:23,155 - ERROR - A thread has timed out and will be abandoned.
2025-12-02 11:48:23,155 - INFO - Shutting down thread pool (wait=False)...
2025-12-02 11:48:23,155 - INFO - Scraped: 0 BBC, 1 Times of India, 0 The Guardian, 1 Timed_Out_Jobs articles. (Total saved: 1)
2025-12-02 11:48:23,155 - INFO - --- Scraping job finished ---
2025-12-02 11:48:23,155 - INFO - --- Scraper service stopped and database connection closed. ---
2025-12-02 11:48:23,155 - INFO - --- Main thread finished. Forcing process exit to kill zombie threads. ---
