2025-12-01 20:42:44,005 - INFO - Loading AI Semantic Model (all-MiniLM-L6-v2)...
2025-12-01 20:42:44,006 - INFO - Use pytorch device_name: cpu
2025-12-01 20:42:44,006 - INFO - Load pretrained SentenceTransformer: all-MiniLM-L6-v2
2025-12-01 20:42:44,788 - INFO - AI Model loaded successfully.
2025-12-01 20:42:44,788 - INFO - Initializing database connection at: news_articles.db
2025-12-01 20:42:44,788 - INFO - --- Scraper service started (CI Mode: Run Once) ---
2025-12-01 20:42:44,788 - INFO - --- Starting new scraping job (Parallel Mode) ---
2025-12-01 20:42:44,788 - INFO - Creating new robust session with 3 retries on 5xx/connection/read errors.
2025-12-01 20:42:44,788 - INFO - Proxy is DISABLED.
2025-12-01 20:42:44,789 - INFO - Starting scrape for BBC RSS feed: http://feeds.bbci.co.uk/news/world/rss.xml
2025-12-01 20:42:44,790 - INFO - [Times of India] (Thread) requires Selenium. Initializing driver...
2025-12-01 20:42:44,790 - INFO - Initializing headless Selenium Chrome driver (using SeleniumManager)...
2025-12-01 20:42:44,790 - INFO - Starting scrape for The Guardian RSS feed: https://www.theguardian.com/world/rss
2025-12-01 20:42:44,792 - INFO - [The Hindu] (Thread) requires Selenium. Initializing driver...
2025-12-01 20:42:44,792 - INFO - Initializing headless Selenium Chrome driver (using SeleniumManager)...
2025-12-01 20:42:44,792 - INFO - Submitted 4 jobs to thread pool. Waiting up to 300s for completion...
2025-12-01 20:42:44,866 - INFO - Found 45 articles in The Guardian RSS feed. Processing up to 20.
2025-12-01 20:42:44,866 - INFO - [The Guardian] Article: https://www.theguardian.com/world/2025/dec/01/south-africans-court-alleged-recruitment-russia-war-ukraine
2025-12-01 20:42:44,866 - INFO - [The Guardian] Attempt 1/1: Trying with 'requests_browser' strategy...
2025-12-01 20:42:44,900 - INFO - [The Guardian] Success with 'requests_browser'. Found content (506 words).
2025-12-01 20:42:44,948 - INFO - Duplicate article skipped: Five South Africans in court over alleged recruitment for Russia’s war in Ukraine | South Africa | The Guardian from The Guardian
2025-12-01 20:42:45,170 - INFO - Found 41 articles in BBC RSS feed. Processing up to 20.
2025-12-01 20:42:45,171 - INFO - [BBC] Article: https://www.bbc.com/news/articles/c1m8nmx75evo?at_medium=RSS&at_campaign=rss
2025-12-01 20:42:45,171 - INFO - [BBC] Attempt 1/1: Trying with 'requests_browser' strategy...
2025-12-01 20:42:45,375 - INFO - [BBC] Success with 'requests_browser'. Found content (823 words).
2025-12-01 20:42:45,416 - INFO - Duplicate article skipped: Zelensky says Ukraine territory 'most difficult' issue, as US envoy prepares to meet Putin from BBC
2025-12-01 20:42:45,622 - INFO - [The Guardian] Article: https://www.theguardian.com/global-development/2025/dec/01/global-health-hiv-aids-funding-cuts-infections-prevention
2025-12-01 20:42:45,622 - INFO - [The Guardian] Attempt 1/1: Trying with 'requests_browser' strategy...
2025-12-01 20:42:45,652 - INFO - [The Guardian] Success with 'requests_browser'. Found content (674 words).
2025-12-01 20:42:45,690 - INFO - Duplicate article skipped: Aid cuts have shaken HIV/Aids care to its core – and will mean millions more infections ahead | Global health | The Guardian from The Guardian
2025-12-01 20:42:46,142 - INFO - [BBC] Article: https://www.bbc.com/news/articles/cewjg272dq9o?at_medium=RSS&at_campaign=rss
2025-12-01 20:42:46,143 - INFO - [BBC] Attempt 1/1: Trying with 'requests_browser' strategy...
2025-12-01 20:42:46,174 - INFO - [BBC] Success with 'requests_browser'. Found content (582 words).
2025-12-01 20:42:46,207 - INFO - Duplicate article skipped: Alina Habba: Appeals court disqualifies ex-Trump lawyer as New Jersey prosecutor from BBC
2025-12-01 20:42:46,640 - INFO - [The Guardian] Article: https://www.theguardian.com/world/2025/nov/30/african-leaders-push-for-recognition-of-colonial-crimes-and-reparations
2025-12-01 20:42:46,640 - INFO - [The Guardian] Attempt 1/1: Trying with 'requests_browser' strategy...
2025-12-01 20:42:46,668 - INFO - [The Guardian] Success with 'requests_browser'. Found content (670 words).
2025-12-01 20:42:46,712 - INFO - Duplicate article skipped: African leaders push for recognition of colonial crimes and reparations | Colonialism | The Guardian from The Guardian
2025-12-01 20:42:47,031 - INFO - [BBC] Article: https://www.bbc.com/news/articles/czrk7g50e1po?at_medium=RSS&at_campaign=rss
2025-12-01 20:42:47,031 - INFO - [BBC] Attempt 1/1: Trying with 'requests_browser' strategy...
2025-12-01 20:42:47,066 - INFO - [BBC] Success with 'requests_browser'. Found content (1693 words).
2025-12-01 20:42:47,253 - INFO - Duplicate article skipped: WW1 toxic compound sprayed on Georgian protesters, BBC evidence suggests from BBC
2025-12-01 20:42:47,624 - INFO - [The Guardian] Article: https://www.theguardian.com/world/2025/nov/28/jacob-zuma-daughter-resigns-claims-south-africans-tricked-fight-russia
2025-12-01 20:42:47,624 - INFO - [The Guardian] Attempt 1/1: Trying with 'requests_browser' strategy...
2025-12-01 20:42:47,647 - INFO - [The Guardian] Success with 'requests_browser'. Found content (753 words).
2025-12-01 20:42:47,683 - INFO - Duplicate article skipped: Jacob Zuma’s daughter resigns amid claims South Africans tricked to fight for Russia | South Africa | The Guardian from The Guardian
2025-12-01 20:42:48,416 - INFO - [BBC] Article: https://www.bbc.com/news/articles/ckg9204y4w5o?at_medium=RSS&at_campaign=rss
2025-12-01 20:42:48,416 - INFO - [BBC] Attempt 1/1: Trying with 'requests_browser' strategy...
2025-12-01 20:42:48,449 - INFO - [BBC] Success with 'requests_browser'. Found content (682 words).
2025-12-01 20:42:48,488 - INFO - Duplicate article skipped: Anicet Ekane: Cameroon opposition firebrand dies in detention aged 74 from BBC
2025-12-01 20:42:48,992 - INFO - [The Guardian] Article: https://www.theguardian.com/environment/2025/nov/28/africa-forests-transformed-carbon-sink-carbon-source-study
2025-12-01 20:42:48,992 - INFO - [The Guardian] Attempt 1/1: Trying with 'requests_browser' strategy...
2025-12-01 20:42:49,018 - INFO - [The Guardian] Success with 'requests_browser'. Found content (458 words).
2025-12-01 20:42:49,064 - INFO - [BBC] Article: https://www.bbc.com/news/articles/cx2dgp8mvmno?at_medium=RSS&at_campaign=rss
2025-12-01 20:42:49,064 - INFO - [BBC] Attempt 1/1: Trying with 'requests_browser' strategy...
2025-12-01 20:42:49,069 - INFO - Duplicate article skipped: Africa’s forests transformed from carbon sink to carbon source, study finds | Climate crisis | The Guardian from The Guardian
2025-12-01 20:42:49,115 - INFO - [BBC] Success with 'requests_browser'. Found content (775 words).
2025-12-01 20:42:49,153 - INFO - Duplicate article skipped: Honduras election on a knife edge as Trump-backed man slightly ahead from BBC
2025-12-01 20:42:50,101 - INFO - [The Guardian] Article: https://www.theguardian.com/us-news/live/2025/dec/01/donald-trump-pete-hegseth-caribbean-boats-venezuela-immigration-us-politics-latest-news-updates
2025-12-01 20:42:50,102 - INFO - [The Guardian] Attempt 1/1: Trying with 'requests_browser' strategy...
2025-12-01 20:42:50,335 - INFO - [The Guardian] Success with 'requests_browser'. Found content (3687 words).
2025-12-01 20:42:50,347 - INFO - [BBC] Article: https://www.bbc.com/news/articles/c4g4enlp6kzo?at_medium=RSS&at_campaign=rss
2025-12-01 20:42:50,352 - INFO - [BBC] Attempt 1/1: Trying with 'requests_browser' strategy...
2025-12-01 20:42:50,436 - INFO - Duplicate article skipped: White House says second strike on vessel was legal and conducted in ‘self defense’ amid scrutiny – live | Trump administration | The Guardian from The Guardian
2025-12-01 20:42:50,456 - INFO - [BBC] Success with 'requests_browser'. Found content (870 words).
2025-12-01 20:42:50,495 - INFO - Duplicate article skipped: Indonesia floods death toll passes 500 from BBC
2025-12-01 20:42:51,440 - INFO - [BBC] Article: https://www.bbc.com/news/articles/c79x8285n29o?at_medium=RSS&at_campaign=rss
2025-12-01 20:42:51,440 - INFO - [BBC] Attempt 1/1: Trying with 'requests_browser' strategy...
2025-12-01 20:42:51,469 - INFO - [BBC] Success with 'requests_browser'. Found content (439 words).
2025-12-01 20:42:51,510 - INFO - Duplicate article skipped: Nigeria's kidnap crisis: Pastor abducted in Kogi state and a bride in Sokoto from BBC
2025-12-01 20:42:51,692 - INFO - [The Guardian] Article: https://www.theguardian.com/world/2025/dec/01/mexico-kill-drug-trafficker-el-pichon-pedro-inzunza-coronel
2025-12-01 20:42:51,692 - INFO - [The Guardian] Attempt 1/1: Trying with 'requests_browser' strategy...
2025-12-01 20:42:51,730 - INFO - [The Guardian] Success with 'requests_browser'. Found content (385 words).
2025-12-01 20:42:51,764 - INFO - Duplicate article skipped: Mexican authorities kill one of country’s top fentanyl traffickers | Mexico | The Guardian from The Guardian
2025-12-01 20:42:52,327 - INFO - [The Guardian] Article: https://www.theguardian.com/us-news/2025/dec/01/trump-pardon-juan-orlando-hernandez-honduras-former-president
2025-12-01 20:42:52,328 - INFO - [The Guardian] Attempt 1/1: Trying with 'requests_browser' strategy...
2025-12-01 20:42:52,343 - INFO - [BBC] Article: https://www.bbc.com/news/articles/cz0n1rm95yxo?at_medium=RSS&at_campaign=rss
2025-12-01 20:42:52,343 - INFO - [BBC] Attempt 1/1: Trying with 'requests_browser' strategy...
2025-12-01 20:42:52,355 - INFO - [The Guardian] Success with 'requests_browser'. Found content (938 words).
2025-12-01 20:42:52,392 - INFO - Duplicate article skipped: Trump’s pardon of Honduras’s ex-president shows counter-drug effort is ‘based on lies and hypocrisy’ | US foreign policy | The Guardian from The Guardian
2025-12-01 20:42:52,459 - INFO - [BBC] Success with 'requests_browser'. Found content (254 words).
2025-12-01 20:42:52,493 - INFO - Duplicate article skipped: Peru landslide: 12 killed after two boats hit in Amazon rainforest from BBC
2025-12-01 20:42:52,902 - INFO - [The Guardian] Article: https://www.theguardian.com/world/2025/dec/01/haiti-armed-gangs-attack-artibonite
2025-12-01 20:42:52,902 - INFO - [The Guardian] Attempt 1/1: Trying with 'requests_browser' strategy...
2025-12-01 20:42:52,930 - INFO - [The Guardian] Success with 'requests_browser'. Found content (629 words).
2025-12-01 20:42:52,976 - INFO - Duplicate article skipped: Hundreds flee central Haiti after gangs launch large-scale attacks and burn homes | Haiti | The Guardian from The Guardian
2025-12-01 20:42:53,348 - INFO - [BBC] Article: https://www.bbc.com/news/articles/c7vmn61l75ro?at_medium=RSS&at_campaign=rss
2025-12-01 20:42:53,348 - INFO - [BBC] Attempt 1/1: Trying with 'requests_browser' strategy...
2025-12-01 20:42:53,375 - INFO - [BBC] Success with 'requests_browser'. Found content (376 words).
2025-12-01 20:42:53,410 - INFO - Duplicate article skipped: Trump releases fraudster executive days into prison sentence from BBC
2025-12-01 20:42:54,141 - INFO - [BBC] Article: https://www.bbc.com/news/articles/cj38xm5nmd7o?at_medium=RSS&at_campaign=rss
2025-12-01 20:42:54,141 - INFO - [BBC] Attempt 1/1: Trying with 'requests_browser' strategy...
2025-12-01 20:42:54,170 - INFO - [BBC] Success with 'requests_browser'. Found content (1138 words).
2025-12-01 20:42:54,207 - INFO - [The Guardian] Article: https://www.theguardian.com/world/2025/dec/01/trump-maduro-ultimatum-relinquish-power-venezuela
2025-12-01 20:42:54,208 - INFO - [The Guardian] Attempt 1/1: Trying with 'requests_browser' strategy...
2025-12-01 20:42:54,209 - INFO - Duplicate article skipped: Tulip Siddiq MP says Bangladesh jail sentence is 'deeply unfair' from BBC
2025-12-01 20:42:54,228 - INFO - [The Guardian] Success with 'requests_browser'. Found content (498 words).
2025-12-01 20:42:54,261 - INFO - Duplicate article skipped: Trump reportedly gave Maduro ultimatum to relinquish power in Venezuela | Nicolás Maduro | The Guardian from The Guardian
2025-12-01 20:42:54,799 - INFO - [BBC] Article: https://www.bbc.com/news/articles/cp8zyp988zvo?at_medium=RSS&at_campaign=rss
2025-12-01 20:42:54,799 - INFO - [BBC] Attempt 1/1: Trying with 'requests_browser' strategy...
2025-12-01 20:42:54,836 - INFO - [BBC] Success with 'requests_browser'. Found content (847 words).
2025-12-01 20:42:54,873 - INFO - Duplicate article skipped: US lawmakers demand answers over Hegseth Venezuela boat strike reports from BBC
2025-12-01 20:42:55,587 - INFO - [The Guardian] Article: https://www.theguardian.com/world/2025/dec/01/asia-flood-sri-lanka-indonesia-deploy-military
2025-12-01 20:42:55,588 - INFO - [The Guardian] Attempt 1/1: Trying with 'requests_browser' strategy...
2025-12-01 20:42:55,618 - INFO - [The Guardian] Success with 'requests_browser'. Found content (759 words).
2025-12-01 20:42:55,673 - INFO - Duplicate article skipped: Sri Lanka and Indonesia deploy militaries as Asia floods death toll passes 1,100 | Asia Pacific | The Guardian from The Guardian
2025-12-01 20:42:56,343 - INFO - [BBC] Article: https://www.bbc.com/news/articles/cj01q6p7ndlo?at_medium=RSS&at_campaign=rss
2025-12-01 20:42:56,344 - INFO - [BBC] Attempt 1/1: Trying with 'requests_browser' strategy...
2025-12-01 20:42:56,371 - INFO - [BBC] Success with 'requests_browser'. Found content (409 words).
2025-12-01 20:42:56,631 - INFO - Duplicate article skipped: South Korea police say 120,000 home cameras hacked for 'sexploitation' footage from BBC
2025-12-01 20:42:56,848 - INFO - [The Guardian] Article: https://www.theguardian.com/world/live/2025/dec/01/death-toll-floods-indonesia-sri-lanka-malaysia-thailand-latest-updates-news-live
2025-12-01 20:42:56,848 - INFO - [The Guardian] Attempt 1/1: Trying with 'requests_browser' strategy...
2025-12-01 20:42:56,912 - INFO - [The Guardian] Success with 'requests_browser'. Found content (1015 words).
2025-12-01 20:42:56,982 - INFO - Duplicate article skipped: Death toll passes 1,100 in devastating floods across Indonesia, Sri Lanka, Malaysia and Thailand – as it happened | South and central Asia | The Guardian from The Guardian
2025-12-01 20:42:57,158 - INFO - Selenium driver initialized successfully.
2025-12-01 20:42:57,158 - INFO - Starting scrape for The Hindu RSS feed: https://www.thehindu.com/news/national/feeder/default.rss
2025-12-01 20:42:57,160 - INFO - Selenium driver initialized successfully.
2025-12-01 20:42:57,160 - INFO - Starting scrape for Times of India RSS feed: https://timesofindia.indiatimes.com/rssfeeds/296589292.cms
2025-12-01 20:42:57,275 - INFO - Found 20 articles in Times of India RSS feed. Processing up to 20.
2025-12-01 20:42:57,275 - INFO - [Times of India] Article: https://timesofindia.indiatimes.com/world/us/excellent-overall-health-white-house-releases-donald-trumps-mri-exam-amid-speculations/articleshow/125703794.cms
2025-12-01 20:42:57,275 - INFO - [Times of India] Attempt 1/1: Trying with 'selenium_browser' strategy...
2025-12-01 20:42:57,462 - INFO - Found 100 articles in The Hindu RSS feed. Processing up to 20.
2025-12-01 20:42:57,462 - INFO - [The Hindu] Article: https://www.thehindu.com/news/national/indian-armed-forces-to-procure-more-satellite-linked-heron-mk-ii-uavs-under-emergency-procurement/article70346863.ece
2025-12-01 20:42:57,462 - INFO - [The Hindu] Attempt 1/1: Trying with 'selenium_browser' strategy...
2025-12-01 20:42:57,959 - INFO - [BBC] Article: https://www.bbc.com/news/articles/c997n2zlegzo?at_medium=RSS&at_campaign=rss
2025-12-01 20:42:57,959 - INFO - [BBC] Attempt 1/1: Trying with 'requests_browser' strategy...
2025-12-01 20:42:57,995 - INFO - [BBC] Success with 'requests_browser'. Found content (653 words).
2025-12-01 20:42:58,038 - INFO - Duplicate article skipped: One Piece: Japanese singer Maki Otsuki stopped mid-show after China row from BBC
2025-12-01 20:42:58,128 - INFO - [The Guardian] Article: https://www.theguardian.com/news/2025/dec/01/hong-kong-arrests-manslaughter-apartment-fires
2025-12-01 20:42:58,128 - INFO - [The Guardian] Attempt 1/1: Trying with 'requests_browser' strategy...
2025-12-01 20:42:58,163 - INFO - [The Guardian] Success with 'requests_browser'. Found content (763 words).
2025-12-01 20:42:58,221 - INFO - Duplicate article skipped: Hong Kong arrests 13 on suspicion of manslaughter over apartment fires | Hong Kong apartment fires | The Guardian from The Guardian
2025-12-01 20:42:58,702 - INFO - [BBC] Article: https://www.bbc.com/news/articles/c075zd0j2j3o?at_medium=RSS&at_campaign=rss
2025-12-01 20:42:58,702 - INFO - [BBC] Attempt 1/1: Trying with 'requests_browser' strategy...
2025-12-01 20:42:58,775 - INFO - [The Guardian] Article: https://www.theguardian.com/world/2025/nov/30/indonesia-thailand-floods
2025-12-01 20:42:58,775 - INFO - [The Guardian] Attempt 1/1: Trying with 'requests_browser' strategy...
2025-12-01 20:42:58,814 - INFO - [The Guardian] Success with 'requests_browser'. Found content (998 words).
2025-12-01 20:42:58,874 - INFO - Duplicate article skipped: Death toll passes 900 in Indonesia, Thailand and Sri Lanka floods | Extreme weather | The Guardian from The Guardian
2025-12-01 20:42:58,880 - INFO - [BBC] Success with 'requests_browser'. Found content (316 words).
2025-12-01 20:42:58,928 - INFO - Duplicate article skipped: Couple accused of cheating with spycam to win A$1.2m in Australian casino from BBC
2025-12-01 20:42:59,513 - INFO - [The Guardian] Article: https://www.theguardian.com/world/2025/nov/30/hong-kong-mourns-as-apartment-blaze-death-toll-rises
2025-12-01 20:42:59,513 - INFO - [The Guardian] Attempt 1/1: Trying with 'requests_browser' strategy...
2025-12-01 20:42:59,545 - INFO - [The Guardian] Success with 'requests_browser'. Found content (697 words).
2025-12-01 20:42:59,592 - INFO - Duplicate article skipped: Hong Kong mourns as apartment fire death toll rises to 146 | Hong Kong apartment fires | The Guardian from The Guardian
2025-12-01 20:42:59,693 - INFO - [BBC] Article: https://www.bbc.com/news/articles/c4gv76r5qpvo?at_medium=RSS&at_campaign=rss
2025-12-01 20:42:59,693 - INFO - [BBC] Attempt 1/1: Trying with 'requests_browser' strategy...
2025-12-01 20:42:59,779 - INFO - [BBC] Success with 'requests_browser'. Found content (647 words).
2025-12-01 20:42:59,846 - INFO - Duplicate article skipped: Benjamin Netanyahu seeks pardon from Israel's president from BBC
2025-12-01 20:43:00,310 - INFO - [The Guardian] Article: https://www.theguardian.com/australia-news/live/2025/dec/02/australia-news-live-one-nation-liberal-coalition-barnaby-joyce-pauline-hanson-budget-estimates-labor-ai-plan-ntwnfb
2025-12-01 20:43:00,310 - INFO - [The Guardian] Attempt 1/1: Trying with 'requests_browser' strategy...
2025-12-01 20:43:00,652 - INFO - [The Guardian] Success with 'requests_browser'. Found content (1100 words).
2025-12-01 20:43:00,872 - INFO - Duplicate article skipped: Australia news live: Canavan warns of One Nation threat to Liberals; BoM blames Covid for IT cost blowout | Australia news | The Guardian from The Guardian
2025-12-01 20:43:00,904 - INFO - [BBC] Article: https://www.bbc.com/news/articles/c79x8x82gy4o?at_medium=RSS&at_campaign=rss
2025-12-01 20:43:00,904 - INFO - [BBC] Attempt 1/1: Trying with 'requests_browser' strategy...
2025-12-01 20:43:01,022 - INFO - [BBC] Success with 'requests_browser'. Found content (518 words).
2025-12-01 20:43:01,137 - INFO - Duplicate article skipped: Ludwig Minelli: Dignitas founder dies by assisted suicide aged 92, group says from BBC
2025-12-01 20:43:01,601 - INFO - [The Guardian] Article: https://www.theguardian.com/australia-news/2025/dec/02/scathing-jobs-for-mates-review-finds-appointments-to-government-boards-routinely-abused
2025-12-01 20:43:01,602 - INFO - [The Guardian] Attempt 1/1: Trying with 'requests_browser' strategy...
2025-12-01 20:43:01,912 - INFO - [The Guardian] Success with 'requests_browser'. Found content (704 words).
2025-12-01 20:43:02,111 - INFO - Duplicate article skipped: Scathing ‘jobs for mates’ review finds appointments to government boards routinely abused | Australian politics | The Guardian from The Guardian
2025-12-01 20:43:02,590 - INFO - [BBC] Article: https://www.bbc.com/news/articles/cp34yk7z6yxo?at_medium=RSS&at_campaign=rss
2025-12-01 20:43:02,590 - INFO - [BBC] Attempt 1/1: Trying with 'requests_browser' strategy...
2025-12-01 20:43:02,691 - INFO - [BBC] Success with 'requests_browser'. Found content (713 words).
2025-12-01 20:43:02,897 - INFO - Duplicate article skipped: Hong Kong fire: Death toll rises to 146 as thousands pay their respects from BBC
2025-12-01 20:43:02,917 - INFO - [The Guardian] Article: https://www.theguardian.com/australia-news/2025/dec/01/victoria-may-ban-unnecessary-surgery-intersex-children
2025-12-01 20:43:02,918 - INFO - [The Guardian] Attempt 1/1: Trying with 'requests_browser' strategy...
2025-12-01 20:43:03,221 - INFO - [The Guardian] Success with 'requests_browser'. Found content (586 words).
2025-12-01 20:43:03,465 - INFO - Duplicate article skipped: Victoria could become first Australian state to ban unnecessary surgery on intersex children | Victorian politics | The Guardian from The Guardian
2025-12-01 20:43:03,989 - INFO - [The Hindu] Page content loaded.
2025-12-01 20:43:03,991 - INFO - [BBC] Article: https://www.bbc.com/news/articles/cp9ky5z2gx0o?at_medium=RSS&at_campaign=rss
2025-12-01 20:43:03,991 - INFO - [BBC] Attempt 1/1: Trying with 'requests_browser' strategy...
2025-12-01 20:43:04,072 - INFO - [BBC] Success with 'requests_browser'. Found content (508 words).
2025-12-01 20:43:04,146 - INFO - Duplicate article skipped: Ukraine hits tankers in Black Sea in escalation against Russia from BBC
2025-12-01 20:43:04,173 - INFO - [The Hindu] Success with 'selenium_browser'. Found content (392 words).
2025-12-01 20:43:04,679 - INFO - [The Guardian] Article: https://www.theguardian.com/environment/2025/dec/01/south-australia-oyster-shell-donation-reef-restoration
2025-12-01 20:43:04,679 - INFO - [The Guardian] Attempt 1/1: Trying with 'requests_browser' strategy...
2025-12-01 20:43:05,304 - INFO - [The Guardian] Success with 'requests_browser'. Found content (713 words).
2025-12-01 20:43:05,592 - INFO - [BBC] Article: https://www.bbc.com/news/articles/cvg81p61dnmo?at_medium=RSS&at_campaign=rss
2025-12-01 20:43:05,592 - INFO - [BBC] Attempt 1/1: Trying with 'requests_browser' strategy...
2025-12-01 20:43:05,836 - INFO - [BBC] Success with 'requests_browser'. Found content (583 words).
2025-12-01 20:43:16,547 - INFO - [Times of India] Page content loaded.
2025-12-01 20:43:17,425 - INFO - [Times of India] Success with 'selenium_browser'. Found content (266 words).
2025-12-01 20:43:26,663 - INFO - Saved article: Indian armed forces to procure more satellite-linked Heron Mk II UAVs under emergency procurement - The Hindu from The Hindu
2025-12-01 20:43:26,664 - INFO - Duplicate article skipped: Get shucking: South Australians urged to eat oysters and donate shells for reef restoration project | Marine life | The Guardian from The Guardian
2025-12-01 20:43:26,664 - INFO - Duplicate article skipped: Three children among four killed in Stockton, California, shooting from BBC
2025-12-01 20:43:26,664 - INFO - Duplicate article skipped: 'Excellent overall health': White House releases Donald Trump's MRI exam amid speculations - The Times of India from Times of India
2025-12-01 20:43:27,199 - INFO - [Times of India] Article: https://timesofindia.indiatimes.com/world/us/how-exactly-is-shivon-zilis-indian/articleshow/125703381.cms
2025-12-01 20:43:27,200 - INFO - [Times of India] Attempt 1/1: Trying with 'selenium_browser' strategy...
2025-12-01 20:43:27,256 - INFO - [The Guardian] Article: https://www.theguardian.com/australia-news/2025/dec/01/instagram-age-verification-u16-social-media-ban-australia-moustache
2025-12-01 20:43:27,256 - INFO - [The Guardian] Attempt 1/1: Trying with 'requests_browser' strategy...
2025-12-01 20:43:27,284 - INFO - [The Guardian] Success with 'requests_browser'. Found content (623 words).
2025-12-01 20:43:27,329 - INFO - Duplicate article skipped: Instagram’s age-verification identified a moustachioed adult as over 16 – but how did it go with a 13-year-old? | Social media ban | The Guardian from The Guardian
2025-12-01 20:43:27,345 - INFO - [BBC] Article: https://www.bbc.com/news/articles/c741mpdyw9no?at_medium=RSS&at_campaign=rss
2025-12-01 20:43:27,345 - INFO - [BBC] Attempt 1/1: Trying with 'requests_browser' strategy...
2025-12-01 20:43:27,374 - INFO - [BBC] Success with 'requests_browser'. Found content (516 words).
2025-12-01 20:43:27,414 - INFO - Duplicate article skipped: Venezuela calls Trump airspace closure warning 'colonialist threat' from BBC
2025-12-01 20:43:28,129 - INFO - [The Hindu] Article: https://www.thehindu.com/opinion/op-ed/the-aiadmk-is-on-a-weak-footing/article70345464.ece
2025-12-01 20:43:28,129 - INFO - [The Hindu] Attempt 1/1: Trying with 'selenium_browser' strategy...
2025-12-01 20:43:28,840 - INFO - [Times of India] Page content loaded.
2025-12-01 20:43:29,672 - INFO - [Times of India] Success with 'selenium_browser'. Found content (601 words).
2025-12-01 20:43:29,929 - INFO - Duplicate article skipped: How exactly is Shivon Zilis “Indian”? | World News - The Times of India from Times of India
2025-12-01 20:43:30,830 - INFO - [The Hindu] Page content loaded.
2025-12-01 20:43:30,960 - INFO - [The Hindu] Success with 'selenium_browser'. Found content (740 words).
2025-12-01 20:43:31,346 - INFO - [Times of India] Article: https://timesofindia.indiatimes.com/world/us-streamers/why-meatcanyon-was-banned-and-unbanned-on-twitch-in-november-2025/articleshow/125703149.cms
2025-12-01 20:43:31,346 - INFO - [Times of India] Attempt 1/1: Trying with 'selenium_browser' strategy...
2025-12-01 20:43:46,460 - WARNING - [Times of India] Page timed out (10s). No <p> tags found. Proceeding anyway.
2025-12-01 20:43:46,872 - INFO - [Times of India] Success with 'selenium_browser'. Found content (399 words).
2025-12-01 20:43:47,226 - INFO - Saved article: The AIADMK is on a weak footing - The Hindu from The Hindu
2025-12-01 20:43:47,791 - INFO - [The Hindu] Article: https://www.thehindu.com/news/national/madhya-pradesh/plea-in-indore-court-seeks-fir-against-ias-santosh-verma-over-controversial-remarks/article70346369.ece
2025-12-01 20:43:47,791 - INFO - [The Hindu] Attempt 1/1: Trying with 'selenium_browser' strategy...
2025-12-01 20:43:50,560 - INFO - [The Hindu] Page content loaded.
2025-12-01 20:43:50,702 - INFO - [The Hindu] Success with 'selenium_browser'. Found content (314 words).
2025-12-01 20:44:02,880 - INFO - Saved article: Why MeatCanyon was banned and unbanned on Twitch in November 2025 - The Times of India from Times of India
2025-12-01 20:44:02,880 - INFO - Duplicate article skipped: Plea in Indore court seeks FIR against IAS Santosh Verma over controversial remarks - The Hindu from The Hindu
2025-12-01 20:44:03,650 - INFO - [The Hindu] Article: https://www.thehindu.com/news/national/haryana/manesar-violence-terminated-maruti-workers-petition-for-reinstatement-junked/article70347036.ece
2025-12-01 20:44:03,651 - INFO - [The Hindu] Attempt 1/1: Trying with 'selenium_browser' strategy...
2025-12-01 20:44:04,173 - INFO - [Times of India] Article: https://timesofindia.indiatimes.com/world/us/kash-patel-threw-tantrums-during-charlie-kirk-investigation-didnt-leave-plane-without-fbi-jacket-report/articleshow/125703042.cms
2025-12-01 20:44:04,174 - INFO - [Times of India] Attempt 1/1: Trying with 'selenium_browser' strategy...
2025-12-01 20:44:06,167 - INFO - [The Hindu] Page content loaded.
2025-12-01 20:44:06,326 - INFO - [The Hindu] Success with 'selenium_browser'. Found content (383 words).
2025-12-01 20:44:06,435 - INFO - Duplicate article skipped: Manesar violence: terminated Maruti worker’s petition for reinstatement junked - The Hindu from The Hindu
2025-12-01 20:44:07,555 - INFO - [The Hindu] Article: https://www.thehindu.com/news/national/karnataka/no-compromise-on-pourakarmika-rights-says-safai-karmachari-commission-chief/article70346157.ece
2025-12-01 20:44:07,555 - INFO - [The Hindu] Attempt 1/1: Trying with 'selenium_browser' strategy...
2025-12-01 20:44:09,147 - INFO - [The Hindu] Page content loaded.
2025-12-01 20:44:09,193 - INFO - [The Hindu] Success with 'selenium_browser'. Found content (134 words).
2025-12-01 20:44:09,281 - INFO - Duplicate article skipped: No compromise on pourakarmika rights, says Safai Karmachari Commission Chief - The Hindu from The Hindu
2025-12-01 20:44:09,809 - INFO - [The Hindu] Article: https://www.thehindu.com/news/national/karnataka/clear-e-khata-applications-quickly-gba-chief-tells-officials/article70346105.ece
2025-12-01 20:44:09,809 - INFO - [The Hindu] Attempt 1/1: Trying with 'selenium_browser' strategy...
2025-12-01 20:44:10,368 - INFO - [The Hindu] Page content loaded.
2025-12-01 20:44:10,416 - INFO - [The Hindu] Success with 'selenium_browser'. Found content (241 words).
2025-12-01 20:44:10,515 - INFO - Duplicate article skipped: Clear e-Khata applications quickly, GBA Chief tells officials - The Hindu from The Hindu
2025-12-01 20:44:11,160 - INFO - [The Hindu] Article: https://www.thehindu.com/news/national/karnataka/former-mla-and-congress-leader-rv-devaraj-passes-away/article70347016.ece
2025-12-01 20:44:11,160 - INFO - [The Hindu] Attempt 1/1: Trying with 'selenium_browser' strategy...
2025-12-01 20:44:13,680 - INFO - [The Hindu] Page content loaded.
2025-12-01 20:44:13,823 - INFO - [The Hindu] Success with 'selenium_browser'. Found content (97 words).
2025-12-01 20:44:14,011 - INFO - Duplicate article skipped: Former MLA and Congress leader R.V. Devaraj passes away - The Hindu from The Hindu
2025-12-01 20:44:14,812 - INFO - [The Hindu] Article: https://www.thehindu.com/news/national/west-bengal/abhishek-refutes-allegations-of-contesting-2026-assembly-polls-from-nandigram/article70346540.ece
2025-12-01 20:44:14,812 - INFO - [The Hindu] Attempt 1/1: Trying with 'selenium_browser' strategy...
2025-12-01 20:44:15,540 - INFO - [The Hindu] Page content loaded.
2025-12-01 20:44:15,606 - INFO - [The Hindu] Success with 'selenium_browser'. Found content (436 words).
2025-12-01 20:44:16,012 - INFO - Duplicate article skipped: Abhishek refutes allegations of contesting 2026 Assembly polls from Nandigram - The Hindu from The Hindu
2025-12-01 20:44:17,118 - INFO - [The Hindu] Article: https://www.thehindu.com/sci-tech/health/new-hiv-cases-highest-in-mizoram-fresh-infections-drop-nationally-by-48-from-2010-2024-report/article70345985.ece
2025-12-01 20:44:17,118 - INFO - [The Hindu] Attempt 1/1: Trying with 'selenium_browser' strategy...
2025-12-01 20:44:18,369 - INFO - [The Hindu] Page content loaded.
2025-12-01 20:44:18,416 - INFO - [The Hindu] Success with 'selenium_browser'. Found content (409 words).
2025-12-01 20:44:18,495 - INFO - Duplicate article skipped: New HIV cases highest in Mizoram; fresh infections drop nationally by 48% from 2010-2024: report - The Hindu from The Hindu
2025-12-01 20:44:19,817 - INFO - [The Hindu] Article: https://www.thehindu.com/news/cities/chennai/aavin-hikes-price-of-ghee-to-700-a-kg/article70346656.ece
2025-12-01 20:44:19,817 - INFO - [The Hindu] Attempt 1/1: Trying with 'selenium_browser' strategy...
2025-12-01 20:44:20,751 - INFO - [The Hindu] Page content loaded.
2025-12-01 20:44:20,937 - INFO - [The Hindu] Success with 'selenium_browser'. Found content (303 words).
2025-12-01 20:44:21,043 - INFO - Duplicate article skipped: Aavin hikes price of ghee to ₹700 a kg - The Hindu from The Hindu
2025-12-01 20:44:21,727 - INFO - [The Hindu] Article: https://www.thehindu.com/news/cities/chennai/ramadoss-led-pmks-protest-against-eci-put-off-due-to-rain/article70346705.ece
2025-12-01 20:44:21,727 - INFO - [The Hindu] Attempt 1/1: Trying with 'selenium_browser' strategy...
2025-12-01 20:44:22,527 - INFO - [The Hindu] Page content loaded.
2025-12-01 20:44:22,567 - INFO - [The Hindu] Success with 'selenium_browser'. Found content (163 words).
2025-12-01 20:44:22,636 - INFO - Duplicate article skipped: Ramadoss-led PMK’s protest against ECI put off due to rain - The Hindu from The Hindu
2025-12-01 20:44:23,906 - INFO - [The Hindu] Article: https://www.thehindu.com/news/national/karnataka/insect-in-restaurant-food-customer-files-counter-complaint/article70346904.ece
2025-12-01 20:44:23,906 - INFO - [The Hindu] Attempt 1/1: Trying with 'selenium_browser' strategy...
2025-12-01 20:44:25,473 - INFO - [The Hindu] Page content loaded.
2025-12-01 20:44:25,523 - INFO - [The Hindu] Success with 'selenium_browser'. Found content (208 words).
2025-12-01 20:44:25,615 - INFO - Duplicate article skipped: Insect in restaurant food: Customer files complaint after five months - The Hindu from The Hindu
2025-12-01 20:44:26,283 - INFO - [The Hindu] Article: https://www.thehindu.com/news/national/delhi-blast-probe-nia-searches-nine-locations-in-jammu-and-kashmir-uttar-pradesh/article70346712.ece
2025-12-01 20:44:26,283 - INFO - [The Hindu] Attempt 1/1: Trying with 'selenium_browser' strategy...
2025-12-01 20:44:27,474 - INFO - [The Hindu] Page content loaded.
2025-12-01 20:44:27,518 - INFO - [The Hindu] Success with 'selenium_browser'. Found content (201 words).
2025-12-01 20:44:27,571 - INFO - Duplicate article skipped: Delhi blast probe: NIA searches nine locations in Jammu and Kashmir, Uttar Pradesh - The Hindu from The Hindu
2025-12-01 20:44:28,084 - INFO - [The Hindu] Article: https://www.thehindu.com/news/national/tamil-nadu/congress-seat-sharing-team-to-hold-talks-with-stalin-on-december-3/article70346491.ece
2025-12-01 20:44:28,084 - INFO - [The Hindu] Attempt 1/1: Trying with 'selenium_browser' strategy...
2025-12-01 20:44:28,710 - INFO - [The Hindu] Page content loaded.
2025-12-01 20:44:28,791 - INFO - [The Hindu] Success with 'selenium_browser'. Found content (119 words).
2025-12-01 20:44:28,875 - INFO - Duplicate article skipped: Congress’ seat sharing team to hold talks with Stalin on December 3 - The Hindu from The Hindu
2025-12-01 20:44:29,931 - INFO - [The Hindu] Article: https://www.thehindu.com/news/national/kerala/finally-lottulodukku-and-gulgulmaal-win-something-albeit-on-a-cricket-turf/article70344818.ece
2025-12-01 20:44:29,931 - INFO - [The Hindu] Attempt 1/1: Trying with 'selenium_browser' strategy...
2025-12-01 20:44:32,920 - INFO - [The Hindu] Page content loaded.
2025-12-01 20:44:33,027 - INFO - [The Hindu] Success with 'selenium_browser'. Found content (401 words).
2025-12-01 20:44:33,135 - INFO - Duplicate article skipped: Finally Lottulodukku and Gulgulmaal win something, albeit on a cricket turf - The Hindu from The Hindu
2025-12-01 20:44:34,102 - INFO - [The Hindu] Article: https://www.thehindu.com/news/national/kerala/can-paravur-break-with-the-past-by-ending-political-deadlock/article70335076.ece
2025-12-01 20:44:34,102 - INFO - [The Hindu] Attempt 1/1: Trying with 'selenium_browser' strategy...
2025-12-01 20:44:34,872 - INFO - [The Hindu] Page content loaded.
2025-12-01 20:44:34,920 - INFO - [The Hindu] Success with 'selenium_browser'. Found content (412 words).
2025-12-01 20:44:34,999 - INFO - Duplicate article skipped: Can Paravur break with the past by ending political deadlock? - The Hindu from The Hindu
2025-12-01 20:44:35,610 - INFO - [The Hindu] Article: https://www.thehindu.com/news/national/modi-promises-all-possible-support-for-ailing-khaleda-zia/article70346786.ece
2025-12-01 20:44:35,610 - INFO - [The Hindu] Attempt 1/1: Trying with 'selenium_browser' strategy...
2025-12-01 20:44:36,564 - INFO - [The Hindu] Page content loaded.
2025-12-01 20:44:36,616 - INFO - [The Hindu] Success with 'selenium_browser'. Found content (382 words).
2025-12-01 20:44:36,690 - INFO - Duplicate article skipped: Modi promises ‘all possible support’ for ailing Khaleda Zia - The Hindu from The Hindu
2025-12-01 20:44:37,675 - INFO - [The Hindu] Article: https://www.thehindu.com/news/national/tamil-nadu/baashyaam-group-completes-landmark-1212-crore-land-purchase-in-nungambakkam/article70346288.ece
2025-12-01 20:44:37,675 - INFO - [The Hindu] Attempt 1/1: Trying with 'selenium_browser' strategy...
2025-12-01 20:46:04,199 - ERROR - [Times of India] Request failed for strategy 'selenium_browser' on URL https://timesofindia.indiatimes.com/world/us/kash-patel-threw-tantrums-during-charlie-kirk-investigation-didnt-leave-plane-without-fbi-jacket-report/articleshow/125703042.cms: HTTPConnectionPool(host='localhost', port=43299): Read timed out. (read timeout=120)
2025-12-01 20:46:04,199 - ERROR - [Times of India] All scrape strategies failed for https://timesofindia.indiatimes.com/world/us/kash-patel-threw-tantrums-during-charlie-kirk-investigation-didnt-leave-plane-without-fbi-jacket-report/articleshow/125703042.cms. Falling back to RSS description.
2025-12-01 20:46:15,578 - INFO - Saved article: Kash Patel threw tantrums during Charlie Kirk investigation, didn't leave plane without 'FBI' jacket: Report from Times of India
2025-12-01 20:46:16,448 - INFO - [Times of India] Article: https://timesofindia.indiatimes.com/etimes/trending/nuclear-war-expert-explains-why-australia-and-new-zealand-may-be-the-last-places-left-standing-after-ww3/articleshow/125697217.cms
2025-12-01 20:46:16,448 - INFO - [Times of India] Attempt 1/1: Trying with 'selenium_browser' strategy...
2025-12-01 20:46:37,773 - ERROR - [The Hindu] Request failed for strategy 'selenium_browser' on URL https://www.thehindu.com/news/national/tamil-nadu/baashyaam-group-completes-landmark-1212-crore-land-purchase-in-nungambakkam/article70346288.ece: HTTPConnectionPool(host='localhost', port=58651): Read timed out. (read timeout=120)
2025-12-01 20:46:37,773 - ERROR - [The Hindu] All scrape strategies failed for https://www.thehindu.com/news/national/tamil-nadu/baashyaam-group-completes-landmark-1212-crore-land-purchase-in-nungambakkam/article70346288.ece. Falling back to RSS description.
2025-12-01 20:46:37,773 - INFO - Duplicate article skipped: Baashyaam Group completes landmark ₹1,212-crore land purchase in Nungambakkam from The Hindu
2025-12-01 20:46:38,831 - INFO - [The Hindu] Article: https://www.thehindu.com/news/national/andhra-pradesh/lokesh-anitha-in-delhi-for-talks-on-cyclone-impact-and-pending-issues/article70346624.ece
2025-12-01 20:46:38,831 - INFO - [The Hindu] Attempt 1/1: Trying with 'selenium_browser' strategy...
2025-12-01 20:47:44,793 - CRITICAL - --- TIMEOUT: 2 scrape jobs did not complete in 300s. ---
2025-12-01 20:47:44,793 - ERROR - A thread has timed out and will be abandoned.
2025-12-01 20:47:44,793 - ERROR - A thread has timed out and will be abandoned.
2025-12-01 20:47:44,793 - INFO - Shutting down thread pool (wait=False)...
2025-12-01 20:47:44,793 - INFO - Scraped: 0 BBC, 0 The Guardian, 2 Timed_Out_Jobs articles. (Total saved: 0)
2025-12-01 20:47:44,793 - INFO - --- Scraping job finished ---
2025-12-01 20:47:44,793 - INFO - --- Scraper service stopped and database connection closed. ---
2025-12-01 20:47:44,794 - INFO - --- Main thread finished. Forcing process exit to kill zombie threads. ---
