2025-12-04 07:44:01,721 - INFO - Loading AI Semantic Model (all-MiniLM-L6-v2)...
2025-12-04 07:44:01,721 - INFO - Use pytorch device_name: cpu
2025-12-04 07:44:01,721 - INFO - Load pretrained SentenceTransformer: all-MiniLM-L6-v2
2025-12-04 07:44:03,286 - INFO - AI Model loaded successfully.
2025-12-04 07:44:03,286 - INFO - Initializing database connection at: news_articles.db
2025-12-04 07:44:03,286 - INFO - --- Scraper service started (CI Mode: Run Once) ---
2025-12-04 07:44:03,286 - INFO - --- Starting new scraping job (Parallel Mode) ---
2025-12-04 07:44:03,286 - INFO - Creating new robust session with 3 retries on 5xx/connection/read errors.
2025-12-04 07:44:03,286 - INFO - Proxy is DISABLED.
2025-12-04 07:44:03,287 - INFO - Starting scrape for BBC RSS feed: http://feeds.bbci.co.uk/news/world/rss.xml
2025-12-04 07:44:03,288 - INFO - [Times of India] (Thread) requires Selenium. Initializing driver...
2025-12-04 07:44:03,288 - INFO - Initializing headless Selenium Chrome driver (using SeleniumManager)...
2025-12-04 07:44:03,289 - INFO - Starting scrape for The Guardian RSS feed: https://www.theguardian.com/world/rss
2025-12-04 07:44:03,290 - INFO - [The Hindu] (Thread) requires Selenium. Initializing driver...
2025-12-04 07:44:03,290 - INFO - Initializing headless Selenium Chrome driver (using SeleniumManager)...
2025-12-04 07:44:03,290 - INFO - Submitted 4 jobs to thread pool. Waiting up to 300s for completion...
2025-12-04 07:44:03,505 - INFO - Found 39 articles in BBC RSS feed. Processing up to 20.
2025-12-04 07:44:03,505 - INFO - [BBC] Article: https://www.bbc.com/news/articles/c7731n5z6d3o?at_medium=RSS&at_campaign=rss
2025-12-04 07:44:03,505 - INFO - [BBC] Attempt 1/1: Trying with 'requests_browser' strategy...
2025-12-04 07:44:03,769 - INFO - Found 45 articles in The Guardian RSS feed. Processing up to 20.
2025-12-04 07:44:03,769 - INFO - [The Guardian] Article: https://www.theguardian.com/global-development/2025/dec/04/aid-cuts-africa-uganda-stops-refugee-status-eritreans-somalis-ethiopians
2025-12-04 07:44:03,769 - INFO - [The Guardian] Attempt 1/1: Trying with 'requests_browser' strategy...
2025-12-04 07:44:03,821 - INFO - [BBC] Success with 'requests_browser'. Found content (1069 words).
2025-12-04 07:44:03,853 - INFO - Duplicate article skipped: Ukraine and US negotiators to meet in Florida after Moscow talks, White House says from BBC
2025-12-04 07:44:03,926 - INFO - [The Guardian] Success with 'requests_browser'. Found content (587 words).
2025-12-04 07:44:03,957 - INFO - Duplicate article skipped: Uganda stops granting refugee status for Eritreans, Somalis and Ethiopians | Global development | The Guardian from The Guardian
2025-12-04 07:44:04,985 - INFO - [BBC] Article: https://www.bbc.com/news/articles/cj4q2vpggr9o?at_medium=RSS&at_campaign=rss
2025-12-04 07:44:04,985 - INFO - [BBC] Attempt 1/1: Trying with 'requests_browser' strategy...
2025-12-04 07:44:05,027 - INFO - [BBC] Success with 'requests_browser'. Found content (1433 words).
2025-12-04 07:44:05,058 - INFO - Duplicate article skipped: India-Russia: Why Putin and Modi are meeting in Delhi from BBC
2025-12-04 07:44:05,172 - INFO - [The Guardian] Article: https://www.theguardian.com/artanddesign/2025/dec/04/ibrahim-mahama-ghana-tops-artreview-power-list
2025-12-04 07:44:05,173 - INFO - [The Guardian] Attempt 1/1: Trying with 'requests_browser' strategy...
2025-12-04 07:44:05,200 - INFO - [The Guardian] Success with 'requests_browser'. Found content (604 words).
2025-12-04 07:44:05,230 - INFO - Duplicate article skipped: Ghana’s Ibrahim Mahama first African to top annual art power list | Art | The Guardian from The Guardian
2025-12-04 07:44:05,713 - INFO - [BBC] Article: https://www.bbc.com/news/articles/cp84y7jx2pzo?at_medium=RSS&at_campaign=rss
2025-12-04 07:44:05,713 - INFO - [BBC] Attempt 1/1: Trying with 'requests_browser' strategy...
2025-12-04 07:44:05,749 - INFO - [BBC] Success with 'requests_browser'. Found content (357 words).
2025-12-04 07:44:05,778 - INFO - Duplicate article skipped: South Korea: Government developing app showing real-time location of stalkers from BBC
2025-12-04 07:44:05,987 - INFO - [The Guardian] Article: https://www.theguardian.com/uk-news/2025/dec/03/british-troops-accused-of-human-rights-violations-environmental-destruction-and-sexual-abuse-in-kenya
2025-12-04 07:44:05,987 - INFO - [The Guardian] Attempt 1/1: Trying with 'requests_browser' strategy...
2025-12-04 07:44:06,145 - INFO - [The Guardian] Success with 'requests_browser'. Found content (772 words).
2025-12-04 07:44:06,293 - INFO - Duplicate article skipped: British troops accused of human rights violations and sexual abuse in Kenya | British army | The Guardian from The Guardian
2025-12-04 07:44:06,884 - INFO - [BBC] Article: https://www.bbc.com/news/articles/cd6x2j4g3z7o?at_medium=RSS&at_campaign=rss
2025-12-04 07:44:06,884 - INFO - [BBC] Attempt 1/1: Trying with 'requests_browser' strategy...
2025-12-04 07:44:06,916 - INFO - [BBC] Success with 'requests_browser'. Found content (447 words).
2025-12-04 07:44:06,944 - INFO - Duplicate article skipped: Israel receives coffin that Hamas says contains Gaza hostage's body from BBC
2025-12-04 07:44:07,459 - INFO - [The Guardian] Article: https://www.theguardian.com/global-development/2025/dec/03/whistleblower-accuses-foreign-office-of-censoring-warning-of-sudan-genocide
2025-12-04 07:44:07,459 - INFO - [The Guardian] Attempt 1/1: Trying with 'requests_browser' strategy...
2025-12-04 07:44:07,495 - INFO - [The Guardian] Success with 'requests_browser'. Found content (1465 words).
2025-12-04 07:44:07,532 - INFO - Duplicate article skipped: Whistleblower accuses Foreign Office of ‘censoring’ warning of Sudan genocide | Global development | The Guardian from The Guardian
2025-12-04 07:44:08,089 - INFO - [BBC] Article: https://www.bbc.com/news/articles/cdxekqryn1jo?at_medium=RSS&at_campaign=rss
2025-12-04 07:44:08,089 - INFO - [BBC] Attempt 1/1: Trying with 'requests_browser' strategy...
2025-12-04 07:44:08,125 - INFO - [BBC] Success with 'requests_browser'. Found content (720 words).
2025-12-04 07:44:08,155 - INFO - Duplicate article skipped: Meta starts kicking Australian children off Instagram and Facebook from BBC
2025-12-04 07:44:08,663 - INFO - [BBC] Article: https://www.bbc.com/news/articles/c5y9843engko?at_medium=RSS&at_campaign=rss
2025-12-04 07:44:08,663 - INFO - [BBC] Attempt 1/1: Trying with 'requests_browser' strategy...
2025-12-04 07:44:08,694 - INFO - [BBC] Success with 'requests_browser'. Found content (445 words).
2025-12-04 07:44:08,725 - INFO - Duplicate article skipped: Pritam Singh: Singapore court upholds opposition leader's conviction from BBC
2025-12-04 07:44:08,781 - INFO - [The Guardian] Article: https://www.theguardian.com/us-news/2025/dec/02/trump-somali-immigrants-minnesota
2025-12-04 07:44:08,781 - INFO - [The Guardian] Attempt 1/1: Trying with 'requests_browser' strategy...
2025-12-04 07:44:08,807 - INFO - [The Guardian] Success with 'requests_browser'. Found content (473 words).
2025-12-04 07:44:08,835 - INFO - Duplicate article skipped: Trump calls Somali immigrants ‘garbage’ as US reportedly targets Minnesota community | Trump administration | The Guardian from The Guardian
2025-12-04 07:44:09,586 - INFO - [BBC] Article: https://www.bbc.com/news/articles/cjrjn88jqn4o?at_medium=RSS&at_campaign=rss
2025-12-04 07:44:09,586 - INFO - [BBC] Attempt 1/1: Trying with 'requests_browser' strategy...
2025-12-04 07:44:09,626 - INFO - [BBC] Success with 'requests_browser'. Found content (852 words).
2025-12-04 07:44:09,659 - INFO - Duplicate article skipped: Trump to host DR Congo's Félix Tshisekedi and Rwanda's Paul Kagame to sign peace deal from BBC
2025-12-04 07:44:09,697 - INFO - [The Guardian] Article: https://www.theguardian.com/us-news/2025/dec/03/epstein-caribbean-island-new-photo-video-release
2025-12-04 07:44:09,698 - INFO - [The Guardian] Attempt 1/1: Trying with 'requests_browser' strategy...
2025-12-04 07:44:09,728 - INFO - [The Guardian] Success with 'requests_browser'. Found content (373 words).
2025-12-04 07:44:09,761 - INFO - Duplicate article skipped: House Democrats release new images of Epstein’s private Caribbean island | Jeffrey Epstein | The Guardian from The Guardian
2025-12-04 07:44:10,605 - INFO - [BBC] Article: https://www.bbc.com/news/articles/c8dy1613j2ro?at_medium=RSS&at_campaign=rss
2025-12-04 07:44:10,605 - INFO - [BBC] Attempt 1/1: Trying with 'requests_browser' strategy...
2025-12-04 07:44:10,640 - INFO - [BBC] Success with 'requests_browser'. Found content (877 words).
2025-12-04 07:44:10,675 - INFO - Duplicate article skipped: Minnesota's Somali community braces for immigration crackdown from BBC
2025-12-04 07:44:11,208 - INFO - [The Guardian] Article: https://www.theguardian.com/world/2025/dec/03/colombia-trump-warning-military-threat
2025-12-04 07:44:11,208 - INFO - [The Guardian] Attempt 1/1: Trying with 'requests_browser' strategy...
2025-12-04 07:44:11,237 - INFO - [The Guardian] Success with 'requests_browser'. Found content (612 words).
2025-12-04 07:44:11,267 - INFO - Duplicate article skipped: Colombia’s president warns Trump: ‘Do not wake the jaguar’ with threats of military strikes | Colombia | The Guardian from The Guardian
2025-12-04 07:44:12,046 - INFO - [BBC] Article: https://www.bbc.com/news/articles/cqjg7w8z7dvo?at_medium=RSS&at_campaign=rss
2025-12-04 07:44:12,046 - INFO - [BBC] Attempt 1/1: Trying with 'requests_browser' strategy...
2025-12-04 07:44:12,078 - INFO - [BBC] Success with 'requests_browser'. Found content (387 words).
2025-12-04 07:44:12,108 - INFO - Duplicate article skipped: Court sides with Adidas in appeal over Kanye West collaboration from BBC
2025-12-04 07:44:12,216 - INFO - [The Guardian] Article: https://www.theguardian.com/us-news/live/2025/dec/02/donald-trump-pete-hegseth-boat-venezuela-maduro-tennessee-us-politics-live-news-updates
2025-12-04 07:44:12,217 - INFO - [The Guardian] Attempt 1/1: Trying with 'requests_browser' strategy...
2025-12-04 07:44:12,573 - INFO - [The Guardian] Success with 'requests_browser'. Found content (4155 words).
2025-12-04 07:44:12,653 - INFO - Duplicate article skipped: Pete Hegseth says he ‘didn’t stick around’ to watch second strike on alleged drug boat as Democrats slam administration over attacks – as it happened | Trump administration | The Guardian from The Guardian
2025-12-04 07:44:12,847 - INFO - [BBC] Article: https://www.bbc.com/news/articles/cm2054rdv52o?at_medium=RSS&at_campaign=rss
2025-12-04 07:44:12,848 - INFO - [BBC] Attempt 1/1: Trying with 'requests_browser' strategy...
2025-12-04 07:44:12,885 - INFO - [BBC] Success with 'requests_browser'. Found content (1064 words).
2025-12-04 07:44:12,918 - INFO - Duplicate article skipped: Hong Kong fire survivor: 'My heart breaks every time I'm called a hero' from BBC
2025-12-04 07:44:13,624 - INFO - [BBC] Article: https://www.bbc.com/news/articles/cnv21m0zpjmo?at_medium=RSS&at_campaign=rss
2025-12-04 07:44:13,624 - INFO - [BBC] Attempt 1/1: Trying with 'requests_browser' strategy...
2025-12-04 07:44:13,655 - INFO - [BBC] Success with 'requests_browser'. Found content (270 words).
2025-12-04 07:44:13,683 - INFO - Duplicate article skipped: Gaza: Five killed in Israeli air strikes on tents near Khan Younis, medics say from BBC
2025-12-04 07:44:14,018 - INFO - [The Guardian] Article: https://www.theguardian.com/world/2025/dec/02/trump-intervention-honduras-presidential-vote-count-stalls-nasry-asfura
2025-12-04 07:44:14,018 - INFO - [The Guardian] Attempt 1/1: Trying with 'requests_browser' strategy...
2025-12-04 07:44:14,051 - INFO - [The Guardian] Success with 'requests_browser'. Found content (945 words).
2025-12-04 07:44:14,086 - INFO - Duplicate article skipped: Trump frees ex-Honduran president from prison as country awaits knife-edge election result | Honduras | The Guardian from The Guardian
2025-12-04 07:44:14,294 - INFO - [BBC] Article: https://www.bbc.com/news/articles/cpwk7xen544o?at_medium=RSS&at_campaign=rss
2025-12-04 07:44:14,294 - INFO - [BBC] Attempt 1/1: Trying with 'requests_browser' strategy...
2025-12-04 07:44:14,327 - INFO - [BBC] Success with 'requests_browser'. Found content (668 words).
2025-12-04 07:44:14,356 - INFO - Duplicate article skipped: Israel says Rafah crossing to open soon to let Gazans leave via Egypt from BBC
2025-12-04 07:44:14,604 - INFO - [The Guardian] Article: https://www.theguardian.com/us-news/2025/dec/02/pete-hegseth-franklin-the-turtle
2025-12-04 07:44:14,604 - INFO - [The Guardian] Attempt 1/1: Trying with 'requests_browser' strategy...
2025-12-04 07:44:14,759 - INFO - [The Guardian] Success with 'requests_browser'. Found content (438 words).
2025-12-04 07:44:14,796 - INFO - Duplicate article skipped: Publisher condemns ‘violent’ use of Franklin the Turtle after Hegseth’s boat strike post | Pete Hegseth | The Guardian from The Guardian
2025-12-04 07:44:15,419 - INFO - [BBC] Article: https://www.bbc.com/news/articles/c2lvzrve5lqo?at_medium=RSS&at_campaign=rss
2025-12-04 07:44:15,419 - INFO - [BBC] Attempt 1/1: Trying with 'requests_browser' strategy...
2025-12-04 07:44:15,453 - INFO - [BBC] Success with 'requests_browser'. Found content (371 words).
2025-12-04 07:44:15,621 - INFO - Duplicate article skipped: Federica Mogherini: Former EU top diplomat accused in fraud investigation from BBC
2025-12-04 07:44:16,032 - INFO - [The Guardian] Article: https://www.theguardian.com/world/2025/dec/04/thailand-scam-cyberscam-crackdown-arrests-south-east-asia
2025-12-04 07:44:16,032 - INFO - [The Guardian] Attempt 1/1: Trying with 'requests_browser' strategy...
2025-12-04 07:44:16,059 - INFO - [The Guardian] Success with 'requests_browser'. Found content (575 words).
2025-12-04 07:44:16,087 - INFO - Duplicate article skipped: Thailand seizes more than $300m in assets and issues 42 arrest warrants in cyberscam crackdown | Thailand | The Guardian from The Guardian
2025-12-04 07:44:16,515 - INFO - [BBC] Article: https://www.bbc.com/news/articles/cy8jnxxm70jo?at_medium=RSS&at_campaign=rss
2025-12-04 07:44:16,515 - INFO - [BBC] Attempt 1/1: Trying with 'requests_browser' strategy...
2025-12-04 07:44:16,547 - INFO - [BBC] Success with 'requests_browser'. Found content (247 words).
2025-12-04 07:44:16,576 - INFO - Duplicate article skipped: Drunk raccoon found passed out on liquor store floor after breaking in from BBC
2025-12-04 07:44:16,972 - INFO - [The Guardian] Article: https://www.theguardian.com/news/2025/dec/04/hong-kong-fire-death-toll-protective-netting-remove
2025-12-04 07:44:16,972 - INFO - [The Guardian] Attempt 1/1: Trying with 'requests_browser' strategy...
2025-12-04 07:44:16,998 - INFO - [The Guardian] Success with 'requests_browser'. Found content (689 words).
2025-12-04 07:44:17,026 - INFO - Duplicate article skipped: Hong Kong warns ‘external forces’ working to exploit apartment fire, as death toll rises to 159 | Hong Kong apartment fires | The Guardian from The Guardian
2025-12-04 07:44:17,669 - INFO - [The Guardian] Article: https://www.theguardian.com/world/2025/dec/03/eu-strategy-raw-materials-rare-earths-supply-chain-resourceeu
2025-12-04 07:44:17,669 - INFO - [The Guardian] Attempt 1/1: Trying with 'requests_browser' strategy...
2025-12-04 07:44:17,818 - INFO - [BBC] Article: https://www.bbc.com/news/articles/cvgq5dvygllo?at_medium=RSS&at_campaign=rss
2025-12-04 07:44:17,818 - INFO - [BBC] Attempt 1/1: Trying with 'requests_browser' strategy...
2025-12-04 07:44:17,863 - INFO - [BBC] Success with 'requests_browser'. Found content (1030 words).
2025-12-04 07:44:17,898 - INFO - Duplicate article skipped: Kenyan MPs accuse British soldiers from Batuk of sexual abuse in Laikipia from BBC
2025-12-04 07:44:17,912 - INFO - [The Guardian] Success with 'requests_browser'. Found content (725 words).
2025-12-04 07:44:17,951 - INFO - Duplicate article skipped: EU looks at legally forcing industries to reduce purchases from China | Mining | The Guardian from The Guardian
2025-12-04 07:44:19,000 - INFO - [The Guardian] Article: https://www.theguardian.com/business/2025/dec/03/hsbc-appoints-interim-chair-brendan-nelson-to-permanent-role
2025-12-04 07:44:19,000 - INFO - [The Guardian] Attempt 1/1: Trying with 'requests_browser' strategy...
2025-12-04 07:44:19,032 - INFO - [The Guardian] Success with 'requests_browser'. Found content (605 words).
2025-12-04 07:44:19,051 - INFO - [BBC] Article: https://www.bbc.com/news/articles/c1m8g5x1xmko?at_medium=RSS&at_campaign=rss
2025-12-04 07:44:19,056 - INFO - [BBC] Attempt 1/1: Trying with 'requests_browser' strategy...
2025-12-04 07:44:19,072 - INFO - Duplicate article skipped: HSBC appoints interim chair Brendan Nelson to permanent role | HSBC | The Guardian from The Guardian
2025-12-04 07:44:19,093 - INFO - [BBC] Success with 'requests_browser'. Found content (308 words).
2025-12-04 07:44:19,118 - INFO - Duplicate article skipped: Three French teens drown in freak car crash in swimming pool from BBC
2025-12-04 07:44:19,691 - INFO - [BBC] Article: https://www.bbc.com/news/articles/c62v9z7z1z2o?at_medium=RSS&at_campaign=rss
2025-12-04 07:44:19,691 - INFO - [BBC] Attempt 1/1: Trying with 'requests_browser' strategy...
2025-12-04 07:44:19,724 - INFO - [BBC] Success with 'requests_browser'. Found content (485 words).
2025-12-04 07:44:19,754 - INFO - Duplicate article skipped: Henry Cuellar: Trump says he is pardoning Democratic congressman in bribery case from BBC
2025-12-04 07:44:20,391 - INFO - [The Guardian] Article: https://www.theguardian.com/world/2025/dec/03/search-for-malaysia-airline-flight-mh370-to-resume-over-11-years-after-plane-went-missing
2025-12-04 07:44:20,391 - INFO - [The Guardian] Attempt 1/1: Trying with 'requests_browser' strategy...
2025-12-04 07:44:20,520 - INFO - [BBC] Article: https://www.bbc.com/news/articles/c62lv79p0pdo?at_medium=RSS&at_campaign=rss
2025-12-04 07:44:20,520 - INFO - [BBC] Attempt 1/1: Trying with 'requests_browser' strategy...
2025-12-04 07:44:20,555 - INFO - [BBC] Success with 'requests_browser'. Found content (482 words).
2025-12-04 07:44:20,588 - INFO - Duplicate article skipped: Hong Kong orders removal of scaffolding mesh after deadly blaze from BBC
2025-12-04 07:44:20,609 - INFO - [The Guardian] Success with 'requests_browser'. Found content (851 words).
2025-12-04 07:44:20,648 - INFO - Duplicate article skipped: Malaysia Airlines flight MH370 search to resume 11 years after jet went missing | Malaysia Airlines flight MH370 | The Guardian from The Guardian
2025-12-04 07:44:21,329 - INFO - [The Guardian] Article: https://www.theguardian.com/australia-news/live/2025/dec/04/australia-news-live-senate-estimates-national-fiscal-outlook-labor-coalition-cost-of-living-victoria-public-service-cuts-ntwnfb
2025-12-04 07:44:21,329 - INFO - [The Guardian] Attempt 1/1: Trying with 'requests_browser' strategy...
2025-12-04 07:44:21,870 - INFO - [BBC] Article: https://www.bbc.com/news/articles/cpq4e21nr5vo?at_medium=RSS&at_campaign=rss
2025-12-04 07:44:21,870 - INFO - [BBC] Attempt 1/1: Trying with 'requests_browser' strategy...
2025-12-04 07:44:21,902 - INFO - [BBC] Success with 'requests_browser'. Found content (438 words).
2025-12-04 07:44:21,933 - INFO - Duplicate article skipped: What latest Ukraine talks reveal about Putin's state of mind from BBC
2025-12-04 07:44:22,044 - INFO - [The Guardian] Success with 'requests_browser'. Found content (2907 words).
2025-12-04 07:44:22,133 - INFO - Duplicate article skipped: Australia news live: Labor senator accuses Matt Canavan of ‘killing blue-collar jobs’ with his opposition to renewables | Australia news | The Guardian from The Guardian
2025-12-04 07:44:22,737 - INFO - [BBC] Article: https://www.bbc.com/news/articles/cly580gkd9ro?at_medium=RSS&at_campaign=rss
2025-12-04 07:44:22,737 - INFO - [BBC] Attempt 1/1: Trying with 'requests_browser' strategy...
2025-12-04 07:44:22,779 - INFO - [BBC] Success with 'requests_browser'. Found content (1534 words).
2025-12-04 07:44:22,812 - INFO - Duplicate article skipped: Ultra-Orthodox conscription bill threatens crisis for Israel's government from BBC
2025-12-04 07:44:23,409 - INFO - [The Guardian] Article: https://www.theguardian.com/australia-news/2025/dec/04/giant-esky-australias-first-indoor-snow-resort-planned-for-western-sydney-gets-chinese-backing
2025-12-04 07:44:23,409 - INFO - [The Guardian] Attempt 1/1: Trying with 'requests_browser' strategy...
2025-12-04 07:44:23,568 - INFO - [The Guardian] Success with 'requests_browser'. Found content (353 words).
2025-12-04 07:44:23,608 - INFO - Duplicate article skipped: ‘Giant Esky’: Australia’s first indoor snow resort planned for western Sydney gets Chinese backing | Sydney | The Guardian from The Guardian
2025-12-04 07:44:24,612 - INFO - [The Guardian] Article: https://www.theguardian.com/australia-news/2025/dec/04/sydney-drivers-stuck-in-busy-tunnel-for-up-to-four-hours-amid-fears-of-shockcrete-roof-collapse
2025-12-04 07:44:24,612 - INFO - [The Guardian] Attempt 1/1: Trying with 'requests_browser' strategy...
2025-12-04 07:44:25,609 - INFO - [The Guardian] Success with 'requests_browser'. Found content (579 words).
2025-12-04 07:44:25,651 - INFO - Duplicate article skipped: Sydney drivers stuck in busy tunnel for up to four hours amid fears of ‘shockcrete’ roof collapse | Sydney | The Guardian from The Guardian
2025-12-04 07:44:26,508 - INFO - [The Guardian] Article: https://www.theguardian.com/australia-news/2025/dec/04/man-pleads-not-guilty-over-allegedly-projecting-pro-palestine-messages-on-sydney-opera-house-forecourt-ntwnfb
2025-12-04 07:44:26,508 - INFO - [The Guardian] Attempt 1/1: Trying with 'requests_browser' strategy...
2025-12-04 07:44:26,684 - INFO - [The Guardian] Success with 'requests_browser'. Found content (629 words).
2025-12-04 07:44:26,871 - INFO - Duplicate article skipped: Man pleads not guilty over allegedly projecting pro-Palestine messages on Sydney Opera House forecourt | New South Wales | The Guardian from The Guardian
2025-12-04 07:44:28,176 - INFO - [The Guardian] Article: https://www.theguardian.com/australia-news/2025/dec/04/australia-u16-social-media-ban-children-riskier-platforms-young-nationals
2025-12-04 07:44:28,176 - INFO - [The Guardian] Attempt 1/1: Trying with 'requests_browser' strategy...
2025-12-04 07:44:28,210 - INFO - [The Guardian] Success with 'requests_browser'. Found content (749 words).
2025-12-04 07:44:28,250 - INFO - Duplicate article skipped: ‘Making mental health crisis worse’: Young Nationals warn regional children will be cut off from family by social media ban | Social media ban | The Guardian from The Guardian
2025-12-04 07:44:29,561 - INFO - Selenium driver initialized successfully.
2025-12-04 07:44:29,562 - INFO - Selenium driver initialized successfully.
2025-12-04 07:44:29,562 - INFO - Starting scrape for The Hindu RSS feed: https://www.thehindu.com/news/national/feeder/default.rss
2025-12-04 07:44:29,562 - INFO - Starting scrape for Times of India RSS feed: https://timesofindia.indiatimes.com/rssfeeds/296589292.cms
2025-12-04 07:44:29,729 - INFO - Found 20 articles in Times of India RSS feed. Processing up to 20.
2025-12-04 07:44:29,729 - INFO - [Times of India] Article: https://timesofindia.indiatimes.com/world/middle-east/uae-public-holidays-2026-your-guide-to-dates-extended-weekends-and-school-holidays/articleshow/125760667.cms
2025-12-04 07:44:29,729 - INFO - [Times of India] Attempt 1/1: Trying with 'selenium_browser' strategy...
2025-12-04 07:44:29,829 - INFO - Found 100 articles in The Hindu RSS feed. Processing up to 20.
2025-12-04 07:44:29,829 - INFO - [The Hindu] Article: https://www.thehindu.com/news/national/assam/pm-on-two-day-visit-to-assam-from-dec-20-cm-himanta-reviews-preparations/article70356724.ece
2025-12-04 07:44:29,829 - INFO - [The Hindu] Attempt 1/1: Trying with 'selenium_browser' strategy...
2025-12-04 07:44:33,042 - INFO - [The Hindu] Page content loaded.
2025-12-04 07:44:33,180 - INFO - [The Hindu] Success with 'selenium_browser'. Found content (289 words).
2025-12-04 07:44:51,103 - INFO - Saved article: PM on two-day visit to Assam from Dec 20, CM Himanta reviews preparations - The Hindu from The Hindu
2025-12-04 07:44:51,933 - INFO - [The Hindu] Article: https://www.thehindu.com/news/national/manipur/manipur-will-face-existential-crisis-if-action-not-taken-against-deforestation-former-cm-biren/article70356490.ece
2025-12-04 07:44:51,934 - INFO - [The Hindu] Attempt 1/1: Trying with 'selenium_browser' strategy...
2025-12-04 07:44:53,164 - INFO - [The Hindu] Page content loaded.
2025-12-04 07:44:53,244 - INFO - [The Hindu] Success with 'selenium_browser'. Found content (173 words).
2025-12-04 07:45:04,321 - INFO - Saved article: Manipur will face existential crisis if action not taken against deforestation: Former CM Biren - The Hindu from The Hindu
2025-12-04 07:45:05,315 - INFO - [The Hindu] Article: https://www.thehindu.com/news/national/navy-day-president-murmu-salutes-bravery-of-navy-personnel/article70356613.ece
2025-12-04 07:45:05,315 - INFO - [The Hindu] Attempt 1/1: Trying with 'selenium_browser' strategy...
2025-12-04 07:45:06,182 - INFO - [The Hindu] Page content loaded.
2025-12-04 07:45:06,221 - INFO - [The Hindu] Success with 'selenium_browser'. Found content (161 words).
2025-12-04 07:45:17,432 - INFO - Saved article: Navy Day: President Murmu salutes bravery of Navy personnel - The Hindu from The Hindu
2025-12-04 07:45:18,128 - INFO - [The Hindu] Article: https://www.thehindu.com/news/national/maharashtra/bhima-koregaon-case-bombay-high-court-grants-bail-to-former-delhi-university-professor-hany-babu/article70356674.ece
2025-12-04 07:45:18,128 - INFO - [The Hindu] Attempt 1/1: Trying with 'selenium_browser' strategy...
2025-12-04 07:45:19,007 - INFO - [The Hindu] Page content loaded.
2025-12-04 07:45:19,047 - INFO - [The Hindu] Success with 'selenium_browser'. Found content (258 words).
2025-12-04 07:45:19,091 - INFO - Duplicate article skipped: Bhima Koregaon case: Bombay High Court grants bail to former Delhi University professor Hany Babu - The Hindu from The Hindu
2025-12-04 07:45:20,352 - INFO - [The Hindu] Article: https://www.thehindu.com/news/national/west-bengal/humayun-kabir-tmc-mla-who-gave-call-for-babri-masjid-construction-suspended-from-party/article70356573.ece
2025-12-04 07:45:20,352 - INFO - [The Hindu] Attempt 1/1: Trying with 'selenium_browser' strategy...
2025-12-04 07:45:21,162 - INFO - [The Hindu] Page content loaded.
2025-12-04 07:45:21,202 - INFO - [The Hindu] Success with 'selenium_browser'. Found content (348 words).
2025-12-04 07:45:21,245 - INFO - Duplicate article skipped: Humayun Kabir, TMC MLA who gave call for Babri Masjid construction, suspended from party - The Hindu from The Hindu
2025-12-04 07:45:21,958 - INFO - [The Hindu] Article: https://www.thehindu.com/news/national/remarks-against-army-sc-extends-stay-on-trial-court-proceedings-against-rahul-gandhi-till-april-22/article70356616.ece
2025-12-04 07:45:21,958 - INFO - [The Hindu] Attempt 1/1: Trying with 'selenium_browser' strategy...
2025-12-04 07:45:22,893 - INFO - [The Hindu] Page content loaded.
2025-12-04 07:45:22,935 - INFO - [The Hindu] Success with 'selenium_browser'. Found content (409 words).
2025-12-04 07:45:22,978 - INFO - Duplicate article skipped: Remarks against Army: SC extends stay on trial court proceedings against Rahul Gandhi till April 22 - The Hindu from The Hindu
2025-12-04 07:45:24,383 - INFO - [The Hindu] Article: https://www.thehindu.com/news/cities/Hyderabad/telangana-police-websites-go-offline-after-people-were-redirected-to-gaming-site/article70356610.ece
2025-12-04 07:45:24,383 - INFO - [The Hindu] Attempt 1/1: Trying with 'selenium_browser' strategy...
2025-12-04 07:45:25,155 - INFO - [The Hindu] Page content loaded.
2025-12-04 07:45:25,197 - INFO - [The Hindu] Success with 'selenium_browser'. Found content (384 words).
2025-12-04 07:45:25,240 - INFO - Duplicate article skipped: Telangana police websites go offline after people were redirected to gaming-site - The Hindu from The Hindu
2025-12-04 07:45:26,432 - INFO - [The Hindu] Article: https://www.thehindu.com/news/national/supreme-court-asks-hcs-to-provide-details-of-pending-acid-attack-trials-across-country/article70356623.ece
2025-12-04 07:45:26,432 - INFO - [The Hindu] Attempt 1/1: Trying with 'selenium_browser' strategy...
2025-12-04 07:45:27,244 - INFO - [The Hindu] Page content loaded.
2025-12-04 07:45:27,286 - INFO - [The Hindu] Success with 'selenium_browser'. Found content (564 words).
2025-12-04 07:45:27,330 - INFO - Duplicate article skipped: Show no sympathy to acid attackers, entire system must respond against them: CJI - The Hindu from The Hindu
2025-12-04 07:45:27,841 - INFO - [The Hindu] Article: https://www.thehindu.com/business/Industry/lean-manpower-hiring-freeze-caused-current-disruption-for-indigo-pilots-body/article70356407.ece
2025-12-04 07:45:27,841 - INFO - [The Hindu] Attempt 1/1: Trying with 'selenium_browser' strategy...
2025-12-04 07:45:28,467 - INFO - [The Hindu] Page content loaded.
2025-12-04 07:45:28,507 - INFO - [The Hindu] Success with 'selenium_browser'. Found content (652 words).
2025-12-04 07:45:28,552 - INFO - Duplicate article skipped: Lean manpower, hiring freeze caused current disruption for IndiGo: Pilots' body - The Hindu from The Hindu
2025-12-04 07:45:29,276 - INFO - [The Hindu] Article: https://www.thehindu.com/news/national/andhra-pradesh/gautam-adani-meets-andhra-pradesh-cm-chandrababu-naidu/article70356085.ece
2025-12-04 07:45:29,276 - INFO - [The Hindu] Attempt 1/1: Trying with 'selenium_browser' strategy...
2025-12-04 07:45:29,742 - ERROR - [Times of India] Request failed for strategy 'selenium_browser' on URL https://timesofindia.indiatimes.com/world/middle-east/uae-public-holidays-2026-your-guide-to-dates-extended-weekends-and-school-holidays/articleshow/125760667.cms: Message: timeout: Timed out receiving message from renderer: 59.901
  (Session info: chrome=142.0.7444.175)
Stacktrace:
#0 0x55860dab24ca <unknown>
#1 0x55860d500e4b <unknown>
#2 0x55860d4e8e14 <unknown>
#3 0x55860d4e8af7 <unknown>
#4 0x55860d4e68ff <unknown>
#5 0x55860d4e727f <unknown>
#6 0x55860d4f5cb3 <unknown>
#7 0x55860d50f5f1 <unknown>
#8 0x55860d515dfb <unknown>
#9 0x55860d4e79bd <unknown>
#10 0x55860d50f399 <unknown>
#11 0x55860d5a0169 <unknown>
#12 0x55860d545c2a <unknown>
#13 0x55860d546931 <unknown>
#14 0x55860da78cf9 <unknown>
#15 0x55860da7bcdc <unknown>
#16 0x55860da61f79 <unknown>
#17 0x55860da7c8b5 <unknown>
#18 0x55860da499c3 <unknown>
#19 0x55860da9f228 <unknown>
#20 0x55860da9f403 <unknown>
#21 0x55860dab1463 <unknown>
#22 0x7fea6d29caa4 <unknown>
#23 0x7fea6d329c6c <unknown>

2025-12-04 07:45:29,742 - ERROR - [Times of India] All scrape strategies failed for https://timesofindia.indiatimes.com/world/middle-east/uae-public-holidays-2026-your-guide-to-dates-extended-weekends-and-school-holidays/articleshow/125760667.cms. Falling back to RSS description.
2025-12-04 07:45:29,742 - INFO - Duplicate article skipped: UAE public holidays 2026: Your guide to dates, extended weekends, and school holidays from Times of India
2025-12-04 07:45:30,005 - INFO - [The Hindu] Page content loaded.
2025-12-04 07:45:30,047 - WARNING - [The Hindu] FAILED with 'selenium_browser' (content was too short: 67 words).
2025-12-04 07:45:30,047 - ERROR - [The Hindu] All scrape strategies failed for https://www.thehindu.com/news/national/andhra-pradesh/gautam-adani-meets-andhra-pradesh-cm-chandrababu-naidu/article70356085.ece. Falling back to RSS description.
2025-12-04 07:45:30,322 - INFO - [Times of India] Article: https://timesofindia.indiatimes.com/world/middle-east/kuwait-bans-unlicensed-currency-exchange-as-illegal-operators-risk-jail-kd3000-fine/articleshow/125760038.cms
2025-12-04 07:45:30,323 - INFO - [Times of India] Attempt 1/1: Trying with 'selenium_browser' strategy...
2025-12-04 07:45:33,245 - INFO - [Times of India] Page content loaded.
2025-12-04 07:45:33,601 - INFO - [Times of India] Success with 'selenium_browser'. Found content (493 words).
2025-12-04 07:45:48,892 - INFO - Saved article: Gautam Adani meets Andhra Pradesh CM Chandrababu Naidu from The Hindu
2025-12-04 07:45:48,892 - INFO - Duplicate article skipped: Kuwait bans unlicensed currency exchange as illegal operators risk jail, KD3,000 fine | World News - The Times of India from Times of India
2025-12-04 07:45:49,438 - INFO - [The Hindu] Article: https://www.thehindu.com/news/national/watchmodi-and-putin-to-meet-in-delhi-today-trade-and-defence-deals-likely-on-the-table/article70356603.ece
2025-12-04 07:45:49,438 - INFO - [The Hindu] Attempt 1/1: Trying with 'selenium_browser' strategy...
2025-12-04 07:45:49,745 - INFO - [Times of India] Article: https://timesofindia.indiatimes.com/world/us/ironic-erika-kirk-reacts-to-high-number-of-women-voting-for-zohran-mamdani-what-she-said/articleshow/125760103.cms
2025-12-04 07:45:49,745 - INFO - [Times of India] Attempt 1/1: Trying with 'selenium_browser' strategy...
2025-12-04 07:45:50,442 - INFO - [The Hindu] Page content loaded.
2025-12-04 07:45:50,518 - INFO - [The Hindu] Success with 'selenium_browser'. Found content (148 words).
2025-12-04 07:45:53,380 - INFO - [Times of India] Page content loaded.
2025-12-04 07:45:53,844 - INFO - [Times of India] Success with 'selenium_browser'. Found content (250 words).
2025-12-04 07:46:05,491 - INFO - DEDUPLICATION: Found match (Score: 0.76). Linking to Cluster ID: 905fd295-f179-4863-bf93-a1ddfc8e953b
2025-12-04 07:46:05,494 - INFO - Saved article: Watch: Modi and Putin to meet in Delhi today, trade and defence deals likely on the table - The Hindu from The Hindu
2025-12-04 07:46:06,494 - INFO - [The Hindu] Article: https://www.thehindu.com/news/national/haryana/haryana-woman-kills-three-girls-over-two-years-murders-son-to-avoid-suspicion/article70356516.ece
2025-12-04 07:46:06,494 - INFO - [The Hindu] Attempt 1/1: Trying with 'selenium_browser' strategy...
2025-12-04 07:46:07,769 - INFO - [The Hindu] Page content loaded.
2025-12-04 07:46:07,909 - INFO - [The Hindu] Success with 'selenium_browser'. Found content (525 words).
2025-12-04 07:46:16,486 - INFO - Saved article: ‘Ironic’: Erika Kirk reacts to high number of women voting for Zohran Mamdani - what she said - The Times of India from Times of India
2025-12-04 07:46:16,997 - INFO - [Times of India] Article: https://timesofindia.indiatimes.com/world/us/matthew-perry-death-case-doctor-who-sold-ketamine-to-friends-star-sentenced-called-him-moron-he-could-exploit/articleshow/125758026.cms
2025-12-04 07:46:16,998 - INFO - [Times of India] Attempt 1/1: Trying with 'selenium_browser' strategy...
2025-12-04 07:46:18,843 - INFO - [Times of India] Page content loaded.
2025-12-04 07:46:19,045 - INFO - [Times of India] Success with 'selenium_browser'. Found content (429 words).
2025-12-04 07:46:28,514 - INFO - Saved article: Haryana woman kills three girls over two years, murders son to avoid suspicion - The Hindu from The Hindu
2025-12-04 07:46:29,441 - INFO - [The Hindu] Article: https://www.thehindu.com/news/national/kerala/kerala-youth-congress-leader-shahanas-feels-the-heat-as-she-speaks-out-against-rahul-mamkootathil-shafi-parambil/article70356525.ece
2025-12-04 07:46:29,441 - INFO - [The Hindu] Attempt 1/1: Trying with 'selenium_browser' strategy...
2025-12-04 07:46:30,989 - INFO - [The Hindu] Page content loaded.
2025-12-04 07:46:31,114 - INFO - [The Hindu] Success with 'selenium_browser'. Found content (365 words).
2025-12-04 07:46:39,166 - INFO - DEDUPLICATION: Found match (Score: 0.83). Linking to Cluster ID: 40d152a5-468f-4d83-a1fb-33b15b04d48c
2025-12-04 07:46:39,169 - INFO - Saved article: Matthew Perry death case: Doctor who sold Ketamine to ‘Friends’ star sentenced, called him ‘moron’ he could exploit - The Times of India from Times of India
2025-12-04 07:46:39,169 - INFO - Duplicate article skipped: Kerala Youth Congress leader Shahanas feels the heat as she speaks out against Rahul Mamkootathil, Shafi Parambil - The Hindu from The Hindu
2025-12-04 07:46:40,315 - INFO - [Times of India] Article: https://timesofindia.indiatimes.com/world/middle-east/oman-muscat-parks-to-temporarily-close-ahead-of-muscat-nights-2025-preparations/articleshow/125759905.cms
2025-12-04 07:46:40,315 - INFO - [Times of India] Attempt 1/1: Trying with 'selenium_browser' strategy...
2025-12-04 07:46:40,441 - INFO - [The Hindu] Article: https://www.thehindu.com/news/cities/Hyderabad/neopolis-yields-3078-crore-for-hmda-15125-crore-per-acre-is-highest-price-yield/article70354194.ece
2025-12-04 07:46:40,441 - INFO - [The Hindu] Attempt 1/1: Trying with 'selenium_browser' strategy...
2025-12-04 07:46:41,310 - INFO - [The Hindu] Page content loaded.
2025-12-04 07:46:41,353 - INFO - [The Hindu] Success with 'selenium_browser'. Found content (230 words).
2025-12-04 07:46:41,397 - INFO - Duplicate article skipped: Neopolis yields ₹3,078 crore for HMDA; ₹151.25 crore per acre is highest price yield - The Hindu from The Hindu
2025-12-04 07:46:42,438 - INFO - [Times of India] Page content loaded.
2025-12-04 07:46:42,558 - INFO - [Times of India] Success with 'selenium_browser'. Found content (341 words).
2025-12-04 07:46:42,818 - INFO - [The Hindu] Article: https://www.thehindu.com/news/national/cyclone-ditwah-impact-iaf-airlifts-65-tonne-bailey-bridge-to-colombo-amid-indias-efforts-to-aid-sri-lanka/article70356410.ece
2025-12-04 07:46:42,818 - INFO - [The Hindu] Attempt 1/1: Trying with 'selenium_browser' strategy...
2025-12-04 07:46:44,326 - INFO - [The Hindu] Page content loaded.
2025-12-04 07:46:44,526 - INFO - [The Hindu] Success with 'selenium_browser'. Found content (289 words).
2025-12-04 07:46:55,269 - INFO - Saved article: Oman: Muscat parks to temporarily close ahead of Muscat Nights 2025 preparations | World News - The Times of India from Times of India
2025-12-04 07:46:55,269 - INFO - Duplicate article skipped: Cyclone Ditwah impact: IAF airlifts 65-tonne Bailey Bridge to Colombo amid India’s efforts to aid Sri Lanka - The Hindu from The Hindu
2025-12-04 07:46:56,381 - INFO - [Times of India] Article: https://timesofindia.indiatimes.com/world/middle-east/dubai-joins-global-resilient-cities-network-marking-a-new-step-in-urban-readiness/articleshow/125759696.cms
2025-12-04 07:46:56,381 - INFO - [Times of India] Attempt 1/1: Trying with 'selenium_browser' strategy...
2025-12-04 07:46:56,666 - INFO - [The Hindu] Article: https://www.thehindu.com/news/national/state-must-not-prosecute-citizens-without-reasonable-prospect-of-conviction-supreme-court-judgment/article70356391.ece
2025-12-04 07:46:56,666 - INFO - [The Hindu] Attempt 1/1: Trying with 'selenium_browser' strategy...
2025-12-04 07:46:57,520 - INFO - [The Hindu] Page content loaded.
2025-12-04 07:46:57,569 - INFO - [The Hindu] Success with 'selenium_browser'. Found content (477 words).
2025-12-04 07:46:57,661 - INFO - Duplicate article skipped: State must not prosecute citizens without reasonable prospect of conviction: Supreme Court judgment - The Hindu from The Hindu
2025-12-04 07:46:58,801 - INFO - [The Hindu] Article: https://www.thehindu.com/news/national/india-russia-ties-direct-outcome-of-indo-soviet-partnership-cemented-in-1955-congress/article70356443.ece
2025-12-04 07:46:58,801 - INFO - [The Hindu] Attempt 1/1: Trying with 'selenium_browser' strategy...
2025-12-04 07:46:58,852 - INFO - [Times of India] Page content loaded.
2025-12-04 07:46:58,998 - INFO - [Times of India] Success with 'selenium_browser'. Found content (503 words).
2025-12-04 07:47:00,289 - INFO - [The Hindu] Page content loaded.
2025-12-04 07:47:00,666 - INFO - [The Hindu] Success with 'selenium_browser'. Found content (477 words).
2025-12-04 07:47:17,038 - INFO - Saved article: Dubai joins Global Resilient Cities Network, Marking a new step in urban readiness | World News - The Times of India from Times of India
2025-12-04 07:47:17,038 - INFO - Duplicate article skipped: India-Russia ties direct outcome of Indo-Soviet partnership cemented in 1955: Congress - The Hindu from The Hindu
2025-12-04 07:47:18,231 - INFO - [The Hindu] Article: https://www.thehindu.com/news/national/kerala/customs-foils-alleged-bid-to-smuggle-11-endangered-birds-at-kochi-airport-in-kerala/article70356453.ece
2025-12-04 07:47:18,231 - INFO - [The Hindu] Attempt 1/1: Trying with 'selenium_browser' strategy...
2025-12-04 07:47:18,389 - INFO - [Times of India] Article: https://timesofindia.indiatimes.com/world/us/gavin-newsom-urges-democrats-to-be-culturally-normal-slams-fox-as-pravda-for-trump/articleshow/125757455.cms
2025-12-04 07:47:18,389 - INFO - [Times of India] Attempt 1/1: Trying with 'selenium_browser' strategy...
2025-12-04 07:47:19,211 - INFO - [The Hindu] Page content loaded.
2025-12-04 07:47:19,290 - INFO - [The Hindu] Success with 'selenium_browser'. Found content (181 words).
2025-12-04 07:47:19,410 - INFO - Duplicate article skipped: Customs foils alleged bid to smuggle 11 endangered birds at Kochi airport in Kerala - The Hindu from The Hindu
2025-12-04 07:47:20,406 - INFO - [The Hindu] Article: https://www.thehindu.com/society/what-do-stranger-things-john-lennon-and-malayalis-have-in-common/article70337962.ece
2025-12-04 07:47:20,407 - INFO - [The Hindu] Attempt 1/1: Trying with 'selenium_browser' strategy...
2025-12-04 07:47:21,203 - INFO - [Times of India] Page content loaded.
2025-12-04 07:47:21,355 - INFO - [Times of India] Success with 'selenium_browser'. Found content (380 words).
2025-12-04 07:47:21,419 - INFO - [The Hindu] Page content loaded.
2025-12-04 07:47:21,456 - INFO - Duplicate article skipped: Gavin Newsom urges Democrats to be culturally normal, slams Fox as 'Pravda' for Trump - The Times of India from Times of India
2025-12-04 07:47:21,512 - INFO - [The Hindu] Success with 'selenium_browser'. Found content (734 words).
2025-12-04 07:47:21,609 - INFO - Duplicate article skipped: What do ‘Stranger Things’, John Lennon and Malayalis have in common - The Hindu from The Hindu
2025-12-04 07:47:22,003 - INFO - [Times of India] Article: https://timesofindia.indiatimes.com/world/middle-east/uae-weather-alert-temperatures-to-fall-6c-as-rain-and-dense-fog-expected/articleshow/125759153.cms
2025-12-04 07:47:22,003 - INFO - [Times of India] Attempt 1/1: Trying with 'selenium_browser' strategy...
2025-12-04 07:47:22,889 - INFO - [The Hindu] Article: https://www.thehindu.com/news/cities/Hyderabad/mou-signed-to-expand-services-for-children-with-developmental-disabilities/article70353290.ece
2025-12-04 07:47:22,889 - INFO - [The Hindu] Attempt 1/1: Trying with 'selenium_browser' strategy...
2025-12-04 07:47:24,053 - INFO - [Times of India] Page content loaded.
2025-12-04 07:47:24,063 - INFO - [The Hindu] Page content loaded.
2025-12-04 07:47:24,128 - INFO - [The Hindu] Success with 'selenium_browser'. Found content (121 words).
2025-12-04 07:47:24,510 - INFO - Duplicate article skipped: MoU signed to expand services for children with developmental disabilities - The Hindu from The Hindu
2025-12-04 07:47:24,547 - INFO - [Times of India] Success with 'selenium_browser'. Found content (591 words).
2025-12-04 07:47:25,176 - INFO - [The Hindu] (Thread) Finished. Attempting to shut down its Selenium driver.
2025-12-04 07:47:25,425 - INFO - [The Hindu] (Thread) driver.quit() successful.
2025-12-04 07:47:38,328 - INFO - Saved article: UAE weather alert: Temperatures to fall 6°C as rain and dense fog expected | World News - The Times of India from Times of India
2025-12-04 07:47:39,340 - INFO - [Times of India] Article: https://timesofindia.indiatimes.com/science/geminids-meteor-shower-2025-when-and-where-to-watch-the-spectacular-december-nights-with-up-to-120-shooting-stars-per-hour/articleshow/125757691.cms
2025-12-04 07:47:39,340 - INFO - [Times of India] Attempt 1/1: Trying with 'selenium_browser' strategy...
2025-12-04 07:47:41,135 - INFO - [Times of India] Page content loaded.
2025-12-04 07:47:41,332 - INFO - [Times of India] Success with 'selenium_browser'. Found content (711 words).
2025-12-04 07:47:52,730 - INFO - Saved article: Geminids meteor shower 2025: When and where to watch the spectacular December nights with up to 120 shooting stars per hour | - The Times of India from Times of India
2025-12-04 07:47:54,217 - INFO - [Times of India] Article: https://timesofindia.indiatimes.com/world/us/would-like-to-end-war-donald-trump-says-putin-gave-impression-of-wanting-to-end-ukraine-conflict-hails-very-good-talks/articleshow/125757197.cms
2025-12-04 07:47:54,217 - INFO - [Times of India] Attempt 1/1: Trying with 'selenium_browser' strategy...
2025-12-04 07:47:55,302 - INFO - [Times of India] Page content loaded.
2025-12-04 07:47:55,413 - INFO - [Times of India] Success with 'selenium_browser'. Found content (520 words).
2025-12-04 07:47:55,470 - INFO - Duplicate article skipped: ‘Would like to end war’: Donald Trump says Putin gave impression of wanting to end Ukraine conflict; hails ‘very good’ talks - The Times of India from Times of India
2025-12-04 07:47:56,616 - INFO - [Times of India] Article: https://timesofindia.indiatimes.com/world/us/human-rights-crisis-in-pakistan-over-40-lawmakers-write-to-us-secretary-of-state-marco-rubio-express-concern-over-sharif-munir-regime/articleshow/125757681.cms
2025-12-04 07:47:56,616 - INFO - [Times of India] Attempt 1/1: Trying with 'selenium_browser' strategy...
2025-12-04 07:47:57,373 - INFO - [Times of India] Page content loaded.
2025-12-04 07:47:57,465 - INFO - [Times of India] Success with 'selenium_browser'. Found content (327 words).
2025-12-04 07:47:57,524 - INFO - Duplicate article skipped: 'Human rights crisis in Pakistan': Over 40 lawmakers write to US secretary of state Marco Rubio; express concern over Sharif-Munir regime - The Times of India from Times of India
2025-12-04 07:47:58,573 - INFO - [Times of India] Article: https://timesofindia.indiatimes.com/world/pakistan/play-on-the-front-foot-ex-pak-pm-imran-khan-fires-sharp-salvo-at-asim-munir-calls-him-mentally-unstable-man/articleshow/125757647.cms
2025-12-04 07:47:58,573 - INFO - [Times of India] Attempt 1/1: Trying with 'selenium_browser' strategy...
2025-12-04 07:47:59,501 - INFO - [Times of India] Page content loaded.
2025-12-04 07:47:59,610 - INFO - [Times of India] Success with 'selenium_browser'. Found content (565 words).
2025-12-04 07:47:59,665 - INFO - Duplicate article skipped: 'Play on the front foot': Ex-Pak PM Imran Khan fires sharp salvo at Asim Munir; calls him 'mentally unstable man' - The Times of India from Times of India
2025-12-04 07:48:00,184 - INFO - [Times of India] Article: https://timesofindia.indiatimes.com/business/international-business/h-1b-visa-row-trump-admin-orders-enhanced-vetting-for-applicants-what-are-the-new-requirements/articleshow/125756220.cms
2025-12-04 07:48:00,184 - INFO - [Times of India] Attempt 1/1: Trying with 'selenium_browser' strategy...
2025-12-04 07:48:01,360 - INFO - [Times of India] Page content loaded.
2025-12-04 07:48:01,482 - INFO - [Times of India] Success with 'selenium_browser'. Found content (753 words).
2025-12-04 07:48:01,536 - INFO - Duplicate article skipped: H-1B visa row: Trump admin orders enhanced vetting for applicants — what are the new requirements? - The Times of India from Times of India
2025-12-04 07:48:02,111 - INFO - [Times of India] Article: https://timesofindia.indiatimes.com/world/us/greatest-scandals-of-all-time-scott-bessent-rips-nyt-for-alleged-trumps-fake-health-report-publication-hits-back/articleshow/125756260.cms
2025-12-04 07:48:02,111 - INFO - [Times of India] Attempt 1/1: Trying with 'selenium_browser' strategy...
2025-12-04 07:48:02,801 - INFO - [Times of India] Page content loaded.
2025-12-04 07:48:02,910 - INFO - [Times of India] Success with 'selenium_browser'. Found content (492 words).
2025-12-04 07:48:02,984 - INFO - Duplicate article skipped: ‘Greatest scandals of all time’: Scott Bessent rips NYT for alleged Trump’s ‘fake’ health report; publication hits back - The Times of India from Times of India
2025-12-04 07:48:04,280 - INFO - [Times of India] Article: https://timesofindia.indiatimes.com/world/us/kill-all-for-martyrdom-how-pak-immigrant-allegedly-planned-to-attack-us-university-of-delaware-police-campus-details/articleshow/125756393.cms
2025-12-04 07:48:04,280 - INFO - [Times of India] Attempt 1/1: Trying with 'selenium_browser' strategy...
2025-12-04 07:48:05,084 - INFO - [Times of India] Page content loaded.
2025-12-04 07:48:05,199 - INFO - [Times of India] Success with 'selenium_browser'. Found content (448 words).
2025-12-04 07:48:05,265 - INFO - Duplicate article skipped: 'Kill all' for 'martyrdom': How Pakistani immigrant allegedly planned to attack US University of Delaware police campus - details - The Times of India from Times of India
2025-12-04 07:48:06,591 - INFO - [Times of India] Article: https://timesofindia.indiatimes.com/world/us/not-all-of-us-are-criminals-immigration-sweep-in-new-orleans-intensifies-officials-aim-for-maximum-arrests/articleshow/125755962.cms
2025-12-04 07:48:06,591 - INFO - [Times of India] Attempt 1/1: Trying with 'selenium_browser' strategy...
2025-12-04 07:48:07,598 - INFO - [Times of India] Page content loaded.
2025-12-04 07:48:07,719 - INFO - [Times of India] Success with 'selenium_browser'. Found content (743 words).
2025-12-04 07:48:07,782 - INFO - Duplicate article skipped: ‘Not all of us are criminals’: Immigration sweep in New Orleans intensifies; officials aim for maximum arrests - The Times of India from Times of India
2025-12-04 07:48:09,066 - INFO - [Times of India] Article: https://timesofindia.indiatimes.com/world/pakistan/loss-making-pia-on-block-pak-moves-to-sell-national-carrier-previous-bid-failed/articleshow/125756006.cms
2025-12-04 07:48:09,066 - INFO - [Times of India] Attempt 1/1: Trying with 'selenium_browser' strategy...
2025-12-04 07:48:09,844 - INFO - [Times of India] Page content loaded.
2025-12-04 07:48:09,938 - INFO - [Times of India] Success with 'selenium_browser'. Found content (263 words).
2025-12-04 07:48:10,007 - INFO - Duplicate article skipped: Loss-making PIA on block: Pak moves to sell national carrier; previous bid failed - The Times of India from Times of India
2025-12-04 07:48:11,269 - INFO - [Times of India] Article: https://timesofindia.indiatimes.com/world/us/the-26-minute-tuesday-crash-51-wipeout-that-deepened-trumps-crypto-woes/articleshow/125756080.cms
2025-12-04 07:48:11,269 - INFO - [Times of India] Attempt 1/1: Trying with 'selenium_browser' strategy...
2025-12-04 07:48:12,204 - INFO - [Times of India] Page content loaded.
2025-12-04 07:48:12,337 - INFO - [Times of India] Success with 'selenium_browser'. Found content (528 words).
2025-12-04 07:48:12,430 - INFO - Duplicate article skipped: The 26-minute Tuesday crash, 51% wipeout that deepened Trumps’ crypto woes - The Times of India from Times of India
2025-12-04 07:48:13,023 - INFO - [Times of India] Article: https://timesofindia.indiatimes.com/world/us/destroyed-our-country-trump-again-targets-ilhan-omar-somalis-she-hits-back-aksing-if-hes-pedophile/articleshow/125755691.cms
2025-12-04 07:48:13,023 - INFO - [Times of India] Attempt 1/1: Trying with 'selenium_browser' strategy...
2025-12-04 07:48:14,153 - INFO - [Times of India] Page content loaded.
2025-12-04 07:48:14,307 - INFO - [Times of India] Success with 'selenium_browser'. Found content (423 words).
2025-12-04 07:48:14,413 - INFO - Duplicate article skipped: ‘Destroyed our country’: Trump again targets Ilhan Omar, Somalis; she hits back asking if he’s ‘pedophile’ - The Times of India from Times of India
2025-12-04 07:48:15,691 - INFO - [Times of India] Article: https://timesofindia.indiatimes.com/world/us/president-of-peace-us-state-department-rebrands-usip-after-trump-ahead-of-rwanda-drc-deal/articleshow/125755840.cms
2025-12-04 07:48:15,691 - INFO - [Times of India] Attempt 1/1: Trying with 'selenium_browser' strategy...
2025-12-04 07:48:16,533 - INFO - [Times of India] Page content loaded.
2025-12-04 07:48:16,642 - INFO - [Times of India] Success with 'selenium_browser'. Found content (393 words).
2025-12-04 07:48:16,722 - INFO - Duplicate article skipped: ‘President of peace’: US state department rebrands USIP after Trump, ahead of Rwanda-DRC deal - The Times of India from Times of India
2025-12-04 07:48:17,701 - INFO - [Times of India] (Thread) Finished. Attempting to shut down its Selenium driver.
2025-12-04 07:48:17,968 - INFO - [Times of India] (Thread) driver.quit() successful.
2025-12-04 07:48:17,968 - INFO - Shutting down thread pool (wait=False)...
2025-12-04 07:48:17,968 - INFO - Scraped: 6 The Hindu, 0 The Guardian, 0 BBC, 6 Times of India articles. (Total saved: 12)
2025-12-04 07:48:17,968 - INFO - --- Scraping job finished ---
2025-12-04 07:48:17,976 - INFO - --- Scraper service stopped and database connection closed. ---
2025-12-04 07:48:17,976 - INFO - --- Main thread finished. Forcing process exit to kill zombie threads. ---
