2025-11-27 08:34:51,821 - INFO - Loading AI Semantic Model (all-MiniLM-L6-v2)...
2025-11-27 08:34:51,821 - INFO - Use pytorch device_name: cpu
2025-11-27 08:34:51,821 - INFO - Load pretrained SentenceTransformer: all-MiniLM-L6-v2
2025-11-27 08:34:52,873 - INFO - AI Model loaded successfully.
2025-11-27 08:34:52,873 - INFO - Initializing database connection at: news_articles.db
2025-11-27 08:34:52,874 - INFO - --- Scraper service started (CI Mode: Run Once) ---
2025-11-27 08:34:52,874 - INFO - --- Starting new scraping job (Parallel Mode) ---
2025-11-27 08:34:52,874 - INFO - Creating new robust session with 3 retries on 5xx/connection/read errors.
2025-11-27 08:34:52,874 - INFO - Proxy is DISABLED.
2025-11-27 08:34:52,874 - INFO - Starting scrape for BBC RSS feed: http://feeds.bbci.co.uk/news/world/rss.xml
2025-11-27 08:34:52,875 - INFO - [Times of India] (Thread) requires Selenium. Initializing driver...
2025-11-27 08:34:52,875 - INFO - Initializing headless Selenium Chrome driver (using SeleniumManager)...
2025-11-27 08:34:52,876 - INFO - Starting scrape for The Guardian RSS feed: https://www.theguardian.com/world/rss
2025-11-27 08:34:52,877 - INFO - [The Hindu] (Thread) requires Selenium. Initializing driver...
2025-11-27 08:34:52,877 - INFO - Initializing headless Selenium Chrome driver (using SeleniumManager)...
2025-11-27 08:34:52,878 - INFO - Submitted 4 jobs to thread pool. Waiting up to 300s for completion...
2025-11-27 08:34:53,147 - INFO - Found 24 articles in BBC RSS feed. Processing up to 20.
2025-11-27 08:34:53,148 - INFO - [BBC] Article: https://www.bbc.com/news/articles/cvgjnlx1g6yo?at_medium=RSS&at_campaign=rss
2025-11-27 08:34:53,148 - INFO - [BBC] Attempt 1/1: Trying with 'requests_browser' strategy...
2025-11-27 08:34:53,155 - INFO - Found 45 articles in The Guardian RSS feed. Processing up to 20.
2025-11-27 08:34:53,155 - INFO - [The Guardian] Article: https://www.theguardian.com/world/2025/nov/26/guinea-bissau-officers-take-total-control-close-borders-amid-election-chaos
2025-11-27 08:34:53,155 - INFO - [The Guardian] Attempt 1/1: Trying with 'requests_browser' strategy...
2025-11-27 08:34:53,313 - INFO - [The Guardian] Success with 'requests_browser'. Found content (412 words).
2025-11-27 08:34:53,348 - INFO - Duplicate article skipped: Guinea-Bissau military takes ‘total control’ amid election chaos | Guinea-Bissau | The Guardian from The Guardian
2025-11-27 08:34:53,606 - INFO - [BBC] Success with 'requests_browser'. Found content (787 words).
2025-11-27 08:34:53,654 - INFO - Duplicate article skipped: Hong Kong residents react as deadly fire tears through housing estate from BBC
2025-11-27 08:34:53,982 - INFO - [The Guardian] Article: https://www.theguardian.com/world/2025/nov/25/nigerian-schoolgirls-rescued-after-mass-abduction-in-kebbi
2025-11-27 08:34:53,982 - INFO - [The Guardian] Attempt 1/1: Trying with 'requests_browser' strategy...
2025-11-27 08:34:54,130 - INFO - [The Guardian] Success with 'requests_browser'. Found content (515 words).
2025-11-27 08:34:54,173 - INFO - Duplicate article skipped: Nigerian schoolgirls rescued after mass abduction in Kebbi | Nigeria | The Guardian from The Guardian
2025-11-27 08:34:54,230 - INFO - [BBC] Article: https://www.bbc.com/news/videos/c1w9q910nz4o?at_medium=RSS&at_campaign=rss
2025-11-27 08:34:54,230 - INFO - [BBC] Attempt 1/1: Trying with 'requests_browser' strategy...
2025-11-27 08:34:54,305 - WARNING - [BBC] FAILED with 'requests_browser' (content was too short: 51 words).
2025-11-27 08:34:54,306 - ERROR - [BBC] All scrape strategies failed for https://www.bbc.com/news/videos/c1w9q910nz4o?at_medium=RSS&at_campaign=rss. Falling back to RSS description.
2025-11-27 08:34:54,306 - INFO - Duplicate article skipped: BBC on the scene of the Hong Kong apartment block blaze from BBC
2025-11-27 08:34:55,140 - INFO - [The Guardian] Article: https://www.theguardian.com/world/2025/nov/25/jacob-zuma-daughter-accused-tricking-men-fighting-for-russia-in-ukraine
2025-11-27 08:34:55,140 - INFO - [The Guardian] Attempt 1/1: Trying with 'requests_browser' strategy...
2025-11-27 08:34:55,304 - INFO - [The Guardian] Success with 'requests_browser'. Found content (656 words).
2025-11-27 08:34:55,351 - INFO - Duplicate article skipped: Jacob Zuma’s daughter accused of tricking men into fighting for Russia in Ukraine | South Africa | The Guardian from The Guardian
2025-11-27 08:34:55,706 - INFO - [BBC] Article: https://www.bbc.com/news/articles/cgex957qg97o?at_medium=RSS&at_campaign=rss
2025-11-27 08:34:55,706 - INFO - [BBC] Attempt 1/1: Trying with 'requests_browser' strategy...
2025-11-27 08:34:55,745 - INFO - [BBC] Success with 'requests_browser'. Found content (717 words).
2025-11-27 08:34:55,782 - INFO - Duplicate article skipped: US suspends immigration requests for Afghans after National Guard shooting from BBC
2025-11-27 08:34:56,057 - INFO - [The Guardian] Article: https://www.theguardian.com/uk-news/2025/nov/24/uk-rejects-nigerian-request-to-deport-former-politican-ike-ekweremadu-jailed-for-organ-trafficking
2025-11-27 08:34:56,057 - INFO - [The Guardian] Attempt 1/1: Trying with 'requests_browser' strategy...
2025-11-27 08:34:56,199 - INFO - [The Guardian] Success with 'requests_browser'. Found content (545 words).
2025-11-27 08:34:56,234 - INFO - Duplicate article skipped: UK rejects Nigerian request to deport former politican jailed for organ trafficking | UK news | The Guardian from The Guardian
2025-11-27 08:34:57,234 - INFO - [BBC] Article: https://www.bbc.com/news/articles/cdd560nvqqdo?at_medium=RSS&at_campaign=rss
2025-11-27 08:34:57,234 - INFO - [BBC] Attempt 1/1: Trying with 'requests_browser' strategy...
2025-11-27 08:34:57,281 - INFO - [BBC] Success with 'requests_browser'. Found content (1896 words).
2025-11-27 08:34:57,452 - INFO - [The Guardian] Article: https://www.theguardian.com/world/2025/nov/24/ethiopian-volcano-hayli-gubbi-erupts-first-time-12000-years
2025-11-27 08:34:57,458 - INFO - [The Guardian] Attempt 1/1: Trying with 'requests_browser' strategy...
2025-11-27 08:34:57,466 - INFO - Duplicate article skipped: Year after ceasefire, peace eludes south Lebanon as Israeli strikes continue from BBC
2025-11-27 08:34:57,610 - INFO - [The Guardian] Success with 'requests_browser'. Found content (306 words).
2025-11-27 08:34:57,653 - INFO - Duplicate article skipped: Ethiopian volcano erupts for first time in 12,000 years | Ethiopia | The Guardian from The Guardian
2025-11-27 08:34:58,376 - INFO - [BBC] Article: https://www.bbc.com/news/articles/cy5g3076lqzo?at_medium=RSS&at_campaign=rss
2025-11-27 08:34:58,376 - INFO - [BBC] Attempt 1/1: Trying with 'requests_browser' strategy...
2025-11-27 08:34:58,415 - INFO - [BBC] Success with 'requests_browser'. Found content (666 words).
2025-11-27 08:34:58,448 - INFO - [The Guardian] Article: https://www.theguardian.com/world/2025/nov/27/st-vincent-prime-minister-seeks-record-sixth-term-in-tight-election
2025-11-27 08:34:58,448 - INFO - [The Guardian] Attempt 1/1: Trying with 'requests_browser' strategy...
2025-11-27 08:34:58,451 - INFO - Duplicate article skipped: Pope Leo heads to Turkey and Lebanon in first foreign trip six months into papacy from BBC
2025-11-27 08:34:58,604 - INFO - [The Guardian] Success with 'requests_browser'. Found content (676 words).
2025-11-27 08:34:58,638 - INFO - Duplicate article skipped: St Vincent prime minister seeks record sixth term in tight election | St Vincent and the Grenadines | The Guardian from The Guardian
2025-11-27 08:34:59,670 - INFO - [BBC] Article: https://www.bbc.com/news/articles/cewj1e1yk2vo?at_medium=RSS&at_campaign=rss
2025-11-27 08:34:59,671 - INFO - [BBC] Attempt 1/1: Trying with 'requests_browser' strategy...
2025-11-27 08:34:59,713 - INFO - [BBC] Success with 'requests_browser'. Found content (1118 words).
2025-11-27 08:34:59,872 - INFO - Selenium driver initialized successfully.
2025-11-27 08:34:59,872 - INFO - Starting scrape for Times of India RSS feed: https://timesofindia.indiatimes.com/rssfeeds/296589292.cms
2025-11-27 08:34:59,874 - INFO - Selenium driver initialized successfully.
2025-11-27 08:34:59,874 - INFO - Starting scrape for The Hindu RSS feed: https://www.thehindu.com/news/national/feeder/default.rss
2025-11-27 08:35:00,130 - INFO - [The Guardian] Article: https://www.theguardian.com/us-news/2025/nov/26/trump-temporary-protected-status-haiti
2025-11-27 08:35:00,130 - INFO - [The Guardian] Attempt 1/1: Trying with 'requests_browser' strategy...
2025-11-27 08:35:00,192 - INFO - Found 20 articles in Times of India RSS feed. Processing up to 20.
2025-11-27 08:35:00,193 - INFO - [Times of India] Article: https://timesofindia.indiatimes.com/world/pakistan/imran-khan-is-fully-healthy-pakistan-jail-rubbishes-health-rumours-khawaja-asif-says-hes-getting-five-star-treatment/articleshow/125607974.cms
2025-11-27 08:35:00,193 - INFO - [Times of India] Attempt 1/1: Trying with 'selenium_browser' strategy...
2025-11-27 08:35:00,314 - INFO - [The Guardian] Success with 'requests_browser'. Found content (409 words).
2025-11-27 08:35:00,354 - INFO - Found 100 articles in The Hindu RSS feed. Processing up to 20.
2025-11-27 08:35:00,359 - INFO - [The Hindu] Article: https://www.thehindu.com/news/national/telangana/telangana-gram-panchayat-polls-2025-election-notice-to-first-phase-issued-sec/article70329484.ece
2025-11-27 08:35:00,359 - INFO - [The Hindu] Attempt 1/1: Trying with 'selenium_browser' strategy...
2025-11-27 08:35:05,642 - INFO - Saved article: Fracking transforms an Argentine town but what about the nation? from BBC
2025-11-27 08:35:05,646 - INFO - Duplicate article skipped: Trump officials halt protected status for Haitians in US | US immigration | The Guardian from The Guardian
2025-11-27 08:35:06,572 - INFO - [The Guardian] Article: https://www.theguardian.com/us-news/2025/nov/26/kristi-noem-deportation-flights-el-salvador
2025-11-27 08:35:06,572 - INFO - [The Guardian] Attempt 1/1: Trying with 'requests_browser' strategy...
2025-11-27 08:35:06,820 - INFO - [The Guardian] Success with 'requests_browser'. Found content (433 words).
2025-11-27 08:35:06,877 - INFO - [BBC] Article: https://www.bbc.com/news/articles/c0edww3qgq2o?at_medium=RSS&at_campaign=rss
2025-11-27 08:35:06,884 - INFO - [BBC] Attempt 1/1: Trying with 'requests_browser' strategy...
2025-11-27 08:35:07,005 - INFO - Duplicate article skipped: Noem made decision to continue deportation flights to El Salvador, justice department says | Trump administration | The Guardian from The Guardian
2025-11-27 08:35:07,079 - INFO - [BBC] Success with 'requests_browser'. Found content (652 words).
2025-11-27 08:35:07,162 - INFO - Duplicate article skipped: Guinea-Bissau coup: Soldiers seize power and detain President Umaro Sissoco Embaló from BBC
2025-11-27 08:35:07,746 - INFO - [The Guardian] Article: https://www.theguardian.com/world/2025/nov/26/maduro-defends-venezuela-against-trump-military
2025-11-27 08:35:07,746 - INFO - [The Guardian] Attempt 1/1: Trying with 'requests_browser' strategy...
2025-11-27 08:35:07,958 - INFO - [The Guardian] Success with 'requests_browser'. Found content (567 words).
2025-11-27 08:35:08,103 - INFO - Duplicate article skipped: Trump threatens Venezuela’s Maduro with ‘the easy way … or the hard way’ | Nicolás Maduro | The Guardian from The Guardian
2025-11-27 08:35:08,200 - INFO - [BBC] Article: https://www.bbc.com/news/articles/cly0jjv2lg1o?at_medium=RSS&at_campaign=rss
2025-11-27 08:35:08,200 - INFO - [BBC] Attempt 1/1: Trying with 'requests_browser' strategy...
2025-11-27 08:35:08,328 - INFO - [BBC] Success with 'requests_browser'. Found content (1341 words).
2025-11-27 08:35:08,513 - INFO - Duplicate article skipped: Russia Ukraine war: Where peace stands after frantic diplomacy from BBC
2025-11-27 08:35:09,121 - INFO - [BBC] Article: https://www.bbc.com/news/articles/c3r7xr94ln8o?at_medium=RSS&at_campaign=rss
2025-11-27 08:35:09,121 - INFO - [BBC] Attempt 1/1: Trying with 'requests_browser' strategy...
2025-11-27 08:35:09,171 - INFO - [The Hindu] Page content loaded.
2025-11-27 08:35:09,343 - INFO - [BBC] Success with 'requests_browser'. Found content (724 words).
2025-11-27 08:35:09,435 - INFO - [The Guardian] Article: https://www.theguardian.com/us-news/2025/nov/25/trump-caribbean-boat-strikes-memo
2025-11-27 08:35:09,456 - INFO - [The Guardian] Attempt 1/1: Trying with 'requests_browser' strategy...
2025-11-27 08:35:09,586 - INFO - Duplicate article skipped: Trump defends Witkoff after leak appears to show envoy coaching Russias from BBC
2025-11-27 08:35:09,636 - INFO - [The Hindu] Success with 'selenium_browser'. Found content (231 words).
2025-11-27 08:35:10,005 - INFO - [The Guardian] Success with 'requests_browser'. Found content (952 words).
2025-11-27 08:35:10,281 - INFO - [BBC] Article: https://www.bbc.com/news/articles/c74x55epn34o?at_medium=RSS&at_campaign=rss
2025-11-27 08:35:10,281 - INFO - [BBC] Attempt 1/1: Trying with 'requests_browser' strategy...
2025-11-27 08:35:10,394 - INFO - [BBC] Success with 'requests_browser'. Found content (303 words).
2025-11-27 08:35:19,251 - INFO - Saved article: Telangana Gram Panchayat Polls 2025 | Election notice to first phase issued: SEC - The Hindu from The Hindu
2025-11-27 08:35:19,251 - INFO - Duplicate article skipped: US justice department memo about boat strikes diverges from Trump narrative | Trump administration | The Guardian from The Guardian
2025-11-27 08:35:19,251 - INFO - Duplicate article skipped: Nicolas Sarkozy illegal campaign financing conviction upheld from BBC
2025-11-27 08:35:19,944 - INFO - [BBC] Article: https://www.bbc.com/news/articles/c9d9l7w1g8yo?at_medium=RSS&at_campaign=rss
2025-11-27 08:35:19,944 - INFO - [BBC] Attempt 1/1: Trying with 'requests_browser' strategy...
2025-11-27 08:35:19,986 - INFO - [BBC] Success with 'requests_browser'. Found content (420 words).
2025-11-27 08:35:20,022 - INFO - Duplicate article skipped: Australia social media ban: Teens challenge law before High Court from BBC
2025-11-27 08:35:20,145 - INFO - [The Hindu] Article: https://www.thehindu.com/news/national/telangana/grievance-module-to-lodge-complaints-with-telangana-state-election-commission/article70329267.ece
2025-11-27 08:35:20,145 - INFO - [The Hindu] Attempt 1/1: Trying with 'selenium_browser' strategy...
2025-11-27 08:35:20,510 - INFO - [The Guardian] Article: https://www.theguardian.com/world/live/2025/nov/27/hong-kong-fire-arrests-dead-killed-hundreds-missing-housing-complex-blaze
2025-11-27 08:35:20,510 - INFO - [The Guardian] Attempt 1/1: Trying with 'requests_browser' strategy...
2025-11-27 08:35:20,936 - INFO - [The Guardian] Success with 'requests_browser'. Found content (1497 words).
2025-11-27 08:35:21,039 - INFO - [BBC] Article: https://www.bbc.com/news/articles/cr4drle9k12o?at_medium=RSS&at_campaign=rss
2025-11-27 08:35:21,040 - INFO - [BBC] Attempt 1/1: Trying with 'requests_browser' strategy...
2025-11-27 08:35:21,042 - INFO - Duplicate article skipped: Hong Kong fire latest: rescue crews search for survivors after 55 killed and hundreds reported missing | Hong Kong | The Guardian from The Guardian
2025-11-27 08:35:21,079 - INFO - [BBC] Success with 'requests_browser'. Found content (493 words).
2025-11-27 08:35:21,135 - INFO - Duplicate article skipped: Chicago man accused of setting train passenger on fire had 72 prior arrests from BBC
2025-11-27 08:35:22,193 - INFO - [BBC] Article: https://www.bbc.com/news/articles/c1dzp050yn2o?at_medium=RSS&at_campaign=rss
2025-11-27 08:35:22,193 - INFO - [BBC] Attempt 1/1: Trying with 'requests_browser' strategy...
2025-11-27 08:35:22,279 - INFO - [BBC] Success with 'requests_browser'. Found content (1232 words).
2025-11-27 08:35:22,617 - INFO - [The Guardian] Article: https://www.theguardian.com/news/2025/nov/27/hong-kong-fire-tai-po-police-blame-construction-company
2025-11-27 08:35:22,617 - INFO - [The Guardian] Attempt 1/1: Trying with 'requests_browser' strategy...
2025-11-27 08:35:22,695 - INFO - Duplicate article skipped: Italian parliament unanimously votes to make femicide a crime from BBC
2025-11-27 08:35:23,206 - INFO - [The Hindu] Page content loaded.
2025-11-27 08:35:23,240 - INFO - [The Guardian] Success with 'requests_browser'. Found content (974 words).
2025-11-27 08:35:23,342 - INFO - Duplicate article skipped: Hong Kong fire: police blame construction firm’s ‘gross negligence’ as death toll rises to 55 | Hong Kong apartment fires | The Guardian from The Guardian
2025-11-27 08:35:23,365 - INFO - [The Hindu] Success with 'selenium_browser'. Found content (122 words).
2025-11-27 08:35:23,514 - INFO - [BBC] Article: https://www.bbc.com/news/articles/ckg97wx144jo?at_medium=RSS&at_campaign=rss
2025-11-27 08:35:23,514 - INFO - [BBC] Attempt 1/1: Trying with 'requests_browser' strategy...
2025-11-27 08:35:23,575 - INFO - [BBC] Success with 'requests_browser'. Found content (534 words).
2025-11-27 08:35:24,696 - INFO - [The Guardian] Article: https://www.theguardian.com/world/2025/nov/27/jakarta-overtakes-tokyo-most-populous-city-world
2025-11-27 08:35:24,696 - INFO - [The Guardian] Attempt 1/1: Trying with 'requests_browser' strategy...
2025-11-27 08:35:25,109 - INFO - [The Guardian] Success with 'requests_browser'. Found content (515 words).
2025-11-27 08:35:28,800 - INFO - DEDUPLICATION: Found match (Score: 0.71). Linking to Cluster ID: 5cc899af-a80b-453b-9a28-24d62bc67170
2025-11-27 08:35:28,802 - INFO - Saved article: Grievance Module to lodge complaints with Telangana State Election Commission - The Hindu from The Hindu
2025-11-27 08:35:28,802 - INFO - Duplicate article skipped: South East Asia floods: Scores killed and thousands evacuated from record rainfall from BBC
2025-11-27 08:35:28,802 - INFO - Duplicate article skipped: Jakarta overtakes Tokyo as world’s most populous city, according to UN | Indonesia | The Guardian from The Guardian
2025-11-27 08:35:29,847 - INFO - [BBC] Article: https://www.bbc.com/news/articles/cdxe9r7wjgro?at_medium=RSS&at_campaign=rss
2025-11-27 08:35:29,848 - INFO - [BBC] Attempt 1/1: Trying with 'requests_browser' strategy...
2025-11-27 08:35:29,851 - INFO - [The Guardian] Article: https://www.theguardian.com/world/2025/nov/26/hong-kong-fire-tai-po-towers
2025-11-27 08:35:29,852 - INFO - [The Guardian] Attempt 1/1: Trying with 'requests_browser' strategy...
2025-11-27 08:35:29,890 - INFO - [BBC] Success with 'requests_browser'. Found content (1232 words).
2025-11-27 08:35:29,930 - INFO - Duplicate article skipped: What we know about the Hong Kong apartment fires from BBC
2025-11-27 08:35:30,022 - INFO - [The Guardian] Success with 'requests_browser'. Found content (742 words).
2025-11-27 08:35:30,067 - INFO - Duplicate article skipped: Death toll in Hong Kong tower block fire rises to 44 with hundreds still missing | Hong Kong | The Guardian from The Guardian
2025-11-27 08:35:30,171 - INFO - [The Hindu] Article: https://www.thehindu.com/news/national/maharashtra/mother-of-martyred-agniveer-moves-bombay-high-court-for-equal-death-benefits/article70329462.ece
2025-11-27 08:35:30,171 - INFO - [The Hindu] Attempt 1/1: Trying with 'selenium_browser' strategy...
2025-11-27 08:35:30,676 - INFO - [The Guardian] Article: https://www.theguardian.com/world/2025/nov/26/bamboo-scaffolding-may-be-to-blame-for-spread-of-hong-kong-tower-block-fire
2025-11-27 08:35:30,677 - INFO - [The Guardian] Attempt 1/1: Trying with 'requests_browser' strategy...
2025-11-27 08:35:30,973 - INFO - [The Hindu] Page content loaded.
2025-11-27 08:35:31,059 - INFO - [The Hindu] Success with 'selenium_browser'. Found content (511 words).
2025-11-27 08:35:31,195 - INFO - [The Guardian] Success with 'requests_browser'. Found content (339 words).
2025-11-27 08:35:31,393 - INFO - [BBC] Article: https://www.bbc.com/news/articles/c208w378gg7o?at_medium=RSS&at_campaign=rss
2025-11-27 08:35:31,393 - INFO - [BBC] Attempt 1/1: Trying with 'requests_browser' strategy...
2025-11-27 08:35:31,492 - INFO - [BBC] Success with 'requests_browser'. Found content (1266 words).
2025-11-27 08:35:36,331 - INFO - Saved article: Mother of martyred Agniveer moves Bombay High Court for equal death benefits - The Hindu from The Hindu
2025-11-27 08:35:36,331 - INFO - Duplicate article skipped: Bamboo scaffolding may be to blame for spread of Hong Kong tower block fire | Hong Kong | The Guardian from The Guardian
2025-11-27 08:35:37,525 - INFO - [The Hindu] Article: https://www.thehindu.com/news/cities/bangalore/eight-year-old-dies-amid-suspected-water-contamination-at-bengaluru-apartment-complex/article70329411.ece
2025-11-27 08:35:37,525 - INFO - [The Hindu] Attempt 1/1: Trying with 'selenium_browser' strategy...
2025-11-27 08:35:37,672 - INFO - [The Guardian] Article: https://www.theguardian.com/australia-news/2025/nov/26/australia-greenhouse-gas-emissions-from-fossil-fuels-down
2025-11-27 08:35:37,673 - INFO - [The Guardian] Attempt 1/1: Trying with 'requests_browser' strategy...
2025-11-27 08:35:37,841 - INFO - [The Guardian] Success with 'requests_browser'. Found content (667 words).
2025-11-27 08:35:40,370 - INFO - [The Hindu] Page content loaded.
2025-11-27 08:35:40,613 - INFO - [The Hindu] Success with 'selenium_browser'. Found content (377 words).
2025-11-27 08:35:41,932 - INFO - Saved article: Georgia's pro-EU protesters defiant year after accession process was halted from BBC
2025-11-27 08:35:43,404 - INFO - [BBC] Article: https://www.bbc.com/news/articles/cx23lyp2dmeo?at_medium=RSS&at_campaign=rss
2025-11-27 08:35:43,404 - INFO - [BBC] Attempt 1/1: Trying with 'requests_browser' strategy...
2025-11-27 08:35:43,463 - INFO - [BBC] Success with 'requests_browser'. Found content (997 words).
2025-11-27 08:35:46,268 - INFO - Saved article: Australia projected to miss 2035 emissions reduction target ‘by a country mile’ unless it ramps up climate policies | Energy | The Guardian from The Guardian
2025-11-27 08:35:47,696 - INFO - [The Guardian] Article: https://www.theguardian.com/australia-news/2025/nov/27/labor-strikes-deal-with-greens-to-pass-long-awaited-overhaul-of-nature-protection-laws
2025-11-27 08:35:47,696 - INFO - [The Guardian] Attempt 1/1: Trying with 'requests_browser' strategy...
2025-11-27 08:35:48,550 - INFO - [The Guardian] Success with 'requests_browser'. Found content (1211 words).
2025-11-27 08:35:50,284 - INFO - Saved article: Eight-year-old dies amid suspected water contamination at Bengaluru apartment complex - The Hindu from The Hindu
2025-11-27 08:35:51,307 - INFO - [The Hindu] Article: https://www.thehindu.com/news/national/andhra-pradesh/eluru-police-arrest-elusive-criminal-in-pocso-act-cases/article70329199.ece
2025-11-27 08:35:51,307 - INFO - [The Hindu] Attempt 1/1: Trying with 'selenium_browser' strategy...
2025-11-27 08:35:53,016 - INFO - [The Hindu] Page content loaded.
2025-11-27 08:35:53,277 - INFO - [The Hindu] Success with 'selenium_browser'. Found content (128 words).
2025-11-27 08:35:55,705 - INFO - Saved article: Delhi pollution: Children are hit hardest by toxic air in Indian capital from BBC
2025-11-27 08:35:55,706 - INFO - Duplicate article skipped: Labor strikes deal with Greens on nature laws overhaul amid criticism ‘dirty deal’ being ‘rammed through’ | Australian politics | The Guardian from The Guardian
2025-11-27 08:35:55,707 - INFO - Duplicate article skipped: Eluru police arrest elusive criminal in POCSO Act cases - The Hindu from The Hindu
2025-11-27 08:35:56,210 - INFO - [The Guardian] Article: https://www.theguardian.com/australia-news/live/2025/nov/27/australia-politics-live-barnaby-joyce-one-nation-pauline-hanson-environment-nature-bill-deal-coalition-greens-murray-watt-question-time-anthony-albanese-sussan-ley-ntwnfb
2025-11-27 08:35:56,210 - INFO - [The Guardian] Attempt 1/1: Trying with 'requests_browser' strategy...
2025-11-27 08:35:56,566 - INFO - [The Guardian] Success with 'requests_browser'. Found content (1993 words).
2025-11-27 08:35:56,780 - INFO - [BBC] Article: https://www.bbc.com/news/articles/cg4nz5yngxgo?at_medium=RSS&at_campaign=rss
2025-11-27 08:35:56,785 - INFO - [BBC] Attempt 1/1: Trying with 'requests_browser' strategy...
2025-11-27 08:35:56,831 - INFO - Duplicate article skipped: Pocock criticises lack of scrutiny for nature laws – as it happened | Australia news | The Guardian from The Guardian
2025-11-27 08:35:56,860 - INFO - [BBC] Success with 'requests_browser'. Found content (1189 words).
2025-11-27 08:35:57,029 - INFO - [The Hindu] Article: https://www.thehindu.com/news/national/delhi-ncr-pollution-sc-to-take-up-plea-on-december-3-says-need-for-continuous-monitoring/article70329383.ece
2025-11-27 08:35:57,029 - INFO - [The Hindu] Attempt 1/1: Trying with 'selenium_browser' strategy...
2025-11-27 08:35:57,432 - INFO - [The Guardian] Article: https://www.theguardian.com/australia-news/2025/nov/27/barnaby-joyce-nationals-defection-one-nation
2025-11-27 08:35:57,432 - INFO - [The Guardian] Attempt 1/1: Trying with 'requests_browser' strategy...
2025-11-27 08:35:57,852 - INFO - [The Guardian] Success with 'requests_browser'. Found content (725 words).
2025-11-27 08:35:58,652 - INFO - [The Hindu] Page content loaded.
2025-11-27 08:35:58,822 - INFO - [The Hindu] Success with 'selenium_browser'. Found content (652 words).
2025-11-27 08:36:00,220 - ERROR - [Times of India] Request failed for strategy 'selenium_browser' on URL https://timesofindia.indiatimes.com/world/pakistan/imran-khan-is-fully-healthy-pakistan-jail-rubbishes-health-rumours-khawaja-asif-says-hes-getting-five-star-treatment/articleshow/125607974.cms: Message: timeout: Timed out receiving message from renderer: 59.508
  (Session info: chrome=142.0.7444.162)
Stacktrace:
#0 0x556637cf032a <unknown>
#1 0x55663773ce4b <unknown>
#2 0x556637724e0d <unknown>
#3 0x556637724af0 <unknown>
#4 0x5566377228ff <unknown>
#5 0x55663772327f <unknown>
#6 0x556637731ca3 <unknown>
#7 0x55663774b601 <unknown>
#8 0x556637751e0b <unknown>
#9 0x5566377239bd <unknown>
#10 0x55663774b3a7 <unknown>
#11 0x5566377dc170 <unknown>
#12 0x556637781c1a <unknown>
#13 0x556637782921 <unknown>
#14 0x556637cb7239 <unknown>
#15 0x556637cba1e8 <unknown>
#16 0x556637ca04c9 <unknown>
#17 0x556637cbadb5 <unknown>
#18 0x556637c87e93 <unknown>
#19 0x556637cdd098 <unknown>
#20 0x556637cdd273 <unknown>
#21 0x556637cef2c3 <unknown>
#22 0x7f572fc9caa4 <unknown>
#23 0x7f572fd29c6c <unknown>

2025-11-27 08:36:00,220 - ERROR - [Times of India] All scrape strategies failed for https://timesofindia.indiatimes.com/world/pakistan/imran-khan-is-fully-healthy-pakistan-jail-rubbishes-health-rumours-khawaja-asif-says-hes-getting-five-star-treatment/articleshow/125607974.cms. Falling back to RSS description.
2025-11-27 08:36:03,985 - INFO - Saved article: Hakainde Hichilema: Stone-hurling anger unnerves Zambia's 'fix-it' president from BBC
2025-11-27 08:36:03,985 - INFO - Duplicate article skipped: ‘Act of treason’: Barnaby Joyce quits National party sparking anger from former colleagues | Barnaby Joyce | The Guardian from The Guardian
2025-11-27 08:36:03,985 - INFO - Duplicate article skipped: Delhi-NCR air pollution: Do not have a magic wand to disappear pollution, solution lies with domain experts, says Supreme Court - The Hindu from The Hindu
2025-11-27 08:36:04,628 - INFO - [BBC] Article: https://www.bbc.com/news/articles/cg5m73e2l6do?at_medium=RSS&at_campaign=rss
2025-11-27 08:36:04,628 - INFO - [BBC] Attempt 1/1: Trying with 'requests_browser' strategy...
2025-11-27 08:36:04,707 - INFO - [BBC] Success with 'requests_browser'. Found content (1103 words).
2025-11-27 08:36:05,029 - INFO - [The Hindu] Article: https://www.thehindu.com/news/national/tamil-nadu/propagate-dravidian-ideals-tn-cm-stalin-tells-udhayanidhi-in-birthday-message/article70329412.ece
2025-11-27 08:36:05,029 - INFO - [The Hindu] Attempt 1/1: Trying with 'selenium_browser' strategy...
2025-11-27 08:36:05,485 - INFO - [The Guardian] Article: https://www.theguardian.com/media/2025/nov/27/teens-high-court-injunction-australia-under-16s-social-media-ban
2025-11-27 08:36:05,485 - INFO - [The Guardian] Attempt 1/1: Trying with 'requests_browser' strategy...
2025-11-27 08:36:05,713 - INFO - [The Guardian] Success with 'requests_browser'. Found content (754 words).
2025-11-27 08:36:09,759 - INFO - [The Hindu] Page content loaded.
2025-11-27 08:36:09,914 - INFO - [The Hindu] Success with 'selenium_browser'. Found content (100 words).
2025-11-27 08:36:12,543 - INFO - Saved article: 'Imran Khan is fully healthy': Pakistan jail rubbishes health rumours; Khawaja Asif says he’s getting ‘five-star treatment’ from Times of India
2025-11-27 08:36:13,967 - INFO - [Times of India] Article: https://timesofindia.indiatimes.com/world/most-populated-city-jakarta-tops-list-with-estimated-42-million-residents-replaces-tokyo/articleshow/125607920.cms
2025-11-27 08:36:13,967 - INFO - [Times of India] Attempt 1/1: Trying with 'selenium_browser' strategy...
2025-11-27 08:36:16,087 - INFO - [Times of India] Page content loaded.
2025-11-27 08:36:16,367 - INFO - [Times of India] Success with 'selenium_browser'. Found content (360 words).
2025-11-27 08:36:19,823 - INFO - Saved article: Sean Duffy wants more civility in air travel. Not everyone is on board from BBC
2025-11-27 08:36:19,823 - INFO - Duplicate article skipped: Teens seek urgent high court injunction to block Australian government’s social media ban | Social media ban | The Guardian from The Guardian
2025-11-27 08:36:19,823 - INFO - Duplicate article skipped: Propagate Dravidian ideals, T.N. CM Stalin tells Udhayanidhi in birthday message - The Hindu from The Hindu
2025-11-27 08:36:20,437 - INFO - [The Hindu] Article: https://www.thehindu.com/news/national/kerala/rubber-tapper-from-jharkhand-killed-in-wild-elephant-attack-at-nilambur-in-kerala/article70329395.ece
2025-11-27 08:36:20,437 - INFO - [The Hindu] Attempt 1/1: Trying with 'selenium_browser' strategy...
2025-11-27 08:36:21,001 - INFO - [BBC] Article: https://www.bbc.com/news/videos/c1e4ld1830yo?at_medium=RSS&at_campaign=rss
2025-11-27 08:36:21,001 - INFO - [BBC] Attempt 1/1: Trying with 'requests_browser' strategy...
2025-11-27 08:36:21,160 - WARNING - [BBC] FAILED with 'requests_browser' (content was too short: 74 words).
2025-11-27 08:36:21,160 - ERROR - [BBC] All scrape strategies failed for https://www.bbc.com/news/videos/c1e4ld1830yo?at_medium=RSS&at_campaign=rss. Falling back to RSS description.
2025-11-27 08:36:23,958 - INFO - [The Hindu] Page content loaded.
2025-11-27 08:36:24,081 - INFO - [The Hindu] Success with 'selenium_browser'. Found content (106 words).
2025-11-27 08:36:26,936 - INFO - DEDUPLICATION: Found match (Score: 0.92). Linking to Cluster ID: ade867e9-eaab-477d-b997-af4c26fa1099
2025-11-27 08:36:26,938 - INFO - Saved article: Most populated city: Jakarta tops list with estimated 42 million residents; replaces Tokyo - The Times of India from Times of India
2025-11-27 08:36:26,938 - INFO - Duplicate article skipped: Watch: Dawn aerial footage reveals scale of Hong Kong apartment blaze from BBC
2025-11-27 08:36:26,938 - INFO - Duplicate article skipped: Rubber tapper from Jharkhand killed in wild elephant attack at Nilambur in Kerala - The Hindu from The Hindu
2025-11-27 08:36:27,900 - INFO - [The Hindu] Article: https://www.thehindu.com/business/Economy/india-uae-discuss-market-access-data-sharing-fta-progress/article70329211.ece
2025-11-27 08:36:27,900 - INFO - [The Hindu] Attempt 1/1: Trying with 'selenium_browser' strategy...
2025-11-27 08:36:27,910 - INFO - [Times of India] Article: https://timesofindia.indiatimes.com/world/us/very-amerdican-vivek-ramaswamy-shares-lighthearted-moment-ahead-of-thanksgiving-responds-to-joke-on-his-indian-american-identity/articleshow/125606268.cms
2025-11-27 08:36:27,911 - INFO - [Times of India] Attempt 1/1: Trying with 'selenium_browser' strategy...
2025-11-27 08:36:28,713 - INFO - [The Hindu] Page content loaded.
2025-11-27 08:36:28,797 - INFO - [The Hindu] Success with 'selenium_browser'. Found content (231 words).
2025-11-27 08:36:28,870 - INFO - Duplicate article skipped: India-UAE FTA Talks: Market access, gold quota and data sharing reviewed under CEPA - The Hindu from The Hindu
2025-11-27 08:36:29,756 - INFO - [The Hindu] Article: https://www.thehindu.com/news/national/kerala/about-50-sabarimala-pilgrims-from-tamil-nadu-sustain-injuries-as-bus-overturns-in-keralas-idukki/article70329315.ece
2025-11-27 08:36:29,756 - INFO - [The Hindu] Attempt 1/1: Trying with 'selenium_browser' strategy...
2025-11-27 08:36:29,973 - INFO - [Times of India] Page content loaded.
2025-11-27 08:36:30,189 - INFO - [Times of India] Success with 'selenium_browser'. Found content (282 words).
2025-11-27 08:36:31,105 - INFO - [The Hindu] Page content loaded.
2025-11-27 08:36:31,275 - INFO - [The Hindu] Success with 'selenium_browser'. Found content (169 words).
2025-11-27 08:36:36,732 - INFO - Saved article: ‘Very Amerdican’: Vivek Ramaswamy shares lighthearted moment ahead of Thanksgiving; responds to joke on his Indian-American identity - The Times of India from Times of India
2025-11-27 08:36:36,732 - INFO - Duplicate article skipped: About 50 Sabarimala pilgrims from Tamil Nadu sustain injuries as bus overturns in Kerala’s Idukki - The Hindu from The Hindu
2025-11-27 08:36:37,447 - INFO - [The Hindu] Article: https://www.thehindu.com/sci-tech/energy-and-environment/road-to-hell-is-paved-with-good-intentions-congress-slams-govt-over-new-aravalli-definition/article70329304.ece
2025-11-27 08:36:37,447 - INFO - [The Hindu] Attempt 1/1: Trying with 'selenium_browser' strategy...
2025-11-27 08:36:37,498 - INFO - [Times of India] Article: https://timesofindia.indiatimes.com/world/rest-of-world/watch-camera-dipped-into-japanese-drain-stuns-viewers-netizens-joke-phir-nobita-kis-gutter-mein-girta-tha/articleshow/125606571.cms
2025-11-27 08:36:37,498 - INFO - [Times of India] Attempt 1/1: Trying with 'selenium_browser' strategy...
2025-11-27 08:36:38,625 - INFO - [The Hindu] Page content loaded.
2025-11-27 08:36:38,844 - INFO - [The Hindu] Success with 'selenium_browser'. Found content (373 words).
2025-11-27 08:36:38,925 - INFO - Duplicate article skipped: ‘Road to hell is paved with good intentions’: Congress slams govt over new Aravalli definition - The Hindu from The Hindu
2025-11-27 08:36:39,879 - INFO - [The Hindu] Article: https://www.thehindu.com/news/national/ed-raids-medical-colleges-for-bribes/article70329264.ece
2025-11-27 08:36:39,879 - INFO - [The Hindu] Attempt 1/1: Trying with 'selenium_browser' strategy...
2025-11-27 08:36:41,929 - INFO - [The Hindu] Page content loaded.
2025-11-27 08:36:42,126 - INFO - [The Hindu] Success with 'selenium_browser'. Found content (160 words).
2025-11-27 08:36:42,291 - INFO - Duplicate article skipped: Probe under PMLA Act: ED conducts searches at 15 locations, including medical colleges - The Hindu from The Hindu
2025-11-27 08:36:43,372 - INFO - [The Hindu] Article: https://www.thehindu.com/videos/watch-what-is-going-wrong-in-tamil-nadus-sir-focus-tamil-nadu/article70329282.ece
2025-11-27 08:36:43,372 - INFO - [The Hindu] Attempt 1/1: Trying with 'selenium_browser' strategy...
2025-11-27 08:36:44,245 - INFO - [The Hindu] Page content loaded.
2025-11-27 08:36:44,602 - INFO - [The Hindu] Success with 'selenium_browser'. Found content (200 words).
2025-11-27 08:36:44,724 - INFO - Duplicate article skipped: What is going wrong in Tamil Nadu’s SIR? | Focus Tamil Nadu - The Hindu from The Hindu
2025-11-27 08:36:45,448 - INFO - [The Hindu] Article: https://www.thehindu.com/news/cities/bangalore/koppal-teen-pregnancy-case-karnataka-child-rights-commission-registers-suo-motu-complaint/article70329071.ece
2025-11-27 08:36:45,448 - INFO - [The Hindu] Attempt 1/1: Trying with 'selenium_browser' strategy...
2025-11-27 08:36:46,458 - INFO - [The Hindu] Page content loaded.
2025-11-27 08:36:46,642 - INFO - [The Hindu] Success with 'selenium_browser'. Found content (229 words).
2025-11-27 08:36:46,745 - INFO - Duplicate article skipped: Koppal teen pregnancy case: Karnataka Child Rights Commission registers suo motu complaint - The Hindu from The Hindu
2025-11-27 08:36:47,463 - INFO - [The Hindu] Article: https://www.thehindu.com/business/markets/rupee-falls-2-paise-to-8924-against-us-dollar-in-early-trade/article70329103.ece
2025-11-27 08:36:47,463 - INFO - [The Hindu] Attempt 1/1: Trying with 'selenium_browser' strategy...
2025-11-27 08:36:48,241 - INFO - [The Hindu] Page content loaded.
2025-11-27 08:36:48,374 - INFO - [The Hindu] Success with 'selenium_browser'. Found content (200 words).
2025-11-27 08:36:48,445 - INFO - Duplicate article skipped: Rupee falls 2 paise to 89.24 against U.S. dollar in early trade - The Hindu from The Hindu
2025-11-27 08:36:49,461 - INFO - [The Hindu] Article: https://www.thehindu.com/news/national/tamil-nadu/rmc-forecasts-fresh-cyclone-over-bay-of-bengal-maintains-heavy-rainfall-alert-this-week-for-tamil-nadu/article70329000.ece
2025-11-27 08:36:49,461 - INFO - [The Hindu] Attempt 1/1: Trying with 'selenium_browser' strategy...
2025-11-27 08:36:51,597 - INFO - [The Hindu] Page content loaded.
2025-11-27 08:36:51,748 - INFO - [The Hindu] Success with 'selenium_browser'. Found content (353 words).
2025-11-27 08:36:51,839 - INFO - Duplicate article skipped: Fresh cyclone over Bay of Bengal likely; heavy rainfall alert for this week in Tamil Nadu - The Hindu from The Hindu
2025-11-27 08:36:52,546 - INFO - [The Hindu] Article: https://www.thehindu.com/news/cities/Hyderabad/anti-drone-patrol-vehicle-rolled-out-by-hyderabad-firm/article70327309.ece
2025-11-27 08:36:52,546 - INFO - [The Hindu] Attempt 1/1: Trying with 'selenium_browser' strategy...
2025-11-27 08:36:53,382 - INFO - [The Hindu] Page content loaded.
2025-11-27 08:36:53,440 - INFO - [The Hindu] Success with 'selenium_browser'. Found content (198 words).
2025-11-27 08:36:53,513 - INFO - Duplicate article skipped: Anti-drone patrol vehicle rolled out by Hyderabad firm - The Hindu from The Hindu
2025-11-27 08:36:54,892 - INFO - [The Hindu] Article: https://www.thehindu.com/news/national/madhya-pradesh/outrage-in-madhya-pradesh-over-ias-officers-remarks-on-reservation/article70329016.ece
2025-11-27 08:36:54,892 - INFO - [The Hindu] Attempt 1/1: Trying with 'selenium_browser' strategy...
2025-11-27 08:36:55,734 - INFO - [The Hindu] Page content loaded.
2025-11-27 08:36:55,838 - INFO - [The Hindu] Success with 'selenium_browser'. Found content (498 words).
2025-11-27 08:36:55,932 - INFO - Duplicate article skipped: Outrage in Madhya Pradesh over IAS officer’s remarks on reservation - The Hindu from The Hindu
2025-11-27 08:36:56,609 - INFO - [The Hindu] Article: https://www.thehindu.com/news/national/karnataka/word-power-is-world-power-says-dk-shivakumar-in-a-cryptic-post-on-x-on-power-sharing/article70329061.ece
2025-11-27 08:36:56,609 - INFO - [The Hindu] Attempt 1/1: Trying with 'selenium_browser' strategy...
2025-11-27 08:36:57,613 - INFO - [The Hindu] Page content loaded.
2025-11-27 08:36:57,694 - INFO - [The Hindu] Success with 'selenium_browser'. Found content (345 words).
2025-11-27 08:36:57,779 - INFO - Duplicate article skipped: D.K. Shivakumar says ‘Word power is world power’ in cryptic post amid Karnataka leadership tussle - The Hindu from The Hindu
2025-11-27 08:36:58,730 - INFO - [The Hindu] Article: https://www.thehindu.com/news/national/supreme-court-orders-inquiry-into-private-universities-establishment-governance-funding-ugc-monitoring/article70329011.ece
2025-11-27 08:36:58,730 - INFO - [The Hindu] Attempt 1/1: Trying with 'selenium_browser' strategy...
2025-11-27 08:36:59,510 - INFO - [The Hindu] Page content loaded.
2025-11-27 08:36:59,556 - INFO - [The Hindu] Success with 'selenium_browser'. Found content (558 words).
2025-11-27 08:36:59,628 - INFO - Duplicate article skipped: Supreme Court orders inquiry into private universities’ establishment, governance, funding, UGC monitoring - The Hindu from The Hindu
2025-11-27 08:37:00,659 - INFO - [The Hindu] (Thread) Finished. Attempting to shut down its Selenium driver.
2025-11-27 08:37:00,853 - INFO - [The Hindu] (Thread) driver.quit() successful.
2025-11-27 08:37:02,272 - INFO - [Times of India] Page content loaded.
2025-11-27 08:37:02,491 - INFO - [Times of India] Success with 'selenium_browser'. Found content (270 words).
2025-11-27 08:37:02,567 - INFO - Duplicate article skipped: Watch: Camera dipped into Japanese drain stuns viewers — netizens joke 'phir Nobita kis gutter mein girta tha?' - The Times of India from Times of India
2025-11-27 08:37:04,025 - INFO - [Times of India] Article: https://timesofindia.indiatimes.com/world/middle-east/emirates-offers-a-thanksgiving-menu-at-35000-feet-with-turkey-trimmings-and-nba-action-onboard/articleshow/125607062.cms
2025-11-27 08:37:04,025 - INFO - [Times of India] Attempt 1/1: Trying with 'selenium_browser' strategy...
2025-11-27 08:37:05,212 - INFO - [Times of India] Page content loaded.
2025-11-27 08:37:05,357 - INFO - [Times of India] Success with 'selenium_browser'. Found content (453 words).
2025-11-27 08:37:05,410 - INFO - Duplicate article skipped: Emirates offers a Thanksgiving menu at 35,000 feet — with turkey trimmings and NBA action onboard | World News - The Times of India from Times of India
2025-11-27 08:37:06,550 - INFO - [Times of India] Article: https://timesofindia.indiatimes.com/world/europe/holy-edm-pope-leo-blesses-slovakian-rave-moments-later-the-beat-drops-watch/articleshow/125605982.cms
2025-11-27 08:37:06,550 - INFO - [Times of India] Attempt 1/1: Trying with 'selenium_browser' strategy...
2025-11-27 08:37:07,871 - INFO - [Times of India] Page content loaded.
2025-11-27 08:37:08,003 - INFO - [Times of India] Success with 'selenium_browser'. Found content (393 words).
2025-11-27 08:37:13,353 - INFO - Saved article: Holy EDM! Pope Leo blesses Slovakian rave, moments later, the beat drops — watch - The Times of India from Times of India
2025-11-27 08:37:13,862 - INFO - [Times of India] Article: https://timesofindia.indiatimes.com/world/us/american-dream-or-trap-green-card-interviews-ending-in-handcuffs-ice-detaining-applicants/articleshow/125605192.cms
2025-11-27 08:37:13,862 - INFO - [Times of India] Attempt 1/1: Trying with 'selenium_browser' strategy...
2025-11-27 08:37:16,692 - INFO - [Times of India] Page content loaded.
2025-11-27 08:37:16,993 - INFO - [Times of India] Success with 'selenium_browser'. Found content (585 words).
2025-11-27 08:37:21,880 - INFO - Saved article: American dream or trap? Green card interviews ending in handcuffs; ICE detaining applicants - The Times of India from Times of India
2025-11-27 08:37:22,456 - INFO - [Times of India] Article: https://timesofindia.indiatimes.com/world/rest-of-world/top-10-richest-people-in-the-world-2025-elon-musk-jeff-bezos-mark-zuckerberg-and-the-billionaires-leading-global-wealth/articleshow/125595253.cms
2025-11-27 08:37:22,456 - INFO - [Times of India] Attempt 1/1: Trying with 'selenium_browser' strategy...
2025-11-27 08:37:23,531 - INFO - [Times of India] Page content loaded.
2025-11-27 08:37:23,676 - INFO - [Times of India] Success with 'selenium_browser'. Found content (672 words).
2025-11-27 08:37:23,963 - INFO - Duplicate article skipped: Top 10 richest people in the world 2025: Elon Musk, Jeff Bezos, Mark Zuckerberg and the billionaires leading global wealth | World News - The Times of India from Times of India
2025-11-27 08:37:25,172 - INFO - [Times of India] Article: https://timesofindia.indiatimes.com/world/us/they-are-killing-white-people-donald-trump-bars-south-africa-from-g20-in-miami-stops-all-us-subsidies-to-the-african-nation/articleshow/125604667.cms
2025-11-27 08:37:25,172 - INFO - [Times of India] Attempt 1/1: Trying with 'selenium_browser' strategy...
2025-11-27 08:37:26,162 - INFO - [Times of India] Page content loaded.
2025-11-27 08:37:26,315 - INFO - [Times of India] Success with 'selenium_browser'. Found content (685 words).
2025-11-27 08:37:26,375 - INFO - Duplicate article skipped: 'They are killing white people': Donald Trump bars South Africa from G20 in Miami; stops all US subsidies to the African nation - The Times of India from Times of India
2025-11-27 08:37:27,139 - INFO - [Times of India] Article: https://timesofindia.indiatimes.com/science/clams-oyster-and-more-iss-astronauts-ditch-apollo-era-thanksgiving-enjoy-special-holiday-meal/articleshow/125603718.cms
2025-11-27 08:37:27,139 - INFO - [Times of India] Attempt 1/1: Trying with 'selenium_browser' strategy...
2025-11-27 08:37:28,372 - INFO - [Times of India] Page content loaded.
2025-11-27 08:37:28,481 - INFO - [Times of India] Success with 'selenium_browser'. Found content (312 words).
2025-11-27 08:37:28,523 - INFO - Duplicate article skipped: Clams, oyster and more: ISS astronauts ditch Apollo-era Thanksgiving; enjoy special holiday meal - The Times of India from Times of India
2025-11-27 08:37:29,054 - INFO - [Times of India] Article: https://timesofindia.indiatimes.com/world/us/perfect-maga-fairytale-joy-reid-expects-jd-vance-to-leave-brown-hindu-wife-usha-for-white-queen-erika-kirk-watch-video/articleshow/125603899.cms
2025-11-27 08:37:29,054 - INFO - [Times of India] Attempt 1/1: Trying with 'selenium_browser' strategy...
2025-11-27 08:37:30,558 - INFO - [Times of India] Page content loaded.
2025-11-27 08:37:30,733 - INFO - [Times of India] Success with 'selenium_browser'. Found content (375 words).
2025-11-27 08:37:30,791 - INFO - Duplicate article skipped: 'Perfect MAGA fairytale': Joy Reid claims JD Vance will leave 'brown Hindu' wife Usha for 'white queen' Erika Kirk - watch video - The Times of India from Times of India
2025-11-27 08:37:32,189 - INFO - [Times of India] Article: https://timesofindia.indiatimes.com/world/us/all-immigration-requests-us-takes-major-step-after-afghan-national-named-shooter-entry-traced-to-2021/articleshow/125604270.cms
2025-11-27 08:37:32,189 - INFO - [Times of India] Attempt 1/1: Trying with 'selenium_browser' strategy...
2025-11-27 08:37:33,356 - INFO - [Times of India] Page content loaded.
2025-11-27 08:37:33,486 - INFO - [Times of India] Success with 'selenium_browser'. Found content (443 words).
2025-11-27 08:37:33,540 - INFO - Duplicate article skipped: 'All immigration requests …': US takes major step after Afghan national named shooter; entry traced to 2021 - The Times of India from Times of India
2025-11-27 08:37:34,958 - INFO - [Times of India] Article: https://timesofindia.indiatimes.com/world/us/white-house-shooting-video-shows-us-cops-pinning-afghan-shooter-to-ground-in-a-chaotic-aftermath-first-pic-released/articleshow/125603559.cms
2025-11-27 08:37:34,959 - INFO - [Times of India] Attempt 1/1: Trying with 'selenium_browser' strategy...
2025-11-27 08:37:36,265 - INFO - [Times of India] Page content loaded.
2025-11-27 08:37:36,392 - INFO - [Times of India] Success with 'selenium_browser'. Found content (254 words).
2025-11-27 08:37:36,451 - INFO - Duplicate article skipped: White House shooting: Video shows US cops pinning Afghan shooter to ground in a chaotic aftermath; first pic released - The Times of India from Times of India
2025-11-27 08:37:37,368 - INFO - [Times of India] Article: https://timesofindia.indiatimes.com/business/international-business/thanksgiving-gift-turkey-prices-fly-stores-grounded-how-bird-flu-outbreak-is-driving-shortages-but-not-bills/articleshow/125603238.cms
2025-11-27 08:37:37,368 - INFO - [Times of India] Attempt 1/1: Trying with 'selenium_browser' strategy...
2025-11-27 08:37:38,682 - INFO - [Times of India] Page content loaded.
2025-11-27 08:37:38,830 - INFO - [Times of India] Success with 'selenium_browser'. Found content (341 words).
2025-11-27 08:37:43,940 - INFO - Saved article: Thanksgiving gift: Turkey prices fly, stores grounded; how bird flu outbreak is driving shortages, but not bills - The Times of India from Times of India
2025-11-27 08:37:44,764 - INFO - [Times of India] Article: https://timesofindia.indiatimes.com/world/rest-of-world/hong-kong-fire-44-dead-hundreds-still-missing-videos-show-flames-leaping-from-high-rise-towers/articleshow/125603127.cms
2025-11-27 08:37:44,764 - INFO - [Times of India] Attempt 1/1: Trying with 'selenium_browser' strategy...
2025-11-27 08:37:45,950 - INFO - [Times of India] Page content loaded.
2025-11-27 08:37:46,097 - INFO - [Times of India] Success with 'selenium_browser'. Found content (702 words).
2025-11-27 08:37:51,273 - INFO - DEDUPLICATION: Found match (Score: 0.92). Linking to Cluster ID: f02e647e-7026-4d9a-b1cc-3ab51f1731b4
2025-11-27 08:37:51,276 - INFO - Saved article: Hong Kong fire: 55 dead, hundreds still missing; videos show flames leaping from high-rise towers - The Times of India from Times of India
2025-11-27 08:37:52,094 - INFO - [Times of India] Article: https://timesofindia.indiatimes.com/world/us/peace-plan-fine-tuned-will-send-envoys-to-kyiv-moscow-donald-trump/articleshow/125602936.cms
2025-11-27 08:37:52,094 - INFO - [Times of India] Attempt 1/1: Trying with 'selenium_browser' strategy...
2025-11-27 08:37:53,399 - INFO - [Times of India] Page content loaded.
2025-11-27 08:37:53,545 - INFO - [Times of India] Success with 'selenium_browser'. Found content (434 words).
2025-11-27 08:37:58,544 - INFO - DEDUPLICATION: Found match (Score: 0.82). Linking to Cluster ID: 27d132bb-3e14-499d-8367-c42245998eec
2025-11-27 08:37:58,546 - INFO - Saved article: Peace plan fine-tuned, will send envoys to Kyiv & Moscow: Donald Trump - The Times of India from Times of India
2025-11-27 08:37:59,232 - INFO - [Times of India] Article: https://timesofindia.indiatimes.com/world/rest-of-world/taiwan-plans-40bn-extra-def-spending-to-counter-beijing/articleshow/125602899.cms
2025-11-27 08:37:59,232 - INFO - [Times of India] Attempt 1/1: Trying with 'selenium_browser' strategy...
2025-11-27 08:38:00,320 - INFO - [Times of India] Page content loaded.
2025-11-27 08:38:00,463 - INFO - [Times of India] Success with 'selenium_browser'. Found content (130 words).
2025-11-27 08:38:05,767 - INFO - DEDUPLICATION: Found match (Score: 0.82). Linking to Cluster ID: 16ff7f6c-1774-4e68-befd-83a6ebd5428a
2025-11-27 08:38:05,769 - INFO - Saved article: Taiwan plans $40bn extra def spending to counter Beijing - The Times of India from Times of India
2025-11-27 08:38:06,831 - INFO - [Times of India] Article: https://timesofindia.indiatimes.com/world/uk/starmer-led-uk-govt-raises-taxes-by-more-than-30bn-in-push-for-stable-economy/articleshow/125602814.cms
2025-11-27 08:38:06,831 - INFO - [Times of India] Attempt 1/1: Trying with 'selenium_browser' strategy...
2025-11-27 08:38:09,153 - INFO - [Times of India] Page content loaded.
2025-11-27 08:38:09,304 - INFO - [Times of India] Success with 'selenium_browser'. Found content (423 words).
2025-11-27 08:38:14,512 - INFO - Saved article: Starmer-led UK govt raises taxes by more than $30bn in push for 'stable economy' - The Times of India from Times of India
2025-11-27 08:38:15,948 - INFO - [Times of India] Article: https://timesofindia.indiatimes.com/world/middle-east/israel-military-launches-fresh-operation-in-west-bank-to-thwart-terrorist-activity/articleshow/125602777.cms
2025-11-27 08:38:15,948 - INFO - [Times of India] Attempt 1/1: Trying with 'selenium_browser' strategy...
2025-11-27 08:38:17,173 - INFO - [Times of India] Page content loaded.
2025-11-27 08:38:17,305 - INFO - [Times of India] Success with 'selenium_browser'. Found content (207 words).
2025-11-27 08:38:23,103 - INFO - Saved article: Israel military launches fresh operation in West Bank 'to thwart terrorist activity' - The Times of India from Times of India
2025-11-27 08:38:24,491 - INFO - [Times of India] Article: https://timesofindia.indiatimes.com/world/south-asia/bangladesh-seize-10kg-gold-from-hasinas-lockers/articleshow/125602716.cms
2025-11-27 08:38:24,491 - INFO - [Times of India] Attempt 1/1: Trying with 'selenium_browser' strategy...
2025-11-27 08:38:25,536 - INFO - [Times of India] Page content loaded.
2025-11-27 08:38:25,667 - INFO - [Times of India] Success with 'selenium_browser'. Found content (206 words).
2025-11-27 08:38:31,170 - INFO - Saved article: Bangladesh seize 10kg gold from Hasina's lockers - The Times of India from Times of India
2025-11-27 08:38:32,005 - INFO - [Times of India] (Thread) Finished. Attempting to shut down its Selenium driver.
2025-11-27 08:38:32,239 - INFO - [Times of India] (Thread) driver.quit() successful.
2025-11-27 08:38:32,239 - INFO - Shutting down thread pool (wait=False)...
2025-11-27 08:38:32,239 - INFO - Scraped: 12 Times of India, 4 The Hindu, 5 BBC, 1 The Guardian articles. (Total saved: 22)
2025-11-27 08:38:32,239 - INFO - --- Scraping job finished ---
2025-11-27 08:38:32,249 - INFO - --- Scraper service stopped and database connection closed. ---
2025-11-27 08:38:32,249 - INFO - --- Main thread finished. Forcing process exit to kill zombie threads. ---
