2025-11-28 10:48:35,330 - INFO - Loading AI Semantic Model (all-MiniLM-L6-v2)...
2025-11-28 10:48:35,331 - INFO - Use pytorch device_name: cpu
2025-11-28 10:48:35,331 - INFO - Load pretrained SentenceTransformer: all-MiniLM-L6-v2
2025-11-28 10:48:36,102 - INFO - AI Model loaded successfully.
2025-11-28 10:48:36,102 - INFO - Initializing database connection at: news_articles.db
2025-11-28 10:48:36,102 - INFO - --- Scraper service started (CI Mode: Run Once) ---
2025-11-28 10:48:36,102 - INFO - --- Starting new scraping job (Parallel Mode) ---
2025-11-28 10:48:36,102 - INFO - Creating new robust session with 3 retries on 5xx/connection/read errors.
2025-11-28 10:48:36,102 - INFO - Proxy is DISABLED.
2025-11-28 10:48:36,102 - INFO - Starting scrape for BBC RSS feed: http://feeds.bbci.co.uk/news/world/rss.xml
2025-11-28 10:48:36,103 - INFO - [Times of India] (Thread) requires Selenium. Initializing driver...
2025-11-28 10:48:36,103 - INFO - Initializing headless Selenium Chrome driver (using SeleniumManager)...
2025-11-28 10:48:36,104 - INFO - Starting scrape for The Guardian RSS feed: https://www.theguardian.com/world/rss
2025-11-28 10:48:36,105 - INFO - [The Hindu] (Thread) requires Selenium. Initializing driver...
2025-11-28 10:48:36,106 - INFO - Submitted 4 jobs to thread pool. Waiting up to 300s for completion...
2025-11-28 10:48:36,106 - INFO - Initializing headless Selenium Chrome driver (using SeleniumManager)...
2025-11-28 10:48:36,280 - INFO - Found 31 articles in BBC RSS feed. Processing up to 20.
2025-11-28 10:48:36,280 - INFO - [BBC] Article: https://www.bbc.com/news/articles/c79xd17dre3o?at_medium=RSS&at_campaign=rss
2025-11-28 10:48:36,280 - INFO - [BBC] Attempt 1/1: Trying with 'requests_browser' strategy...
2025-11-28 10:48:36,289 - INFO - Found 45 articles in The Guardian RSS feed. Processing up to 20.
2025-11-28 10:48:36,289 - INFO - [The Guardian] Article: https://www.theguardian.com/environment/2025/nov/28/africa-forests-transformed-carbon-sink-carbon-source-study
2025-11-28 10:48:36,289 - INFO - [The Guardian] Attempt 1/1: Trying with 'requests_browser' strategy...
2025-11-28 10:48:36,398 - INFO - [The Guardian] Success with 'requests_browser'. Found content (458 words).
2025-11-28 10:48:36,448 - INFO - Duplicate article skipped: Africa’s forests transformed from carbon sink to carbon source, study finds | Climate crisis | The Guardian from The Guardian
2025-11-28 10:48:36,504 - INFO - [BBC] Success with 'requests_browser'. Found content (566 words).
2025-11-28 10:48:36,540 - INFO - Duplicate article skipped: Hong Kong tower blocks fire death toll rises to 128 from BBC
2025-11-28 10:48:37,009 - INFO - [The Guardian] Article: https://www.theguardian.com/world/2025/nov/26/guinea-bissau-officers-take-total-control-close-borders-amid-election-chaos
2025-11-28 10:48:37,009 - INFO - [The Guardian] Attempt 1/1: Trying with 'requests_browser' strategy...
2025-11-28 10:48:37,033 - INFO - [The Guardian] Success with 'requests_browser'. Found content (412 words).
2025-11-28 10:48:37,068 - INFO - Duplicate article skipped: Guinea-Bissau military takes ‘total control’ amid election chaos | Guinea-Bissau | The Guardian from The Guardian
2025-11-28 10:48:37,754 - INFO - [The Guardian] Article: https://www.theguardian.com/world/2025/nov/25/nigerian-schoolgirls-rescued-after-mass-abduction-in-kebbi
2025-11-28 10:48:37,755 - INFO - [The Guardian] Attempt 1/1: Trying with 'requests_browser' strategy...
2025-11-28 10:48:37,781 - INFO - [The Guardian] Success with 'requests_browser'. Found content (515 words).
2025-11-28 10:48:37,836 - INFO - Duplicate article skipped: Nigerian schoolgirls rescued after mass abduction in Kebbi | Nigeria | The Guardian from The Guardian
2025-11-28 10:48:37,877 - INFO - [BBC] Article: https://www.bbc.com/news/articles/cdxweyy157go?at_medium=RSS&at_campaign=rss
2025-11-28 10:48:37,877 - INFO - [BBC] Attempt 1/1: Trying with 'requests_browser' strategy...
2025-11-28 10:48:37,914 - INFO - [BBC] Success with 'requests_browser'. Found content (704 words).
2025-11-28 10:48:37,951 - INFO - Duplicate article skipped: Trump says US will 'permanently pause migration' from 'third world countries' from BBC
2025-11-28 10:48:39,076 - INFO - [The Guardian] Article: https://www.theguardian.com/world/2025/nov/25/jacob-zuma-daughter-accused-tricking-men-fighting-for-russia-in-ukraine
2025-11-28 10:48:39,077 - INFO - [The Guardian] Attempt 1/1: Trying with 'requests_browser' strategy...
2025-11-28 10:48:39,104 - INFO - [The Guardian] Success with 'requests_browser'. Found content (656 words).
2025-11-28 10:48:39,145 - INFO - [BBC] Article: https://www.bbc.com/news/articles/cwyx4y6007lo?at_medium=RSS&at_campaign=rss
2025-11-28 10:48:39,149 - INFO - [BBC] Attempt 1/1: Trying with 'requests_browser' strategy...
2025-11-28 10:48:39,150 - INFO - Duplicate article skipped: Jacob Zuma’s daughter accused of tricking men into fighting for Russia in Ukraine | South Africa | The Guardian from The Guardian
2025-11-28 10:48:39,177 - INFO - [BBC] Success with 'requests_browser'. Found content (972 words).
2025-11-28 10:48:39,359 - INFO - Duplicate article skipped: National Guard member dies after shooting in Washington DC from BBC
2025-11-28 10:48:40,146 - INFO - [BBC] Article: https://www.bbc.com/news/articles/c058lp086zvo?at_medium=RSS&at_campaign=rss
2025-11-28 10:48:40,146 - INFO - [BBC] Attempt 1/1: Trying with 'requests_browser' strategy...
2025-11-28 10:48:40,172 - INFO - [BBC] Success with 'requests_browser'. Found content (526 words).
2025-11-28 10:48:40,209 - INFO - Duplicate article skipped: Ukraine anti-corruption agents search home of Zelensky's top adviser Yermak from BBC
2025-11-28 10:48:40,324 - INFO - [The Guardian] Article: https://www.theguardian.com/uk-news/2025/nov/24/uk-rejects-nigerian-request-to-deport-former-politican-ike-ekweremadu-jailed-for-organ-trafficking
2025-11-28 10:48:40,324 - INFO - [The Guardian] Attempt 1/1: Trying with 'requests_browser' strategy...
2025-11-28 10:48:40,345 - INFO - [The Guardian] Success with 'requests_browser'. Found content (545 words).
2025-11-28 10:48:40,379 - INFO - Duplicate article skipped: UK rejects Nigerian request to deport former politican jailed for organ trafficking | UK news | The Guardian from The Guardian
2025-11-28 10:48:41,361 - INFO - [BBC] Article: https://www.bbc.com/news/videos/cp9kxxy123do?at_medium=RSS&at_campaign=rss
2025-11-28 10:48:41,362 - INFO - [BBC] Attempt 1/1: Trying with 'requests_browser' strategy...
2025-11-28 10:48:41,408 - WARNING - [BBC] FAILED with 'requests_browser' (content was too short: 66 words).
2025-11-28 10:48:41,408 - ERROR - [BBC] All scrape strategies failed for https://www.bbc.com/news/videos/cp9kxxy123do?at_medium=RSS&at_campaign=rss. Falling back to RSS description.
2025-11-28 10:48:41,408 - INFO - Duplicate article skipped: Scores killed as floods sweep several Asian nations from BBC
2025-11-28 10:48:41,773 - INFO - [The Guardian] Article: https://www.theguardian.com/world/2025/nov/28/st-vincent-caribbean-opposition-party-celebrates-historic-election-win
2025-11-28 10:48:41,773 - INFO - [The Guardian] Attempt 1/1: Trying with 'requests_browser' strategy...
2025-11-28 10:48:41,794 - INFO - [The Guardian] Success with 'requests_browser'. Found content (497 words).
2025-11-28 10:48:41,829 - INFO - Duplicate article skipped: St Vincent opposition party celebrates historic election win | St Vincent and the Grenadines | The Guardian from The Guardian
2025-11-28 10:48:42,142 - INFO - [BBC] Article: https://www.bbc.com/news/articles/clyd4llgrego?at_medium=RSS&at_campaign=rss
2025-11-28 10:48:42,142 - INFO - [BBC] Attempt 1/1: Trying with 'requests_browser' strategy...
2025-11-28 10:48:42,169 - INFO - [BBC] Success with 'requests_browser'. Found content (415 words).
2025-11-28 10:48:42,205 - INFO - Duplicate article skipped: Louvre to hike ticket prices for most non-EU tourists by 45% from BBC
2025-11-28 10:48:43,046 - INFO - [The Guardian] Article: https://www.theguardian.com/world/2025/nov/27/st-vincent-prime-minister-seeks-record-sixth-term-in-tight-election
2025-11-28 10:48:43,046 - INFO - [The Guardian] Attempt 1/1: Trying with 'requests_browser' strategy...
2025-11-28 10:48:43,066 - INFO - [The Guardian] Success with 'requests_browser'. Found content (676 words).
2025-11-28 10:48:43,099 - INFO - Duplicate article skipped: St Vincent prime minister seeks record sixth term in tight election | St Vincent and the Grenadines | The Guardian from The Guardian
2025-11-28 10:48:43,659 - INFO - [BBC] Article: https://www.bbc.com/news/articles/clyz7njqwvvo?at_medium=RSS&at_campaign=rss
2025-11-28 10:48:43,659 - INFO - [BBC] Attempt 1/1: Trying with 'requests_browser' strategy...
2025-11-28 10:48:43,684 - INFO - [BBC] Success with 'requests_browser'. Found content (345 words).
2025-11-28 10:48:43,718 - INFO - Duplicate article skipped: Japan's same-sex marriage ban is constitutional, says Tokyo court from BBC
2025-11-28 10:48:44,300 - INFO - [The Guardian] Article: https://www.theguardian.com/politics/2025/nov/28/uk-home-office-rejects-visa-young-girl-destitute-jamaica-hurricane-melissa
2025-11-28 10:48:44,300 - INFO - [The Guardian] Attempt 1/1: Trying with 'requests_browser' strategy...
2025-11-28 10:48:44,320 - INFO - [The Guardian] Success with 'requests_browser'. Found content (550 words).
2025-11-28 10:48:44,366 - INFO - Duplicate article skipped: UK rejects visa for girl left destitute in Jamaica by Hurricane Melissa | Home Office | The Guardian from The Guardian
2025-11-28 10:48:44,943 - INFO - [BBC] Article: https://www.bbc.com/news/articles/cp89k31krz4o?at_medium=RSS&at_campaign=rss
2025-11-28 10:48:44,943 - INFO - [BBC] Attempt 1/1: Trying with 'requests_browser' strategy...
2025-11-28 10:48:44,965 - INFO - [BBC] Success with 'requests_browser'. Found content (350 words).
2025-11-28 10:48:45,081 - INFO - Selenium driver initialized successfully.
2025-11-28 10:48:45,082 - INFO - Starting scrape for Times of India RSS feed: https://timesofindia.indiatimes.com/rssfeeds/296589292.cms
2025-11-28 10:48:45,086 - INFO - Selenium driver initialized successfully.
2025-11-28 10:48:45,086 - INFO - Starting scrape for The Hindu RSS feed: https://www.thehindu.com/news/national/feeder/default.rss
2025-11-28 10:48:45,229 - INFO - Found 100 articles in The Hindu RSS feed. Processing up to 20.
2025-11-28 10:48:45,230 - INFO - [The Hindu] Article: https://www.thehindu.com/news/cities/bangalore/bengaluru-police-arrest-repeat-offender-who-stole-gold-rings-using-sleight-of-hand/article70333567.ece
2025-11-28 10:48:45,230 - INFO - [The Hindu] Attempt 1/1: Trying with 'selenium_browser' strategy...
2025-11-28 10:48:45,261 - INFO - Found 20 articles in Times of India RSS feed. Processing up to 20.
2025-11-28 10:48:45,261 - INFO - [Times of India] Article: https://timesofindia.indiatimes.com/world/rest-of-world/human-washing-machine-goes-on-sale-in-japan/articleshow/125635307.cms
2025-11-28 10:48:45,261 - INFO - [Times of India] Attempt 1/1: Trying with 'selenium_browser' strategy...
2025-11-28 10:48:45,403 - INFO - [The Guardian] Article: https://www.theguardian.com/world/2025/nov/27/mark-carney-alberta-oil-pipeline-deal-canada-first-nations
2025-11-28 10:48:45,403 - INFO - [The Guardian] Attempt 1/1: Trying with 'requests_browser' strategy...
2025-11-28 10:48:45,437 - INFO - [The Guardian] Success with 'requests_browser'. Found content (723 words).
2025-11-28 10:48:51,012 - INFO - [The Hindu] Page content loaded.
2025-11-28 10:48:51,962 - INFO - [The Hindu] Success with 'selenium_browser'. Found content (333 words).
2025-11-28 10:49:12,205 - INFO - Saved article: Ten killed in deadliest Israeli raid for months in southern Syria from BBC
2025-11-28 10:49:12,205 - INFO - Duplicate article skipped: Canada minister resigns from cabinet over Carney’s controversial oil pipeline deal | Canada | The Guardian from The Guardian
2025-11-28 10:49:12,795 - INFO - [The Guardian] Article: https://www.theguardian.com/world/2025/nov/27/perus-ousted-president-of-the-poor-gets-11-year-sentence-for-rebellion
2025-11-28 10:49:12,796 - INFO - [The Guardian] Attempt 1/1: Trying with 'requests_browser' strategy...
2025-11-28 10:49:12,836 - INFO - [The Guardian] Success with 'requests_browser'. Found content (346 words).
2025-11-28 10:49:13,690 - INFO - [BBC] Article: https://www.bbc.com/news/articles/c741m97lk42o?at_medium=RSS&at_campaign=rss
2025-11-28 10:49:13,690 - INFO - [BBC] Attempt 1/1: Trying with 'requests_browser' strategy...
2025-11-28 10:49:13,744 - INFO - [BBC] Success with 'requests_browser'. Found content (599 words).
2025-11-28 10:49:27,741 - INFO - Saved article: Bengaluru police arrest repeat offender who stole gold rings using sleight of hand - The Hindu from The Hindu
2025-11-28 10:49:27,741 - INFO - Duplicate article skipped: Peru’s ousted ‘president of the poor’ gets 11-year sentence for rebellion | Peru | The Guardian from The Guardian
2025-11-28 10:49:27,742 - INFO - Duplicate article skipped: Guinea-Bissau’s ousted President Umaro Sissoco Embaló flees to Senegal after coup from BBC
2025-11-28 10:49:28,253 - INFO - [BBC] Article: https://www.bbc.com/news/articles/c1w9qe7n984o?at_medium=RSS&at_campaign=rss
2025-11-28 10:49:28,253 - INFO - [BBC] Attempt 1/1: Trying with 'requests_browser' strategy...
2025-11-28 10:49:28,283 - INFO - [BBC] Success with 'requests_browser'. Found content (796 words).
2025-11-28 10:49:28,319 - INFO - Duplicate article skipped: Quebec moves to expand secularism law, limit public prayer from BBC
2025-11-28 10:49:28,659 - INFO - [The Guardian] Article: https://www.theguardian.com/news/2025/nov/28/hong-kong-apartment-fire-response-rescue-operations-death-toll
2025-11-28 10:49:28,659 - INFO - [The Guardian] Attempt 1/1: Trying with 'requests_browser' strategy...
2025-11-28 10:49:28,691 - INFO - [The Guardian] Success with 'requests_browser'. Found content (1006 words).
2025-11-28 10:49:28,735 - INFO - Duplicate article skipped: Rescue efforts end at Hong Kong tower block fire as death toll reaches 128 | Hong Kong apartment fires | The Guardian from The Guardian
2025-11-28 10:49:28,997 - INFO - [BBC] Article: https://www.bbc.com/news/articles/c8dyqzm0rp4o?at_medium=RSS&at_campaign=rss
2025-11-28 10:49:28,997 - INFO - [BBC] Attempt 1/1: Trying with 'requests_browser' strategy...
2025-11-28 10:49:29,022 - INFO - [BBC] Success with 'requests_browser'. Found content (392 words).
2025-11-28 10:49:29,062 - INFO - Duplicate article skipped: West Bank: Israeli troops kill two Palestinians after they appear to surrender from BBC
2025-11-28 10:49:29,110 - INFO - [The Hindu] Article: https://www.thehindu.com/news/national/maharashtra/bjp-mla-accuses-ally-shiv-senas-legislator-of-trying-to-influence-voters-with-money-power/article70334192.ece
2025-11-28 10:49:29,110 - INFO - [The Hindu] Attempt 1/1: Trying with 'selenium_browser' strategy...
2025-11-28 10:49:29,723 - INFO - [The Guardian] Article: https://www.theguardian.com/world/2025/nov/28/bear-attacks-man-public-toilet-japan
2025-11-28 10:49:29,723 - INFO - [The Guardian] Attempt 1/1: Trying with 'requests_browser' strategy...
2025-11-28 10:49:29,780 - INFO - [The Guardian] Success with 'requests_browser'. Found content (373 words).
2025-11-28 10:49:29,855 - INFO - [BBC] Article: https://www.bbc.com/news/articles/cp84nl57v0lo?at_medium=RSS&at_campaign=rss
2025-11-28 10:49:29,855 - INFO - [BBC] Attempt 1/1: Trying with 'requests_browser' strategy...
2025-11-28 10:49:29,940 - INFO - Duplicate article skipped: Bear attacks man in public toilet in Japan | Japan | The Guardian from The Guardian
2025-11-28 10:49:29,981 - INFO - [BBC] Success with 'requests_browser'. Found content (751 words).
2025-11-28 10:49:30,164 - INFO - Duplicate article skipped: Putin doubles down on demands for Ukrainian territory ahead of talks with US from BBC
2025-11-28 10:49:30,858 - INFO - [BBC] Article: https://www.bbc.com/news/articles/c0edw7g7z79o?at_medium=RSS&at_campaign=rss
2025-11-28 10:49:30,858 - INFO - [BBC] Attempt 1/1: Trying with 'requests_browser' strategy...
2025-11-28 10:49:30,863 - INFO - [The Guardian] Article: https://www.theguardian.com/world/2025/nov/28/china-civil-service-exam-age-limit-changed
2025-11-28 10:49:30,863 - INFO - [The Guardian] Attempt 1/1: Trying with 'requests_browser' strategy...
2025-11-28 10:49:31,133 - INFO - [The Guardian] Success with 'requests_browser'. Found content (763 words).
2025-11-28 10:49:31,211 - INFO - [BBC] Success with 'requests_browser'. Found content (1054 words).
2025-11-28 10:49:31,216 - INFO - Duplicate article skipped: Millions in China cram for civil service exam and the hope of a job for life | China | The Guardian from The Guardian
2025-11-28 10:49:31,305 - INFO - Duplicate article skipped: France brings back limited military service with 3,000 volunteers next year from BBC
2025-11-28 10:49:31,750 - INFO - [The Hindu] Page content loaded.
2025-11-28 10:49:31,834 - INFO - [The Hindu] Success with 'selenium_browser'. Found content (355 words).
2025-11-28 10:49:32,095 - INFO - [The Guardian] Article: https://www.theguardian.com/world/2025/nov/28/flash-flooding-sumatra-death-toll-rises
2025-11-28 10:49:32,095 - INFO - [The Guardian] Attempt 1/1: Trying with 'requests_browser' strategy...
2025-11-28 10:49:32,131 - INFO - [The Guardian] Success with 'requests_browser'. Found content (785 words).
2025-11-28 10:49:32,301 - INFO - [BBC] Article: https://www.bbc.com/news/articles/cd0keyern0do?at_medium=RSS&at_campaign=rss
2025-11-28 10:49:32,303 - INFO - [BBC] Attempt 1/1: Trying with 'requests_browser' strategy...
2025-11-28 10:49:32,412 - INFO - [BBC] Success with 'requests_browser'. Found content (511 words).
2025-11-28 10:49:45,281 - ERROR - [Times of India] Request failed for strategy 'selenium_browser' on URL https://timesofindia.indiatimes.com/world/rest-of-world/human-washing-machine-goes-on-sale-in-japan/articleshow/125635307.cms: Message: timeout: Timed out receiving message from renderer: 59.684
  (Session info: chrome=142.0.7444.162)
Stacktrace:
#0 0x56503d54732a <unknown>
#1 0x56503cf93e4b <unknown>
#2 0x56503cf7be0d <unknown>
#3 0x56503cf7baf0 <unknown>
#4 0x56503cf798ff <unknown>
#5 0x56503cf7a27f <unknown>
#6 0x56503cf88ca3 <unknown>
#7 0x56503cfa2601 <unknown>
#8 0x56503cfa8e0b <unknown>
#9 0x56503cf7a9bd <unknown>
#10 0x56503cfa23a7 <unknown>
#11 0x56503d033170 <unknown>
#12 0x56503cfd8c1a <unknown>
#13 0x56503cfd9921 <unknown>
#14 0x56503d50e239 <unknown>
#15 0x56503d5111e8 <unknown>
#16 0x56503d4f74c9 <unknown>
#17 0x56503d511db5 <unknown>
#18 0x56503d4dee93 <unknown>
#19 0x56503d534098 <unknown>
#20 0x56503d534273 <unknown>
#21 0x56503d5462c3 <unknown>
#22 0x7f89b5a9caa4 <unknown>
#23 0x7f89b5b29c6c <unknown>

2025-11-28 10:49:45,281 - ERROR - [Times of India] All scrape strategies failed for https://timesofindia.indiatimes.com/world/rest-of-world/human-washing-machine-goes-on-sale-in-japan/articleshow/125635307.cms. Falling back to RSS description.
2025-11-28 10:49:48,063 - INFO - Saved article: BJP MLA accuses ally Shiv Sena's legislator of trying to influence voters with money power - The Hindu from The Hindu
2025-11-28 10:49:48,063 - INFO - Duplicate article skipped: Flash flooding in Sumatra kills 69 as rescue crews search rivers for survivors | Indonesia | The Guardian from The Guardian
2025-11-28 10:49:48,063 - INFO - Duplicate article skipped: Venezuela bans six major airlines after tensions with US escalate from BBC
2025-11-28 10:49:48,063 - INFO - Duplicate article skipped: Human washing machine goes on sale in Japan from Times of India
2025-11-28 10:49:48,572 - INFO - [The Guardian] Article: https://www.theguardian.com/news/2025/nov/27/hong-kong-fire-tai-po-police-blame-construction-company
2025-11-28 10:49:48,572 - INFO - [The Guardian] Attempt 1/1: Trying with 'requests_browser' strategy...
2025-11-28 10:49:48,604 - INFO - [The Guardian] Success with 'requests_browser'. Found content (975 words).
2025-11-28 10:49:48,650 - INFO - Duplicate article skipped: Hong Kong police say unsafe scaffolding and foam may have spread fire that killed at least 94 | Hong Kong apartment fires | The Guardian from The Guardian
2025-11-28 10:49:49,156 - INFO - [BBC] Article: https://www.bbc.com/news/articles/c0edw348pewo?at_medium=RSS&at_campaign=rss
2025-11-28 10:49:49,156 - INFO - [BBC] Attempt 1/1: Trying with 'requests_browser' strategy...
2025-11-28 10:49:49,193 - INFO - [Times of India] Article: https://timesofindia.indiatimes.com/world/middle-east/dubai-metro-new-rules-for-eid-al-etihad-timings-luggage-rules-and-routes-explained/articleshow/125635089.cms
2025-11-28 10:49:49,193 - INFO - [Times of India] Attempt 1/1: Trying with 'selenium_browser' strategy...
2025-11-28 10:49:49,240 - INFO - [The Hindu] Article: https://www.thehindu.com/news/national/west-bengal/trinamool-congress-meets-election-commission-of-india/article70334244.ece
2025-11-28 10:49:49,240 - INFO - [The Hindu] Attempt 1/1: Trying with 'selenium_browser' strategy...
2025-11-28 10:49:49,312 - INFO - [BBC] Success with 'requests_browser'. Found content (495 words).
2025-11-28 10:49:49,360 - INFO - Duplicate article skipped: US-Palestinian teen freed after nine months in Israeli jail from BBC
2025-11-28 10:49:49,791 - INFO - [The Guardian] Article: https://www.theguardian.com/australia-news/2025/nov/28/bondi-junction-stabbings-joel-cauchi-inquest-drug-use
2025-11-28 10:49:49,791 - INFO - [The Guardian] Attempt 1/1: Trying with 'requests_browser' strategy...
2025-11-28 10:49:49,864 - INFO - [The Guardian] Success with 'requests_browser'. Found content (901 words).
2025-11-28 10:49:49,974 - INFO - Duplicate article skipped: Bondi Junction stabbings: ‘10 seconds warning’ from security could have saved lives, inquest hears | Bondi Junction stabbings | The Guardian from The Guardian
2025-11-28 10:49:50,545 - INFO - [Times of India] Page content loaded.
2025-11-28 10:49:50,554 - INFO - [BBC] Article: https://www.bbc.com/news/articles/cdd560nvqqdo?at_medium=RSS&at_campaign=rss
2025-11-28 10:49:50,554 - INFO - [BBC] Attempt 1/1: Trying with 'requests_browser' strategy...
2025-11-28 10:49:50,788 - INFO - [BBC] Success with 'requests_browser'. Found content (1894 words).
2025-11-28 10:49:50,943 - INFO - Duplicate article skipped: Year after ceasefire, peace eludes south Lebanon as Israeli strikes continue from BBC
2025-11-28 10:49:51,266 - INFO - [The Guardian] Article: https://www.theguardian.com/australia-news/live/2025/nov/28/australia-news-live-storms-hail-queensland-environment-laws-anthony-albanese-labor-greens-sussan-ley-coalition-ntwnfb
2025-11-28 10:49:51,267 - INFO - [The Guardian] Attempt 1/1: Trying with 'requests_browser' strategy...
2025-11-28 10:49:51,292 - INFO - [Times of India] Success with 'selenium_browser'. Found content (533 words).
2025-11-28 10:49:51,460 - INFO - Duplicate article skipped: Dubai metro new rules for Eid Al Etihad: Timings, luggage rules and routes explained | World News - The Times of India from Times of India
2025-11-28 10:49:51,630 - INFO - [BBC] Article: https://www.bbc.com/news/articles/cy5g3076lqzo?at_medium=RSS&at_campaign=rss
2025-11-28 10:49:51,631 - INFO - [BBC] Attempt 1/1: Trying with 'requests_browser' strategy...
2025-11-28 10:49:52,184 - INFO - [The Guardian] Success with 'requests_browser'. Found content (1988 words).
2025-11-28 10:49:52,376 - INFO - [Times of India] Article: https://timesofindia.indiatimes.com/world/middle-east/explained-what-are-black-points-in-uae-and-how-to-check-them/articleshow/125634951.cms
2025-11-28 10:49:52,376 - INFO - [Times of India] Attempt 1/1: Trying with 'selenium_browser' strategy...
2025-11-28 10:49:52,488 - INFO - [BBC] Success with 'requests_browser'. Found content (736 words).
2025-11-28 10:49:52,702 - INFO - [The Hindu] Page content loaded.
2025-11-28 10:49:52,828 - INFO - Duplicate article skipped: Pope Leo visits Turkey and warns humanity at stake from high level of conflict from BBC
2025-11-28 10:49:52,858 - INFO - Duplicate article skipped: Barnaby Joyce’s exit from the Nationals ‘almost a Greek tragedy’, Michael McCormack says – as it happened | Australia news | The Guardian from The Guardian
2025-11-28 10:49:53,453 - INFO - [BBC] Article: https://www.bbc.com/news/articles/cvg164nvj77o?at_medium=RSS&at_campaign=rss
2025-11-28 10:49:53,454 - INFO - [BBC] Attempt 1/1: Trying with 'requests_browser' strategy...
2025-11-28 10:49:53,765 - INFO - [The Guardian] Article: https://www.theguardian.com/australia-news/2025/nov/28/jai-wright-police-officer-guilty-causing-indigenous-teenager-death-ntwnfb
2025-11-28 10:49:53,765 - INFO - [The Guardian] Attempt 1/1: Trying with 'requests_browser' strategy...
2025-11-28 10:49:53,826 - INFO - [The Guardian] Success with 'requests_browser'. Found content (639 words).
2025-11-28 10:49:53,927 - INFO - Duplicate article skipped: Police sergeant found guilty of causing death of 16-year-old Indigenous teenager Jai Wright | Australian police and policing | The Guardian from The Guardian
2025-11-28 10:49:54,016 - INFO - [The Hindu] Success with 'selenium_browser'. Found content (309 words).
2025-11-28 10:49:54,347 - INFO - Duplicate article skipped: TMC claims 40 SIR-related deaths in West Bengal; says CEC has ‘blood on his hands’ - The Hindu from The Hindu
2025-11-28 10:49:54,550 - INFO - [The Guardian] Article: https://www.theguardian.com/australia-news/2025/nov/28/father-jailed-homemade-gun-misfires-kills-pregnant-woman
2025-11-28 10:49:54,550 - INFO - [The Guardian] Attempt 1/1: Trying with 'requests_browser' strategy...
2025-11-28 10:49:54,718 - INFO - [The Guardian] Success with 'requests_browser'. Found content (546 words).
2025-11-28 10:49:55,001 - INFO - Duplicate article skipped: Victorian man jailed after homemade gun misfires and kills his pregnant partner | Victoria | The Guardian from The Guardian
2025-11-28 10:49:55,054 - INFO - [BBC] Success with 'requests_browser'. Found content (820 words).
2025-11-28 10:49:55,630 - INFO - Duplicate article skipped: Guinea-Bissau army general named president a day after apparent coup from BBC
2025-11-28 10:49:55,725 - INFO - [The Guardian] Article: https://www.theguardian.com/australia-news/2025/nov/28/sydney-blacktown-daylight-shooting-man-dead-ntwnfb
2025-11-28 10:49:55,728 - INFO - [The Guardian] Attempt 1/1: Trying with 'requests_browser' strategy...
2025-11-28 10:49:55,767 - INFO - [The Guardian] Success with 'requests_browser'. Found content (287 words).
2025-11-28 10:49:55,774 - INFO - [The Hindu] Article: https://www.thehindu.com/news/national/telangana/major-multi-state-raids-disrupt-nationwide-drug-cartel-network-run-by-nigerian-handlers/article70334055.ece
2025-11-28 10:49:55,774 - INFO - [The Hindu] Attempt 1/1: Trying with 'selenium_browser' strategy...
2025-11-28 10:49:55,862 - INFO - Duplicate article skipped: Man dead and two under arrest after daylight shooting on suburban Sydney street | New South Wales | The Guardian from The Guardian
2025-11-28 10:49:56,962 - INFO - [BBC] Article: https://www.bbc.com/news/articles/cn8e5j20g27o?at_medium=RSS&at_campaign=rss
2025-11-28 10:49:56,962 - INFO - [BBC] Attempt 1/1: Trying with 'requests_browser' strategy...
2025-11-28 10:49:57,019 - INFO - [BBC] Success with 'requests_browser'. Found content (805 words).
2025-11-28 10:49:57,082 - INFO - Duplicate article skipped: Hong Kong fire: Anger and unanswered questions from BBC
2025-11-28 10:49:57,142 - INFO - [Times of India] Page content loaded.
2025-11-28 10:49:57,386 - INFO - [Times of India] Success with 'selenium_browser'. Found content (567 words).
2025-11-28 10:49:57,619 - INFO - Duplicate article skipped: Explained: What are black points in UAE and how to check them | World News - The Times of India from Times of India
2025-11-28 10:49:58,407 - INFO - [BBC] Article: https://www.bbc.com/news/articles/cx2dndy228xo?at_medium=RSS&at_campaign=rss
2025-11-28 10:49:58,407 - INFO - [BBC] Attempt 1/1: Trying with 'requests_browser' strategy...
2025-11-28 10:49:58,498 - INFO - [BBC] Success with 'requests_browser'. Found content (1290 words).
2025-11-28 10:49:58,576 - INFO - Duplicate article skipped: South Africans in Ukraine: 'Scared and desperate' after allegedly being duped by Zuma's daughter to fight for Russia from BBC
2025-11-28 10:49:58,753 - INFO - [The Hindu] Page content loaded.
2025-11-28 10:49:58,855 - INFO - [The Hindu] Success with 'selenium_browser'. Found content (672 words).
2025-11-28 10:49:58,873 - INFO - [Times of India] Article: https://timesofindia.indiatimes.com/world/middle-east/sharjah-police-announce-black-points-waiver-and-fine-discounts-for-uaes-54th-national-day/articleshow/125631206.cms
2025-11-28 10:49:58,873 - INFO - [Times of India] Attempt 1/1: Trying with 'selenium_browser' strategy...
2025-11-28 10:49:58,952 - INFO - Duplicate article skipped: Major multi-State raids disrupt nationwide drug cartel network run by Nigerian handlers in India - The Hindu from The Hindu
2025-11-28 10:50:00,155 - INFO - [Times of India] Page content loaded.
2025-11-28 10:50:00,354 - INFO - [Times of India] Success with 'selenium_browser'. Found content (436 words).
2025-11-28 10:50:00,414 - INFO - Duplicate article skipped: Sharjah police announce black points waiver and fine discounts for UAE’s 54th National Day | World News - The Times of India from Times of India
2025-11-28 10:50:00,419 - INFO - [The Hindu] Article: https://www.thehindu.com/news/cities/Mangalore/modi-in-udupi-hinting-at-pakistan-pm-says-india-knows-how-to-maintain-peace-and-protect-itself/article70334109.ece
2025-11-28 10:50:00,419 - INFO - [The Hindu] Attempt 1/1: Trying with 'selenium_browser' strategy...
2025-11-28 10:50:01,188 - INFO - [The Hindu] Page content loaded.
2025-11-28 10:50:01,310 - INFO - [Times of India] Article: https://timesofindia.indiatimes.com/world/rest-of-world/hong-kong-tragedy-fire-alarms-of-affected-buildings-failed-toll-rises-to-128/articleshow/125632887.cms
2025-11-28 10:50:01,311 - INFO - [Times of India] Attempt 1/1: Trying with 'selenium_browser' strategy...
2025-11-28 10:50:01,444 - INFO - [The Hindu] Success with 'selenium_browser'. Found content (489 words).
2025-11-28 10:50:01,552 - INFO - Duplicate article skipped: Modi in Udupi: Hinting at Pakistan, PM says India knows how to maintain peace and protect itself - The Hindu from The Hindu
2025-11-28 10:50:02,104 - INFO - [The Hindu] Article: https://www.thehindu.com/news/national/tamil-nadu/state-wide-tours-of-nda-leaders-give-hope-for-change-of-power-in-tamil-nadu-says-gk-vasan/article70333828.ece
2025-11-28 10:50:02,104 - INFO - [The Hindu] Attempt 1/1: Trying with 'selenium_browser' strategy...
2025-11-28 10:50:05,187 - INFO - [The Hindu] Page content loaded.
2025-11-28 10:50:05,986 - INFO - [The Hindu] Success with 'selenium_browser'. Found content (257 words).
2025-11-28 10:50:06,102 - INFO - Duplicate article skipped: State-wide tours of NDA leaders give hope for change of power in Tamil Nadu, says G.K. Vasan - The Hindu from The Hindu
2025-11-28 10:50:07,590 - INFO - [The Hindu] Article: https://www.thehindu.com/news/national/kerala/special-squads-in-action-against-illicit-liquor-trade-in-kerala-ahead-of-local-body-polls/article70334086.ece
2025-11-28 10:50:07,590 - INFO - [The Hindu] Attempt 1/1: Trying with 'selenium_browser' strategy...
2025-11-28 10:50:09,524 - INFO - [The Hindu] Page content loaded.
2025-11-28 10:50:09,898 - INFO - [The Hindu] Success with 'selenium_browser'. Found content (392 words).
2025-11-28 10:50:10,072 - INFO - Duplicate article skipped: Special squads in action against illicit liquor trade in Kerala ahead of local body polls - The Hindu from The Hindu
2025-11-28 10:50:10,725 - INFO - [The Hindu] Article: https://www.thehindu.com/news/national/union-defence-minister-rajnath-singh-at-chanakya-defence-dialogue/article70334181.ece
2025-11-28 10:50:10,725 - INFO - [The Hindu] Attempt 1/1: Trying with 'selenium_browser' strategy...
2025-11-28 10:50:16,496 - INFO - [The Hindu] Page content loaded.
2025-11-28 10:50:16,571 - INFO - [The Hindu] Success with 'selenium_browser'. Found content (275 words).
2025-11-28 10:50:16,666 - INFO - Duplicate article skipped: India has become voice of balance and responsibility in current global environment, says Rajnath Singh - The Hindu from The Hindu
2025-11-28 10:50:17,168 - INFO - [The Hindu] Article: https://www.thehindu.com/news/national/tamil-nadu/sengottaiyans-entry-into-tvk-may-not-affect-aiadmk-but-benefit-vijay-experts/article70333893.ece
2025-11-28 10:50:17,168 - INFO - [The Hindu] Attempt 1/1: Trying with 'selenium_browser' strategy...
2025-11-28 10:50:18,357 - INFO - [The Hindu] Page content loaded.
2025-11-28 10:50:18,690 - INFO - [The Hindu] Success with 'selenium_browser'. Found content (352 words).
2025-11-28 10:50:18,854 - INFO - Duplicate article skipped: Sengottaiyan’s entry into TVK may not affect AIADMK but benefit Vijay: experts - The Hindu from The Hindu
2025-11-28 10:50:20,078 - INFO - [The Hindu] Article: https://www.thehindu.com/news/national/andhra-pradesh/andhra-pradesh-chambers-delegation-submits-pre-budget-representation-to-nirmala-sitharaman/article70333922.ece
2025-11-28 10:50:20,078 - INFO - [The Hindu] Attempt 1/1: Trying with 'selenium_browser' strategy...
2025-11-28 10:50:22,453 - INFO - [The Hindu] Page content loaded.
2025-11-28 10:50:22,688 - INFO - [The Hindu] Success with 'selenium_browser'. Found content (245 words).
2025-11-28 10:50:22,821 - INFO - Duplicate article skipped: Andhra Pradesh Chambers delegation submits pre-Budget representation to Nirmala Sitharaman - The Hindu from The Hindu
2025-11-28 10:50:23,811 - INFO - [The Hindu] Article: https://www.thehindu.com/news/cities/bangalore/67-kg-hydro-ganja-in-10-days-bengaluru-customs-nets-massive-drug-hauls-in-airport-interceptions/article70333731.ece
2025-11-28 10:50:23,811 - INFO - [The Hindu] Attempt 1/1: Trying with 'selenium_browser' strategy...
2025-11-28 10:50:27,546 - INFO - [The Hindu] Page content loaded.
2025-11-28 10:50:27,726 - INFO - [The Hindu] Success with 'selenium_browser'. Found content (340 words).
2025-11-28 10:50:27,908 - INFO - Duplicate article skipped: 67 kg hydro ganja in 10 days: Bengaluru Customs nets massive drug hauls in airport interceptions - The Hindu from The Hindu
2025-11-28 10:50:29,065 - INFO - [The Hindu] Article: https://www.thehindu.com/news/international/will-pm-modi-take-up-south-africas-cause-with-good-friend-trump-asks-congress/article70333695.ece
2025-11-28 10:50:29,065 - INFO - [The Hindu] Attempt 1/1: Trying with 'selenium_browser' strategy...
2025-11-28 10:50:31,468 - INFO - [The Hindu] Page content loaded.
2025-11-28 10:50:31,560 - INFO - [The Hindu] Success with 'selenium_browser'. Found content (546 words).
2025-11-28 10:50:32,171 - INFO - Duplicate article skipped: Will PM Modi take up South Africa's cause with ‘good friend’ Trump, asks Congress - The Hindu from The Hindu
2025-11-28 10:50:33,599 - INFO - [The Hindu] Article: https://www.thehindu.com/news/national/kerala/congress-in-kerala-walks-a-tight-rope-as-cpim-bjp-ramp-up-demand-for-mla-rahul-mamkootathils-resignation/article70333966.ece
2025-11-28 10:50:33,599 - INFO - [The Hindu] Attempt 1/1: Trying with 'selenium_browser' strategy...
2025-11-28 10:50:34,703 - INFO - [The Hindu] Page content loaded.
2025-11-28 10:50:34,980 - INFO - [The Hindu] Success with 'selenium_browser'. Found content (446 words).
2025-11-28 10:50:35,076 - INFO - Duplicate article skipped: Congress in Kerala walks a tight rope as CPI(M), BJP ramp up demand for MLA Rahul Mamkootathil’s resignation - The Hindu from The Hindu
2025-11-28 10:50:35,593 - INFO - [The Hindu] Article: https://www.thehindu.com/news/national/russian-president-vladimir-putin-to-visit-india-on-december-4-5/article70333927.ece
2025-11-28 10:50:35,593 - INFO - [The Hindu] Attempt 1/1: Trying with 'selenium_browser' strategy...
2025-11-28 10:50:36,605 - INFO - [The Hindu] Page content loaded.
2025-11-28 10:50:36,793 - INFO - [The Hindu] Success with 'selenium_browser'. Found content (298 words).
2025-11-28 10:50:36,884 - INFO - Duplicate article skipped: Russian President Vladimir Putin to visit India on December 4-5 - The Hindu from The Hindu
2025-11-28 10:50:37,474 - INFO - [The Hindu] Article: https://www.thehindu.com/news/national/andhra-pradesh/widespread-rain-with-isolated-very-heavy-falls-likely-over-south-coastal-andhra-due-to-ditwah/article70333868.ece
2025-11-28 10:50:37,474 - INFO - [The Hindu] Attempt 1/1: Trying with 'selenium_browser' strategy...
2025-11-28 10:50:38,694 - INFO - [The Hindu] Page content loaded.
2025-11-28 10:50:38,965 - INFO - [The Hindu] Success with 'selenium_browser'. Found content (607 words).
2025-11-28 10:50:39,058 - INFO - Duplicate article skipped: Widespread rain with isolated very heavy falls likely over south coastal Andhra under influence of Ditwah from November 29 - The Hindu from The Hindu
2025-11-28 10:50:39,631 - INFO - [The Hindu] Article: https://www.thehindu.com/news/national/andhra-pradesh/parakamani-theft-case-ttd-former-chairman-subba-reddy-appears-before-cid/article70333852.ece
2025-11-28 10:50:39,631 - INFO - [The Hindu] Attempt 1/1: Trying with 'selenium_browser' strategy...
2025-11-28 10:50:41,838 - INFO - [The Hindu] Page content loaded.
2025-11-28 10:50:41,898 - INFO - [The Hindu] Success with 'selenium_browser'. Found content (201 words).
2025-11-28 10:50:41,961 - INFO - Duplicate article skipped: Parakamani theft case: TTD former chairman Subba Reddy appears before CID - The Hindu from The Hindu
2025-11-28 10:50:43,066 - INFO - [The Hindu] Article: https://www.thehindu.com/news/national/tamil-nadu/kodanad-heist-cum-murder-case-two-accused-men-sayan-manoj-cleared-of-charges-of-intimidating-witness/article70333732.ece
2025-11-28 10:50:43,066 - INFO - [The Hindu] Attempt 1/1: Trying with 'selenium_browser' strategy...
2025-11-28 10:50:43,927 - INFO - [The Hindu] Page content loaded.
2025-11-28 10:50:44,017 - INFO - [The Hindu] Success with 'selenium_browser'. Found content (219 words).
2025-11-28 10:50:44,097 - INFO - Duplicate article skipped: Kodanad heist-cum-murder case: Two accused men Sayan, Manoj cleared of charges of intimidating witness - The Hindu from The Hindu
2025-11-28 10:50:45,006 - INFO - [The Hindu] Article: https://www.thehindu.com/news/national/arunachal-pradesh/arunachal-pradesh-state-election-commission-introduces-on-the-spot-voting-facility-for-personnel-engaged-in-civic-poll-duty/article70333815.ece
2025-11-28 10:50:45,006 - INFO - [The Hindu] Attempt 1/1: Trying with 'selenium_browser' strategy...
2025-11-28 10:50:45,768 - INFO - [The Hindu] Page content loaded.
2025-11-28 10:50:45,814 - INFO - [The Hindu] Success with 'selenium_browser'. Found content (451 words).
2025-11-28 10:50:45,882 - INFO - Duplicate article skipped: Arunachal Pradesh State Election Commission introduces on-the-spot voting facility for personnel engaged in civic poll duty - The Hindu from The Hindu
2025-11-28 10:50:47,237 - INFO - [The Hindu] Article: https://www.thehindu.com/news/national/rajasthan/anti-conversion-law-supreme-court-seeks-rajasthan-governments-response-on-plea-challenging-validity/article70333785.ece
2025-11-28 10:50:47,237 - INFO - [The Hindu] Attempt 1/1: Trying with 'selenium_browser' strategy...
2025-11-28 10:50:49,106 - INFO - [The Hindu] Page content loaded.
2025-11-28 10:50:49,160 - INFO - [The Hindu] Success with 'selenium_browser'. Found content (313 words).
2025-11-28 10:50:49,258 - INFO - Duplicate article skipped: Anti-conversion law: Supreme Court seeks Rajasthan Government's response on plea challenging validity - The Hindu from The Hindu
2025-11-28 10:50:50,227 - INFO - [The Hindu] Article: https://www.thehindu.com/news/national/jammu-and-kashmir/kashmir-experiences-coldest-november-since-2007-mercury-in-srinagar-drops-to-45c/article70333810.ece
2025-11-28 10:50:50,227 - INFO - [The Hindu] Attempt 1/1: Trying with 'selenium_browser' strategy...
2025-11-28 10:50:52,421 - INFO - [The Hindu] Page content loaded.
2025-11-28 10:50:52,564 - INFO - [The Hindu] Success with 'selenium_browser'. Found content (240 words).
2025-11-28 10:50:52,633 - INFO - Duplicate article skipped: Kashmir experiences coldest November since 2007; Mercury in Srinagar drops to -4.5°C - The Hindu from The Hindu
2025-11-28 10:50:54,070 - INFO - [The Hindu] (Thread) Finished. Attempting to shut down its Selenium driver.
2025-11-28 10:50:54,329 - INFO - [The Hindu] (Thread) driver.quit() successful.
2025-11-28 10:52:01,324 - ERROR - [Times of India] Request failed for strategy 'selenium_browser' on URL https://timesofindia.indiatimes.com/world/rest-of-world/hong-kong-tragedy-fire-alarms-of-affected-buildings-failed-toll-rises-to-128/articleshow/125632887.cms: HTTPConnectionPool(host='localhost', port=50043): Read timed out. (read timeout=120)
2025-11-28 10:52:01,324 - ERROR - [Times of India] All scrape strategies failed for https://timesofindia.indiatimes.com/world/rest-of-world/hong-kong-tragedy-fire-alarms-of-affected-buildings-failed-toll-rises-to-128/articleshow/125632887.cms. Falling back to RSS description.
2025-11-28 10:52:01,325 - INFO - Duplicate article skipped: Hong Kong tragedy: Fire alarms of affected buildings failed; toll rises to 128 from Times of India
2025-11-28 10:52:01,845 - INFO - [Times of India] Article: https://timesofindia.indiatimes.com/world/rest-of-world/sri-lanka-56-killed-as-floods-landslides-triggered-by-torrential-rains-batter-the-island-dozens-missing/articleshow/125628919.cms
2025-11-28 10:52:01,846 - INFO - [Times of India] Attempt 1/1: Trying with 'selenium_browser' strategy...
2025-11-28 10:53:36,106 - CRITICAL - --- TIMEOUT: 1 scrape jobs did not complete in 300s. ---
2025-11-28 10:53:36,106 - ERROR - A thread has timed out and will be abandoned.
2025-11-28 10:53:36,106 - INFO - Shutting down thread pool (wait=False)...
2025-11-28 10:53:36,106 - INFO - Scraped: 2 The Hindu, 0 The Guardian, 1 BBC, 1 Timed_Out_Jobs articles. (Total saved: 3)
2025-11-28 10:53:36,106 - INFO - --- Scraping job finished ---
2025-11-28 10:53:36,107 - INFO - --- Scraper service stopped and database connection closed. ---
2025-11-28 10:53:36,107 - INFO - --- Main thread finished. Forcing process exit to kill zombie threads. ---
