2025-11-28 23:23:13,723 - INFO - Loading AI Semantic Model (all-MiniLM-L6-v2)...
2025-11-28 23:23:13,724 - INFO - Use pytorch device_name: cpu
2025-11-28 23:23:13,724 - INFO - Load pretrained SentenceTransformer: all-MiniLM-L6-v2
2025-11-28 23:23:15,171 - INFO - AI Model loaded successfully.
2025-11-28 23:23:15,171 - INFO - Initializing database connection at: news_articles.db
2025-11-28 23:23:15,172 - INFO - --- Scraper service started (CI Mode: Run Once) ---
2025-11-28 23:23:15,172 - INFO - --- Starting new scraping job (Parallel Mode) ---
2025-11-28 23:23:15,172 - INFO - Creating new robust session with 3 retries on 5xx/connection/read errors.
2025-11-28 23:23:15,172 - INFO - Proxy is DISABLED.
2025-11-28 23:23:15,172 - INFO - Starting scrape for BBC RSS feed: http://feeds.bbci.co.uk/news/world/rss.xml
2025-11-28 23:23:15,173 - INFO - [Times of India] (Thread) requires Selenium. Initializing driver...
2025-11-28 23:23:15,174 - INFO - Initializing headless Selenium Chrome driver (using SeleniumManager)...
2025-11-28 23:23:15,174 - INFO - Starting scrape for The Guardian RSS feed: https://www.theguardian.com/world/rss
2025-11-28 23:23:15,175 - INFO - [The Hindu] (Thread) requires Selenium. Initializing driver...
2025-11-28 23:23:15,176 - INFO - Submitted 4 jobs to thread pool. Waiting up to 300s for completion...
2025-11-28 23:23:15,176 - INFO - Initializing headless Selenium Chrome driver (using SeleniumManager)...
2025-11-28 23:23:15,344 - INFO - Found 30 articles in BBC RSS feed. Processing up to 20.
2025-11-28 23:23:15,345 - INFO - [BBC] Article: https://www.bbc.com/news/articles/ckg9nd2wddno?at_medium=RSS&at_campaign=rss
2025-11-28 23:23:15,345 - INFO - [BBC] Attempt 1/1: Trying with 'requests_browser' strategy...
2025-11-28 23:23:15,591 - INFO - Found 45 articles in The Guardian RSS feed. Processing up to 20.
2025-11-28 23:23:15,592 - INFO - [The Guardian] Article: https://www.theguardian.com/world/2025/nov/28/jacob-zuma-daughter-resigns-claims-south-africans-tricked-fight-russia
2025-11-28 23:23:15,592 - INFO - [The Guardian] Attempt 1/1: Trying with 'requests_browser' strategy...
2025-11-28 23:23:15,625 - INFO - [The Guardian] Success with 'requests_browser'. Found content (753 words).
2025-11-28 23:23:15,660 - INFO - Duplicate article skipped: Jacob Zuma’s daughter resigns amid claims South Africans tricked to fight for Russia | South Africa | The Guardian from The Guardian
2025-11-28 23:23:15,692 - INFO - [BBC] Success with 'requests_browser'. Found content (929 words).
2025-11-28 23:23:15,747 - INFO - Duplicate article skipped: Zelensky's chief of staff Andriy Yermak resigns after anti-corruption raid from BBC
2025-11-28 23:23:16,719 - INFO - [The Guardian] Article: https://www.theguardian.com/environment/2025/nov/28/africa-forests-transformed-carbon-sink-carbon-source-study
2025-11-28 23:23:16,719 - INFO - [The Guardian] Attempt 1/1: Trying with 'requests_browser' strategy...
2025-11-28 23:23:16,747 - INFO - [The Guardian] Success with 'requests_browser'. Found content (458 words).
2025-11-28 23:23:16,783 - INFO - Duplicate article skipped: Africa’s forests transformed from carbon sink to carbon source, study finds | Climate crisis | The Guardian from The Guardian
2025-11-28 23:23:17,016 - INFO - [BBC] Article: https://www.bbc.com/news/articles/c79xd17dre3o?at_medium=RSS&at_campaign=rss
2025-11-28 23:23:17,016 - INFO - [BBC] Attempt 1/1: Trying with 'requests_browser' strategy...
2025-11-28 23:23:17,075 - INFO - [BBC] Success with 'requests_browser'. Found content (771 words).
2025-11-28 23:23:17,119 - INFO - Duplicate article skipped: Hong Kong tower blocks fire death toll rises to 128 from BBC
2025-11-28 23:23:17,487 - INFO - [The Guardian] Article: https://www.theguardian.com/world/2025/nov/26/guinea-bissau-officers-take-total-control-close-borders-amid-election-chaos
2025-11-28 23:23:17,487 - INFO - [The Guardian] Attempt 1/1: Trying with 'requests_browser' strategy...
2025-11-28 23:23:17,514 - INFO - [The Guardian] Success with 'requests_browser'. Found content (412 words).
2025-11-28 23:23:17,548 - INFO - Duplicate article skipped: Guinea-Bissau military takes ‘total control’ amid election chaos | Guinea-Bissau | The Guardian from The Guardian
2025-11-28 23:23:18,194 - INFO - [BBC] Article: https://www.bbc.com/news/articles/cz0nlxlr87go?at_medium=RSS&at_campaign=rss
2025-11-28 23:23:18,195 - INFO - [BBC] Attempt 1/1: Trying with 'requests_browser' strategy...
2025-11-28 23:23:18,226 - INFO - [BBC] Success with 'requests_browser'. Found content (498 words).
2025-11-28 23:23:18,261 - INFO - Duplicate article skipped: Guinea-Bissau coup called a 'sham' by West African political figures from BBC
2025-11-28 23:23:18,852 - INFO - [The Guardian] Article: https://www.theguardian.com/world/2025/nov/25/nigerian-schoolgirls-rescued-after-mass-abduction-in-kebbi
2025-11-28 23:23:18,852 - INFO - [The Guardian] Attempt 1/1: Trying with 'requests_browser' strategy...
2025-11-28 23:23:18,994 - INFO - [BBC] Article: https://www.bbc.com/news/articles/c0q5w8l88dvo?at_medium=RSS&at_campaign=rss
2025-11-28 23:23:18,994 - INFO - [BBC] Attempt 1/1: Trying with 'requests_browser' strategy...
2025-11-28 23:23:19,167 - INFO - [The Guardian] Success with 'requests_browser'. Found content (515 words).
2025-11-28 23:23:19,216 - INFO - Duplicate article skipped: Nigerian schoolgirls rescued after mass abduction in Kebbi | Nigeria | The Guardian from The Guardian
2025-11-28 23:23:19,223 - INFO - [BBC] Success with 'requests_browser'. Found content (700 words).
2025-11-28 23:23:19,257 - INFO - Duplicate article skipped: Afghans in US issue plea to Trump after 'tragic' Washington DC shooting from BBC
2025-11-28 23:23:20,222 - INFO - [BBC] Article: https://www.bbc.com/news/articles/cdxweyy157go?at_medium=RSS&at_campaign=rss
2025-11-28 23:23:20,223 - INFO - [BBC] Attempt 1/1: Trying with 'requests_browser' strategy...
2025-11-28 23:23:20,265 - INFO - [BBC] Success with 'requests_browser'. Found content (1079 words).
2025-11-28 23:23:20,306 - INFO - Duplicate article skipped: Trump says US will pause migration from 'third-world countries' from BBC
2025-11-28 23:23:20,468 - INFO - [The Guardian] Article: https://www.theguardian.com/world/2025/nov/25/jacob-zuma-daughter-accused-tricking-men-fighting-for-russia-in-ukraine
2025-11-28 23:23:20,468 - INFO - [The Guardian] Attempt 1/1: Trying with 'requests_browser' strategy...
2025-11-28 23:23:20,648 - INFO - [The Guardian] Success with 'requests_browser'. Found content (656 words).
2025-11-28 23:23:20,693 - INFO - Duplicate article skipped: Jacob Zuma’s daughter accused of tricking men into fighting for Russia in Ukraine | South Africa | The Guardian from The Guardian
2025-11-28 23:23:21,338 - INFO - [The Guardian] Article: https://www.theguardian.com/us-news/2025/nov/28/college-student-deported-boston-flight-thanksgiving
2025-11-28 23:23:21,338 - INFO - [The Guardian] Attempt 1/1: Trying with 'requests_browser' strategy...
2025-11-28 23:23:21,363 - INFO - [The Guardian] Success with 'requests_browser'. Found content (274 words).
2025-11-28 23:23:21,398 - INFO - Duplicate article skipped: College student deported when flying home for Thanksgiving, despite court order | ICE (US Immigration and Customs Enforcement) | The Guardian from The Guardian
2025-11-28 23:23:21,434 - INFO - [BBC] Article: https://www.bbc.com/news/articles/cp89k31krz4o?at_medium=RSS&at_campaign=rss
2025-11-28 23:23:21,434 - INFO - [BBC] Attempt 1/1: Trying with 'requests_browser' strategy...
2025-11-28 23:23:21,467 - INFO - [BBC] Success with 'requests_browser'. Found content (485 words).
2025-11-28 23:23:21,500 - INFO - Duplicate article skipped: Thirteen killed in deadliest Israeli raid for months in southern Syria from BBC
2025-11-28 23:23:22,552 - INFO - [The Guardian] Article: https://www.theguardian.com/world/2025/nov/28/quebec-prayer-law-canada
2025-11-28 23:23:22,552 - INFO - [The Guardian] Attempt 1/1: Trying with 'requests_browser' strategy...
2025-11-28 23:23:22,581 - INFO - [The Guardian] Success with 'requests_browser'. Found content (539 words).
2025-11-28 23:23:22,591 - INFO - [BBC] Article: https://www.bbc.com/news/articles/ckglrdg6kz7o?at_medium=RSS&at_campaign=rss
2025-11-28 23:23:22,597 - INFO - [BBC] Attempt 1/1: Trying with 'requests_browser' strategy...
2025-11-28 23:23:22,619 - INFO - Duplicate article skipped: Quebec to ban public prayer in sweeping new secularism law | Quebec | The Guardian from The Guardian
2025-11-28 23:23:22,650 - INFO - [BBC] Success with 'requests_browser'. Found content (639 words).
2025-11-28 23:23:22,683 - INFO - Duplicate article skipped: UN panel says Israel operating 'de facto policy of torture' from BBC
2025-11-28 23:23:23,757 - INFO - [The Guardian] Article: https://www.theguardian.com/world/2025/nov/28/haida-nation-mark-carney-pipe-dream-oil-energy
2025-11-28 23:23:23,758 - INFO - [The Guardian] Attempt 1/1: Trying with 'requests_browser' strategy...
2025-11-28 23:23:23,789 - INFO - [The Guardian] Success with 'requests_browser'. Found content (1103 words).
2025-11-28 23:23:23,824 - INFO - Duplicate article skipped: ‘Not going to happen’: First Nations threaten to end Carney’s pipe dream | Canada | The Guardian from The Guardian
2025-11-28 23:23:23,853 - INFO - [BBC] Article: https://www.bbc.com/news/articles/c0l9z176lnlo?at_medium=RSS&at_campaign=rss
2025-11-28 23:23:23,854 - INFO - [BBC] Attempt 1/1: Trying with 'requests_browser' strategy...
2025-11-28 23:23:23,894 - INFO - [BBC] Success with 'requests_browser'. Found content (678 words).
2025-11-28 23:23:23,941 - INFO - Duplicate article skipped: Austrian nuns win reprieve in abandoned convent - if they stay off social media from BBC
2025-11-28 23:23:24,243 - INFO - Selenium driver initialized successfully.
2025-11-28 23:23:24,243 - INFO - Selenium driver initialized successfully.
2025-11-28 23:23:24,243 - INFO - Starting scrape for The Hindu RSS feed: https://www.thehindu.com/news/national/feeder/default.rss
2025-11-28 23:23:24,243 - INFO - Starting scrape for Times of India RSS feed: https://timesofindia.indiatimes.com/rssfeeds/296589292.cms
2025-11-28 23:23:24,512 - INFO - Found 20 articles in Times of India RSS feed. Processing up to 20.
2025-11-28 23:23:24,513 - INFO - [Times of India] Article: https://timesofindia.indiatimes.com/world/us/dc-shooting-us-treasury-to-cut-federal-benefits-to-illegal-aliens-amid-trumps-rant-on-immigrants-from-third-world-countries/articleshow/125646901.cms
2025-11-28 23:23:24,513 - INFO - [Times of India] Attempt 1/1: Trying with 'selenium_browser' strategy...
2025-11-28 23:23:24,884 - INFO - [BBC] Article: https://www.bbc.com/news/articles/cx2dndy228xo?at_medium=RSS&at_campaign=rss
2025-11-28 23:23:24,884 - INFO - [BBC] Attempt 1/1: Trying with 'requests_browser' strategy...
2025-11-28 23:23:24,929 - INFO - [BBC] Success with 'requests_browser'. Found content (1379 words).
2025-11-28 23:23:24,973 - INFO - Duplicate article skipped: Duduzile Zuma-Sambudla resigns as South African MP over Russia mercenary recruitment scandal from BBC
2025-11-28 23:23:25,097 - INFO - Found 100 articles in The Hindu RSS feed. Processing up to 20.
2025-11-28 23:23:25,097 - INFO - [The Hindu] Article: https://www.thehindu.com/news/national/assam/opposing-ucc-plan-congress-says-assam-cms-days-numbered/article70335506.ece
2025-11-28 23:23:25,098 - INFO - [The Hindu] Attempt 1/1: Trying with 'selenium_browser' strategy...
2025-11-28 23:23:25,212 - INFO - [The Guardian] Article: https://www.theguardian.com/world/2025/nov/28/st-vincent-caribbean-opposition-party-celebrates-historic-election-win
2025-11-28 23:23:25,212 - INFO - [The Guardian] Attempt 1/1: Trying with 'requests_browser' strategy...
2025-11-28 23:23:25,242 - INFO - [The Guardian] Success with 'requests_browser'. Found content (609 words).
2025-11-28 23:23:25,278 - INFO - Duplicate article skipped: St Vincent opposition party celebrates historic election win | St Vincent and the Grenadines | The Guardian from The Guardian
2025-11-28 23:23:25,887 - INFO - [BBC] Article: https://www.bbc.com/news/articles/c0q5w13e58zo?at_medium=RSS&at_campaign=rss
2025-11-28 23:23:25,887 - INFO - [BBC] Attempt 1/1: Trying with 'requests_browser' strategy...
2025-11-28 23:23:25,917 - INFO - [BBC] Success with 'requests_browser'. Found content (422 words).
2025-11-28 23:23:25,958 - INFO - Duplicate article skipped: Lightning detected on Mars by Nasa rover, scientists believe from BBC
2025-11-28 23:23:26,209 - INFO - [The Guardian] Article: https://www.theguardian.com/world/2025/nov/27/st-vincent-prime-minister-seeks-record-sixth-term-in-tight-election
2025-11-28 23:23:26,210 - INFO - [The Guardian] Attempt 1/1: Trying with 'requests_browser' strategy...
2025-11-28 23:23:26,246 - INFO - [The Guardian] Success with 'requests_browser'. Found content (678 words).
2025-11-28 23:23:26,312 - INFO - Duplicate article skipped: St Vincent prime minister seeks record sixth term in tight election | St Vincent and the Grenadines | The Guardian from The Guardian
2025-11-28 23:23:26,913 - INFO - [BBC] Article: https://www.bbc.com/news/articles/clyz7njqwvvo?at_medium=RSS&at_campaign=rss
2025-11-28 23:23:26,913 - INFO - [BBC] Attempt 1/1: Trying with 'requests_browser' strategy...
2025-11-28 23:23:26,966 - INFO - [BBC] Success with 'requests_browser'. Found content (345 words).
2025-11-28 23:23:27,050 - INFO - Duplicate article skipped: Japan's same-sex marriage ban is constitutional, says Tokyo court from BBC
2025-11-28 23:23:27,183 - INFO - [The Guardian] Article: https://www.theguardian.com/news/2025/nov/28/hong-kong-apartment-fire-response-rescue-operations-death-toll
2025-11-28 23:23:27,183 - INFO - [The Guardian] Attempt 1/1: Trying with 'requests_browser' strategy...
2025-11-28 23:23:27,322 - INFO - [The Guardian] Success with 'requests_browser'. Found content (1000 words).
2025-11-28 23:23:27,508 - INFO - Duplicate article skipped: Rescue efforts end at Hong Kong tower block fire as death toll reaches 128 | Hong Kong apartment fires | The Guardian from The Guardian
2025-11-28 23:23:27,901 - INFO - [BBC] Article: https://www.bbc.com/news/articles/c0r9qzrxdwwo?at_medium=RSS&at_campaign=rss
2025-11-28 23:23:27,902 - INFO - [BBC] Attempt 1/1: Trying with 'requests_browser' strategy...
2025-11-28 23:23:28,039 - INFO - [BBC] Success with 'requests_browser'. Found content (448 words).
2025-11-28 23:23:28,557 - INFO - [The Guardian] Article: https://www.theguardian.com/news/2025/nov/28/hong-kong-community-groups-deliver-aid-to-survivors-of-wang-fuk-court-fire
2025-11-28 23:23:28,557 - INFO - [The Guardian] Attempt 1/1: Trying with 'requests_browser' strategy...
2025-11-28 23:23:28,634 - INFO - Duplicate article skipped: Tunisia hands prison terms to dozens of opposition figures from BBC
2025-11-28 23:23:28,661 - INFO - [The Guardian] Success with 'requests_browser'. Found content (687 words).
2025-11-28 23:23:28,746 - INFO - Duplicate article skipped: Hong Kong community groups deliver aid to survivors of Wang Fuk Court fire | Hong Kong apartment fires | The Guardian from The Guardian
2025-11-28 23:23:29,026 - INFO - [The Hindu] Page content loaded.
2025-11-28 23:23:29,312 - INFO - [The Hindu] Success with 'selenium_browser'. Found content (328 words).
2025-11-28 23:23:29,417 - INFO - [BBC] Article: https://www.bbc.com/news/articles/c058lny3pdqo?at_medium=RSS&at_campaign=rss
2025-11-28 23:23:29,425 - INFO - [BBC] Attempt 1/1: Trying with 'requests_browser' strategy...
2025-11-28 23:23:29,684 - INFO - [BBC] Success with 'requests_browser'. Found content (863 words).
2025-11-28 23:23:30,138 - INFO - [The Guardian] Article: https://www.theguardian.com/world/2025/nov/28/bear-attacks-man-public-toilet-japan
2025-11-28 23:23:30,139 - INFO - [The Guardian] Attempt 1/1: Trying with 'requests_browser' strategy...
2025-11-28 23:23:30,323 - INFO - [The Guardian] Success with 'requests_browser'. Found content (373 words).
2025-11-28 23:23:55,066 - INFO - Saved article: Opposing UCC plan, Congress says Assam CM’s days numbered - The Hindu from The Hindu
2025-11-28 23:23:55,066 - INFO - Duplicate article skipped: Hungary's Orban defies EU partners and meets Putin again in Moscow from BBC
2025-11-28 23:23:55,066 - INFO - Duplicate article skipped: Bear attacks man in public toilet in Japan | Japan | The Guardian from The Guardian
2025-11-28 23:23:55,993 - INFO - [The Guardian] Article: https://www.theguardian.com/world/2025/nov/28/china-civil-service-exam-age-limit-changed
2025-11-28 23:23:55,994 - INFO - [The Guardian] Attempt 1/1: Trying with 'requests_browser' strategy...
2025-11-28 23:23:56,025 - INFO - [The Guardian] Success with 'requests_browser'. Found content (763 words).
2025-11-28 23:23:56,062 - INFO - Duplicate article skipped: Millions in China cram for civil service exam and the hope of a job for life | China | The Guardian from The Guardian
2025-11-28 23:23:56,248 - INFO - [BBC] Article: https://www.bbc.com/news/articles/c3e015p1jwvo?at_medium=RSS&at_campaign=rss
2025-11-28 23:23:56,248 - INFO - [BBC] Attempt 1/1: Trying with 'requests_browser' strategy...
2025-11-28 23:23:56,290 - INFO - [BBC] Success with 'requests_browser'. Found content (536 words).
2025-11-28 23:23:56,330 - INFO - Duplicate article skipped: Zambia's Tasila Lungu: Daughter of unburied ex-president loses MP seat from BBC
2025-11-28 23:23:56,332 - INFO - [The Hindu] Article: https://www.thehindu.com/news/national/supreme-court-agrees-to-hear-on-december-1-pleas-for-extension-of-time-for-registration-of-waqf-properties/article70336251.ece
2025-11-28 23:23:56,332 - INFO - [The Hindu] Attempt 1/1: Trying with 'selenium_browser' strategy...
2025-11-28 23:23:56,985 - INFO - [The Guardian] Article: https://www.theguardian.com/world/2025/nov/28/flash-flooding-sumatra-death-toll-rises
2025-11-28 23:23:56,986 - INFO - [The Guardian] Attempt 1/1: Trying with 'requests_browser' strategy...
2025-11-28 23:23:57,048 - INFO - [The Guardian] Success with 'requests_browser'. Found content (785 words).
2025-11-28 23:23:57,159 - INFO - Duplicate article skipped: Flash flooding in Sumatra kills 69 as rescue crews search rivers for survivors | Indonesia | The Guardian from The Guardian
2025-11-28 23:23:57,621 - INFO - [BBC] Article: https://www.bbc.com/news/articles/clyd4llgrego?at_medium=RSS&at_campaign=rss
2025-11-28 23:23:57,621 - INFO - [BBC] Attempt 1/1: Trying with 'requests_browser' strategy...
2025-11-28 23:23:57,667 - INFO - [BBC] Success with 'requests_browser'. Found content (415 words).
2025-11-28 23:23:57,722 - INFO - Duplicate article skipped: Louvre to hike ticket prices for most non-EU tourists by 45% from BBC
2025-11-28 23:23:57,981 - INFO - [The Hindu] Page content loaded.
2025-11-28 23:23:58,054 - INFO - [The Hindu] Success with 'selenium_browser'. Found content (349 words).
2025-11-28 23:23:58,244 - INFO - [BBC] Article: https://www.bbc.com/news/articles/cwyx4y6007lo?at_medium=RSS&at_campaign=rss
2025-11-28 23:23:58,245 - INFO - [BBC] Attempt 1/1: Trying with 'requests_browser' strategy...
2025-11-28 23:23:58,320 - INFO - [BBC] Success with 'requests_browser'. Found content (891 words).
2025-11-28 23:23:58,363 - INFO - [The Guardian] Article: https://www.theguardian.com/business/2025/nov/29/jetstar-cancel-domestic-flights-australia-global-airbus-a320-recall
2025-11-28 23:23:58,364 - INFO - [The Guardian] Attempt 1/1: Trying with 'requests_browser' strategy...
2025-11-28 23:23:58,577 - INFO - [The Guardian] Success with 'requests_browser'. Found content (425 words).
2025-11-28 23:24:13,011 - INFO - Saved article: Supreme Court agrees to hear on December 1 pleas for extension of time for registration of Waqf properties - The Hindu from The Hindu
2025-11-28 23:24:13,011 - INFO - Duplicate article skipped: National Guard member Sarah Beckstrom dies after shooting in Washington DC from BBC
2025-11-28 23:24:13,011 - INFO - Duplicate article skipped: Jetstar cancels domestic flights across Australia after global Airbus A320 recall | Airbus | The Guardian from The Guardian
2025-11-28 23:24:13,644 - INFO - [The Guardian] Article: https://www.theguardian.com/australia-news/2025/nov/28/virginia-giuffres-sons-deny-unsigned-document-is-their-mothers-will
2025-11-28 23:24:13,644 - INFO - [The Guardian] Attempt 1/1: Trying with 'requests_browser' strategy...
2025-11-28 23:24:13,677 - INFO - [The Guardian] Success with 'requests_browser'. Found content (711 words).
2025-11-28 23:24:13,715 - INFO - Duplicate article skipped: Virginia Giuffre’s sons deny unsigned document is their mother’s will | Western Australia | The Guardian from The Guardian
2025-11-28 23:24:13,941 - INFO - [BBC] Article: https://www.bbc.com/news/videos/cev8exezvw2o?at_medium=RSS&at_campaign=rss
2025-11-28 23:24:13,941 - INFO - [BBC] Attempt 1/1: Trying with 'requests_browser' strategy...
2025-11-28 23:24:14,001 - INFO - [BBC] Success with 'requests_browser'. Found content (89 words).
2025-11-28 23:24:14,045 - INFO - Duplicate article skipped: Pope Leo struggles to unveil plaque in Turkey from BBC
2025-11-28 23:24:14,100 - INFO - [The Hindu] Article: https://www.thehindu.com/news/cities/mumbai/bombay-high-court-orders-audit-of-construction-sites-to-combat-mumbais-air-pollution/article70335314.ece
2025-11-28 23:24:14,100 - INFO - [The Hindu] Attempt 1/1: Trying with 'selenium_browser' strategy...
2025-11-28 23:24:14,671 - INFO - [BBC] Article: https://www.bbc.com/news/articles/c0q5ww558ngo?at_medium=RSS&at_campaign=rss
2025-11-28 23:24:14,671 - INFO - [BBC] Attempt 1/1: Trying with 'requests_browser' strategy...
2025-11-28 23:24:14,728 - INFO - [BBC] Success with 'requests_browser'. Found content (442 words).
2025-11-28 23:24:14,794 - INFO - Duplicate article skipped: Peru: Two former presidents jailed in two days from BBC
2025-11-28 23:24:15,062 - INFO - [The Guardian] Article: https://www.theguardian.com/australia-news/2025/nov/29/mineral-sunscreens-australia-identical-to-others
2025-11-28 23:24:15,063 - INFO - [The Guardian] Attempt 1/1: Trying with 'requests_browser' strategy...
2025-11-28 23:24:15,173 - INFO - [The Hindu] Page content loaded.
2025-11-28 23:24:15,226 - INFO - [The Hindu] Success with 'selenium_browser'. Found content (463 words).
2025-11-28 23:24:15,337 - INFO - [The Guardian] Success with 'requests_browser'. Found content (932 words).
2025-11-28 23:24:15,629 - INFO - [BBC] Article: https://www.bbc.com/news/articles/cly3e1261dko?at_medium=RSS&at_campaign=rss
2025-11-28 23:24:15,629 - INFO - [BBC] Attempt 1/1: Trying with 'requests_browser' strategy...
2025-11-28 23:24:15,732 - INFO - [BBC] Success with 'requests_browser'. Found content (1237 words).
2025-11-28 23:24:29,040 - INFO - Saved article: Bombay High Court orders audit of construction sites to combat Mumbai’s air pollution - The Hindu from The Hindu
2025-11-28 23:24:29,040 - INFO - Duplicate article skipped: ‘Mineral’ sunscreens marketed to Australians contain almost identical chemicals as others, testing shows | Consumer affairs | The Guardian from The Guardian
2025-11-28 23:24:29,041 - INFO - Duplicate article skipped: How were Afghan evacuees vetted under Biden? from BBC
2025-11-28 23:24:29,938 - INFO - [The Guardian] Article: https://www.theguardian.com/australia-news/2025/nov/29/exclusive-gun-club-linked-to-andrew-hastie-awarded-almost-20000-in-government-grants
2025-11-28 23:24:29,939 - INFO - [The Guardian] Attempt 1/1: Trying with 'requests_browser' strategy...
2025-11-28 23:24:30,105 - INFO - [The Guardian] Success with 'requests_browser'. Found content (715 words).
2025-11-28 23:24:30,148 - INFO - Duplicate article skipped: Exclusive gun club linked to Andrew Hastie awarded almost $20,000 in government grants | Andrew Hastie | The Guardian from The Guardian
2025-11-28 23:24:30,410 - INFO - [BBC] Article: https://www.bbc.com/news/articles/cn8e5j20g27o?at_medium=RSS&at_campaign=rss
2025-11-28 23:24:30,410 - INFO - [BBC] Attempt 1/1: Trying with 'requests_browser' strategy...
2025-11-28 23:24:30,446 - INFO - [BBC] Success with 'requests_browser'. Found content (805 words).
2025-11-28 23:24:30,482 - INFO - Duplicate article skipped: Hong Kong fire: Anger and unanswered questions from BBC
2025-11-28 23:24:30,513 - INFO - [The Hindu] Article: https://www.thehindu.com/news/national/west-bengal/trinamool-bjp-clash-over-student-credit-card-scheme/article70334865.ece
2025-11-28 23:24:30,513 - INFO - [The Hindu] Attempt 1/1: Trying with 'selenium_browser' strategy...
2025-11-28 23:24:31,608 - INFO - [The Guardian] Article: https://www.theguardian.com/australia-news/2025/nov/28/bondi-junction-stabbings-joel-cauchi-inquest-drug-use
2025-11-28 23:24:31,609 - INFO - [The Guardian] Attempt 1/1: Trying with 'requests_browser' strategy...
2025-11-28 23:24:31,656 - INFO - [The Guardian] Success with 'requests_browser'. Found content (901 words).
2025-11-28 23:24:31,709 - INFO - Duplicate article skipped: Bondi Junction stabbings: ‘10 seconds warning’ from security could have saved lives, inquest hears | Bondi Junction stabbings | The Guardian from The Guardian
2025-11-28 23:24:31,898 - INFO - [The Hindu] Page content loaded.
2025-11-28 23:24:32,172 - INFO - [The Hindu] Success with 'selenium_browser'. Found content (282 words).
2025-11-28 23:24:32,280 - INFO - Duplicate article skipped: Trinamool, BJP clash over student credit card scheme - The Hindu from The Hindu
2025-11-28 23:24:33,338 - INFO - [The Hindu] Article: https://www.thehindu.com/news/national/jammu-and-kashmir/hindu-neighbour-offers-land-to-muslim-journalist-after-jammu-authority-demolishes-house/article70335319.ece
2025-11-28 23:24:33,338 - INFO - [The Hindu] Attempt 1/1: Trying with 'selenium_browser' strategy...
2025-11-28 23:24:34,458 - INFO - [The Hindu] Page content loaded.
2025-11-28 23:24:34,510 - INFO - [The Hindu] Success with 'selenium_browser'. Found content (600 words).
2025-11-28 23:24:34,559 - INFO - Duplicate article skipped: Hindu neighbour offers land to Muslim journalist after Jammu authority demolishes house - The Hindu from The Hindu
2025-11-28 23:24:35,819 - INFO - [The Hindu] Article: https://www.thehindu.com/news/international/airbus-a320-family-aircraft-bug-issue-flight-delays-and-cancellations/article70336405.ece
2025-11-28 23:24:35,819 - INFO - [The Hindu] Attempt 1/1: Trying with 'selenium_browser' strategy...
2025-11-28 23:24:36,784 - INFO - [The Hindu] Page content loaded.
2025-11-28 23:24:36,829 - INFO - [The Hindu] Success with 'selenium_browser'. Found content (700 words).
2025-11-28 23:24:36,880 - INFO - Duplicate article skipped: Airbus A320 software switch: Flight delays, cancellations likely; over 200 planes impacted - The Hindu from The Hindu
2025-11-28 23:24:37,828 - INFO - [The Hindu] Article: https://www.thehindu.com/news/national/tamil-nadu/tn-prioritising-emerging-domains-like-ai-to-drive-tech-based-learning-ecosystem/article70335581.ece
2025-11-28 23:24:37,828 - INFO - [The Hindu] Attempt 1/1: Trying with 'selenium_browser' strategy...
2025-11-28 23:24:38,839 - INFO - [The Hindu] Page content loaded.
2025-11-28 23:24:38,889 - INFO - [The Hindu] Success with 'selenium_browser'. Found content (392 words).
2025-11-28 23:24:38,940 - INFO - Duplicate article skipped: ‘T.N. focusing on emerging domains like AI to drive tech-based learning ecosystem’ - The Hindu from The Hindu
2025-11-28 23:24:39,888 - INFO - [The Hindu] Article: https://www.thehindu.com/news/national/west-bengal/around-15-lakh-dead-voters-identified-in-bengalso-far/article70335489.ece
2025-11-28 23:24:39,888 - INFO - [The Hindu] Attempt 1/1: Trying with 'selenium_browser' strategy...
2025-11-28 23:24:40,729 - INFO - [The Hindu] Page content loaded.
2025-11-28 23:24:40,783 - INFO - [The Hindu] Success with 'selenium_browser'. Found content (543 words).
2025-11-28 23:24:40,834 - INFO - Duplicate article skipped: Around 15 lakh dead voters identified in Bengal so far - The Hindu from The Hindu
2025-11-28 23:24:41,421 - INFO - [The Hindu] Article: https://www.thehindu.com/news/national/maharashtra/dare-bjp-to-suspend-mps-for-chanting-vande-mataram-says-uddha-thackeray/article70335304.ece
2025-11-28 23:24:41,421 - INFO - [The Hindu] Attempt 1/1: Trying with 'selenium_browser' strategy...
2025-11-28 23:24:42,488 - INFO - [The Hindu] Page content loaded.
2025-11-28 23:24:42,535 - INFO - [The Hindu] Success with 'selenium_browser'. Found content (401 words).
2025-11-28 23:24:42,585 - INFO - Duplicate article skipped: Dare BJP to suspend MPs for chanting Vande Mataram, says Uddha Thackeray - The Hindu from The Hindu
2025-11-28 23:24:43,798 - INFO - [The Hindu] Article: https://www.thehindu.com/news/national/jammu-and-kashmir/ed-files-prosecutioncomplaint-against-kashmir-couple-under-pmla/article70335606.ece
2025-11-28 23:24:43,798 - INFO - [The Hindu] Attempt 1/1: Trying with 'selenium_browser' strategy...
2025-11-28 23:24:45,011 - INFO - [The Hindu] Page content loaded.
2025-11-28 23:24:45,067 - INFO - [The Hindu] Success with 'selenium_browser'. Found content (303 words).
2025-11-28 23:24:45,115 - INFO - Duplicate article skipped: ED files prosecution complaint against Kashmir couple under PMLA - The Hindu from The Hindu
2025-11-28 23:24:46,107 - INFO - [The Hindu] Article: https://www.thehindu.com/news/national/india-seals-7995-crore-deal-with-the-us-for-navys-mh-60r-helicopter-fleet-support/article70336258.ece
2025-11-28 23:24:46,107 - INFO - [The Hindu] Attempt 1/1: Trying with 'selenium_browser' strategy...
2025-11-28 23:24:46,950 - INFO - [The Hindu] Page content loaded.
2025-11-28 23:24:47,000 - INFO - [The Hindu] Success with 'selenium_browser'. Found content (343 words).
2025-11-28 23:24:47,050 - INFO - Duplicate article skipped: India seals ₹7,995 crore deal with the U.S. for Navy’s MH-60R helicopter fleet support - The Hindu from The Hindu
2025-11-28 23:24:47,951 - INFO - [The Hindu] Article: https://www.thehindu.com/news/national/karnataka/bmtc-reduces-vajra-ac-weekly-pass-fare-to-700/article70335693.ece
2025-11-28 23:24:47,951 - INFO - [The Hindu] Attempt 1/1: Trying with 'selenium_browser' strategy...
2025-11-28 23:24:48,742 - INFO - [The Hindu] Page content loaded.
2025-11-28 23:24:48,791 - INFO - [The Hindu] Success with 'selenium_browser'. Found content (189 words).
2025-11-28 23:24:48,842 - INFO - Duplicate article skipped: BMTC reduces Vajra AC weekly pass fare to ₹700 - The Hindu from The Hindu
2025-11-28 23:24:49,446 - INFO - [The Hindu] Article: https://www.thehindu.com/news/national/karnataka/lokayukta-raids-revenue-offices-in-khata-bribery-case/article70335992.ece
2025-11-28 23:24:49,446 - INFO - [The Hindu] Attempt 1/1: Trying with 'selenium_browser' strategy...
2025-11-28 23:24:50,484 - INFO - [The Hindu] Page content loaded.
2025-11-28 23:24:50,532 - INFO - [The Hindu] Success with 'selenium_browser'. Found content (221 words).
2025-11-28 23:24:50,582 - INFO - Duplicate article skipped: Lokayukta raids revenue offices in khata bribery case - The Hindu from The Hindu
2025-11-28 23:24:51,568 - INFO - [The Hindu] Article: https://www.thehindu.com/news/national/karnataka/cens-scientists-make-breakthrough-in-the-development-of-eco-friendly-batteries/article70335424.ece
2025-11-28 23:24:51,568 - INFO - [The Hindu] Attempt 1/1: Trying with 'selenium_browser' strategy...
2025-11-28 23:24:52,828 - INFO - [The Hindu] Page content loaded.
2025-11-28 23:24:52,882 - INFO - [The Hindu] Success with 'selenium_browser'. Found content (240 words).
2025-11-28 23:24:52,934 - INFO - Duplicate article skipped: CeNS scientists make breakthrough in the development of eco-friendly batteries - The Hindu from The Hindu
2025-11-28 23:24:53,943 - INFO - [The Hindu] Article: https://www.thehindu.com/news/national/karnataka/woman-and-her-male-friend-arrested-on-charge-of-murdering-her-husband/article70335760.ece
2025-11-28 23:24:53,943 - INFO - [The Hindu] Attempt 1/1: Trying with 'selenium_browser' strategy...
2025-11-28 23:24:54,888 - INFO - [The Hindu] Page content loaded.
2025-11-28 23:24:54,937 - INFO - [The Hindu] Success with 'selenium_browser'. Found content (235 words).
2025-11-28 23:24:54,985 - INFO - Duplicate article skipped: Woman and her male friend arrested on charge of murdering her husband - The Hindu from The Hindu
2025-11-28 23:24:55,883 - INFO - [The Hindu] Article: https://www.thehindu.com/sci-tech/science/nisar-earth-observation-satellite-enters-final-science-operations-phase/article70334808.ece
2025-11-28 23:24:55,883 - INFO - [The Hindu] Attempt 1/1: Trying with 'selenium_browser' strategy...
2025-11-28 23:24:56,822 - INFO - [The Hindu] Page content loaded.
2025-11-28 23:24:56,873 - INFO - [The Hindu] Success with 'selenium_browser'. Found content (369 words).
2025-11-28 23:24:56,924 - INFO - Duplicate article skipped: NISAR earth observation satellite enters final science operations phase - The Hindu from The Hindu
2025-11-28 23:24:57,722 - INFO - [The Hindu] Article: https://www.thehindu.com/news/national/kerala/lakshadweep-completes-digitisation-of-sir-forms/article70335688.ece
2025-11-28 23:24:57,723 - INFO - [The Hindu] Attempt 1/1: Trying with 'selenium_browser' strategy...
2025-11-28 23:24:58,718 - INFO - [The Hindu] Page content loaded.
2025-11-28 23:24:58,767 - INFO - [The Hindu] Success with 'selenium_browser'. Found content (136 words).
2025-11-28 23:24:59,058 - INFO - Duplicate article skipped: Lakshadweep completes digitisation of SIR forms - The Hindu from The Hindu
2025-11-28 23:24:59,964 - INFO - [The Hindu] Article: https://www.thehindu.com/news/national/telangana/constable-held-for-stealing-fake-rolex-watch/article70336200.ece
2025-11-28 23:24:59,964 - INFO - [The Hindu] Attempt 1/1: Trying with 'selenium_browser' strategy...
2025-11-28 23:25:00,890 - INFO - [The Hindu] Page content loaded.
2025-11-28 23:25:00,939 - INFO - [The Hindu] Success with 'selenium_browser'. Found content (197 words).
2025-11-28 23:25:00,991 - INFO - Duplicate article skipped: Constable held for stealing fake Rolex watch - The Hindu from The Hindu
2025-11-28 23:25:02,221 - INFO - [The Hindu] Article: https://www.thehindu.com/news/cities/Coimbatore/vulture-safe-veterinary-kits-introduced-in-thengumarahada-village-in-the-nilgiris/article70333790.ece
2025-11-28 23:25:02,223 - INFO - [The Hindu] Attempt 1/1: Trying with 'selenium_browser' strategy...
2025-11-28 23:25:03,462 - INFO - [The Hindu] Page content loaded.
2025-11-28 23:25:03,512 - INFO - [The Hindu] Success with 'selenium_browser'. Found content (283 words).
2025-11-28 23:25:03,563 - INFO - Duplicate article skipped: Vulture-safe veterinary kits introduced in Thengumarahada village in the Nilgiris - The Hindu from The Hindu
2025-11-28 23:25:04,141 - INFO - [The Hindu] Article: https://www.thehindu.com/news/national/tamil-nadu/state-planning-commission-organises-csr-conclave/article70336082.ece
2025-11-28 23:25:04,141 - INFO - [The Hindu] Attempt 1/1: Trying with 'selenium_browser' strategy...
2025-11-28 23:25:04,676 - INFO - [The Hindu] Page content loaded.
2025-11-28 23:25:04,724 - INFO - [The Hindu] Success with 'selenium_browser'. Found content (110 words).
2025-11-28 23:25:04,772 - INFO - Duplicate article skipped: State Planning Commission organises CSR conclave - The Hindu from The Hindu
2025-11-28 23:25:05,702 - INFO - [The Hindu] (Thread) Finished. Attempting to shut down its Selenium driver.
2025-11-28 23:25:05,879 - INFO - [The Hindu] (Thread) driver.quit() successful.
2025-11-28 23:25:24,604 - ERROR - [Times of India] Request failed for strategy 'selenium_browser' on URL https://timesofindia.indiatimes.com/world/us/dc-shooting-us-treasury-to-cut-federal-benefits-to-illegal-aliens-amid-trumps-rant-on-immigrants-from-third-world-countries/articleshow/125646901.cms: HTTPConnectionPool(host='localhost', port=47569): Read timed out. (read timeout=120)
2025-11-28 23:25:24,604 - ERROR - [Times of India] All scrape strategies failed for https://timesofindia.indiatimes.com/world/us/dc-shooting-us-treasury-to-cut-federal-benefits-to-illegal-aliens-amid-trumps-rant-on-immigrants-from-third-world-countries/articleshow/125646901.cms. Falling back to RSS description.
2025-11-28 23:25:24,605 - INFO - Duplicate article skipped: DC shooting: US Treasury to cut federal benefits to 'illegal aliens' amid Trump’s rant on immigrants from third-world countries from Times of India
2025-11-28 23:25:25,579 - INFO - [Times of India] Article: https://timesofindia.indiatimes.com/world/us/didnt-speak-english-much-dc-shooter-suspect-rahmanullah-lakanwal-often-seen-playing-video-games/articleshow/125646871.cms
2025-11-28 23:25:25,579 - INFO - [Times of India] Attempt 1/1: Trying with 'selenium_browser' strategy...
2025-11-28 23:27:25,668 - ERROR - [Times of India] Request failed for strategy 'selenium_browser' on URL https://timesofindia.indiatimes.com/world/us/didnt-speak-english-much-dc-shooter-suspect-rahmanullah-lakanwal-often-seen-playing-video-games/articleshow/125646871.cms: HTTPConnectionPool(host='localhost', port=47569): Read timed out. (read timeout=120)
2025-11-28 23:27:25,669 - ERROR - [Times of India] All scrape strategies failed for https://timesofindia.indiatimes.com/world/us/didnt-speak-english-much-dc-shooter-suspect-rahmanullah-lakanwal-often-seen-playing-video-games/articleshow/125646871.cms. Falling back to RSS description.
2025-11-28 23:27:25,669 - INFO - Duplicate article skipped: 'Didn't speak English much': DC shooter suspect Rahmanullah Lakanwal often seen playing video games from Times of India
2025-11-28 23:27:27,037 - INFO - [Times of India] Article: https://timesofindia.indiatimes.com/world/us/donald-trump-claims-any-document-signed-by-joe-biden-using-autopen-is-terminated-warns-former-prez-could-face-charges-of-perjury/articleshow/125646862.cms
2025-11-28 23:27:27,037 - INFO - [Times of India] Attempt 1/1: Trying with 'selenium_browser' strategy...
2025-11-28 23:28:15,176 - CRITICAL - --- TIMEOUT: 1 scrape jobs did not complete in 300s. ---
2025-11-28 23:28:15,176 - ERROR - A thread has timed out and will be abandoned.
2025-11-28 23:28:15,176 - INFO - Shutting down thread pool (wait=False)...
2025-11-28 23:28:15,176 - INFO - Scraped: 0 BBC, 0 The Guardian, 3 The Hindu, 1 Timed_Out_Jobs articles. (Total saved: 3)
2025-11-28 23:28:15,176 - INFO - --- Scraping job finished ---
2025-11-28 23:28:15,176 - INFO - --- Scraper service stopped and database connection closed. ---
2025-11-28 23:28:15,177 - INFO - --- Main thread finished. Forcing process exit to kill zombie threads. ---
