2025-12-04 15:30:26,241 - INFO - Loading AI Semantic Model (all-MiniLM-L6-v2)...
2025-12-04 15:30:26,241 - INFO - Use pytorch device_name: cpu
2025-12-04 15:30:26,241 - INFO - Load pretrained SentenceTransformer: all-MiniLM-L6-v2
2025-12-04 15:30:27,096 - INFO - AI Model loaded successfully.
2025-12-04 15:30:27,096 - INFO - Initializing database connection at: news_articles.db
2025-12-04 15:30:27,096 - INFO - --- Scraper service started (CI Mode: Run Once) ---
2025-12-04 15:30:27,096 - INFO - --- Starting new scraping job (Parallel Mode) ---
2025-12-04 15:30:27,096 - INFO - Creating new robust session with 3 retries on 5xx/connection/read errors.
2025-12-04 15:30:27,096 - INFO - Proxy is DISABLED.
2025-12-04 15:30:27,097 - INFO - Starting scrape for BBC RSS feed: http://feeds.bbci.co.uk/news/world/rss.xml
2025-12-04 15:30:27,098 - INFO - [Times of India] (Thread) requires Selenium. Initializing driver...
2025-12-04 15:30:27,098 - INFO - Initializing headless Selenium Chrome driver (using SeleniumManager)...
2025-12-04 15:30:27,098 - INFO - Starting scrape for The Guardian RSS feed: https://www.theguardian.com/world/rss
2025-12-04 15:30:27,100 - INFO - [The Hindu] (Thread) requires Selenium. Initializing driver...
2025-12-04 15:30:27,100 - INFO - Submitted 4 jobs to thread pool. Waiting up to 300s for completion...
2025-12-04 15:30:27,100 - INFO - Initializing headless Selenium Chrome driver (using SeleniumManager)...
2025-12-04 15:30:27,349 - INFO - Found 45 articles in The Guardian RSS feed. Processing up to 20.
2025-12-04 15:30:27,349 - INFO - [The Guardian] Article: https://www.theguardian.com/world/2025/dec/04/us-eu-critical-minerals-project-drc-report-lobito-corridor
2025-12-04 15:30:27,349 - INFO - [The Guardian] Attempt 1/1: Trying with 'requests_browser' strategy...
2025-12-04 15:30:27,389 - INFO - [The Guardian] Success with 'requests_browser'. Found content (765 words).
2025-12-04 15:30:27,404 - INFO - Found 40 articles in BBC RSS feed. Processing up to 20.
2025-12-04 15:30:27,410 - INFO - [BBC] Article: https://www.bbc.com/news/articles/cj4q2vpggr9o?at_medium=RSS&at_campaign=rss
2025-12-04 15:30:27,415 - INFO - [BBC] Attempt 1/1: Trying with 'requests_browser' strategy...
2025-12-04 15:30:27,430 - INFO - Duplicate article skipped: US and EU critical minerals project could displace thousands in DR Congo – report | Democratic Republic of the Congo | The Guardian from The Guardian
2025-12-04 15:30:27,561 - INFO - [BBC] Success with 'requests_browser'. Found content (1436 words).
2025-12-04 15:30:27,603 - INFO - Duplicate article skipped: India-Russia: Why Putin and Modi are meeting in Delhi from BBC
2025-12-04 15:30:28,302 - INFO - [The Guardian] Article: https://www.theguardian.com/global-development/2025/dec/04/aid-cuts-africa-uganda-stops-refugee-status-eritreans-somalis-ethiopians
2025-12-04 15:30:28,303 - INFO - [The Guardian] Attempt 1/1: Trying with 'requests_browser' strategy...
2025-12-04 15:30:28,329 - INFO - [The Guardian] Success with 'requests_browser'. Found content (587 words).
2025-12-04 15:30:28,387 - INFO - Duplicate article skipped: Uganda stops granting refugee status for Eritreans, Somalis and Ethiopians | Global development | The Guardian from The Guardian
2025-12-04 15:30:28,929 - INFO - [BBC] Article: https://www.bbc.com/news/articles/c7731n5z6d3o?at_medium=RSS&at_campaign=rss
2025-12-04 15:30:28,930 - INFO - [BBC] Attempt 1/1: Trying with 'requests_browser' strategy...
2025-12-04 15:30:28,981 - INFO - [BBC] Success with 'requests_browser'. Found content (1048 words).
2025-12-04 15:30:29,028 - INFO - Selenium driver initialized successfully.
2025-12-04 15:30:29,033 - INFO - Starting scrape for Times of India RSS feed: https://timesofindia.indiatimes.com/rssfeeds/296589292.cms
2025-12-04 15:30:29,035 - INFO - Duplicate article skipped: Ukraine and US negotiators to meet in Florida after Moscow talks, White House says from BBC
2025-12-04 15:30:29,036 - INFO - Selenium driver initialized successfully.
2025-12-04 15:30:29,036 - INFO - Starting scrape for The Hindu RSS feed: https://www.thehindu.com/news/national/feeder/default.rss
2025-12-04 15:30:29,272 - INFO - Found 20 articles in Times of India RSS feed. Processing up to 20.
2025-12-04 15:30:29,272 - INFO - [Times of India] Article: https://timesofindia.indiatimes.com/world/europe/taught-to-destroy-japanese-militarists-ukraine-says-russia-abducted-sent-children-to-north-korea-rights-group-points-to-re-education-sites/articleshow/125768860.cms
2025-12-04 15:30:29,272 - INFO - [Times of India] Attempt 1/1: Trying with 'selenium_browser' strategy...
2025-12-04 15:30:29,378 - INFO - [The Guardian] Article: https://www.theguardian.com/artanddesign/2025/dec/04/ibrahim-mahama-ghana-tops-artreview-power-list
2025-12-04 15:30:29,378 - INFO - [The Guardian] Attempt 1/1: Trying with 'requests_browser' strategy...
2025-12-04 15:30:29,400 - INFO - [The Guardian] Success with 'requests_browser'. Found content (604 words).
2025-12-04 15:30:29,434 - INFO - Duplicate article skipped: Ghana’s Ibrahim Mahama first African to top annual art power list | Art | The Guardian from The Guardian
2025-12-04 15:30:29,503 - INFO - Found 100 articles in The Hindu RSS feed. Processing up to 20.
2025-12-04 15:30:29,503 - INFO - [The Hindu] Article: https://www.thehindu.com/news/national/andhra-pradesh/mp-krishnadevarayalu-raises-ap-tobacco-farmers-plight-in-parliament/article70354348.ece
2025-12-04 15:30:29,503 - INFO - [The Hindu] Attempt 1/1: Trying with 'selenium_browser' strategy...
2025-12-04 15:30:30,124 - INFO - [The Guardian] Article: https://www.theguardian.com/uk-news/2025/dec/03/british-troops-accused-of-human-rights-violations-environmental-destruction-and-sexual-abuse-in-kenya
2025-12-04 15:30:30,125 - INFO - [The Guardian] Attempt 1/1: Trying with 'requests_browser' strategy...
2025-12-04 15:30:30,316 - INFO - [The Guardian] Success with 'requests_browser'. Found content (772 words).
2025-12-04 15:30:30,367 - INFO - [BBC] Article: https://www.bbc.com/news/articles/c4g5rrlve33o?at_medium=RSS&at_campaign=rss
2025-12-04 15:30:30,367 - INFO - [BBC] Attempt 1/1: Trying with 'requests_browser' strategy...
2025-12-04 15:30:30,369 - INFO - Duplicate article skipped: British troops accused of human rights violations and sexual abuse in Kenya | British army | The Guardian from The Guardian
2025-12-04 15:30:30,423 - INFO - [BBC] Success with 'requests_browser'. Found content (913 words).
2025-12-04 15:30:30,489 - INFO - Duplicate article skipped: Previously unseen images of Jeffrey Epstein's island released from BBC
2025-12-04 15:30:31,022 - INFO - [BBC] Article: https://www.bbc.com/news/articles/cp84y7jx2pzo?at_medium=RSS&at_campaign=rss
2025-12-04 15:30:31,022 - INFO - [BBC] Attempt 1/1: Trying with 'requests_browser' strategy...
2025-12-04 15:30:31,092 - INFO - [BBC] Success with 'requests_browser'. Found content (357 words).
2025-12-04 15:30:31,279 - INFO - Duplicate article skipped: South Korea: Government developing app showing real-time location of stalkers from BBC
2025-12-04 15:30:31,598 - INFO - [The Guardian] Article: https://www.theguardian.com/global-development/2025/dec/03/whistleblower-accuses-foreign-office-of-censoring-warning-of-sudan-genocide
2025-12-04 15:30:31,598 - INFO - [The Guardian] Attempt 1/1: Trying with 'requests_browser' strategy...
2025-12-04 15:30:31,715 - INFO - [The Guardian] Success with 'requests_browser'. Found content (1465 words).
2025-12-04 15:30:31,812 - INFO - [BBC] Article: https://www.bbc.com/news/articles/cd6x2j4g3z7o?at_medium=RSS&at_campaign=rss
2025-12-04 15:30:31,812 - INFO - [BBC] Attempt 1/1: Trying with 'requests_browser' strategy...
2025-12-04 15:30:31,903 - INFO - Duplicate article skipped: Whistleblower accuses Foreign Office of ‘censoring’ warning of Sudan genocide | Global development | The Guardian from The Guardian
2025-12-04 15:30:31,949 - INFO - [BBC] Success with 'requests_browser'. Found content (694 words).
2025-12-04 15:30:32,091 - INFO - Duplicate article skipped: Israel says Palestinian groups returned body of Thai hostage from BBC
2025-12-04 15:30:32,555 - INFO - [The Guardian] Article: https://www.theguardian.com/us-news/2025/dec/04/student-describes-horror-show-ice-deportation-to-honduras-at-thanksgiving
2025-12-04 15:30:32,555 - INFO - [The Guardian] Attempt 1/1: Trying with 'requests_browser' strategy...
2025-12-04 15:30:32,720 - INFO - [The Guardian] Success with 'requests_browser'. Found content (1023 words).
2025-12-04 15:30:32,790 - INFO - [BBC] Article: https://www.bbc.com/news/articles/cdxekqryn1jo?at_medium=RSS&at_campaign=rss
2025-12-04 15:30:32,790 - INFO - [BBC] Attempt 1/1: Trying with 'requests_browser' strategy...
2025-12-04 15:30:32,882 - INFO - Duplicate article skipped: Student describes ‘horror show’ ICE deportation to Honduras at Thanksgiving | ICE (US Immigration and Customs Enforcement) | The Guardian from The Guardian
2025-12-04 15:30:32,939 - INFO - [BBC] Success with 'requests_browser'. Found content (720 words).
2025-12-04 15:30:33,046 - INFO - Duplicate article skipped: Meta starts kicking Australian children off Instagram and Facebook from BBC
2025-12-04 15:30:33,892 - INFO - [The Guardian] Article: https://www.theguardian.com/us-news/2025/dec/04/venezuela-boat-strikes-legality-hegseth
2025-12-04 15:30:33,893 - INFO - [The Guardian] Attempt 1/1: Trying with 'requests_browser' strategy...
2025-12-04 15:30:33,928 - INFO - [The Guardian] Success with 'requests_browser'. Found content (1449 words).
2025-12-04 15:30:33,973 - INFO - Duplicate article skipped: Killing of survivors sparks outrage – but entire US ‘drug boat’ war is legally shaky | US military | The Guardian from The Guardian
2025-12-04 15:30:34,523 - INFO - [BBC] Article: https://www.bbc.com/news/articles/c5y9843engko?at_medium=RSS&at_campaign=rss
2025-12-04 15:30:34,523 - INFO - [BBC] Attempt 1/1: Trying with 'requests_browser' strategy...
2025-12-04 15:30:34,693 - INFO - [BBC] Success with 'requests_browser'. Found content (445 words).
2025-12-04 15:30:34,765 - INFO - [The Guardian] Article: https://www.theguardian.com/us-news/2025/dec/03/epstein-caribbean-island-new-photo-video-release
2025-12-04 15:30:34,765 - INFO - [The Guardian] Attempt 1/1: Trying with 'requests_browser' strategy...
2025-12-04 15:30:34,869 - INFO - Duplicate article skipped: Pritam Singh: Singapore court upholds opposition leader's conviction from BBC
2025-12-04 15:30:34,884 - INFO - [The Guardian] Success with 'requests_browser'. Found content (373 words).
2025-12-04 15:30:35,145 - INFO - Duplicate article skipped: House Democrats release new images of Epstein’s private Caribbean island | Jeffrey Epstein | The Guardian from The Guardian
2025-12-04 15:30:35,673 - INFO - [BBC] Article: https://www.bbc.com/news/articles/cjrjn88jqn4o?at_medium=RSS&at_campaign=rss
2025-12-04 15:30:35,674 - INFO - [BBC] Attempt 1/1: Trying with 'requests_browser' strategy...
2025-12-04 15:30:35,804 - INFO - [The Hindu] Page content loaded.
2025-12-04 15:30:35,906 - INFO - [BBC] Success with 'requests_browser'. Found content (853 words).
2025-12-04 15:30:35,944 - INFO - [The Guardian] Article: https://www.theguardian.com/world/2025/dec/03/colombia-trump-warning-military-threat
2025-12-04 15:30:35,944 - INFO - [The Guardian] Attempt 1/1: Trying with 'requests_browser' strategy...
2025-12-04 15:30:36,218 - INFO - [The Guardian] Success with 'requests_browser'. Found content (612 words).
2025-12-04 15:30:36,424 - INFO - Duplicate article skipped: Trump to host DR Congo's Félix Tshisekedi and Rwanda's Paul Kagame to sign peace deal from BBC
2025-12-04 15:30:36,504 - INFO - Duplicate article skipped: Colombia’s president warns Trump: ‘Do not wake the jaguar’ with threats of military strikes | Colombia | The Guardian from The Guardian
2025-12-04 15:30:36,676 - INFO - [The Hindu] Success with 'selenium_browser'. Found content (265 words).
2025-12-04 15:30:37,270 - INFO - [BBC] Article: https://www.bbc.com/news/articles/c8dy1613j2ro?at_medium=RSS&at_campaign=rss
2025-12-04 15:30:37,270 - INFO - [BBC] Attempt 1/1: Trying with 'requests_browser' strategy...
2025-12-04 15:30:37,384 - INFO - [BBC] Success with 'requests_browser'. Found content (877 words).
2025-12-04 15:30:37,913 - INFO - [The Guardian] Article: https://www.theguardian.com/us-news/live/2025/dec/02/donald-trump-pete-hegseth-boat-venezuela-maduro-tennessee-us-politics-live-news-updates
2025-12-04 15:30:37,913 - INFO - [The Guardian] Attempt 1/1: Trying with 'requests_browser' strategy...
2025-12-04 15:30:38,655 - INFO - [The Guardian] Success with 'requests_browser'. Found content (4155 words).
2025-12-04 15:31:02,961 - INFO - Saved article: MP Krishna Devarayalu raises A.P. tobacco farmers’ plight in Parliament - The Hindu from The Hindu
2025-12-04 15:31:02,961 - INFO - Duplicate article skipped: 'Not becoming of a president': Somali-Americans respond to Trump's 'garbage' remarks from BBC
2025-12-04 15:31:02,961 - INFO - Duplicate article skipped: Pete Hegseth says he ‘didn’t stick around’ to watch second strike on alleged drug boat as Democrats slam administration over attacks – as it happened | Trump administration | The Guardian from The Guardian
2025-12-04 15:31:03,480 - INFO - [BBC] Article: https://www.bbc.com/news/articles/cqjg7w8z7dvo?at_medium=RSS&at_campaign=rss
2025-12-04 15:31:03,480 - INFO - [BBC] Attempt 1/1: Trying with 'requests_browser' strategy...
2025-12-04 15:31:03,510 - INFO - [BBC] Success with 'requests_browser'. Found content (387 words).
2025-12-04 15:31:03,547 - INFO - Duplicate article skipped: Court sides with Adidas in appeal over Kanye West collaboration from BBC
2025-12-04 15:31:03,769 - INFO - [The Guardian] Article: https://www.theguardian.com/world/2025/dec/04/nauru-australia-offshore-processing-asylum-seekers-conditions-hunger-declining-health
2025-12-04 15:31:03,770 - INFO - [The Guardian] Attempt 1/1: Trying with 'requests_browser' strategy...
2025-12-04 15:31:03,963 - INFO - [The Hindu] Article: https://www.thehindu.com/news/national/supreme-court-to-review-clause-in-2025-order-that-contradicts-assam-accord/article70358409.ece
2025-12-04 15:31:03,963 - INFO - [The Hindu] Attempt 1/1: Trying with 'selenium_browser' strategy...
2025-12-04 15:31:03,981 - INFO - [The Guardian] Success with 'requests_browser'. Found content (883 words).
2025-12-04 15:31:04,057 - INFO - Duplicate article skipped: ‘Day by day I lose weight’: asylum seekers on Nauru get $115 a week, but a bag of grapes costs $20 | Nauru | The Guardian from The Guardian
2025-12-04 15:31:04,181 - INFO - [BBC] Article: https://www.bbc.com/news/articles/cm2054rdv52o?at_medium=RSS&at_campaign=rss
2025-12-04 15:31:04,181 - INFO - [BBC] Attempt 1/1: Trying with 'requests_browser' strategy...
2025-12-04 15:31:04,251 - INFO - [BBC] Success with 'requests_browser'. Found content (1064 words).
2025-12-04 15:31:04,353 - INFO - Duplicate article skipped: Hong Kong fire survivor: 'My heart breaks every time I'm called a hero' from BBC
2025-12-04 15:31:05,082 - INFO - [BBC] Article: https://www.bbc.com/news/articles/cnv21m0zpjmo?at_medium=RSS&at_campaign=rss
2025-12-04 15:31:05,082 - INFO - [BBC] Attempt 1/1: Trying with 'requests_browser' strategy...
2025-12-04 15:31:05,116 - INFO - [The Guardian] Article: https://www.theguardian.com/world/2025/dec/04/thailand-scam-cyberscam-crackdown-arrests-south-east-asia
2025-12-04 15:31:05,116 - INFO - [The Guardian] Attempt 1/1: Trying with 'requests_browser' strategy...
2025-12-04 15:31:05,166 - INFO - [BBC] Success with 'requests_browser'. Found content (270 words).
2025-12-04 15:31:05,274 - INFO - [The Guardian] Success with 'requests_browser'. Found content (575 words).
2025-12-04 15:31:05,258 - INFO - Duplicate article skipped: Gaza: Five killed in Israeli air strikes on tents near Khan Younis, medics say from BBC
2025-12-04 15:31:05,330 - INFO - Duplicate article skipped: Thailand seizes more than $300m in assets and issues 42 arrest warrants in cyberscam crackdown | Thailand | The Guardian from The Guardian
2025-12-04 15:31:06,176 - INFO - [The Guardian] Article: https://www.theguardian.com/news/2025/dec/04/hong-kong-fire-death-toll-protective-netting-remove
2025-12-04 15:31:06,176 - INFO - [The Guardian] Attempt 1/1: Trying with 'requests_browser' strategy...
2025-12-04 15:31:06,205 - INFO - [The Guardian] Success with 'requests_browser'. Found content (689 words).
2025-12-04 15:31:06,245 - INFO - Duplicate article skipped: Hong Kong warns ‘external forces’ working to exploit apartment fire, as death toll rises to 159 | Hong Kong apartment fires | The Guardian from The Guardian
2025-12-04 15:31:06,328 - INFO - [BBC] Article: https://www.bbc.com/news/articles/cpwk7xen544o?at_medium=RSS&at_campaign=rss
2025-12-04 15:31:06,328 - INFO - [BBC] Attempt 1/1: Trying with 'requests_browser' strategy...
2025-12-04 15:31:06,400 - INFO - [BBC] Success with 'requests_browser'. Found content (668 words).
2025-12-04 15:31:06,491 - INFO - Duplicate article skipped: Israel says Rafah crossing to open soon to let Gazans leave via Egypt from BBC
2025-12-04 15:31:07,087 - INFO - [The Guardian] Article: https://www.theguardian.com/world/2025/dec/03/eu-strategy-raw-materials-rare-earths-supply-chain-resourceeu
2025-12-04 15:31:07,087 - INFO - [The Guardian] Attempt 1/1: Trying with 'requests_browser' strategy...
2025-12-04 15:31:07,136 - INFO - [The Guardian] Success with 'requests_browser'. Found content (725 words).
2025-12-04 15:31:07,223 - INFO - Duplicate article skipped: EU looks at legally forcing industries to reduce purchases from China | Mining | The Guardian from The Guardian
2025-12-04 15:31:07,508 - INFO - [BBC] Article: https://www.bbc.com/news/articles/c2lvzrve5lqo?at_medium=RSS&at_campaign=rss
2025-12-04 15:31:07,509 - INFO - [BBC] Attempt 1/1: Trying with 'requests_browser' strategy...
2025-12-04 15:31:07,872 - INFO - [The Guardian] Article: https://www.theguardian.com/business/2025/dec/03/hsbc-appoints-interim-chair-brendan-nelson-to-permanent-role
2025-12-04 15:31:07,872 - INFO - [The Guardian] Attempt 1/1: Trying with 'requests_browser' strategy...
2025-12-04 15:31:07,874 - INFO - [The Hindu] Page content loaded.
2025-12-04 15:31:07,919 - INFO - [The Guardian] Success with 'requests_browser'. Found content (605 words).
2025-12-04 15:31:08,031 - INFO - Duplicate article skipped: HSBC appoints interim chair Brendan Nelson to permanent role | HSBC | The Guardian from The Guardian
2025-12-04 15:31:08,114 - INFO - [The Hindu] Success with 'selenium_browser'. Found content (394 words).
2025-12-04 15:31:08,876 - INFO - [BBC] Success with 'requests_browser'. Found content (371 words).
2025-12-04 15:31:09,058 - INFO - [The Guardian] Article: https://www.theguardian.com/business/2025/dec/04/labor-urged-to-target-gas-exporters-and-bring-in-east-coast-reserve-right-now-as-it-weighs-schemes-design
2025-12-04 15:31:09,059 - INFO - [The Guardian] Attempt 1/1: Trying with 'requests_browser' strategy...
2025-12-04 15:31:09,118 - INFO - [The Guardian] Success with 'requests_browser'. Found content (766 words).
2025-12-04 15:31:22,064 - INFO - Saved article: Supreme Court to review clause in 2025 Order that contradicts Assam Accord - The Hindu from The Hindu
2025-12-04 15:31:22,065 - INFO - Duplicate article skipped: Federica Mogherini: Former EU top diplomat accused in fraud investigation from BBC
2025-12-04 15:31:22,065 - INFO - Duplicate article skipped: Labor urged to target gas exporters and bring in east coast reserve ‘right now’ as it weighs scheme’s design | Gas | The Guardian from The Guardian
2025-12-04 15:31:23,222 - INFO - [The Hindu] Article: https://www.thehindu.com/news/national/tamil-nadu/renewal-of-lease-of-spinal-rehabilitation-centre-is-under-way-tiruvannamalai-gh-dean/article70357469.ece
2025-12-04 15:31:23,223 - INFO - [The Hindu] Attempt 1/1: Trying with 'selenium_browser' strategy...
2025-12-04 15:31:23,244 - INFO - [The Guardian] Article: https://www.theguardian.com/technology/2025/dec/04/hyperverse-bitcoin-rodney-us-court-australian-sam-lee-ntwnfb
2025-12-04 15:31:23,244 - INFO - [The Guardian] Attempt 1/1: Trying with 'requests_browser' strategy...
2025-12-04 15:31:23,277 - INFO - [The Guardian] Success with 'requests_browser'. Found content (850 words).
2025-12-04 15:31:23,363 - INFO - Duplicate article skipped: HyperVerse promoter ‘Bitcoin Rodney’ accuses Australian Sam Lee in US court of duping him with ‘elaborate deception’ | HyperVerse | The Guardian from The Guardian
2025-12-04 15:31:23,536 - INFO - [BBC] Article: https://www.bbc.com/news/articles/cy8jnxxm70jo?at_medium=RSS&at_campaign=rss
2025-12-04 15:31:23,536 - INFO - [BBC] Attempt 1/1: Trying with 'requests_browser' strategy...
2025-12-04 15:31:23,573 - INFO - [BBC] Success with 'requests_browser'. Found content (247 words).
2025-12-04 15:31:23,624 - INFO - Duplicate article skipped: Drunk raccoon found passed out on liquor store floor after breaking in from BBC
2025-12-04 15:31:24,255 - INFO - [BBC] Article: https://www.bbc.com/news/articles/cvgq5dvygllo?at_medium=RSS&at_campaign=rss
2025-12-04 15:31:24,256 - INFO - [BBC] Attempt 1/1: Trying with 'requests_browser' strategy...
2025-12-04 15:31:24,309 - INFO - [BBC] Success with 'requests_browser'. Found content (1030 words).
2025-12-04 15:31:24,375 - INFO - Duplicate article skipped: Kenyan MPs accuse British soldiers from Batuk of sexual abuse in Laikipia from BBC
2025-12-04 15:31:24,507 - INFO - [The Guardian] Article: https://www.theguardian.com/australia-news/2025/dec/04/tasmanian-parliament-finally-approves-113bn-hobart-stadium-plan
2025-12-04 15:31:24,507 - INFO - [The Guardian] Attempt 1/1: Trying with 'requests_browser' strategy...
2025-12-04 15:31:24,597 - INFO - [The Guardian] Success with 'requests_browser'. Found content (538 words).
2025-12-04 15:31:24,710 - INFO - Duplicate article skipped: Tasmanian parliament finally approves $1.13bn Hobart stadium plan | Tasmania | The Guardian from The Guardian
2025-12-04 15:31:24,965 - INFO - [The Hindu] Page content loaded.
2025-12-04 15:31:25,023 - INFO - [The Hindu] Success with 'selenium_browser'. Found content (567 words).
2025-12-04 15:31:25,406 - INFO - [BBC] Article: https://www.bbc.com/news/articles/c1m8g5x1xmko?at_medium=RSS&at_campaign=rss
2025-12-04 15:31:25,407 - INFO - [BBC] Attempt 1/1: Trying with 'requests_browser' strategy...
2025-12-04 15:31:25,666 - INFO - [The Guardian] Article: https://www.theguardian.com/australia-news/2025/dec/04/ndis-participants-will-have-no-external-avenue-to-appeal-funding-amounts-under-new-system-senate-estimates-told
2025-12-04 15:31:25,667 - INFO - [The Guardian] Attempt 1/1: Trying with 'requests_browser' strategy...
2025-12-04 15:31:25,715 - INFO - [The Guardian] Success with 'requests_browser'. Found content (674 words).
2025-12-04 15:31:26,024 - INFO - [BBC] Success with 'requests_browser'. Found content (308 words).
2025-12-04 15:31:39,225 - INFO - Saved article: Renewal of lease of spinal rehabilitation centre is under way: Tiruvannamalai GH dean - The Hindu from The Hindu
2025-12-04 15:31:39,225 - INFO - Duplicate article skipped: Most NDIS participants will lose external avenue to appeal funding amounts under new system, Senate estimates told | National disability insurance scheme | The Guardian from The Guardian
2025-12-04 15:31:39,225 - INFO - Duplicate article skipped: Three French teens drown in freak car crash in swimming pool from BBC
2025-12-04 15:31:39,740 - INFO - [The Hindu] Article: https://www.thehindu.com/news/national/telangana/ghmc-budget-proposals-to-include-the-expanded-area/article70358037.ece
2025-12-04 15:31:39,740 - INFO - [The Hindu] Attempt 1/1: Trying with 'selenium_browser' strategy...
2025-12-04 15:31:39,762 - INFO - [The Guardian] Article: https://www.theguardian.com/australia-news/live/2025/dec/04/australia-news-live-senate-estimates-national-fiscal-outlook-labor-coalition-cost-of-living-victoria-public-service-cuts-ntwnfb
2025-12-04 15:31:39,762 - INFO - [The Guardian] Attempt 1/1: Trying with 'requests_browser' strategy...
2025-12-04 15:31:39,874 - INFO - [The Guardian] Success with 'requests_browser'. Found content (2715 words).
2025-12-04 15:31:40,039 - INFO - Duplicate article skipped: Marles says Labor ‘working through’ Trump administration’s Aukus review – as it happened | Australia news | The Guardian from The Guardian
2025-12-04 15:31:40,483 - INFO - [The Hindu] Page content loaded.
2025-12-04 15:31:40,579 - INFO - [BBC] Article: https://www.bbc.com/news/articles/c62v9z7z1z2o?at_medium=RSS&at_campaign=rss
2025-12-04 15:31:40,579 - INFO - [BBC] Attempt 1/1: Trying with 'requests_browser' strategy...
2025-12-04 15:31:40,674 - INFO - [The Hindu] Success with 'selenium_browser'. Found content (287 words).
2025-12-04 15:31:40,814 - INFO - [BBC] Success with 'requests_browser'. Found content (485 words).
2025-12-04 15:31:54,064 - INFO - DEDUPLICATION: Found match (Score: 0.77). Linking to Cluster ID: 914e45e2-9180-4b74-aba9-9cbb0b3ebde5
2025-12-04 15:31:54,066 - INFO - Saved article: GHMC budget proposals to include the expanded area - The Hindu from The Hindu
2025-12-04 15:31:54,066 - INFO - Duplicate article skipped: Henry Cuellar: Trump says he is pardoning Democratic congressman in bribery case from BBC
2025-12-04 15:31:54,711 - INFO - [BBC] Article: https://www.bbc.com/news/articles/c62lv79p0pdo?at_medium=RSS&at_campaign=rss
2025-12-04 15:31:54,711 - INFO - [BBC] Attempt 1/1: Trying with 'requests_browser' strategy...
2025-12-04 15:31:54,739 - INFO - [BBC] Success with 'requests_browser'. Found content (482 words).
2025-12-04 15:31:54,775 - INFO - Duplicate article skipped: Hong Kong orders removal of scaffolding mesh after deadly blaze from BBC
2025-12-04 15:31:54,949 - INFO - [The Hindu] Article: https://www.thehindu.com/news/national/tamil-nadu/deputy-cm-to-inaugurate-new-eco-park-in-tiruvannamalai/article70357902.ece
2025-12-04 15:31:54,949 - INFO - [The Hindu] Attempt 1/1: Trying with 'selenium_browser' strategy...
2025-12-04 15:31:55,776 - INFO - [BBC] Article: https://www.bbc.com/news/articles/c8dy1613j2ro?at_medium=RSS&at_campaign=rss
2025-12-04 15:31:55,776 - INFO - [BBC] Attempt 1/1: Trying with 'requests_browser' strategy...
2025-12-04 15:31:55,805 - INFO - [BBC] Success with 'requests_browser'. Found content (877 words).
2025-12-04 15:31:55,842 - INFO - Duplicate article skipped: 'Not becoming of a president': Somali-Americans respond to Trump's 'garbage' remarks from BBC
2025-12-04 15:32:07,583 - INFO - [The Hindu] Page content loaded.
2025-12-04 15:32:07,676 - INFO - [The Hindu] Success with 'selenium_browser'. Found content (365 words).
2025-12-04 15:32:20,280 - INFO - Saved article: Deputy CM to inaugurate new eco park in Tiruvannamalai - The Hindu from The Hindu
2025-12-04 15:32:21,235 - INFO - [The Hindu] Article: https://www.thehindu.com/news/national/andhra-pradesh/13th-sipb-meet-clears-investments-worth-20444-crore-in-ap/article70358067.ece
2025-12-04 15:32:21,236 - INFO - [The Hindu] Attempt 1/1: Trying with 'selenium_browser' strategy...
2025-12-04 15:32:23,946 - INFO - [The Hindu] Page content loaded.
2025-12-04 15:32:24,190 - INFO - [The Hindu] Success with 'selenium_browser'. Found content (395 words).
2025-12-04 15:32:29,373 - ERROR - [Times of India] Request failed for strategy 'selenium_browser' on URL https://timesofindia.indiatimes.com/world/europe/taught-to-destroy-japanese-militarists-ukraine-says-russia-abducted-sent-children-to-north-korea-rights-group-points-to-re-education-sites/articleshow/125768860.cms: HTTPConnectionPool(host='localhost', port=56431): Read timed out. (read timeout=120)
2025-12-04 15:32:29,373 - ERROR - [Times of India] All scrape strategies failed for https://timesofindia.indiatimes.com/world/europe/taught-to-destroy-japanese-militarists-ukraine-says-russia-abducted-sent-children-to-north-korea-rights-group-points-to-re-education-sites/articleshow/125768860.cms. Falling back to RSS description.
2025-12-04 15:32:36,859 - INFO - Saved article: 13th SIPB meet clears investments worth ₹20,444 crore in A.P. - The Hindu from The Hindu
2025-12-04 15:32:36,859 - INFO - Duplicate article skipped: 'Taught to destroy Japanese militarists': Ukraine says Russia abducted, sent children to North Korea; rights group points to 're-education' sites from Times of India
2025-12-04 15:32:37,385 - INFO - [Times of India] Article: https://timesofindia.indiatimes.com/world/us/who-are-muneeb-and-sohaib-akhter-twins-who-allegedly-deleted-96-us-government-databases-using-ai-stolen-passwords/articleshow/125768776.cms
2025-12-04 15:32:37,385 - INFO - [Times of India] Attempt 1/1: Trying with 'selenium_browser' strategy...
2025-12-04 15:32:37,530 - INFO - [The Hindu] Article: https://www.thehindu.com/news/national/telangana/global-summit-is-pr-stunt-to-whitewash-govt-failures-bjp/article70358433.ece
2025-12-04 15:32:37,530 - INFO - [The Hindu] Attempt 1/1: Trying with 'selenium_browser' strategy...
2025-12-04 15:32:38,066 - INFO - [The Hindu] Page content loaded.
2025-12-04 15:32:38,120 - INFO - [The Hindu] Success with 'selenium_browser'. Found content (337 words).
2025-12-04 15:32:51,450 - INFO - Saved article: Global summit is PR stunt to whitewash govt. failures: BJP - The Hindu from The Hindu
2025-12-04 15:32:52,845 - INFO - [The Hindu] Article: https://www.thehindu.com/news/national/andhra-pradesh/goddess-lakshmi-temples-witnessed-heavy-rush-on-third-thursday-of-margasiram/article70357687.ece
2025-12-04 15:32:52,845 - INFO - [The Hindu] Attempt 1/1: Trying with 'selenium_browser' strategy...
2025-12-04 15:32:56,894 - INFO - [The Hindu] Page content loaded.
2025-12-04 15:32:56,978 - INFO - [The Hindu] Success with 'selenium_browser'. Found content (118 words).
2025-12-04 15:33:09,579 - INFO - Saved article: Goddess Lakshmi temples witness heavy rush on third Thursday of Margasiram - The Hindu from The Hindu
2025-12-04 15:33:10,472 - INFO - [The Hindu] Article: https://www.thehindu.com/news/cities/Hyderabad/happiness-kit-programme-to-support-underprivileged-students-launched/article70358599.ece
2025-12-04 15:33:10,472 - INFO - [The Hindu] Attempt 1/1: Trying with 'selenium_browser' strategy...
2025-12-04 15:33:11,238 - INFO - [The Hindu] Page content loaded.
2025-12-04 15:33:11,322 - INFO - [The Hindu] Success with 'selenium_browser'. Found content (188 words).
2025-12-04 15:33:24,117 - INFO - Saved article: Happiness Kit programme to support underprivileged students launched - The Hindu from The Hindu
2025-12-04 15:33:25,103 - INFO - [The Hindu] Article: https://www.thehindu.com/news/national/andhra-pradesh/call-for-advanced-medical-innovations-in-veterinary-sector/article70357597.ece
2025-12-04 15:33:25,103 - INFO - [The Hindu] Attempt 1/1: Trying with 'selenium_browser' strategy...
2025-12-04 15:33:26,421 - INFO - [The Hindu] Page content loaded.
2025-12-04 15:33:26,921 - INFO - [The Hindu] Success with 'selenium_browser'. Found content (150 words).
2025-12-04 15:33:39,903 - INFO - Saved article: Call for advanced medical innovations in veterinary sector - The Hindu from The Hindu
2025-12-04 15:33:41,303 - INFO - [The Hindu] Article: https://www.thehindu.com/news/national/kerala/traffic-regulations-on-thamarassery-ghat-road-on-december-5/article70358393.ece
2025-12-04 15:33:41,303 - INFO - [The Hindu] Attempt 1/1: Trying with 'selenium_browser' strategy...
2025-12-04 15:33:41,875 - INFO - [The Hindu] Page content loaded.
2025-12-04 15:33:41,915 - WARNING - [The Hindu] FAILED with 'selenium_browser' (content was too short: 67 words).
2025-12-04 15:33:41,915 - ERROR - [The Hindu] All scrape strategies failed for https://www.thehindu.com/news/national/kerala/traffic-regulations-on-thamarassery-ghat-road-on-december-5/article70358393.ece. Falling back to RSS description.
2025-12-04 15:33:54,651 - INFO - Saved article: Traffic regulations on Thamarassery ghat road on December 5 from The Hindu
2025-12-04 15:33:55,425 - INFO - [The Hindu] Article: https://www.thehindu.com/news/national/telangana/a-new-flyover-in-lb-nagar-zone/article70358558.ece
2025-12-04 15:33:55,426 - INFO - [The Hindu] Attempt 1/1: Trying with 'selenium_browser' strategy...
2025-12-04 15:33:56,406 - INFO - [The Hindu] Page content loaded.
2025-12-04 15:33:56,457 - INFO - [The Hindu] Success with 'selenium_browser'. Found content (112 words).
2025-12-04 15:34:09,166 - INFO - Saved article: A new flyover in LB Nagar zone - The Hindu from The Hindu
2025-12-04 15:34:10,373 - INFO - [The Hindu] Article: https://www.thehindu.com/news/cities/Hyderabad/a-year-after-sandhya-theatre-stampede-young-survivor-struggles-with-only-5-recovery/article70358494.ece
2025-12-04 15:34:10,373 - INFO - [The Hindu] Attempt 1/1: Trying with 'selenium_browser' strategy...
2025-12-04 15:34:11,384 - INFO - [The Hindu] Page content loaded.
2025-12-04 15:34:11,691 - INFO - [The Hindu] Success with 'selenium_browser'. Found content (397 words).
2025-12-04 15:34:24,303 - INFO - Saved article: A year after Sandhya Theatre stampede, young survivor struggles with only 5% recovery - The Hindu from The Hindu
2025-12-04 15:34:24,950 - INFO - [The Hindu] Article: https://www.thehindu.com/news/national/andhra-pradesh/indo-mim-donates-95-lakh-to-government-iti-in-vakadu/article70357514.ece
2025-12-04 15:34:24,950 - INFO - [The Hindu] Attempt 1/1: Trying with 'selenium_browser' strategy...
2025-12-04 15:34:25,885 - INFO - [The Hindu] Page content loaded.
2025-12-04 15:34:25,972 - INFO - [The Hindu] Success with 'selenium_browser'. Found content (85 words).
2025-12-04 15:34:37,486 - ERROR - [Times of India] Request failed for strategy 'selenium_browser' on URL https://timesofindia.indiatimes.com/world/us/who-are-muneeb-and-sohaib-akhter-twins-who-allegedly-deleted-96-us-government-databases-using-ai-stolen-passwords/articleshow/125768776.cms: HTTPConnectionPool(host='localhost', port=56431): Read timed out. (read timeout=120)
2025-12-04 15:34:37,486 - ERROR - [Times of India] All scrape strategies failed for https://timesofindia.indiatimes.com/world/us/who-are-muneeb-and-sohaib-akhter-twins-who-allegedly-deleted-96-us-government-databases-using-ai-stolen-passwords/articleshow/125768776.cms. Falling back to RSS description.
2025-12-04 15:34:39,089 - INFO - Saved article: INDO-MIM donates ₹9.5 lakh to government ITI in Vakadu - The Hindu from The Hindu
2025-12-04 15:34:39,089 - INFO - Duplicate article skipped: Who are Muneeb and Sohaib Akhter? Twins who allegedlyd deleted 96 US government databases using AI, stolen passwords from Times of India
2025-12-04 15:34:39,645 - INFO - [The Hindu] Article: https://www.thehindu.com/news/national/tamil-nadu/will-continue-to-remain-pmk-president-till-august-2026-anbumani/article70357460.ece
2025-12-04 15:34:39,645 - INFO - [The Hindu] Attempt 1/1: Trying with 'selenium_browser' strategy...
2025-12-04 15:34:40,573 - INFO - [Times of India] Article: https://timesofindia.indiatimes.com/etimes/trending/rogue-uk-surgeon-who-turned-patients-into-guinea-pigs-linked-to-over-200-victims-reports-reveals/articleshow/125764899.cms
2025-12-04 15:34:40,573 - INFO - [Times of India] Attempt 1/1: Trying with 'selenium_browser' strategy...
2025-12-04 15:34:40,641 - INFO - [The Hindu] Page content loaded.
2025-12-04 15:34:40,682 - INFO - [The Hindu] Success with 'selenium_browser'. Found content (249 words).
2025-12-04 15:34:53,923 - INFO - DEDUPLICATION: Found match (Score: 0.82). Linking to Cluster ID: 10616305-ba77-4a77-868a-b995452a2e93
2025-12-04 15:34:53,924 - INFO - Saved article: Will continue to remain PMK president till August 2026: Anbumani - The Hindu from The Hindu
2025-12-04 15:34:55,053 - INFO - [The Hindu] Article: https://www.thehindu.com/news/national/tamil-nadu/karur-collector-appears-again-before-cbi-for-inquiry-in-stampede-case/article70358095.ece
2025-12-04 15:34:55,054 - INFO - [The Hindu] Attempt 1/1: Trying with 'selenium_browser' strategy...
2025-12-04 15:34:56,032 - INFO - [The Hindu] Page content loaded.
2025-12-04 15:34:56,084 - INFO - [The Hindu] Success with 'selenium_browser'. Found content (300 words).
2025-12-04 15:35:08,825 - INFO - Saved article: Karur Collector appears again before CBI for inquiry in stampede case - The Hindu from The Hindu
2025-12-04 15:35:10,082 - INFO - [The Hindu] Article: https://www.thehindu.com/news/national/kerala/congress-suppressed-multiple-complaints-against-mamkootathil-govindan/article70358175.ece
2025-12-04 15:35:10,082 - INFO - [The Hindu] Attempt 1/1: Trying with 'selenium_browser' strategy...
2025-12-04 15:35:12,563 - INFO - [The Hindu] Page content loaded.
2025-12-04 15:35:12,650 - INFO - [The Hindu] Success with 'selenium_browser'. Found content (441 words).
2025-12-04 15:35:25,213 - INFO - DEDUPLICATION: Found match (Score: 0.72). Linking to Cluster ID: b0249646-3784-478b-bc86-a92135dbec56
2025-12-04 15:35:25,215 - INFO - Saved article: Congress suppressed multiple complaints against Mamkootathil: Govindan - The Hindu from The Hindu
2025-12-04 15:35:26,636 - INFO - [The Hindu] Article: https://www.thehindu.com/news/national/andhra-pradesh/naidu-misusing-institutions-to-absolve-himself-of-corruption-cases-alleges-jagan/article70357523.ece
2025-12-04 15:35:26,636 - INFO - [The Hindu] Attempt 1/1: Trying with 'selenium_browser' strategy...
2025-12-04 15:35:27,100 - CRITICAL - --- TIMEOUT: 2 scrape jobs did not complete in 300s. ---
2025-12-04 15:35:27,101 - ERROR - A thread has timed out and will be abandoned.
2025-12-04 15:35:27,101 - ERROR - A thread has timed out and will be abandoned.
2025-12-04 15:35:27,101 - INFO - Shutting down thread pool (wait=False)...
2025-12-04 15:35:27,101 - INFO - Scraped: 0 The Guardian, 0 BBC, 2 Timed_Out_Jobs articles. (Total saved: 0)
2025-12-04 15:35:27,101 - INFO - --- Scraping job finished ---
2025-12-04 15:35:27,101 - INFO - --- Scraper service stopped and database connection closed. ---
2025-12-04 15:35:27,101 - INFO - --- Main thread finished. Forcing process exit to kill zombie threads. ---
