2025-11-27 21:40:52,236 - INFO - Loading AI Semantic Model (all-MiniLM-L6-v2)...
2025-11-27 21:40:52,237 - INFO - Use pytorch device_name: cpu
2025-11-27 21:40:52,237 - INFO - Load pretrained SentenceTransformer: all-MiniLM-L6-v2
2025-11-27 21:40:53,096 - INFO - AI Model loaded successfully.
2025-11-27 21:40:53,096 - INFO - Initializing database connection at: news_articles.db
2025-11-27 21:40:53,097 - INFO - --- Scraper service started (CI Mode: Run Once) ---
2025-11-27 21:40:53,097 - INFO - --- Starting new scraping job (Parallel Mode) ---
2025-11-27 21:40:53,097 - INFO - Creating new robust session with 3 retries on 5xx/connection/read errors.
2025-11-27 21:40:53,097 - INFO - Proxy is DISABLED.
2025-11-27 21:40:53,097 - INFO - Starting scrape for BBC RSS feed: http://feeds.bbci.co.uk/news/world/rss.xml
2025-11-27 21:40:53,098 - INFO - [Times of India] (Thread) requires Selenium. Initializing driver...
2025-11-27 21:40:53,099 - INFO - Initializing headless Selenium Chrome driver (using SeleniumManager)...
2025-11-27 21:40:53,099 - INFO - Starting scrape for The Guardian RSS feed: https://www.theguardian.com/world/rss
2025-11-27 21:40:53,100 - INFO - [The Hindu] (Thread) requires Selenium. Initializing driver...
2025-11-27 21:40:53,101 - INFO - Submitted 4 jobs to thread pool. Waiting up to 300s for completion...
2025-11-27 21:40:53,101 - INFO - Initializing headless Selenium Chrome driver (using SeleniumManager)...
2025-11-27 21:40:53,253 - INFO - Found 33 articles in BBC RSS feed. Processing up to 20.
2025-11-27 21:40:53,253 - INFO - [BBC] Article: https://www.bbc.com/news/articles/c62n3enz9klo?at_medium=RSS&at_campaign=rss
2025-11-27 21:40:53,253 - INFO - [BBC] Attempt 1/1: Trying with 'requests_browser' strategy...
2025-11-27 21:40:53,293 - INFO - Found 45 articles in The Guardian RSS feed. Processing up to 20.
2025-11-27 21:40:53,293 - INFO - [The Guardian] Article: https://www.theguardian.com/world/2025/nov/26/guinea-bissau-officers-take-total-control-close-borders-amid-election-chaos
2025-11-27 21:40:53,293 - INFO - [The Guardian] Attempt 1/1: Trying with 'requests_browser' strategy...
2025-11-27 21:40:53,319 - INFO - [The Guardian] Success with 'requests_browser'. Found content (412 words).
2025-11-27 21:40:53,357 - INFO - Duplicate article skipped: Guinea-Bissau military takes ‘total control’ amid election chaos | Guinea-Bissau | The Guardian from The Guardian
2025-11-27 21:40:53,471 - INFO - [BBC] Success with 'requests_browser'. Found content (727 words).
2025-11-27 21:40:53,539 - INFO - Duplicate article skipped: Hong Kong: Firefighters search for missing in tower blocks fire from BBC
2025-11-27 21:40:54,132 - INFO - [The Guardian] Article: https://www.theguardian.com/world/2025/nov/25/nigerian-schoolgirls-rescued-after-mass-abduction-in-kebbi
2025-11-27 21:40:54,132 - INFO - [The Guardian] Attempt 1/1: Trying with 'requests_browser' strategy...
2025-11-27 21:40:54,160 - INFO - [The Guardian] Success with 'requests_browser'. Found content (515 words).
2025-11-27 21:40:54,203 - INFO - Duplicate article skipped: Nigerian schoolgirls rescued after mass abduction in Kebbi | Nigeria | The Guardian from The Guardian
2025-11-27 21:40:54,229 - INFO - [BBC] Article: https://www.bbc.com/news/videos/c3w7e2p48l7o?at_medium=RSS&at_campaign=rss
2025-11-27 21:40:54,229 - INFO - [BBC] Attempt 1/1: Trying with 'requests_browser' strategy...
2025-11-27 21:40:54,282 - INFO - [BBC] Success with 'requests_browser'. Found content (148 words).
2025-11-27 21:40:54,323 - INFO - Duplicate article skipped: Video shows speed fire spreads in Hong Kong tower block from BBC
2025-11-27 21:40:55,024 - INFO - [The Guardian] Article: https://www.theguardian.com/world/2025/nov/25/jacob-zuma-daughter-accused-tricking-men-fighting-for-russia-in-ukraine
2025-11-27 21:40:55,024 - INFO - [The Guardian] Attempt 1/1: Trying with 'requests_browser' strategy...
2025-11-27 21:40:55,052 - INFO - [The Guardian] Success with 'requests_browser'. Found content (656 words).
2025-11-27 21:40:55,096 - INFO - Duplicate article skipped: Jacob Zuma’s daughter accused of tricking men into fighting for Russia in Ukraine | South Africa | The Guardian from The Guardian
2025-11-27 21:40:55,444 - INFO - [BBC] Article: https://www.bbc.com/news/articles/cp84nl57v0lo?at_medium=RSS&at_campaign=rss
2025-11-27 21:40:55,444 - INFO - [BBC] Attempt 1/1: Trying with 'requests_browser' strategy...
2025-11-27 21:40:55,472 - INFO - [BBC] Success with 'requests_browser'. Found content (669 words).
2025-11-27 21:40:55,506 - INFO - Duplicate article skipped: Putin doubles down on demands for Ukrainian territory ahead of talks with US from BBC
2025-11-27 21:40:55,610 - INFO - [The Guardian] Article: https://www.theguardian.com/uk-news/2025/nov/24/uk-rejects-nigerian-request-to-deport-former-politican-ike-ekweremadu-jailed-for-organ-trafficking
2025-11-27 21:40:55,610 - INFO - [The Guardian] Attempt 1/1: Trying with 'requests_browser' strategy...
2025-11-27 21:40:55,633 - INFO - [The Guardian] Success with 'requests_browser'. Found content (545 words).
2025-11-27 21:40:55,804 - INFO - Duplicate article skipped: UK rejects Nigerian request to deport former politican jailed for organ trafficking | UK news | The Guardian from The Guardian
2025-11-27 21:40:56,874 - INFO - [BBC] Article: https://www.bbc.com/news/articles/c0edw348pewo?at_medium=RSS&at_campaign=rss
2025-11-27 21:40:56,874 - INFO - [BBC] Attempt 1/1: Trying with 'requests_browser' strategy...
2025-11-27 21:40:56,902 - INFO - [BBC] Success with 'requests_browser'. Found content (495 words).
2025-11-27 21:40:56,938 - INFO - Duplicate article skipped: US-Palestinian teen freed after nine months in Israeli jail from BBC
2025-11-27 21:40:57,229 - INFO - [The Guardian] Article: https://www.theguardian.com/world/2025/nov/24/ethiopian-volcano-hayli-gubbi-erupts-first-time-12000-years
2025-11-27 21:40:57,229 - INFO - [The Guardian] Attempt 1/1: Trying with 'requests_browser' strategy...
2025-11-27 21:40:57,251 - INFO - [The Guardian] Success with 'requests_browser'. Found content (306 words).
2025-11-27 21:40:57,283 - INFO - Duplicate article skipped: Ethiopian volcano erupts for first time in 12,000 years | Ethiopia | The Guardian from The Guardian
2025-11-27 21:40:57,866 - INFO - [BBC] Article: https://www.bbc.com/news/articles/cgex957qg97o?at_medium=RSS&at_campaign=rss
2025-11-27 21:40:57,866 - INFO - [BBC] Attempt 1/1: Trying with 'requests_browser' strategy...
2025-11-27 21:40:57,903 - INFO - [BBC] Success with 'requests_browser'. Found content (779 words).
2025-11-27 21:40:57,940 - INFO - Duplicate article skipped: US suspends immigration requests for Afghans after National Guard shooting from BBC
2025-11-27 21:40:58,622 - INFO - [The Guardian] Article: https://www.theguardian.com/world/2025/nov/27/perus-ousted-president-of-the-poor-gets-11-year-sentence-for-rebellion
2025-11-27 21:40:58,622 - INFO - [The Guardian] Attempt 1/1: Trying with 'requests_browser' strategy...
2025-11-27 21:40:58,644 - INFO - [The Guardian] Success with 'requests_browser'. Found content (346 words).
2025-11-27 21:40:58,678 - INFO - Duplicate article skipped: Peru’s ousted ‘president of the poor’ gets 11-year sentence for rebellion | Peru | The Guardian from The Guardian
2025-11-27 21:40:59,356 - INFO - [BBC] Article: https://www.bbc.com/news/articles/c0edw7g7z79o?at_medium=RSS&at_campaign=rss
2025-11-27 21:40:59,357 - INFO - [BBC] Attempt 1/1: Trying with 'requests_browser' strategy...
2025-11-27 21:40:59,386 - INFO - [BBC] Success with 'requests_browser'. Found content (1054 words).
2025-11-27 21:40:59,422 - INFO - Duplicate article skipped: France brings back limited military service with 3,000 volunteers next year from BBC
2025-11-27 21:40:59,692 - INFO - [The Guardian] Article: https://www.theguardian.com/world/2025/nov/27/venezuela-bans-six-leading-airlines-as-tensions-with-us-escalate
2025-11-27 21:40:59,692 - INFO - [The Guardian] Attempt 1/1: Trying with 'requests_browser' strategy...
2025-11-27 21:40:59,721 - INFO - [The Guardian] Success with 'requests_browser'. Found content (371 words).
2025-11-27 21:40:59,768 - INFO - Duplicate article skipped: Venezuela bans six international airlines as tensions with US escalate | Venezuela | The Guardian from The Guardian
2025-11-27 21:41:00,429 - INFO - [The Guardian] Article: https://www.theguardian.com/world/2025/nov/27/mark-carney-alberta-oil-pipeline-deal-canada-first-nations
2025-11-27 21:41:00,429 - INFO - [The Guardian] Attempt 1/1: Trying with 'requests_browser' strategy...
2025-11-27 21:41:00,458 - INFO - [The Guardian] Success with 'requests_browser'. Found content (614 words).
2025-11-27 21:41:00,493 - INFO - Duplicate article skipped: Mark Carney reaches deal with Alberta for oil pipeline opposed by First Nations | Canada | The Guardian from The Guardian
2025-11-27 21:41:00,540 - INFO - [BBC] Article: https://www.bbc.com/news/articles/cd0keyern0do?at_medium=RSS&at_campaign=rss
2025-11-27 21:41:00,540 - INFO - [BBC] Attempt 1/1: Trying with 'requests_browser' strategy...
2025-11-27 21:41:00,570 - INFO - [BBC] Success with 'requests_browser'. Found content (511 words).
2025-11-27 21:41:00,606 - INFO - Duplicate article skipped: Venezuela bans six major airlines after tensions with US escalate from BBC
2025-11-27 21:41:01,175 - INFO - Selenium driver initialized successfully.
2025-11-27 21:41:01,175 - INFO - Selenium driver initialized successfully.
2025-11-27 21:41:01,175 - INFO - Starting scrape for Times of India RSS feed: https://timesofindia.indiatimes.com/rssfeeds/296589292.cms
2025-11-27 21:41:01,175 - INFO - Starting scrape for The Hindu RSS feed: https://www.thehindu.com/news/national/feeder/default.rss
2025-11-27 21:41:01,278 - INFO - Found 20 articles in Times of India RSS feed. Processing up to 20.
2025-11-27 21:41:01,278 - INFO - [Times of India] Article: https://timesofindia.indiatimes.com/sports/international-sports/who-is-fuzzy-zoeller-famous-two-time-major-champion-golfer-dies-at-74-after-masters-history/articleshow/125624118.cms
2025-11-27 21:41:01,278 - INFO - [Times of India] Attempt 1/1: Trying with 'selenium_browser' strategy...
2025-11-27 21:41:01,290 - INFO - [BBC] Article: https://www.bbc.com/news/articles/cewj1e1yk2vo?at_medium=RSS&at_campaign=rss
2025-11-27 21:41:01,290 - INFO - [BBC] Attempt 1/1: Trying with 'requests_browser' strategy...
2025-11-27 21:41:01,331 - INFO - [BBC] Success with 'requests_browser'. Found content (1118 words).
2025-11-27 21:41:01,369 - INFO - Duplicate article skipped: Fracking transforms an Argentine town but what about the nation? from BBC
2025-11-27 21:41:01,401 - INFO - Found 100 articles in The Hindu RSS feed. Processing up to 20.
2025-11-27 21:41:01,402 - INFO - [The Hindu] Article: https://www.thehindu.com/news/national/west-bengal/two-trinamoolworkerskilled-inbengals-malda-police-deployedas-tensions-rise/article70331006.ece
2025-11-27 21:41:01,402 - INFO - [The Hindu] Attempt 1/1: Trying with 'selenium_browser' strategy...
2025-11-27 21:41:01,571 - INFO - [The Guardian] Article: https://www.theguardian.com/us-news/2025/nov/27/peru-band-of-holes-mystery
2025-11-27 21:41:01,571 - INFO - [The Guardian] Attempt 1/1: Trying with 'requests_browser' strategy...
2025-11-27 21:41:01,595 - INFO - [The Guardian] Success with 'requests_browser'. Found content (563 words).
2025-11-27 21:41:01,647 - INFO - Duplicate article skipped: Florida professor may have solved mystery of Peru’s Band of Holes | US news | The Guardian from The Guardian
2025-11-27 21:41:01,976 - INFO - [BBC] Article: https://www.bbc.com/news/articles/cdd560nvqqdo?at_medium=RSS&at_campaign=rss
2025-11-27 21:41:01,976 - INFO - [BBC] Attempt 1/1: Trying with 'requests_browser' strategy...
2025-11-27 21:41:02,031 - INFO - [BBC] Success with 'requests_browser'. Found content (1894 words).
2025-11-27 21:41:02,094 - INFO - Duplicate article skipped: Year after ceasefire, peace eludes south Lebanon as Israeli strikes continue from BBC
2025-11-27 21:41:02,524 - INFO - [The Guardian] Article: https://www.theguardian.com/world/2025/nov/27/miss-universe-co-owners-arrest-warrants
2025-11-27 21:41:02,524 - INFO - [The Guardian] Attempt 1/1: Trying with 'requests_browser' strategy...
2025-11-27 21:41:02,564 - INFO - [The Guardian] Success with 'requests_browser'. Found content (459 words).
2025-11-27 21:41:02,627 - INFO - Duplicate article skipped: Arrest warrants issued for Miss Universe co-owners in latest twist in pageant saga | Mexico | The Guardian from The Guardian
2025-11-27 21:41:02,662 - INFO - [BBC] Article: https://www.bbc.com/news/articles/cy5g3076lqzo?at_medium=RSS&at_campaign=rss
2025-11-27 21:41:02,663 - INFO - [BBC] Attempt 1/1: Trying with 'requests_browser' strategy...
2025-11-27 21:41:02,729 - INFO - [BBC] Success with 'requests_browser'. Found content (736 words).
2025-11-27 21:41:02,797 - INFO - Duplicate article skipped: Pope Leo visits Turkey and warns humanity at stake from high level of conflict from BBC
2025-11-27 21:41:03,439 - INFO - [The Guardian] Article: https://www.theguardian.com/world/live/2025/nov/27/hong-kong-fire-arrests-dead-killed-hundreds-missing-housing-complex-blaze
2025-11-27 21:41:03,439 - INFO - [The Guardian] Attempt 1/1: Trying with 'requests_browser' strategy...
2025-11-27 21:41:03,595 - INFO - [BBC] Article: https://www.bbc.com/news/articles/cvg164nvj77o?at_medium=RSS&at_campaign=rss
2025-11-27 21:41:03,596 - INFO - [BBC] Attempt 1/1: Trying with 'requests_browser' strategy...
2025-11-27 21:41:04,070 - INFO - [BBC] Success with 'requests_browser'. Found content (820 words).
2025-11-27 21:41:04,535 - INFO - Duplicate article skipped: Guinea-Bissau army general named president a day after apparent coup from BBC
2025-11-27 21:41:04,755 - INFO - [The Hindu] Page content loaded.
2025-11-27 21:41:05,197 - INFO - [The Hindu] Success with 'selenium_browser'. Found content (437 words).
2025-11-27 21:41:05,329 - INFO - [The Guardian] Success with 'requests_browser'. Found content (1149 words).
2025-11-27 21:41:05,737 - INFO - [BBC] Article: https://www.bbc.com/news/articles/cq8dq47j5y8o?at_medium=RSS&at_campaign=rss
2025-11-27 21:41:05,933 - INFO - [BBC] Attempt 1/1: Trying with 'requests_browser' strategy...
2025-11-27 21:41:06,098 - INFO - [BBC] Success with 'requests_browser'. Found content (595 words).
2025-11-27 21:41:36,233 - INFO - Saved article: Two Trinamool workers killed in Bengal’s Malda; police deployed as tensions rise - The Hindu from The Hindu
2025-11-27 21:41:36,234 - INFO - Duplicate article skipped: Hong Kong fire: death toll rises to 83 as rescue crews search for survivors in still-burning towers – as it happened | Hong Kong | The Guardian from The Guardian
2025-11-27 21:41:36,234 - INFO - Duplicate article skipped: South Africa's Cyril Ramaphosa hits back after Donald Trump says US won't invite it for G20 summit from BBC
2025-11-27 21:41:36,958 - INFO - [The Hindu] Article: https://www.thehindu.com/news/national/supreme-court-asks-government-to-consider-a-law-against-ridicule-of-pwds/article70331961.ece
2025-11-27 21:41:36,958 - INFO - [The Hindu] Attempt 1/1: Trying with 'selenium_browser' strategy...
2025-11-27 21:41:37,303 - INFO - [The Guardian] Article: https://www.theguardian.com/news/2025/nov/27/hong-kong-fire-tai-po-police-blame-construction-company
2025-11-27 21:41:37,304 - INFO - [The Guardian] Attempt 1/1: Trying with 'requests_browser' strategy...
2025-11-27 21:41:37,339 - INFO - [BBC] Article: https://www.bbc.com/news/articles/cdxwzwe507ko?at_medium=RSS&at_campaign=rss
2025-11-27 21:41:37,339 - INFO - [BBC] Attempt 1/1: Trying with 'requests_browser' strategy...
2025-11-27 21:41:37,362 - INFO - [The Guardian] Success with 'requests_browser'. Found content (981 words).
2025-11-27 21:41:37,425 - INFO - Duplicate article skipped: Hong Kong police say unsafe scaffolding and foam may have spread fire that killed at least 83 | Hong Kong apartment fires | The Guardian from The Guardian
2025-11-27 21:41:37,446 - INFO - [BBC] Success with 'requests_browser'. Found content (442 words).
2025-11-27 21:41:37,484 - INFO - Duplicate article skipped: Malawi police investigate theft of four German Shepherds from Kamuzu Palace from BBC
2025-11-27 21:41:38,868 - INFO - [The Guardian] Article: https://www.theguardian.com/world/2025/nov/27/anger-hong-kong-apartment-complex-fires-deaths
2025-11-27 21:41:38,868 - INFO - [The Guardian] Attempt 1/1: Trying with 'requests_browser' strategy...
2025-11-27 21:41:38,875 - INFO - [BBC] Article: https://www.bbc.com/news/articles/cly0jjv2lg1o?at_medium=RSS&at_campaign=rss
2025-11-27 21:41:38,875 - INFO - [BBC] Attempt 1/1: Trying with 'requests_browser' strategy...
2025-11-27 21:41:38,938 - INFO - [The Guardian] Success with 'requests_browser'. Found content (765 words).
2025-11-27 21:41:39,050 - INFO - [BBC] Success with 'requests_browser'. Found content (1341 words).
2025-11-27 21:41:39,057 - INFO - Duplicate article skipped: Anger swelling in Hong Kong over deadliest fire in more than 70 years | Hong Kong | The Guardian from The Guardian
2025-11-27 21:41:39,125 - INFO - Duplicate article skipped: Russia Ukraine war: Where peace stands after frantic diplomacy from BBC
2025-11-27 21:41:39,643 - INFO - [The Hindu] Page content loaded.
2025-11-27 21:41:39,719 - INFO - [The Guardian] Article: https://www.theguardian.com/news/2025/nov/27/hong-kong-apartment-complex-fire-reaction
2025-11-27 21:41:39,720 - INFO - [The Guardian] Attempt 1/1: Trying with 'requests_browser' strategy...
2025-11-27 21:41:39,791 - INFO - [The Guardian] Success with 'requests_browser'. Found content (735 words).
2025-11-27 21:41:39,908 - INFO - Duplicate article skipped: ‘There should have been an alarm’: in air thick with acrid smoke, people in Hong Kong are reeling and angry | Hong Kong apartment fires | The Guardian from The Guardian
2025-11-27 21:41:40,331 - INFO - [BBC] Article: https://www.bbc.com/news/articles/c0edww3qgq2o?at_medium=RSS&at_campaign=rss
2025-11-27 21:41:40,332 - INFO - [BBC] Attempt 1/1: Trying with 'requests_browser' strategy...
2025-11-27 21:41:40,477 - INFO - [BBC] Success with 'requests_browser'. Found content (652 words).
2025-11-27 21:41:40,557 - INFO - Duplicate article skipped: Guinea-Bissau coup: Soldiers seize power and detain President Umaro Sissoco Embaló from BBC
2025-11-27 21:41:40,717 - INFO - [The Hindu] Success with 'selenium_browser'. Found content (253 words).
2025-11-27 21:41:40,840 - INFO - Duplicate article skipped: Supreme Court asks government to consider a law against ridicule of PwDs - The Hindu from The Hindu
2025-11-27 21:41:41,094 - INFO - [BBC] Article: https://www.bbc.com/news/articles/c3r7xr94ln8o?at_medium=RSS&at_campaign=rss
2025-11-27 21:41:41,094 - INFO - [BBC] Attempt 1/1: Trying with 'requests_browser' strategy...
2025-11-27 21:41:41,233 - INFO - [BBC] Success with 'requests_browser'. Found content (724 words).
2025-11-27 21:41:41,326 - INFO - [The Guardian] Article: https://www.theguardian.com/world/2025/nov/27/jakarta-overtakes-tokyo-most-populous-city-world
2025-11-27 21:41:41,326 - INFO - [The Guardian] Attempt 1/1: Trying with 'requests_browser' strategy...
2025-11-27 21:41:41,359 - INFO - Duplicate article skipped: Trump defends Witkoff after leak appears to show envoy coaching Russias from BBC
2025-11-27 21:41:41,400 - INFO - [The Guardian] Success with 'requests_browser'. Found content (515 words).
2025-11-27 21:41:41,517 - INFO - Duplicate article skipped: Jakarta overtakes Tokyo as world’s most populous city, according to UN | Indonesia | The Guardian from The Guardian
2025-11-27 21:41:41,755 - INFO - [The Hindu] Article: https://www.thehindu.com/news/national/odisha/droupadi-murmu-becomes-first-president-to-address-odisha-assembly/article70330619.ece
2025-11-27 21:41:41,756 - INFO - [The Hindu] Attempt 1/1: Trying with 'selenium_browser' strategy...
2025-11-27 21:41:42,313 - INFO - [BBC] Article: https://www.bbc.com/news/articles/c74x55epn34o?at_medium=RSS&at_campaign=rss
2025-11-27 21:41:42,313 - INFO - [BBC] Attempt 1/1: Trying with 'requests_browser' strategy...
2025-11-27 21:41:42,340 - INFO - [BBC] Success with 'requests_browser'. Found content (303 words).
2025-11-27 21:41:42,377 - INFO - Duplicate article skipped: Nicolas Sarkozy illegal campaign financing conviction upheld from BBC
2025-11-27 21:41:42,440 - INFO - [The Guardian] Article: https://www.theguardian.com/australia-news/live/2025/nov/28/australia-news-live-storms-hail-queensland-environment-laws-anthony-albanese-labor-greens-sussan-ley-coalition-ntwnfb
2025-11-27 21:41:42,440 - INFO - [The Guardian] Attempt 1/1: Trying with 'requests_browser' strategy...
2025-11-27 21:41:42,652 - INFO - [The Guardian] Success with 'requests_browser'. Found content (1887 words).
2025-11-27 21:41:42,842 - INFO - Duplicate article skipped: Australia news live: NSW shark attack victims identified as Swiss tourists; Hanson-Young says new nature law means a ‘good day for wildlife’ | Australia news | The Guardian from The Guardian
2025-11-27 21:41:43,010 - INFO - [BBC] Article: https://www.bbc.com/news/articles/c9d9l7w1g8yo?at_medium=RSS&at_campaign=rss
2025-11-27 21:41:43,011 - INFO - [BBC] Attempt 1/1: Trying with 'requests_browser' strategy...
2025-11-27 21:41:43,050 - INFO - [BBC] Success with 'requests_browser'. Found content (420 words).
2025-11-27 21:41:43,103 - INFO - Duplicate article skipped: Australia social media ban: Teens challenge law before High Court from BBC
2025-11-27 21:41:43,456 - INFO - [The Hindu] Page content loaded.
2025-11-27 21:41:43,691 - INFO - [The Hindu] Success with 'selenium_browser'. Found content (373 words).
2025-11-27 21:41:43,796 - INFO - Duplicate article skipped: Droupadi Murmu becomes first President to address Odisha Assembly - The Hindu from The Hindu
2025-11-27 21:41:43,805 - INFO - [BBC] Article: https://www.bbc.com/news/articles/cr4drle9k12o?at_medium=RSS&at_campaign=rss
2025-11-27 21:41:43,805 - INFO - [BBC] Attempt 1/1: Trying with 'requests_browser' strategy...
2025-11-27 21:41:43,851 - INFO - [BBC] Success with 'requests_browser'. Found content (493 words).
2025-11-27 21:41:44,150 - INFO - [The Guardian] Article: https://www.theguardian.com/australia-news/2025/nov/27/anti-abortion-activist-joanna-howes-claims-her-employer-gave-her-immunity-from-complaints-by-pro-choice-campaigners-ntwnfb
2025-11-27 21:41:44,150 - INFO - [The Guardian] Attempt 1/1: Trying with 'requests_browser' strategy...
2025-11-27 21:41:44,183 - INFO - Duplicate article skipped: Chicago man accused of setting train passenger on fire had 72 prior arrests from BBC
2025-11-27 21:41:44,406 - INFO - [The Hindu] Article: https://www.thehindu.com/news/national/assam/communal-tag-on-1983-assam-violence-unwarranted-resurrected-panels-report/article70331447.ece
2025-11-27 21:41:44,406 - INFO - [The Hindu] Attempt 1/1: Trying with 'selenium_browser' strategy...
2025-11-27 21:41:44,807 - INFO - [BBC] Article: https://www.bbc.com/news/articles/c1dzp050yn2o?at_medium=RSS&at_campaign=rss
2025-11-27 21:41:44,807 - INFO - [BBC] Attempt 1/1: Trying with 'requests_browser' strategy...
2025-11-27 21:41:44,912 - INFO - [BBC] Success with 'requests_browser'. Found content (1232 words).
2025-11-27 21:41:45,173 - INFO - Duplicate article skipped: Italian parliament unanimously votes to make femicide a crime from BBC
2025-11-27 21:41:45,225 - INFO - [The Guardian] Success with 'requests_browser'. Found content (744 words).
2025-11-27 21:41:45,639 - INFO - Duplicate article skipped: Anti-abortion activist Joanna Howe claims University of Adelaide gave her immunity from complaints by pro-choice campaigners | South Australia | The Guardian from The Guardian
2025-11-27 21:41:46,698 - INFO - [The Guardian] Article: https://www.theguardian.com/australia-news/2025/nov/27/santos-gas-plan-beetaloo-basin-northern-territory-fracking-fears
2025-11-27 21:41:46,698 - INFO - [The Guardian] Attempt 1/1: Trying with 'requests_browser' strategy...
2025-11-27 21:41:47,320 - INFO - [The Guardian] Success with 'requests_browser'. Found content (622 words).
2025-11-27 21:41:47,333 - INFO - [The Hindu] Page content loaded.
2025-11-27 21:41:47,437 - INFO - Duplicate article skipped: Fear Santos gas plan may start fracking rush that poses ‘major risk’ to NT water supply | Santos | The Guardian from The Guardian
2025-11-27 21:41:47,473 - INFO - [The Hindu] Success with 'selenium_browser'. Found content (896 words).
2025-11-27 21:41:47,559 - INFO - Duplicate article skipped: Communal tag on 1983 Assam violence unwarranted: Resurrected panel’s report - The Hindu from The Hindu
2025-11-27 21:41:48,483 - INFO - [The Guardian] Article: https://www.theguardian.com/australia-news/2025/nov/27/state-library-of-victoria-faces-job-cuts-as-staff-accuse-management-of-pursuing-digital-vanity-projects
2025-11-27 21:41:48,484 - INFO - [The Guardian] Attempt 1/1: Trying with 'requests_browser' strategy...
2025-11-27 21:41:48,520 - INFO - [The Guardian] Success with 'requests_browser'. Found content (722 words).
2025-11-27 21:41:48,571 - INFO - Duplicate article skipped: State Library of Victoria faces job cuts as staff accuse management of pursuing ‘digital vanity projects’ | Melbourne | The Guardian from The Guardian
2025-11-27 21:41:48,906 - INFO - [The Hindu] Article: https://www.thehindu.com/news/cities/mumbai/legal-notice-to-mumbai-police-for-failure-to-file-fir-against-bjp-city-president-for-hate-speech/article70330030.ece
2025-11-27 21:41:48,907 - INFO - [The Hindu] Attempt 1/1: Trying with 'selenium_browser' strategy...
2025-11-27 21:41:49,426 - INFO - [The Guardian] Article: https://www.theguardian.com/australia-news/2025/nov/27/national-food-policy-australian-diet-could-worsen
2025-11-27 21:41:49,426 - INFO - [The Guardian] Attempt 1/1: Trying with 'requests_browser' strategy...
2025-11-27 21:41:49,485 - INFO - [The Guardian] Success with 'requests_browser'. Found content (694 words).
2025-11-27 21:41:49,575 - INFO - Duplicate article skipped: Australian diet set to worsen as national food policy is drawn up by profit-driven industry, experts warn | Health | The Guardian from The Guardian
2025-11-27 21:41:49,841 - INFO - [The Hindu] Page content loaded.
2025-11-27 21:41:49,925 - INFO - [The Hindu] Success with 'selenium_browser'. Found content (368 words).
2025-11-27 21:41:50,070 - INFO - Duplicate article skipped: Legal notice to Mumbai Police for failure to file FIR against BJP city president for hate speech - The Hindu from The Hindu
2025-11-27 21:41:51,298 - INFO - [The Hindu] Article: https://www.thehindu.com/news/national/odisha/orissa-hc-quashes-govt-order-allowing-mps-mlas-to-recommend-teachers-transfer/article70331238.ece
2025-11-27 21:41:51,299 - INFO - [The Hindu] Attempt 1/1: Trying with 'selenium_browser' strategy...
2025-11-27 21:41:52,758 - INFO - [The Hindu] Page content loaded.
2025-11-27 21:41:53,017 - INFO - [The Hindu] Success with 'selenium_browser'. Found content (309 words).
2025-11-27 21:41:53,098 - INFO - Duplicate article skipped: Orissa HC quashes govt order allowing MPs, MLAs to recommend teachers’ transfer - The Hindu from The Hindu
2025-11-27 21:41:53,700 - INFO - [The Hindu] Article: https://www.thehindu.com/news/national/jammu-and-kashmir/journalists-house-demolished-in-jammupdp-cpim-condemn-move/article70331945.ece
2025-11-27 21:41:53,701 - INFO - [The Hindu] Attempt 1/1: Trying with 'selenium_browser' strategy...
2025-11-27 21:41:54,847 - INFO - [The Hindu] Page content loaded.
2025-11-27 21:41:55,159 - INFO - [The Hindu] Success with 'selenium_browser'. Found content (369 words).
2025-11-27 21:41:55,251 - INFO - Duplicate article skipped: Journalist’s house demolished in Jammu; PDP, CPI(M) condemn move - The Hindu from The Hindu
2025-11-27 21:41:56,369 - INFO - [The Hindu] Article: https://www.thehindu.com/news/national/rajasthan/rajasthan-taking-steps-to-bring-excess-yamuna-waters-during-monsoon/article70330938.ece
2025-11-27 21:41:56,369 - INFO - [The Hindu] Attempt 1/1: Trying with 'selenium_browser' strategy...
2025-11-27 21:41:58,202 - INFO - [The Hindu] Page content loaded.
2025-11-27 21:41:58,444 - INFO - [The Hindu] Success with 'selenium_browser'. Found content (344 words).
2025-11-27 21:41:58,543 - INFO - Duplicate article skipped: Rajasthan taking steps to bring excess Yamuna waters during monsoon - The Hindu from The Hindu
2025-11-27 21:41:59,751 - INFO - [The Hindu] Article: https://www.thehindu.com/news/cities/kolkata/living-in-fear-transpersons-fear-being-struck-off-voter-rolls-amid-sir/article70332207.ece
2025-11-27 21:41:59,752 - INFO - [The Hindu] Attempt 1/1: Trying with 'selenium_browser' strategy...
2025-11-27 21:42:01,924 - INFO - [The Hindu] Page content loaded.
2025-11-27 21:42:02,102 - INFO - [The Hindu] Success with 'selenium_browser'. Found content (538 words).
2025-11-27 21:42:02,200 - INFO - Duplicate article skipped: ‘Living in fear’: transpersons fear being struck off voter rolls amid SIR - The Hindu from The Hindu
2025-11-27 21:42:02,905 - INFO - [The Hindu] Article: https://www.thehindu.com/news/national/telangana/telangana-food-safety-officials-flag-compliance-issues-by-e-commerce-players/article70331881.ece
2025-11-27 21:42:02,905 - INFO - [The Hindu] Attempt 1/1: Trying with 'selenium_browser' strategy...
2025-11-27 21:42:03,645 - INFO - [The Hindu] Page content loaded.
2025-11-27 21:42:03,841 - INFO - [The Hindu] Success with 'selenium_browser'. Found content (282 words).
2025-11-27 21:42:03,920 - INFO - Duplicate article skipped: Telangana food safety officials flag compliance issues by e-commerce players - The Hindu from The Hindu
2025-11-27 21:42:04,937 - INFO - [The Hindu] Article: https://www.thehindu.com/news/national/west-bengal/sukanta-majumdar-faces-protests-at-diamond-harbour-blames-it-on-trinamool-congress/article70330604.ece
2025-11-27 21:42:04,937 - INFO - [The Hindu] Attempt 1/1: Trying with 'selenium_browser' strategy...
2025-11-27 21:42:06,153 - INFO - [The Hindu] Page content loaded.
2025-11-27 21:42:06,389 - INFO - [The Hindu] Success with 'selenium_browser'. Found content (414 words).
2025-11-27 21:42:06,489 - INFO - Duplicate article skipped: Sukanta Majumdar faces protests at Diamond Harbour, blames it on Trinamool Congress - The Hindu from The Hindu
2025-11-27 21:42:07,082 - INFO - [The Hindu] Article: https://www.thehindu.com/news/cities/Delhi/police-nab-member-of-himanshu-bhau-gang-after-exchange-of-fire/article70331778.ece
2025-11-27 21:42:07,082 - INFO - [The Hindu] Attempt 1/1: Trying with 'selenium_browser' strategy...
2025-11-27 21:42:07,992 - INFO - [The Hindu] Page content loaded.
2025-11-27 21:42:08,145 - INFO - [The Hindu] Success with 'selenium_browser'. Found content (282 words).
2025-11-27 21:42:08,234 - INFO - Duplicate article skipped: Police nab member of Himanshu Bhau gang after exchange of fire - The Hindu from The Hindu
2025-11-27 21:42:09,397 - INFO - [The Hindu] Article: https://www.thehindu.com/news/national/tamil-nadu/farmer-held-for-possession-of-country-made-guns/article70331050.ece
2025-11-27 21:42:09,398 - INFO - [The Hindu] Attempt 1/1: Trying with 'selenium_browser' strategy...
2025-11-27 21:43:01,331 - ERROR - [Times of India] Request failed for strategy 'selenium_browser' on URL https://timesofindia.indiatimes.com/sports/international-sports/who-is-fuzzy-zoeller-famous-two-time-major-champion-golfer-dies-at-74-after-masters-history/articleshow/125624118.cms: HTTPConnectionPool(host='localhost', port=55009): Read timed out. (read timeout=120)
2025-11-27 21:43:01,331 - ERROR - [Times of India] All scrape strategies failed for https://timesofindia.indiatimes.com/sports/international-sports/who-is-fuzzy-zoeller-famous-two-time-major-champion-golfer-dies-at-74-after-masters-history/articleshow/125624118.cms. Falling back to RSS description.
2025-11-27 21:43:01,332 - INFO - Duplicate article skipped: Who was Fuzzy Zoeller? Famous two-time major champion golfer dies at 74 after Masters history from Times of India
2025-11-27 21:43:02,121 - INFO - [Times of India] Article: https://timesofindia.indiatimes.com/world/us/you-have-criminal-record-indian-origin-sikh-man-stopped-from-entering-canada-from-us-interaction-goes-viral/articleshow/125624001.cms
2025-11-27 21:43:02,122 - INFO - [Times of India] Attempt 1/1: Trying with 'selenium_browser' strategy...
2025-11-27 21:44:09,499 - ERROR - [The Hindu] Request failed for strategy 'selenium_browser' on URL https://www.thehindu.com/news/national/tamil-nadu/farmer-held-for-possession-of-country-made-guns/article70331050.ece: HTTPConnectionPool(host='localhost', port=42325): Read timed out. (read timeout=120)
2025-11-27 21:44:09,499 - ERROR - [The Hindu] All scrape strategies failed for https://www.thehindu.com/news/national/tamil-nadu/farmer-held-for-possession-of-country-made-guns/article70331050.ece. Falling back to RSS description.
2025-11-27 21:44:09,500 - INFO - Duplicate article skipped: Farmer held for possession of country-made guns from The Hindu
2025-11-27 21:44:10,523 - INFO - [The Hindu] Article: https://www.thehindu.com/news/national/karnataka/hcl-to-hold-its-maiden-cyclothon-in-bengaluru-on-nice-road/article70331902.ece
2025-11-27 21:44:10,523 - INFO - [The Hindu] Attempt 1/1: Trying with 'selenium_browser' strategy...
2025-11-27 21:45:02,202 - ERROR - [Times of India] Request failed for strategy 'selenium_browser' on URL https://timesofindia.indiatimes.com/world/us/you-have-criminal-record-indian-origin-sikh-man-stopped-from-entering-canada-from-us-interaction-goes-viral/articleshow/125624001.cms: HTTPConnectionPool(host='localhost', port=55009): Read timed out. (read timeout=120)
2025-11-27 21:45:02,203 - ERROR - [Times of India] All scrape strategies failed for https://timesofindia.indiatimes.com/world/us/you-have-criminal-record-indian-origin-sikh-man-stopped-from-entering-canada-from-us-interaction-goes-viral/articleshow/125624001.cms. Falling back to RSS description.
2025-11-27 21:45:02,203 - INFO - Duplicate article skipped: 'You have a criminal record': Indian-origin Sikh man stopped from entering Canada from US, interaction goes viral from Times of India
2025-11-27 21:45:03,016 - INFO - [Times of India] Article: https://timesofindia.indiatimes.com/world/us/watch-zohran-mamdani-does-the-iconic-shah-rukh-khan-pose-while-guessing-bollywood-songs-with-mehdi-hasan/articleshow/125623177.cms
2025-11-27 21:45:03,016 - INFO - [Times of India] Attempt 1/1: Trying with 'selenium_browser' strategy...
2025-11-27 21:45:53,101 - CRITICAL - --- TIMEOUT: 2 scrape jobs did not complete in 300s. ---
2025-11-27 21:45:53,101 - ERROR - A thread has timed out and will be abandoned.
2025-11-27 21:45:53,101 - ERROR - A thread has timed out and will be abandoned.
2025-11-27 21:45:53,101 - INFO - Shutting down thread pool (wait=False)...
2025-11-27 21:45:53,101 - INFO - Scraped: 0 The Guardian, 0 BBC, 2 Timed_Out_Jobs articles. (Total saved: 0)
2025-11-27 21:45:53,101 - INFO - --- Scraping job finished ---
2025-11-27 21:45:53,102 - INFO - --- Scraper service stopped and database connection closed. ---
2025-11-27 21:45:53,102 - INFO - --- Main thread finished. Forcing process exit to kill zombie threads. ---
