2025-11-30 14:42:56,560 - INFO - Loading AI Semantic Model (all-MiniLM-L6-v2)...
2025-11-30 14:42:56,561 - INFO - Use pytorch device_name: cpu
2025-11-30 14:42:56,561 - INFO - Load pretrained SentenceTransformer: all-MiniLM-L6-v2
2025-11-30 14:42:57,003 - INFO - AI Model loaded successfully.
2025-11-30 14:42:57,003 - INFO - Initializing database connection at: news_articles.db
2025-11-30 14:42:57,003 - INFO - --- Scraper service started (CI Mode: Run Once) ---
2025-11-30 14:42:57,003 - INFO - --- Starting new scraping job (Parallel Mode) ---
2025-11-30 14:42:57,003 - INFO - Creating new robust session with 3 retries on 5xx/connection/read errors.
2025-11-30 14:42:57,003 - INFO - Proxy is DISABLED.
2025-11-30 14:42:57,004 - INFO - Starting scrape for BBC RSS feed: http://feeds.bbci.co.uk/news/world/rss.xml
2025-11-30 14:42:57,004 - INFO - [Times of India] (Thread) requires Selenium. Initializing driver...
2025-11-30 14:42:57,005 - INFO - Initializing headless Selenium Chrome driver (using SeleniumManager)...
2025-11-30 14:42:57,005 - INFO - Starting scrape for The Guardian RSS feed: https://www.theguardian.com/world/rss
2025-11-30 14:42:57,007 - INFO - [The Hindu] (Thread) requires Selenium. Initializing driver...
2025-11-30 14:42:57,007 - INFO - Initializing headless Selenium Chrome driver (using SeleniumManager)...
2025-11-30 14:42:57,007 - INFO - Submitted 4 jobs to thread pool. Waiting up to 300s for completion...
2025-11-30 14:42:57,254 - INFO - Found 45 articles in The Guardian RSS feed. Processing up to 20.
2025-11-30 14:42:57,254 - INFO - [The Guardian] Article: https://www.theguardian.com/world/2025/nov/28/jacob-zuma-daughter-resigns-claims-south-africans-tricked-fight-russia
2025-11-30 14:42:57,255 - INFO - [The Guardian] Attempt 1/1: Trying with 'requests_browser' strategy...
2025-11-30 14:42:57,338 - INFO - Found 29 articles in BBC RSS feed. Processing up to 20.
2025-11-30 14:42:57,338 - INFO - [BBC] Article: https://www.bbc.com/news/articles/c4gv76r5qpvo?at_medium=RSS&at_campaign=rss
2025-11-30 14:42:57,338 - INFO - [BBC] Attempt 1/1: Trying with 'requests_browser' strategy...
2025-11-30 14:42:57,360 - INFO - [The Guardian] Success with 'requests_browser'. Found content (753 words).
2025-11-30 14:42:57,395 - INFO - Duplicate article skipped: Jacob Zuma’s daughter resigns amid claims South Africans tricked to fight for Russia | South Africa | The Guardian from The Guardian
2025-11-30 14:42:57,536 - INFO - [BBC] Success with 'requests_browser'. Found content (647 words).
2025-11-30 14:42:57,577 - INFO - Duplicate article skipped: Benjamin Netanyahu seeks pardon from Israel's president from BBC
2025-11-30 14:42:58,510 - INFO - [BBC] Article: https://www.bbc.com/news/articles/c5y9ejley9do?at_medium=RSS&at_campaign=rss
2025-11-30 14:42:58,510 - INFO - [BBC] Attempt 1/1: Trying with 'requests_browser' strategy...
2025-11-30 14:42:58,549 - INFO - [BBC] Success with 'requests_browser'. Found content (712 words).
2025-11-30 14:42:58,585 - INFO - Duplicate article skipped: More than 400 killed in Indonesia flooding, officials say from BBC
2025-11-30 14:42:58,657 - INFO - [The Guardian] Article: https://www.theguardian.com/environment/2025/nov/28/africa-forests-transformed-carbon-sink-carbon-source-study
2025-11-30 14:42:58,657 - INFO - [The Guardian] Attempt 1/1: Trying with 'requests_browser' strategy...
2025-11-30 14:42:58,685 - INFO - [The Guardian] Success with 'requests_browser'. Found content (458 words).
2025-11-30 14:42:58,721 - INFO - Duplicate article skipped: Africa’s forests transformed from carbon sink to carbon source, study finds | Climate crisis | The Guardian from The Guardian
2025-11-30 14:42:59,340 - INFO - [BBC] Article: https://www.bbc.com/news/articles/c741mpdyw9no?at_medium=RSS&at_campaign=rss
2025-11-30 14:42:59,340 - INFO - [BBC] Attempt 1/1: Trying with 'requests_browser' strategy...
2025-11-30 14:42:59,368 - INFO - [BBC] Success with 'requests_browser'. Found content (519 words).
2025-11-30 14:42:59,404 - INFO - Duplicate article skipped: Venezuela calls Trump airspace closure warning 'colonialist threat' from BBC
2025-11-30 14:43:00,086 - INFO - [The Guardian] Article: https://www.theguardian.com/world/2025/nov/26/guinea-bissau-officers-take-total-control-close-borders-amid-election-chaos
2025-11-30 14:43:00,086 - INFO - [The Guardian] Attempt 1/1: Trying with 'requests_browser' strategy...
2025-11-30 14:43:00,114 - INFO - [The Guardian] Success with 'requests_browser'. Found content (412 words).
2025-11-30 14:43:00,149 - INFO - Duplicate article skipped: Guinea-Bissau military takes ‘total control’ amid election chaos | Guinea-Bissau | The Guardian from The Guardian
2025-11-30 14:43:00,231 - INFO - [BBC] Article: https://www.bbc.com/news/articles/cp34yk7z6yxo?at_medium=RSS&at_campaign=rss
2025-11-30 14:43:00,231 - INFO - [BBC] Attempt 1/1: Trying with 'requests_browser' strategy...
2025-11-30 14:43:00,391 - INFO - [BBC] Success with 'requests_browser'. Found content (712 words).
2025-11-30 14:43:00,428 - INFO - Duplicate article skipped: Hong Kong fire: Death toll rises to 146 as thousands pay their respects from BBC
2025-11-30 14:43:01,572 - INFO - [The Guardian] Article: https://www.theguardian.com/world/2025/nov/25/nigerian-schoolgirls-rescued-after-mass-abduction-in-kebbi
2025-11-30 14:43:01,572 - INFO - [The Guardian] Attempt 1/1: Trying with 'requests_browser' strategy...
2025-11-30 14:43:01,605 - INFO - [The Guardian] Success with 'requests_browser'. Found content (515 words).
2025-11-30 14:43:01,611 - INFO - [BBC] Article: https://www.bbc.com/news/articles/cvg81p61dnmo?at_medium=RSS&at_campaign=rss
2025-11-30 14:43:01,616 - INFO - [BBC] Attempt 1/1: Trying with 'requests_browser' strategy...
2025-11-30 14:43:01,651 - INFO - Duplicate article skipped: Nigerian schoolgirls rescued after mass abduction in Kebbi | Nigeria | The Guardian from The Guardian
2025-11-30 14:43:01,668 - INFO - [BBC] Success with 'requests_browser'. Found content (308 words).
2025-11-30 14:43:01,705 - INFO - Duplicate article skipped: Stockton mass shooting: Four killed at California family gathering from BBC
2025-11-30 14:43:02,261 - INFO - [BBC] Article: https://www.bbc.com/news/articles/c075zd0j2j3o?at_medium=RSS&at_campaign=rss
2025-11-30 14:43:02,261 - INFO - [BBC] Attempt 1/1: Trying with 'requests_browser' strategy...
2025-11-30 14:43:02,288 - INFO - [BBC] Success with 'requests_browser'. Found content (313 words).
2025-11-30 14:43:02,321 - INFO - Duplicate article skipped: Kazakh pair accused of using spycam and earpieces to win A$1.2m in casino from BBC
2025-11-30 14:43:02,989 - INFO - [The Guardian] Article: https://www.theguardian.com/world/2025/nov/25/jacob-zuma-daughter-accused-tricking-men-fighting-for-russia-in-ukraine
2025-11-30 14:43:02,989 - INFO - [The Guardian] Attempt 1/1: Trying with 'requests_browser' strategy...
2025-11-30 14:43:03,109 - INFO - [The Guardian] Success with 'requests_browser'. Found content (656 words).
2025-11-30 14:43:03,154 - INFO - Duplicate article skipped: Jacob Zuma’s daughter accused of tricking men into fighting for Russia in Ukraine | South Africa | The Guardian from The Guardian
2025-11-30 14:43:03,179 - INFO - [BBC] Article: https://www.bbc.com/news/articles/cp9ky5z2gx0o?at_medium=RSS&at_campaign=rss
2025-11-30 14:43:03,179 - INFO - [BBC] Attempt 1/1: Trying with 'requests_browser' strategy...
2025-11-30 14:43:03,209 - INFO - [BBC] Success with 'requests_browser'. Found content (508 words).
2025-11-30 14:43:03,244 - INFO - Duplicate article skipped: Ukraine hits tankers in Black Sea in escalation against Russia from BBC
2025-11-30 14:43:03,898 - INFO - [The Guardian] Article: https://www.theguardian.com/world/2025/nov/30/honduras-vote-election-trump-threat-cut-aid-if-nasry-tito-asfura-loses
2025-11-30 14:43:03,898 - INFO - [The Guardian] Attempt 1/1: Trying with 'requests_browser' strategy...
2025-11-30 14:43:04,090 - INFO - [The Guardian] Success with 'requests_browser'. Found content (534 words).
2025-11-30 14:43:04,643 - INFO - [BBC] Article: https://www.bbc.com/news/articles/c8e97kl240lo?at_medium=RSS&at_campaign=rss
2025-11-30 14:43:04,643 - INFO - [BBC] Attempt 1/1: Trying with 'requests_browser' strategy...
2025-11-30 14:43:04,684 - INFO - [BBC] Success with 'requests_browser'. Found content (324 words).
2025-11-30 14:43:06,088 - INFO - Selenium driver initialized successfully.
2025-11-30 14:43:06,088 - INFO - Starting scrape for Times of India RSS feed: https://timesofindia.indiatimes.com/rssfeeds/296589292.cms
2025-11-30 14:43:06,089 - INFO - Selenium driver initialized successfully.
2025-11-30 14:43:06,089 - INFO - Starting scrape for The Hindu RSS feed: https://www.thehindu.com/news/national/feeder/default.rss
2025-11-30 14:43:06,283 - INFO - Found 100 articles in The Hindu RSS feed. Processing up to 20.
2025-11-30 14:43:06,284 - INFO - [The Hindu] Article: https://www.thehindu.com/news/national/andhra-pradesh/fight-for-cyclone-hit-ap-farmers-in-parliament-jagan-tells-ysrcp-mps/article70341859.ece
2025-11-30 14:43:06,284 - INFO - [The Hindu] Attempt 1/1: Trying with 'selenium_browser' strategy...
2025-11-30 14:43:06,289 - INFO - Found 20 articles in Times of India RSS feed. Processing up to 20.
2025-11-30 14:43:06,289 - INFO - [Times of India] Article: https://timesofindia.indiatimes.com/world/rest-of-world/global-first-turkish-uav-shoots-down-aircraft-with-bvr-air-to-air-missile-company-lauds-pinpoint-accuracy-watch/articleshow/125674346.cms
2025-11-30 14:43:06,289 - INFO - [Times of India] Attempt 1/1: Trying with 'selenium_browser' strategy...
2025-11-30 14:43:12,989 - INFO - [The Hindu] Page content loaded.
2025-11-30 14:43:13,222 - INFO - [The Hindu] Success with 'selenium_browser'. Found content (461 words).
2025-11-30 14:43:27,938 - INFO - Saved article: Hondurans vote amid Trump threat to cut aid if his preferred candidate loses | Honduras | The Guardian from The Guardian
2025-11-30 14:43:27,938 - INFO - Duplicate article skipped: More than 70,000 killed in Gaza since Israel offensive began, Hamas-run health ministry says from BBC
2025-11-30 14:43:28,853 - INFO - [The Guardian] Article: https://www.theguardian.com/world/2025/nov/29/donald-trump-venezuela-airspace-closure
2025-11-30 14:43:28,854 - INFO - [The Guardian] Attempt 1/1: Trying with 'requests_browser' strategy...
2025-11-30 14:43:28,897 - INFO - [The Guardian] Success with 'requests_browser'. Found content (363 words).
2025-11-30 14:43:29,291 - INFO - [BBC] Article: https://www.bbc.com/news/articles/c93wnyxjkxko?at_medium=RSS&at_campaign=rss
2025-11-30 14:43:29,291 - INFO - [BBC] Attempt 1/1: Trying with 'requests_browser' strategy...
2025-11-30 14:43:29,335 - INFO - [BBC] Success with 'requests_browser'. Found content (309 words).
2025-11-30 14:43:39,185 - INFO - Saved article: Fight for cyclone-hit A.P. farmers in Parliament, Jagan tells YSRCP MPs - The Hindu from The Hindu
2025-11-30 14:43:39,185 - INFO - Duplicate article skipped: Venezuela denounces ‘colonialist threat’ as Trump orders airspace closed | Venezuela | The Guardian from The Guardian
2025-11-30 14:43:39,185 - INFO - Duplicate article skipped: French farm has €90,000 worth of escargot snails stolen from BBC
2025-11-30 14:43:40,126 - INFO - [BBC] Article: https://www.bbc.com/news/articles/cp39yw120kdo?at_medium=RSS&at_campaign=rss
2025-11-30 14:43:40,126 - INFO - [BBC] Attempt 1/1: Trying with 'requests_browser' strategy...
2025-11-30 14:43:40,155 - INFO - [BBC] Success with 'requests_browser'. Found content (376 words).
2025-11-30 14:43:40,193 - INFO - Duplicate article skipped: The Wiggles issue statement after appearing in Ecstasy music video from BBC
2025-11-30 14:43:40,551 - INFO - [The Guardian] Article: https://www.theguardian.com/us-news/2025/nov/29/pete-hegseth-denies-ordering-deaths-narco-boat
2025-11-30 14:43:40,551 - INFO - [The Guardian] Attempt 1/1: Trying with 'requests_browser' strategy...
2025-11-30 14:43:40,581 - INFO - [The Guardian] Success with 'requests_browser'. Found content (846 words).
2025-11-30 14:43:40,603 - INFO - [The Hindu] Article: https://www.thehindu.com/news/national/telangana/kadthal-farmers-meet-pgcil-officials-over-losing-lands-due-to-bidar-maheshwaram-line/article70342338.ece
2025-11-30 14:43:40,608 - INFO - [The Hindu] Attempt 1/1: Trying with 'selenium_browser' strategy...
2025-11-30 14:43:40,620 - INFO - Duplicate article skipped: Pete Hegseth denies he gave orders to ‘kill everybody’ on alleged ‘narco-boat’ | Pete Hegseth | The Guardian from The Guardian
2025-11-30 14:43:41,573 - INFO - [The Guardian] Article: https://www.theguardian.com/world/2025/nov/29/uk-mps-extra-aid-humanitarian-visas-jamaica-hurricane-melissa-dawn-butler
2025-11-30 14:43:41,574 - INFO - [The Guardian] Attempt 1/1: Trying with 'requests_browser' strategy...
2025-11-30 14:43:41,608 - INFO - [BBC] Article: https://www.bbc.com/news/articles/c4gp917zr8no?at_medium=RSS&at_campaign=rss
2025-11-30 14:43:41,608 - INFO - [BBC] Attempt 1/1: Trying with 'requests_browser' strategy...
2025-11-30 14:43:41,641 - INFO - [The Guardian] Success with 'requests_browser'. Found content (873 words).
2025-11-30 14:43:41,710 - INFO - [The Hindu] Page content loaded.
2025-11-30 14:43:41,721 - INFO - Duplicate article skipped: UK MPs push for extra aid and visas as Jamaica reels from Hurricane Melissa | Jamaica | The Guardian from The Guardian
2025-11-30 14:43:41,748 - INFO - [BBC] Success with 'requests_browser'. Found content (355 words).
2025-11-30 14:43:41,844 - INFO - Duplicate article skipped: Pope Leo visits Istanbul's Blue Mosque from BBC
2025-11-30 14:43:42,008 - INFO - [The Hindu] Success with 'selenium_browser'. Found content (315 words).
2025-11-30 14:43:42,547 - INFO - [The Guardian] Article: https://www.theguardian.com/us-news/2025/nov/28/trump-pardon-honduras-hernandez-drugs
2025-11-30 14:43:42,547 - INFO - [The Guardian] Attempt 1/1: Trying with 'requests_browser' strategy...
2025-11-30 14:43:42,648 - INFO - [The Guardian] Success with 'requests_browser'. Found content (558 words).
2025-11-30 14:43:43,330 - INFO - [BBC] Article: https://www.bbc.com/news/articles/ce865kpdzz8o?at_medium=RSS&at_campaign=rss
2025-11-30 14:43:43,330 - INFO - [BBC] Attempt 1/1: Trying with 'requests_browser' strategy...
2025-11-30 14:43:43,376 - INFO - [BBC] Success with 'requests_browser'. Found content (356 words).
2025-11-30 14:43:44,221 - INFO - [Times of India] Page content loaded.
2025-11-30 14:43:44,966 - INFO - [Times of India] Success with 'selenium_browser'. Found content (130 words).
2025-11-30 14:43:54,627 - INFO - Saved article: Kadthal farmers meet PGCIL officials over losing lands due to Bidar-Maheshwaram line - The Hindu from The Hindu
2025-11-30 14:43:54,627 - INFO - Duplicate article skipped: Trump to pardon ex-Honduras leader serving drug trafficking sentence in US | Donald Trump | The Guardian from The Guardian
2025-11-30 14:43:54,628 - INFO - Duplicate article skipped: Australian prime minister Albanese becomes first to wed in office from BBC
2025-11-30 14:43:55,361 - INFO - [The Hindu] Article: https://www.thehindu.com/news/national/andhra-pradesh/281-lakh-beneficiaries-will-receive-ntr-bharosa-pensions-in-anantapur-says-collector/article70341809.ece
2025-11-30 14:43:55,361 - INFO - [The Hindu] Attempt 1/1: Trying with 'selenium_browser' strategy...
2025-11-30 14:43:55,719 - INFO - [BBC] Article: https://www.bbc.com/news/articles/cx2gylngx7go?at_medium=RSS&at_campaign=rss
2025-11-30 14:43:55,719 - INFO - [BBC] Attempt 1/1: Trying with 'requests_browser' strategy...
2025-11-30 14:43:55,780 - INFO - [BBC] Success with 'requests_browser'. Found content (625 words).
2025-11-30 14:43:55,886 - INFO - [The Guardian] Article: https://www.theguardian.com/world/2025/nov/30/indonesia-thailand-floods
2025-11-30 14:43:55,886 - INFO - [The Guardian] Attempt 1/1: Trying with 'requests_browser' strategy...
2025-11-30 14:43:55,989 - INFO - [The Guardian] Success with 'requests_browser'. Found content (866 words).
2025-11-30 14:43:56,842 - INFO - [The Hindu] Page content loaded.
2025-11-30 14:43:57,056 - INFO - [The Hindu] Success with 'selenium_browser'. Found content (212 words).
2025-11-30 14:44:08,009 - INFO - Saved article: 'Global first': Turkish UAV shoots down aircraft with BVR air-to-air missile; company lauds 'pinpoint accuracy' - watch - The Times of India from Times of India
2025-11-30 14:44:08,009 - INFO - Duplicate article skipped: Russian strikes cause power outages for more than 600,000 in Ukraine from BBC
2025-11-30 14:44:08,903 - INFO - [BBC] Article: https://www.bbc.com/news/articles/c4gp9d28p74o?at_medium=RSS&at_campaign=rss
2025-11-30 14:44:08,903 - INFO - [BBC] Attempt 1/1: Trying with 'requests_browser' strategy...
2025-11-30 14:44:08,944 - INFO - [BBC] Success with 'requests_browser'. Found content (430 words).
2025-11-30 14:44:08,957 - INFO - [Times of India] Article: https://timesofindia.indiatimes.com/world/uk/british-man-arrested-for-posing-with-a-gun-in-us-elon-musk-furious/articleshow/125674330.cms
2025-11-30 14:44:08,957 - INFO - [Times of India] Attempt 1/1: Trying with 'selenium_browser' strategy...
2025-11-30 14:44:16,447 - INFO - [Times of India] Page content loaded.
2025-11-30 14:44:16,868 - INFO - [Times of India] Success with 'selenium_browser'. Found content (326 words).
2025-11-30 14:44:23,391 - INFO - DEDUPLICATION: Found match (Score: 0.82). Linking to Cluster ID: b834e4c6-f2ee-428c-ab04-311af727490a
2025-11-30 14:44:23,394 - INFO - Saved article: Indonesia and Thailand floods death toll passes 600 with hundreds still missing | Asia Pacific | The Guardian from The Guardian
2025-11-30 14:44:24,632 - INFO - [The Guardian] Article: https://www.theguardian.com/world/2025/nov/30/hong-kong-mourns-as-apartment-blaze-death-toll-rises
2025-11-30 14:44:24,632 - INFO - [The Guardian] Attempt 1/1: Trying with 'requests_browser' strategy...
2025-11-30 14:44:24,671 - INFO - [The Guardian] Success with 'requests_browser'. Found content (697 words).
2025-11-30 14:44:34,705 - INFO - Saved article: 2.81 lakh beneficiaries will receive NTR Bharosa pensions in Anantapur, says Collector - The Hindu from The Hindu
2025-11-30 14:44:34,706 - INFO - Duplicate article skipped: Airbus: Flights resume as normal after software update warning from BBC
2025-11-30 14:44:34,706 - INFO - Duplicate article skipped: British man arrested for posing with a gun in US, Elon Musk furious | World News - The Times of India from Times of India
2025-11-30 14:44:34,706 - INFO - Duplicate article skipped: Hong Kong mourns as apartment fire death toll rises to 146 | Hong Kong apartment fires | The Guardian from The Guardian
2025-11-30 14:44:35,404 - INFO - [BBC] Article: https://www.bbc.com/news/articles/cvgj9dd983xo?at_medium=RSS&at_campaign=rss
2025-11-30 14:44:35,404 - INFO - [BBC] Attempt 1/1: Trying with 'requests_browser' strategy...
2025-11-30 14:44:35,437 - INFO - [BBC] Success with 'requests_browser'. Found content (790 words).
2025-11-30 14:44:35,476 - INFO - Duplicate article skipped: Nigeria blames jihadist groups for wave of kidnappings but others accuse criminal gangs from BBC
2025-11-30 14:44:35,507 - INFO - [The Hindu] Article: https://www.thehindu.com/news/national/andhra-pradesh/klu-student-shoots-gold-at-khelo-india-university-games/article70342125.ece
2025-11-30 14:44:35,507 - INFO - [The Hindu] Attempt 1/1: Trying with 'selenium_browser' strategy...
2025-11-30 14:44:35,857 - INFO - [Times of India] Article: https://timesofindia.indiatimes.com/world/us/i-use-the-plane-less-than-my-predecessors-kash-patel-defends-himself-over-claims-he-used-an-fbi-jet-to-see-his-girlfriend/articleshow/125673505.cms
2025-11-30 14:44:35,857 - INFO - [Times of India] Attempt 1/1: Trying with 'selenium_browser' strategy...
2025-11-30 14:44:36,149 - INFO - [The Guardian] Article: https://www.theguardian.com/world/2025/nov/30/japan-one-piece-singer-maki-otsuki-stopped-mid-performance-as-japan-china-relations-sour
2025-11-30 14:44:36,149 - INFO - [The Guardian] Attempt 1/1: Trying with 'requests_browser' strategy...
2025-11-30 14:44:36,266 - INFO - [The Guardian] Success with 'requests_browser'. Found content (310 words).
2025-11-30 14:44:36,319 - INFO - Duplicate article skipped: Japan ‘One Piece’ singer stopped mid-performance as Japan-China relations sour | Japan | The Guardian from The Guardian
2025-11-30 14:44:36,542 - INFO - [BBC] Article: https://www.bbc.com/news/articles/c1kpm0rvxepo?at_medium=RSS&at_campaign=rss
2025-11-30 14:44:36,542 - INFO - [BBC] Attempt 1/1: Trying with 'requests_browser' strategy...
2025-11-30 14:44:36,608 - INFO - [BBC] Success with 'requests_browser'. Found content (557 words).
2025-11-30 14:44:36,687 - INFO - Duplicate article skipped: Trump says he will pardon ex-Honduras president convicted of drug trafficking from BBC
2025-11-30 14:44:36,884 - INFO - [The Guardian] Article: https://www.theguardian.com/us-news/ng-interactive/2025/nov/30/all-the-presidents-millions-how-the-trumps-are-turning-the-presidency-into-riches
2025-11-30 14:44:36,884 - INFO - [The Guardian] Attempt 1/1: Trying with 'requests_browser' strategy...
2025-11-30 14:44:36,946 - INFO - [The Guardian] Success with 'requests_browser'. Found content (2453 words).
2025-11-30 14:44:37,023 - INFO - Duplicate article skipped: All the president’s millions: how the Trumps are turning the presidency into riches | Donald Trump | The Guardian from The Guardian
2025-11-30 14:44:37,076 - INFO - [Times of India] Page content loaded.
2025-11-30 14:44:37,266 - INFO - [The Hindu] Page content loaded.
2025-11-30 14:44:37,368 - INFO - [Times of India] Success with 'selenium_browser'. Found content (431 words).
2025-11-30 14:44:37,495 - INFO - Duplicate article skipped: ‘I use the plane less than my predecessors’: Kash Patel defends himself over claims he used an FBI jet to see his girlfriend | World News - The Times of India from Times of India
2025-11-30 14:44:37,498 - INFO - [The Hindu] Success with 'selenium_browser'. Found content (169 words).
2025-11-30 14:44:37,813 - INFO - [BBC] Article: https://www.bbc.com/news/articles/c4g6we59qe4o?at_medium=RSS&at_campaign=rss
2025-11-30 14:44:37,813 - INFO - [BBC] Attempt 1/1: Trying with 'requests_browser' strategy...
2025-11-30 14:44:38,315 - INFO - [The Guardian] Article: https://www.theguardian.com/news/2025/nov/30/anger-mounts-in-hong-kong-over-apartment-fires-as-beijing-warns-against-anti-china-disruptors
2025-11-30 14:44:38,316 - INFO - [The Guardian] Attempt 1/1: Trying with 'requests_browser' strategy...
2025-11-30 14:44:38,382 - INFO - [BBC] Success with 'requests_browser'. Found content (1841 words).
2025-11-30 14:44:38,438 - INFO - [The Guardian] Success with 'requests_browser'. Found content (560 words).
2025-11-30 14:44:38,872 - INFO - [Times of India] Article: https://timesofindia.indiatimes.com/etimes/trending/the-sun-has-disappeared-from-this-american-town-and-wont-return-until-next-year/articleshow/125672532.cms
2025-11-30 14:44:38,872 - INFO - [Times of India] Attempt 1/1: Trying with 'selenium_browser' strategy...
2025-11-30 14:44:41,135 - INFO - [Times of India] Page content loaded.
2025-11-30 14:44:41,289 - INFO - [Times of India] Success with 'selenium_browser'. Found content (984 words).
2025-11-30 14:44:52,240 - INFO - Saved article: KLU student shoots gold at Khelo India University Games - The Hindu from The Hindu
2025-11-30 14:44:52,240 - INFO - Duplicate article skipped: Nigeria's kidnapping crisis: 'Too scared to speak' - villagers on living in the midst of bandits from BBC
2025-11-30 14:44:52,240 - INFO - Duplicate article skipped: Anger mounts in Hong Kong over apartment fires as Beijing warns against ‘anti-China disruptors’ | Hong Kong apartment fires | The Guardian from The Guardian
2025-11-30 14:44:52,240 - INFO - Duplicate article skipped: The Sun has disappeared from this American town and won’t return until next year | - The Times of India from Times of India
2025-11-30 14:44:53,099 - INFO - [Times of India] Article: https://timesofindia.indiatimes.com/world/pakistan/reflects-political-bias-misinformation-pak-brazens-it-out-criticises-un-top-official-for-remarks-on-27th-constitutional-amendment/articleshow/125671389.cms
2025-11-30 14:44:53,099 - INFO - [Times of India] Attempt 1/1: Trying with 'selenium_browser' strategy...
2025-11-30 14:44:53,193 - INFO - [BBC] Article: https://www.bbc.com/news/articles/c2465lndrnno?at_medium=RSS&at_campaign=rss
2025-11-30 14:44:53,193 - INFO - [BBC] Attempt 1/1: Trying with 'requests_browser' strategy...
2025-11-30 14:44:53,237 - INFO - [BBC] Success with 'requests_browser'. Found content (1355 words).
2025-11-30 14:44:53,278 - INFO - Duplicate article skipped: Will new warning labels in Ireland turn people away from alcohol? from BBC
2025-11-30 14:44:53,400 - INFO - [The Hindu] Article: https://www.thehindu.com/news/national/kerala/olympic-venue-100-benefit-of-central-projects-for-the-city-tall-promises-in-bjps-manifesto-for-thiruvananthapuram-corporation-election/article70342144.ece
2025-11-30 14:44:53,400 - INFO - [The Hindu] Attempt 1/1: Trying with 'selenium_browser' strategy...
2025-11-30 14:44:53,721 - INFO - [The Guardian] Article: https://www.theguardian.com/australia-news/2025/dec/01/gen-z-suicide-self-harm-more-other-generations
2025-11-30 14:44:53,721 - INFO - [The Guardian] Attempt 1/1: Trying with 'requests_browser' strategy...
2025-11-30 14:44:53,963 - INFO - [The Guardian] Success with 'requests_browser'. Found content (732 words).
2025-11-30 14:44:54,053 - INFO - Duplicate article skipped: Gen Z Australians are attempting suicide and self-harming more than previous generations, study finds | Health | The Guardian from The Guardian
2025-11-30 14:44:54,184 - INFO - [BBC] Article: https://www.bbc.com/news/articles/c5yq6g1gv4jo?at_medium=RSS&at_campaign=rss
2025-11-30 14:44:54,184 - INFO - [BBC] Attempt 1/1: Trying with 'requests_browser' strategy...
2025-11-30 14:44:54,250 - INFO - [BBC] Success with 'requests_browser'. Found content (1317 words).
2025-11-30 14:44:54,327 - INFO - Duplicate article skipped: Israel Gaza war: Why I spend hours painstakingly repairing banknotes from BBC
2025-11-30 14:44:54,857 - INFO - [The Hindu] Page content loaded.
2025-11-30 14:44:55,016 - INFO - [The Hindu] Success with 'selenium_browser'. Found content (352 words).
2025-11-30 14:44:55,050 - INFO - [The Guardian] Article: https://www.theguardian.com/australia-news/2025/dec/01/senior-queensland-police-defended-detectives-victim-blaming-comments-hannah-clarke-murder
2025-11-30 14:44:55,051 - INFO - [The Guardian] Attempt 1/1: Trying with 'requests_browser' strategy...
2025-11-30 14:44:55,081 - INFO - [BBC] Article: https://www.bbc.com/news/articles/cz0nljm4y74o?at_medium=RSS&at_campaign=rss
2025-11-30 14:44:55,081 - INFO - [BBC] Attempt 1/1: Trying with 'requests_browser' strategy...
2025-11-30 14:44:55,319 - INFO - [BBC] Success with 'requests_browser'. Found content (844 words).
2025-11-30 14:44:55,379 - INFO - [The Guardian] Success with 'requests_browser'. Found content (932 words).
2025-11-30 14:44:59,707 - INFO - [Times of India] Page content loaded.
2025-11-30 14:45:00,181 - INFO - [Times of India] Success with 'selenium_browser'. Found content (378 words).
2025-11-30 14:45:09,337 - INFO - Saved article: Olympic venue, ‘100% benefit’ of Central projects for Thiruvananthapuram city: tall promises in BJP’s manifesto for Corporation election - The Hindu from The Hindu
2025-11-30 14:45:09,338 - INFO - Duplicate article skipped: Andriy Yermak: How Zelensky's right-hand man fell from power from BBC
2025-11-30 14:45:09,341 - INFO - Duplicate article skipped: ‘Victim blaming’ comments after Hannah Clarke murders were part of botched police media strategy | Australian police and policing | The Guardian from The Guardian
2025-11-30 14:45:09,344 - INFO - Duplicate article skipped: 'Reflects political bias, misinformation': Pak brazens it out; criticises UN top official for remarks on 27th constitutional amendment - The Times of India from Times of India
2025-11-30 14:45:09,966 - INFO - [The Guardian] Article: https://www.theguardian.com/australia-news/live/2025/nov/30/australia-news-live-jetstar-flights-resume-anthony-albanese-sussan-ley-labor-part-coalition-melbourne-metro-tunnel-ntwnfb
2025-11-30 14:45:09,966 - INFO - [The Guardian] Attempt 1/1: Trying with 'requests_browser' strategy...
2025-11-30 14:45:10,214 - INFO - [The Guardian] Success with 'requests_browser'. Found content (2440 words).
2025-11-30 14:45:10,300 - INFO - [The Hindu] Article: https://www.thehindu.com/news/national/kerala/legendary-tusker-guruvayur-keshavan-remembered/article70342230.ece
2025-11-30 14:45:10,305 - INFO - [The Hindu] Attempt 1/1: Trying with 'selenium_browser' strategy...
2025-11-30 14:45:10,318 - INFO - Duplicate article skipped: Ley says Coalition’s migration principles will include ‘issues around language and values’ – as it happened | Australia news | The Guardian from The Guardian
2025-11-30 14:45:10,775 - INFO - [Times of India] Article: https://timesofindia.indiatimes.com/world/middle-east/uae-revamps-lottery-rules-now-you-can-play-weekly-and-win-up-to-dh30-million/articleshow/125671257.cms
2025-11-30 14:45:10,775 - INFO - [Times of India] Attempt 1/1: Trying with 'selenium_browser' strategy...
2025-11-30 14:45:11,488 - INFO - [The Guardian] Article: https://www.theguardian.com/environment/2025/nov/30/rising-tide-protest-climate-activists-stop-three-ships-from-entering-worlds-largest-coal-port-in-newcastle
2025-11-30 14:45:11,488 - INFO - [The Guardian] Attempt 1/1: Trying with 'requests_browser' strategy...
2025-11-30 14:45:11,606 - INFO - [The Guardian] Success with 'requests_browser'. Found content (847 words).
2025-11-30 14:45:11,638 - INFO - [The Hindu] Page content loaded.
2025-11-30 14:45:11,707 - INFO - Duplicate article skipped: Rising Tide protest: climate activists stop three ships from entering world’s largest coal port in Newcastle | Newcastle and the Hunter | The Guardian from The Guardian
2025-11-30 14:45:11,757 - INFO - [The Hindu] Success with 'selenium_browser'. Found content (293 words).
2025-11-30 14:45:12,973 - INFO - [The Guardian] Article: https://www.theguardian.com/australia-news/2025/nov/30/couple-from-kazakhstan-allegedly-used-hidden-camera-and-earpieces-to-win-118m-from-sydneys-crown-casino
2025-11-30 14:45:12,973 - INFO - [The Guardian] Attempt 1/1: Trying with 'requests_browser' strategy...
2025-11-30 14:45:13,164 - INFO - [The Guardian] Success with 'requests_browser'. Found content (361 words).
2025-11-30 14:45:13,815 - INFO - [Times of India] Page content loaded.
2025-11-30 14:45:14,099 - INFO - [Times of India] Success with 'selenium_browser'. Found content (524 words).
2025-11-30 14:45:24,882 - INFO - Saved article: Legendary tusker Guruvayur Kesavan remembered - The Hindu from The Hindu
2025-11-30 14:45:24,882 - INFO - Duplicate article skipped: Couple from Kazakhstan allegedly used hidden camera and earpieces to win $1.18m from Sydney’s Crown casino | Gambling | The Guardian from The Guardian
2025-11-30 14:45:24,882 - INFO - Duplicate article skipped: UAE revamps lottery rules: Now you can play weekly and win up to Dh30 million | World News - The Times of India from Times of India
2025-11-30 14:45:25,643 - INFO - [The Hindu] Article: https://www.thehindu.com/news/national/karnataka/veteran-kannada-actor-umesh-passes-away/article70341891.ece
2025-11-30 14:45:25,643 - INFO - [The Hindu] Attempt 1/1: Trying with 'selenium_browser' strategy...
2025-11-30 14:45:26,066 - INFO - [Times of India] Article: https://timesofindia.indiatimes.com/world/middle-east/uae-announces-rise-in-fuel-prices-for-december-2025-new-petrol-and-diesel-rates-explained/articleshow/125670749.cms
2025-11-30 14:45:26,066 - INFO - [Times of India] Attempt 1/1: Trying with 'selenium_browser' strategy...
2025-11-30 14:45:27,614 - INFO - [Times of India] Page content loaded.
2025-11-30 14:45:27,817 - INFO - [Times of India] Success with 'selenium_browser'. Found content (286 words).
2025-11-30 14:45:27,926 - INFO - Duplicate article skipped: UAE announces rise in fuel prices for December 2025 - New petrol and diesel rates explained | World News - The Times of India from Times of India
2025-11-30 14:45:29,007 - INFO - [Times of India] Article: https://timesofindia.indiatimes.com/science/how-africa-may-become-earths-next-ocean-basin-in-5-to-10-million-years-giving-birth-to-a-new-ocean/articleshow/125663914.cms
2025-11-30 14:45:29,007 - INFO - [Times of India] Attempt 1/1: Trying with 'selenium_browser' strategy...
2025-11-30 14:45:30,377 - INFO - [Times of India] Page content loaded.
2025-11-30 14:45:30,501 - INFO - [Times of India] Success with 'selenium_browser'. Found content (852 words).
2025-11-30 14:45:30,564 - INFO - Duplicate article skipped: How Africa may become Earth’s next ocean basin in 5 to 10 million years giving birth to a new ocean | - The Times of India from Times of India
2025-11-30 14:45:31,709 - INFO - [Times of India] Article: https://timesofindia.indiatimes.com/world/middle-east/uae-drivers-license-2025-which-countries-can-skip-the-test-and-drive-with-their-home-license/articleshow/125670342.cms
2025-11-30 14:45:31,709 - INFO - [Times of India] Attempt 1/1: Trying with 'selenium_browser' strategy...
2025-11-30 14:45:32,709 - INFO - [Times of India] Page content loaded.
2025-11-30 14:45:32,833 - INFO - [Times of India] Success with 'selenium_browser'. Found content (1264 words).
2025-11-30 14:45:32,907 - INFO - Duplicate article skipped: UAE Driver’s License 2025: Which countries can skip the test and drive with their home license? | World News - The Times of India from Times of India
2025-11-30 14:45:34,134 - INFO - [Times of India] Article: https://timesofindia.indiatimes.com/world/europe/swiss-vote-on-compulsory-civic-duty-climate-tax-for-super-rich/articleshow/125669403.cms
2025-11-30 14:45:34,134 - INFO - [Times of India] Attempt 1/1: Trying with 'selenium_browser' strategy...
2025-11-30 14:45:36,196 - INFO - [The Hindu] Page content loaded.
2025-11-30 14:45:36,362 - INFO - [The Hindu] Success with 'selenium_browser'. Found content (366 words).
2025-11-30 14:45:38,741 - INFO - [Times of India] Page content loaded.
2025-11-30 14:45:39,145 - INFO - [Times of India] Success with 'selenium_browser'. Found content (540 words).
2025-11-30 14:45:54,655 - INFO - Saved article: Veteran Kannada actor Umesh passes away - The Hindu from The Hindu
2025-11-30 14:45:54,655 - INFO - Duplicate article skipped: Swiss vote on compulsory civic duty, climate tax for super-rich - The Times of India from Times of India
2025-11-30 14:45:55,437 - INFO - [The Hindu] Article: https://www.thehindu.com/news/national/andhra-pradesh/ap-jac-amaravati-leaders-seek-timely-settlement-of-pending-dues/article70341820.ece
2025-11-30 14:45:55,437 - INFO - [The Hindu] Attempt 1/1: Trying with 'selenium_browser' strategy...
2025-11-30 14:45:56,003 - INFO - [Times of India] Article: https://timesofindia.indiatimes.com/world/us/irresponsible-dangerous-fda-memo-links-covid-shots-to-children-deaths-proposes-new-vaccine-rules/articleshow/125668221.cms
2025-11-30 14:45:56,004 - INFO - [Times of India] Attempt 1/1: Trying with 'selenium_browser' strategy...
2025-11-30 14:45:56,295 - INFO - [The Hindu] Page content loaded.
2025-11-30 14:45:56,518 - INFO - [The Hindu] Success with 'selenium_browser'. Found content (272 words).
2025-11-30 14:46:03,462 - INFO - [Times of India] Page content loaded.
2025-11-30 14:46:03,821 - INFO - [Times of India] Success with 'selenium_browser'. Found content (463 words).
2025-11-30 14:46:11,471 - INFO - Saved article: AP JAC Amaravati leaders seek timely settlement of pending dues - The Hindu from The Hindu
2025-11-30 14:46:11,471 - INFO - Duplicate article skipped: 'Irresponsible, dangerous': FDA memo links Covid shots to children deaths; proposes new vaccine rules - The Times of India from Times of India
2025-11-30 14:46:12,397 - INFO - [The Hindu] Article: https://www.thehindu.com/news/national/kerala/decomposed-body-suspected-to-be-of-missing-bengaluru-man-recovered-from-kalamassery/article70342005.ece
2025-11-30 14:46:12,398 - INFO - [The Hindu] Attempt 1/1: Trying with 'selenium_browser' strategy...
2025-11-30 14:46:12,462 - INFO - [Times of India] Article: https://timesofindia.indiatimes.com/world/middle-east/uae-is-changing-key-tax-rules-from-january-2026-heres-what-it-means-for-you/articleshow/125668742.cms
2025-11-30 14:46:12,462 - INFO - [Times of India] Attempt 1/1: Trying with 'selenium_browser' strategy...
2025-11-30 14:46:13,616 - INFO - [The Hindu] Page content loaded.
2025-11-30 14:46:13,814 - INFO - [Times of India] Page content loaded.
2025-11-30 14:46:13,833 - INFO - [The Hindu] Success with 'selenium_browser'. Found content (290 words).
2025-11-30 14:46:14,223 - INFO - [Times of India] Success with 'selenium_browser'. Found content (899 words).
2025-11-30 14:46:27,830 - INFO - Saved article: Decomposed body, suspected to be of missing Bengaluru man, recovered from Kalamassery - The Hindu from The Hindu
2025-11-30 14:46:27,830 - INFO - Duplicate article skipped: UAE is changing key tax rules from January 2026 — here’s what it means for you | World News - The Times of India from Times of India
2025-11-30 14:46:28,343 - INFO - [Times of India] Article: https://timesofindia.indiatimes.com/world/middle-east/dubai-telecom-giant-offers-54gb-free-data-for-uae-54th-national-day/articleshow/125668394.cms
2025-11-30 14:46:28,343 - INFO - [Times of India] Attempt 1/1: Trying with 'selenium_browser' strategy...
2025-11-30 14:46:28,493 - INFO - [The Hindu] Article: https://www.thehindu.com/news/national/andhra-pradesh/chittoor-braces-for-cyclone-ditwah-impact/article70341993.ece
2025-11-30 14:46:28,493 - INFO - [The Hindu] Attempt 1/1: Trying with 'selenium_browser' strategy...
2025-11-30 14:46:29,727 - INFO - [The Hindu] Page content loaded.
2025-11-30 14:46:29,916 - INFO - [The Hindu] Success with 'selenium_browser'. Found content (226 words).
2025-11-30 14:46:30,752 - INFO - [Times of India] Page content loaded.
2025-11-30 14:46:31,257 - INFO - [Times of India] Success with 'selenium_browser'. Found content (624 words).
2025-11-30 14:46:43,287 - INFO - Saved article: Chittoor braces for cyclone Ditwah impact - The Hindu from The Hindu
2025-11-30 14:46:43,288 - INFO - Duplicate article skipped: Dubai telecom giant offers 54GB free data for UAE 54th National Day | World News - The Times of India from Times of India
2025-11-30 14:46:43,869 - INFO - [The Hindu] Article: https://www.thehindu.com/news/national/andhra-pradesh/tourism-minister-to-showcase-aps-potential-at-cii-big-picture-summit-2025-in-mumbai/article70341999.ece
2025-11-30 14:46:43,869 - INFO - [The Hindu] Attempt 1/1: Trying with 'selenium_browser' strategy...
2025-11-30 14:46:44,540 - INFO - [Times of India] Article: https://timesofindia.indiatimes.com/world/rest-of-world/malaysia-custody-deaths-over-300-migrants-died-since-2020-raids-intensify-on-illegal-immigrants/articleshow/125668158.cms
2025-11-30 14:46:44,540 - INFO - [Times of India] Attempt 1/1: Trying with 'selenium_browser' strategy...
2025-11-30 14:46:44,988 - INFO - [The Hindu] Page content loaded.
2025-11-30 14:46:45,087 - INFO - [The Hindu] Success with 'selenium_browser'. Found content (219 words).
2025-11-30 14:46:46,539 - INFO - [Times of India] Page content loaded.
2025-11-30 14:46:47,289 - INFO - [Times of India] Success with 'selenium_browser'. Found content (599 words).
2025-11-30 14:46:58,902 - INFO - Saved article: Tourism Minister to showcase A.P.’s potential at ‘CII Big Picture Summit-2025’ in Mumbai - The Hindu from The Hindu
2025-11-30 14:46:58,902 - INFO - Duplicate article skipped: Malaysia custody deaths: Over 300 migrants died since 2020; raids intensify on illegal immigrants - The Times of India from Times of India
2025-11-30 14:46:59,758 - INFO - [Times of India] Article: https://timesofindia.indiatimes.com/world/rest-of-world/congo-disaster-boat-capsizes-on-lake-mai-ndombe-due-to-violent-winds-20-dead/articleshow/125668175.cms
2025-11-30 14:46:59,758 - INFO - [Times of India] Attempt 1/1: Trying with 'selenium_browser' strategy...
2025-11-30 14:47:00,214 - INFO - [The Hindu] Article: https://www.thehindu.com/news/national/andhra-pradesh/ntr-bharosa-pensions-to-be-delivered-at-homes-in-eluru-on-december-1/article70341850.ece
2025-11-30 14:47:00,214 - INFO - [The Hindu] Attempt 1/1: Trying with 'selenium_browser' strategy...
2025-11-30 14:47:01,188 - INFO - [Times of India] Page content loaded.
2025-11-30 14:47:01,394 - INFO - [Times of India] Success with 'selenium_browser'. Found content (204 words).
2025-11-30 14:47:01,492 - INFO - Duplicate article skipped: Congo disaster: Boat capsizes on Lake Mai-Ndombe due to violent winds; 20 dead - The Times of India from Times of India
2025-11-30 14:47:01,855 - INFO - [The Hindu] Page content loaded.
2025-11-30 14:47:01,960 - INFO - [The Hindu] Success with 'selenium_browser'. Found content (202 words).
2025-11-30 14:47:02,322 - INFO - [Times of India] Article: https://timesofindia.indiatimes.com/world/us/donald-trumps-childhood-home-up-for-sale-queens-house-hits-market-again-at-2-3-million-know-all-about-the-tudor-style-property/articleshow/125668187.cms
2025-11-30 14:47:02,322 - INFO - [Times of India] Attempt 1/1: Trying with 'selenium_browser' strategy...
2025-11-30 14:47:06,081 - INFO - [Times of India] Page content loaded.
2025-11-30 14:47:06,284 - INFO - [Times of India] Success with 'selenium_browser'. Found content (346 words).
2025-11-30 14:47:19,329 - INFO - DEDUPLICATION: Found match (Score: 0.82). Linking to Cluster ID: 1416e212-222f-43e3-b499-39bd445dded5
2025-11-30 14:47:19,331 - INFO - Saved article: NTR Bharosa pensions to be delivered at homes in Eluru on December 1 - The Hindu from The Hindu
2025-11-30 14:47:19,332 - INFO - Duplicate article skipped: Donald Trump’s childhood home up for sale: Queens house hits market again at $2.3 million - know all about the Tudor-style property - The Times of India from Times of India
2025-11-30 14:47:19,927 - INFO - [The Hindu] Article: https://www.thehindu.com/news/national/karnataka/four-tiger-cubs-captured-reunited-with-mother/article70342280.ece
2025-11-30 14:47:19,927 - INFO - [The Hindu] Attempt 1/1: Trying with 'selenium_browser' strategy...
2025-11-30 14:47:20,690 - INFO - [Times of India] Article: https://timesofindia.indiatimes.com/world/rest-of-world/nigeria-12-abducted-borno-woman-and-girls-released/articleshow/125668218.cms
2025-11-30 14:47:20,690 - INFO - [Times of India] Attempt 1/1: Trying with 'selenium_browser' strategy...
2025-11-30 14:47:21,379 - INFO - [The Hindu] Page content loaded.
2025-11-30 14:47:21,524 - INFO - [The Hindu] Success with 'selenium_browser'. Found content (154 words).
2025-11-30 14:47:36,423 - INFO - Saved article: Four tiger cubs captured, reunited with mother - The Hindu from The Hindu
2025-11-30 14:47:37,485 - INFO - [The Hindu] Article: https://www.thehindu.com/news/national/kerala/nearly-75-of-sir-digitisation-complete-in-ernakulam/article70341839.ece
2025-11-30 14:47:37,485 - INFO - [The Hindu] Attempt 1/1: Trying with 'selenium_browser' strategy...
2025-11-30 14:47:38,409 - INFO - [The Hindu] Page content loaded.
2025-11-30 14:47:38,611 - INFO - [The Hindu] Success with 'selenium_browser'. Found content (482 words).
2025-11-30 14:47:40,309 - INFO - [Times of India] Page content loaded.
2025-11-30 14:47:41,052 - INFO - [Times of India] Success with 'selenium_browser'. Found content (340 words).
2025-11-30 14:47:52,346 - INFO - DEDUPLICATION: Found match (Score: 0.78). Linking to Cluster ID: fe04ed92-a99c-4340-a064-c594b40974d9
2025-11-30 14:47:52,348 - INFO - Saved article: Nearly 75% of SIR digitisation complete in Ernakulam - The Hindu from The Hindu
2025-11-30 14:47:52,349 - INFO - Duplicate article skipped: Nigeria: 12 abducted Borno woman and girls released - The Times of India from Times of India
2025-11-30 14:47:53,216 - INFO - [The Hindu] Article: https://www.thehindu.com/news/cities/Coimbatore/book-documenting-karikiyoor-rock-art-site-will-be-released-soon-minister/article70341245.ece
2025-11-30 14:47:53,216 - INFO - [The Hindu] Attempt 1/1: Trying with 'selenium_browser' strategy...
2025-11-30 14:47:53,609 - INFO - [Times of India] Article: https://timesofindia.indiatimes.com/world/us/white-house-launches-tracker-to-call-out-media-offenders/articleshow/125668235.cms
2025-11-30 14:47:53,609 - INFO - [Times of India] Attempt 1/1: Trying with 'selenium_browser' strategy...
2025-11-30 14:47:54,596 - INFO - [The Hindu] Page content loaded.
2025-11-30 14:47:54,697 - INFO - [The Hindu] Success with 'selenium_browser'. Found content (394 words).
2025-11-30 14:47:55,090 - INFO - [Times of India] Page content loaded.
2025-11-30 14:47:55,549 - INFO - [Times of India] Success with 'selenium_browser'. Found content (471 words).
2025-11-30 14:47:57,008 - CRITICAL - --- TIMEOUT: 2 scrape jobs did not complete in 300s. ---
2025-11-30 14:47:57,008 - ERROR - A thread has timed out and will be abandoned.
2025-11-30 14:47:57,008 - ERROR - A thread has timed out and will be abandoned.
2025-11-30 14:47:57,008 - INFO - Shutting down thread pool (wait=False)...
2025-11-30 14:47:57,008 - INFO - Scraped: 0 BBC, 2 The Guardian, 2 Timed_Out_Jobs articles. (Total saved: 2)
2025-11-30 14:47:57,008 - INFO - --- Scraping job finished ---
2025-11-30 14:47:57,009 - INFO - --- Scraper service stopped and database connection closed. ---
2025-11-30 14:47:57,009 - INFO - --- Main thread finished. Forcing process exit to kill zombie threads. ---
