2025-12-04 04:53:15,666 - INFO - Loading AI Semantic Model (all-MiniLM-L6-v2)...
2025-12-04 04:53:15,667 - INFO - Use pytorch device_name: cpu
2025-12-04 04:53:15,667 - INFO - Load pretrained SentenceTransformer: all-MiniLM-L6-v2
2025-12-04 04:53:16,405 - INFO - AI Model loaded successfully.
2025-12-04 04:53:16,405 - INFO - Initializing database connection at: news_articles.db
2025-12-04 04:53:16,405 - INFO - --- Scraper service started (CI Mode: Run Once) ---
2025-12-04 04:53:16,405 - INFO - --- Starting new scraping job (Parallel Mode) ---
2025-12-04 04:53:16,405 - INFO - Creating new robust session with 3 retries on 5xx/connection/read errors.
2025-12-04 04:53:16,406 - INFO - Proxy is DISABLED.
2025-12-04 04:53:16,406 - INFO - Starting scrape for BBC RSS feed: http://feeds.bbci.co.uk/news/world/rss.xml
2025-12-04 04:53:16,407 - INFO - [Times of India] (Thread) requires Selenium. Initializing driver...
2025-12-04 04:53:16,407 - INFO - Initializing headless Selenium Chrome driver (using SeleniumManager)...
2025-12-04 04:53:16,407 - INFO - Starting scrape for The Guardian RSS feed: https://www.theguardian.com/world/rss
2025-12-04 04:53:16,409 - INFO - [The Hindu] (Thread) requires Selenium. Initializing driver...
2025-12-04 04:53:16,409 - INFO - Initializing headless Selenium Chrome driver (using SeleniumManager)...
2025-12-04 04:53:16,409 - INFO - Submitted 4 jobs to thread pool. Waiting up to 300s for completion...
2025-12-04 04:53:16,534 - INFO - Found 45 articles in The Guardian RSS feed. Processing up to 20.
2025-12-04 04:53:16,536 - INFO - [The Guardian] Article: https://www.theguardian.com/uk-news/2025/dec/03/british-troops-accused-of-human-rights-violations-environmental-destruction-and-sexual-abuse-in-kenya
2025-12-04 04:53:16,536 - INFO - [The Guardian] Attempt 1/1: Trying with 'requests_browser' strategy...
2025-12-04 04:53:16,567 - INFO - [The Guardian] Success with 'requests_browser'. Found content (772 words).
2025-12-04 04:53:16,620 - INFO - Duplicate article skipped: British troops accused of human rights violations and sexual abuse in Kenya | British army | The Guardian from The Guardian
2025-12-04 04:53:16,623 - INFO - Found 37 articles in BBC RSS feed. Processing up to 20.
2025-12-04 04:53:16,623 - INFO - [BBC] Article: https://www.bbc.com/news/articles/c7731n5z6d3o?at_medium=RSS&at_campaign=rss
2025-12-04 04:53:16,623 - INFO - [BBC] Attempt 1/1: Trying with 'requests_browser' strategy...
2025-12-04 04:53:17,000 - INFO - [BBC] Success with 'requests_browser'. Found content (1064 words).
2025-12-04 04:53:17,037 - INFO - Duplicate article skipped: Ukraine and US negotiators to meet in Florida after Moscow talks, White House says from BBC
2025-12-04 04:53:17,382 - INFO - [The Guardian] Article: https://www.theguardian.com/global-development/2025/dec/03/whistleblower-accuses-foreign-office-of-censoring-warning-of-sudan-genocide
2025-12-04 04:53:17,382 - INFO - [The Guardian] Attempt 1/1: Trying with 'requests_browser' strategy...
2025-12-04 04:53:17,413 - INFO - [The Guardian] Success with 'requests_browser'. Found content (1465 words).
2025-12-04 04:53:17,458 - INFO - Duplicate article skipped: Whistleblower accuses Foreign Office of ‘censoring’ warning of Sudan genocide | Global development | The Guardian from The Guardian
2025-12-04 04:53:18,154 - INFO - [The Guardian] Article: https://www.theguardian.com/us-news/2025/dec/02/trump-somali-immigrants-minnesota
2025-12-04 04:53:18,154 - INFO - [The Guardian] Attempt 1/1: Trying with 'requests_browser' strategy...
2025-12-04 04:53:18,175 - INFO - [The Guardian] Success with 'requests_browser'. Found content (473 words).
2025-12-04 04:53:18,208 - INFO - Duplicate article skipped: Trump calls Somali immigrants ‘garbage’ as US reportedly targets Minnesota community | Trump administration | The Guardian from The Guardian
2025-12-04 04:53:18,288 - INFO - [BBC] Article: https://www.bbc.com/news/articles/cpq4e21nr5vo?at_medium=RSS&at_campaign=rss
2025-12-04 04:53:18,288 - INFO - [BBC] Attempt 1/1: Trying with 'requests_browser' strategy...
2025-12-04 04:53:18,316 - INFO - [BBC] Success with 'requests_browser'. Found content (438 words).
2025-12-04 04:53:18,349 - INFO - Duplicate article skipped: What latest Ukraine talks reveal about Putin's state of mind from BBC
2025-12-04 04:53:19,023 - INFO - [BBC] Article: https://www.bbc.com/news/articles/cpwk7xen544o?at_medium=RSS&at_campaign=rss
2025-12-04 04:53:19,023 - INFO - [BBC] Attempt 1/1: Trying with 'requests_browser' strategy...
2025-12-04 04:53:19,317 - INFO - [The Guardian] Article: https://www.theguardian.com/world/2025/dec/01/south-africans-court-alleged-recruitment-russia-war-ukraine
2025-12-04 04:53:19,317 - INFO - [The Guardian] Attempt 1/1: Trying with 'requests_browser' strategy...
2025-12-04 04:53:19,344 - INFO - [The Guardian] Success with 'requests_browser'. Found content (506 words).
2025-12-04 04:53:19,391 - INFO - Duplicate article skipped: Five South Africans in court over alleged recruitment for Russia’s war in Ukraine | South Africa | The Guardian from The Guardian
2025-12-04 04:53:19,576 - INFO - [BBC] Success with 'requests_browser'. Found content (668 words).
2025-12-04 04:53:19,732 - INFO - Duplicate article skipped: Israel says Rafah crossing to open soon to let Gazans leave via Egypt from BBC
2025-12-04 04:53:20,172 - INFO - [The Guardian] Article: https://www.theguardian.com/global-development/2025/dec/01/global-health-hiv-aids-funding-cuts-infections-prevention
2025-12-04 04:53:20,172 - INFO - [The Guardian] Attempt 1/1: Trying with 'requests_browser' strategy...
2025-12-04 04:53:20,196 - INFO - [The Guardian] Success with 'requests_browser'. Found content (674 words).
2025-12-04 04:53:20,236 - INFO - Duplicate article skipped: Aid cuts have shaken HIV/Aids care to its core – and will mean millions more infections ahead | Global health | The Guardian from The Guardian
2025-12-04 04:53:20,263 - INFO - [BBC] Article: https://www.bbc.com/news/articles/c2lvzrve5lqo?at_medium=RSS&at_campaign=rss
2025-12-04 04:53:20,263 - INFO - [BBC] Attempt 1/1: Trying with 'requests_browser' strategy...
2025-12-04 04:53:20,474 - INFO - [BBC] Success with 'requests_browser'. Found content (292 words).
2025-12-04 04:53:20,510 - INFO - Duplicate article skipped: Federica Mogherini: Former EU top diplomat accused in fraud investigation from BBC
2025-12-04 04:53:21,128 - INFO - [BBC] Article: https://www.bbc.com/news/articles/c62lv79p0pdo?at_medium=RSS&at_campaign=rss
2025-12-04 04:53:21,128 - INFO - [BBC] Attempt 1/1: Trying with 'requests_browser' strategy...
2025-12-04 04:53:21,189 - INFO - [The Guardian] Article: https://www.theguardian.com/us-news/2025/dec/03/epstein-caribbean-island-new-photo-video-release
2025-12-04 04:53:21,189 - INFO - [The Guardian] Attempt 1/1: Trying with 'requests_browser' strategy...
2025-12-04 04:53:21,212 - INFO - [The Guardian] Success with 'requests_browser'. Found content (373 words).
2025-12-04 04:53:21,249 - INFO - Duplicate article skipped: House Democrats release new images of Epstein’s private Caribbean island | Jeffrey Epstein | The Guardian from The Guardian
2025-12-04 04:53:21,434 - INFO - [BBC] Success with 'requests_browser'. Found content (482 words).
2025-12-04 04:53:21,472 - INFO - Duplicate article skipped: Hong Kong orders removal of scaffolding mesh after deadly blaze from BBC
2025-12-04 04:53:21,975 - INFO - [BBC] Article: https://www.bbc.com/news/articles/cd6x2j4g3z7o?at_medium=RSS&at_campaign=rss
2025-12-04 04:53:21,975 - INFO - [BBC] Attempt 1/1: Trying with 'requests_browser' strategy...
2025-12-04 04:53:22,337 - INFO - [The Guardian] Article: https://www.theguardian.com/world/2025/dec/03/colombia-trump-warning-military-threat
2025-12-04 04:53:22,337 - INFO - [The Guardian] Attempt 1/1: Trying with 'requests_browser' strategy...
2025-12-04 04:53:22,361 - INFO - [The Guardian] Success with 'requests_browser'. Found content (612 words).
2025-12-04 04:53:22,401 - INFO - Duplicate article skipped: Colombia’s president warns Trump: ‘Do not wake the jaguar’ with threats of military strikes | Colombia | The Guardian from The Guardian
2025-12-04 04:53:22,794 - INFO - [BBC] Success with 'requests_browser'. Found content (394 words).
2025-12-04 04:53:22,831 - INFO - Duplicate article skipped: Israel receives coffin that Hamas says contains Gaza hostage's body from BBC
2025-12-04 04:53:23,034 - INFO - [The Guardian] Article: https://www.theguardian.com/us-news/live/2025/dec/02/donald-trump-pete-hegseth-boat-venezuela-maduro-tennessee-us-politics-live-news-updates
2025-12-04 04:53:23,034 - INFO - [The Guardian] Attempt 1/1: Trying with 'requests_browser' strategy...
2025-12-04 04:53:23,392 - INFO - [The Guardian] Success with 'requests_browser'. Found content (4155 words).
2025-12-04 04:53:23,462 - INFO - [BBC] Article: https://www.bbc.com/news/articles/c208x9v68w3o?at_medium=RSS&at_campaign=rss
2025-12-04 04:53:23,467 - INFO - [BBC] Attempt 1/1: Trying with 'requests_browser' strategy...
2025-12-04 04:53:23,487 - INFO - Duplicate article skipped: Pete Hegseth says he ‘didn’t stick around’ to watch second strike on alleged drug boat as Democrats slam administration over attacks – as it happened | Trump administration | The Guardian from The Guardian
2025-12-04 04:53:23,593 - INFO - [BBC] Success with 'requests_browser'. Found content (1092 words).
2025-12-04 04:53:23,634 - INFO - Duplicate article skipped: Trump says he doesn't want Somalis in US as ICE plans operation from BBC
2025-12-04 04:53:23,745 - INFO - Selenium driver initialized successfully.
2025-12-04 04:53:23,745 - INFO - Starting scrape for Times of India RSS feed: https://timesofindia.indiatimes.com/rssfeeds/296589292.cms
2025-12-04 04:53:23,746 - INFO - Selenium driver initialized successfully.
2025-12-04 04:53:23,746 - INFO - Starting scrape for The Hindu RSS feed: https://www.thehindu.com/news/national/feeder/default.rss
2025-12-04 04:53:23,875 - INFO - Found 20 articles in Times of India RSS feed. Processing up to 20.
2025-12-04 04:53:23,875 - INFO - [Times of India] Article: https://timesofindia.indiatimes.com/world/us/human-rights-crisis-in-pakistan-over-40-lawmakers-write-to-us-secretary-of-state-marco-rubio-express-concern-over-sharif-munir-regime/articleshow/125757681.cms
2025-12-04 04:53:23,875 - INFO - [Times of India] Attempt 1/1: Trying with 'selenium_browser' strategy...
2025-12-04 04:53:23,933 - INFO - Found 100 articles in The Hindu RSS feed. Processing up to 20.
2025-12-04 04:53:23,934 - INFO - [The Hindu] Article: https://www.thehindu.com/news/national/india-russia-defence-ministers-to-co-chair-22nd-commission-meet-in-delhi/article70356213.ece
2025-12-04 04:53:23,934 - INFO - [The Hindu] Attempt 1/1: Trying with 'selenium_browser' strategy...
2025-12-04 04:53:24,164 - INFO - [BBC] Article: https://www.bbc.com/news/articles/cy8jnxxm70jo?at_medium=RSS&at_campaign=rss
2025-12-04 04:53:24,164 - INFO - [BBC] Attempt 1/1: Trying with 'requests_browser' strategy...
2025-12-04 04:53:24,191 - INFO - [BBC] Success with 'requests_browser'. Found content (247 words).
2025-12-04 04:53:24,236 - INFO - Duplicate article skipped: Drunk raccoon found passed out on liquor store floor after breaking in from BBC
2025-12-04 04:53:24,269 - INFO - [The Guardian] Article: https://www.theguardian.com/world/2025/dec/02/trump-intervention-honduras-presidential-vote-count-stalls-nasry-asfura
2025-12-04 04:53:24,269 - INFO - [The Guardian] Attempt 1/1: Trying with 'requests_browser' strategy...
2025-12-04 04:53:24,310 - INFO - [The Guardian] Success with 'requests_browser'. Found content (945 words).
2025-12-04 04:53:24,375 - INFO - Duplicate article skipped: Trump frees ex-Honduran president from prison as country awaits knife-edge election result | Honduras | The Guardian from The Guardian
2025-12-04 04:53:25,114 - INFO - [The Guardian] Article: https://www.theguardian.com/us-news/2025/dec/02/pete-hegseth-franklin-the-turtle
2025-12-04 04:53:25,114 - INFO - [The Guardian] Attempt 1/1: Trying with 'requests_browser' strategy...
2025-12-04 04:53:25,126 - INFO - [BBC] Article: https://www.bbc.com/news/articles/cvgq5dvygllo?at_medium=RSS&at_campaign=rss
2025-12-04 04:53:25,127 - INFO - [BBC] Attempt 1/1: Trying with 'requests_browser' strategy...
2025-12-04 04:53:25,155 - INFO - [The Guardian] Success with 'requests_browser'. Found content (438 words).
2025-12-04 04:53:25,232 - INFO - Duplicate article skipped: Publisher condemns ‘violent’ use of Franklin the Turtle after Hegseth’s boat strike post | Pete Hegseth | The Guardian from The Guardian
2025-12-04 04:53:25,597 - INFO - [BBC] Success with 'requests_browser'. Found content (1030 words).
2025-12-04 04:53:25,786 - INFO - Duplicate article skipped: Kenyan MPs accuse British soldiers from Batuk of sexual abuse in Laikipia from BBC
2025-12-04 04:53:26,348 - INFO - [The Guardian] Article: https://www.theguardian.com/world/2025/dec/04/thailand-scam-cyberscam-crackdown-arrests-south-east-asia
2025-12-04 04:53:26,348 - INFO - [The Guardian] Attempt 1/1: Trying with 'requests_browser' strategy...
2025-12-04 04:53:26,459 - INFO - [The Guardian] Success with 'requests_browser'. Found content (575 words).
2025-12-04 04:53:26,599 - INFO - Duplicate article skipped: Thailand seizes more than $300m in assets and issues 42 arrest warrants in cyberscam crackdown | Thailand | The Guardian from The Guardian
2025-12-04 04:53:26,614 - INFO - [BBC] Article: https://www.bbc.com/news/articles/c1m8g5x1xmko?at_medium=RSS&at_campaign=rss
2025-12-04 04:53:26,614 - INFO - [BBC] Attempt 1/1: Trying with 'requests_browser' strategy...
2025-12-04 04:53:27,389 - INFO - [The Guardian] Article: https://www.theguardian.com/world/2025/dec/03/eu-strategy-raw-materials-rare-earths-supply-chain-resourceeu
2025-12-04 04:53:27,389 - INFO - [The Guardian] Attempt 1/1: Trying with 'requests_browser' strategy...
2025-12-04 04:53:27,562 - INFO - [The Guardian] Success with 'requests_browser'. Found content (725 words).
2025-12-04 04:53:27,791 - INFO - Duplicate article skipped: EU looks at legally forcing industries to reduce purchases from China | Mining | The Guardian from The Guardian
2025-12-04 04:53:28,030 - INFO - [BBC] Success with 'requests_browser'. Found content (308 words).
2025-12-04 04:53:28,100 - INFO - Duplicate article skipped: Three French teens drown in freak car crash in swimming pool from BBC
2025-12-04 04:53:28,804 - INFO - [The Hindu] Page content loaded.
2025-12-04 04:53:28,863 - INFO - [BBC] Article: https://www.bbc.com/news/articles/c62v9z7z1z2o?at_medium=RSS&at_campaign=rss
2025-12-04 04:53:28,863 - INFO - [BBC] Attempt 1/1: Trying with 'requests_browser' strategy...
2025-12-04 04:53:28,960 - INFO - [BBC] Success with 'requests_browser'. Found content (485 words).
2025-12-04 04:53:29,295 - INFO - [The Guardian] Article: https://www.theguardian.com/business/2025/dec/03/hsbc-appoints-interim-chair-brendan-nelson-to-permanent-role
2025-12-04 04:53:29,303 - INFO - [The Guardian] Attempt 1/1: Trying with 'requests_browser' strategy...
2025-12-04 04:53:29,347 - INFO - Duplicate article skipped: Henry Cuellar: Trump says he is pardoning Democratic congressman in bribery case from BBC
2025-12-04 04:53:29,413 - INFO - [The Hindu] Success with 'selenium_browser'. Found content (410 words).
2025-12-04 04:53:29,725 - INFO - [The Guardian] Success with 'requests_browser'. Found content (605 words).
2025-12-04 04:53:30,778 - INFO - [BBC] Article: https://www.bbc.com/news/articles/ckgzqxjzjyqo?at_medium=RSS&at_campaign=rss
2025-12-04 04:53:30,778 - INFO - [BBC] Attempt 1/1: Trying with 'requests_browser' strategy...
2025-12-04 04:53:31,239 - INFO - [BBC] Success with 'requests_browser'. Found content (332 words).
2025-12-04 04:54:04,059 - INFO - DEDUPLICATION: Found match (Score: 0.76). Linking to Cluster ID: 310d280d-7766-4d1c-bc30-d1e35a5e8bb1
2025-12-04 04:54:04,064 - INFO - Saved article: India, Russia Defence Ministers to Co-Chair 22nd Commission Meet in Delhi - The Hindu from The Hindu
2025-12-04 04:54:04,067 - INFO - Duplicate article skipped: HSBC appoints interim chair Brendan Nelson to permanent role | HSBC | The Guardian from The Guardian
2025-12-04 04:54:04,068 - INFO - Duplicate article skipped: Production halted at Chinese factory making 'childlike' sex dolls from BBC
2025-12-04 04:54:04,851 - INFO - [The Guardian] Article: https://www.theguardian.com/world/2025/dec/03/search-for-malaysia-airline-flight-mh370-to-resume-over-11-years-after-plane-went-missing
2025-12-04 04:54:04,851 - INFO - [The Guardian] Attempt 1/1: Trying with 'requests_browser' strategy...
2025-12-04 04:54:04,891 - INFO - [The Guardian] Success with 'requests_browser'. Found content (851 words).
2025-12-04 04:54:04,959 - INFO - Duplicate article skipped: Malaysia Airlines flight MH370 search to resume 11 years after jet went missing | Malaysia Airlines flight MH370 | The Guardian from The Guardian
2025-12-04 04:54:05,234 - INFO - [BBC] Article: https://www.bbc.com/news/articles/clydg2re4d1o?at_medium=RSS&at_campaign=rss
2025-12-04 04:54:05,234 - INFO - [BBC] Attempt 1/1: Trying with 'requests_browser' strategy...
2025-12-04 04:54:05,272 - INFO - [BBC] Success with 'requests_browser'. Found content (336 words).
2025-12-04 04:54:05,309 - INFO - Duplicate article skipped: Sanchar Saathi: India scraps order to pre-install state-run cyber safety app on smartphones from BBC
2025-12-04 04:54:05,327 - INFO - [The Hindu] Article: https://www.thehindu.com/news/national/karnataka/ksrtc-disburses-438-crore-compensation-to-dependants-of-employees-who-died-due-to-accidents-and-medical-causes-in-karnataka-launches-new-commercial-management-software-e-vaneejya/article70354729.ece
2025-12-04 04:54:05,327 - INFO - [The Hindu] Attempt 1/1: Trying with 'selenium_browser' strategy...
2025-12-04 04:54:05,815 - INFO - [BBC] Article: https://www.bbc.com/news/articles/cy7v077dm0po?at_medium=RSS&at_campaign=rss
2025-12-04 04:54:05,815 - INFO - [BBC] Attempt 1/1: Trying with 'requests_browser' strategy...
2025-12-04 04:54:05,987 - INFO - [The Guardian] Article: https://www.theguardian.com/world/2025/dec/02/uk-government-delays-china-super-embassy-january
2025-12-04 04:54:05,987 - INFO - [The Guardian] Attempt 1/1: Trying with 'requests_browser' strategy...
2025-12-04 04:54:06,061 - INFO - [The Guardian] Success with 'requests_browser'. Found content (619 words).
2025-12-04 04:54:06,256 - INFO - Duplicate article skipped: UK government delays decision on China’s super-embassy until January | China | The Guardian from The Guardian
2025-12-04 04:54:06,388 - INFO - [BBC] Success with 'requests_browser'. Found content (309 words).
2025-12-04 04:54:06,526 - INFO - Duplicate article skipped: MH370: Search for long-missing Malaysia Airlines fight to resume from BBC
2025-12-04 04:54:07,397 - INFO - [BBC] Article: https://www.bbc.com/news/articles/c7vm754r80vo?at_medium=RSS&at_campaign=rss
2025-12-04 04:54:07,397 - INFO - [BBC] Attempt 1/1: Trying with 'requests_browser' strategy...
2025-12-04 04:54:07,491 - INFO - [BBC] Success with 'requests_browser'. Found content (225 words).
2025-12-04 04:54:07,553 - INFO - [The Guardian] Article: https://www.theguardian.com/australia-news/2025/dec/04/australia-u16-social-media-ban-children-riskier-platforms-young-nationals
2025-12-04 04:54:07,559 - INFO - [The Guardian] Attempt 1/1: Trying with 'requests_browser' strategy...
2025-12-04 04:54:07,611 - INFO - Duplicate article skipped: New Zealand man charged with theft over claims he swallowed $19k Fabergé egg from BBC
2025-12-04 04:54:07,676 - INFO - [The Guardian] Success with 'requests_browser'. Found content (749 words).
2025-12-04 04:54:07,777 - INFO - [The Hindu] Page content loaded.
2025-12-04 04:54:07,805 - INFO - Duplicate article skipped: ‘Making mental health crisis worse’: Young Nationals warn regional children will be cut off from family by social media ban | Social media ban | The Guardian from The Guardian
2025-12-04 04:54:07,936 - INFO - [The Hindu] Success with 'selenium_browser'. Found content (147 words).
2025-12-04 04:54:08,761 - INFO - [BBC] Article: https://www.bbc.com/news/articles/c3e05j9012vo?at_medium=RSS&at_campaign=rss
2025-12-04 04:54:08,761 - INFO - [BBC] Attempt 1/1: Trying with 'requests_browser' strategy...
2025-12-04 04:54:08,858 - INFO - [BBC] Success with 'requests_browser'. Found content (297 words).
2025-12-04 04:54:08,908 - INFO - [The Guardian] Article: https://www.theguardian.com/australia-news/live/2025/dec/04/australia-news-live-senate-estimates-national-fiscal-outlook-labor-coalition-cost-of-living-victoria-public-service-cuts-ntwnfb
2025-12-04 04:54:08,908 - INFO - [The Guardian] Attempt 1/1: Trying with 'requests_browser' strategy...
2025-12-04 04:54:09,762 - INFO - [The Guardian] Success with 'requests_browser'. Found content (2526 words).
2025-12-04 04:54:23,821 - INFO - Saved article: KSRTC disburses compensation to dependants of employees who died due to accidents and medical causes - The Hindu from The Hindu
2025-12-04 04:54:23,822 - INFO - Duplicate article skipped: Italian fashion giant Prada buys Versace – at a discount from BBC
2025-12-04 04:54:23,822 - INFO - Duplicate article skipped: Australia news live: drivers left stranded for hours in Sydney tunnel amid fears of roof collapse; emergency bushfire warning near Hobart | Australia news | The Guardian from The Guardian
2025-12-04 04:54:24,359 - INFO - [The Hindu] Article: https://www.thehindu.com/news/national/russia-president-putin-india-visit-pm-modi-live-updates-december-4-2025/article70356149.ece
2025-12-04 04:54:24,359 - INFO - [The Hindu] Attempt 1/1: Trying with 'selenium_browser' strategy...
2025-12-04 04:54:24,579 - INFO - [BBC] Article: https://www.bbc.com/news/articles/cp341gz24p5o?at_medium=RSS&at_campaign=rss
2025-12-04 04:54:24,579 - INFO - [BBC] Attempt 1/1: Trying with 'requests_browser' strategy...
2025-12-04 04:54:24,622 - INFO - [BBC] Success with 'requests_browser'. Found content (660 words).
2025-12-04 04:54:24,680 - INFO - Duplicate article skipped: YouTube says it will be less safe for kids under Australia's social media ban from BBC
2025-12-04 04:54:25,064 - INFO - [The Guardian] Article: https://www.theguardian.com/books/2025/dec/04/sydney-authors-erotica-novel-references-sexual-stuff-with-a-child-police-officer-tells-court-ntwnfb
2025-12-04 04:54:25,064 - INFO - [The Guardian] Attempt 1/1: Trying with 'requests_browser' strategy...
2025-12-04 04:54:25,178 - INFO - [The Guardian] Success with 'requests_browser'. Found content (577 words).
2025-12-04 04:54:25,203 - INFO - [BBC] Article: https://www.bbc.com/news/articles/cp39q5n5037o?at_medium=RSS&at_campaign=rss
2025-12-04 04:54:25,203 - INFO - [BBC] Attempt 1/1: Trying with 'requests_browser' strategy...
2025-12-04 04:54:25,320 - INFO - [BBC] Success with 'requests_browser'. Found content (336 words).
2025-12-04 04:54:29,001 - INFO - [The Hindu] Page content loaded.
2025-12-04 04:54:29,273 - INFO - [The Hindu] Success with 'selenium_browser'. Found content (254 words).
2025-12-04 04:54:41,911 - INFO - Saved article: Sydney author’s erotica novel references ‘sexual stuff’ with a child, police officer tells court | New South Wales | The Guardian from The Guardian
2025-12-04 04:54:41,911 - INFO - Duplicate article skipped: Air pollution: Delhi hospitals saw 200,000 respiratory illness patients in three years from BBC
2025-12-04 04:54:42,826 - INFO - [BBC] Article: https://www.bbc.com/news/articles/cly580gkd9ro?at_medium=RSS&at_campaign=rss
2025-12-04 04:54:42,826 - INFO - [BBC] Attempt 1/1: Trying with 'requests_browser' strategy...
2025-12-04 04:54:42,879 - INFO - [BBC] Success with 'requests_browser'. Found content (1534 words).
2025-12-04 04:54:43,076 - INFO - [The Guardian] Article: https://www.theguardian.com/australia-news/2025/dec/04/heatwave-warning-australia-sydney-temperatures-expected-40s
2025-12-04 04:54:43,076 - INFO - [The Guardian] Attempt 1/1: Trying with 'requests_browser' strategy...
2025-12-04 04:54:43,129 - INFO - [The Guardian] Success with 'requests_browser'. Found content (575 words).
2025-12-04 04:54:55,226 - INFO - DEDUPLICATION: Found match (Score: 0.81). Linking to Cluster ID: 310d280d-7766-4d1c-bc30-d1e35a5e8bb1
2025-12-04 04:54:55,228 - INFO - Saved article: Putin's India visit LIVE: Russian President to meet PM Modi today - The Hindu from The Hindu
2025-12-04 04:54:55,229 - INFO - Duplicate article skipped: Ultra-Orthodox conscription bill threatens crisis for Israel's government from BBC
2025-12-04 04:54:55,229 - INFO - Duplicate article skipped: Heatwave warning for large parts of Australia as temperatures expected to reach low 40s | Australia weather | The Guardian from The Guardian
2025-12-04 04:54:55,802 - INFO - [The Hindu] Article: https://www.thehindu.com/news/national/parliament-winter-session-lok-sabha-rajya-sabha-day-4-highlights-december-4-2025/article70356139.ece
2025-12-04 04:54:55,802 - INFO - [The Hindu] Attempt 1/1: Trying with 'selenium_browser' strategy...
2025-12-04 04:54:56,444 - INFO - [BBC] Article: https://www.bbc.com/news/articles/c9895x3039ro?at_medium=RSS&at_campaign=rss
2025-12-04 04:54:56,446 - INFO - [BBC] Attempt 1/1: Trying with 'requests_browser' strategy...
2025-12-04 04:54:56,502 - INFO - [BBC] Success with 'requests_browser'. Found content (942 words).
2025-12-04 04:54:56,563 - INFO - [The Guardian] Article: https://www.theguardian.com/music/2025/dec/04/spotify-wrapped-2025-most-streamed-australia-taylor-swift-wiggles-kid-laroi
2025-12-04 04:54:56,563 - INFO - [The Guardian] Attempt 1/1: Trying with 'requests_browser' strategy...
2025-12-04 04:54:56,566 - INFO - Duplicate article skipped: As lead changes in knife-edge Honduran election, will Trump fail to get his way? from BBC
2025-12-04 04:54:56,606 - INFO - [The Guardian] Success with 'requests_browser'. Found content (838 words).
2025-12-04 04:54:56,674 - INFO - Duplicate article skipped: Pop, smut and Swift: what Spotify Wrapped 2025 reveals about Australian tastes | Pop and rock | The Guardian from The Guardian
2025-12-04 04:54:56,868 - INFO - [The Hindu] Page content loaded.
2025-12-04 04:54:57,004 - INFO - [The Hindu] Success with 'selenium_browser'. Found content (171 words).
2025-12-04 04:55:13,158 - INFO - Saved article: Parliament Winter session Day 4 LIVE: Opposition to protest on air pollution outside Parliament - The Hindu from The Hindu
2025-12-04 04:55:14,306 - INFO - [The Hindu] Article: https://www.thehindu.com/news/national/kerala/kerala-local-body-polls-triangular-contest-shapes-kasaragods-high-stakes-elections/article70350128.ece
2025-12-04 04:55:14,306 - INFO - [The Hindu] Attempt 1/1: Trying with 'selenium_browser' strategy...
2025-12-04 04:55:15,380 - INFO - [The Hindu] Page content loaded.
2025-12-04 04:55:15,572 - INFO - [The Hindu] Success with 'selenium_browser'. Found content (469 words).
2025-12-04 04:55:15,656 - INFO - Duplicate article skipped: Kerala local body polls: Triangular contest shapes Kasaragod’s high-stakes elections - The Hindu from The Hindu
2025-12-04 04:55:16,731 - INFO - [The Hindu] Article: https://www.thehindu.com/news/national/kerala/kerala-local-body-polls-a-battle-for-legacy-relevance-and-political-survival-in-kottayam/article70349465.ece
2025-12-04 04:55:16,731 - INFO - [The Hindu] Attempt 1/1: Trying with 'selenium_browser' strategy...
2025-12-04 04:55:19,284 - INFO - [The Hindu] Page content loaded.
2025-12-04 04:55:19,678 - INFO - [The Hindu] Success with 'selenium_browser'. Found content (427 words).
2025-12-04 04:55:19,751 - INFO - Duplicate article skipped: Kerala local body polls: A battle for legacy, relevance, and political survival in Kottayam - The Hindu from The Hindu
2025-12-04 04:55:20,604 - INFO - [The Hindu] Article: https://www.thehindu.com/news/national/kerala/congress-in-the-grip-of-a-mafia-like-gang-binoy-viswam/article70353887.ece
2025-12-04 04:55:20,604 - INFO - [The Hindu] Attempt 1/1: Trying with 'selenium_browser' strategy...
2025-12-04 04:55:21,224 - INFO - [The Hindu] Page content loaded.
2025-12-04 04:55:21,436 - INFO - [The Hindu] Success with 'selenium_browser'. Found content (519 words).
2025-12-04 04:55:21,514 - INFO - Duplicate article skipped: Congress in the grip of a mafia-like gang: Binoy Viswam - The Hindu from The Hindu
2025-12-04 04:55:22,774 - INFO - [The Hindu] Article: https://www.thehindu.com/news/national/kerala/kerala-local-body-polls-a-litmus-test-for-bjp-as-nda-targets-25-vote-share-in-local-body-polls/article70352712.ece
2025-12-04 04:55:22,774 - INFO - [The Hindu] Attempt 1/1: Trying with 'selenium_browser' strategy...
2025-12-04 04:55:23,976 - ERROR - [Times of India] Request failed for strategy 'selenium_browser' on URL https://timesofindia.indiatimes.com/world/us/human-rights-crisis-in-pakistan-over-40-lawmakers-write-to-us-secretary-of-state-marco-rubio-express-concern-over-sharif-munir-regime/articleshow/125757681.cms: HTTPConnectionPool(host='localhost', port=55809): Read timed out. (read timeout=120)
2025-12-04 04:55:23,976 - ERROR - [Times of India] All scrape strategies failed for https://timesofindia.indiatimes.com/world/us/human-rights-crisis-in-pakistan-over-40-lawmakers-write-to-us-secretary-of-state-marco-rubio-express-concern-over-sharif-munir-regime/articleshow/125757681.cms. Falling back to RSS description.
2025-12-04 04:55:24,422 - INFO - [The Hindu] Page content loaded.
2025-12-04 04:55:24,727 - INFO - [The Hindu] Success with 'selenium_browser'. Found content (707 words).
2025-12-04 04:55:39,956 - INFO - Saved article: 'Human rights crisis in Pakistan': Over US 40 lawmakers write to Rubio; express concern over Sharif-Munir regime from Times of India
2025-12-04 04:55:39,956 - INFO - Duplicate article skipped: Kerala local body polls: A litmus test for BJP as NDA targets 25% vote share in local body polls - The Hindu from The Hindu
2025-12-04 04:55:41,093 - INFO - [The Hindu] Article: https://www.thehindu.com/news/cities/Hyderabad/indigo-flight-cancellations-chaos-second-day-hyderabad-airport-chaos-passenger-complaints/article70356093.ece
2025-12-04 04:55:41,093 - INFO - [The Hindu] Attempt 1/1: Trying with 'selenium_browser' strategy...
2025-12-04 04:55:41,210 - INFO - [Times of India] Article: https://timesofindia.indiatimes.com/world/pakistan/play-on-the-front-foot-ex-pak-pm-imran-khan-fires-sharp-salvo-at-asim-munir-calls-him-mentally-unstable-man/articleshow/125757647.cms
2025-12-04 04:55:41,210 - INFO - [Times of India] Attempt 1/1: Trying with 'selenium_browser' strategy...
2025-12-04 04:55:43,307 - INFO - [The Hindu] Page content loaded.
2025-12-04 04:55:43,402 - INFO - [The Hindu] Success with 'selenium_browser'. Found content (420 words).
2025-12-04 04:55:43,486 - INFO - Duplicate article skipped: IndiGo flight cancellations: 68 disrupted services plunge Hyderabad airport into chaos for second day - The Hindu from The Hindu
2025-12-04 04:55:44,501 - INFO - [The Hindu] Article: https://www.thehindu.com/entertainment/movies/avm-saravanan-tamil-producer-passes-away-at-86-in-chennai/article70356111.ece
2025-12-04 04:55:44,501 - INFO - [The Hindu] Attempt 1/1: Trying with 'selenium_browser' strategy...
2025-12-04 04:55:45,418 - INFO - [The Hindu] Page content loaded.
2025-12-04 04:55:45,507 - INFO - [The Hindu] Success with 'selenium_browser'. Found content (168 words).
2025-12-04 04:55:45,594 - INFO - Duplicate article skipped: AVM Saravanan, veteran Tamil producer, passes away at 86 in Chennai - The Hindu from The Hindu
2025-12-04 04:55:46,128 - INFO - [The Hindu] Article: https://www.thehindu.com/news/cities/chennai/after-pounding-north-tamil-nadu-remnant-of-cyclone-ditwah-drifts-inland-city-to-get-light-rain-today/article70353989.ece
2025-12-04 04:55:46,128 - INFO - [The Hindu] Attempt 1/1: Trying with 'selenium_browser' strategy...
2025-12-04 04:55:47,130 - INFO - [The Hindu] Page content loaded.
2025-12-04 04:55:47,318 - INFO - [The Hindu] Success with 'selenium_browser'. Found content (541 words).
2025-12-04 04:55:47,397 - INFO - Duplicate article skipped: After pounding north Tamil Nadu, remnant of Cyclone Ditwah drifts inland; city to get light rain today - The Hindu from The Hindu
2025-12-04 04:55:48,511 - INFO - [The Hindu] Article: https://www.thehindu.com/news/national/putin-india-visit-modi-govt-tense-tightrope-walk-trade-oil-defence-us-eu/article70356053.ece
2025-12-04 04:55:48,512 - INFO - [The Hindu] Attempt 1/1: Trying with 'selenium_browser' strategy...
2025-12-04 04:55:49,966 - INFO - [The Hindu] Page content loaded.
2025-12-04 04:55:50,134 - INFO - [The Hindu] Success with 'selenium_browser'. Found content (1087 words).
2025-12-04 04:55:50,235 - INFO - Duplicate article skipped: Putin’s India visit: A tense tightrope walk for Modi government - The Hindu from The Hindu
2025-12-04 04:55:51,569 - INFO - [The Hindu] Article: https://www.thehindu.com/news/national/maharashtra/law-graduates-seek-judicial-intervention-over-bar-exam-irregularities-in-maharashtra/article70349794.ece
2025-12-04 04:55:51,570 - INFO - [The Hindu] Attempt 1/1: Trying with 'selenium_browser' strategy...
2025-12-04 04:55:52,681 - INFO - [The Hindu] Page content loaded.
2025-12-04 04:55:53,169 - INFO - [The Hindu] Success with 'selenium_browser'. Found content (436 words).
2025-12-04 04:55:53,220 - INFO - Duplicate article skipped: Law graduates seek judicial intervention over bar exam irregularities in Maharashtra - The Hindu from The Hindu
2025-12-04 04:55:54,327 - INFO - [The Hindu] Article: https://www.thehindu.com/news/national/haryana/haryana-cm-saini-hits-out-at-mamata-led-tmc-government-in-bengal-says-targeting-hindus/article70353742.ece
2025-12-04 04:55:54,328 - INFO - [The Hindu] Attempt 1/1: Trying with 'selenium_browser' strategy...
2025-12-04 04:55:55,458 - INFO - [The Hindu] Page content loaded.
2025-12-04 04:55:55,622 - INFO - [The Hindu] Success with 'selenium_browser'. Found content (273 words).
2025-12-04 04:55:55,724 - INFO - Duplicate article skipped: Haryana CM Saini hits out at Mamata-led TMC government in Bengal; says ‘targeting’ Hindus - The Hindu from The Hindu
2025-12-04 04:55:56,576 - INFO - [The Hindu] Article: https://www.thehindu.com/news/national/countries-creating-roadblocks-in-flow-of-talents-across-borders-will-be-net-losers-jaishankar-on-issues-linked-to-immigration-h-1b-visas/article70355970.ece
2025-12-04 04:55:56,576 - INFO - [The Hindu] Attempt 1/1: Trying with 'selenium_browser' strategy...
2025-12-04 04:55:58,900 - INFO - [The Hindu] Page content loaded.
2025-12-04 04:55:59,107 - INFO - [The Hindu] Success with 'selenium_browser'. Found content (707 words).
2025-12-04 04:55:59,190 - INFO - Duplicate article skipped: Countries creating roadblocks in flow of talents across borders will be 'net losers': Jaishankar on issues linked to immigration, H-1B visas - The Hindu from The Hindu
2025-12-04 04:56:00,555 - INFO - [The Hindu] Article: https://www.thehindu.com/news/national/tamil-nadu/indias-growth-is-not-as-robust-as-indicated-by-the-headlines-former-chief-economic-advisor/article70354669.ece
2025-12-04 04:56:00,555 - INFO - [The Hindu] Attempt 1/1: Trying with 'selenium_browser' strategy...
2025-12-04 04:56:01,347 - INFO - [The Hindu] Page content loaded.
2025-12-04 04:56:01,434 - INFO - [The Hindu] Success with 'selenium_browser'. Found content (386 words).
2025-12-04 04:56:01,540 - INFO - Duplicate article skipped: India’s growth is not as robust as indicated by the headlines’: Former Chief Economic Advisor - The Hindu from The Hindu
2025-12-04 04:56:02,356 - INFO - [The Hindu] Article: https://www.thehindu.com/news/national/tamil-nadu/tamil-nadu-senior-advocates-forum-questions-parliamentary-trend-of-bypassing-high-courts/article70353635.ece
2025-12-04 04:56:02,356 - INFO - [The Hindu] Attempt 1/1: Trying with 'selenium_browser' strategy...
2025-12-04 04:56:03,235 - INFO - [The Hindu] Page content loaded.
2025-12-04 04:56:03,335 - INFO - [The Hindu] Success with 'selenium_browser'. Found content (639 words).
2025-12-04 04:56:03,418 - INFO - Duplicate article skipped: Tamil Nadu Senior Advocates Forum questions parliamentary trend of bypassing High Courts - The Hindu from The Hindu
2025-12-04 04:56:04,686 - INFO - [The Hindu] Article: https://www.thehindu.com/news/national/tamil-nadu/no-proposal-to-revise-obc-creamy-layer-income-limit/article70354405.ece
2025-12-04 04:56:04,686 - INFO - [The Hindu] Attempt 1/1: Trying with 'selenium_browser' strategy...
2025-12-04 04:56:06,774 - INFO - [The Hindu] Page content loaded.
2025-12-04 04:56:06,886 - INFO - [The Hindu] Success with 'selenium_browser'. Found content (161 words).
2025-12-04 04:56:06,988 - INFO - Duplicate article skipped: ‘No proposal to revise OBC creamy layer income limit’ - The Hindu from The Hindu
2025-12-04 04:56:08,458 - INFO - [The Hindu] Article: https://www.thehindu.com/sport/hockey/players-complaints-on-outdated-and-dictatorial-coaching-style-led-to-harendras-resignation/article70355202.ece
2025-12-04 04:56:08,458 - INFO - [The Hindu] Attempt 1/1: Trying with 'selenium_browser' strategy...
2025-12-04 04:56:09,349 - INFO - [The Hindu] Page content loaded.
2025-12-04 04:56:09,437 - INFO - [The Hindu] Success with 'selenium_browser'. Found content (556 words).
2025-12-04 04:56:09,546 - INFO - Duplicate article skipped: Players' complaints on 'outdated and dictatorial' coaching style led to Harendra's resignation - The Hindu from The Hindu
2025-12-04 04:56:10,879 - INFO - [The Hindu] Article: https://www.thehindu.com/sport/football/mandaviya-promises-end-to-indian-football-stalemate/article70355044.ece
2025-12-04 04:56:10,879 - INFO - [The Hindu] Attempt 1/1: Trying with 'selenium_browser' strategy...
2025-12-04 04:56:12,961 - INFO - [The Hindu] Page content loaded.
2025-12-04 04:56:13,035 - INFO - [The Hindu] Success with 'selenium_browser'. Found content (721 words).
2025-12-04 04:56:13,102 - INFO - Duplicate article skipped: Mandaviya promises end to Indian football ‘stalemate’ - The Hindu from The Hindu
2025-12-04 04:56:14,514 - INFO - [The Hindu] (Thread) Finished. Attempting to shut down its Selenium driver.
2025-12-04 04:56:14,757 - INFO - [The Hindu] (Thread) driver.quit() successful.
2025-12-04 04:57:41,288 - ERROR - [Times of India] Request failed for strategy 'selenium_browser' on URL https://timesofindia.indiatimes.com/world/pakistan/play-on-the-front-foot-ex-pak-pm-imran-khan-fires-sharp-salvo-at-asim-munir-calls-him-mentally-unstable-man/articleshow/125757647.cms: HTTPConnectionPool(host='localhost', port=55809): Read timed out. (read timeout=120)
2025-12-04 04:57:41,288 - ERROR - [Times of India] All scrape strategies failed for https://timesofindia.indiatimes.com/world/pakistan/play-on-the-front-foot-ex-pak-pm-imran-khan-fires-sharp-salvo-at-asim-munir-calls-him-mentally-unstable-man/articleshow/125757647.cms. Falling back to RSS description.
2025-12-04 04:57:54,497 - INFO - Saved article: 'Play on the front foot': Ex-Pak PM Imran Khan fires sharp salvo at Asim Munir; calls him 'mentally unstable man' from Times of India
2025-12-04 04:57:55,709 - INFO - [Times of India] Article: https://timesofindia.indiatimes.com/business/international-business/h-1b-visa-row-trump-admin-orders-enhanced-vetting-for-applicants-what-are-the-new-requirements/articleshow/125756220.cms
2025-12-04 04:57:55,709 - INFO - [Times of India] Attempt 1/1: Trying with 'selenium_browser' strategy...
2025-12-04 04:58:16,410 - CRITICAL - --- TIMEOUT: 1 scrape jobs did not complete in 300s. ---
2025-12-04 04:58:16,410 - ERROR - A thread has timed out and will be abandoned.
2025-12-04 04:58:16,410 - INFO - Shutting down thread pool (wait=False)...
2025-12-04 04:58:16,410 - INFO - Scraped: 4 The Hindu, 0 BBC, 1 The Guardian, 1 Timed_Out_Jobs articles. (Total saved: 5)
2025-12-04 04:58:16,410 - INFO - --- Scraping job finished ---
2025-12-04 04:58:16,410 - INFO - --- Scraper service stopped and database connection closed. ---
2025-12-04 04:58:16,411 - INFO - --- Main thread finished. Forcing process exit to kill zombie threads. ---
