2025-11-28 10:27:58,884 - INFO - Loading AI Semantic Model (all-MiniLM-L6-v2)...
2025-11-28 10:27:58,885 - INFO - Use pytorch device_name: cpu
2025-11-28 10:27:58,885 - INFO - Load pretrained SentenceTransformer: all-MiniLM-L6-v2
2025-11-28 10:27:59,970 - INFO - AI Model loaded successfully.
2025-11-28 10:27:59,970 - INFO - Initializing database connection at: news_articles.db
2025-11-28 10:27:59,970 - INFO - --- Scraper service started (CI Mode: Run Once) ---
2025-11-28 10:27:59,970 - INFO - --- Starting new scraping job (Parallel Mode) ---
2025-11-28 10:27:59,970 - INFO - Creating new robust session with 3 retries on 5xx/connection/read errors.
2025-11-28 10:27:59,970 - INFO - Proxy is DISABLED.
2025-11-28 10:27:59,971 - INFO - Starting scrape for BBC RSS feed: http://feeds.bbci.co.uk/news/world/rss.xml
2025-11-28 10:27:59,972 - INFO - [Times of India] (Thread) requires Selenium. Initializing driver...
2025-11-28 10:27:59,972 - INFO - Initializing headless Selenium Chrome driver (using SeleniumManager)...
2025-11-28 10:27:59,973 - INFO - Starting scrape for The Guardian RSS feed: https://www.theguardian.com/world/rss
2025-11-28 10:27:59,974 - INFO - [The Hindu] (Thread) requires Selenium. Initializing driver...
2025-11-28 10:27:59,974 - INFO - Initializing headless Selenium Chrome driver (using SeleniumManager)...
2025-11-28 10:27:59,975 - INFO - Submitted 4 jobs to thread pool. Waiting up to 300s for completion...
2025-11-28 10:28:00,103 - INFO - Found 45 articles in The Guardian RSS feed. Processing up to 20.
2025-11-28 10:28:00,103 - INFO - [The Guardian] Article: https://www.theguardian.com/environment/2025/nov/28/africa-forests-transformed-carbon-sink-carbon-source-study
2025-11-28 10:28:00,103 - INFO - [The Guardian] Attempt 1/1: Trying with 'requests_browser' strategy...
2025-11-28 10:28:00,231 - INFO - [The Guardian] Success with 'requests_browser'. Found content (458 words).
2025-11-28 10:28:00,380 - INFO - Found 31 articles in BBC RSS feed. Processing up to 20.
2025-11-28 10:28:00,381 - INFO - [BBC] Article: https://www.bbc.com/news/articles/c79xd17dre3o?at_medium=RSS&at_campaign=rss
2025-11-28 10:28:00,381 - INFO - [BBC] Attempt 1/1: Trying with 'requests_browser' strategy...
2025-11-28 10:28:00,614 - INFO - [BBC] Success with 'requests_browser'. Found content (566 words).
2025-11-28 10:28:06,875 - INFO - Selenium driver initialized successfully.
2025-11-28 10:28:06,876 - INFO - Starting scrape for Times of India RSS feed: https://timesofindia.indiatimes.com/rssfeeds/296589292.cms
2025-11-28 10:28:06,877 - INFO - Selenium driver initialized successfully.
2025-11-28 10:28:06,877 - INFO - Starting scrape for The Hindu RSS feed: https://www.thehindu.com/news/national/feeder/default.rss
2025-11-28 10:28:07,133 - INFO - Found 100 articles in The Hindu RSS feed. Processing up to 20.
2025-11-28 10:28:07,134 - INFO - [The Hindu] Article: https://www.thehindu.com/news/national/west-bengal/trinamool-congress-meets-election-commission-of-india/article70334244.ece
2025-11-28 10:28:07,134 - INFO - [The Hindu] Attempt 1/1: Trying with 'selenium_browser' strategy...
2025-11-28 10:28:07,339 - INFO - Found 20 articles in Times of India RSS feed. Processing up to 20.
2025-11-28 10:28:07,339 - INFO - [Times of India] Article: https://timesofindia.indiatimes.com/world/rest-of-world/human-washing-machine-goes-on-sale-in-japan/articleshow/125635307.cms
2025-11-28 10:28:07,339 - INFO - [Times of India] Attempt 1/1: Trying with 'selenium_browser' strategy...
2025-11-28 10:28:13,784 - INFO - [The Hindu] Page content loaded.
2025-11-28 10:28:14,059 - INFO - [The Hindu] Success with 'selenium_browser'. Found content (309 words).
2025-11-28 10:28:19,338 - INFO - [Times of India] Page content loaded.
2025-11-28 10:28:20,019 - INFO - [Times of India] Success with 'selenium_browser'. Found content (248 words).
2025-11-28 10:28:22,531 - INFO - Saved article: Africa’s forests transformed from carbon sink to carbon source, study finds | Climate crisis | The Guardian from The Guardian
2025-11-28 10:28:23,271 - INFO - [The Guardian] Article: https://www.theguardian.com/world/2025/nov/26/guinea-bissau-officers-take-total-control-close-borders-amid-election-chaos
2025-11-28 10:28:23,272 - INFO - [The Guardian] Attempt 1/1: Trying with 'requests_browser' strategy...
2025-11-28 10:28:23,315 - INFO - [The Guardian] Success with 'requests_browser'. Found content (412 words).
2025-11-28 10:28:36,559 - INFO - DEDUPLICATION: Found match (Score: 0.92). Linking to Cluster ID: f02e647e-7026-4d9a-b1cc-3ab51f1731b4
2025-11-28 10:28:36,562 - INFO - Saved article: Hong Kong tower blocks fire death toll rises to 128 from BBC
2025-11-28 10:28:37,153 - INFO - [BBC] Article: https://www.bbc.com/news/articles/cn8e5j20g27o?at_medium=RSS&at_campaign=rss
2025-11-28 10:28:37,153 - INFO - [BBC] Attempt 1/1: Trying with 'requests_browser' strategy...
2025-11-28 10:28:37,212 - INFO - [BBC] Success with 'requests_browser'. Found content (814 words).
2025-11-28 10:28:50,474 - INFO - Saved article: TMC claims 40 SIR-related deaths in West Bengal; says CEC has ‘blood on his hands’ - The Hindu from The Hindu
2025-11-28 10:28:51,069 - INFO - [The Hindu] Article: https://www.thehindu.com/news/national/telangana/major-multi-state-raids-disrupt-nationwide-drug-cartel-network-run-by-nigerian-handlers/article70334055.ece
2025-11-28 10:28:51,069 - INFO - [The Hindu] Attempt 1/1: Trying with 'selenium_browser' strategy...
2025-11-28 10:28:52,554 - INFO - [The Hindu] Page content loaded.
2025-11-28 10:28:52,698 - INFO - [The Hindu] Success with 'selenium_browser'. Found content (672 words).
2025-11-28 10:29:06,196 - INFO - Saved article: Human washing machine goes on sale in Japan - The Times of India from Times of India
2025-11-28 10:29:06,197 - INFO - Duplicate article skipped: Guinea-Bissau military takes ‘total control’ amid election chaos | Guinea-Bissau | The Guardian from The Guardian
2025-11-28 10:29:06,198 - INFO - Duplicate article skipped: Hong Kong fire: Anger and unanswered questions from BBC
2025-11-28 10:29:06,999 - INFO - [BBC] Article: https://www.bbc.com/news/articles/cdxweyy157go?at_medium=RSS&at_campaign=rss
2025-11-28 10:29:06,999 - INFO - [BBC] Attempt 1/1: Trying with 'requests_browser' strategy...
2025-11-28 10:29:07,085 - INFO - [BBC] Success with 'requests_browser'. Found content (706 words).
2025-11-28 10:29:07,164 - INFO - [Times of India] Article: https://timesofindia.indiatimes.com/world/middle-east/dubai-metro-new-rules-for-eid-al-etihad-timings-luggage-rules-and-routes-explained/articleshow/125635089.cms
2025-11-28 10:29:07,164 - INFO - [Times of India] Attempt 1/1: Trying with 'selenium_browser' strategy...
2025-11-28 10:29:07,321 - INFO - [The Guardian] Article: https://www.theguardian.com/world/2025/nov/25/nigerian-schoolgirls-rescued-after-mass-abduction-in-kebbi
2025-11-28 10:29:07,321 - INFO - [The Guardian] Attempt 1/1: Trying with 'requests_browser' strategy...
2025-11-28 10:29:07,380 - INFO - [The Guardian] Success with 'requests_browser'. Found content (515 words).
2025-11-28 10:29:12,164 - INFO - [Times of India] Page content loaded.
2025-11-28 10:29:13,679 - INFO - [Times of India] Success with 'selenium_browser'. Found content (533 words).
2025-11-28 10:29:25,075 - INFO - DEDUPLICATION: Found match (Score: 0.74). Linking to Cluster ID: fb733b8b-ce52-4aa8-97aa-f9fbdf0addab
2025-11-28 10:29:25,077 - INFO - Saved article: Major multi-State raids disrupt nationwide drug cartel network run by Nigerian handlers in India - The Hindu from The Hindu
2025-11-28 10:29:25,077 - INFO - Duplicate article skipped: Trump says US will 'permanently pause migration' from 'third world countries' from BBC
2025-11-28 10:29:25,078 - INFO - Duplicate article skipped: Nigerian schoolgirls rescued after mass abduction in Kebbi | Nigeria | The Guardian from The Guardian
2025-11-28 10:29:25,806 - INFO - [The Hindu] Article: https://www.thehindu.com/news/cities/Mangalore/modi-in-udupi-hinting-at-pakistan-pm-says-india-knows-how-to-maintain-peace-and-protect-itself/article70334109.ece
2025-11-28 10:29:25,807 - INFO - [The Hindu] Attempt 1/1: Trying with 'selenium_browser' strategy...
2025-11-28 10:29:26,301 - INFO - [BBC] Article: https://www.bbc.com/news/articles/cwyx4y6007lo?at_medium=RSS&at_campaign=rss
2025-11-28 10:29:26,301 - INFO - [BBC] Attempt 1/1: Trying with 'requests_browser' strategy...
2025-11-28 10:29:26,355 - INFO - [BBC] Success with 'requests_browser'. Found content (972 words).
2025-11-28 10:29:26,398 - INFO - [The Guardian] Article: https://www.theguardian.com/world/2025/nov/25/jacob-zuma-daughter-accused-tricking-men-fighting-for-russia-in-ukraine
2025-11-28 10:29:26,398 - INFO - [The Guardian] Attempt 1/1: Trying with 'requests_browser' strategy...
2025-11-28 10:29:26,451 - INFO - [The Guardian] Success with 'requests_browser'. Found content (656 words).
2025-11-28 10:29:27,467 - INFO - [The Hindu] Page content loaded.
2025-11-28 10:29:27,805 - INFO - [The Hindu] Success with 'selenium_browser'. Found content (489 words).
2025-11-28 10:29:42,158 - INFO - DEDUPLICATION: Found match (Score: 0.80). Linking to Cluster ID: aae03402-42fd-40f6-af2e-eceb82c44f79
2025-11-28 10:29:42,161 - INFO - Saved article: Dubai metro new rules for Eid Al Etihad: Timings, luggage rules and routes explained | World News - The Times of India from Times of India
2025-11-28 10:29:42,161 - INFO - Duplicate article skipped: National Guard member dies after shooting in Washington DC from BBC
2025-11-28 10:29:42,161 - INFO - Duplicate article skipped: Jacob Zuma’s daughter accused of tricking men into fighting for Russia in Ukraine | South Africa | The Guardian from The Guardian
2025-11-28 10:29:42,739 - INFO - [BBC] Article: https://www.bbc.com/news/videos/cp9kxxy123do?at_medium=RSS&at_campaign=rss
2025-11-28 10:29:42,739 - INFO - [BBC] Attempt 1/1: Trying with 'requests_browser' strategy...
2025-11-28 10:29:42,800 - WARNING - [BBC] FAILED with 'requests_browser' (content was too short: 66 words).
2025-11-28 10:29:42,800 - ERROR - [BBC] All scrape strategies failed for https://www.bbc.com/news/videos/cp9kxxy123do?at_medium=RSS&at_campaign=rss. Falling back to RSS description.
2025-11-28 10:29:43,173 - INFO - [Times of India] Article: https://timesofindia.indiatimes.com/world/middle-east/explained-what-are-black-points-in-uae-and-how-to-check-them/articleshow/125634951.cms
2025-11-28 10:29:43,173 - INFO - [Times of India] Attempt 1/1: Trying with 'selenium_browser' strategy...
2025-11-28 10:29:43,244 - INFO - [The Guardian] Article: https://www.theguardian.com/uk-news/2025/nov/24/uk-rejects-nigerian-request-to-deport-former-politican-ike-ekweremadu-jailed-for-organ-trafficking
2025-11-28 10:29:43,244 - INFO - [The Guardian] Attempt 1/1: Trying with 'requests_browser' strategy...
2025-11-28 10:29:43,292 - INFO - [The Guardian] Success with 'requests_browser'. Found content (545 words).
2025-11-28 10:29:46,806 - INFO - [Times of India] Page content loaded.
2025-11-28 10:29:47,128 - INFO - [Times of India] Success with 'selenium_browser'. Found content (567 words).
2025-11-28 10:29:58,883 - INFO - DEDUPLICATION: Found match (Score: 0.75). Linking to Cluster ID: f7340447-a924-4d74-9320-16e200960f29
2025-11-28 10:29:58,886 - INFO - Saved article: Modi in Udupi: Hinting at Pakistan, PM says India knows how to maintain peace and protect itself - The Hindu from The Hindu
2025-11-28 10:29:59,785 - INFO - [The Hindu] Article: https://www.thehindu.com/news/national/tamil-nadu/state-wide-tours-of-nda-leaders-give-hope-for-change-of-power-in-tamil-nadu-says-gk-vasan/article70333828.ece
2025-11-28 10:29:59,785 - INFO - [The Hindu] Attempt 1/1: Trying with 'selenium_browser' strategy...
2025-11-28 10:30:05,313 - INFO - [The Hindu] Page content loaded.
2025-11-28 10:30:05,470 - INFO - [The Hindu] Success with 'selenium_browser'. Found content (257 words).
2025-11-28 10:30:16,564 - INFO - DEDUPLICATION: Found match (Score: 0.76). Linking to Cluster ID: 51d3e6a9-7c8d-4514-8322-48692a3966e8
2025-11-28 10:30:16,565 - INFO - Saved article: Scores killed as floods sweep several Asian nations from BBC
2025-11-28 10:30:16,565 - INFO - Duplicate article skipped: UK rejects Nigerian request to deport former politican jailed for organ trafficking | UK news | The Guardian from The Guardian
2025-11-28 10:30:17,219 - INFO - [BBC] Article: https://www.bbc.com/news/articles/c058lp086zvo?at_medium=RSS&at_campaign=rss
2025-11-28 10:30:17,219 - INFO - [BBC] Attempt 1/1: Trying with 'requests_browser' strategy...
2025-11-28 10:30:17,265 - INFO - [BBC] Success with 'requests_browser'. Found content (526 words).
2025-11-28 10:30:17,657 - INFO - [The Guardian] Article: https://www.theguardian.com/world/2025/nov/28/st-vincent-caribbean-opposition-party-celebrates-historic-election-win
2025-11-28 10:30:17,658 - INFO - [The Guardian] Attempt 1/1: Trying with 'requests_browser' strategy...
2025-11-28 10:30:17,697 - INFO - [The Guardian] Success with 'requests_browser'. Found content (497 words).
2025-11-28 10:30:31,242 - INFO - DEDUPLICATION: Found match (Score: 0.79). Linking to Cluster ID: 6b20d3d7-2d35-472e-b3c1-d3f694e0bf6a
2025-11-28 10:30:31,244 - INFO - Saved article: Explained: What are black points in UAE and how to check them | World News - The Times of India from Times of India
2025-11-28 10:30:32,327 - INFO - [Times of India] Article: https://timesofindia.indiatimes.com/world/middle-east/sharjah-police-announce-black-points-waiver-and-fine-discounts-for-uaes-54th-national-day/articleshow/125631206.cms
2025-11-28 10:30:32,327 - INFO - [Times of India] Attempt 1/1: Trying with 'selenium_browser' strategy...
2025-11-28 10:30:33,742 - INFO - [Times of India] Page content loaded.
2025-11-28 10:30:33,923 - INFO - [Times of India] Success with 'selenium_browser'. Found content (436 words).
2025-11-28 10:30:48,860 - INFO - Saved article: State-wide tours of NDA leaders give hope for change of power in Tamil Nadu, says G.K. Vasan - The Hindu from The Hindu
2025-11-28 10:30:48,861 - INFO - Duplicate article skipped: Ukraine anti-corruption agents search home of Zelensky's top adviser Yermak from BBC
2025-11-28 10:30:48,861 - INFO - Duplicate article skipped: St Vincent opposition party celebrates historic election win | St Vincent and the Grenadines | The Guardian from The Guardian
2025-11-28 10:30:48,861 - INFO - Duplicate article skipped: Sharjah police announce black points waiver and fine discounts for UAE’s 54th National Day | World News - The Times of India from Times of India
2025-11-28 10:30:49,517 - INFO - [The Hindu] Article: https://www.thehindu.com/news/national/kerala/special-squads-in-action-against-illicit-liquor-trade-in-kerala-ahead-of-local-body-polls/article70334086.ece
2025-11-28 10:30:49,517 - INFO - [The Hindu] Attempt 1/1: Trying with 'selenium_browser' strategy...
2025-11-28 10:30:49,706 - INFO - [Times of India] Article: https://timesofindia.indiatimes.com/world/rest-of-world/hong-kong-tragedy-fire-alarms-of-affected-buildings-failed-toll-rises-to-128/articleshow/125632887.cms
2025-11-28 10:30:49,706 - INFO - [Times of India] Attempt 1/1: Trying with 'selenium_browser' strategy...
2025-11-28 10:30:49,762 - INFO - [The Guardian] Article: https://www.theguardian.com/world/2025/nov/27/st-vincent-prime-minister-seeks-record-sixth-term-in-tight-election
2025-11-28 10:30:49,762 - INFO - [The Guardian] Attempt 1/1: Trying with 'requests_browser' strategy...
2025-11-28 10:30:49,843 - INFO - [The Guardian] Success with 'requests_browser'. Found content (676 words).
2025-11-28 10:30:49,928 - INFO - [BBC] Article: https://www.bbc.com/news/articles/clyz7njqwvvo?at_medium=RSS&at_campaign=rss
2025-11-28 10:30:49,929 - INFO - [BBC] Attempt 1/1: Trying with 'requests_browser' strategy...
2025-11-28 10:30:50,011 - INFO - Duplicate article skipped: St Vincent prime minister seeks record sixth term in tight election | St Vincent and the Grenadines | The Guardian from The Guardian
2025-11-28 10:30:50,042 - INFO - [BBC] Success with 'requests_browser'. Found content (344 words).
2025-11-28 10:30:50,155 - INFO - Duplicate article skipped: Japan's same-sex marriage ban is constitutional, says Tokyo court from BBC
2025-11-28 10:30:50,656 - INFO - [BBC] Article: https://www.bbc.com/news/articles/clyd4llgrego?at_medium=RSS&at_campaign=rss
2025-11-28 10:30:50,657 - INFO - [BBC] Attempt 1/1: Trying with 'requests_browser' strategy...
2025-11-28 10:30:50,703 - INFO - [The Hindu] Page content loaded.
2025-11-28 10:30:50,710 - INFO - [BBC] Success with 'requests_browser'. Found content (415 words).
2025-11-28 10:30:50,887 - INFO - [The Guardian] Article: https://www.theguardian.com/politics/2025/nov/28/uk-home-office-rejects-visa-young-girl-destitute-jamaica-hurricane-melissa
2025-11-28 10:30:50,887 - INFO - [The Guardian] Attempt 1/1: Trying with 'requests_browser' strategy...
2025-11-28 10:30:50,954 - INFO - [The Hindu] Success with 'selenium_browser'. Found content (392 words).
2025-11-28 10:30:51,039 - INFO - [The Guardian] Success with 'requests_browser'. Found content (550 words).
2025-11-28 10:30:53,061 - INFO - [Times of India] Page content loaded.
2025-11-28 10:30:53,685 - INFO - [Times of India] Success with 'selenium_browser'. Found content (578 words).
2025-11-28 10:31:13,915 - INFO - Saved article: Louvre to hike ticket prices for most non-EU tourists by 45% from BBC
2025-11-28 10:31:15,307 - INFO - [BBC] Article: https://www.bbc.com/news/articles/c741m97lk42o?at_medium=RSS&at_campaign=rss
2025-11-28 10:31:15,308 - INFO - [BBC] Attempt 1/1: Trying with 'requests_browser' strategy...
2025-11-28 10:31:15,360 - INFO - [BBC] Success with 'requests_browser'. Found content (599 words).
2025-11-28 10:31:28,187 - INFO - Saved article: Special squads in action against illicit liquor trade in Kerala ahead of local body polls - The Hindu from The Hindu
2025-11-28 10:31:28,187 - INFO - Duplicate article skipped: UK rejects visa for girl left destitute in Jamaica by Hurricane Melissa | Home Office | The Guardian from The Guardian
2025-11-28 10:31:28,187 - INFO - Duplicate article skipped: Hong Kong tragedy: Fire alarms of affected buildings failed; toll rises to 128 - The Times of India from Times of India
2025-11-28 10:31:28,187 - INFO - Duplicate article skipped: Guinea-Bissau’s ousted President Umaro Sissoco Embaló flees to Senegal after coup from BBC
2025-11-28 10:31:28,861 - INFO - [Times of India] Article: https://timesofindia.indiatimes.com/world/rest-of-world/sri-lanka-56-killed-as-floods-landslides-triggered-by-torrential-rains-batter-the-island-dozens-missing/articleshow/125628919.cms
2025-11-28 10:31:28,861 - INFO - [Times of India] Attempt 1/1: Trying with 'selenium_browser' strategy...
2025-11-28 10:31:29,410 - INFO - [The Hindu] Article: https://www.thehindu.com/news/national/union-defence-minister-rajnath-singh-at-chanakya-defence-dialogue/article70334181.ece
2025-11-28 10:31:29,410 - INFO - [The Hindu] Attempt 1/1: Trying with 'selenium_browser' strategy...
2025-11-28 10:31:29,511 - INFO - [BBC] Article: https://www.bbc.com/news/articles/c1w9qe7n984o?at_medium=RSS&at_campaign=rss
2025-11-28 10:31:29,511 - INFO - [BBC] Attempt 1/1: Trying with 'requests_browser' strategy...
2025-11-28 10:31:29,552 - INFO - [BBC] Success with 'requests_browser'. Found content (796 words).
2025-11-28 10:31:29,589 - INFO - [The Guardian] Article: https://www.theguardian.com/world/2025/nov/27/mark-carney-alberta-oil-pipeline-deal-canada-first-nations
2025-11-28 10:31:29,595 - INFO - [The Guardian] Attempt 1/1: Trying with 'requests_browser' strategy...
2025-11-28 10:31:29,597 - INFO - Duplicate article skipped: Quebec moves to expand secularism law, limit public prayer from BBC
2025-11-28 10:31:29,641 - INFO - [The Guardian] Success with 'requests_browser'. Found content (723 words).
2025-11-28 10:31:29,715 - INFO - Duplicate article skipped: Canada minister resigns from cabinet over Carney’s controversial oil pipeline deal | Canada | The Guardian from The Guardian
2025-11-28 10:31:30,535 - INFO - [Times of India] Page content loaded.
2025-11-28 10:31:30,695 - INFO - [Times of India] Success with 'selenium_browser'. Found content (255 words).
2025-11-28 10:31:30,774 - INFO - Duplicate article skipped: Sri Lanka: 56 killed as floods, landslides triggered by torrential rains batter the island; dozens missing - The Times of India from Times of India
2025-11-28 10:31:30,924 - INFO - [BBC] Article: https://www.bbc.com/news/articles/c8dyqzm0rp4o?at_medium=RSS&at_campaign=rss
2025-11-28 10:31:30,924 - INFO - [BBC] Attempt 1/1: Trying with 'requests_browser' strategy...
2025-11-28 10:31:30,935 - INFO - [The Guardian] Article: https://www.theguardian.com/world/2025/nov/27/perus-ousted-president-of-the-poor-gets-11-year-sentence-for-rebellion
2025-11-28 10:31:30,935 - INFO - [The Guardian] Attempt 1/1: Trying with 'requests_browser' strategy...
2025-11-28 10:31:31,009 - INFO - [The Hindu] Page content loaded.
2025-11-28 10:31:31,056 - INFO - [BBC] Success with 'requests_browser'. Found content (392 words).
2025-11-28 10:31:31,106 - INFO - [The Guardian] Success with 'requests_browser'. Found content (346 words).
2025-11-28 10:31:31,153 - INFO - Duplicate article skipped: West Bank: Israeli troops kill two Palestinians after they appear to surrender from BBC
2025-11-28 10:31:31,193 - INFO - Duplicate article skipped: Peru’s ousted ‘president of the poor’ gets 11-year sentence for rebellion | Peru | The Guardian from The Guardian
2025-11-28 10:31:31,288 - INFO - [The Hindu] Success with 'selenium_browser'. Found content (275 words).
2025-11-28 10:31:31,736 - INFO - [Times of India] Article: https://timesofindia.indiatimes.com/world/middle-east/emirates-celebrates-54th-uae-national-day-with-special-inflight-food-and-entertainment/articleshow/125632515.cms
2025-11-28 10:31:31,736 - INFO - [Times of India] Attempt 1/1: Trying with 'selenium_browser' strategy...
2025-11-28 10:31:31,874 - INFO - [BBC] Article: https://www.bbc.com/news/articles/cp84nl57v0lo?at_medium=RSS&at_campaign=rss
2025-11-28 10:31:31,874 - INFO - [BBC] Attempt 1/1: Trying with 'requests_browser' strategy...
2025-11-28 10:31:31,960 - INFO - [BBC] Success with 'requests_browser'. Found content (751 words).
2025-11-28 10:31:32,195 - INFO - [The Guardian] Article: https://www.theguardian.com/news/2025/nov/28/hong-kong-apartment-fire-response-rescue-operations-death-toll
2025-11-28 10:31:32,195 - INFO - [The Guardian] Attempt 1/1: Trying with 'requests_browser' strategy...
2025-11-28 10:31:32,328 - INFO - [The Guardian] Success with 'requests_browser'. Found content (1002 words).
2025-11-28 10:31:51,610 - INFO - Saved article: India has become voice of balance and responsibility in current global environment, says Rajnath Singh - The Hindu from The Hindu
2025-11-28 10:31:51,610 - INFO - Duplicate article skipped: Putin doubles down on demands for Ukrainian territory ahead of talks with US from BBC
2025-11-28 10:31:51,611 - INFO - Duplicate article skipped: Rescue efforts end at Hong Kong tower block fire as death toll reaches 128 | Hong Kong apartment fires | The Guardian from The Guardian
2025-11-28 10:31:52,749 - INFO - [The Guardian] Article: https://www.theguardian.com/world/2025/nov/28/bear-attacks-man-public-toilet-japan
2025-11-28 10:31:52,749 - INFO - [The Guardian] Attempt 1/1: Trying with 'requests_browser' strategy...
2025-11-28 10:31:52,781 - INFO - [The Guardian] Success with 'requests_browser'. Found content (373 words).
2025-11-28 10:31:52,816 - INFO - Duplicate article skipped: Bear attacks man in public toilet in Japan | Japan | The Guardian from The Guardian
2025-11-28 10:31:53,059 - INFO - [The Hindu] Article: https://www.thehindu.com/news/national/tamil-nadu/sengottaiyans-entry-into-tvk-may-not-affect-aiadmk-but-benefit-vijay-experts/article70333893.ece
2025-11-28 10:31:53,059 - INFO - [The Hindu] Attempt 1/1: Trying with 'selenium_browser' strategy...
2025-11-28 10:31:53,096 - INFO - [BBC] Article: https://www.bbc.com/news/articles/c0edw7g7z79o?at_medium=RSS&at_campaign=rss
2025-11-28 10:31:53,097 - INFO - [BBC] Attempt 1/1: Trying with 'requests_browser' strategy...
2025-11-28 10:31:53,226 - INFO - [BBC] Success with 'requests_browser'. Found content (1054 words).
2025-11-28 10:31:53,457 - INFO - Duplicate article skipped: France brings back limited military service with 3,000 volunteers next year from BBC
2025-11-28 10:31:53,939 - INFO - [The Guardian] Article: https://www.theguardian.com/world/2025/nov/28/china-civil-service-exam-age-limit-changed
2025-11-28 10:31:53,939 - INFO - [The Guardian] Attempt 1/1: Trying with 'requests_browser' strategy...
2025-11-28 10:31:53,974 - INFO - [The Guardian] Success with 'requests_browser'. Found content (763 words).
2025-11-28 10:31:54,032 - INFO - Duplicate article skipped: Millions in China cram for civil service exam and the hope of a job for life | China | The Guardian from The Guardian
2025-11-28 10:31:54,120 - INFO - [The Hindu] Page content loaded.
2025-11-28 10:31:54,404 - INFO - [The Hindu] Success with 'selenium_browser'. Found content (352 words).
2025-11-28 10:31:54,753 - INFO - [BBC] Article: https://www.bbc.com/news/articles/cd0keyern0do?at_medium=RSS&at_campaign=rss
2025-11-28 10:31:54,753 - INFO - [BBC] Attempt 1/1: Trying with 'requests_browser' strategy...
2025-11-28 10:31:54,818 - INFO - [BBC] Success with 'requests_browser'. Found content (511 words).
2025-11-28 10:31:55,458 - INFO - [The Guardian] Article: https://www.theguardian.com/world/2025/nov/28/flash-flooding-sumatra-death-toll-rises
2025-11-28 10:31:55,458 - INFO - [The Guardian] Attempt 1/1: Trying with 'requests_browser' strategy...
2025-11-28 10:31:55,579 - INFO - [The Guardian] Success with 'requests_browser'. Found content (785 words).
2025-11-28 10:32:09,830 - INFO - Saved article: Sengottaiyan’s entry into TVK may not affect AIADMK but benefit Vijay: experts - The Hindu from The Hindu
2025-11-28 10:32:09,830 - INFO - Duplicate article skipped: Venezuela bans six major airlines after tensions with US escalate from BBC
2025-11-28 10:32:09,830 - INFO - Duplicate article skipped: Flash flooding in Sumatra kills 69 as rescue crews search rivers for survivors | Indonesia | The Guardian from The Guardian
2025-11-28 10:32:10,706 - INFO - [BBC] Article: https://www.bbc.com/news/articles/c0edw348pewo?at_medium=RSS&at_campaign=rss
2025-11-28 10:32:10,706 - INFO - [BBC] Attempt 1/1: Trying with 'requests_browser' strategy...
2025-11-28 10:32:10,740 - INFO - [BBC] Success with 'requests_browser'. Found content (495 words).
2025-11-28 10:32:10,762 - INFO - [The Hindu] Article: https://www.thehindu.com/news/national/andhra-pradesh/andhra-pradesh-chambers-delegation-submits-pre-budget-representation-to-nirmala-sitharaman/article70333922.ece
2025-11-28 10:32:10,762 - INFO - [The Hindu] Attempt 1/1: Trying with 'selenium_browser' strategy...
2025-11-28 10:32:10,781 - INFO - Duplicate article skipped: US-Palestinian teen freed after nine months in Israeli jail from BBC
2025-11-28 10:32:10,844 - INFO - [The Guardian] Article: https://www.theguardian.com/news/2025/nov/27/hong-kong-fire-tai-po-police-blame-construction-company
2025-11-28 10:32:10,845 - INFO - [The Guardian] Attempt 1/1: Trying with 'requests_browser' strategy...
2025-11-28 10:32:10,901 - INFO - [The Guardian] Success with 'requests_browser'. Found content (975 words).
2025-11-28 10:32:11,041 - INFO - Duplicate article skipped: Hong Kong police say unsafe scaffolding and foam may have spread fire that killed at least 94 | Hong Kong apartment fires | The Guardian from The Guardian
2025-11-28 10:32:12,021 - INFO - [The Guardian] Article: https://www.theguardian.com/australia-news/2025/nov/28/bondi-junction-stabbings-joel-cauchi-inquest-drug-use
2025-11-28 10:32:12,021 - INFO - [The Guardian] Attempt 1/1: Trying with 'requests_browser' strategy...
2025-11-28 10:32:12,068 - INFO - [The Guardian] Success with 'requests_browser'. Found content (901 words).
2025-11-28 10:32:12,131 - INFO - Duplicate article skipped: Bondi Junction stabbings: ‘10 seconds warning’ from security could have saved lives, inquest hears | Bondi Junction stabbings | The Guardian from The Guardian
2025-11-28 10:32:12,199 - INFO - [BBC] Article: https://www.bbc.com/news/articles/cdd560nvqqdo?at_medium=RSS&at_campaign=rss
2025-11-28 10:32:12,200 - INFO - [BBC] Attempt 1/1: Trying with 'requests_browser' strategy...
2025-11-28 10:32:12,348 - INFO - [BBC] Success with 'requests_browser'. Found content (1894 words).
2025-11-28 10:32:12,407 - INFO - Duplicate article skipped: Year after ceasefire, peace eludes south Lebanon as Israeli strikes continue from BBC
2025-11-28 10:32:12,417 - INFO - [The Hindu] Page content loaded.
2025-11-28 10:32:12,511 - INFO - [The Hindu] Success with 'selenium_browser'. Found content (245 words).
2025-11-28 10:32:12,584 - INFO - Duplicate article skipped: Andhra Pradesh Chambers delegation submits pre-Budget representation to Nirmala Sitharaman - The Hindu from The Hindu
2025-11-28 10:32:13,132 - INFO - [The Guardian] Article: https://www.theguardian.com/australia-news/live/2025/nov/28/australia-news-live-storms-hail-queensland-environment-laws-anthony-albanese-labor-greens-sussan-ley-coalition-ntwnfb
2025-11-28 10:32:13,133 - INFO - [The Guardian] Attempt 1/1: Trying with 'requests_browser' strategy...
2025-11-28 10:32:13,418 - INFO - [The Guardian] Success with 'requests_browser'. Found content (1988 words).
2025-11-28 10:32:13,605 - INFO - Duplicate article skipped: Barnaby Joyce’s exit from the Nationals ‘almost a Greek tragedy’, Michael McCormack says – as it happened | Australia news | The Guardian from The Guardian
2025-11-28 10:32:13,668 - INFO - [BBC] Article: https://www.bbc.com/news/articles/cy5g3076lqzo?at_medium=RSS&at_campaign=rss
2025-11-28 10:32:13,668 - INFO - [BBC] Attempt 1/1: Trying with 'requests_browser' strategy...
2025-11-28 10:32:13,922 - INFO - [The Hindu] Article: https://www.thehindu.com/news/cities/bangalore/67-kg-hydro-ganja-in-10-days-bengaluru-customs-nets-massive-drug-hauls-in-airport-interceptions/article70333731.ece
2025-11-28 10:32:13,922 - INFO - [The Hindu] Attempt 1/1: Trying with 'selenium_browser' strategy...
2025-11-28 10:32:14,003 - INFO - [BBC] Success with 'requests_browser'. Found content (736 words).
2025-11-28 10:32:14,071 - INFO - Duplicate article skipped: Pope Leo visits Turkey and warns humanity at stake from high level of conflict from BBC
2025-11-28 10:32:14,702 - INFO - [The Guardian] Article: https://www.theguardian.com/australia-news/2025/nov/28/jai-wright-police-officer-guilty-causing-indigenous-teenager-death-ntwnfb
2025-11-28 10:32:14,702 - INFO - [The Guardian] Attempt 1/1: Trying with 'requests_browser' strategy...
2025-11-28 10:32:14,742 - INFO - [The Guardian] Success with 'requests_browser'. Found content (639 words).
2025-11-28 10:32:14,810 - INFO - Duplicate article skipped: Police sergeant found guilty of causing death of 16-year-old Indigenous teenager Jai Wright | Australian police and policing | The Guardian from The Guardian
2025-11-28 10:32:15,401 - INFO - [BBC] Article: https://www.bbc.com/news/articles/cvg164nvj77o?at_medium=RSS&at_campaign=rss
2025-11-28 10:32:15,401 - INFO - [BBC] Attempt 1/1: Trying with 'requests_browser' strategy...
2025-11-28 10:32:15,588 - INFO - [BBC] Success with 'requests_browser'. Found content (820 words).
2025-11-28 10:32:15,700 - INFO - Duplicate article skipped: Guinea-Bissau army general named president a day after apparent coup from BBC
2025-11-28 10:32:15,734 - INFO - [The Hindu] Page content loaded.
2025-11-28 10:32:15,817 - INFO - [The Hindu] Success with 'selenium_browser'. Found content (340 words).
2025-11-28 10:32:15,937 - INFO - Duplicate article skipped: 67 kg hydro ganja in 10 days: Bengaluru Customs nets massive drug hauls in airport interceptions - The Hindu from The Hindu
2025-11-28 10:32:16,272 - INFO - [The Guardian] Article: https://www.theguardian.com/australia-news/2025/nov/28/father-jailed-homemade-gun-misfires-kills-pregnant-woman
2025-11-28 10:32:16,272 - INFO - [The Guardian] Attempt 1/1: Trying with 'requests_browser' strategy...
2025-11-28 10:32:16,309 - INFO - [The Guardian] Success with 'requests_browser'. Found content (546 words).
2025-11-28 10:32:16,353 - INFO - Duplicate article skipped: Victorian man jailed after homemade gun misfires and kills his pregnant partner | Victoria | The Guardian from The Guardian
2025-11-28 10:32:16,572 - INFO - [BBC] Article: https://www.bbc.com/news/articles/cx2dndy228xo?at_medium=RSS&at_campaign=rss
2025-11-28 10:32:16,573 - INFO - [BBC] Attempt 1/1: Trying with 'requests_browser' strategy...
2025-11-28 10:32:16,612 - INFO - [BBC] Success with 'requests_browser'. Found content (1290 words).
2025-11-28 10:32:17,320 - INFO - [The Hindu] Article: https://www.thehindu.com/news/international/will-pm-modi-take-up-south-africas-cause-with-good-friend-trump-asks-congress/article70333695.ece
2025-11-28 10:32:17,320 - INFO - [The Hindu] Attempt 1/1: Trying with 'selenium_browser' strategy...
2025-11-28 10:32:17,571 - INFO - [The Guardian] Article: https://www.theguardian.com/australia-news/2025/nov/28/sydney-blacktown-daylight-shooting-man-dead-ntwnfb
2025-11-28 10:32:17,573 - INFO - [The Guardian] Attempt 1/1: Trying with 'requests_browser' strategy...
2025-11-28 10:32:17,622 - INFO - [The Guardian] Success with 'requests_browser'. Found content (287 words).
2025-11-28 10:32:21,650 - INFO - [The Hindu] Page content loaded.
2025-11-28 10:32:21,894 - INFO - [The Hindu] Success with 'selenium_browser'. Found content (546 words).
2025-11-28 10:32:34,723 - INFO - Saved article: South Africans in Ukraine: 'Scared and desperate' after allegedly being duped by Zuma's daughter to fight for Russia from BBC
2025-11-28 10:32:34,723 - INFO - Duplicate article skipped: Man dead and two under arrest after daylight shooting on suburban Sydney street | New South Wales | The Guardian from The Guardian
2025-11-28 10:32:34,724 - INFO - Duplicate article skipped: Will PM Modi take up South Africa's cause with ‘good friend’ Trump, asks Congress - The Hindu from The Hindu
2025-11-28 10:32:35,777 - INFO - [The Hindu] Article: https://www.thehindu.com/news/national/kerala/congress-in-kerala-walks-a-tight-rope-as-cpim-bjp-ramp-up-demand-for-mla-rahul-mamkootathils-resignation/article70333966.ece
2025-11-28 10:32:35,777 - INFO - [The Hindu] Attempt 1/1: Trying with 'selenium_browser' strategy...
2025-11-28 10:32:36,136 - INFO - [BBC] Article: https://www.bbc.com/news/articles/cj9y0pjzmdro?at_medium=RSS&at_campaign=rss
2025-11-28 10:32:36,137 - INFO - [BBC] Attempt 1/1: Trying with 'requests_browser' strategy...
2025-11-28 10:32:36,187 - INFO - [BBC] Success with 'requests_browser'. Found content (1164 words).
2025-11-28 10:32:36,249 - INFO - Duplicate article skipped: 'Hang in there': Agonising wait for hundreds missing after Hong Kong blaze from BBC
2025-11-28 10:32:37,446 - INFO - [The Hindu] Page content loaded.
2025-11-28 10:32:37,518 - INFO - [The Hindu] Success with 'selenium_browser'. Found content (446 words).
2025-11-28 10:32:37,632 - INFO - Duplicate article skipped: Congress in Kerala walks a tight rope as CPI(M), BJP ramp up demand for MLA Rahul Mamkootathil’s resignation - The Hindu from The Hindu
2025-11-28 10:32:38,713 - INFO - [The Hindu] Article: https://www.thehindu.com/news/national/russian-president-vladimir-putin-to-visit-india-on-december-4-5/article70333927.ece
2025-11-28 10:32:38,713 - INFO - [The Hindu] Attempt 1/1: Trying with 'selenium_browser' strategy...
2025-11-28 10:32:39,286 - INFO - [The Hindu] Page content loaded.
2025-11-28 10:32:39,367 - INFO - [The Hindu] Success with 'selenium_browser'. Found content (298 words).
2025-11-28 10:32:39,460 - INFO - Duplicate article skipped: Russian President Vladimir Putin to visit India on December 4-5 - The Hindu from The Hindu
2025-11-28 10:32:40,626 - INFO - [The Hindu] Article: https://www.thehindu.com/news/national/andhra-pradesh/widespread-rain-with-isolated-very-heavy-falls-likely-over-south-coastal-andhra-due-to-ditwah/article70333868.ece
2025-11-28 10:32:40,626 - INFO - [The Hindu] Attempt 1/1: Trying with 'selenium_browser' strategy...
2025-11-28 10:32:42,198 - INFO - [The Hindu] Page content loaded.
2025-11-28 10:32:42,437 - INFO - [The Hindu] Success with 'selenium_browser'. Found content (607 words).
2025-11-28 10:32:42,727 - INFO - Duplicate article skipped: Widespread rain with isolated very heavy falls likely over south coastal Andhra under influence of Ditwah from November 29 - The Hindu from The Hindu
2025-11-28 10:32:43,438 - INFO - [The Hindu] Article: https://www.thehindu.com/news/national/andhra-pradesh/parakamani-theft-case-ttd-former-chairman-subba-reddy-appears-before-cid/article70333852.ece
2025-11-28 10:32:43,438 - INFO - [The Hindu] Attempt 1/1: Trying with 'selenium_browser' strategy...
2025-11-28 10:32:44,656 - INFO - [The Hindu] Page content loaded.
2025-11-28 10:32:44,746 - INFO - [The Hindu] Success with 'selenium_browser'. Found content (201 words).
2025-11-28 10:32:44,834 - INFO - Duplicate article skipped: Parakamani theft case: TTD former chairman Subba Reddy appears before CID - The Hindu from The Hindu
2025-11-28 10:32:46,130 - INFO - [The Hindu] Article: https://www.thehindu.com/news/national/tamil-nadu/kodanad-heist-cum-murder-case-two-accused-men-sayan-manoj-cleared-of-charges-of-intimidating-witness/article70333732.ece
2025-11-28 10:32:46,131 - INFO - [The Hindu] Attempt 1/1: Trying with 'selenium_browser' strategy...
2025-11-28 10:32:59,975 - CRITICAL - --- TIMEOUT: 2 scrape jobs did not complete in 300s. ---
2025-11-28 10:32:59,975 - ERROR - A thread has timed out and will be abandoned.
2025-11-28 10:32:59,975 - ERROR - A thread has timed out and will be abandoned.
2025-11-28 10:32:59,975 - INFO - Shutting down thread pool (wait=False)...
2025-11-28 10:32:59,975 - INFO - Scraped: 4 BBC, 1 The Guardian, 2 Timed_Out_Jobs articles. (Total saved: 5)
2025-11-28 10:32:59,975 - INFO - --- Scraping job finished ---
2025-11-28 10:32:59,976 - INFO - --- Scraper service stopped and database connection closed. ---
2025-11-28 10:32:59,976 - INFO - --- Main thread finished. Forcing process exit to kill zombie threads. ---
