2025-11-27 13:35:59,609 - INFO - Loading AI Semantic Model (all-MiniLM-L6-v2)...
2025-11-27 13:35:59,610 - INFO - Use pytorch device_name: cpu
2025-11-27 13:35:59,610 - INFO - Load pretrained SentenceTransformer: all-MiniLM-L6-v2
2025-11-27 13:36:00,206 - INFO - AI Model loaded successfully.
2025-11-27 13:36:00,206 - INFO - Initializing database connection at: news_articles.db
2025-11-27 13:36:00,206 - INFO - --- Scraper service started (CI Mode: Run Once) ---
2025-11-27 13:36:00,207 - INFO - --- Starting new scraping job (Parallel Mode) ---
2025-11-27 13:36:00,207 - INFO - Creating new robust session with 3 retries on 5xx/connection/read errors.
2025-11-27 13:36:00,207 - INFO - Proxy is DISABLED.
2025-11-27 13:36:00,207 - INFO - Starting scrape for BBC RSS feed: http://feeds.bbci.co.uk/news/world/rss.xml
2025-11-27 13:36:00,208 - INFO - [Times of India] (Thread) requires Selenium. Initializing driver...
2025-11-27 13:36:00,208 - INFO - Initializing headless Selenium Chrome driver (using SeleniumManager)...
2025-11-27 13:36:00,209 - INFO - Starting scrape for The Guardian RSS feed: https://www.theguardian.com/world/rss
2025-11-27 13:36:00,210 - INFO - [The Hindu] (Thread) requires Selenium. Initializing driver...
2025-11-27 13:36:00,210 - INFO - Submitted 4 jobs to thread pool. Waiting up to 300s for completion...
2025-11-27 13:36:00,210 - INFO - Initializing headless Selenium Chrome driver (using SeleniumManager)...
2025-11-27 13:36:00,359 - INFO - Found 45 articles in The Guardian RSS feed. Processing up to 20.
2025-11-27 13:36:00,359 - INFO - [The Guardian] Article: https://www.theguardian.com/world/2025/nov/26/guinea-bissau-officers-take-total-control-close-borders-amid-election-chaos
2025-11-27 13:36:00,359 - INFO - [The Guardian] Attempt 1/1: Trying with 'requests_browser' strategy...
2025-11-27 13:36:00,391 - INFO - [The Guardian] Success with 'requests_browser'. Found content (412 words).
2025-11-27 13:36:00,432 - INFO - Duplicate article skipped: Guinea-Bissau military takes ‘total control’ amid election chaos | Guinea-Bissau | The Guardian from The Guardian
2025-11-27 13:36:00,499 - INFO - Found 31 articles in BBC RSS feed. Processing up to 20.
2025-11-27 13:36:00,499 - INFO - [BBC] Article: https://www.bbc.com/news/articles/cvg165d7ppvo?at_medium=RSS&at_campaign=rss
2025-11-27 13:36:00,499 - INFO - [BBC] Attempt 1/1: Trying with 'requests_browser' strategy...
2025-11-27 13:36:01,007 - INFO - [BBC] Success with 'requests_browser'. Found content (978 words).
2025-11-27 13:36:01,049 - INFO - Duplicate article skipped: Hong Kong: At least 65 dead and hundreds missing after fire engulfs tower blocks from BBC
2025-11-27 13:36:01,700 - INFO - [The Guardian] Article: https://www.theguardian.com/world/2025/nov/25/nigerian-schoolgirls-rescued-after-mass-abduction-in-kebbi
2025-11-27 13:36:01,700 - INFO - [The Guardian] Attempt 1/1: Trying with 'requests_browser' strategy...
2025-11-27 13:36:01,742 - INFO - [The Guardian] Success with 'requests_browser'. Found content (515 words).
2025-11-27 13:36:01,803 - INFO - Duplicate article skipped: Nigerian schoolgirls rescued after mass abduction in Kebbi | Nigeria | The Guardian from The Guardian
2025-11-27 13:36:01,894 - INFO - [BBC] Article: https://www.bbc.com/news/videos/c3w7e2p48l7o?at_medium=RSS&at_campaign=rss
2025-11-27 13:36:01,894 - INFO - [BBC] Attempt 1/1: Trying with 'requests_browser' strategy...
2025-11-27 13:36:01,949 - INFO - [BBC] Success with 'requests_browser'. Found content (148 words).
2025-11-27 13:36:03,229 - INFO - [The Guardian] Article: https://www.theguardian.com/world/2025/nov/25/jacob-zuma-daughter-accused-tricking-men-fighting-for-russia-in-ukraine
2025-11-27 13:36:03,229 - INFO - [The Guardian] Attempt 1/1: Trying with 'requests_browser' strategy...
2025-11-27 13:36:03,275 - INFO - [The Guardian] Success with 'requests_browser'. Found content (656 words).
2025-11-27 13:36:08,543 - INFO - DEDUPLICATION: Found match (Score: 0.85). Linking to Cluster ID: f02e647e-7026-4d9a-b1cc-3ab51f1731b4
2025-11-27 13:36:08,544 - INFO - Saved article: Video shows speed fire spreads in Hong Kong tower block from BBC
2025-11-27 13:36:08,545 - INFO - Duplicate article skipped: Jacob Zuma’s daughter accused of tricking men into fighting for Russia in Ukraine | South Africa | The Guardian from The Guardian
2025-11-27 13:36:09,220 - INFO - [BBC] Article: https://www.bbc.com/news/articles/cgex957qg97o?at_medium=RSS&at_campaign=rss
2025-11-27 13:36:09,221 - INFO - [BBC] Attempt 1/1: Trying with 'requests_browser' strategy...
2025-11-27 13:36:09,263 - INFO - [BBC] Success with 'requests_browser'. Found content (779 words).
2025-11-27 13:36:09,452 - INFO - Duplicate article skipped: US suspends immigration requests for Afghans after National Guard shooting from BBC
2025-11-27 13:36:09,828 - INFO - [The Guardian] Article: https://www.theguardian.com/uk-news/2025/nov/24/uk-rejects-nigerian-request-to-deport-former-politican-ike-ekweremadu-jailed-for-organ-trafficking
2025-11-27 13:36:09,828 - INFO - [The Guardian] Attempt 1/1: Trying with 'requests_browser' strategy...
2025-11-27 13:36:09,832 - INFO - Selenium driver initialized successfully.
2025-11-27 13:36:09,832 - INFO - Starting scrape for Times of India RSS feed: https://timesofindia.indiatimes.com/rssfeeds/296589292.cms
2025-11-27 13:36:09,833 - INFO - Selenium driver initialized successfully.
2025-11-27 13:36:09,833 - INFO - Starting scrape for The Hindu RSS feed: https://www.thehindu.com/news/national/feeder/default.rss
2025-11-27 13:36:09,860 - INFO - [The Guardian] Success with 'requests_browser'. Found content (545 words).
2025-11-27 13:36:09,895 - INFO - Duplicate article skipped: UK rejects Nigerian request to deport former politican jailed for organ trafficking | UK news | The Guardian from The Guardian
2025-11-27 13:36:09,968 - INFO - Found 100 articles in The Hindu RSS feed. Processing up to 20.
2025-11-27 13:36:09,968 - INFO - [The Hindu] Article: https://www.thehindu.com/news/national/karnataka/labour-unions-protest-against-new-codes/article70326968.ece
2025-11-27 13:36:09,968 - INFO - [The Hindu] Attempt 1/1: Trying with 'selenium_browser' strategy...
2025-11-27 13:36:09,983 - INFO - Found 20 articles in Times of India RSS feed. Processing up to 20.
2025-11-27 13:36:09,984 - INFO - [Times of India] Article: https://timesofindia.indiatimes.com/world/us/fraud-nepotism-corruption-heritage-foundation-speaks-out-on-h-1b-row-says-h-4-spouses-should-not-be-authorized-to-work-in-us/articleshow/125614782.cms
2025-11-27 13:36:09,984 - INFO - [Times of India] Attempt 1/1: Trying with 'selenium_browser' strategy...
2025-11-27 13:36:10,481 - INFO - [BBC] Article: https://www.bbc.com/news/articles/c0edw7g7z79o?at_medium=RSS&at_campaign=rss
2025-11-27 13:36:10,482 - INFO - [BBC] Attempt 1/1: Trying with 'requests_browser' strategy...
2025-11-27 13:36:10,518 - INFO - [BBC] Success with 'requests_browser'. Found content (1054 words).
2025-11-27 13:36:10,561 - INFO - Duplicate article skipped: France brings back limited military service with 3,000 volunteers next year from BBC
2025-11-27 13:36:10,928 - INFO - [The Guardian] Article: https://www.theguardian.com/world/2025/nov/24/ethiopian-volcano-hayli-gubbi-erupts-first-time-12000-years
2025-11-27 13:36:10,928 - INFO - [The Guardian] Attempt 1/1: Trying with 'requests_browser' strategy...
2025-11-27 13:36:10,960 - INFO - [The Guardian] Success with 'requests_browser'. Found content (306 words).
2025-11-27 13:36:11,018 - INFO - Duplicate article skipped: Ethiopian volcano erupts for first time in 12,000 years | Ethiopia | The Guardian from The Guardian
2025-11-27 13:36:11,220 - INFO - [BBC] Article: https://www.bbc.com/news/articles/cvg164nvj77o?at_medium=RSS&at_campaign=rss
2025-11-27 13:36:11,220 - INFO - [BBC] Attempt 1/1: Trying with 'requests_browser' strategy...
2025-11-27 13:36:11,284 - INFO - [BBC] Success with 'requests_browser'. Found content (707 words).
2025-11-27 13:36:11,353 - INFO - Duplicate article skipped: Guinea-Bissau army general named president a day after apparent coup from BBC
2025-11-27 13:36:12,231 - INFO - [BBC] Article: https://www.bbc.com/news/articles/cewj1e1yk2vo?at_medium=RSS&at_campaign=rss
2025-11-27 13:36:12,232 - INFO - [BBC] Attempt 1/1: Trying with 'requests_browser' strategy...
2025-11-27 13:36:12,355 - INFO - [BBC] Success with 'requests_browser'. Found content (1118 words).
2025-11-27 13:36:12,428 - INFO - [The Guardian] Article: https://www.theguardian.com/world/2025/nov/27/st-vincent-prime-minister-seeks-record-sixth-term-in-tight-election
2025-11-27 13:36:12,428 - INFO - [The Guardian] Attempt 1/1: Trying with 'requests_browser' strategy...
2025-11-27 13:36:12,453 - INFO - Duplicate article skipped: Fracking transforms an Argentine town but what about the nation? from BBC
2025-11-27 13:36:12,513 - INFO - [The Guardian] Success with 'requests_browser'. Found content (676 words).
2025-11-27 13:36:12,654 - INFO - Duplicate article skipped: St Vincent prime minister seeks record sixth term in tight election | St Vincent and the Grenadines | The Guardian from The Guardian
2025-11-27 13:36:12,956 - INFO - [BBC] Article: https://www.bbc.com/news/articles/cd0keyern0do?at_medium=RSS&at_campaign=rss
2025-11-27 13:36:12,957 - INFO - [BBC] Attempt 1/1: Trying with 'requests_browser' strategy...
2025-11-27 13:36:13,113 - INFO - [BBC] Success with 'requests_browser'. Found content (511 words).
2025-11-27 13:36:13,208 - INFO - Duplicate article skipped: Venezuela bans six major airlines after tensions with US escalate from BBC
2025-11-27 13:36:13,937 - INFO - [BBC] Article: https://www.bbc.com/news/articles/cdd560nvqqdo?at_medium=RSS&at_campaign=rss
2025-11-27 13:36:13,937 - INFO - [BBC] Attempt 1/1: Trying with 'requests_browser' strategy...
2025-11-27 13:36:14,109 - INFO - [The Guardian] Article: https://www.theguardian.com/us-news/2025/nov/26/trump-temporary-protected-status-haiti
2025-11-27 13:36:14,110 - INFO - [The Guardian] Attempt 1/1: Trying with 'requests_browser' strategy...
2025-11-27 13:36:14,205 - INFO - [BBC] Success with 'requests_browser'. Found content (1894 words).
2025-11-27 13:36:14,426 - INFO - [The Guardian] Success with 'requests_browser'. Found content (409 words).
2025-11-27 13:36:14,836 - INFO - Duplicate article skipped: Year after ceasefire, peace eludes south Lebanon as Israeli strikes continue from BBC
2025-11-27 13:36:14,916 - INFO - Duplicate article skipped: Trump officials halt protected status for Haitians in US | US immigration | The Guardian from The Guardian
2025-11-27 13:36:15,443 - INFO - [The Hindu] Page content loaded.
2025-11-27 13:36:15,663 - INFO - [The Hindu] Success with 'selenium_browser'. Found content (230 words).
2025-11-27 13:36:16,127 - INFO - [BBC] Article: https://www.bbc.com/news/articles/cy5g3076lqzo?at_medium=RSS&at_campaign=rss
2025-11-27 13:36:16,127 - INFO - [BBC] Attempt 1/1: Trying with 'requests_browser' strategy...
2025-11-27 13:36:16,165 - INFO - [The Guardian] Article: https://www.theguardian.com/us-news/2025/nov/26/kristi-noem-deportation-flights-el-salvador
2025-11-27 13:36:16,166 - INFO - [The Guardian] Attempt 1/1: Trying with 'requests_browser' strategy...
2025-11-27 13:36:16,303 - INFO - [The Guardian] Success with 'requests_browser'. Found content (433 words).
2025-11-27 13:36:16,379 - INFO - [BBC] Success with 'requests_browser'. Found content (700 words).
2025-11-27 13:36:42,556 - INFO - Saved article: Labour unions protest against new codes - The Hindu from The Hindu
2025-11-27 13:36:42,556 - INFO - Duplicate article skipped: Noem made decision to continue deportation flights to El Salvador, justice department says | Trump administration | The Guardian from The Guardian
2025-11-27 13:36:42,556 - INFO - Duplicate article skipped: Pope Leo arrives in Turkey on first foreign trip, six months into papacy from BBC
2025-11-27 13:36:43,286 - INFO - [The Guardian] Article: https://www.theguardian.com/world/2025/nov/26/maduro-defends-venezuela-against-trump-military
2025-11-27 13:36:43,287 - INFO - [The Guardian] Attempt 1/1: Trying with 'requests_browser' strategy...
2025-11-27 13:36:43,346 - INFO - [The Guardian] Success with 'requests_browser'. Found content (567 words).
2025-11-27 13:36:43,420 - INFO - Duplicate article skipped: Trump threatens Venezuela’s Maduro with ‘the easy way … or the hard way’ | Nicolás Maduro | The Guardian from The Guardian
2025-11-27 13:36:43,678 - INFO - [The Hindu] Article: https://www.thehindu.com/news/national/karnataka/delhi-transport-corporation-to-study-ksrtcs-systems-plan-to-adopt-hrms-and-tech-modules/article70330133.ece
2025-11-27 13:36:43,678 - INFO - [The Hindu] Attempt 1/1: Trying with 'selenium_browser' strategy...
2025-11-27 13:36:43,944 - INFO - [BBC] Article: https://www.bbc.com/news/articles/cq8dq47j5y8o?at_medium=RSS&at_campaign=rss
2025-11-27 13:36:43,945 - INFO - [BBC] Attempt 1/1: Trying with 'requests_browser' strategy...
2025-11-27 13:36:44,015 - INFO - [BBC] Success with 'requests_browser'. Found content (500 words).
2025-11-27 13:36:44,032 - INFO - [The Guardian] Article: https://www.theguardian.com/us-news/2025/nov/25/trump-caribbean-boat-strikes-memo
2025-11-27 13:36:44,032 - INFO - [The Guardian] Attempt 1/1: Trying with 'requests_browser' strategy...
2025-11-27 13:36:44,164 - INFO - Duplicate article skipped: South Africa's Cyril Ramaphosa hits back after Donald Trump says US won't invite it for G20 summit from BBC
2025-11-27 13:36:44,177 - INFO - [The Guardian] Success with 'requests_browser'. Found content (952 words).
2025-11-27 13:36:44,280 - INFO - Duplicate article skipped: US justice department memo about boat strikes diverges from Trump narrative | Trump administration | The Guardian from The Guardian
2025-11-27 13:36:45,019 - INFO - [The Guardian] Article: https://www.theguardian.com/news/2025/nov/27/hong-kong-fire-tai-po-police-blame-construction-company
2025-11-27 13:36:45,019 - INFO - [The Guardian] Attempt 1/1: Trying with 'requests_browser' strategy...
2025-11-27 13:36:45,088 - INFO - [BBC] Article: https://www.bbc.com/news/articles/cdxwzwe507ko?at_medium=RSS&at_campaign=rss
2025-11-27 13:36:45,088 - INFO - [BBC] Attempt 1/1: Trying with 'requests_browser' strategy...
2025-11-27 13:36:45,251 - INFO - [The Guardian] Success with 'requests_browser'. Found content (974 words).
2025-11-27 13:36:45,305 - INFO - [BBC] Success with 'requests_browser'. Found content (442 words).
2025-11-27 13:36:46,195 - INFO - Duplicate article skipped: Hong Kong fire: police blame construction firm’s ‘gross negligence’ as death toll rises to 55 | Hong Kong apartment fires | The Guardian from The Guardian
2025-11-27 13:36:46,210 - INFO - Duplicate article skipped: Malawi police investigate theft of four German Shepherds from Kamuzu Palace from BBC
2025-11-27 13:36:47,106 - INFO - [The Guardian] Article: https://www.theguardian.com/world/live/2025/nov/27/hong-kong-fire-arrests-dead-killed-hundreds-missing-housing-complex-blaze
2025-11-27 13:36:47,106 - INFO - [The Guardian] Attempt 1/1: Trying with 'requests_browser' strategy...
2025-11-27 13:36:47,158 - INFO - [BBC] Article: https://www.bbc.com/news/articles/cly0jjv2lg1o?at_medium=RSS&at_campaign=rss
2025-11-27 13:36:47,158 - INFO - [BBC] Attempt 1/1: Trying with 'requests_browser' strategy...
2025-11-27 13:36:47,340 - INFO - [BBC] Success with 'requests_browser'. Found content (1341 words).
2025-11-27 13:36:47,571 - INFO - Duplicate article skipped: Russia Ukraine war: Where peace stands after frantic diplomacy from BBC
2025-11-27 13:36:48,253 - INFO - [The Guardian] Success with 'requests_browser'. Found content (1109 words).
2025-11-27 13:36:48,316 - INFO - [BBC] Article: https://www.bbc.com/news/articles/c0edww3qgq2o?at_medium=RSS&at_campaign=rss
2025-11-27 13:36:48,316 - INFO - [BBC] Attempt 1/1: Trying with 'requests_browser' strategy...
2025-11-27 13:36:48,627 - INFO - [BBC] Success with 'requests_browser'. Found content (652 words).
2025-11-27 13:36:48,793 - INFO - Duplicate article skipped: Hong Kong fire latest: rescue crews search for survivors as death toll rises to 65 with hundreds reported missing | Hong Kong | The Guardian from The Guardian
2025-11-27 13:36:48,808 - INFO - Duplicate article skipped: Guinea-Bissau coup: Soldiers seize power and detain President Umaro Sissoco Embaló from BBC
2025-11-27 13:36:49,677 - INFO - [The Guardian] Article: https://www.theguardian.com/world/2025/nov/27/jakarta-overtakes-tokyo-most-populous-city-world
2025-11-27 13:36:49,678 - INFO - [The Guardian] Attempt 1/1: Trying with 'requests_browser' strategy...
2025-11-27 13:36:49,881 - INFO - [The Guardian] Success with 'requests_browser'. Found content (515 words).
2025-11-27 13:36:50,108 - INFO - Duplicate article skipped: Jakarta overtakes Tokyo as world’s most populous city, according to UN | Indonesia | The Guardian from The Guardian
2025-11-27 13:36:50,113 - INFO - [BBC] Article: https://www.bbc.com/news/articles/c3r7xr94ln8o?at_medium=RSS&at_campaign=rss
2025-11-27 13:36:50,114 - INFO - [BBC] Attempt 1/1: Trying with 'requests_browser' strategy...
2025-11-27 13:36:50,460 - INFO - [BBC] Success with 'requests_browser'. Found content (724 words).
2025-11-27 13:36:50,793 - INFO - Duplicate article skipped: Trump defends Witkoff after leak appears to show envoy coaching Russias from BBC
2025-11-27 13:36:51,406 - INFO - [The Hindu] Page content loaded.
2025-11-27 13:36:51,476 - INFO - [The Guardian] Article: https://www.theguardian.com/world/2025/nov/26/hong-kong-fire-tai-po-towers
2025-11-27 13:36:51,477 - INFO - [The Guardian] Attempt 1/1: Trying with 'requests_browser' strategy...
2025-11-27 13:36:51,594 - INFO - [The Hindu] Success with 'selenium_browser'. Found content (174 words).
2025-11-27 13:36:51,668 - INFO - [The Guardian] Success with 'requests_browser'. Found content (742 words).
2025-11-27 13:36:52,053 - INFO - [BBC] Article: https://www.bbc.com/news/articles/c74x55epn34o?at_medium=RSS&at_campaign=rss
2025-11-27 13:36:52,053 - INFO - [BBC] Attempt 1/1: Trying with 'requests_browser' strategy...
2025-11-27 13:36:52,228 - INFO - [BBC] Success with 'requests_browser'. Found content (303 words).
2025-11-27 13:37:01,694 - INFO - Saved article: Delhi Transport Corporation to study KSRTC’s systems, plan to adopt HRMS and tech modules - The Hindu from The Hindu
2025-11-27 13:37:01,696 - INFO - Duplicate article skipped: Death toll in Hong Kong tower block fire rises to 44 with hundreds still missing | Hong Kong | The Guardian from The Guardian
2025-11-27 13:37:01,698 - INFO - Duplicate article skipped: Nicolas Sarkozy illegal campaign financing conviction upheld from BBC
2025-11-27 13:37:02,719 - INFO - [The Guardian] Article: https://www.theguardian.com/world/2025/nov/26/bamboo-scaffolding-may-be-to-blame-for-spread-of-hong-kong-tower-block-fire
2025-11-27 13:37:02,720 - INFO - [The Guardian] Attempt 1/1: Trying with 'requests_browser' strategy...
2025-11-27 13:37:02,755 - INFO - [The Guardian] Success with 'requests_browser'. Found content (344 words).
2025-11-27 13:37:02,823 - INFO - Duplicate article skipped: Bamboo scaffolding may be to blame for spread of Hong Kong tower block fire | Hong Kong | The Guardian from The Guardian
2025-11-27 13:37:03,080 - INFO - [The Hindu] Article: https://www.thehindu.com/news/national/andhra-pradesh/puducherry-police-arrest-three-from-kuppam/article70330646.ece
2025-11-27 13:37:03,081 - INFO - [The Hindu] Attempt 1/1: Trying with 'selenium_browser' strategy...
2025-11-27 13:37:03,149 - INFO - [BBC] Article: https://www.bbc.com/news/articles/c9d9l7w1g8yo?at_medium=RSS&at_campaign=rss
2025-11-27 13:37:03,150 - INFO - [BBC] Attempt 1/1: Trying with 'requests_browser' strategy...
2025-11-27 13:37:03,239 - INFO - [BBC] Success with 'requests_browser'. Found content (420 words).
2025-11-27 13:37:03,351 - INFO - Duplicate article skipped: Australia social media ban: Teens challenge law before High Court from BBC
2025-11-27 13:37:03,856 - INFO - [The Hindu] Page content loaded.
2025-11-27 13:37:03,865 - INFO - [BBC] Article: https://www.bbc.com/news/articles/cr4drle9k12o?at_medium=RSS&at_campaign=rss
2025-11-27 13:37:03,865 - INFO - [BBC] Attempt 1/1: Trying with 'requests_browser' strategy...
2025-11-27 13:37:03,942 - INFO - [BBC] Success with 'requests_browser'. Found content (493 words).
2025-11-27 13:37:04,066 - INFO - Duplicate article skipped: Chicago man accused of setting train passenger on fire had 72 prior arrests from BBC
2025-11-27 13:37:04,067 - INFO - [The Guardian] Article: https://www.theguardian.com/australia-news/2025/nov/27/guardian-australia-win-walkley-award-for-indigenous-affairs-for-the-descendants-series
2025-11-27 13:37:04,067 - INFO - [The Guardian] Attempt 1/1: Trying with 'requests_browser' strategy...
2025-11-27 13:37:04,138 - INFO - [The Guardian] Success with 'requests_browser'. Found content (389 words).
2025-11-27 13:37:04,210 - INFO - [The Hindu] Success with 'selenium_browser'. Found content (133 words).
2025-11-27 13:37:04,294 - INFO - Duplicate article skipped: Guardian Australia wins Walkley award for Indigenous affairs for The Descendants series | Indigenous Australians | The Guardian from The Guardian
2025-11-27 13:37:04,908 - INFO - [The Guardian] Article: https://www.theguardian.com/australia-news/2025/nov/27/labor-strikes-deal-with-greens-to-pass-long-awaited-overhaul-of-nature-protection-laws
2025-11-27 13:37:04,909 - INFO - [The Guardian] Attempt 1/1: Trying with 'requests_browser' strategy...
2025-11-27 13:37:05,045 - INFO - [BBC] Article: https://www.bbc.com/news/articles/c1dzp050yn2o?at_medium=RSS&at_campaign=rss
2025-11-27 13:37:05,045 - INFO - [BBC] Attempt 1/1: Trying with 'requests_browser' strategy...
2025-11-27 13:37:05,095 - INFO - [The Guardian] Success with 'requests_browser'. Found content (1222 words).
2025-11-27 13:37:05,285 - INFO - [BBC] Success with 'requests_browser'. Found content (1232 words).
2025-11-27 13:37:15,483 - INFO - Saved article: Puducherry police arrest three from Kuppam - The Hindu from The Hindu
2025-11-27 13:37:15,483 - INFO - Duplicate article skipped: Labor strikes deal with Greens on nature laws overhaul amid criticism ‘dirty deal’ being ‘rammed through’ | Australian politics | The Guardian from The Guardian
2025-11-27 13:37:15,485 - INFO - Duplicate article skipped: Italian parliament unanimously votes to make femicide a crime from BBC
2025-11-27 13:37:16,283 - INFO - [The Hindu] Article: https://www.thehindu.com/news/national/karnataka/the-constitution-has-liberated-us-from-centuries-of-oppression-says-scholar/article70327056.ece
2025-11-27 13:37:16,283 - INFO - [The Hindu] Attempt 1/1: Trying with 'selenium_browser' strategy...
2025-11-27 13:37:16,314 - INFO - [BBC] Article: https://www.bbc.com/news/articles/ckg97wx144jo?at_medium=RSS&at_campaign=rss
2025-11-27 13:37:16,314 - INFO - [BBC] Attempt 1/1: Trying with 'requests_browser' strategy...
2025-11-27 13:37:16,412 - INFO - [BBC] Success with 'requests_browser'. Found content (534 words).
2025-11-27 13:37:16,472 - INFO - [The Guardian] Article: https://www.theguardian.com/australia-news/2025/nov/26/australia-greenhouse-gas-emissions-from-fossil-fuels-down
2025-11-27 13:37:16,472 - INFO - [The Guardian] Attempt 1/1: Trying with 'requests_browser' strategy...
2025-11-27 13:37:16,572 - INFO - Duplicate article skipped: South East Asia floods: Scores killed and thousands evacuated from record rainfall from BBC
2025-11-27 13:37:16,607 - INFO - [The Guardian] Success with 'requests_browser'. Found content (735 words).
2025-11-27 13:37:17,062 - INFO - Duplicate article skipped: Australia projected to miss 2035 emissions reduction target ‘by a country mile’ unless it ramps up climate policies | Energy | The Guardian from The Guardian
2025-11-27 13:37:17,676 - INFO - [The Guardian] Article: https://www.theguardian.com/australia-news/live/2025/nov/27/australia-politics-live-barnaby-joyce-one-nation-pauline-hanson-environment-nature-bill-deal-coalition-greens-murray-watt-question-time-anthony-albanese-sussan-ley-ntwnfb
2025-11-27 13:37:17,676 - INFO - [The Guardian] Attempt 1/1: Trying with 'requests_browser' strategy...
2025-11-27 13:37:17,848 - INFO - [BBC] Article: https://www.bbc.com/news/articles/cvgjnlx1g6yo?at_medium=RSS&at_campaign=rss
2025-11-27 13:37:17,848 - INFO - [BBC] Attempt 1/1: Trying with 'requests_browser' strategy...
2025-11-27 13:37:17,870 - INFO - [The Guardian] Success with 'requests_browser'. Found content (1993 words).
2025-11-27 13:37:18,081 - INFO - Duplicate article skipped: Pocock criticises lack of scrutiny for nature laws – as it happened | Australia news | The Guardian from The Guardian
2025-11-27 13:37:18,086 - INFO - [BBC] Success with 'requests_browser'. Found content (787 words).
2025-11-27 13:37:18,159 - INFO - Duplicate article skipped: Hong Kong residents react as deadly fire tears through housing estate from BBC
2025-11-27 13:37:18,434 - INFO - [The Hindu] Page content loaded.
2025-11-27 13:37:19,174 - INFO - [The Guardian] Article: https://www.theguardian.com/australia-news/2025/nov/27/barnaby-joyce-nationals-defection-one-nation
2025-11-27 13:37:19,175 - INFO - [The Guardian] Attempt 1/1: Trying with 'requests_browser' strategy...
2025-11-27 13:37:19,251 - INFO - [The Guardian] Success with 'requests_browser'. Found content (725 words).
2025-11-27 13:37:19,325 - INFO - Duplicate article skipped: ‘Act of treason’: Barnaby Joyce quits National party sparking anger from former colleagues | Barnaby Joyce | The Guardian from The Guardian
2025-11-27 13:37:19,342 - INFO - [The Hindu] Success with 'selenium_browser'. Found content (304 words).
2025-11-27 13:37:27,933 - INFO - Saved article: The Constitution has liberated us from centuries of oppression, says scholar - The Hindu from The Hindu
2025-11-27 13:37:28,850 - INFO - [The Hindu] Article: https://www.thehindu.com/news/national/karnataka/new-guidelines-for-gig-platforms-make-verification-gps-tracking-and-in-app-sos-feature-mandatory/article70330117.ece
2025-11-27 13:37:28,850 - INFO - [The Hindu] Attempt 1/1: Trying with 'selenium_browser' strategy...
2025-11-27 13:37:29,648 - INFO - [The Hindu] Page content loaded.
2025-11-27 13:37:29,762 - INFO - [The Hindu] Success with 'selenium_browser'. Found content (587 words).
2025-11-27 13:37:39,480 - INFO - Saved article: New guidelines for gig platforms make verification, GPS tracking, and in-app SOS feature mandatory - The Hindu from The Hindu
2025-11-27 13:37:40,753 - INFO - [The Hindu] Article: https://www.thehindu.com/news/national/andhra-pradesh/14-persons-cyber-fraud-gang-including-6-based-in-cambodia-arrested-by-bhimavaram-police/article70329556.ece
2025-11-27 13:37:40,753 - INFO - [The Hindu] Attempt 1/1: Trying with 'selenium_browser' strategy...
2025-11-27 13:37:41,776 - INFO - [The Hindu] Page content loaded.
2025-11-27 13:37:42,033 - INFO - [The Hindu] Success with 'selenium_browser'. Found content (254 words).
2025-11-27 13:37:50,266 - INFO - Saved article: 14-persons cyber fraud gang, including 6 based in Cambodia arrested by Bhimavaram police - The Hindu from The Hindu
2025-11-27 13:37:51,361 - INFO - [The Hindu] Article: https://www.thehindu.com/news/cities/Hyderabad/telangana-hosts-first-conference-on-animal-inclusive-disaster-planning/article70330634.ece
2025-11-27 13:37:51,362 - INFO - [The Hindu] Attempt 1/1: Trying with 'selenium_browser' strategy...
2025-11-27 13:37:52,465 - INFO - [The Hindu] Page content loaded.
2025-11-27 13:37:52,576 - INFO - [The Hindu] Success with 'selenium_browser'. Found content (227 words).
2025-11-27 13:38:00,423 - INFO - Saved article: Telangana hosts first conference on animal-inclusive disaster planning - The Hindu from The Hindu
2025-11-27 13:38:01,809 - INFO - [The Hindu] Article: https://www.thehindu.com/news/national/karnataka/make-efforts-to-understand-the-spirit-and-essence-of-the-constitution/article70326685.ece
2025-11-27 13:38:01,809 - INFO - [The Hindu] Attempt 1/1: Trying with 'selenium_browser' strategy...
2025-11-27 13:38:02,901 - INFO - [The Hindu] Page content loaded.
2025-11-27 13:38:03,053 - INFO - [The Hindu] Success with 'selenium_browser'. Found content (444 words).
2025-11-27 13:38:10,085 - ERROR - [Times of India] Request failed for strategy 'selenium_browser' on URL https://timesofindia.indiatimes.com/world/us/fraud-nepotism-corruption-heritage-foundation-speaks-out-on-h-1b-row-says-h-4-spouses-should-not-be-authorized-to-work-in-us/articleshow/125614782.cms: HTTPConnectionPool(host='localhost', port=42341): Read timed out. (read timeout=120)
2025-11-27 13:38:10,085 - ERROR - [Times of India] All scrape strategies failed for https://timesofindia.indiatimes.com/world/us/fraud-nepotism-corruption-heritage-foundation-speaks-out-on-h-1b-row-says-h-4-spouses-should-not-be-authorized-to-work-in-us/articleshow/125614782.cms. Falling back to RSS description.
2025-11-27 13:38:11,120 - INFO - Saved article: ‘Make efforts to understand the spirit and essence of the Constitution’ - The Hindu from The Hindu
2025-11-27 13:38:11,943 - INFO - [The Hindu] Article: https://www.thehindu.com/news/national/india-indonesia-resolve-to-boost-defence-industrial-cooperation/article70330740.ece
2025-11-27 13:38:11,944 - INFO - [The Hindu] Attempt 1/1: Trying with 'selenium_browser' strategy...
2025-11-27 13:38:13,841 - INFO - [The Hindu] Page content loaded.
2025-11-27 13:38:14,804 - INFO - [The Hindu] Success with 'selenium_browser'. Found content (396 words).
2025-11-27 13:38:20,006 - INFO - DEDUPLICATION: Found match (Score: 0.85). Linking to Cluster ID: 760e68c3-0fb1-4202-a7a1-922a822dc556
2025-11-27 13:38:20,007 - INFO - Saved article: 'Fraud, nepotism, corruption': Heritage Foundation speaks out on H-1B row, says H-4 spouses should not be authorized to work in US from Times of India
2025-11-27 13:38:21,015 - INFO - [Times of India] Article: https://timesofindia.indiatimes.com/world/us/national-guard-had-nothing-to-do-but-pick-up-trash-journalist-says-soldiers-killed-near-white-house-were-sent-for-political-show-draws-flak/articleshow/125614673.cms
2025-11-27 13:38:21,016 - INFO - [Times of India] Attempt 1/1: Trying with 'selenium_browser' strategy...
2025-11-27 13:38:27,192 - INFO - Saved article: India, Indonesia resolve to boost defence industrial cooperation - The Hindu from The Hindu
2025-11-27 13:38:28,515 - INFO - [The Hindu] Article: https://www.thehindu.com/news/cities/Hyderabad/armoor-municipal-commissioner-held-in-acb-bribery-case/article70330534.ece
2025-11-27 13:38:28,515 - INFO - [The Hindu] Attempt 1/1: Trying with 'selenium_browser' strategy...
2025-11-27 13:38:29,553 - INFO - [The Hindu] Page content loaded.
2025-11-27 13:38:29,615 - INFO - [The Hindu] Success with 'selenium_browser'. Found content (132 words).
2025-11-27 13:38:37,488 - INFO - Saved article: Armoor Municipal Commissioner held in ACB bribery case - The Hindu from The Hindu
2025-11-27 13:38:38,965 - INFO - [The Hindu] Article: https://www.thehindu.com/entertainment/netflix-opposes-in-delhi-high-court-wankhedes-plea-against-web-series/article70330705.ece
2025-11-27 13:38:38,965 - INFO - [The Hindu] Attempt 1/1: Trying with 'selenium_browser' strategy...
2025-11-27 13:38:39,965 - INFO - [The Hindu] Page content loaded.
2025-11-27 13:38:40,082 - INFO - [The Hindu] Success with 'selenium_browser'. Found content (612 words).
2025-11-27 13:38:48,457 - INFO - Saved article: Netflix opposes in Delhi High Court Wankhede's plea against web series - The Hindu from The Hindu
2025-11-27 13:38:49,555 - INFO - [The Hindu] Article: https://www.thehindu.com/news/national/bihar/bihar-elections-debacle-tejashwi-leaves-for-delhi-as-rjd-begins-review/article70330445.ece
2025-11-27 13:38:49,556 - INFO - [The Hindu] Attempt 1/1: Trying with 'selenium_browser' strategy...
2025-11-27 13:38:50,769 - INFO - [The Hindu] Page content loaded.
2025-11-27 13:38:50,950 - INFO - [The Hindu] Success with 'selenium_browser'. Found content (576 words).
2025-11-27 13:38:58,671 - INFO - Saved article: Bihar elections: Tejashwi leaves for Delhi as RJD begins review - The Hindu from The Hindu
2025-11-27 13:38:59,212 - INFO - [The Hindu] Article: https://www.thehindu.com/news/cities/Hyderabad/13-year-old-found-dead-at-petbasheerabad-residence/article70330196.ece
2025-11-27 13:38:59,212 - INFO - [The Hindu] Attempt 1/1: Trying with 'selenium_browser' strategy...
2025-11-27 13:39:00,358 - INFO - [The Hindu] Page content loaded.
2025-11-27 13:39:00,446 - INFO - [The Hindu] Success with 'selenium_browser'. Found content (140 words).
2025-11-27 13:39:08,754 - INFO - Saved article: 13-year-old found dead at Petbasheerabad residence - The Hindu from The Hindu
2025-11-27 13:39:09,375 - INFO - [The Hindu] Article: https://www.thehindu.com/news/international/at-least-65-dead-as-hong-kong-firefighters-battle-burning-towers-for-second-day/article70330612.ece
2025-11-27 13:39:09,375 - INFO - [The Hindu] Attempt 1/1: Trying with 'selenium_browser' strategy...
2025-11-27 13:39:10,857 - INFO - [The Hindu] Page content loaded.
2025-11-27 13:39:10,938 - INFO - [The Hindu] Success with 'selenium_browser'. Found content (342 words).
2025-11-27 13:39:18,809 - INFO - DEDUPLICATION: Found match (Score: 0.92). Linking to Cluster ID: f02e647e-7026-4d9a-b1cc-3ab51f1731b4
2025-11-27 13:39:18,810 - INFO - Saved article: At least 65 dead as Hong Kong firefighters battle burning towers for second day - The Hindu from The Hindu
2025-11-27 13:39:19,477 - INFO - [The Hindu] Article: https://www.thehindu.com/news/national/karnataka/emphasis-laid-on-upholding-constitutional-values/article70326220.ece
2025-11-27 13:39:19,477 - INFO - [The Hindu] Attempt 1/1: Trying with 'selenium_browser' strategy...
2025-11-27 13:39:20,880 - INFO - [The Hindu] Page content loaded.
2025-11-27 13:39:20,960 - INFO - [The Hindu] Success with 'selenium_browser'. Found content (154 words).
2025-11-27 13:39:29,658 - INFO - Saved article: Emphasis laid on upholding Constitutional values - The Hindu from The Hindu
2025-11-27 13:39:30,925 - INFO - [The Hindu] Article: https://www.thehindu.com/news/national/kerala/kfri-signs-mou-with-odisha-bamboo-development-agency/article70330501.ece
2025-11-27 13:39:30,925 - INFO - [The Hindu] Attempt 1/1: Trying with 'selenium_browser' strategy...
2025-11-27 13:39:32,321 - INFO - [The Hindu] Page content loaded.
2025-11-27 13:39:32,381 - INFO - [The Hindu] Success with 'selenium_browser'. Found content (280 words).
2025-11-27 13:39:41,227 - INFO - Saved article: KFRI signs MoU with Odisha Bamboo Development Agency - The Hindu from The Hindu
2025-11-27 13:39:41,820 - INFO - [The Hindu] Article: https://www.thehindu.com/newsletter/karnataka-today/here-are-the-big-stories-from-karnataka-today/article70330535.ece
2025-11-27 13:39:41,820 - INFO - [The Hindu] Attempt 1/1: Trying with 'selenium_browser' strategy...
2025-11-27 13:39:43,375 - INFO - [The Hindu] Page content loaded.
2025-11-27 13:39:43,426 - INFO - [The Hindu] Success with 'selenium_browser'. Found content (552 words).
2025-11-27 13:39:52,226 - INFO - DEDUPLICATION: Found match (Score: 0.92). Linking to Cluster ID: 7b42eee9-67a8-4859-ae50-8e77b177c4b4
2025-11-27 13:39:52,228 - INFO - Saved article: Here are the big stories from Karnataka today - The Hindu from The Hindu
2025-11-27 13:39:53,331 - INFO - [The Hindu] Article: https://www.thehindu.com/news/national/telangana/adivasi-girl-student-from-bhadrachalam-to-virtually-participate-in-tanas-bala-sahitya-bheri-on-november-30/article70327328.ece
2025-11-27 13:39:53,331 - INFO - [The Hindu] Attempt 1/1: Trying with 'selenium_browser' strategy...
2025-11-27 13:39:54,543 - INFO - [The Hindu] Page content loaded.
2025-11-27 13:39:54,656 - INFO - [The Hindu] Success with 'selenium_browser'. Found content (104 words).
2025-11-27 13:40:02,638 - INFO - Saved article: Adivasi girl student from Bhadrachalam to virtually participate in TANA’s Bala Sahitya Bheri on November 30 - The Hindu from The Hindu
2025-11-27 13:40:03,454 - INFO - [The Hindu] Article: https://www.thehindu.com/news/cities/Coimbatore/coimbatore-gang-rape-police-get-one-day-custody-of-three-accused/article70330210.ece
2025-11-27 13:40:03,454 - INFO - [The Hindu] Attempt 1/1: Trying with 'selenium_browser' strategy...
2025-11-27 13:40:04,864 - INFO - [The Hindu] Page content loaded.
2025-11-27 13:40:04,953 - INFO - [The Hindu] Success with 'selenium_browser'. Found content (207 words).
2025-11-27 13:40:05,030 - INFO - Duplicate article skipped: Coimbatore gang rape: Police get one-day custody of three accused - The Hindu from The Hindu
2025-11-27 13:40:05,797 - INFO - [The Hindu] Article: https://www.thehindu.com/news/cities/Hyderabad/job-fair-at-air-force-station-in-secunderabad-on-november-28-to-connect-corporates-with-skilled-ex-servicemen/article70321522.ece
2025-11-27 13:40:05,797 - INFO - [The Hindu] Attempt 1/1: Trying with 'selenium_browser' strategy...
2025-11-27 13:40:06,984 - INFO - [The Hindu] Page content loaded.
2025-11-27 13:40:07,054 - INFO - [The Hindu] Success with 'selenium_browser'. Found content (316 words).
2025-11-27 13:40:07,147 - INFO - Duplicate article skipped: Job fair at Air Force Station in Secunderabad on November 28 to connect corporates with skilled ex-servicemen - The Hindu from The Hindu
2025-11-27 13:40:07,858 - INFO - [The Hindu] (Thread) Finished. Attempting to shut down its Selenium driver.
2025-11-27 13:40:08,086 - INFO - [The Hindu] (Thread) driver.quit() successful.
2025-11-27 13:40:21,117 - ERROR - [Times of India] Request failed for strategy 'selenium_browser' on URL https://timesofindia.indiatimes.com/world/us/national-guard-had-nothing-to-do-but-pick-up-trash-journalist-says-soldiers-killed-near-white-house-were-sent-for-political-show-draws-flak/articleshow/125614673.cms: HTTPConnectionPool(host='localhost', port=42341): Read timed out. (read timeout=120)
2025-11-27 13:40:21,117 - ERROR - [Times of India] All scrape strategies failed for https://timesofindia.indiatimes.com/world/us/national-guard-had-nothing-to-do-but-pick-up-trash-journalist-says-soldiers-killed-near-white-house-were-sent-for-political-show-draws-flak/articleshow/125614673.cms. Falling back to RSS description.
2025-11-27 13:40:21,118 - INFO - Duplicate article skipped: National Guard had ‘nothing to do but pick up trash’: Journalist says soldiers killed near White House were sent for ‘political show’; draws flak from Times of India
2025-11-27 13:40:22,325 - INFO - [Times of India] Article: https://timesofindia.indiatimes.com/world/middle-east/uae-launches-region-first-digital-marketplace-app-for-buying-and-trading-trademarks/articleshow/125614099.cms
2025-11-27 13:40:22,326 - INFO - [Times of India] Attempt 1/1: Trying with 'selenium_browser' strategy...
2025-11-27 13:41:00,211 - CRITICAL - --- TIMEOUT: 1 scrape jobs did not complete in 300s. ---
2025-11-27 13:41:00,211 - ERROR - A thread has timed out and will be abandoned.
2025-11-27 13:41:00,211 - INFO - Shutting down thread pool (wait=False)...
2025-11-27 13:41:00,211 - INFO - Scraped: 18 The Hindu, 1 BBC, 0 The Guardian, 1 Timed_Out_Jobs articles. (Total saved: 19)
2025-11-27 13:41:00,211 - INFO - --- Scraping job finished ---
2025-11-27 13:41:00,211 - INFO - --- Scraper service stopped and database connection closed. ---
2025-11-27 13:41:00,212 - INFO - --- Main thread finished. Forcing process exit to kill zombie threads. ---
