2025-11-29 19:40:17,446 - INFO - Loading AI Semantic Model (all-MiniLM-L6-v2)...
2025-11-29 19:40:17,447 - INFO - Use pytorch device_name: cpu
2025-11-29 19:40:17,447 - INFO - Load pretrained SentenceTransformer: all-MiniLM-L6-v2
2025-11-29 19:40:18,012 - INFO - AI Model loaded successfully.
2025-11-29 19:40:18,012 - INFO - Initializing database connection at: news_articles.db
2025-11-29 19:40:18,012 - INFO - --- Scraper service started (CI Mode: Run Once) ---
2025-11-29 19:40:18,012 - INFO - --- Starting new scraping job (Parallel Mode) ---
2025-11-29 19:40:18,013 - INFO - Creating new robust session with 3 retries on 5xx/connection/read errors.
2025-11-29 19:40:18,013 - INFO - Proxy is DISABLED.
2025-11-29 19:40:18,013 - INFO - Starting scrape for BBC RSS feed: http://feeds.bbci.co.uk/news/world/rss.xml
2025-11-29 19:40:18,014 - INFO - [Times of India] (Thread) requires Selenium. Initializing driver...
2025-11-29 19:40:18,014 - INFO - Initializing headless Selenium Chrome driver (using SeleniumManager)...
2025-11-29 19:40:18,014 - INFO - Starting scrape for The Guardian RSS feed: https://www.theguardian.com/world/rss
2025-11-29 19:40:18,016 - INFO - [The Hindu] (Thread) requires Selenium. Initializing driver...
2025-11-29 19:40:18,016 - INFO - Initializing headless Selenium Chrome driver (using SeleniumManager)...
2025-11-29 19:40:18,017 - INFO - Submitted 4 jobs to thread pool. Waiting up to 300s for completion...
2025-11-29 19:40:18,147 - INFO - Found 26 articles in BBC RSS feed. Processing up to 20.
2025-11-29 19:40:18,148 - INFO - [BBC] Article: https://www.bbc.com/news/articles/c741mpdyw9no?at_medium=RSS&at_campaign=rss
2025-11-29 19:40:18,148 - INFO - [BBC] Attempt 1/1: Trying with 'requests_browser' strategy...
2025-11-29 19:40:18,176 - INFO - Found 45 articles in The Guardian RSS feed. Processing up to 20.
2025-11-29 19:40:18,176 - INFO - [The Guardian] Article: https://www.theguardian.com/world/2025/nov/28/jacob-zuma-daughter-resigns-claims-south-africans-tricked-fight-russia
2025-11-29 19:40:18,176 - INFO - [The Guardian] Attempt 1/1: Trying with 'requests_browser' strategy...
2025-11-29 19:40:18,222 - INFO - [The Guardian] Success with 'requests_browser'. Found content (753 words).
2025-11-29 19:40:18,257 - INFO - Duplicate article skipped: Jacob Zuma’s daughter resigns amid claims South Africans tricked to fight for Russia | South Africa | The Guardian from The Guardian
2025-11-29 19:40:18,335 - INFO - [BBC] Success with 'requests_browser'. Found content (434 words).
2025-11-29 19:40:18,373 - INFO - Duplicate article skipped: Trump tells airlines Venezuelan airspace should be considered closed from BBC
2025-11-29 19:40:18,994 - INFO - [BBC] Article: https://www.bbc.com/news/articles/c5y9ejley9do?at_medium=RSS&at_campaign=rss
2025-11-29 19:40:18,994 - INFO - [BBC] Attempt 1/1: Trying with 'requests_browser' strategy...
2025-11-29 19:40:19,011 - INFO - [The Guardian] Article: https://www.theguardian.com/environment/2025/nov/28/africa-forests-transformed-carbon-sink-carbon-source-study
2025-11-29 19:40:19,011 - INFO - [The Guardian] Attempt 1/1: Trying with 'requests_browser' strategy...
2025-11-29 19:40:19,050 - INFO - [The Guardian] Success with 'requests_browser'. Found content (458 words).
2025-11-29 19:40:19,086 - INFO - Duplicate article skipped: Africa’s forests transformed from carbon sink to carbon source, study finds | Climate crisis | The Guardian from The Guardian
2025-11-29 19:40:19,118 - INFO - [BBC] Success with 'requests_browser'. Found content (625 words).
2025-11-29 19:40:19,155 - INFO - Duplicate article skipped: Flooding in South East Asia leaves 600 dead from BBC
2025-11-29 19:40:19,736 - INFO - [BBC] Article: https://www.bbc.com/news/articles/cz0nljm4y74o?at_medium=RSS&at_campaign=rss
2025-11-29 19:40:19,736 - INFO - [BBC] Attempt 1/1: Trying with 'requests_browser' strategy...
2025-11-29 19:40:19,916 - INFO - [BBC] Success with 'requests_browser'. Found content (844 words).
2025-11-29 19:40:19,952 - INFO - Duplicate article skipped: Andriy Yermak: How Zelensky's right-hand man fell from power from BBC
2025-11-29 19:40:20,314 - INFO - [The Guardian] Article: https://www.theguardian.com/world/2025/nov/26/guinea-bissau-officers-take-total-control-close-borders-amid-election-chaos
2025-11-29 19:40:20,314 - INFO - [The Guardian] Attempt 1/1: Trying with 'requests_browser' strategy...
2025-11-29 19:40:20,355 - INFO - [The Guardian] Success with 'requests_browser'. Found content (412 words).
2025-11-29 19:40:20,390 - INFO - Duplicate article skipped: Guinea-Bissau military takes ‘total control’ amid election chaos | Guinea-Bissau | The Guardian from The Guardian
2025-11-29 19:40:20,642 - INFO - [BBC] Article: https://www.bbc.com/news/articles/c4gp917zr8no?at_medium=RSS&at_campaign=rss
2025-11-29 19:40:20,642 - INFO - [BBC] Attempt 1/1: Trying with 'requests_browser' strategy...
2025-11-29 19:40:20,898 - INFO - [BBC] Success with 'requests_browser'. Found content (355 words).
2025-11-29 19:40:20,931 - INFO - Duplicate article skipped: Pope Leo visits Istanbul's Blue Mosque from BBC
2025-11-29 19:40:21,243 - INFO - [The Guardian] Article: https://www.theguardian.com/world/2025/nov/25/nigerian-schoolgirls-rescued-after-mass-abduction-in-kebbi
2025-11-29 19:40:21,243 - INFO - [The Guardian] Attempt 1/1: Trying with 'requests_browser' strategy...
2025-11-29 19:40:21,350 - INFO - [The Guardian] Success with 'requests_browser'. Found content (515 words).
2025-11-29 19:40:21,392 - INFO - Duplicate article skipped: Nigerian schoolgirls rescued after mass abduction in Kebbi | Nigeria | The Guardian from The Guardian
2025-11-29 19:40:22,357 - INFO - [BBC] Article: https://www.bbc.com/news/articles/ce865kpdzz8o?at_medium=RSS&at_campaign=rss
2025-11-29 19:40:22,357 - INFO - [BBC] Attempt 1/1: Trying with 'requests_browser' strategy...
2025-11-29 19:40:22,401 - INFO - [BBC] Success with 'requests_browser'. Found content (356 words).
2025-11-29 19:40:22,437 - INFO - Duplicate article skipped: Australian prime minister Albanese becomes first to wed in office from BBC
2025-11-29 19:40:22,455 - INFO - [The Guardian] Article: https://www.theguardian.com/world/2025/nov/25/jacob-zuma-daughter-accused-tricking-men-fighting-for-russia-in-ukraine
2025-11-29 19:40:22,455 - INFO - [The Guardian] Attempt 1/1: Trying with 'requests_browser' strategy...
2025-11-29 19:40:22,563 - INFO - [The Guardian] Success with 'requests_browser'. Found content (656 words).
2025-11-29 19:40:22,606 - INFO - Duplicate article skipped: Jacob Zuma’s daughter accused of tricking men into fighting for Russia in Ukraine | South Africa | The Guardian from The Guardian
2025-11-29 19:40:23,279 - INFO - [BBC] Article: https://www.bbc.com/news/articles/c4gp9d28p74o?at_medium=RSS&at_campaign=rss
2025-11-29 19:40:23,280 - INFO - [BBC] Attempt 1/1: Trying with 'requests_browser' strategy...
2025-11-29 19:40:23,421 - INFO - [BBC] Success with 'requests_browser'. Found content (430 words).
2025-11-29 19:40:23,452 - INFO - Duplicate article skipped: Airbus: Flights resume as normal after software update warning from BBC
2025-11-29 19:40:23,673 - INFO - [The Guardian] Article: https://www.theguardian.com/us-news/2025/nov/29/pete-hegseth-denies-ordering-deaths-narco-boat
2025-11-29 19:40:23,673 - INFO - [The Guardian] Attempt 1/1: Trying with 'requests_browser' strategy...
2025-11-29 19:40:23,731 - INFO - [The Guardian] Success with 'requests_browser'. Found content (851 words).
2025-11-29 19:40:23,777 - INFO - Duplicate article skipped: Pete Hegseth denies that he gave orders to ‘kill everybody’ on alleged ‘narco-boat’ | Pete Hegseth | The Guardian from The Guardian
2025-11-29 19:40:24,283 - INFO - [BBC] Article: https://www.bbc.com/news/articles/c8dy9lne2plo?at_medium=RSS&at_campaign=rss
2025-11-29 19:40:24,284 - INFO - [BBC] Attempt 1/1: Trying with 'requests_browser' strategy...
2025-11-29 19:40:24,413 - INFO - [BBC] Success with 'requests_browser'. Found content (459 words).
2025-11-29 19:40:24,448 - INFO - Duplicate article skipped: Three days of mourning begins after Hong Kong apartment fire from BBC
2025-11-29 19:40:24,546 - INFO - [The Guardian] Article: https://www.theguardian.com/world/2025/nov/29/donald-trump-venezuela-airspace-closure
2025-11-29 19:40:24,547 - INFO - [The Guardian] Attempt 1/1: Trying with 'requests_browser' strategy...
2025-11-29 19:40:24,581 - INFO - [The Guardian] Success with 'requests_browser'. Found content (290 words).
2025-11-29 19:40:24,616 - INFO - Duplicate article skipped: Donald Trump says airspace above and around Venezuela is closed | Venezuela | The Guardian from The Guardian
2025-11-29 19:40:25,341 - INFO - [The Guardian] Article: https://www.theguardian.com/world/2025/nov/29/uk-mps-extra-aid-humanitarian-visas-jamaica-hurricane-melissa-dawn-butler
2025-11-29 19:40:25,341 - INFO - [The Guardian] Attempt 1/1: Trying with 'requests_browser' strategy...
2025-11-29 19:40:25,390 - INFO - [The Guardian] Success with 'requests_browser'. Found content (873 words).
2025-11-29 19:40:25,397 - INFO - [BBC] Article: https://www.bbc.com/news/articles/cx2gylngx7go?at_medium=RSS&at_campaign=rss
2025-11-29 19:40:25,397 - INFO - [BBC] Attempt 1/1: Trying with 'requests_browser' strategy...
2025-11-29 19:40:25,440 - INFO - Duplicate article skipped: UK MPs push for extra aid and visas as Jamaica reels from Hurricane Melissa | Jamaica | The Guardian from The Guardian
2025-11-29 19:40:25,469 - INFO - [BBC] Success with 'requests_browser'. Found content (625 words).
2025-11-29 19:40:25,518 - INFO - Duplicate article skipped: Russian strikes cause power outages for more than 600,000 in Ukraine from BBC
2025-11-29 19:40:26,060 - INFO - [The Guardian] Article: https://www.theguardian.com/us-news/2025/nov/28/trump-pardon-honduras-hernandez-drugs
2025-11-29 19:40:26,060 - INFO - [The Guardian] Attempt 1/1: Trying with 'requests_browser' strategy...
2025-11-29 19:40:26,093 - INFO - [The Guardian] Success with 'requests_browser'. Found content (560 words).
2025-11-29 19:40:26,133 - INFO - Duplicate article skipped: Trump to pardon ex-Honduras leader serving drug trafficking sentence in US | Donald Trump | The Guardian from The Guardian
2025-11-29 19:40:26,140 - INFO - Selenium driver initialized successfully.
2025-11-29 19:40:26,140 - INFO - Starting scrape for The Hindu RSS feed: https://www.thehindu.com/news/national/feeder/default.rss
2025-11-29 19:40:26,141 - INFO - Selenium driver initialized successfully.
2025-11-29 19:40:26,141 - INFO - Starting scrape for Times of India RSS feed: https://timesofindia.indiatimes.com/rssfeeds/296589292.cms
2025-11-29 19:40:26,249 - INFO - Found 20 articles in Times of India RSS feed. Processing up to 20.
2025-11-29 19:40:26,251 - INFO - [Times of India] Article: https://timesofindia.indiatimes.com/world/us-streamers/cuffem-comes-back-to-kick-following-hospitalization-from-playboi-carti-show-fall/articleshow/125664049.cms
2025-11-29 19:40:26,251 - INFO - [Times of India] Attempt 1/1: Trying with 'selenium_browser' strategy...
2025-11-29 19:40:26,259 - INFO - Found 100 articles in The Hindu RSS feed. Processing up to 20.
2025-11-29 19:40:26,260 - INFO - [The Hindu] Article: https://www.thehindu.com/news/cities/Hyderabad/77-rr-ips-probationers-meet-governor/article70339350.ece
2025-11-29 19:40:26,260 - INFO - [The Hindu] Attempt 1/1: Trying with 'selenium_browser' strategy...
2025-11-29 19:40:26,605 - INFO - [BBC] Article: https://www.bbc.com/news/articles/cvgj9dd983xo?at_medium=RSS&at_campaign=rss
2025-11-29 19:40:26,605 - INFO - [BBC] Attempt 1/1: Trying with 'requests_browser' strategy...
2025-11-29 19:40:26,770 - INFO - [BBC] Success with 'requests_browser'. Found content (790 words).
2025-11-29 19:40:26,825 - INFO - Duplicate article skipped: Nigeria blames jihadist groups for wave of kidnappings but others accuse criminal gangs from BBC
2025-11-29 19:40:27,535 - INFO - [The Guardian] Article: https://www.theguardian.com/us-news/2025/nov/28/college-student-deported-boston-flight-thanksgiving
2025-11-29 19:40:27,535 - INFO - [The Guardian] Attempt 1/1: Trying with 'requests_browser' strategy...
2025-11-29 19:40:27,586 - INFO - [The Guardian] Success with 'requests_browser'. Found content (274 words).
2025-11-29 19:40:27,659 - INFO - Duplicate article skipped: College student deported when flying home for Thanksgiving, despite court order | ICE (US Immigration and Customs Enforcement) | The Guardian from The Guardian
2025-11-29 19:40:28,315 - INFO - [BBC] Article: https://www.bbc.com/news/articles/c1kpm0rvxepo?at_medium=RSS&at_campaign=rss
2025-11-29 19:40:28,315 - INFO - [BBC] Attempt 1/1: Trying with 'requests_browser' strategy...
2025-11-29 19:40:28,521 - INFO - [BBC] Success with 'requests_browser'. Found content (533 words).
2025-11-29 19:40:28,640 - INFO - Duplicate article skipped: Trump says he will pardon ex-Honduras president convicted of drug trafficking from BBC
2025-11-29 19:40:28,729 - INFO - [The Hindu] Page content loaded.
2025-11-29 19:40:28,960 - INFO - [The Hindu] Success with 'selenium_browser'. Found content (103 words).
2025-11-29 19:40:29,055 - INFO - [The Guardian] Article: https://www.theguardian.com/world/2025/nov/29/indonesia-and-thailand-flooding-death-toll-tops-350-as-rescuers-struggle-to-reach-worst-hit-areas
2025-11-29 19:40:29,055 - INFO - [The Guardian] Attempt 1/1: Trying with 'requests_browser' strategy...
2025-11-29 19:40:29,310 - INFO - Duplicate article skipped: 77 RR IPS probationers meet Governor - The Hindu from The Hindu
2025-11-29 19:40:29,323 - INFO - [The Guardian] Success with 'requests_browser'. Found content (677 words).
2025-11-29 19:40:29,517 - INFO - Duplicate article skipped: At least 460 killed in south-east Asia floods and landslides, reports say | Indonesia | The Guardian from The Guardian
2025-11-29 19:40:29,544 - INFO - [BBC] Article: https://www.bbc.com/news/articles/c058lny3pdqo?at_medium=RSS&at_campaign=rss
2025-11-29 19:40:29,544 - INFO - [BBC] Attempt 1/1: Trying with 'requests_browser' strategy...
2025-11-29 19:40:30,009 - INFO - [BBC] Success with 'requests_browser'. Found content (863 words).
2025-11-29 19:40:30,536 - INFO - Duplicate article skipped: Hungary's Orban defies EU partners and meets Putin again in Moscow from BBC
2025-11-29 19:40:30,612 - INFO - [The Hindu] Article: https://www.thehindu.com/news/cities/Delhi/over-50000-citizens-write-to-supreme-court-against-stray-dogs-order/article70339793.ece
2025-11-29 19:40:30,612 - INFO - [The Hindu] Attempt 1/1: Trying with 'selenium_browser' strategy...
2025-11-29 19:40:30,727 - INFO - [The Guardian] Article: https://www.theguardian.com/news/2025/nov/29/hong-kong-begins-three-days-of-mourning-after-deadly-apartment-fires
2025-11-29 19:40:30,730 - INFO - [The Guardian] Attempt 1/1: Trying with 'requests_browser' strategy...
2025-11-29 19:40:30,834 - INFO - [The Guardian] Success with 'requests_browser'. Found content (679 words).
2025-11-29 19:40:30,935 - INFO - Duplicate article skipped: Hong Kong begins three days of mourning after deadly apartment fires | Hong Kong apartment fires | The Guardian from The Guardian
2025-11-29 19:40:31,720 - INFO - [BBC] Article: https://www.bbc.com/news/articles/cz0nlxlr87go?at_medium=RSS&at_campaign=rss
2025-11-29 19:40:31,720 - INFO - [BBC] Attempt 1/1: Trying with 'requests_browser' strategy...
2025-11-29 19:40:31,730 - INFO - [The Guardian] Article: https://www.theguardian.com/news/2025/nov/28/hong-kong-apartment-fire-response-rescue-operations-death-toll
2025-11-29 19:40:31,730 - INFO - [The Guardian] Attempt 1/1: Trying with 'requests_browser' strategy...
2025-11-29 19:40:31,815 - INFO - [The Guardian] Success with 'requests_browser'. Found content (1000 words).
2025-11-29 19:40:31,945 - INFO - Duplicate article skipped: Rescue efforts end at Hong Kong tower block fire as death toll reaches 128 | Hong Kong apartment fires | The Guardian from The Guardian
2025-11-29 19:40:32,175 - INFO - [BBC] Success with 'requests_browser'. Found content (591 words).
2025-11-29 19:40:32,373 - INFO - Duplicate article skipped: Guinea-Bissau coup was a sham, West African political figures say from BBC
2025-11-29 19:40:32,885 - INFO - [The Guardian] Article: https://www.theguardian.com/news/2025/nov/28/hong-kong-community-groups-deliver-aid-to-survivors-of-wang-fuk-court-fire
2025-11-29 19:40:32,885 - INFO - [The Guardian] Attempt 1/1: Trying with 'requests_browser' strategy...
2025-11-29 19:40:33,051 - INFO - [BBC] Article: https://www.bbc.com/news/articles/cdxweyy157go?at_medium=RSS&at_campaign=rss
2025-11-29 19:40:33,051 - INFO - [BBC] Attempt 1/1: Trying with 'requests_browser' strategy...
2025-11-29 19:40:33,068 - INFO - [The Guardian] Success with 'requests_browser'. Found content (687 words).
2025-11-29 19:40:33,289 - INFO - Duplicate article skipped: Hong Kong community groups deliver aid to survivors of Wang Fuk Court fire | Hong Kong apartment fires | The Guardian from The Guardian
2025-11-29 19:40:33,305 - INFO - [BBC] Success with 'requests_browser'. Found content (806 words).
2025-11-29 19:40:33,558 - INFO - Duplicate article skipped: US halts all asylum claim decisions in wake of National Guard shooting from BBC
2025-11-29 19:40:33,855 - INFO - [The Guardian] Article: https://www.theguardian.com/world/2025/nov/28/bear-attacks-man-public-toilet-japan
2025-11-29 19:40:33,855 - INFO - [The Guardian] Attempt 1/1: Trying with 'requests_browser' strategy...
2025-11-29 19:40:33,992 - INFO - [The Guardian] Success with 'requests_browser'. Found content (373 words).
2025-11-29 19:40:34,113 - INFO - [BBC] Article: https://www.bbc.com/news/articles/cp89k31krz4o?at_medium=RSS&at_campaign=rss
2025-11-29 19:40:34,130 - INFO - [BBC] Attempt 1/1: Trying with 'requests_browser' strategy...
2025-11-29 19:40:34,214 - INFO - Duplicate article skipped: Bear attacks man in public toilet in Japan | Japan | The Guardian from The Guardian
2025-11-29 19:40:34,322 - INFO - [BBC] Success with 'requests_browser'. Found content (485 words).
2025-11-29 19:40:34,407 - INFO - Duplicate article skipped: Thirteen killed in deadliest Israeli raid for months in southern Syria from BBC
2025-11-29 19:40:34,827 - INFO - [The Guardian] Article: https://www.theguardian.com/australia-news/2025/nov/30/new-behaviour-standards-are-in-place-for-parliament-but-crossbenchers-say-question-time-still-rife-with-bullying
2025-11-29 19:40:34,827 - INFO - [The Guardian] Attempt 1/1: Trying with 'requests_browser' strategy...
2025-11-29 19:40:35,090 - INFO - [The Guardian] Success with 'requests_browser'. Found content (835 words).
2025-11-29 19:40:35,197 - INFO - Duplicate article skipped: New behaviour standards are in place for parliament but crossbenchers say question time still rife with bullying | Australian politics | The Guardian from The Guardian
2025-11-29 19:40:35,594 - INFO - [BBC] Article: https://www.bbc.com/news/articles/clyzdxyjx2eo?at_medium=RSS&at_campaign=rss
2025-11-29 19:40:35,594 - INFO - [BBC] Attempt 1/1: Trying with 'requests_browser' strategy...
2025-11-29 19:40:35,995 - INFO - [The Guardian] Article: https://www.theguardian.com/australia-news/2025/nov/30/australian-taxpayers-subsidise-rising-specialist-fees-abbott-era-medicare
2025-11-29 19:40:35,995 - INFO - [The Guardian] Attempt 1/1: Trying with 'requests_browser' strategy...
2025-11-29 19:40:36,012 - INFO - [BBC] Success with 'requests_browser'. Found content (1524 words).
2025-11-29 19:40:36,221 - INFO - Duplicate article skipped: Are UK Christmas markets as good as German ones? Here's what we found from BBC
2025-11-29 19:40:36,363 - INFO - [The Guardian] Success with 'requests_browser'. Found content (736 words).
2025-11-29 19:40:36,498 - INFO - Duplicate article skipped: Australian taxpayers subsidise rising specialist fees as spending on Abbott-era Medicare safety net ‘explodes’ | Health | The Guardian from The Guardian
2025-11-29 19:40:37,403 - INFO - [BBC] Article: https://www.bbc.com/news/articles/cy7v6xl4me8o?at_medium=RSS&at_campaign=rss
2025-11-29 19:40:37,403 - INFO - [BBC] Attempt 1/1: Trying with 'requests_browser' strategy...
2025-11-29 19:40:37,709 - INFO - [BBC] Success with 'requests_browser'. Found content (1445 words).
2025-11-29 19:40:37,757 - INFO - [The Guardian] Article: https://www.theguardian.com/australia-news/2025/nov/30/queensland-dv-domestic-violence-response-stops-reviewing-recent-deaths
2025-11-29 19:40:37,758 - INFO - [The Guardian] Attempt 1/1: Trying with 'requests_browser' strategy...
2025-11-29 19:40:37,964 - INFO - Duplicate article skipped: Why the rich and powerful couldn't say no to Epstein from BBC
2025-11-29 19:40:38,028 - INFO - [The Guardian] Success with 'requests_browser'. Found content (1049 words).
2025-11-29 19:40:38,165 - INFO - Duplicate article skipped: ‘We’ve got to listen to dead women’: critical part of Queensland’s DV response stops reviewing all recent deaths | Queensland politics | The Guardian from The Guardian
2025-11-29 19:40:38,513 - INFO - [BBC] Article: https://www.bbc.com/news/articles/c1dz36ep673o?at_medium=RSS&at_campaign=rss
2025-11-29 19:40:38,513 - INFO - [BBC] Attempt 1/1: Trying with 'requests_browser' strategy...
2025-11-29 19:40:38,783 - INFO - [BBC] Success with 'requests_browser'. Found content (1327 words).
2025-11-29 19:40:38,891 - INFO - [The Hindu] Page content loaded.
2025-11-29 19:40:39,008 - INFO - [The Guardian] Article: https://www.theguardian.com/australia-news/2025/nov/29/australian-prime-minister-anthony-albanese-marries-jodie-haydon-wedding-canberra
2025-11-29 19:40:39,009 - INFO - [The Guardian] Attempt 1/1: Trying with 'requests_browser' strategy...
2025-11-29 19:40:39,125 - INFO - Duplicate article skipped: Donald Trump pledges to tackle Sudan atrocities - what difference can he make? from BBC
2025-11-29 19:40:39,327 - INFO - [The Guardian] Success with 'requests_browser'. Found content (794 words).
2025-11-29 19:40:39,544 - INFO - Duplicate article skipped: Australian prime minister, Anthony Albanese, marries partner Jodie Haydon | Anthony Albanese | The Guardian from The Guardian
2025-11-29 19:40:40,163 - INFO - [BBC] Article: https://www.bbc.com/news/articles/cly3e1261dko?at_medium=RSS&at_campaign=rss
2025-11-29 19:40:40,163 - INFO - [BBC] Attempt 1/1: Trying with 'requests_browser' strategy...
2025-11-29 19:40:40,343 - INFO - [BBC] Success with 'requests_browser'. Found content (1237 words).
2025-11-29 19:40:40,418 - INFO - Duplicate article skipped: How were Afghan evacuees vetted under Biden? from BBC
2025-11-29 19:40:40,538 - INFO - [The Hindu] Success with 'selenium_browser'. Found content (261 words).
2025-11-29 19:40:41,410 - INFO - [BBC] Article: https://www.bbc.com/news/articles/cn8e5j20g27o?at_medium=RSS&at_campaign=rss
2025-11-29 19:40:41,410 - INFO - [BBC] Attempt 1/1: Trying with 'requests_browser' strategy...
2025-11-29 19:40:41,417 - INFO - [The Guardian] Article: https://www.theguardian.com/business/2025/nov/29/jetstar-cancel-domestic-flights-australia-global-airbus-a320-recall
2025-11-29 19:40:41,417 - INFO - [The Guardian] Attempt 1/1: Trying with 'requests_browser' strategy...
2025-11-29 19:40:41,454 - INFO - Duplicate article skipped: Over 50,000 citizens write to Supreme Court against stray dogs order - The Hindu from The Hindu
2025-11-29 19:40:41,642 - INFO - [BBC] Success with 'requests_browser'. Found content (805 words).
2025-11-29 19:40:42,040 - INFO - Duplicate article skipped: Hong Kong fire: Anger and unanswered questions from BBC
2025-11-29 19:40:42,164 - INFO - [The Guardian] Success with 'requests_browser'. Found content (880 words).
2025-11-29 19:40:42,448 - INFO - Duplicate article skipped: Jetstar cancels 90 domestic flights across Australia after global Airbus A320 recall | Airbus | The Guardian from The Guardian
2025-11-29 19:40:42,514 - INFO - [The Hindu] Article: https://www.thehindu.com/news/national/karnataka/bpharm-student-found-dead-at-bengaluru-pg/article70338913.ece
2025-11-29 19:40:42,514 - INFO - [The Hindu] Attempt 1/1: Trying with 'selenium_browser' strategy...
2025-11-29 19:40:43,363 - INFO - [BBC] Article: https://www.bbc.com/news/articles/c4g4jlgdyjdo?at_medium=RSS&at_campaign=rss
2025-11-29 19:40:43,363 - INFO - [BBC] Attempt 1/1: Trying with 'requests_browser' strategy...
2025-11-29 19:40:43,785 - INFO - [BBC] Success with 'requests_browser'. Found content (2091 words).
2025-11-29 19:40:44,041 - INFO - Duplicate article skipped: Nigeria's security crises: A guide to the different groups causing chaos from BBC
2025-11-29 19:42:26,354 - ERROR - [Times of India] Request failed for strategy 'selenium_browser' on URL https://timesofindia.indiatimes.com/world/us-streamers/cuffem-comes-back-to-kick-following-hospitalization-from-playboi-carti-show-fall/articleshow/125664049.cms: HTTPConnectionPool(host='localhost', port=58213): Read timed out. (read timeout=120)
2025-11-29 19:42:26,354 - ERROR - [Times of India] All scrape strategies failed for https://timesofindia.indiatimes.com/world/us-streamers/cuffem-comes-back-to-kick-following-hospitalization-from-playboi-carti-show-fall/articleshow/125664049.cms. Falling back to RSS description.
2025-11-29 19:42:38,410 - INFO - Saved article: Cuffem comes back to Kick following hospitalization from Playboi Carti show fall from Times of India
2025-11-29 19:42:39,085 - INFO - [Times of India] Article: https://timesofindia.indiatimes.com/world/us/who-is-mohammad-dawood-alokozay-afghan-national-arrested-for-posting-tiktok-video-of-himself-making-a-bomb/articleshow/125663702.cms
2025-11-29 19:42:39,085 - INFO - [Times of India] Attempt 1/1: Trying with 'selenium_browser' strategy...
2025-11-29 19:42:42,616 - ERROR - [The Hindu] Request failed for strategy 'selenium_browser' on URL https://www.thehindu.com/news/national/karnataka/bpharm-student-found-dead-at-bengaluru-pg/article70338913.ece: HTTPConnectionPool(host='localhost', port=50347): Read timed out. (read timeout=120)
2025-11-29 19:42:42,616 - ERROR - [The Hindu] All scrape strategies failed for https://www.thehindu.com/news/national/karnataka/bpharm-student-found-dead-at-bengaluru-pg/article70338913.ece. Falling back to RSS description.
2025-11-29 19:42:42,616 - INFO - Duplicate article skipped: BPharm student found dead at Bengaluru PG from The Hindu
2025-11-29 19:42:43,259 - INFO - [The Hindu] Article: https://www.thehindu.com/news/national/telangana/kcrs-fast-was-a-defining-moment-ktr/article70339444.ece
2025-11-29 19:42:43,259 - INFO - [The Hindu] Attempt 1/1: Trying with 'selenium_browser' strategy...
2025-11-29 19:44:39,092 - ERROR - [Times of India] Request failed for strategy 'selenium_browser' on URL https://timesofindia.indiatimes.com/world/us/who-is-mohammad-dawood-alokozay-afghan-national-arrested-for-posting-tiktok-video-of-himself-making-a-bomb/articleshow/125663702.cms: HTTPConnectionPool(host='localhost', port=58213): Read timed out. (read timeout=120)
2025-11-29 19:44:39,093 - ERROR - [Times of India] All scrape strategies failed for https://timesofindia.indiatimes.com/world/us/who-is-mohammad-dawood-alokozay-afghan-national-arrested-for-posting-tiktok-video-of-himself-making-a-bomb/articleshow/125663702.cms. Falling back to RSS description.
2025-11-29 19:44:43,360 - ERROR - [The Hindu] Request failed for strategy 'selenium_browser' on URL https://www.thehindu.com/news/national/telangana/kcrs-fast-was-a-defining-moment-ktr/article70339444.ece: HTTPConnectionPool(host='localhost', port=50347): Read timed out. (read timeout=120)
2025-11-29 19:44:43,360 - ERROR - [The Hindu] All scrape strategies failed for https://www.thehindu.com/news/national/telangana/kcrs-fast-was-a-defining-moment-ktr/article70339444.ece. Falling back to RSS description.
2025-11-29 19:44:51,431 - INFO - DEDUPLICATION: Found match (Score: 0.70). Linking to Cluster ID: 3b24e9e7-01b2-49c7-9efa-c250b7fe136c
2025-11-29 19:44:51,433 - INFO - Saved article: Who is Mohammad Dawood Alokozay? Afghan national arrested for posting TikTok video of himself making a bomb from Times of India
2025-11-29 19:44:51,433 - INFO - Duplicate article skipped: KCR’s fast was a defining moment: KTR from The Hindu
2025-11-29 19:44:52,311 - INFO - [The Hindu] Article: https://www.thehindu.com/news/national/karnataka/kannada-tabloid-editor-arrested-for-cheating-woman/article70338891.ece
2025-11-29 19:44:52,311 - INFO - [The Hindu] Attempt 1/1: Trying with 'selenium_browser' strategy...
2025-11-29 19:44:52,353 - INFO - [Times of India] Article: https://timesofindia.indiatimes.com/world/us/one-killed-in-shooting-at-patrick-henry-mall-in-virginia-suspect-detained/articleshow/125663188.cms
2025-11-29 19:44:52,353 - INFO - [Times of India] Attempt 1/1: Trying with 'selenium_browser' strategy...
2025-11-29 19:45:18,017 - CRITICAL - --- TIMEOUT: 2 scrape jobs did not complete in 300s. ---
2025-11-29 19:45:18,017 - ERROR - A thread has timed out and will be abandoned.
2025-11-29 19:45:18,017 - ERROR - A thread has timed out and will be abandoned.
2025-11-29 19:45:18,017 - INFO - Shutting down thread pool (wait=False)...
2025-11-29 19:45:18,017 - INFO - Scraped: 0 BBC, 0 The Guardian, 2 Timed_Out_Jobs articles. (Total saved: 0)
2025-11-29 19:45:18,017 - INFO - --- Scraping job finished ---
2025-11-29 19:45:18,017 - INFO - --- Scraper service stopped and database connection closed. ---
2025-11-29 19:45:18,017 - INFO - --- Main thread finished. Forcing process exit to kill zombie threads. ---
