2025-12-03 23:42:15,722 - INFO - Loading AI Semantic Model (all-MiniLM-L6-v2)...
2025-12-03 23:42:15,723 - INFO - Use pytorch device_name: cpu
2025-12-03 23:42:15,723 - INFO - Load pretrained SentenceTransformer: all-MiniLM-L6-v2
2025-12-03 23:42:17,061 - INFO - AI Model loaded successfully.
2025-12-03 23:42:17,062 - INFO - Initializing database connection at: news_articles.db
2025-12-03 23:42:17,062 - INFO - --- Scraper service started (CI Mode: Run Once) ---
2025-12-03 23:42:17,062 - INFO - --- Starting new scraping job (Parallel Mode) ---
2025-12-03 23:42:17,062 - INFO - Creating new robust session with 3 retries on 5xx/connection/read errors.
2025-12-03 23:42:17,062 - INFO - Proxy is DISABLED.
2025-12-03 23:42:17,062 - INFO - Starting scrape for BBC RSS feed: http://feeds.bbci.co.uk/news/world/rss.xml
2025-12-03 23:42:17,063 - INFO - [Times of India] (Thread) requires Selenium. Initializing driver...
2025-12-03 23:42:17,064 - INFO - Initializing headless Selenium Chrome driver (using SeleniumManager)...
2025-12-03 23:42:17,064 - INFO - Starting scrape for The Guardian RSS feed: https://www.theguardian.com/world/rss
2025-12-03 23:42:17,066 - INFO - [The Hindu] (Thread) requires Selenium. Initializing driver...
2025-12-03 23:42:17,066 - INFO - Initializing headless Selenium Chrome driver (using SeleniumManager)...
2025-12-03 23:42:17,066 - INFO - Submitted 4 jobs to thread pool. Waiting up to 300s for completion...
2025-12-03 23:42:17,181 - INFO - Found 37 articles in BBC RSS feed. Processing up to 20.
2025-12-03 23:42:17,182 - INFO - Found 45 articles in The Guardian RSS feed. Processing up to 20.
2025-12-03 23:42:17,183 - INFO - [BBC] Article: https://www.bbc.com/news/articles/c7731n5z6d3o?at_medium=RSS&at_campaign=rss
2025-12-03 23:42:17,183 - INFO - [The Guardian] Article: https://www.theguardian.com/uk-news/2025/dec/03/british-troops-accused-of-human-rights-violations-environmental-destruction-and-sexual-abuse-in-kenya
2025-12-03 23:42:17,183 - INFO - [BBC] Attempt 1/1: Trying with 'requests_browser' strategy...
2025-12-03 23:42:17,183 - INFO - [The Guardian] Attempt 1/1: Trying with 'requests_browser' strategy...
2025-12-03 23:42:17,466 - INFO - [BBC] Success with 'requests_browser'. Found content (920 words).
2025-12-03 23:42:17,505 - INFO - Duplicate article skipped: Zelensky says Ukraine and US will meet after Russia visit from BBC
2025-12-03 23:42:17,559 - INFO - [The Guardian] Success with 'requests_browser'. Found content (772 words).
2025-12-03 23:42:17,605 - INFO - Duplicate article skipped: British troops accused of human rights violations and sexual abuse in Kenya | British army | The Guardian from The Guardian
2025-12-03 23:42:18,134 - INFO - [The Guardian] Article: https://www.theguardian.com/global-development/2025/dec/03/whistleblower-accuses-foreign-office-of-censoring-warning-of-sudan-genocide
2025-12-03 23:42:18,134 - INFO - [The Guardian] Attempt 1/1: Trying with 'requests_browser' strategy...
2025-12-03 23:42:18,300 - INFO - [The Guardian] Success with 'requests_browser'. Found content (1465 words).
2025-12-03 23:42:18,346 - INFO - Duplicate article skipped: Whistleblower accuses Foreign Office of ‘censoring’ warning of Sudan genocide | Global development | The Guardian from The Guardian
2025-12-03 23:42:18,781 - INFO - [BBC] Article: https://www.bbc.com/news/articles/cpq4e21nr5vo?at_medium=RSS&at_campaign=rss
2025-12-03 23:42:18,782 - INFO - [BBC] Attempt 1/1: Trying with 'requests_browser' strategy...
2025-12-03 23:42:18,812 - INFO - [BBC] Success with 'requests_browser'. Found content (438 words).
2025-12-03 23:42:18,847 - INFO - Duplicate article skipped: What latest Ukraine talks reveal about Putin's state of mind from BBC
2025-12-03 23:42:19,206 - INFO - [The Guardian] Article: https://www.theguardian.com/us-news/2025/dec/02/trump-somali-immigrants-minnesota
2025-12-03 23:42:19,206 - INFO - [The Guardian] Attempt 1/1: Trying with 'requests_browser' strategy...
2025-12-03 23:42:19,226 - INFO - [The Guardian] Success with 'requests_browser'. Found content (473 words).
2025-12-03 23:42:19,262 - INFO - Duplicate article skipped: Trump calls Somali immigrants ‘garbage’ as US reportedly targets Minnesota community | Trump administration | The Guardian from The Guardian
2025-12-03 23:42:19,690 - INFO - [BBC] Article: https://www.bbc.com/news/articles/cpwk7xen544o?at_medium=RSS&at_campaign=rss
2025-12-03 23:42:19,690 - INFO - [BBC] Attempt 1/1: Trying with 'requests_browser' strategy...
2025-12-03 23:42:19,953 - INFO - [BBC] Success with 'requests_browser'. Found content (668 words).
2025-12-03 23:42:19,989 - INFO - Duplicate article skipped: Israel says Rafah crossing to open soon to let Gazans leave via Egypt from BBC
2025-12-03 23:42:20,293 - INFO - [The Guardian] Article: https://www.theguardian.com/world/2025/dec/01/south-africans-court-alleged-recruitment-russia-war-ukraine
2025-12-03 23:42:20,293 - INFO - [The Guardian] Attempt 1/1: Trying with 'requests_browser' strategy...
2025-12-03 23:42:20,464 - INFO - [The Guardian] Success with 'requests_browser'. Found content (506 words).
2025-12-03 23:42:20,685 - INFO - Duplicate article skipped: Five South Africans in court over alleged recruitment for Russia’s war in Ukraine | South Africa | The Guardian from The Guardian
2025-12-03 23:42:21,039 - INFO - [BBC] Article: https://www.bbc.com/news/articles/c2lvzrve5lqo?at_medium=RSS&at_campaign=rss
2025-12-03 23:42:21,039 - INFO - [BBC] Attempt 1/1: Trying with 'requests_browser' strategy...
2025-12-03 23:42:21,064 - INFO - [BBC] Success with 'requests_browser'. Found content (292 words).
2025-12-03 23:42:21,101 - INFO - Duplicate article skipped: Federica Mogherini: Former EU top diplomat accused in fraud investigation from BBC
2025-12-03 23:42:21,214 - INFO - [The Guardian] Article: https://www.theguardian.com/global-development/2025/dec/01/global-health-hiv-aids-funding-cuts-infections-prevention
2025-12-03 23:42:21,214 - INFO - [The Guardian] Attempt 1/1: Trying with 'requests_browser' strategy...
2025-12-03 23:42:21,422 - INFO - [The Guardian] Success with 'requests_browser'. Found content (674 words).
2025-12-03 23:42:21,460 - INFO - Duplicate article skipped: Aid cuts have shaken HIV/Aids care to its core – and will mean millions more infections ahead | Global health | The Guardian from The Guardian
2025-12-03 23:42:21,702 - INFO - [BBC] Article: https://www.bbc.com/news/articles/c62lv79p0pdo?at_medium=RSS&at_campaign=rss
2025-12-03 23:42:21,702 - INFO - [BBC] Attempt 1/1: Trying with 'requests_browser' strategy...
2025-12-03 23:42:22,105 - INFO - [BBC] Success with 'requests_browser'. Found content (482 words).
2025-12-03 23:42:22,141 - INFO - Duplicate article skipped: Hong Kong orders removal of scaffolding mesh after deadly blaze from BBC
2025-12-03 23:42:22,549 - INFO - [The Guardian] Article: https://www.theguardian.com/us-news/2025/dec/03/epstein-caribbean-island-new-photo-video-release
2025-12-03 23:42:22,549 - INFO - [The Guardian] Attempt 1/1: Trying with 'requests_browser' strategy...
2025-12-03 23:42:22,573 - INFO - [The Guardian] Success with 'requests_browser'. Found content (373 words).
2025-12-03 23:42:22,616 - INFO - Duplicate article skipped: House Democrats release new images of Epstein’s private Caribbean island | Jeffrey Epstein | The Guardian from The Guardian
2025-12-03 23:42:23,299 - INFO - [BBC] Article: https://www.bbc.com/news/articles/cd6x2j4g3z7o?at_medium=RSS&at_campaign=rss
2025-12-03 23:42:23,299 - INFO - [BBC] Attempt 1/1: Trying with 'requests_browser' strategy...
2025-12-03 23:42:23,313 - INFO - [The Guardian] Article: https://www.theguardian.com/world/2025/dec/03/colombia-trump-warning-military-threat
2025-12-03 23:42:23,313 - INFO - [The Guardian] Attempt 1/1: Trying with 'requests_browser' strategy...
2025-12-03 23:42:23,329 - INFO - [BBC] Success with 'requests_browser'. Found content (394 words).
2025-12-03 23:42:23,364 - INFO - Duplicate article skipped: Israel receives coffin that Hamas says contains Gaza hostage's body from BBC
2025-12-03 23:42:23,374 - INFO - [The Guardian] Success with 'requests_browser'. Found content (612 words).
2025-12-03 23:42:23,410 - INFO - Duplicate article skipped: Colombia’s president warns Trump: ‘Do not wake the jaguar’ with threats of military strikes | Colombia | The Guardian from The Guardian
2025-12-03 23:42:24,429 - INFO - [The Guardian] Article: https://www.theguardian.com/us-news/live/2025/dec/02/donald-trump-pete-hegseth-boat-venezuela-maduro-tennessee-us-politics-live-news-updates
2025-12-03 23:42:24,429 - INFO - [The Guardian] Attempt 1/1: Trying with 'requests_browser' strategy...
2025-12-03 23:42:24,641 - INFO - [BBC] Article: https://www.bbc.com/news/articles/c208x9v68w3o?at_medium=RSS&at_campaign=rss
2025-12-03 23:42:24,641 - INFO - [BBC] Attempt 1/1: Trying with 'requests_browser' strategy...
2025-12-03 23:42:24,660 - INFO - Selenium driver initialized successfully.
2025-12-03 23:42:24,661 - INFO - Starting scrape for The Hindu RSS feed: https://www.thehindu.com/news/national/feeder/default.rss
2025-12-03 23:42:24,664 - INFO - Selenium driver initialized successfully.
2025-12-03 23:42:24,664 - INFO - Starting scrape for Times of India RSS feed: https://timesofindia.indiatimes.com/rssfeeds/296589292.cms
2025-12-03 23:42:24,776 - INFO - Found 20 articles in Times of India RSS feed. Processing up to 20.
2025-12-03 23:42:24,776 - INFO - [Times of India] Article: https://timesofindia.indiatimes.com/world/us-streamers/mrbeast-becomes-the-top-us-youtuber-for-the-sixth-year-in-a-row/articleshow/125752940.cms
2025-12-03 23:42:24,777 - INFO - [Times of India] Attempt 1/1: Trying with 'selenium_browser' strategy...
2025-12-03 23:42:24,925 - INFO - [The Guardian] Success with 'requests_browser'. Found content (4155 words).
2025-12-03 23:42:25,066 - INFO - Duplicate article skipped: Pete Hegseth says he ‘didn’t stick around’ to watch second strike on alleged drug boat as Democrats slam administration over attacks – as it happened | Trump administration | The Guardian from The Guardian
2025-12-03 23:42:25,076 - INFO - Found 100 articles in The Hindu RSS feed. Processing up to 20.
2025-12-03 23:42:25,076 - INFO - [The Hindu] Article: https://www.thehindu.com/sport/football/mandaviya-promises-end-to-indian-football-stalemate/article70355044.ece
2025-12-03 23:42:25,076 - INFO - [The Hindu] Attempt 1/1: Trying with 'selenium_browser' strategy...
2025-12-03 23:42:25,079 - INFO - [BBC] Success with 'requests_browser'. Found content (1092 words).
2025-12-03 23:42:25,133 - INFO - Duplicate article skipped: Trump says he doesn't want Somalis in US as ICE plans operation from BBC
2025-12-03 23:42:26,213 - INFO - [The Guardian] Article: https://www.theguardian.com/world/2025/dec/02/trump-intervention-honduras-presidential-vote-count-stalls-nasry-asfura
2025-12-03 23:42:26,213 - INFO - [The Guardian] Attempt 1/1: Trying with 'requests_browser' strategy...
2025-12-03 23:42:26,426 - INFO - [The Guardian] Success with 'requests_browser'. Found content (945 words).
2025-12-03 23:42:26,526 - INFO - [BBC] Article: https://www.bbc.com/news/articles/cy8jnxxm70jo?at_medium=RSS&at_campaign=rss
2025-12-03 23:42:26,526 - INFO - [BBC] Attempt 1/1: Trying with 'requests_browser' strategy...
2025-12-03 23:42:26,558 - INFO - Duplicate article skipped: Trump frees ex-Honduran president from prison as country awaits knife-edge election result | Honduras | The Guardian from The Guardian
2025-12-03 23:42:26,595 - INFO - [BBC] Success with 'requests_browser'. Found content (247 words).
2025-12-03 23:42:26,672 - INFO - Duplicate article skipped: Drunk raccoon found passed out on liquor store floor after breaking in from BBC
2025-12-03 23:42:27,078 - INFO - [The Guardian] Article: https://www.theguardian.com/us-news/2025/dec/02/pete-hegseth-franklin-the-turtle
2025-12-03 23:42:27,079 - INFO - [The Guardian] Attempt 1/1: Trying with 'requests_browser' strategy...
2025-12-03 23:42:27,159 - INFO - [The Guardian] Success with 'requests_browser'. Found content (438 words).
2025-12-03 23:42:27,237 - INFO - [BBC] Article: https://www.bbc.com/news/articles/cvgq5dvygllo?at_medium=RSS&at_campaign=rss
2025-12-03 23:42:27,237 - INFO - [BBC] Attempt 1/1: Trying with 'requests_browser' strategy...
2025-12-03 23:42:27,424 - INFO - Duplicate article skipped: Publisher condemns ‘violent’ use of Franklin the Turtle after Hegseth’s boat strike post | Pete Hegseth | The Guardian from The Guardian
2025-12-03 23:42:27,746 - INFO - [BBC] Success with 'requests_browser'. Found content (1030 words).
2025-12-03 23:42:27,864 - INFO - Duplicate article skipped: Kenyan MPs accuse British soldiers from Batuk of sexual abuse in Laikipia from BBC
2025-12-03 23:42:28,119 - INFO - [The Guardian] Article: https://www.theguardian.com/world/2025/dec/03/eu-strategy-raw-materials-rare-earths-supply-chain-resourceeu
2025-12-03 23:42:28,119 - INFO - [The Guardian] Attempt 1/1: Trying with 'requests_browser' strategy...
2025-12-03 23:42:28,458 - INFO - [The Guardian] Success with 'requests_browser'. Found content (725 words).
2025-12-03 23:42:28,598 - INFO - Duplicate article skipped: EU looks at legally forcing industries to reduce purchases from China | Mining | The Guardian from The Guardian
2025-12-03 23:42:29,295 - INFO - [BBC] Article: https://www.bbc.com/news/articles/c1m8g5x1xmko?at_medium=RSS&at_campaign=rss
2025-12-03 23:42:29,295 - INFO - [BBC] Attempt 1/1: Trying with 'requests_browser' strategy...
2025-12-03 23:42:29,441 - INFO - [BBC] Success with 'requests_browser'. Found content (308 words).
2025-12-03 23:42:29,556 - INFO - Duplicate article skipped: Three French teens drown in freak car crash in swimming pool from BBC
2025-12-03 23:42:29,745 - INFO - [The Guardian] Article: https://www.theguardian.com/business/2025/dec/03/hsbc-appoints-interim-chair-brendan-nelson-to-permanent-role
2025-12-03 23:42:29,745 - INFO - [The Guardian] Attempt 1/1: Trying with 'requests_browser' strategy...
2025-12-03 23:42:29,949 - INFO - [The Guardian] Success with 'requests_browser'. Found content (605 words).
2025-12-03 23:42:30,124 - INFO - Duplicate article skipped: HSBC appoints interim chair Brendan Nelson to permanent role | HSBC | The Guardian from The Guardian
2025-12-03 23:42:30,184 - INFO - [The Hindu] Page content loaded.
2025-12-03 23:42:30,365 - INFO - [BBC] Article: https://www.bbc.com/news/articles/c62v9z7z1z2o?at_medium=RSS&at_campaign=rss
2025-12-03 23:42:30,366 - INFO - [BBC] Attempt 1/1: Trying with 'requests_browser' strategy...
2025-12-03 23:42:30,531 - INFO - [The Hindu] Success with 'selenium_browser'. Found content (721 words).
2025-12-03 23:42:30,571 - INFO - [BBC] Success with 'requests_browser'. Found content (485 words).
2025-12-03 23:42:31,560 - INFO - [The Guardian] Article: https://www.theguardian.com/world/2025/dec/03/search-for-malaysia-airline-flight-mh370-to-resume-over-11-years-after-plane-went-missing
2025-12-03 23:42:31,571 - INFO - [The Guardian] Attempt 1/1: Trying with 'requests_browser' strategy...
2025-12-03 23:42:31,805 - INFO - Duplicate article skipped: Henry Cuellar: Trump says he is pardoning Democratic congressman in bribery case from BBC
2025-12-03 23:42:31,953 - INFO - [The Guardian] Success with 'requests_browser'. Found content (851 words).
2025-12-03 23:42:33,125 - INFO - [BBC] Article: https://www.bbc.com/news/articles/ckgzqxjzjyqo?at_medium=RSS&at_campaign=rss
2025-12-03 23:42:33,125 - INFO - [BBC] Attempt 1/1: Trying with 'requests_browser' strategy...
2025-12-03 23:42:33,236 - INFO - [BBC] Success with 'requests_browser'. Found content (332 words).
2025-12-03 23:43:02,750 - INFO - Saved article: Mandaviya promises end to Indian football ‘stalemate’ - The Hindu from The Hindu
2025-12-03 23:43:02,751 - INFO - Duplicate article skipped: Malaysia Airlines flight MH370 search to resume 11 years after jet went missing | Malaysia Airlines flight MH370 | The Guardian from The Guardian
2025-12-03 23:43:02,752 - INFO - Duplicate article skipped: Production halted at Chinese factory making 'childlike' sex dolls from BBC
2025-12-03 23:43:03,753 - INFO - [The Guardian] Article: https://www.theguardian.com/world/2025/dec/02/uk-government-delays-china-super-embassy-january
2025-12-03 23:43:03,754 - INFO - [The Guardian] Attempt 1/1: Trying with 'requests_browser' strategy...
2025-12-03 23:43:03,936 - INFO - [The Guardian] Success with 'requests_browser'. Found content (619 words).
2025-12-03 23:43:03,987 - INFO - Duplicate article skipped: UK government delays decision on China’s super-embassy until January | China | The Guardian from The Guardian
2025-12-03 23:43:04,005 - INFO - [BBC] Article: https://www.bbc.com/news/articles/clydg2re4d1o?at_medium=RSS&at_campaign=rss
2025-12-03 23:43:04,006 - INFO - [BBC] Attempt 1/1: Trying with 'requests_browser' strategy...
2025-12-03 23:43:04,032 - INFO - [BBC] Success with 'requests_browser'. Found content (336 words).
2025-12-03 23:43:04,069 - INFO - Duplicate article skipped: Sanchar Saathi: India scraps order to pre-install state-run cyber safety app on smartphones from BBC
2025-12-03 23:43:04,151 - INFO - [The Hindu] Article: https://www.thehindu.com/news/national/odisha/orissa-high-court-refuses-to-interfere-in-petitions-seeking-reservation-in-medical-super-specialty-posts/article70354020.ece
2025-12-03 23:43:04,151 - INFO - [The Hindu] Attempt 1/1: Trying with 'selenium_browser' strategy...
2025-12-03 23:43:04,779 - INFO - [The Guardian] Article: https://www.theguardian.com/world/2025/dec/03/uk-china-spying-case-collapse-security-committee-report
2025-12-03 23:43:04,780 - INFO - [The Guardian] Attempt 1/1: Trying with 'requests_browser' strategy...
2025-12-03 23:43:04,979 - INFO - [The Guardian] Success with 'requests_browser'. Found content (885 words).
2025-12-03 23:43:05,075 - INFO - Duplicate article skipped: Handling of China spying case was ‘shambolic’, security committee concludes | Espionage | The Guardian from The Guardian
2025-12-03 23:43:05,482 - INFO - [BBC] Article: https://www.bbc.com/news/articles/cy7v077dm0po?at_medium=RSS&at_campaign=rss
2025-12-03 23:43:05,482 - INFO - [BBC] Attempt 1/1: Trying with 'requests_browser' strategy...
2025-12-03 23:43:05,519 - INFO - [BBC] Success with 'requests_browser'. Found content (309 words).
2025-12-03 23:43:05,561 - INFO - Duplicate article skipped: MH370: Search for long-missing Malaysia Airlines fight to resume from BBC
2025-12-03 23:43:05,669 - INFO - [The Guardian] Article: https://www.theguardian.com/australia-news/live/2025/dec/04/australia-news-live-senate-estimates-national-fiscal-outlook-labor-coalition-cost-of-living-victoria-public-service-cuts-ntwnfb
2025-12-03 23:43:05,669 - INFO - [The Guardian] Attempt 1/1: Trying with 'requests_browser' strategy...
2025-12-03 23:43:05,795 - INFO - [The Guardian] Success with 'requests_browser'. Found content (1802 words).
2025-12-03 23:43:05,917 - INFO - Duplicate article skipped: Australia news live: Victorian government to slash 1,000 roles including 300 executives; Chalmers warns energy bill rebates ‘not forever’ | Australia news | The Guardian from The Guardian
2025-12-03 23:43:06,229 - INFO - [BBC] Article: https://www.bbc.com/news/articles/c7vm754r80vo?at_medium=RSS&at_campaign=rss
2025-12-03 23:43:06,230 - INFO - [BBC] Attempt 1/1: Trying with 'requests_browser' strategy...
2025-12-03 23:43:07,074 - INFO - [The Guardian] Article: https://www.theguardian.com/technology/2025/dec/04/australians-wrongful-social-media-account-closures
2025-12-03 23:43:07,074 - INFO - [The Guardian] Attempt 1/1: Trying with 'requests_browser' strategy...
2025-12-03 23:43:07,084 - INFO - [BBC] Success with 'requests_browser'. Found content (225 words).
2025-12-03 23:43:07,143 - INFO - Duplicate article skipped: New Zealand man charged with theft over claims he swallowed $19k Fabergé egg from BBC
2025-12-03 23:43:07,532 - INFO - [The Guardian] Success with 'requests_browser'. Found content (559 words).
2025-12-03 23:43:07,587 - INFO - Duplicate article skipped: Hundreds of Australians complain of wrongful social media account closures but ombudsman can’t help | Technology | The Guardian from The Guardian
2025-12-03 23:43:08,305 - INFO - [BBC] Article: https://www.bbc.com/news/articles/c3e05j9012vo?at_medium=RSS&at_campaign=rss
2025-12-03 23:43:08,305 - INFO - [BBC] Attempt 1/1: Trying with 'requests_browser' strategy...
2025-12-03 23:43:08,330 - INFO - [The Guardian] Article: https://www.theguardian.com/australia-news/2025/dec/04/brittany-higgins-says-she-feels-she-can-breathe-again-after-bruce-lehrmann-defamation-appeal-dismissed-ntwnfb
2025-12-03 23:43:08,330 - INFO - [The Guardian] Attempt 1/1: Trying with 'requests_browser' strategy...
2025-12-03 23:43:08,471 - INFO - [BBC] Success with 'requests_browser'. Found content (297 words).
2025-12-03 23:43:08,524 - INFO - Duplicate article skipped: Italian fashion giant Prada buys Versace – at a discount from BBC
2025-12-03 23:43:08,605 - INFO - [The Guardian] Success with 'requests_browser'. Found content (426 words).
2025-12-03 23:43:08,649 - INFO - Duplicate article skipped: Brittany Higgins says she feels she can ‘breathe again’ after Bruce Lehrmann defamation appeal dismissed | Australia news | The Guardian from The Guardian
2025-12-03 23:43:09,272 - INFO - [The Guardian] Article: https://www.theguardian.com/environment/2025/dec/04/aaa-ev-road-tests-trial-real-world-testing-charge-range
2025-12-03 23:43:09,272 - INFO - [The Guardian] Attempt 1/1: Trying with 'requests_browser' strategy...
2025-12-03 23:43:09,340 - INFO - [The Guardian] Success with 'requests_browser'. Found content (392 words).
2025-12-03 23:43:09,380 - INFO - [The Hindu] Page content loaded.
2025-12-03 23:43:09,405 - INFO - Duplicate article skipped: Road tests find no EV in Australia that lives up to its claimed range on a single charge – but one brand came close | Electric vehicles | The Guardian from The Guardian
2025-12-03 23:43:09,493 - INFO - [The Hindu] Success with 'selenium_browser'. Found content (362 words).
2025-12-03 23:43:09,591 - INFO - Duplicate article skipped: Orissa High Court refuses to interfere in petitions seeking reservation in medical super specialty posts - The Hindu from The Hindu
2025-12-03 23:43:09,925 - INFO - [BBC] Article: https://www.bbc.com/news/articles/cp341gz24p5o?at_medium=RSS&at_campaign=rss
2025-12-03 23:43:09,925 - INFO - [BBC] Attempt 1/1: Trying with 'requests_browser' strategy...
2025-12-03 23:43:10,129 - INFO - [BBC] Success with 'requests_browser'. Found content (660 words).
2025-12-03 23:43:10,167 - INFO - Duplicate article skipped: YouTube says it will be less safe for kids under Australia's social media ban from BBC
2025-12-03 23:43:10,176 - INFO - [The Hindu] Article: https://www.thehindu.com/news/national/west-bengal/mamata-tries-to-allay-fears-of-over-implementation-of-waqf-amendment-bill/article70354275.ece
2025-12-03 23:43:10,176 - INFO - [The Hindu] Attempt 1/1: Trying with 'selenium_browser' strategy...
2025-12-03 23:43:10,646 - INFO - [The Guardian] Article: https://www.theguardian.com/technology/2025/dec/03/top-google-searches-australia-2025
2025-12-03 23:43:10,647 - INFO - [The Guardian] Attempt 1/1: Trying with 'requests_browser' strategy...
2025-12-03 23:43:10,821 - INFO - [The Guardian] Success with 'requests_browser'. Found content (572 words).
2025-12-03 23:43:11,217 - INFO - [The Hindu] Page content loaded.
2025-12-03 23:43:11,229 - INFO - Duplicate article skipped: Doom, gloom … and Belle Gibson? The top Google searches in Australia in 2025 | Google | The Guardian from The Guardian
2025-12-03 23:43:11,362 - INFO - [BBC] Article: https://www.bbc.com/news/articles/cp39q5n5037o?at_medium=RSS&at_campaign=rss
2025-12-03 23:43:11,362 - INFO - [BBC] Attempt 1/1: Trying with 'requests_browser' strategy...
2025-12-03 23:43:11,457 - INFO - [BBC] Success with 'requests_browser'. Found content (336 words).
2025-12-03 23:43:11,554 - INFO - Duplicate article skipped: Air pollution: Delhi hospitals saw 200,000 respiratory illness patients in three years from BBC
2025-12-03 23:43:11,860 - INFO - [The Hindu] Success with 'selenium_browser'. Found content (409 words).
2025-12-03 23:43:11,943 - INFO - Duplicate article skipped: Mamata tries to allay fears of over implementation of Waqf Amendment Bill - The Hindu from The Hindu
2025-12-03 23:43:12,216 - INFO - [BBC] Article: https://www.bbc.com/news/articles/cly580gkd9ro?at_medium=RSS&at_campaign=rss
2025-12-03 23:43:12,216 - INFO - [BBC] Attempt 1/1: Trying with 'requests_browser' strategy...
2025-12-03 23:43:12,300 - INFO - [BBC] Success with 'requests_browser'. Found content (1534 words).
2025-12-03 23:43:12,352 - INFO - Duplicate article skipped: Ultra-Orthodox conscription bill threatens crisis for Israel's government from BBC
2025-12-03 23:43:12,516 - INFO - [The Hindu] Article: https://www.thehindu.com/news/national/south-indians-dont-want-to-be-isolated-because-they-dont-know-hindi-supreme-court-judge-bv-nagarathna/article70355036.ece
2025-12-03 23:43:12,516 - INFO - [The Hindu] Attempt 1/1: Trying with 'selenium_browser' strategy...
2025-12-03 23:43:12,999 - INFO - [BBC] Article: https://www.bbc.com/news/articles/c9895x3039ro?at_medium=RSS&at_campaign=rss
2025-12-03 23:43:12,999 - INFO - [BBC] Attempt 1/1: Trying with 'requests_browser' strategy...
2025-12-03 23:43:13,140 - INFO - [The Hindu] Page content loaded.
2025-12-03 23:43:13,197 - INFO - [BBC] Success with 'requests_browser'. Found content (942 words).
2025-12-03 23:43:13,263 - INFO - Duplicate article skipped: As lead changes in knife-edge Honduran election, will Trump fail to get his way? from BBC
2025-12-03 23:43:13,267 - INFO - [The Hindu] Success with 'selenium_browser'. Found content (259 words).
2025-12-03 23:43:13,345 - INFO - Duplicate article skipped: South Indians don't want to be isolated because they don't know Hindi: Supreme Court judge B.V. Nagarathna - The Hindu from The Hindu
2025-12-03 23:43:14,110 - INFO - [The Hindu] Article: https://www.thehindu.com/news/national/law-commission-to-brief-joint-committee-of-parliament-on-simultaneous-polls-on-december-4/article70355206.ece
2025-12-03 23:43:14,110 - INFO - [The Hindu] Attempt 1/1: Trying with 'selenium_browser' strategy...
2025-12-03 23:43:15,104 - INFO - [The Hindu] Page content loaded.
2025-12-03 23:43:15,227 - INFO - [The Hindu] Success with 'selenium_browser'. Found content (259 words).
2025-12-03 23:43:15,304 - INFO - Duplicate article skipped: Law Commission to brief joint committee of Parliament on simultaneous polls on December 4 - The Hindu from The Hindu
2025-12-03 23:43:16,298 - INFO - [The Hindu] Article: https://www.thehindu.com/news/national/jharkhand/congress-dismisses-rumours-of-hemant-soren-bjp-likely-tie-up-says-india-bloc-in-jharkhand-is-rock-solid/article70354726.ece
2025-12-03 23:43:16,298 - INFO - [The Hindu] Attempt 1/1: Trying with 'selenium_browser' strategy...
2025-12-03 23:43:17,086 - INFO - [The Hindu] Page content loaded.
2025-12-03 23:43:17,135 - INFO - [The Hindu] Success with 'selenium_browser'. Found content (474 words).
2025-12-03 23:43:17,209 - INFO - Duplicate article skipped: Congress dismisses rumours of Hemant Soren-BJP likely tie-up; says INDIA bloc in Jharkhand is rock solid - The Hindu from The Hindu
2025-12-03 23:43:17,823 - INFO - [The Hindu] Article: https://www.thehindu.com/news/national/bjp-slams-sp-mp-for-saying-that-muslims-may-have-to-wage-jihad-to-fight-government-oppression/article70354372.ece
2025-12-03 23:43:17,823 - INFO - [The Hindu] Attempt 1/1: Trying with 'selenium_browser' strategy...
2025-12-03 23:43:19,042 - INFO - [The Hindu] Page content loaded.
2025-12-03 23:43:19,088 - INFO - [The Hindu] Success with 'selenium_browser'. Found content (267 words).
2025-12-03 23:43:19,164 - INFO - Duplicate article skipped: BJP slams SP MP for saying that Muslims may have to wage ‘jihad’ to fight government oppression - The Hindu from The Hindu
2025-12-03 23:43:20,155 - INFO - [The Hindu] Article: https://www.thehindu.com/news/national/tamil-nadu/panneerselvam-meets-amit-shah-amid-talk-of-his-return-to-the-bjps-fold/article70354496.ece
2025-12-03 23:43:20,155 - INFO - [The Hindu] Attempt 1/1: Trying with 'selenium_browser' strategy...
2025-12-03 23:43:21,018 - INFO - [The Hindu] Page content loaded.
2025-12-03 23:43:21,062 - INFO - [The Hindu] Success with 'selenium_browser'. Found content (437 words).
2025-12-03 23:43:21,128 - INFO - Duplicate article skipped: Panneerselvam meets Amit Shah amid talk of his return to the BJP’s fold - The Hindu from The Hindu
2025-12-03 23:43:21,689 - INFO - [The Hindu] Article: https://www.thehindu.com/news/national/nepal-india-to-discuss-supply-of-aviation-fuel-through-pipeline/article70355022.ece
2025-12-03 23:43:21,689 - INFO - [The Hindu] Attempt 1/1: Trying with 'selenium_browser' strategy...
2025-12-03 23:43:22,587 - INFO - [The Hindu] Page content loaded.
2025-12-03 23:43:22,660 - INFO - [The Hindu] Success with 'selenium_browser'. Found content (167 words).
2025-12-03 23:43:22,755 - INFO - Duplicate article skipped: Nepal, India to discuss supply of aviation fuel through pipeline - The Hindu from The Hindu
2025-12-03 23:43:23,406 - INFO - [The Hindu] Article: https://www.thehindu.com/news/national/haryana/haryana-man-fails-to-pay-1-cr-for-fancy-number-minister-orders-income-check/article70354432.ece
2025-12-03 23:43:23,406 - INFO - [The Hindu] Attempt 1/1: Trying with 'selenium_browser' strategy...
2025-12-03 23:43:24,544 - INFO - [The Hindu] Page content loaded.
2025-12-03 23:43:24,637 - INFO - [The Hindu] Success with 'selenium_browser'. Found content (316 words).
2025-12-03 23:43:24,794 - INFO - Duplicate article skipped: Haryana man fails to pay ₹1 cr. for ‘fancy number’; Minister orders income check - The Hindu from The Hindu
2025-12-03 23:43:25,870 - INFO - [The Hindu] Article: https://www.thehindu.com/news/national/maharashtra/do-not-comment-on-order-you-havent-challenged-pune-court-to-rahul-gandhi/article70354973.ece
2025-12-03 23:43:25,870 - INFO - [The Hindu] Attempt 1/1: Trying with 'selenium_browser' strategy...
2025-12-03 23:43:26,773 - INFO - [The Hindu] Page content loaded.
2025-12-03 23:43:26,821 - INFO - [The Hindu] Success with 'selenium_browser'. Found content (315 words).
2025-12-03 23:43:26,897 - INFO - Duplicate article skipped: Do not comment on order you haven't challenged: Pune court to Rahul Gandhi - The Hindu from The Hindu
2025-12-03 23:43:27,830 - INFO - [The Hindu] Article: https://www.thehindu.com/news/national/kerala/poll-preparations-intensify-as-officials-balance-sir-and-election-duties/article70354463.ece
2025-12-03 23:43:27,830 - INFO - [The Hindu] Attempt 1/1: Trying with 'selenium_browser' strategy...
2025-12-03 23:43:28,624 - INFO - [The Hindu] Page content loaded.
2025-12-03 23:43:28,670 - INFO - [The Hindu] Success with 'selenium_browser'. Found content (363 words).
2025-12-03 23:43:28,773 - INFO - Duplicate article skipped: Poll preparations intensify in Ernakulam as officials balance SIR and election duties - The Hindu from The Hindu
2025-12-03 23:43:29,395 - INFO - [The Hindu] Article: https://www.thehindu.com/news/national/kerala/udfs-manifesto-for-ernakulam-district-gives-thrust-to-tourism-waste-management-public-transport/article70354061.ece
2025-12-03 23:43:29,395 - INFO - [The Hindu] Attempt 1/1: Trying with 'selenium_browser' strategy...
2025-12-03 23:43:32,822 - INFO - [The Hindu] Page content loaded.
2025-12-03 23:43:32,915 - INFO - [The Hindu] Success with 'selenium_browser'. Found content (289 words).
2025-12-03 23:43:33,011 - INFO - Duplicate article skipped: UDF’s manifesto for Ernakulam district gives thrust to tourism, waste management, public transport - The Hindu from The Hindu
2025-12-03 23:43:34,157 - INFO - [The Hindu] Article: https://www.thehindu.com/news/national/madhya-pradesh/grp-head-constable-assaults-disabled-youth-at-mp-railway-station/article70354597.ece
2025-12-03 23:43:34,157 - INFO - [The Hindu] Attempt 1/1: Trying with 'selenium_browser' strategy...
2025-12-03 23:43:34,787 - INFO - [The Hindu] Page content loaded.
2025-12-03 23:43:34,831 - INFO - [The Hindu] Success with 'selenium_browser'. Found content (172 words).
2025-12-03 23:43:35,284 - INFO - Duplicate article skipped: GRP head constable assaults disabled youth at M.P. railway station - The Hindu from The Hindu
2025-12-03 23:43:36,024 - INFO - [The Hindu] Article: https://www.thehindu.com/news/national/kerala/keralas-extreme-poverty-free-status-wont-affect-aay-foodgrain-supply-joshi/article70354957.ece
2025-12-03 23:43:36,024 - INFO - [The Hindu] Attempt 1/1: Trying with 'selenium_browser' strategy...
2025-12-03 23:43:36,821 - INFO - [The Hindu] Page content loaded.
2025-12-03 23:43:36,865 - INFO - [The Hindu] Success with 'selenium_browser'. Found content (278 words).
2025-12-03 23:43:36,924 - INFO - Duplicate article skipped: Kerala’s extreme poverty-free status won’t affect AAY foodgrain supply: Joshi - The Hindu from The Hindu
2025-12-03 23:43:37,566 - INFO - [The Hindu] Article: https://www.thehindu.com/news/national/west-bengal/pm-asks-bjp-mps-from-west-bengal-to-keep-sir-straightforward/article70354675.ece
2025-12-03 23:43:37,567 - INFO - [The Hindu] Attempt 1/1: Trying with 'selenium_browser' strategy...
2025-12-03 23:43:38,605 - INFO - [The Hindu] Page content loaded.
2025-12-03 23:43:38,653 - INFO - [The Hindu] Success with 'selenium_browser'. Found content (272 words).
2025-12-03 23:43:38,736 - INFO - Duplicate article skipped: PM asks BJP MPs from West Bengal to keep SIR ‘straightforward’ - The Hindu from The Hindu
2025-12-03 23:43:39,670 - INFO - [The Hindu] Article: https://www.thehindu.com/news/national/tamil-nadu/prohibitory-orders-clamped-in-thiruparankundram-litigants-not-allowed-to-light-lamp-at-pillar/article70354954.ece
2025-12-03 23:43:39,670 - INFO - [The Hindu] Attempt 1/1: Trying with 'selenium_browser' strategy...
2025-12-03 23:43:40,610 - INFO - [The Hindu] Page content loaded.
2025-12-03 23:43:40,658 - INFO - [The Hindu] Success with 'selenium_browser'. Found content (845 words).
2025-12-03 23:43:40,733 - INFO - Duplicate article skipped: Prohibitory orders clamped in Tirupparankundram, litigants not allowed to light lamp at pillar - The Hindu from The Hindu
2025-12-03 23:43:41,257 - INFO - [The Hindu] Article: https://www.thehindu.com/news/national/karnataka/state-may-explore-policy-reforms-to-support-growth-of-data-centre-industry-priyank/article70354661.ece
2025-12-03 23:43:41,257 - INFO - [The Hindu] Attempt 1/1: Trying with 'selenium_browser' strategy...
2025-12-03 23:43:42,364 - INFO - [The Hindu] Page content loaded.
2025-12-03 23:43:42,410 - INFO - [The Hindu] Success with 'selenium_browser'. Found content (352 words).
2025-12-03 23:43:42,505 - INFO - Duplicate article skipped: State may explore policy reforms to support growth of data centre industry: Priyank - The Hindu from The Hindu
2025-12-03 23:43:43,248 - INFO - [The Hindu] Article: https://www.thehindu.com/news/national/tamil-nadu/arunachaleshwarar-temple-staff-among-three-arrested-for-selling-fake-parking-passes/article70353474.ece
2025-12-03 23:43:43,248 - INFO - [The Hindu] Attempt 1/1: Trying with 'selenium_browser' strategy...
2025-12-03 23:43:44,064 - INFO - [The Hindu] Page content loaded.
2025-12-03 23:43:44,108 - INFO - [The Hindu] Success with 'selenium_browser'. Found content (210 words).
2025-12-03 23:43:44,158 - INFO - Duplicate article skipped: Arunachaleshwarar temple staff among three arrested for selling fake parking passes - The Hindu from The Hindu
2025-12-03 23:43:45,504 - INFO - [The Hindu] Article: https://www.thehindu.com/news/national/tamil-nadu/farmer-arrested-for-illegal-electric-fencing-that-killed-three-persons/article70353480.ece
2025-12-03 23:43:45,504 - INFO - [The Hindu] Attempt 1/1: Trying with 'selenium_browser' strategy...
2025-12-03 23:43:46,261 - INFO - [The Hindu] Page content loaded.
2025-12-03 23:43:46,311 - INFO - [The Hindu] Success with 'selenium_browser'. Found content (323 words).
2025-12-03 23:43:46,372 - INFO - Duplicate article skipped: Farmer arrested for illegal electric fencing that killed three persons - The Hindu from The Hindu
2025-12-03 23:43:47,087 - INFO - [The Hindu] (Thread) Finished. Attempting to shut down its Selenium driver.
2025-12-03 23:43:47,320 - INFO - [The Hindu] (Thread) driver.quit() successful.
2025-12-03 23:44:24,887 - ERROR - [Times of India] Request failed for strategy 'selenium_browser' on URL https://timesofindia.indiatimes.com/world/us-streamers/mrbeast-becomes-the-top-us-youtuber-for-the-sixth-year-in-a-row/articleshow/125752940.cms: HTTPConnectionPool(host='localhost', port=44991): Read timed out. (read timeout=120)
2025-12-03 23:44:24,887 - ERROR - [Times of India] All scrape strategies failed for https://timesofindia.indiatimes.com/world/us-streamers/mrbeast-becomes-the-top-us-youtuber-for-the-sixth-year-in-a-row/articleshow/125752940.cms. Falling back to RSS description.
2025-12-03 23:44:24,888 - INFO - Duplicate article skipped: MrBeast becomes the top US YouTuber for the sixth year in a row from Times of India
2025-12-03 23:44:26,154 - INFO - [Times of India] Article: https://timesofindia.indiatimes.com/world/rest-of-world/irans-supreme-leader-ayatollah-khamenei-goes-on-feminist-rant-blames-america-and-capitalism-for-oppressing-women/articleshow/125752830.cms
2025-12-03 23:44:26,154 - INFO - [Times of India] Attempt 1/1: Trying with 'selenium_browser' strategy...
2025-12-03 23:46:26,225 - ERROR - [Times of India] Request failed for strategy 'selenium_browser' on URL https://timesofindia.indiatimes.com/world/rest-of-world/irans-supreme-leader-ayatollah-khamenei-goes-on-feminist-rant-blames-america-and-capitalism-for-oppressing-women/articleshow/125752830.cms: HTTPConnectionPool(host='localhost', port=44991): Read timed out. (read timeout=120)
2025-12-03 23:46:26,225 - ERROR - [Times of India] All scrape strategies failed for https://timesofindia.indiatimes.com/world/rest-of-world/irans-supreme-leader-ayatollah-khamenei-goes-on-feminist-rant-blames-america-and-capitalism-for-oppressing-women/articleshow/125752830.cms. Falling back to RSS description.
2025-12-03 23:46:26,226 - INFO - Duplicate article skipped: Iran’s supreme leader Ayatollah Khamenei goes on ‘feminist’ rant, blames America and capitalism for oppressing women from Times of India
2025-12-03 23:46:26,875 - INFO - [Times of India] Article: https://timesofindia.indiatimes.com/world/us/drunk-raccoon-breaks-into-liquor-store-downs-scotch-and-passes-out-in-bathroom/articleshow/125752346.cms
2025-12-03 23:46:26,875 - INFO - [Times of India] Attempt 1/1: Trying with 'selenium_browser' strategy...
2025-12-03 23:47:17,066 - CRITICAL - --- TIMEOUT: 1 scrape jobs did not complete in 300s. ---
2025-12-03 23:47:17,066 - ERROR - A thread has timed out and will be abandoned.
2025-12-03 23:47:17,066 - INFO - Shutting down thread pool (wait=False)...
2025-12-03 23:47:17,066 - INFO - Scraped: 0 The Guardian, 0 BBC, 1 The Hindu, 1 Timed_Out_Jobs articles. (Total saved: 1)
2025-12-03 23:47:17,066 - INFO - --- Scraping job finished ---
2025-12-03 23:47:17,067 - INFO - --- Scraper service stopped and database connection closed. ---
2025-12-03 23:47:17,067 - INFO - --- Main thread finished. Forcing process exit to kill zombie threads. ---
