2025-11-27 14:25:07,352 - INFO - Loading AI Semantic Model (all-MiniLM-L6-v2)...
2025-11-27 14:25:07,352 - INFO - Use pytorch device_name: cpu
2025-11-27 14:25:07,353 - INFO - Load pretrained SentenceTransformer: all-MiniLM-L6-v2
2025-11-27 14:25:07,925 - INFO - AI Model loaded successfully.
2025-11-27 14:25:07,926 - INFO - Initializing database connection at: news_articles.db
2025-11-27 14:25:07,926 - INFO - --- Scraper service started (CI Mode: Run Once) ---
2025-11-27 14:25:07,926 - INFO - --- Starting new scraping job (Parallel Mode) ---
2025-11-27 14:25:07,926 - INFO - Creating new robust session with 3 retries on 5xx/connection/read errors.
2025-11-27 14:25:07,926 - INFO - Proxy is DISABLED.
2025-11-27 14:25:07,926 - INFO - Starting scrape for BBC RSS feed: http://feeds.bbci.co.uk/news/world/rss.xml
2025-11-27 14:25:07,927 - INFO - [Times of India] (Thread) requires Selenium. Initializing driver...
2025-11-27 14:25:07,927 - INFO - Initializing headless Selenium Chrome driver (using SeleniumManager)...
2025-11-27 14:25:07,928 - INFO - Starting scrape for The Guardian RSS feed: https://www.theguardian.com/world/rss
2025-11-27 14:25:07,930 - INFO - [The Hindu] (Thread) requires Selenium. Initializing driver...
2025-11-27 14:25:07,930 - INFO - Initializing headless Selenium Chrome driver (using SeleniumManager)...
2025-11-27 14:25:07,930 - INFO - Submitted 4 jobs to thread pool. Waiting up to 300s for completion...
2025-11-27 14:25:08,080 - INFO - Found 31 articles in BBC RSS feed. Processing up to 20.
2025-11-27 14:25:08,080 - INFO - [BBC] Article: https://www.bbc.com/news/articles/cvg165d7ppvo?at_medium=RSS&at_campaign=rss
2025-11-27 14:25:08,080 - INFO - [BBC] Attempt 1/1: Trying with 'requests_browser' strategy...
2025-11-27 14:25:08,178 - INFO - Found 45 articles in The Guardian RSS feed. Processing up to 20.
2025-11-27 14:25:08,179 - INFO - [The Guardian] Article: https://www.theguardian.com/world/2025/nov/26/guinea-bissau-officers-take-total-control-close-borders-amid-election-chaos
2025-11-27 14:25:08,179 - INFO - [The Guardian] Attempt 1/1: Trying with 'requests_browser' strategy...
2025-11-27 14:25:08,218 - INFO - [The Guardian] Success with 'requests_browser'. Found content (412 words).
2025-11-27 14:25:08,256 - INFO - Duplicate article skipped: Guinea-Bissau military takes ‘total control’ amid election chaos | Guinea-Bissau | The Guardian from The Guardian
2025-11-27 14:25:08,327 - INFO - [BBC] Success with 'requests_browser'. Found content (978 words).
2025-11-27 14:25:08,413 - INFO - Duplicate article skipped: Hong Kong: At least 65 dead and hundreds missing after fire engulfs tower blocks from BBC
2025-11-27 14:25:09,440 - INFO - [BBC] Article: https://www.bbc.com/news/videos/c3w7e2p48l7o?at_medium=RSS&at_campaign=rss
2025-11-27 14:25:09,440 - INFO - [BBC] Attempt 1/1: Trying with 'requests_browser' strategy...
2025-11-27 14:25:09,476 - INFO - [The Guardian] Article: https://www.theguardian.com/world/2025/nov/25/nigerian-schoolgirls-rescued-after-mass-abduction-in-kebbi
2025-11-27 14:25:09,476 - INFO - [The Guardian] Attempt 1/1: Trying with 'requests_browser' strategy...
2025-11-27 14:25:09,498 - INFO - [BBC] Success with 'requests_browser'. Found content (148 words).
2025-11-27 14:25:09,551 - INFO - Duplicate article skipped: Video shows speed fire spreads in Hong Kong tower block from BBC
2025-11-27 14:25:09,584 - INFO - [The Guardian] Success with 'requests_browser'. Found content (515 words).
2025-11-27 14:25:09,633 - INFO - Duplicate article skipped: Nigerian schoolgirls rescued after mass abduction in Kebbi | Nigeria | The Guardian from The Guardian
2025-11-27 14:25:10,547 - INFO - [BBC] Article: https://www.bbc.com/news/articles/cgex957qg97o?at_medium=RSS&at_campaign=rss
2025-11-27 14:25:10,547 - INFO - [BBC] Attempt 1/1: Trying with 'requests_browser' strategy...
2025-11-27 14:25:10,589 - INFO - [BBC] Success with 'requests_browser'. Found content (779 words).
2025-11-27 14:25:10,626 - INFO - Duplicate article skipped: US suspends immigration requests for Afghans after National Guard shooting from BBC
2025-11-27 14:25:10,862 - INFO - [The Guardian] Article: https://www.theguardian.com/world/2025/nov/25/jacob-zuma-daughter-accused-tricking-men-fighting-for-russia-in-ukraine
2025-11-27 14:25:10,862 - INFO - [The Guardian] Attempt 1/1: Trying with 'requests_browser' strategy...
2025-11-27 14:25:10,904 - INFO - [The Guardian] Success with 'requests_browser'. Found content (656 words).
2025-11-27 14:25:11,081 - INFO - Duplicate article skipped: Jacob Zuma’s daughter accused of tricking men into fighting for Russia in Ukraine | South Africa | The Guardian from The Guardian
2025-11-27 14:25:11,978 - INFO - [The Guardian] Article: https://www.theguardian.com/uk-news/2025/nov/24/uk-rejects-nigerian-request-to-deport-former-politican-ike-ekweremadu-jailed-for-organ-trafficking
2025-11-27 14:25:11,978 - INFO - [The Guardian] Attempt 1/1: Trying with 'requests_browser' strategy...
2025-11-27 14:25:12,015 - INFO - [The Guardian] Success with 'requests_browser'. Found content (545 words).
2025-11-27 14:25:12,052 - INFO - Duplicate article skipped: UK rejects Nigerian request to deport former politican jailed for organ trafficking | UK news | The Guardian from The Guardian
2025-11-27 14:25:12,106 - INFO - [BBC] Article: https://www.bbc.com/news/articles/c0edw7g7z79o?at_medium=RSS&at_campaign=rss
2025-11-27 14:25:12,106 - INFO - [BBC] Attempt 1/1: Trying with 'requests_browser' strategy...
2025-11-27 14:25:12,146 - INFO - [BBC] Success with 'requests_browser'. Found content (1054 words).
2025-11-27 14:25:12,184 - INFO - Duplicate article skipped: France brings back limited military service with 3,000 volunteers next year from BBC
2025-11-27 14:25:13,263 - INFO - [The Guardian] Article: https://www.theguardian.com/world/2025/nov/24/ethiopian-volcano-hayli-gubbi-erupts-first-time-12000-years
2025-11-27 14:25:13,264 - INFO - [The Guardian] Attempt 1/1: Trying with 'requests_browser' strategy...
2025-11-27 14:25:13,297 - INFO - [The Guardian] Success with 'requests_browser'. Found content (306 words).
2025-11-27 14:25:13,332 - INFO - Duplicate article skipped: Ethiopian volcano erupts for first time in 12,000 years | Ethiopia | The Guardian from The Guardian
2025-11-27 14:25:13,410 - INFO - [BBC] Article: https://www.bbc.com/news/articles/cvg164nvj77o?at_medium=RSS&at_campaign=rss
2025-11-27 14:25:13,411 - INFO - [BBC] Attempt 1/1: Trying with 'requests_browser' strategy...
2025-11-27 14:25:13,457 - INFO - [BBC] Success with 'requests_browser'. Found content (707 words).
2025-11-27 14:25:13,508 - INFO - Duplicate article skipped: Guinea-Bissau army general named president a day after apparent coup from BBC
2025-11-27 14:25:14,745 - INFO - [The Guardian] Article: https://www.theguardian.com/world/2025/nov/27/st-vincent-prime-minister-seeks-record-sixth-term-in-tight-election
2025-11-27 14:25:14,745 - INFO - [The Guardian] Attempt 1/1: Trying with 'requests_browser' strategy...
2025-11-27 14:25:14,780 - INFO - [The Guardian] Success with 'requests_browser'. Found content (676 words).
2025-11-27 14:25:14,815 - INFO - Duplicate article skipped: St Vincent prime minister seeks record sixth term in tight election | St Vincent and the Grenadines | The Guardian from The Guardian
2025-11-27 14:25:14,821 - INFO - [BBC] Article: https://www.bbc.com/news/articles/cewj1e1yk2vo?at_medium=RSS&at_campaign=rss
2025-11-27 14:25:14,821 - INFO - [BBC] Attempt 1/1: Trying with 'requests_browser' strategy...
2025-11-27 14:25:14,865 - INFO - [BBC] Success with 'requests_browser'. Found content (1118 words).
2025-11-27 14:25:14,908 - INFO - Duplicate article skipped: Fracking transforms an Argentine town but what about the nation? from BBC
2025-11-27 14:25:15,682 - INFO - [BBC] Article: https://www.bbc.com/news/articles/cd0keyern0do?at_medium=RSS&at_campaign=rss
2025-11-27 14:25:15,682 - INFO - [BBC] Attempt 1/1: Trying with 'requests_browser' strategy...
2025-11-27 14:25:15,716 - INFO - [BBC] Success with 'requests_browser'. Found content (511 words).
2025-11-27 14:25:15,753 - INFO - Duplicate article skipped: Venezuela bans six major airlines after tensions with US escalate from BBC
2025-11-27 14:25:15,962 - INFO - Selenium driver initialized successfully.
2025-11-27 14:25:15,963 - INFO - Starting scrape for The Hindu RSS feed: https://www.thehindu.com/news/national/feeder/default.rss
2025-11-27 14:25:15,964 - INFO - Selenium driver initialized successfully.
2025-11-27 14:25:15,964 - INFO - Starting scrape for Times of India RSS feed: https://timesofindia.indiatimes.com/rssfeeds/296589292.cms
2025-11-27 14:25:16,011 - INFO - [The Guardian] Article: https://www.theguardian.com/us-news/2025/nov/26/trump-temporary-protected-status-haiti
2025-11-27 14:25:16,011 - INFO - [The Guardian] Attempt 1/1: Trying with 'requests_browser' strategy...
2025-11-27 14:25:16,049 - INFO - [The Guardian] Success with 'requests_browser'. Found content (409 words).
2025-11-27 14:25:16,084 - INFO - Duplicate article skipped: Trump officials halt protected status for Haitians in US | US immigration | The Guardian from The Guardian
2025-11-27 14:25:16,103 - INFO - Found 100 articles in The Hindu RSS feed. Processing up to 20.
2025-11-27 14:25:16,103 - INFO - [The Hindu] Article: https://www.thehindu.com/news/national/karnataka/krrs-opposes-signing-of-fta-with-the-us-fear-it-will-cripple-small-farmers/article70330633.ece
2025-11-27 14:25:16,103 - INFO - [The Hindu] Attempt 1/1: Trying with 'selenium_browser' strategy...
2025-11-27 14:25:16,198 - INFO - Found 20 articles in Times of India RSS feed. Processing up to 20.
2025-11-27 14:25:16,199 - INFO - [Times of India] Article: https://timesofindia.indiatimes.com/world/us/rahmanullah-lakanwal-was-working-with-nick-fuentes-makes-big-claim-on-washington-shooter-who-killed-2/articleshow/125616204.cms
2025-11-27 14:25:16,199 - INFO - [Times of India] Attempt 1/1: Trying with 'selenium_browser' strategy...
2025-11-27 14:25:16,414 - INFO - [BBC] Article: https://www.bbc.com/news/articles/cdd560nvqqdo?at_medium=RSS&at_campaign=rss
2025-11-27 14:25:16,414 - INFO - [BBC] Attempt 1/1: Trying with 'requests_browser' strategy...
2025-11-27 14:25:16,461 - INFO - [BBC] Success with 'requests_browser'. Found content (1894 words).
2025-11-27 14:25:16,503 - INFO - Duplicate article skipped: Year after ceasefire, peace eludes south Lebanon as Israeli strikes continue from BBC
2025-11-27 14:25:16,778 - INFO - [The Guardian] Article: https://www.theguardian.com/us-news/2025/nov/26/kristi-noem-deportation-flights-el-salvador
2025-11-27 14:25:16,778 - INFO - [The Guardian] Attempt 1/1: Trying with 'requests_browser' strategy...
2025-11-27 14:25:16,823 - INFO - [The Guardian] Success with 'requests_browser'. Found content (433 words).
2025-11-27 14:25:16,879 - INFO - Duplicate article skipped: Noem made decision to continue deportation flights to El Salvador, justice department says | Trump administration | The Guardian from The Guardian
2025-11-27 14:25:17,905 - INFO - [BBC] Article: https://www.bbc.com/news/articles/cy5g3076lqzo?at_medium=RSS&at_campaign=rss
2025-11-27 14:25:17,905 - INFO - [BBC] Attempt 1/1: Trying with 'requests_browser' strategy...
2025-11-27 14:25:18,026 - INFO - [BBC] Success with 'requests_browser'. Found content (700 words).
2025-11-27 14:25:18,158 - INFO - Duplicate article skipped: Pope Leo arrives in Turkey on first foreign trip, six months into papacy from BBC
2025-11-27 14:25:18,243 - INFO - [The Guardian] Article: https://www.theguardian.com/world/2025/nov/26/maduro-defends-venezuela-against-trump-military
2025-11-27 14:25:18,243 - INFO - [The Guardian] Attempt 1/1: Trying with 'requests_browser' strategy...
2025-11-27 14:25:18,400 - INFO - [The Guardian] Success with 'requests_browser'. Found content (567 words).
2025-11-27 14:25:18,536 - INFO - Duplicate article skipped: Trump threatens Venezuela’s Maduro with ‘the easy way … or the hard way’ | Nicolás Maduro | The Guardian from The Guardian
2025-11-27 14:25:19,400 - INFO - [BBC] Article: https://www.bbc.com/news/articles/cq8dq47j5y8o?at_medium=RSS&at_campaign=rss
2025-11-27 14:25:19,401 - INFO - [BBC] Attempt 1/1: Trying with 'requests_browser' strategy...
2025-11-27 14:25:19,466 - INFO - [BBC] Success with 'requests_browser'. Found content (500 words).
2025-11-27 14:25:19,525 - INFO - Duplicate article skipped: South Africa's Cyril Ramaphosa hits back after Donald Trump says US won't invite it for G20 summit from BBC
2025-11-27 14:25:19,783 - INFO - [The Guardian] Article: https://www.theguardian.com/us-news/2025/nov/25/trump-caribbean-boat-strikes-memo
2025-11-27 14:25:19,785 - INFO - [The Guardian] Attempt 1/1: Trying with 'requests_browser' strategy...
2025-11-27 14:25:19,858 - INFO - [The Guardian] Success with 'requests_browser'. Found content (952 words).
2025-11-27 14:25:19,943 - INFO - Duplicate article skipped: US justice department memo about boat strikes diverges from Trump narrative | Trump administration | The Guardian from The Guardian
2025-11-27 14:25:20,010 - INFO - [The Hindu] Page content loaded.
2025-11-27 14:25:20,091 - INFO - [The Hindu] Success with 'selenium_browser'. Found content (432 words).
2025-11-27 14:25:20,817 - INFO - [BBC] Article: https://www.bbc.com/news/articles/cdxwzwe507ko?at_medium=RSS&at_campaign=rss
2025-11-27 14:25:20,817 - INFO - [BBC] Attempt 1/1: Trying with 'requests_browser' strategy...
2025-11-27 14:25:20,888 - INFO - [The Guardian] Article: https://www.theguardian.com/world/live/2025/nov/27/hong-kong-fire-arrests-dead-killed-hundreds-missing-housing-complex-blaze
2025-11-27 14:25:20,888 - INFO - [The Guardian] Attempt 1/1: Trying with 'requests_browser' strategy...
2025-11-27 14:25:20,924 - INFO - [BBC] Success with 'requests_browser'. Found content (442 words).
2025-11-27 14:25:22,036 - INFO - [The Guardian] Success with 'requests_browser'. Found content (1629 words).
2025-11-27 14:25:32,062 - INFO - Saved article: KRRS opposes signing of FTA with the U.S., fear it will cripple small farmers - The Hindu from The Hindu
2025-11-27 14:25:32,062 - INFO - Duplicate article skipped: Malawi police investigate theft of four German Shepherds from Kamuzu Palace from BBC
2025-11-27 14:25:32,062 - INFO - Duplicate article skipped: Hong Kong fire latest: rescue crews search for survivors as death toll rises to 65 with hundreds reported missing | Hong Kong | The Guardian from The Guardian
2025-11-27 14:25:32,575 - INFO - [The Hindu] Article: https://www.thehindu.com/news/national/karnataka/10-booked-for-preventing-si-from-discharging-duty-in-shorapur/article70330973.ece
2025-11-27 14:25:32,576 - INFO - [The Hindu] Attempt 1/1: Trying with 'selenium_browser' strategy...
2025-11-27 14:25:32,602 - INFO - [BBC] Article: https://www.bbc.com/news/articles/cly0jjv2lg1o?at_medium=RSS&at_campaign=rss
2025-11-27 14:25:32,602 - INFO - [BBC] Attempt 1/1: Trying with 'requests_browser' strategy...
2025-11-27 14:25:32,725 - INFO - [BBC] Success with 'requests_browser'. Found content (1341 words).
2025-11-27 14:25:32,767 - INFO - Duplicate article skipped: Russia Ukraine war: Where peace stands after frantic diplomacy from BBC
2025-11-27 14:25:32,818 - INFO - [The Guardian] Article: https://www.theguardian.com/news/2025/nov/27/hong-kong-apartment-complex-fire-reaction
2025-11-27 14:25:32,818 - INFO - [The Guardian] Attempt 1/1: Trying with 'requests_browser' strategy...
2025-11-27 14:25:32,862 - INFO - [The Guardian] Success with 'requests_browser'. Found content (737 words).
2025-11-27 14:25:33,862 - INFO - [BBC] Article: https://www.bbc.com/news/articles/c0edww3qgq2o?at_medium=RSS&at_campaign=rss
2025-11-27 14:25:33,862 - INFO - [BBC] Attempt 1/1: Trying with 'requests_browser' strategy...
2025-11-27 14:25:34,019 - INFO - [BBC] Success with 'requests_browser'. Found content (652 words).
2025-11-27 14:25:34,857 - INFO - [Times of India] Page content loaded.
2025-11-27 14:25:35,412 - INFO - [Times of India] Success with 'selenium_browser'. Found content (360 words).
2025-11-27 14:25:37,110 - INFO - [The Hindu] Page content loaded.
2025-11-27 14:25:37,279 - INFO - [The Hindu] Success with 'selenium_browser'. Found content (176 words).
2025-11-27 14:25:42,541 - INFO - DEDUPLICATION: Found match (Score: 0.91). Linking to Cluster ID: f02e647e-7026-4d9a-b1cc-3ab51f1731b4
2025-11-27 14:25:42,543 - INFO - Saved article: ‘There should have been an alarm’: in air thick with acrid smoke, people in Hong Kong are reeling and angry | Hong Kong apartment fires | The Guardian from The Guardian
2025-11-27 14:25:42,543 - INFO - Duplicate article skipped: Guinea-Bissau coup: Soldiers seize power and detain President Umaro Sissoco Embaló from BBC
2025-11-27 14:25:43,077 - INFO - [BBC] Article: https://www.bbc.com/news/articles/c3r7xr94ln8o?at_medium=RSS&at_campaign=rss
2025-11-27 14:25:43,077 - INFO - [BBC] Attempt 1/1: Trying with 'requests_browser' strategy...
2025-11-27 14:25:43,205 - INFO - [BBC] Success with 'requests_browser'. Found content (724 words).
2025-11-27 14:25:43,384 - INFO - [The Guardian] Article: https://www.theguardian.com/news/2025/nov/27/hong-kong-fire-tai-po-police-blame-construction-company
2025-11-27 14:25:43,384 - INFO - [The Guardian] Attempt 1/1: Trying with 'requests_browser' strategy...
2025-11-27 14:25:43,442 - INFO - [The Guardian] Success with 'requests_browser'. Found content (946 words).
2025-11-27 14:25:49,927 - INFO - Saved article: ‘Rahmanullah Lakanwal was working with...’: Nick Fuentes makes big claim on Washington shooter who killed 2 - The Times of India from Times of India
2025-11-27 14:25:50,644 - INFO - [Times of India] Article: https://timesofindia.indiatimes.com/world/us/fraud-nepotism-corruption-heritage-foundation-speaks-out-on-h-1b-row-says-h-4-spouses-should-not-be-authorized-to-work-in-us/articleshow/125614782.cms
2025-11-27 14:25:50,644 - INFO - [Times of India] Attempt 1/1: Trying with 'selenium_browser' strategy...
2025-11-27 14:26:00,323 - INFO - Saved article: 10 booked for preventing SI from discharging duty in Shorapur - The Hindu from The Hindu
2025-11-27 14:26:00,323 - INFO - Duplicate article skipped: Trump defends Witkoff after leak appears to show envoy coaching Russias from BBC
2025-11-27 14:26:00,323 - INFO - Duplicate article skipped: Hong Kong police say unsafe scaffolding and foam may have spread fire that killed at least 65 | Hong Kong apartment fires | The Guardian from The Guardian
2025-11-27 14:26:01,153 - INFO - [The Guardian] Article: https://www.theguardian.com/world/2025/nov/27/jakarta-overtakes-tokyo-most-populous-city-world
2025-11-27 14:26:01,153 - INFO - [The Guardian] Attempt 1/1: Trying with 'requests_browser' strategy...
2025-11-27 14:26:01,188 - INFO - [The Guardian] Success with 'requests_browser'. Found content (515 words).
2025-11-27 14:26:01,213 - INFO - [BBC] Article: https://www.bbc.com/news/articles/c74x55epn34o?at_medium=RSS&at_campaign=rss
2025-11-27 14:26:01,218 - INFO - [BBC] Attempt 1/1: Trying with 'requests_browser' strategy...
2025-11-27 14:26:01,226 - INFO - Duplicate article skipped: Jakarta overtakes Tokyo as world’s most populous city, according to UN | Indonesia | The Guardian from The Guardian
2025-11-27 14:26:01,333 - INFO - [BBC] Success with 'requests_browser'. Found content (303 words).
2025-11-27 14:26:01,373 - INFO - Duplicate article skipped: Nicolas Sarkozy illegal campaign financing conviction upheld from BBC
2025-11-27 14:26:01,648 - INFO - [The Hindu] Article: https://www.thehindu.com/news/national/over-68-sir-enumeration-forms-digitised-eci/article70330684.ece
2025-11-27 14:26:01,648 - INFO - [The Hindu] Attempt 1/1: Trying with 'selenium_browser' strategy...
2025-11-27 14:26:01,874 - INFO - [The Guardian] Article: https://www.theguardian.com/world/2025/nov/26/hong-kong-fire-tai-po-towers
2025-11-27 14:26:01,874 - INFO - [The Guardian] Attempt 1/1: Trying with 'requests_browser' strategy...
2025-11-27 14:26:01,926 - INFO - [The Guardian] Success with 'requests_browser'. Found content (742 words).
2025-11-27 14:26:01,991 - INFO - Duplicate article skipped: Death toll in Hong Kong tower block fire rises to 44 with hundreds still missing | Hong Kong | The Guardian from The Guardian
2025-11-27 14:26:02,087 - INFO - [BBC] Article: https://www.bbc.com/news/articles/c9d9l7w1g8yo?at_medium=RSS&at_campaign=rss
2025-11-27 14:26:02,087 - INFO - [BBC] Attempt 1/1: Trying with 'requests_browser' strategy...
2025-11-27 14:26:02,222 - INFO - [BBC] Success with 'requests_browser'. Found content (420 words).
2025-11-27 14:26:02,259 - INFO - Duplicate article skipped: Australia social media ban: Teens challenge law before High Court from BBC
2025-11-27 14:26:02,393 - INFO - [The Hindu] Page content loaded.
2025-11-27 14:26:02,571 - INFO - [The Hindu] Success with 'selenium_browser'. Found content (253 words).
2025-11-27 14:26:03,178 - INFO - [The Guardian] Article: https://www.theguardian.com/australia-news/2025/nov/27/anti-abortion-activist-joanna-howes-claims-her-employer-gave-her-immunity-from-complaints-by-pro-choice-campaigners-ntwnfb
2025-11-27 14:26:03,178 - INFO - [The Guardian] Attempt 1/1: Trying with 'requests_browser' strategy...
2025-11-27 14:26:03,317 - INFO - [The Guardian] Success with 'requests_browser'. Found content (745 words).
2025-11-27 14:26:03,440 - INFO - [BBC] Article: https://www.bbc.com/news/articles/cr4drle9k12o?at_medium=RSS&at_campaign=rss
2025-11-27 14:26:03,440 - INFO - [BBC] Attempt 1/1: Trying with 'requests_browser' strategy...
2025-11-27 14:26:03,573 - INFO - [BBC] Success with 'requests_browser'. Found content (493 words).
2025-11-27 14:26:04,258 - INFO - [Times of India] Page content loaded.
2025-11-27 14:26:04,538 - INFO - [Times of India] Success with 'selenium_browser'. Found content (456 words).
2025-11-27 14:26:11,057 - INFO - Saved article: Over 68% SIR enumeration forms digitised: ECI - The Hindu from The Hindu
2025-11-27 14:26:12,033 - INFO - [The Hindu] Article: https://www.thehindu.com/news/national/tamil-nadu/name-wont-feature-in-draft-electoral-rolls-if-enumeration-form-is-not-submitted-by-december-4-says-chief-electoral-officer/article70330436.ece
2025-11-27 14:26:12,033 - INFO - [The Hindu] Attempt 1/1: Trying with 'selenium_browser' strategy...
2025-11-27 14:26:13,615 - INFO - [The Hindu] Page content loaded.
2025-11-27 14:26:13,848 - INFO - [The Hindu] Success with 'selenium_browser'. Found content (424 words).
2025-11-27 14:26:20,287 - INFO - Saved article: Anti-abortion activist Joanna Howe claims her employer gave her immunity from complaints by pro-choice campaigners | South Australia | The Guardian from The Guardian
2025-11-27 14:26:20,287 - INFO - Duplicate article skipped: Chicago man accused of setting train passenger on fire had 72 prior arrests from BBC
2025-11-27 14:26:20,287 - INFO - Duplicate article skipped: 'Fraud, nepotism, corruption': Heritage Foundation speaks out on H-1B row, says H-4 spouses should not be authorized to work in US - The Times of India from Times of India
2025-11-27 14:26:21,132 - INFO - [Times of India] Article: https://timesofindia.indiatimes.com/world/us/national-guard-had-nothing-to-do-but-pick-up-trash-journalist-says-soldiers-killed-near-white-house-were-sent-for-political-show-draws-flak/articleshow/125614673.cms
2025-11-27 14:26:21,132 - INFO - [Times of India] Attempt 1/1: Trying with 'selenium_browser' strategy...
2025-11-27 14:26:21,521 - INFO - [The Guardian] Article: https://www.theguardian.com/australia-news/2025/nov/27/state-library-of-victoria-faces-job-cuts-as-staff-accuse-management-of-pursuing-digital-vanity-projects
2025-11-27 14:26:21,521 - INFO - [The Guardian] Attempt 1/1: Trying with 'requests_browser' strategy...
2025-11-27 14:26:21,573 - INFO - [BBC] Article: https://www.bbc.com/news/articles/c1dzp050yn2o?at_medium=RSS&at_campaign=rss
2025-11-27 14:26:21,573 - INFO - [BBC] Attempt 1/1: Trying with 'requests_browser' strategy...
2025-11-27 14:26:21,713 - INFO - [The Guardian] Success with 'requests_browser'. Found content (722 words).
2025-11-27 14:26:21,851 - INFO - [BBC] Success with 'requests_browser'. Found content (1232 words).
2025-11-27 14:26:30,644 - INFO - Saved article: Name won’t feature in draft electoral rolls if enumeration form is not submitted by December 4, says Chief Electoral Officer - The Hindu from The Hindu
2025-11-27 14:26:31,678 - INFO - [The Hindu] Article: https://www.thehindu.com/news/national/telangana/ghmc-initiates-model-footpath-development-with-recycled-plastic-and-solar-roof/article70330578.ece
2025-11-27 14:26:31,678 - INFO - [The Hindu] Attempt 1/1: Trying with 'selenium_browser' strategy...
2025-11-27 14:26:33,201 - INFO - [The Hindu] Page content loaded.
2025-11-27 14:26:33,431 - INFO - [The Hindu] Success with 'selenium_browser'. Found content (332 words).
2025-11-27 14:26:33,862 - INFO - [Times of India] Page content loaded.
2025-11-27 14:26:34,352 - INFO - [Times of India] Success with 'selenium_browser'. Found content (385 words).
2025-11-27 14:26:40,674 - INFO - Saved article: State Library of Victoria faces job cuts as staff accuse management of pursuing ‘digital vanity projects’ | Melbourne | The Guardian from The Guardian
2025-11-27 14:26:40,674 - INFO - Duplicate article skipped: Italian parliament unanimously votes to make femicide a crime from BBC
2025-11-27 14:26:41,242 - INFO - [The Guardian] Article: https://www.theguardian.com/australia-news/2025/nov/27/santos-gas-plan-beetaloo-basin-northern-territory-fracking-fears
2025-11-27 14:26:41,242 - INFO - [The Guardian] Attempt 1/1: Trying with 'requests_browser' strategy...
2025-11-27 14:26:41,386 - INFO - [The Guardian] Success with 'requests_browser'. Found content (621 words).
2025-11-27 14:26:41,577 - INFO - [BBC] Article: https://www.bbc.com/news/articles/ckg97wx144jo?at_medium=RSS&at_campaign=rss
2025-11-27 14:26:41,577 - INFO - [BBC] Attempt 1/1: Trying with 'requests_browser' strategy...
2025-11-27 14:26:41,930 - INFO - [BBC] Success with 'requests_browser'. Found content (534 words).
2025-11-27 14:26:48,584 - INFO - Saved article: GHMC initiates model footpath development with recycled plastic and solar roof - The Hindu from The Hindu
2025-11-27 14:26:48,585 - INFO - Duplicate article skipped: National Guard had ‘nothing to do but pick up trash’: Journalist says soldiers killed near White House were sent for ‘political show’; draws flak - The Times of India from Times of India
2025-11-27 14:26:49,131 - INFO - [The Hindu] Article: https://www.thehindu.com/news/national/kerala/tdb-probes-lapse-after-honey-supplied-in-acid-containers/article70330550.ece
2025-11-27 14:26:49,131 - INFO - [The Hindu] Attempt 1/1: Trying with 'selenium_browser' strategy...
2025-11-27 14:26:49,439 - INFO - [Times of India] Article: https://timesofindia.indiatimes.com/world/middle-east/uae-launches-region-first-digital-marketplace-app-for-buying-and-trading-trademarks/articleshow/125614099.cms
2025-11-27 14:26:49,439 - INFO - [Times of India] Attempt 1/1: Trying with 'selenium_browser' strategy...
2025-11-27 14:26:51,289 - INFO - [Times of India] Page content loaded.
2025-11-27 14:26:51,667 - INFO - [Times of India] Success with 'selenium_browser'. Found content (457 words).
2025-11-27 14:26:52,557 - INFO - [The Hindu] Page content loaded.
2025-11-27 14:26:52,648 - INFO - [The Hindu] Success with 'selenium_browser'. Found content (364 words).
2025-11-27 14:27:00,784 - INFO - Saved article: ‘How far is it going to escalate?’ Fear Santos gas plan in Beetaloo basin could be start of NT fracking rush | Santos | The Guardian from The Guardian
2025-11-27 14:27:00,784 - INFO - Duplicate article skipped: South East Asia floods: Scores killed and thousands evacuated from record rainfall from BBC
2025-11-27 14:27:00,784 - INFO - Duplicate article skipped: UAE launches region first digital marketplace app for buying and trading trademarks | World News - The Times of India from Times of India
2025-11-27 14:27:01,382 - INFO - [BBC] Article: https://www.bbc.com/news/articles/cvgjnlx1g6yo?at_medium=RSS&at_campaign=rss
2025-11-27 14:27:01,382 - INFO - [BBC] Attempt 1/1: Trying with 'requests_browser' strategy...
2025-11-27 14:27:01,434 - INFO - [BBC] Success with 'requests_browser'. Found content (787 words).
2025-11-27 14:27:01,641 - INFO - [The Guardian] Article: https://www.theguardian.com/australia-news/2025/nov/27/national-food-policy-australian-diet-could-worsen
2025-11-27 14:27:01,641 - INFO - [The Guardian] Attempt 1/1: Trying with 'requests_browser' strategy...
2025-11-27 14:27:01,781 - INFO - [The Guardian] Success with 'requests_browser'. Found content (694 words).
2025-11-27 14:27:02,127 - INFO - [Times of India] Article: https://timesofindia.indiatimes.com/world/us/polymarket-legal-officer-neal-kumar-apologises-after-company-posts-racial-slur-targeting-indians/articleshow/125614119.cms
2025-11-27 14:27:02,127 - INFO - [Times of India] Attempt 1/1: Trying with 'selenium_browser' strategy...
2025-11-27 14:27:03,920 - INFO - [Times of India] Page content loaded.
2025-11-27 14:27:04,226 - INFO - [Times of India] Success with 'selenium_browser'. Found content (280 words).
2025-11-27 14:27:10,823 - INFO - Saved article: TDB probes ‘lapse’ after honey supplied in acid containers - The Hindu from The Hindu
2025-11-27 14:27:10,823 - INFO - Duplicate article skipped: Hong Kong residents react as deadly fire tears through housing estate from BBC
2025-11-27 14:27:12,068 - INFO - [The Hindu] Article: https://www.thehindu.com/news/national/telangana/govt-asks-mps-to-pitch-for-42-quota-to-bcs-in-parliament/article70330733.ece
2025-11-27 14:27:12,068 - INFO - [The Hindu] Attempt 1/1: Trying with 'selenium_browser' strategy...
2025-11-27 14:27:13,355 - INFO - [The Hindu] Page content loaded.
2025-11-27 14:27:13,459 - INFO - [The Hindu] Success with 'selenium_browser'. Found content (389 words).
2025-11-27 14:27:20,117 - INFO - Saved article: Australian diet set to worsen as national food policy is drawn up by profit-driven industry, experts warn | Health | The Guardian from The Guardian
2025-11-27 14:27:20,117 - INFO - Duplicate article skipped: Polymarket legal officer Neal Kumar apologises after company posts racial slur targeting Indians | World News - The Times of India from Times of India
2025-11-27 14:27:21,083 - INFO - [The Guardian] Article: https://www.theguardian.com/australia-news/2025/nov/27/guardian-australia-win-walkley-award-for-indigenous-affairs-for-the-descendants-series
2025-11-27 14:27:21,083 - INFO - [The Guardian] Attempt 1/1: Trying with 'requests_browser' strategy...
2025-11-27 14:27:21,128 - INFO - [The Guardian] Success with 'requests_browser'. Found content (389 words).
2025-11-27 14:27:21,380 - INFO - [Times of India] Article: https://timesofindia.indiatimes.com/world/us/us-investor-slams-comically-broken-e-visa-application-process-in-india-if-you-can-survive-it-/articleshow/125613765.cms
2025-11-27 14:27:21,380 - INFO - [Times of India] Attempt 1/1: Trying with 'selenium_browser' strategy...
2025-11-27 14:27:23,500 - INFO - [Times of India] Page content loaded.
2025-11-27 14:27:23,657 - INFO - [Times of India] Success with 'selenium_browser'. Found content (320 words).
2025-11-27 14:27:30,981 - INFO - Saved article: Govt. asks MPs to pitch for 42% quota to BCs in Parliament - The Hindu from The Hindu
2025-11-27 14:27:30,981 - INFO - Duplicate article skipped: Guardian Australia wins Walkley award for Indigenous affairs for The Descendants series | Indigenous Australians | The Guardian from The Guardian
2025-11-27 14:27:30,981 - INFO - Duplicate article skipped: US investor slams 'comically broken' e-visa application process in India: 'If you can survive it...' - The Times of India from Times of India
2025-11-27 14:27:31,877 - INFO - [Times of India] Article: https://timesofindia.indiatimes.com/world/middle-east/qatar-education-ministry-unveil-new-2025-2026-exam-calendar-and-flexible-working-hours/articleshow/125612330.cms
2025-11-27 14:27:31,877 - INFO - [Times of India] Attempt 1/1: Trying with 'selenium_browser' strategy...
2025-11-27 14:27:32,433 - INFO - [The Hindu] Article: https://www.thehindu.com/news/national/kerala/woman-meets-chief-minister-pinarayi-vijayan-and-files-a-complaint-of-sexual-exploitation-and-coerced-medical-termination-of-pregnancy-against-palakkad-mla-rahul-mamkootathil/article70330969.ece
2025-11-27 14:27:32,433 - INFO - [The Hindu] Attempt 1/1: Trying with 'selenium_browser' strategy...
2025-11-27 14:27:33,772 - INFO - [Times of India] Page content loaded.
2025-11-27 14:27:33,910 - INFO - [Times of India] Success with 'selenium_browser'. Found content (437 words).
2025-11-27 14:27:33,982 - INFO - Duplicate article skipped: Qatar Education Ministry unveil new 2025-2026 exam calendar and flexible working hours | World News - The Times of India from Times of India
2025-11-27 14:27:34,615 - INFO - [Times of India] Article: https://timesofindia.indiatimes.com/world/us/white-house-shooting-two-national-guard-soldiers-injured-us-suspends-immigration-requests-for-afghans/articleshow/125609617.cms
2025-11-27 14:27:34,615 - INFO - [Times of India] Attempt 1/1: Trying with 'selenium_browser' strategy...
2025-11-27 14:27:34,920 - INFO - [The Hindu] Page content loaded.
2025-11-27 14:27:35,000 - INFO - [The Hindu] Success with 'selenium_browser'. Found content (492 words).
2025-11-27 14:27:36,417 - INFO - [Times of India] Page content loaded.
2025-11-27 14:27:36,595 - INFO - [Times of India] Success with 'selenium_browser'. Found content (505 words).
2025-11-27 14:27:46,126 - INFO - Saved article: Woman meets Kerala CM, files complaint of sexual exploitation and coerced pregnancy termination against MLA Rahul Mamkootathil - The Hindu from The Hindu
2025-11-27 14:27:46,126 - INFO - Duplicate article skipped: White House shooting: Two National Guard soldiers injured; US suspends immigration requests of Afghans - The Times of India from Times of India
2025-11-27 14:27:46,885 - INFO - [Times of India] Article: https://timesofindia.indiatimes.com/world/pakistan/ai-reunites-lost-pakistani-woman-with-family-kiran-went-missing-at-age-10-how-she-returned-home-after-17-years/articleshow/125608654.cms
2025-11-27 14:27:46,885 - INFO - [Times of India] Attempt 1/1: Trying with 'selenium_browser' strategy...
2025-11-27 14:27:47,273 - INFO - [The Hindu] Article: https://www.thehindu.com/news/national/withdraw-new-labour-codes-demands-congress/article70330775.ece
2025-11-27 14:27:47,273 - INFO - [The Hindu] Attempt 1/1: Trying with 'selenium_browser' strategy...
2025-11-27 14:27:48,228 - INFO - [Times of India] Page content loaded.
2025-11-27 14:27:48,456 - INFO - [Times of India] Success with 'selenium_browser'. Found content (281 words).
2025-11-27 14:27:48,619 - INFO - Duplicate article skipped: AI reunites lost Pakistani woman with family: Kiran went missing at age 10 - how she returned home after 17 years - The Times of India from Times of India
2025-11-27 14:27:49,327 - INFO - [The Hindu] Page content loaded.
2025-11-27 14:27:49,395 - INFO - [The Hindu] Success with 'selenium_browser'. Found content (341 words).
2025-11-27 14:27:49,796 - INFO - [Times of India] Article: https://timesofindia.indiatimes.com/world/us-streamers/candace-owens-puts-her-show-off-air-after-she-claims-emmanuel-macron-tried-to-harm-her-and-was-tied-to-charlie-kirks-death/articleshow/125596333.cms
2025-11-27 14:27:49,796 - INFO - [Times of India] Attempt 1/1: Trying with 'selenium_browser' strategy...
2025-11-27 14:27:52,381 - INFO - [Times of India] Page content loaded.
2025-11-27 14:27:52,588 - INFO - [Times of India] Success with 'selenium_browser'. Found content (415 words).
2025-11-27 14:28:01,054 - INFO - DEDUPLICATION: Found match (Score: 0.70). Linking to Cluster ID: ec1c2e36-566c-4a57-86e3-3df8dbe2bddd
2025-11-27 14:28:01,057 - INFO - Saved article: Withdraw new labour codes, demands Congress - The Hindu from The Hindu
2025-11-27 14:28:01,057 - INFO - Duplicate article skipped: Candace Owens puts her show off air after she claims Emmanuel Macron tried to harm her and was tied to Charlie Kirk’s death - The Times of India from Times of India
2025-11-27 14:28:02,101 - INFO - [The Hindu] Article: https://www.thehindu.com/news/national/karnataka/vokkaliga-sangha-supports-dks-ahinda-backs-siddaramaiah/article70330737.ece
2025-11-27 14:28:02,101 - INFO - [The Hindu] Attempt 1/1: Trying with 'selenium_browser' strategy...
2025-11-27 14:28:02,280 - INFO - [Times of India] Article: https://timesofindia.indiatimes.com/world/middle-east/saudi-arabia-introduces-new-corporate-dress-code-what-workers-must-wear-now/articleshow/125609007.cms
2025-11-27 14:28:02,280 - INFO - [Times of India] Attempt 1/1: Trying with 'selenium_browser' strategy...
2025-11-27 14:28:02,970 - INFO - [The Hindu] Page content loaded.
2025-11-27 14:28:03,149 - INFO - [The Hindu] Success with 'selenium_browser'. Found content (267 words).
2025-11-27 14:28:05,651 - INFO - [Times of India] Page content loaded.
2025-11-27 14:28:06,053 - INFO - [Times of India] Success with 'selenium_browser'. Found content (605 words).
2025-11-27 14:28:14,217 - INFO - Saved article: Vokkaliga Sangha supports DKS, AHINDA backs Siddaramaiah - The Hindu from The Hindu
2025-11-27 14:28:14,217 - INFO - Duplicate article skipped: Saudi Arabia introduces new corporate dress code: What workers must wear now | World News - The Times of India from Times of India
2025-11-27 14:28:14,835 - INFO - [The Hindu] Article: https://www.thehindu.com/news/national/karnataka/madanayakanahalli-and-rajanakunte-police-stations-added-to-city-commissionerate/article70330367.ece
2025-11-27 14:28:14,835 - INFO - [The Hindu] Attempt 1/1: Trying with 'selenium_browser' strategy...
2025-11-27 14:28:15,717 - INFO - [Times of India] Article: https://timesofindia.indiatimes.com/world/us/its-thanksgiving-los-angeles-freeways-get-buried-in-traffic-video-goes-viral/articleshow/125608959.cms
2025-11-27 14:28:15,717 - INFO - [Times of India] Attempt 1/1: Trying with 'selenium_browser' strategy...
2025-11-27 14:28:15,821 - INFO - [The Hindu] Page content loaded.
2025-11-27 14:28:16,047 - INFO - [The Hindu] Success with 'selenium_browser'. Found content (228 words).
2025-11-27 14:28:20,313 - INFO - [Times of India] Page content loaded.
2025-11-27 14:28:20,565 - INFO - [Times of India] Success with 'selenium_browser'. Found content (221 words).
2025-11-27 14:28:28,442 - INFO - Saved article: Madanayakanahalli and Rajanakunte police stations added to city commissionerate - The Hindu from The Hindu
2025-11-27 14:28:28,442 - INFO - Duplicate article skipped: It's Thanksgiving! Los Angeles freeways get buried in traffic — video goes viral - The Times of India from Times of India
2025-11-27 14:28:29,113 - INFO - [The Hindu] Article: https://www.thehindu.com/news/national/karnataka/hassan-lokayukta-police-arrest-acf-in-bribery-case/article70330607.ece
2025-11-27 14:28:29,113 - INFO - [The Hindu] Attempt 1/1: Trying with 'selenium_browser' strategy...
2025-11-27 14:28:29,497 - INFO - [Times of India] Article: https://timesofindia.indiatimes.com/world/pakistan/imran-khan-is-fully-healthy-pakistan-jail-rubbishes-health-rumours-khawaja-asif-says-hes-getting-five-star-treatment/articleshow/125607974.cms
2025-11-27 14:28:29,497 - INFO - [Times of India] Attempt 1/1: Trying with 'selenium_browser' strategy...
2025-11-27 14:28:30,436 - INFO - [The Hindu] Page content loaded.
2025-11-27 14:28:30,590 - INFO - [The Hindu] Success with 'selenium_browser'. Found content (195 words).
2025-11-27 14:28:32,003 - INFO - [Times of India] Page content loaded.
2025-11-27 14:28:32,180 - INFO - [Times of India] Success with 'selenium_browser'. Found content (479 words).
2025-11-27 14:28:41,595 - INFO - Saved article: Hassan: Lokayukta police arrest ACF in bribery case - The Hindu from The Hindu
2025-11-27 14:28:41,596 - INFO - Duplicate article skipped: 'Imran Khan is fully healthy': Pakistan jail rubbishes health rumours; Khawaja Asif says he’s getting ‘five-star treatment’ - The Times of India from Times of India
2025-11-27 14:28:42,465 - INFO - [Times of India] Article: https://timesofindia.indiatimes.com/world/most-populated-city-jakarta-tops-list-with-estimated-42-million-residents-replaces-tokyo/articleshow/125607920.cms
2025-11-27 14:28:42,465 - INFO - [Times of India] Attempt 1/1: Trying with 'selenium_browser' strategy...
2025-11-27 14:28:42,697 - INFO - [The Hindu] Article: https://www.thehindu.com/news/national/andhra-pradesh/missing-minors-traced-in-hyderabad/article70330653.ece
2025-11-27 14:28:42,697 - INFO - [The Hindu] Attempt 1/1: Trying with 'selenium_browser' strategy...
2025-11-27 14:28:44,001 - INFO - [Times of India] Page content loaded.
2025-11-27 14:28:44,215 - INFO - [Times of India] Success with 'selenium_browser'. Found content (360 words).
2025-11-27 14:28:44,313 - INFO - Duplicate article skipped: Most populated city: Jakarta tops list with estimated 42 million residents; replaces Tokyo - The Times of India from Times of India
2025-11-27 14:28:45,249 - INFO - [Times of India] Article: https://timesofindia.indiatimes.com/world/us/very-amerdican-vivek-ramaswamy-shares-lighthearted-moment-ahead-of-thanksgiving-responds-to-joke-on-his-indian-american-identity/articleshow/125606268.cms
2025-11-27 14:28:45,250 - INFO - [Times of India] Attempt 1/1: Trying with 'selenium_browser' strategy...
2025-11-27 14:28:47,095 - INFO - [Times of India] Page content loaded.
2025-11-27 14:28:47,217 - INFO - [Times of India] Success with 'selenium_browser'. Found content (282 words).
2025-11-27 14:28:47,297 - INFO - Duplicate article skipped: ‘Very Amerdican’: Vivek Ramaswamy shares lighthearted moment ahead of Thanksgiving; responds to joke on his Indian-American identity - The Times of India from Times of India
2025-11-27 14:28:47,828 - INFO - [Times of India] Article: https://timesofindia.indiatimes.com/world/rest-of-world/watch-camera-dipped-into-japanese-drain-stuns-viewers-netizens-joke-phir-nobita-kis-gutter-mein-girta-tha/articleshow/125606571.cms
2025-11-27 14:28:47,828 - INFO - [Times of India] Attempt 1/1: Trying with 'selenium_browser' strategy...
2025-11-27 14:28:48,575 - INFO - [The Hindu] Page content loaded.
2025-11-27 14:28:48,923 - INFO - [The Hindu] Success with 'selenium_browser'. Found content (122 words).
2025-11-27 14:28:50,152 - INFO - [Times of India] Page content loaded.
2025-11-27 14:28:50,276 - INFO - [Times of India] Success with 'selenium_browser'. Found content (270 words).
2025-11-27 14:28:59,929 - INFO - Saved article: Missing minors traced in Hyderabad - The Hindu from The Hindu
2025-11-27 14:28:59,930 - INFO - Duplicate article skipped: Watch: Camera dipped into Japanese drain stuns viewers — netizens joke 'phir Nobita kis gutter mein girta tha?' - The Times of India from Times of India
2025-11-27 14:29:00,544 - INFO - [Times of India] Article: https://timesofindia.indiatimes.com/world/middle-east/emirates-offers-a-thanksgiving-menu-at-35000-feet-with-turkey-trimmings-and-nba-action-onboard/articleshow/125607062.cms
2025-11-27 14:29:00,544 - INFO - [Times of India] Attempt 1/1: Trying with 'selenium_browser' strategy...
2025-11-27 14:29:00,840 - INFO - [The Hindu] Article: https://www.thehindu.com/news/national/karnataka/gba-orders-institutions-to-report-stray-dog-presence-submit-action-plan-as-per-sc-directive/article70330820.ece
2025-11-27 14:29:00,841 - INFO - [The Hindu] Attempt 1/1: Trying with 'selenium_browser' strategy...
2025-11-27 14:29:01,585 - INFO - [The Hindu] Page content loaded.
2025-11-27 14:29:01,614 - INFO - [Times of India] Page content loaded.
2025-11-27 14:29:01,980 - INFO - [Times of India] Success with 'selenium_browser'. Found content (468 words).
2025-11-27 14:29:02,178 - INFO - [The Hindu] Success with 'selenium_browser'. Found content (330 words).
2025-11-27 14:29:02,184 - INFO - Duplicate article skipped: Emirates offers a Thanksgiving menu at 35,000 feet — with turkey trimmings and NBA action onboard | World News - The Times of India from Times of India
2025-11-27 14:29:03,271 - INFO - [Times of India] Article: https://timesofindia.indiatimes.com/world/europe/holy-edm-pope-leo-blesses-slovakian-rave-moments-later-the-beat-drops-watch/articleshow/125605982.cms
2025-11-27 14:29:03,271 - INFO - [Times of India] Attempt 1/1: Trying with 'selenium_browser' strategy...
2025-11-27 14:29:05,861 - INFO - [Times of India] Page content loaded.
2025-11-27 14:29:05,973 - INFO - [Times of India] Success with 'selenium_browser'. Found content (393 words).
2025-11-27 14:29:14,721 - INFO - Saved article: GBA orders institutions to report stray dog presence, submit action plan as per SC directive - The Hindu from The Hindu
2025-11-27 14:29:14,721 - INFO - Duplicate article skipped: Holy EDM! Pope Leo blesses Slovakian rave, moments later, the beat drops — watch - The Times of India from Times of India
2025-11-27 14:29:15,284 - INFO - [The Hindu] Article: https://www.thehindu.com/news/national/karnataka/ai-to-supplement-human-workforce-expert/article70330569.ece
2025-11-27 14:29:15,284 - INFO - [The Hindu] Attempt 1/1: Trying with 'selenium_browser' strategy...
2025-11-27 14:29:15,662 - INFO - [Times of India] Article: https://timesofindia.indiatimes.com/world/us/american-dream-or-trap-green-card-interviews-ending-in-handcuffs-ice-detaining-applicants/articleshow/125605192.cms
2025-11-27 14:29:15,662 - INFO - [Times of India] Attempt 1/1: Trying with 'selenium_browser' strategy...
2025-11-27 14:29:16,370 - INFO - [The Hindu] Page content loaded.
2025-11-27 14:29:16,543 - INFO - [The Hindu] Success with 'selenium_browser'. Found content (146 words).
2025-11-27 14:29:20,816 - INFO - [Times of India] Page content loaded.
2025-11-27 14:29:21,048 - INFO - [Times of India] Success with 'selenium_browser'. Found content (585 words).
2025-11-27 14:29:29,313 - INFO - Saved article: AI to supplement human workforce: expert - The Hindu from The Hindu
2025-11-27 14:29:29,314 - INFO - Duplicate article skipped: American dream or trap? Green card interviews ending in handcuffs; ICE detaining applicants - The Times of India from Times of India
2025-11-27 14:29:30,127 - INFO - [Times of India] Article: https://timesofindia.indiatimes.com/world/rest-of-world/top-10-richest-people-in-the-world-2025-elon-musk-jeff-bezos-mark-zuckerberg-and-the-billionaires-leading-global-wealth/articleshow/125595253.cms
2025-11-27 14:29:30,127 - INFO - [Times of India] Attempt 1/1: Trying with 'selenium_browser' strategy...
2025-11-27 14:29:30,711 - INFO - [The Hindu] Article: https://www.thehindu.com/news/cities/Hyderabad/sridhar-babu-likely-to-visit-germany-in-jan/article70330916.ece
2025-11-27 14:29:30,711 - INFO - [The Hindu] Attempt 1/1: Trying with 'selenium_browser' strategy...
2025-11-27 14:29:31,782 - INFO - [Times of India] Page content loaded.
2025-11-27 14:29:31,932 - INFO - [Times of India] Success with 'selenium_browser'. Found content (685 words).
2025-11-27 14:29:32,030 - INFO - Duplicate article skipped: Top 10 richest people in the world 2025: Elon Musk, Jeff Bezos, Mark Zuckerberg and the billionaires leading global wealth | World News - The Times of India from Times of India
2025-11-27 14:29:32,739 - INFO - [Times of India] (Thread) Finished. Attempting to shut down its Selenium driver.
2025-11-27 14:29:32,802 - INFO - [The Hindu] Page content loaded.
2025-11-27 14:29:33,198 - INFO - [Times of India] (Thread) driver.quit() successful.
2025-11-27 14:29:33,223 - INFO - [The Hindu] Success with 'selenium_browser'. Found content (249 words).
2025-11-27 14:29:41,782 - INFO - Saved article: Sridhar Babu likely to visit Germany in Jan. - The Hindu from The Hindu
2025-11-27 14:29:42,428 - INFO - [The Hindu] Article: https://www.thehindu.com/news/national/karnataka/historical-records-vital-to-preserving-the-past-mandya-varsity-v-c/article70330443.ece
2025-11-27 14:29:42,428 - INFO - [The Hindu] Attempt 1/1: Trying with 'selenium_browser' strategy...
2025-11-27 14:29:43,384 - INFO - [The Hindu] Page content loaded.
2025-11-27 14:29:43,705 - INFO - [The Hindu] Success with 'selenium_browser'. Found content (280 words).
2025-11-27 14:29:52,269 - INFO - Saved article: Historical records vital to preserving the past: Mandya varsity V-C - The Hindu from The Hindu
2025-11-27 14:29:53,461 - INFO - [The Hindu] Article: https://www.thehindu.com/news/national/assam/assam-assembly-passes-bill-to-ban-polygamy/article70330583.ece
2025-11-27 14:29:53,461 - INFO - [The Hindu] Attempt 1/1: Trying with 'selenium_browser' strategy...
2025-11-27 14:29:54,665 - INFO - [The Hindu] Page content loaded.
2025-11-27 14:29:55,028 - INFO - [The Hindu] Success with 'selenium_browser'. Found content (427 words).
2025-11-27 14:30:03,289 - INFO - Saved article: Assam Assembly passes Bill to ban polygamy - The Hindu from The Hindu
2025-11-27 14:30:04,131 - INFO - [The Hindu] Article: https://www.thehindu.com/news/national/andhra-pradesh/man-arrested-for-stealing-valuables-worth-4850-lakh-from-train/article70330598.ece
2025-11-27 14:30:04,131 - INFO - [The Hindu] Attempt 1/1: Trying with 'selenium_browser' strategy...
2025-11-27 14:30:05,072 - INFO - [The Hindu] Page content loaded.
2025-11-27 14:30:05,149 - INFO - [The Hindu] Success with 'selenium_browser'. Found content (161 words).
2025-11-27 14:30:07,930 - CRITICAL - --- TIMEOUT: 1 scrape jobs did not complete in 300s. ---
2025-11-27 14:30:07,930 - ERROR - A thread has timed out and will be abandoned.
2025-11-27 14:30:07,930 - INFO - Shutting down thread pool (wait=False)...
2025-11-27 14:30:07,930 - INFO - Scraped: 1 Times of India, 0 BBC, 5 The Guardian, 1 Timed_Out_Jobs articles. (Total saved: 6)
2025-11-27 14:30:07,931 - INFO - --- Scraping job finished ---
2025-11-27 14:30:07,931 - INFO - --- Scraper service stopped and database connection closed. ---
2025-11-27 14:30:07,931 - INFO - --- Main thread finished. Forcing process exit to kill zombie threads. ---
