2025-11-30 08:48:41,568 - INFO - Loading AI Semantic Model (all-MiniLM-L6-v2)...
2025-11-30 08:48:41,568 - INFO - Use pytorch device_name: cpu
2025-11-30 08:48:41,568 - INFO - Load pretrained SentenceTransformer: all-MiniLM-L6-v2
2025-11-30 08:48:43,004 - INFO - AI Model loaded successfully.
2025-11-30 08:48:43,004 - INFO - Initializing database connection at: news_articles.db
2025-11-30 08:48:43,004 - INFO - --- Scraper service started (CI Mode: Run Once) ---
2025-11-30 08:48:43,004 - INFO - --- Starting new scraping job (Parallel Mode) ---
2025-11-30 08:48:43,004 - INFO - Creating new robust session with 3 retries on 5xx/connection/read errors.
2025-11-30 08:48:43,004 - INFO - Proxy is DISABLED.
2025-11-30 08:48:43,005 - INFO - Starting scrape for BBC RSS feed: http://feeds.bbci.co.uk/news/world/rss.xml
2025-11-30 08:48:43,006 - INFO - [Times of India] (Thread) requires Selenium. Initializing driver...
2025-11-30 08:48:43,006 - INFO - Initializing headless Selenium Chrome driver (using SeleniumManager)...
2025-11-30 08:48:43,006 - INFO - Starting scrape for The Guardian RSS feed: https://www.theguardian.com/world/rss
2025-11-30 08:48:43,008 - INFO - [The Hindu] (Thread) requires Selenium. Initializing driver...
2025-11-30 08:48:43,008 - INFO - Initializing headless Selenium Chrome driver (using SeleniumManager)...
2025-11-30 08:48:43,008 - INFO - Submitted 4 jobs to thread pool. Waiting up to 300s for completion...
2025-11-30 08:48:43,190 - INFO - Found 26 articles in BBC RSS feed. Processing up to 20.
2025-11-30 08:48:43,191 - INFO - [BBC] Article: https://www.bbc.com/news/articles/c741mpdyw9no?at_medium=RSS&at_campaign=rss
2025-11-30 08:48:43,191 - INFO - [BBC] Attempt 1/1: Trying with 'requests_browser' strategy...
2025-11-30 08:48:43,266 - INFO - Found 45 articles in The Guardian RSS feed. Processing up to 20.
2025-11-30 08:48:43,266 - INFO - [The Guardian] Article: https://www.theguardian.com/world/2025/nov/28/jacob-zuma-daughter-resigns-claims-south-africans-tricked-fight-russia
2025-11-30 08:48:43,266 - INFO - [The Guardian] Attempt 1/1: Trying with 'requests_browser' strategy...
2025-11-30 08:48:43,391 - INFO - [BBC] Success with 'requests_browser'. Found content (529 words).
2025-11-30 08:48:43,435 - INFO - Duplicate article skipped: Venezuela calls Trump airspace closure warning 'colonialist threat' from BBC
2025-11-30 08:48:43,451 - INFO - [The Guardian] Success with 'requests_browser'. Found content (753 words).
2025-11-30 08:48:43,487 - INFO - Duplicate article skipped: Jacob Zuma’s daughter resigns amid claims South Africans tricked to fight for Russia | South Africa | The Guardian from The Guardian
2025-11-30 08:48:44,144 - INFO - [BBC] Article: https://www.bbc.com/news/articles/c5y9ejley9do?at_medium=RSS&at_campaign=rss
2025-11-30 08:48:44,145 - INFO - [BBC] Attempt 1/1: Trying with 'requests_browser' strategy...
2025-11-30 08:48:44,186 - INFO - [BBC] Success with 'requests_browser'. Found content (729 words).
2025-11-30 08:48:44,224 - INFO - Duplicate article skipped: Hundreds dead and missing in flooding across South East Asia from BBC
2025-11-30 08:48:44,879 - INFO - [The Guardian] Article: https://www.theguardian.com/environment/2025/nov/28/africa-forests-transformed-carbon-sink-carbon-source-study
2025-11-30 08:48:44,879 - INFO - [The Guardian] Attempt 1/1: Trying with 'requests_browser' strategy...
2025-11-30 08:48:45,042 - INFO - [The Guardian] Success with 'requests_browser'. Found content (458 words).
2025-11-30 08:48:45,080 - INFO - Duplicate article skipped: Africa’s forests transformed from carbon sink to carbon source, study finds | Climate crisis | The Guardian from The Guardian
2025-11-30 08:48:45,094 - INFO - [BBC] Article: https://www.bbc.com/news/articles/cvg81p61dnmo?at_medium=RSS&at_campaign=rss
2025-11-30 08:48:45,094 - INFO - [BBC] Attempt 1/1: Trying with 'requests_browser' strategy...
2025-11-30 08:48:45,127 - INFO - [BBC] Success with 'requests_browser'. Found content (252 words).
2025-11-30 08:48:45,163 - INFO - Duplicate article skipped: Stockton mass shooting: Four killed in California child's birthday party from BBC
2025-11-30 08:48:45,975 - INFO - [BBC] Article: https://www.bbc.com/news/articles/cp9ky5z2gx0o?at_medium=RSS&at_campaign=rss
2025-11-30 08:48:45,975 - INFO - [BBC] Attempt 1/1: Trying with 'requests_browser' strategy...
2025-11-30 08:48:46,013 - INFO - [BBC] Success with 'requests_browser'. Found content (508 words).
2025-11-30 08:48:46,053 - INFO - Duplicate article skipped: Ukraine hits tankers in Black Sea in escalation against Russia from BBC
2025-11-30 08:48:46,084 - INFO - [The Guardian] Article: https://www.theguardian.com/world/2025/nov/26/guinea-bissau-officers-take-total-control-close-borders-amid-election-chaos
2025-11-30 08:48:46,085 - INFO - [The Guardian] Attempt 1/1: Trying with 'requests_browser' strategy...
2025-11-30 08:48:46,244 - INFO - [The Guardian] Success with 'requests_browser'. Found content (412 words).
2025-11-30 08:48:46,281 - INFO - Duplicate article skipped: Guinea-Bissau military takes ‘total control’ amid election chaos | Guinea-Bissau | The Guardian from The Guardian
2025-11-30 08:48:46,845 - INFO - [The Guardian] Article: https://www.theguardian.com/world/2025/nov/25/nigerian-schoolgirls-rescued-after-mass-abduction-in-kebbi
2025-11-30 08:48:46,846 - INFO - [The Guardian] Attempt 1/1: Trying with 'requests_browser' strategy...
2025-11-30 08:48:47,030 - INFO - [The Guardian] Success with 'requests_browser'. Found content (515 words).
2025-11-30 08:48:47,221 - INFO - Duplicate article skipped: Nigerian schoolgirls rescued after mass abduction in Kebbi | Nigeria | The Guardian from The Guardian
2025-11-30 08:48:47,509 - INFO - [BBC] Article: https://www.bbc.com/news/articles/cz0nljm4y74o?at_medium=RSS&at_campaign=rss
2025-11-30 08:48:47,509 - INFO - [BBC] Attempt 1/1: Trying with 'requests_browser' strategy...
2025-11-30 08:48:47,553 - INFO - [BBC] Success with 'requests_browser'. Found content (844 words).
2025-11-30 08:48:47,591 - INFO - Duplicate article skipped: Andriy Yermak: How Zelensky's right-hand man fell from power from BBC
2025-11-30 08:48:48,156 - INFO - [BBC] Article: https://www.bbc.com/news/videos/cy5gn3vpxpno?at_medium=RSS&at_campaign=rss
2025-11-30 08:48:48,157 - INFO - [BBC] Attempt 1/1: Trying with 'requests_browser' strategy...
2025-11-30 08:48:48,210 - INFO - [The Guardian] Article: https://www.theguardian.com/world/2025/nov/25/jacob-zuma-daughter-accused-tricking-men-fighting-for-russia-in-ukraine
2025-11-30 08:48:48,210 - INFO - [The Guardian] Attempt 1/1: Trying with 'requests_browser' strategy...
2025-11-30 08:48:48,215 - INFO - [BBC] Success with 'requests_browser'. Found content (102 words).
2025-11-30 08:48:48,257 - INFO - Duplicate article skipped: Watch: Moment huge fireball destroys Sydney waste facility from BBC
2025-11-30 08:48:48,700 - INFO - [The Guardian] Success with 'requests_browser'. Found content (656 words).
2025-11-30 08:48:48,745 - INFO - Duplicate article skipped: Jacob Zuma’s daughter accused of tricking men into fighting for Russia in Ukraine | South Africa | The Guardian from The Guardian
2025-11-30 08:48:49,395 - INFO - [BBC] Article: https://www.bbc.com/news/articles/c8e97kl240lo?at_medium=RSS&at_campaign=rss
2025-11-30 08:48:49,395 - INFO - [BBC] Attempt 1/1: Trying with 'requests_browser' strategy...
2025-11-30 08:48:49,428 - INFO - [BBC] Success with 'requests_browser'. Found content (324 words).
2025-11-30 08:48:49,471 - INFO - Duplicate article skipped: More than 70,000 killed in Gaza since Israel offensive began, Hamas-run health ministry says from BBC
2025-11-30 08:48:49,691 - INFO - [The Guardian] Article: https://www.theguardian.com/world/2025/nov/29/donald-trump-venezuela-airspace-closure
2025-11-30 08:48:49,691 - INFO - [The Guardian] Attempt 1/1: Trying with 'requests_browser' strategy...
2025-11-30 08:48:49,717 - INFO - [The Guardian] Success with 'requests_browser'. Found content (363 words).
2025-11-30 08:48:49,756 - INFO - Duplicate article skipped: Venezuela denounces ‘colonialist threat’ as Trump orders airspace closed | Venezuela | The Guardian from The Guardian
2025-11-30 08:48:50,049 - INFO - Selenium driver initialized successfully.
2025-11-30 08:48:50,049 - INFO - Selenium driver initialized successfully.
2025-11-30 08:48:50,049 - INFO - Starting scrape for The Hindu RSS feed: https://www.thehindu.com/news/national/feeder/default.rss
2025-11-30 08:48:50,049 - INFO - Starting scrape for Times of India RSS feed: https://timesofindia.indiatimes.com/rssfeeds/296589292.cms
2025-11-30 08:48:50,252 - INFO - Found 20 articles in Times of India RSS feed. Processing up to 20.
2025-11-30 08:48:50,252 - INFO - [Times of India] Article: https://timesofindia.indiatimes.com/world/europe/swiss-vote-on-compulsory-civic-duty-climate-tax-for-super-rich/articleshow/125669403.cms
2025-11-30 08:48:50,252 - INFO - [Times of India] Attempt 1/1: Trying with 'selenium_browser' strategy...
2025-11-30 08:48:50,301 - INFO - Found 100 articles in The Hindu RSS feed. Processing up to 20.
2025-11-30 08:48:50,301 - INFO - [The Hindu] Article: https://www.thehindu.com/news/national/mann-ki-baat-dedication-of-indias-youth-greatest-strength-of-viksit-bharat-says-pm-modi/article70341407.ece
2025-11-30 08:48:50,301 - INFO - [The Hindu] Attempt 1/1: Trying with 'selenium_browser' strategy...
2025-11-30 08:48:50,691 - INFO - [The Guardian] Article: https://www.theguardian.com/us-news/2025/nov/29/pete-hegseth-denies-ordering-deaths-narco-boat
2025-11-30 08:48:50,691 - INFO - [The Guardian] Attempt 1/1: Trying with 'requests_browser' strategy...
2025-11-30 08:48:50,729 - INFO - [The Guardian] Success with 'requests_browser'. Found content (846 words).
2025-11-30 08:48:50,756 - INFO - [BBC] Article: https://www.bbc.com/news/articles/ce865kpdzz8o?at_medium=RSS&at_campaign=rss
2025-11-30 08:48:50,756 - INFO - [BBC] Attempt 1/1: Trying with 'requests_browser' strategy...
2025-11-30 08:48:50,815 - INFO - Duplicate article skipped: Pete Hegseth denies he gave orders to ‘kill everybody’ on alleged ‘narco-boat’ | Pete Hegseth | The Guardian from The Guardian
2025-11-30 08:48:50,839 - INFO - [BBC] Success with 'requests_browser'. Found content (356 words).
2025-11-30 08:48:50,900 - INFO - Duplicate article skipped: Australian prime minister Albanese becomes first to wed in office from BBC
2025-11-30 08:48:51,601 - INFO - [BBC] Article: https://www.bbc.com/news/articles/cp39yw120kdo?at_medium=RSS&at_campaign=rss
2025-11-30 08:48:51,601 - INFO - [BBC] Attempt 1/1: Trying with 'requests_browser' strategy...
2025-11-30 08:48:51,646 - INFO - [BBC] Success with 'requests_browser'. Found content (376 words).
2025-11-30 08:48:51,682 - INFO - [The Guardian] Article: https://www.theguardian.com/world/2025/nov/29/uk-mps-extra-aid-humanitarian-visas-jamaica-hurricane-melissa-dawn-butler
2025-11-30 08:48:51,682 - INFO - [The Guardian] Attempt 1/1: Trying with 'requests_browser' strategy...
2025-11-30 08:48:51,719 - INFO - Duplicate article skipped: The Wiggles issue statement after appearing in Ecstasy music video from BBC
2025-11-30 08:48:51,920 - INFO - [The Guardian] Success with 'requests_browser'. Found content (873 words).
2025-11-30 08:48:51,989 - INFO - Duplicate article skipped: UK MPs push for extra aid and visas as Jamaica reels from Hurricane Melissa | Jamaica | The Guardian from The Guardian
2025-11-30 08:48:52,535 - INFO - [BBC] Article: https://www.bbc.com/news/articles/c4gp917zr8no?at_medium=RSS&at_campaign=rss
2025-11-30 08:48:52,535 - INFO - [BBC] Attempt 1/1: Trying with 'requests_browser' strategy...
2025-11-30 08:48:52,723 - INFO - [BBC] Success with 'requests_browser'. Found content (355 words).
2025-11-30 08:48:52,843 - INFO - Duplicate article skipped: Pope Leo visits Istanbul's Blue Mosque from BBC
2025-11-30 08:48:52,985 - INFO - [The Guardian] Article: https://www.theguardian.com/us-news/2025/nov/28/trump-pardon-honduras-hernandez-drugs
2025-11-30 08:48:52,985 - INFO - [The Guardian] Attempt 1/1: Trying with 'requests_browser' strategy...
2025-11-30 08:48:53,093 - INFO - [The Guardian] Success with 'requests_browser'. Found content (558 words).
2025-11-30 08:48:53,217 - INFO - Duplicate article skipped: Trump to pardon ex-Honduras leader serving drug trafficking sentence in US | Donald Trump | The Guardian from The Guardian
2025-11-30 08:48:53,895 - INFO - [BBC] Article: https://www.bbc.com/news/articles/c8dy9lne2plo?at_medium=RSS&at_campaign=rss
2025-11-30 08:48:53,895 - INFO - [BBC] Attempt 1/1: Trying with 'requests_browser' strategy...
2025-11-30 08:48:53,981 - INFO - [BBC] Success with 'requests_browser'. Found content (459 words).
2025-11-30 08:48:54,155 - INFO - Duplicate article skipped: Three days of mourning begins after Hong Kong apartment fire from BBC
2025-11-30 08:48:54,364 - INFO - [The Guardian] Article: https://www.theguardian.com/us-news/2025/nov/28/college-student-deported-boston-flight-thanksgiving
2025-11-30 08:48:54,364 - INFO - [The Guardian] Attempt 1/1: Trying with 'requests_browser' strategy...
2025-11-30 08:48:54,459 - INFO - [The Guardian] Success with 'requests_browser'. Found content (274 words).
2025-11-30 08:48:54,677 - INFO - Duplicate article skipped: College student deported when flying home for Thanksgiving, despite court order | ICE (US Immigration and Customs Enforcement) | The Guardian from The Guardian
2025-11-30 08:48:55,049 - INFO - [BBC] Article: https://www.bbc.com/news/articles/cx2gylngx7go?at_medium=RSS&at_campaign=rss
2025-11-30 08:48:55,049 - INFO - [BBC] Attempt 1/1: Trying with 'requests_browser' strategy...
2025-11-30 08:48:55,241 - INFO - [The Guardian] Article: https://www.theguardian.com/world/2025/nov/30/japan-one-piece-singer-maki-otsuki-stopped-mid-performance-as-japan-china-relations-sour
2025-11-30 08:48:55,241 - INFO - [The Guardian] Attempt 1/1: Trying with 'requests_browser' strategy...
2025-11-30 08:48:55,253 - INFO - [BBC] Success with 'requests_browser'. Found content (625 words).
2025-11-30 08:48:55,560 - INFO - Duplicate article skipped: Russian strikes cause power outages for more than 600,000 in Ukraine from BBC
2025-11-30 08:48:55,569 - INFO - [The Guardian] Success with 'requests_browser'. Found content (310 words).
2025-11-30 08:48:55,811 - INFO - Duplicate article skipped: Japan ‘One Piece’ singer stopped mid-performance as Japan-China relations sour | Japan | The Guardian from The Guardian
2025-11-30 08:48:55,992 - INFO - [The Hindu] Page content loaded.
2025-11-30 08:48:56,399 - INFO - [The Hindu] Success with 'selenium_browser'. Found content (372 words).
2025-11-30 08:48:56,753 - INFO - [The Guardian] Article: https://www.theguardian.com/us-news/ng-interactive/2025/nov/30/all-the-presidents-millions-how-the-trumps-are-turning-the-presidency-into-riches
2025-11-30 08:48:56,753 - INFO - [The Guardian] Attempt 1/1: Trying with 'requests_browser' strategy...
2025-11-30 08:48:56,925 - INFO - [BBC] Article: https://www.bbc.com/news/articles/c4gp9d28p74o?at_medium=RSS&at_campaign=rss
2025-11-30 08:48:56,925 - INFO - [BBC] Attempt 1/1: Trying with 'requests_browser' strategy...
2025-11-30 08:48:57,876 - INFO - [The Guardian] Success with 'requests_browser'. Found content (2453 words).
2025-11-30 08:48:58,041 - INFO - [BBC] Success with 'requests_browser'. Found content (430 words).
2025-11-30 08:49:26,340 - INFO - Saved article: Mann ki Baat: Dedication of India's youth greatest strength of 'Viksit Bharat', says PM Modi - The Hindu from The Hindu
2025-11-30 08:49:26,341 - INFO - Duplicate article skipped: All the president’s millions: how the Trumps are turning the presidency into riches | Donald Trump | The Guardian from The Guardian
2025-11-30 08:49:26,344 - INFO - Duplicate article skipped: Airbus: Flights resume as normal after software update warning from BBC
2025-11-30 08:49:27,017 - INFO - [BBC] Article: https://www.bbc.com/news/articles/cvgj9dd983xo?at_medium=RSS&at_campaign=rss
2025-11-30 08:49:27,017 - INFO - [BBC] Attempt 1/1: Trying with 'requests_browser' strategy...
2025-11-30 08:49:27,061 - INFO - [BBC] Success with 'requests_browser'. Found content (790 words).
2025-11-30 08:49:27,104 - INFO - Duplicate article skipped: Nigeria blames jihadist groups for wave of kidnappings but others accuse criminal gangs from BBC
2025-11-30 08:49:27,323 - INFO - [The Hindu] Article: https://www.thehindu.com/news/national/jammu-and-kashmir/cold-wave-intensifies-in-kashmir-as-night-temperatures-dip/article70341329.ece
2025-11-30 08:49:27,323 - INFO - [The Hindu] Attempt 1/1: Trying with 'selenium_browser' strategy...
2025-11-30 08:49:27,531 - INFO - [The Guardian] Article: https://www.theguardian.com/news/2025/nov/30/anger-mounts-in-hong-kong-over-apartment-fires-as-beijing-warns-against-anti-china-disruptors
2025-11-30 08:49:27,531 - INFO - [The Guardian] Attempt 1/1: Trying with 'requests_browser' strategy...
2025-11-30 08:49:27,565 - INFO - [The Guardian] Success with 'requests_browser'. Found content (560 words).
2025-11-30 08:49:27,609 - INFO - Duplicate article skipped: Anger mounts in Hong Kong over apartment fires as Beijing warns against ‘anti-China disruptors’ | Hong Kong apartment fires | The Guardian from The Guardian
2025-11-30 08:49:28,207 - INFO - [BBC] Article: https://www.bbc.com/news/articles/c1kpm0rvxepo?at_medium=RSS&at_campaign=rss
2025-11-30 08:49:28,207 - INFO - [BBC] Attempt 1/1: Trying with 'requests_browser' strategy...
2025-11-30 08:49:28,273 - INFO - [BBC] Success with 'requests_browser'. Found content (557 words).
2025-11-30 08:49:28,376 - INFO - Duplicate article skipped: Trump says he will pardon ex-Honduras president convicted of drug trafficking from BBC
2025-11-30 08:49:28,775 - INFO - [The Guardian] Article: https://www.theguardian.com/world/2025/nov/29/indonesia-and-thailand-flooding-death-toll-tops-350-as-rescuers-struggle-to-reach-worst-hit-areas
2025-11-30 08:49:28,775 - INFO - [The Guardian] Attempt 1/1: Trying with 'requests_browser' strategy...
2025-11-30 08:49:28,826 - INFO - [The Guardian] Success with 'requests_browser'. Found content (645 words).
2025-11-30 08:49:28,899 - INFO - Duplicate article skipped: At least 500 killed in south-east Asia floods and landslides | Indonesia | The Guardian from The Guardian
2025-11-30 08:49:28,993 - INFO - [BBC] Article: https://www.bbc.com/news/articles/c4g6we59qe4o?at_medium=RSS&at_campaign=rss
2025-11-30 08:49:28,993 - INFO - [BBC] Attempt 1/1: Trying with 'requests_browser' strategy...
2025-11-30 08:49:29,071 - INFO - [BBC] Success with 'requests_browser'. Found content (1774 words).
2025-11-30 08:49:29,088 - INFO - [The Hindu] Page content loaded.
2025-11-30 08:49:29,134 - INFO - Duplicate article skipped: Nigeria's kidnapping crisis: 'Too scared to speak' - villagers on living in the midst of bandits from BBC
2025-11-30 08:49:29,243 - INFO - [The Hindu] Success with 'selenium_browser'. Found content (200 words).
2025-11-30 08:49:29,353 - INFO - Duplicate article skipped: Cold wave intensifies in Kashmir as night temperatures dip - The Hindu from The Hindu
2025-11-30 08:49:29,717 - INFO - [The Guardian] Article: https://www.theguardian.com/news/2025/nov/29/hong-kong-begins-three-days-of-mourning-after-deadly-apartment-fires
2025-11-30 08:49:29,717 - INFO - [The Guardian] Attempt 1/1: Trying with 'requests_browser' strategy...
2025-11-30 08:49:29,768 - INFO - [The Guardian] Success with 'requests_browser'. Found content (679 words).
2025-11-30 08:49:29,828 - INFO - Duplicate article skipped: Hong Kong begins three days of mourning after deadly apartment fires | Hong Kong apartment fires | The Guardian from The Guardian
2025-11-30 08:49:30,294 - INFO - [The Hindu] Article: https://www.thehindu.com/news/national/eci-extends-sir-schedule-by-one-week/article70341307.ece
2025-11-30 08:49:30,294 - INFO - [The Hindu] Attempt 1/1: Trying with 'selenium_browser' strategy...
2025-11-30 08:49:30,435 - INFO - [BBC] Article: https://www.bbc.com/news/articles/c2465lndrnno?at_medium=RSS&at_campaign=rss
2025-11-30 08:49:30,435 - INFO - [BBC] Attempt 1/1: Trying with 'requests_browser' strategy...
2025-11-30 08:49:30,504 - INFO - [BBC] Success with 'requests_browser'. Found content (1355 words).
2025-11-30 08:49:30,527 - INFO - [The Guardian] Article: https://www.theguardian.com/australia-news/live/2025/nov/30/australia-news-live-jetstar-flights-resume-anthony-albanese-sussan-ley-labor-part-coalition-melbourne-metro-tunnel-ntwnfb
2025-11-30 08:49:30,527 - INFO - [The Guardian] Attempt 1/1: Trying with 'requests_browser' strategy...
2025-11-30 08:49:30,610 - INFO - Duplicate article skipped: Will new warning labels in Ireland turn people away from alcohol? from BBC
2025-11-30 08:49:31,309 - INFO - [The Guardian] Success with 'requests_browser'. Found content (2440 words).
2025-11-30 08:49:31,474 - INFO - Duplicate article skipped: Ley says Coalition’s migration principles will include ‘issues around language and values’ – as it happened | Australia news | The Guardian from The Guardian
2025-11-30 08:49:31,905 - INFO - [BBC] Article: https://www.bbc.com/news/articles/cr435zp7wy5o?at_medium=RSS&at_campaign=rss
2025-11-30 08:49:31,905 - INFO - [BBC] Attempt 1/1: Trying with 'requests_browser' strategy...
2025-11-30 08:49:31,953 - INFO - [BBC] Success with 'requests_browser'. Found content (1177 words).
2025-11-30 08:49:32,041 - INFO - Duplicate article skipped: India freedom struggle: The hidden heroines found in long-lost photographs from BBC
2025-11-30 08:49:32,542 - INFO - [The Guardian] Article: https://www.theguardian.com/environment/2025/nov/30/rising-tide-protest-climate-activists-stop-three-ships-from-entering-worlds-largest-coal-port-in-newcastle
2025-11-30 08:49:32,542 - INFO - [The Guardian] Attempt 1/1: Trying with 'requests_browser' strategy...
2025-11-30 08:49:32,927 - INFO - [BBC] Article: https://www.bbc.com/news/articles/c5yq6g1gv4jo?at_medium=RSS&at_campaign=rss
2025-11-30 08:49:32,927 - INFO - [BBC] Attempt 1/1: Trying with 'requests_browser' strategy...
2025-11-30 08:49:32,990 - INFO - [The Guardian] Success with 'requests_browser'. Found content (837 words).
2025-11-30 08:49:33,197 - INFO - [BBC] Success with 'requests_browser'. Found content (1317 words).
2025-11-30 08:49:33,287 - INFO - Duplicate article skipped: Rising Tide protest: climate activists stop three ships from entering world’s largest coal port in Newcastle | Newcastle and the Hunter | The Guardian from The Guardian
2025-11-30 08:49:33,402 - INFO - Duplicate article skipped: Israel Gaza war: Why I spend hours painstakingly repairing banknotes from BBC
2025-11-30 08:49:33,934 - INFO - [The Guardian] Article: https://www.theguardian.com/australia-news/2025/nov/30/couple-from-kazakhstan-allegedly-used-hidden-camera-and-earpieces-to-win-118m-from-sydneys-crown-casino
2025-11-30 08:49:33,934 - INFO - [The Guardian] Attempt 1/1: Trying with 'requests_browser' strategy...
2025-11-30 08:49:34,038 - INFO - [The Guardian] Success with 'requests_browser'. Found content (361 words).
2025-11-30 08:49:34,084 - INFO - [BBC] Article: https://www.bbc.com/news/articles/clyzdxyjx2eo?at_medium=RSS&at_campaign=rss
2025-11-30 08:49:34,089 - INFO - [BBC] Attempt 1/1: Trying with 'requests_browser' strategy...
2025-11-30 08:49:34,126 - INFO - Duplicate article skipped: Couple from Kazakhstan allegedly used hidden camera and earpieces to win $1.18m from Sydney’s Crown casino | Gambling | The Guardian from The Guardian
2025-11-30 08:49:34,163 - INFO - [BBC] Success with 'requests_browser'. Found content (1524 words).
2025-11-30 08:49:34,210 - INFO - Duplicate article skipped: Are UK Christmas markets as good as German ones? Here's what we found from BBC
2025-11-30 08:49:35,120 - INFO - [The Guardian] Article: https://www.theguardian.com/australia-news/2025/nov/29/four-year-old-gus-lamont-disappeared-from-his-homestead-into-the-australian-outback-two-months-on-questions-remain
2025-11-30 08:49:35,120 - INFO - [The Guardian] Attempt 1/1: Trying with 'requests_browser' strategy...
2025-11-30 08:49:35,169 - INFO - [The Guardian] Success with 'requests_browser'. Found content (739 words).
2025-11-30 08:49:35,532 - INFO - Duplicate article skipped: Four-year-old Gus Lamont disappeared from his homestead into the Australian outback. Two months on, questions remain | South Australia | The Guardian from The Guardian
2025-11-30 08:49:36,363 - INFO - [The Guardian] Article: https://www.theguardian.com/australia-news/2025/nov/30/new-behaviour-standards-are-in-place-for-parliament-but-crossbenchers-say-question-time-still-rife-with-bullying
2025-11-30 08:49:36,363 - INFO - [The Guardian] Attempt 1/1: Trying with 'requests_browser' strategy...
2025-11-30 08:49:36,544 - INFO - [The Guardian] Success with 'requests_browser'. Found content (843 words).
2025-11-30 08:49:36,615 - INFO - Duplicate article skipped: New behaviour standards are in place for parliament but crossbenchers say question time still rife with bullying | Australian politics | The Guardian from The Guardian
2025-11-30 08:50:50,336 - ERROR - [Times of India] Request failed for strategy 'selenium_browser' on URL https://timesofindia.indiatimes.com/world/europe/swiss-vote-on-compulsory-civic-duty-climate-tax-for-super-rich/articleshow/125669403.cms: HTTPConnectionPool(host='localhost', port=48039): Read timed out. (read timeout=120)
2025-11-30 08:50:50,336 - ERROR - [Times of India] All scrape strategies failed for https://timesofindia.indiatimes.com/world/europe/swiss-vote-on-compulsory-civic-duty-climate-tax-for-super-rich/articleshow/125669403.cms. Falling back to RSS description.
2025-11-30 08:50:50,337 - INFO - Duplicate article skipped: Swiss vote on compulsory civic duty, climate tax for super-rich from Times of India
2025-11-30 08:50:51,152 - INFO - [Times of India] Article: https://timesofindia.indiatimes.com/world/us/irresponsible-dangerous-fda-memo-links-covid-shots-to-children-deaths-proposes-new-vaccine-rules/articleshow/125668221.cms
2025-11-30 08:50:51,153 - INFO - [Times of India] Attempt 1/1: Trying with 'selenium_browser' strategy...
2025-11-30 08:51:30,387 - ERROR - [The Hindu] Request failed for strategy 'selenium_browser' on URL https://www.thehindu.com/news/national/eci-extends-sir-schedule-by-one-week/article70341307.ece: HTTPConnectionPool(host='localhost', port=40751): Read timed out. (read timeout=120)
2025-11-30 08:51:30,388 - ERROR - [The Hindu] All scrape strategies failed for https://www.thehindu.com/news/national/eci-extends-sir-schedule-by-one-week/article70341307.ece. Falling back to RSS description.
2025-11-30 08:51:30,388 - INFO - Duplicate article skipped: ECI extends deadline for SIR of electoral rolls to Dec 11; final voter list on Feb 14 from The Hindu
2025-11-30 08:51:31,187 - INFO - [The Hindu] Article: https://www.thehindu.com/news/national/tamil-nadu/cyclone-ditwah-three-persons-die-in-rain-related-incidents-in-tamil-nadu/article70341209.ece
2025-11-30 08:51:31,187 - INFO - [The Hindu] Attempt 1/1: Trying with 'selenium_browser' strategy...
2025-11-30 08:52:51,251 - ERROR - [Times of India] Request failed for strategy 'selenium_browser' on URL https://timesofindia.indiatimes.com/world/us/irresponsible-dangerous-fda-memo-links-covid-shots-to-children-deaths-proposes-new-vaccine-rules/articleshow/125668221.cms: HTTPConnectionPool(host='localhost', port=48039): Read timed out. (read timeout=120)
2025-11-30 08:52:51,251 - ERROR - [Times of India] All scrape strategies failed for https://timesofindia.indiatimes.com/world/us/irresponsible-dangerous-fda-memo-links-covid-shots-to-children-deaths-proposes-new-vaccine-rules/articleshow/125668221.cms. Falling back to RSS description.
2025-11-30 08:52:51,252 - INFO - Duplicate article skipped: 'Irresponsible, dangerous': FDA memo links Covid shots to children deaths; proposes new vaccine rules from Times of India
2025-11-30 08:52:52,508 - INFO - [Times of India] Article: https://timesofindia.indiatimes.com/world/middle-east/uae-is-changing-key-tax-rules-from-january-2026-heres-what-it-means-for-you/articleshow/125668742.cms
2025-11-30 08:52:52,508 - INFO - [Times of India] Attempt 1/1: Trying with 'selenium_browser' strategy...
2025-11-30 08:53:31,288 - ERROR - [The Hindu] Request failed for strategy 'selenium_browser' on URL https://www.thehindu.com/news/national/tamil-nadu/cyclone-ditwah-three-persons-die-in-rain-related-incidents-in-tamil-nadu/article70341209.ece: HTTPConnectionPool(host='localhost', port=40751): Read timed out. (read timeout=120)
2025-11-30 08:53:31,288 - ERROR - [The Hindu] All scrape strategies failed for https://www.thehindu.com/news/national/tamil-nadu/cyclone-ditwah-three-persons-die-in-rain-related-incidents-in-tamil-nadu/article70341209.ece. Falling back to RSS description.
2025-11-30 08:53:31,289 - INFO - Duplicate article skipped: Cyclone Ditwah: Three persons die in rain-related incidents in Tamil Nadu from The Hindu
2025-11-30 08:53:31,961 - INFO - [The Hindu] Article: https://www.thehindu.com/news/national/kerala/rape-investigation-against-mamkootathil-gathers-pace-as-police-inspect-his-residence-in-palakkad/article70341263.ece
2025-11-30 08:53:31,961 - INFO - [The Hindu] Attempt 1/1: Trying with 'selenium_browser' strategy...
2025-11-30 08:53:43,009 - CRITICAL - --- TIMEOUT: 2 scrape jobs did not complete in 300s. ---
2025-11-30 08:53:43,010 - ERROR - A thread has timed out and will be abandoned.
2025-11-30 08:53:43,010 - ERROR - A thread has timed out and will be abandoned.
2025-11-30 08:53:43,010 - INFO - Shutting down thread pool (wait=False)...
2025-11-30 08:53:43,010 - INFO - Scraped: 0 The Guardian, 0 BBC, 2 Timed_Out_Jobs articles. (Total saved: 0)
2025-11-30 08:53:43,010 - INFO - --- Scraping job finished ---
2025-11-30 08:53:43,010 - INFO - --- Scraper service stopped and database connection closed. ---
2025-11-30 08:53:43,010 - INFO - --- Main thread finished. Forcing process exit to kill zombie threads. ---
