2025-12-03 11:24:02,362 - INFO - Loading AI Semantic Model (all-MiniLM-L6-v2)...
2025-12-03 11:24:02,363 - INFO - Use pytorch device_name: cpu
2025-12-03 11:24:02,363 - INFO - Load pretrained SentenceTransformer: all-MiniLM-L6-v2
2025-12-03 11:24:03,108 - INFO - AI Model loaded successfully.
2025-12-03 11:24:03,108 - INFO - Initializing database connection at: news_articles.db
2025-12-03 11:24:03,109 - INFO - --- Scraper service started (CI Mode: Run Once) ---
2025-12-03 11:24:03,109 - INFO - --- Starting new scraping job (Parallel Mode) ---
2025-12-03 11:24:03,109 - INFO - Creating new robust session with 3 retries on 5xx/connection/read errors.
2025-12-03 11:24:03,109 - INFO - Proxy is DISABLED.
2025-12-03 11:24:03,109 - INFO - Starting scrape for BBC RSS feed: http://feeds.bbci.co.uk/news/world/rss.xml
2025-12-03 11:24:03,110 - INFO - [Times of India] (Thread) requires Selenium. Initializing driver...
2025-12-03 11:24:03,110 - INFO - Initializing headless Selenium Chrome driver (using SeleniumManager)...
2025-12-03 11:24:03,112 - INFO - Starting scrape for The Guardian RSS feed: https://www.theguardian.com/world/rss
2025-12-03 11:24:03,113 - INFO - [The Hindu] (Thread) requires Selenium. Initializing driver...
2025-12-03 11:24:03,113 - INFO - Initializing headless Selenium Chrome driver (using SeleniumManager)...
2025-12-03 11:24:03,113 - INFO - Submitted 4 jobs to thread pool. Waiting up to 300s for completion...
2025-12-03 11:24:03,195 - INFO - Found 45 articles in The Guardian RSS feed. Processing up to 20.
2025-12-03 11:24:03,195 - INFO - [The Guardian] Article: https://www.theguardian.com/us-news/2025/dec/02/trump-somali-immigrants-minnesota
2025-12-03 11:24:03,195 - INFO - [The Guardian] Attempt 1/1: Trying with 'requests_browser' strategy...
2025-12-03 11:24:03,218 - INFO - [The Guardian] Success with 'requests_browser'. Found content (473 words).
2025-12-03 11:24:03,252 - INFO - Duplicate article skipped: Trump calls Somali immigrants ‘garbage’ as US reportedly targets Minnesota community | Trump administration | The Guardian from The Guardian
2025-12-03 11:24:03,487 - INFO - Found 35 articles in BBC RSS feed. Processing up to 20.
2025-12-03 11:24:03,487 - INFO - [BBC] Article: https://www.bbc.com/news/articles/c208x9v68w3o?at_medium=RSS&at_campaign=rss
2025-12-03 11:24:03,487 - INFO - [BBC] Attempt 1/1: Trying with 'requests_browser' strategy...
2025-12-03 11:24:03,708 - INFO - [BBC] Success with 'requests_browser'. Found content (1012 words).
2025-12-03 11:24:03,744 - INFO - Duplicate article skipped: Trump says he doesn't want Somalis in US as ICE plans operation from BBC
2025-12-03 11:24:03,966 - INFO - [The Guardian] Article: https://www.theguardian.com/world/2025/dec/01/south-africans-court-alleged-recruitment-russia-war-ukraine
2025-12-03 11:24:03,966 - INFO - [The Guardian] Attempt 1/1: Trying with 'requests_browser' strategy...
2025-12-03 11:24:04,102 - INFO - [The Guardian] Success with 'requests_browser'. Found content (506 words).
2025-12-03 11:24:04,146 - INFO - Duplicate article skipped: Five South Africans in court over alleged recruitment for Russia’s war in Ukraine | South Africa | The Guardian from The Guardian
2025-12-03 11:24:04,760 - INFO - [The Guardian] Article: https://www.theguardian.com/global-development/2025/dec/01/global-health-hiv-aids-funding-cuts-infections-prevention
2025-12-03 11:24:04,760 - INFO - [The Guardian] Attempt 1/1: Trying with 'requests_browser' strategy...
2025-12-03 11:24:04,870 - INFO - [The Guardian] Success with 'requests_browser'. Found content (674 words).
2025-12-03 11:24:04,908 - INFO - Duplicate article skipped: Aid cuts have shaken HIV/Aids care to its core – and will mean millions more infections ahead | Global health | The Guardian from The Guardian
2025-12-03 11:24:04,944 - INFO - [BBC] Article: https://www.bbc.com/news/articles/cly580gkd9ro?at_medium=RSS&at_campaign=rss
2025-12-03 11:24:04,944 - INFO - [BBC] Attempt 1/1: Trying with 'requests_browser' strategy...
2025-12-03 11:24:04,977 - INFO - [BBC] Success with 'requests_browser'. Found content (1534 words).
2025-12-03 11:24:05,016 - INFO - Duplicate article skipped: Ultra-Orthodox conscription bill threatens crisis for Israel's government from BBC
2025-12-03 11:24:05,446 - INFO - [The Guardian] Article: https://www.theguardian.com/world/2025/nov/30/african-leaders-push-for-recognition-of-colonial-crimes-and-reparations
2025-12-03 11:24:05,446 - INFO - [The Guardian] Attempt 1/1: Trying with 'requests_browser' strategy...
2025-12-03 11:24:05,573 - INFO - [The Guardian] Success with 'requests_browser'. Found content (670 words).
2025-12-03 11:24:05,622 - INFO - Duplicate article skipped: African leaders push for recognition of colonial crimes and reparations | Colonialism | The Guardian from The Guardian
2025-12-03 11:24:05,624 - INFO - [BBC] Article: https://www.bbc.com/news/articles/c9895x3039ro?at_medium=RSS&at_campaign=rss
2025-12-03 11:24:05,624 - INFO - [BBC] Attempt 1/1: Trying with 'requests_browser' strategy...
2025-12-03 11:24:05,653 - INFO - [BBC] Success with 'requests_browser'. Found content (942 words).
2025-12-03 11:24:05,825 - INFO - Duplicate article skipped: As lead changes in knife-edge Honduran election, will Trump fail to get his way? from BBC
2025-12-03 11:24:06,641 - INFO - [The Guardian] Article: https://www.theguardian.com/world/2025/nov/28/jacob-zuma-daughter-resigns-claims-south-africans-tricked-fight-russia
2025-12-03 11:24:06,641 - INFO - [The Guardian] Attempt 1/1: Trying with 'requests_browser' strategy...
2025-12-03 11:24:06,751 - INFO - [The Guardian] Success with 'requests_browser'. Found content (753 words).
2025-12-03 11:24:06,787 - INFO - Duplicate article skipped: Jacob Zuma’s daughter resigns amid claims South Africans tricked to fight for Russia | South Africa | The Guardian from The Guardian
2025-12-03 11:24:07,290 - INFO - [BBC] Article: https://www.bbc.com/news/articles/cy7v077dm0po?at_medium=RSS&at_campaign=rss
2025-12-03 11:24:07,291 - INFO - [BBC] Attempt 1/1: Trying with 'requests_browser' strategy...
2025-12-03 11:24:07,314 - INFO - [BBC] Success with 'requests_browser'. Found content (308 words).
2025-12-03 11:24:07,352 - INFO - Duplicate article skipped: MH370: Search for long-missing Malaysia Airlines fight to resume from BBC
2025-12-03 11:24:07,459 - INFO - [The Guardian] Article: https://www.theguardian.com/us-news/live/2025/dec/02/donald-trump-pete-hegseth-boat-venezuela-maduro-tennessee-us-politics-live-news-updates
2025-12-03 11:24:07,459 - INFO - [The Guardian] Attempt 1/1: Trying with 'requests_browser' strategy...
2025-12-03 11:24:07,795 - INFO - [The Guardian] Success with 'requests_browser'. Found content (4155 words).
2025-12-03 11:24:07,883 - INFO - Duplicate article skipped: Pete Hegseth says he ‘didn’t stick around’ to watch second strike on alleged drug boat as Democrats slam administration over attacks – as it happened | Trump administration | The Guardian from The Guardian
2025-12-03 11:24:08,182 - INFO - [BBC] Article: https://www.bbc.com/news/articles/clydg2re4d1o?at_medium=RSS&at_campaign=rss
2025-12-03 11:24:08,182 - INFO - [BBC] Attempt 1/1: Trying with 'requests_browser' strategy...
2025-12-03 11:24:08,206 - INFO - [BBC] Success with 'requests_browser'. Found content (324 words).
2025-12-03 11:24:08,243 - INFO - Duplicate article skipped: Sanchar Saathi: India scraps order to pre-install state-run cyber safety app on smartphones from BBC
2025-12-03 11:24:08,985 - INFO - [The Guardian] Article: https://www.theguardian.com/world/2025/dec/02/trump-intervention-honduras-presidential-vote-count-stalls-nasry-asfura
2025-12-03 11:24:08,985 - INFO - [The Guardian] Attempt 1/1: Trying with 'requests_browser' strategy...
2025-12-03 11:24:09,099 - INFO - [The Guardian] Success with 'requests_browser'. Found content (945 words).
2025-12-03 11:24:09,143 - INFO - Duplicate article skipped: Trump frees ex-Honduran president from prison as country awaits knife-edge election result | Honduras | The Guardian from The Guardian
2025-12-03 11:24:09,737 - INFO - [BBC] Article: https://www.bbc.com/news/articles/c7vm754r80vo?at_medium=RSS&at_campaign=rss
2025-12-03 11:24:09,737 - INFO - [BBC] Attempt 1/1: Trying with 'requests_browser' strategy...
2025-12-03 11:24:09,766 - INFO - [BBC] Success with 'requests_browser'. Found content (225 words).
2025-12-03 11:24:09,811 - INFO - Duplicate article skipped: New Zealand man charged with theft over claims he swallowed $19k Fabergé egg from BBC
2025-12-03 11:24:10,068 - INFO - [The Guardian] Article: https://www.theguardian.com/us-news/2025/dec/02/pete-hegseth-franklin-the-turtle
2025-12-03 11:24:10,068 - INFO - [The Guardian] Attempt 1/1: Trying with 'requests_browser' strategy...
2025-12-03 11:24:10,092 - INFO - [The Guardian] Success with 'requests_browser'. Found content (438 words).
2025-12-03 11:24:10,140 - INFO - Duplicate article skipped: Publisher condemns ‘violent’ use of Franklin the Turtle after Hegseth’s boat strike post | Pete Hegseth | The Guardian from The Guardian
2025-12-03 11:24:10,520 - INFO - [BBC] Article: https://www.bbc.com/news/articles/ckglx77mplgo?at_medium=RSS&at_campaign=rss
2025-12-03 11:24:10,520 - INFO - [BBC] Attempt 1/1: Trying with 'requests_browser' strategy...
2025-12-03 11:24:10,549 - INFO - [BBC] Success with 'requests_browser'. Found content (494 words).
2025-12-03 11:24:10,591 - INFO - Duplicate article skipped: Hegseth says he did not see survivors before second drug boat strike from BBC
2025-12-03 11:24:10,611 - INFO - Selenium driver initialized successfully.
2025-12-03 11:24:10,611 - INFO - Starting scrape for The Hindu RSS feed: https://www.thehindu.com/news/national/feeder/default.rss
2025-12-03 11:24:10,612 - INFO - Selenium driver initialized successfully.
2025-12-03 11:24:10,612 - INFO - Starting scrape for Times of India RSS feed: https://timesofindia.indiatimes.com/rssfeeds/296589292.cms
2025-12-03 11:24:10,724 - INFO - Found 100 articles in The Hindu RSS feed. Processing up to 20.
2025-12-03 11:24:10,724 - INFO - [The Hindu] Article: https://www.thehindu.com/news/national/karnataka/hanuma-jayanti-procession-organised-by-hindu-jagran-vedike-in-srirangapatna/article70353166.ece
2025-12-03 11:24:10,724 - INFO - [The Hindu] Attempt 1/1: Trying with 'selenium_browser' strategy...
2025-12-03 11:24:10,799 - INFO - [The Guardian] Article: https://www.theguardian.com/us-news/2025/dec/02/monterrey-mexico-air-quality-industrial-pollution
2025-12-03 11:24:10,799 - INFO - [The Guardian] Attempt 1/1: Trying with 'requests_browser' strategy...
2025-12-03 11:24:10,932 - INFO - [The Guardian] Success with 'requests_browser'. Found content (3688 words).
2025-12-03 11:24:10,981 - INFO - Duplicate article skipped: Revealed: Mexico’s industrial boomtown is making goods for the US. Residents say they’re ‘breathing poison’ | Mexico | The Guardian from The Guardian
2025-12-03 11:24:11,003 - INFO - Found 20 articles in Times of India RSS feed. Processing up to 20.
2025-12-03 11:24:11,003 - INFO - [Times of India] Article: https://timesofindia.indiatimes.com/world/middle-east/qatar-unveils-plans-for-a-spectacular-11-day-national-day-celebration-at-darb-al-saai/articleshow/125740722.cms
2025-12-03 11:24:11,003 - INFO - [Times of India] Attempt 1/1: Trying with 'selenium_browser' strategy...
2025-12-03 11:24:11,300 - INFO - [BBC] Article: https://www.bbc.com/news/articles/cpq47derx2vo?at_medium=RSS&at_campaign=rss
2025-12-03 11:24:11,301 - INFO - [BBC] Attempt 1/1: Trying with 'requests_browser' strategy...
2025-12-03 11:24:11,344 - INFO - [BBC] Success with 'requests_browser'. Found content (991 words).
2025-12-03 11:24:11,404 - INFO - Duplicate article skipped: Ukrainians in war-ravaged Donbas weigh prospects of peace deal from BBC
2025-12-03 11:24:11,986 - INFO - [BBC] Article: https://www.bbc.com/news/articles/c3e05j9012vo?at_medium=RSS&at_campaign=rss
2025-12-03 11:24:11,986 - INFO - [BBC] Attempt 1/1: Trying with 'requests_browser' strategy...
2025-12-03 11:24:12,044 - INFO - [BBC] Success with 'requests_browser'. Found content (297 words).
2025-12-03 11:24:12,105 - INFO - Duplicate article skipped: Italian fashion giant Prada buys Versace – at a discount from BBC
2025-12-03 11:24:12,374 - INFO - [The Guardian] Article: https://www.theguardian.com/world/2025/dec/02/st-lucia-election-prime-minister-philip-pierre-wins
2025-12-03 11:24:12,375 - INFO - [The Guardian] Attempt 1/1: Trying with 'requests_browser' strategy...
2025-12-03 11:24:12,412 - INFO - [The Guardian] Success with 'requests_browser'. Found content (313 words).
2025-12-03 11:24:12,495 - INFO - Duplicate article skipped: St Lucia prime minister Philip Pierre keeps majority as ruling party wins | St Lucia | The Guardian from The Guardian
2025-12-03 11:24:13,129 - INFO - [The Hindu] Page content loaded.
2025-12-03 11:24:13,441 - INFO - [The Hindu] Success with 'selenium_browser'. Found content (390 words).
2025-12-03 11:24:13,453 - INFO - [The Guardian] Article: https://www.theguardian.com/world/2025/dec/03/search-for-malaysia-airline-flight-mh370-to-resume-over-11-years-after-plane-went-missing
2025-12-03 11:24:13,453 - INFO - [The Guardian] Attempt 1/1: Trying with 'requests_browser' strategy...
2025-12-03 11:24:13,510 - INFO - [BBC] Article: https://www.bbc.com/news/articles/cp341gz24p5o?at_medium=RSS&at_campaign=rss
2025-12-03 11:24:13,510 - INFO - [BBC] Attempt 1/1: Trying with 'requests_browser' strategy...
2025-12-03 11:24:13,703 - INFO - [The Guardian] Success with 'requests_browser'. Found content (635 words).
2025-12-03 11:24:13,870 - INFO - [BBC] Success with 'requests_browser'. Found content (660 words).
2025-12-03 11:24:22,368 - INFO - [Times of India] Page content loaded.
2025-12-03 11:24:22,966 - INFO - [Times of India] Success with 'selenium_browser'. Found content (637 words).
2025-12-03 11:24:35,904 - INFO - Saved article: Hanuma jayanti procession organised by Hindu Jagran Vedike at Srirangapatna - The Hindu from The Hindu
2025-12-03 11:24:35,904 - INFO - Duplicate article skipped: Search for Malaysia Airlines flight MH370 to resume more than 11 years after plane went missing | Malaysia Airlines flight MH370 | The Guardian from The Guardian
2025-12-03 11:24:35,905 - INFO - Duplicate article skipped: YouTube says it will be less safe for kids under Australia's social media ban from BBC
2025-12-03 11:24:36,495 - INFO - [The Hindu] Article: https://www.thehindu.com/news/national/west-bengal/calcutta-hcs-division-bench-sets-aside-order-terminating-appointment-of-32000-primary-teachers/article70353094.ece
2025-12-03 11:24:36,495 - INFO - [The Hindu] Attempt 1/1: Trying with 'selenium_browser' strategy...
2025-12-03 11:24:37,019 - INFO - [The Guardian] Article: https://www.theguardian.com/world/2025/dec/02/uk-government-delays-china-super-embassy-january
2025-12-03 11:24:37,019 - INFO - [The Guardian] Attempt 1/1: Trying with 'requests_browser' strategy...
2025-12-03 11:24:37,048 - INFO - [BBC] Article: https://www.bbc.com/news/articles/cp39q5n5037o?at_medium=RSS&at_campaign=rss
2025-12-03 11:24:37,048 - INFO - [BBC] Attempt 1/1: Trying with 'requests_browser' strategy...
2025-12-03 11:24:37,148 - INFO - [BBC] Success with 'requests_browser'. Found content (336 words).
2025-12-03 11:24:37,289 - INFO - [The Guardian] Success with 'requests_browser'. Found content (619 words).
2025-12-03 11:24:38,209 - INFO - [The Hindu] Page content loaded.
2025-12-03 11:24:38,427 - INFO - [The Hindu] Success with 'selenium_browser'. Found content (177 words).
2025-12-03 11:24:51,479 - INFO - Saved article: Qatar unveils plans for a spectacular 11 day National Day celebration at Darb Al Saai | World News - The Times of India from Times of India
2025-12-03 11:24:51,479 - INFO - Duplicate article skipped: Air pollution: Delhi hospitals saw 200,000 respiratory illness patients in three years from BBC
2025-12-03 11:24:51,480 - INFO - Duplicate article skipped: UK government delays decision on China’s super-embassy until January | China | The Guardian from The Guardian
2025-12-03 11:24:52,491 - INFO - [Times of India] Article: https://timesofindia.indiatimes.com/world/middle-east/saudi-crown-prince-administers-oath-to-newly-appointed-ambassadors-at-dammam-ceremony/articleshow/125739816.cms
2025-12-03 11:24:52,492 - INFO - [Times of India] Attempt 1/1: Trying with 'selenium_browser' strategy...
2025-12-03 11:24:52,686 - INFO - [The Guardian] Article: https://www.theguardian.com/world/2025/dec/03/uk-china-spying-case-collapse-security-committee-report
2025-12-03 11:24:52,686 - INFO - [The Guardian] Attempt 1/1: Trying with 'requests_browser' strategy...
2025-12-03 11:24:52,821 - INFO - [BBC] Article: https://www.bbc.com/news/articles/cedxyvx74p4o?at_medium=RSS&at_campaign=rss
2025-12-03 11:24:52,821 - INFO - [BBC] Attempt 1/1: Trying with 'requests_browser' strategy...
2025-12-03 11:24:52,868 - INFO - [BBC] Success with 'requests_browser'. Found content (768 words).
2025-12-03 11:24:52,968 - INFO - [The Guardian] Success with 'requests_browser'. Found content (885 words).
2025-12-03 11:24:59,786 - INFO - [Times of India] Page content loaded.
2025-12-03 11:25:00,200 - INFO - [Times of India] Success with 'selenium_browser'. Found content (332 words).
2025-12-03 11:25:07,804 - INFO - Saved article: Calcutta HC's Division Bench sets aside order terminating appointment of 32,000 primary teachers - The Hindu from The Hindu
2025-12-03 11:25:07,804 - INFO - Duplicate article skipped: Sanchar Saathi: India mandates state-owned cyber safety app on all smartphones from BBC
2025-12-03 11:25:07,804 - INFO - Duplicate article skipped: Handling of China spying case was ‘shambolic’, security committee concludes | Espionage | The Guardian from The Guardian
2025-12-03 11:25:07,804 - INFO - Duplicate article skipped: Saudi Crown Prince administers oath to newly appointed ambassadors at Dammam ceremony | World News - The Times of India from Times of India
2025-12-03 11:25:08,341 - INFO - [Times of India] Article: https://timesofindia.indiatimes.com/world/us/caribbean-strikes-hegseth-claims-learnt-of-survivors-hours-later-blames-fog-of-war/articleshow/125738445.cms
2025-12-03 11:25:08,342 - INFO - [Times of India] Attempt 1/1: Trying with 'selenium_browser' strategy...
2025-12-03 11:25:08,559 - INFO - [The Hindu] Article: https://www.thehindu.com/news/national/chhattisgarh/ecounter-between-security-forces-and-maoists-in-chhattisgarhs-bijapur/article70353039.ece
2025-12-03 11:25:08,559 - INFO - [The Hindu] Attempt 1/1: Trying with 'selenium_browser' strategy...
2025-12-03 11:25:08,957 - INFO - [BBC] Article: https://www.bbc.com/news/articles/cn41jge1990o?at_medium=RSS&at_campaign=rss
2025-12-03 11:25:08,958 - INFO - [BBC] Attempt 1/1: Trying with 'requests_browser' strategy...
2025-12-03 11:25:09,063 - INFO - [The Guardian] Article: https://www.theguardian.com/world/2025/dec/02/global-heating-and-other-human-activity-are-making-asias-floods-more-lethal
2025-12-03 11:25:09,063 - INFO - [The Guardian] Attempt 1/1: Trying with 'requests_browser' strategy...
2025-12-03 11:25:09,203 - INFO - [The Guardian] Success with 'requests_browser'. Found content (718 words).
2025-12-03 11:25:09,296 - INFO - Duplicate article skipped: Global heating and other human activity are making Asia’s floods more lethal | Extreme weather | The Guardian from The Guardian
2025-12-03 11:25:09,333 - INFO - [BBC] Success with 'requests_browser'. Found content (595 words).
2025-12-03 11:25:09,343 - INFO - [Times of India] Page content loaded.
2025-12-03 11:25:09,418 - INFO - Duplicate article skipped: Pope prays at site of Beirut port blast at end of Lebanon visit from BBC
2025-12-03 11:25:09,675 - INFO - [Times of India] Success with 'selenium_browser'. Found content (344 words).
2025-12-03 11:25:09,796 - INFO - Duplicate article skipped: Caribbean strikes: Hegseth claims he did not see any survivors as 'that thing was on fire'; blames fog of war - The Times of India from Times of India
2025-12-03 11:25:10,085 - INFO - [BBC] Article: https://www.bbc.com/news/articles/c0q5n3x0jn9o?at_medium=RSS&at_campaign=rss
2025-12-03 11:25:10,085 - INFO - [BBC] Attempt 1/1: Trying with 'requests_browser' strategy...
2025-12-03 11:25:10,485 - INFO - [BBC] Success with 'requests_browser'. Found content (328 words).
2025-12-03 11:25:10,586 - INFO - Duplicate article skipped: Thousands of rounds of German army ammunition stolen from lorry from BBC
2025-12-03 11:25:10,743 - INFO - [The Guardian] Article: https://www.theguardian.com/world/2025/dec/02/british-women-stranded-by-landslides-in-sri-lankan-mountains-running-out-of-food-and-water-daughter-says
2025-12-03 11:25:10,743 - INFO - [The Guardian] Attempt 1/1: Trying with 'requests_browser' strategy...
2025-12-03 11:25:10,892 - INFO - [The Guardian] Success with 'requests_browser'. Found content (643 words).
2025-12-03 11:25:10,978 - INFO - Duplicate article skipped: British women stranded by landslides in Sri Lankan mountains running out of food and water, daughter says | Sri Lanka | The Guardian from The Guardian
2025-12-03 11:25:11,102 - INFO - [Times of India] Article: https://timesofindia.indiatimes.com/world/us/tennessee-elections-gop-narrowly-avoids-losing-deep-red-district-matt-epps-wins-house-seat/articleshow/125737225.cms
2025-12-03 11:25:11,102 - INFO - [Times of India] Attempt 1/1: Trying with 'selenium_browser' strategy...
2025-12-03 11:25:11,849 - INFO - [BBC] Article: https://www.bbc.com/news/articles/c93n4nx5yqro?at_medium=RSS&at_campaign=rss
2025-12-03 11:25:11,850 - INFO - [BBC] Attempt 1/1: Trying with 'requests_browser' strategy...
2025-12-03 11:25:11,925 - INFO - [BBC] Success with 'requests_browser'. Found content (1032 words).
2025-12-03 11:25:12,009 - INFO - [The Hindu] Page content loaded.
2025-12-03 11:25:12,014 - INFO - Duplicate article skipped: Why is US President Trump threatening Venezuela's President Maduro? from BBC
2025-12-03 11:25:12,103 - INFO - [The Hindu] Success with 'selenium_browser'. Found content (126 words).
2025-12-03 11:25:12,409 - INFO - [The Guardian] Article: https://www.theguardian.com/australia-news/2025/dec/03/holy-crap-this-is-insane-mineworkers-describe-being-caught-in-huge-outback-dust-storm
2025-12-03 11:25:12,409 - INFO - [The Guardian] Attempt 1/1: Trying with 'requests_browser' strategy...
2025-12-03 11:25:12,558 - INFO - [The Guardian] Success with 'requests_browser'. Found content (537 words).
2025-12-03 11:25:13,066 - INFO - [Times of India] Page content loaded.
2025-12-03 11:25:13,226 - INFO - [Times of India] Success with 'selenium_browser'. Found content (436 words).
2025-12-03 11:25:13,331 - INFO - [BBC] Article: https://www.bbc.com/news/articles/ce3wq2zznz1o?at_medium=RSS&at_campaign=rss
2025-12-03 11:25:13,331 - INFO - [BBC] Attempt 1/1: Trying with 'requests_browser' strategy...
2025-12-03 11:25:13,415 - INFO - [BBC] Success with 'requests_browser'. Found content (740 words).
2025-12-03 11:25:29,550 - INFO - Saved article: Encounter breaks out between cops and Maoists in Chhattisgarh's Bijapur - The Hindu from The Hindu
2025-12-03 11:25:29,550 - INFO - Duplicate article skipped: ‘Holy crap, this is insane’: mineworkers describe being caught in huge outback dust storm | Australia weather | The Guardian from The Guardian
2025-12-03 11:25:29,551 - INFO - Duplicate article skipped: Tennessee elections: GOP narrowly avoids losing deep-red district; Matt Epps wins house seat - The Times of India from Times of India
2025-12-03 11:25:29,551 - INFO - Duplicate article skipped: Guinea Bissau coup: Nigeria grants asylum to presidential candidate Fernando Dias from BBC
2025-12-03 11:25:30,062 - INFO - [The Guardian] Article: https://www.theguardian.com/australia-news/2025/dec/03/addiction-to-secrecy-opposition-and-crossbench-slam-labors-undemocratic-changes-to-foi-including-charging-fees
2025-12-03 11:25:30,062 - INFO - [The Guardian] Attempt 1/1: Trying with 'requests_browser' strategy...
2025-12-03 11:25:30,138 - INFO - [The Hindu] Article: https://www.thehindu.com/news/cities/Hyderabad/air-fares-surge-after-indigo-cancellations-103-lakh-for-hyderabadbhopal-ticket/article70353036.ece
2025-12-03 11:25:30,138 - INFO - [The Hindu] Attempt 1/1: Trying with 'selenium_browser' strategy...
2025-12-03 11:25:30,191 - INFO - [The Guardian] Success with 'requests_browser'. Found content (531 words).
2025-12-03 11:25:30,300 - INFO - Duplicate article skipped: ‘Addiction to secrecy’: opposition and crossbench slam Labor’s ‘undemocratic’ changes to FoI – including charging fees | Freedom of information | The Guardian from The Guardian
2025-12-03 11:25:30,561 - INFO - [BBC] Article: https://www.bbc.com/news/articles/ce8ng18p7v3o?at_medium=RSS&at_campaign=rss
2025-12-03 11:25:30,561 - INFO - [BBC] Attempt 1/1: Trying with 'requests_browser' strategy...
2025-12-03 11:25:30,605 - INFO - [BBC] Success with 'requests_browser'. Found content (582 words).
2025-12-03 11:25:30,650 - INFO - Duplicate article skipped: Hong Kong leader orders investigation into deadly fire that killed 151 from BBC
2025-12-03 11:25:30,873 - INFO - [Times of India] Article: https://timesofindia.indiatimes.com/world/us/inhuman-agenda-sabrina-carpenter-slams-trump-admin-for-using-her-song-in-disgusting-video-white-house-responds/articleshow/125734612.cms
2025-12-03 11:25:30,873 - INFO - [Times of India] Attempt 1/1: Trying with 'selenium_browser' strategy...
2025-12-03 11:25:30,886 - INFO - [The Guardian] Article: https://www.theguardian.com/australia-news/live/2025/dec/03/australia-news-live-bruce-lehrmann-defamation-appeal-brittany-higgins-lisa-wilkinson-network-ten-senate-estimates-social-media-ban-esafety-commissioner-albanese-sussan-ley-labor-coalition-nsw-vic-qld-ntwnfb
2025-12-03 11:25:30,886 - INFO - [The Guardian] Attempt 1/1: Trying with 'requests_browser' strategy...
2025-12-03 11:25:31,125 - INFO - [The Guardian] Success with 'requests_browser'. Found content (3090 words).
2025-12-03 11:25:31,280 - INFO - [BBC] Article: https://www.bbc.com/news/articles/c058n10727po?at_medium=RSS&at_campaign=rss
2025-12-03 11:25:31,287 - INFO - [BBC] Attempt 1/1: Trying with 'requests_browser' strategy...
2025-12-03 11:25:31,411 - INFO - Duplicate article skipped: Gallagher says public service ‘roughly the right size’ – as it happened | Australia news | The Guardian from The Guardian
2025-12-03 11:25:31,452 - INFO - [BBC] Success with 'requests_browser'. Found content (610 words).
2025-12-03 11:25:31,558 - INFO - Duplicate article skipped: Cyclone Ditwah: Flood catastrophe awakens volunteerism in Sri Lanka from BBC
2025-12-03 11:25:32,010 - INFO - [The Guardian] Article: https://www.theguardian.com/australia-news/2025/dec/03/australia-high-court-overturns-housing-policy-which-tripled-rent-in-some-remote-indigenous-communities
2025-12-03 11:25:32,010 - INFO - [The Guardian] Attempt 1/1: Trying with 'requests_browser' strategy...
2025-12-03 11:25:32,194 - INFO - [The Hindu] Page content loaded.
2025-12-03 11:25:32,200 - INFO - [The Guardian] Success with 'requests_browser'. Found content (527 words).
2025-12-03 11:25:32,300 - INFO - Duplicate article skipped: High court overturns NT housing policy which tripled rent in some remote Indigenous communities | Indigenous Australians | The Guardian from The Guardian
2025-12-03 11:25:32,360 - INFO - [The Hindu] Success with 'selenium_browser'. Found content (345 words).
2025-12-03 11:25:32,545 - INFO - [BBC] Article: https://www.bbc.com/news/articles/c1m8nm22785o?at_medium=RSS&at_campaign=rss
2025-12-03 11:25:32,546 - INFO - [BBC] Attempt 1/1: Trying with 'requests_browser' strategy...
2025-12-03 11:25:32,757 - INFO - [BBC] Success with 'requests_browser'. Found content (1258 words).
2025-12-03 11:25:33,017 - INFO - [The Guardian] Article: https://www.theguardian.com/australia-news/2025/dec/02/australian-children-moving-to-new-social-app-lemon8-but-owner-expected-to-restrict-users-to-over-16s
2025-12-03 11:25:33,017 - INFO - [The Guardian] Attempt 1/1: Trying with 'requests_browser' strategy...
2025-12-03 11:25:33,243 - INFO - [The Guardian] Success with 'requests_browser'. Found content (951 words).
2025-12-03 11:25:34,077 - INFO - [Times of India] Page content loaded.
2025-12-03 11:25:34,300 - INFO - [Times of India] Success with 'selenium_browser'. Found content (304 words).
2025-12-03 11:25:48,768 - INFO - Saved article: Air fares surge after IndiGo cancellations; ₹1.03 lakh for Hyderabad–Bhopal ticket - The Hindu from The Hindu
2025-12-03 11:25:48,768 - INFO - Duplicate article skipped: Guinea-Bissau's military takeover: Was the coup real or a 'sham'? from BBC
2025-12-03 11:25:48,769 - INFO - Duplicate article skipped: YouTube says it will comply with Australia’s under-16s social media ban, with Lemon8 to also restrict access | Social media ban | The Guardian from The Guardian
2025-12-03 11:25:48,769 - INFO - Duplicate article skipped: ‘Inhuman agenda’: Sabrina Carpenter slams Trump admin for using her song in 'disgusting' video; White House responds - The Times of India from Times of India
2025-12-03 11:25:49,728 - INFO - [The Hindu] Article: https://www.thehindu.com/news/national/tamil-nadu/rpfsub-inspector-rescues-man-who-slipped-while-boarding-moving-train-in-salem/article70352629.ece
2025-12-03 11:25:49,728 - INFO - [The Hindu] Attempt 1/1: Trying with 'selenium_browser' strategy...
2025-12-03 11:25:50,229 - INFO - [Times of India] Article: https://timesofindia.indiatimes.com/world/us/lacks-moral-characterindian-national-jailed-in-us-over-mediacare-fraud-siphoned-off-1-17-million/articleshow/125734035.cms
2025-12-03 11:25:50,230 - INFO - [Times of India] Attempt 1/1: Trying with 'selenium_browser' strategy...
2025-12-03 11:25:50,250 - INFO - [BBC] Article: https://www.bbc.com/news/articles/c9qewln7912o?at_medium=RSS&at_campaign=rss
2025-12-03 11:25:50,250 - INFO - [BBC] Attempt 1/1: Trying with 'requests_browser' strategy...
2025-12-03 11:25:50,297 - INFO - [BBC] Success with 'requests_browser'. Found content (1055 words).
2025-12-03 11:25:50,367 - INFO - Duplicate article skipped: What was Honduras ex-president convicted of and why has Trump pardoned him? from BBC
2025-12-03 11:25:50,879 - INFO - [The Hindu] Page content loaded.
2025-12-03 11:25:50,995 - INFO - [The Hindu] Success with 'selenium_browser'. Found content (143 words).
2025-12-03 11:25:55,634 - INFO - [Times of India] Page content loaded.
2025-12-03 11:25:57,439 - INFO - [Times of India] Success with 'selenium_browser'. Found content (404 words).
2025-12-03 11:26:08,085 - INFO - Saved article: RPF sub-inspector rescues man who slipped while boarding moving train in Salem - The Hindu from The Hindu
2025-12-03 11:26:08,085 - INFO - Duplicate article skipped: ‘Lacks moral character’: Indian national jailed in US over medicare fraud; siphoned off $1.17 million - The Times of India from Times of India
2025-12-03 11:26:08,721 - INFO - [The Hindu] Article: https://www.thehindu.com/news/national/karnataka/bengaluru-advocate-files-police-complaint-against-bollywood-actor-ranveer-singh-for-hurting-religious-sentiments-of-tulu-community/article70352930.ece
2025-12-03 11:26:08,721 - INFO - [The Hindu] Attempt 1/1: Trying with 'selenium_browser' strategy...
2025-12-03 11:26:09,362 - INFO - [Times of India] Article: https://timesofindia.indiatimes.com/world/us/ban-h-1b-visas-desi-maga-backer-nalin-haley-wants-corporates-to-hire-certain-number-of-americans-watch/articleshow/125732051.cms
2025-12-03 11:26:09,363 - INFO - [Times of India] Attempt 1/1: Trying with 'selenium_browser' strategy...
2025-12-03 11:26:09,877 - INFO - [The Hindu] Page content loaded.
2025-12-03 11:26:09,998 - INFO - [The Hindu] Success with 'selenium_browser'. Found content (228 words).
2025-12-03 11:26:10,413 - INFO - [Times of India] Page content loaded.
2025-12-03 11:26:10,602 - INFO - [Times of India] Success with 'selenium_browser'. Found content (456 words).
2025-12-03 11:26:25,358 - INFO - Saved article: Complaint against actor Ranveer Singh for ‘hurting religious sentiments’ of Tulu community - The Hindu from The Hindu
2025-12-03 11:26:25,358 - INFO - Duplicate article skipped: 'Ban H-1B visas': Desi MAGA backer Nalin Haley wants corporates to hire 'certain number of Americans' - watch - The Times of India from Times of India
2025-12-03 11:26:26,207 - INFO - [Times of India] Article: https://timesofindia.indiatimes.com/world/middle-east/planning-a-longer-stay-in-uae-heres-how-to-extend-your-uae-visit-visa/articleshow/125738449.cms
2025-12-03 11:26:26,208 - INFO - [Times of India] Attempt 1/1: Trying with 'selenium_browser' strategy...
2025-12-03 11:26:26,646 - INFO - [The Hindu] Article: https://www.thehindu.com/news/national/kerala/court-posts-kerala-mla-rahul-mamkootathils-bail-plea-in-rape-case-for-further-hearing-on-december-4/article70352979.ece
2025-12-03 11:26:26,647 - INFO - [The Hindu] Attempt 1/1: Trying with 'selenium_browser' strategy...
2025-12-03 11:26:27,171 - INFO - [Times of India] Page content loaded.
2025-12-03 11:26:27,333 - INFO - [Times of India] Success with 'selenium_browser'. Found content (633 words).
2025-12-03 11:26:28,698 - INFO - [The Hindu] Page content loaded.
2025-12-03 11:26:28,925 - INFO - [The Hindu] Success with 'selenium_browser'. Found content (456 words).
2025-12-03 11:26:43,052 - INFO - Saved article: Planning a longer stay in UAE? Here’s how to extend your UAE Visit Visa | World News - The Times of India from Times of India
2025-12-03 11:26:43,053 - INFO - Duplicate article skipped: Court posts Kerala MLA Rahul Mamkootathil’s bail plea in rape case for further hearing on December 4 - The Hindu from The Hindu
2025-12-03 11:26:43,947 - INFO - [The Hindu] Article: https://www.thehindu.com/business/Industry/install-emission-monitors-by-december-31-or-face-closure-centre-warns-delhi-ncr-industries/article70352863.ece
2025-12-03 11:26:43,947 - INFO - [The Hindu] Attempt 1/1: Trying with 'selenium_browser' strategy...
2025-12-03 11:26:44,241 - INFO - [Times of India] Article: https://timesofindia.indiatimes.com/world/middle-east/kuwait-to-get-six-public-holidays-in-january-2026-including-new-year-and-isra-miraj/articleshow/125736457.cms
2025-12-03 11:26:44,242 - INFO - [Times of India] Attempt 1/1: Trying with 'selenium_browser' strategy...
2025-12-03 11:26:46,018 - INFO - [The Hindu] Page content loaded.
2025-12-03 11:26:46,094 - INFO - [The Hindu] Success with 'selenium_browser'. Found content (301 words).
2025-12-03 11:26:46,190 - INFO - Duplicate article skipped: Delhi Air Pollution: Centre warns NCR industries to install emission monitors by December 31 - The Hindu from The Hindu
2025-12-03 11:26:46,685 - INFO - [Times of India] Page content loaded.
2025-12-03 11:26:46,791 - INFO - [Times of India] Success with 'selenium_browser'. Found content (269 words).
2025-12-03 11:26:46,884 - INFO - Duplicate article skipped: Kuwait to get six public holidays in January 2026 including new year and Isra-Mi’raj | World News - The Times of India from Times of India
2025-12-03 11:26:47,146 - INFO - [The Hindu] Article: https://www.thehindu.com/news/national/madhya-pradesh/mp-cough-syrup-deaths-ed-attaches-assets-of-coldrif-promoter-in-chennai/article70352759.ece
2025-12-03 11:26:47,147 - INFO - [The Hindu] Attempt 1/1: Trying with 'selenium_browser' strategy...
2025-12-03 11:26:47,852 - INFO - [Times of India] Article: https://timesofindia.indiatimes.com/world/middle-east/saudi-arabia-approves-350-billion-budget-for-2026-focused-on-vision-2030-goalssaudi-arabia-approves-350-billion-budget-for-2026-focused-on-vision-2030-goals/articleshow/125735433.cms
2025-12-03 11:26:47,852 - INFO - [Times of India] Attempt 1/1: Trying with 'selenium_browser' strategy...
2025-12-03 11:26:49,110 - INFO - [Times of India] Page content loaded.
2025-12-03 11:26:49,406 - INFO - [Times of India] Success with 'selenium_browser'. Found content (323 words).
2025-12-03 11:26:49,600 - INFO - Duplicate article skipped: Saudi Arabia approves $350 billion budget for 2026, focused on vision 2030 goals | World News - The Times of India from Times of India
2025-12-03 11:26:49,629 - INFO - [The Hindu] Page content loaded.
2025-12-03 11:26:49,726 - INFO - [The Hindu] Success with 'selenium_browser'. Found content (418 words).
2025-12-03 11:26:49,809 - INFO - Duplicate article skipped: M.P. cough syrup deaths: ED attaches assets of Coldrif promoter in Chennai - The Hindu from The Hindu
2025-12-03 11:26:50,305 - INFO - [Times of India] Article: https://timesofindia.indiatimes.com/world/us/null-and-void-trump-declares-all-biden-autopen-signed-documents-invalid-calls-them-unauthorized/articleshow/125731145.cms
2025-12-03 11:26:50,305 - INFO - [Times of India] Attempt 1/1: Trying with 'selenium_browser' strategy...
2025-12-03 11:26:50,782 - INFO - [The Hindu] Article: https://www.thehindu.com/news/national/tamil-nadu/tn-cm-stalin-distributes-wheelchairs-to-persons-with-disabilities/article70352987.ece
2025-12-03 11:26:50,782 - INFO - [The Hindu] Attempt 1/1: Trying with 'selenium_browser' strategy...
2025-12-03 11:26:52,308 - INFO - [Times of India] Page content loaded.
2025-12-03 11:26:52,533 - INFO - [Times of India] Success with 'selenium_browser'. Found content (336 words).
2025-12-03 11:26:52,826 - INFO - Duplicate article skipped: ‘Null and void’: Trump declares all Biden autopen-signed documents invalid; calls them ‘unauthorized’ - The Times of India from Times of India
2025-12-03 11:26:53,568 - INFO - [Times of India] Article: https://timesofindia.indiatimes.com/world/us-streamers/why-did-twitch-suspend-rakai-again-irl-streamers-two-year-suspension-explained/articleshow/125734329.cms
2025-12-03 11:26:53,568 - INFO - [Times of India] Attempt 1/1: Trying with 'selenium_browser' strategy...
2025-12-03 11:26:53,858 - INFO - [The Hindu] Page content loaded.
2025-12-03 11:26:53,982 - INFO - [The Hindu] Success with 'selenium_browser'. Found content (99 words).
2025-12-03 11:26:54,101 - INFO - Duplicate article skipped: T.N. CM Stalin distributes wheelchairs to persons with disabilities - The Hindu from The Hindu
2025-12-03 11:26:54,780 - INFO - [Times of India] Page content loaded.
2025-12-03 11:26:54,888 - INFO - [Times of India] Success with 'selenium_browser'. Found content (445 words).
2025-12-03 11:26:54,945 - INFO - Duplicate article skipped: Why did Twitch suspend RaKai again? IRL streamer’s two-year suspension explained - The Times of India from Times of India
2025-12-03 11:26:55,383 - INFO - [The Hindu] Article: https://www.thehindu.com/news/national/telangana/three-killed-two-injured-as-car-crashes-into-road-divider-at-sathupalli-in-khammam-district/article70352309.ece
2025-12-03 11:26:55,383 - INFO - [The Hindu] Attempt 1/1: Trying with 'selenium_browser' strategy...
2025-12-03 11:26:55,826 - INFO - [Times of India] Article: https://timesofindia.indiatimes.com/world/us-streamers/i-will-be-naming-candace-owens-alleges-tpusa-leaders-betrayed-charlie-kirk-before-deadly-shooting-and-vows-to-show-evidence/articleshow/125728624.cms
2025-12-03 11:26:55,826 - INFO - [Times of India] Attempt 1/1: Trying with 'selenium_browser' strategy...
2025-12-03 11:26:57,433 - INFO - [Times of India] Page content loaded.
2025-12-03 11:26:57,782 - INFO - [Times of India] Success with 'selenium_browser'. Found content (425 words).
2025-12-03 11:26:58,323 - INFO - [The Hindu] Page content loaded.
2025-12-03 11:26:58,333 - INFO - Duplicate article skipped: Candace Owens alleges TPUSA leaders betrayed Charlie Kirk before deadly shooting and vows to show evidence - The Times of India from Times of India
2025-12-03 11:26:58,411 - INFO - [The Hindu] Success with 'selenium_browser'. Found content (188 words).
2025-12-03 11:26:58,490 - INFO - Duplicate article skipped: Three killed, two injured as car crashes into road divider at Sathupalli in Khammam district - The Hindu from The Hindu
2025-12-03 11:26:59,080 - INFO - [The Hindu] Article: https://www.thehindu.com/news/national/telangana/telangana-cm-urges-pm-to-approve-metro-rail-expansion-hyderabad-machilipatnam-port-greenfield-expressway-and-other-projects/article70352860.ece
2025-12-03 11:26:59,080 - INFO - [The Hindu] Attempt 1/1: Trying with 'selenium_browser' strategy...
2025-12-03 11:26:59,630 - INFO - [Times of India] Article: https://timesofindia.indiatimes.com/world/us/trump-maduro-spat-venezuela-to-continue-accepting-deported-migrants-move-despite-uss-airspace-closure-assertion/articleshow/125732625.cms
2025-12-03 11:26:59,631 - INFO - [Times of India] Attempt 1/1: Trying with 'selenium_browser' strategy...
2025-12-03 11:27:01,955 - INFO - [Times of India] Page content loaded.
2025-12-03 11:27:02,207 - INFO - [Times of India] Success with 'selenium_browser'. Found content (408 words).
2025-12-03 11:27:02,325 - INFO - Duplicate article skipped: Trump-Maduro spat: US flights deporting migrants to Venezuela to continue despite claims of airspace closure - The Times of India from Times of India
2025-12-03 11:27:03,586 - INFO - [Times of India] Article: https://timesofindia.indiatimes.com/world/us/oregon-indian-man-charged-with-criminally-negligent-homicide-after-crash-kills-two-what-probe-revealed/articleshow/125732478.cms
2025-12-03 11:27:03,586 - INFO - [Times of India] Attempt 1/1: Trying with 'selenium_browser' strategy...
2025-12-03 11:27:04,228 - INFO - [Times of India] Page content loaded.
2025-12-03 11:27:04,368 - INFO - [Times of India] Success with 'selenium_browser'. Found content (392 words).
2025-12-03 11:27:04,428 - INFO - Duplicate article skipped: Oregon: Indian man charged with criminally negligent homicide after crash kills two — what probe revealed - The Times of India from Times of India
2025-12-03 11:27:05,259 - INFO - [Times of India] Article: https://timesofindia.indiatimes.com/world/rest-of-world/13-year-old-pulled-the-trigger-chilling-details-of-public-execution-of-afghan-man-80000-watched/articleshow/125731855.cms
2025-12-03 11:27:05,259 - INFO - [Times of India] Attempt 1/1: Trying with 'selenium_browser' strategy...
2025-12-03 11:27:06,084 - INFO - [Times of India] Page content loaded.
2025-12-03 11:27:06,212 - INFO - [Times of India] Success with 'selenium_browser'. Found content (305 words).
2025-12-03 11:27:06,276 - INFO - Duplicate article skipped: '13-year-old pulled the trigger': Chilling details of public execution of Afghan man; '80,000 watched' - The Times of India from Times of India
2025-12-03 11:27:07,279 - INFO - [The Hindu] Page content loaded.
2025-12-03 11:27:07,418 - INFO - [Times of India] Article: https://timesofindia.indiatimes.com/world/us-streamers/meghan-markle-faces-backlash-as-perez-hilton-calls-her-turkey-clip-a-safety-hazard-and-names-her-salmonella-sussex/articleshow/125730524.cms
2025-12-03 11:27:07,418 - INFO - [Times of India] Attempt 1/1: Trying with 'selenium_browser' strategy...
2025-12-03 11:27:07,432 - INFO - [The Hindu] Success with 'selenium_browser'. Found content (166 words).
2025-12-03 11:27:07,555 - INFO - Duplicate article skipped: Telangana CM urges PM to approve Metro Rail expansion, Hyderabad-Machilipatnam port greenfield expressway and other projects - The Hindu from The Hindu
2025-12-03 11:27:08,343 - INFO - [Times of India] Page content loaded.
2025-12-03 11:27:08,452 - INFO - [The Hindu] Article: https://www.thehindu.com/news/national/government-withdraws-mandatory-sanchar-saathi-pre-installation-on-phones-after-backlash/article70352971.ece
2025-12-03 11:27:08,453 - INFO - [The Hindu] Attempt 1/1: Trying with 'selenium_browser' strategy...
2025-12-03 11:27:08,581 - INFO - [Times of India] Success with 'selenium_browser'. Found content (455 words).
2025-12-03 11:27:08,785 - INFO - Duplicate article skipped: Meghan Markle faces backlash as Perez Hilton calls her turkey clip a safety hazard and names her Salmonella Sussex - The Times of India from Times of India
2025-12-03 11:27:09,450 - INFO - [Times of India] Article: https://timesofindia.indiatimes.com/world/us/subject-to-attack-trump-warns-any-country-trafficking-drugs-to-us-can-be-striked-names-colombia-bogota-hits-back/articleshow/125731104.cms
2025-12-03 11:27:09,450 - INFO - [Times of India] Attempt 1/1: Trying with 'selenium_browser' strategy...
2025-12-03 11:27:11,999 - INFO - [Times of India] Page content loaded.
2025-12-03 11:27:12,068 - INFO - [The Hindu] Page content loaded.
2025-12-03 11:27:12,320 - INFO - [Times of India] Success with 'selenium_browser'. Found content (393 words).
2025-12-03 11:27:12,362 - INFO - [The Hindu] Success with 'selenium_browser'. Found content (290 words).
2025-12-03 11:27:12,545 - INFO - Duplicate article skipped: ‘Subject to attack’: Trump warns any country trafficking drugs to US can be struck; names Colombia, Bogota hits back - The Times of India from Times of India
2025-12-03 11:27:12,575 - INFO - Duplicate article skipped: Sanchar Saathi app: Government withdraws mandatory pre-installation of app on phones after backlash - The Hindu from The Hindu
2025-12-03 11:27:13,297 - INFO - [Times of India] Article: https://timesofindia.indiatimes.com/world/us/donalds-sleepy-joe-moment-gavin-newsom-shares-video-of-trump-sleeping-in-his-cabinet-meeting-watch/articleshow/125730929.cms
2025-12-03 11:27:13,297 - INFO - [Times of India] Attempt 1/1: Trying with 'selenium_browser' strategy...
2025-12-03 11:27:13,698 - INFO - [The Hindu] Article: https://www.thehindu.com/news/national/tamil-nadu/former-aiadmk-mla-r-chinnasamy-joins-dmk/article70352891.ece
2025-12-03 11:27:13,698 - INFO - [The Hindu] Attempt 1/1: Trying with 'selenium_browser' strategy...
2025-12-03 11:27:14,553 - INFO - [Times of India] Page content loaded.
2025-12-03 11:27:14,807 - INFO - [Times of India] Success with 'selenium_browser'. Found content (437 words).
2025-12-03 11:27:14,906 - INFO - Duplicate article skipped: Donald's 'sleepy Joe' moment: Trump struggles to stay awake at Cabinet meeting - watch - The Times of India from Times of India
2025-12-03 11:27:15,608 - INFO - [Times of India] Article: https://timesofindia.indiatimes.com/etimes/trending/stonehenge-just-got-stranger-archaeologists-confirm-massive-man-made-ring-of-pits-underground/articleshow/125725186.cms
2025-12-03 11:27:15,609 - INFO - [Times of India] Attempt 1/1: Trying with 'selenium_browser' strategy...
2025-12-03 11:27:16,859 - INFO - [The Hindu] Page content loaded.
2025-12-03 11:27:16,971 - WARNING - [The Hindu] FAILED with 'selenium_browser' (content was too short: 68 words).
2025-12-03 11:27:16,971 - ERROR - [The Hindu] All scrape strategies failed for https://www.thehindu.com/news/national/tamil-nadu/former-aiadmk-mla-r-chinnasamy-joins-dmk/article70352891.ece. Falling back to RSS description.
2025-12-03 11:27:16,972 - INFO - Duplicate article skipped: Former AIADMK MLA R. Chinnasamy joins DMK from The Hindu
2025-12-03 11:27:17,634 - INFO - [The Hindu] Article: https://www.thehindu.com/news/national/west-bengal/sunali-khatun-was-pushed-to-bangladesh-despite-being-indian-says-mamata-banerjee/article70352802.ece
2025-12-03 11:27:17,635 - INFO - [The Hindu] Attempt 1/1: Trying with 'selenium_browser' strategy...
2025-12-03 11:27:18,394 - INFO - [The Hindu] Page content loaded.
2025-12-03 11:27:18,622 - INFO - [The Hindu] Success with 'selenium_browser'. Found content (446 words).
2025-12-03 11:27:18,716 - INFO - Duplicate article skipped: Sunali Khatun was pushed to Bangladesh despite being Indian, says Mamata Banerjee - The Hindu from The Hindu
2025-12-03 11:27:19,548 - INFO - [The Hindu] Article: https://www.thehindu.com/news/national/andhra-pradesh/cyclone-ditwah-rains-lash-south-coastal-andhra-pradesh/article70352221.ece
2025-12-03 11:27:19,548 - INFO - [The Hindu] Attempt 1/1: Trying with 'selenium_browser' strategy...
2025-12-03 11:27:22,835 - INFO - [The Hindu] Page content loaded.
2025-12-03 11:27:22,910 - INFO - [The Hindu] Success with 'selenium_browser'. Found content (447 words).
2025-12-03 11:27:22,987 - INFO - Duplicate article skipped: Cyclone Ditwah: Rains lash south coastal Andhra Pradesh - The Hindu from The Hindu
2025-12-03 11:27:23,882 - INFO - [The Hindu] Article: https://www.thehindu.com/news/national/karnataka/mdma-and-hydro-ganja-worth-2875-crore-seized-in-bengaluru/article70352570.ece
2025-12-03 11:27:23,882 - INFO - [The Hindu] Attempt 1/1: Trying with 'selenium_browser' strategy...
2025-12-03 11:27:24,509 - INFO - [The Hindu] Page content loaded.
2025-12-03 11:27:24,681 - INFO - [The Hindu] Success with 'selenium_browser'. Found content (375 words).
2025-12-03 11:27:25,011 - INFO - Duplicate article skipped: MDMA and hydro ganja worth ₹28.75 crore seized in Bengaluru - The Hindu from The Hindu
2025-12-03 11:27:26,186 - INFO - [The Hindu] Article: https://www.thehindu.com/news/national/sonia-kharge-protest-in-parliament-complex-against-new-labour-codes/article70352719.ece
2025-12-03 11:27:26,186 - INFO - [The Hindu] Attempt 1/1: Trying with 'selenium_browser' strategy...
2025-12-03 11:27:27,041 - INFO - [The Hindu] Page content loaded.
2025-12-03 11:27:27,209 - INFO - [The Hindu] Success with 'selenium_browser'. Found content (374 words).
2025-12-03 11:27:27,285 - INFO - Duplicate article skipped: Sonia, Kharge protest in Parliament complex against new labour codes - The Hindu from The Hindu
2025-12-03 11:27:27,656 - WARNING - [Times of India] Page timed out (10s). No <p> tags found. Proceeding anyway.
2025-12-03 11:27:28,109 - INFO - [Times of India] Success with 'selenium_browser'. Found content (1134 words).
2025-12-03 11:27:28,181 - INFO - [The Hindu] Article: https://www.thehindu.com/videos/watch-former-brahmos-chief-calls-for-stronger-india-russia-defence-ties/article70352888.ece
2025-12-03 11:27:28,186 - INFO - [The Hindu] Attempt 1/1: Trying with 'selenium_browser' strategy...
2025-12-03 11:27:28,226 - INFO - Duplicate article skipped: Stonehenge just got stranger: Archaeologists confirm massive man-made ring of pits underground | - The Times of India from Times of India
2025-12-03 11:27:29,344 - INFO - [Times of India] (Thread) Finished. Attempting to shut down its Selenium driver.
2025-12-03 11:27:29,978 - INFO - [Times of India] (Thread) driver.quit() successful.
2025-12-03 11:27:31,014 - INFO - [The Hindu] Page content loaded.
2025-12-03 11:27:31,195 - INFO - [The Hindu] Success with 'selenium_browser'. Found content (144 words).
2025-12-03 11:27:31,268 - INFO - Duplicate article skipped: Watch: Former BrahMos Chief calls for stronger India-Russia defence ties - The Hindu from The Hindu
2025-12-03 11:27:31,942 - INFO - [The Hindu] Article: https://www.thehindu.com/news/national/andhra-pradesh/andhra-deputy-cm-pawan-kalyan-orders-constitution-of-party-committees-up-to-parliamentary-constituency-level/article70352601.ece
2025-12-03 11:27:31,943 - INFO - [The Hindu] Attempt 1/1: Trying with 'selenium_browser' strategy...
2025-12-03 11:27:32,611 - INFO - [The Hindu] Page content loaded.
2025-12-03 11:27:32,713 - INFO - [The Hindu] Success with 'selenium_browser'. Found content (194 words).
2025-12-03 11:27:32,809 - INFO - Duplicate article skipped: Andhra Deputy CM Pawan Kalyan orders constitution of party committees up to Parliamentary constituency level - The Hindu from The Hindu
2025-12-03 11:27:33,604 - INFO - [The Hindu] (Thread) Finished. Attempting to shut down its Selenium driver.
2025-12-03 11:27:33,798 - INFO - [The Hindu] (Thread) driver.quit() successful.
2025-12-03 11:27:33,798 - INFO - Shutting down thread pool (wait=False)...
2025-12-03 11:27:33,798 - INFO - Scraped: 0 BBC, 0 The Guardian, 6 The Hindu, 2 Times of India articles. (Total saved: 8)
2025-12-03 11:27:33,798 - INFO - --- Scraping job finished ---
2025-12-03 11:27:33,804 - INFO - --- Scraper service stopped and database connection closed. ---
2025-12-03 11:27:33,804 - INFO - --- Main thread finished. Forcing process exit to kill zombie threads. ---
