2025-12-01 23:43:03,413 - INFO - Loading AI Semantic Model (all-MiniLM-L6-v2)...
2025-12-01 23:43:03,414 - INFO - Use pytorch device_name: cpu
2025-12-01 23:43:03,414 - INFO - Load pretrained SentenceTransformer: all-MiniLM-L6-v2
2025-12-01 23:43:04,321 - INFO - AI Model loaded successfully.
2025-12-01 23:43:04,321 - INFO - Initializing database connection at: news_articles.db
2025-12-01 23:43:04,321 - INFO - --- Scraper service started (CI Mode: Run Once) ---
2025-12-01 23:43:04,321 - INFO - --- Starting new scraping job (Parallel Mode) ---
2025-12-01 23:43:04,321 - INFO - Creating new robust session with 3 retries on 5xx/connection/read errors.
2025-12-01 23:43:04,322 - INFO - Proxy is DISABLED.
2025-12-01 23:43:04,322 - INFO - Starting scrape for BBC RSS feed: http://feeds.bbci.co.uk/news/world/rss.xml
2025-12-01 23:43:04,323 - INFO - [Times of India] (Thread) requires Selenium. Initializing driver...
2025-12-01 23:43:04,323 - INFO - Initializing headless Selenium Chrome driver (using SeleniumManager)...
2025-12-01 23:43:04,324 - INFO - Starting scrape for The Guardian RSS feed: https://www.theguardian.com/world/rss
2025-12-01 23:43:04,326 - INFO - [The Hindu] (Thread) requires Selenium. Initializing driver...
2025-12-01 23:43:04,327 - INFO - Submitted 4 jobs to thread pool. Waiting up to 300s for completion...
2025-12-01 23:43:04,327 - INFO - Initializing headless Selenium Chrome driver (using SeleniumManager)...
2025-12-01 23:43:04,511 - INFO - Found 43 articles in BBC RSS feed. Processing up to 20.
2025-12-01 23:43:04,512 - INFO - [BBC] Article: https://www.bbc.com/news/articles/c1m8nmx75evo?at_medium=RSS&at_campaign=rss
2025-12-01 23:43:04,512 - INFO - [BBC] Attempt 1/1: Trying with 'requests_browser' strategy...
2025-12-01 23:43:04,518 - INFO - Found 45 articles in The Guardian RSS feed. Processing up to 20.
2025-12-01 23:43:04,518 - INFO - [The Guardian] Article: https://www.theguardian.com/world/2025/dec/01/south-africans-court-alleged-recruitment-russia-war-ukraine
2025-12-01 23:43:04,518 - INFO - [The Guardian] Attempt 1/1: Trying with 'requests_browser' strategy...
2025-12-01 23:43:04,555 - INFO - [The Guardian] Success with 'requests_browser'. Found content (506 words).
2025-12-01 23:43:04,601 - INFO - Duplicate article skipped: Five South Africans in court over alleged recruitment for Russia’s war in Ukraine | South Africa | The Guardian from The Guardian
2025-12-01 23:43:04,680 - INFO - [BBC] Success with 'requests_browser'. Found content (823 words).
2025-12-01 23:43:04,711 - INFO - Duplicate article skipped: Zelensky says Ukraine territory 'most difficult' issue, as US envoy prepares to meet Putin from BBC
2025-12-01 23:43:05,122 - INFO - [The Guardian] Article: https://www.theguardian.com/global-development/2025/dec/01/global-health-hiv-aids-funding-cuts-infections-prevention
2025-12-01 23:43:05,122 - INFO - [The Guardian] Attempt 1/1: Trying with 'requests_browser' strategy...
2025-12-01 23:43:05,149 - INFO - [The Guardian] Success with 'requests_browser'. Found content (674 words).
2025-12-01 23:43:05,187 - INFO - Duplicate article skipped: Aid cuts have shaken HIV/Aids care to its core – and will mean millions more infections ahead | Global health | The Guardian from The Guardian
2025-12-01 23:43:06,205 - INFO - [BBC] Article: https://www.bbc.com/news/articles/cewjg272dq9o?at_medium=RSS&at_campaign=rss
2025-12-01 23:43:06,205 - INFO - [BBC] Attempt 1/1: Trying with 'requests_browser' strategy...
2025-12-01 23:43:06,235 - INFO - [BBC] Success with 'requests_browser'. Found content (582 words).
2025-12-01 23:43:06,264 - INFO - Duplicate article skipped: Alina Habba: Appeals court disqualifies ex-Trump lawyer as New Jersey prosecutor from BBC
2025-12-01 23:43:06,602 - INFO - [The Guardian] Article: https://www.theguardian.com/world/2025/nov/30/african-leaders-push-for-recognition-of-colonial-crimes-and-reparations
2025-12-01 23:43:06,602 - INFO - [The Guardian] Attempt 1/1: Trying with 'requests_browser' strategy...
2025-12-01 23:43:06,633 - INFO - [The Guardian] Success with 'requests_browser'. Found content (670 words).
2025-12-01 23:43:06,673 - INFO - Duplicate article skipped: African leaders push for recognition of colonial crimes and reparations | Colonialism | The Guardian from The Guardian
2025-12-01 23:43:07,394 - INFO - [The Guardian] Article: https://www.theguardian.com/world/2025/nov/28/jacob-zuma-daughter-resigns-claims-south-africans-tricked-fight-russia
2025-12-01 23:43:07,394 - INFO - [The Guardian] Attempt 1/1: Trying with 'requests_browser' strategy...
2025-12-01 23:43:07,424 - INFO - [The Guardian] Success with 'requests_browser'. Found content (753 words).
2025-12-01 23:43:07,455 - INFO - Duplicate article skipped: Jacob Zuma’s daughter resigns amid claims South Africans tricked to fight for Russia | South Africa | The Guardian from The Guardian
2025-12-01 23:43:07,567 - INFO - [BBC] Article: https://www.bbc.com/news/articles/czrk7g50e1po?at_medium=RSS&at_campaign=rss
2025-12-01 23:43:07,567 - INFO - [BBC] Attempt 1/1: Trying with 'requests_browser' strategy...
2025-12-01 23:43:07,598 - INFO - [BBC] Success with 'requests_browser'. Found content (1693 words).
2025-12-01 23:43:07,811 - INFO - Duplicate article skipped: WW1 toxic compound sprayed on Georgian protesters, BBC evidence suggests from BBC
2025-12-01 23:43:08,381 - INFO - [BBC] Article: https://www.bbc.com/news/articles/ckg9204y4w5o?at_medium=RSS&at_campaign=rss
2025-12-01 23:43:08,382 - INFO - [BBC] Attempt 1/1: Trying with 'requests_browser' strategy...
2025-12-01 23:43:08,416 - INFO - [BBC] Success with 'requests_browser'. Found content (682 words).
2025-12-01 23:43:08,449 - INFO - Duplicate article skipped: Anicet Ekane: Cameroon opposition firebrand dies in detention aged 74 from BBC
2025-12-01 23:43:08,568 - INFO - [The Guardian] Article: https://www.theguardian.com/environment/2025/nov/28/africa-forests-transformed-carbon-sink-carbon-source-study
2025-12-01 23:43:08,568 - INFO - [The Guardian] Attempt 1/1: Trying with 'requests_browser' strategy...
2025-12-01 23:43:08,600 - INFO - [The Guardian] Success with 'requests_browser'. Found content (458 words).
2025-12-01 23:43:08,636 - INFO - Duplicate article skipped: Africa’s forests transformed from carbon sink to carbon source, study finds | Climate crisis | The Guardian from The Guardian
2025-12-01 23:43:08,968 - INFO - [BBC] Article: https://www.bbc.com/news/articles/cx2dgp8mvmno?at_medium=RSS&at_campaign=rss
2025-12-01 23:43:08,968 - INFO - [BBC] Attempt 1/1: Trying with 'requests_browser' strategy...
2025-12-01 23:43:09,005 - INFO - [BBC] Success with 'requests_browser'. Found content (808 words).
2025-12-01 23:43:09,038 - INFO - Duplicate article skipped: Honduras election: presidential candidates locked in 'technical tie', official says from BBC
2025-12-01 23:43:09,612 - INFO - [The Guardian] Article: https://www.theguardian.com/us-news/live/2025/dec/01/donald-trump-pete-hegseth-caribbean-boats-venezuela-immigration-us-politics-latest-news-updates
2025-12-01 23:43:09,612 - INFO - [The Guardian] Attempt 1/1: Trying with 'requests_browser' strategy...
2025-12-01 23:43:09,786 - INFO - [BBC] Article: https://www.bbc.com/news/articles/c4g4enlp6kzo?at_medium=RSS&at_campaign=rss
2025-12-01 23:43:09,791 - INFO - [BBC] Attempt 1/1: Trying with 'requests_browser' strategy...
2025-12-01 23:43:09,846 - INFO - [The Guardian] Success with 'requests_browser'. Found content (2804 words).
2025-12-01 23:43:09,930 - INFO - Duplicate article skipped: White House says second strike on vessel was legal and conducted in ‘self defense’ amid scrutiny – live | Trump administration | The Guardian from The Guardian
2025-12-01 23:43:09,948 - INFO - [BBC] Success with 'requests_browser'. Found content (870 words).
2025-12-01 23:43:09,981 - INFO - Duplicate article skipped: Indonesia floods death toll passes 500 from BBC
2025-12-01 23:43:10,727 - INFO - [The Guardian] Article: https://www.theguardian.com/world/2025/dec/01/trump-maduro-ultimatum-relinquish-power-venezuela
2025-12-01 23:43:10,727 - INFO - [The Guardian] Attempt 1/1: Trying with 'requests_browser' strategy...
2025-12-01 23:43:10,761 - INFO - [The Guardian] Success with 'requests_browser'. Found content (533 words).
2025-12-01 23:43:10,801 - INFO - Duplicate article skipped: Trump reportedly gave Maduro ultimatum to relinquish power in Venezuela | Nicolás Maduro | The Guardian from The Guardian
2025-12-01 23:43:11,455 - INFO - [BBC] Article: https://www.bbc.com/news/articles/c79x8285n29o?at_medium=RSS&at_campaign=rss
2025-12-01 23:43:11,455 - INFO - [BBC] Attempt 1/1: Trying with 'requests_browser' strategy...
2025-12-01 23:43:11,486 - INFO - [BBC] Success with 'requests_browser'. Found content (439 words).
2025-12-01 23:43:11,518 - INFO - Duplicate article skipped: Nigeria's kidnap crisis: Pastor abducted in Kogi state and a bride in Sokoto from BBC
2025-12-01 23:43:11,678 - INFO - [The Guardian] Article: https://www.theguardian.com/world/2025/dec/01/mexico-kill-drug-trafficker-el-pichon-pedro-inzunza-coronel
2025-12-01 23:43:11,678 - INFO - [The Guardian] Attempt 1/1: Trying with 'requests_browser' strategy...
2025-12-01 23:43:11,703 - INFO - [The Guardian] Success with 'requests_browser'. Found content (385 words).
2025-12-01 23:43:11,732 - INFO - Duplicate article skipped: Mexican authorities kill one of country’s top fentanyl traffickers | Mexico | The Guardian from The Guardian
2025-12-01 23:43:12,672 - INFO - [BBC] Article: https://www.bbc.com/news/articles/cz0n1rm95yxo?at_medium=RSS&at_campaign=rss
2025-12-01 23:43:12,672 - INFO - [BBC] Attempt 1/1: Trying with 'requests_browser' strategy...
2025-12-01 23:43:12,718 - INFO - [BBC] Success with 'requests_browser'. Found content (254 words).
2025-12-01 23:43:12,751 - INFO - Duplicate article skipped: Peru landslide: 12 killed after two boats hit in Amazon rainforest from BBC
2025-12-01 23:43:12,949 - INFO - [The Guardian] Article: https://www.theguardian.com/us-news/2025/dec/01/trump-pardon-juan-orlando-hernandez-honduras-former-president
2025-12-01 23:43:12,949 - INFO - [The Guardian] Attempt 1/1: Trying with 'requests_browser' strategy...
2025-12-01 23:43:12,977 - INFO - [The Guardian] Success with 'requests_browser'. Found content (938 words).
2025-12-01 23:43:13,011 - INFO - Duplicate article skipped: Trump’s pardon of Honduras’s ex-president shows counter-drug effort is ‘based on lies and hypocrisy’ | US foreign policy | The Guardian from The Guardian
2025-12-01 23:43:13,533 - INFO - [BBC] Article: https://www.bbc.com/news/articles/c7vmn61l75ro?at_medium=RSS&at_campaign=rss
2025-12-01 23:43:13,533 - INFO - [BBC] Attempt 1/1: Trying with 'requests_browser' strategy...
2025-12-01 23:43:13,562 - INFO - [BBC] Success with 'requests_browser'. Found content (414 words).
2025-12-01 23:43:13,592 - INFO - Duplicate article skipped: Trump releases fraudster executive days into prison sentence from BBC
2025-12-01 23:43:13,920 - INFO - [The Guardian] Article: https://www.theguardian.com/world/2025/dec/01/haiti-armed-gangs-attack-artibonite
2025-12-01 23:43:13,920 - INFO - [The Guardian] Attempt 1/1: Trying with 'requests_browser' strategy...
2025-12-01 23:43:14,066 - INFO - [The Guardian] Success with 'requests_browser'. Found content (629 words).
2025-12-01 23:43:14,096 - INFO - Duplicate article skipped: Hundreds flee central Haiti after gangs launch large-scale attacks and burn homes | Haiti | The Guardian from The Guardian
2025-12-01 23:43:14,223 - INFO - [BBC] Article: https://www.bbc.com/news/articles/c5yd91y2250o?at_medium=RSS&at_campaign=rss
2025-12-01 23:43:14,223 - INFO - [BBC] Attempt 1/1: Trying with 'requests_browser' strategy...
2025-12-01 23:43:14,258 - INFO - [BBC] Success with 'requests_browser'. Found content (768 words).
2025-12-01 23:43:14,292 - INFO - Duplicate article skipped: Nonkululeko Mantula: South African radio presenter among five charged over Russia recruitment plot from BBC
2025-12-01 23:43:15,317 - INFO - [BBC] Article: https://www.bbc.com/news/articles/cj38xm5nmd7o?at_medium=RSS&at_campaign=rss
2025-12-01 23:43:15,317 - INFO - [BBC] Attempt 1/1: Trying with 'requests_browser' strategy...
2025-12-01 23:43:15,360 - INFO - [BBC] Success with 'requests_browser'. Found content (1138 words).
2025-12-01 23:43:15,393 - INFO - Duplicate article skipped: Tulip Siddiq MP says Bangladesh jail sentence is 'deeply unfair' from BBC
2025-12-01 23:43:15,448 - INFO - [The Guardian] Article: https://www.theguardian.com/world/2025/dec/01/asia-flood-sri-lanka-indonesia-deploy-military
2025-12-01 23:43:15,448 - INFO - [The Guardian] Attempt 1/1: Trying with 'requests_browser' strategy...
2025-12-01 23:43:15,488 - INFO - [The Guardian] Success with 'requests_browser'. Found content (759 words).
2025-12-01 23:43:15,544 - INFO - Duplicate article skipped: Sri Lanka and Indonesia deploy militaries as Asia floods death toll passes 1,100 | Asia Pacific | The Guardian from The Guardian
2025-12-01 23:43:16,015 - INFO - [BBC] Article: https://www.bbc.com/news/articles/cj01q6p7ndlo?at_medium=RSS&at_campaign=rss
2025-12-01 23:43:16,015 - INFO - [BBC] Attempt 1/1: Trying with 'requests_browser' strategy...
2025-12-01 23:43:16,074 - INFO - [BBC] Success with 'requests_browser'. Found content (409 words).
2025-12-01 23:43:16,105 - INFO - Duplicate article skipped: South Korea police say 120,000 home cameras hacked for 'sexploitation' footage from BBC
2025-12-01 23:43:16,269 - INFO - [The Guardian] Article: https://www.theguardian.com/world/live/2025/dec/01/death-toll-floods-indonesia-sri-lanka-malaysia-thailand-latest-updates-news-live
2025-12-01 23:43:16,269 - INFO - [The Guardian] Attempt 1/1: Trying with 'requests_browser' strategy...
2025-12-01 23:43:16,334 - INFO - [The Guardian] Success with 'requests_browser'. Found content (1015 words).
2025-12-01 23:43:16,617 - INFO - Duplicate article skipped: Death toll passes 1,100 in devastating floods across Indonesia, Sri Lanka, Malaysia and Thailand – as it happened | South and central Asia | The Guardian from The Guardian
2025-12-01 23:43:16,909 - INFO - Selenium driver initialized successfully.
2025-12-01 23:43:16,909 - INFO - Selenium driver initialized successfully.
2025-12-01 23:43:16,909 - INFO - Starting scrape for Times of India RSS feed: https://timesofindia.indiatimes.com/rssfeeds/296589292.cms
2025-12-01 23:43:16,909 - INFO - Starting scrape for The Hindu RSS feed: https://www.thehindu.com/news/national/feeder/default.rss
2025-12-01 23:43:17,037 - INFO - Found 100 articles in The Hindu RSS feed. Processing up to 20.
2025-12-01 23:43:17,038 - INFO - [The Hindu] Article: https://www.thehindu.com/news/national/west-bengal/bjp-demands-audit-of-125-crore-entries-made-in-sir-across-three-days-in-west-bengal/article70346132.ece
2025-12-01 23:43:17,038 - INFO - [The Hindu] Attempt 1/1: Trying with 'selenium_browser' strategy...
2025-12-01 23:43:17,101 - INFO - Found 20 articles in Times of India RSS feed. Processing up to 20.
2025-12-01 23:43:17,102 - INFO - [Times of India] Article: https://timesofindia.indiatimes.com/world/us-streamers/gambling-streamer-subo-assaulted-live-on-stream-by-mma-fighter-shovkhal-churchaev/articleshow/125704173.cms
2025-12-01 23:43:17,102 - INFO - [Times of India] Attempt 1/1: Trying with 'selenium_browser' strategy...
2025-12-01 23:43:17,288 - INFO - [The Guardian] Article: https://www.theguardian.com/news/2025/dec/01/hong-kong-arrests-manslaughter-apartment-fires
2025-12-01 23:43:17,288 - INFO - [The Guardian] Attempt 1/1: Trying with 'requests_browser' strategy...
2025-12-01 23:43:17,325 - INFO - [The Guardian] Success with 'requests_browser'. Found content (763 words).
2025-12-01 23:43:17,368 - INFO - Duplicate article skipped: Hong Kong arrests 13 on suspicion of manslaughter over apartment fires | Hong Kong apartment fires | The Guardian from The Guardian
2025-12-01 23:43:17,552 - INFO - [BBC] Article: https://www.bbc.com/news/articles/cp8zyp988zvo?at_medium=RSS&at_campaign=rss
2025-12-01 23:43:17,552 - INFO - [BBC] Attempt 1/1: Trying with 'requests_browser' strategy...
2025-12-01 23:43:17,586 - INFO - [BBC] Success with 'requests_browser'. Found content (847 words).
2025-12-01 23:43:17,629 - INFO - Duplicate article skipped: US lawmakers demand answers over Hegseth Venezuela boat strike reports from BBC
2025-12-01 23:43:18,571 - INFO - [BBC] Article: https://www.bbc.com/news/articles/c997n2zlegzo?at_medium=RSS&at_campaign=rss
2025-12-01 23:43:18,571 - INFO - [BBC] Attempt 1/1: Trying with 'requests_browser' strategy...
2025-12-01 23:43:18,573 - INFO - [The Guardian] Article: https://www.theguardian.com/world/2025/nov/30/indonesia-thailand-floods
2025-12-01 23:43:18,573 - INFO - [The Guardian] Attempt 1/1: Trying with 'requests_browser' strategy...
2025-12-01 23:43:18,650 - INFO - [The Guardian] Success with 'requests_browser'. Found content (998 words).
2025-12-01 23:43:18,727 - INFO - [BBC] Success with 'requests_browser'. Found content (653 words).
2025-12-01 23:43:18,733 - INFO - Duplicate article skipped: Death toll passes 900 in Indonesia, Thailand and Sri Lanka floods | Extreme weather | The Guardian from The Guardian
2025-12-01 23:43:18,781 - INFO - Duplicate article skipped: One Piece: Japanese singer Maki Otsuki stopped mid-show after China row from BBC
2025-12-01 23:43:19,858 - INFO - [BBC] Article: https://www.bbc.com/news/articles/c075zd0j2j3o?at_medium=RSS&at_campaign=rss
2025-12-01 23:43:19,858 - INFO - [BBC] Attempt 1/1: Trying with 'requests_browser' strategy...
2025-12-01 23:43:19,938 - INFO - [BBC] Success with 'requests_browser'. Found content (316 words).
2025-12-01 23:43:19,995 - INFO - Duplicate article skipped: Couple accused of cheating with spycam to win A$1.2m in Australian casino from BBC
2025-12-01 23:43:20,207 - INFO - [The Guardian] Article: https://www.theguardian.com/world/2025/nov/30/hong-kong-mourns-as-apartment-blaze-death-toll-rises
2025-12-01 23:43:20,207 - INFO - [The Guardian] Attempt 1/1: Trying with 'requests_browser' strategy...
2025-12-01 23:43:20,343 - INFO - [The Guardian] Success with 'requests_browser'. Found content (697 words).
2025-12-01 23:43:20,452 - INFO - Duplicate article skipped: Hong Kong mourns as apartment fire death toll rises to 146 | Hong Kong apartment fires | The Guardian from The Guardian
2025-12-01 23:43:20,949 - INFO - [BBC] Article: https://www.bbc.com/news/articles/c4gv76r5qpvo?at_medium=RSS&at_campaign=rss
2025-12-01 23:43:20,949 - INFO - [BBC] Attempt 1/1: Trying with 'requests_browser' strategy...
2025-12-01 23:43:21,035 - INFO - [BBC] Success with 'requests_browser'. Found content (647 words).
2025-12-01 23:43:21,156 - INFO - Duplicate article skipped: Benjamin Netanyahu seeks pardon from Israel's president from BBC
2025-12-01 23:43:21,917 - INFO - [The Guardian] Article: https://www.theguardian.com/australia-news/live/2025/dec/02/australia-news-live-one-nation-liberal-coalition-barnaby-joyce-pauline-hanson-budget-estimates-labor-ai-plan-ntwnfb
2025-12-01 23:43:21,917 - INFO - [The Guardian] Attempt 1/1: Trying with 'requests_browser' strategy...
2025-12-01 23:43:22,025 - INFO - [BBC] Article: https://www.bbc.com/news/articles/c79x8x82gy4o?at_medium=RSS&at_campaign=rss
2025-12-01 23:43:22,025 - INFO - [BBC] Attempt 1/1: Trying with 'requests_browser' strategy...
2025-12-01 23:43:22,211 - INFO - [BBC] Success with 'requests_browser'. Found content (518 words).
2025-12-01 23:43:22,391 - INFO - Duplicate article skipped: Ludwig Minelli: Dignitas founder dies by assisted suicide aged 92, group says from BBC
2025-12-01 23:43:22,399 - INFO - [The Guardian] Success with 'requests_browser'. Found content (1675 words).
2025-12-01 23:43:22,421 - INFO - [The Hindu] Page content loaded.
2025-12-01 23:43:22,565 - INFO - Duplicate article skipped: Australia news live: new AI safety institute will ‘crack down hard’ on tech companies if required, Ayres says | Australia news | The Guardian from The Guardian
2025-12-01 23:43:22,685 - INFO - [The Hindu] Success with 'selenium_browser'. Found content (503 words).
2025-12-01 23:43:22,869 - INFO - Duplicate article skipped: BJP demands audit of 1.25 crore entries made in SIR across three days in West Bengal - The Hindu from The Hindu
2025-12-01 23:43:23,304 - INFO - [BBC] Article: https://www.bbc.com/news/articles/cp34yk7z6yxo?at_medium=RSS&at_campaign=rss
2025-12-01 23:43:23,304 - INFO - [BBC] Attempt 1/1: Trying with 'requests_browser' strategy...
2025-12-01 23:43:23,377 - INFO - [The Guardian] Article: https://www.theguardian.com/australia-news/2025/dec/02/scathing-jobs-for-mates-review-finds-appointments-to-government-boards-routinely-abused
2025-12-01 23:43:23,377 - INFO - [The Guardian] Attempt 1/1: Trying with 'requests_browser' strategy...
2025-12-01 23:43:23,497 - INFO - [The Hindu] Article: https://www.thehindu.com/news/national/indian-armed-forces-to-procure-more-satellite-linked-heron-mk-ii-uavs-under-emergency-procurement/article70346863.ece
2025-12-01 23:43:23,497 - INFO - [The Hindu] Attempt 1/1: Trying with 'selenium_browser' strategy...
2025-12-01 23:43:23,522 - INFO - [The Guardian] Success with 'requests_browser'. Found content (704 words).
2025-12-01 23:43:23,543 - INFO - [BBC] Success with 'requests_browser'. Found content (713 words).
2025-12-01 23:43:23,748 - INFO - Duplicate article skipped: Hong Kong fire: Death toll rises to 146 as thousands pay their respects from BBC
2025-12-01 23:43:23,750 - INFO - Duplicate article skipped: Scathing ‘jobs for mates’ review finds appointments to government boards routinely abused | Australian politics | The Guardian from The Guardian
2025-12-01 23:43:24,666 - INFO - [BBC] Article: https://www.bbc.com/news/articles/cp9ky5z2gx0o?at_medium=RSS&at_campaign=rss
2025-12-01 23:43:24,666 - INFO - [BBC] Attempt 1/1: Trying with 'requests_browser' strategy...
2025-12-01 23:43:24,831 - INFO - [BBC] Success with 'requests_browser'. Found content (508 words).
2025-12-01 23:43:24,864 - INFO - [The Guardian] Article: https://www.theguardian.com/australia-news/2025/dec/01/victoria-may-ban-unnecessary-surgery-intersex-children
2025-12-01 23:43:24,870 - INFO - [The Guardian] Attempt 1/1: Trying with 'requests_browser' strategy...
2025-12-01 23:43:25,063 - INFO - Duplicate article skipped: Ukraine hits tankers in Black Sea in escalation against Russia from BBC
2025-12-01 23:43:25,082 - INFO - [The Guardian] Success with 'requests_browser'. Found content (661 words).
2025-12-01 23:43:25,181 - INFO - Duplicate article skipped: Victoria could become first Australian state to ban unnecessary surgery on intersex children | Victorian politics | The Guardian from The Guardian
2025-12-01 23:43:26,149 - INFO - [BBC] Article: https://www.bbc.com/news/articles/cvg81p61dnmo?at_medium=RSS&at_campaign=rss
2025-12-01 23:43:26,149 - INFO - [BBC] Attempt 1/1: Trying with 'requests_browser' strategy...
2025-12-01 23:43:26,239 - INFO - [BBC] Success with 'requests_browser'. Found content (583 words).
2025-12-01 23:43:26,891 - INFO - [The Guardian] Article: https://www.theguardian.com/environment/2025/dec/01/south-australia-oyster-shell-donation-reef-restoration
2025-12-01 23:43:26,891 - INFO - [The Guardian] Attempt 1/1: Trying with 'requests_browser' strategy...
2025-12-01 23:43:26,900 - INFO - Duplicate article skipped: Three children among four killed in Stockton, California, shooting from BBC
2025-12-01 23:43:26,975 - INFO - [The Guardian] Success with 'requests_browser'. Found content (713 words).
2025-12-01 23:43:27,077 - INFO - Duplicate article skipped: Get shucking: South Australians urged to eat oysters and donate shells for reef restoration project | Marine life | The Guardian from The Guardian
2025-12-01 23:43:28,200 - INFO - [The Guardian] Article: https://www.theguardian.com/australia-news/2025/dec/01/instagram-age-verification-u16-social-media-ban-australia-moustache
2025-12-01 23:43:28,200 - INFO - [The Guardian] Attempt 1/1: Trying with 'requests_browser' strategy...
2025-12-01 23:43:28,295 - INFO - [The Guardian] Success with 'requests_browser'. Found content (623 words).
2025-12-01 23:43:28,392 - INFO - Duplicate article skipped: Instagram’s age-verification identified a moustachioed adult as over 16 – but how did it go with a 13-year-old? | Social media ban | The Guardian from The Guardian
2025-12-01 23:43:30,777 - INFO - [The Hindu] Page content loaded.
2025-12-01 23:43:30,976 - INFO - [The Hindu] Success with 'selenium_browser'. Found content (392 words).
2025-12-01 23:43:31,209 - INFO - Duplicate article skipped: Indian armed forces to procure more satellite-linked Heron Mk II UAVs under emergency procurement - The Hindu from The Hindu
2025-12-01 23:43:32,320 - INFO - [The Hindu] Article: https://www.thehindu.com/opinion/op-ed/the-aiadmk-is-on-a-weak-footing/article70345464.ece
2025-12-01 23:43:32,320 - INFO - [The Hindu] Attempt 1/1: Trying with 'selenium_browser' strategy...
2025-12-01 23:43:38,194 - WARNING - [Times of India] Page timed out (10s). No <p> tags found. Proceeding anyway.
2025-12-01 23:43:38,826 - INFO - [Times of India] Success with 'selenium_browser'. Found content (378 words).
2025-12-01 23:43:39,143 - INFO - Duplicate article skipped: Gambling streamer Subo assaulted live on stream by MMA fighter Shovkhal Churchaev - The Times of India from Times of India
2025-12-01 23:43:39,920 - INFO - [Times of India] Article: https://timesofindia.indiatimes.com/world/us/excellent-overall-health-white-house-releases-donald-trumps-mri-exam-amid-speculations/articleshow/125703794.cms
2025-12-01 23:43:39,920 - INFO - [Times of India] Attempt 1/1: Trying with 'selenium_browser' strategy...
2025-12-01 23:43:41,932 - INFO - [Times of India] Page content loaded.
2025-12-01 23:43:42,386 - INFO - [Times of India] Success with 'selenium_browser'. Found content (266 words).
2025-12-01 23:43:42,572 - INFO - Duplicate article skipped: 'Excellent overall health': White House releases Donald Trump's MRI exam amid speculations - The Times of India from Times of India
2025-12-01 23:43:43,478 - INFO - [Times of India] Article: https://timesofindia.indiatimes.com/world/us/how-exactly-is-shivon-zilis-indian/articleshow/125703381.cms
2025-12-01 23:43:43,478 - INFO - [Times of India] Attempt 1/1: Trying with 'selenium_browser' strategy...
2025-12-01 23:43:43,644 - INFO - [The Hindu] Page content loaded.
2025-12-01 23:43:43,861 - INFO - [The Hindu] Success with 'selenium_browser'. Found content (740 words).
2025-12-01 23:43:44,030 - INFO - Duplicate article skipped: The AIADMK is on a weak footing - The Hindu from The Hindu
2025-12-01 23:43:44,905 - INFO - [The Hindu] Article: https://www.thehindu.com/news/national/madhya-pradesh/plea-in-indore-court-seeks-fir-against-ias-santosh-verma-over-controversial-remarks/article70346369.ece
2025-12-01 23:43:44,905 - INFO - [The Hindu] Attempt 1/1: Trying with 'selenium_browser' strategy...
2025-12-01 23:43:46,867 - INFO - [The Hindu] Page content loaded.
2025-12-01 23:43:47,144 - INFO - [The Hindu] Success with 'selenium_browser'. Found content (314 words).
2025-12-01 23:43:47,222 - INFO - Duplicate article skipped: Plea in Indore court seeks FIR against IAS Santosh Verma over controversial remarks - The Hindu from The Hindu
2025-12-01 23:43:47,987 - INFO - [The Hindu] Article: https://www.thehindu.com/news/national/haryana/manesar-violence-terminated-maruti-workers-petition-for-reinstatement-junked/article70347036.ece
2025-12-01 23:43:47,987 - INFO - [The Hindu] Attempt 1/1: Trying with 'selenium_browser' strategy...
2025-12-01 23:43:50,162 - INFO - [The Hindu] Page content loaded.
2025-12-01 23:43:50,259 - INFO - [The Hindu] Success with 'selenium_browser'. Found content (383 words).
2025-12-01 23:43:50,378 - INFO - Duplicate article skipped: Manesar violence: terminated Maruti worker’s petition for reinstatement junked - The Hindu from The Hindu
2025-12-01 23:43:50,988 - INFO - [The Hindu] Article: https://www.thehindu.com/news/national/karnataka/no-compromise-on-pourakarmika-rights-says-safai-karmachari-commission-chief/article70346157.ece
2025-12-01 23:43:50,988 - INFO - [The Hindu] Attempt 1/1: Trying with 'selenium_browser' strategy...
2025-12-01 23:43:51,936 - INFO - [The Hindu] Page content loaded.
2025-12-01 23:43:52,020 - INFO - [The Hindu] Success with 'selenium_browser'. Found content (134 words).
2025-12-01 23:43:52,092 - INFO - Duplicate article skipped: No compromise on pourakarmika rights, says Safai Karmachari Commission Chief - The Hindu from The Hindu
2025-12-01 23:43:52,715 - INFO - [Times of India] Page content loaded.
2025-12-01 23:43:53,487 - INFO - [The Hindu] Article: https://www.thehindu.com/news/national/karnataka/clear-e-khata-applications-quickly-gba-chief-tells-officials/article70346105.ece
2025-12-01 23:43:53,487 - INFO - [The Hindu] Attempt 1/1: Trying with 'selenium_browser' strategy...
2025-12-01 23:43:55,251 - INFO - [Times of India] Success with 'selenium_browser'. Found content (601 words).
2025-12-01 23:43:55,506 - INFO - Duplicate article skipped: How exactly is Shivon Zilis “Indian”? | World News - The Times of India from Times of India
2025-12-01 23:43:56,309 - INFO - [Times of India] Article: https://timesofindia.indiatimes.com/world/us-streamers/why-meatcanyon-was-banned-and-unbanned-on-twitch-in-november-2025/articleshow/125703149.cms
2025-12-01 23:43:56,309 - INFO - [Times of India] Attempt 1/1: Trying with 'selenium_browser' strategy...
2025-12-01 23:43:58,597 - INFO - [The Hindu] Page content loaded.
2025-12-01 23:43:58,684 - INFO - [The Hindu] Success with 'selenium_browser'. Found content (241 words).
2025-12-01 23:43:58,764 - INFO - Duplicate article skipped: Clear e-Khata applications quickly, GBA Chief tells officials - The Hindu from The Hindu
2025-12-01 23:43:59,557 - INFO - [The Hindu] Article: https://www.thehindu.com/news/national/karnataka/former-mla-and-congress-leader-rv-devaraj-passes-away/article70347016.ece
2025-12-01 23:43:59,557 - INFO - [The Hindu] Attempt 1/1: Trying with 'selenium_browser' strategy...
2025-12-01 23:44:01,016 - INFO - [The Hindu] Page content loaded.
2025-12-01 23:44:01,251 - INFO - [The Hindu] Success with 'selenium_browser'. Found content (97 words).
2025-12-01 23:44:01,451 - INFO - Duplicate article skipped: Former MLA and Congress leader R.V. Devaraj passes away - The Hindu from The Hindu
2025-12-01 23:44:02,744 - INFO - [The Hindu] Article: https://www.thehindu.com/news/national/west-bengal/abhishek-refutes-allegations-of-contesting-2026-assembly-polls-from-nandigram/article70346540.ece
2025-12-01 23:44:02,744 - INFO - [The Hindu] Attempt 1/1: Trying with 'selenium_browser' strategy...
2025-12-01 23:44:04,239 - INFO - [The Hindu] Page content loaded.
2025-12-01 23:44:04,914 - INFO - [The Hindu] Success with 'selenium_browser'. Found content (436 words).
2025-12-01 23:44:05,368 - INFO - Duplicate article skipped: Abhishek refutes allegations of contesting 2026 Assembly polls from Nandigram - The Hindu from The Hindu
2025-12-01 23:44:05,932 - INFO - [The Hindu] Article: https://www.thehindu.com/sci-tech/health/new-hiv-cases-highest-in-mizoram-fresh-infections-drop-nationally-by-48-from-2010-2024-report/article70345985.ece
2025-12-01 23:44:05,932 - INFO - [The Hindu] Attempt 1/1: Trying with 'selenium_browser' strategy...
2025-12-01 23:44:06,745 - INFO - [The Hindu] Page content loaded.
2025-12-01 23:44:06,833 - INFO - [The Hindu] Success with 'selenium_browser'. Found content (409 words).
2025-12-01 23:44:06,912 - INFO - Duplicate article skipped: New HIV cases highest in Mizoram; fresh infections drop nationally by 48% from 2010-2024: report - The Hindu from The Hindu
2025-12-01 23:44:08,007 - WARNING - [Times of India] Page timed out (10s). No <p> tags found. Proceeding anyway.
2025-12-01 23:44:08,199 - INFO - [Times of India] Success with 'selenium_browser'. Found content (399 words).
2025-12-01 23:44:08,284 - INFO - Duplicate article skipped: Why MeatCanyon was banned and unbanned on Twitch in November 2025 - The Times of India from Times of India
2025-12-01 23:44:08,410 - INFO - [The Hindu] Article: https://www.thehindu.com/news/cities/chennai/aavin-hikes-price-of-ghee-to-700-a-kg/article70346656.ece
2025-12-01 23:44:08,410 - INFO - [The Hindu] Attempt 1/1: Trying with 'selenium_browser' strategy...
2025-12-01 23:44:09,186 - INFO - [Times of India] Article: https://timesofindia.indiatimes.com/world/us/kash-patel-threw-tantrums-during-charlie-kirk-investigation-didnt-leave-plane-without-fbi-jacket-report/articleshow/125703042.cms
2025-12-01 23:44:09,186 - INFO - [Times of India] Attempt 1/1: Trying with 'selenium_browser' strategy...
2025-12-01 23:44:09,324 - INFO - [The Hindu] Page content loaded.
2025-12-01 23:44:09,424 - INFO - [The Hindu] Success with 'selenium_browser'. Found content (303 words).
2025-12-01 23:44:09,486 - INFO - Duplicate article skipped: Aavin hikes price of ghee to ₹700 a kg - The Hindu from The Hindu
2025-12-01 23:44:10,760 - INFO - [Times of India] Page content loaded.
2025-12-01 23:44:10,841 - INFO - [The Hindu] Article: https://www.thehindu.com/news/cities/chennai/ramadoss-led-pmks-protest-against-eci-put-off-due-to-rain/article70346705.ece
2025-12-01 23:44:10,842 - INFO - [The Hindu] Attempt 1/1: Trying with 'selenium_browser' strategy...
2025-12-01 23:44:10,869 - INFO - [Times of India] Success with 'selenium_browser'. Found content (340 words).
2025-12-01 23:44:10,949 - INFO - Duplicate article skipped: Kash Patel threw tantrums during Charlie Kirk investigation, didn't leave plane without 'FBI' jacket: Report - The Times of India from Times of India
2025-12-01 23:44:12,053 - INFO - [The Hindu] Page content loaded.
2025-12-01 23:44:12,287 - INFO - [The Hindu] Success with 'selenium_browser'. Found content (163 words).
2025-12-01 23:44:12,386 - INFO - Duplicate article skipped: Ramadoss-led PMK’s protest against ECI put off due to rain - The Hindu from The Hindu
2025-12-01 23:44:12,394 - INFO - [Times of India] Article: https://timesofindia.indiatimes.com/etimes/trending/nuclear-war-expert-explains-why-australia-and-new-zealand-may-be-the-last-places-left-standing-after-ww3/articleshow/125697217.cms
2025-12-01 23:44:12,394 - INFO - [Times of India] Attempt 1/1: Trying with 'selenium_browser' strategy...
2025-12-01 23:44:13,659 - INFO - [The Hindu] Article: https://www.thehindu.com/news/national/karnataka/insect-in-restaurant-food-customer-files-counter-complaint/article70346904.ece
2025-12-01 23:44:13,659 - INFO - [The Hindu] Attempt 1/1: Trying with 'selenium_browser' strategy...
2025-12-01 23:44:16,625 - INFO - [The Hindu] Page content loaded.
2025-12-01 23:44:16,694 - INFO - [The Hindu] Success with 'selenium_browser'. Found content (208 words).
2025-12-01 23:44:16,754 - INFO - Duplicate article skipped: Insect in restaurant food: Customer files complaint after five months - The Hindu from The Hindu
2025-12-01 23:44:17,974 - INFO - [The Hindu] Article: https://www.thehindu.com/news/national/delhi-blast-probe-nia-searches-nine-locations-in-jammu-and-kashmir-uttar-pradesh/article70346712.ece
2025-12-01 23:44:17,974 - INFO - [The Hindu] Attempt 1/1: Trying with 'selenium_browser' strategy...
2025-12-01 23:44:19,253 - INFO - [The Hindu] Page content loaded.
2025-12-01 23:44:19,324 - INFO - [The Hindu] Success with 'selenium_browser'. Found content (201 words).
2025-12-01 23:44:19,454 - INFO - Duplicate article skipped: Delhi blast probe: NIA searches nine locations in Jammu and Kashmir, Uttar Pradesh - The Hindu from The Hindu
2025-12-01 23:44:20,902 - INFO - [The Hindu] Article: https://www.thehindu.com/news/national/tamil-nadu/congress-seat-sharing-team-to-hold-talks-with-stalin-on-december-3/article70346491.ece
2025-12-01 23:44:20,902 - INFO - [The Hindu] Attempt 1/1: Trying with 'selenium_browser' strategy...
2025-12-01 23:44:22,795 - INFO - [The Hindu] Page content loaded.
2025-12-01 23:44:22,847 - INFO - [The Hindu] Success with 'selenium_browser'. Found content (119 words).
2025-12-01 23:44:22,911 - INFO - Duplicate article skipped: Congress’ seat sharing team to hold talks with Stalin on December 3 - The Hindu from The Hindu
2025-12-01 23:44:23,489 - INFO - [The Hindu] Article: https://www.thehindu.com/news/national/kerala/finally-lottulodukku-and-gulgulmaal-win-something-albeit-on-a-cricket-turf/article70344818.ece
2025-12-01 23:44:23,489 - INFO - [The Hindu] Attempt 1/1: Trying with 'selenium_browser' strategy...
2025-12-01 23:44:24,376 - INFO - [The Hindu] Page content loaded.
2025-12-01 23:44:24,493 - INFO - [The Hindu] Success with 'selenium_browser'. Found content (401 words).
2025-12-01 23:44:24,579 - INFO - Duplicate article skipped: Finally Lottulodukku and Gulgulmaal win something, albeit on a cricket turf - The Hindu from The Hindu
2025-12-01 23:44:25,876 - INFO - [The Hindu] Article: https://www.thehindu.com/news/national/kerala/can-paravur-break-with-the-past-by-ending-political-deadlock/article70335076.ece
2025-12-01 23:44:25,876 - INFO - [The Hindu] Attempt 1/1: Trying with 'selenium_browser' strategy...
2025-12-01 23:44:26,755 - WARNING - [Times of India] Page timed out (10s). No <p> tags found. Proceeding anyway.
2025-12-01 23:44:26,963 - INFO - [Times of India] Success with 'selenium_browser'. Found content (1834 words).
2025-12-01 23:44:27,070 - INFO - Duplicate article skipped: Nuclear war expert explains why Australia and New Zealand may be the last places left standing after WW3 | - The Times of India from Times of India
2025-12-01 23:44:27,706 - INFO - [The Hindu] Page content loaded.
2025-12-01 23:44:27,759 - INFO - [The Hindu] Success with 'selenium_browser'. Found content (412 words).
2025-12-01 23:44:27,810 - INFO - Duplicate article skipped: Can Paravur break with the past by ending political deadlock? - The Hindu from The Hindu
2025-12-01 23:44:28,269 - INFO - [Times of India] Article: https://timesofindia.indiatimes.com/world/us/two-of-his-three-wives-were-immigrants-it-union-leaders-speech-viral-maga-says-indian-tech-cartel-openly-bullying-trump/articleshow/125700770.cms
2025-12-01 23:44:28,269 - INFO - [Times of India] Attempt 1/1: Trying with 'selenium_browser' strategy...
2025-12-01 23:44:28,388 - INFO - [The Hindu] Article: https://www.thehindu.com/news/national/modi-promises-all-possible-support-for-ailing-khaleda-zia/article70346786.ece
2025-12-01 23:44:28,388 - INFO - [The Hindu] Attempt 1/1: Trying with 'selenium_browser' strategy...
2025-12-01 23:44:29,317 - INFO - [The Hindu] Page content loaded.
2025-12-01 23:44:29,439 - INFO - [The Hindu] Success with 'selenium_browser'. Found content (382 words).
2025-12-01 23:44:29,985 - INFO - Duplicate article skipped: Modi promises ‘all possible support’ for ailing Khaleda Zia - The Hindu from The Hindu
2025-12-01 23:44:30,176 - INFO - [Times of India] Page content loaded.
2025-12-01 23:44:30,551 - INFO - [Times of India] Success with 'selenium_browser'. Found content (438 words).
2025-12-01 23:44:30,643 - INFO - Duplicate article skipped: 'Two of his three wives were immigrants': Indian-origin woman's speech viral; MAGA says tech cartel openly bullying Trump - The Times of India from Times of India
2025-12-01 23:44:31,375 - INFO - [The Hindu] Article: https://www.thehindu.com/news/national/tamil-nadu/baashyaam-group-completes-landmark-1212-crore-land-purchase-in-nungambakkam/article70346288.ece
2025-12-01 23:44:31,375 - INFO - [The Hindu] Attempt 1/1: Trying with 'selenium_browser' strategy...
2025-12-01 23:44:31,417 - INFO - [Times of India] Article: https://timesofindia.indiatimes.com/world/us-streamers/candace-owens-net-worth-in-2025-podcast-earnings-career-charlie-kirk-controversy-and-more/articleshow/125699537.cms
2025-12-01 23:44:31,417 - INFO - [Times of India] Attempt 1/1: Trying with 'selenium_browser' strategy...
2025-12-01 23:44:33,220 - INFO - [Times of India] Page content loaded.
2025-12-01 23:44:33,343 - INFO - [Times of India] Success with 'selenium_browser'. Found content (443 words).
2025-12-01 23:44:33,430 - INFO - Duplicate article skipped: Candace Owens net worth in 2025: Podcast earnings, career, Charlie Kirk controversy and more - The Times of India from Times of India
2025-12-01 23:44:34,306 - INFO - [The Hindu] Page content loaded.
2025-12-01 23:44:34,384 - INFO - [The Hindu] Success with 'selenium_browser'. Found content (171 words).
2025-12-01 23:44:34,462 - INFO - Duplicate article skipped: Baashyaam Group completes landmark ₹1,212-crore land purchase in Nungambakkam - The Hindu from The Hindu
2025-12-01 23:44:34,836 - INFO - [Times of India] Article: https://timesofindia.indiatimes.com/world/us/luigi-mangione-appears-in-court-seeks-key-evidence-including-diary-gun-tossed-from-state-murder-case/articleshow/125699809.cms
2025-12-01 23:44:34,836 - INFO - [Times of India] Attempt 1/1: Trying with 'selenium_browser' strategy...
2025-12-01 23:44:35,249 - INFO - [The Hindu] Article: https://www.thehindu.com/news/national/andhra-pradesh/lokesh-anitha-in-delhi-for-talks-on-cyclone-impact-and-pending-issues/article70346624.ece
2025-12-01 23:44:35,249 - INFO - [The Hindu] Attempt 1/1: Trying with 'selenium_browser' strategy...
2025-12-01 23:44:36,749 - INFO - [The Hindu] Page content loaded.
2025-12-01 23:44:37,135 - INFO - [The Hindu] Success with 'selenium_browser'. Found content (103 words).
2025-12-01 23:44:37,255 - INFO - Duplicate article skipped: Lokesh, Anitha in Delhi for talks on cyclone impact and pending issues - The Hindu from The Hindu
2025-12-01 23:44:38,530 - INFO - [The Hindu] (Thread) Finished. Attempting to shut down its Selenium driver.
2025-12-01 23:44:38,813 - INFO - [The Hindu] (Thread) driver.quit() successful.
2025-12-01 23:44:40,102 - INFO - [Times of India] Page content loaded.
2025-12-01 23:44:40,270 - INFO - [Times of India] Success with 'selenium_browser'. Found content (291 words).
2025-12-01 23:44:40,370 - INFO - Duplicate article skipped: Luigi Mangione appears in court, seeks key evidence including diary, gun tossed from state murder case - The Times of India from Times of India
2025-12-01 23:44:41,563 - INFO - [Times of India] Article: https://timesofindia.indiatimes.com/world/us-streamers/who-is-jay-ma-influencer-goes-viral-after-louis-vuitton-cafe-clip-sparks-talk-about-jack-ma-link/articleshow/125699099.cms
2025-12-01 23:44:41,564 - INFO - [Times of India] Attempt 1/1: Trying with 'selenium_browser' strategy...
2025-12-01 23:44:42,817 - INFO - [Times of India] Page content loaded.
2025-12-01 23:44:42,919 - INFO - [Times of India] Success with 'selenium_browser'. Found content (398 words).
2025-12-01 23:44:42,968 - INFO - Duplicate article skipped: Who is Jay Ma? Influencer goes viral after Louis Vuitton Cafe clip sparks talk about Jack Ma link - The Times of India from Times of India
2025-12-01 23:44:43,520 - INFO - [Times of India] Article: https://timesofindia.indiatimes.com/world/us/patel-motel-everywhere-you-have-lost-pak-origin-writer-wajahat-alis-rant-goes-viral-as-trump-targets-third-world-countries/articleshow/125699043.cms
2025-12-01 23:44:43,520 - INFO - [Times of India] Attempt 1/1: Trying with 'selenium_browser' strategy...
2025-12-01 23:44:44,975 - INFO - [Times of India] Page content loaded.
2025-12-01 23:44:45,115 - INFO - [Times of India] Success with 'selenium_browser'. Found content (507 words).
2025-12-01 23:44:45,169 - INFO - Duplicate article skipped: 'Patel motel everywhere, you have lost': Pak-origin writer Wajahat Ali's rant goes viral as Trump targets 'third-world countries' - The Times of India from Times of India
2025-12-01 23:44:46,436 - INFO - [Times of India] Article: https://timesofindia.indiatimes.com/world/us-streamers/mike-majlak-fights-rumor-with-strong-clip-as-stevewilldoit-is-seen-taking-tequila-from-manager-during-impaulsive-podcast/articleshow/125698183.cms
2025-12-01 23:44:46,436 - INFO - [Times of India] Attempt 1/1: Trying with 'selenium_browser' strategy...
2025-12-01 23:44:47,954 - INFO - [Times of India] Page content loaded.
2025-12-01 23:44:48,064 - INFO - [Times of India] Success with 'selenium_browser'. Found content (393 words).
2025-12-01 23:44:48,118 - INFO - Duplicate article skipped: Mike Majlak fights rumor with strong clip as SteveWillDoIt is seen taking tequila from manager during Impaulsive podcast - The Times of India from Times of India
2025-12-01 23:44:48,984 - INFO - [Times of India] Article: https://timesofindia.indiatimes.com/world/us-streamers/this-is-so-stupid-inside-the-controversy-over-zentreyas-new-model-and-the-accusations-fueling-it/articleshow/125697224.cms
2025-12-01 23:44:48,984 - INFO - [Times of India] Attempt 1/1: Trying with 'selenium_browser' strategy...
2025-12-01 23:44:59,957 - WARNING - [Times of India] Page timed out (10s). No <p> tags found. Proceeding anyway.
2025-12-01 23:45:00,147 - INFO - [Times of India] Success with 'selenium_browser'. Found content (392 words).
2025-12-01 23:45:00,228 - INFO - Duplicate article skipped: “This is so stupid”: Inside the controversy over Zentreya’s new model and the accusations fueling it - The Times of India from Times of India
2025-12-01 23:45:01,094 - INFO - [Times of India] Article: https://timesofindia.indiatimes.com/world/us/throw-her-the-hell-out-of-our-country-could-ilhan-omar-be-deported-for-marrying-her-brother/articleshow/125697306.cms
2025-12-01 23:45:01,094 - INFO - [Times of India] Attempt 1/1: Trying with 'selenium_browser' strategy...
2025-12-01 23:45:01,972 - INFO - [Times of India] Page content loaded.
2025-12-01 23:45:02,111 - INFO - [Times of India] Success with 'selenium_browser'. Found content (428 words).
2025-12-01 23:45:02,183 - INFO - Duplicate article skipped: 'Throw her out of our country': Could Ilhan Omar be deported for 'marrying her brother'? - The Times of India from Times of India
2025-12-01 23:45:03,550 - INFO - [Times of India] Article: https://timesofindia.indiatimes.com/world/us/self-deport-now-ice-issues-warning-as-donald-trump-cracks-down-on-somalis/articleshow/125696759.cms
2025-12-01 23:45:03,550 - INFO - [Times of India] Attempt 1/1: Trying with 'selenium_browser' strategy...
2025-12-01 23:45:05,012 - INFO - [Times of India] Page content loaded.
2025-12-01 23:45:05,180 - INFO - [Times of India] Success with 'selenium_browser'. Found content (360 words).
2025-12-01 23:45:05,248 - INFO - Duplicate article skipped: 'Self-deport now': ICE issues warning as Donald Trump cracks down on Somalis - The Times of India from Times of India
2025-12-01 23:45:05,829 - INFO - [Times of India] Article: https://timesofindia.indiatimes.com/world/us/kash-patels-girlfriend-alexis-wilkins-speaks-up-on-h-1b-row-we-do-not-want-this/articleshow/125695226.cms
2025-12-01 23:45:05,829 - INFO - [Times of India] Attempt 1/1: Trying with 'selenium_browser' strategy...
2025-12-01 23:45:06,991 - INFO - [Times of India] Page content loaded.
2025-12-01 23:45:07,128 - INFO - [Times of India] Success with 'selenium_browser'. Found content (400 words).
2025-12-01 23:45:07,443 - INFO - Duplicate article skipped: Kash Patel's girlfriend Alexis Wilkins speaks up on H-1B row: 'We do not want this' - The Times of India from Times of India
2025-12-01 23:45:08,707 - INFO - [Times of India] Article: https://timesofindia.indiatimes.com/world/us/man-who-beheaded-indin-origin-motel-owner-in-texas-wont-face-death-penalty-prosecution-goes-soft-on-cuban-murderer/articleshow/125694464.cms
2025-12-01 23:45:08,707 - INFO - [Times of India] Attempt 1/1: Trying with 'selenium_browser' strategy...
2025-12-01 23:45:09,873 - INFO - [Times of India] Page content loaded.
2025-12-01 23:45:09,988 - INFO - [Times of India] Success with 'selenium_browser'. Found content (410 words).
2025-12-01 23:45:10,078 - INFO - Duplicate article skipped: Man who beheaded Indian-origin motel owner in Texas won't face death penalty; prosecution goes soft on Cuban murderer - The Times of India from Times of India
2025-12-01 23:45:10,713 - INFO - [Times of India] Article: https://timesofindia.indiatimes.com/world/us/cory-booker-weds-alexis-lewis-decoding-the-homosexuality-rumours-that-have-persisted-for-long/articleshow/125694311.cms
2025-12-01 23:45:10,713 - INFO - [Times of India] Attempt 1/1: Trying with 'selenium_browser' strategy...
2025-12-01 23:45:11,649 - INFO - [Times of India] Page content loaded.
2025-12-01 23:45:11,778 - INFO - [Times of India] Success with 'selenium_browser'. Found content (693 words).
2025-12-01 23:45:11,839 - INFO - Duplicate article skipped: Cory Booker weds Alexis Lewis: Decoding the homosexuality rumours that have persisted for long | World News - The Times of India from Times of India
2025-12-01 23:45:12,668 - INFO - [Times of India] Article: https://timesofindia.indiatimes.com/world/rest-of-world/putin-is-coming-to-india-in-december-2025-which-other-russian-presidents-visited-india-including-putins-past-trips/articleshow/125692188.cms
2025-12-01 23:45:12,668 - INFO - [Times of India] Attempt 1/1: Trying with 'selenium_browser' strategy...
2025-12-01 23:45:14,016 - INFO - [Times of India] Page content loaded.
2025-12-01 23:45:14,164 - INFO - [Times of India] Success with 'selenium_browser'. Found content (645 words).
2025-12-01 23:45:14,226 - INFO - Duplicate article skipped: Putin is coming to India in December 2025: Which other Russian presidents visited India, including Putin’s past trips | World News - The Times of India from Times of India
2025-12-01 23:45:15,548 - INFO - [Times of India] Article: https://timesofindia.indiatimes.com/world/us-streamers/nina-lin-accused-of-stealing-on-livestream-as-target-video-shocks-twitch-viewers/articleshow/125691021.cms
2025-12-01 23:45:15,548 - INFO - [Times of India] Attempt 1/1: Trying with 'selenium_browser' strategy...
2025-12-01 23:47:15,646 - ERROR - [Times of India] Request failed for strategy 'selenium_browser' on URL https://timesofindia.indiatimes.com/world/us-streamers/nina-lin-accused-of-stealing-on-livestream-as-target-video-shocks-twitch-viewers/articleshow/125691021.cms: HTTPConnectionPool(host='localhost', port=58411): Read timed out. (read timeout=120)
2025-12-01 23:47:15,646 - ERROR - [Times of India] All scrape strategies failed for https://timesofindia.indiatimes.com/world/us-streamers/nina-lin-accused-of-stealing-on-livestream-as-target-video-shocks-twitch-viewers/articleshow/125691021.cms. Falling back to RSS description.
2025-12-01 23:47:15,647 - INFO - Duplicate article skipped: Nina Lin accused of stealing on livestream as Target video shocks Twitch viewers from Times of India
2025-12-01 23:47:17,082 - INFO - [Times of India] (Thread) Finished. Attempting to shut down its Selenium driver.
2025-12-01 23:48:04,327 - CRITICAL - --- TIMEOUT: 1 scrape jobs did not complete in 300s. ---
2025-12-01 23:48:04,327 - ERROR - A thread has timed out and will be abandoned.
2025-12-01 23:48:04,327 - INFO - Shutting down thread pool (wait=False)...
2025-12-01 23:48:04,327 - INFO - Scraped: 0 The Guardian, 0 BBC, 0 The Hindu, 1 Timed_Out_Jobs articles. (Total saved: 0)
2025-12-01 23:48:04,327 - INFO - --- Scraping job finished ---
2025-12-01 23:48:04,327 - INFO - --- Scraper service stopped and database connection closed. ---
2025-12-01 23:48:04,327 - INFO - --- Main thread finished. Forcing process exit to kill zombie threads. ---
