2025-11-29 08:51:25,136 - INFO - Loading AI Semantic Model (all-MiniLM-L6-v2)...
2025-11-29 08:51:25,137 - INFO - Use pytorch device_name: cpu
2025-11-29 08:51:25,137 - INFO - Load pretrained SentenceTransformer: all-MiniLM-L6-v2
2025-11-29 08:51:26,242 - INFO - AI Model loaded successfully.
2025-11-29 08:51:26,242 - INFO - Initializing database connection at: news_articles.db
2025-11-29 08:51:26,243 - INFO - --- Scraper service started (CI Mode: Run Once) ---
2025-11-29 08:51:26,243 - INFO - --- Starting new scraping job (Parallel Mode) ---
2025-11-29 08:51:26,243 - INFO - Creating new robust session with 3 retries on 5xx/connection/read errors.
2025-11-29 08:51:26,243 - INFO - Proxy is DISABLED.
2025-11-29 08:51:26,243 - INFO - Starting scrape for BBC RSS feed: http://feeds.bbci.co.uk/news/world/rss.xml
2025-11-29 08:51:26,244 - INFO - [Times of India] (Thread) requires Selenium. Initializing driver...
2025-11-29 08:51:26,245 - INFO - Initializing headless Selenium Chrome driver (using SeleniumManager)...
2025-11-29 08:51:26,245 - INFO - Starting scrape for The Guardian RSS feed: https://www.theguardian.com/world/rss
2025-11-29 08:51:26,247 - INFO - [The Hindu] (Thread) requires Selenium. Initializing driver...
2025-11-29 08:51:26,247 - INFO - Initializing headless Selenium Chrome driver (using SeleniumManager)...
2025-11-29 08:51:26,247 - INFO - Submitted 4 jobs to thread pool. Waiting up to 300s for completion...
2025-11-29 08:51:26,457 - INFO - Found 26 articles in BBC RSS feed. Processing up to 20.
2025-11-29 08:51:26,458 - INFO - [BBC] Article: https://www.bbc.com/news/articles/cdxweyy157go?at_medium=RSS&at_campaign=rss
2025-11-29 08:51:26,458 - INFO - [BBC] Attempt 1/1: Trying with 'requests_browser' strategy...
2025-11-29 08:51:26,695 - INFO - [BBC] Success with 'requests_browser'. Found content (1090 words).
2025-11-29 08:51:26,745 - INFO - Duplicate article skipped: US halts all asylum claim decisions in wake of National Guard shooting from BBC
2025-11-29 08:51:26,821 - INFO - Found 45 articles in The Guardian RSS feed. Processing up to 20.
2025-11-29 08:51:26,821 - INFO - [The Guardian] Article: https://www.theguardian.com/world/2025/nov/28/jacob-zuma-daughter-resigns-claims-south-africans-tricked-fight-russia
2025-11-29 08:51:26,822 - INFO - [The Guardian] Attempt 1/1: Trying with 'requests_browser' strategy...
2025-11-29 08:51:26,969 - INFO - [The Guardian] Success with 'requests_browser'. Found content (753 words).
2025-11-29 08:51:27,005 - INFO - Duplicate article skipped: Jacob Zuma’s daughter resigns amid claims South Africans tricked to fight for Russia | South Africa | The Guardian from The Guardian
2025-11-29 08:51:27,964 - INFO - [BBC] Article: https://www.bbc.com/news/articles/c8e9d13x2z7o?at_medium=RSS&at_campaign=rss
2025-11-29 08:51:27,964 - INFO - [BBC] Attempt 1/1: Trying with 'requests_browser' strategy...
2025-11-29 08:51:28,002 - INFO - [BBC] Success with 'requests_browser'. Found content (779 words).
2025-11-29 08:51:28,033 - INFO - Duplicate article skipped: Flights disrupted after Airbus discovers intense sun radiation could impact flight control data from BBC
2025-11-29 08:51:28,062 - INFO - [The Guardian] Article: https://www.theguardian.com/environment/2025/nov/28/africa-forests-transformed-carbon-sink-carbon-source-study
2025-11-29 08:51:28,062 - INFO - [The Guardian] Attempt 1/1: Trying with 'requests_browser' strategy...
2025-11-29 08:51:28,097 - INFO - [The Guardian] Success with 'requests_browser'. Found content (458 words).
2025-11-29 08:51:28,134 - INFO - Duplicate article skipped: Africa’s forests transformed from carbon sink to carbon source, study finds | Climate crisis | The Guardian from The Guardian
2025-11-29 08:51:28,976 - INFO - [The Guardian] Article: https://www.theguardian.com/world/2025/nov/26/guinea-bissau-officers-take-total-control-close-borders-amid-election-chaos
2025-11-29 08:51:28,976 - INFO - [The Guardian] Attempt 1/1: Trying with 'requests_browser' strategy...
2025-11-29 08:51:29,118 - INFO - [The Guardian] Success with 'requests_browser'. Found content (412 words).
2025-11-29 08:51:29,155 - INFO - Duplicate article skipped: Guinea-Bissau military takes ‘total control’ amid election chaos | Guinea-Bissau | The Guardian from The Guardian
2025-11-29 08:51:29,304 - INFO - [BBC] Article: https://www.bbc.com/news/articles/ckg9nd2wddno?at_medium=RSS&at_campaign=rss
2025-11-29 08:51:29,304 - INFO - [BBC] Attempt 1/1: Trying with 'requests_browser' strategy...
2025-11-29 08:51:29,350 - INFO - [BBC] Success with 'requests_browser'. Found content (928 words).
2025-11-29 08:51:29,386 - INFO - Duplicate article skipped: Zelensky's chief of staff Andriy Yermak resigns after anti-corruption raid from BBC
2025-11-29 08:51:29,889 - INFO - [BBC] Article: https://www.bbc.com/news/articles/clyzdxyjx2eo?at_medium=RSS&at_campaign=rss
2025-11-29 08:51:29,889 - INFO - [BBC] Attempt 1/1: Trying with 'requests_browser' strategy...
2025-11-29 08:51:29,968 - INFO - [BBC] Success with 'requests_browser'. Found content (1524 words).
2025-11-29 08:51:30,011 - INFO - Duplicate article skipped: Are UK Christmas markets as good as German ones? Here's what we found from BBC
2025-11-29 08:51:30,388 - INFO - [The Guardian] Article: https://www.theguardian.com/world/2025/nov/25/nigerian-schoolgirls-rescued-after-mass-abduction-in-kebbi
2025-11-29 08:51:30,388 - INFO - [The Guardian] Attempt 1/1: Trying with 'requests_browser' strategy...
2025-11-29 08:51:30,544 - INFO - [The Guardian] Success with 'requests_browser'. Found content (515 words).
2025-11-29 08:51:30,734 - INFO - Duplicate article skipped: Nigerian schoolgirls rescued after mass abduction in Kebbi | Nigeria | The Guardian from The Guardian
2025-11-29 08:51:31,310 - INFO - [BBC] Article: https://www.bbc.com/news/articles/c8dy9lne2plo?at_medium=RSS&at_campaign=rss
2025-11-29 08:51:31,310 - INFO - [BBC] Attempt 1/1: Trying with 'requests_browser' strategy...
2025-11-29 08:51:31,311 - INFO - [The Guardian] Article: https://www.theguardian.com/world/2025/nov/25/jacob-zuma-daughter-accused-tricking-men-fighting-for-russia-in-ukraine
2025-11-29 08:51:31,311 - INFO - [The Guardian] Attempt 1/1: Trying with 'requests_browser' strategy...
2025-11-29 08:51:31,368 - INFO - [BBC] Success with 'requests_browser'. Found content (363 words).
2025-11-29 08:51:31,416 - INFO - Duplicate article skipped: Three days of mourning begins after Hong Kong apartment fire from BBC
2025-11-29 08:51:31,420 - INFO - [The Guardian] Success with 'requests_browser'. Found content (656 words).
2025-11-29 08:51:31,468 - INFO - Duplicate article skipped: Jacob Zuma’s daughter accused of tricking men into fighting for Russia in Ukraine | South Africa | The Guardian from The Guardian
2025-11-29 08:51:32,437 - INFO - [BBC] Article: https://www.bbc.com/news/articles/c1kpm0rvxepo?at_medium=RSS&at_campaign=rss
2025-11-29 08:51:32,437 - INFO - [BBC] Attempt 1/1: Trying with 'requests_browser' strategy...
2025-11-29 08:51:32,456 - INFO - [The Guardian] Article: https://www.theguardian.com/world/2025/nov/29/uk-mps-extra-aid-humanitarian-visas-jamaica-hurricane-melissa-dawn-butler
2025-11-29 08:51:32,456 - INFO - [The Guardian] Attempt 1/1: Trying with 'requests_browser' strategy...
2025-11-29 08:51:32,476 - INFO - [BBC] Success with 'requests_browser'. Found content (496 words).
2025-11-29 08:51:32,515 - INFO - Duplicate article skipped: Trump says he will pardon ex-Honduras president convicted of drug trafficking from BBC
2025-11-29 08:51:32,532 - INFO - [The Guardian] Success with 'requests_browser'. Found content (873 words).
2025-11-29 08:51:32,573 - INFO - Duplicate article skipped: UK MPs push for extra aid and visas as Jamaica reels from Hurricane Melissa | Jamaica | The Guardian from The Guardian
2025-11-29 08:51:33,486 - INFO - [The Guardian] Article: https://www.theguardian.com/us-news/2025/nov/28/trump-pardon-honduras-hernandez-drugs
2025-11-29 08:51:33,486 - INFO - [The Guardian] Attempt 1/1: Trying with 'requests_browser' strategy...
2025-11-29 08:51:33,518 - INFO - [The Guardian] Success with 'requests_browser'. Found content (560 words).
2025-11-29 08:51:33,560 - INFO - Selenium driver initialized successfully.
2025-11-29 08:51:33,560 - INFO - Starting scrape for The Hindu RSS feed: https://www.thehindu.com/news/national/feeder/default.rss
2025-11-29 08:51:33,561 - INFO - Selenium driver initialized successfully.
2025-11-29 08:51:33,561 - INFO - Starting scrape for Times of India RSS feed: https://timesofindia.indiatimes.com/rssfeeds/296589292.cms
2025-11-29 08:51:33,562 - INFO - Duplicate article skipped: Trump to pardon ex-Honduras leader serving drug trafficking sentence in US | Donald Trump | The Guardian from The Guardian
2025-11-29 08:51:33,790 - INFO - Found 100 articles in The Hindu RSS feed. Processing up to 20.
2025-11-29 08:51:33,790 - INFO - [The Hindu] Article: https://www.thehindu.com/business/Economy/government-reforms-manufacturing-push-lift-q2-growth-to-82-goyal/article70338025.ece
2025-11-29 08:51:33,791 - INFO - [The Hindu] Attempt 1/1: Trying with 'selenium_browser' strategy...
2025-11-29 08:51:33,902 - INFO - [BBC] Article: https://www.bbc.com/news/articles/cz0nlxlr87go?at_medium=RSS&at_campaign=rss
2025-11-29 08:51:33,903 - INFO - [BBC] Attempt 1/1: Trying with 'requests_browser' strategy...
2025-11-29 08:51:33,924 - INFO - Found 20 articles in Times of India RSS feed. Processing up to 20.
2025-11-29 08:51:33,924 - INFO - [Times of India] Article: https://timesofindia.indiatimes.com/world/us/skinny-pale-with-sunken-eyes-palestinian-american-teen-freed-after-9-months-in-israeli-detention-video/articleshow/125653244.cms
2025-11-29 08:51:33,924 - INFO - [Times of India] Attempt 1/1: Trying with 'selenium_browser' strategy...
2025-11-29 08:51:33,954 - INFO - [BBC] Success with 'requests_browser'. Found content (591 words).
2025-11-29 08:51:33,992 - INFO - Duplicate article skipped: Guinea-Bissau coup was a sham, West African political figures say from BBC
2025-11-29 08:51:34,540 - INFO - [The Guardian] Article: https://www.theguardian.com/us-news/2025/nov/28/college-student-deported-boston-flight-thanksgiving
2025-11-29 08:51:34,540 - INFO - [The Guardian] Attempt 1/1: Trying with 'requests_browser' strategy...
2025-11-29 08:51:34,580 - INFO - [The Guardian] Success with 'requests_browser'. Found content (274 words).
2025-11-29 08:51:34,621 - INFO - Duplicate article skipped: College student deported when flying home for Thanksgiving, despite court order | ICE (US Immigration and Customs Enforcement) | The Guardian from The Guardian
2025-11-29 08:51:34,847 - INFO - [BBC] Article: https://www.bbc.com/news/articles/c058lny3pdqo?at_medium=RSS&at_campaign=rss
2025-11-29 08:51:34,847 - INFO - [BBC] Attempt 1/1: Trying with 'requests_browser' strategy...
2025-11-29 08:51:34,900 - INFO - [BBC] Success with 'requests_browser'. Found content (863 words).
2025-11-29 08:51:34,962 - INFO - Duplicate article skipped: Hungary's Orban defies EU partners and meets Putin again in Moscow from BBC
2025-11-29 08:51:35,568 - INFO - [The Guardian] Article: https://www.theguardian.com/world/2025/nov/28/quebec-prayer-law-canada
2025-11-29 08:51:35,568 - INFO - [The Guardian] Attempt 1/1: Trying with 'requests_browser' strategy...
2025-11-29 08:51:35,618 - INFO - [The Guardian] Success with 'requests_browser'. Found content (539 words).
2025-11-29 08:51:35,682 - INFO - Duplicate article skipped: Quebec to ban public prayer in sweeping new secularism law | Quebec | The Guardian from The Guardian
2025-11-29 08:51:35,766 - INFO - [BBC] Article: https://www.bbc.com/news/articles/cp89k31krz4o?at_medium=RSS&at_campaign=rss
2025-11-29 08:51:35,766 - INFO - [BBC] Attempt 1/1: Trying with 'requests_browser' strategy...
2025-11-29 08:51:35,842 - INFO - [BBC] Success with 'requests_browser'. Found content (485 words).
2025-11-29 08:51:35,934 - INFO - Duplicate article skipped: Thirteen killed in deadliest Israeli raid for months in southern Syria from BBC
2025-11-29 08:51:37,094 - INFO - [The Guardian] Article: https://www.theguardian.com/world/2025/nov/28/haida-nation-mark-carney-pipe-dream-oil-energy
2025-11-29 08:51:37,094 - INFO - [The Guardian] Attempt 1/1: Trying with 'requests_browser' strategy...
2025-11-29 08:51:37,167 - INFO - [The Guardian] Success with 'requests_browser'. Found content (1103 words).
2025-11-29 08:51:37,294 - INFO - Duplicate article skipped: ‘Not going to happen’: First Nations threaten to end Carney’s pipe dream | Canada | The Guardian from The Guardian
2025-11-29 08:51:37,349 - INFO - [BBC] Article: https://www.bbc.com/news/articles/c0l9z176lnlo?at_medium=RSS&at_campaign=rss
2025-11-29 08:51:37,349 - INFO - [BBC] Attempt 1/1: Trying with 'requests_browser' strategy...
2025-11-29 08:51:37,544 - INFO - [BBC] Success with 'requests_browser'. Found content (678 words).
2025-11-29 08:51:37,733 - INFO - Duplicate article skipped: Austrian nuns win reprieve in abandoned convent - if they stay off social media from BBC
2025-11-29 08:51:38,597 - INFO - [The Guardian] Article: https://www.theguardian.com/world/2025/nov/29/indonesia-and-thailand-flooding-death-toll-tops-350-as-rescuers-struggle-to-reach-worst-hit-areas
2025-11-29 08:51:38,597 - INFO - [The Guardian] Attempt 1/1: Trying with 'requests_browser' strategy...
2025-11-29 08:51:38,818 - INFO - [BBC] Article: https://www.bbc.com/news/articles/c0q5w8l88dvo?at_medium=RSS&at_campaign=rss
2025-11-29 08:51:38,818 - INFO - [BBC] Attempt 1/1: Trying with 'requests_browser' strategy...
2025-11-29 08:51:38,915 - INFO - [The Guardian] Success with 'requests_browser'. Found content (507 words).
2025-11-29 08:51:39,069 - INFO - [The Hindu] Page content loaded.
2025-11-29 08:51:39,139 - INFO - [BBC] Success with 'requests_browser'. Found content (714 words).
2025-11-29 08:51:39,169 - INFO - Duplicate article skipped: Indonesia and Thailand flooding death toll tops 350 as rescuers struggle to reach worst-hit areas | Indonesia | The Guardian from The Guardian
2025-11-29 08:51:39,249 - INFO - Duplicate article skipped: Afghans in US issue plea to Trump after 'tragic' Washington DC shooting from BBC
2025-11-29 08:51:39,345 - INFO - [The Hindu] Success with 'selenium_browser'. Found content (372 words).
2025-11-29 08:51:40,581 - INFO - [The Guardian] Article: https://www.theguardian.com/news/2025/nov/29/hong-kong-begins-three-days-of-mourning-after-deadly-apartment-fires
2025-11-29 08:51:40,581 - INFO - [The Guardian] Attempt 1/1: Trying with 'requests_browser' strategy...
2025-11-29 08:51:40,629 - INFO - [BBC] Article: https://www.bbc.com/news/articles/ckglrdg6kz7o?at_medium=RSS&at_campaign=rss
2025-11-29 08:51:40,629 - INFO - [BBC] Attempt 1/1: Trying with 'requests_browser' strategy...
2025-11-29 08:51:40,773 - INFO - [The Guardian] Success with 'requests_browser'. Found content (679 words).
2025-11-29 08:51:40,952 - INFO - [BBC] Success with 'requests_browser'. Found content (639 words).
2025-11-29 08:51:59,663 - INFO - Saved article: Government reforms, manufacturing push lift Q2 growth to 8.2%: Goyal - The Hindu from The Hindu
2025-11-29 08:51:59,663 - INFO - Duplicate article skipped: Hong Kong begins three days of mourning after deadly apartment fires | Hong Kong apartment fires | The Guardian from The Guardian
2025-11-29 08:51:59,663 - INFO - Duplicate article skipped: UN panel says Israel operating 'de facto policy of torture' from BBC
2025-11-29 08:52:00,219 - INFO - [BBC] Article: https://www.bbc.com/news/articles/cx2dndy228xo?at_medium=RSS&at_campaign=rss
2025-11-29 08:52:00,219 - INFO - [BBC] Attempt 1/1: Trying with 'requests_browser' strategy...
2025-11-29 08:52:00,270 - INFO - [BBC] Success with 'requests_browser'. Found content (1379 words).
2025-11-29 08:52:00,312 - INFO - Duplicate article skipped: Duduzile Zuma-Sambudla resigns as South African MP over Russia mercenary recruitment scandal from BBC
2025-11-29 08:52:00,493 - INFO - [The Hindu] Article: https://www.thehindu.com/news/national/kerala/munambam-waqf-land-protest-in-kerala-to-end-on-november-30-differences-emerge-among-agitators/article70337977.ece
2025-11-29 08:52:00,493 - INFO - [The Hindu] Attempt 1/1: Trying with 'selenium_browser' strategy...
2025-11-29 08:52:01,157 - INFO - [The Guardian] Article: https://www.theguardian.com/news/2025/nov/28/hong-kong-apartment-fire-response-rescue-operations-death-toll
2025-11-29 08:52:01,157 - INFO - [The Guardian] Attempt 1/1: Trying with 'requests_browser' strategy...
2025-11-29 08:52:01,241 - INFO - [BBC] Article: https://www.bbc.com/news/articles/c0q5w13e58zo?at_medium=RSS&at_campaign=rss
2025-11-29 08:52:01,241 - INFO - [BBC] Attempt 1/1: Trying with 'requests_browser' strategy...
2025-11-29 08:52:01,421 - INFO - [BBC] Success with 'requests_browser'. Found content (422 words).
2025-11-29 08:52:01,491 - INFO - [The Guardian] Success with 'requests_browser'. Found content (1000 words).
2025-11-29 08:52:01,590 - INFO - Duplicate article skipped: Lightning detected on Mars by Nasa rover, scientists believe from BBC
2025-11-29 08:52:01,656 - INFO - Duplicate article skipped: Rescue efforts end at Hong Kong tower block fire as death toll reaches 128 | Hong Kong apartment fires | The Guardian from The Guardian
2025-11-29 08:52:02,559 - INFO - [The Guardian] Article: https://www.theguardian.com/news/2025/nov/28/hong-kong-community-groups-deliver-aid-to-survivors-of-wang-fuk-court-fire
2025-11-29 08:52:02,559 - INFO - [The Guardian] Attempt 1/1: Trying with 'requests_browser' strategy...
2025-11-29 08:52:02,794 - INFO - [BBC] Article: https://www.bbc.com/news/articles/c0r9qzrxdwwo?at_medium=RSS&at_campaign=rss
2025-11-29 08:52:02,796 - INFO - [BBC] Attempt 1/1: Trying with 'requests_browser' strategy...
2025-11-29 08:52:02,800 - INFO - [The Guardian] Success with 'requests_browser'. Found content (687 words).
2025-11-29 08:52:02,944 - INFO - Duplicate article skipped: Hong Kong community groups deliver aid to survivors of Wang Fuk Court fire | Hong Kong apartment fires | The Guardian from The Guardian
2025-11-29 08:52:02,965 - INFO - [BBC] Success with 'requests_browser'. Found content (448 words).
2025-11-29 08:52:03,016 - INFO - Duplicate article skipped: Tunisia hands prison terms to dozens of opposition figures from BBC
2025-11-29 08:52:03,795 - INFO - [BBC] Article: https://www.bbc.com/news/articles/cy7v6xl4me8o?at_medium=RSS&at_campaign=rss
2025-11-29 08:52:03,795 - INFO - [BBC] Attempt 1/1: Trying with 'requests_browser' strategy...
2025-11-29 08:52:03,799 - INFO - [The Guardian] Article: https://www.theguardian.com/world/2025/nov/28/bear-attacks-man-public-toilet-japan
2025-11-29 08:52:03,799 - INFO - [The Guardian] Attempt 1/1: Trying with 'requests_browser' strategy...
2025-11-29 08:52:03,861 - INFO - [The Guardian] Success with 'requests_browser'. Found content (373 words).
2025-11-29 08:52:03,976 - INFO - [BBC] Success with 'requests_browser'. Found content (1447 words).
2025-11-29 08:52:04,020 - INFO - [The Hindu] Page content loaded.
2025-11-29 08:52:04,022 - INFO - Duplicate article skipped: Bear attacks man in public toilet in Japan | Japan | The Guardian from The Guardian
2025-11-29 08:52:04,087 - INFO - Duplicate article skipped: Why the rich and powerful couldn't say no to Epstein from BBC
2025-11-29 08:52:04,129 - INFO - [The Hindu] Success with 'selenium_browser'. Found content (384 words).
2025-11-29 08:52:04,741 - INFO - [The Guardian] Article: https://www.theguardian.com/australia-news/2025/nov/29/australian-prime-minister-anthony-albanese-marries-jodie-haydon-wedding-canberra
2025-11-29 08:52:04,741 - INFO - [The Guardian] Attempt 1/1: Trying with 'requests_browser' strategy...
2025-11-29 08:52:04,826 - INFO - [The Guardian] Success with 'requests_browser'. Found content (794 words).
2025-11-29 08:52:04,961 - INFO - [BBC] Article: https://www.bbc.com/news/articles/c1dz36ep673o?at_medium=RSS&at_campaign=rss
2025-11-29 08:52:04,961 - INFO - [BBC] Attempt 1/1: Trying with 'requests_browser' strategy...
2025-11-29 08:52:05,069 - INFO - [BBC] Success with 'requests_browser'. Found content (1327 words).
2025-11-29 08:52:15,200 - INFO - Saved article: Munambam Waqf land protest in Kerala to end on November 30; differences emerge among agitators - The Hindu from The Hindu
2025-11-29 08:52:15,200 - INFO - Duplicate article skipped: Australian prime minister, Anthony Albanese, marries partner Jodie Haydon | Anthony Albanese | The Guardian from The Guardian
2025-11-29 08:52:15,200 - INFO - Duplicate article skipped: Donald Trump pledges to tackle Sudan atrocities - what difference can he make? from BBC
2025-11-29 08:52:15,763 - INFO - [BBC] Article: https://www.bbc.com/news/articles/cly3e1261dko?at_medium=RSS&at_campaign=rss
2025-11-29 08:52:15,763 - INFO - [BBC] Attempt 1/1: Trying with 'requests_browser' strategy...
2025-11-29 08:52:15,808 - INFO - [BBC] Success with 'requests_browser'. Found content (1237 words).
2025-11-29 08:52:15,847 - INFO - Duplicate article skipped: How were Afghan evacuees vetted under Biden? from BBC
2025-11-29 08:52:15,986 - INFO - [The Guardian] Article: https://www.theguardian.com/business/2025/nov/29/jetstar-cancel-domestic-flights-australia-global-airbus-a320-recall
2025-11-29 08:52:15,986 - INFO - [The Guardian] Attempt 1/1: Trying with 'requests_browser' strategy...
2025-11-29 08:52:16,028 - INFO - [The Guardian] Success with 'requests_browser'. Found content (880 words).
2025-11-29 08:52:16,075 - INFO - Duplicate article skipped: Jetstar cancels 90 domestic flights across Australia after global Airbus A320 recall | Airbus | The Guardian from The Guardian
2025-11-29 08:52:16,335 - INFO - [The Hindu] Article: https://www.thehindu.com/news/national/goa/goa-zilla-panchayat-elections-on-december-20-868-lakh-voters-to-decide-50-seats-as-mcc-comes-into-force/article70337933.ece
2025-11-29 08:52:16,335 - INFO - [The Hindu] Attempt 1/1: Trying with 'selenium_browser' strategy...
2025-11-29 08:52:16,450 - INFO - [BBC] Article: https://www.bbc.com/news/articles/cn8e5j20g27o?at_medium=RSS&at_campaign=rss
2025-11-29 08:52:16,450 - INFO - [BBC] Attempt 1/1: Trying with 'requests_browser' strategy...
2025-11-29 08:52:16,591 - INFO - [BBC] Success with 'requests_browser'. Found content (805 words).
2025-11-29 08:52:16,661 - INFO - Duplicate article skipped: Hong Kong fire: Anger and unanswered questions from BBC
2025-11-29 08:52:16,732 - INFO - [The Guardian] Article: https://www.theguardian.com/australia-news/2025/nov/28/virginia-giuffres-sons-deny-unsigned-document-is-their-mothers-will
2025-11-29 08:52:16,732 - INFO - [The Guardian] Attempt 1/1: Trying with 'requests_browser' strategy...
2025-11-29 08:52:16,779 - INFO - [The Guardian] Success with 'requests_browser'. Found content (777 words).
2025-11-29 08:52:16,834 - INFO - Duplicate article skipped: Virginia Giuffre’s sons deny unsigned document is their mother’s will | Western Australia | The Guardian from The Guardian
2025-11-29 08:52:16,955 - INFO - [The Hindu] Page content loaded.
2025-11-29 08:52:17,008 - INFO - [The Hindu] Success with 'selenium_browser'. Found content (429 words).
2025-11-29 08:52:17,080 - INFO - Duplicate article skipped: Goa Zilla Panchayat elections on December 20: 8.68 lakh voters to decide 50 seats as MCC comes into force - The Hindu from The Hindu
2025-11-29 08:52:17,518 - INFO - [The Guardian] Article: https://www.theguardian.com/australia-news/2025/nov/29/exclusive-gun-club-linked-to-andrew-hastie-awarded-almost-20000-in-government-grants
2025-11-29 08:52:17,518 - INFO - [The Guardian] Attempt 1/1: Trying with 'requests_browser' strategy...
2025-11-29 08:52:17,762 - INFO - [The Guardian] Success with 'requests_browser'. Found content (715 words).
2025-11-29 08:52:17,779 - INFO - [The Hindu] Article: https://www.thehindu.com/news/national/andhra-pradesh/four-dead-in-separate-road-accidents-in-ntr-krishna-districts-in-andhra-pradesh/article70337743.ece
2025-11-29 08:52:17,787 - INFO - [The Hindu] Attempt 1/1: Trying with 'selenium_browser' strategy...
2025-11-29 08:52:18,228 - INFO - [BBC] Article: https://www.bbc.com/news/articles/c4g4jlgdyjdo?at_medium=RSS&at_campaign=rss
2025-11-29 08:52:18,228 - INFO - [BBC] Attempt 1/1: Trying with 'requests_browser' strategy...
2025-11-29 08:52:18,289 - INFO - Duplicate article skipped: Exclusive gun club linked to Andrew Hastie awarded almost $20,000 in government grants | Andrew Hastie | The Guardian from The Guardian
2025-11-29 08:52:18,354 - INFO - [BBC] Success with 'requests_browser'. Found content (2091 words).
2025-11-29 08:52:18,425 - INFO - Duplicate article skipped: Nigeria's security crises: A guide to the different groups causing chaos from BBC
2025-11-29 08:52:19,046 - INFO - [The Hindu] Page content loaded.
2025-11-29 08:52:19,131 - INFO - [The Hindu] Success with 'selenium_browser'. Found content (162 words).
2025-11-29 08:52:19,211 - INFO - [The Guardian] Article: https://www.theguardian.com/australia-news/2025/nov/29/mineral-sunscreens-australia-identical-to-others
2025-11-29 08:52:19,211 - INFO - [The Guardian] Attempt 1/1: Trying with 'requests_browser' strategy...
2025-11-29 08:52:19,237 - INFO - Duplicate article skipped: Four dead in separate road accidents in NTR, Krishna districts in Andhra Pradesh - The Hindu from The Hindu
2025-11-29 08:52:19,292 - INFO - [The Guardian] Success with 'requests_browser'. Found content (932 words).
2025-11-29 08:52:19,390 - INFO - Duplicate article skipped: ‘Mineral’ sunscreens marketed to Australians contain almost identical chemicals as others, testing shows | Consumer affairs | The Guardian from The Guardian
2025-11-29 08:52:20,161 - INFO - [The Hindu] Article: https://www.thehindu.com/news/national/punjab/punjab-bus-strike-protestors-condemn-detention-of-union-leaders-demand-immediate-release/article70337869.ece
2025-11-29 08:52:20,161 - INFO - [The Hindu] Attempt 1/1: Trying with 'selenium_browser' strategy...
2025-11-29 08:52:21,163 - INFO - [The Hindu] Page content loaded.
2025-11-29 08:52:21,315 - INFO - [The Hindu] Success with 'selenium_browser'. Found content (475 words).
2025-11-29 08:52:21,396 - INFO - Duplicate article skipped: Punjab bus strike: Protestors condemn detention of Union leaders, demand immediate release - The Hindu from The Hindu
2025-11-29 08:52:22,800 - INFO - [The Hindu] Article: https://www.thehindu.com/news/national/kerala/kerala-sir-761-lakh-enumeration-forms-in-uncollectables-list/article70337927.ece
2025-11-29 08:52:22,800 - INFO - [The Hindu] Attempt 1/1: Trying with 'selenium_browser' strategy...
2025-11-29 08:52:23,631 - INFO - [The Hindu] Page content loaded.
2025-11-29 08:52:23,828 - INFO - [The Hindu] Success with 'selenium_browser'. Found content (368 words).
2025-11-29 08:52:23,926 - INFO - Duplicate article skipped: Kerala SIR: 7.61 lakh enumeration forms in ‘uncollectables’ list - The Hindu from The Hindu
2025-11-29 08:52:24,804 - INFO - [The Hindu] Article: https://www.thehindu.com/news/national/odisha/odishas-supplementary-budget-lacks-any-vision-claims-leader-of-opposition-naveen-patnaik/article70337797.ece
2025-11-29 08:52:24,804 - INFO - [The Hindu] Attempt 1/1: Trying with 'selenium_browser' strategy...
2025-11-29 08:52:27,639 - INFO - [The Hindu] Page content loaded.
2025-11-29 08:52:27,822 - INFO - [The Hindu] Success with 'selenium_browser'. Found content (228 words).
2025-11-29 08:52:27,908 - INFO - Duplicate article skipped: Odisha's Supplementary Budget lacks any vision, claims Leader of Opposition Naveen Patnaik - The Hindu from The Hindu
2025-11-29 08:52:29,024 - INFO - [The Hindu] Article: https://www.thehindu.com/news/cities/Hyderabad/changes-in-flight-schedule-anticipated-at-hyderabad-airport-after-airbus-issues-global-advisory-for-a320-fleet/article70337886.ece
2025-11-29 08:52:29,025 - INFO - [The Hindu] Attempt 1/1: Trying with 'selenium_browser' strategy...
2025-11-29 08:52:31,731 - INFO - [The Hindu] Page content loaded.
2025-11-29 08:52:31,883 - INFO - [The Hindu] Success with 'selenium_browser'. Found content (162 words).
2025-11-29 08:52:31,971 - INFO - Duplicate article skipped: Changes in flight schedule anticipated at Hyderabad airport after Airbus issues global advisory for A320 Fleet - The Hindu from The Hindu
2025-11-29 08:52:32,966 - INFO - [The Hindu] Article: https://www.thehindu.com/news/national/assam/congress-cpim-mlas-walk-out-of-assam-assembly-as-speaker-disallows-discussion-on-tezpur-university/article70337880.ece
2025-11-29 08:52:32,966 - INFO - [The Hindu] Attempt 1/1: Trying with 'selenium_browser' strategy...
2025-11-29 08:52:33,952 - ERROR - [Times of India] Request failed for strategy 'selenium_browser' on URL https://timesofindia.indiatimes.com/world/us/skinny-pale-with-sunken-eyes-palestinian-american-teen-freed-after-9-months-in-israeli-detention-video/articleshow/125653244.cms: Message: timeout: Timed out receiving message from renderer: 59.463
  (Session info: chrome=142.0.7444.162)
Stacktrace:
#0 0x564bb5ce632a <unknown>
#1 0x564bb5732e4b <unknown>
#2 0x564bb571ae0d <unknown>
#3 0x564bb571aaf0 <unknown>
#4 0x564bb57188ff <unknown>
#5 0x564bb571927f <unknown>
#6 0x564bb5727ca3 <unknown>
#7 0x564bb5741601 <unknown>
#8 0x564bb5747e0b <unknown>
#9 0x564bb57199bd <unknown>
#10 0x564bb57413a7 <unknown>
#11 0x564bb57d2170 <unknown>
#12 0x564bb5777c1a <unknown>
#13 0x564bb5778921 <unknown>
#14 0x564bb5cad239 <unknown>
#15 0x564bb5cb01e8 <unknown>
#16 0x564bb5c964c9 <unknown>
#17 0x564bb5cb0db5 <unknown>
#18 0x564bb5c7de93 <unknown>
#19 0x564bb5cd3098 <unknown>
#20 0x564bb5cd3273 <unknown>
#21 0x564bb5ce52c3 <unknown>
#22 0x7f43e6c9caa4 <unknown>
#23 0x7f43e6d29c6c <unknown>

2025-11-29 08:52:33,952 - ERROR - [Times of India] All scrape strategies failed for https://timesofindia.indiatimes.com/world/us/skinny-pale-with-sunken-eyes-palestinian-american-teen-freed-after-9-months-in-israeli-detention-video/articleshow/125653244.cms. Falling back to RSS description.
2025-11-29 08:52:33,953 - INFO - Duplicate article skipped: 'Skinny, pale, with sunken eyes': Palestinian-American teen freed after 9 months in Israeli detention — video from Times of India
2025-11-29 08:52:34,538 - INFO - [Times of India] Article: https://timesofindia.indiatimes.com/world/middle-east/how-to-enter-the-uaes-most-exclusive-golden-visa-circle-through-superyacht-ownership/articleshow/125652070.cms
2025-11-29 08:52:34,539 - INFO - [Times of India] Attempt 1/1: Trying with 'selenium_browser' strategy...
2025-11-29 08:52:35,554 - INFO - [The Hindu] Page content loaded.
2025-11-29 08:52:35,652 - INFO - [The Hindu] Success with 'selenium_browser'. Found content (172 words).
2025-11-29 08:52:35,745 - INFO - Duplicate article skipped: Congress, CPI(M) MLAs walk out of Assam Assembly as Speaker disallows discussion on Tezpur University - The Hindu from The Hindu
2025-11-29 08:52:36,315 - INFO - [Times of India] Page content loaded.
2025-11-29 08:52:36,490 - INFO - [Times of India] Success with 'selenium_browser'. Found content (1643 words).
2025-11-29 08:52:36,583 - INFO - Duplicate article skipped: How to enter the UAE’s most exclusive Golden Visa circle through superyacht ownership | World News - The Times of India from Times of India
2025-11-29 08:52:36,638 - INFO - [The Hindu] Article: https://www.thehindu.com/news/national/karnataka/karnataka-state-cricket-association-elections-high-court-declares-kn-shanth-kumars-nomination-papers-valid-for-presidents-post/article70337807.ece
2025-11-29 08:52:36,638 - INFO - [The Hindu] Attempt 1/1: Trying with 'selenium_browser' strategy...
2025-11-29 08:52:37,350 - INFO - [Times of India] Article: https://timesofindia.indiatimes.com/world/middle-east/abu-dhabi-offers-free-parking-and-darb-tolls-for-uae-national-day/articleshow/125652743.cms
2025-11-29 08:52:37,350 - INFO - [Times of India] Attempt 1/1: Trying with 'selenium_browser' strategy...
2025-11-29 08:52:37,908 - INFO - [The Hindu] Page content loaded.
2025-11-29 08:52:38,252 - INFO - [The Hindu] Success with 'selenium_browser'. Found content (503 words).
2025-11-29 08:52:38,349 - INFO - Duplicate article skipped: Karnataka State Cricket Association elections: High Court declares K.N. Shanth Kumar’s nomination papers valid for president’s post - The Hindu from The Hindu
2025-11-29 08:52:39,332 - INFO - [The Hindu] Article: https://www.thehindu.com/news/national/telangana/last-day-to-file-nominations-for-first-phase-of-telangana-gram-panchayat-elections-2025/article70337835.ece
2025-11-29 08:52:39,332 - INFO - [The Hindu] Attempt 1/1: Trying with 'selenium_browser' strategy...
2025-11-29 08:52:39,421 - INFO - [Times of India] Page content loaded.
2025-11-29 08:52:39,666 - INFO - [Times of India] Success with 'selenium_browser'. Found content (224 words).
2025-11-29 08:52:39,814 - INFO - Duplicate article skipped: Abu Dhabi offers free parking and Darb tolls for UAE National Day | World News - The Times of India from Times of India
2025-11-29 08:52:40,823 - INFO - [The Hindu] Page content loaded.
2025-11-29 08:52:40,915 - INFO - [Times of India] Article: https://timesofindia.indiatimes.com/world/us/who-is-curtis-yarvin-ex-software-engineer-calls-trump-modern-day-lincoln-influences-conservative-circles/articleshow/125651146.cms
2025-11-29 08:52:40,918 - INFO - [Times of India] Attempt 1/1: Trying with 'selenium_browser' strategy...
2025-11-29 08:52:40,957 - INFO - [The Hindu] Success with 'selenium_browser'. Found content (133 words).
2025-11-29 08:52:41,080 - INFO - Duplicate article skipped: Last day to file nominations for first phase of Telangana Gram Panchayat Elections-2025 - The Hindu from The Hindu
2025-11-29 08:52:41,658 - INFO - [The Hindu] Article: https://www.thehindu.com/news/national/national-herald-case-delhi-court-defers-order-on-taking-note-of-eds-chargesheet-to-december-16/article70337808.ece
2025-11-29 08:52:41,658 - INFO - [The Hindu] Attempt 1/1: Trying with 'selenium_browser' strategy...
2025-11-29 08:52:42,782 - INFO - [Times of India] Page content loaded.
2025-11-29 08:52:42,969 - INFO - [Times of India] Success with 'selenium_browser'. Found content (388 words).
2025-11-29 08:52:42,969 - INFO - [The Hindu] Page content loaded.
2025-11-29 08:52:43,404 - INFO - [The Hindu] Success with 'selenium_browser'. Found content (157 words).
2025-11-29 08:52:43,427 - INFO - Duplicate article skipped: Who is Curtis Yarvin? Ex-software engineer calls Trump 'modern-day Lincoln'; influences conservative circles - The Times of India from Times of India
2025-11-29 08:52:43,635 - INFO - Duplicate article skipped: National Herald Case: Delhi court defers order on taking note of ED's chargesheet to December 16 - The Hindu from The Hindu
2025-11-29 08:52:44,785 - INFO - [Times of India] Article: https://timesofindia.indiatimes.com/world/middle-east/filipinos-can-travel-to-oman-visa-free-starting-2026/articleshow/125651864.cms
2025-11-29 08:52:44,785 - INFO - [Times of India] Attempt 1/1: Trying with 'selenium_browser' strategy...
2025-11-29 08:52:44,998 - INFO - [The Hindu] Article: https://www.thehindu.com/news/national/west-bengal/eci-writes-to-west-bengal-dgp-directing-police-to-ensure-blo-safety/article70337693.ece
2025-11-29 08:52:44,998 - INFO - [The Hindu] Attempt 1/1: Trying with 'selenium_browser' strategy...
2025-11-29 08:52:46,524 - INFO - [The Hindu] Page content loaded.
2025-11-29 08:52:46,807 - INFO - [The Hindu] Success with 'selenium_browser'. Found content (346 words).
2025-11-29 08:52:46,923 - INFO - Duplicate article skipped: ECI writes to West Bengal DGP directing police to ensure BLO safety - The Hindu from The Hindu
2025-11-29 08:52:47,859 - INFO - [The Hindu] Article: https://www.thehindu.com/news/cities/Hyderabad/worker-engaged-for-watering-plants-killed-in-drunk-driving-accident-on-kukatpallymiyapur-road/article70337776.ece
2025-11-29 08:52:47,859 - INFO - [The Hindu] Attempt 1/1: Trying with 'selenium_browser' strategy...
2025-11-29 08:52:49,032 - INFO - [The Hindu] Page content loaded.
2025-11-29 08:52:49,264 - INFO - [The Hindu] Success with 'selenium_browser'. Found content (183 words).
2025-11-29 08:52:49,341 - INFO - Duplicate article skipped: Worker engaged for watering plants killed in drunk driving accident on Kukatpally–Miyapur road - The Hindu from The Hindu
2025-11-29 08:52:50,468 - INFO - [The Hindu] Article: https://www.thehindu.com/news/national/cyclone-ditwah-sri-lanka-flood-eighty-ndrf-personnel-relief-material-delivered/article70337748.ece
2025-11-29 08:52:50,468 - INFO - [The Hindu] Attempt 1/1: Trying with 'selenium_browser' strategy...
2025-11-29 08:52:53,174 - INFO - [Times of India] Page content loaded.
2025-11-29 08:52:53,763 - INFO - [Times of India] Success with 'selenium_browser'. Found content (418 words).
2025-11-29 08:52:54,008 - INFO - Duplicate article skipped: Filipinos can travel to Oman visa free starting 2026 | World News - The Times of India from Times of India
2025-11-29 08:52:54,363 - INFO - [The Hindu] Page content loaded.
2025-11-29 08:52:54,449 - INFO - [The Hindu] Success with 'selenium_browser'. Found content (466 words).
2025-11-29 08:52:54,551 - INFO - Duplicate article skipped: India sends 80 NDRF personnel, 21 tonnes relief material to cyclone-ravaged Sri Lanka - The Hindu from The Hindu
2025-11-29 08:52:55,311 - INFO - [Times of India] Article: https://timesofindia.indiatimes.com/world/middle-east/how-to-qualify-for-a-uae-golden-visa-without-property-or-investment-via-the-volunteering-route/articleshow/125651412.cms
2025-11-29 08:52:55,311 - INFO - [Times of India] Attempt 1/1: Trying with 'selenium_browser' strategy...
2025-11-29 08:52:55,788 - INFO - [The Hindu] Article: https://www.thehindu.com/news/national/andhra-pradesh/miraculous-escape-for-26-after-karnataka-bus-overturns-in-kurnool/article70337519.ece
2025-11-29 08:52:55,788 - INFO - [The Hindu] Attempt 1/1: Trying with 'selenium_browser' strategy...
2025-11-29 08:52:58,116 - INFO - [The Hindu] Page content loaded.
2025-11-29 08:52:58,363 - INFO - [The Hindu] Success with 'selenium_browser'. Found content (80 words).
2025-11-29 08:52:58,543 - INFO - Duplicate article skipped: Miraculous escape for 26 after Karnataka bus overturns in Kurnool - The Hindu from The Hindu
2025-11-29 08:52:59,476 - INFO - [The Hindu] Article: https://www.thehindu.com/news/national/tamil-nadu/cyclone-ditwah-brings-torrential-rains-to-south-coastal-districts/article70337632.ece
2025-11-29 08:52:59,476 - INFO - [The Hindu] Attempt 1/1: Trying with 'selenium_browser' strategy...
2025-11-29 08:53:01,039 - INFO - [The Hindu] Page content loaded.
2025-11-29 08:53:01,217 - INFO - [The Hindu] Success with 'selenium_browser'. Found content (486 words).
2025-11-29 08:53:01,308 - INFO - Duplicate article skipped: Cyclone Ditwah brings torrential rains to south coastal districts - The Hindu from The Hindu
2025-11-29 08:53:01,928 - INFO - [The Hindu] Article: https://www.thehindu.com/news/cities/Hyderabad/citizens-collective-demands-answers-on-musi-development-seeks-review-of-project/article70335310.ece
2025-11-29 08:53:01,928 - INFO - [The Hindu] Attempt 1/1: Trying with 'selenium_browser' strategy...
2025-11-29 08:53:02,972 - INFO - [The Hindu] Page content loaded.
2025-11-29 08:53:03,131 - INFO - [The Hindu] Success with 'selenium_browser'. Found content (433 words).
2025-11-29 08:53:03,225 - INFO - Duplicate article skipped: Citizens’ collective demands answers on Musi development, seeks review of project - The Hindu from The Hindu
2025-11-29 08:53:04,169 - INFO - [The Hindu] Article: https://www.thehindu.com/news/national/airbus-a320-recall-live-updates-flight-control-incident-november-29-2025/article70337714.ece
2025-11-29 08:53:04,169 - INFO - [The Hindu] Attempt 1/1: Trying with 'selenium_browser' strategy...
2025-11-29 08:53:06,029 - INFO - [The Hindu] Page content loaded.
2025-11-29 08:53:06,107 - INFO - [The Hindu] Success with 'selenium_browser'. Found content (158 words).
2025-11-29 08:53:06,202 - INFO - Duplicate article skipped: Airbus A320 software fix LIVE: Asian travel disrupted as carriers scramble to patch software - The Hindu from The Hindu
2025-11-29 08:53:06,993 - INFO - [The Hindu] Article: https://www.thehindu.com/news/national/uttar-pradesh/family-loses-three-children-to-fever-within-48-hours-in-uttar-pradesh/article70337646.ece
2025-11-29 08:53:06,993 - INFO - [The Hindu] Attempt 1/1: Trying with 'selenium_browser' strategy...
2025-11-29 08:53:07,948 - INFO - [The Hindu] Page content loaded.
2025-11-29 08:53:08,138 - INFO - [The Hindu] Success with 'selenium_browser'. Found content (330 words).
2025-11-29 08:53:08,225 - INFO - Duplicate article skipped: Family loses three children to fever within 48 hours in Uttar Pradesh - The Hindu from The Hindu
2025-11-29 08:53:09,689 - INFO - [The Hindu] (Thread) Finished. Attempting to shut down its Selenium driver.
2025-11-29 08:53:09,885 - INFO - [The Hindu] (Thread) driver.quit() successful.
2025-11-29 08:54:55,412 - ERROR - [Times of India] Request failed for strategy 'selenium_browser' on URL https://timesofindia.indiatimes.com/world/middle-east/how-to-qualify-for-a-uae-golden-visa-without-property-or-investment-via-the-volunteering-route/articleshow/125651412.cms: HTTPConnectionPool(host='localhost', port=42633): Read timed out. (read timeout=120)
2025-11-29 08:54:55,412 - ERROR - [Times of India] All scrape strategies failed for https://timesofindia.indiatimes.com/world/middle-east/how-to-qualify-for-a-uae-golden-visa-without-property-or-investment-via-the-volunteering-route/articleshow/125651412.cms. Falling back to RSS description.
2025-11-29 08:54:55,412 - INFO - Duplicate article skipped: How to qualify for a UAE Golden Visa without property or investment via the volunteering route from Times of India
2025-11-29 08:54:56,597 - INFO - [Times of India] Article: https://timesofindia.indiatimes.com/world/rest-of-world/hong-kong-fire-tragedy-were-authorities-alerted-long-before-key-details/articleshow/125650733.cms
2025-11-29 08:54:56,598 - INFO - [Times of India] Attempt 1/1: Trying with 'selenium_browser' strategy...
2025-11-29 08:56:26,247 - CRITICAL - --- TIMEOUT: 1 scrape jobs did not complete in 300s. ---
2025-11-29 08:56:26,248 - ERROR - A thread has timed out and will be abandoned.
2025-11-29 08:56:26,248 - INFO - Shutting down thread pool (wait=False)...
2025-11-29 08:56:26,248 - INFO - Scraped: 0 BBC, 0 The Guardian, 2 The Hindu, 1 Timed_Out_Jobs articles. (Total saved: 2)
2025-11-29 08:56:26,248 - INFO - --- Scraping job finished ---
2025-11-29 08:56:26,248 - INFO - --- Scraper service stopped and database connection closed. ---
2025-11-29 08:56:26,248 - INFO - --- Main thread finished. Forcing process exit to kill zombie threads. ---
