2025-12-05 01:56:53,945 - INFO - Loading AI Semantic Model (all-MiniLM-L6-v2)...
2025-12-05 01:56:53,946 - INFO - Use pytorch device_name: cpu
2025-12-05 01:56:53,946 - INFO - Load pretrained SentenceTransformer: all-MiniLM-L6-v2
2025-12-05 01:56:54,613 - INFO - AI Model loaded successfully.
2025-12-05 01:56:54,613 - INFO - Initializing database connection at: news_articles.db
2025-12-05 01:56:54,614 - INFO - --- Scraper service started (CI Mode: Run Once) ---
2025-12-05 01:56:54,614 - INFO - --- Starting new scraping job (Parallel Mode) ---
2025-12-05 01:56:54,614 - INFO - Creating new robust session with 3 retries on 5xx/connection/read errors.
2025-12-05 01:56:54,614 - INFO - Proxy is DISABLED.
2025-12-05 01:56:54,614 - INFO - Starting scrape for BBC RSS feed: http://feeds.bbci.co.uk/news/world/rss.xml
2025-12-05 01:56:54,615 - INFO - [Times of India] (Thread) requires Selenium. Initializing driver...
2025-12-05 01:56:54,615 - INFO - Initializing headless Selenium Chrome driver (using SeleniumManager)...
2025-12-05 01:56:54,616 - INFO - Starting scrape for The Guardian RSS feed: https://www.theguardian.com/world/rss
2025-12-05 01:56:54,617 - INFO - [The Hindu] (Thread) requires Selenium. Initializing driver...
2025-12-05 01:56:54,617 - INFO - Initializing headless Selenium Chrome driver (using SeleniumManager)...
2025-12-05 01:56:54,617 - INFO - Submitted 4 jobs to thread pool. Waiting up to 300s for completion...
2025-12-05 01:56:54,831 - INFO - Found 45 articles in The Guardian RSS feed. Processing up to 20.
2025-12-05 01:56:54,831 - INFO - [The Guardian] Article: https://www.theguardian.com/world/2025/dec/04/us-eu-critical-minerals-project-drc-report-lobito-corridor
2025-12-05 01:56:54,831 - INFO - [The Guardian] Attempt 1/1: Trying with 'requests_browser' strategy...
2025-12-05 01:56:54,940 - INFO - [The Guardian] Success with 'requests_browser'. Found content (813 words).
2025-12-05 01:56:54,975 - INFO - Duplicate article skipped: US and EU critical minerals project could displace thousands in DRC – report | Democratic Republic of the Congo | The Guardian from The Guardian
2025-12-05 01:56:55,330 - INFO - Found 48 articles in BBC RSS feed. Processing up to 20.
2025-12-05 01:56:55,330 - INFO - [BBC] Article: https://www.bbc.com/news/articles/cgexgwr1wrro?at_medium=RSS&at_campaign=rss
2025-12-05 01:56:55,330 - INFO - [BBC] Attempt 1/1: Trying with 'requests_browser' strategy...
2025-12-05 01:56:55,815 - INFO - [BBC] Success with 'requests_browser'. Found content (809 words).
2025-12-05 01:56:55,850 - INFO - Duplicate article skipped: Putin says Russia will take Donbas by force or Ukraine's troops will withdraw from BBC
2025-12-05 01:56:55,951 - INFO - [The Guardian] Article: https://www.theguardian.com/global-development/2025/dec/04/aid-cuts-africa-uganda-stops-refugee-status-eritreans-somalis-ethiopians
2025-12-05 01:56:55,951 - INFO - [The Guardian] Attempt 1/1: Trying with 'requests_browser' strategy...
2025-12-05 01:56:55,988 - INFO - [The Guardian] Success with 'requests_browser'. Found content (587 words).
2025-12-05 01:56:56,025 - INFO - Duplicate article skipped: Uganda stops granting refugee status for Eritreans, Somalis and Ethiopians | Global development | The Guardian from The Guardian
2025-12-05 01:56:56,625 - INFO - [BBC] Article: https://www.bbc.com/news/articles/cj4q2vpggr9o?at_medium=RSS&at_campaign=rss
2025-12-05 01:56:56,625 - INFO - [BBC] Attempt 1/1: Trying with 'requests_browser' strategy...
2025-12-05 01:56:56,676 - INFO - [BBC] Success with 'requests_browser'. Found content (1436 words).
2025-12-05 01:56:56,716 - INFO - Duplicate article skipped: India-Russia: Why Putin and Modi are meeting in Delhi from BBC
2025-12-05 01:56:57,237 - INFO - [BBC] Article: https://www.bbc.com/news/articles/cde6d8wyp79o?at_medium=RSS&at_campaign=rss
2025-12-05 01:56:57,238 - INFO - [BBC] Attempt 1/1: Trying with 'requests_browser' strategy...
2025-12-05 01:56:57,279 - INFO - [BBC] Success with 'requests_browser'. Found content (813 words).
2025-12-05 01:56:57,319 - INFO - Duplicate article skipped: Ireland among countries boycotting Eurovision after Israel allowed to compete from BBC
2025-12-05 01:56:57,489 - INFO - [The Guardian] Article: https://www.theguardian.com/artanddesign/2025/dec/04/ibrahim-mahama-ghana-tops-artreview-power-list
2025-12-05 01:56:57,489 - INFO - [The Guardian] Attempt 1/1: Trying with 'requests_browser' strategy...
2025-12-05 01:56:57,553 - INFO - [The Guardian] Success with 'requests_browser'. Found content (604 words).
2025-12-05 01:56:57,709 - INFO - Duplicate article skipped: Ghana’s Ibrahim Mahama first African to top annual art power list | Art | The Guardian from The Guardian
2025-12-05 01:56:58,620 - INFO - [BBC] Article: https://www.bbc.com/news/articles/cz0nd088e09o?at_medium=RSS&at_campaign=rss
2025-12-05 01:56:58,620 - INFO - [BBC] Attempt 1/1: Trying with 'requests_browser' strategy...
2025-12-05 01:56:58,658 - INFO - [BBC] Success with 'requests_browser'. Found content (555 words).
2025-12-05 01:56:58,692 - INFO - Duplicate article skipped: Yasser Abu Shabab: Anti-Hamas militia leader killed in Gaza from BBC
2025-12-05 01:56:58,896 - INFO - [The Guardian] Article: https://www.theguardian.com/uk-news/2025/dec/03/british-troops-accused-of-human-rights-violations-environmental-destruction-and-sexual-abuse-in-kenya
2025-12-05 01:56:58,896 - INFO - [The Guardian] Attempt 1/1: Trying with 'requests_browser' strategy...
2025-12-05 01:56:59,041 - INFO - [The Guardian] Success with 'requests_browser'. Found content (772 words).
2025-12-05 01:56:59,085 - INFO - Duplicate article skipped: British troops accused of human rights violations and sexual abuse in Kenya | British army | The Guardian from The Guardian
2025-12-05 01:56:59,947 - INFO - [The Guardian] Article: https://www.theguardian.com/global-development/2025/dec/03/whistleblower-accuses-foreign-office-of-censoring-warning-of-sudan-genocide
2025-12-05 01:56:59,947 - INFO - [The Guardian] Attempt 1/1: Trying with 'requests_browser' strategy...
2025-12-05 01:56:59,975 - INFO - [BBC] Article: https://www.bbc.com/news/articles/c4gk7gz3d1eo?at_medium=RSS&at_campaign=rss
2025-12-05 01:56:59,975 - INFO - [BBC] Attempt 1/1: Trying with 'requests_browser' strategy...
2025-12-05 01:57:00,019 - INFO - [BBC] Success with 'requests_browser'. Found content (757 words).
2025-12-05 01:57:00,054 - INFO - Duplicate article skipped: 'All Israeli people are with us', say parents of last dead hostage in Gaza from BBC
2025-12-05 01:57:00,085 - INFO - [The Guardian] Success with 'requests_browser'. Found content (1465 words).
2025-12-05 01:57:00,134 - INFO - Duplicate article skipped: Whistleblower accuses Foreign Office of ‘censoring’ warning of Sudan genocide | Global development | The Guardian from The Guardian
2025-12-05 01:57:01,493 - INFO - [The Guardian] Article: https://www.theguardian.com/us-news/2025/dec/04/video-second-boat-strike-military-caribbean
2025-12-05 01:57:01,493 - INFO - [The Guardian] Attempt 1/1: Trying with 'requests_browser' strategy...
2025-12-05 01:57:01,503 - INFO - [BBC] Article: https://www.bbc.com/news/articles/cjrjn88jqn4o?at_medium=RSS&at_campaign=rss
2025-12-05 01:57:01,503 - INFO - [BBC] Attempt 1/1: Trying with 'requests_browser' strategy...
2025-12-05 01:57:01,537 - INFO - [The Guardian] Success with 'requests_browser'. Found content (1288 words).
2025-12-05 01:57:01,575 - INFO - Duplicate article skipped: Experts urge release of boat strike video as US admiral denies ‘kill them all’ order | US military | The Guardian from The Guardian
2025-12-05 01:57:01,601 - INFO - [BBC] Success with 'requests_browser'. Found content (1048 words).
2025-12-05 01:57:01,651 - INFO - Duplicate article skipped: Trump hosts signing of peace deal between leaders of DR Congo and Rwanda from BBC
2025-12-05 01:57:02,433 - INFO - Selenium driver initialized successfully.
2025-12-05 01:57:02,433 - INFO - Starting scrape for Times of India RSS feed: https://timesofindia.indiatimes.com/rssfeeds/296589292.cms
2025-12-05 01:57:02,434 - INFO - Selenium driver initialized successfully.
2025-12-05 01:57:02,434 - INFO - Starting scrape for The Hindu RSS feed: https://www.thehindu.com/news/national/feeder/default.rss
2025-12-05 01:57:02,644 - INFO - Found 100 articles in The Hindu RSS feed. Processing up to 20.
2025-12-05 01:57:02,645 - INFO - [The Hindu] Article: https://www.thehindu.com/news/national/uttar-pradesh/opposition-slams-lucknow-mayor-for-her-visit-to-slums-to-identify-illegal-immigrants/article70358254.ece
2025-12-05 01:57:02,645 - INFO - [The Hindu] Attempt 1/1: Trying with 'selenium_browser' strategy...
2025-12-05 01:57:02,649 - INFO - Found 20 articles in Times of India RSS feed. Processing up to 20.
2025-12-05 01:57:02,649 - INFO - [Times of India] Article: https://timesofindia.indiatimes.com/world/us-streamers/nick-fuentes-calls-out-candace-owens-after-her-tough-talk-does-not-match-her-tpusa-move-in-charlie-kirk-case/articleshow/125778011.cms
2025-12-05 01:57:02,649 - INFO - [Times of India] Attempt 1/1: Trying with 'selenium_browser' strategy...
2025-12-05 01:57:02,723 - INFO - [The Guardian] Article: https://www.theguardian.com/us-news/2025/dec/04/student-describes-horror-show-ice-deportation-to-honduras-at-thanksgiving
2025-12-05 01:57:02,723 - INFO - [The Guardian] Attempt 1/1: Trying with 'requests_browser' strategy...
2025-12-05 01:57:02,763 - INFO - [The Guardian] Success with 'requests_browser'. Found content (1024 words).
2025-12-05 01:57:02,814 - INFO - Duplicate article skipped: Student describes ‘horror show’ ICE deportation to Honduras at Thanksgiving | ICE (US Immigration and Customs Enforcement) | The Guardian from The Guardian
2025-12-05 01:57:03,112 - INFO - [BBC] Article: https://www.bbc.com/news/articles/c62d8v6jpwzo?at_medium=RSS&at_campaign=rss
2025-12-05 01:57:03,112 - INFO - [BBC] Attempt 1/1: Trying with 'requests_browser' strategy...
2025-12-05 01:57:03,169 - INFO - [BBC] Success with 'requests_browser'. Found content (700 words).
2025-12-05 01:57:03,224 - INFO - Duplicate article skipped: Police arrest suspect in DC pipe bomb incident, ending years-long manhunt from BBC
2025-12-05 01:57:03,413 - INFO - [The Guardian] Article: https://www.theguardian.com/us-news/2025/dec/04/venezuela-boat-strikes-legality-hegseth
2025-12-05 01:57:03,413 - INFO - [The Guardian] Attempt 1/1: Trying with 'requests_browser' strategy...
2025-12-05 01:57:03,559 - INFO - [The Guardian] Success with 'requests_browser'. Found content (1449 words).
2025-12-05 01:57:03,631 - INFO - Duplicate article skipped: Killing of survivors sparks outrage – but entire US ‘drug boat’ war is legally shaky | US military | The Guardian from The Guardian
2025-12-05 01:57:03,897 - INFO - [BBC] Article: https://www.bbc.com/news/articles/c157n1g977go?at_medium=RSS&at_campaign=rss
2025-12-05 01:57:03,897 - INFO - [BBC] Attempt 1/1: Trying with 'requests_browser' strategy...
2025-12-05 01:57:03,953 - INFO - [BBC] Success with 'requests_browser'. Found content (1110 words).
2025-12-05 01:57:04,015 - INFO - Duplicate article skipped: 'Like first aid for manuscripts': Recovery work begins at Gaza's war-damaged heritage sites from BBC
2025-12-05 01:57:04,324 - INFO - [The Guardian] Article: https://www.theguardian.com/us-news/2025/dec/03/epstein-caribbean-island-new-photo-video-release
2025-12-05 01:57:04,324 - INFO - [The Guardian] Attempt 1/1: Trying with 'requests_browser' strategy...
2025-12-05 01:57:04,543 - INFO - [The Guardian] Success with 'requests_browser'. Found content (373 words).
2025-12-05 01:57:04,729 - INFO - Duplicate article skipped: House Democrats release new images of Epstein’s private Caribbean island | Jeffrey Epstein | The Guardian from The Guardian
2025-12-05 01:57:05,039 - INFO - [BBC] Article: https://www.bbc.com/news/articles/cwyxjd6pxzro?at_medium=RSS&at_campaign=rss
2025-12-05 01:57:05,039 - INFO - [BBC] Attempt 1/1: Trying with 'requests_browser' strategy...
2025-12-05 01:57:05,187 - INFO - [BBC] Success with 'requests_browser'. Found content (1072 words).
2025-12-05 01:57:05,345 - INFO - Duplicate article skipped: Admiral testified Pete Hegseth did not give 'kill them all' order, US lawmakers say from BBC
2025-12-05 01:57:05,799 - INFO - [The Guardian] Article: https://www.theguardian.com/world/2025/dec/03/colombia-trump-warning-military-threat
2025-12-05 01:57:05,799 - INFO - [The Guardian] Attempt 1/1: Trying with 'requests_browser' strategy...
2025-12-05 01:57:05,905 - INFO - [The Guardian] Success with 'requests_browser'. Found content (612 words).
2025-12-05 01:57:06,122 - INFO - Duplicate article skipped: Colombia’s president warns Trump: ‘Do not wake the jaguar’ with threats of military strikes | Colombia | The Guardian from The Guardian
2025-12-05 01:57:06,554 - INFO - [BBC] Article: https://www.bbc.com/news/articles/c62n6y9yd70o?at_medium=RSS&at_campaign=rss
2025-12-05 01:57:06,555 - INFO - [BBC] Attempt 1/1: Trying with 'requests_browser' strategy...
2025-12-05 01:57:06,567 - INFO - [The Hindu] Page content loaded.
2025-12-05 01:57:06,746 - INFO - [BBC] Success with 'requests_browser'. Found content (475 words).
2025-12-05 01:57:06,860 - INFO - [The Hindu] Success with 'selenium_browser'. Found content (507 words).
2025-12-05 01:57:06,936 - INFO - Duplicate article skipped: Israel strikes south Lebanon after first direct talks in decades from BBC
2025-12-05 01:57:07,118 - INFO - [The Guardian] Article: https://www.theguardian.com/world/2025/dec/04/nauru-australia-offshore-processing-asylum-seekers-conditions-hunger-declining-health
2025-12-05 01:57:07,118 - INFO - [The Guardian] Attempt 1/1: Trying with 'requests_browser' strategy...
2025-12-05 01:57:07,618 - INFO - [BBC] Article: https://www.bbc.com/news/articles/cnv21vnyy9lo?at_medium=RSS&at_campaign=rss
2025-12-05 01:57:07,635 - INFO - [BBC] Attempt 1/1: Trying with 'requests_browser' strategy...
2025-12-05 01:57:07,725 - INFO - [The Guardian] Success with 'requests_browser'. Found content (883 words).
2025-12-05 01:57:08,049 - INFO - [BBC] Success with 'requests_browser'. Found content (199 words).
2025-12-05 01:57:11,175 - INFO - [Times of India] Page content loaded.
2025-12-05 01:57:11,625 - INFO - [Times of India] Success with 'selenium_browser'. Found content (428 words).
2025-12-05 01:57:30,306 - INFO - Saved article: Opposition slams Lucknow mayor for her visit to slums to identify ‘illegal immigrants’ - The Hindu from The Hindu
2025-12-05 01:57:30,306 - INFO - Duplicate article skipped: USGS alert sent for Nevada earthquake that did not happen from BBC
2025-12-05 01:57:30,306 - INFO - Duplicate article skipped: ‘Day by day I lose weight’: asylum seekers on Nauru get $115 a week, but a bag of grapes costs $20 | Nauru | The Guardian from The Guardian
2025-12-05 01:57:30,823 - INFO - [BBC] Article: https://www.bbc.com/news/articles/cwyv7ggqpjpo?at_medium=RSS&at_campaign=rss
2025-12-05 01:57:30,823 - INFO - [BBC] Attempt 1/1: Trying with 'requests_browser' strategy...
2025-12-05 01:57:30,830 - INFO - [The Hindu] Article: https://www.thehindu.com/news/national/karnataka/healthy-collaboration-and-competition-among-states-will-help-build-a-strong-and-diversified-space-industry/article70354235.ece
2025-12-05 01:57:30,830 - INFO - [The Hindu] Attempt 1/1: Trying with 'selenium_browser' strategy...
2025-12-05 01:57:30,918 - INFO - [BBC] Success with 'requests_browser'. Found content (918 words).
2025-12-05 01:57:31,223 - INFO - [The Guardian] Article: https://www.theguardian.com/world/2025/dec/04/thailand-scam-cyberscam-crackdown-arrests-south-east-asia
2025-12-05 01:57:31,223 - INFO - [The Guardian] Attempt 1/1: Trying with 'requests_browser' strategy...
2025-12-05 01:57:31,290 - INFO - [The Guardian] Success with 'requests_browser'. Found content (575 words).
2025-12-05 01:57:32,940 - INFO - [The Hindu] Page content loaded.
2025-12-05 01:57:33,163 - INFO - [The Hindu] Success with 'selenium_browser'. Found content (381 words).
2025-12-05 01:57:44,404 - INFO - Saved article: Nick Fuentes calls out Candace Owens after her tough talk does not match her TPUSA move in Charlie Kirk case - The Times of India from Times of India
2025-12-05 01:57:44,404 - INFO - Duplicate article skipped: Mange Kimambi: Tanzanian activist blocked from Instagram after mobilising election protests from BBC
2025-12-05 01:57:44,404 - INFO - Duplicate article skipped: Thailand seizes more than $300m in assets and issues 42 arrest warrants in cyberscam crackdown | Thailand | The Guardian from The Guardian
2025-12-05 01:57:45,089 - INFO - [Times of India] Article: https://timesofindia.indiatimes.com/world/us-streamers/get-shot-on-stream-asmongold-fears-twitch-could-face-a-deadly-crisis-if-nuisance-streamers-continue-to-thrive/articleshow/125777747.cms
2025-12-05 01:57:45,089 - INFO - [Times of India] Attempt 1/1: Trying with 'selenium_browser' strategy...
2025-12-05 01:57:45,791 - INFO - [The Guardian] Article: https://www.theguardian.com/news/2025/dec/04/hong-kong-fire-death-toll-protective-netting-remove
2025-12-05 01:57:45,791 - INFO - [The Guardian] Attempt 1/1: Trying with 'requests_browser' strategy...
2025-12-05 01:57:45,850 - INFO - [BBC] Article: https://www.bbc.com/news/articles/cp84y7jx2pzo?at_medium=RSS&at_campaign=rss
2025-12-05 01:57:45,850 - INFO - [BBC] Attempt 1/1: Trying with 'requests_browser' strategy...
2025-12-05 01:57:45,897 - INFO - [The Guardian] Success with 'requests_browser'. Found content (689 words).
2025-12-05 01:57:46,027 - INFO - [BBC] Success with 'requests_browser'. Found content (357 words).
2025-12-05 01:57:50,658 - INFO - [Times of India] Page content loaded.
2025-12-05 01:57:51,880 - INFO - [Times of India] Success with 'selenium_browser'. Found content (396 words).
2025-12-05 01:57:59,667 - INFO - Saved article: ‘Healthy competition among States will help build a strong and diversified space industry’ - The Hindu from The Hindu
2025-12-05 01:57:59,667 - INFO - Duplicate article skipped: Hong Kong warns ‘external forces’ working to exploit apartment fire, as death toll rises to 159 | Hong Kong apartment fires | The Guardian from The Guardian
2025-12-05 01:57:59,667 - INFO - Duplicate article skipped: South Korea: Government developing app showing real-time location of stalkers from BBC
2025-12-05 01:58:00,197 - INFO - [The Guardian] Article: https://www.theguardian.com/world/2025/dec/03/eu-strategy-raw-materials-rare-earths-supply-chain-resourceeu
2025-12-05 01:58:00,197 - INFO - [The Guardian] Attempt 1/1: Trying with 'requests_browser' strategy...
2025-12-05 01:58:00,257 - INFO - [The Guardian] Success with 'requests_browser'. Found content (725 words).
2025-12-05 01:58:00,294 - INFO - [BBC] Article: https://www.bbc.com/news/articles/c4g5rrlve33o?at_medium=RSS&at_campaign=rss
2025-12-05 01:58:00,294 - INFO - [BBC] Attempt 1/1: Trying with 'requests_browser' strategy...
2025-12-05 01:58:00,355 - INFO - [BBC] Success with 'requests_browser'. Found content (1003 words).
2025-12-05 01:58:01,040 - INFO - [The Hindu] Article: https://www.thehindu.com/news/national/karnataka/can-karnataka-retain-its-numero-uno-tag-as-indias-top-destination-for-space/article70353692.ece
2025-12-05 01:58:01,041 - INFO - [The Hindu] Attempt 1/1: Trying with 'selenium_browser' strategy...
2025-12-05 01:58:04,287 - INFO - [The Hindu] Page content loaded.
2025-12-05 01:58:04,415 - INFO - [The Hindu] Success with 'selenium_browser'. Found content (1458 words).
2025-12-05 01:58:13,947 - INFO - Saved article: “Get shot on stream”: Asmongold fears Twitch could face a deadly crisis if ‘nuisance streamers’ continue to thrive - The Times of India from Times of India
2025-12-05 01:58:13,947 - INFO - Duplicate article skipped: EU looks at legally forcing industries to reduce purchases from China | Mining | The Guardian from The Guardian
2025-12-05 01:58:13,948 - INFO - Duplicate article skipped: Previously unseen images of Jeffrey Epstein's island released from BBC
2025-12-05 01:58:14,557 - INFO - [BBC] Article: https://www.bbc.com/news/articles/cd6x2j4g3z7o?at_medium=RSS&at_campaign=rss
2025-12-05 01:58:14,557 - INFO - [BBC] Attempt 1/1: Trying with 'requests_browser' strategy...
2025-12-05 01:58:14,617 - INFO - [BBC] Success with 'requests_browser'. Found content (696 words).
2025-12-05 01:58:14,815 - INFO - [The Guardian] Article: https://www.theguardian.com/business/2025/dec/03/hsbc-appoints-interim-chair-brendan-nelson-to-permanent-role
2025-12-05 01:58:14,815 - INFO - [The Guardian] Attempt 1/1: Trying with 'requests_browser' strategy...
2025-12-05 01:58:14,958 - INFO - [The Guardian] Success with 'requests_browser'. Found content (605 words).
2025-12-05 01:58:15,020 - INFO - [Times of India] Article: https://timesofindia.indiatimes.com/world/us-streamers/candace-owens-drops-fierce-claim-as-federal-agent-tip-links-tpusa-to-hidden-egyptian-planes-story-in-charlie-kirk-assassination-case/articleshow/125777687.cms
2025-12-05 01:58:15,020 - INFO - [Times of India] Attempt 1/1: Trying with 'selenium_browser' strategy...
2025-12-05 01:58:16,568 - INFO - [Times of India] Page content loaded.
2025-12-05 01:58:16,804 - INFO - [Times of India] Success with 'selenium_browser'. Found content (490 words).
2025-12-05 01:58:34,071 - INFO - DEDUPLICATION: Found match (Score: 0.88). Linking to Cluster ID: 585cb72c-4fb6-4dd1-9892-9e657200c8de
2025-12-05 01:58:34,073 - INFO - Saved article: Can Karnataka retain tag of India’s top destination for space? - The Hindu from The Hindu
2025-12-05 01:58:34,073 - INFO - Duplicate article skipped: Israel says Palestinian groups returned body of Thai hostage from BBC
2025-12-05 01:58:34,073 - INFO - Duplicate article skipped: HSBC appoints interim chair Brendan Nelson to permanent role | HSBC | The Guardian from The Guardian
2025-12-05 01:58:34,628 - INFO - [The Guardian] Article: https://www.theguardian.com/australia-news/live/2025/dec/05/australia-news-live-skydivers-strike-aukus-review-anika-wells-travel-social-media-age-ban-coalition-labor-ntwnfb
2025-12-05 01:58:34,628 - INFO - [The Guardian] Attempt 1/1: Trying with 'requests_browser' strategy...
2025-12-05 01:58:35,136 - INFO - [The Guardian] Success with 'requests_browser'. Found content (2804 words).
2025-12-05 01:58:35,228 - INFO - [The Hindu] Article: https://www.thehindu.com/sci-tech/energy-and-environment/green-humour-cartoon-rohan-chakravarty-nicobar-environmental-issues-development-cost/article70348591.ece
2025-12-05 01:58:35,228 - INFO - [The Hindu] Attempt 1/1: Trying with 'selenium_browser' strategy...
2025-12-05 01:58:35,474 - INFO - [BBC] Article: https://www.bbc.com/news/articles/cqjg7w8z7dvo?at_medium=RSS&at_campaign=rss
2025-12-05 01:58:35,474 - INFO - [BBC] Attempt 1/1: Trying with 'requests_browser' strategy...
2025-12-05 01:58:35,540 - INFO - [BBC] Success with 'requests_browser'. Found content (385 words).
2025-12-05 01:58:38,634 - INFO - [The Hindu] Page content loaded.
2025-12-05 01:58:38,768 - WARNING - [The Hindu] FAILED with 'selenium_browser' (content was too short: 37 words).
2025-12-05 01:58:38,768 - ERROR - [The Hindu] All scrape strategies failed for https://www.thehindu.com/sci-tech/energy-and-environment/green-humour-cartoon-rohan-chakravarty-nicobar-environmental-issues-development-cost/article70348591.ece. Falling back to RSS description.
2025-12-05 01:58:47,421 - INFO - Saved article: Candace Owens drops fierce claim as federal agent tip links TPUSA to hidden Egyptian planes story in Charlie Kirk assassination case - The Times of India from Times of India
2025-12-05 01:58:47,421 - INFO - Duplicate article skipped: Australia news live: fresh Dezi Freeman search focused on finding body or evidence, police say; Canavan hopes Joyce will ‘see the light’ and return to Nationals | Australia news | The Guardian from The Guardian
2025-12-05 01:58:47,421 - INFO - Duplicate article skipped: Court sides with Adidas in appeal over Kanye West collaboration from BBC
2025-12-05 01:58:48,097 - INFO - [The Guardian] Article: https://www.theguardian.com/australia-news/2025/dec/05/australia-skydivers-strike
2025-12-05 01:58:48,097 - INFO - [The Guardian] Attempt 1/1: Trying with 'requests_browser' strategy...
2025-12-05 01:58:48,157 - INFO - [The Guardian] Success with 'requests_browser'. Found content (404 words).
2025-12-05 01:58:48,381 - INFO - [Times of India] Article: https://timesofindia.indiatimes.com/business/international-business/five-years-to-18-months-is-the-us-slashing-immigrant-work-authorization-heres-what-new-uscis-work-permit-rules-say/articleshow/125778167.cms
2025-12-05 01:58:48,381 - INFO - [Times of India] Attempt 1/1: Trying with 'selenium_browser' strategy...
2025-12-05 01:58:48,506 - INFO - [BBC] Article: https://www.bbc.com/news/articles/c5y9843engko?at_medium=RSS&at_campaign=rss
2025-12-05 01:58:48,506 - INFO - [BBC] Attempt 1/1: Trying with 'requests_browser' strategy...
2025-12-05 01:58:48,567 - INFO - [BBC] Success with 'requests_browser'. Found content (445 words).
2025-12-05 01:58:54,766 - INFO - [Times of India] Page content loaded.
2025-12-05 01:58:57,374 - INFO - [Times of India] Success with 'selenium_browser'. Found content (343 words).
2025-12-05 01:59:05,253 - INFO - Saved article: Environmental concerns in Nicobar | Green Humour by Rohan Chakravarty from The Hindu
2025-12-05 01:59:05,253 - INFO - Duplicate article skipped: Skydivers go on strike in three Australian states and claim pay has plummeted | Australia news | The Guardian from The Guardian
2025-12-05 01:59:05,253 - INFO - Duplicate article skipped: Pritam Singh: Singapore court upholds opposition leader's conviction from BBC
2025-12-05 01:59:06,284 - INFO - [The Guardian] Article: https://www.theguardian.com/business/2025/dec/04/labor-urged-to-target-gas-exporters-and-bring-in-east-coast-reserve-right-now-as-it-weighs-schemes-design
2025-12-05 01:59:06,284 - INFO - [The Guardian] Attempt 1/1: Trying with 'requests_browser' strategy...
2025-12-05 01:59:06,343 - INFO - [The Guardian] Success with 'requests_browser'. Found content (758 words).
2025-12-05 01:59:06,638 - INFO - [BBC] Article: https://www.bbc.com/news/articles/cm2054rdv52o?at_medium=RSS&at_campaign=rss
2025-12-05 01:59:06,638 - INFO - [BBC] Attempt 1/1: Trying with 'requests_browser' strategy...
2025-12-05 01:59:06,719 - INFO - [BBC] Success with 'requests_browser'. Found content (1064 words).
2025-12-05 01:59:06,737 - INFO - [The Hindu] Article: https://www.thehindu.com/books/book-review-the-eleventh-hour-author-salman-rushdieshort-stories-mumbai-2022-attack/article70338315.ece
2025-12-05 01:59:06,754 - INFO - [The Hindu] Attempt 1/1: Trying with 'selenium_browser' strategy...
2025-12-05 01:59:08,416 - INFO - [The Hindu] Page content loaded.
2025-12-05 01:59:08,760 - INFO - [The Hindu] Success with 'selenium_browser'. Found content (916 words).
2025-12-05 01:59:19,553 - INFO - Saved article: Five years to 18 months — is the US slashing immigrant work authorization? Here's what new USCIS work permit rules say - The Times of India from Times of India
2025-12-05 01:59:19,554 - INFO - Duplicate article skipped: Labor urged to target gas exporters and bring in east coast reserve ‘right now’ as it weighs scheme’s design | Gas | The Guardian from The Guardian
2025-12-05 01:59:19,554 - INFO - Duplicate article skipped: Hong Kong fire survivor: 'My heart breaks every time I'm called a hero' from BBC
2025-12-05 01:59:20,245 - INFO - [Times of India] Article: https://timesofindia.indiatimes.com/world/middle-east/who-was-yasser-abu-shabab-israel-backed-anti-hamas-militia-leader-killed-in-gaza/articleshow/125778042.cms
2025-12-05 01:59:20,245 - INFO - [Times of India] Attempt 1/1: Trying with 'selenium_browser' strategy...
2025-12-05 01:59:20,291 - INFO - [The Guardian] Article: https://www.theguardian.com/technology/2025/dec/04/hyperverse-bitcoin-rodney-us-court-australian-sam-lee-ntwnfb
2025-12-05 01:59:20,291 - INFO - [The Guardian] Attempt 1/1: Trying with 'requests_browser' strategy...
2025-12-05 01:59:20,415 - INFO - [The Guardian] Success with 'requests_browser'. Found content (855 words).
2025-12-05 01:59:20,716 - INFO - [BBC] Article: https://www.bbc.com/news/articles/cnv21m0zpjmo?at_medium=RSS&at_campaign=rss
2025-12-05 01:59:20,716 - INFO - [BBC] Attempt 1/1: Trying with 'requests_browser' strategy...
2025-12-05 01:59:20,787 - INFO - [BBC] Success with 'requests_browser'. Found content (270 words).
2025-12-05 01:59:22,194 - INFO - [Times of India] Page content loaded.
2025-12-05 01:59:22,413 - INFO - [Times of India] Success with 'selenium_browser'. Found content (600 words).
2025-12-05 01:59:37,339 - INFO - Saved article: Salman Rushdie and his magic space | Review of The Eleventh Hour - The Hindu from The Hindu
2025-12-05 01:59:37,339 - INFO - Duplicate article skipped: HyperVerse promoter ‘Bitcoin Rodney’ accuses Australian Sam Lee in US court of duping him with ‘elaborate deception’ | HyperVerse | The Guardian from The Guardian
2025-12-05 01:59:37,340 - INFO - Duplicate article skipped: Gaza: Five killed in Israeli air strikes on tents near Khan Younis, medics say from BBC
2025-12-05 01:59:38,014 - INFO - [BBC] Article: https://www.bbc.com/news/articles/cpwk7xen544o?at_medium=RSS&at_campaign=rss
2025-12-05 01:59:38,015 - INFO - [BBC] Attempt 1/1: Trying with 'requests_browser' strategy...
2025-12-05 01:59:38,069 - INFO - [BBC] Success with 'requests_browser'. Found content (668 words).
2025-12-05 01:59:38,621 - INFO - [The Guardian] Article: https://www.theguardian.com/australia-news/2025/dec/04/tasmanian-parliament-finally-approves-113bn-hobart-stadium-plan
2025-12-05 01:59:38,621 - INFO - [The Guardian] Attempt 1/1: Trying with 'requests_browser' strategy...
2025-12-05 01:59:38,665 - INFO - [The Hindu] Article: https://www.thehindu.com/sci-tech/energy-and-environment/world-soil-day-grassland-soils-not-trees-anchor-indias-climate-resilience/article70356791.ece
2025-12-05 01:59:38,665 - INFO - [The Hindu] Attempt 1/1: Trying with 'selenium_browser' strategy...
2025-12-05 01:59:38,951 - INFO - [The Guardian] Success with 'requests_browser'. Found content (544 words).
2025-12-05 01:59:40,208 - INFO - [The Hindu] Page content loaded.
2025-12-05 01:59:40,414 - INFO - [The Hindu] Success with 'selenium_browser'. Found content (1019 words).
2025-12-05 01:59:51,663 - INFO - DEDUPLICATION: Found match (Score: 0.91). Linking to Cluster ID: 7f1da498-40da-46b7-b64a-85c9324e099e
2025-12-05 01:59:51,671 - INFO - Saved article: Who was Yasser Abu Shabab? Israel-backed anti-Hamas militia leader killed in Gaza - The Times of India from Times of India
2025-12-05 01:59:51,672 - INFO - Duplicate article skipped: Israel says Rafah crossing to open soon to let Gazans leave via Egypt from BBC
2025-12-05 01:59:51,672 - INFO - Duplicate article skipped: Tasmanian parliament finally approves $1.13bn Hobart stadium plan | Tasmania | The Guardian from The Guardian
2025-12-05 01:59:52,391 - INFO - [Times of India] Article: https://timesofindia.indiatimes.com/world/us/grand-jury-rejects-justice-departments-bid-to-revive-criminal-case-against-new-york-attorney-general-letitia-james/articleshow/125777872.cms
2025-12-05 01:59:52,391 - INFO - [Times of India] Attempt 1/1: Trying with 'selenium_browser' strategy...
2025-12-05 01:59:55,051 - INFO - [Times of India] Page content loaded.
2025-12-05 01:59:55,227 - INFO - [Times of India] Success with 'selenium_browser'. Found content (361 words).
2025-12-05 02:00:06,168 - INFO - Saved article: World Soil Day: Grassland soils, not trees, anchor India’s climate resilience - The Hindu from The Hindu
2025-12-05 02:00:07,203 - INFO - [The Hindu] Article: https://www.thehindu.com/sci-tech/health/from-robotic-surgery-to-radiation-beams-understanding-precision-healing-in-oncology/article70352474.ece
2025-12-05 02:00:07,203 - INFO - [The Hindu] Attempt 1/1: Trying with 'selenium_browser' strategy...
2025-12-05 02:00:09,269 - INFO - [The Hindu] Page content loaded.
2025-12-05 02:00:10,142 - INFO - [The Hindu] Success with 'selenium_browser'. Found content (861 words).
2025-12-05 02:00:19,703 - INFO - Saved article: Grand jury rejects justice department's bid to revive criminal case against New York Attorney General Letitia James - The Times of India from Times of India
2025-12-05 02:00:21,131 - INFO - [Times of India] Article: https://timesofindia.indiatimes.com/world/us/us-supreme-court-lets-texas-use-new-congressional-map-boosting-gop-ahead-of-2026-midterms/articleshow/125777833.cms
2025-12-05 02:00:21,131 - INFO - [Times of India] Attempt 1/1: Trying with 'selenium_browser' strategy...
2025-12-05 02:00:22,768 - INFO - [Times of India] Page content loaded.
2025-12-05 02:00:22,916 - INFO - [Times of India] Success with 'selenium_browser'. Found content (361 words).
2025-12-05 02:00:34,417 - INFO - Saved article: From robotic surgery to radiation beams: understanding precision healing in oncology - The Hindu from The Hindu
2025-12-05 02:00:35,241 - INFO - [The Hindu] Article: https://www.thehindu.com/news/national/uttar-pradesh/nations-identity-is-rooted-in-its-culture-traditions-and-the-legacy-of-great-personalities-says-up-cm-yogi/article70358495.ece
2025-12-05 02:00:35,241 - INFO - [The Hindu] Attempt 1/1: Trying with 'selenium_browser' strategy...
2025-12-05 02:00:37,835 - INFO - [The Hindu] Page content loaded.
2025-12-05 02:00:38,012 - INFO - [The Hindu] Success with 'selenium_browser'. Found content (326 words).
2025-12-05 02:00:47,818 - INFO - Saved article: US Supreme Court lets Texas use new Congressional map, boosting GOP ahead of 2026 midterms - The Times of India from Times of India
2025-12-05 02:00:48,636 - INFO - [Times of India] Article: https://timesofindia.indiatimes.com/etimes/trending/traveller-who-visited-every-country-says-north-korea-nearly-put-him-in-prison-after-friend-scattered-ashes/articleshow/125777751.cms
2025-12-05 02:00:48,636 - INFO - [Times of India] Attempt 1/1: Trying with 'selenium_browser' strategy...
2025-12-05 02:00:50,620 - INFO - [Times of India] Page content loaded.
2025-12-05 02:00:50,927 - INFO - [Times of India] Success with 'selenium_browser'. Found content (791 words).
2025-12-05 02:01:02,376 - INFO - Saved article: Nation’s identity is rooted in its culture, traditions, and the legacy of great personalities, says U.P. CM Yogi - The Hindu from The Hindu
2025-12-05 02:01:02,963 - INFO - [The Hindu] Article: https://www.thehindu.com/news/national/tamil-nadu/lifetime-achievement-award-presented-to-tk-padmanabhan/article70358307.ece
2025-12-05 02:01:02,963 - INFO - [The Hindu] Attempt 1/1: Trying with 'selenium_browser' strategy...
2025-12-05 02:01:05,434 - INFO - [The Hindu] Page content loaded.
2025-12-05 02:01:05,521 - INFO - [The Hindu] Success with 'selenium_browser'. Found content (255 words).
2025-12-05 02:01:15,965 - INFO - Saved article: Traveller who visited every country says North Korea nearly put him in prison after friend scattered ashes | - The Times of India from Times of India
2025-12-05 02:01:16,902 - INFO - [Times of India] Article: https://timesofindia.indiatimes.com/world/us-streamers/hasanabi-blasts-asmongold-ethan-klein-destiny-for-hyping-free-kaya-sniper/articleshow/125775312.cms
2025-12-05 02:01:16,902 - INFO - [Times of India] Attempt 1/1: Trying with 'selenium_browser' strategy...
2025-12-05 02:01:20,847 - INFO - [Times of India] Page content loaded.
2025-12-05 02:01:21,000 - INFO - [Times of India] Success with 'selenium_browser'. Found content (504 words).
2025-12-05 02:01:33,851 - INFO - Saved article: Lifetime Achievement Award presented to T.K. Padmanabhan - The Hindu from The Hindu
2025-12-05 02:01:33,851 - INFO - Duplicate article skipped: HasanAbi blasts Asmongold, Ethan Klein, Destiny for hyping “Free Kaya” sniper - The Times of India from Times of India
2025-12-05 02:01:34,608 - INFO - [Times of India] Article: https://timesofindia.indiatimes.com/etimes/trending/jack-the-ripper-solved-dna-on-a-shawl-points-to-a-polish-19th-century-immigrant-experts-say-it-cant-be/articleshow/125771521.cms
2025-12-05 02:01:34,608 - INFO - [Times of India] Attempt 1/1: Trying with 'selenium_browser' strategy...
2025-12-05 02:01:35,144 - INFO - [The Hindu] Article: https://www.thehindu.com/news/national/maharashtra/mahayutigave-financial-and-intellectual-bankruptcy-congress/article70358489.ece
2025-12-05 02:01:35,144 - INFO - [The Hindu] Attempt 1/1: Trying with 'selenium_browser' strategy...
2025-12-05 02:01:36,871 - INFO - [The Hindu] Page content loaded.
2025-12-05 02:01:36,948 - INFO - [The Hindu] Success with 'selenium_browser'. Found content (311 words).
2025-12-05 02:01:39,004 - INFO - [Times of India] Page content loaded.
2025-12-05 02:01:40,063 - INFO - [Times of India] Success with 'selenium_browser'. Found content (885 words).
2025-12-05 02:01:51,824 - INFO - Saved article: Mahayuti gave financial and intellectual bankruptcy: Congress - The Hindu from The Hindu
2025-12-05 02:01:52,594 - INFO - [The Hindu] Article: https://www.thehindu.com/news/national/tamil-nadu/enduring-symbol-of-a-lasting-bond-between-great-music-and-fine-food/article70357135.ece
2025-12-05 02:01:52,594 - INFO - [The Hindu] Attempt 1/1: Trying with 'selenium_browser' strategy...
2025-12-05 02:01:54,491 - INFO - [The Hindu] Page content loaded.
2025-12-05 02:01:54,618 - CRITICAL - --- TIMEOUT: 2 scrape jobs did not complete in 300s. ---
2025-12-05 02:01:54,618 - ERROR - A thread has timed out and will be abandoned.
2025-12-05 02:01:54,618 - ERROR - A thread has timed out and will be abandoned.
2025-12-05 02:01:54,618 - INFO - Shutting down thread pool (wait=False)...
2025-12-05 02:01:54,618 - INFO - Scraped: 0 The Guardian, 0 BBC, 2 Timed_Out_Jobs articles. (Total saved: 0)
2025-12-05 02:01:54,622 - INFO - --- Scraping job finished ---
2025-12-05 02:01:54,622 - INFO - --- Scraper service stopped and database connection closed. ---
2025-12-05 02:01:54,622 - INFO - --- Main thread finished. Forcing process exit to kill zombie threads. ---
