2025-11-30 09:41:57,082 - INFO - Loading AI Semantic Model (all-MiniLM-L6-v2)...
2025-11-30 09:41:57,083 - INFO - Use pytorch device_name: cpu
2025-11-30 09:41:57,083 - INFO - Load pretrained SentenceTransformer: all-MiniLM-L6-v2
2025-11-30 09:41:58,403 - INFO - AI Model loaded successfully.
2025-11-30 09:41:58,404 - INFO - Initializing database connection at: news_articles.db
2025-11-30 09:41:58,404 - INFO - --- Scraper service started (CI Mode: Run Once) ---
2025-11-30 09:41:58,404 - INFO - --- Starting new scraping job (Parallel Mode) ---
2025-11-30 09:41:58,404 - INFO - Creating new robust session with 3 retries on 5xx/connection/read errors.
2025-11-30 09:41:58,404 - INFO - Proxy is DISABLED.
2025-11-30 09:41:58,404 - INFO - Starting scrape for BBC RSS feed: http://feeds.bbci.co.uk/news/world/rss.xml
2025-11-30 09:41:58,405 - INFO - [Times of India] (Thread) requires Selenium. Initializing driver...
2025-11-30 09:41:58,405 - INFO - Initializing headless Selenium Chrome driver (using SeleniumManager)...
2025-11-30 09:41:58,406 - INFO - Starting scrape for The Guardian RSS feed: https://www.theguardian.com/world/rss
2025-11-30 09:41:58,408 - INFO - [The Hindu] (Thread) requires Selenium. Initializing driver...
2025-11-30 09:41:58,408 - INFO - Initializing headless Selenium Chrome driver (using SeleniumManager)...
2025-11-30 09:41:58,408 - INFO - Submitted 4 jobs to thread pool. Waiting up to 300s for completion...
2025-11-30 09:41:58,524 - INFO - Found 27 articles in BBC RSS feed. Processing up to 20.
2025-11-30 09:41:58,524 - INFO - [BBC] Article: https://www.bbc.com/news/articles/c741mpdyw9no?at_medium=RSS&at_campaign=rss
2025-11-30 09:41:58,524 - INFO - [BBC] Attempt 1/1: Trying with 'requests_browser' strategy...
2025-11-30 09:41:58,580 - INFO - Found 45 articles in The Guardian RSS feed. Processing up to 20.
2025-11-30 09:41:58,580 - INFO - [The Guardian] Article: https://www.theguardian.com/world/2025/nov/28/jacob-zuma-daughter-resigns-claims-south-africans-tricked-fight-russia
2025-11-30 09:41:58,580 - INFO - [The Guardian] Attempt 1/1: Trying with 'requests_browser' strategy...
2025-11-30 09:41:58,605 - INFO - [The Guardian] Success with 'requests_browser'. Found content (753 words).
2025-11-30 09:41:58,640 - INFO - Duplicate article skipped: Jacob Zuma’s daughter resigns amid claims South Africans tricked to fight for Russia | South Africa | The Guardian from The Guardian
2025-11-30 09:41:58,810 - INFO - [BBC] Success with 'requests_browser'. Found content (529 words).
2025-11-30 09:41:58,850 - INFO - Duplicate article skipped: Venezuela calls Trump airspace closure warning 'colonialist threat' from BBC
2025-11-30 09:41:59,580 - INFO - [The Guardian] Article: https://www.theguardian.com/environment/2025/nov/28/africa-forests-transformed-carbon-sink-carbon-source-study
2025-11-30 09:41:59,580 - INFO - [The Guardian] Attempt 1/1: Trying with 'requests_browser' strategy...
2025-11-30 09:41:59,601 - INFO - [The Guardian] Success with 'requests_browser'. Found content (458 words).
2025-11-30 09:41:59,638 - INFO - Duplicate article skipped: Africa’s forests transformed from carbon sink to carbon source, study finds | Climate crisis | The Guardian from The Guardian
2025-11-30 09:41:59,978 - INFO - [BBC] Article: https://www.bbc.com/news/articles/c5y9ejley9do?at_medium=RSS&at_campaign=rss
2025-11-30 09:41:59,978 - INFO - [BBC] Attempt 1/1: Trying with 'requests_browser' strategy...
2025-11-30 09:42:00,244 - INFO - [The Guardian] Article: https://www.theguardian.com/world/2025/nov/26/guinea-bissau-officers-take-total-control-close-borders-amid-election-chaos
2025-11-30 09:42:00,244 - INFO - [The Guardian] Attempt 1/1: Trying with 'requests_browser' strategy...
2025-11-30 09:42:00,264 - INFO - [The Guardian] Success with 'requests_browser'. Found content (412 words).
2025-11-30 09:42:00,299 - INFO - Duplicate article skipped: Guinea-Bissau military takes ‘total control’ amid election chaos | Guinea-Bissau | The Guardian from The Guardian
2025-11-30 09:42:00,562 - INFO - [BBC] Success with 'requests_browser'. Found content (729 words).
2025-11-30 09:42:00,601 - INFO - Duplicate article skipped: Hundreds dead and missing in flooding across South East Asia from BBC
2025-11-30 09:42:01,173 - INFO - [BBC] Article: https://www.bbc.com/news/articles/cvg81p61dnmo?at_medium=RSS&at_campaign=rss
2025-11-30 09:42:01,173 - INFO - [BBC] Attempt 1/1: Trying with 'requests_browser' strategy...
2025-11-30 09:42:01,208 - INFO - [BBC] Success with 'requests_browser'. Found content (252 words).
2025-11-30 09:42:01,242 - INFO - Duplicate article skipped: Stockton mass shooting: Four killed in California child's birthday party from BBC
2025-11-30 09:42:01,416 - INFO - [The Guardian] Article: https://www.theguardian.com/world/2025/nov/25/nigerian-schoolgirls-rescued-after-mass-abduction-in-kebbi
2025-11-30 09:42:01,417 - INFO - [The Guardian] Attempt 1/1: Trying with 'requests_browser' strategy...
2025-11-30 09:42:01,442 - INFO - [The Guardian] Success with 'requests_browser'. Found content (515 words).
2025-11-30 09:42:01,610 - INFO - Duplicate article skipped: Nigerian schoolgirls rescued after mass abduction in Kebbi | Nigeria | The Guardian from The Guardian
2025-11-30 09:42:01,876 - INFO - [BBC] Article: https://www.bbc.com/news/articles/cp9ky5z2gx0o?at_medium=RSS&at_campaign=rss
2025-11-30 09:42:01,876 - INFO - [BBC] Attempt 1/1: Trying with 'requests_browser' strategy...
2025-11-30 09:42:02,449 - INFO - [BBC] Success with 'requests_browser'. Found content (508 words).
2025-11-30 09:42:02,484 - INFO - Duplicate article skipped: Ukraine hits tankers in Black Sea in escalation against Russia from BBC
2025-11-30 09:42:02,562 - INFO - [The Guardian] Article: https://www.theguardian.com/world/2025/nov/25/jacob-zuma-daughter-accused-tricking-men-fighting-for-russia-in-ukraine
2025-11-30 09:42:02,562 - INFO - [The Guardian] Attempt 1/1: Trying with 'requests_browser' strategy...
2025-11-30 09:42:02,736 - INFO - [The Guardian] Success with 'requests_browser'. Found content (656 words).
2025-11-30 09:42:02,781 - INFO - Duplicate article skipped: Jacob Zuma’s daughter accused of tricking men into fighting for Russia in Ukraine | South Africa | The Guardian from The Guardian
2025-11-30 09:42:03,681 - INFO - [The Guardian] Article: https://www.theguardian.com/world/2025/nov/29/donald-trump-venezuela-airspace-closure
2025-11-30 09:42:03,681 - INFO - [The Guardian] Attempt 1/1: Trying with 'requests_browser' strategy...
2025-11-30 09:42:03,700 - INFO - [The Guardian] Success with 'requests_browser'. Found content (363 words).
2025-11-30 09:42:03,735 - INFO - Duplicate article skipped: Venezuela denounces ‘colonialist threat’ as Trump orders airspace closed | Venezuela | The Guardian from The Guardian
2025-11-30 09:42:03,859 - INFO - [BBC] Article: https://www.bbc.com/news/articles/cz0nljm4y74o?at_medium=RSS&at_campaign=rss
2025-11-30 09:42:03,859 - INFO - [BBC] Attempt 1/1: Trying with 'requests_browser' strategy...
2025-11-30 09:42:04,619 - INFO - [The Guardian] Article: https://www.theguardian.com/us-news/2025/nov/29/pete-hegseth-denies-ordering-deaths-narco-boat
2025-11-30 09:42:04,619 - INFO - [The Guardian] Attempt 1/1: Trying with 'requests_browser' strategy...
2025-11-30 09:42:04,641 - INFO - [The Guardian] Success with 'requests_browser'. Found content (846 words).
2025-11-30 09:42:04,691 - INFO - Duplicate article skipped: Pete Hegseth denies he gave orders to ‘kill everybody’ on alleged ‘narco-boat’ | Pete Hegseth | The Guardian from The Guardian
2025-11-30 09:42:05,314 - INFO - [BBC] Success with 'requests_browser'. Found content (844 words).
2025-11-30 09:42:05,349 - INFO - Duplicate article skipped: Andriy Yermak: How Zelensky's right-hand man fell from power from BBC
2025-11-30 09:42:05,977 - INFO - [The Guardian] Article: https://www.theguardian.com/world/2025/nov/29/uk-mps-extra-aid-humanitarian-visas-jamaica-hurricane-melissa-dawn-butler
2025-11-30 09:42:05,977 - INFO - [The Guardian] Attempt 1/1: Trying with 'requests_browser' strategy...
2025-11-30 09:42:06,002 - INFO - [The Guardian] Success with 'requests_browser'. Found content (873 words).
2025-11-30 09:42:06,042 - INFO - Duplicate article skipped: UK MPs push for extra aid and visas as Jamaica reels from Hurricane Melissa | Jamaica | The Guardian from The Guardian
2025-11-30 09:42:06,644 - INFO - [BBC] Article: https://www.bbc.com/news/videos/cy5gn3vpxpno?at_medium=RSS&at_campaign=rss
2025-11-30 09:42:06,644 - INFO - [BBC] Attempt 1/1: Trying with 'requests_browser' strategy...
2025-11-30 09:42:06,688 - INFO - [BBC] Success with 'requests_browser'. Found content (105 words).
2025-11-30 09:42:06,734 - INFO - Duplicate article skipped: Watch: Moment huge fireball destroys Sydney waste facility from BBC
2025-11-30 09:42:07,039 - INFO - [The Guardian] Article: https://www.theguardian.com/us-news/2025/nov/28/trump-pardon-honduras-hernandez-drugs
2025-11-30 09:42:07,039 - INFO - [The Guardian] Attempt 1/1: Trying with 'requests_browser' strategy...
2025-11-30 09:42:07,060 - INFO - [The Guardian] Success with 'requests_browser'. Found content (558 words).
2025-11-30 09:42:07,096 - INFO - Duplicate article skipped: Trump to pardon ex-Honduras leader serving drug trafficking sentence in US | Donald Trump | The Guardian from The Guardian
2025-11-30 09:42:07,293 - INFO - Selenium driver initialized successfully.
2025-11-30 09:42:07,293 - INFO - Starting scrape for Times of India RSS feed: https://timesofindia.indiatimes.com/rssfeeds/296589292.cms
2025-11-30 09:42:07,295 - INFO - Selenium driver initialized successfully.
2025-11-30 09:42:07,295 - INFO - Starting scrape for The Hindu RSS feed: https://www.thehindu.com/news/national/feeder/default.rss
2025-11-30 09:42:07,395 - INFO - [BBC] Article: https://www.bbc.com/news/articles/c8e97kl240lo?at_medium=RSS&at_campaign=rss
2025-11-30 09:42:07,396 - INFO - [BBC] Attempt 1/1: Trying with 'requests_browser' strategy...
2025-11-30 09:42:07,487 - INFO - Found 20 articles in Times of India RSS feed. Processing up to 20.
2025-11-30 09:42:07,487 - INFO - [Times of India] Article: https://timesofindia.indiatimes.com/world/middle-east/uae-announces-rise-in-fuel-prices-for-december-2025-new-petrol-and-diesel-rates-explained/articleshow/125670749.cms
2025-11-30 09:42:07,487 - INFO - [Times of India] Attempt 1/1: Trying with 'selenium_browser' strategy...
2025-11-30 09:42:08,110 - INFO - Found 100 articles in The Hindu RSS feed. Processing up to 20.
2025-11-30 09:42:08,110 - INFO - [The Hindu] Article: https://www.thehindu.com/news/national/telangana/cyber-crime-unit-arrests-three-in-192-crore-digital-arrest-scam/article70341217.ece
2025-11-30 09:42:08,110 - INFO - [The Hindu] Attempt 1/1: Trying with 'selenium_browser' strategy...
2025-11-30 09:42:08,388 - INFO - [The Guardian] Article: https://www.theguardian.com/us-news/2025/nov/28/college-student-deported-boston-flight-thanksgiving
2025-11-30 09:42:08,388 - INFO - [The Guardian] Attempt 1/1: Trying with 'requests_browser' strategy...
2025-11-30 09:42:08,416 - INFO - [The Guardian] Success with 'requests_browser'. Found content (274 words).
2025-11-30 09:42:08,468 - INFO - Duplicate article skipped: College student deported when flying home for Thanksgiving, despite court order | ICE (US Immigration and Customs Enforcement) | The Guardian from The Guardian
2025-11-30 09:42:09,231 - INFO - [BBC] Success with 'requests_browser'. Found content (324 words).
2025-11-30 09:42:09,293 - INFO - Duplicate article skipped: More than 70,000 killed in Gaza since Israel offensive began, Hamas-run health ministry says from BBC
2025-11-30 09:42:09,350 - INFO - [The Guardian] Article: https://www.theguardian.com/world/2025/nov/30/japan-one-piece-singer-maki-otsuki-stopped-mid-performance-as-japan-china-relations-sour
2025-11-30 09:42:09,350 - INFO - [The Guardian] Attempt 1/1: Trying with 'requests_browser' strategy...
2025-11-30 09:42:09,392 - INFO - [The Guardian] Success with 'requests_browser'. Found content (310 words).
2025-11-30 09:42:09,458 - INFO - Duplicate article skipped: Japan ‘One Piece’ singer stopped mid-performance as Japan-China relations sour | Japan | The Guardian from The Guardian
2025-11-30 09:42:10,476 - INFO - [BBC] Article: https://www.bbc.com/news/articles/c93wnyxjkxko?at_medium=RSS&at_campaign=rss
2025-11-30 09:42:10,476 - INFO - [BBC] Attempt 1/1: Trying with 'requests_browser' strategy...
2025-11-30 09:42:10,555 - INFO - [BBC] Success with 'requests_browser'. Found content (309 words).
2025-11-30 09:42:10,601 - INFO - [The Guardian] Article: https://www.theguardian.com/us-news/ng-interactive/2025/nov/30/all-the-presidents-millions-how-the-trumps-are-turning-the-presidency-into-riches
2025-11-30 09:42:10,601 - INFO - [The Guardian] Attempt 1/1: Trying with 'requests_browser' strategy...
2025-11-30 09:42:10,748 - INFO - Duplicate article skipped: French farm has €90,000 worth of escargot snails stolen from BBC
2025-11-30 09:42:10,863 - INFO - [The Guardian] Success with 'requests_browser'. Found content (2635 words).
2025-11-30 09:42:11,002 - INFO - Duplicate article skipped: All the president’s millions: how the Trumps are turning the presidency into riches | Donald Trump | The Guardian from The Guardian
2025-11-30 09:42:11,572 - INFO - [BBC] Article: https://www.bbc.com/news/articles/ce865kpdzz8o?at_medium=RSS&at_campaign=rss
2025-11-30 09:42:11,572 - INFO - [BBC] Attempt 1/1: Trying with 'requests_browser' strategy...
2025-11-30 09:42:11,722 - INFO - [The Guardian] Article: https://www.theguardian.com/news/2025/nov/30/anger-mounts-in-hong-kong-over-apartment-fires-as-beijing-warns-against-anti-china-disruptors
2025-11-30 09:42:11,722 - INFO - [The Guardian] Attempt 1/1: Trying with 'requests_browser' strategy...
2025-11-30 09:42:11,734 - INFO - [BBC] Success with 'requests_browser'. Found content (356 words).
2025-11-30 09:42:11,961 - INFO - [The Guardian] Success with 'requests_browser'. Found content (560 words).
2025-11-30 09:42:12,035 - INFO - Duplicate article skipped: Australian prime minister Albanese becomes first to wed in office from BBC
2025-11-30 09:42:12,136 - INFO - Duplicate article skipped: Anger mounts in Hong Kong over apartment fires as Beijing warns against ‘anti-China disruptors’ | Hong Kong apartment fires | The Guardian from The Guardian
2025-11-30 09:42:13,295 - INFO - [The Guardian] Article: https://www.theguardian.com/world/2025/nov/29/indonesia-and-thailand-flooding-death-toll-tops-350-as-rescuers-struggle-to-reach-worst-hit-areas
2025-11-30 09:42:13,295 - INFO - [The Guardian] Attempt 1/1: Trying with 'requests_browser' strategy...
2025-11-30 09:42:13,325 - INFO - [The Guardian] Success with 'requests_browser'. Found content (645 words).
2025-11-30 09:42:13,376 - INFO - Duplicate article skipped: At least 500 killed in south-east Asia floods and landslides | Indonesia | The Guardian from The Guardian
2025-11-30 09:42:13,461 - INFO - [BBC] Article: https://www.bbc.com/news/articles/cp39yw120kdo?at_medium=RSS&at_campaign=rss
2025-11-30 09:42:13,461 - INFO - [BBC] Attempt 1/1: Trying with 'requests_browser' strategy...
2025-11-30 09:42:13,551 - INFO - [BBC] Success with 'requests_browser'. Found content (376 words).
2025-11-30 09:42:14,238 - INFO - [The Guardian] Article: https://www.theguardian.com/news/2025/nov/29/hong-kong-begins-three-days-of-mourning-after-deadly-apartment-fires
2025-11-30 09:42:14,238 - INFO - [The Guardian] Attempt 1/1: Trying with 'requests_browser' strategy...
2025-11-30 09:42:14,275 - INFO - Duplicate article skipped: The Wiggles issue statement after appearing in Ecstasy music video from BBC
2025-11-30 09:42:14,358 - INFO - [The Guardian] Success with 'requests_browser'. Found content (679 words).
2025-11-30 09:42:14,611 - INFO - Duplicate article skipped: Hong Kong begins three days of mourning after deadly apartment fires | Hong Kong apartment fires | The Guardian from The Guardian
2025-11-30 09:42:14,688 - INFO - [The Hindu] Page content loaded.
2025-11-30 09:42:15,150 - INFO - [The Hindu] Success with 'selenium_browser'. Found content (327 words).
2025-11-30 09:42:15,605 - INFO - [BBC] Article: https://www.bbc.com/news/articles/c4gp917zr8no?at_medium=RSS&at_campaign=rss
2025-11-30 09:42:15,606 - INFO - [BBC] Attempt 1/1: Trying with 'requests_browser' strategy...
2025-11-30 09:42:15,608 - INFO - [The Guardian] Article: https://www.theguardian.com/australia-news/live/2025/nov/30/australia-news-live-jetstar-flights-resume-anthony-albanese-sussan-ley-labor-part-coalition-melbourne-metro-tunnel-ntwnfb
2025-11-30 09:42:15,610 - INFO - [The Guardian] Attempt 1/1: Trying with 'requests_browser' strategy...
2025-11-30 09:42:15,983 - INFO - [BBC] Success with 'requests_browser'. Found content (355 words).
2025-11-30 09:42:16,997 - INFO - [The Guardian] Success with 'requests_browser'. Found content (2440 words).
2025-11-30 09:42:34,935 - INFO - DEDUPLICATION: Found match (Score: 0.77). Linking to Cluster ID: e3511c07-5696-4ace-9372-6064ef8b0c08
2025-11-30 09:42:34,938 - INFO - Saved article: Cyber Crime Unit arrests three in ₹1.92 crore digital arrest scam - The Hindu from The Hindu
2025-11-30 09:42:34,938 - INFO - Duplicate article skipped: Pope Leo visits Istanbul's Blue Mosque from BBC
2025-11-30 09:42:34,938 - INFO - Duplicate article skipped: Ley says Coalition’s migration principles will include ‘issues around language and values’ – as it happened | Australia news | The Guardian from The Guardian
2025-11-30 09:42:35,509 - INFO - [The Guardian] Article: https://www.theguardian.com/environment/2025/nov/30/rising-tide-protest-climate-activists-stop-three-ships-from-entering-worlds-largest-coal-port-in-newcastle
2025-11-30 09:42:35,510 - INFO - [The Guardian] Attempt 1/1: Trying with 'requests_browser' strategy...
2025-11-30 09:42:35,542 - INFO - [The Guardian] Success with 'requests_browser'. Found content (837 words).
2025-11-30 09:42:35,597 - INFO - Duplicate article skipped: Rising Tide protest: climate activists stop three ships from entering world’s largest coal port in Newcastle | Newcastle and the Hunter | The Guardian from The Guardian
2025-11-30 09:42:35,999 - INFO - [The Hindu] Article: https://www.thehindu.com/news/national/tamil-nadu/cyclone-ditwah-177-people-stranded-in-sri-lanka-return-to-tamil-nadu-state-government-to-send-relief/article70341404.ece
2025-11-30 09:42:35,999 - INFO - [The Hindu] Attempt 1/1: Trying with 'selenium_browser' strategy...
2025-11-30 09:42:36,148 - INFO - [The Guardian] Article: https://www.theguardian.com/australia-news/2025/nov/30/couple-from-kazakhstan-allegedly-used-hidden-camera-and-earpieces-to-win-118m-from-sydneys-crown-casino
2025-11-30 09:42:36,148 - INFO - [The Guardian] Attempt 1/1: Trying with 'requests_browser' strategy...
2025-11-30 09:42:36,179 - INFO - [The Guardian] Success with 'requests_browser'. Found content (361 words).
2025-11-30 09:42:36,247 - INFO - Duplicate article skipped: Couple from Kazakhstan allegedly used hidden camera and earpieces to win $1.18m from Sydney’s Crown casino | Gambling | The Guardian from The Guardian
2025-11-30 09:42:36,292 - INFO - [BBC] Article: https://www.bbc.com/news/articles/c8dy9lne2plo?at_medium=RSS&at_campaign=rss
2025-11-30 09:42:36,292 - INFO - [BBC] Attempt 1/1: Trying with 'requests_browser' strategy...
2025-11-30 09:42:37,171 - INFO - [BBC] Success with 'requests_browser'. Found content (459 words).
2025-11-30 09:42:37,238 - INFO - Duplicate article skipped: Three days of mourning begins after Hong Kong apartment fire from BBC
2025-11-30 09:42:37,278 - INFO - [The Hindu] Page content loaded.
2025-11-30 09:42:37,408 - INFO - [The Hindu] Success with 'selenium_browser'. Found content (243 words).
2025-11-30 09:42:37,498 - INFO - Duplicate article skipped: Cyclone Ditwah: 177 people stranded in Sri Lanka return to Tamil Nadu, State government to send relief - The Hindu from The Hindu
2025-11-30 09:42:37,622 - INFO - [The Guardian] Article: https://www.theguardian.com/australia-news/2025/nov/29/four-year-old-gus-lamont-disappeared-from-his-homestead-into-the-australian-outback-two-months-on-questions-remain
2025-11-30 09:42:37,622 - INFO - [The Guardian] Attempt 1/1: Trying with 'requests_browser' strategy...
2025-11-30 09:42:37,671 - INFO - [The Guardian] Success with 'requests_browser'. Found content (739 words).
2025-11-30 09:42:37,790 - INFO - Duplicate article skipped: Four-year-old Gus Lamont disappeared from his homestead into the Australian outback. Two months on, questions remain | South Australia | The Guardian from The Guardian
2025-11-30 09:42:37,888 - INFO - [BBC] Article: https://www.bbc.com/news/articles/cx2gylngx7go?at_medium=RSS&at_campaign=rss
2025-11-30 09:42:37,888 - INFO - [BBC] Attempt 1/1: Trying with 'requests_browser' strategy...
2025-11-30 09:42:38,250 - INFO - [BBC] Success with 'requests_browser'. Found content (625 words).
2025-11-30 09:42:38,283 - INFO - [The Hindu] Article: https://www.thehindu.com/news/national/telangana/telangana-gp-elections-2025-25654-nominations-received-for-4236-sarpanch-posts-70-filed-on-last-day/article70341295.ece
2025-11-30 09:42:38,283 - INFO - [The Hindu] Attempt 1/1: Trying with 'selenium_browser' strategy...
2025-11-30 09:42:38,333 - INFO - Duplicate article skipped: Russian strikes cause power outages for more than 600,000 in Ukraine from BBC
2025-11-30 09:42:39,026 - INFO - [The Guardian] Article: https://www.theguardian.com/australia-news/2025/nov/30/australian-taxpayers-subsidise-rising-specialist-fees-abbott-era-medicare
2025-11-30 09:42:39,026 - INFO - [The Guardian] Attempt 1/1: Trying with 'requests_browser' strategy...
2025-11-30 09:42:39,063 - INFO - [The Guardian] Success with 'requests_browser'. Found content (736 words).
2025-11-30 09:42:39,135 - INFO - Duplicate article skipped: Australian taxpayers subsidise rising specialist fees as spending on Abbott-era Medicare safety net ‘explodes’ | Health | The Guardian from The Guardian
2025-11-30 09:42:39,172 - INFO - [The Hindu] Page content loaded.
2025-11-30 09:42:39,248 - INFO - [The Hindu] Success with 'selenium_browser'. Found content (213 words).
2025-11-30 09:42:39,355 - INFO - Duplicate article skipped: Telangana GP Elections-2025: 25,654 nominations received for 4,236 Sarpanch posts, 70% filed on last day - The Hindu from The Hindu
2025-11-30 09:42:39,549 - INFO - [BBC] Article: https://www.bbc.com/news/articles/c4gp9d28p74o?at_medium=RSS&at_campaign=rss
2025-11-30 09:42:39,549 - INFO - [BBC] Attempt 1/1: Trying with 'requests_browser' strategy...
2025-11-30 09:42:39,584 - INFO - [BBC] Success with 'requests_browser'. Found content (430 words).
2025-11-30 09:42:39,636 - INFO - Duplicate article skipped: Airbus: Flights resume as normal after software update warning from BBC
2025-11-30 09:42:40,255 - INFO - [The Hindu] Article: https://www.thehindu.com/news/national/telangana/four-mbbs-students-barred-for-ragging-at-nagarkurnool-medical-college/article70341357.ece
2025-11-30 09:42:40,255 - INFO - [The Hindu] Attempt 1/1: Trying with 'selenium_browser' strategy...
2025-11-30 09:42:40,862 - INFO - [BBC] Article: https://www.bbc.com/news/articles/cvgj9dd983xo?at_medium=RSS&at_campaign=rss
2025-11-30 09:42:40,862 - INFO - [BBC] Attempt 1/1: Trying with 'requests_browser' strategy...
2025-11-30 09:42:40,941 - INFO - [BBC] Success with 'requests_browser'. Found content (790 words).
2025-11-30 09:42:40,994 - INFO - Duplicate article skipped: Nigeria blames jihadist groups for wave of kidnappings but others accuse criminal gangs from BBC
2025-11-30 09:42:41,454 - INFO - [The Hindu] Page content loaded.
2025-11-30 09:42:41,557 - INFO - [The Hindu] Success with 'selenium_browser'. Found content (195 words).
2025-11-30 09:42:41,867 - INFO - [BBC] Article: https://www.bbc.com/news/articles/c1kpm0rvxepo?at_medium=RSS&at_campaign=rss
2025-11-30 09:42:41,867 - INFO - [BBC] Attempt 1/1: Trying with 'requests_browser' strategy...
2025-11-30 09:42:41,928 - INFO - Duplicate article skipped: Four MBBS students barred for ragging at Nagarkurnool Medical College - The Hindu from The Hindu
2025-11-30 09:42:41,963 - INFO - [BBC] Success with 'requests_browser'. Found content (557 words).
2025-11-30 09:42:42,060 - INFO - Duplicate article skipped: Trump says he will pardon ex-Honduras president convicted of drug trafficking from BBC
2025-11-30 09:42:43,334 - INFO - [The Hindu] Article: https://www.thehindu.com/news/national/proposal-for-new-design-of-border-fencing-under-consideration-of-centre-bsf-ig/article70341410.ece
2025-11-30 09:42:43,334 - INFO - [The Hindu] Attempt 1/1: Trying with 'selenium_browser' strategy...
2025-11-30 09:42:43,494 - INFO - [BBC] Article: https://www.bbc.com/news/articles/c4g6we59qe4o?at_medium=RSS&at_campaign=rss
2025-11-30 09:42:43,494 - INFO - [BBC] Attempt 1/1: Trying with 'requests_browser' strategy...
2025-11-30 09:42:43,547 - INFO - [BBC] Success with 'requests_browser'. Found content (1841 words).
2025-11-30 09:42:43,613 - INFO - Duplicate article skipped: Nigeria's kidnapping crisis: 'Too scared to speak' - villagers on living in the midst of bandits from BBC
2025-11-30 09:42:44,214 - INFO - [The Hindu] Page content loaded.
2025-11-30 09:42:44,275 - INFO - [The Hindu] Success with 'selenium_browser'. Found content (316 words).
2025-11-30 09:42:44,383 - INFO - Duplicate article skipped: Proposal for new design of border fencing under consideration of Centre: BSF IG - The Hindu from The Hindu
2025-11-30 09:42:44,383 - INFO - [BBC] Article: https://www.bbc.com/news/articles/c2465lndrnno?at_medium=RSS&at_campaign=rss
2025-11-30 09:42:44,383 - INFO - [BBC] Attempt 1/1: Trying with 'requests_browser' strategy...
2025-11-30 09:42:44,574 - INFO - [BBC] Success with 'requests_browser'. Found content (1355 words).
2025-11-30 09:42:44,620 - INFO - Duplicate article skipped: Will new warning labels in Ireland turn people away from alcohol? from BBC
2025-11-30 09:42:45,153 - INFO - [BBC] Article: https://www.bbc.com/news/articles/cr435zp7wy5o?at_medium=RSS&at_campaign=rss
2025-11-30 09:42:45,153 - INFO - [BBC] Attempt 1/1: Trying with 'requests_browser' strategy...
2025-11-30 09:42:45,802 - INFO - [The Hindu] Article: https://www.thehindu.com/news/national/mann-ki-baat-dedication-of-indias-youth-greatest-strength-of-viksit-bharat-says-pm-modi/article70341407.ece
2025-11-30 09:42:45,802 - INFO - [The Hindu] Attempt 1/1: Trying with 'selenium_browser' strategy...
2025-11-30 09:42:46,450 - INFO - [BBC] Success with 'requests_browser'. Found content (1177 words).
2025-11-30 09:42:46,524 - INFO - Duplicate article skipped: India freedom struggle: The hidden heroines found in long-lost photographs from BBC
2025-11-30 09:42:46,919 - INFO - [The Hindu] Page content loaded.
2025-11-30 09:42:47,019 - INFO - [The Hindu] Success with 'selenium_browser'. Found content (372 words).
2025-11-30 09:42:47,111 - INFO - Duplicate article skipped: Mann ki Baat: Dedication of India's youth greatest strength of 'Viksit Bharat', says PM Modi - The Hindu from The Hindu
2025-11-30 09:42:47,621 - INFO - [BBC] Article: https://www.bbc.com/news/articles/c5yq6g1gv4jo?at_medium=RSS&at_campaign=rss
2025-11-30 09:42:47,621 - INFO - [BBC] Attempt 1/1: Trying with 'requests_browser' strategy...
2025-11-30 09:42:47,703 - INFO - [BBC] Success with 'requests_browser'. Found content (1317 words).
2025-11-30 09:42:47,755 - INFO - Duplicate article skipped: Israel Gaza war: Why I spend hours painstakingly repairing banknotes from BBC
2025-11-30 09:42:47,850 - INFO - [The Hindu] Article: https://www.thehindu.com/news/national/jammu-and-kashmir/cold-wave-intensifies-in-kashmir-as-night-temperatures-dip/article70341329.ece
2025-11-30 09:42:47,850 - INFO - [The Hindu] Attempt 1/1: Trying with 'selenium_browser' strategy...
2025-11-30 09:42:48,684 - INFO - [The Hindu] Page content loaded.
2025-11-30 09:42:48,758 - INFO - [The Hindu] Success with 'selenium_browser'. Found content (200 words).
2025-11-30 09:42:48,881 - INFO - Duplicate article skipped: Cold wave intensifies in Kashmir as night temperatures dip - The Hindu from The Hindu
2025-11-30 09:42:49,650 - INFO - [The Hindu] Article: https://www.thehindu.com/news/national/eci-extends-sir-schedule-by-one-week/article70341307.ece
2025-11-30 09:42:49,650 - INFO - [The Hindu] Attempt 1/1: Trying with 'selenium_browser' strategy...
2025-11-30 09:42:51,073 - INFO - [The Hindu] Page content loaded.
2025-11-30 09:42:51,137 - INFO - [The Hindu] Success with 'selenium_browser'. Found content (109 words).
2025-11-30 09:42:51,236 - INFO - Duplicate article skipped: ECI extends deadline for SIR of electoral rolls to Dec 11; final voter list on Feb 14 - The Hindu from The Hindu
2025-11-30 09:42:52,604 - INFO - [The Hindu] Article: https://www.thehindu.com/news/national/tamil-nadu/cyclone-ditwah-three-persons-die-in-rain-related-incidents-in-tamil-nadu/article70341209.ece
2025-11-30 09:42:52,604 - INFO - [The Hindu] Attempt 1/1: Trying with 'selenium_browser' strategy...
2025-11-30 09:42:53,497 - INFO - [The Hindu] Page content loaded.
2025-11-30 09:42:53,687 - INFO - [The Hindu] Success with 'selenium_browser'. Found content (348 words).
2025-11-30 09:42:53,785 - INFO - Duplicate article skipped: Cyclone Ditwah: Three persons die in rain-related incidents in Tamil Nadu - The Hindu from The Hindu
2025-11-30 09:42:54,911 - INFO - [The Hindu] Article: https://www.thehindu.com/news/national/kerala/rape-investigation-against-mamkootathil-gathers-pace-as-police-inspect-his-residence-in-palakkad/article70341263.ece
2025-11-30 09:42:54,911 - INFO - [The Hindu] Attempt 1/1: Trying with 'selenium_browser' strategy...
2025-11-30 09:42:55,687 - INFO - [The Hindu] Page content loaded.
2025-11-30 09:42:55,787 - INFO - [The Hindu] Success with 'selenium_browser'. Found content (485 words).
2025-11-30 09:42:55,881 - INFO - Duplicate article skipped: Rape investigation against Mamkootathil gathers pace as police inspect his residence in Palakkad - The Hindu from The Hindu
2025-11-30 09:42:57,213 - INFO - [The Hindu] Article: https://www.thehindu.com/sci-tech/energy-and-environment/india-played-leadership-role-at-un-cop30-climate-summit-achieved-all-major-goals-bhupender-yadav/article70341281.ece
2025-11-30 09:42:57,213 - INFO - [The Hindu] Attempt 1/1: Trying with 'selenium_browser' strategy...
2025-11-30 09:43:57,230 - ERROR - [The Hindu] Request failed for strategy 'selenium_browser' on URL https://www.thehindu.com/sci-tech/energy-and-environment/india-played-leadership-role-at-un-cop30-climate-summit-achieved-all-major-goals-bhupender-yadav/article70341281.ece: Message: timeout: Timed out receiving message from renderer: 59.652
  (Session info: chrome=142.0.7444.162)
Stacktrace:
#0 0x5652b282432a <unknown>
#1 0x5652b2270e4b <unknown>
#2 0x5652b2258e0d <unknown>
#3 0x5652b2258af0 <unknown>
#4 0x5652b22568ff <unknown>
#5 0x5652b225727f <unknown>
#6 0x5652b2265ca3 <unknown>
#7 0x5652b227f601 <unknown>
#8 0x5652b2285e0b <unknown>
#9 0x5652b22579bd <unknown>
#10 0x5652b227f3a7 <unknown>
#11 0x5652b2310170 <unknown>
#12 0x5652b22b5c1a <unknown>
#13 0x5652b22b6921 <unknown>
#14 0x5652b27eb239 <unknown>
#15 0x5652b27ee1e8 <unknown>
#16 0x5652b27d44c9 <unknown>
#17 0x5652b27eedb5 <unknown>
#18 0x5652b27bbe93 <unknown>
#19 0x5652b2811098 <unknown>
#20 0x5652b2811273 <unknown>
#21 0x5652b28232c3 <unknown>
#22 0x7fa403a9caa4 <unknown>
#23 0x7fa403b29c6c <unknown>

2025-11-30 09:43:57,230 - ERROR - [The Hindu] All scrape strategies failed for https://www.thehindu.com/sci-tech/energy-and-environment/india-played-leadership-role-at-un-cop30-climate-summit-achieved-all-major-goals-bhupender-yadav/article70341281.ece. Falling back to RSS description.
2025-11-30 09:43:57,231 - INFO - Duplicate article skipped: India played leadership role at U.N. COP30 climate summit, achieved all major goals: Bhupender Yadav from The Hindu
2025-11-30 09:43:58,282 - INFO - [The Hindu] Article: https://www.thehindu.com/news/national/assam/cag-terms-assam-budget-2023-24-unrealistic-questions-excessive-supplementary-grants/article70341219.ece
2025-11-30 09:43:58,282 - INFO - [The Hindu] Attempt 1/1: Trying with 'selenium_browser' strategy...
2025-11-30 09:44:00,479 - INFO - [The Hindu] Page content loaded.
2025-11-30 09:44:00,638 - INFO - [The Hindu] Success with 'selenium_browser'. Found content (444 words).
2025-11-30 09:44:00,763 - INFO - Duplicate article skipped: CAG terms Assam budget 2023-24 ‘unrealistic’; questions excessive supplementary grants - The Hindu from The Hindu
2025-11-30 09:44:02,131 - INFO - [The Hindu] Article: https://www.thehindu.com/news/national/indian-airlines-complete-software-upgrades-for-323-operational-a320-family-planes/article70341248.ece
2025-11-30 09:44:02,132 - INFO - [The Hindu] Attempt 1/1: Trying with 'selenium_browser' strategy...
2025-11-30 09:44:02,750 - INFO - [The Hindu] Page content loaded.
2025-11-30 09:44:02,899 - INFO - [The Hindu] Success with 'selenium_browser'. Found content (306 words).
2025-11-30 09:44:02,974 - INFO - Duplicate article skipped: Indian airlines complete software upgrades for 323 operational A320 family planes - The Hindu from The Hindu
2025-11-30 09:44:04,460 - INFO - [The Hindu] Article: https://www.thehindu.com/news/national/government-meets-floor-leaders-of-parties-ahead-of-parliaments-winter-session/article70341211.ece
2025-11-30 09:44:04,460 - INFO - [The Hindu] Attempt 1/1: Trying with 'selenium_browser' strategy...
2025-11-30 09:44:07,033 - INFO - [The Hindu] Page content loaded.
2025-11-30 09:44:07,164 - INFO - [The Hindu] Success with 'selenium_browser'. Found content (298 words).
2025-11-30 09:44:07,443 - INFO - Duplicate article skipped: All-party meeting: Parliament should not be stalled, says Kiren Rijiju - The Hindu from The Hindu
2025-11-30 09:44:07,588 - ERROR - [Times of India] Request failed for strategy 'selenium_browser' on URL https://timesofindia.indiatimes.com/world/middle-east/uae-announces-rise-in-fuel-prices-for-december-2025-new-petrol-and-diesel-rates-explained/articleshow/125670749.cms: HTTPConnectionPool(host='localhost', port=52897): Read timed out. (read timeout=120)
2025-11-30 09:44:07,588 - ERROR - [Times of India] All scrape strategies failed for https://timesofindia.indiatimes.com/world/middle-east/uae-announces-rise-in-fuel-prices-for-december-2025-new-petrol-and-diesel-rates-explained/articleshow/125670749.cms. Falling back to RSS description.
2025-11-30 09:44:07,590 - INFO - Duplicate article skipped: UAE announces rise in fuel prices for December 2025 - New petrol and diesel rates explained from Times of India
2025-11-30 09:44:08,774 - INFO - [The Hindu] Article: https://www.thehindu.com/news/national/rajasthan/hc-directs-rajasthan-govt-to-encourage-ride-hailing-apps-to-have-15-women-drivers-in-6-months/article70341152.ece
2025-11-30 09:44:08,774 - INFO - [The Hindu] Attempt 1/1: Trying with 'selenium_browser' strategy...
2025-11-30 09:44:08,931 - INFO - [Times of India] Article: https://timesofindia.indiatimes.com/world/middle-east/uae-drivers-license-2025-which-countries-can-skip-the-test-and-drive-with-their-home-license/articleshow/125670342.cms
2025-11-30 09:44:08,931 - INFO - [Times of India] Attempt 1/1: Trying with 'selenium_browser' strategy...
2025-11-30 09:45:07,777 - INFO - [The Hindu] Page content loaded.
2025-11-30 09:45:07,853 - INFO - [The Hindu] Success with 'selenium_browser'. Found content (324 words).
2025-11-30 09:45:07,918 - INFO - Duplicate article skipped: HC directs Rajasthan Govt to encourage ride-hailing apps to have 15% women drivers in 6 months - The Hindu from The Hindu
2025-11-30 09:45:09,320 - INFO - [The Hindu] Article: https://www.thehindu.com/news/national/opposition-to-raise-vote-chori-red-fort-blast-issues-in-winter-session-pramod-tiwari/article70341146.ece
2025-11-30 09:45:09,320 - INFO - [The Hindu] Attempt 1/1: Trying with 'selenium_browser' strategy...
2025-11-30 09:45:10,054 - INFO - [The Hindu] Page content loaded.
2025-11-30 09:45:10,097 - INFO - [The Hindu] Success with 'selenium_browser'. Found content (182 words).
2025-11-30 09:45:10,176 - INFO - Duplicate article skipped: Opposition to raise 'vote chori', Red Fort blast issues in Winter Session: Pramod Tiwari - The Hindu from The Hindu
2025-11-30 09:45:11,467 - INFO - [The Hindu] Article: https://www.thehindu.com/news/national/parliament-winter-session-govt-to-push-reform-agenda-opposition-to-take-on-govt-over-sir/article70341138.ece
2025-11-30 09:45:11,467 - INFO - [The Hindu] Attempt 1/1: Trying with 'selenium_browser' strategy...
2025-11-30 09:45:12,326 - INFO - [The Hindu] Page content loaded.
2025-11-30 09:45:12,371 - INFO - [The Hindu] Success with 'selenium_browser'. Found content (466 words).
2025-11-30 09:45:12,428 - INFO - Duplicate article skipped: Parliament Winter session: Govt to push reform agenda, Opposition to take on govt over SIR - The Hindu from The Hindu
2025-11-30 09:45:13,627 - INFO - [The Hindu] Article: https://www.thehindu.com/news/national/tamil-nadu/cyclone-ditwah-woman-dies-three-injured-in-wall-collapse-near-kumbakonam-in-tn/article70341119.ece
2025-11-30 09:45:13,627 - INFO - [The Hindu] Attempt 1/1: Trying with 'selenium_browser' strategy...
2025-11-30 09:45:14,387 - INFO - [The Hindu] Page content loaded.
2025-11-30 09:45:14,441 - INFO - [The Hindu] Success with 'selenium_browser'. Found content (207 words).
2025-11-30 09:45:14,525 - INFO - Duplicate article skipped: Cyclone Ditwah: Young woman dies, three injured in wall collapse near Tamil Nadu's Kumbakonam - The Hindu from The Hindu
2025-11-30 09:45:15,881 - INFO - [The Hindu] Article: https://www.thehindu.com/news/national/uttarakhand/earthquake-of-magnitude-37-strikes-uttarakhands-chamoli-district/article70341126.ece
2025-11-30 09:45:15,881 - INFO - [The Hindu] Attempt 1/1: Trying with 'selenium_browser' strategy...
2025-11-30 09:45:16,779 - INFO - [The Hindu] Page content loaded.
2025-11-30 09:45:16,868 - WARNING - [The Hindu] FAILED with 'selenium_browser' (content was too short: 75 words).
2025-11-30 09:45:16,868 - ERROR - [The Hindu] All scrape strategies failed for https://www.thehindu.com/news/national/uttarakhand/earthquake-of-magnitude-37-strikes-uttarakhands-chamoli-district/article70341126.ece. Falling back to RSS description.
2025-11-30 09:45:16,869 - INFO - Duplicate article skipped: Uttarakhand: Earthquake of magnitude 3.7 strikes Chamoli from The Hindu
2025-11-30 09:45:17,788 - INFO - [The Hindu] Article: https://www.thehindu.com/news/national/kerala/vacb-recommends-kerala-psc-to-conduct-aided-school-appointments-to-stop-corruption/article70341124.ece
2025-11-30 09:45:17,788 - INFO - [The Hindu] Attempt 1/1: Trying with 'selenium_browser' strategy...
2025-11-30 09:45:18,620 - INFO - [The Hindu] Page content loaded.
2025-11-30 09:45:18,675 - INFO - [The Hindu] Success with 'selenium_browser'. Found content (390 words).
2025-11-30 09:45:18,748 - INFO - Duplicate article skipped: VACB recommends Kerala PSC to conduct aided-school appointments to stop corruption - The Hindu from The Hindu
2025-11-30 09:45:20,110 - INFO - [The Hindu] (Thread) Finished. Attempting to shut down its Selenium driver.
2025-11-30 09:45:20,280 - INFO - [The Hindu] (Thread) driver.quit() successful.
2025-11-30 09:46:09,033 - ERROR - [Times of India] Request failed for strategy 'selenium_browser' on URL https://timesofindia.indiatimes.com/world/middle-east/uae-drivers-license-2025-which-countries-can-skip-the-test-and-drive-with-their-home-license/articleshow/125670342.cms: HTTPConnectionPool(host='localhost', port=52897): Read timed out. (read timeout=120)
2025-11-30 09:46:09,033 - ERROR - [Times of India] All scrape strategies failed for https://timesofindia.indiatimes.com/world/middle-east/uae-drivers-license-2025-which-countries-can-skip-the-test-and-drive-with-their-home-license/articleshow/125670342.cms. Falling back to RSS description.
2025-11-30 09:46:09,033 - INFO - Duplicate article skipped: UAE Driver’s License 2025: Which countries can skip the test and drive with their home license? from Times of India
2025-11-30 09:46:10,001 - INFO - [Times of India] Article: https://timesofindia.indiatimes.com/world/europe/swiss-vote-on-compulsory-civic-duty-climate-tax-for-super-rich/articleshow/125669403.cms
2025-11-30 09:46:10,001 - INFO - [Times of India] Attempt 1/1: Trying with 'selenium_browser' strategy...
2025-11-30 09:46:58,408 - CRITICAL - --- TIMEOUT: 1 scrape jobs did not complete in 300s. ---
2025-11-30 09:46:58,408 - ERROR - A thread has timed out and will be abandoned.
2025-11-30 09:46:58,408 - INFO - Shutting down thread pool (wait=False)...
2025-11-30 09:46:58,408 - INFO - Scraped: 0 BBC, 1 The Hindu, 0 The Guardian, 1 Timed_Out_Jobs articles. (Total saved: 1)
2025-11-30 09:46:58,408 - INFO - --- Scraping job finished ---
2025-11-30 09:46:58,409 - INFO - --- Scraper service stopped and database connection closed. ---
2025-11-30 09:46:58,409 - INFO - --- Main thread finished. Forcing process exit to kill zombie threads. ---
