2025-12-02 16:36:01,370 - INFO - Loading AI Semantic Model (all-MiniLM-L6-v2)...
2025-12-02 16:36:01,370 - INFO - Use pytorch device_name: cpu
2025-12-02 16:36:01,371 - INFO - Load pretrained SentenceTransformer: all-MiniLM-L6-v2
2025-12-02 16:36:01,993 - INFO - AI Model loaded successfully.
2025-12-02 16:36:01,994 - INFO - Initializing database connection at: news_articles.db
2025-12-02 16:36:01,994 - INFO - --- Scraper service started (CI Mode: Run Once) ---
2025-12-02 16:36:01,994 - INFO - --- Starting new scraping job (Parallel Mode) ---
2025-12-02 16:36:01,994 - INFO - Creating new robust session with 3 retries on 5xx/connection/read errors.
2025-12-02 16:36:01,994 - INFO - Proxy is DISABLED.
2025-12-02 16:36:01,994 - INFO - Starting scrape for BBC RSS feed: http://feeds.bbci.co.uk/news/world/rss.xml
2025-12-02 16:36:01,996 - INFO - [Times of India] (Thread) requires Selenium. Initializing driver...
2025-12-02 16:36:01,996 - INFO - Initializing headless Selenium Chrome driver (using SeleniumManager)...
2025-12-02 16:36:01,996 - INFO - Starting scrape for The Guardian RSS feed: https://www.theguardian.com/world/rss
2025-12-02 16:36:01,998 - INFO - [The Hindu] (Thread) requires Selenium. Initializing driver...
2025-12-02 16:36:01,998 - INFO - Submitted 4 jobs to thread pool. Waiting up to 300s for completion...
2025-12-02 16:36:01,998 - INFO - Initializing headless Selenium Chrome driver (using SeleniumManager)...
2025-12-02 16:36:02,160 - INFO - Found 45 articles in The Guardian RSS feed. Processing up to 20.
2025-12-02 16:36:02,160 - INFO - [The Guardian] Article: https://www.theguardian.com/world/2025/dec/01/south-africans-court-alleged-recruitment-russia-war-ukraine
2025-12-02 16:36:02,160 - INFO - [The Guardian] Attempt 1/1: Trying with 'requests_browser' strategy...
2025-12-02 16:36:02,197 - INFO - Found 36 articles in BBC RSS feed. Processing up to 20.
2025-12-02 16:36:02,198 - INFO - [BBC] Article: https://www.bbc.com/news/articles/ce8ng3yjenpo?at_medium=RSS&at_campaign=rss
2025-12-02 16:36:02,198 - INFO - [BBC] Attempt 1/1: Trying with 'requests_browser' strategy...
2025-12-02 16:36:02,213 - INFO - [The Guardian] Success with 'requests_browser'. Found content (506 words).
2025-12-02 16:36:02,257 - INFO - Duplicate article skipped: Five South Africans in court over alleged recruitment for Russia’s war in Ukraine | South Africa | The Guardian from The Guardian
2025-12-02 16:36:02,361 - INFO - [BBC] Success with 'requests_browser'. Found content (844 words).
2025-12-02 16:36:02,397 - INFO - Duplicate article skipped: Putin and Trump envoy Steve Witkoff set for key Ukraine talks in Moscow from BBC
2025-12-02 16:36:02,932 - INFO - [The Guardian] Article: https://www.theguardian.com/global-development/2025/dec/01/global-health-hiv-aids-funding-cuts-infections-prevention
2025-12-02 16:36:02,932 - INFO - [The Guardian] Attempt 1/1: Trying with 'requests_browser' strategy...
2025-12-02 16:36:02,981 - INFO - [The Guardian] Success with 'requests_browser'. Found content (674 words).
2025-12-02 16:36:03,019 - INFO - Duplicate article skipped: Aid cuts have shaken HIV/Aids care to its core – and will mean millions more infections ahead | Global health | The Guardian from The Guardian
2025-12-02 16:36:03,490 - INFO - [BBC] Article: https://www.bbc.com/news/articles/c0r95q9kv1go?at_medium=RSS&at_campaign=rss
2025-12-02 16:36:03,490 - INFO - [BBC] Attempt 1/1: Trying with 'requests_browser' strategy...
2025-12-02 16:36:03,538 - INFO - [BBC] Success with 'requests_browser'. Found content (1075 words).
2025-12-02 16:36:03,575 - INFO - Duplicate article skipped: US authorised second deadly Venezuela boat strike, White House says from BBC
2025-12-02 16:36:03,682 - INFO - [The Guardian] Article: https://www.theguardian.com/world/2025/nov/30/african-leaders-push-for-recognition-of-colonial-crimes-and-reparations
2025-12-02 16:36:03,682 - INFO - [The Guardian] Attempt 1/1: Trying with 'requests_browser' strategy...
2025-12-02 16:36:03,720 - INFO - [The Guardian] Success with 'requests_browser'. Found content (670 words).
2025-12-02 16:36:03,764 - INFO - Duplicate article skipped: African leaders push for recognition of colonial crimes and reparations | Colonialism | The Guardian from The Guardian
2025-12-02 16:36:04,520 - INFO - [BBC] Article: https://www.bbc.com/news/articles/cedxyvx74p4o?at_medium=RSS&at_campaign=rss
2025-12-02 16:36:04,520 - INFO - [BBC] Attempt 1/1: Trying with 'requests_browser' strategy...
2025-12-02 16:36:04,555 - INFO - [BBC] Success with 'requests_browser'. Found content (768 words).
2025-12-02 16:36:04,591 - INFO - Duplicate article skipped: Sanchar Saathi: India mandates state-owned cyber safety app on all smartphones from BBC
2025-12-02 16:36:04,907 - INFO - [The Guardian] Article: https://www.theguardian.com/world/2025/nov/28/jacob-zuma-daughter-resigns-claims-south-africans-tricked-fight-russia
2025-12-02 16:36:04,907 - INFO - [The Guardian] Attempt 1/1: Trying with 'requests_browser' strategy...
2025-12-02 16:36:05,192 - INFO - [The Guardian] Success with 'requests_browser'. Found content (753 words).
2025-12-02 16:36:05,362 - INFO - Duplicate article skipped: Jacob Zuma’s daughter resigns amid claims South Africans tricked to fight for Russia | South Africa | The Guardian from The Guardian
2025-12-02 16:36:05,824 - INFO - [BBC] Article: https://www.bbc.com/news/articles/cn41jge1990o?at_medium=RSS&at_campaign=rss
2025-12-02 16:36:05,824 - INFO - [BBC] Attempt 1/1: Trying with 'requests_browser' strategy...
2025-12-02 16:36:05,860 - INFO - [BBC] Success with 'requests_browser'. Found content (525 words).
2025-12-02 16:36:05,894 - INFO - Duplicate article skipped: Pope prays at site of Beirut port blast on last day of Lebanon visit from BBC
2025-12-02 16:36:06,740 - INFO - [The Guardian] Article: https://www.theguardian.com/environment/2025/nov/28/africa-forests-transformed-carbon-sink-carbon-source-study
2025-12-02 16:36:06,741 - INFO - [The Guardian] Attempt 1/1: Trying with 'requests_browser' strategy...
2025-12-02 16:36:06,867 - INFO - [The Guardian] Success with 'requests_browser'. Found content (458 words).
2025-12-02 16:36:06,902 - INFO - Duplicate article skipped: Africa’s forests transformed from carbon sink to carbon source, study finds | Climate crisis | The Guardian from The Guardian
2025-12-02 16:36:07,079 - INFO - [BBC] Article: https://www.bbc.com/news/articles/cjezwzw088jo?at_medium=RSS&at_campaign=rss
2025-12-02 16:36:07,079 - INFO - [BBC] Attempt 1/1: Trying with 'requests_browser' strategy...
2025-12-02 16:36:07,115 - INFO - [BBC] Success with 'requests_browser'. Found content (501 words).
2025-12-02 16:36:07,150 - INFO - Duplicate article skipped: Bulgaria ditches budget plan after tens of thousands join protests from BBC
2025-12-02 16:36:08,149 - INFO - [The Guardian] Article: https://www.theguardian.com/us-news/live/2025/dec/02/donald-trump-pete-hegseth-boat-venezuela-maduro-tennessee-us-politics-live-news-updates
2025-12-02 16:36:08,150 - INFO - [The Guardian] Attempt 1/1: Trying with 'requests_browser' strategy...
2025-12-02 16:36:08,353 - INFO - [The Guardian] Success with 'requests_browser'. Found content (1501 words).
2025-12-02 16:36:08,428 - INFO - Duplicate article skipped: Johnson pins responsibility for second strike on alleged drug boat on admiral as Pentagon says strikes will continue - US politics live | Pete Hegseth | The Guardian from The Guardian
2025-12-02 16:36:08,577 - INFO - [BBC] Article: https://www.bbc.com/news/articles/ce8ng18p7v3o?at_medium=RSS&at_campaign=rss
2025-12-02 16:36:08,577 - INFO - [BBC] Attempt 1/1: Trying with 'requests_browser' strategy...
2025-12-02 16:36:08,614 - INFO - [BBC] Success with 'requests_browser'. Found content (582 words).
2025-12-02 16:36:08,653 - INFO - Duplicate article skipped: Hong Kong leader orders investigation into deadly fire that killed 151 from BBC
2025-12-02 16:36:09,642 - INFO - [The Guardian] Article: https://www.theguardian.com/world/2025/dec/02/trump-intervention-honduras-presidential-vote-count-stalls-nasry-asfura
2025-12-02 16:36:09,642 - INFO - [The Guardian] Attempt 1/1: Trying with 'requests_browser' strategy...
2025-12-02 16:36:09,656 - INFO - [BBC] Article: https://www.bbc.com/news/articles/cre3q9edqx8o?at_medium=RSS&at_campaign=rss
2025-12-02 16:36:09,656 - INFO - [BBC] Attempt 1/1: Trying with 'requests_browser' strategy...
2025-12-02 16:36:09,688 - INFO - [The Guardian] Success with 'requests_browser'. Found content (510 words).
2025-12-02 16:36:09,726 - INFO - Duplicate article skipped: Trump tells Honduras ‘there will be hell to pay’ as presidential vote count stalls | Honduras | The Guardian from The Guardian
2025-12-02 16:36:09,730 - INFO - [BBC] Success with 'requests_browser'. Found content (415 words).
2025-12-02 16:36:09,761 - INFO - Duplicate article skipped: Pavarotti statue frozen knee-deep in ice rink strikes wrong note in Italy from BBC
2025-12-02 16:36:10,793 - INFO - [The Guardian] Article: https://www.theguardian.com/us-news/2025/dec/02/monterrey-mexico-air-quality-industrial-pollution
2025-12-02 16:36:10,793 - INFO - [The Guardian] Attempt 1/1: Trying with 'requests_browser' strategy...
2025-12-02 16:36:10,841 - INFO - [The Guardian] Success with 'requests_browser'. Found content (3688 words).
2025-12-02 16:36:10,892 - INFO - Duplicate article skipped: Revealed: Mexico’s industrial boomtown is making goods for the US. Residents say they’re ‘breathing poison’ | Mexico | The Guardian from The Guardian
2025-12-02 16:36:10,993 - INFO - [BBC] Article: https://www.bbc.com/news/articles/ce3wq2zznz1o?at_medium=RSS&at_campaign=rss
2025-12-02 16:36:10,993 - INFO - [BBC] Attempt 1/1: Trying with 'requests_browser' strategy...
2025-12-02 16:36:11,140 - INFO - [BBC] Success with 'requests_browser'. Found content (622 words).
2025-12-02 16:36:11,180 - INFO - Duplicate article skipped: Guinea Bissau coup: Nigeria grants asylum to presidential candidate Fernando Dias from BBC
2025-12-02 16:36:11,626 - INFO - [The Guardian] Article: https://www.theguardian.com/world/2025/dec/02/st-lucia-election-prime-minister-philip-pierre-wins
2025-12-02 16:36:11,626 - INFO - [The Guardian] Attempt 1/1: Trying with 'requests_browser' strategy...
2025-12-02 16:36:11,657 - INFO - [The Guardian] Success with 'requests_browser'. Found content (310 words).
2025-12-02 16:36:11,692 - INFO - Duplicate article skipped: St Lucia prime minister Philip Pierre keeps majority as ruling party wins | St Lucia | The Guardian from The Guardian
2025-12-02 16:36:12,164 - INFO - [BBC] Article: https://www.bbc.com/news/articles/c3r78peyzzlo?at_medium=RSS&at_campaign=rss
2025-12-02 16:36:12,164 - INFO - [BBC] Attempt 1/1: Trying with 'requests_browser' strategy...
2025-12-02 16:36:12,200 - INFO - [BBC] Success with 'requests_browser'. Found content (416 words).
2025-12-02 16:36:12,236 - INFO - Duplicate article skipped: Costco sues Trump administration for 'full refund' of tariffs from BBC
2025-12-02 16:36:12,375 - INFO - [The Guardian] Article: https://www.theguardian.com/world/2025/dec/02/el-chapo-son-plea-deal-el-mayo-zambada
2025-12-02 16:36:12,376 - INFO - [The Guardian] Attempt 1/1: Trying with 'requests_browser' strategy...
2025-12-02 16:36:12,409 - INFO - [The Guardian] Success with 'requests_browser'. Found content (635 words).
2025-12-02 16:36:12,445 - INFO - Duplicate article skipped: Plea deal for drug kingpin El Chapo’s son details abduction of cartel boss | Drugs trade | The Guardian from The Guardian
2025-12-02 16:36:13,033 - INFO - [The Guardian] Article: https://www.theguardian.com/world/2025/dec/02/indonesia-floods-one-million-people-evacuated-death-toll-rises
2025-12-02 16:36:13,034 - INFO - [The Guardian] Attempt 1/1: Trying with 'requests_browser' strategy...
2025-12-02 16:36:13,084 - INFO - [The Guardian] Success with 'requests_browser'. Found content (506 words).
2025-12-02 16:36:13,131 - INFO - Duplicate article skipped: Death toll from Indonesia floods passes 700 as 1 million evacuated | Indonesia | The Guardian from The Guardian
2025-12-02 16:36:13,152 - INFO - [BBC] Article: https://www.bbc.com/news/articles/c33mz477p4po?at_medium=RSS&at_campaign=rss
2025-12-02 16:36:13,152 - INFO - [BBC] Attempt 1/1: Trying with 'requests_browser' strategy...
2025-12-02 16:36:13,198 - INFO - [BBC] Success with 'requests_browser'. Found content (882 words).
2025-12-02 16:36:13,245 - INFO - Duplicate article skipped: Luigi Mangione in court as lawyers seek to rule out notebook, gun and other key evidence from BBC
2025-12-02 16:36:14,193 - INFO - [BBC] Article: https://www.bbc.com/news/articles/cvgqnklqge7o?at_medium=RSS&at_campaign=rss
2025-12-02 16:36:14,193 - INFO - [BBC] Attempt 1/1: Trying with 'requests_browser' strategy...
2025-12-02 16:36:14,229 - INFO - [BBC] Success with 'requests_browser'. Found content (445 words).
2025-12-02 16:36:14,268 - INFO - Duplicate article skipped: Zambian-American influencer Ethel Chisono Edwards sentenced to 18 months for hate speech from BBC
2025-12-02 16:36:14,333 - INFO - [The Guardian] Article: https://www.theguardian.com/news/2025/dec/02/hong-kong-fire-response-contrast-mainland-china
2025-12-02 16:36:14,334 - INFO - [The Guardian] Attempt 1/1: Trying with 'requests_browser' strategy...
2025-12-02 16:36:14,368 - INFO - [The Guardian] Success with 'requests_browser'. Found content (799 words).
2025-12-02 16:36:14,400 - INFO - Duplicate article skipped: Hong Kong responds to disaster differently from Beijing – but the gulf is narrowing | Hong Kong apartment fires | The Guardian from The Guardian
2025-12-02 16:36:14,908 - INFO - [The Guardian] Article: https://www.theguardian.com/world/2025/dec/02/new-zealand-man-charged-allegedly-swallowing-faberge-james-bond-pendant
2025-12-02 16:36:14,908 - INFO - [The Guardian] Attempt 1/1: Trying with 'requests_browser' strategy...
2025-12-02 16:36:14,968 - INFO - [The Guardian] Success with 'requests_browser'. Found content (241 words).
2025-12-02 16:36:15,001 - INFO - Duplicate article skipped: Man charged with theft after allegedly swallowing Fabergé pendant in jewellery store | New Zealand | The Guardian from The Guardian
2025-12-02 16:36:15,339 - INFO - [BBC] Article: https://www.bbc.com/news/articles/cn41jge1990o?at_medium=RSS&at_campaign=rss
2025-12-02 16:36:15,340 - INFO - [BBC] Attempt 1/1: Trying with 'requests_browser' strategy...
2025-12-02 16:36:15,373 - INFO - [BBC] Success with 'requests_browser'. Found content (525 words).
2025-12-02 16:36:15,409 - INFO - Duplicate article skipped: Pope prays at site of Beirut port blast on last day of Lebanon visit from BBC
2025-12-02 16:36:16,031 - INFO - [BBC] Article: https://www.bbc.com/news/articles/cewjg272dq9o?at_medium=RSS&at_campaign=rss
2025-12-02 16:36:16,031 - INFO - [BBC] Attempt 1/1: Trying with 'requests_browser' strategy...
2025-12-02 16:36:16,035 - INFO - [The Guardian] Article: https://www.theguardian.com/world/2025/dec/02/japan-pm-sanae-takaichi-work-win-catchphrase-of-year
2025-12-02 16:36:16,036 - INFO - [The Guardian] Attempt 1/1: Trying with 'requests_browser' strategy...
2025-12-02 16:36:16,248 - INFO - [BBC] Success with 'requests_browser'. Found content (582 words).
2025-12-02 16:36:16,287 - INFO - Duplicate article skipped: Alina Habba: Appeals court disqualifies ex-Trump lawyer as New Jersey prosecutor from BBC
2025-12-02 16:36:16,295 - INFO - [The Guardian] Success with 'requests_browser'. Found content (510 words).
2025-12-02 16:36:16,331 - INFO - Duplicate article skipped: Japan PM’s pledge to ‘work, work, work, work, and work’ wins catchphrase of year | Sanae Takaichi | The Guardian from The Guardian
2025-12-02 16:36:16,583 - INFO - Selenium driver initialized successfully.
2025-12-02 16:36:16,583 - INFO - Starting scrape for Times of India RSS feed: https://timesofindia.indiatimes.com/rssfeeds/296589292.cms
2025-12-02 16:36:16,584 - INFO - Selenium driver initialized successfully.
2025-12-02 16:36:16,584 - INFO - Starting scrape for The Hindu RSS feed: https://www.thehindu.com/news/national/feeder/default.rss
2025-12-02 16:36:16,716 - INFO - Found 20 articles in Times of India RSS feed. Processing up to 20.
2025-12-02 16:36:16,716 - INFO - [Times of India] Article: https://timesofindia.indiatimes.com/world/us-streamers/perez-hilton-reacts-as-brian-harpole-breaks-silence-on-strange-hand-signal-claims-in-charlie-kirk-shooting-case/articleshow/125722044.cms
2025-12-02 16:36:16,716 - INFO - [Times of India] Attempt 1/1: Trying with 'selenium_browser' strategy...
2025-12-02 16:36:16,809 - INFO - Found 100 articles in The Hindu RSS feed. Processing up to 20.
2025-12-02 16:36:16,809 - INFO - [The Hindu] Article: https://www.thehindu.com/news/national/kerala/key-fronts-hoping-for-improved-turnout-in-battle-for-municipalities-in-ernakulam/article70349637.ece
2025-12-02 16:36:16,809 - INFO - [The Hindu] Attempt 1/1: Trying with 'selenium_browser' strategy...
2025-12-02 16:36:16,983 - INFO - [The Guardian] Article: https://www.theguardian.com/world/2025/dec/01/asia-flood-sri-lanka-indonesia-deploy-military
2025-12-02 16:36:16,983 - INFO - [The Guardian] Attempt 1/1: Trying with 'requests_browser' strategy...
2025-12-02 16:36:17,030 - INFO - [The Guardian] Success with 'requests_browser'. Found content (759 words).
2025-12-02 16:36:17,098 - INFO - Duplicate article skipped: Sri Lanka and Indonesia deploy militaries as Asia floods death toll passes 1,100 | Asia Pacific | The Guardian from The Guardian
2025-12-02 16:36:17,379 - INFO - [BBC] Article: https://www.bbc.com/news/articles/c4g4enlp6kzo?at_medium=RSS&at_campaign=rss
2025-12-02 16:36:17,379 - INFO - [BBC] Attempt 1/1: Trying with 'requests_browser' strategy...
2025-12-02 16:36:17,422 - INFO - [BBC] Success with 'requests_browser'. Found content (908 words).
2025-12-02 16:36:17,478 - INFO - Duplicate article skipped: Indonesia floods death toll passes 600 from BBC
2025-12-02 16:36:18,035 - INFO - [The Guardian] Article: https://www.theguardian.com/australia-news/2025/dec/03/ndis-plans-computer-generated
2025-12-02 16:36:18,036 - INFO - [The Guardian] Attempt 1/1: Trying with 'requests_browser' strategy...
2025-12-02 16:36:18,192 - INFO - [The Guardian] Success with 'requests_browser'. Found content (1863 words).
2025-12-02 16:36:18,284 - INFO - Duplicate article skipped: NDIS plans will be computer-generated with human involvement dramatically cut under sweeping overhaul | National disability insurance scheme | The Guardian from The Guardian
2025-12-02 16:36:18,498 - INFO - [BBC] Article: https://www.bbc.com/news/articles/ckg9204y4w5o?at_medium=RSS&at_campaign=rss
2025-12-02 16:36:18,498 - INFO - [BBC] Attempt 1/1: Trying with 'requests_browser' strategy...
2025-12-02 16:36:18,559 - INFO - [BBC] Success with 'requests_browser'. Found content (682 words).
2025-12-02 16:36:18,638 - INFO - Duplicate article skipped: Anicet Ekane: Cameroon opposition firebrand dies in detention aged 74 from BBC
2025-12-02 16:36:19,057 - INFO - [The Guardian] Article: https://www.theguardian.com/australia-news/2025/dec/02/australia-gambling-reform-card-payment-least-impact
2025-12-02 16:36:19,059 - INFO - [The Guardian] Attempt 1/1: Trying with 'requests_browser' strategy...
2025-12-02 16:36:19,314 - INFO - [The Guardian] Success with 'requests_browser'. Found content (512 words).
2025-12-02 16:36:19,533 - INFO - Duplicate article skipped: Australia’s heaviest betters undeterred by key gambling reform, research shows | Gambling | The Guardian from The Guardian
2025-12-02 16:36:19,960 - INFO - [BBC] Article: https://www.bbc.com/news/articles/czrk7g50e1po?at_medium=RSS&at_campaign=rss
2025-12-02 16:36:19,961 - INFO - [BBC] Attempt 1/1: Trying with 'requests_browser' strategy...
2025-12-02 16:36:20,057 - INFO - [BBC] Success with 'requests_browser'. Found content (1693 words).
2025-12-02 16:36:20,146 - INFO - Duplicate article skipped: WW1 toxic compound sprayed on Georgian protesters, BBC evidence suggests from BBC
2025-12-02 16:36:20,424 - INFO - [The Guardian] Article: https://www.theguardian.com/australia-news/2025/dec/02/sea-world-helicopter-crash-pilot-seen-taking-cocaine-the-night-before-inquest-told
2025-12-02 16:36:20,424 - INFO - [The Guardian] Attempt 1/1: Trying with 'requests_browser' strategy...
2025-12-02 16:36:20,727 - INFO - [The Guardian] Success with 'requests_browser'. Found content (759 words).
2025-12-02 16:36:20,854 - INFO - Duplicate article skipped: Sea World helicopter pilot ‘had a breakdown and took cocaine’ before crash, inquest told | Queensland | The Guardian from The Guardian
2025-12-02 16:36:21,558 - INFO - [BBC] Article: https://www.bbc.com/news/articles/ckgz28zyp8vo?at_medium=RSS&at_campaign=rss
2025-12-02 16:36:21,559 - INFO - [BBC] Attempt 1/1: Trying with 'requests_browser' strategy...
2025-12-02 16:36:21,626 - INFO - [BBC] Success with 'requests_browser'. Found content (378 words).
2025-12-02 16:36:21,718 - INFO - Duplicate article skipped: Joaquín Guzmán López: Drug lord El Chapo's son pleads guilty in US drug trafficking case from BBC
2025-12-02 16:36:21,772 - INFO - [The Guardian] Article: https://www.theguardian.com/business/2025/dec/02/gina-rinehart-helipad-company-headquarters-perth-council-vote-ntwnfb
2025-12-02 16:36:21,773 - INFO - [The Guardian] Attempt 1/1: Trying with 'requests_browser' strategy...
2025-12-02 16:36:21,931 - INFO - [The Hindu] Page content loaded.
2025-12-02 16:36:21,989 - INFO - [The Guardian] Success with 'requests_browser'. Found content (582 words).
2025-12-02 16:36:22,209 - INFO - Duplicate article skipped: Bid by Gina Rinehart’s company to build helipad set to be blocked by City of Perth | Gina Rinehart | The Guardian from The Guardian
2025-12-02 16:36:22,262 - INFO - [The Hindu] Success with 'selenium_browser'. Found content (394 words).
2025-12-02 16:36:22,363 - INFO - [BBC] Article: https://www.bbc.com/news/articles/cz0n1rm95yxo?at_medium=RSS&at_campaign=rss
2025-12-02 16:36:22,364 - INFO - [BBC] Attempt 1/1: Trying with 'requests_browser' strategy...
2025-12-02 16:36:22,652 - INFO - [BBC] Success with 'requests_browser'. Found content (254 words).
2025-12-02 16:36:23,460 - INFO - [The Guardian] Article: https://www.theguardian.com/australia-news/2025/dec/02/australian-children-moving-to-new-social-app-lemon8-but-owner-expected-to-restrict-users-to-over-16s
2025-12-02 16:36:23,460 - INFO - [The Guardian] Attempt 1/1: Trying with 'requests_browser' strategy...
2025-12-02 16:36:23,730 - INFO - [The Guardian] Success with 'requests_browser'. Found content (643 words).
2025-12-02 16:36:50,420 - INFO - Saved article: Key fronts hoping for improved turnout in battle for municipalities in Ernakulam - The Hindu from The Hindu
2025-12-02 16:36:50,421 - INFO - Duplicate article skipped: Peru landslide: 12 killed after two boats hit in Amazon rainforest from BBC
2025-12-02 16:36:50,421 - INFO - Duplicate article skipped: Australian children moving to new social app Lemon8 but owner expected to restrict users to over-16s | Social media ban | The Guardian from The Guardian
2025-12-02 16:36:51,260 - INFO - [BBC] Article: https://www.bbc.com/news/articles/cj69588eewyo?at_medium=RSS&at_campaign=rss
2025-12-02 16:36:51,260 - INFO - [BBC] Attempt 1/1: Trying with 'requests_browser' strategy...
2025-12-02 16:36:51,303 - INFO - [BBC] Success with 'requests_browser'. Found content (1209 words).
2025-12-02 16:36:51,344 - INFO - Duplicate article skipped: Israeli-Russian woman says Iraqi militants tortured her in captivity from BBC
2025-12-02 16:36:51,456 - INFO - [The Hindu] Article: https://www.thehindu.com/news/national/andhra-pradesh/pawan-kalyan-calls-for-protection-recognition-for-new-inventions/article70350593.ece
2025-12-02 16:36:51,456 - INFO - [The Hindu] Attempt 1/1: Trying with 'selenium_browser' strategy...
2025-12-02 16:36:52,746 - INFO - [BBC] Article: https://www.bbc.com/news/videos/cwyvgq7224go?at_medium=RSS&at_campaign=rss
2025-12-02 16:36:52,746 - INFO - [BBC] Attempt 1/1: Trying with 'requests_browser' strategy...
2025-12-02 16:36:52,890 - WARNING - [BBC] FAILED with 'requests_browser' (content was too short: 58 words).
2025-12-02 16:36:52,890 - ERROR - [BBC] All scrape strategies failed for https://www.bbc.com/news/videos/cwyvgq7224go?at_medium=RSS&at_campaign=rss. Falling back to RSS description.
2025-12-02 16:36:52,891 - INFO - Duplicate article skipped: Will Australia's social media ban actually work? from BBC
2025-12-02 16:36:54,002 - INFO - [The Hindu] Page content loaded.
2025-12-02 16:36:54,076 - INFO - [The Hindu] Success with 'selenium_browser'. Found content (318 words).
2025-12-02 16:37:07,735 - INFO - Saved article: Pawan Kalyan calls for protection, recognition for new inventions - The Hindu from The Hindu
2025-12-02 16:37:08,637 - INFO - [The Hindu] Article: https://www.thehindu.com/news/national/telangana/man-murders-brother-for-insurance-money-lands-behind-bars-with-his-two-accomplices/article70350647.ece
2025-12-02 16:37:08,638 - INFO - [The Hindu] Attempt 1/1: Trying with 'selenium_browser' strategy...
2025-12-02 16:37:09,615 - INFO - [The Hindu] Page content loaded.
2025-12-02 16:37:09,656 - INFO - [The Hindu] Success with 'selenium_browser'. Found content (151 words).
2025-12-02 16:37:22,505 - INFO - Saved article: Man murders brother for insurance money, lands behind bars with his two accomplices - The Hindu from The Hindu
2025-12-02 16:37:23,551 - INFO - [The Hindu] Article: https://www.thehindu.com/news/national/first-vande-mataram-then-sir-debate-says-centre-as-opposition-continues-protests-in-rs/article70350052.ece
2025-12-02 16:37:23,552 - INFO - [The Hindu] Attempt 1/1: Trying with 'selenium_browser' strategy...
2025-12-02 16:37:24,574 - INFO - [The Hindu] Page content loaded.
2025-12-02 16:37:24,696 - INFO - [The Hindu] Success with 'selenium_browser'. Found content (559 words).
2025-12-02 16:37:36,595 - INFO - DEDUPLICATION: Found match (Score: 0.84). Linking to Cluster ID: deadb6f7-d319-432c-a8e9-f5b93f1e8108
2025-12-02 16:37:36,597 - INFO - Saved article: First Vande Mataram, then SIR debate, says Centre, as Opposition continues protests in RS - The Hindu from The Hindu
2025-12-02 16:37:37,897 - INFO - [The Hindu] Article: https://www.thehindu.com/news/national/andhra-pradesh/loco-running-staff-observe-48-hour-fast/article70350576.ece
2025-12-02 16:37:37,897 - INFO - [The Hindu] Attempt 1/1: Trying with 'selenium_browser' strategy...
2025-12-02 16:37:39,069 - INFO - [The Hindu] Page content loaded.
2025-12-02 16:37:39,223 - INFO - [The Hindu] Success with 'selenium_browser'. Found content (123 words).
2025-12-02 16:37:51,359 - INFO - DEDUPLICATION: Found match (Score: 0.83). Linking to Cluster ID: 0f0bf024-d1db-49a1-8283-75deb92ee72a
2025-12-02 16:37:51,361 - INFO - Saved article: Loco running staff observe 48-hour fast - The Hindu from The Hindu
2025-12-02 16:37:52,010 - INFO - [The Hindu] Article: https://www.thehindu.com/news/national/manipur/kuki-body-asks-nhrc-to-reject-manipur-govt-action-taken-reports-denying-state-complicity/article70349645.ece
2025-12-02 16:37:52,010 - INFO - [The Hindu] Attempt 1/1: Trying with 'selenium_browser' strategy...
2025-12-02 16:37:53,950 - INFO - [The Hindu] Page content loaded.
2025-12-02 16:37:54,020 - INFO - [The Hindu] Success with 'selenium_browser'. Found content (256 words).
2025-12-02 16:38:05,173 - INFO - Saved article: Kuki body asks NHRC to reject Manipur govt. action taken reports denying State complicity - The Hindu from The Hindu
2025-12-02 16:38:06,470 - INFO - [The Hindu] Article: https://www.thehindu.com/news/national/madhya-pradesh/rsss-farmers-body-asks-centre-to-ban-land-pooling-seeks-uniform-land-acquisition-law/article70349382.ece
2025-12-02 16:38:06,470 - INFO - [The Hindu] Attempt 1/1: Trying with 'selenium_browser' strategy...
2025-12-02 16:38:07,392 - INFO - [The Hindu] Page content loaded.
2025-12-02 16:38:07,444 - INFO - [The Hindu] Success with 'selenium_browser'. Found content (464 words).
2025-12-02 16:38:16,816 - ERROR - [Times of India] Request failed for strategy 'selenium_browser' on URL https://timesofindia.indiatimes.com/world/us-streamers/perez-hilton-reacts-as-brian-harpole-breaks-silence-on-strange-hand-signal-claims-in-charlie-kirk-shooting-case/articleshow/125722044.cms: HTTPConnectionPool(host='localhost', port=58535): Read timed out. (read timeout=120)
2025-12-02 16:38:16,817 - ERROR - [Times of India] All scrape strategies failed for https://timesofindia.indiatimes.com/world/us-streamers/perez-hilton-reacts-as-brian-harpole-breaks-silence-on-strange-hand-signal-claims-in-charlie-kirk-shooting-case/articleshow/125722044.cms. Falling back to RSS description.
2025-12-02 16:38:20,238 - INFO - Saved article: RSS’s farmers’ body asks Centre to ban land pooling, seeks uniform land acquisition law - The Hindu from The Hindu
2025-12-02 16:38:21,239 - INFO - [The Hindu] Article: https://www.thehindu.com/news/national/andhra-pradesh/appsc-releases-schedule-for-21-exams/article70350506.ece
2025-12-02 16:38:21,240 - INFO - [The Hindu] Attempt 1/1: Trying with 'selenium_browser' strategy...
2025-12-02 16:38:29,394 - INFO - [The Hindu] Page content loaded.
2025-12-02 16:38:29,505 - INFO - [The Hindu] Success with 'selenium_browser'. Found content (86 words).
2025-12-02 16:38:32,918 - INFO - Saved article: Perez Hilton reacts as Brian Harpole breaks silence on strange hand signal claims in Charlie Kirk shooting case from Times of India
2025-12-02 16:38:34,375 - INFO - [Times of India] Article: https://timesofindia.indiatimes.com/world/us/we-dont-need-an-indian-to-tell-us-social-media-grills-vivek-ramaswamy-for-preaching-the-american-dream/articleshow/125722403.cms
2025-12-02 16:38:34,376 - INFO - [Times of India] Attempt 1/1: Trying with 'selenium_browser' strategy...
2025-12-02 16:38:43,963 - INFO - Saved article: APPSC releases schedule for 21 exams - The Hindu from The Hindu
2025-12-02 16:38:45,027 - INFO - [The Hindu] Article: https://www.thehindu.com/news/national/kerala/man-held-with-unaccounted-cash-in-kasaragod/article70349857.ece
2025-12-02 16:38:45,028 - INFO - [The Hindu] Attempt 1/1: Trying with 'selenium_browser' strategy...
2025-12-02 16:38:45,651 - INFO - [The Hindu] Page content loaded.
2025-12-02 16:38:45,755 - INFO - [The Hindu] Success with 'selenium_browser'. Found content (108 words).
2025-12-02 16:38:58,147 - INFO - Saved article: Man held with unaccounted cash in Kasaragod - The Hindu from The Hindu
2025-12-02 16:38:58,794 - INFO - [The Hindu] Article: https://www.thehindu.com/news/national/drdo-conducts-successful-high-speed-test-of-indigenous-fighter-escape-system/article70350437.ece
2025-12-02 16:38:58,794 - INFO - [The Hindu] Attempt 1/1: Trying with 'selenium_browser' strategy...
2025-12-02 16:39:00,220 - INFO - [The Hindu] Page content loaded.
2025-12-02 16:39:00,280 - INFO - [The Hindu] Success with 'selenium_browser'. Found content (295 words).
2025-12-02 16:39:12,610 - INFO - Saved article: DRDO conducts successful high speed test of indigenous fighter escape system - The Hindu from The Hindu
2025-12-02 16:39:13,198 - INFO - [The Hindu] Article: https://www.thehindu.com/news/national/andhra-pradesh/moderate-to-heavy-rain-recorded-in-tirupati-chittoor-districts/article70350326.ece
2025-12-02 16:39:13,198 - INFO - [The Hindu] Attempt 1/1: Trying with 'selenium_browser' strategy...
2025-12-02 16:39:14,260 - INFO - [The Hindu] Page content loaded.
2025-12-02 16:39:14,414 - INFO - [The Hindu] Success with 'selenium_browser'. Found content (203 words).
2025-12-02 16:39:26,903 - INFO - Saved article: Moderate to heavy rain recorded in Tirupati, Chittoor districts - The Hindu from The Hindu
2025-12-02 16:39:27,865 - INFO - [The Hindu] Article: https://www.thehindu.com/news/national/kerala/ed-notice-in-masala-bond-a-result-of-cpim-bjp-nexus-alleges-adoor-prakash/article70350034.ece
2025-12-02 16:39:27,865 - INFO - [The Hindu] Attempt 1/1: Trying with 'selenium_browser' strategy...
2025-12-02 16:39:28,956 - INFO - [The Hindu] Page content loaded.
2025-12-02 16:39:29,105 - INFO - [The Hindu] Success with 'selenium_browser'. Found content (369 words).
2025-12-02 16:39:41,110 - INFO - Saved article: ED notice in masala bond a result of CPI(M)-BJP nexus, alleges Adoor Prakash - The Hindu from The Hindu
2025-12-02 16:39:41,826 - INFO - [The Hindu] Article: https://www.thehindu.com/news/national/karnataka/karnataka-bank-ropes-in-ibm-to-digitise-its-infrastructure/article70350182.ece
2025-12-02 16:39:41,826 - INFO - [The Hindu] Attempt 1/1: Trying with 'selenium_browser' strategy...
2025-12-02 16:39:43,170 - INFO - [The Hindu] Page content loaded.
2025-12-02 16:39:43,225 - INFO - [The Hindu] Success with 'selenium_browser'. Found content (209 words).
2025-12-02 16:39:57,919 - INFO - Saved article: Karnataka Bank ropes in IBM to digitise its infrastructure - The Hindu from The Hindu
2025-12-02 16:39:59,278 - INFO - [The Hindu] Article: https://www.thehindu.com/news/national/andhra-pradesh/man-gets-20-years-ri-in-posco-case/article70350372.ece
2025-12-02 16:39:59,278 - INFO - [The Hindu] Attempt 1/1: Trying with 'selenium_browser' strategy...
2025-12-02 16:40:00,823 - INFO - [The Hindu] Page content loaded.
2025-12-02 16:40:00,926 - INFO - [The Hindu] Success with 'selenium_browser'. Found content (89 words).
2025-12-02 16:40:14,327 - INFO - Saved article: Man gets 20 years RI in POSCO case - The Hindu from The Hindu
2025-12-02 16:40:15,666 - INFO - [The Hindu] Article: https://www.thehindu.com/news/national/telangana/earth-sciences-university-will-be-developed-as-world-class-institution-befitting-the-stature-of-manmohan-singh-deputy-cm-bhatti-vikramarka/article70350262.ece
2025-12-02 16:40:15,666 - INFO - [The Hindu] Attempt 1/1: Trying with 'selenium_browser' strategy...
2025-12-02 16:40:17,072 - INFO - [The Hindu] Page content loaded.
2025-12-02 16:40:17,146 - INFO - [The Hindu] Success with 'selenium_browser'. Found content (269 words).
2025-12-02 16:40:29,500 - INFO - DEDUPLICATION: Found match (Score: 0.88). Linking to Cluster ID: 07f3e576-c9af-4dbf-8b4c-b174be2c5b02
2025-12-02 16:40:29,502 - INFO - Saved article: Earth Sciences University will be developed as world-class institution befitting the stature of Manmohan Singh: Deputy CM Bhatti Vikramarka - The Hindu from The Hindu
2025-12-02 16:40:31,001 - INFO - [The Hindu] Article: https://www.thehindu.com/news/national/assam/suspected-extremist-gunned-down-in-assam/article70349509.ece
2025-12-02 16:40:31,001 - INFO - [The Hindu] Attempt 1/1: Trying with 'selenium_browser' strategy...
2025-12-02 16:40:32,690 - INFO - [The Hindu] Page content loaded.
2025-12-02 16:40:32,749 - INFO - [The Hindu] Success with 'selenium_browser'. Found content (243 words).
2025-12-02 16:40:34,476 - ERROR - [Times of India] Request failed for strategy 'selenium_browser' on URL https://timesofindia.indiatimes.com/world/us/we-dont-need-an-indian-to-tell-us-social-media-grills-vivek-ramaswamy-for-preaching-the-american-dream/articleshow/125722403.cms: HTTPConnectionPool(host='localhost', port=58535): Read timed out. (read timeout=120)
2025-12-02 16:40:34,477 - ERROR - [Times of India] All scrape strategies failed for https://timesofindia.indiatimes.com/world/us/we-dont-need-an-indian-to-tell-us-social-media-grills-vivek-ramaswamy-for-preaching-the-american-dream/articleshow/125722403.cms. Falling back to RSS description.
2025-12-02 16:40:44,804 - INFO - Saved article: Suspected extremist gunned down in Assam - The Hindu from The Hindu
2025-12-02 16:40:45,940 - INFO - [The Hindu] Article: https://www.thehindu.com/news/national/andhra-pradesh/higher-education-institutions-urged-to-nurture-entrepreneurial-and-innovative-culture/article70350363.ece
2025-12-02 16:40:45,940 - INFO - [The Hindu] Attempt 1/1: Trying with 'selenium_browser' strategy...
2025-12-02 16:40:49,463 - INFO - [The Hindu] Page content loaded.
2025-12-02 16:40:49,981 - INFO - [The Hindu] Success with 'selenium_browser'. Found content (285 words).
2025-12-02 16:40:57,987 - INFO - Saved article: 'We don't need an Indian to tell us…': Social media grills Vivek Ramaswamy for preaching the 'American Dream' from Times of India
2025-12-02 16:40:58,581 - INFO - [Times of India] Article: https://timesofindia.indiatimes.com/world/us-streamers/where-did-kai-cenat-go-after-mafiathon-3-inside-his-hiatus-which-has-left-fans-clamouring-for-an-epic-comeback/articleshow/125722347.cms
2025-12-02 16:40:58,582 - INFO - [Times of India] Attempt 1/1: Trying with 'selenium_browser' strategy...
2025-12-02 16:41:02,001 - CRITICAL - --- TIMEOUT: 2 scrape jobs did not complete in 300s. ---
2025-12-02 16:41:02,001 - ERROR - A thread has timed out and will be abandoned.
2025-12-02 16:41:02,001 - ERROR - A thread has timed out and will be abandoned.
2025-12-02 16:41:02,001 - INFO - Shutting down thread pool (wait=False)...
2025-12-02 16:41:02,002 - INFO - Scraped: 0 BBC, 0 The Guardian, 2 Timed_Out_Jobs articles. (Total saved: 0)
2025-12-02 16:41:02,002 - INFO - --- Scraping job finished ---
2025-12-02 16:41:02,002 - INFO - --- Scraper service stopped and database connection closed. ---
2025-12-02 16:41:02,002 - INFO - --- Main thread finished. Forcing process exit to kill zombie threads. ---
