2025-12-03 11:43:59,237 - INFO - Loading AI Semantic Model (all-MiniLM-L6-v2)...
2025-12-03 11:43:59,237 - INFO - Use pytorch device_name: cpu
2025-12-03 11:43:59,237 - INFO - Load pretrained SentenceTransformer: all-MiniLM-L6-v2
2025-12-03 11:44:00,497 - INFO - AI Model loaded successfully.
2025-12-03 11:44:00,498 - INFO - Initializing database connection at: news_articles.db
2025-12-03 11:44:00,498 - INFO - --- Scraper service started (CI Mode: Run Once) ---
2025-12-03 11:44:00,498 - INFO - --- Starting new scraping job (Parallel Mode) ---
2025-12-03 11:44:00,498 - INFO - Creating new robust session with 3 retries on 5xx/connection/read errors.
2025-12-03 11:44:00,498 - INFO - Proxy is DISABLED.
2025-12-03 11:44:00,498 - INFO - Starting scrape for BBC RSS feed: http://feeds.bbci.co.uk/news/world/rss.xml
2025-12-03 11:44:00,500 - INFO - [Times of India] (Thread) requires Selenium. Initializing driver...
2025-12-03 11:44:00,500 - INFO - Initializing headless Selenium Chrome driver (using SeleniumManager)...
2025-12-03 11:44:00,500 - INFO - Starting scrape for The Guardian RSS feed: https://www.theguardian.com/world/rss
2025-12-03 11:44:00,502 - INFO - [The Hindu] (Thread) requires Selenium. Initializing driver...
2025-12-03 11:44:00,502 - INFO - Initializing headless Selenium Chrome driver (using SeleniumManager)...
2025-12-03 11:44:00,502 - INFO - Submitted 4 jobs to thread pool. Waiting up to 300s for completion...
2025-12-03 11:44:00,678 - INFO - Found 33 articles in BBC RSS feed. Processing up to 20.
2025-12-03 11:44:00,678 - INFO - [BBC] Article: https://www.bbc.com/news/articles/c208x9v68w3o?at_medium=RSS&at_campaign=rss
2025-12-03 11:44:00,678 - INFO - [BBC] Attempt 1/1: Trying with 'requests_browser' strategy...
2025-12-03 11:44:00,804 - INFO - Found 45 articles in The Guardian RSS feed. Processing up to 20.
2025-12-03 11:44:00,804 - INFO - [The Guardian] Article: https://www.theguardian.com/us-news/2025/dec/02/trump-somali-immigrants-minnesota
2025-12-03 11:44:00,804 - INFO - [The Guardian] Attempt 1/1: Trying with 'requests_browser' strategy...
2025-12-03 11:44:00,849 - INFO - [The Guardian] Success with 'requests_browser'. Found content (473 words).
2025-12-03 11:44:00,884 - INFO - Duplicate article skipped: Trump calls Somali immigrants ‘garbage’ as US reportedly targets Minnesota community | Trump administration | The Guardian from The Guardian
2025-12-03 11:44:00,909 - INFO - [BBC] Success with 'requests_browser'. Found content (1012 words).
2025-12-03 11:44:00,946 - INFO - Duplicate article skipped: Trump says he doesn't want Somalis in US as ICE plans operation from BBC
2025-12-03 11:44:01,695 - INFO - [The Guardian] Article: https://www.theguardian.com/world/2025/dec/01/south-africans-court-alleged-recruitment-russia-war-ukraine
2025-12-03 11:44:01,695 - INFO - [The Guardian] Attempt 1/1: Trying with 'requests_browser' strategy...
2025-12-03 11:44:02,104 - INFO - [The Guardian] Success with 'requests_browser'. Found content (506 words).
2025-12-03 11:44:02,148 - INFO - Duplicate article skipped: Five South Africans in court over alleged recruitment for Russia’s war in Ukraine | South Africa | The Guardian from The Guardian
2025-12-03 11:44:02,200 - INFO - [BBC] Article: https://www.bbc.com/news/articles/cly580gkd9ro?at_medium=RSS&at_campaign=rss
2025-12-03 11:44:02,200 - INFO - [BBC] Attempt 1/1: Trying with 'requests_browser' strategy...
2025-12-03 11:44:02,254 - INFO - [BBC] Success with 'requests_browser'. Found content (1534 words).
2025-12-03 11:44:02,293 - INFO - Duplicate article skipped: Ultra-Orthodox conscription bill threatens crisis for Israel's government from BBC
2025-12-03 11:44:02,884 - INFO - [The Guardian] Article: https://www.theguardian.com/global-development/2025/dec/01/global-health-hiv-aids-funding-cuts-infections-prevention
2025-12-03 11:44:02,884 - INFO - [The Guardian] Attempt 1/1: Trying with 'requests_browser' strategy...
2025-12-03 11:44:03,178 - INFO - [The Guardian] Success with 'requests_browser'. Found content (674 words).
2025-12-03 11:44:03,222 - INFO - [BBC] Article: https://www.bbc.com/news/articles/c9895x3039ro?at_medium=RSS&at_campaign=rss
2025-12-03 11:44:03,225 - INFO - [BBC] Attempt 1/1: Trying with 'requests_browser' strategy...
2025-12-03 11:44:03,226 - INFO - Duplicate article skipped: Aid cuts have shaken HIV/Aids care to its core – and will mean millions more infections ahead | Global health | The Guardian from The Guardian
2025-12-03 11:44:03,381 - INFO - [BBC] Success with 'requests_browser'. Found content (942 words).
2025-12-03 11:44:03,435 - INFO - Duplicate article skipped: As lead changes in knife-edge Honduran election, will Trump fail to get his way? from BBC
2025-12-03 11:44:03,817 - INFO - [The Guardian] Article: https://www.theguardian.com/world/2025/nov/30/african-leaders-push-for-recognition-of-colonial-crimes-and-reparations
2025-12-03 11:44:03,817 - INFO - [The Guardian] Attempt 1/1: Trying with 'requests_browser' strategy...
2025-12-03 11:44:04,000 - INFO - [The Guardian] Success with 'requests_browser'. Found content (670 words).
2025-12-03 11:44:04,173 - INFO - [BBC] Article: https://www.bbc.com/news/articles/cy7v077dm0po?at_medium=RSS&at_campaign=rss
2025-12-03 11:44:04,179 - INFO - [BBC] Attempt 1/1: Trying with 'requests_browser' strategy...
2025-12-03 11:44:04,192 - INFO - Duplicate article skipped: African leaders push for recognition of colonial crimes and reparations | Colonialism | The Guardian from The Guardian
2025-12-03 11:44:04,230 - INFO - [BBC] Success with 'requests_browser'. Found content (308 words).
2025-12-03 11:44:04,266 - INFO - Duplicate article skipped: MH370: Search for long-missing Malaysia Airlines fight to resume from BBC
2025-12-03 11:44:05,169 - INFO - [BBC] Article: https://www.bbc.com/news/articles/clydg2re4d1o?at_medium=RSS&at_campaign=rss
2025-12-03 11:44:05,169 - INFO - [BBC] Attempt 1/1: Trying with 'requests_browser' strategy...
2025-12-03 11:44:05,208 - INFO - [BBC] Success with 'requests_browser'. Found content (324 words).
2025-12-03 11:44:05,243 - INFO - Duplicate article skipped: Sanchar Saathi: India scraps order to pre-install state-run cyber safety app on smartphones from BBC
2025-12-03 11:44:05,391 - INFO - [The Guardian] Article: https://www.theguardian.com/world/2025/nov/28/jacob-zuma-daughter-resigns-claims-south-africans-tricked-fight-russia
2025-12-03 11:44:05,391 - INFO - [The Guardian] Attempt 1/1: Trying with 'requests_browser' strategy...
2025-12-03 11:44:05,552 - INFO - [The Guardian] Success with 'requests_browser'. Found content (753 words).
2025-12-03 11:44:05,712 - INFO - Duplicate article skipped: Jacob Zuma’s daughter resigns amid claims South Africans tricked to fight for Russia | South Africa | The Guardian from The Guardian
2025-12-03 11:44:06,000 - INFO - [BBC] Article: https://www.bbc.com/news/articles/c7vm754r80vo?at_medium=RSS&at_campaign=rss
2025-12-03 11:44:06,000 - INFO - [BBC] Attempt 1/1: Trying with 'requests_browser' strategy...
2025-12-03 11:44:06,153 - INFO - [BBC] Success with 'requests_browser'. Found content (225 words).
2025-12-03 11:44:06,186 - INFO - Duplicate article skipped: New Zealand man charged with theft over claims he swallowed $19k Fabergé egg from BBC
2025-12-03 11:44:06,762 - INFO - [The Guardian] Article: https://www.theguardian.com/us-news/live/2025/dec/02/donald-trump-pete-hegseth-boat-venezuela-maduro-tennessee-us-politics-live-news-updates
2025-12-03 11:44:06,762 - INFO - [The Guardian] Attempt 1/1: Trying with 'requests_browser' strategy...
2025-12-03 11:44:07,261 - INFO - [The Guardian] Success with 'requests_browser'. Found content (4155 words).
2025-12-03 11:44:07,363 - INFO - Duplicate article skipped: Pete Hegseth says he ‘didn’t stick around’ to watch second strike on alleged drug boat as Democrats slam administration over attacks – as it happened | Trump administration | The Guardian from The Guardian
2025-12-03 11:44:07,390 - INFO - [BBC] Article: https://www.bbc.com/news/articles/ckglx77mplgo?at_medium=RSS&at_campaign=rss
2025-12-03 11:44:07,390 - INFO - [BBC] Attempt 1/1: Trying with 'requests_browser' strategy...
2025-12-03 11:44:07,435 - INFO - [BBC] Success with 'requests_browser'. Found content (494 words).
2025-12-03 11:44:07,472 - INFO - Duplicate article skipped: Hegseth says he did not see survivors before second drug boat strike from BBC
2025-12-03 11:44:08,385 - INFO - [BBC] Article: https://www.bbc.com/news/articles/cpq47derx2vo?at_medium=RSS&at_campaign=rss
2025-12-03 11:44:08,386 - INFO - [BBC] Attempt 1/1: Trying with 'requests_browser' strategy...
2025-12-03 11:44:08,430 - INFO - [BBC] Success with 'requests_browser'. Found content (991 words).
2025-12-03 11:44:08,468 - INFO - Duplicate article skipped: Ukrainians in war-ravaged Donbas weigh prospects of peace deal from BBC
2025-12-03 11:44:08,489 - INFO - [The Guardian] Article: https://www.theguardian.com/world/2025/dec/02/trump-intervention-honduras-presidential-vote-count-stalls-nasry-asfura
2025-12-03 11:44:08,489 - INFO - [The Guardian] Attempt 1/1: Trying with 'requests_browser' strategy...
2025-12-03 11:44:08,646 - INFO - [The Guardian] Success with 'requests_browser'. Found content (945 words).
2025-12-03 11:44:08,696 - INFO - Duplicate article skipped: Trump frees ex-Honduran president from prison as country awaits knife-edge election result | Honduras | The Guardian from The Guardian
2025-12-03 11:44:09,433 - INFO - [BBC] Article: https://www.bbc.com/news/articles/c3e05j9012vo?at_medium=RSS&at_campaign=rss
2025-12-03 11:44:09,433 - INFO - [BBC] Attempt 1/1: Trying with 'requests_browser' strategy...
2025-12-03 11:44:09,475 - INFO - [BBC] Success with 'requests_browser'. Found content (297 words).
2025-12-03 11:44:09,519 - INFO - Duplicate article skipped: Italian fashion giant Prada buys Versace – at a discount from BBC
2025-12-03 11:44:09,520 - INFO - Selenium driver initialized successfully.
2025-12-03 11:44:09,520 - INFO - Starting scrape for Times of India RSS feed: https://timesofindia.indiatimes.com/rssfeeds/296589292.cms
2025-12-03 11:44:09,521 - INFO - Selenium driver initialized successfully.
2025-12-03 11:44:09,521 - INFO - Starting scrape for The Hindu RSS feed: https://www.thehindu.com/news/national/feeder/default.rss
2025-12-03 11:44:09,579 - INFO - [The Guardian] Article: https://www.theguardian.com/us-news/2025/dec/02/pete-hegseth-franklin-the-turtle
2025-12-03 11:44:09,579 - INFO - [The Guardian] Attempt 1/1: Trying with 'requests_browser' strategy...
2025-12-03 11:44:09,712 - INFO - Found 100 articles in The Hindu RSS feed. Processing up to 20.
2025-12-03 11:44:09,712 - INFO - [The Hindu] Article: https://www.thehindu.com/news/national/tamil-nadu/ilaiyaraaja-and-producers-of-tamil-movies-good-bad-ugly-dude-reach-compromise-after-payment-of-50-lakh/article70353047.ece
2025-12-03 11:44:09,712 - INFO - [The Hindu] Attempt 1/1: Trying with 'selenium_browser' strategy...
2025-12-03 11:44:09,864 - INFO - Found 20 articles in Times of India RSS feed. Processing up to 20.
2025-12-03 11:44:09,864 - INFO - [Times of India] Article: https://timesofindia.indiatimes.com/world/middle-east/qatar-unveils-plans-for-a-spectacular-11-day-national-day-celebration-at-darb-al-saai/articleshow/125740722.cms
2025-12-03 11:44:09,864 - INFO - [Times of India] Attempt 1/1: Trying with 'selenium_browser' strategy...
2025-12-03 11:44:09,978 - INFO - [The Guardian] Success with 'requests_browser'. Found content (438 words).
2025-12-03 11:44:10,013 - INFO - Duplicate article skipped: Publisher condemns ‘violent’ use of Franklin the Turtle after Hegseth’s boat strike post | Pete Hegseth | The Guardian from The Guardian
2025-12-03 11:44:10,837 - INFO - [BBC] Article: https://www.bbc.com/news/articles/cp341gz24p5o?at_medium=RSS&at_campaign=rss
2025-12-03 11:44:10,837 - INFO - [BBC] Attempt 1/1: Trying with 'requests_browser' strategy...
2025-12-03 11:44:10,882 - INFO - [BBC] Success with 'requests_browser'. Found content (660 words).
2025-12-03 11:44:10,918 - INFO - Duplicate article skipped: YouTube says it will be less safe for kids under Australia's social media ban from BBC
2025-12-03 11:44:10,950 - INFO - [The Guardian] Article: https://www.theguardian.com/us-news/2025/dec/02/monterrey-mexico-air-quality-industrial-pollution
2025-12-03 11:44:10,951 - INFO - [The Guardian] Attempt 1/1: Trying with 'requests_browser' strategy...
2025-12-03 11:44:11,137 - INFO - [The Guardian] Success with 'requests_browser'. Found content (3688 words).
2025-12-03 11:44:11,193 - INFO - Duplicate article skipped: Revealed: Mexico’s industrial boomtown is making goods for the US. Residents say they’re ‘breathing poison’ | Mexico | The Guardian from The Guardian
2025-12-03 11:44:11,871 - INFO - [BBC] Article: https://www.bbc.com/news/articles/cp39q5n5037o?at_medium=RSS&at_campaign=rss
2025-12-03 11:44:11,872 - INFO - [BBC] Attempt 1/1: Trying with 'requests_browser' strategy...
2025-12-03 11:44:11,927 - INFO - [BBC] Success with 'requests_browser'. Found content (336 words).
2025-12-03 11:44:11,988 - INFO - Duplicate article skipped: Air pollution: Delhi hospitals saw 200,000 respiratory illness patients in three years from BBC
2025-12-03 11:44:12,527 - INFO - [BBC] Article: https://www.bbc.com/news/articles/cedxyvx74p4o?at_medium=RSS&at_campaign=rss
2025-12-03 11:44:12,527 - INFO - [BBC] Attempt 1/1: Trying with 'requests_browser' strategy...
2025-12-03 11:44:12,602 - INFO - [The Guardian] Article: https://www.theguardian.com/world/2025/dec/02/st-lucia-election-prime-minister-philip-pierre-wins
2025-12-03 11:44:12,603 - INFO - [The Guardian] Attempt 1/1: Trying with 'requests_browser' strategy...
2025-12-03 11:44:12,635 - INFO - [BBC] Success with 'requests_browser'. Found content (768 words).
2025-12-03 11:44:12,808 - INFO - Duplicate article skipped: Sanchar Saathi: India mandates state-owned cyber safety app on all smartphones from BBC
2025-12-03 11:44:13,152 - INFO - [The Guardian] Success with 'requests_browser'. Found content (313 words).
2025-12-03 11:44:13,242 - INFO - Duplicate article skipped: St Lucia prime minister Philip Pierre keeps majority as ruling party wins | St Lucia | The Guardian from The Guardian
2025-12-03 11:44:14,078 - INFO - [BBC] Article: https://www.bbc.com/news/articles/cn41jge1990o?at_medium=RSS&at_campaign=rss
2025-12-03 11:44:14,078 - INFO - [BBC] Attempt 1/1: Trying with 'requests_browser' strategy...
2025-12-03 11:44:14,166 - INFO - [BBC] Success with 'requests_browser'. Found content (595 words).
2025-12-03 11:44:14,563 - INFO - Duplicate article skipped: Pope prays at site of Beirut port blast at end of Lebanon visit from BBC
2025-12-03 11:44:14,734 - INFO - [The Guardian] Article: https://www.theguardian.com/world/2025/dec/03/search-for-malaysia-airline-flight-mh370-to-resume-over-11-years-after-plane-went-missing
2025-12-03 11:44:14,734 - INFO - [The Guardian] Attempt 1/1: Trying with 'requests_browser' strategy...
2025-12-03 11:44:14,950 - INFO - [The Guardian] Success with 'requests_browser'. Found content (635 words).
2025-12-03 11:44:15,038 - INFO - Duplicate article skipped: Search for Malaysia Airlines flight MH370 to resume more than 11 years after plane went missing | Malaysia Airlines flight MH370 | The Guardian from The Guardian
2025-12-03 11:44:15,418 - INFO - [BBC] Article: https://www.bbc.com/news/articles/c0q5n3x0jn9o?at_medium=RSS&at_campaign=rss
2025-12-03 11:44:15,419 - INFO - [BBC] Attempt 1/1: Trying with 'requests_browser' strategy...
2025-12-03 11:44:15,469 - INFO - [BBC] Success with 'requests_browser'. Found content (328 words).
2025-12-03 11:44:15,522 - INFO - Duplicate article skipped: Thousands of rounds of German army ammunition stolen from lorry from BBC
2025-12-03 11:44:16,078 - INFO - [The Guardian] Article: https://www.theguardian.com/world/2025/dec/02/uk-government-delays-china-super-embassy-january
2025-12-03 11:44:16,078 - INFO - [The Guardian] Attempt 1/1: Trying with 'requests_browser' strategy...
2025-12-03 11:44:16,396 - INFO - [The Guardian] Success with 'requests_browser'. Found content (619 words).
2025-12-03 11:44:16,583 - INFO - Duplicate article skipped: UK government delays decision on China’s super-embassy until January | China | The Guardian from The Guardian
2025-12-03 11:44:16,899 - INFO - [BBC] Article: https://www.bbc.com/news/articles/c93n4nx5yqro?at_medium=RSS&at_campaign=rss
2025-12-03 11:44:16,900 - INFO - [BBC] Attempt 1/1: Trying with 'requests_browser' strategy...
2025-12-03 11:44:17,055 - INFO - [BBC] Success with 'requests_browser'. Found content (1032 words).
2025-12-03 11:44:17,159 - INFO - [The Guardian] Article: https://www.theguardian.com/world/2025/dec/03/uk-china-spying-case-collapse-security-committee-report
2025-12-03 11:44:17,159 - INFO - [The Guardian] Attempt 1/1: Trying with 'requests_browser' strategy...
2025-12-03 11:44:17,177 - INFO - Duplicate article skipped: Why is US President Trump threatening Venezuela's President Maduro? from BBC
2025-12-03 11:44:17,376 - INFO - [The Guardian] Success with 'requests_browser'. Found content (885 words).
2025-12-03 11:44:17,503 - INFO - Duplicate article skipped: Handling of China spying case was ‘shambolic’, security committee concludes | Espionage | The Guardian from The Guardian
2025-12-03 11:44:18,011 - INFO - [The Guardian] Article: https://www.theguardian.com/world/2025/dec/02/global-heating-and-other-human-activity-are-making-asias-floods-more-lethal
2025-12-03 11:44:18,011 - INFO - [The Guardian] Attempt 1/1: Trying with 'requests_browser' strategy...
2025-12-03 11:44:18,300 - INFO - [The Guardian] Success with 'requests_browser'. Found content (718 words).
2025-12-03 11:44:18,442 - INFO - Duplicate article skipped: Global heating and other human activity are making Asia’s floods more lethal | Extreme weather | The Guardian from The Guardian
2025-12-03 11:44:18,649 - INFO - [BBC] Article: https://www.bbc.com/news/articles/ce3wq2zznz1o?at_medium=RSS&at_campaign=rss
2025-12-03 11:44:18,649 - INFO - [BBC] Attempt 1/1: Trying with 'requests_browser' strategy...
2025-12-03 11:44:18,762 - INFO - [BBC] Success with 'requests_browser'. Found content (740 words).
2025-12-03 11:44:18,883 - INFO - Duplicate article skipped: Guinea Bissau coup: Nigeria grants asylum to presidential candidate Fernando Dias from BBC
2025-12-03 11:44:19,890 - INFO - [BBC] Article: https://www.bbc.com/news/articles/ce8ng18p7v3o?at_medium=RSS&at_campaign=rss
2025-12-03 11:44:19,893 - INFO - [BBC] Attempt 1/1: Trying with 'requests_browser' strategy...
2025-12-03 11:44:19,905 - INFO - [The Guardian] Article: https://www.theguardian.com/world/2025/dec/02/british-women-stranded-by-landslides-in-sri-lankan-mountains-running-out-of-food-and-water-daughter-says
2025-12-03 11:44:19,905 - INFO - [The Guardian] Attempt 1/1: Trying with 'requests_browser' strategy...
2025-12-03 11:44:19,952 - INFO - [BBC] Success with 'requests_browser'. Found content (582 words).
2025-12-03 11:44:19,997 - INFO - Duplicate article skipped: Hong Kong leader orders investigation into deadly fire that killed 151 from BBC
2025-12-03 11:44:20,061 - INFO - [The Guardian] Success with 'requests_browser'. Found content (643 words).
2025-12-03 11:44:20,124 - INFO - Duplicate article skipped: British women stranded by landslides in Sri Lankan mountains running out of food and water, daughter says | Sri Lanka | The Guardian from The Guardian
2025-12-03 11:44:21,184 - INFO - [BBC] Article: https://www.bbc.com/news/articles/c058n10727po?at_medium=RSS&at_campaign=rss
2025-12-03 11:44:21,184 - INFO - [BBC] Attempt 1/1: Trying with 'requests_browser' strategy...
2025-12-03 11:44:21,339 - INFO - [The Guardian] Article: https://www.theguardian.com/australia-news/2025/dec/03/holy-crap-this-is-insane-mineworkers-describe-being-caught-in-huge-outback-dust-storm
2025-12-03 11:44:21,340 - INFO - [The Guardian] Attempt 1/1: Trying with 'requests_browser' strategy...
2025-12-03 11:44:21,344 - INFO - [BBC] Success with 'requests_browser'. Found content (610 words).
2025-12-03 11:44:21,392 - INFO - Duplicate article skipped: Cyclone Ditwah: Flood catastrophe awakens volunteerism in Sri Lanka from BBC
2025-12-03 11:44:21,503 - INFO - [The Guardian] Success with 'requests_browser'. Found content (537 words).
2025-12-03 11:44:21,568 - INFO - Duplicate article skipped: ‘Holy crap, this is insane’: mineworkers describe being caught in huge outback dust storm | Australia weather | The Guardian from The Guardian
2025-12-03 11:44:21,902 - INFO - [BBC] Article: https://www.bbc.com/news/articles/c1m8nm22785o?at_medium=RSS&at_campaign=rss
2025-12-03 11:44:21,902 - INFO - [BBC] Attempt 1/1: Trying with 'requests_browser' strategy...
2025-12-03 11:44:22,020 - INFO - [BBC] Success with 'requests_browser'. Found content (1258 words).
2025-12-03 11:44:22,118 - INFO - Duplicate article skipped: Guinea-Bissau's military takeover: Was the coup real or a 'sham'? from BBC
2025-12-03 11:44:22,745 - INFO - [The Guardian] Article: https://www.theguardian.com/australia-news/2025/dec/03/addiction-to-secrecy-opposition-and-crossbench-slam-labors-undemocratic-changes-to-foi-including-charging-fees
2025-12-03 11:44:22,745 - INFO - [The Guardian] Attempt 1/1: Trying with 'requests_browser' strategy...
2025-12-03 11:44:23,018 - INFO - [The Guardian] Success with 'requests_browser'. Found content (531 words).
2025-12-03 11:44:23,139 - INFO - Duplicate article skipped: ‘Addiction to secrecy’: opposition and crossbench slam Labor’s ‘undemocratic’ changes to FoI – including charging fees | Freedom of information | The Guardian from The Guardian
2025-12-03 11:44:23,301 - INFO - [BBC] Article: https://www.bbc.com/news/articles/c9qewln7912o?at_medium=RSS&at_campaign=rss
2025-12-03 11:44:23,301 - INFO - [BBC] Attempt 1/1: Trying with 'requests_browser' strategy...
2025-12-03 11:44:23,424 - INFO - [BBC] Success with 'requests_browser'. Found content (1055 words).
2025-12-03 11:44:23,533 - INFO - Duplicate article skipped: What was Honduras ex-president convicted of and why has Trump pardoned him? from BBC
2025-12-03 11:44:23,948 - INFO - [The Guardian] Article: https://www.theguardian.com/australia-news/live/2025/dec/03/australia-news-live-bruce-lehrmann-defamation-appeal-brittany-higgins-lisa-wilkinson-network-ten-senate-estimates-social-media-ban-esafety-commissioner-albanese-sussan-ley-labor-coalition-nsw-vic-qld-ntwnfb
2025-12-03 11:44:23,948 - INFO - [The Guardian] Attempt 1/1: Trying with 'requests_browser' strategy...
2025-12-03 11:44:24,468 - INFO - [The Guardian] Success with 'requests_browser'. Found content (3090 words).
2025-12-03 11:44:24,657 - INFO - Duplicate article skipped: Gallagher says public service ‘roughly the right size’ – as it happened | Australia news | The Guardian from The Guardian
2025-12-03 11:44:25,417 - INFO - [The Guardian] Article: https://www.theguardian.com/australia-news/2025/dec/03/australia-high-court-overturns-housing-policy-which-tripled-rent-in-some-remote-indigenous-communities
2025-12-03 11:44:25,417 - INFO - [The Guardian] Attempt 1/1: Trying with 'requests_browser' strategy...
2025-12-03 11:44:25,668 - INFO - [The Guardian] Success with 'requests_browser'. Found content (527 words).
2025-12-03 11:44:25,820 - INFO - Duplicate article skipped: High court overturns NT housing policy which tripled rent in some remote Indigenous communities | Indigenous Australians | The Guardian from The Guardian
2025-12-03 11:44:26,657 - INFO - [The Guardian] Article: https://www.theguardian.com/australia-news/2025/dec/02/australian-children-moving-to-new-social-app-lemon8-but-owner-expected-to-restrict-users-to-over-16s
2025-12-03 11:44:26,657 - INFO - [The Guardian] Attempt 1/1: Trying with 'requests_browser' strategy...
2025-12-03 11:44:27,328 - INFO - [The Guardian] Success with 'requests_browser'. Found content (951 words).
2025-12-03 11:44:27,460 - INFO - Duplicate article skipped: YouTube says it will comply with Australia’s under-16s social media ban, with Lemon8 to also restrict access | Social media ban | The Guardian from The Guardian
2025-12-03 11:45:09,725 - ERROR - [The Hindu] Request failed for strategy 'selenium_browser' on URL https://www.thehindu.com/news/national/tamil-nadu/ilaiyaraaja-and-producers-of-tamil-movies-good-bad-ugly-dude-reach-compromise-after-payment-of-50-lakh/article70353047.ece: Message: timeout: Timed out receiving message from renderer: 58.757
  (Session info: chrome=142.0.7444.162)
Stacktrace:
#0 0x55759ad4f32a <unknown>
#1 0x55759a79be4b <unknown>
#2 0x55759a783e0d <unknown>
#3 0x55759a783af0 <unknown>
#4 0x55759a7818ff <unknown>
#5 0x55759a78227f <unknown>
#6 0x55759a790ca3 <unknown>
#7 0x55759a7aa601 <unknown>
#8 0x55759a7b0e0b <unknown>
#9 0x55759a7829bd <unknown>
#10 0x55759a7aa3a7 <unknown>
#11 0x55759a83b170 <unknown>
#12 0x55759a7e0c1a <unknown>
#13 0x55759a7e1921 <unknown>
#14 0x55759ad16239 <unknown>
#15 0x55759ad191e8 <unknown>
#16 0x55759acff4c9 <unknown>
#17 0x55759ad19db5 <unknown>
#18 0x55759ace6e93 <unknown>
#19 0x55759ad3c098 <unknown>
#20 0x55759ad3c273 <unknown>
#21 0x55759ad4e2c3 <unknown>
#22 0x7f8b5109caa4 <unknown>
#23 0x7f8b51129c6c <unknown>

2025-12-03 11:45:09,725 - ERROR - [The Hindu] All scrape strategies failed for https://www.thehindu.com/news/national/tamil-nadu/ilaiyaraaja-and-producers-of-tamil-movies-good-bad-ugly-dude-reach-compromise-after-payment-of-50-lakh/article70353047.ece. Falling back to RSS description.
2025-12-03 11:45:09,903 - ERROR - [Times of India] Request failed for strategy 'selenium_browser' on URL https://timesofindia.indiatimes.com/world/middle-east/qatar-unveils-plans-for-a-spectacular-11-day-national-day-celebration-at-darb-al-saai/articleshow/125740722.cms: Message: timeout: Timed out receiving message from renderer: 59.807
  (Session info: chrome=142.0.7444.162)
Stacktrace:
#0 0x5585bedd232a <unknown>
#1 0x5585be81ee4b <unknown>
#2 0x5585be806e0d <unknown>
#3 0x5585be806af0 <unknown>
#4 0x5585be8048ff <unknown>
#5 0x5585be80527f <unknown>
#6 0x5585be813ca3 <unknown>
#7 0x5585be82d601 <unknown>
#8 0x5585be833e0b <unknown>
#9 0x5585be8059bd <unknown>
#10 0x5585be82d3a7 <unknown>
#11 0x5585be8be170 <unknown>
#12 0x5585be863c1a <unknown>
#13 0x5585be864921 <unknown>
#14 0x5585bed99239 <unknown>
#15 0x5585bed9c1e8 <unknown>
#16 0x5585bed824c9 <unknown>
#17 0x5585bed9cdb5 <unknown>
#18 0x5585bed69e93 <unknown>
#19 0x5585bedbf098 <unknown>
#20 0x5585bedbf273 <unknown>
#21 0x5585bedd12c3 <unknown>
#22 0x7f3075a9caa4 <unknown>
#23 0x7f3075b29c6c <unknown>

2025-12-03 11:45:09,904 - ERROR - [Times of India] All scrape strategies failed for https://timesofindia.indiatimes.com/world/middle-east/qatar-unveils-plans-for-a-spectacular-11-day-national-day-celebration-at-darb-al-saai/articleshow/125740722.cms. Falling back to RSS description.
2025-12-03 11:45:23,100 - INFO - Saved article: Ilaiyaraaja and producers of Tamil movies Good Bad Ugly, Dude reach compromise after payment of ₹50 lakh from The Hindu
2025-12-03 11:45:23,100 - INFO - Duplicate article skipped: Qatar unveils plans for a spectacular 11 day National Day celebration at Darb Al Saai from Times of India
2025-12-03 11:45:23,848 - INFO - [The Hindu] Article: https://www.thehindu.com/news/national/kerala/land-and-alignment-issues-stall-105-rob-projects-in-kerala/article70353110.ece
2025-12-03 11:45:23,849 - INFO - [The Hindu] Attempt 1/1: Trying with 'selenium_browser' strategy...
2025-12-03 11:45:24,346 - INFO - [Times of India] Article: https://timesofindia.indiatimes.com/world/middle-east/saudi-crown-prince-administers-oath-to-newly-appointed-ambassadors-at-dammam-ceremony/articleshow/125739816.cms
2025-12-03 11:45:24,347 - INFO - [Times of India] Attempt 1/1: Trying with 'selenium_browser' strategy...
2025-12-03 11:45:28,366 - INFO - [The Hindu] Page content loaded.
2025-12-03 11:45:28,525 - INFO - [The Hindu] Success with 'selenium_browser'. Found content (364 words).
2025-12-03 11:45:28,869 - INFO - [Times of India] Page content loaded.
2025-12-03 11:45:29,143 - INFO - [Times of India] Success with 'selenium_browser'. Found content (332 words).
2025-12-03 11:45:43,924 - INFO - Saved article: Land and alignment issues stall 105 ROB projects in Kerala - The Hindu from The Hindu
2025-12-03 11:45:43,924 - INFO - Duplicate article skipped: Saudi Crown Prince administers oath to newly appointed ambassadors at Dammam ceremony | World News - The Times of India from Times of India
2025-12-03 11:45:45,025 - INFO - [Times of India] Article: https://timesofindia.indiatimes.com/world/us/caribbean-strikes-hegseth-claims-learnt-of-survivors-hours-later-blames-fog-of-war/articleshow/125738445.cms
2025-12-03 11:45:45,026 - INFO - [Times of India] Attempt 1/1: Trying with 'selenium_browser' strategy...
2025-12-03 11:45:45,053 - INFO - [The Hindu] Article: https://www.thehindu.com/news/national/sc-turns-spotlight-on-glitches-in-pay-outs-free-critical-care-to-acid-attack-victims/article70353134.ece
2025-12-03 11:45:45,053 - INFO - [The Hindu] Attempt 1/1: Trying with 'selenium_browser' strategy...
2025-12-03 11:45:46,161 - INFO - [The Hindu] Page content loaded.
2025-12-03 11:45:46,286 - INFO - [Times of India] Page content loaded.
2025-12-03 11:45:46,535 - INFO - [Times of India] Success with 'selenium_browser'. Found content (344 words).
2025-12-03 11:45:46,598 - INFO - [The Hindu] Success with 'selenium_browser'. Found content (583 words).
2025-12-03 11:45:46,747 - INFO - Duplicate article skipped: Caribbean strikes: Hegseth claims he did not see any survivors as 'that thing was on fire'; blames fog of war - The Times of India from Times of India
2025-12-03 11:45:47,982 - INFO - [Times of India] Article: https://timesofindia.indiatimes.com/world/us/tennessee-elections-gop-narrowly-avoids-losing-deep-red-district-matt-epps-wins-house-seat/articleshow/125737225.cms
2025-12-03 11:45:47,985 - INFO - [Times of India] Attempt 1/1: Trying with 'selenium_browser' strategy...
2025-12-03 11:45:52,843 - INFO - [Times of India] Page content loaded.
2025-12-03 11:45:53,213 - INFO - [Times of India] Success with 'selenium_browser'. Found content (436 words).
2025-12-03 11:46:03,170 - INFO - Saved article: SC turns spotlight on glitches in pay-outs, free critical care to acid attack victims - The Hindu from The Hindu
2025-12-03 11:46:03,170 - INFO - Duplicate article skipped: Tennessee elections: GOP narrowly avoids losing deep-red district; Matt Epps wins house seat - The Times of India from Times of India
2025-12-03 11:46:03,714 - INFO - [The Hindu] Article: https://www.thehindu.com/news/national/telangana/telangana-gp-polls-2025-second-phase-28278-nominations-received-for-4332-sarpanch-posts-56-filed-on-last-day/article70353254.ece
2025-12-03 11:46:03,714 - INFO - [The Hindu] Attempt 1/1: Trying with 'selenium_browser' strategy...
2025-12-03 11:46:04,375 - INFO - [Times of India] Article: https://timesofindia.indiatimes.com/world/us/inhuman-agenda-sabrina-carpenter-slams-trump-admin-for-using-her-song-in-disgusting-video-white-house-responds/articleshow/125734612.cms
2025-12-03 11:46:04,376 - INFO - [Times of India] Attempt 1/1: Trying with 'selenium_browser' strategy...
2025-12-03 11:46:04,810 - INFO - [The Hindu] Page content loaded.
2025-12-03 11:46:04,930 - INFO - [The Hindu] Success with 'selenium_browser'. Found content (139 words).
2025-12-03 11:46:05,667 - INFO - [Times of India] Page content loaded.
2025-12-03 11:46:06,603 - INFO - [Times of India] Success with 'selenium_browser'. Found content (304 words).
2025-12-03 11:46:20,174 - INFO - Saved article: Telangana GP Polls-2025 second phase | 28,278 nominations received for 4,332 Sarpanch posts; 56% filed on last day - The Hindu from The Hindu
2025-12-03 11:46:20,174 - INFO - Duplicate article skipped: ‘Inhuman agenda’: Sabrina Carpenter slams Trump admin for using her song in 'disgusting' video; White House responds - The Times of India from Times of India
2025-12-03 11:46:21,032 - INFO - [Times of India] Article: https://timesofindia.indiatimes.com/world/us/lacks-moral-characterindian-national-jailed-in-us-over-mediacare-fraud-siphoned-off-1-17-million/articleshow/125734035.cms
2025-12-03 11:46:21,032 - INFO - [Times of India] Attempt 1/1: Trying with 'selenium_browser' strategy...
2025-12-03 11:46:21,313 - INFO - [The Hindu] Article: https://www.thehindu.com/news/national/karnataka/hanuma-jayanti-procession-organised-by-hindu-jagran-vedike-in-srirangapatna/article70353166.ece
2025-12-03 11:46:21,313 - INFO - [The Hindu] Attempt 1/1: Trying with 'selenium_browser' strategy...
2025-12-03 11:46:22,306 - INFO - [The Hindu] Page content loaded.
2025-12-03 11:46:22,478 - INFO - [The Hindu] Success with 'selenium_browser'. Found content (369 words).
2025-12-03 11:46:22,570 - INFO - Duplicate article skipped: Hanuma jayanti procession organised by Hindu Jagran Vedike at Srirangapatna - The Hindu from The Hindu
2025-12-03 11:46:23,145 - INFO - [The Hindu] Article: https://www.thehindu.com/news/national/west-bengal/calcutta-hcs-division-bench-sets-aside-order-terminating-appointment-of-32000-primary-teachers/article70353094.ece
2025-12-03 11:46:23,145 - INFO - [The Hindu] Attempt 1/1: Trying with 'selenium_browser' strategy...
2025-12-03 11:46:24,116 - INFO - [Times of India] Page content loaded.
2025-12-03 11:46:24,281 - INFO - [Times of India] Success with 'selenium_browser'. Found content (404 words).
2025-12-03 11:46:24,377 - INFO - Duplicate article skipped: ‘Lacks moral character’: Indian national jailed in US over medicare fraud; siphoned off $1.17 million - The Times of India from Times of India
2025-12-03 11:46:24,406 - INFO - [The Hindu] Page content loaded.
2025-12-03 11:46:24,595 - INFO - [The Hindu] Success with 'selenium_browser'. Found content (177 words).
2025-12-03 11:46:24,681 - INFO - Duplicate article skipped: Calcutta HC's Division Bench sets aside order terminating appointment of 32,000 primary teachers - The Hindu from The Hindu
2025-12-03 11:46:25,247 - INFO - [Times of India] Article: https://timesofindia.indiatimes.com/world/us/ban-h-1b-visas-desi-maga-backer-nalin-haley-wants-corporates-to-hire-certain-number-of-americans-watch/articleshow/125732051.cms
2025-12-03 11:46:25,248 - INFO - [Times of India] Attempt 1/1: Trying with 'selenium_browser' strategy...
2025-12-03 11:46:25,773 - INFO - [The Hindu] Article: https://www.thehindu.com/news/national/chhattisgarh/encounter-between-security-forces-and-maoists-in-chhattisgarhs-bijapur/article70353039.ece
2025-12-03 11:46:25,773 - INFO - [The Hindu] Attempt 1/1: Trying with 'selenium_browser' strategy...
2025-12-03 11:46:26,271 - INFO - [Times of India] Page content loaded.
2025-12-03 11:46:26,488 - INFO - [Times of India] Success with 'selenium_browser'. Found content (456 words).
2025-12-03 11:46:26,592 - INFO - Duplicate article skipped: 'Ban H-1B visas': Desi MAGA backer Nalin Haley wants corporates to hire 'certain number of Americans' - watch - The Times of India from Times of India
2025-12-03 11:46:27,849 - INFO - [The Hindu] Page content loaded.
2025-12-03 11:46:27,953 - INFO - [The Hindu] Success with 'selenium_browser'. Found content (126 words).
2025-12-03 11:46:28,269 - INFO - [Times of India] Article: https://timesofindia.indiatimes.com/world/middle-east/planning-a-longer-stay-in-uae-heres-how-to-extend-your-uae-visit-visa/articleshow/125738449.cms
2025-12-03 11:46:28,274 - INFO - [Times of India] Attempt 1/1: Trying with 'selenium_browser' strategy...
2025-12-03 11:46:30,069 - INFO - [Times of India] Page content loaded.
2025-12-03 11:46:30,260 - INFO - [Times of India] Success with 'selenium_browser'. Found content (633 words).
2025-12-03 11:46:43,603 - INFO - DEDUPLICATION: Found match (Score: 1.00). Linking to Cluster ID: fc523bc9-702f-486a-97d8-dd5281442027
2025-12-03 11:46:43,605 - INFO - Saved article: Encounter breaks out between police and Maoists in Chhattisgarh's Bijapur - The Hindu from The Hindu
2025-12-03 11:46:43,605 - INFO - Duplicate article skipped: Planning a longer stay in UAE? Here’s how to extend your UAE Visit Visa | World News - The Times of India from Times of India
2025-12-03 11:46:44,323 - INFO - [Times of India] Article: https://timesofindia.indiatimes.com/world/middle-east/kuwait-to-get-six-public-holidays-in-january-2026-including-new-year-and-isra-miraj/articleshow/125736457.cms
2025-12-03 11:46:44,323 - INFO - [Times of India] Attempt 1/1: Trying with 'selenium_browser' strategy...
2025-12-03 11:46:44,952 - INFO - [The Hindu] Article: https://www.thehindu.com/news/cities/Hyderabad/air-fares-surge-after-indigo-cancellations-103-lakh-for-hyderabadbhopal-ticket/article70353036.ece
2025-12-03 11:46:44,952 - INFO - [The Hindu] Attempt 1/1: Trying with 'selenium_browser' strategy...
2025-12-03 11:46:45,765 - INFO - [The Hindu] Page content loaded.
2025-12-03 11:46:45,849 - INFO - [Times of India] Page content loaded.
2025-12-03 11:46:46,073 - INFO - [Times of India] Success with 'selenium_browser'. Found content (269 words).
2025-12-03 11:46:46,218 - INFO - [The Hindu] Success with 'selenium_browser'. Found content (345 words).
2025-12-03 11:46:46,256 - INFO - Duplicate article skipped: Kuwait to get six public holidays in January 2026 including new year and Isra-Mi’raj | World News - The Times of India from Times of India
2025-12-03 11:46:46,338 - INFO - Duplicate article skipped: Air fares surge after IndiGo cancellations; ₹1.03 lakh for Hyderabad–Bhopal ticket - The Hindu from The Hindu
2025-12-03 11:46:46,933 - INFO - [Times of India] Article: https://timesofindia.indiatimes.com/world/middle-east/saudi-arabia-approves-350-billion-budget-for-2026-focused-on-vision-2030-goalssaudi-arabia-approves-350-billion-budget-for-2026-focused-on-vision-2030-goals/articleshow/125735433.cms
2025-12-03 11:46:46,933 - INFO - [Times of India] Attempt 1/1: Trying with 'selenium_browser' strategy...
2025-12-03 11:46:47,186 - INFO - [The Hindu] Article: https://www.thehindu.com/news/national/tamil-nadu/rpfsub-inspector-rescues-man-who-slipped-while-boarding-moving-train-in-salem/article70352629.ece
2025-12-03 11:46:47,186 - INFO - [The Hindu] Attempt 1/1: Trying with 'selenium_browser' strategy...
2025-12-03 11:46:48,008 - INFO - [Times of India] Page content loaded.
2025-12-03 11:46:48,217 - INFO - [Times of India] Success with 'selenium_browser'. Found content (323 words).
2025-12-03 11:46:48,333 - INFO - Duplicate article skipped: Saudi Arabia approves $350 billion budget for 2026, focused on vision 2030 goals | World News - The Times of India from Times of India
2025-12-03 11:46:49,686 - INFO - [Times of India] Article: https://timesofindia.indiatimes.com/world/us/null-and-void-trump-declares-all-biden-autopen-signed-documents-invalid-calls-them-unauthorized/articleshow/125731145.cms
2025-12-03 11:46:49,686 - INFO - [Times of India] Attempt 1/1: Trying with 'selenium_browser' strategy...
2025-12-03 11:46:50,922 - INFO - [Times of India] Page content loaded.
2025-12-03 11:46:51,281 - INFO - [The Hindu] Page content loaded.
2025-12-03 11:46:51,394 - INFO - [Times of India] Success with 'selenium_browser'. Found content (336 words).
2025-12-03 11:46:51,476 - INFO - [The Hindu] Success with 'selenium_browser'. Found content (143 words).
2025-12-03 11:46:51,564 - INFO - Duplicate article skipped: ‘Null and void’: Trump declares all Biden autopen-signed documents invalid; calls them ‘unauthorized’ - The Times of India from Times of India
2025-12-03 11:46:51,612 - INFO - Duplicate article skipped: RPF sub-inspector rescues man who slipped while boarding moving train in Salem - The Hindu from The Hindu
2025-12-03 11:46:52,196 - INFO - [Times of India] Article: https://timesofindia.indiatimes.com/world/us-streamers/why-did-twitch-suspend-rakai-again-irl-streamers-two-year-suspension-explained/articleshow/125734329.cms
2025-12-03 11:46:52,197 - INFO - [Times of India] Attempt 1/1: Trying with 'selenium_browser' strategy...
2025-12-03 11:46:52,735 - INFO - [The Hindu] Article: https://www.thehindu.com/news/national/karnataka/bengaluru-advocate-files-police-complaint-against-bollywood-actor-ranveer-singh-for-hurting-religious-sentiments-of-tulu-community/article70352930.ece
2025-12-03 11:46:52,736 - INFO - [The Hindu] Attempt 1/1: Trying with 'selenium_browser' strategy...
2025-12-03 11:46:53,634 - INFO - [The Hindu] Page content loaded.
2025-12-03 11:46:53,651 - INFO - [Times of India] Page content loaded.
2025-12-03 11:46:53,706 - INFO - [The Hindu] Success with 'selenium_browser'. Found content (228 words).
2025-12-03 11:46:53,771 - INFO - Duplicate article skipped: Complaint against actor Ranveer Singh for ‘hurting religious sentiments’ of Tulu community - The Hindu from The Hindu
2025-12-03 11:46:53,852 - INFO - [Times of India] Success with 'selenium_browser'. Found content (445 words).
2025-12-03 11:46:53,944 - INFO - Duplicate article skipped: Why did Twitch suspend RaKai again? IRL streamer’s two-year suspension explained - The Times of India from Times of India
2025-12-03 11:46:54,330 - INFO - [The Hindu] Article: https://www.thehindu.com/news/national/kerala/court-posts-kerala-mla-rahul-mamkootathils-bail-plea-in-rape-case-for-further-hearing-on-december-4/article70352979.ece
2025-12-03 11:46:54,330 - INFO - [The Hindu] Attempt 1/1: Trying with 'selenium_browser' strategy...
2025-12-03 11:46:54,877 - INFO - [Times of India] Article: https://timesofindia.indiatimes.com/world/us-streamers/i-will-be-naming-candace-owens-alleges-tpusa-leaders-betrayed-charlie-kirk-before-deadly-shooting-and-vows-to-show-evidence/articleshow/125728624.cms
2025-12-03 11:46:54,877 - INFO - [Times of India] Attempt 1/1: Trying with 'selenium_browser' strategy...
2025-12-03 11:46:56,288 - INFO - [The Hindu] Page content loaded.
2025-12-03 11:46:56,377 - INFO - [The Hindu] Success with 'selenium_browser'. Found content (456 words).
2025-12-03 11:46:56,445 - INFO - [Times of India] Page content loaded.
2025-12-03 11:46:56,474 - INFO - Duplicate article skipped: Court posts Kerala MLA Rahul Mamkootathil’s bail plea in rape case for further hearing on December 4 - The Hindu from The Hindu
2025-12-03 11:46:56,620 - INFO - [Times of India] Success with 'selenium_browser'. Found content (425 words).
2025-12-03 11:46:56,680 - INFO - Duplicate article skipped: Candace Owens alleges TPUSA leaders betrayed Charlie Kirk before deadly shooting and vows to show evidence - The Times of India from Times of India
2025-12-03 11:46:57,198 - INFO - [Times of India] Article: https://timesofindia.indiatimes.com/world/us/trump-maduro-spat-venezuela-to-continue-accepting-deported-migrants-move-despite-uss-airspace-closure-assertion/articleshow/125732625.cms
2025-12-03 11:46:57,199 - INFO - [Times of India] Attempt 1/1: Trying with 'selenium_browser' strategy...
2025-12-03 11:46:57,218 - INFO - [The Hindu] Article: https://www.thehindu.com/business/Industry/install-emission-monitors-by-december-31-or-face-closure-centre-warns-delhi-ncr-industries/article70352863.ece
2025-12-03 11:46:57,218 - INFO - [The Hindu] Attempt 1/1: Trying with 'selenium_browser' strategy...
2025-12-03 11:46:58,025 - INFO - [Times of India] Page content loaded.
2025-12-03 11:46:58,170 - INFO - [The Hindu] Page content loaded.
2025-12-03 11:46:58,196 - INFO - [Times of India] Success with 'selenium_browser'. Found content (408 words).
2025-12-03 11:46:58,312 - INFO - Duplicate article skipped: Trump-Maduro spat: US flights deporting migrants to Venezuela to continue despite claims of airspace closure - The Times of India from Times of India
2025-12-03 11:46:58,446 - INFO - [The Hindu] Success with 'selenium_browser'. Found content (301 words).
2025-12-03 11:46:58,531 - INFO - Duplicate article skipped: Delhi Air Pollution: Centre warns NCR industries to install emission monitors by December 31 - The Hindu from The Hindu
2025-12-03 11:46:59,266 - INFO - [Times of India] Article: https://timesofindia.indiatimes.com/world/us/oregon-indian-man-charged-with-criminally-negligent-homicide-after-crash-kills-two-what-probe-revealed/articleshow/125732478.cms
2025-12-03 11:46:59,266 - INFO - [Times of India] Attempt 1/1: Trying with 'selenium_browser' strategy...
2025-12-03 11:46:59,690 - INFO - [The Hindu] Article: https://www.thehindu.com/news/national/tamil-nadu/tn-cm-stalin-distributes-wheelchairs-to-persons-with-disabilities/article70352987.ece
2025-12-03 11:46:59,691 - INFO - [The Hindu] Attempt 1/1: Trying with 'selenium_browser' strategy...
2025-12-03 11:47:00,460 - INFO - [Times of India] Page content loaded.
2025-12-03 11:47:00,687 - INFO - [Times of India] Success with 'selenium_browser'. Found content (392 words).
2025-12-03 11:47:01,181 - INFO - Duplicate article skipped: Oregon: Indian man charged with criminally negligent homicide after crash kills two — what probe revealed - The Times of India from Times of India
2025-12-03 11:47:01,798 - INFO - [Times of India] Article: https://timesofindia.indiatimes.com/world/rest-of-world/13-year-old-pulled-the-trigger-chilling-details-of-public-execution-of-afghan-man-80000-watched/articleshow/125731855.cms
2025-12-03 11:47:01,799 - INFO - [Times of India] Attempt 1/1: Trying with 'selenium_browser' strategy...
2025-12-03 11:47:02,815 - INFO - [The Hindu] Page content loaded.
2025-12-03 11:47:02,886 - INFO - [The Hindu] Success with 'selenium_browser'. Found content (99 words).
2025-12-03 11:47:02,979 - INFO - Duplicate article skipped: T.N. CM Stalin distributes wheelchairs to persons with disabilities - The Hindu from The Hindu
2025-12-03 11:47:03,587 - INFO - [Times of India] Page content loaded.
2025-12-03 11:47:03,737 - INFO - [Times of India] Success with 'selenium_browser'. Found content (305 words).
2025-12-03 11:47:03,803 - INFO - Duplicate article skipped: '13-year-old pulled the trigger': Chilling details of public execution of Afghan man; '80,000 watched' - The Times of India from Times of India
2025-12-03 11:47:04,194 - INFO - [The Hindu] Article: https://www.thehindu.com/news/national/madhya-pradesh/mp-cough-syrup-deaths-ed-attaches-assets-of-coldrif-promoter-in-chennai/article70352759.ece
2025-12-03 11:47:04,194 - INFO - [The Hindu] Attempt 1/1: Trying with 'selenium_browser' strategy...
2025-12-03 11:47:04,568 - INFO - [Times of India] Article: https://timesofindia.indiatimes.com/world/us-streamers/meghan-markle-faces-backlash-as-perez-hilton-calls-her-turkey-clip-a-safety-hazard-and-names-her-salmonella-sussex/articleshow/125730524.cms
2025-12-03 11:47:04,569 - INFO - [Times of India] Attempt 1/1: Trying with 'selenium_browser' strategy...
2025-12-03 11:47:04,956 - INFO - [The Hindu] Page content loaded.
2025-12-03 11:47:05,136 - INFO - [The Hindu] Success with 'selenium_browser'. Found content (418 words).
2025-12-03 11:47:05,226 - INFO - Duplicate article skipped: M.P. cough syrup deaths: ED attaches assets of Coldrif promoter in Chennai - The Hindu from The Hindu
2025-12-03 11:47:05,380 - INFO - [Times of India] Page content loaded.
2025-12-03 11:47:05,556 - INFO - [Times of India] Success with 'selenium_browser'. Found content (455 words).
2025-12-03 11:47:05,631 - INFO - Duplicate article skipped: Meghan Markle faces backlash as Perez Hilton calls her turkey clip a safety hazard and names her Salmonella Sussex - The Times of India from Times of India
2025-12-03 11:47:05,846 - INFO - [The Hindu] Article: https://www.thehindu.com/news/national/telangana/three-killed-two-injured-as-car-crashes-into-road-divider-at-sathupalli-in-khammam-district/article70352309.ece
2025-12-03 11:47:05,846 - INFO - [The Hindu] Attempt 1/1: Trying with 'selenium_browser' strategy...
2025-12-03 11:47:06,699 - INFO - [Times of India] Article: https://timesofindia.indiatimes.com/world/us/subject-to-attack-trump-warns-any-country-trafficking-drugs-to-us-can-be-striked-names-colombia-bogota-hits-back/articleshow/125731104.cms
2025-12-03 11:47:06,699 - INFO - [Times of India] Attempt 1/1: Trying with 'selenium_browser' strategy...
2025-12-03 11:47:08,450 - INFO - [Times of India] Page content loaded.
2025-12-03 11:47:08,833 - INFO - [Times of India] Success with 'selenium_browser'. Found content (393 words).
2025-12-03 11:47:08,894 - INFO - [The Hindu] Page content loaded.
2025-12-03 11:47:08,940 - INFO - Duplicate article skipped: ‘Subject to attack’: Trump warns any country trafficking drugs to US can be struck; names Colombia, Bogota hits back - The Times of India from Times of India
2025-12-03 11:47:08,967 - INFO - [The Hindu] Success with 'selenium_browser'. Found content (188 words).
2025-12-03 11:47:09,070 - INFO - Duplicate article skipped: Three killed, two injured as car crashes into road divider at Sathupalli in Khammam district - The Hindu from The Hindu
2025-12-03 11:47:09,694 - INFO - [The Hindu] Article: https://www.thehindu.com/news/national/telangana/telangana-cm-urges-pm-to-approve-metro-rail-expansion-hyderabad-machilipatnam-port-greenfield-expressway-and-other-projects/article70352860.ece
2025-12-03 11:47:09,694 - INFO - [The Hindu] Attempt 1/1: Trying with 'selenium_browser' strategy...
2025-12-03 11:47:10,217 - INFO - [Times of India] Article: https://timesofindia.indiatimes.com/world/us/donalds-sleepy-joe-moment-gavin-newsom-shares-video-of-trump-sleeping-in-his-cabinet-meeting-watch/articleshow/125730929.cms
2025-12-03 11:47:10,217 - INFO - [Times of India] Attempt 1/1: Trying with 'selenium_browser' strategy...
2025-12-03 11:47:10,620 - INFO - [The Hindu] Page content loaded.
2025-12-03 11:47:10,814 - INFO - [The Hindu] Success with 'selenium_browser'. Found content (166 words).
2025-12-03 11:47:10,923 - INFO - Duplicate article skipped: Telangana CM urges PM to approve Metro Rail expansion, Hyderabad-Machilipatnam port greenfield expressway and other projects - The Hindu from The Hindu
2025-12-03 11:47:11,271 - INFO - [Times of India] Page content loaded.
2025-12-03 11:47:11,408 - INFO - [Times of India] Success with 'selenium_browser'. Found content (437 words).
2025-12-03 11:47:11,633 - INFO - Duplicate article skipped: Donald's 'sleepy Joe' moment: Trump struggles to stay awake at Cabinet meeting - watch - The Times of India from Times of India
2025-12-03 11:47:11,778 - INFO - [The Hindu] Article: https://www.thehindu.com/news/national/government-withdraws-mandatory-sanchar-saathi-pre-installation-on-phones-after-backlash/article70352971.ece
2025-12-03 11:47:11,779 - INFO - [The Hindu] Attempt 1/1: Trying with 'selenium_browser' strategy...
2025-12-03 11:47:12,729 - INFO - [Times of India] Article: https://timesofindia.indiatimes.com/etimes/trending/stonehenge-just-got-stranger-archaeologists-confirm-massive-man-made-ring-of-pits-underground/articleshow/125725186.cms
2025-12-03 11:47:12,729 - INFO - [Times of India] Attempt 1/1: Trying with 'selenium_browser' strategy...
2025-12-03 11:47:16,981 - INFO - [The Hindu] Page content loaded.
2025-12-03 11:47:17,158 - INFO - [The Hindu] Success with 'selenium_browser'. Found content (290 words).
2025-12-03 11:47:17,282 - INFO - Duplicate article skipped: Sanchar Saathi app: Government withdraws mandatory pre-installation of app on phones after backlash - The Hindu from The Hindu
2025-12-03 11:47:17,817 - INFO - [The Hindu] Article: https://www.thehindu.com/news/national/tamil-nadu/former-aiadmk-mla-r-chinnasamy-joins-dmk/article70352891.ece
2025-12-03 11:47:17,817 - INFO - [The Hindu] Attempt 1/1: Trying with 'selenium_browser' strategy...
2025-12-03 11:47:20,499 - INFO - [The Hindu] Page content loaded.
2025-12-03 11:47:20,795 - WARNING - [The Hindu] FAILED with 'selenium_browser' (content was too short: 68 words).
2025-12-03 11:47:20,795 - ERROR - [The Hindu] All scrape strategies failed for https://www.thehindu.com/news/national/tamil-nadu/former-aiadmk-mla-r-chinnasamy-joins-dmk/article70352891.ece. Falling back to RSS description.
2025-12-03 11:47:20,796 - INFO - Duplicate article skipped: Former AIADMK MLA R. Chinnasamy joins DMK from The Hindu
2025-12-03 11:47:21,815 - INFO - [The Hindu] Article: https://www.thehindu.com/news/national/west-bengal/sunali-khatun-was-pushed-to-bangladesh-despite-being-indian-says-mamata-banerjee/article70352802.ece
2025-12-03 11:47:21,815 - INFO - [The Hindu] Attempt 1/1: Trying with 'selenium_browser' strategy...
2025-12-03 11:47:22,494 - INFO - [The Hindu] Page content loaded.
2025-12-03 11:47:22,750 - INFO - [The Hindu] Success with 'selenium_browser'. Found content (446 words).
2025-12-03 11:47:22,833 - INFO - Duplicate article skipped: Sunali Khatun was pushed to Bangladesh despite being Indian, says Mamata Banerjee - The Hindu from The Hindu
2025-12-03 11:47:24,331 - INFO - [The Hindu] Article: https://www.thehindu.com/news/national/andhra-pradesh/cyclone-ditwah-rains-lash-south-coastal-andhra-pradesh/article70352221.ece
2025-12-03 11:47:24,331 - INFO - [The Hindu] Attempt 1/1: Trying with 'selenium_browser' strategy...
2025-12-03 11:47:25,204 - INFO - [The Hindu] Page content loaded.
2025-12-03 11:47:25,384 - INFO - [The Hindu] Success with 'selenium_browser'. Found content (447 words).
2025-12-03 11:47:25,473 - INFO - Duplicate article skipped: Cyclone Ditwah: Rains lash south coastal Andhra Pradesh - The Hindu from The Hindu
2025-12-03 11:47:26,037 - WARNING - [Times of India] Page timed out (10s). No <p> tags found. Proceeding anyway.
2025-12-03 11:47:26,113 - INFO - [The Hindu] (Thread) Finished. Attempting to shut down its Selenium driver.
2025-12-03 11:47:26,340 - INFO - [The Hindu] (Thread) driver.quit() successful.
2025-12-03 11:47:26,342 - INFO - [Times of India] Success with 'selenium_browser'. Found content (1134 words).
2025-12-03 11:47:26,662 - INFO - Duplicate article skipped: Stonehenge just got stranger: Archaeologists confirm massive man-made ring of pits underground | - The Times of India from Times of India
2025-12-03 11:47:28,100 - INFO - [Times of India] (Thread) Finished. Attempting to shut down its Selenium driver.
2025-12-03 11:47:28,350 - INFO - [Times of India] (Thread) driver.quit() successful.
2025-12-03 11:47:28,350 - INFO - Shutting down thread pool (wait=False)...
2025-12-03 11:47:28,350 - INFO - Scraped: 0 The Guardian, 0 Times of India, 0 BBC, 5 The Hindu articles. (Total saved: 5)
2025-12-03 11:47:28,351 - INFO - --- Scraping job finished ---
2025-12-03 11:47:28,357 - INFO - --- Scraper service stopped and database connection closed. ---
2025-12-03 11:47:28,357 - INFO - --- Main thread finished. Forcing process exit to kill zombie threads. ---
