2025-12-02 23:42:12,140 - INFO - Loading AI Semantic Model (all-MiniLM-L6-v2)...
2025-12-02 23:42:12,140 - INFO - Use pytorch device_name: cpu
2025-12-02 23:42:12,140 - INFO - Load pretrained SentenceTransformer: all-MiniLM-L6-v2
2025-12-02 23:42:12,606 - INFO - AI Model loaded successfully.
2025-12-02 23:42:12,607 - INFO - Initializing database connection at: news_articles.db
2025-12-02 23:42:12,607 - INFO - --- Scraper service started (CI Mode: Run Once) ---
2025-12-02 23:42:12,607 - INFO - --- Starting new scraping job (Parallel Mode) ---
2025-12-02 23:42:12,607 - INFO - Creating new robust session with 3 retries on 5xx/connection/read errors.
2025-12-02 23:42:12,607 - INFO - Proxy is DISABLED.
2025-12-02 23:42:12,607 - INFO - Starting scrape for BBC RSS feed: http://feeds.bbci.co.uk/news/world/rss.xml
2025-12-02 23:42:12,608 - INFO - [Times of India] (Thread) requires Selenium. Initializing driver...
2025-12-02 23:42:12,609 - INFO - Initializing headless Selenium Chrome driver (using SeleniumManager)...
2025-12-02 23:42:12,609 - INFO - Starting scrape for The Guardian RSS feed: https://www.theguardian.com/world/rss
2025-12-02 23:42:12,611 - INFO - [The Hindu] (Thread) requires Selenium. Initializing driver...
2025-12-02 23:42:12,611 - INFO - Initializing headless Selenium Chrome driver (using SeleniumManager)...
2025-12-02 23:42:12,611 - INFO - Submitted 4 jobs to thread pool. Waiting up to 300s for completion...
2025-12-02 23:42:12,710 - INFO - Found 44 articles in The Guardian RSS feed. Processing up to 20.
2025-12-02 23:42:12,710 - INFO - [The Guardian] Article: https://www.theguardian.com/us-news/2025/dec/02/trump-somali-immigrants-minnesota
2025-12-02 23:42:12,710 - INFO - [The Guardian] Attempt 1/1: Trying with 'requests_browser' strategy...
2025-12-02 23:42:12,738 - INFO - [The Guardian] Success with 'requests_browser'. Found content (473 words).
2025-12-02 23:42:12,773 - INFO - Duplicate article skipped: Trump calls Somali immigrants ‘garbage’ as US reportedly targets Minnesota community | Trump administration | The Guardian from The Guardian
2025-12-02 23:42:12,899 - INFO - Found 38 articles in BBC RSS feed. Processing up to 20.
2025-12-02 23:42:12,899 - INFO - [BBC] Article: https://www.bbc.com/news/articles/cwyv0ex7v8ro?at_medium=RSS&at_campaign=rss
2025-12-02 23:42:12,900 - INFO - [BBC] Attempt 1/1: Trying with 'requests_browser' strategy...
2025-12-02 23:42:13,133 - INFO - [BBC] Success with 'requests_browser'. Found content (754 words).
2025-12-02 23:42:13,168 - INFO - Duplicate article skipped: Putin hosts US negotiators at Kremlin for Ukraine talks from BBC
2025-12-02 23:42:14,008 - INFO - [BBC] Article: https://www.bbc.com/news/articles/cpq47derx2vo?at_medium=RSS&at_campaign=rss
2025-12-02 23:42:14,008 - INFO - [BBC] Attempt 1/1: Trying with 'requests_browser' strategy...
2025-12-02 23:42:14,060 - INFO - [The Guardian] Article: https://www.theguardian.com/world/2025/dec/01/south-africans-court-alleged-recruitment-russia-war-ukraine
2025-12-02 23:42:14,061 - INFO - [The Guardian] Attempt 1/1: Trying with 'requests_browser' strategy...
2025-12-02 23:42:14,102 - INFO - [The Guardian] Success with 'requests_browser'. Found content (506 words).
2025-12-02 23:42:14,158 - INFO - Duplicate article skipped: Five South Africans in court over alleged recruitment for Russia’s war in Ukraine | South Africa | The Guardian from The Guardian
2025-12-02 23:42:14,181 - INFO - [BBC] Success with 'requests_browser'. Found content (991 words).
2025-12-02 23:42:14,218 - INFO - Duplicate article skipped: Ukrainians in war-ravaged Donbas weigh prospects of peace deal from BBC
2025-12-02 23:42:14,723 - INFO - [BBC] Article: https://www.bbc.com/news/articles/c0r95q9kv1go?at_medium=RSS&at_campaign=rss
2025-12-02 23:42:14,724 - INFO - [BBC] Attempt 1/1: Trying with 'requests_browser' strategy...
2025-12-02 23:42:14,763 - INFO - [BBC] Success with 'requests_browser'. Found content (1075 words).
2025-12-02 23:42:14,803 - INFO - Duplicate article skipped: US authorised second deadly Venezuela boat strike, White House says from BBC
2025-12-02 23:42:15,234 - INFO - [The Guardian] Article: https://www.theguardian.com/global-development/2025/dec/01/global-health-hiv-aids-funding-cuts-infections-prevention
2025-12-02 23:42:15,234 - INFO - [The Guardian] Attempt 1/1: Trying with 'requests_browser' strategy...
2025-12-02 23:42:15,258 - INFO - [The Guardian] Success with 'requests_browser'. Found content (674 words).
2025-12-02 23:42:15,432 - INFO - Duplicate article skipped: Aid cuts have shaken HIV/Aids care to its core – and will mean millions more infections ahead | Global health | The Guardian from The Guardian
2025-12-02 23:42:16,034 - INFO - [BBC] Article: https://www.bbc.com/news/articles/cedxyvx74p4o?at_medium=RSS&at_campaign=rss
2025-12-02 23:42:16,034 - INFO - [BBC] Attempt 1/1: Trying with 'requests_browser' strategy...
2025-12-02 23:42:16,070 - INFO - [BBC] Success with 'requests_browser'. Found content (768 words).
2025-12-02 23:42:16,105 - INFO - Duplicate article skipped: Sanchar Saathi: India mandates state-owned cyber safety app on all smartphones from BBC
2025-12-02 23:42:16,742 - INFO - [The Guardian] Article: https://www.theguardian.com/world/2025/nov/30/african-leaders-push-for-recognition-of-colonial-crimes-and-reparations
2025-12-02 23:42:16,742 - INFO - [The Guardian] Attempt 1/1: Trying with 'requests_browser' strategy...
2025-12-02 23:42:16,770 - INFO - [The Guardian] Success with 'requests_browser'. Found content (670 words).
2025-12-02 23:42:16,814 - INFO - Duplicate article skipped: African leaders push for recognition of colonial crimes and reparations | Colonialism | The Guardian from The Guardian
2025-12-02 23:42:17,456 - INFO - [BBC] Article: https://www.bbc.com/news/articles/cn41jge1990o?at_medium=RSS&at_campaign=rss
2025-12-02 23:42:17,456 - INFO - [BBC] Attempt 1/1: Trying with 'requests_browser' strategy...
2025-12-02 23:42:17,493 - INFO - [BBC] Success with 'requests_browser'. Found content (595 words).
2025-12-02 23:42:17,527 - INFO - Duplicate article skipped: Pope prays at site of Beirut port blast at end of Lebanon visit from BBC
2025-12-02 23:42:17,775 - INFO - [The Guardian] Article: https://www.theguardian.com/world/2025/nov/28/jacob-zuma-daughter-resigns-claims-south-africans-tricked-fight-russia
2025-12-02 23:42:17,775 - INFO - [The Guardian] Attempt 1/1: Trying with 'requests_browser' strategy...
2025-12-02 23:42:17,893 - INFO - [The Guardian] Success with 'requests_browser'. Found content (753 words).
2025-12-02 23:42:17,930 - INFO - Duplicate article skipped: Jacob Zuma’s daughter resigns amid claims South Africans tricked to fight for Russia | South Africa | The Guardian from The Guardian
2025-12-02 23:42:18,972 - INFO - [BBC] Article: https://www.bbc.com/news/articles/cg7v24m1leyo?at_medium=RSS&at_campaign=rss
2025-12-02 23:42:18,972 - INFO - [BBC] Attempt 1/1: Trying with 'requests_browser' strategy...
2025-12-02 23:42:19,012 - INFO - [The Guardian] Article: https://www.theguardian.com/us-news/live/2025/dec/02/donald-trump-pete-hegseth-boat-venezuela-maduro-tennessee-us-politics-live-news-updates
2025-12-02 23:42:19,012 - INFO - [The Guardian] Attempt 1/1: Trying with 'requests_browser' strategy...
2025-12-02 23:42:19,233 - INFO - [The Guardian] Success with 'requests_browser'. Found content (2181 words).
2025-12-02 23:42:19,325 - INFO - Duplicate article skipped: Pete Hegseth says he ‘didn’t stick around’ to watch second strike on alleged drug boat as Democrats slam administration over attacks – live | Trump administration | The Guardian from The Guardian
2025-12-02 23:42:19,369 - INFO - [BBC] Success with 'requests_browser'. Found content (236 words).
2025-12-02 23:42:19,413 - INFO - Duplicate article skipped: Rare Fabergé egg fetches record £22.9m at London auction from BBC
2025-12-02 23:42:20,127 - INFO - Selenium driver initialized successfully.
2025-12-02 23:42:20,127 - INFO - Starting scrape for Times of India RSS feed: https://timesofindia.indiatimes.com/rssfeeds/296589292.cms
2025-12-02 23:42:20,128 - INFO - Selenium driver initialized successfully.
2025-12-02 23:42:20,128 - INFO - Starting scrape for The Hindu RSS feed: https://www.thehindu.com/news/national/feeder/default.rss
2025-12-02 23:42:20,285 - INFO - Found 20 articles in Times of India RSS feed. Processing up to 20.
2025-12-02 23:42:20,285 - INFO - [Times of India] Article: https://timesofindia.indiatimes.com/technology/tech-news/ai-nightmare-google-ceo-sundar-pichai-reveals-the-one-threat-that-keeps-him-awake-at-night/articleshow/125721392.cms
2025-12-02 23:42:20,285 - INFO - [Times of India] Attempt 1/1: Trying with 'selenium_browser' strategy...
2025-12-02 23:42:20,355 - INFO - Found 100 articles in The Hindu RSS feed. Processing up to 20.
2025-12-02 23:42:20,355 - INFO - [The Hindu] Article: https://www.thehindu.com/news/national/peru-presidential-hopeful-bloodied-but-safe-after-gun-attack/article70351192.ece
2025-12-02 23:42:20,355 - INFO - [The Hindu] Attempt 1/1: Trying with 'selenium_browser' strategy...
2025-12-02 23:42:20,464 - INFO - [BBC] Article: https://www.bbc.com/news/articles/c0q5n3x0jn9o?at_medium=RSS&at_campaign=rss
2025-12-02 23:42:20,464 - INFO - [BBC] Attempt 1/1: Trying with 'requests_browser' strategy...
2025-12-02 23:42:20,499 - INFO - [The Guardian] Article: https://www.theguardian.com/world/2025/dec/02/trump-intervention-honduras-presidential-vote-count-stalls-nasry-asfura
2025-12-02 23:42:20,499 - INFO - [The Guardian] Attempt 1/1: Trying with 'requests_browser' strategy...
2025-12-02 23:42:20,545 - INFO - [The Guardian] Success with 'requests_browser'. Found content (945 words).
2025-12-02 23:42:20,604 - INFO - Duplicate article skipped: Trump frees ex-Honduran president from prison as country awaits knife-edge election result | Honduras | The Guardian from The Guardian
2025-12-02 23:42:20,624 - INFO - [BBC] Success with 'requests_browser'. Found content (328 words).
2025-12-02 23:42:20,664 - INFO - Duplicate article skipped: Thousands of rounds of German army ammunition stolen from lorry from BBC
2025-12-02 23:42:21,263 - INFO - [The Guardian] Article: https://www.theguardian.com/us-news/2025/dec/02/pete-hegseth-franklin-the-turtle
2025-12-02 23:42:21,263 - INFO - [The Guardian] Attempt 1/1: Trying with 'requests_browser' strategy...
2025-12-02 23:42:21,270 - INFO - [BBC] Article: https://www.bbc.com/news/articles/c93n4nx5yqro?at_medium=RSS&at_campaign=rss
2025-12-02 23:42:21,271 - INFO - [BBC] Attempt 1/1: Trying with 'requests_browser' strategy...
2025-12-02 23:42:21,314 - INFO - [The Guardian] Success with 'requests_browser'. Found content (438 words).
2025-12-02 23:42:21,416 - INFO - Duplicate article skipped: Publisher condemns ‘violent’ use of Franklin the Turtle after Hegseth’s boat strike post | Pete Hegseth | The Guardian from The Guardian
2025-12-02 23:42:21,439 - INFO - [BBC] Success with 'requests_browser'. Found content (1032 words).
2025-12-02 23:42:21,499 - INFO - Duplicate article skipped: Why is US President Trump threatening Venezuela's President Maduro? from BBC
2025-12-02 23:42:22,617 - INFO - [The Guardian] Article: https://www.theguardian.com/us-news/2025/dec/02/monterrey-mexico-air-quality-industrial-pollution
2025-12-02 23:42:22,617 - INFO - [The Guardian] Attempt 1/1: Trying with 'requests_browser' strategy...
2025-12-02 23:42:22,780 - INFO - [The Guardian] Success with 'requests_browser'. Found content (3688 words).
2025-12-02 23:42:22,794 - INFO - [BBC] Article: https://www.bbc.com/news/articles/ce3wq2zznz1o?at_medium=RSS&at_campaign=rss
2025-12-02 23:42:22,794 - INFO - [BBC] Attempt 1/1: Trying with 'requests_browser' strategy...
2025-12-02 23:42:23,092 - INFO - Duplicate article skipped: Revealed: Mexico’s industrial boomtown is making goods for the US. Residents say they’re ‘breathing poison’ | Mexico | The Guardian from The Guardian
2025-12-02 23:42:23,101 - INFO - [BBC] Success with 'requests_browser'. Found content (740 words).
2025-12-02 23:42:23,282 - INFO - Duplicate article skipped: Guinea Bissau coup: Nigeria grants asylum to presidential candidate Fernando Dias from BBC
2025-12-02 23:42:24,441 - INFO - [BBC] Article: https://www.bbc.com/news/articles/ce8ng18p7v3o?at_medium=RSS&at_campaign=rss
2025-12-02 23:42:24,441 - INFO - [BBC] Attempt 1/1: Trying with 'requests_browser' strategy...
2025-12-02 23:42:24,522 - INFO - [The Guardian] Article: https://www.theguardian.com/world/2025/dec/02/st-lucia-election-prime-minister-philip-pierre-wins
2025-12-02 23:42:24,522 - INFO - [The Guardian] Attempt 1/1: Trying with 'requests_browser' strategy...
2025-12-02 23:42:24,559 - INFO - [The Guardian] Success with 'requests_browser'. Found content (313 words).
2025-12-02 23:42:24,757 - INFO - Duplicate article skipped: St Lucia prime minister Philip Pierre keeps majority as ruling party wins | St Lucia | The Guardian from The Guardian
2025-12-02 23:42:24,949 - INFO - [BBC] Success with 'requests_browser'. Found content (582 words).
2025-12-02 23:42:25,272 - INFO - Duplicate article skipped: Hong Kong leader orders investigation into deadly fire that killed 151 from BBC
2025-12-02 23:42:25,370 - INFO - [The Guardian] Article: https://www.theguardian.com/world/2025/dec/02/global-heating-and-other-human-activity-are-making-asias-floods-more-lethal
2025-12-02 23:42:25,370 - INFO - [The Guardian] Attempt 1/1: Trying with 'requests_browser' strategy...
2025-12-02 23:42:25,535 - INFO - [The Guardian] Success with 'requests_browser'. Found content (718 words).
2025-12-02 23:42:25,720 - INFO - Duplicate article skipped: Global heating and other human activity are making Asia’s floods more lethal | Extreme weather | The Guardian from The Guardian
2025-12-02 23:42:26,170 - INFO - [The Hindu] Page content loaded.
2025-12-02 23:42:26,494 - INFO - [The Guardian] Article: https://www.theguardian.com/world/2025/dec/02/uk-government-delays-china-super-embassy-january
2025-12-02 23:42:26,494 - INFO - [The Guardian] Attempt 1/1: Trying with 'requests_browser' strategy...
2025-12-02 23:42:26,517 - INFO - [BBC] Article: https://www.bbc.com/news/articles/c33mz477p4po?at_medium=RSS&at_campaign=rss
2025-12-02 23:42:26,518 - INFO - [BBC] Attempt 1/1: Trying with 'requests_browser' strategy...
2025-12-02 23:42:26,547 - INFO - [The Hindu] Success with 'selenium_browser'. Found content (438 words).
2025-12-02 23:42:26,882 - INFO - [The Guardian] Success with 'requests_browser'. Found content (566 words).
2025-12-02 23:42:27,664 - INFO - [BBC] Success with 'requests_browser'. Found content (882 words).
2025-12-02 23:42:59,301 - INFO - Saved article: Peru presidential hopeful bloodied but safe after gun attack - The Hindu from The Hindu
2025-12-02 23:42:59,301 - INFO - Duplicate article skipped: UK government delays decision on China’s super-embassy until January | China | The Guardian from The Guardian
2025-12-02 23:42:59,301 - INFO - Duplicate article skipped: Luigi Mangione in court as lawyers seek to rule out notebook, gun and other key evidence from BBC
2025-12-02 23:43:00,066 - INFO - [The Guardian] Article: https://www.theguardian.com/world/2025/dec/02/british-women-stranded-by-landslides-in-sri-lankan-mountains-running-out-of-food-and-water-daughter-says
2025-12-02 23:43:00,066 - INFO - [The Guardian] Attempt 1/1: Trying with 'requests_browser' strategy...
2025-12-02 23:43:00,094 - INFO - [The Guardian] Success with 'requests_browser'. Found content (643 words).
2025-12-02 23:43:00,131 - INFO - Duplicate article skipped: British women stranded by landslides in Sri Lankan mountains running out of food and water, daughter says | Sri Lanka | The Guardian from The Guardian
2025-12-02 23:43:00,210 - INFO - [BBC] Article: https://www.bbc.com/news/articles/cvgqnklqge7o?at_medium=RSS&at_campaign=rss
2025-12-02 23:43:00,210 - INFO - [BBC] Attempt 1/1: Trying with 'requests_browser' strategy...
2025-12-02 23:43:00,257 - INFO - [BBC] Success with 'requests_browser'. Found content (445 words).
2025-12-02 23:43:00,300 - INFO - Duplicate article skipped: Zambian-American influencer Ethel Chisono Edwards sentenced to 18 months for hate speech from BBC
2025-12-02 23:43:00,326 - INFO - [The Hindu] Article: https://www.thehindu.com/news/national/putins-talks-with-us-envoy-witkoff-and-kushner/article70351180.ece
2025-12-02 23:43:00,326 - INFO - [The Hindu] Attempt 1/1: Trying with 'selenium_browser' strategy...
2025-12-02 23:43:01,033 - INFO - [The Guardian] Article: https://www.theguardian.com/world/2025/dec/02/indonesia-floods-one-million-people-evacuated-death-toll-rises
2025-12-02 23:43:01,033 - INFO - [The Guardian] Attempt 1/1: Trying with 'requests_browser' strategy...
2025-12-02 23:43:01,099 - INFO - [The Guardian] Success with 'requests_browser'. Found content (506 words).
2025-12-02 23:43:01,167 - INFO - Duplicate article skipped: Death toll from Indonesia floods passes 700 as 1 million evacuated | Indonesia | The Guardian from The Guardian
2025-12-02 23:43:01,387 - INFO - [BBC] Article: https://www.bbc.com/news/articles/cn41jge1990o?at_medium=RSS&at_campaign=rss
2025-12-02 23:43:01,387 - INFO - [BBC] Attempt 1/1: Trying with 'requests_browser' strategy...
2025-12-02 23:43:01,444 - INFO - [BBC] Success with 'requests_browser'. Found content (595 words).
2025-12-02 23:43:01,497 - INFO - Duplicate article skipped: Pope prays at site of Beirut port blast at end of Lebanon visit from BBC
2025-12-02 23:43:01,671 - INFO - [The Guardian] Article: https://www.theguardian.com/news/2025/dec/02/hong-kong-fire-response-contrast-mainland-china
2025-12-02 23:43:01,671 - INFO - [The Guardian] Attempt 1/1: Trying with 'requests_browser' strategy...
2025-12-02 23:43:01,693 - INFO - [The Hindu] Page content loaded.
2025-12-02 23:43:01,727 - INFO - [The Guardian] Success with 'requests_browser'. Found content (799 words).
2025-12-02 23:43:01,802 - INFO - Duplicate article skipped: Hong Kong responds to disaster differently from Beijing – but the gulf is narrowing | Hong Kong apartment fires | The Guardian from The Guardian
2025-12-02 23:43:01,872 - WARNING - [The Hindu] FAILED with 'selenium_browser' (content was too short: 74 words).
2025-12-02 23:43:01,873 - ERROR - [The Hindu] All scrape strategies failed for https://www.thehindu.com/news/national/putins-talks-with-us-envoy-witkoff-and-kushner/article70351180.ece. Falling back to RSS description.
2025-12-02 23:43:01,873 - INFO - Duplicate article skipped: Putin's talks with U.S. envoy Witkoff, Kushner conclude, the Kremin says from The Hindu
2025-12-02 23:43:02,167 - INFO - [BBC] Article: https://www.bbc.com/news/articles/cjezwzw088jo?at_medium=RSS&at_campaign=rss
2025-12-02 23:43:02,168 - INFO - [BBC] Attempt 1/1: Trying with 'requests_browser' strategy...
2025-12-02 23:43:02,387 - INFO - [BBC] Success with 'requests_browser'. Found content (501 words).
2025-12-02 23:43:02,538 - INFO - Duplicate article skipped: Bulgaria ditches budget plan after tens of thousands join protests from BBC
2025-12-02 23:43:02,595 - INFO - [The Hindu] Article: https://www.thehindu.com/news/national/india-trashes-pakistans-claim-of-denial-of-overflight-to-send-aid-to-sri-lanka/article70351170.ece
2025-12-02 23:43:02,595 - INFO - [The Hindu] Attempt 1/1: Trying with 'selenium_browser' strategy...
2025-12-02 23:43:03,004 - INFO - [The Guardian] Article: https://www.theguardian.com/australia-news/2025/dec/02/australian-children-moving-to-new-social-app-lemon8-but-owner-expected-to-restrict-users-to-over-16s
2025-12-02 23:43:03,004 - INFO - [The Guardian] Attempt 1/1: Trying with 'requests_browser' strategy...
2025-12-02 23:43:03,063 - INFO - [The Guardian] Success with 'requests_browser'. Found content (755 words).
2025-12-02 23:43:03,171 - INFO - Duplicate article skipped: YouTube says it will comply with Australia’s under-16s social media ban, with Lemon8 to also restrict access | Social media ban | The Guardian from The Guardian
2025-12-02 23:43:03,309 - INFO - [BBC] Article: https://www.bbc.com/news/articles/cre3q9edqx8o?at_medium=RSS&at_campaign=rss
2025-12-02 23:43:03,309 - INFO - [BBC] Attempt 1/1: Trying with 'requests_browser' strategy...
2025-12-02 23:43:03,436 - INFO - [BBC] Success with 'requests_browser'. Found content (415 words).
2025-12-02 23:43:03,490 - INFO - Duplicate article skipped: Pavarotti statue frozen knee-deep in ice rink strikes wrong note in Italy from BBC
2025-12-02 23:43:03,531 - INFO - [The Hindu] Page content loaded.
2025-12-02 23:43:03,716 - INFO - [The Hindu] Success with 'selenium_browser'. Found content (300 words).
2025-12-02 23:43:03,811 - INFO - Duplicate article skipped: India trashes Pakistan's claim of denial of overflight to send aid to Sri Lanka - The Hindu from The Hindu
2025-12-02 23:43:04,017 - INFO - [The Guardian] Article: https://www.theguardian.com/australia-news/live/2025/dec/03/australia-news-live-bruce-lehrmann-defamation-appeal-brittany-higgins-lisa-wilkinson-network-ten-senate-estimates-social-media-ban-esafety-commissioner-albanese-sussan-ley-labor-coalition-nsw-vic-qld-ntwnfb
2025-12-02 23:43:04,017 - INFO - [The Guardian] Attempt 1/1: Trying with 'requests_browser' strategy...
2025-12-02 23:43:04,234 - INFO - [BBC] Article: https://www.bbc.com/news/articles/cewjg272dq9o?at_medium=RSS&at_campaign=rss
2025-12-02 23:43:04,234 - INFO - [BBC] Attempt 1/1: Trying with 'requests_browser' strategy...
2025-12-02 23:43:04,394 - INFO - [BBC] Success with 'requests_browser'. Found content (582 words).
2025-12-02 23:43:04,494 - INFO - [The Guardian] Success with 'requests_browser'. Found content (1874 words).
2025-12-02 23:43:04,569 - INFO - Duplicate article skipped: Alina Habba: Appeals court disqualifies ex-Trump lawyer as New Jersey prosecutor from BBC
2025-12-02 23:43:04,647 - INFO - Duplicate article skipped: Australia news live: federal court dismisses Bruce Lehrmann’s appeal in defamation case against Ten and Lisa Wilkinson | Australia news | The Guardian from The Guardian
2025-12-02 23:43:05,180 - INFO - [The Hindu] Article: https://www.thehindu.com/news/national/people-should-disclose-details-as-per-census-act-home-ministry/article70350889.ece
2025-12-02 23:43:05,180 - INFO - [The Hindu] Attempt 1/1: Trying with 'selenium_browser' strategy...
2025-12-02 23:43:05,529 - INFO - [The Guardian] Article: https://www.theguardian.com/australia-news/2025/dec/03/bruce-lehrmann-appeal-defamation-case-network-ten-lisa-wilkinson-ntwnfb
2025-12-02 23:43:05,529 - INFO - [The Guardian] Attempt 1/1: Trying with 'requests_browser' strategy...
2025-12-02 23:43:05,697 - INFO - [The Guardian] Success with 'requests_browser'. Found content (409 words).
2025-12-02 23:43:06,063 - INFO - [BBC] Article: https://www.bbc.com/news/articles/c4g4enlp6kzo?at_medium=RSS&at_campaign=rss
2025-12-02 23:43:06,063 - INFO - [BBC] Attempt 1/1: Trying with 'requests_browser' strategy...
2025-12-02 23:43:06,148 - INFO - [BBC] Success with 'requests_browser'. Found content (908 words).
2025-12-02 23:43:06,520 - INFO - [The Hindu] Page content loaded.
2025-12-02 23:43:06,917 - INFO - [The Hindu] Success with 'selenium_browser'. Found content (444 words).
2025-12-02 23:43:21,086 - INFO - Saved article: Bruce Lehrmann loses appeal in defamation case against Network Ten and Lisa Wilkinson | Australia news | The Guardian from The Guardian
2025-12-02 23:43:21,086 - INFO - Duplicate article skipped: Indonesia floods death toll passes 600 from BBC
2025-12-02 23:43:21,086 - INFO - Duplicate article skipped: People should disclose details as per Census Act: Home Ministry - The Hindu from The Hindu
2025-12-02 23:43:21,863 - INFO - [The Hindu] Article: https://www.thehindu.com/news/national/jammu-and-kashmir/jk-government-submits-proposal-to-relax-age-requirements-for-jobs-to-l-g/article70350036.ece
2025-12-02 23:43:21,863 - INFO - [The Hindu] Attempt 1/1: Trying with 'selenium_browser' strategy...
2025-12-02 23:43:21,929 - INFO - [The Guardian] Article: https://www.theguardian.com/technology/2025/dec/03/australia-esafety-commissioner-julie-inman-grant-online-safey-act-jim-jordan
2025-12-02 23:43:21,929 - INFO - [The Guardian] Attempt 1/1: Trying with 'requests_browser' strategy...
2025-12-02 23:43:21,957 - INFO - [The Guardian] Success with 'requests_browser'. Found content (742 words).
2025-12-02 23:43:22,157 - INFO - [BBC] Article: https://www.bbc.com/news/articles/ckg9204y4w5o?at_medium=RSS&at_campaign=rss
2025-12-02 23:43:22,162 - INFO - [BBC] Attempt 1/1: Trying with 'requests_browser' strategy...
2025-12-02 23:43:22,289 - INFO - [BBC] Success with 'requests_browser'. Found content (682 words).
2025-12-02 23:43:23,589 - INFO - [The Hindu] Page content loaded.
2025-12-02 23:43:23,861 - INFO - [The Hindu] Success with 'selenium_browser'. Found content (124 words).
2025-12-02 23:43:37,519 - INFO - Saved article: Australia’s eSafety commissioner rejects US Republican’s assertion she is a ‘zealot for global takedowns’ | Internet safety | The Guardian from The Guardian
2025-12-02 23:43:37,520 - INFO - Duplicate article skipped: Anicet Ekane: Cameroon opposition firebrand dies in detention aged 74 from BBC
2025-12-02 23:43:37,520 - INFO - Duplicate article skipped: J&K government submits proposal to relax age requirements for jobs to L-G - The Hindu from The Hindu
2025-12-02 23:43:38,462 - INFO - [The Hindu] Article: https://www.thehindu.com/opinion/op-ed/tackling-keralas-mental-health-challenge/article70348033.ece
2025-12-02 23:43:38,462 - INFO - [The Hindu] Attempt 1/1: Trying with 'selenium_browser' strategy...
2025-12-02 23:43:38,576 - INFO - [The Guardian] Article: https://www.theguardian.com/australia-news/2025/dec/03/ndis-plans-computer-generated
2025-12-02 23:43:38,576 - INFO - [The Guardian] Attempt 1/1: Trying with 'requests_browser' strategy...
2025-12-02 23:43:38,620 - INFO - [The Guardian] Success with 'requests_browser'. Found content (1860 words).
2025-12-02 23:43:38,678 - INFO - Duplicate article skipped: NDIS plans will be computer-generated, with human involvement dramatically cut under sweeping overhaul | National disability insurance scheme | The Guardian from The Guardian
2025-12-02 23:43:38,826 - INFO - [BBC] Article: https://www.bbc.com/news/articles/czrk7g50e1po?at_medium=RSS&at_campaign=rss
2025-12-02 23:43:38,826 - INFO - [BBC] Attempt 1/1: Trying with 'requests_browser' strategy...
2025-12-02 23:43:39,061 - INFO - [BBC] Success with 'requests_browser'. Found content (1693 words).
2025-12-02 23:43:39,143 - INFO - Duplicate article skipped: WW1 toxic compound sprayed on Georgian protesters, BBC evidence suggests from BBC
2025-12-02 23:43:39,690 - INFO - [BBC] Article: https://www.bbc.com/news/articles/c058n10727po?at_medium=RSS&at_campaign=rss
2025-12-02 23:43:39,690 - INFO - [BBC] Attempt 1/1: Trying with 'requests_browser' strategy...
2025-12-02 23:43:39,735 - INFO - [BBC] Success with 'requests_browser'. Found content (609 words).
2025-12-02 23:43:39,785 - INFO - Duplicate article skipped: Cyclone Ditwah: Flood catastrophe awakens volunteerism in Sri Lanka from BBC
2025-12-02 23:43:39,996 - INFO - [The Hindu] Page content loaded.
2025-12-02 23:43:40,054 - INFO - [The Hindu] Success with 'selenium_browser'. Found content (669 words).
2025-12-02 23:43:40,125 - INFO - Duplicate article skipped: Tackling Kerala’s mental health challenge - The Hindu from The Hindu
2025-12-02 23:43:40,850 - INFO - [The Hindu] Article: https://www.thehindu.com/news/national/over-90-laws-still-discriminate-against-people-with-leprosy-nhrc-tells-supreme-court/article70350860.ece
2025-12-02 23:43:40,850 - INFO - [The Hindu] Attempt 1/1: Trying with 'selenium_browser' strategy...
2025-12-02 23:43:43,070 - INFO - [The Hindu] Page content loaded.
2025-12-02 23:43:43,309 - INFO - [The Hindu] Success with 'selenium_browser'. Found content (734 words).
2025-12-02 23:43:43,375 - INFO - Duplicate article skipped: Over 90 laws still discriminate against people with leprosy, NHRC tells Supreme Court - The Hindu from The Hindu
2025-12-02 23:43:44,554 - INFO - [The Hindu] Article: https://www.thehindu.com/news/national/waiting-for-her-to-walk-through-the-door-father-of-woman-pushed-into-bangladesh/article70350417.ece
2025-12-02 23:43:44,554 - INFO - [The Hindu] Attempt 1/1: Trying with 'selenium_browser' strategy...
2025-12-02 23:43:45,105 - INFO - [The Hindu] Page content loaded.
2025-12-02 23:43:45,270 - INFO - [The Hindu] Success with 'selenium_browser'. Found content (399 words).
2025-12-02 23:43:45,354 - INFO - Duplicate article skipped: ‘Waiting for her to walk through the door’: father of woman pushed into Bangladesh - The Hindu from The Hindu
2025-12-02 23:43:46,560 - INFO - [The Hindu] Article: https://www.thehindu.com/news/national/kerala/senior-lawyer-nn-sugunapalan-passes-away/article70350368.ece
2025-12-02 23:43:46,560 - INFO - [The Hindu] Attempt 1/1: Trying with 'selenium_browser' strategy...
2025-12-02 23:43:47,544 - INFO - [The Hindu] Page content loaded.
2025-12-02 23:43:47,684 - INFO - [The Hindu] Success with 'selenium_browser'. Found content (80 words).
2025-12-02 23:43:47,761 - INFO - Duplicate article skipped: Senior lawyer N.N. Sugunapalan passes away - The Hindu from The Hindu
2025-12-02 23:43:48,338 - INFO - [The Hindu] Article: https://www.thehindu.com/news/cities/chennai/three-injured-as-wall-collapses-on-makeshift-eatery-at-dashamakan-in-chennai/article70350910.ece
2025-12-02 23:43:48,338 - INFO - [The Hindu] Attempt 1/1: Trying with 'selenium_browser' strategy...
2025-12-02 23:43:49,514 - INFO - [The Hindu] Page content loaded.
2025-12-02 23:43:49,614 - INFO - [The Hindu] Success with 'selenium_browser'. Found content (204 words).
2025-12-02 23:43:49,714 - INFO - Duplicate article skipped: Chennai: Three injured as wall collapses on makeshift eatery at Dashamakan - The Hindu from The Hindu
2025-12-02 23:43:50,757 - INFO - [The Hindu] Article: https://www.thehindu.com/news/cities/bangalore/names-of-14-wards-boundaries-of-six-wards-in-bengaluru-changed-again/article70349939.ece
2025-12-02 23:43:50,757 - INFO - [The Hindu] Attempt 1/1: Trying with 'selenium_browser' strategy...
2025-12-02 23:43:51,511 - INFO - [The Hindu] Page content loaded.
2025-12-02 23:43:51,552 - INFO - [The Hindu] Success with 'selenium_browser'. Found content (176 words).
2025-12-02 23:43:51,631 - INFO - Duplicate article skipped: Names of 14 wards, boundaries of six wards in Bengaluru changed again - The Hindu from The Hindu
2025-12-02 23:43:52,836 - INFO - [The Hindu] Article: https://www.thehindu.com/news/cities/bangalore/bengaluru-police-book-unknown-person-for-hoax-email-to-kempegowda-international-airport-shopping-malls/article70349197.ece
2025-12-02 23:43:52,836 - INFO - [The Hindu] Attempt 1/1: Trying with 'selenium_browser' strategy...
2025-12-02 23:43:53,804 - INFO - [The Hindu] Page content loaded.
2025-12-02 23:43:54,014 - INFO - [The Hindu] Success with 'selenium_browser'. Found content (190 words).
2025-12-02 23:43:54,105 - INFO - Duplicate article skipped: Bengaluru police book unknown person for hoax email to Kempegowda International Airport, shopping malls - The Hindu from The Hindu
2025-12-02 23:43:55,327 - INFO - [The Hindu] Article: https://www.thehindu.com/news/cities/bangalore/flight-disruptions-at-kempegowda-international-airport-due-to-technical-and-operational-reasons/article70350772.ece
2025-12-02 23:43:55,327 - INFO - [The Hindu] Attempt 1/1: Trying with 'selenium_browser' strategy...
2025-12-02 23:43:56,334 - INFO - [The Hindu] Page content loaded.
2025-12-02 23:43:56,453 - INFO - [The Hindu] Success with 'selenium_browser'. Found content (161 words).
2025-12-02 23:43:56,524 - INFO - Duplicate article skipped: Flight disruptions at Kempegowda International Airport due to technical and operational reasons - The Hindu from The Hindu
2025-12-02 23:43:57,809 - INFO - [The Hindu] Article: https://www.thehindu.com/news/cities/bangalore/karnataka-high-court-finds-no-procedural-lapses-in-extending-time-to-submit-chargesheet-in-murder-case-in-which-mla-basavaraj-is-accused/article70349471.ece
2025-12-02 23:43:57,809 - INFO - [The Hindu] Attempt 1/1: Trying with 'selenium_browser' strategy...
2025-12-02 23:43:58,937 - INFO - [The Hindu] Page content loaded.
2025-12-02 23:43:59,146 - INFO - [The Hindu] Success with 'selenium_browser'. Found content (277 words).
2025-12-02 23:43:59,503 - INFO - Duplicate article skipped: Karnataka High Court finds no procedural lapses in extending time to submit chargesheet in murder case in which MLA Basavaraj is accused - The Hindu from The Hindu
2025-12-02 23:44:00,234 - INFO - [The Hindu] Article: https://www.thehindu.com/news/cities/bangalore/bengaluru-stadium-stampede-karnataka-high-court-allows-a-g-to-seek-views-on-sop-on-crowd-management/article70349906.ece
2025-12-02 23:44:00,234 - INFO - [The Hindu] Attempt 1/1: Trying with 'selenium_browser' strategy...
2025-12-02 23:44:02,244 - INFO - [The Hindu] Page content loaded.
2025-12-02 23:44:02,363 - INFO - [The Hindu] Success with 'selenium_browser'. Found content (154 words).
2025-12-02 23:44:02,431 - INFO - Duplicate article skipped: Bengaluru stadium stampede: Karnataka High Court allows A-G to seek views on SOP on crowd management - The Hindu from The Hindu
2025-12-02 23:44:03,393 - INFO - [The Hindu] Article: https://www.thehindu.com/news/national/kerala/a-campaign-sans-posters-and-billboards/article70350012.ece
2025-12-02 23:44:03,393 - INFO - [The Hindu] Attempt 1/1: Trying with 'selenium_browser' strategy...
2025-12-02 23:44:04,080 - INFO - [The Hindu] Page content loaded.
2025-12-02 23:44:04,248 - INFO - [The Hindu] Success with 'selenium_browser'. Found content (441 words).
2025-12-02 23:44:04,345 - INFO - Duplicate article skipped: A campaign sans posters and billboards - The Hindu from The Hindu
2025-12-02 23:44:05,131 - INFO - [The Hindu] Article: https://www.thehindu.com/news/national/kerala/barc-official-channel-owner-booked-for-alleged-rating-forgery/article70349699.ece
2025-12-02 23:44:05,131 - INFO - [The Hindu] Attempt 1/1: Trying with 'selenium_browser' strategy...
2025-12-02 23:44:06,258 - INFO - [The Hindu] Page content loaded.
2025-12-02 23:44:06,381 - INFO - [The Hindu] Success with 'selenium_browser'. Found content (217 words).
2025-12-02 23:44:06,449 - INFO - Duplicate article skipped: BARC official, channel owner booked for alleged rating forgery - The Hindu from The Hindu
2025-12-02 23:44:07,755 - INFO - [The Hindu] Article: https://www.thehindu.com/news/national/kerala/waste-management-canal-rejuvenation-get-priority-in-ldfs-manifesto-for-kochi-corporation/article70350117.ece
2025-12-02 23:44:07,755 - INFO - [The Hindu] Attempt 1/1: Trying with 'selenium_browser' strategy...
2025-12-02 23:44:10,046 - INFO - [The Hindu] Page content loaded.
2025-12-02 23:44:10,118 - INFO - [The Hindu] Success with 'selenium_browser'. Found content (339 words).
2025-12-02 23:44:10,226 - INFO - Duplicate article skipped: Waste management, canal rejuvenation get priority in LDF’s manifesto for Kochi Corporation - The Hindu from The Hindu
2025-12-02 23:44:11,144 - INFO - [The Hindu] Article: https://www.thehindu.com/news/national/kerala/two-booked-for-posting-photo-of-survivor-in-mamkoottathil-case/article70350006.ece
2025-12-02 23:44:11,144 - INFO - [The Hindu] Attempt 1/1: Trying with 'selenium_browser' strategy...
2025-12-02 23:44:12,033 - INFO - [The Hindu] Page content loaded.
2025-12-02 23:44:12,129 - INFO - [The Hindu] Success with 'selenium_browser'. Found content (135 words).
2025-12-02 23:44:12,217 - INFO - Duplicate article skipped: Two booked for posting photo of survivor in Mamkoottathil case - The Hindu from The Hindu
2025-12-02 23:44:12,820 - INFO - [The Hindu] Article: https://www.thehindu.com/news/cities/bangalore/experts-push-for-integrative-approach-to-obesity-metabolic-disorders-at-ayurveda-meet/article70350027.ece
2025-12-02 23:44:12,820 - INFO - [The Hindu] Attempt 1/1: Trying with 'selenium_browser' strategy...
2025-12-02 23:44:14,893 - INFO - [The Hindu] Page content loaded.
2025-12-02 23:44:15,033 - INFO - [The Hindu] Success with 'selenium_browser'. Found content (265 words).
2025-12-02 23:44:15,115 - INFO - Duplicate article skipped: Experts push for integrative approach to obesity, metabolic disorders at Ayurveda meet - The Hindu from The Hindu
2025-12-02 23:44:16,007 - INFO - [The Hindu] (Thread) Finished. Attempting to shut down its Selenium driver.
2025-12-02 23:44:16,204 - INFO - [The Hindu] (Thread) driver.quit() successful.
2025-12-02 23:44:20,341 - ERROR - [Times of India] Request failed for strategy 'selenium_browser' on URL https://timesofindia.indiatimes.com/technology/tech-news/ai-nightmare-google-ceo-sundar-pichai-reveals-the-one-threat-that-keeps-him-awake-at-night/articleshow/125721392.cms: HTTPConnectionPool(host='localhost', port=43219): Read timed out. (read timeout=120)
2025-12-02 23:44:20,341 - ERROR - [Times of India] All scrape strategies failed for https://timesofindia.indiatimes.com/technology/tech-news/ai-nightmare-google-ceo-sundar-pichai-reveals-the-one-threat-that-keeps-him-awake-at-night/articleshow/125721392.cms. Falling back to RSS description.
2025-12-02 23:44:20,342 - INFO - Duplicate article skipped: ‘AI nightmare’: Google CEO Sundar Pichai reveals the one threat that keeps him awake at night from Times of India
2025-12-02 23:44:20,903 - INFO - [Times of India] Article: https://timesofindia.indiatimes.com/world/us-streamers/qtcinderella-reveals-full-host-and-performer-lineup-for-the-streamer-awards-2025/articleshow/125728131.cms
2025-12-02 23:44:20,903 - INFO - [Times of India] Attempt 1/1: Trying with 'selenium_browser' strategy...
2025-12-02 23:46:20,916 - ERROR - [Times of India] Request failed for strategy 'selenium_browser' on URL https://timesofindia.indiatimes.com/world/us-streamers/qtcinderella-reveals-full-host-and-performer-lineup-for-the-streamer-awards-2025/articleshow/125728131.cms: HTTPConnectionPool(host='localhost', port=43219): Read timed out. (read timeout=120)
2025-12-02 23:46:20,916 - ERROR - [Times of India] All scrape strategies failed for https://timesofindia.indiatimes.com/world/us-streamers/qtcinderella-reveals-full-host-and-performer-lineup-for-the-streamer-awards-2025/articleshow/125728131.cms. Falling back to RSS description.
2025-12-02 23:46:20,917 - INFO - Duplicate article skipped: QTCinderella reveals full host and performer lineup for the Streamer Awards 2025 from Times of India
2025-12-02 23:46:22,334 - INFO - [Times of India] Article: https://timesofindia.indiatimes.com/world/europe/it-would-end-so-swiftly-there-would-be-no-one-left-putin-warns-europe-that-if-it-starts-a-war-russia-is-ready/articleshow/125728045.cms
2025-12-02 23:46:22,334 - INFO - [Times of India] Attempt 1/1: Trying with 'selenium_browser' strategy...
2025-12-02 23:47:12,611 - CRITICAL - --- TIMEOUT: 1 scrape jobs did not complete in 300s. ---
2025-12-02 23:47:12,611 - ERROR - A thread has timed out and will be abandoned.
2025-12-02 23:47:12,611 - INFO - Shutting down thread pool (wait=False)...
2025-12-02 23:47:12,611 - INFO - Scraped: 0 BBC, 2 The Guardian, 1 The Hindu, 1 Timed_Out_Jobs articles. (Total saved: 3)
2025-12-02 23:47:12,611 - INFO - --- Scraping job finished ---
2025-12-02 23:47:12,612 - INFO - --- Scraper service stopped and database connection closed. ---
2025-12-02 23:47:12,612 - INFO - --- Main thread finished. Forcing process exit to kill zombie threads. ---
