2025-12-04 17:27:34,660 - INFO - Loading AI Semantic Model (all-MiniLM-L6-v2)...
2025-12-04 17:27:34,661 - INFO - Use pytorch device_name: cpu
2025-12-04 17:27:34,661 - INFO - Load pretrained SentenceTransformer: all-MiniLM-L6-v2
2025-12-04 17:27:35,252 - INFO - AI Model loaded successfully.
2025-12-04 17:27:35,252 - INFO - Initializing database connection at: news_articles.db
2025-12-04 17:27:35,252 - INFO - --- Scraper service started (CI Mode: Run Once) ---
2025-12-04 17:27:35,252 - INFO - --- Starting new scraping job (Parallel Mode) ---
2025-12-04 17:27:35,252 - INFO - Creating new robust session with 3 retries on 5xx/connection/read errors.
2025-12-04 17:27:35,253 - INFO - Proxy is DISABLED.
2025-12-04 17:27:35,253 - INFO - Starting scrape for BBC RSS feed: http://feeds.bbci.co.uk/news/world/rss.xml
2025-12-04 17:27:35,254 - INFO - [Times of India] (Thread) requires Selenium. Initializing driver...
2025-12-04 17:27:35,255 - INFO - Initializing headless Selenium Chrome driver (using SeleniumManager)...
2025-12-04 17:27:35,255 - INFO - Starting scrape for The Guardian RSS feed: https://www.theguardian.com/world/rss
2025-12-04 17:27:35,257 - INFO - [The Hindu] (Thread) requires Selenium. Initializing driver...
2025-12-04 17:27:35,257 - INFO - Initializing headless Selenium Chrome driver (using SeleniumManager)...
2025-12-04 17:27:35,257 - INFO - Submitted 4 jobs to thread pool. Waiting up to 300s for completion...
2025-12-04 17:27:35,365 - INFO - Found 45 articles in The Guardian RSS feed. Processing up to 20.
2025-12-04 17:27:35,366 - INFO - [The Guardian] Article: https://www.theguardian.com/world/2025/dec/04/us-eu-critical-minerals-project-drc-report-lobito-corridor
2025-12-04 17:27:35,366 - INFO - [The Guardian] Attempt 1/1: Trying with 'requests_browser' strategy...
2025-12-04 17:27:35,570 - INFO - Found 41 articles in BBC RSS feed. Processing up to 20.
2025-12-04 17:27:35,570 - INFO - [BBC] Article: https://www.bbc.com/news/articles/cj4q2vpggr9o?at_medium=RSS&at_campaign=rss
2025-12-04 17:27:35,570 - INFO - [BBC] Attempt 1/1: Trying with 'requests_browser' strategy...
2025-12-04 17:27:35,678 - INFO - [The Guardian] Success with 'requests_browser'. Found content (813 words).
2025-12-04 17:27:35,719 - INFO - Duplicate article skipped: US and EU critical minerals project could displace thousands in DRC – report | Democratic Republic of the Congo | The Guardian from The Guardian
2025-12-04 17:27:35,829 - INFO - [BBC] Success with 'requests_browser'. Found content (1436 words).
2025-12-04 17:27:35,868 - INFO - Duplicate article skipped: India-Russia: Why Putin and Modi are meeting in Delhi from BBC
2025-12-04 17:27:36,669 - INFO - [The Guardian] Article: https://www.theguardian.com/global-development/2025/dec/04/aid-cuts-africa-uganda-stops-refugee-status-eritreans-somalis-ethiopians
2025-12-04 17:27:36,669 - INFO - [The Guardian] Attempt 1/1: Trying with 'requests_browser' strategy...
2025-12-04 17:27:36,701 - INFO - [The Guardian] Success with 'requests_browser'. Found content (587 words).
2025-12-04 17:27:36,737 - INFO - Duplicate article skipped: Uganda stops granting refugee status for Eritreans, Somalis and Ethiopians | Global development | The Guardian from The Guardian
2025-12-04 17:27:36,931 - INFO - [BBC] Article: https://www.bbc.com/news/articles/c157n1g977go?at_medium=RSS&at_campaign=rss
2025-12-04 17:27:36,931 - INFO - [BBC] Attempt 1/1: Trying with 'requests_browser' strategy...
2025-12-04 17:27:36,986 - INFO - [BBC] Success with 'requests_browser'. Found content (1110 words).
2025-12-04 17:27:38,026 - INFO - [The Guardian] Article: https://www.theguardian.com/artanddesign/2025/dec/04/ibrahim-mahama-ghana-tops-artreview-power-list
2025-12-04 17:27:38,027 - INFO - [The Guardian] Attempt 1/1: Trying with 'requests_browser' strategy...
2025-12-04 17:27:38,071 - INFO - [The Guardian] Success with 'requests_browser'. Found content (604 words).
2025-12-04 17:27:38,784 - INFO - Selenium driver initialized successfully.
2025-12-04 17:27:38,784 - INFO - Starting scrape for Times of India RSS feed: https://timesofindia.indiatimes.com/rssfeeds/296589292.cms
2025-12-04 17:27:38,788 - INFO - Selenium driver initialized successfully.
2025-12-04 17:27:38,788 - INFO - Starting scrape for The Hindu RSS feed: https://www.thehindu.com/news/national/feeder/default.rss
2025-12-04 17:27:38,945 - INFO - Found 100 articles in The Hindu RSS feed. Processing up to 20.
2025-12-04 17:27:38,945 - INFO - [The Hindu] Article: https://www.thehindu.com/news/national/indigo-says-flight-delays-and-cancellations-to-continue-for-next-two-or-three-days/article70358920.ece
2025-12-04 17:27:38,945 - INFO - [The Hindu] Attempt 1/1: Trying with 'selenium_browser' strategy...
2025-12-04 17:27:39,478 - INFO - Found 20 articles in Times of India RSS feed. Processing up to 20.
2025-12-04 17:27:39,479 - INFO - [Times of India] Article: https://timesofindia.indiatimes.com/world/us/colombian-man-killed-by-us-strikes-in-caribbean-was-fishing-for-tuna-not-trafficking-drugs-human-rights-lawyer-makes-big-claim/articleshow/125769842.cms
2025-12-04 17:27:39,479 - INFO - [Times of India] Attempt 1/1: Trying with 'selenium_browser' strategy...
2025-12-04 17:27:45,296 - INFO - [The Hindu] Page content loaded.
2025-12-04 17:27:45,876 - INFO - [The Hindu] Success with 'selenium_browser'. Found content (519 words).
2025-12-04 17:28:09,038 - INFO - Saved article: 'Like first aid for manuscripts': Recovery work begins at Gaza's war-damaged heritage sites from BBC
2025-12-04 17:28:09,041 - INFO - Duplicate article skipped: Ghana’s Ibrahim Mahama first African to top annual art power list | Art | The Guardian from The Guardian
2025-12-04 17:28:09,603 - INFO - [BBC] Article: https://www.bbc.com/news/articles/c62d8v6jpwzo?at_medium=RSS&at_campaign=rss
2025-12-04 17:28:09,603 - INFO - [BBC] Attempt 1/1: Trying with 'requests_browser' strategy...
2025-12-04 17:28:09,665 - INFO - [BBC] Success with 'requests_browser'. Found content (497 words).
2025-12-04 17:28:10,293 - INFO - [The Guardian] Article: https://www.theguardian.com/uk-news/2025/dec/03/british-troops-accused-of-human-rights-violations-environmental-destruction-and-sexual-abuse-in-kenya
2025-12-04 17:28:10,293 - INFO - [The Guardian] Attempt 1/1: Trying with 'requests_browser' strategy...
2025-12-04 17:28:10,372 - INFO - [The Guardian] Success with 'requests_browser'. Found content (772 words).
2025-12-04 17:28:26,366 - INFO - DEDUPLICATION: Found match (Score: 0.87). Linking to Cluster ID: 2ff4ffe1-764c-44be-85c5-46d030151722
2025-12-04 17:28:26,371 - INFO - Saved article: IndiGo says flight delays and cancellations to continue for next two or three days - The Hindu from The Hindu
2025-12-04 17:28:27,498 - INFO - [The Hindu] Article: https://www.thehindu.com/news/national/tamil-nadu/madras-high-court-stalls-release-of-karthi-starrer-vaa-vaathiyar/article70358199.ece
2025-12-04 17:28:27,498 - INFO - [The Hindu] Attempt 1/1: Trying with 'selenium_browser' strategy...
2025-12-04 17:28:31,460 - INFO - [The Hindu] Page content loaded.
2025-12-04 17:28:31,664 - INFO - [The Hindu] Success with 'selenium_browser'. Found content (422 words).
2025-12-04 17:28:43,252 - INFO - Saved article: Police arrest suspect in DC pipe bomb incident, ending years-long manhunt from BBC
2025-12-04 17:28:43,253 - INFO - Duplicate article skipped: British troops accused of human rights violations and sexual abuse in Kenya | British army | The Guardian from The Guardian
2025-12-04 17:28:43,793 - INFO - [The Guardian] Article: https://www.theguardian.com/global-development/2025/dec/03/whistleblower-accuses-foreign-office-of-censoring-warning-of-sudan-genocide
2025-12-04 17:28:43,794 - INFO - [The Guardian] Attempt 1/1: Trying with 'requests_browser' strategy...
2025-12-04 17:28:43,864 - INFO - [The Guardian] Success with 'requests_browser'. Found content (1465 words).
2025-12-04 17:28:44,363 - INFO - [BBC] Article: https://www.bbc.com/news/articles/cp84y7jx2pzo?at_medium=RSS&at_campaign=rss
2025-12-04 17:28:44,364 - INFO - [BBC] Attempt 1/1: Trying with 'requests_browser' strategy...
2025-12-04 17:28:44,407 - INFO - [BBC] Success with 'requests_browser'. Found content (357 words).
2025-12-04 17:28:57,484 - INFO - Saved article: Madras High Court stalls release of Karthi-starrer Vaa Vaathiyar - The Hindu from The Hindu
2025-12-04 17:28:57,484 - INFO - Duplicate article skipped: Whistleblower accuses Foreign Office of ‘censoring’ warning of Sudan genocide | Global development | The Guardian from The Guardian
2025-12-04 17:28:57,485 - INFO - Duplicate article skipped: South Korea: Government developing app showing real-time location of stalkers from BBC
2025-12-04 17:28:58,104 - INFO - [BBC] Article: https://www.bbc.com/news/articles/cd6x2j4g3z7o?at_medium=RSS&at_campaign=rss
2025-12-04 17:28:58,104 - INFO - [BBC] Attempt 1/1: Trying with 'requests_browser' strategy...
2025-12-04 17:28:58,126 - INFO - [The Guardian] Article: https://www.theguardian.com/us-news/2025/dec/04/student-describes-horror-show-ice-deportation-to-honduras-at-thanksgiving
2025-12-04 17:28:58,126 - INFO - [The Guardian] Attempt 1/1: Trying with 'requests_browser' strategy...
2025-12-04 17:28:58,149 - INFO - [BBC] Success with 'requests_browser'. Found content (696 words).
2025-12-04 17:28:58,190 - INFO - Duplicate article skipped: Israel says Palestinian groups returned body of Thai hostage from BBC
2025-12-04 17:28:58,217 - INFO - [The Guardian] Success with 'requests_browser'. Found content (1024 words).
2025-12-04 17:28:58,269 - INFO - Duplicate article skipped: Student describes ‘horror show’ ICE deportation to Honduras at Thanksgiving | ICE (US Immigration and Customs Enforcement) | The Guardian from The Guardian
2025-12-04 17:28:58,282 - INFO - [The Hindu] Article: https://www.thehindu.com/news/national/supreme-court-declines-to-halt-illegal-demolitions-in-bareilly-asks-residents-to-approach-high-court/article70357511.ece
2025-12-04 17:28:58,282 - INFO - [The Hindu] Attempt 1/1: Trying with 'selenium_browser' strategy...
2025-12-04 17:28:59,074 - INFO - [The Hindu] Page content loaded.
2025-12-04 17:28:59,222 - INFO - [The Hindu] Success with 'selenium_browser'. Found content (800 words).
2025-12-04 17:28:59,670 - INFO - [The Guardian] Article: https://www.theguardian.com/us-news/2025/dec/04/venezuela-boat-strikes-legality-hegseth
2025-12-04 17:28:59,670 - INFO - [The Guardian] Attempt 1/1: Trying with 'requests_browser' strategy...
2025-12-04 17:28:59,688 - INFO - [BBC] Article: https://www.bbc.com/news/articles/c7731n5z6d3o?at_medium=RSS&at_campaign=rss
2025-12-04 17:28:59,688 - INFO - [BBC] Attempt 1/1: Trying with 'requests_browser' strategy...
2025-12-04 17:28:59,756 - INFO - [The Guardian] Success with 'requests_browser'. Found content (1449 words).
2025-12-04 17:28:59,894 - INFO - [BBC] Success with 'requests_browser'. Found content (1048 words).
2025-12-04 17:29:13,543 - INFO - Saved article: Bareilly violence: Supreme Court declines to halt ‘illegal’ demolitions, asks residents to approach High Court - The Hindu from The Hindu
2025-12-04 17:29:13,543 - INFO - Duplicate article skipped: Killing of survivors sparks outrage – but entire US ‘drug boat’ war is legally shaky | US military | The Guardian from The Guardian
2025-12-04 17:29:13,544 - INFO - Duplicate article skipped: Ukraine and US negotiators to meet in Florida after Moscow talks, White House says from BBC
2025-12-04 17:29:14,176 - INFO - [The Guardian] Article: https://www.theguardian.com/us-news/2025/dec/03/epstein-caribbean-island-new-photo-video-release
2025-12-04 17:29:14,177 - INFO - [The Guardian] Attempt 1/1: Trying with 'requests_browser' strategy...
2025-12-04 17:29:14,207 - INFO - [The Guardian] Success with 'requests_browser'. Found content (373 words).
2025-12-04 17:29:14,250 - INFO - Duplicate article skipped: House Democrats release new images of Epstein’s private Caribbean island | Jeffrey Epstein | The Guardian from The Guardian
2025-12-04 17:29:14,285 - INFO - [The Hindu] Article: https://www.thehindu.com/sci-tech/energy-and-environment/visakhapatnam-researchers-document-unique-predatory-behaviour-of-horn-eyed-ghost-crab/article70353593.ece
2025-12-04 17:29:14,285 - INFO - [The Hindu] Attempt 1/1: Trying with 'selenium_browser' strategy...
2025-12-04 17:29:14,512 - INFO - [BBC] Article: https://www.bbc.com/news/articles/cwyv7ggqpjpo?at_medium=RSS&at_campaign=rss
2025-12-04 17:29:14,513 - INFO - [BBC] Attempt 1/1: Trying with 'requests_browser' strategy...
2025-12-04 17:29:14,571 - INFO - [BBC] Success with 'requests_browser'. Found content (919 words).
2025-12-04 17:29:15,277 - INFO - [The Guardian] Article: https://www.theguardian.com/world/2025/dec/03/colombia-trump-warning-military-threat
2025-12-04 17:29:15,277 - INFO - [The Guardian] Attempt 1/1: Trying with 'requests_browser' strategy...
2025-12-04 17:29:15,325 - INFO - [The Guardian] Success with 'requests_browser'. Found content (612 words).
2025-12-04 17:29:15,750 - INFO - [The Hindu] Page content loaded.
2025-12-04 17:29:15,870 - INFO - [The Hindu] Success with 'selenium_browser'. Found content (865 words).
2025-12-04 17:29:28,700 - INFO - Saved article: Mange Kimambi: Tanzanian activist blocked from Instagram after mobilising election protests from BBC
2025-12-04 17:29:28,700 - INFO - Duplicate article skipped: Colombia’s president warns Trump: ‘Do not wake the jaguar’ with threats of military strikes | Colombia | The Guardian from The Guardian
2025-12-04 17:29:29,659 - INFO - [BBC] Article: https://www.bbc.com/news/articles/c4g5rrlve33o?at_medium=RSS&at_campaign=rss
2025-12-04 17:29:29,660 - INFO - [BBC] Attempt 1/1: Trying with 'requests_browser' strategy...
2025-12-04 17:29:29,720 - INFO - [BBC] Success with 'requests_browser'. Found content (913 words).
2025-12-04 17:29:30,053 - INFO - [The Guardian] Article: https://www.theguardian.com/us-news/live/2025/dec/02/donald-trump-pete-hegseth-boat-venezuela-maduro-tennessee-us-politics-live-news-updates
2025-12-04 17:29:30,053 - INFO - [The Guardian] Attempt 1/1: Trying with 'requests_browser' strategy...
2025-12-04 17:29:30,445 - INFO - [The Guardian] Success with 'requests_browser'. Found content (4155 words).
2025-12-04 17:29:39,579 - ERROR - [Times of India] Request failed for strategy 'selenium_browser' on URL https://timesofindia.indiatimes.com/world/us/colombian-man-killed-by-us-strikes-in-caribbean-was-fishing-for-tuna-not-trafficking-drugs-human-rights-lawyer-makes-big-claim/articleshow/125769842.cms: HTTPConnectionPool(host='localhost', port=36861): Read timed out. (read timeout=120)
2025-12-04 17:29:39,580 - ERROR - [Times of India] All scrape strategies failed for https://timesofindia.indiatimes.com/world/us/colombian-man-killed-by-us-strikes-in-caribbean-was-fishing-for-tuna-not-trafficking-drugs-human-rights-lawyer-makes-big-claim/articleshow/125769842.cms. Falling back to RSS description.
2025-12-04 17:29:41,683 - INFO - Saved article: Visakhapatnam researchers document unique predatory behaviour of horn-eyed ghost crab - The Hindu from The Hindu
2025-12-04 17:29:41,684 - INFO - Duplicate article skipped: Previously unseen images of Jeffrey Epstein's island released from BBC
2025-12-04 17:29:41,684 - INFO - Duplicate article skipped: Pete Hegseth says he ‘didn’t stick around’ to watch second strike on alleged drug boat as Democrats slam administration over attacks – as it happened | Trump administration | The Guardian from The Guardian
2025-12-04 17:29:42,295 - INFO - [The Guardian] Article: https://www.theguardian.com/world/2025/dec/04/nauru-australia-offshore-processing-asylum-seekers-conditions-hunger-declining-health
2025-12-04 17:29:42,296 - INFO - [The Guardian] Attempt 1/1: Trying with 'requests_browser' strategy...
2025-12-04 17:29:42,358 - INFO - [The Guardian] Success with 'requests_browser'. Found content (883 words).
2025-12-04 17:29:42,566 - INFO - [BBC] Article: https://www.bbc.com/news/articles/c8dy1613j2ro?at_medium=RSS&at_campaign=rss
2025-12-04 17:29:42,566 - INFO - [BBC] Attempt 1/1: Trying with 'requests_browser' strategy...
2025-12-04 17:29:42,606 - INFO - [The Hindu] Article: https://www.thehindu.com/news/national/jammu-and-kashmir/jammu-scribes-family-seeks-fir-against-jda-vice-chairman-over-demolition-of-residence/article70358406.ece
2025-12-04 17:29:42,612 - INFO - [The Hindu] Attempt 1/1: Trying with 'selenium_browser' strategy...
2025-12-04 17:29:42,623 - INFO - [BBC] Success with 'requests_browser'. Found content (877 words).
2025-12-04 17:29:44,191 - INFO - [The Hindu] Page content loaded.
2025-12-04 17:29:44,475 - INFO - [The Hindu] Success with 'selenium_browser'. Found content (288 words).
2025-12-04 17:29:57,227 - INFO - Saved article: Colombian man killed by US strikes in Caribbean was fishing for tuna, not trafficking drugs; human rights lawyer makes big claim from Times of India
2025-12-04 17:29:57,228 - INFO - Duplicate article skipped: ‘Day by day I lose weight’: asylum seekers on Nauru get $115 a week, but a bag of grapes costs $20 | Nauru | The Guardian from The Guardian
2025-12-04 17:29:57,228 - INFO - Duplicate article skipped: 'Not becoming of a president': Somali-Americans respond to Trump's 'garbage' remarks from BBC
2025-12-04 17:29:57,786 - INFO - [Times of India] Article: https://timesofindia.indiatimes.com/world/us-streamers/just-got-this-house-inside-the-strange-burglary-that-hit-marlon-gracias-home-while-he-was-streaming-across-the-country/articleshow/125769186.cms
2025-12-04 17:29:57,786 - INFO - [Times of India] Attempt 1/1: Trying with 'selenium_browser' strategy...
2025-12-04 17:29:58,120 - INFO - [BBC] Article: https://www.bbc.com/news/articles/cqjg7w8z7dvo?at_medium=RSS&at_campaign=rss
2025-12-04 17:29:58,120 - INFO - [BBC] Attempt 1/1: Trying with 'requests_browser' strategy...
2025-12-04 17:29:58,179 - INFO - [BBC] Success with 'requests_browser'. Found content (387 words).
2025-12-04 17:29:58,532 - INFO - [The Guardian] Article: https://www.theguardian.com/world/2025/dec/04/thailand-scam-cyberscam-crackdown-arrests-south-east-asia
2025-12-04 17:29:58,532 - INFO - [The Guardian] Attempt 1/1: Trying with 'requests_browser' strategy...
2025-12-04 17:29:58,585 - INFO - [The Guardian] Success with 'requests_browser'. Found content (575 words).
2025-12-04 17:30:10,795 - INFO - Saved article: Jammu scribe’s family seeks FIR against JDA Vice Chairman over demolition of residence - The Hindu from The Hindu
2025-12-04 17:30:10,795 - INFO - Duplicate article skipped: Court sides with Adidas in appeal over Kanye West collaboration from BBC
2025-12-04 17:30:10,795 - INFO - Duplicate article skipped: Thailand seizes more than $300m in assets and issues 42 arrest warrants in cyberscam crackdown | Thailand | The Guardian from The Guardian
2025-12-04 17:30:11,543 - INFO - [The Hindu] Article: https://www.thehindu.com/news/national/telangana/cannot-interfere-in-panchayat-poll-process-says-hc/article70358890.ece
2025-12-04 17:30:11,543 - INFO - [The Hindu] Attempt 1/1: Trying with 'selenium_browser' strategy...
2025-12-04 17:30:11,693 - INFO - [BBC] Article: https://www.bbc.com/news/articles/c5y9843engko?at_medium=RSS&at_campaign=rss
2025-12-04 17:30:11,693 - INFO - [BBC] Attempt 1/1: Trying with 'requests_browser' strategy...
2025-12-04 17:30:11,737 - INFO - [BBC] Success with 'requests_browser'. Found content (445 words).
2025-12-04 17:30:11,781 - INFO - Duplicate article skipped: Pritam Singh: Singapore court upholds opposition leader's conviction from BBC
2025-12-04 17:30:11,961 - INFO - [The Guardian] Article: https://www.theguardian.com/news/2025/dec/04/hong-kong-fire-death-toll-protective-netting-remove
2025-12-04 17:30:11,961 - INFO - [The Guardian] Attempt 1/1: Trying with 'requests_browser' strategy...
2025-12-04 17:30:11,995 - INFO - [The Guardian] Success with 'requests_browser'. Found content (689 words).
2025-12-04 17:30:12,033 - INFO - Duplicate article skipped: Hong Kong warns ‘external forces’ working to exploit apartment fire, as death toll rises to 159 | Hong Kong apartment fires | The Guardian from The Guardian
2025-12-04 17:30:12,484 - INFO - [BBC] Article: https://www.bbc.com/news/articles/cm2054rdv52o?at_medium=RSS&at_campaign=rss
2025-12-04 17:30:12,484 - INFO - [BBC] Attempt 1/1: Trying with 'requests_browser' strategy...
2025-12-04 17:30:12,538 - INFO - [BBC] Success with 'requests_browser'. Found content (1064 words).
2025-12-04 17:30:12,603 - INFO - Duplicate article skipped: Hong Kong fire survivor: 'My heart breaks every time I'm called a hero' from BBC
2025-12-04 17:30:12,668 - INFO - [The Hindu] Page content loaded.
2025-12-04 17:30:12,948 - INFO - [The Hindu] Success with 'selenium_browser'. Found content (332 words).
2025-12-04 17:30:13,510 - INFO - [The Guardian] Article: https://www.theguardian.com/world/2025/dec/03/eu-strategy-raw-materials-rare-earths-supply-chain-resourceeu
2025-12-04 17:30:13,511 - INFO - [The Guardian] Attempt 1/1: Trying with 'requests_browser' strategy...
2025-12-04 17:30:13,615 - INFO - [The Guardian] Success with 'requests_browser'. Found content (725 words).
2025-12-04 17:30:14,075 - INFO - [BBC] Article: https://www.bbc.com/news/articles/cnv21m0zpjmo?at_medium=RSS&at_campaign=rss
2025-12-04 17:30:14,075 - INFO - [BBC] Attempt 1/1: Trying with 'requests_browser' strategy...
2025-12-04 17:30:14,168 - INFO - [BBC] Success with 'requests_browser'. Found content (270 words).
2025-12-04 17:30:27,047 - INFO - Saved article: Cannot interfere in panchayat poll process, says HC - The Hindu from The Hindu
2025-12-04 17:30:27,048 - INFO - Duplicate article skipped: EU looks at legally forcing industries to reduce purchases from China | Mining | The Guardian from The Guardian
2025-12-04 17:30:27,048 - INFO - Duplicate article skipped: Gaza: Five killed in Israeli air strikes on tents near Khan Younis, medics say from BBC
2025-12-04 17:30:27,780 - INFO - [The Guardian] Article: https://www.theguardian.com/business/2025/dec/03/hsbc-appoints-interim-chair-brendan-nelson-to-permanent-role
2025-12-04 17:30:27,780 - INFO - [The Guardian] Attempt 1/1: Trying with 'requests_browser' strategy...
2025-12-04 17:30:27,818 - INFO - [The Guardian] Success with 'requests_browser'. Found content (605 words).
2025-12-04 17:30:27,867 - INFO - Duplicate article skipped: HSBC appoints interim chair Brendan Nelson to permanent role | HSBC | The Guardian from The Guardian
2025-12-04 17:30:28,060 - INFO - [The Hindu] Article: https://www.thehindu.com/news/national/telangana/tg-seeks-us-500-million-wb-assistance-for-musi-riverfront-project-says-union-minister/article70358770.ece
2025-12-04 17:30:28,060 - INFO - [The Hindu] Attempt 1/1: Trying with 'selenium_browser' strategy...
2025-12-04 17:30:28,382 - INFO - [BBC] Article: https://www.bbc.com/news/articles/cpwk7xen544o?at_medium=RSS&at_campaign=rss
2025-12-04 17:30:28,382 - INFO - [BBC] Attempt 1/1: Trying with 'requests_browser' strategy...
2025-12-04 17:30:28,439 - INFO - [BBC] Success with 'requests_browser'. Found content (668 words).
2025-12-04 17:30:28,482 - INFO - Duplicate article skipped: Israel says Rafah crossing to open soon to let Gazans leave via Egypt from BBC
2025-12-04 17:30:28,975 - INFO - [The Guardian] Article: https://www.theguardian.com/business/2025/dec/04/labor-urged-to-target-gas-exporters-and-bring-in-east-coast-reserve-right-now-as-it-weighs-schemes-design
2025-12-04 17:30:28,975 - INFO - [The Guardian] Attempt 1/1: Trying with 'requests_browser' strategy...
2025-12-04 17:30:29,020 - INFO - [The Guardian] Success with 'requests_browser'. Found content (766 words).
2025-12-04 17:30:29,081 - INFO - Duplicate article skipped: Labor urged to target gas exporters and bring in east coast reserve ‘right now’ as it weighs scheme’s design | Gas | The Guardian from The Guardian
2025-12-04 17:30:29,214 - INFO - [The Hindu] Page content loaded.
2025-12-04 17:30:29,386 - INFO - [The Hindu] Success with 'selenium_browser'. Found content (318 words).
2025-12-04 17:30:29,610 - INFO - [BBC] Article: https://www.bbc.com/news/articles/c2lvzrve5lqo?at_medium=RSS&at_campaign=rss
2025-12-04 17:30:29,610 - INFO - [BBC] Attempt 1/1: Trying with 'requests_browser' strategy...
2025-12-04 17:30:29,699 - INFO - [BBC] Success with 'requests_browser'. Found content (371 words).
2025-12-04 17:30:30,218 - INFO - [The Guardian] Article: https://www.theguardian.com/technology/2025/dec/04/hyperverse-bitcoin-rodney-us-court-australian-sam-lee-ntwnfb
2025-12-04 17:30:30,218 - INFO - [The Guardian] Attempt 1/1: Trying with 'requests_browser' strategy...
2025-12-04 17:30:30,313 - INFO - [The Guardian] Success with 'requests_browser'. Found content (850 words).
2025-12-04 17:30:44,297 - INFO - Saved article: TG seeks US $500 million WB assistance for Musi Riverfront project, says Union Minister - The Hindu from The Hindu
2025-12-04 17:30:44,297 - INFO - Duplicate article skipped: Federica Mogherini: Former EU top diplomat accused in fraud investigation from BBC
2025-12-04 17:30:44,297 - INFO - Duplicate article skipped: HyperVerse promoter ‘Bitcoin Rodney’ accuses Australian Sam Lee in US court of duping him with ‘elaborate deception’ | HyperVerse | The Guardian from The Guardian
2025-12-04 17:30:44,880 - INFO - [BBC] Article: https://www.bbc.com/news/articles/cy8jnxxm70jo?at_medium=RSS&at_campaign=rss
2025-12-04 17:30:44,880 - INFO - [BBC] Attempt 1/1: Trying with 'requests_browser' strategy...
2025-12-04 17:30:44,926 - INFO - [BBC] Success with 'requests_browser'. Found content (247 words).
2025-12-04 17:30:44,963 - INFO - Duplicate article skipped: Drunk raccoon found passed out on liquor store floor after breaking in from BBC
2025-12-04 17:30:45,596 - INFO - [The Guardian] Article: https://www.theguardian.com/australia-news/2025/dec/04/tasmanian-parliament-finally-approves-113bn-hobart-stadium-plan
2025-12-04 17:30:45,596 - INFO - [The Guardian] Attempt 1/1: Trying with 'requests_browser' strategy...
2025-12-04 17:30:45,638 - INFO - [The Guardian] Success with 'requests_browser'. Found content (538 words).
2025-12-04 17:30:45,677 - INFO - Duplicate article skipped: Tasmanian parliament finally approves $1.13bn Hobart stadium plan | Tasmania | The Guardian from The Guardian
2025-12-04 17:30:45,689 - INFO - [The Hindu] Article: https://www.thehindu.com/news/national/tamil-nadu/former-sc-judge-visits-naruvi-hospitals-in-vellore/article70357882.ece
2025-12-04 17:30:45,690 - INFO - [The Hindu] Attempt 1/1: Trying with 'selenium_browser' strategy...
2025-12-04 17:30:45,873 - INFO - [BBC] Article: https://www.bbc.com/news/articles/cvgq5dvygllo?at_medium=RSS&at_campaign=rss
2025-12-04 17:30:45,873 - INFO - [BBC] Attempt 1/1: Trying with 'requests_browser' strategy...
2025-12-04 17:30:45,952 - INFO - [BBC] Success with 'requests_browser'. Found content (1030 words).
2025-12-04 17:30:46,014 - INFO - Duplicate article skipped: Kenyan MPs accuse British soldiers from Batuk of sexual abuse in Laikipia from BBC
2025-12-04 17:30:46,552 - INFO - [The Guardian] Article: https://www.theguardian.com/australia-news/2025/dec/04/ndis-participants-will-have-no-external-avenue-to-appeal-funding-amounts-under-new-system-senate-estimates-told
2025-12-04 17:30:46,553 - INFO - [The Guardian] Attempt 1/1: Trying with 'requests_browser' strategy...
2025-12-04 17:30:46,605 - INFO - [The Guardian] Success with 'requests_browser'. Found content (674 words).
2025-12-04 17:30:46,713 - INFO - Duplicate article skipped: Most NDIS participants will lose external avenue to appeal funding amounts under new system, Senate estimates told | National disability insurance scheme | The Guardian from The Guardian
2025-12-04 17:30:47,116 - INFO - [BBC] Article: https://www.bbc.com/news/articles/c1m8g5x1xmko?at_medium=RSS&at_campaign=rss
2025-12-04 17:30:47,117 - INFO - [BBC] Attempt 1/1: Trying with 'requests_browser' strategy...
2025-12-04 17:30:47,169 - INFO - [BBC] Success with 'requests_browser'. Found content (308 words).
2025-12-04 17:30:47,210 - INFO - Duplicate article skipped: Three French teens drown in freak car crash in swimming pool from BBC
2025-12-04 17:30:47,310 - INFO - [The Guardian] Article: https://www.theguardian.com/australia-news/live/2025/dec/04/australia-news-live-senate-estimates-national-fiscal-outlook-labor-coalition-cost-of-living-victoria-public-service-cuts-ntwnfb
2025-12-04 17:30:47,311 - INFO - [The Guardian] Attempt 1/1: Trying with 'requests_browser' strategy...
2025-12-04 17:30:47,613 - INFO - [The Guardian] Success with 'requests_browser'. Found content (2715 words).
2025-12-04 17:30:47,753 - INFO - Duplicate article skipped: Marles says Labor ‘working through’ Trump administration’s Aukus review – as it happened | Australia news | The Guardian from The Guardian
2025-12-04 17:30:47,890 - INFO - [BBC] Article: https://www.bbc.com/news/articles/c62v9z7z1z2o?at_medium=RSS&at_campaign=rss
2025-12-04 17:30:47,891 - INFO - [BBC] Attempt 1/1: Trying with 'requests_browser' strategy...
2025-12-04 17:30:47,936 - INFO - [BBC] Success with 'requests_browser'. Found content (485 words).
2025-12-04 17:30:47,976 - INFO - Duplicate article skipped: Henry Cuellar: Trump says he is pardoning Democratic congressman in bribery case from BBC
2025-12-04 17:30:48,561 - INFO - [BBC] Article: https://www.bbc.com/news/articles/c62lv79p0pdo?at_medium=RSS&at_campaign=rss
2025-12-04 17:30:48,562 - INFO - [BBC] Attempt 1/1: Trying with 'requests_browser' strategy...
2025-12-04 17:30:48,665 - INFO - [BBC] Success with 'requests_browser'. Found content (482 words).
2025-12-04 17:30:48,739 - INFO - Duplicate article skipped: Hong Kong orders removal of scaffolding mesh after deadly blaze from BBC
2025-12-04 17:30:48,851 - INFO - [The Hindu] Page content loaded.
2025-12-04 17:30:48,920 - WARNING - [The Hindu] FAILED with 'selenium_browser' (content was too short: 79 words).
2025-12-04 17:30:48,920 - ERROR - [The Hindu] All scrape strategies failed for https://www.thehindu.com/news/national/tamil-nadu/former-sc-judge-visits-naruvi-hospitals-in-vellore/article70357882.ece. Falling back to RSS description.
2025-12-04 17:30:48,920 - INFO - Duplicate article skipped: Former SC judge visits Naruvi Hospitals in Vellore from The Hindu
2025-12-04 17:30:50,336 - INFO - [The Hindu] Article: https://www.thehindu.com/news/national/andhra-pradesh/gpcon-2025-to-focus-on-non-communicable-diseases/article70357621.ece
2025-12-04 17:30:50,336 - INFO - [The Hindu] Attempt 1/1: Trying with 'selenium_browser' strategy...
2025-12-04 17:30:51,052 - INFO - [The Hindu] Page content loaded.
2025-12-04 17:30:51,323 - INFO - [The Hindu] Success with 'selenium_browser'. Found content (174 words).
2025-12-04 17:30:51,411 - INFO - Duplicate article skipped: GPCON-2025 to focus on non- communicable diseases - The Hindu from The Hindu
2025-12-04 17:30:52,734 - INFO - [The Hindu] Article: https://www.thehindu.com/news/national/jammu-and-kashmir/jk-govt-sends-revised-reservation-quota-proposal-for-l-gs-approval/article70358233.ece
2025-12-04 17:30:52,734 - INFO - [The Hindu] Attempt 1/1: Trying with 'selenium_browser' strategy...
2025-12-04 17:30:53,958 - INFO - [The Hindu] Page content loaded.
2025-12-04 17:30:54,057 - INFO - [The Hindu] Success with 'selenium_browser'. Found content (518 words).
2025-12-04 17:30:54,140 - INFO - Duplicate article skipped: J&K govt. sends revised reservation quota proposal for L-G’s approval - The Hindu from The Hindu
2025-12-04 17:30:55,243 - INFO - [The Hindu] Article: https://www.thehindu.com/news/on-vc-appointments-governor-agrees-to-name-objected-to-by-kerala-cm/article70358775.ece
2025-12-04 17:30:55,243 - INFO - [The Hindu] Attempt 1/1: Trying with 'selenium_browser' strategy...
2025-12-04 17:30:56,109 - INFO - [The Hindu] Page content loaded.
2025-12-04 17:30:56,186 - INFO - [The Hindu] Success with 'selenium_browser'. Found content (490 words).
2025-12-04 17:30:56,274 - INFO - Duplicate article skipped: On VC appointments, Governor agrees to name objected to by Kerala CM - The Hindu from The Hindu
2025-12-04 17:30:57,282 - INFO - [The Hindu] Article: https://www.thehindu.com/news/cities/Hyderabad/private-sector-participation-in-defence-aerospace-sector-on-rise/article70358604.ece
2025-12-04 17:30:57,283 - INFO - [The Hindu] Attempt 1/1: Trying with 'selenium_browser' strategy...
2025-12-04 17:30:58,480 - INFO - [The Hindu] Page content loaded.
2025-12-04 17:30:58,555 - INFO - [The Hindu] Success with 'selenium_browser'. Found content (258 words).
2025-12-04 17:30:58,624 - INFO - Duplicate article skipped: Private sector participation in defence, aerospace sector on rise - The Hindu from The Hindu
2025-12-04 17:31:00,050 - INFO - [The Hindu] Article: https://www.thehindu.com/news/national/kerala/campaign-enters-final-lap-in-eloor-municipality/article70358079.ece
2025-12-04 17:31:00,050 - INFO - [The Hindu] Attempt 1/1: Trying with 'selenium_browser' strategy...
2025-12-04 17:31:02,061 - INFO - [The Hindu] Page content loaded.
2025-12-04 17:31:02,223 - INFO - [The Hindu] Success with 'selenium_browser'. Found content (283 words).
2025-12-04 17:31:02,283 - INFO - Duplicate article skipped: Campaign enters final lap in Eloor municipality - The Hindu from The Hindu
2025-12-04 17:31:03,392 - INFO - [The Hindu] Article: https://www.thehindu.com/news/national/kerala/school-excursions-should-conform-to-general-education-department-guidelines-minister/article70358747.ece
2025-12-04 17:31:03,392 - INFO - [The Hindu] Attempt 1/1: Trying with 'selenium_browser' strategy...
2025-12-04 17:31:04,020 - INFO - [The Hindu] Page content loaded.
2025-12-04 17:31:04,069 - INFO - [The Hindu] Success with 'selenium_browser'. Found content (287 words).
2025-12-04 17:31:04,466 - INFO - Duplicate article skipped: School excursions should conform to General Education department guidelines: Minister - The Hindu from The Hindu
2025-12-04 17:31:04,984 - INFO - [The Hindu] Article: https://www.thehindu.com/news/national/karnataka/99-indigo-flights-cancelled-on-thursday/article70358381.ece
2025-12-04 17:31:04,984 - INFO - [The Hindu] Attempt 1/1: Trying with 'selenium_browser' strategy...
2025-12-04 17:31:05,927 - INFO - [The Hindu] Page content loaded.
2025-12-04 17:31:06,103 - INFO - [The Hindu] Success with 'selenium_browser'. Found content (277 words).
2025-12-04 17:31:06,199 - INFO - Duplicate article skipped: 99 IndiGo flights cancelled on Thursday - The Hindu from The Hindu
2025-12-04 17:31:07,277 - INFO - [The Hindu] Article: https://www.thehindu.com/news/national/urbanisation-migration-contribute-to-voter-roll-irregularities-law-minister/article70357825.ece
2025-12-04 17:31:07,278 - INFO - [The Hindu] Attempt 1/1: Trying with 'selenium_browser' strategy...
2025-12-04 17:31:08,463 - INFO - [The Hindu] Page content loaded.
2025-12-04 17:31:08,606 - INFO - [The Hindu] Success with 'selenium_browser'. Found content (407 words).
2025-12-04 17:31:08,712 - INFO - Duplicate article skipped: Urbanisation, migration contribute to voter roll irregularities: Law Minister - The Hindu from The Hindu
2025-12-04 17:31:09,894 - INFO - [The Hindu] Article: https://www.thehindu.com/news/national/karnataka/those-who-oppose-overstaying-fee-are-unauthorised-cab-operators-bial-md-and-ceo/article70357809.ece
2025-12-04 17:31:09,894 - INFO - [The Hindu] Attempt 1/1: Trying with 'selenium_browser' strategy...
2025-12-04 17:31:10,953 - INFO - [The Hindu] Page content loaded.
2025-12-04 17:31:11,082 - INFO - [The Hindu] Success with 'selenium_browser'. Found content (310 words).
2025-12-04 17:31:11,177 - INFO - Duplicate article skipped: Those who oppose overstaying fee are unauthorised cab operators: BIAL MD and CEO - The Hindu from The Hindu
2025-12-04 17:31:12,604 - INFO - [The Hindu] Article: https://www.thehindu.com/news/national/karnataka/karnataka-to-develop-digital-heritage-portal-to-preserve-cultural-legacy/article70357295.ece
2025-12-04 17:31:12,604 - INFO - [The Hindu] Attempt 1/1: Trying with 'selenium_browser' strategy...
2025-12-04 17:31:13,613 - INFO - [The Hindu] Page content loaded.
2025-12-04 17:31:13,700 - INFO - [The Hindu] Success with 'selenium_browser'. Found content (506 words).
2025-12-04 17:31:13,811 - INFO - Duplicate article skipped: Karnataka to develop ‘Digital Heritage Portal’ to preserve cultural legacy - The Hindu from The Hindu
2025-12-04 17:31:15,296 - INFO - [The Hindu] Article: https://www.thehindu.com/news/national/telangana/no-limit-on-number-of-candidates-for-financial-assistance-for-cs-exams-bhatti/article70358471.ece
2025-12-04 17:31:15,296 - INFO - [The Hindu] Attempt 1/1: Trying with 'selenium_browser' strategy...
2025-12-04 17:31:16,120 - INFO - [The Hindu] Page content loaded.
2025-12-04 17:31:16,165 - INFO - [The Hindu] Success with 'selenium_browser'. Found content (212 words).
2025-12-04 17:31:16,219 - INFO - Duplicate article skipped: No limit on number of candidates for financial assistance for CS exams: Bhatti - The Hindu from The Hindu
2025-12-04 17:31:17,535 - INFO - [The Hindu] Article: https://www.thehindu.com/news/national/kerala/free-legal-help-through-whatsapp/article70358078.ece
2025-12-04 17:31:17,536 - INFO - [The Hindu] Attempt 1/1: Trying with 'selenium_browser' strategy...
2025-12-04 17:31:18,429 - INFO - [The Hindu] Page content loaded.
2025-12-04 17:31:18,599 - INFO - [The Hindu] Success with 'selenium_browser'. Found content (103 words).
2025-12-04 17:31:18,675 - INFO - Duplicate article skipped: Free legal help through WhatsApp - The Hindu from The Hindu
2025-12-04 17:31:20,030 - INFO - [The Hindu] (Thread) Finished. Attempting to shut down its Selenium driver.
2025-12-04 17:31:20,243 - INFO - [The Hindu] (Thread) driver.quit() successful.
2025-12-04 17:31:57,865 - ERROR - [Times of India] Request failed for strategy 'selenium_browser' on URL https://timesofindia.indiatimes.com/world/us-streamers/just-got-this-house-inside-the-strange-burglary-that-hit-marlon-gracias-home-while-he-was-streaming-across-the-country/articleshow/125769186.cms: HTTPConnectionPool(host='localhost', port=36861): Read timed out. (read timeout=120)
2025-12-04 17:31:57,865 - ERROR - [Times of India] All scrape strategies failed for https://timesofindia.indiatimes.com/world/us-streamers/just-got-this-house-inside-the-strange-burglary-that-hit-marlon-gracias-home-while-he-was-streaming-across-the-country/articleshow/125769186.cms. Falling back to RSS description.
2025-12-04 17:31:57,866 - INFO - Duplicate article skipped: “Just got this house”: Inside the strange burglary that hit Marlon Gracia’s home while he was streaming across the country from Times of India
2025-12-04 17:31:59,107 - INFO - [Times of India] Article: https://timesofindia.indiatimes.com/world/us/netanyahu-responds-to-zohran-mamdanis-threat-to-arrest-him-in-new-york-wait-and-see/articleshow/125769180.cms
2025-12-04 17:31:59,107 - INFO - [Times of India] Attempt 1/1: Trying with 'selenium_browser' strategy...
2025-12-04 17:32:35,258 - CRITICAL - --- TIMEOUT: 1 scrape jobs did not complete in 300s. ---
2025-12-04 17:32:35,258 - ERROR - A thread has timed out and will be abandoned.
2025-12-04 17:32:35,258 - INFO - Shutting down thread pool (wait=False)...
2025-12-04 17:32:35,258 - INFO - Scraped: 0 The Guardian, 7 The Hindu, 3 BBC, 1 Timed_Out_Jobs articles. (Total saved: 10)
2025-12-04 17:32:35,258 - INFO - --- Scraping job finished ---
2025-12-04 17:32:35,259 - INFO - --- Scraper service stopped and database connection closed. ---
2025-12-04 17:32:35,259 - INFO - --- Main thread finished. Forcing process exit to kill zombie threads. ---
