2025-12-02 04:53:19,083 - INFO - Loading AI Semantic Model (all-MiniLM-L6-v2)...
2025-12-02 04:53:19,084 - INFO - Use pytorch device_name: cpu
2025-12-02 04:53:19,084 - INFO - Load pretrained SentenceTransformer: all-MiniLM-L6-v2
2025-12-02 04:53:20,498 - INFO - AI Model loaded successfully.
2025-12-02 04:53:20,498 - INFO - Initializing database connection at: news_articles.db
2025-12-02 04:53:20,498 - INFO - --- Scraper service started (CI Mode: Run Once) ---
2025-12-02 04:53:20,498 - INFO - --- Starting new scraping job (Parallel Mode) ---
2025-12-02 04:53:20,498 - INFO - Creating new robust session with 3 retries on 5xx/connection/read errors.
2025-12-02 04:53:20,498 - INFO - Proxy is DISABLED.
2025-12-02 04:53:20,499 - INFO - Starting scrape for BBC RSS feed: http://feeds.bbci.co.uk/news/world/rss.xml
2025-12-02 04:53:20,500 - INFO - [Times of India] (Thread) requires Selenium. Initializing driver...
2025-12-02 04:53:20,500 - INFO - Initializing headless Selenium Chrome driver (using SeleniumManager)...
2025-12-02 04:53:20,501 - INFO - Starting scrape for The Guardian RSS feed: https://www.theguardian.com/world/rss
2025-12-02 04:53:20,502 - INFO - [The Hindu] (Thread) requires Selenium. Initializing driver...
2025-12-02 04:53:20,502 - INFO - Initializing headless Selenium Chrome driver (using SeleniumManager)...
2025-12-02 04:53:20,503 - INFO - Submitted 4 jobs to thread pool. Waiting up to 300s for completion...
2025-12-02 04:53:20,695 - INFO - Found 45 articles in The Guardian RSS feed. Processing up to 20.
2025-12-02 04:53:20,695 - INFO - [The Guardian] Article: https://www.theguardian.com/world/2025/dec/01/south-africans-court-alleged-recruitment-russia-war-ukraine
2025-12-02 04:53:20,695 - INFO - [The Guardian] Attempt 1/1: Trying with 'requests_browser' strategy...
2025-12-02 04:53:20,741 - INFO - [The Guardian] Success with 'requests_browser'. Found content (506 words).
2025-12-02 04:53:20,795 - INFO - Duplicate article skipped: Five South Africans in court over alleged recruitment for Russia’s war in Ukraine | South Africa | The Guardian from The Guardian
2025-12-02 04:53:20,805 - INFO - Found 43 articles in BBC RSS feed. Processing up to 20.
2025-12-02 04:53:20,805 - INFO - [BBC] Article: https://www.bbc.com/news/articles/c1m8nmx75evo?at_medium=RSS&at_campaign=rss
2025-12-02 04:53:20,805 - INFO - [BBC] Attempt 1/1: Trying with 'requests_browser' strategy...
2025-12-02 04:53:21,041 - INFO - [BBC] Success with 'requests_browser'. Found content (822 words).
2025-12-02 04:53:21,076 - INFO - Duplicate article skipped: Zelensky says Ukraine territory 'most difficult' issue, as US envoy prepares to meet Putin from BBC
2025-12-02 04:53:21,642 - INFO - [The Guardian] Article: https://www.theguardian.com/global-development/2025/dec/01/global-health-hiv-aids-funding-cuts-infections-prevention
2025-12-02 04:53:21,642 - INFO - [The Guardian] Attempt 1/1: Trying with 'requests_browser' strategy...
2025-12-02 04:53:21,804 - INFO - [The Guardian] Success with 'requests_browser'. Found content (674 words).
2025-12-02 04:53:21,841 - INFO - Duplicate article skipped: Aid cuts have shaken HIV/Aids care to its core – and will mean millions more infections ahead | Global health | The Guardian from The Guardian
2025-12-02 04:53:22,128 - INFO - [BBC] Article: https://www.bbc.com/news/articles/cewjg272dq9o?at_medium=RSS&at_campaign=rss
2025-12-02 04:53:22,128 - INFO - [BBC] Attempt 1/1: Trying with 'requests_browser' strategy...
2025-12-02 04:53:22,165 - INFO - [BBC] Success with 'requests_browser'. Found content (582 words).
2025-12-02 04:53:22,200 - INFO - Duplicate article skipped: Alina Habba: Appeals court disqualifies ex-Trump lawyer as New Jersey prosecutor from BBC
2025-12-02 04:53:22,594 - INFO - [The Guardian] Article: https://www.theguardian.com/world/2025/nov/30/african-leaders-push-for-recognition-of-colonial-crimes-and-reparations
2025-12-02 04:53:22,594 - INFO - [The Guardian] Attempt 1/1: Trying with 'requests_browser' strategy...
2025-12-02 04:53:22,628 - INFO - [The Guardian] Success with 'requests_browser'. Found content (670 words).
2025-12-02 04:53:22,674 - INFO - Duplicate article skipped: African leaders push for recognition of colonial crimes and reparations | Colonialism | The Guardian from The Guardian
2025-12-02 04:53:22,887 - INFO - [BBC] Article: https://www.bbc.com/news/articles/cx2dgp8mvmno?at_medium=RSS&at_campaign=rss
2025-12-02 04:53:22,888 - INFO - [BBC] Attempt 1/1: Trying with 'requests_browser' strategy...
2025-12-02 04:53:22,935 - INFO - [BBC] Success with 'requests_browser'. Found content (807 words).
2025-12-02 04:53:23,092 - INFO - Duplicate article skipped: Honduras election: presidential candidates locked in 'technical tie', official says from BBC
2025-12-02 04:53:23,960 - INFO - [The Guardian] Article: https://www.theguardian.com/world/2025/nov/28/jacob-zuma-daughter-resigns-claims-south-africans-tricked-fight-russia
2025-12-02 04:53:23,960 - INFO - [The Guardian] Attempt 1/1: Trying with 'requests_browser' strategy...
2025-12-02 04:53:24,121 - INFO - [The Guardian] Success with 'requests_browser'. Found content (753 words).
2025-12-02 04:53:24,157 - INFO - Duplicate article skipped: Jacob Zuma’s daughter resigns amid claims South Africans tricked to fight for Russia | South Africa | The Guardian from The Guardian
2025-12-02 04:53:24,530 - INFO - [BBC] Article: https://www.bbc.com/news/articles/c33mz477p4po?at_medium=RSS&at_campaign=rss
2025-12-02 04:53:24,530 - INFO - [BBC] Attempt 1/1: Trying with 'requests_browser' strategy...
2025-12-02 04:53:25,266 - INFO - [BBC] Success with 'requests_browser'. Found content (882 words).
2025-12-02 04:53:25,304 - INFO - Duplicate article skipped: Luigi Mangione in court as lawyers seek to rule out notebook, gun and other key evidence from BBC
2025-12-02 04:53:25,587 - INFO - [The Guardian] Article: https://www.theguardian.com/environment/2025/nov/28/africa-forests-transformed-carbon-sink-carbon-source-study
2025-12-02 04:53:25,587 - INFO - [The Guardian] Attempt 1/1: Trying with 'requests_browser' strategy...
2025-12-02 04:53:25,744 - INFO - [The Guardian] Success with 'requests_browser'. Found content (458 words).
2025-12-02 04:53:25,792 - INFO - Duplicate article skipped: Africa’s forests transformed from carbon sink to carbon source, study finds | Climate crisis | The Guardian from The Guardian
2025-12-02 04:53:25,903 - INFO - [BBC] Article: https://www.bbc.com/news/articles/czrk7g50e1po?at_medium=RSS&at_campaign=rss
2025-12-02 04:53:25,903 - INFO - [BBC] Attempt 1/1: Trying with 'requests_browser' strategy...
2025-12-02 04:53:25,944 - INFO - [BBC] Success with 'requests_browser'. Found content (1693 words).
2025-12-02 04:53:25,984 - INFO - Duplicate article skipped: WW1 toxic compound sprayed on Georgian protesters, BBC evidence suggests from BBC
2025-12-02 04:53:26,904 - INFO - [The Guardian] Article: https://www.theguardian.com/us-news/live/2025/dec/01/donald-trump-pete-hegseth-caribbean-boats-venezuela-immigration-us-politics-latest-news-updates
2025-12-02 04:53:26,904 - INFO - [The Guardian] Attempt 1/1: Trying with 'requests_browser' strategy...
2025-12-02 04:53:27,163 - INFO - [The Guardian] Success with 'requests_browser'. Found content (3148 words).
2025-12-02 04:53:27,278 - INFO - [BBC] Article: https://www.bbc.com/news/articles/ckg9204y4w5o?at_medium=RSS&at_campaign=rss
2025-12-02 04:53:27,279 - INFO - [BBC] Attempt 1/1: Trying with 'requests_browser' strategy...
2025-12-02 04:53:27,285 - INFO - Duplicate article skipped: Trump discusses Venezuela with advisers as Hegseth distances himself from second strike on suspected drug boat –as it happened | Trump administration | The Guardian from The Guardian
2025-12-02 04:53:27,924 - INFO - Selenium driver initialized successfully.
2025-12-02 04:53:27,924 - INFO - Starting scrape for Times of India RSS feed: https://timesofindia.indiatimes.com/rssfeeds/296589292.cms
2025-12-02 04:53:27,926 - INFO - Selenium driver initialized successfully.
2025-12-02 04:53:27,926 - INFO - Starting scrape for The Hindu RSS feed: https://www.thehindu.com/news/national/feeder/default.rss
2025-12-02 04:53:28,088 - INFO - Found 20 articles in Times of India RSS feed. Processing up to 20.
2025-12-02 04:53:28,088 - INFO - [Times of India] Article: https://timesofindia.indiatimes.com/world/us/cruel-inhumane-zohran-mamdani-slams-ice-raids-reveals-what-he-told-trump-when-he-met-him/articleshow/125708854.cms
2025-12-02 04:53:28,088 - INFO - [Times of India] Attempt 1/1: Trying with 'selenium_browser' strategy...
2025-12-02 04:53:28,391 - INFO - [BBC] Success with 'requests_browser'. Found content (682 words).
2025-12-02 04:53:28,431 - INFO - Duplicate article skipped: Anicet Ekane: Cameroon opposition firebrand dies in detention aged 74 from BBC
2025-12-02 04:53:28,527 - INFO - [The Guardian] Article: https://www.theguardian.com/world/2025/dec/01/trump-maduro-ultimatum-relinquish-power-venezuela
2025-12-02 04:53:28,528 - INFO - [The Guardian] Attempt 1/1: Trying with 'requests_browser' strategy...
2025-12-02 04:53:28,565 - INFO - [The Guardian] Success with 'requests_browser'. Found content (533 words).
2025-12-02 04:53:28,619 - INFO - Duplicate article skipped: Trump reportedly gave Maduro ultimatum to relinquish power in Venezuela | Nicolás Maduro | The Guardian from The Guardian
2025-12-02 04:53:28,784 - INFO - Found 100 articles in The Hindu RSS feed. Processing up to 20.
2025-12-02 04:53:28,785 - INFO - [The Hindu] Article: https://www.thehindu.com/news/national/karnataka/america-benefited-from-talented-indians-but-one-cant-game-h1b-system-says-elon-musk-to-entrepreneur-nikhil-kamath/article70346794.ece
2025-12-02 04:53:28,785 - INFO - [The Hindu] Attempt 1/1: Trying with 'selenium_browser' strategy...
2025-12-02 04:53:29,124 - INFO - [BBC] Article: https://www.bbc.com/news/articles/c4g4enlp6kzo?at_medium=RSS&at_campaign=rss
2025-12-02 04:53:29,125 - INFO - [BBC] Attempt 1/1: Trying with 'requests_browser' strategy...
2025-12-02 04:53:29,178 - INFO - [BBC] Success with 'requests_browser'. Found content (870 words).
2025-12-02 04:53:29,234 - INFO - Duplicate article skipped: Indonesia floods death toll passes 500 from BBC
2025-12-02 04:53:29,753 - INFO - [The Guardian] Article: https://www.theguardian.com/world/2025/dec/01/mexico-kill-drug-trafficker-el-pichon-pedro-inzunza-coronel
2025-12-02 04:53:29,753 - INFO - [The Guardian] Attempt 1/1: Trying with 'requests_browser' strategy...
2025-12-02 04:53:29,769 - INFO - [BBC] Article: https://www.bbc.com/news/articles/ckgz28zyp8vo?at_medium=RSS&at_campaign=rss
2025-12-02 04:53:29,769 - INFO - [BBC] Attempt 1/1: Trying with 'requests_browser' strategy...
2025-12-02 04:53:29,811 - INFO - [The Guardian] Success with 'requests_browser'. Found content (385 words).
2025-12-02 04:53:29,911 - INFO - Duplicate article skipped: Mexican authorities kill one of country’s top fentanyl traffickers | Mexico | The Guardian from The Guardian
2025-12-02 04:53:29,930 - INFO - [BBC] Success with 'requests_browser'. Found content (378 words).
2025-12-02 04:53:30,002 - INFO - Duplicate article skipped: Joaquín Guzmán López: Drug lord El Chapo's son pleads guilty in US drug trafficking case from BBC
2025-12-02 04:53:30,361 - INFO - [The Hindu] Page content loaded.
2025-12-02 04:53:30,539 - INFO - [The Hindu] Success with 'selenium_browser'. Found content (376 words).
2025-12-02 04:53:31,233 - INFO - [The Guardian] Article: https://www.theguardian.com/us-news/2025/dec/01/trump-pardon-juan-orlando-hernandez-honduras-former-president
2025-12-02 04:53:31,233 - INFO - [The Guardian] Attempt 1/1: Trying with 'requests_browser' strategy...
2025-12-02 04:53:31,358 - INFO - [The Guardian] Success with 'requests_browser'. Found content (938 words).
2025-12-02 04:53:31,381 - INFO - [BBC] Article: https://www.bbc.com/news/articles/cz0n1rm95yxo?at_medium=RSS&at_campaign=rss
2025-12-02 04:53:31,382 - INFO - [BBC] Attempt 1/1: Trying with 'requests_browser' strategy...
2025-12-02 04:53:31,793 - INFO - [BBC] Success with 'requests_browser'. Found content (254 words).
2025-12-02 04:53:51,439 - INFO - Saved article: America benefited from talented Indians, but one can’t game H1B system: Elon Musk - The Hindu from The Hindu
2025-12-02 04:53:51,440 - INFO - Duplicate article skipped: Trump’s pardon of Honduras’s ex-president shows counter-drug effort is ‘based on lies and hypocrisy’ | US foreign policy | The Guardian from The Guardian
2025-12-02 04:53:51,440 - INFO - Duplicate article skipped: Peru landslide: 12 killed after two boats hit in Amazon rainforest from BBC
2025-12-02 04:53:52,023 - INFO - [The Hindu] Article: https://www.thehindu.com/news/national/parliament-winter-session-lok-sabha-rajya-sabha-day-2-highlights-december-2-2025/article70348014.ece
2025-12-02 04:53:52,023 - INFO - [The Hindu] Attempt 1/1: Trying with 'selenium_browser' strategy...
2025-12-02 04:53:52,225 - INFO - [The Guardian] Article: https://www.theguardian.com/world/2025/dec/01/haiti-armed-gangs-attack-artibonite
2025-12-02 04:53:52,225 - INFO - [The Guardian] Attempt 1/1: Trying with 'requests_browser' strategy...
2025-12-02 04:53:52,256 - INFO - [The Guardian] Success with 'requests_browser'. Found content (629 words).
2025-12-02 04:53:52,292 - INFO - Duplicate article skipped: Hundreds flee central Haiti after gangs launch large-scale attacks and burn homes | Haiti | The Guardian from The Guardian
2025-12-02 04:53:52,314 - INFO - [BBC] Article: https://www.bbc.com/news/articles/c79x8285n29o?at_medium=RSS&at_campaign=rss
2025-12-02 04:53:52,314 - INFO - [BBC] Attempt 1/1: Trying with 'requests_browser' strategy...
2025-12-02 04:53:52,926 - INFO - [BBC] Success with 'requests_browser'. Found content (439 words).
2025-12-02 04:53:52,965 - INFO - Duplicate article skipped: Nigeria's kidnap crisis: Pastor abducted in Kogi state and a bride in Sokoto from BBC
2025-12-02 04:53:53,166 - INFO - [The Guardian] Article: https://www.theguardian.com/world/2025/dec/02/new-zealand-man-charged-allegedly-swallowing-faberge-james-bond-pendant
2025-12-02 04:53:53,167 - INFO - [The Guardian] Attempt 1/1: Trying with 'requests_browser' strategy...
2025-12-02 04:53:53,341 - INFO - [The Guardian] Success with 'requests_browser'. Found content (241 words).
2025-12-02 04:53:53,591 - INFO - Duplicate article skipped: Man charged with theft after allegedly swallowing Fabergé pendant in jewellery store | New Zealand | The Guardian from The Guardian
2025-12-02 04:53:53,967 - INFO - [BBC] Article: https://www.bbc.com/news/articles/c7vmn61l75ro?at_medium=RSS&at_campaign=rss
2025-12-02 04:53:53,967 - INFO - [BBC] Attempt 1/1: Trying with 'requests_browser' strategy...
2025-12-02 04:53:54,014 - INFO - [The Hindu] Page content loaded.
2025-12-02 04:53:54,015 - INFO - [BBC] Success with 'requests_browser'. Found content (414 words).
2025-12-02 04:53:54,062 - INFO - Duplicate article skipped: Trump releases fraudster executive days into prison sentence from BBC
2025-12-02 04:53:54,113 - INFO - [The Hindu] Success with 'selenium_browser'. Found content (169 words).
2025-12-02 04:53:54,400 - INFO - [The Guardian] Article: https://www.theguardian.com/world/2025/dec/02/japan-pm-sanae-takaichi-work-win-catchphrase-of-year
2025-12-02 04:53:54,401 - INFO - [The Guardian] Attempt 1/1: Trying with 'requests_browser' strategy...
2025-12-02 04:53:54,466 - INFO - [The Guardian] Success with 'requests_browser'. Found content (510 words).
2025-12-02 04:53:55,508 - INFO - [BBC] Article: https://www.bbc.com/news/articles/c5yd91y2250o?at_medium=RSS&at_campaign=rss
2025-12-02 04:53:55,508 - INFO - [BBC] Attempt 1/1: Trying with 'requests_browser' strategy...
2025-12-02 04:53:55,577 - INFO - [BBC] Success with 'requests_browser'. Found content (768 words).
2025-12-02 04:54:06,176 - INFO - DEDUPLICATION: Found match (Score: 0.81). Linking to Cluster ID: deadb6f7-d319-432c-a8e9-f5b93f1e8108
2025-12-02 04:54:06,179 - INFO - Saved article: Parliament Winter session Day 2 LIVE updates: FM Sitharaman to move Central Excise (Amendment) Bill, 2025 for passing - The Hindu from The Hindu
2025-12-02 04:54:06,179 - INFO - Duplicate article skipped: Japan PM’s pledge to ‘work, work, work, work, and work’ wins catchphrase of year | Sanae Takaichi | The Guardian from The Guardian
2025-12-02 04:54:06,179 - INFO - Duplicate article skipped: Nonkululeko Mantula: South African radio presenter among five charged over Russia recruitment plot from BBC
2025-12-02 04:54:06,786 - INFO - [The Hindu] Article: https://www.thehindu.com/news/national/uttar-pradesh/blo-deaths-institutional-murder-failure-of-administrative-system-says-up-congress/article70345981.ece
2025-12-02 04:54:06,786 - INFO - [The Hindu] Attempt 1/1: Trying with 'selenium_browser' strategy...
2025-12-02 04:54:06,857 - INFO - [BBC] Article: https://www.bbc.com/news/articles/cj38xm5nmd7o?at_medium=RSS&at_campaign=rss
2025-12-02 04:54:06,857 - INFO - [BBC] Attempt 1/1: Trying with 'requests_browser' strategy...
2025-12-02 04:54:06,897 - INFO - [BBC] Success with 'requests_browser'. Found content (1138 words).
2025-12-02 04:54:06,934 - INFO - Duplicate article skipped: Tulip Siddiq MP says Bangladesh jail sentence is 'deeply unfair' from BBC
2025-12-02 04:54:07,518 - INFO - [BBC] Article: https://www.bbc.com/news/articles/cj01q6p7ndlo?at_medium=RSS&at_campaign=rss
2025-12-02 04:54:07,518 - INFO - [BBC] Attempt 1/1: Trying with 'requests_browser' strategy...
2025-12-02 04:54:07,530 - INFO - [The Guardian] Article: https://www.theguardian.com/world/2025/dec/01/asia-flood-sri-lanka-indonesia-deploy-military
2025-12-02 04:54:07,530 - INFO - [The Guardian] Attempt 1/1: Trying with 'requests_browser' strategy...
2025-12-02 04:54:07,560 - INFO - [BBC] Success with 'requests_browser'. Found content (409 words).
2025-12-02 04:54:07,608 - INFO - Duplicate article skipped: South Korea police say 120,000 home cameras hacked for 'sexploitation' footage from BBC
2025-12-02 04:54:07,710 - INFO - [The Guardian] Success with 'requests_browser'. Found content (759 words).
2025-12-02 04:54:07,774 - INFO - [The Hindu] Page content loaded.
2025-12-02 04:54:07,780 - INFO - Duplicate article skipped: Sri Lanka and Indonesia deploy militaries as Asia floods death toll passes 1,100 | Asia Pacific | The Guardian from The Guardian
2025-12-02 04:54:07,816 - INFO - [The Hindu] Success with 'selenium_browser'. Found content (333 words).
2025-12-02 04:54:08,642 - INFO - [BBC] Article: https://www.bbc.com/news/articles/c997n2zlegzo?at_medium=RSS&at_campaign=rss
2025-12-02 04:54:08,643 - INFO - [BBC] Attempt 1/1: Trying with 'requests_browser' strategy...
2025-12-02 04:54:08,814 - INFO - [BBC] Success with 'requests_browser'. Found content (653 words).
2025-12-02 04:54:08,889 - INFO - [The Guardian] Article: https://www.theguardian.com/world/live/2025/dec/01/death-toll-floods-indonesia-sri-lanka-malaysia-thailand-latest-updates-news-live
2025-12-02 04:54:08,889 - INFO - [The Guardian] Attempt 1/1: Trying with 'requests_browser' strategy...
2025-12-02 04:54:09,122 - INFO - [The Guardian] Success with 'requests_browser'. Found content (1015 words).
2025-12-02 04:54:19,378 - INFO - Saved article: BLO deaths institutional murder, failure of administrative system, says U.P. Congress - The Hindu from The Hindu
2025-12-02 04:54:19,378 - INFO - Duplicate article skipped: One Piece: Japanese singer Maki Otsuki stopped mid-show after China row from BBC
2025-12-02 04:54:19,378 - INFO - Duplicate article skipped: Death toll passes 1,100 in devastating floods across Indonesia, Sri Lanka, Malaysia and Thailand – as it happened | South and central Asia | The Guardian from The Guardian
2025-12-02 04:54:20,286 - INFO - [BBC] Article: https://www.bbc.com/news/articles/c075zd0j2j3o?at_medium=RSS&at_campaign=rss
2025-12-02 04:54:20,286 - INFO - [BBC] Attempt 1/1: Trying with 'requests_browser' strategy...
2025-12-02 04:54:20,323 - INFO - [BBC] Success with 'requests_browser'. Found content (316 words).
2025-12-02 04:54:20,357 - INFO - Duplicate article skipped: Couple accused of cheating with spycam to win A$1.2m in Australian casino from BBC
2025-12-02 04:54:20,400 - INFO - [The Hindu] Article: https://www.thehindu.com/news/national/kerala/kerala-local-body-polls-rebel-trouble-haunts-udf-in-its-kannur-stronghold/article70322863.ece
2025-12-02 04:54:20,400 - INFO - [The Hindu] Attempt 1/1: Trying with 'selenium_browser' strategy...
2025-12-02 04:54:20,798 - INFO - [The Guardian] Article: https://www.theguardian.com/news/2025/dec/01/hong-kong-arrests-manslaughter-apartment-fires
2025-12-02 04:54:20,798 - INFO - [The Guardian] Attempt 1/1: Trying with 'requests_browser' strategy...
2025-12-02 04:54:20,837 - INFO - [The Guardian] Success with 'requests_browser'. Found content (763 words).
2025-12-02 04:54:20,931 - INFO - Duplicate article skipped: Hong Kong arrests 13 on suspicion of manslaughter over apartment fires | Hong Kong apartment fires | The Guardian from The Guardian
2025-12-02 04:54:21,069 - INFO - [BBC] Article: https://www.bbc.com/news/articles/c4gv76r5qpvo?at_medium=RSS&at_campaign=rss
2025-12-02 04:54:21,069 - INFO - [BBC] Attempt 1/1: Trying with 'requests_browser' strategy...
2025-12-02 04:54:21,132 - INFO - [BBC] Success with 'requests_browser'. Found content (647 words).
2025-12-02 04:54:21,196 - INFO - Duplicate article skipped: Benjamin Netanyahu seeks pardon from Israel's president from BBC
2025-12-02 04:54:21,423 - INFO - [The Hindu] Page content loaded.
2025-12-02 04:54:21,479 - INFO - [The Hindu] Success with 'selenium_browser'. Found content (608 words).
2025-12-02 04:54:21,797 - INFO - [The Guardian] Article: https://www.theguardian.com/australia-news/live/2025/dec/02/australia-news-live-one-nation-liberal-coalition-barnaby-joyce-pauline-hanson-budget-estimates-labor-ai-plan-ntwnfb
2025-12-02 04:54:21,798 - INFO - [The Guardian] Attempt 1/1: Trying with 'requests_browser' strategy...
2025-12-02 04:54:22,367 - INFO - [BBC] Article: https://www.bbc.com/news/articles/c79x8x82gy4o?at_medium=RSS&at_campaign=rss
2025-12-02 04:54:22,367 - INFO - [BBC] Attempt 1/1: Trying with 'requests_browser' strategy...
2025-12-02 04:54:22,421 - INFO - [BBC] Success with 'requests_browser'. Found content (518 words).
2025-12-02 04:54:22,953 - INFO - [The Guardian] Success with 'requests_browser'. Found content (3503 words).
2025-12-02 04:54:33,677 - INFO - DEDUPLICATION: Found match (Score: 0.78). Linking to Cluster ID: 3dbc343f-02ff-4de1-bab0-761263590206
2025-12-02 04:54:33,679 - INFO - Saved article: Kerala local body polls: Rebel trouble haunts UDF in its Kannur stronghold - The Hindu from The Hindu
2025-12-02 04:54:33,679 - INFO - Duplicate article skipped: Ludwig Minelli: Dignitas founder dies by assisted suicide aged 92, group says from BBC
2025-12-02 04:54:33,679 - INFO - Duplicate article skipped: Australia news live: Victoria’s ‘adult time for violent crime’ laws for children incompatible with human rights charter, attorney general admits | Australia news | The Guardian from The Guardian
2025-12-02 04:54:34,356 - INFO - [The Hindu] Article: https://www.thehindu.com/news/national/kerala/kerala-local-body-polls-cpim-plays-second-fiddle-to-kerala-congress-m-in-catholic-heartland/article70339081.ece
2025-12-02 04:54:34,357 - INFO - [The Hindu] Attempt 1/1: Trying with 'selenium_browser' strategy...
2025-12-02 04:54:34,407 - INFO - [BBC] Article: https://www.bbc.com/news/articles/cp34yk7z6yxo?at_medium=RSS&at_campaign=rss
2025-12-02 04:54:34,407 - INFO - [BBC] Attempt 1/1: Trying with 'requests_browser' strategy...
2025-12-02 04:54:34,448 - INFO - [BBC] Success with 'requests_browser'. Found content (713 words).
2025-12-02 04:54:34,487 - INFO - Duplicate article skipped: Hong Kong fire: Death toll rises to 146 as thousands pay their respects from BBC
2025-12-02 04:54:35,087 - INFO - [BBC] Article: https://www.bbc.com/news/articles/cp9ky5z2gx0o?at_medium=RSS&at_campaign=rss
2025-12-02 04:54:35,087 - INFO - [BBC] Attempt 1/1: Trying with 'requests_browser' strategy...
2025-12-02 04:54:35,146 - INFO - [BBC] Success with 'requests_browser'. Found content (508 words).
2025-12-02 04:54:35,168 - INFO - [The Guardian] Article: https://www.theguardian.com/australia-news/2025/dec/02/man-dies-bushfire-western-australian-farmer-ravensthorpe
2025-12-02 04:54:35,168 - INFO - [The Guardian] Attempt 1/1: Trying with 'requests_browser' strategy...
2025-12-02 04:54:35,189 - INFO - Duplicate article skipped: Ukraine hits tankers in Black Sea in escalation against Russia from BBC
2025-12-02 04:54:36,045 - INFO - [The Guardian] Success with 'requests_browser'. Found content (257 words).
2025-12-02 04:54:36,098 - INFO - Duplicate article skipped: Western Australian farmer dies trying to protect property from fast-moving bushfire | Western Australia | The Guardian from The Guardian
2025-12-02 04:54:36,686 - INFO - [The Guardian] Article: https://www.theguardian.com/australia-news/2025/dec/01/instagram-age-verification-u16-social-media-ban-australia-moustache
2025-12-02 04:54:36,687 - INFO - [The Guardian] Attempt 1/1: Trying with 'requests_browser' strategy...
2025-12-02 04:54:36,754 - INFO - [The Guardian] Success with 'requests_browser'. Found content (704 words).
2025-12-02 04:54:36,799 - INFO - [The Hindu] Page content loaded.
2025-12-02 04:54:36,822 - INFO - Duplicate article skipped: Instagram’s age-verification identified a moustachioed adult as over 16 – but how did it go with a 13-year-old? | Social media ban | The Guardian from The Guardian
2025-12-02 04:54:36,891 - INFO - [The Hindu] Success with 'selenium_browser'. Found content (484 words).
2025-12-02 04:54:38,320 - INFO - [The Guardian] Article: https://www.theguardian.com/australia-news/2025/dec/02/nsw-conto-halve-power-and-top-speed-of-ebikes-as-rider-dies-in-collision-with-garbage-truck
2025-12-02 04:54:38,320 - INFO - [The Guardian] Attempt 1/1: Trying with 'requests_browser' strategy...
2025-12-02 04:54:38,370 - INFO - [The Guardian] Success with 'requests_browser'. Found content (546 words).
2025-12-02 04:54:48,991 - INFO - DEDUPLICATION: Found match (Score: 0.79). Linking to Cluster ID: 3dbc343f-02ff-4de1-bab0-761263590206
2025-12-02 04:54:48,993 - INFO - Saved article: Kerala local body polls: CPI(M) plays second fiddle to Kerala Congress (M) in Catholic heartland - The Hindu from The Hindu
2025-12-02 04:54:48,993 - INFO - Duplicate article skipped: NSW considering plan to halve power and top speed of ebikes as rider dies in collision with garbage truck | New South Wales | The Guardian from The Guardian
2025-12-02 04:54:49,657 - INFO - [The Guardian] Article: https://www.theguardian.com/australia-news/2025/dec/02/scathing-jobs-for-mates-review-finds-appointments-to-government-boards-routinely-abused
2025-12-02 04:54:49,657 - INFO - [The Guardian] Attempt 1/1: Trying with 'requests_browser' strategy...
2025-12-02 04:54:49,824 - INFO - [The Guardian] Success with 'requests_browser'. Found content (704 words).
2025-12-02 04:54:49,875 - INFO - Duplicate article skipped: Scathing ‘jobs for mates’ review finds appointments to government boards routinely abused | Australian politics | The Guardian from The Guardian
2025-12-02 04:54:50,367 - INFO - [The Hindu] Article: https://www.thehindu.com/news/national/kerala/kerala-local-body-polls-will-sabarimala-present-a-golden-opportunity-for-congress-bjp/article70344819.ece
2025-12-02 04:54:50,367 - INFO - [The Hindu] Attempt 1/1: Trying with 'selenium_browser' strategy...
2025-12-02 04:54:51,033 - INFO - [The Hindu] Page content loaded.
2025-12-02 04:54:51,090 - INFO - [The Hindu] Success with 'selenium_browser'. Found content (640 words).
2025-12-02 04:55:02,684 - INFO - Saved article: Kerala local body polls: Will Sabarimala present a ‘golden’ opportunity for Congress, BJP? - The Hindu from The Hindu
2025-12-02 04:55:03,540 - INFO - [The Hindu] Article: https://www.thehindu.com/news/national/kerala/kerala-local-body-polls-from-content-creation-to-sentiment-analysis-its-ai-time-in-election-campaign/article70318282.ece
2025-12-02 04:55:03,540 - INFO - [The Hindu] Attempt 1/1: Trying with 'selenium_browser' strategy...
2025-12-02 04:55:04,515 - INFO - [The Hindu] Page content loaded.
2025-12-02 04:55:04,569 - INFO - [The Hindu] Success with 'selenium_browser'. Found content (511 words).
2025-12-02 04:55:16,835 - INFO - Saved article: Kerala local body polls: From content creation to sentiment analysis, it’s AI time in election campaign - The Hindu from The Hindu
2025-12-02 04:55:18,249 - INFO - [The Hindu] Article: https://www.thehindu.com/news/national/uttar-pradesh/maintaining-law-and-order-with-zero-tolerance-is-our-top-priority-says-up-cm-yogi/article70345677.ece
2025-12-02 04:55:18,249 - INFO - [The Hindu] Attempt 1/1: Trying with 'selenium_browser' strategy...
2025-12-02 04:55:19,264 - INFO - [The Hindu] Page content loaded.
2025-12-02 04:55:19,357 - INFO - [The Hindu] Success with 'selenium_browser'. Found content (292 words).
2025-12-02 04:55:19,447 - INFO - Duplicate article skipped: Maintaining law and order with zero tolerance is our top priority says U.P. CM Yogi - The Hindu from The Hindu
2025-12-02 04:55:20,596 - INFO - [The Hindu] Article: https://www.thehindu.com/news/national/ed-conducting-searches-under-fema-into-naresh-kumar-kejriwal/article70347972.ece
2025-12-02 04:55:20,597 - INFO - [The Hindu] Attempt 1/1: Trying with 'selenium_browser' strategy...
2025-12-02 04:55:21,333 - INFO - [The Hindu] Page content loaded.
2025-12-02 04:55:21,375 - INFO - [The Hindu] Success with 'selenium_browser'. Found content (142 words).
2025-12-02 04:55:21,425 - INFO - Duplicate article skipped: Enforcement Directorate conducting searches under FEMA into ‘suspected hawala operator’ - The Hindu from The Hindu
2025-12-02 04:55:22,719 - INFO - [The Hindu] Article: https://www.thehindu.com/news/national/maharashtra/maharashtra-cm-expresses-displeasure-over-the-last-minute-decision-to-postpone-elections-in-some-constituencies/article70347966.ece
2025-12-02 04:55:22,719 - INFO - [The Hindu] Attempt 1/1: Trying with 'selenium_browser' strategy...
2025-12-02 04:55:23,543 - INFO - [The Hindu] Page content loaded.
2025-12-02 04:55:23,615 - INFO - [The Hindu] Success with 'selenium_browser'. Found content (346 words).
2025-12-02 04:55:23,691 - INFO - Duplicate article skipped: Maharashtra CM expresses displeasure over the last-minute decision to postpone elections in some constituencies - The Hindu from The Hindu
2025-12-02 04:55:25,154 - INFO - [The Hindu] Article: https://www.thehindu.com/news/national/himachal-pradesh/congress-govts-rigorous-enforcement-of-pit-ndps-act-has-yielded-significant-results-in-combating-drug-menace-himachal-cm/article70345716.ece
2025-12-02 04:55:25,154 - INFO - [The Hindu] Attempt 1/1: Trying with 'selenium_browser' strategy...
2025-12-02 04:55:25,880 - INFO - [The Hindu] Page content loaded.
2025-12-02 04:55:25,923 - INFO - [The Hindu] Success with 'selenium_browser'. Found content (266 words).
2025-12-02 04:55:25,973 - INFO - Duplicate article skipped: Congress Govt’s rigorous enforcement of PIT-NDPS Act has yielded significant results in combating drug menace: Himachal CM - The Hindu from The Hindu
2025-12-02 04:55:27,376 - INFO - [The Hindu] Article: https://www.thehindu.com/news/national/maharashtra/maharashtra-municipal-council-nagar-panchayats-local-polls-updates-voting-december-2-2025/article70347916.ece
2025-12-02 04:55:27,376 - INFO - [The Hindu] Attempt 1/1: Trying with 'selenium_browser' strategy...
2025-12-02 04:55:28,187 - ERROR - [Times of India] Request failed for strategy 'selenium_browser' on URL https://timesofindia.indiatimes.com/world/us/cruel-inhumane-zohran-mamdani-slams-ice-raids-reveals-what-he-told-trump-when-he-met-him/articleshow/125708854.cms: HTTPConnectionPool(host='localhost', port=47333): Read timed out. (read timeout=120)
2025-12-02 04:55:28,188 - ERROR - [Times of India] All scrape strategies failed for https://timesofindia.indiatimes.com/world/us/cruel-inhumane-zohran-mamdani-slams-ice-raids-reveals-what-he-told-trump-when-he-met-him/articleshow/125708854.cms. Falling back to RSS description.
2025-12-02 04:55:28,376 - INFO - [The Hindu] Page content loaded.
2025-12-02 04:55:28,646 - INFO - [The Hindu] Success with 'selenium_browser'. Found content (484 words).
2025-12-02 04:55:40,430 - INFO - Saved article: ‘Cruel, inhumane’: Zohran Mamdani slams ICE raids; reveals what he told Trump when he met him from Times of India
2025-12-02 04:55:40,430 - INFO - Duplicate article skipped: Voting begins in 264 Municipal Councils and Nagar Panchayats in Maharashtra - The Hindu from The Hindu
2025-12-02 04:55:41,902 - INFO - [Times of India] Article: https://timesofindia.indiatimes.com/world/us/looks-like-the-ceo-shooter-911-call-by-mcdonalds-worker-played-during-luigi-mangione-hearing/articleshow/125707292.cms
2025-12-02 04:55:41,903 - INFO - [Times of India] Attempt 1/1: Trying with 'selenium_browser' strategy...
2025-12-02 04:55:41,904 - INFO - [The Hindu] Article: https://www.thehindu.com/news/national/madhya-pradesh/winter-session-of-mp-assembly-begins-with-protests-over-cough-syrup-tragedy-short-duration-of-session/article70346117.ece
2025-12-02 04:55:41,904 - INFO - [The Hindu] Attempt 1/1: Trying with 'selenium_browser' strategy...
2025-12-02 04:55:43,015 - INFO - [The Hindu] Page content loaded.
2025-12-02 04:55:43,092 - INFO - [The Hindu] Success with 'selenium_browser'. Found content (477 words).
2025-12-02 04:55:43,170 - INFO - Duplicate article skipped: Winter Session of M.P. Assembly begins with protests over cough syrup tragedy, short duration of session - The Hindu from The Hindu
2025-12-02 04:55:44,036 - INFO - [The Hindu] Article: https://www.thehindu.com/news/national/west-bengal/bjp-demands-audit-of-125-crore-entries-made-in-sir-across-three-days-in-west-bengal/article70346132.ece
2025-12-02 04:55:44,037 - INFO - [The Hindu] Attempt 1/1: Trying with 'selenium_browser' strategy...
2025-12-02 04:55:44,786 - INFO - [The Hindu] Page content loaded.
2025-12-02 04:55:44,830 - INFO - [The Hindu] Success with 'selenium_browser'. Found content (503 words).
2025-12-02 04:55:45,187 - INFO - Duplicate article skipped: BJP demands audit of 1.25 crore entries made in SIR across three days in West Bengal - The Hindu from The Hindu
2025-12-02 04:55:45,772 - INFO - [The Hindu] Article: https://www.thehindu.com/news/national/indian-armed-forces-to-procure-more-satellite-linked-heron-mk-ii-uavs-under-emergency-procurement/article70346863.ece
2025-12-02 04:55:45,773 - INFO - [The Hindu] Attempt 1/1: Trying with 'selenium_browser' strategy...
2025-12-02 04:55:46,499 - INFO - [The Hindu] Page content loaded.
2025-12-02 04:55:46,544 - INFO - [The Hindu] Success with 'selenium_browser'. Found content (392 words).
2025-12-02 04:55:46,594 - INFO - Duplicate article skipped: Indian armed forces to procure more satellite-linked Heron Mk II UAVs under emergency procurement - The Hindu from The Hindu
2025-12-02 04:55:47,655 - INFO - [The Hindu] Article: https://www.thehindu.com/opinion/op-ed/the-aiadmk-is-on-a-weak-footing/article70345464.ece
2025-12-02 04:55:47,656 - INFO - [The Hindu] Attempt 1/1: Trying with 'selenium_browser' strategy...
2025-12-02 04:55:48,411 - INFO - [The Hindu] Page content loaded.
2025-12-02 04:55:48,488 - INFO - [The Hindu] Success with 'selenium_browser'. Found content (740 words).
2025-12-02 04:55:48,571 - INFO - Duplicate article skipped: The AIADMK is on a weak footing - The Hindu from The Hindu
2025-12-02 04:55:49,275 - INFO - [The Hindu] Article: https://www.thehindu.com/news/national/madhya-pradesh/plea-in-indore-court-seeks-fir-against-ias-santosh-verma-over-controversial-remarks/article70346369.ece
2025-12-02 04:55:49,275 - INFO - [The Hindu] Attempt 1/1: Trying with 'selenium_browser' strategy...
2025-12-02 04:55:50,272 - INFO - [The Hindu] Page content loaded.
2025-12-02 04:55:50,350 - INFO - [The Hindu] Success with 'selenium_browser'. Found content (314 words).
2025-12-02 04:55:50,426 - INFO - Duplicate article skipped: Plea in Indore court seeks FIR against IAS Santosh Verma over controversial remarks - The Hindu from The Hindu
2025-12-02 04:55:51,869 - INFO - [The Hindu] Article: https://www.thehindu.com/news/national/haryana/manesar-violence-terminated-maruti-workers-petition-for-reinstatement-junked/article70347036.ece
2025-12-02 04:55:51,870 - INFO - [The Hindu] Attempt 1/1: Trying with 'selenium_browser' strategy...
2025-12-02 04:55:52,639 - INFO - [The Hindu] Page content loaded.
2025-12-02 04:55:52,717 - INFO - [The Hindu] Success with 'selenium_browser'. Found content (383 words).
2025-12-02 04:55:52,790 - INFO - Duplicate article skipped: Manesar violence: terminated Maruti worker’s petition for reinstatement junked - The Hindu from The Hindu
2025-12-02 04:55:53,423 - INFO - [The Hindu] Article: https://www.thehindu.com/news/national/karnataka/no-compromise-on-pourakarmika-rights-says-safai-karmachari-commission-chief/article70346157.ece
2025-12-02 04:55:53,424 - INFO - [The Hindu] Attempt 1/1: Trying with 'selenium_browser' strategy...
2025-12-02 04:55:54,151 - INFO - [The Hindu] Page content loaded.
2025-12-02 04:55:54,197 - INFO - [The Hindu] Success with 'selenium_browser'. Found content (134 words).
2025-12-02 04:55:54,255 - INFO - Duplicate article skipped: No compromise on pourakarmika rights, says Safai Karmachari Commission Chief - The Hindu from The Hindu
2025-12-02 04:55:54,924 - INFO - [The Hindu] Article: https://www.thehindu.com/news/national/karnataka/clear-e-khata-applications-quickly-gba-chief-tells-officials/article70346105.ece
2025-12-02 04:55:54,924 - INFO - [The Hindu] Attempt 1/1: Trying with 'selenium_browser' strategy...
2025-12-02 04:55:57,442 - INFO - [The Hindu] Page content loaded.
2025-12-02 04:55:57,629 - INFO - [The Hindu] Success with 'selenium_browser'. Found content (241 words).
2025-12-02 04:55:57,743 - INFO - Duplicate article skipped: Clear e-Khata applications quickly, GBA Chief tells officials - The Hindu from The Hindu
2025-12-02 04:55:59,124 - INFO - [The Hindu] (Thread) Finished. Attempting to shut down its Selenium driver.
2025-12-02 04:55:59,286 - INFO - [The Hindu] (Thread) driver.quit() successful.
2025-12-02 04:57:41,994 - ERROR - [Times of India] Request failed for strategy 'selenium_browser' on URL https://timesofindia.indiatimes.com/world/us/looks-like-the-ceo-shooter-911-call-by-mcdonalds-worker-played-during-luigi-mangione-hearing/articleshow/125707292.cms: HTTPConnectionPool(host='localhost', port=47333): Read timed out. (read timeout=120)
2025-12-02 04:57:41,994 - ERROR - [Times of India] All scrape strategies failed for https://timesofindia.indiatimes.com/world/us/looks-like-the-ceo-shooter-911-call-by-mcdonalds-worker-played-during-luigi-mangione-hearing/articleshow/125707292.cms. Falling back to RSS description.
2025-12-02 04:57:41,995 - INFO - Duplicate article skipped: ‘Looks like the CEO shooter’: 911 call by McDonald's worker played during Luigi Mangione hearing from Times of India
2025-12-02 04:57:43,339 - INFO - [Times of India] Article: https://timesofindia.indiatimes.com/world/us/tim-walz-accused-in-1bn-massive-fraud-minnesota-tax-used-for-terrorism-probe-launched/articleshow/125706998.cms
2025-12-02 04:57:43,339 - INFO - [Times of India] Attempt 1/1: Trying with 'selenium_browser' strategy...
2025-12-02 04:58:20,503 - CRITICAL - --- TIMEOUT: 1 scrape jobs did not complete in 300s. ---
2025-12-02 04:58:20,503 - ERROR - A thread has timed out and will be abandoned.
2025-12-02 04:58:20,503 - INFO - Shutting down thread pool (wait=False)...
2025-12-02 04:58:20,503 - INFO - Scraped: 0 The Guardian, 7 The Hindu, 0 BBC, 1 Timed_Out_Jobs articles. (Total saved: 7)
2025-12-02 04:58:20,504 - INFO - --- Scraping job finished ---
2025-12-02 04:58:20,504 - INFO - --- Scraper service stopped and database connection closed. ---
2025-12-02 04:58:20,504 - INFO - --- Main thread finished. Forcing process exit to kill zombie threads. ---
