2025-12-04 11:43:29,030 - INFO - Loading AI Semantic Model (all-MiniLM-L6-v2)...
2025-12-04 11:43:29,030 - INFO - Use pytorch device_name: cpu
2025-12-04 11:43:29,031 - INFO - Load pretrained SentenceTransformer: all-MiniLM-L6-v2
2025-12-04 11:43:29,505 - INFO - AI Model loaded successfully.
2025-12-04 11:43:29,505 - INFO - Initializing database connection at: news_articles.db
2025-12-04 11:43:29,505 - INFO - --- Scraper service started (CI Mode: Run Once) ---
2025-12-04 11:43:29,505 - INFO - --- Starting new scraping job (Parallel Mode) ---
2025-12-04 11:43:29,505 - INFO - Creating new robust session with 3 retries on 5xx/connection/read errors.
2025-12-04 11:43:29,505 - INFO - Proxy is DISABLED.
2025-12-04 11:43:29,506 - INFO - Starting scrape for BBC RSS feed: http://feeds.bbci.co.uk/news/world/rss.xml
2025-12-04 11:43:29,507 - INFO - [Times of India] (Thread) requires Selenium. Initializing driver...
2025-12-04 11:43:29,507 - INFO - Initializing headless Selenium Chrome driver (using SeleniumManager)...
2025-12-04 11:43:29,507 - INFO - Starting scrape for The Guardian RSS feed: https://www.theguardian.com/world/rss
2025-12-04 11:43:29,509 - INFO - [The Hindu] (Thread) requires Selenium. Initializing driver...
2025-12-04 11:43:29,509 - INFO - Initializing headless Selenium Chrome driver (using SeleniumManager)...
2025-12-04 11:43:29,510 - INFO - Submitted 4 jobs to thread pool. Waiting up to 300s for completion...
2025-12-04 11:43:29,589 - INFO - Found 45 articles in The Guardian RSS feed. Processing up to 20.
2025-12-04 11:43:29,589 - INFO - [The Guardian] Article: https://www.theguardian.com/world/2025/dec/04/us-eu-critical-minerals-project-drc-report-lobito-corridor
2025-12-04 11:43:29,589 - INFO - [The Guardian] Attempt 1/1: Trying with 'requests_browser' strategy...
2025-12-04 11:43:29,615 - INFO - [The Guardian] Success with 'requests_browser'. Found content (765 words).
2025-12-04 11:43:29,654 - INFO - Duplicate article skipped: US and EU critical minerals project could displace thousands in DR Congo – report | Democratic Republic of the Congo | The Guardian from The Guardian
2025-12-04 11:43:29,703 - INFO - Found 40 articles in BBC RSS feed. Processing up to 20.
2025-12-04 11:43:29,703 - INFO - [BBC] Article: https://www.bbc.com/news/articles/cj4q2vpggr9o?at_medium=RSS&at_campaign=rss
2025-12-04 11:43:29,703 - INFO - [BBC] Attempt 1/1: Trying with 'requests_browser' strategy...
2025-12-04 11:43:29,831 - INFO - [BBC] Success with 'requests_browser'. Found content (1434 words).
2025-12-04 11:43:29,869 - INFO - Duplicate article skipped: India-Russia: Why Putin and Modi are meeting in Delhi from BBC
2025-12-04 11:43:30,381 - INFO - [The Guardian] Article: https://www.theguardian.com/global-development/2025/dec/04/aid-cuts-africa-uganda-stops-refugee-status-eritreans-somalis-ethiopians
2025-12-04 11:43:30,381 - INFO - [The Guardian] Attempt 1/1: Trying with 'requests_browser' strategy...
2025-12-04 11:43:30,405 - INFO - [The Guardian] Success with 'requests_browser'. Found content (587 words).
2025-12-04 11:43:30,412 - INFO - [BBC] Article: https://www.bbc.com/news/articles/c7731n5z6d3o?at_medium=RSS&at_campaign=rss
2025-12-04 11:43:30,412 - INFO - [BBC] Attempt 1/1: Trying with 'requests_browser' strategy...
2025-12-04 11:43:30,444 - INFO - Duplicate article skipped: Uganda stops granting refugee status for Eritreans, Somalis and Ethiopians | Global development | The Guardian from The Guardian
2025-12-04 11:43:30,468 - INFO - [BBC] Success with 'requests_browser'. Found content (1075 words).
2025-12-04 11:43:30,505 - INFO - Duplicate article skipped: Ukraine and US negotiators to meet in Florida after Moscow talks, White House says from BBC
2025-12-04 11:43:31,691 - INFO - [The Guardian] Article: https://www.theguardian.com/artanddesign/2025/dec/04/ibrahim-mahama-ghana-tops-artreview-power-list
2025-12-04 11:43:31,692 - INFO - [The Guardian] Attempt 1/1: Trying with 'requests_browser' strategy...
2025-12-04 11:43:31,713 - INFO - [The Guardian] Success with 'requests_browser'. Found content (604 words).
2025-12-04 11:43:31,747 - INFO - Duplicate article skipped: Ghana’s Ibrahim Mahama first African to top annual art power list | Art | The Guardian from The Guardian
2025-12-04 11:43:31,789 - INFO - [BBC] Article: https://www.bbc.com/news/articles/c4g5rrlve33o?at_medium=RSS&at_campaign=rss
2025-12-04 11:43:31,789 - INFO - [BBC] Attempt 1/1: Trying with 'requests_browser' strategy...
2025-12-04 11:43:31,819 - INFO - [BBC] Success with 'requests_browser'. Found content (913 words).
2025-12-04 11:43:31,856 - INFO - Duplicate article skipped: Previously unseen images of Jeffrey Epstein's island released from BBC
2025-12-04 11:43:32,349 - INFO - [The Guardian] Article: https://www.theguardian.com/uk-news/2025/dec/03/british-troops-accused-of-human-rights-violations-environmental-destruction-and-sexual-abuse-in-kenya
2025-12-04 11:43:32,350 - INFO - [The Guardian] Attempt 1/1: Trying with 'requests_browser' strategy...
2025-12-04 11:43:32,383 - INFO - [The Guardian] Success with 'requests_browser'. Found content (772 words).
2025-12-04 11:43:32,578 - INFO - Duplicate article skipped: British troops accused of human rights violations and sexual abuse in Kenya | British army | The Guardian from The Guardian
2025-12-04 11:43:32,905 - INFO - [BBC] Article: https://www.bbc.com/news/articles/cp84y7jx2pzo?at_medium=RSS&at_campaign=rss
2025-12-04 11:43:32,905 - INFO - [BBC] Attempt 1/1: Trying with 'requests_browser' strategy...
2025-12-04 11:43:32,931 - INFO - [BBC] Success with 'requests_browser'. Found content (357 words).
2025-12-04 11:43:32,965 - INFO - Duplicate article skipped: South Korea: Government developing app showing real-time location of stalkers from BBC
2025-12-04 11:43:33,376 - INFO - [The Guardian] Article: https://www.theguardian.com/global-development/2025/dec/03/whistleblower-accuses-foreign-office-of-censoring-warning-of-sudan-genocide
2025-12-04 11:43:33,377 - INFO - [The Guardian] Attempt 1/1: Trying with 'requests_browser' strategy...
2025-12-04 11:43:33,484 - INFO - [The Guardian] Success with 'requests_browser'. Found content (1465 words).
2025-12-04 11:43:33,530 - INFO - Duplicate article skipped: Whistleblower accuses Foreign Office of ‘censoring’ warning of Sudan genocide | Global development | The Guardian from The Guardian
2025-12-04 11:43:33,894 - INFO - [BBC] Article: https://www.bbc.com/news/articles/cd6x2j4g3z7o?at_medium=RSS&at_campaign=rss
2025-12-04 11:43:33,895 - INFO - [BBC] Attempt 1/1: Trying with 'requests_browser' strategy...
2025-12-04 11:43:33,928 - INFO - [BBC] Success with 'requests_browser'. Found content (694 words).
2025-12-04 11:43:33,963 - INFO - Duplicate article skipped: Israel says Palestinian groups returned body of Thai hostage from BBC
2025-12-04 11:43:34,705 - INFO - [BBC] Article: https://www.bbc.com/news/articles/cdxekqryn1jo?at_medium=RSS&at_campaign=rss
2025-12-04 11:43:34,706 - INFO - [BBC] Attempt 1/1: Trying with 'requests_browser' strategy...
2025-12-04 11:43:34,733 - INFO - [BBC] Success with 'requests_browser'. Found content (720 words).
2025-12-04 11:43:34,769 - INFO - Duplicate article skipped: Meta starts kicking Australian children off Instagram and Facebook from BBC
2025-12-04 11:43:34,782 - INFO - [The Guardian] Article: https://www.theguardian.com/us-news/2025/dec/03/epstein-caribbean-island-new-photo-video-release
2025-12-04 11:43:34,782 - INFO - [The Guardian] Attempt 1/1: Trying with 'requests_browser' strategy...
2025-12-04 11:43:34,993 - INFO - [The Guardian] Success with 'requests_browser'. Found content (373 words).
2025-12-04 11:43:35,033 - INFO - Duplicate article skipped: House Democrats release new images of Epstein’s private Caribbean island | Jeffrey Epstein | The Guardian from The Guardian
2025-12-04 11:43:35,548 - INFO - [BBC] Article: https://www.bbc.com/news/articles/c5y9843engko?at_medium=RSS&at_campaign=rss
2025-12-04 11:43:35,548 - INFO - [BBC] Attempt 1/1: Trying with 'requests_browser' strategy...
2025-12-04 11:43:35,575 - INFO - [BBC] Success with 'requests_browser'. Found content (445 words).
2025-12-04 11:43:35,610 - INFO - Duplicate article skipped: Pritam Singh: Singapore court upholds opposition leader's conviction from BBC
2025-12-04 11:43:36,210 - INFO - [The Guardian] Article: https://www.theguardian.com/world/2025/dec/03/colombia-trump-warning-military-threat
2025-12-04 11:43:36,210 - INFO - [The Guardian] Attempt 1/1: Trying with 'requests_browser' strategy...
2025-12-04 11:43:36,234 - INFO - [The Guardian] Success with 'requests_browser'. Found content (612 words).
2025-12-04 11:43:36,272 - INFO - Duplicate article skipped: Colombia’s president warns Trump: ‘Do not wake the jaguar’ with threats of military strikes | Colombia | The Guardian from The Guardian
2025-12-04 11:43:36,336 - INFO - [BBC] Article: https://www.bbc.com/news/articles/cjrjn88jqn4o?at_medium=RSS&at_campaign=rss
2025-12-04 11:43:36,336 - INFO - [BBC] Attempt 1/1: Trying with 'requests_browser' strategy...
2025-12-04 11:43:36,376 - INFO - [BBC] Success with 'requests_browser'. Found content (853 words).
2025-12-04 11:43:36,416 - INFO - Duplicate article skipped: Trump to host DR Congo's Félix Tshisekedi and Rwanda's Paul Kagame to sign peace deal from BBC
2025-12-04 11:43:36,972 - INFO - [The Guardian] Article: https://www.theguardian.com/us-news/live/2025/dec/02/donald-trump-pete-hegseth-boat-venezuela-maduro-tennessee-us-politics-live-news-updates
2025-12-04 11:43:36,972 - INFO - [The Guardian] Attempt 1/1: Trying with 'requests_browser' strategy...
2025-12-04 11:43:37,248 - INFO - [The Guardian] Success with 'requests_browser'. Found content (4155 words).
2025-12-04 11:43:37,346 - INFO - Duplicate article skipped: Pete Hegseth says he ‘didn’t stick around’ to watch second strike on alleged drug boat as Democrats slam administration over attacks – as it happened | Trump administration | The Guardian from The Guardian
2025-12-04 11:43:37,587 - INFO - Selenium driver initialized successfully.
2025-12-04 11:43:37,587 - INFO - Starting scrape for Times of India RSS feed: https://timesofindia.indiatimes.com/rssfeeds/296589292.cms
2025-12-04 11:43:37,588 - INFO - Selenium driver initialized successfully.
2025-12-04 11:43:37,588 - INFO - Starting scrape for The Hindu RSS feed: https://www.thehindu.com/news/national/feeder/default.rss
2025-12-04 11:43:37,673 - INFO - Found 100 articles in The Hindu RSS feed. Processing up to 20.
2025-12-04 11:43:37,673 - INFO - [The Hindu] Article: https://www.thehindu.com/news/national/andhra-pradesh/student-unions-in-prakasam-district-protest-to-press-10-demands/article70357463.ece
2025-12-04 11:43:37,673 - INFO - [The Hindu] Attempt 1/1: Trying with 'selenium_browser' strategy...
2025-12-04 11:43:37,764 - INFO - Found 20 articles in Times of India RSS feed. Processing up to 20.
2025-12-04 11:43:37,764 - INFO - [Times of India] Article: https://timesofindia.indiatimes.com/world/middle-east/uae-organizes-mass-wedding-for-gaza-couples-on-54th-union-day-all-you-need-to-know/articleshow/125763996.cms
2025-12-04 11:43:37,764 - INFO - [Times of India] Attempt 1/1: Trying with 'selenium_browser' strategy...
2025-12-04 11:43:37,901 - INFO - [BBC] Article: https://www.bbc.com/news/articles/c8dy1613j2ro?at_medium=RSS&at_campaign=rss
2025-12-04 11:43:37,901 - INFO - [BBC] Attempt 1/1: Trying with 'requests_browser' strategy...
2025-12-04 11:43:37,942 - INFO - [BBC] Success with 'requests_browser'. Found content (876 words).
2025-12-04 11:43:37,996 - INFO - Duplicate article skipped: 'Not becoming of a president': Somali-Americans respond to Trump's 'garbage' remarks from BBC
2025-12-04 11:43:38,384 - INFO - [The Guardian] Article: https://www.theguardian.com/world/2025/dec/02/trump-intervention-honduras-presidential-vote-count-stalls-nasry-asfura
2025-12-04 11:43:38,384 - INFO - [The Guardian] Attempt 1/1: Trying with 'requests_browser' strategy...
2025-12-04 11:43:38,412 - INFO - [The Guardian] Success with 'requests_browser'. Found content (945 words).
2025-12-04 11:43:38,457 - INFO - Duplicate article skipped: Trump frees ex-Honduran president from prison as country awaits knife-edge election result | Honduras | The Guardian from The Guardian
2025-12-04 11:43:39,256 - INFO - [BBC] Article: https://www.bbc.com/news/articles/cqjg7w8z7dvo?at_medium=RSS&at_campaign=rss
2025-12-04 11:43:39,256 - INFO - [BBC] Attempt 1/1: Trying with 'requests_browser' strategy...
2025-12-04 11:43:39,291 - INFO - [BBC] Success with 'requests_browser'. Found content (387 words).
2025-12-04 11:43:39,354 - INFO - Duplicate article skipped: Court sides with Adidas in appeal over Kanye West collaboration from BBC
2025-12-04 11:43:39,553 - INFO - [The Guardian] Article: https://www.theguardian.com/us-news/2025/dec/02/pete-hegseth-franklin-the-turtle
2025-12-04 11:43:39,553 - INFO - [The Guardian] Attempt 1/1: Trying with 'requests_browser' strategy...
2025-12-04 11:43:39,679 - INFO - [The Guardian] Success with 'requests_browser'. Found content (438 words).
2025-12-04 11:43:39,748 - INFO - Duplicate article skipped: Publisher condemns ‘violent’ use of Franklin the Turtle after Hegseth’s boat strike post | Pete Hegseth | The Guardian from The Guardian
2025-12-04 11:43:40,529 - INFO - [BBC] Article: https://www.bbc.com/news/articles/cm2054rdv52o?at_medium=RSS&at_campaign=rss
2025-12-04 11:43:40,529 - INFO - [BBC] Attempt 1/1: Trying with 'requests_browser' strategy...
2025-12-04 11:43:40,682 - INFO - [BBC] Success with 'requests_browser'. Found content (1064 words).
2025-12-04 11:43:40,816 - INFO - Duplicate article skipped: Hong Kong fire survivor: 'My heart breaks every time I'm called a hero' from BBC
2025-12-04 11:43:41,189 - INFO - [The Guardian] Article: https://www.theguardian.com/world/2025/dec/04/thailand-scam-cyberscam-crackdown-arrests-south-east-asia
2025-12-04 11:43:41,189 - INFO - [The Guardian] Attempt 1/1: Trying with 'requests_browser' strategy...
2025-12-04 11:43:41,239 - INFO - [The Guardian] Success with 'requests_browser'. Found content (575 words).
2025-12-04 11:43:41,964 - INFO - [BBC] Article: https://www.bbc.com/news/articles/cnv21m0zpjmo?at_medium=RSS&at_campaign=rss
2025-12-04 11:43:41,964 - INFO - [BBC] Attempt 1/1: Trying with 'requests_browser' strategy...
2025-12-04 11:43:41,992 - INFO - Duplicate article skipped: Thailand seizes more than $300m in assets and issues 42 arrest warrants in cyberscam crackdown | Thailand | The Guardian from The Guardian
2025-12-04 11:43:42,064 - INFO - [BBC] Success with 'requests_browser'. Found content (270 words).
2025-12-04 11:43:42,391 - INFO - Duplicate article skipped: Gaza: Five killed in Israeli air strikes on tents near Khan Younis, medics say from BBC
2025-12-04 11:43:42,912 - INFO - [The Hindu] Page content loaded.
2025-12-04 11:43:43,059 - INFO - [The Hindu] Success with 'selenium_browser'. Found content (195 words).
2025-12-04 11:43:43,098 - INFO - [The Guardian] Article: https://www.theguardian.com/news/2025/dec/04/hong-kong-fire-death-toll-protective-netting-remove
2025-12-04 11:43:43,098 - INFO - [The Guardian] Attempt 1/1: Trying with 'requests_browser' strategy...
2025-12-04 11:43:43,264 - INFO - [The Guardian] Success with 'requests_browser'. Found content (689 words).
2025-12-04 11:43:43,550 - INFO - [BBC] Article: https://www.bbc.com/news/articles/cpwk7xen544o?at_medium=RSS&at_campaign=rss
2025-12-04 11:43:43,550 - INFO - [BBC] Attempt 1/1: Trying with 'requests_browser' strategy...
2025-12-04 11:43:43,743 - INFO - [BBC] Success with 'requests_browser'. Found content (668 words).
2025-12-04 11:43:51,677 - INFO - [Times of India] Page content loaded.
2025-12-04 11:43:52,698 - INFO - [Times of India] Success with 'selenium_browser'. Found content (754 words).
2025-12-04 11:44:06,362 - INFO - Saved article: Student unions in Prakasam district protest to press 10 demands - The Hindu from The Hindu
2025-12-04 11:44:06,362 - INFO - Duplicate article skipped: Hong Kong warns ‘external forces’ working to exploit apartment fire, as death toll rises to 159 | Hong Kong apartment fires | The Guardian from The Guardian
2025-12-04 11:44:06,362 - INFO - Duplicate article skipped: Israel says Rafah crossing to open soon to let Gazans leave via Egypt from BBC
2025-12-04 11:44:07,271 - INFO - [BBC] Article: https://www.bbc.com/news/articles/c2lvzrve5lqo?at_medium=RSS&at_campaign=rss
2025-12-04 11:44:07,271 - INFO - [BBC] Attempt 1/1: Trying with 'requests_browser' strategy...
2025-12-04 11:44:07,312 - INFO - [BBC] Success with 'requests_browser'. Found content (371 words).
2025-12-04 11:44:07,525 - INFO - [The Guardian] Article: https://www.theguardian.com/world/2025/dec/03/eu-strategy-raw-materials-rare-earths-supply-chain-resourceeu
2025-12-04 11:44:07,525 - INFO - [The Guardian] Attempt 1/1: Trying with 'requests_browser' strategy...
2025-12-04 11:44:07,571 - INFO - [The Guardian] Success with 'requests_browser'. Found content (725 words).
2025-12-04 11:44:07,799 - INFO - [The Hindu] Article: https://www.thehindu.com/news/national/india-seeks-bigger-slice-of-chinas-expanding-tea-market-at-buyer-seller-meet/article70357381.ece
2025-12-04 11:44:07,799 - INFO - [The Hindu] Attempt 1/1: Trying with 'selenium_browser' strategy...
2025-12-04 11:44:10,356 - INFO - [The Hindu] Page content loaded.
2025-12-04 11:44:10,468 - INFO - [The Hindu] Success with 'selenium_browser'. Found content (408 words).
2025-12-04 11:44:21,719 - INFO - Saved article: UAE organizes mass wedding for Gaza couples on 54th Union Day: All you need to know | World News - The Times of India from Times of India
2025-12-04 11:44:21,719 - INFO - Duplicate article skipped: Federica Mogherini: Former EU top diplomat accused in fraud investigation from BBC
2025-12-04 11:44:21,719 - INFO - Duplicate article skipped: EU looks at legally forcing industries to reduce purchases from China | Mining | The Guardian from The Guardian
2025-12-04 11:44:22,323 - INFO - [Times of India] Article: https://timesofindia.indiatimes.com/world/middle-east/oman-muscat-municipality-and-astronomical-society-host-stargazing-in-south-mabela-on-4-december/articleshow/125765319.cms
2025-12-04 11:44:22,324 - INFO - [Times of India] Attempt 1/1: Trying with 'selenium_browser' strategy...
2025-12-04 11:44:22,326 - INFO - [BBC] Article: https://www.bbc.com/news/articles/cy8jnxxm70jo?at_medium=RSS&at_campaign=rss
2025-12-04 11:44:22,326 - INFO - [BBC] Attempt 1/1: Trying with 'requests_browser' strategy...
2025-12-04 11:44:22,371 - INFO - [BBC] Success with 'requests_browser'. Found content (247 words).
2025-12-04 11:44:22,858 - INFO - [The Guardian] Article: https://www.theguardian.com/business/2025/dec/03/hsbc-appoints-interim-chair-brendan-nelson-to-permanent-role
2025-12-04 11:44:22,858 - INFO - [The Guardian] Attempt 1/1: Trying with 'requests_browser' strategy...
2025-12-04 11:44:22,979 - INFO - [The Guardian] Success with 'requests_browser'. Found content (605 words).
2025-12-04 11:44:25,138 - INFO - [Times of India] Page content loaded.
2025-12-04 11:44:25,438 - INFO - [Times of India] Success with 'selenium_browser'. Found content (373 words).
2025-12-04 11:44:38,524 - INFO - Saved article: India seeks bigger slice of China's expanding tea market at buyer-seller meet - The Hindu from The Hindu
2025-12-04 11:44:38,524 - INFO - Duplicate article skipped: Drunk raccoon found passed out on liquor store floor after breaking in from BBC
2025-12-04 11:44:38,525 - INFO - Duplicate article skipped: HSBC appoints interim chair Brendan Nelson to permanent role | HSBC | The Guardian from The Guardian
2025-12-04 11:44:39,293 - INFO - [The Guardian] Article: https://www.theguardian.com/world/2025/dec/03/search-for-malaysia-airline-flight-mh370-to-resume-over-11-years-after-plane-went-missing
2025-12-04 11:44:39,294 - INFO - [The Guardian] Attempt 1/1: Trying with 'requests_browser' strategy...
2025-12-04 11:44:39,346 - INFO - [The Guardian] Success with 'requests_browser'. Found content (851 words).
2025-12-04 11:44:39,914 - INFO - [The Hindu] Article: https://www.thehindu.com/news/national/andhra-pradesh/man-gets-life-imprisonment-for-sexually-assaulting-girl-on-train/article70356483.ece
2025-12-04 11:44:39,914 - INFO - [The Hindu] Attempt 1/1: Trying with 'selenium_browser' strategy...
2025-12-04 11:44:40,005 - INFO - [BBC] Article: https://www.bbc.com/news/articles/cvgq5dvygllo?at_medium=RSS&at_campaign=rss
2025-12-04 11:44:40,005 - INFO - [BBC] Attempt 1/1: Trying with 'requests_browser' strategy...
2025-12-04 11:44:40,070 - INFO - [BBC] Success with 'requests_browser'. Found content (1030 words).
2025-12-04 11:44:41,588 - INFO - [The Hindu] Page content loaded.
2025-12-04 11:44:41,932 - INFO - [The Hindu] Success with 'selenium_browser'. Found content (271 words).
2025-12-04 11:44:55,038 - INFO - Saved article: Oman: Muscat Municipality and astronomical society host stargazing in South Mabela on 4 December | World News - The Times of India from Times of India
2025-12-04 11:44:55,038 - INFO - Duplicate article skipped: Malaysia Airlines flight MH370 search to resume 11 years after jet went missing | Malaysia Airlines flight MH370 | The Guardian from The Guardian
2025-12-04 11:44:55,038 - INFO - Duplicate article skipped: Kenyan MPs accuse British soldiers from Batuk of sexual abuse in Laikipia from BBC
2025-12-04 11:44:55,642 - INFO - [Times of India] Article: https://timesofindia.indiatimes.com/world/china/6-2-magnitude-earthquake-jolts-chinas-xinjiang-region-no-casualties-reported/articleshow/125765610.cms
2025-12-04 11:44:55,642 - INFO - [Times of India] Attempt 1/1: Trying with 'selenium_browser' strategy...
2025-12-04 11:44:55,655 - INFO - [The Guardian] Article: https://www.theguardian.com/australia-news/2025/dec/04/ndis-participants-will-have-no-external-avenue-to-appeal-funding-amounts-under-new-system-senate-estimates-told
2025-12-04 11:44:55,655 - INFO - [The Guardian] Attempt 1/1: Trying with 'requests_browser' strategy...
2025-12-04 11:44:55,717 - INFO - [The Guardian] Success with 'requests_browser'. Found content (674 words).
2025-12-04 11:44:56,097 - INFO - [BBC] Article: https://www.bbc.com/news/articles/c1m8g5x1xmko?at_medium=RSS&at_campaign=rss
2025-12-04 11:44:56,097 - INFO - [BBC] Attempt 1/1: Trying with 'requests_browser' strategy...
2025-12-04 11:44:56,143 - INFO - [BBC] Success with 'requests_browser'. Found content (308 words).
2025-12-04 11:44:56,961 - INFO - [Times of India] Page content loaded.
2025-12-04 11:44:57,140 - INFO - [Times of India] Success with 'selenium_browser'. Found content (169 words).
2025-12-04 11:45:11,831 - INFO - Saved article: Man gets life imprisonment for sexually assaulting girl on train - The Hindu from The Hindu
2025-12-04 11:45:11,832 - INFO - Duplicate article skipped: Most NDIS participants will lose external avenue to appeal funding amounts under new system, Senate estimates told | National disability insurance scheme | The Guardian from The Guardian
2025-12-04 11:45:11,832 - INFO - Duplicate article skipped: Three French teens drown in freak car crash in swimming pool from BBC
2025-12-04 11:45:12,380 - INFO - [The Hindu] Article: https://www.thehindu.com/news/national/healthsecurity-senationalsecuritywhy-doescentrewant-to-levycesson-tobacco/article70357360.ece
2025-12-04 11:45:12,380 - INFO - [The Hindu] Attempt 1/1: Trying with 'selenium_browser' strategy...
2025-12-04 11:45:12,462 - INFO - [The Guardian] Article: https://www.theguardian.com/australia-news/live/2025/dec/04/australia-news-live-senate-estimates-national-fiscal-outlook-labor-coalition-cost-of-living-victoria-public-service-cuts-ntwnfb
2025-12-04 11:45:12,462 - INFO - [The Guardian] Attempt 1/1: Trying with 'requests_browser' strategy...
2025-12-04 11:45:12,656 - INFO - [The Guardian] Success with 'requests_browser'. Found content (2715 words).
2025-12-04 11:45:13,259 - INFO - [BBC] Article: https://www.bbc.com/news/articles/c62v9z7z1z2o?at_medium=RSS&at_campaign=rss
2025-12-04 11:45:13,259 - INFO - [BBC] Attempt 1/1: Trying with 'requests_browser' strategy...
2025-12-04 11:45:13,304 - INFO - [BBC] Success with 'requests_browser'. Found content (485 words).
2025-12-04 11:45:13,834 - INFO - [The Hindu] Page content loaded.
2025-12-04 11:45:14,053 - INFO - [The Hindu] Success with 'selenium_browser'. Found content (839 words).
2025-12-04 11:45:26,845 - INFO - Saved article: 6.2 magnitude earthquake jolts China’s Xinjiang region; no casualties reported - The Times of India from Times of India
2025-12-04 11:45:26,845 - INFO - Duplicate article skipped: Marles says Labor ‘working through’ Trump administration’s Aukus review – as it happened | Australia news | The Guardian from The Guardian
2025-12-04 11:45:26,845 - INFO - Duplicate article skipped: Henry Cuellar: Trump says he is pardoning Democratic congressman in bribery case from BBC
2025-12-04 11:45:27,873 - INFO - [Times of India] Article: https://timesofindia.indiatimes.com/world/us/trump-garbage-row-why-there-are-80000-somali-immigrants-in-minnesota/articleshow/125765535.cms
2025-12-04 11:45:27,873 - INFO - [Times of India] Attempt 1/1: Trying with 'selenium_browser' strategy...
2025-12-04 11:45:28,218 - INFO - [BBC] Article: https://www.bbc.com/news/articles/c62lv79p0pdo?at_medium=RSS&at_campaign=rss
2025-12-04 11:45:28,218 - INFO - [BBC] Attempt 1/1: Trying with 'requests_browser' strategy...
2025-12-04 11:45:28,306 - INFO - [BBC] Success with 'requests_browser'. Found content (482 words).
2025-12-04 11:45:28,307 - INFO - [The Guardian] Article: https://www.theguardian.com/australia-news/2025/dec/04/giant-esky-australias-first-indoor-snow-resort-planned-for-western-sydney-gets-chinese-backing
2025-12-04 11:45:28,314 - INFO - [The Guardian] Attempt 1/1: Trying with 'requests_browser' strategy...
2025-12-04 11:45:28,549 - INFO - [The Guardian] Success with 'requests_browser'. Found content (353 words).
2025-12-04 11:45:30,501 - INFO - [Times of India] Page content loaded.
2025-12-04 11:45:30,732 - INFO - [Times of India] Success with 'selenium_browser'. Found content (818 words).
2025-12-04 11:45:43,948 - INFO - DEDUPLICATION: Found match (Score: 0.84). Linking to Cluster ID: c8b40df1-cf8d-4c4d-acef-9b0a7f553df9
2025-12-04 11:45:43,949 - INFO - Saved article: Health security se National security: Why does Centre want to levy cess on tobacco? - The Hindu from The Hindu
2025-12-04 11:45:43,950 - INFO - Duplicate article skipped: Hong Kong orders removal of scaffolding mesh after deadly blaze from BBC
2025-12-04 11:45:43,950 - INFO - Duplicate article skipped: ‘Giant Esky’: Australia’s first indoor snow resort planned for western Sydney gets Chinese backing | Sydney | The Guardian from The Guardian
2025-12-04 11:45:43,950 - INFO - Duplicate article skipped: Trump Garbage Row: Why there are 80,000 Somali immigrants in Minnesota | World News - The Times of India from Times of India
2025-12-04 11:45:44,961 - INFO - [BBC] Article: https://www.bbc.com/news/articles/c8dy1613j2ro?at_medium=RSS&at_campaign=rss
2025-12-04 11:45:44,961 - INFO - [BBC] Attempt 1/1: Trying with 'requests_browser' strategy...
2025-12-04 11:45:44,964 - INFO - [Times of India] Article: https://timesofindia.indiatimes.com/world/uk/explained-why-uk-universities-are-saying-no-to-pakistani-and-bangaldeshi-students/articleshow/125764326.cms
2025-12-04 11:45:44,964 - INFO - [Times of India] Attempt 1/1: Trying with 'selenium_browser' strategy...
2025-12-04 11:45:44,998 - INFO - [BBC] Success with 'requests_browser'. Found content (876 words).
2025-12-04 11:45:45,045 - INFO - Duplicate article skipped: 'Not becoming of a president': Somali-Americans respond to Trump's 'garbage' remarks from BBC
2025-12-04 11:45:45,292 - INFO - [The Guardian] Article: https://www.theguardian.com/australia-news/2025/dec/04/sydney-drivers-stuck-in-busy-tunnel-for-up-to-four-hours-amid-fears-of-shockcrete-roof-collapse
2025-12-04 11:45:45,292 - INFO - [The Guardian] Attempt 1/1: Trying with 'requests_browser' strategy...
2025-12-04 11:45:45,321 - INFO - [The Guardian] Success with 'requests_browser'. Found content (579 words).
2025-12-04 11:45:45,351 - INFO - [The Hindu] Article: https://www.thehindu.com/news/national/punjab/punjab-has-maximum-cases-of-human-trafficking-jaishankar-in-rajya-sabha/article70357379.ece
2025-12-04 11:45:45,351 - INFO - [The Hindu] Attempt 1/1: Trying with 'selenium_browser' strategy...
2025-12-04 11:45:45,379 - INFO - Duplicate article skipped: Sydney drivers stuck in busy tunnel for up to four hours amid fears of ‘shotcrete’ roof collapse | Sydney | The Guardian from The Guardian
2025-12-04 11:45:45,970 - INFO - [The Guardian] Article: https://www.theguardian.com/australia-news/2025/dec/04/man-pleads-not-guilty-over-allegedly-projecting-pro-palestine-messages-on-sydney-opera-house-forecourt-ntwnfb
2025-12-04 11:45:45,970 - INFO - [The Guardian] Attempt 1/1: Trying with 'requests_browser' strategy...
2025-12-04 11:45:46,048 - INFO - [The Guardian] Success with 'requests_browser'. Found content (629 words).
2025-12-04 11:45:46,139 - INFO - Duplicate article skipped: Man pleads not guilty over allegedly projecting pro-Palestine messages on Sydney Opera House forecourt | New South Wales | The Guardian from The Guardian
2025-12-04 11:45:46,863 - INFO - [Times of India] Page content loaded.
2025-12-04 11:45:46,879 - INFO - [The Hindu] Page content loaded.
2025-12-04 11:45:46,977 - INFO - [The Hindu] Success with 'selenium_browser'. Found content (259 words).
2025-12-04 11:45:47,088 - INFO - Duplicate article skipped: Punjab has maximum cases of human trafficking: Jaishankar in Rajya Sabha - The Hindu from The Hindu
2025-12-04 11:45:47,123 - INFO - [Times of India] Success with 'selenium_browser'. Found content (1016 words).
2025-12-04 11:45:47,237 - INFO - Duplicate article skipped: Explained: Why UK universities are saying no students from Pakistan and Bangladesh | World News - The Times of India from Times of India
2025-12-04 11:45:47,846 - INFO - [The Hindu] Article: https://www.thehindu.com/news/national/karnataka/shivamogga-mp-by-raghavendra-highlights-plight-of-areca-growers-in-parliament-seeks-centres-intervention/article70357223.ece
2025-12-04 11:45:47,846 - INFO - [The Hindu] Attempt 1/1: Trying with 'selenium_browser' strategy...
2025-12-04 11:45:48,099 - INFO - [Times of India] Article: https://timesofindia.indiatimes.com/world/middle-east/uae-abu-dhabi-launches-ai-scholarship-for-undergraduate-students-at-mbzuai/articleshow/125763909.cms
2025-12-04 11:45:48,099 - INFO - [Times of India] Attempt 1/1: Trying with 'selenium_browser' strategy...
2025-12-04 11:45:49,987 - INFO - [Times of India] Page content loaded.
2025-12-04 11:45:50,138 - INFO - [Times of India] Success with 'selenium_browser'. Found content (354 words).
2025-12-04 11:45:50,787 - INFO - Duplicate article skipped: UAE: Abu Dhabi launches AI scholarship for undergraduate students at MBZUAI | World News - The Times of India from Times of India
2025-12-04 11:45:51,125 - INFO - [The Hindu] Page content loaded.
2025-12-04 11:45:51,202 - INFO - [The Hindu] Success with 'selenium_browser'. Found content (197 words).
2025-12-04 11:45:51,271 - INFO - Duplicate article skipped: Shivamogga MP highlights plight of areca growers in Parliament - The Hindu from The Hindu
2025-12-04 11:45:51,376 - INFO - [Times of India] Article: https://timesofindia.indiatimes.com/world/us/shouldnt-be-next-president-halle-berry-blasts-gavin-newsom-over-menopause-bill-says-he-overlooks-women/articleshow/125761924.cms
2025-12-04 11:45:51,376 - INFO - [Times of India] Attempt 1/1: Trying with 'selenium_browser' strategy...
2025-12-04 11:45:52,219 - INFO - [The Hindu] Article: https://www.thehindu.com/news/national/kerala/ldf-being-challenged-by-udf-bjp-in-vaduthala-east-its-bastion-for-nearly-half-a-century/article70357301.ece
2025-12-04 11:45:52,219 - INFO - [The Hindu] Attempt 1/1: Trying with 'selenium_browser' strategy...
2025-12-04 11:45:52,666 - INFO - [Times of India] Page content loaded.
2025-12-04 11:45:52,809 - INFO - [Times of India] Success with 'selenium_browser'. Found content (345 words).
2025-12-04 11:45:52,915 - INFO - Duplicate article skipped: ‘Shouldn’t be next president’: Halle Berry blasts Gavin Newsom over menopause bill, says he overlooks women - The Times of India from Times of India
2025-12-04 11:45:53,116 - INFO - [The Hindu] Page content loaded.
2025-12-04 11:45:53,321 - INFO - [The Hindu] Success with 'selenium_browser'. Found content (517 words).
2025-12-04 11:45:53,430 - INFO - Duplicate article skipped: LDF being challenged by UDF, BJP in Vaduthala East, its bastion for nearly half a century - The Hindu from The Hindu
2025-12-04 11:45:54,032 - INFO - [Times of India] Article: https://timesofindia.indiatimes.com/world/us/greatest-scandals-of-all-time-scott-bessent-rips-nyt-for-alleged-trumps-fake-health-report-publication-hits-back/articleshow/125756260.cms
2025-12-04 11:45:54,032 - INFO - [Times of India] Attempt 1/1: Trying with 'selenium_browser' strategy...
2025-12-04 11:45:54,540 - INFO - [The Hindu] Article: https://www.thehindu.com/news/national/andhra-pradesh/seil-energy-to-set-up-hospital-in-nellore-under-csr-initiative/article70357314.ece
2025-12-04 11:45:54,540 - INFO - [The Hindu] Attempt 1/1: Trying with 'selenium_browser' strategy...
2025-12-04 11:45:55,027 - INFO - [Times of India] Page content loaded.
2025-12-04 11:45:55,225 - INFO - [Times of India] Success with 'selenium_browser'. Found content (492 words).
2025-12-04 11:45:55,288 - INFO - Duplicate article skipped: ‘Greatest scandals of all time’: Scott Bessent rips NYT for alleged Trump’s ‘fake’ health report; publication hits back - The Times of India from Times of India
2025-12-04 11:45:56,592 - INFO - [Times of India] Article: https://timesofindia.indiatimes.com/world/us/still-in-fight-new-details-emerge-about-sept-2-caribbean-strike-survivors-were-continuing-drug-mission/articleshow/125760290.cms
2025-12-04 11:45:56,593 - INFO - [Times of India] Attempt 1/1: Trying with 'selenium_browser' strategy...
2025-12-04 11:45:58,898 - INFO - [The Hindu] Page content loaded.
2025-12-04 11:45:58,952 - INFO - [Times of India] Page content loaded.
2025-12-04 11:45:59,006 - INFO - [The Hindu] Success with 'selenium_browser'. Found content (360 words).
2025-12-04 11:45:59,152 - INFO - Duplicate article skipped: SEIL Energy to set up hospital in Nellore under CSR initiative - The Hindu from The Hindu
2025-12-04 11:45:59,334 - INFO - [Times of India] Success with 'selenium_browser'. Found content (476 words).
2025-12-04 11:46:00,397 - INFO - [The Hindu] Article: https://www.thehindu.com/news/national/andhra-pradesh/andhra-pradesh-to-host-state-youth-festival-yuva-2025-from-december-18/article70357279.ece
2025-12-04 11:46:00,397 - INFO - [The Hindu] Attempt 1/1: Trying with 'selenium_browser' strategy...
2025-12-04 11:46:04,768 - INFO - [The Hindu] Page content loaded.
2025-12-04 11:46:05,162 - INFO - [The Hindu] Success with 'selenium_browser'. Found content (328 words).
2025-12-04 11:46:17,125 - INFO - Saved article: ‘Still in fight’: New details emerge about Sept 2 Caribbean strike; survivors were continuing drug mission - The Times of India from Times of India
2025-12-04 11:46:17,125 - INFO - Duplicate article skipped: Andhra Pradesh to host State youth festival ‘YUVA 2025’ from December 18 - The Hindu from The Hindu
2025-12-04 11:46:17,817 - INFO - [Times of India] Article: https://timesofindia.indiatimes.com/world/us/ironic-erika-kirk-reacts-to-high-number-of-women-voting-for-zohran-mamdani-what-she-said/articleshow/125760103.cms
2025-12-04 11:46:17,817 - INFO - [Times of India] Attempt 1/1: Trying with 'selenium_browser' strategy...
2025-12-04 11:46:17,846 - INFO - [The Hindu] Article: https://www.thehindu.com/business/Economy/health-national-security-cess-not-on-essential-commodities-revenues-to-be-shared-with-states-fm/article70357227.ece
2025-12-04 11:46:17,846 - INFO - [The Hindu] Attempt 1/1: Trying with 'selenium_browser' strategy...
2025-12-04 11:46:19,797 - INFO - [Times of India] Page content loaded.
2025-12-04 11:46:19,983 - INFO - [The Hindu] Page content loaded.
2025-12-04 11:46:20,006 - INFO - [Times of India] Success with 'selenium_browser'. Found content (250 words).
2025-12-04 11:46:20,106 - INFO - Duplicate article skipped: ‘Ironic’: Erika Kirk reacts to high number of women voting for Zohran Mamdani - what she said - The Times of India from Times of India
2025-12-04 11:46:20,124 - INFO - [The Hindu] Success with 'selenium_browser'. Found content (220 words).
2025-12-04 11:46:20,198 - INFO - Duplicate article skipped: Health, National Security Cess not on essential commodities, revenues to be shared with States: FM - The Hindu from The Hindu
2025-12-04 11:46:20,913 - INFO - [The Hindu] Article: https://www.thehindu.com/entertainment/music/anoushka-shankars-sitar-damaged-on-air-india-flight-airline-says-its-investigating/article70357137.ece
2025-12-04 11:46:20,913 - INFO - [The Hindu] Attempt 1/1: Trying with 'selenium_browser' strategy...
2025-12-04 11:46:21,239 - INFO - [Times of India] Article: https://timesofindia.indiatimes.com/world/us/matthew-perry-death-case-doctor-who-sold-ketamine-to-friends-star-sentenced-called-him-moron-he-could-exploit/articleshow/125758026.cms
2025-12-04 11:46:21,239 - INFO - [Times of India] Attempt 1/1: Trying with 'selenium_browser' strategy...
2025-12-04 11:46:21,896 - INFO - [The Hindu] Page content loaded.
2025-12-04 11:46:22,029 - INFO - [The Hindu] Success with 'selenium_browser'. Found content (574 words).
2025-12-04 11:46:22,117 - INFO - Duplicate article skipped: Anoushka Shankar's sitar damaged on Air India flight; airline says it’s investigating - The Hindu from The Hindu
2025-12-04 11:46:22,613 - INFO - [Times of India] Page content loaded.
2025-12-04 11:46:22,894 - INFO - [Times of India] Success with 'selenium_browser'. Found content (429 words).
2025-12-04 11:46:23,062 - INFO - [The Hindu] Article: https://www.thehindu.com/news/national/tamil-nadu/political-leaders-artistes-pay-tribute-to-veteran-tamil-cinema-producer-avm-saravanan/article70357031.ece
2025-12-04 11:46:23,062 - INFO - [The Hindu] Attempt 1/1: Trying with 'selenium_browser' strategy...
2025-12-04 11:46:23,208 - INFO - Duplicate article skipped: Matthew Perry death case: Doctor who sold Ketamine to ‘Friends’ star sentenced, called him ‘moron’ he could exploit - The Times of India from Times of India
2025-12-04 11:46:24,460 - INFO - [The Hindu] Page content loaded.
2025-12-04 11:46:24,464 - INFO - [Times of India] Article: https://timesofindia.indiatimes.com/world/us/destroyed-our-country-trump-again-targets-ilhan-omar-somalis-she-hits-back-aksing-if-hes-pedophile/articleshow/125755691.cms
2025-12-04 11:46:24,464 - INFO - [Times of India] Attempt 1/1: Trying with 'selenium_browser' strategy...
2025-12-04 11:46:24,852 - INFO - [The Hindu] Success with 'selenium_browser'. Found content (509 words).
2025-12-04 11:46:24,952 - INFO - Duplicate article skipped: Political leaders, artistes pay tribute to veteran Tamil cinema producer AVM Saravanan - The Hindu from The Hindu
2025-12-04 11:46:26,078 - INFO - [The Hindu] Article: https://www.thehindu.com/news/national/kerala/i-trust-john-brittas-more-than-dharmendra-pradhan-says-cpis-binoy-viswam-over-his-role-in-pm-shri/article70357161.ece
2025-12-04 11:46:26,078 - INFO - [The Hindu] Attempt 1/1: Trying with 'selenium_browser' strategy...
2025-12-04 11:46:26,484 - INFO - [Times of India] Page content loaded.
2025-12-04 11:46:27,034 - INFO - [Times of India] Success with 'selenium_browser'. Found content (423 words).
2025-12-04 11:46:27,154 - INFO - Duplicate article skipped: ‘Destroyed our country’: Trump again targets Ilhan Omar, Somalis; she hits back asking if he’s ‘pedophile’ - The Times of India from Times of India
2025-12-04 11:46:27,341 - INFO - [The Hindu] Page content loaded.
2025-12-04 11:46:27,490 - INFO - [The Hindu] Success with 'selenium_browser'. Found content (265 words).
2025-12-04 11:46:27,615 - INFO - Duplicate article skipped: I trust John Brittas more than Dharmendra Pradhan, says CPI’s Binoy Viswam over his role in PM-SHRI - The Hindu from The Hindu
2025-12-04 11:46:27,743 - INFO - [Times of India] Article: https://timesofindia.indiatimes.com/world/us/president-of-peace-us-state-department-rebrands-usip-after-trump-ahead-of-rwanda-drc-deal/articleshow/125755840.cms
2025-12-04 11:46:27,743 - INFO - [Times of India] Attempt 1/1: Trying with 'selenium_browser' strategy...
2025-12-04 11:46:29,018 - INFO - [The Hindu] Article: https://www.thehindu.com/news/cities/Hyderabad/indigo-madinah-hyderabad-flight-diverted-to-ahmedabad-following-bomb-threat/article70357268.ece
2025-12-04 11:46:29,018 - INFO - [The Hindu] Attempt 1/1: Trying with 'selenium_browser' strategy...
2025-12-04 11:46:30,223 - INFO - [The Hindu] Page content loaded.
2025-12-04 11:46:30,239 - INFO - [Times of India] Page content loaded.
2025-12-04 11:46:30,431 - INFO - [Times of India] Success with 'selenium_browser'. Found content (393 words).
2025-12-04 11:46:30,520 - INFO - [The Hindu] Success with 'selenium_browser'. Found content (218 words).
2025-12-04 11:46:30,673 - INFO - Duplicate article skipped: ‘President of peace’: US state department rebrands USIP after Trump, ahead of Rwanda-DRC deal - The Times of India from Times of India
2025-12-04 11:46:30,680 - INFO - Duplicate article skipped: IndiGo Madinah-Hyderabad delayed flight diverted to Ahmedabad following bomb threat - The Hindu from The Hindu
2025-12-04 11:46:31,479 - INFO - [Times of India] Article: https://timesofindia.indiatimes.com/world/uk/why-king-charles-is-more-german-than-british/articleshow/125762961.cms
2025-12-04 11:46:31,479 - INFO - [Times of India] Attempt 1/1: Trying with 'selenium_browser' strategy...
2025-12-04 11:46:32,060 - INFO - [The Hindu] Article: https://www.thehindu.com/news/cities/chennai/residents-of-ennores-thazhangkuppam-want-seawall-opening-to-remain/article70354768.ece
2025-12-04 11:46:32,060 - INFO - [The Hindu] Attempt 1/1: Trying with 'selenium_browser' strategy...
2025-12-04 11:46:34,729 - INFO - [The Hindu] Page content loaded.
2025-12-04 11:46:34,872 - INFO - [The Hindu] Success with 'selenium_browser'. Found content (312 words).
2025-12-04 11:46:35,028 - INFO - Duplicate article skipped: Residents of Ennore’s Thazhangkuppam want seawall opening to remain - The Hindu from The Hindu
2025-12-04 11:46:35,140 - INFO - [Times of India] Page content loaded.
2025-12-04 11:46:35,264 - INFO - [Times of India] Success with 'selenium_browser'. Found content (806 words).
2025-12-04 11:46:36,068 - INFO - [The Hindu] Article: https://www.thehindu.com/news/national/karnataka/basavaraj-horatti-likely-to-stay-on-as-karnataka-legislative-council-chairperson-amid-leadership-tussle-in-congress/article70354724.ece
2025-12-04 11:46:36,068 - INFO - [The Hindu] Attempt 1/1: Trying with 'selenium_browser' strategy...
2025-12-04 11:46:37,050 - INFO - [The Hindu] Page content loaded.
2025-12-04 11:46:37,195 - INFO - [The Hindu] Success with 'selenium_browser'. Found content (506 words).
2025-12-04 11:46:51,836 - INFO - Saved article: Why King Charles is more German than British | World News - The Times of India from Times of India
2025-12-04 11:46:51,836 - INFO - Duplicate article skipped: Basavaraj Horatti likely to stay on as Karnataka Legislative Council Chairperson amid leadership tussle in Congress - The Hindu from The Hindu
2025-12-04 11:46:52,731 - INFO - [The Hindu] Article: https://www.thehindu.com/news/national/tamil-nadu/tn-police-get-protection-under-bnss-govt-issues-new-notification-covering-all-ranks/article70357123.ece
2025-12-04 11:46:52,731 - INFO - [The Hindu] Attempt 1/1: Trying with 'selenium_browser' strategy...
2025-12-04 11:46:53,244 - INFO - [Times of India] Article: https://timesofindia.indiatimes.com/world/middle-east/oman-and-saudi-arabia-approve-mutual-certificates-of-origin-to-ease-trade/articleshow/125762231.cms
2025-12-04 11:46:53,244 - INFO - [Times of India] Attempt 1/1: Trying with 'selenium_browser' strategy...
2025-12-04 11:46:55,279 - INFO - [The Hindu] Page content loaded.
2025-12-04 11:46:55,426 - INFO - [The Hindu] Success with 'selenium_browser'. Found content (427 words).
2025-12-04 11:46:55,522 - INFO - Duplicate article skipped: T.N. police get protection under BNSS; govt. issues new notification covering all ranks - The Hindu from The Hindu
2025-12-04 11:46:55,533 - INFO - [Times of India] Page content loaded.
2025-12-04 11:46:55,841 - INFO - [Times of India] Success with 'selenium_browser'. Found content (408 words).
2025-12-04 11:46:56,790 - INFO - [The Hindu] Article: https://www.thehindu.com/news/national/sc-asks-states-uts-to-provide-more-staff-to-ec-for-sir-duty-to-ease-pressure-of-blos/article70357165.ece
2025-12-04 11:46:56,790 - INFO - [The Hindu] Attempt 1/1: Trying with 'selenium_browser' strategy...
2025-12-04 11:47:12,467 - INFO - Saved article: Oman and Saudi Arabia approve mutual certificates of origin to ease trade | World News - The Times of India from Times of India
2025-12-04 11:47:13,586 - INFO - [Times of India] Article: https://timesofindia.indiatimes.com/world/middle-east/saudi-arabia-now-allows-direct-license-conversion-for-nationals-from-48-countries-see-if-youre-eligible/articleshow/125760726.cms
2025-12-04 11:47:13,586 - INFO - [Times of India] Attempt 1/1: Trying with 'selenium_browser' strategy...
2025-12-04 11:47:14,754 - INFO - [Times of India] Page content loaded.
2025-12-04 11:47:14,879 - INFO - [Times of India] Success with 'selenium_browser'. Found content (1086 words).
2025-12-04 11:47:14,953 - INFO - Duplicate article skipped: Saudi Arabia now allows direct license conversion for nationals from 48 countries: See if you're eligible | World News - The Times of India from Times of India
2025-12-04 11:47:15,712 - INFO - [Times of India] Article: https://timesofindia.indiatimes.com/science/nasas-swot-satellite-captures-first-detailed-look-at-2025-tsunami-revealing-mid-ocean-waves-and-dispersive-behaviour/articleshow/125759673.cms
2025-12-04 11:47:15,712 - INFO - [Times of India] Attempt 1/1: Trying with 'selenium_browser' strategy...
2025-12-04 11:47:16,310 - INFO - [Times of India] Page content loaded.
2025-12-04 11:47:16,490 - INFO - [Times of India] Success with 'selenium_browser'. Found content (679 words).
2025-12-04 11:47:32,325 - INFO - Saved article: NASA’s SWOT satellite captures first detailed look at 2025 tsunami, revealing mid-ocean waves and dispersive behaviour | - The Times of India from Times of India
2025-12-04 11:47:33,310 - INFO - [Times of India] Article: https://timesofindia.indiatimes.com/world/middle-east/uae-public-holidays-2026-your-guide-to-dates-extended-weekends-and-school-holidays/articleshow/125760667.cms
2025-12-04 11:47:33,310 - INFO - [Times of India] Attempt 1/1: Trying with 'selenium_browser' strategy...
2025-12-04 11:47:34,144 - INFO - [Times of India] Page content loaded.
2025-12-04 11:47:34,270 - INFO - [Times of India] Success with 'selenium_browser'. Found content (769 words).
2025-12-04 11:47:34,346 - INFO - Duplicate article skipped: UAE public holidays 2026: Your guide to dates, extended weekends, and school holidays | World News - The Times of India from Times of India
2025-12-04 11:47:34,891 - INFO - [Times of India] Article: https://timesofindia.indiatimes.com/world/middle-east/kuwait-bans-unlicensed-currency-exchange-as-illegal-operators-risk-jail-kd3000-fine/articleshow/125760038.cms
2025-12-04 11:47:34,891 - INFO - [Times of India] Attempt 1/1: Trying with 'selenium_browser' strategy...
2025-12-04 11:47:36,136 - INFO - [Times of India] Page content loaded.
2025-12-04 11:47:36,279 - INFO - [Times of India] Success with 'selenium_browser'. Found content (493 words).
2025-12-04 11:47:36,545 - INFO - Duplicate article skipped: Kuwait bans unlicensed currency exchange as illegal operators risk jail, KD3,000 fine | World News - The Times of India from Times of India
2025-12-04 11:47:37,770 - INFO - [Times of India] Article: https://timesofindia.indiatimes.com/world/middle-east/oman-muscat-parks-to-temporarily-close-ahead-of-muscat-nights-2025-preparations/articleshow/125759905.cms
2025-12-04 11:47:37,770 - INFO - [Times of India] Attempt 1/1: Trying with 'selenium_browser' strategy...
2025-12-04 11:47:39,078 - INFO - [Times of India] Page content loaded.
2025-12-04 11:47:39,212 - INFO - [Times of India] Success with 'selenium_browser'. Found content (341 words).
2025-12-04 11:47:39,276 - INFO - Duplicate article skipped: Oman: Muscat parks to temporarily close ahead of Muscat Nights 2025 preparations | World News - The Times of India from Times of India
2025-12-04 11:47:40,207 - INFO - [Times of India] (Thread) Finished. Attempting to shut down its Selenium driver.
2025-12-04 11:47:40,625 - INFO - [Times of India] (Thread) driver.quit() successful.
2025-12-04 11:47:56,808 - ERROR - [The Hindu] Request failed for strategy 'selenium_browser' on URL https://www.thehindu.com/news/national/sc-asks-states-uts-to-provide-more-staff-to-ec-for-sir-duty-to-ease-pressure-of-blos/article70357165.ece: Message: timeout: Timed out receiving message from renderer: 59.956
  (Session info: chrome=142.0.7444.175)
Stacktrace:
#0 0x55bf291c74ca <unknown>
#1 0x55bf28c15e4b <unknown>
#2 0x55bf28bfde14 <unknown>
#3 0x55bf28bfdaf7 <unknown>
#4 0x55bf28bfb8ff <unknown>
#5 0x55bf28bfc27f <unknown>
#6 0x55bf28c0acb3 <unknown>
#7 0x55bf28c245f1 <unknown>
#8 0x55bf28c2adfb <unknown>
#9 0x55bf28bfc9bd <unknown>
#10 0x55bf28c24399 <unknown>
#11 0x55bf28cb5169 <unknown>
#12 0x55bf28c5ac2a <unknown>
#13 0x55bf28c5b931 <unknown>
#14 0x55bf2918dcf9 <unknown>
#15 0x55bf29190cdc <unknown>
#16 0x55bf29176f79 <unknown>
#17 0x55bf291918b5 <unknown>
#18 0x55bf2915e9c3 <unknown>
#19 0x55bf291b4228 <unknown>
#20 0x55bf291b4403 <unknown>
#21 0x55bf291c6463 <unknown>
#22 0x7f1cd289caa4 <unknown>
#23 0x7f1cd2929c6c <unknown>

2025-12-04 11:47:56,808 - ERROR - [The Hindu] All scrape strategies failed for https://www.thehindu.com/news/national/sc-asks-states-uts-to-provide-more-staff-to-ec-for-sir-duty-to-ease-pressure-of-blos/article70357165.ece. Falling back to RSS description.
2025-12-04 11:47:56,808 - INFO - Duplicate article skipped: SC asks States, UTs to provide more staff to EC for SIR duty to ease pressure on BLOs from The Hindu
2025-12-04 11:47:58,215 - INFO - [The Hindu] Article: https://www.thehindu.com/news/national/andhra-pradesh/ap-government-allots-480-acres-to-adani-infra-data-centres-in-vizag-and-anakapalli-districts/article70356951.ece
2025-12-04 11:47:58,215 - INFO - [The Hindu] Attempt 1/1: Trying with 'selenium_browser' strategy...
2025-12-04 11:47:58,670 - INFO - [The Hindu] Page content loaded.
2025-12-04 11:47:58,714 - INFO - [The Hindu] Success with 'selenium_browser'. Found content (288 words).
2025-12-04 11:47:58,759 - INFO - Duplicate article skipped: A.P. government allots 480 acres to Adani Infra data centres in Vizag and Anakapalli districts - The Hindu from The Hindu
2025-12-04 11:47:59,268 - INFO - [The Hindu] Article: https://www.thehindu.com/news/national/andhra-pradesh/apsche-gets-nod-to-fill-left-over-convenor-quota-seats-in-pg-courses/article70357119.ece
2025-12-04 11:47:59,268 - INFO - [The Hindu] Attempt 1/1: Trying with 'selenium_browser' strategy...
2025-12-04 11:47:59,739 - INFO - [The Hindu] Page content loaded.
2025-12-04 11:47:59,821 - INFO - [The Hindu] Success with 'selenium_browser'. Found content (129 words).
2025-12-04 11:47:59,900 - INFO - Duplicate article skipped: APSCHE gets nod to fill left over convenor quota seats in PG courses - The Hindu from The Hindu
2025-12-04 11:48:01,341 - INFO - [The Hindu] (Thread) Finished. Attempting to shut down its Selenium driver.
2025-12-04 11:48:01,562 - INFO - [The Hindu] (Thread) driver.quit() successful.
2025-12-04 11:48:01,562 - INFO - Shutting down thread pool (wait=False)...
2025-12-04 11:48:01,562 - INFO - Scraped: 0 The Guardian, 0 BBC, 7 Times of India, 4 The Hindu articles. (Total saved: 11)
2025-12-04 11:48:01,562 - INFO - --- Scraping job finished ---
2025-12-04 11:48:01,569 - INFO - --- Scraper service stopped and database connection closed. ---
2025-12-04 11:48:01,569 - INFO - --- Main thread finished. Forcing process exit to kill zombie threads. ---
