2025-11-30 22:44:53,751 - INFO - Loading AI Semantic Model (all-MiniLM-L6-v2)...
2025-11-30 22:44:53,751 - INFO - Use pytorch device_name: cpu
2025-11-30 22:44:53,751 - INFO - Load pretrained SentenceTransformer: all-MiniLM-L6-v2
2025-11-30 22:44:55,042 - INFO - AI Model loaded successfully.
2025-11-30 22:44:55,042 - INFO - Initializing database connection at: news_articles.db
2025-11-30 22:44:55,042 - INFO - --- Scraper service started (CI Mode: Run Once) ---
2025-11-30 22:44:55,042 - INFO - --- Starting new scraping job (Parallel Mode) ---
2025-11-30 22:44:55,042 - INFO - Creating new robust session with 3 retries on 5xx/connection/read errors.
2025-11-30 22:44:55,042 - INFO - Proxy is DISABLED.
2025-11-30 22:44:55,043 - INFO - Starting scrape for BBC RSS feed: http://feeds.bbci.co.uk/news/world/rss.xml
2025-11-30 22:44:55,044 - INFO - [Times of India] (Thread) requires Selenium. Initializing driver...
2025-11-30 22:44:55,044 - INFO - Initializing headless Selenium Chrome driver (using SeleniumManager)...
2025-11-30 22:44:55,044 - INFO - Starting scrape for The Guardian RSS feed: https://www.theguardian.com/world/rss
2025-11-30 22:44:55,046 - INFO - [The Hindu] (Thread) requires Selenium. Initializing driver...
2025-11-30 22:44:55,046 - INFO - Initializing headless Selenium Chrome driver (using SeleniumManager)...
2025-11-30 22:44:55,046 - INFO - Submitted 4 jobs to thread pool. Waiting up to 300s for completion...
2025-11-30 22:44:55,123 - INFO - Found 45 articles in The Guardian RSS feed. Processing up to 20.
2025-11-30 22:44:55,123 - INFO - [The Guardian] Article: https://www.theguardian.com/world/2025/nov/30/african-leaders-push-for-recognition-of-colonial-crimes-and-reparations
2025-11-30 22:44:55,123 - INFO - [The Guardian] Attempt 1/1: Trying with 'requests_browser' strategy...
2025-11-30 22:44:55,299 - INFO - Found 33 articles in BBC RSS feed. Processing up to 20.
2025-11-30 22:44:55,299 - INFO - [BBC] Article: https://www.bbc.com/news/articles/cd9z2e3exk9o?at_medium=RSS&at_campaign=rss
2025-11-30 22:44:55,299 - INFO - [BBC] Attempt 1/1: Trying with 'requests_browser' strategy...
2025-11-30 22:44:55,305 - INFO - [The Guardian] Success with 'requests_browser'. Found content (670 words).
2025-11-30 22:44:55,349 - INFO - Duplicate article skipped: African leaders push for recognition of colonial crimes and reparations | Colonialism | The Guardian from The Guardian
2025-11-30 22:44:55,734 - INFO - [BBC] Success with 'requests_browser'. Found content (459 words).
2025-11-30 22:44:55,772 - INFO - Duplicate article skipped: Ukraine talks 'productive' but more work needed, Rubio says from BBC
2025-11-30 22:44:56,111 - INFO - [The Guardian] Article: https://www.theguardian.com/world/2025/nov/28/jacob-zuma-daughter-resigns-claims-south-africans-tricked-fight-russia
2025-11-30 22:44:56,111 - INFO - [The Guardian] Attempt 1/1: Trying with 'requests_browser' strategy...
2025-11-30 22:44:56,134 - INFO - [The Guardian] Success with 'requests_browser'. Found content (753 words).
2025-11-30 22:44:56,168 - INFO - Duplicate article skipped: Jacob Zuma’s daughter resigns amid claims South Africans tricked to fight for Russia | South Africa | The Guardian from The Guardian
2025-11-30 22:44:56,902 - INFO - [BBC] Article: https://www.bbc.com/news/articles/cpvdn8pmmd1o?at_medium=RSS&at_campaign=rss
2025-11-30 22:44:56,903 - INFO - [BBC] Attempt 1/1: Trying with 'requests_browser' strategy...
2025-11-30 22:44:56,947 - INFO - [BBC] Success with 'requests_browser'. Found content (1652 words).
2025-11-30 22:44:56,980 - INFO - [The Guardian] Article: https://www.theguardian.com/environment/2025/nov/28/africa-forests-transformed-carbon-sink-carbon-source-study
2025-11-30 22:44:56,980 - INFO - [The Guardian] Attempt 1/1: Trying with 'requests_browser' strategy...
2025-11-30 22:44:56,990 - INFO - Duplicate article skipped: Sudan civil war: The terrifying escape from el-Fasher in Darfur from BBC
2025-11-30 22:44:57,010 - INFO - [The Guardian] Success with 'requests_browser'. Found content (458 words).
2025-11-30 22:44:57,047 - INFO - Duplicate article skipped: Africa’s forests transformed from carbon sink to carbon source, study finds | Climate crisis | The Guardian from The Guardian
2025-11-30 22:44:57,927 - INFO - [The Guardian] Article: https://www.theguardian.com/world/2025/nov/26/guinea-bissau-officers-take-total-control-close-borders-amid-election-chaos
2025-11-30 22:44:57,927 - INFO - [The Guardian] Attempt 1/1: Trying with 'requests_browser' strategy...
2025-11-30 22:44:58,084 - INFO - [The Guardian] Success with 'requests_browser'. Found content (412 words).
2025-11-30 22:44:58,252 - INFO - Duplicate article skipped: Guinea-Bissau military takes ‘total control’ amid election chaos | Guinea-Bissau | The Guardian from The Guardian
2025-11-30 22:44:58,266 - INFO - [BBC] Article: https://www.bbc.com/news/articles/clyz82z7p8zo?at_medium=RSS&at_campaign=rss
2025-11-30 22:44:58,266 - INFO - [BBC] Attempt 1/1: Trying with 'requests_browser' strategy...
2025-11-30 22:44:58,429 - INFO - [BBC] Success with 'requests_browser'. Found content (690 words).
2025-11-30 22:44:58,466 - INFO - Duplicate article skipped: Indonesia searches for hundreds missing in deadly floods from BBC
2025-11-30 22:44:58,997 - INFO - [BBC] Article: https://www.bbc.com/news/articles/c4gv76r5qpvo?at_medium=RSS&at_campaign=rss
2025-11-30 22:44:58,998 - INFO - [BBC] Attempt 1/1: Trying with 'requests_browser' strategy...
2025-11-30 22:44:59,377 - INFO - [BBC] Success with 'requests_browser'. Found content (647 words).
2025-11-30 22:44:59,412 - INFO - Duplicate article skipped: Benjamin Netanyahu seeks pardon from Israel's president from BBC
2025-11-30 22:44:59,552 - INFO - [The Guardian] Article: https://www.theguardian.com/world/2025/nov/25/nigerian-schoolgirls-rescued-after-mass-abduction-in-kebbi
2025-11-30 22:44:59,553 - INFO - [The Guardian] Attempt 1/1: Trying with 'requests_browser' strategy...
2025-11-30 22:44:59,741 - INFO - [The Guardian] Success with 'requests_browser'. Found content (515 words).
2025-11-30 22:44:59,782 - INFO - Duplicate article skipped: Nigerian schoolgirls rescued after mass abduction in Kebbi | Nigeria | The Guardian from The Guardian
2025-11-30 22:45:00,235 - INFO - [BBC] Article: https://www.bbc.com/news/articles/cp34yk7z6yxo?at_medium=RSS&at_campaign=rss
2025-11-30 22:45:00,235 - INFO - [BBC] Attempt 1/1: Trying with 'requests_browser' strategy...
2025-11-30 22:45:00,403 - INFO - [BBC] Success with 'requests_browser'. Found content (713 words).
2025-11-30 22:45:00,440 - INFO - Duplicate article skipped: Hong Kong fire: Death toll rises to 146 as thousands pay their respects from BBC
2025-11-30 22:45:01,140 - INFO - [BBC] Article: https://www.bbc.com/news/articles/cx2dgp8mvmno?at_medium=RSS&at_campaign=rss
2025-11-30 22:45:01,140 - INFO - [BBC] Attempt 1/1: Trying with 'requests_browser' strategy...
2025-11-30 22:45:01,227 - INFO - [The Guardian] Article: https://www.theguardian.com/world/2025/nov/30/honduras-vote-election-trump-threat-cut-aid-if-nasry-tito-asfura-loses
2025-11-30 22:45:01,228 - INFO - [The Guardian] Attempt 1/1: Trying with 'requests_browser' strategy...
2025-11-30 22:45:01,250 - INFO - [The Guardian] Success with 'requests_browser'. Found content (534 words).
2025-11-30 22:45:01,295 - INFO - Duplicate article skipped: Hondurans vote amid Trump threat to cut aid if his preferred candidate loses | Honduras | The Guardian from The Guardian
2025-11-30 22:45:01,676 - INFO - [BBC] Success with 'requests_browser'. Found content (805 words).
2025-11-30 22:45:01,712 - INFO - Duplicate article skipped: Honduras election: Polls open in vote shadowed by Trump aid threats from BBC
2025-11-30 22:45:02,560 - INFO - [The Guardian] Article: https://www.theguardian.com/world/2025/nov/29/donald-trump-venezuela-airspace-closure
2025-11-30 22:45:02,560 - INFO - [The Guardian] Attempt 1/1: Trying with 'requests_browser' strategy...
2025-11-30 22:45:02,580 - INFO - [The Guardian] Success with 'requests_browser'. Found content (363 words).
2025-11-30 22:45:02,624 - INFO - Duplicate article skipped: Venezuela denounces ‘colonialist threat’ as Trump orders airspace closed | Venezuela | The Guardian from The Guardian
2025-11-30 22:45:03,184 - INFO - [BBC] Article: https://www.bbc.com/news/articles/c075zd0j2j3o?at_medium=RSS&at_campaign=rss
2025-11-30 22:45:03,184 - INFO - [BBC] Attempt 1/1: Trying with 'requests_browser' strategy...
2025-11-30 22:45:03,345 - INFO - [BBC] Success with 'requests_browser'. Found content (316 words).
2025-11-30 22:45:03,380 - INFO - Duplicate article skipped: Couple accused of cheating with spycam to win A$1.2m in Australian casino from BBC
2025-11-30 22:45:03,414 - INFO - Selenium driver initialized successfully.
2025-11-30 22:45:03,414 - INFO - Selenium driver initialized successfully.
2025-11-30 22:45:03,414 - INFO - Starting scrape for Times of India RSS feed: https://timesofindia.indiatimes.com/rssfeeds/296589292.cms
2025-11-30 22:45:03,414 - INFO - Starting scrape for The Hindu RSS feed: https://www.thehindu.com/news/national/feeder/default.rss
2025-11-30 22:45:03,599 - INFO - Found 20 articles in Times of India RSS feed. Processing up to 20.
2025-11-30 22:45:03,599 - INFO - [Times of India] Article: https://timesofindia.indiatimes.com/world/us/he-was-radicalised-in-the-us-kristi-noem-claims-dc-shooting-suspect-was-unvetted-by-the-biden-administration/articleshow/125677323.cms
2025-11-30 22:45:03,600 - INFO - [Times of India] Attempt 1/1: Trying with 'selenium_browser' strategy...
2025-11-30 22:45:03,885 - INFO - [The Guardian] Article: https://www.theguardian.com/us-news/2025/nov/29/pete-hegseth-denies-ordering-deaths-narco-boat
2025-11-30 22:45:03,885 - INFO - [The Guardian] Attempt 1/1: Trying with 'requests_browser' strategy...
2025-11-30 22:45:03,910 - INFO - [The Guardian] Success with 'requests_browser'. Found content (846 words).
2025-11-30 22:45:03,946 - INFO - Duplicate article skipped: Pete Hegseth denies he gave orders to ‘kill everybody’ on alleged ‘narco-boat’ | Pete Hegseth | The Guardian from The Guardian
2025-11-30 22:45:04,237 - INFO - Found 100 articles in The Hindu RSS feed. Processing up to 20.
2025-11-30 22:45:04,237 - INFO - [The Hindu] Article: https://www.thehindu.com/opinion/op-ed/the-chandigarh-question/article70342327.ece
2025-11-30 22:45:04,237 - INFO - [The Hindu] Attempt 1/1: Trying with 'selenium_browser' strategy...
2025-11-30 22:45:04,362 - INFO - [BBC] Article: https://www.bbc.com/news/articles/c79x8x82gy4o?at_medium=RSS&at_campaign=rss
2025-11-30 22:45:04,362 - INFO - [BBC] Attempt 1/1: Trying with 'requests_browser' strategy...
2025-11-30 22:45:04,951 - INFO - [BBC] Success with 'requests_browser'. Found content (501 words).
2025-11-30 22:45:05,055 - INFO - Duplicate article skipped: Ludwig Minelli: Dignitas founder dies by assisted suicide aged 92, group says from BBC
2025-11-30 22:45:05,160 - INFO - [The Guardian] Article: https://www.theguardian.com/world/2025/nov/29/uk-mps-extra-aid-humanitarian-visas-jamaica-hurricane-melissa-dawn-butler
2025-11-30 22:45:05,160 - INFO - [The Guardian] Attempt 1/1: Trying with 'requests_browser' strategy...
2025-11-30 22:45:05,349 - INFO - [The Guardian] Success with 'requests_browser'. Found content (873 words).
2025-11-30 22:45:05,430 - INFO - Duplicate article skipped: UK MPs push for extra aid and visas as Jamaica reels from Hurricane Melissa | Jamaica | The Guardian from The Guardian
2025-11-30 22:45:06,182 - INFO - [The Guardian] Article: https://www.theguardian.com/us-news/2025/nov/28/trump-pardon-honduras-hernandez-drugs
2025-11-30 22:45:06,182 - INFO - [The Guardian] Attempt 1/1: Trying with 'requests_browser' strategy...
2025-11-30 22:45:06,222 - INFO - [The Guardian] Success with 'requests_browser'. Found content (558 words).
2025-11-30 22:45:06,301 - INFO - [BBC] Article: https://www.bbc.com/news/articles/cp9ky5z2gx0o?at_medium=RSS&at_campaign=rss
2025-11-30 22:45:06,301 - INFO - [BBC] Attempt 1/1: Trying with 'requests_browser' strategy...
2025-11-30 22:45:06,326 - INFO - Duplicate article skipped: Trump to pardon ex-Honduras leader serving drug trafficking sentence in US | Donald Trump | The Guardian from The Guardian
2025-11-30 22:45:06,525 - INFO - [BBC] Success with 'requests_browser'. Found content (508 words).
2025-11-30 22:45:06,647 - INFO - Duplicate article skipped: Ukraine hits tankers in Black Sea in escalation against Russia from BBC
2025-11-30 22:45:06,883 - INFO - [The Guardian] Article: https://www.theguardian.com/world/2025/nov/30/indonesia-thailand-floods
2025-11-30 22:45:06,883 - INFO - [The Guardian] Attempt 1/1: Trying with 'requests_browser' strategy...
2025-11-30 22:45:07,057 - INFO - [The Guardian] Success with 'requests_browser'. Found content (998 words).
2025-11-30 22:45:07,170 - INFO - Duplicate article skipped: Death toll passes 900 in Indonesia, Thailand and Sri Lanka floods | Extreme weather | The Guardian from The Guardian
2025-11-30 22:45:08,048 - INFO - [BBC] Article: https://www.bbc.com/news/articles/cvg81p61dnmo?at_medium=RSS&at_campaign=rss
2025-11-30 22:45:08,048 - INFO - [BBC] Attempt 1/1: Trying with 'requests_browser' strategy...
2025-11-30 22:45:08,142 - INFO - [BBC] Success with 'requests_browser'. Found content (314 words).
2025-11-30 22:45:08,215 - INFO - Duplicate article skipped: Stockton mass shooting: Three children among four killed at California family gathering from BBC
2025-11-30 22:45:08,582 - INFO - [The Guardian] Article: https://www.theguardian.com/world/2025/nov/30/hong-kong-mourns-as-apartment-blaze-death-toll-rises
2025-11-30 22:45:08,583 - INFO - [The Guardian] Attempt 1/1: Trying with 'requests_browser' strategy...
2025-11-30 22:45:08,676 - INFO - [The Guardian] Success with 'requests_browser'. Found content (697 words).
2025-11-30 22:45:08,881 - INFO - Duplicate article skipped: Hong Kong mourns as apartment fire death toll rises to 146 | Hong Kong apartment fires | The Guardian from The Guardian
2025-11-30 22:45:09,218 - INFO - [The Hindu] Page content loaded.
2025-11-30 22:45:09,285 - INFO - [The Hindu] Success with 'selenium_browser'. Found content (653 words).
2025-11-30 22:45:09,825 - INFO - [BBC] Article: https://www.bbc.com/news/articles/c741mpdyw9no?at_medium=RSS&at_campaign=rss
2025-11-30 22:45:09,825 - INFO - [BBC] Attempt 1/1: Trying with 'requests_browser' strategy...
2025-11-30 22:45:10,021 - INFO - Duplicate article skipped: The Chandigarh question - The Hindu from The Hindu
2025-11-30 22:45:10,062 - INFO - [BBC] Success with 'requests_browser'. Found content (516 words).
2025-11-30 22:45:10,089 - INFO - [The Guardian] Article: https://www.theguardian.com/world/2025/nov/30/japan-one-piece-singer-maki-otsuki-stopped-mid-performance-as-japan-china-relations-sour
2025-11-30 22:45:10,089 - INFO - [The Guardian] Attempt 1/1: Trying with 'requests_browser' strategy...
2025-11-30 22:45:10,203 - INFO - Duplicate article skipped: Venezuela calls Trump airspace closure warning 'colonialist threat' from BBC
2025-11-30 22:45:10,251 - INFO - [The Guardian] Success with 'requests_browser'. Found content (310 words).
2025-11-30 22:45:10,378 - INFO - Duplicate article skipped: Japan ‘One Piece’ singer stopped mid-performance as Japan-China relations sour | Japan | The Guardian from The Guardian
2025-11-30 22:45:10,780 - INFO - [BBC] Article: https://www.bbc.com/news/articles/c8e97kl240lo?at_medium=RSS&at_campaign=rss
2025-11-30 22:45:10,780 - INFO - [BBC] Attempt 1/1: Trying with 'requests_browser' strategy...
2025-11-30 22:45:10,886 - INFO - [BBC] Success with 'requests_browser'. Found content (324 words).
2025-11-30 22:45:11,085 - INFO - Duplicate article skipped: More than 70,000 killed in Gaza since Israel offensive began, Hamas-run health ministry says from BBC
2025-11-30 22:45:11,281 - INFO - [The Guardian] Article: https://www.theguardian.com/us-news/ng-interactive/2025/nov/30/all-the-presidents-millions-how-the-trumps-are-turning-the-presidency-into-riches
2025-11-30 22:45:11,283 - INFO - [The Guardian] Attempt 1/1: Trying with 'requests_browser' strategy...
2025-11-30 22:45:11,353 - INFO - [The Guardian] Success with 'requests_browser'. Found content (2454 words).
2025-11-30 22:45:11,418 - INFO - [The Hindu] Article: https://www.thehindu.com/news/national/west-bengal/sir-extension-proves-that-the-revision-is-a-hurried-process-says-trinamool/article70342309.ece
2025-11-30 22:45:11,418 - INFO - [The Hindu] Attempt 1/1: Trying with 'selenium_browser' strategy...
2025-11-30 22:45:11,513 - INFO - Duplicate article skipped: All the president’s millions: how the Trumps are turning the presidency into riches | Donald Trump | The Guardian from The Guardian
2025-11-30 22:45:11,675 - INFO - [BBC] Article: https://www.bbc.com/news/articles/c93wnyxjkxko?at_medium=RSS&at_campaign=rss
2025-11-30 22:45:11,676 - INFO - [BBC] Attempt 1/1: Trying with 'requests_browser' strategy...
2025-11-30 22:45:11,935 - INFO - [BBC] Success with 'requests_browser'. Found content (309 words).
2025-11-30 22:45:12,066 - INFO - Duplicate article skipped: French farm has €90,000 worth of escargot snails stolen from BBC
2025-11-30 22:45:12,750 - INFO - [The Guardian] Article: https://www.theguardian.com/news/2025/nov/30/anger-mounts-in-hong-kong-over-apartment-fires-as-beijing-warns-against-anti-china-disruptors
2025-11-30 22:45:12,751 - INFO - [The Guardian] Attempt 1/1: Trying with 'requests_browser' strategy...
2025-11-30 22:45:12,811 - INFO - [The Guardian] Success with 'requests_browser'. Found content (560 words).
2025-11-30 22:45:12,910 - INFO - Duplicate article skipped: Anger mounts in Hong Kong over apartment fires as Beijing warns against ‘anti-China disruptors’ | Hong Kong apartment fires | The Guardian from The Guardian
2025-11-30 22:45:13,127 - INFO - [BBC] Article: https://www.bbc.com/news/articles/cp39yw120kdo?at_medium=RSS&at_campaign=rss
2025-11-30 22:45:13,127 - INFO - [BBC] Attempt 1/1: Trying with 'requests_browser' strategy...
2025-11-30 22:45:13,672 - INFO - [The Guardian] Article: https://www.theguardian.com/australia-news/live/2025/dec/01/australia-news-live-greens-gas-export-tax-cost-of-living-house-prices-interest-rates-reserve-bank-inflation-newcastle-rising-tide-coal-labor-coalition-ntwnfb
2025-11-30 22:45:13,672 - INFO - [The Guardian] Attempt 1/1: Trying with 'requests_browser' strategy...
2025-11-30 22:45:14,411 - INFO - [The Guardian] Success with 'requests_browser'. Found content (2048 words).
2025-11-30 22:45:14,680 - INFO - Duplicate article skipped: Australia news live: activists lock onto Newcastle coal loaders on last day of Rising Tide protest; Greens call for 25% gas export tax | Australia news | The Guardian from The Guardian
2025-11-30 22:45:15,057 - INFO - [BBC] Success with 'requests_browser'. Found content (376 words).
2025-11-30 22:45:15,366 - INFO - Duplicate article skipped: The Wiggles issue statement after appearing in Ecstasy music video from BBC
2025-11-30 22:45:16,121 - INFO - [The Guardian] Article: https://www.theguardian.com/australia-news/2025/dec/01/sydney-police-charge-four-men-alleged-international-satanic-child-sex-abuse-material-ring-ntwnfb
2025-11-30 22:45:16,121 - INFO - [The Guardian] Attempt 1/1: Trying with 'requests_browser' strategy...
2025-11-30 22:45:16,202 - INFO - [The Guardian] Success with 'requests_browser'. Found content (201 words).
2025-11-30 22:45:16,396 - INFO - Duplicate article skipped: Sydney police charge four men over alleged ‘international satanic child sex abuse material ring’ | New South Wales | The Guardian from The Guardian
2025-11-30 22:45:16,487 - INFO - [BBC] Article: https://www.bbc.com/news/articles/c4gp917zr8no?at_medium=RSS&at_campaign=rss
2025-11-30 22:45:16,487 - INFO - [BBC] Attempt 1/1: Trying with 'requests_browser' strategy...
2025-11-30 22:45:16,824 - INFO - [BBC] Success with 'requests_browser'. Found content (355 words).
2025-11-30 22:45:16,955 - INFO - Duplicate article skipped: Pope Leo visits Istanbul's Blue Mosque from BBC
2025-11-30 22:45:17,650 - INFO - [The Guardian] Article: https://www.theguardian.com/australia-news/2025/dec/01/more-than-670-nsw-pokies-venues-to-be-stripped-of-ability-to-stay-open-after-4am
2025-11-30 22:45:17,650 - INFO - [The Guardian] Attempt 1/1: Trying with 'requests_browser' strategy...
2025-11-30 22:45:17,708 - INFO - [The Hindu] Page content loaded.
2025-11-30 22:45:17,834 - INFO - [The Guardian] Success with 'requests_browser'. Found content (670 words).
2025-11-30 22:45:17,901 - INFO - [BBC] Article: https://www.bbc.com/news/articles/ce865kpdzz8o?at_medium=RSS&at_campaign=rss
2025-11-30 22:45:17,901 - INFO - [BBC] Attempt 1/1: Trying with 'requests_browser' strategy...
2025-11-30 22:45:17,968 - INFO - Duplicate article skipped: More than 670 NSW pokies venues to be stripped of ability to stay open after 4am | New South Wales | The Guardian from The Guardian
2025-11-30 22:45:18,100 - INFO - [BBC] Success with 'requests_browser'. Found content (356 words).
2025-11-30 22:45:18,173 - INFO - [The Hindu] Success with 'selenium_browser'. Found content (460 words).
2025-11-30 22:45:18,528 - INFO - Duplicate article skipped: Australian prime minister Albanese becomes first to wed in office from BBC
2025-11-30 22:45:18,697 - INFO - Duplicate article skipped: SIR extension proves that the revision is a hurried process, says Trinamool - The Hindu from The Hindu
2025-11-30 22:45:19,329 - INFO - [The Guardian] Article: https://www.theguardian.com/australia-news/2025/dec/01/gen-z-suicide-self-harm-more-other-generations
2025-11-30 22:45:19,329 - INFO - [The Guardian] Attempt 1/1: Trying with 'requests_browser' strategy...
2025-11-30 22:45:19,579 - INFO - [The Guardian] Success with 'requests_browser'. Found content (734 words).
2025-11-30 22:45:19,661 - INFO - Duplicate article skipped: Gen Z Australians are attempting suicide and self-harming more than previous generations, study finds | Health | The Guardian from The Guardian
2025-11-30 22:45:19,672 - INFO - [BBC] Article: https://www.bbc.com/news/articles/cx2gylngx7go?at_medium=RSS&at_campaign=rss
2025-11-30 22:45:19,672 - INFO - [BBC] Attempt 1/1: Trying with 'requests_browser' strategy...
2025-11-30 22:45:19,943 - INFO - [BBC] Success with 'requests_browser'. Found content (625 words).
2025-11-30 22:45:20,060 - INFO - [The Hindu] Article: https://www.thehindu.com/news/national/kerala/young-candidates-infuse-new-energy-into-poll-campaign/article70342671.ece
2025-11-30 22:45:20,060 - INFO - [The Hindu] Attempt 1/1: Trying with 'selenium_browser' strategy...
2025-11-30 22:45:20,136 - INFO - Duplicate article skipped: Russian strikes cause power outages for more than 600,000 in Ukraine from BBC
2025-11-30 22:45:20,724 - INFO - [The Guardian] Article: https://www.theguardian.com/australia-news/2025/dec/01/senior-queensland-police-defended-detectives-victim-blaming-comments-hannah-clarke-murder
2025-11-30 22:45:20,724 - INFO - [The Guardian] Attempt 1/1: Trying with 'requests_browser' strategy...
2025-11-30 22:45:21,026 - INFO - [BBC] Article: https://www.bbc.com/news/articles/c4gp9d28p74o?at_medium=RSS&at_campaign=rss
2025-11-30 22:45:21,026 - INFO - [BBC] Attempt 1/1: Trying with 'requests_browser' strategy...
2025-11-30 22:45:21,136 - INFO - [The Guardian] Success with 'requests_browser'. Found content (932 words).
2025-11-30 22:45:21,314 - INFO - Duplicate article skipped: ‘Victim blaming’ comments after Hannah Clarke murders were part of botched police media strategy | Australian police and policing | The Guardian from The Guardian
2025-11-30 22:45:21,391 - INFO - [BBC] Success with 'requests_browser'. Found content (430 words).
2025-11-30 22:45:21,586 - INFO - Duplicate article skipped: Airbus: Flights resume as normal after software update warning from BBC
2025-11-30 22:45:23,013 - INFO - [BBC] Article: https://www.bbc.com/news/articles/cvgj9dd983xo?at_medium=RSS&at_campaign=rss
2025-11-30 22:45:23,013 - INFO - [BBC] Attempt 1/1: Trying with 'requests_browser' strategy...
2025-11-30 22:45:23,185 - INFO - [BBC] Success with 'requests_browser'. Found content (790 words).
2025-11-30 22:45:23,787 - INFO - Duplicate article skipped: Nigeria blames jihadist groups for wave of kidnappings but others accuse criminal gangs from BBC
2025-11-30 22:45:25,175 - INFO - [BBC] Article: https://www.bbc.com/news/articles/c1kpm0rvxepo?at_medium=RSS&at_campaign=rss
2025-11-30 22:45:25,175 - INFO - [BBC] Attempt 1/1: Trying with 'requests_browser' strategy...
2025-11-30 22:45:25,204 - INFO - [BBC] Success with 'requests_browser'. Found content (557 words).
2025-11-30 22:45:25,248 - INFO - Duplicate article skipped: Trump says he will pardon ex-Honduras president convicted of drug trafficking from BBC
2025-11-30 22:45:27,022 - INFO - [The Hindu] Page content loaded.
2025-11-30 22:45:27,152 - INFO - [The Hindu] Success with 'selenium_browser'. Found content (586 words).
2025-11-30 22:45:27,275 - INFO - Duplicate article skipped: Young candidates infuse new energy into poll campaign - The Hindu from The Hindu
2025-11-30 22:45:28,177 - INFO - [The Hindu] Article: https://www.thehindu.com/news/cities/chennai/aids-society-of-india-calls-for-measures-to-achieve-zero-infections/article70338331.ece
2025-11-30 22:45:28,177 - INFO - [The Hindu] Attempt 1/1: Trying with 'selenium_browser' strategy...
2025-11-30 22:45:28,783 - INFO - [The Hindu] Page content loaded.
2025-11-30 22:45:28,875 - INFO - [The Hindu] Success with 'selenium_browser'. Found content (313 words).
2025-11-30 22:45:28,967 - INFO - Duplicate article skipped: AIDS Society of India calls for measures to achieve zero infections - The Hindu from The Hindu
2025-11-30 22:45:30,205 - INFO - [The Hindu] Article: https://www.thehindu.com/news/national/karnataka/bengaluru-autorickshaw-driver-abducts-traffic-cop-after-causing-accident/article70341791.ece
2025-11-30 22:45:30,205 - INFO - [The Hindu] Attempt 1/1: Trying with 'selenium_browser' strategy...
2025-11-30 22:45:32,787 - INFO - [The Hindu] Page content loaded.
2025-11-30 22:45:32,912 - INFO - [The Hindu] Success with 'selenium_browser'. Found content (294 words).
2025-11-30 22:45:32,985 - INFO - Duplicate article skipped: Bengaluru: Autorickshaw driver ‘abducts’ traffic cop after causing accident - The Hindu from The Hindu
2025-11-30 22:45:34,300 - INFO - [The Hindu] Article: https://www.thehindu.com/news/national/maharashtra/bjp-has-been-splitting-parties-for-its-entire-history-maharashtra-minister/article70342696.ece
2025-11-30 22:45:34,300 - INFO - [The Hindu] Attempt 1/1: Trying with 'selenium_browser' strategy...
2025-11-30 22:45:34,911 - INFO - [The Hindu] Page content loaded.
2025-11-30 22:45:35,015 - INFO - [The Hindu] Success with 'selenium_browser'. Found content (276 words).
2025-11-30 22:45:35,103 - INFO - Duplicate article skipped: BJP has been ‘splitting parties’ for its entire history: Maharashtra minister - The Hindu from The Hindu
2025-11-30 22:45:36,216 - INFO - [The Hindu] Article: https://www.thehindu.com/news/national/tamil-nadu/prohibition-is-a-national-subject-not-restricted-to-tamil-nadu-thirumavalavan/article70342012.ece
2025-11-30 22:45:36,216 - INFO - [The Hindu] Attempt 1/1: Trying with 'selenium_browser' strategy...
2025-11-30 22:45:37,077 - INFO - [The Hindu] Page content loaded.
2025-11-30 22:45:37,175 - INFO - [The Hindu] Success with 'selenium_browser'. Found content (316 words).
2025-11-30 22:45:37,285 - INFO - Duplicate article skipped: Prohibition is a national subject, not restricted to Tamil Nadu: Thirumavalavan - The Hindu from The Hindu
2025-11-30 22:45:37,866 - INFO - [The Hindu] Article: https://www.thehindu.com/news/national/kerala/munambam-action-council-calls-off-protest-splinter-group-takes-it-further/article70342475.ece
2025-11-30 22:45:37,866 - INFO - [The Hindu] Attempt 1/1: Trying with 'selenium_browser' strategy...
2025-11-30 22:45:38,719 - INFO - [The Hindu] Page content loaded.
2025-11-30 22:45:38,879 - INFO - [The Hindu] Success with 'selenium_browser'. Found content (245 words).
2025-11-30 22:45:38,962 - INFO - Duplicate article skipped: Munambam action council calls off protest, splinter group takes it further - The Hindu from The Hindu
2025-11-30 22:45:39,633 - INFO - [The Hindu] Article: https://www.thehindu.com/news/national/west-bengal/west-bengal-government-directs-digitisation-of-waqf-properties-on-umeed-portal/article70342704.ece
2025-11-30 22:45:39,633 - INFO - [The Hindu] Attempt 1/1: Trying with 'selenium_browser' strategy...
2025-11-30 22:45:40,434 - INFO - [The Hindu] Page content loaded.
2025-11-30 22:45:40,574 - INFO - [The Hindu] Success with 'selenium_browser'. Found content (457 words).
2025-11-30 22:45:40,680 - INFO - Duplicate article skipped: West Bengal government directs digitisation of waqf properties on UMEED portal - The Hindu from The Hindu
2025-11-30 22:45:41,496 - INFO - [The Hindu] Article: https://www.thehindu.com/news/national/kerala/two-outgoing-chairpersons-try-their-luck-again-in-kalamassery-eloor-municipalities/article70307689.ece
2025-11-30 22:45:41,496 - INFO - [The Hindu] Attempt 1/1: Trying with 'selenium_browser' strategy...
2025-11-30 22:45:42,700 - INFO - [The Hindu] Page content loaded.
2025-11-30 22:45:42,796 - INFO - [The Hindu] Success with 'selenium_browser'. Found content (311 words).
2025-11-30 22:45:42,889 - INFO - Duplicate article skipped: Two outgoing chairpersons try their luck again in Kalamassery, Eloor municipalities - The Hindu from The Hindu
2025-11-30 22:45:43,870 - INFO - [The Hindu] Article: https://www.thehindu.com/news/national/kerala/more-than-300-indians-evacuated-from-flood-hit-sri-lanka-iaf-provides-assistance-in-rescue-and-relief-operations/article70342970.ece
2025-11-30 22:45:43,870 - INFO - [The Hindu] Attempt 1/1: Trying with 'selenium_browser' strategy...
2025-11-30 22:45:44,675 - INFO - [The Hindu] Page content loaded.
2025-11-30 22:45:44,791 - INFO - [The Hindu] Success with 'selenium_browser'. Found content (304 words).
2025-11-30 22:45:44,881 - INFO - Duplicate article skipped: More than 300 Indians evacuated from flood-hit Sri Lanka, IAF provides assistance in rescue and relief operations - The Hindu from The Hindu
2025-11-30 22:45:46,203 - INFO - [The Hindu] Article: https://www.thehindu.com/news/national/bangladeshi-nationals-return-in-large-numbers-via-hakimpur-border-checkpost-as-sir-fears-rise/article70339047.ece
2025-11-30 22:45:46,203 - INFO - [The Hindu] Attempt 1/1: Trying with 'selenium_browser' strategy...
2025-11-30 22:45:48,077 - INFO - [The Hindu] Page content loaded.
2025-11-30 22:45:48,141 - INFO - [The Hindu] Success with 'selenium_browser'. Found content (724 words).
2025-11-30 22:45:48,200 - INFO - Duplicate article skipped: Bangladeshi nationals leave India via Hakimpur border checkpost amid rising SIR fears - The Hindu from The Hindu
2025-11-30 22:45:49,068 - INFO - [The Hindu] Article: https://www.thehindu.com/news/national/kerala/top-leaders-add-zest-to-campaigning-in-kozhikode-corporation/article70342365.ece
2025-11-30 22:45:49,068 - INFO - [The Hindu] Attempt 1/1: Trying with 'selenium_browser' strategy...
2025-11-30 22:45:49,662 - INFO - [The Hindu] Page content loaded.
2025-11-30 22:45:49,757 - INFO - [The Hindu] Success with 'selenium_browser'. Found content (407 words).
2025-11-30 22:45:49,841 - INFO - Duplicate article skipped: Top leaders add zest to campaigning in Kozhikode Corporation - The Hindu from The Hindu
2025-11-30 22:45:50,424 - INFO - [The Hindu] Article: https://www.thehindu.com/news/national/assam/assam-cm-stoking-conflict-between-communities-says-gaurav-gogoi-after-report-on-st-status-for-six-groups/article70342653.ece
2025-11-30 22:45:50,424 - INFO - [The Hindu] Attempt 1/1: Trying with 'selenium_browser' strategy...
2025-11-30 22:46:50,440 - ERROR - [The Hindu] Request failed for strategy 'selenium_browser' on URL https://www.thehindu.com/news/national/assam/assam-cm-stoking-conflict-between-communities-says-gaurav-gogoi-after-report-on-st-status-for-six-groups/article70342653.ece: Message: timeout: Timed out receiving message from renderer: 59.780
  (Session info: chrome=142.0.7444.162)
Stacktrace:
#0 0x55f2fa1cd32a <unknown>
#1 0x55f2f9c19e4b <unknown>
#2 0x55f2f9c01e0d <unknown>
#3 0x55f2f9c01af0 <unknown>
#4 0x55f2f9bff8ff <unknown>
#5 0x55f2f9c0027f <unknown>
#6 0x55f2f9c0eca3 <unknown>
#7 0x55f2f9c28601 <unknown>
#8 0x55f2f9c2ee0b <unknown>
#9 0x55f2f9c009bd <unknown>
#10 0x55f2f9c283a7 <unknown>
#11 0x55f2f9cb9170 <unknown>
#12 0x55f2f9c5ec1a <unknown>
#13 0x55f2f9c5f921 <unknown>
#14 0x55f2fa194239 <unknown>
#15 0x55f2fa1971e8 <unknown>
#16 0x55f2fa17d4c9 <unknown>
#17 0x55f2fa197db5 <unknown>
#18 0x55f2fa164e93 <unknown>
#19 0x55f2fa1ba098 <unknown>
#20 0x55f2fa1ba273 <unknown>
#21 0x55f2fa1cc2c3 <unknown>
#22 0x7f5f6589caa4 <unknown>
#23 0x7f5f65929c6c <unknown>

2025-11-30 22:46:50,440 - ERROR - [The Hindu] All scrape strategies failed for https://www.thehindu.com/news/national/assam/assam-cm-stoking-conflict-between-communities-says-gaurav-gogoi-after-report-on-st-status-for-six-groups/article70342653.ece. Falling back to RSS description.
2025-11-30 22:46:50,440 - INFO - Duplicate article skipped: Assam CM is stoking conflict, says Gaurav Gogoi from The Hindu
2025-11-30 22:46:51,740 - INFO - [The Hindu] Article: https://www.thehindu.com/news/national/tripura/ipft-to-hold-protest-in-delhi-demanding-autonomous-tipra-territorial-council-through-constitutional-amendment/article70342830.ece
2025-11-30 22:46:51,740 - INFO - [The Hindu] Attempt 1/1: Trying with 'selenium_browser' strategy...
2025-11-30 22:46:52,406 - INFO - [The Hindu] Page content loaded.
2025-11-30 22:46:52,829 - INFO - [The Hindu] Success with 'selenium_browser'. Found content (295 words).
2025-11-30 22:46:52,895 - INFO - Duplicate article skipped: IPFT to hold protest in Delhi demanding autonomous Tipra Territorial Council through Constitutional amendment - The Hindu from The Hindu
2025-11-30 22:46:53,433 - INFO - [The Hindu] Article: https://www.thehindu.com/news/national/kerala/army-truck-gets-stuck-under-tree-branch-briefly-disrupts-traffic-at-pappanamcode/article70342645.ece
2025-11-30 22:46:53,433 - INFO - [The Hindu] Attempt 1/1: Trying with 'selenium_browser' strategy...
2025-11-30 22:46:54,252 - INFO - [The Hindu] Page content loaded.
2025-11-30 22:46:54,359 - INFO - [The Hindu] Success with 'selenium_browser'. Found content (119 words).
2025-11-30 22:46:54,451 - INFO - Duplicate article skipped: Army truck gets stuck under tree branch; briefly disrupts traffic at Pappanamcode - The Hindu from The Hindu
2025-11-30 22:46:55,527 - INFO - [The Hindu] Article: https://www.thehindu.com/news/national/andhra-pradesh/mla-launches-development-works-in-krishna-district/article70342693.ece
2025-11-30 22:46:55,527 - INFO - [The Hindu] Attempt 1/1: Trying with 'selenium_browser' strategy...
2025-11-30 22:46:57,297 - INFO - [The Hindu] Page content loaded.
2025-11-30 22:46:57,355 - INFO - [The Hindu] Success with 'selenium_browser'. Found content (86 words).
2025-11-30 22:46:57,415 - INFO - Duplicate article skipped: MLA launches development works in Krishna district - The Hindu from The Hindu
2025-11-30 22:46:58,273 - INFO - [The Hindu] Article: https://www.thehindu.com/news/national/kerala/bjp-promises-to-make-thiruvananthapuram-an-olympics-venue/article70342037.ece
2025-11-30 22:46:58,273 - INFO - [The Hindu] Attempt 1/1: Trying with 'selenium_browser' strategy...
2025-11-30 22:46:58,930 - INFO - [The Hindu] Page content loaded.
2025-11-30 22:46:59,073 - INFO - [The Hindu] Success with 'selenium_browser'. Found content (113 words).
2025-11-30 22:46:59,164 - INFO - Duplicate article skipped: BJP promises to make Thiruvananthapuram an Olympics venue - The Hindu from The Hindu
2025-11-30 22:47:00,065 - INFO - [The Hindu] Article: https://www.thehindu.com/news/national/rajasthan/order-directing-rajasthan-schools-to-mark-dec-6-as-shaurya-diwas-recalled/article70342376.ece
2025-11-30 22:47:00,065 - INFO - [The Hindu] Attempt 1/1: Trying with 'selenium_browser' strategy...
2025-11-30 22:47:00,725 - INFO - [The Hindu] Page content loaded.
2025-11-30 22:47:00,801 - INFO - [The Hindu] Success with 'selenium_browser'. Found content (416 words).
2025-11-30 22:47:00,883 - INFO - Duplicate article skipped: Rajasthan revokes controversial order to mark December 6 as Shaurya Diwas after drawing flak - The Hindu from The Hindu
2025-11-30 22:47:01,723 - INFO - [The Hindu] Article: https://www.thehindu.com/news/national/kerala/244-counting-centres-for-kerala-local-body-polls/article70342449.ece
2025-11-30 22:47:01,723 - INFO - [The Hindu] Attempt 1/1: Trying with 'selenium_browser' strategy...
2025-11-30 22:47:02,512 - INFO - [The Hindu] Page content loaded.
2025-11-30 22:47:02,672 - INFO - [The Hindu] Success with 'selenium_browser'. Found content (175 words).
2025-11-30 22:47:02,751 - INFO - Duplicate article skipped: 244 counting centres for Kerala local body polls - The Hindu from The Hindu
2025-11-30 22:47:03,700 - ERROR - [Times of India] Request failed for strategy 'selenium_browser' on URL https://timesofindia.indiatimes.com/world/us/he-was-radicalised-in-the-us-kristi-noem-claims-dc-shooting-suspect-was-unvetted-by-the-biden-administration/articleshow/125677323.cms: HTTPConnectionPool(host='localhost', port=51285): Read timed out. (read timeout=120)
2025-11-30 22:47:03,700 - ERROR - [Times of India] All scrape strategies failed for https://timesofindia.indiatimes.com/world/us/he-was-radicalised-in-the-us-kristi-noem-claims-dc-shooting-suspect-was-unvetted-by-the-biden-administration/articleshow/125677323.cms. Falling back to RSS description.
2025-11-30 22:47:03,701 - INFO - Duplicate article skipped: ‘He was radicalised in the US’: Kristi Noem claims DC shooting suspect was ‘unvetted’ from Times of India
2025-11-30 22:47:03,928 - INFO - [The Hindu] (Thread) Finished. Attempting to shut down its Selenium driver.
2025-11-30 22:47:04,103 - INFO - [The Hindu] (Thread) driver.quit() successful.
2025-11-30 22:47:04,921 - INFO - [Times of India] Article: https://timesofindia.indiatimes.com/world/rest-of-world/global-first-turkish-uav-shoots-down-aircraft-with-bvr-air-to-air-missile-company-lauds-pinpoint-accuracy-watch/articleshow/125674346.cms
2025-11-30 22:47:04,921 - INFO - [Times of India] Attempt 1/1: Trying with 'selenium_browser' strategy...
2025-11-30 22:49:05,022 - ERROR - [Times of India] Request failed for strategy 'selenium_browser' on URL https://timesofindia.indiatimes.com/world/rest-of-world/global-first-turkish-uav-shoots-down-aircraft-with-bvr-air-to-air-missile-company-lauds-pinpoint-accuracy-watch/articleshow/125674346.cms: HTTPConnectionPool(host='localhost', port=51285): Read timed out. (read timeout=120)
2025-11-30 22:49:05,022 - ERROR - [Times of India] All scrape strategies failed for https://timesofindia.indiatimes.com/world/rest-of-world/global-first-turkish-uav-shoots-down-aircraft-with-bvr-air-to-air-missile-company-lauds-pinpoint-accuracy-watch/articleshow/125674346.cms. Falling back to RSS description.
2025-11-30 22:49:05,023 - INFO - Duplicate article skipped: 'Global first': Turkey's drone shoots down aircraft with air-to-air missile - watch from Times of India
2025-11-30 22:49:05,843 - INFO - [Times of India] Article: https://timesofindia.indiatimes.com/world/uk/british-man-arrested-for-posing-with-a-gun-in-us-elon-musk-furious/articleshow/125674330.cms
2025-11-30 22:49:05,843 - INFO - [Times of India] Attempt 1/1: Trying with 'selenium_browser' strategy...
2025-11-30 22:49:55,046 - CRITICAL - --- TIMEOUT: 1 scrape jobs did not complete in 300s. ---
2025-11-30 22:49:55,047 - ERROR - A thread has timed out and will be abandoned.
2025-11-30 22:49:55,047 - INFO - Shutting down thread pool (wait=False)...
2025-11-30 22:49:55,047 - INFO - Scraped: 0 The Guardian, 0 BBC, 0 The Hindu, 1 Timed_Out_Jobs articles. (Total saved: 0)
2025-11-30 22:49:55,047 - INFO - --- Scraping job finished ---
2025-11-30 22:49:55,047 - INFO - --- Scraper service stopped and database connection closed. ---
2025-11-30 22:49:55,047 - INFO - --- Main thread finished. Forcing process exit to kill zombie threads. ---
