2025-12-01 20:26:53,707 - INFO - Loading AI Semantic Model (all-MiniLM-L6-v2)...
2025-12-01 20:26:53,707 - INFO - Use pytorch device_name: cpu
2025-12-01 20:26:53,707 - INFO - Load pretrained SentenceTransformer: all-MiniLM-L6-v2
2025-12-01 20:26:55,204 - INFO - AI Model loaded successfully.
2025-12-01 20:26:55,205 - INFO - Initializing database connection at: news_articles.db
2025-12-01 20:26:55,205 - INFO - --- Scraper service started (CI Mode: Run Once) ---
2025-12-01 20:26:55,205 - INFO - --- Starting new scraping job (Parallel Mode) ---
2025-12-01 20:26:55,205 - INFO - Creating new robust session with 3 retries on 5xx/connection/read errors.
2025-12-01 20:26:55,205 - INFO - Proxy is DISABLED.
2025-12-01 20:26:55,205 - INFO - Starting scrape for BBC RSS feed: http://feeds.bbci.co.uk/news/world/rss.xml
2025-12-01 20:26:55,206 - INFO - [Times of India] (Thread) requires Selenium. Initializing driver...
2025-12-01 20:26:55,206 - INFO - Initializing headless Selenium Chrome driver (using SeleniumManager)...
2025-12-01 20:26:55,207 - INFO - Starting scrape for The Guardian RSS feed: https://www.theguardian.com/world/rss
2025-12-01 20:26:55,208 - INFO - [The Hindu] (Thread) requires Selenium. Initializing driver...
2025-12-01 20:26:55,208 - INFO - Initializing headless Selenium Chrome driver (using SeleniumManager)...
2025-12-01 20:26:55,208 - INFO - Submitted 4 jobs to thread pool. Waiting up to 300s for completion...
2025-12-01 20:26:55,421 - INFO - Found 45 articles in The Guardian RSS feed. Processing up to 20.
2025-12-01 20:26:55,421 - INFO - [The Guardian] Article: https://www.theguardian.com/world/2025/dec/01/south-africans-court-alleged-recruitment-russia-war-ukraine
2025-12-01 20:26:55,421 - INFO - [The Guardian] Attempt 1/1: Trying with 'requests_browser' strategy...
2025-12-01 20:26:55,429 - INFO - Found 41 articles in BBC RSS feed. Processing up to 20.
2025-12-01 20:26:55,429 - INFO - [BBC] Article: https://www.bbc.com/news/articles/c1m8nmx75evo?at_medium=RSS&at_campaign=rss
2025-12-01 20:26:55,429 - INFO - [BBC] Attempt 1/1: Trying with 'requests_browser' strategy...
2025-12-01 20:26:55,597 - INFO - [The Guardian] Success with 'requests_browser'. Found content (506 words).
2025-12-01 20:26:55,648 - INFO - Duplicate article skipped: Five South Africans in court over alleged recruitment for Russia’s war in Ukraine | South Africa | The Guardian from The Guardian
2025-12-01 20:26:55,764 - INFO - [BBC] Success with 'requests_browser'. Found content (823 words).
2025-12-01 20:26:55,800 - INFO - Duplicate article skipped: Zelensky says Ukraine territory 'most difficult' issue, as US envoy prepares to meet Putin from BBC
2025-12-01 20:26:56,600 - INFO - [The Guardian] Article: https://www.theguardian.com/global-development/2025/dec/01/global-health-hiv-aids-funding-cuts-infections-prevention
2025-12-01 20:26:56,600 - INFO - [The Guardian] Attempt 1/1: Trying with 'requests_browser' strategy...
2025-12-01 20:26:56,632 - INFO - [The Guardian] Success with 'requests_browser'. Found content (674 words).
2025-12-01 20:26:56,670 - INFO - Duplicate article skipped: Aid cuts have shaken HIV/Aids care to its core – and will mean millions more infections ahead | Global health | The Guardian from The Guardian
2025-12-01 20:26:56,731 - INFO - [BBC] Article: https://www.bbc.com/news/articles/cewjg272dq9o?at_medium=RSS&at_campaign=rss
2025-12-01 20:26:56,731 - INFO - [BBC] Attempt 1/1: Trying with 'requests_browser' strategy...
2025-12-01 20:26:56,779 - INFO - [BBC] Success with 'requests_browser'. Found content (582 words).
2025-12-01 20:26:56,816 - INFO - Duplicate article skipped: Alina Habba: Appeals court disqualifies ex-Trump lawyer as New Jersey prosecutor from BBC
2025-12-01 20:26:57,428 - INFO - [BBC] Article: https://www.bbc.com/news/articles/czrk7g50e1po?at_medium=RSS&at_campaign=rss
2025-12-01 20:26:57,428 - INFO - [BBC] Attempt 1/1: Trying with 'requests_browser' strategy...
2025-12-01 20:26:57,470 - INFO - [BBC] Success with 'requests_browser'. Found content (1693 words).
2025-12-01 20:26:57,509 - INFO - Duplicate article skipped: WW1 toxic compound sprayed on Georgian protesters, BBC evidence suggests from BBC
2025-12-01 20:26:57,966 - INFO - [The Guardian] Article: https://www.theguardian.com/world/2025/nov/30/african-leaders-push-for-recognition-of-colonial-crimes-and-reparations
2025-12-01 20:26:57,966 - INFO - [The Guardian] Attempt 1/1: Trying with 'requests_browser' strategy...
2025-12-01 20:26:58,000 - INFO - [The Guardian] Success with 'requests_browser'. Found content (670 words).
2025-12-01 20:26:58,045 - INFO - Duplicate article skipped: African leaders push for recognition of colonial crimes and reparations | Colonialism | The Guardian from The Guardian
2025-12-01 20:26:58,497 - INFO - [BBC] Article: https://www.bbc.com/news/articles/ckg9204y4w5o?at_medium=RSS&at_campaign=rss
2025-12-01 20:26:58,497 - INFO - [BBC] Attempt 1/1: Trying with 'requests_browser' strategy...
2025-12-01 20:26:58,539 - INFO - [BBC] Success with 'requests_browser'. Found content (682 words).
2025-12-01 20:26:58,709 - INFO - Duplicate article skipped: Anicet Ekane: Cameroon opposition firebrand dies in detention aged 74 from BBC
2025-12-01 20:26:58,954 - INFO - [The Guardian] Article: https://www.theguardian.com/world/2025/nov/28/jacob-zuma-daughter-resigns-claims-south-africans-tricked-fight-russia
2025-12-01 20:26:58,954 - INFO - [The Guardian] Attempt 1/1: Trying with 'requests_browser' strategy...
2025-12-01 20:26:58,984 - INFO - [The Guardian] Success with 'requests_browser'. Found content (753 words).
2025-12-01 20:26:59,022 - INFO - Duplicate article skipped: Jacob Zuma’s daughter resigns amid claims South Africans tricked to fight for Russia | South Africa | The Guardian from The Guardian
2025-12-01 20:26:59,473 - INFO - [BBC] Article: https://www.bbc.com/news/articles/cx2dgp8mvmno?at_medium=RSS&at_campaign=rss
2025-12-01 20:26:59,473 - INFO - [BBC] Attempt 1/1: Trying with 'requests_browser' strategy...
2025-12-01 20:26:59,514 - INFO - [BBC] Success with 'requests_browser'. Found content (775 words).
2025-12-01 20:26:59,549 - INFO - Duplicate article skipped: Honduras election on a knife edge as Trump-backed man slightly ahead from BBC
2025-12-01 20:27:00,177 - INFO - [The Guardian] Article: https://www.theguardian.com/environment/2025/nov/28/africa-forests-transformed-carbon-sink-carbon-source-study
2025-12-01 20:27:00,177 - INFO - [The Guardian] Attempt 1/1: Trying with 'requests_browser' strategy...
2025-12-01 20:27:00,209 - INFO - [The Guardian] Success with 'requests_browser'. Found content (458 words).
2025-12-01 20:27:00,245 - INFO - Duplicate article skipped: Africa’s forests transformed from carbon sink to carbon source, study finds | Climate crisis | The Guardian from The Guardian
2025-12-01 20:27:00,435 - INFO - [BBC] Article: https://www.bbc.com/news/articles/c4g4enlp6kzo?at_medium=RSS&at_campaign=rss
2025-12-01 20:27:00,435 - INFO - [BBC] Attempt 1/1: Trying with 'requests_browser' strategy...
2025-12-01 20:27:00,473 - INFO - [BBC] Success with 'requests_browser'. Found content (870 words).
2025-12-01 20:27:00,510 - INFO - Duplicate article skipped: Indonesia floods death toll passes 500 from BBC
2025-12-01 20:27:01,043 - INFO - [The Guardian] Article: https://www.theguardian.com/us-news/live/2025/dec/01/donald-trump-pete-hegseth-caribbean-boats-venezuela-immigration-us-politics-latest-news-updates
2025-12-01 20:27:01,043 - INFO - [The Guardian] Attempt 1/1: Trying with 'requests_browser' strategy...
2025-12-01 20:27:01,153 - INFO - [BBC] Article: https://www.bbc.com/news/articles/c79x8285n29o?at_medium=RSS&at_campaign=rss
2025-12-01 20:27:01,153 - INFO - [BBC] Attempt 1/1: Trying with 'requests_browser' strategy...
2025-12-01 20:27:01,279 - INFO - [The Guardian] Success with 'requests_browser'. Found content (3549 words).
2025-12-01 20:27:01,388 - INFO - Duplicate article skipped: White House says second strike on vessel was legal and conducted in ‘self defense’ amid scrutiny – live | Trump administration | The Guardian from The Guardian
2025-12-01 20:27:01,394 - INFO - [BBC] Success with 'requests_browser'. Found content (439 words).
2025-12-01 20:27:01,434 - INFO - Duplicate article skipped: Nigeria's kidnap crisis: Pastor abducted in Kogi state and a bride in Sokoto from BBC
2025-12-01 20:27:02,133 - INFO - [The Guardian] Article: https://www.theguardian.com/world/2025/dec/01/mexico-kill-drug-trafficker-el-pichon-pedro-inzunza-coronel
2025-12-01 20:27:02,133 - INFO - [The Guardian] Attempt 1/1: Trying with 'requests_browser' strategy...
2025-12-01 20:27:02,159 - INFO - [The Guardian] Success with 'requests_browser'. Found content (385 words).
2025-12-01 20:27:02,195 - INFO - Duplicate article skipped: Mexican authorities kill one of country’s top fentanyl traffickers | Mexico | The Guardian from The Guardian
2025-12-01 20:27:02,398 - INFO - [BBC] Article: https://www.bbc.com/news/articles/cz0n1rm95yxo?at_medium=RSS&at_campaign=rss
2025-12-01 20:27:02,398 - INFO - [BBC] Attempt 1/1: Trying with 'requests_browser' strategy...
2025-12-01 20:27:02,434 - INFO - [BBC] Success with 'requests_browser'. Found content (254 words).
2025-12-01 20:27:02,466 - INFO - Duplicate article skipped: Peru landslide: 12 killed after two boats hit in Amazon rainforest from BBC
2025-12-01 20:27:02,697 - INFO - [The Guardian] Article: https://www.theguardian.com/us-news/2025/dec/01/trump-pardon-juan-orlando-hernandez-honduras-former-president
2025-12-01 20:27:02,697 - INFO - [The Guardian] Attempt 1/1: Trying with 'requests_browser' strategy...
2025-12-01 20:27:02,725 - INFO - [The Guardian] Success with 'requests_browser'. Found content (938 words).
2025-12-01 20:27:02,761 - INFO - Duplicate article skipped: Trump’s pardon of Honduras’s ex-president shows counter-drug effort is ‘based on lies and hypocrisy’ | US foreign policy | The Guardian from The Guardian
2025-12-01 20:27:03,514 - INFO - [BBC] Article: https://www.bbc.com/news/articles/c7vmn61l75ro?at_medium=RSS&at_campaign=rss
2025-12-01 20:27:03,514 - INFO - [BBC] Attempt 1/1: Trying with 'requests_browser' strategy...
2025-12-01 20:27:03,546 - INFO - [BBC] Success with 'requests_browser'. Found content (376 words).
2025-12-01 20:27:03,588 - INFO - Duplicate article skipped: Trump releases fraudster executive days into prison sentence from BBC
2025-12-01 20:27:04,036 - INFO - [The Guardian] Article: https://www.theguardian.com/world/2025/dec/01/haiti-armed-gangs-attack-artibonite
2025-12-01 20:27:04,036 - INFO - [The Guardian] Attempt 1/1: Trying with 'requests_browser' strategy...
2025-12-01 20:27:04,066 - INFO - [The Guardian] Success with 'requests_browser'. Found content (629 words).
2025-12-01 20:27:04,102 - INFO - Duplicate article skipped: Hundreds flee central Haiti after gangs launch large-scale attacks and burn homes | Haiti | The Guardian from The Guardian
2025-12-01 20:27:04,403 - INFO - Selenium driver initialized successfully.
2025-12-01 20:27:04,403 - INFO - Starting scrape for The Hindu RSS feed: https://www.thehindu.com/news/national/feeder/default.rss
2025-12-01 20:27:04,404 - INFO - Selenium driver initialized successfully.
2025-12-01 20:27:04,404 - INFO - Starting scrape for Times of India RSS feed: https://timesofindia.indiatimes.com/rssfeeds/296589292.cms
2025-12-01 20:27:04,604 - INFO - Found 100 articles in The Hindu RSS feed. Processing up to 20.
2025-12-01 20:27:04,604 - INFO - [The Hindu] Article: https://www.thehindu.com/news/national/madhya-pradesh/plea-in-indore-court-seeks-fir-against-ias-santosh-verma-over-controversial-remarks/article70346369.ece
2025-12-01 20:27:04,605 - INFO - [The Hindu] Attempt 1/1: Trying with 'selenium_browser' strategy...
2025-12-01 20:27:04,961 - INFO - [BBC] Article: https://www.bbc.com/news/articles/cj38xm5nmd7o?at_medium=RSS&at_campaign=rss
2025-12-01 20:27:04,961 - INFO - [BBC] Attempt 1/1: Trying with 'requests_browser' strategy...
2025-12-01 20:27:04,984 - INFO - Found 20 articles in Times of India RSS feed. Processing up to 20.
2025-12-01 20:27:04,984 - INFO - [Times of India] Article: https://timesofindia.indiatimes.com/world/us/excellent-overall-health-white-house-releases-donald-trumps-mri-exam-amid-speculations/articleshow/125703794.cms
2025-12-01 20:27:04,984 - INFO - [Times of India] Attempt 1/1: Trying with 'selenium_browser' strategy...
2025-12-01 20:27:05,016 - INFO - [BBC] Success with 'requests_browser'. Found content (1138 words).
2025-12-01 20:27:05,058 - INFO - Duplicate article skipped: Tulip Siddiq MP says Bangladesh jail sentence is 'deeply unfair' from BBC
2025-12-01 20:27:05,250 - INFO - [The Guardian] Article: https://www.theguardian.com/world/2025/dec/01/trump-maduro-ultimatum-relinquish-power-venezuela
2025-12-01 20:27:05,250 - INFO - [The Guardian] Attempt 1/1: Trying with 'requests_browser' strategy...
2025-12-01 20:27:05,286 - INFO - [The Guardian] Success with 'requests_browser'. Found content (498 words).
2025-12-01 20:27:05,346 - INFO - Duplicate article skipped: Trump reportedly gave Maduro ultimatum to relinquish power in Venezuela | Nicolás Maduro | The Guardian from The Guardian
2025-12-01 20:27:05,965 - INFO - [BBC] Article: https://www.bbc.com/news/articles/cp8zyp988zvo?at_medium=RSS&at_campaign=rss
2025-12-01 20:27:05,965 - INFO - [BBC] Attempt 1/1: Trying with 'requests_browser' strategy...
2025-12-01 20:27:06,035 - INFO - [BBC] Success with 'requests_browser'. Found content (847 words).
2025-12-01 20:27:06,096 - INFO - Duplicate article skipped: US lawmakers demand answers over Hegseth Venezuela boat strike reports from BBC
2025-12-01 20:27:06,571 - INFO - [The Guardian] Article: https://www.theguardian.com/world/2025/dec/01/asia-flood-sri-lanka-indonesia-deploy-military
2025-12-01 20:27:06,571 - INFO - [The Guardian] Attempt 1/1: Trying with 'requests_browser' strategy...
2025-12-01 20:27:06,633 - INFO - [BBC] Article: https://www.bbc.com/news/articles/cj01q6p7ndlo?at_medium=RSS&at_campaign=rss
2025-12-01 20:27:06,633 - INFO - [BBC] Attempt 1/1: Trying with 'requests_browser' strategy...
2025-12-01 20:27:06,695 - INFO - [BBC] Success with 'requests_browser'. Found content (409 words).
2025-12-01 20:27:06,764 - INFO - Duplicate article skipped: South Korea police say 120,000 home cameras hacked for 'sexploitation' footage from BBC
2025-12-01 20:27:07,006 - INFO - [The Guardian] Success with 'requests_browser'. Found content (759 words).
2025-12-01 20:27:07,159 - INFO - Duplicate article skipped: Sri Lanka and Indonesia deploy militaries as Asia floods death toll passes 1,100 | Asia Pacific | The Guardian from The Guardian
2025-12-01 20:27:08,034 - INFO - [BBC] Article: https://www.bbc.com/news/articles/c997n2zlegzo?at_medium=RSS&at_campaign=rss
2025-12-01 20:27:08,034 - INFO - [BBC] Attempt 1/1: Trying with 'requests_browser' strategy...
2025-12-01 20:27:08,185 - INFO - [BBC] Success with 'requests_browser'. Found content (653 words).
2025-12-01 20:27:08,609 - INFO - [The Guardian] Article: https://www.theguardian.com/world/live/2025/dec/01/death-toll-floods-indonesia-sri-lanka-malaysia-thailand-latest-updates-news-live
2025-12-01 20:27:08,609 - INFO - [The Guardian] Attempt 1/1: Trying with 'requests_browser' strategy...
2025-12-01 20:27:08,611 - INFO - [The Hindu] Page content loaded.
2025-12-01 20:27:08,715 - INFO - Duplicate article skipped: One Piece: Japanese singer Maki Otsuki stopped mid-show after China row from BBC
2025-12-01 20:27:08,863 - INFO - [The Guardian] Success with 'requests_browser'. Found content (1015 words).
2025-12-01 20:27:09,182 - INFO - Duplicate article skipped: Death toll passes 1,100 in devastating floods across Indonesia, Sri Lanka, Malaysia and Thailand – as it happened | South and central Asia | The Guardian from The Guardian
2025-12-01 20:27:09,251 - INFO - [BBC] Article: https://www.bbc.com/news/articles/c075zd0j2j3o?at_medium=RSS&at_campaign=rss
2025-12-01 20:27:09,251 - INFO - [BBC] Attempt 1/1: Trying with 'requests_browser' strategy...
2025-12-01 20:27:09,381 - INFO - [BBC] Success with 'requests_browser'. Found content (316 words).
2025-12-01 20:27:09,604 - INFO - Duplicate article skipped: Couple accused of cheating with spycam to win A$1.2m in Australian casino from BBC
2025-12-01 20:27:09,994 - INFO - [The Guardian] Article: https://www.theguardian.com/news/2025/dec/01/hong-kong-arrests-manslaughter-apartment-fires
2025-12-01 20:27:09,994 - INFO - [The Guardian] Attempt 1/1: Trying with 'requests_browser' strategy...
2025-12-01 20:27:10,209 - INFO - [The Guardian] Success with 'requests_browser'. Found content (763 words).
2025-12-01 20:27:10,339 - INFO - Duplicate article skipped: Hong Kong arrests 13 on suspicion of manslaughter over apartment fires | Hong Kong apartment fires | The Guardian from The Guardian
2025-12-01 20:27:10,373 - INFO - [The Hindu] Success with 'selenium_browser'. Found content (314 words).
2025-12-01 20:27:10,871 - INFO - [BBC] Article: https://www.bbc.com/news/articles/c4gv76r5qpvo?at_medium=RSS&at_campaign=rss
2025-12-01 20:27:10,872 - INFO - [BBC] Attempt 1/1: Trying with 'requests_browser' strategy...
2025-12-01 20:27:10,938 - INFO - [The Guardian] Article: https://www.theguardian.com/world/2025/nov/30/indonesia-thailand-floods
2025-12-01 20:27:10,938 - INFO - [The Guardian] Attempt 1/1: Trying with 'requests_browser' strategy...
2025-12-01 20:27:11,048 - INFO - [BBC] Success with 'requests_browser'. Found content (647 words).
2025-12-01 20:27:11,375 - INFO - [The Guardian] Success with 'requests_browser'. Found content (998 words).
2025-12-01 20:27:34,412 - INFO - Saved article: Plea in Indore court seeks FIR against IAS Santosh Verma over controversial remarks - The Hindu from The Hindu
2025-12-01 20:27:34,413 - INFO - Duplicate article skipped: Benjamin Netanyahu seeks pardon from Israel's president from BBC
2025-12-01 20:27:34,413 - INFO - Duplicate article skipped: Death toll passes 900 in Indonesia, Thailand and Sri Lanka floods | Extreme weather | The Guardian from The Guardian
2025-12-01 20:27:35,263 - INFO - [The Hindu] Article: https://www.thehindu.com/news/national/haryana/manesar-violence-terminated-maruti-workers-petition-for-reinstatement-junked/article70347036.ece
2025-12-01 20:27:35,263 - INFO - [The Hindu] Attempt 1/1: Trying with 'selenium_browser' strategy...
2025-12-01 20:27:35,431 - INFO - [BBC] Article: https://www.bbc.com/news/articles/c79x8x82gy4o?at_medium=RSS&at_campaign=rss
2025-12-01 20:27:35,431 - INFO - [BBC] Attempt 1/1: Trying with 'requests_browser' strategy...
2025-12-01 20:27:35,508 - INFO - [BBC] Success with 'requests_browser'. Found content (518 words).
2025-12-01 20:27:35,590 - INFO - Duplicate article skipped: Ludwig Minelli: Dignitas founder dies by assisted suicide aged 92, group says from BBC
2025-12-01 20:27:35,681 - INFO - [The Guardian] Article: https://www.theguardian.com/world/2025/nov/30/hong-kong-mourns-as-apartment-blaze-death-toll-rises
2025-12-01 20:27:35,682 - INFO - [The Guardian] Attempt 1/1: Trying with 'requests_browser' strategy...
2025-12-01 20:27:35,736 - INFO - [The Guardian] Success with 'requests_browser'. Found content (697 words).
2025-12-01 20:27:35,863 - INFO - Duplicate article skipped: Hong Kong mourns as apartment fire death toll rises to 146 | Hong Kong apartment fires | The Guardian from The Guardian
2025-12-01 20:27:36,200 - INFO - [BBC] Article: https://www.bbc.com/news/articles/cp34yk7z6yxo?at_medium=RSS&at_campaign=rss
2025-12-01 20:27:36,200 - INFO - [BBC] Attempt 1/1: Trying with 'requests_browser' strategy...
2025-12-01 20:27:36,332 - INFO - [BBC] Success with 'requests_browser'. Found content (713 words).
2025-12-01 20:27:36,459 - INFO - Duplicate article skipped: Hong Kong fire: Death toll rises to 146 as thousands pay their respects from BBC
2025-12-01 20:27:36,759 - INFO - [The Guardian] Article: https://www.theguardian.com/australia-news/live/2025/dec/02/australia-news-live-one-nation-liberal-coalition-barnaby-joyce-pauline-hanson-budget-estimates-labor-ai-plan-ntwnfb
2025-12-01 20:27:36,760 - INFO - [The Guardian] Attempt 1/1: Trying with 'requests_browser' strategy...
2025-12-01 20:27:36,973 - INFO - [The Guardian] Success with 'requests_browser'. Found content (989 words).
2025-12-01 20:27:37,185 - INFO - [BBC] Article: https://www.bbc.com/news/articles/cp9ky5z2gx0o?at_medium=RSS&at_campaign=rss
2025-12-01 20:27:37,186 - INFO - [BBC] Attempt 1/1: Trying with 'requests_browser' strategy...
2025-12-01 20:27:37,272 - INFO - [BBC] Success with 'requests_browser'. Found content (508 words).
2025-12-01 20:27:38,104 - INFO - [The Hindu] Page content loaded.
2025-12-01 20:27:38,231 - INFO - [The Hindu] Success with 'selenium_browser'. Found content (383 words).
2025-12-01 20:27:49,918 - INFO - Saved article: Australia news live: Canavan warns of One Nation threat to Liberals; BoM blames Covid for IT cost blowout | Australia news | The Guardian from The Guardian
2025-12-01 20:27:49,918 - INFO - Duplicate article skipped: Ukraine hits tankers in Black Sea in escalation against Russia from BBC
2025-12-01 20:27:50,574 - INFO - [The Guardian] Article: https://www.theguardian.com/australia-news/2025/dec/02/scathing-jobs-for-mates-review-finds-appointments-to-government-boards-routinely-abused
2025-12-01 20:27:50,575 - INFO - [The Guardian] Attempt 1/1: Trying with 'requests_browser' strategy...
2025-12-01 20:27:50,634 - INFO - [BBC] Article: https://www.bbc.com/news/articles/cvg81p61dnmo?at_medium=RSS&at_campaign=rss
2025-12-01 20:27:50,635 - INFO - [BBC] Attempt 1/1: Trying with 'requests_browser' strategy...
2025-12-01 20:27:50,686 - INFO - [BBC] Success with 'requests_browser'. Found content (583 words).
2025-12-01 20:27:50,940 - INFO - [The Guardian] Success with 'requests_browser'. Found content (705 words).
2025-12-01 20:28:00,759 - INFO - Saved article: Manesar violence: terminated Maruti worker’s petition for reinstatement junked - The Hindu from The Hindu
2025-12-01 20:28:00,760 - INFO - Duplicate article skipped: Three children among four killed in Stockton, California, shooting from BBC
2025-12-01 20:28:01,392 - INFO - [BBC] Article: https://www.bbc.com/news/articles/c741mpdyw9no?at_medium=RSS&at_campaign=rss
2025-12-01 20:28:01,393 - INFO - [BBC] Attempt 1/1: Trying with 'requests_browser' strategy...
2025-12-01 20:28:01,444 - INFO - [BBC] Success with 'requests_browser'. Found content (516 words).
2025-12-01 20:28:01,667 - INFO - [The Hindu] Article: https://www.thehindu.com/news/national/karnataka/no-compromise-on-pourakarmika-rights-says-safai-karmachari-commission-chief/article70346157.ece
2025-12-01 20:28:01,667 - INFO - [The Hindu] Attempt 1/1: Trying with 'selenium_browser' strategy...
2025-12-01 20:28:03,515 - INFO - [The Hindu] Page content loaded.
2025-12-01 20:28:03,592 - INFO - [The Hindu] Success with 'selenium_browser'. Found content (134 words).
2025-12-01 20:28:15,435 - INFO - Saved article: Scathing ‘jobs for mates’ review finds appointments to government boards routinely abused | Australian politics | The Guardian from The Guardian
2025-12-01 20:28:15,435 - INFO - Duplicate article skipped: Venezuela calls Trump airspace closure warning 'colonialist threat' from BBC
2025-12-01 20:28:16,469 - INFO - [The Guardian] Article: https://www.theguardian.com/australia-news/2025/dec/01/victoria-may-ban-unnecessary-surgery-intersex-children
2025-12-01 20:28:16,470 - INFO - [The Guardian] Attempt 1/1: Trying with 'requests_browser' strategy...
2025-12-01 20:28:16,664 - INFO - [The Guardian] Success with 'requests_browser'. Found content (586 words).
2025-12-01 20:28:26,831 - INFO - Saved article: No compromise on pourakarmika rights, says Safai Karmachari Commission Chief - The Hindu from The Hindu
2025-12-01 20:28:26,831 - INFO - Duplicate article skipped: Victoria could become first Australian state to ban unnecessary surgery on intersex children | Victorian politics | The Guardian from The Guardian
2025-12-01 20:28:27,407 - INFO - [The Guardian] Article: https://www.theguardian.com/environment/2025/dec/01/south-australia-oyster-shell-donation-reef-restoration
2025-12-01 20:28:27,408 - INFO - [The Guardian] Attempt 1/1: Trying with 'requests_browser' strategy...
2025-12-01 20:28:27,716 - INFO - [The Hindu] Article: https://www.thehindu.com/news/national/karnataka/clear-e-khata-applications-quickly-gba-chief-tells-officials/article70346105.ece
2025-12-01 20:28:27,717 - INFO - [The Hindu] Attempt 1/1: Trying with 'selenium_browser' strategy...
2025-12-01 20:28:27,757 - INFO - [The Guardian] Success with 'requests_browser'. Found content (713 words).
2025-12-01 20:28:27,816 - INFO - Duplicate article skipped: Get shucking: South Australians urged to eat oysters and donate shells for reef restoration project | Marine life | The Guardian from The Guardian
2025-12-01 20:28:28,985 - INFO - [The Hindu] Page content loaded.
2025-12-01 20:28:29,090 - INFO - [The Hindu] Success with 'selenium_browser'. Found content (241 words).
2025-12-01 20:28:29,190 - INFO - [The Guardian] Article: https://www.theguardian.com/australia-news/2025/dec/01/instagram-age-verification-u16-social-media-ban-australia-moustache
2025-12-01 20:28:29,191 - INFO - [The Guardian] Attempt 1/1: Trying with 'requests_browser' strategy...
2025-12-01 20:28:29,423 - INFO - [The Guardian] Success with 'requests_browser'. Found content (623 words).
2025-12-01 20:28:41,992 - INFO - Saved article: Clear e-Khata applications quickly, GBA Chief tells officials - The Hindu from The Hindu
2025-12-01 20:28:41,993 - INFO - Duplicate article skipped: Instagram’s age-verification identified a moustachioed adult as over 16 – but how did it go with a 13-year-old? | Social media ban | The Guardian from The Guardian
2025-12-01 20:28:43,202 - INFO - [The Hindu] Article: https://www.thehindu.com/news/national/karnataka/former-mla-and-congress-leader-rv-devaraj-passes-away/article70347016.ece
2025-12-01 20:28:43,202 - INFO - [The Hindu] Attempt 1/1: Trying with 'selenium_browser' strategy...
2025-12-01 20:28:44,226 - INFO - [The Hindu] Page content loaded.
2025-12-01 20:28:44,303 - INFO - [The Hindu] Success with 'selenium_browser'. Found content (97 words).
2025-12-01 20:28:44,382 - INFO - Duplicate article skipped: Former MLA and Congress leader R.V. Devaraj passes away - The Hindu from The Hindu
2025-12-01 20:28:45,645 - INFO - [The Hindu] Article: https://www.thehindu.com/news/national/west-bengal/abhishek-refutes-allegations-of-contesting-2026-assembly-polls-from-nandigram/article70346540.ece
2025-12-01 20:28:45,645 - INFO - [The Hindu] Attempt 1/1: Trying with 'selenium_browser' strategy...
2025-12-01 20:28:46,484 - INFO - [The Hindu] Page content loaded.
2025-12-01 20:28:46,572 - INFO - [The Hindu] Success with 'selenium_browser'. Found content (436 words).
2025-12-01 20:28:46,654 - INFO - Duplicate article skipped: Abhishek refutes allegations of contesting 2026 Assembly polls from Nandigram - The Hindu from The Hindu
2025-12-01 20:28:47,377 - INFO - [The Hindu] Article: https://www.thehindu.com/sci-tech/health/new-hiv-cases-highest-in-mizoram-fresh-infections-drop-nationally-by-48-from-2010-2024-report/article70345985.ece
2025-12-01 20:28:47,377 - INFO - [The Hindu] Attempt 1/1: Trying with 'selenium_browser' strategy...
2025-12-01 20:28:47,996 - INFO - [The Hindu] Page content loaded.
2025-12-01 20:28:48,051 - INFO - [The Hindu] Success with 'selenium_browser'. Found content (409 words).
2025-12-01 20:28:48,132 - INFO - Duplicate article skipped: New HIV cases highest in Mizoram; fresh infections drop nationally by 48% from 2010-2024: report - The Hindu from The Hindu
2025-12-01 20:28:49,346 - INFO - [The Hindu] Article: https://www.thehindu.com/news/cities/chennai/aavin-hikes-price-of-ghee-to-700-a-kg/article70346656.ece
2025-12-01 20:28:49,346 - INFO - [The Hindu] Attempt 1/1: Trying with 'selenium_browser' strategy...
2025-12-01 20:28:50,147 - INFO - [The Hindu] Page content loaded.
2025-12-01 20:28:50,227 - INFO - [The Hindu] Success with 'selenium_browser'. Found content (303 words).
2025-12-01 20:28:50,298 - INFO - Duplicate article skipped: Aavin hikes price of ghee to ₹700 a kg - The Hindu from The Hindu
2025-12-01 20:28:50,898 - INFO - [The Hindu] Article: https://www.thehindu.com/news/cities/chennai/ramadoss-led-pmks-protest-against-eci-put-off-due-to-rain/article70346705.ece
2025-12-01 20:28:50,898 - INFO - [The Hindu] Attempt 1/1: Trying with 'selenium_browser' strategy...
2025-12-01 20:28:51,426 - INFO - [The Hindu] Page content loaded.
2025-12-01 20:28:51,521 - INFO - [The Hindu] Success with 'selenium_browser'. Found content (163 words).
2025-12-01 20:28:51,625 - INFO - Duplicate article skipped: Ramadoss-led PMK’s protest against ECI put off due to rain - The Hindu from The Hindu
2025-12-01 20:28:53,105 - INFO - [The Hindu] Article: https://www.thehindu.com/news/national/karnataka/insect-in-restaurant-food-customer-files-counter-complaint/article70346904.ece
2025-12-01 20:28:53,106 - INFO - [The Hindu] Attempt 1/1: Trying with 'selenium_browser' strategy...
2025-12-01 20:28:54,366 - INFO - [The Hindu] Page content loaded.
2025-12-01 20:28:54,411 - INFO - [The Hindu] Success with 'selenium_browser'. Found content (208 words).
2025-12-01 20:28:54,486 - INFO - Duplicate article skipped: Insect in restaurant food: Customer files complaint after five months - The Hindu from The Hindu
2025-12-01 20:28:55,641 - INFO - [The Hindu] Article: https://www.thehindu.com/news/national/delhi-blast-probe-nia-searches-nine-locations-in-jammu-and-kashmir-uttar-pradesh/article70346712.ece
2025-12-01 20:28:55,642 - INFO - [The Hindu] Attempt 1/1: Trying with 'selenium_browser' strategy...
2025-12-01 20:28:56,622 - INFO - [The Hindu] Page content loaded.
2025-12-01 20:28:56,751 - INFO - [The Hindu] Success with 'selenium_browser'. Found content (201 words).
2025-12-01 20:28:56,872 - INFO - Duplicate article skipped: Delhi blast probe: NIA searches nine locations in Jammu and Kashmir, Uttar Pradesh - The Hindu from The Hindu
2025-12-01 20:28:58,222 - INFO - [The Hindu] Article: https://www.thehindu.com/news/national/tamil-nadu/congress-seat-sharing-team-to-hold-talks-with-stalin-on-december-3/article70346491.ece
2025-12-01 20:28:58,222 - INFO - [The Hindu] Attempt 1/1: Trying with 'selenium_browser' strategy...
2025-12-01 20:28:59,043 - INFO - [The Hindu] Page content loaded.
2025-12-01 20:28:59,089 - INFO - [The Hindu] Success with 'selenium_browser'. Found content (119 words).
2025-12-01 20:28:59,138 - INFO - Duplicate article skipped: Congress’ seat sharing team to hold talks with Stalin on December 3 - The Hindu from The Hindu
2025-12-01 20:29:00,070 - INFO - [The Hindu] Article: https://www.thehindu.com/news/national/kerala/finally-lottulodukku-and-gulgulmaal-win-something-albeit-on-a-cricket-turf/article70344818.ece
2025-12-01 20:29:00,070 - INFO - [The Hindu] Attempt 1/1: Trying with 'selenium_browser' strategy...
2025-12-01 20:29:00,626 - INFO - [The Hindu] Page content loaded.
2025-12-01 20:29:00,707 - INFO - [The Hindu] Success with 'selenium_browser'. Found content (401 words).
2025-12-01 20:29:00,801 - INFO - Duplicate article skipped: Finally Lottulodukku and Gulgulmaal win something, albeit on a cricket turf - The Hindu from The Hindu
2025-12-01 20:29:01,501 - INFO - [The Hindu] Article: https://www.thehindu.com/news/national/kerala/can-paravur-break-with-the-past-by-ending-political-deadlock/article70335076.ece
2025-12-01 20:29:01,501 - INFO - [The Hindu] Attempt 1/1: Trying with 'selenium_browser' strategy...
2025-12-01 20:29:02,063 - INFO - [The Hindu] Page content loaded.
2025-12-01 20:29:02,107 - INFO - [The Hindu] Success with 'selenium_browser'. Found content (412 words).
2025-12-01 20:29:02,156 - INFO - Duplicate article skipped: Can Paravur break with the past by ending political deadlock? - The Hindu from The Hindu
2025-12-01 20:29:03,537 - INFO - [The Hindu] Article: https://www.thehindu.com/news/national/modi-promises-all-possible-support-for-ailing-khaleda-zia/article70346786.ece
2025-12-01 20:29:03,538 - INFO - [The Hindu] Attempt 1/1: Trying with 'selenium_browser' strategy...
2025-12-01 20:29:04,667 - INFO - [The Hindu] Page content loaded.
2025-12-01 20:29:04,750 - INFO - [The Hindu] Success with 'selenium_browser'. Found content (382 words).
2025-12-01 20:29:05,094 - ERROR - [Times of India] Request failed for strategy 'selenium_browser' on URL https://timesofindia.indiatimes.com/world/us/excellent-overall-health-white-house-releases-donald-trumps-mri-exam-amid-speculations/articleshow/125703794.cms: HTTPConnectionPool(host='localhost', port=45975): Read timed out. (read timeout=120)
2025-12-01 20:29:05,094 - ERROR - [Times of India] All scrape strategies failed for https://timesofindia.indiatimes.com/world/us/excellent-overall-health-white-house-releases-donald-trumps-mri-exam-amid-speculations/articleshow/125703794.cms. Falling back to RSS description.
2025-12-01 20:29:19,077 - INFO - Saved article: 'Excellent overall health': White House releases Donald Trump's MRI exam amid speculations from Times of India
2025-12-01 20:29:19,077 - INFO - Duplicate article skipped: Modi promises ‘all possible support’ for ailing Khaleda Zia - The Hindu from The Hindu
2025-12-01 20:29:19,589 - INFO - [Times of India] Article: https://timesofindia.indiatimes.com/world/us/how-exactly-is-shivon-zilis-indian/articleshow/125703381.cms
2025-12-01 20:29:19,589 - INFO - [Times of India] Attempt 1/1: Trying with 'selenium_browser' strategy...
2025-12-01 20:29:19,932 - INFO - [The Hindu] Article: https://www.thehindu.com/news/national/tamil-nadu/baashyaam-group-completes-landmark-1212-crore-land-purchase-in-nungambakkam/article70346288.ece
2025-12-01 20:29:19,932 - INFO - [The Hindu] Attempt 1/1: Trying with 'selenium_browser' strategy...
2025-12-01 20:29:21,215 - INFO - [The Hindu] Page content loaded.
2025-12-01 20:29:21,333 - INFO - [The Hindu] Success with 'selenium_browser'. Found content (171 words).
2025-12-01 20:29:21,434 - INFO - Duplicate article skipped: Baashyaam Group completes landmark ₹1,212-crore land purchase in Nungambakkam - The Hindu from The Hindu
2025-12-01 20:29:22,853 - INFO - [The Hindu] Article: https://www.thehindu.com/news/national/andhra-pradesh/lokesh-anitha-in-delhi-for-talks-on-cyclone-impact-and-pending-issues/article70346624.ece
2025-12-01 20:29:22,853 - INFO - [The Hindu] Attempt 1/1: Trying with 'selenium_browser' strategy...
2025-12-01 20:29:23,767 - INFO - [The Hindu] Page content loaded.
2025-12-01 20:29:23,847 - INFO - [The Hindu] Success with 'selenium_browser'. Found content (103 words).
2025-12-01 20:29:24,003 - INFO - Duplicate article skipped: Lokesh, Anitha in Delhi for talks on cyclone impact and pending issues - The Hindu from The Hindu
2025-12-01 20:29:24,866 - INFO - [The Hindu] Article: https://www.thehindu.com/news/national/kerala/women-candidates-should-prioritise-provision-of-clean-public-toilets-this-campaign-season-says-public-health-expert/article70345248.ece
2025-12-01 20:29:24,866 - INFO - [The Hindu] Attempt 1/1: Trying with 'selenium_browser' strategy...
2025-12-01 20:29:25,538 - INFO - [The Hindu] Page content loaded.
2025-12-01 20:29:25,699 - INFO - [The Hindu] Success with 'selenium_browser'. Found content (419 words).
2025-12-01 20:29:25,825 - INFO - Duplicate article skipped: Women candidates should prioritise provision of clean public toilets this campaign season, says public health expert - The Hindu from The Hindu
2025-12-01 20:29:27,080 - INFO - [The Hindu] Article: https://www.thehindu.com/news/national/manipur/kuki-zo-council-objects-to-renewed-attempts-to-implement-law-taking-away-tribal-chiefs-land-rights/article70346529.ece
2025-12-01 20:29:27,080 - INFO - [The Hindu] Attempt 1/1: Trying with 'selenium_browser' strategy...
2025-12-01 20:29:28,335 - INFO - [The Hindu] Page content loaded.
2025-12-01 20:29:28,547 - INFO - [The Hindu] Success with 'selenium_browser'. Found content (368 words).
2025-12-01 20:29:28,668 - INFO - Duplicate article skipped: Kuki-Zo Council objects to ‘renewed attempts’ to implement law taking away tribal chiefs’ land rights - The Hindu from The Hindu
2025-12-01 20:29:29,654 - INFO - [The Hindu] Article: https://www.thehindu.com/news/national/andhra-pradesh/ap-assembly-deputy-speaker-asks-centre-to-remove-suspended-ips-officer-from-service/article70346687.ece
2025-12-01 20:29:29,655 - INFO - [The Hindu] Attempt 1/1: Trying with 'selenium_browser' strategy...
2025-12-01 20:29:30,863 - INFO - [The Hindu] Page content loaded.
2025-12-01 20:29:30,967 - INFO - [The Hindu] Success with 'selenium_browser'. Found content (262 words).
2025-12-01 20:29:31,088 - INFO - Duplicate article skipped: A.P. Assembly Deputy Speaker asks Centre to remove suspended IPS officer from service - The Hindu from The Hindu
2025-12-01 20:29:31,824 - INFO - [The Hindu] (Thread) Finished. Attempting to shut down its Selenium driver.
2025-12-01 20:29:32,029 - INFO - [The Hindu] (Thread) driver.quit() successful.
2025-12-01 20:31:19,691 - ERROR - [Times of India] Request failed for strategy 'selenium_browser' on URL https://timesofindia.indiatimes.com/world/us/how-exactly-is-shivon-zilis-indian/articleshow/125703381.cms: HTTPConnectionPool(host='localhost', port=45975): Read timed out. (read timeout=120)
2025-12-01 20:31:19,691 - ERROR - [Times of India] All scrape strategies failed for https://timesofindia.indiatimes.com/world/us/how-exactly-is-shivon-zilis-indian/articleshow/125703381.cms. Falling back to RSS description.
2025-12-01 20:31:30,377 - INFO - Saved article: How exactly is Shivon Zilis “Indian”? from Times of India
2025-12-01 20:31:31,600 - INFO - [Times of India] Article: https://timesofindia.indiatimes.com/world/us-streamers/why-meatcanyon-was-banned-and-unbanned-on-twitch-in-november-2025/articleshow/125703149.cms
2025-12-01 20:31:31,600 - INFO - [Times of India] Attempt 1/1: Trying with 'selenium_browser' strategy...
2025-12-01 20:31:55,209 - CRITICAL - --- TIMEOUT: 1 scrape jobs did not complete in 300s. ---
2025-12-01 20:31:55,209 - ERROR - A thread has timed out and will be abandoned.
2025-12-01 20:31:55,209 - INFO - Shutting down thread pool (wait=False)...
2025-12-01 20:31:55,209 - INFO - Scraped: 0 BBC, 4 The Hindu, 2 The Guardian, 1 Timed_Out_Jobs articles. (Total saved: 6)
2025-12-01 20:31:55,209 - INFO - --- Scraping job finished ---
2025-12-01 20:31:55,209 - INFO - --- Scraper service stopped and database connection closed. ---
2025-12-01 20:31:55,209 - INFO - --- Main thread finished. Forcing process exit to kill zombie threads. ---
