2025-12-03 21:41:54,655 - INFO - Loading AI Semantic Model (all-MiniLM-L6-v2)...
2025-12-03 21:41:54,655 - INFO - Use pytorch device_name: cpu
2025-12-03 21:41:54,655 - INFO - Load pretrained SentenceTransformer: all-MiniLM-L6-v2
2025-12-03 21:41:56,358 - INFO - AI Model loaded successfully.
2025-12-03 21:41:56,358 - INFO - Initializing database connection at: news_articles.db
2025-12-03 21:41:56,358 - INFO - --- Scraper service started (CI Mode: Run Once) ---
2025-12-03 21:41:56,358 - INFO - --- Starting new scraping job (Parallel Mode) ---
2025-12-03 21:41:56,358 - INFO - Creating new robust session with 3 retries on 5xx/connection/read errors.
2025-12-03 21:41:56,358 - INFO - Proxy is DISABLED.
2025-12-03 21:41:56,359 - INFO - Starting scrape for BBC RSS feed: http://feeds.bbci.co.uk/news/world/rss.xml
2025-12-03 21:41:56,360 - INFO - [Times of India] (Thread) requires Selenium. Initializing driver...
2025-12-03 21:41:56,360 - INFO - Initializing headless Selenium Chrome driver (using SeleniumManager)...
2025-12-03 21:41:56,360 - INFO - Starting scrape for The Guardian RSS feed: https://www.theguardian.com/world/rss
2025-12-03 21:41:56,362 - INFO - [The Hindu] (Thread) requires Selenium. Initializing driver...
2025-12-03 21:41:56,362 - INFO - Initializing headless Selenium Chrome driver (using SeleniumManager)...
2025-12-03 21:41:56,362 - INFO - Submitted 4 jobs to thread pool. Waiting up to 300s for completion...
2025-12-03 21:41:56,670 - INFO - Found 45 articles in The Guardian RSS feed. Processing up to 20.
2025-12-03 21:41:56,670 - INFO - [The Guardian] Article: https://www.theguardian.com/uk-news/2025/dec/03/british-troops-accused-of-human-rights-violations-environmental-destruction-and-sexual-abuse-in-kenya
2025-12-03 21:41:56,670 - INFO - [The Guardian] Attempt 1/1: Trying with 'requests_browser' strategy...
2025-12-03 21:41:56,707 - INFO - [The Guardian] Success with 'requests_browser'. Found content (772 words).
2025-12-03 21:41:56,752 - INFO - Duplicate article skipped: British troops accused of human rights violations and sexual abuse in Kenya | British army | The Guardian from The Guardian
2025-12-03 21:41:56,820 - INFO - Found 37 articles in BBC RSS feed. Processing up to 20.
2025-12-03 21:41:56,821 - INFO - [BBC] Article: https://www.bbc.com/news/articles/c7731n5z6d3o?at_medium=RSS&at_campaign=rss
2025-12-03 21:41:56,821 - INFO - [BBC] Attempt 1/1: Trying with 'requests_browser' strategy...
2025-12-03 21:41:57,274 - INFO - [BBC] Success with 'requests_browser'. Found content (922 words).
2025-12-03 21:41:57,285 - INFO - [The Guardian] Article: https://www.theguardian.com/global-development/2025/dec/03/whistleblower-accuses-foreign-office-of-censoring-warning-of-sudan-genocide
2025-12-03 21:41:57,286 - INFO - [The Guardian] Attempt 1/1: Trying with 'requests_browser' strategy...
2025-12-03 21:41:57,312 - INFO - Duplicate article skipped: Stop wasting world's time, Ukraine tells Putin after US talks in Moscow from BBC
2025-12-03 21:41:57,454 - INFO - [The Guardian] Success with 'requests_browser'. Found content (1465 words).
2025-12-03 21:41:57,499 - INFO - Duplicate article skipped: Whistleblower accuses Foreign Office of ‘censoring’ warning of Sudan genocide | Global development | The Guardian from The Guardian
2025-12-03 21:41:58,230 - INFO - [The Guardian] Article: https://www.theguardian.com/us-news/2025/dec/02/trump-somali-immigrants-minnesota
2025-12-03 21:41:58,230 - INFO - [The Guardian] Attempt 1/1: Trying with 'requests_browser' strategy...
2025-12-03 21:41:58,258 - INFO - [The Guardian] Success with 'requests_browser'. Found content (473 words).
2025-12-03 21:41:58,290 - INFO - Duplicate article skipped: Trump calls Somali immigrants ‘garbage’ as US reportedly targets Minnesota community | Trump administration | The Guardian from The Guardian
2025-12-03 21:41:58,497 - INFO - [BBC] Article: https://www.bbc.com/news/articles/cpq4e21nr5vo?at_medium=RSS&at_campaign=rss
2025-12-03 21:41:58,497 - INFO - [BBC] Attempt 1/1: Trying with 'requests_browser' strategy...
2025-12-03 21:41:58,534 - INFO - [BBC] Success with 'requests_browser'. Found content (438 words).
2025-12-03 21:41:58,568 - INFO - Duplicate article skipped: What latest Ukraine talks reveal about Putin's state of mind from BBC
2025-12-03 21:41:59,164 - INFO - [The Guardian] Article: https://www.theguardian.com/world/2025/dec/01/south-africans-court-alleged-recruitment-russia-war-ukraine
2025-12-03 21:41:59,164 - INFO - [The Guardian] Attempt 1/1: Trying with 'requests_browser' strategy...
2025-12-03 21:41:59,352 - INFO - [The Guardian] Success with 'requests_browser'. Found content (506 words).
2025-12-03 21:41:59,396 - INFO - Duplicate article skipped: Five South Africans in court over alleged recruitment for Russia’s war in Ukraine | South Africa | The Guardian from The Guardian
2025-12-03 21:41:59,646 - INFO - [BBC] Article: https://www.bbc.com/news/articles/cpwk7xen544o?at_medium=RSS&at_campaign=rss
2025-12-03 21:41:59,646 - INFO - [BBC] Attempt 1/1: Trying with 'requests_browser' strategy...
2025-12-03 21:41:59,681 - INFO - [BBC] Success with 'requests_browser'. Found content (668 words).
2025-12-03 21:41:59,837 - INFO - Duplicate article skipped: Israel says Rafah crossing to open soon to let Gazans leave via Egypt from BBC
2025-12-03 21:42:00,247 - INFO - [The Guardian] Article: https://www.theguardian.com/global-development/2025/dec/01/global-health-hiv-aids-funding-cuts-infections-prevention
2025-12-03 21:42:00,247 - INFO - [The Guardian] Attempt 1/1: Trying with 'requests_browser' strategy...
2025-12-03 21:42:00,718 - INFO - [The Guardian] Success with 'requests_browser'. Found content (674 words).
2025-12-03 21:42:00,761 - INFO - Duplicate article skipped: Aid cuts have shaken HIV/Aids care to its core – and will mean millions more infections ahead | Global health | The Guardian from The Guardian
2025-12-03 21:42:01,233 - INFO - [BBC] Article: https://www.bbc.com/news/articles/c2lvzrve5lqo?at_medium=RSS&at_campaign=rss
2025-12-03 21:42:01,233 - INFO - [BBC] Attempt 1/1: Trying with 'requests_browser' strategy...
2025-12-03 21:42:01,265 - INFO - [BBC] Success with 'requests_browser'. Found content (292 words).
2025-12-03 21:42:01,297 - INFO - Duplicate article skipped: Federica Mogherini: Former EU top diplomat accused in fraud investigation from BBC
2025-12-03 21:42:01,712 - INFO - [The Guardian] Article: https://www.theguardian.com/us-news/2025/dec/03/epstein-caribbean-island-new-photo-video-release
2025-12-03 21:42:01,712 - INFO - [The Guardian] Attempt 1/1: Trying with 'requests_browser' strategy...
2025-12-03 21:42:01,741 - INFO - [The Guardian] Success with 'requests_browser'. Found content (376 words).
2025-12-03 21:42:01,778 - INFO - Duplicate article skipped: House Democrats release new images of Epstein’s private Caribbean island | Jeffrey Epstein | The Guardian from The Guardian
2025-12-03 21:42:02,525 - INFO - [BBC] Article: https://www.bbc.com/news/articles/c62lv79p0pdo?at_medium=RSS&at_campaign=rss
2025-12-03 21:42:02,525 - INFO - [BBC] Attempt 1/1: Trying with 'requests_browser' strategy...
2025-12-03 21:42:02,558 - INFO - [BBC] Success with 'requests_browser'. Found content (482 words).
2025-12-03 21:42:02,594 - INFO - Duplicate article skipped: Hong Kong orders removal of scaffolding mesh after deadly blaze from BBC
2025-12-03 21:42:03,131 - INFO - [The Guardian] Article: https://www.theguardian.com/world/2025/dec/03/colombia-trump-warning-military-threat
2025-12-03 21:42:03,131 - INFO - [The Guardian] Attempt 1/1: Trying with 'requests_browser' strategy...
2025-12-03 21:42:03,162 - INFO - [The Guardian] Success with 'requests_browser'. Found content (612 words).
2025-12-03 21:42:03,197 - INFO - Duplicate article skipped: Colombia’s president warns Trump: ‘Do not wake the jaguar’ with threats of military strikes | Colombia | The Guardian from The Guardian
2025-12-03 21:42:03,384 - INFO - [BBC] Article: https://www.bbc.com/news/articles/cd6x2j4g3z7o?at_medium=RSS&at_campaign=rss
2025-12-03 21:42:03,384 - INFO - [BBC] Attempt 1/1: Trying with 'requests_browser' strategy...
2025-12-03 21:42:03,415 - INFO - [BBC] Success with 'requests_browser'. Found content (394 words).
2025-12-03 21:42:03,451 - INFO - Duplicate article skipped: Israel receives coffin that Hamas says contains Gaza hostage's body from BBC
2025-12-03 21:42:04,434 - INFO - [The Guardian] Article: https://www.theguardian.com/us-news/live/2025/dec/02/donald-trump-pete-hegseth-boat-venezuela-maduro-tennessee-us-politics-live-news-updates
2025-12-03 21:42:04,435 - INFO - [The Guardian] Attempt 1/1: Trying with 'requests_browser' strategy...
2025-12-03 21:42:04,577 - INFO - [BBC] Article: https://www.bbc.com/news/articles/c208x9v68w3o?at_medium=RSS&at_campaign=rss
2025-12-03 21:42:04,577 - INFO - [BBC] Attempt 1/1: Trying with 'requests_browser' strategy...
2025-12-03 21:42:04,618 - INFO - [BBC] Success with 'requests_browser'. Found content (1092 words).
2025-12-03 21:42:04,655 - INFO - Duplicate article skipped: Trump says he doesn't want Somalis in US as ICE plans operation from BBC
2025-12-03 21:42:04,926 - INFO - [The Guardian] Success with 'requests_browser'. Found content (4155 words).
2025-12-03 21:42:05,016 - INFO - Duplicate article skipped: Pete Hegseth says he ‘didn’t stick around’ to watch second strike on alleged drug boat as Democrats slam administration over attacks – as it happened | Trump administration | The Guardian from The Guardian
2025-12-03 21:42:05,194 - INFO - [BBC] Article: https://www.bbc.com/news/articles/cy8jnxxm70jo?at_medium=RSS&at_campaign=rss
2025-12-03 21:42:05,195 - INFO - [BBC] Attempt 1/1: Trying with 'requests_browser' strategy...
2025-12-03 21:42:05,225 - INFO - [BBC] Success with 'requests_browser'. Found content (244 words).
2025-12-03 21:42:05,259 - INFO - Duplicate article skipped: Drunk raccoon found passed out on liquor store floor after breaking in from BBC
2025-12-03 21:42:06,238 - INFO - [The Guardian] Article: https://www.theguardian.com/world/2025/dec/02/trump-intervention-honduras-presidential-vote-count-stalls-nasry-asfura
2025-12-03 21:42:06,238 - INFO - [The Guardian] Attempt 1/1: Trying with 'requests_browser' strategy...
2025-12-03 21:42:06,273 - INFO - [The Guardian] Success with 'requests_browser'. Found content (945 words).
2025-12-03 21:42:06,315 - INFO - Duplicate article skipped: Trump frees ex-Honduran president from prison as country awaits knife-edge election result | Honduras | The Guardian from The Guardian
2025-12-03 21:42:06,551 - INFO - [BBC] Article: https://www.bbc.com/news/articles/cvgq5dvygllo?at_medium=RSS&at_campaign=rss
2025-12-03 21:42:06,551 - INFO - [BBC] Attempt 1/1: Trying with 'requests_browser' strategy...
2025-12-03 21:42:06,593 - INFO - [BBC] Success with 'requests_browser'. Found content (1030 words).
2025-12-03 21:42:06,634 - INFO - Duplicate article skipped: Kenyan MPs accuse British soldiers from Batuk of sexual abuse in Laikipia from BBC
2025-12-03 21:42:07,794 - INFO - [The Guardian] Article: https://www.theguardian.com/us-news/2025/dec/02/pete-hegseth-franklin-the-turtle
2025-12-03 21:42:07,794 - INFO - [The Guardian] Attempt 1/1: Trying with 'requests_browser' strategy...
2025-12-03 21:42:07,820 - INFO - [The Guardian] Success with 'requests_browser'. Found content (438 words).
2025-12-03 21:42:07,857 - INFO - Duplicate article skipped: Publisher condemns ‘violent’ use of Franklin the Turtle after Hegseth’s boat strike post | Pete Hegseth | The Guardian from The Guardian
2025-12-03 21:42:07,872 - INFO - [BBC] Article: https://www.bbc.com/news/articles/c1m8g5x1xmko?at_medium=RSS&at_campaign=rss
2025-12-03 21:42:07,872 - INFO - [BBC] Attempt 1/1: Trying with 'requests_browser' strategy...
2025-12-03 21:42:07,900 - INFO - [BBC] Success with 'requests_browser'. Found content (308 words).
2025-12-03 21:42:07,931 - INFO - Duplicate article skipped: Three French teens drown in freak car crash in swimming pool from BBC
2025-12-03 21:42:09,292 - INFO - [The Guardian] Article: https://www.theguardian.com/world/2025/dec/03/eu-strategy-raw-materials-rare-earths-supply-chain-resourceeu
2025-12-03 21:42:09,293 - INFO - [The Guardian] Attempt 1/1: Trying with 'requests_browser' strategy...
2025-12-03 21:42:09,317 - INFO - [BBC] Article: https://www.bbc.com/news/articles/c62v9z7z1z2o?at_medium=RSS&at_campaign=rss
2025-12-03 21:42:09,317 - INFO - [BBC] Attempt 1/1: Trying with 'requests_browser' strategy...
2025-12-03 21:42:09,332 - INFO - [The Guardian] Success with 'requests_browser'. Found content (725 words).
2025-12-03 21:42:09,381 - INFO - Duplicate article skipped: EU looks at legally forcing industries to reduce purchases from China | Mining | The Guardian from The Guardian
2025-12-03 21:42:09,397 - INFO - [BBC] Success with 'requests_browser'. Found content (485 words).
2025-12-03 21:42:09,433 - INFO - Duplicate article skipped: Henry Cuellar: Trump says he is pardoning Democratic congressman in bribery case from BBC
2025-12-03 21:42:10,008 - INFO - [The Guardian] Article: https://www.theguardian.com/business/2025/dec/03/hsbc-appoints-interim-chair-brendan-nelson-to-permanent-role
2025-12-03 21:42:10,008 - INFO - [The Guardian] Attempt 1/1: Trying with 'requests_browser' strategy...
2025-12-03 21:42:10,041 - INFO - [The Guardian] Success with 'requests_browser'. Found content (605 words).
2025-12-03 21:42:10,085 - INFO - Duplicate article skipped: HSBC appoints interim chair Brendan Nelson to permanent role | HSBC | The Guardian from The Guardian
2025-12-03 21:42:10,205 - INFO - [BBC] Article: https://www.bbc.com/news/articles/ckgzqxjzjyqo?at_medium=RSS&at_campaign=rss
2025-12-03 21:42:10,205 - INFO - [BBC] Attempt 1/1: Trying with 'requests_browser' strategy...
2025-12-03 21:42:10,244 - INFO - [BBC] Success with 'requests_browser'. Found content (332 words).
2025-12-03 21:42:10,437 - INFO - Duplicate article skipped: Production halted at Chinese factory making 'childlike' sex dolls from BBC
2025-12-03 21:42:11,171 - INFO - [The Guardian] Article: https://www.theguardian.com/world/2025/dec/03/search-for-malaysia-airline-flight-mh370-to-resume-over-11-years-after-plane-went-missing
2025-12-03 21:42:11,171 - INFO - [The Guardian] Attempt 1/1: Trying with 'requests_browser' strategy...
2025-12-03 21:42:11,207 - INFO - [The Guardian] Success with 'requests_browser'. Found content (851 words).
2025-12-03 21:42:11,251 - INFO - Duplicate article skipped: Malaysia Airlines flight MH370 search to resume 11 years after jet went missing | Malaysia Airlines flight MH370 | The Guardian from The Guardian
2025-12-03 21:42:11,881 - INFO - [BBC] Article: https://www.bbc.com/news/articles/clydg2re4d1o?at_medium=RSS&at_campaign=rss
2025-12-03 21:42:11,881 - INFO - [BBC] Attempt 1/1: Trying with 'requests_browser' strategy...
2025-12-03 21:42:11,916 - INFO - [BBC] Success with 'requests_browser'. Found content (336 words).
2025-12-03 21:42:11,950 - INFO - Duplicate article skipped: Sanchar Saathi: India scraps order to pre-install state-run cyber safety app on smartphones from BBC
2025-12-03 21:42:12,327 - INFO - [The Guardian] Article: https://www.theguardian.com/world/2025/dec/02/uk-government-delays-china-super-embassy-january
2025-12-03 21:42:12,328 - INFO - [The Guardian] Attempt 1/1: Trying with 'requests_browser' strategy...
2025-12-03 21:42:12,369 - INFO - [The Guardian] Success with 'requests_browser'. Found content (619 words).
2025-12-03 21:42:12,413 - INFO - Duplicate article skipped: UK government delays decision on China’s super-embassy until January | China | The Guardian from The Guardian
2025-12-03 21:42:12,471 - INFO - [BBC] Article: https://www.bbc.com/news/articles/cy7v077dm0po?at_medium=RSS&at_campaign=rss
2025-12-03 21:42:12,471 - INFO - [BBC] Attempt 1/1: Trying with 'requests_browser' strategy...
2025-12-03 21:42:12,502 - INFO - [BBC] Success with 'requests_browser'. Found content (308 words).
2025-12-03 21:42:12,535 - INFO - Duplicate article skipped: MH370: Search for long-missing Malaysia Airlines fight to resume from BBC
2025-12-03 21:42:13,451 - INFO - [The Guardian] Article: https://www.theguardian.com/world/2025/dec/03/uk-china-spying-case-collapse-security-committee-report
2025-12-03 21:42:13,451 - INFO - [The Guardian] Attempt 1/1: Trying with 'requests_browser' strategy...
2025-12-03 21:42:13,612 - INFO - [The Guardian] Success with 'requests_browser'. Found content (885 words).
2025-12-03 21:42:13,647 - INFO - Duplicate article skipped: Handling of China spying case was ‘shambolic’, security committee concludes | Espionage | The Guardian from The Guardian
2025-12-03 21:42:13,904 - INFO - [BBC] Article: https://www.bbc.com/news/articles/c7vm754r80vo?at_medium=RSS&at_campaign=rss
2025-12-03 21:42:13,904 - INFO - [BBC] Attempt 1/1: Trying with 'requests_browser' strategy...
2025-12-03 21:42:13,937 - INFO - [BBC] Success with 'requests_browser'. Found content (225 words).
2025-12-03 21:42:13,971 - INFO - Duplicate article skipped: New Zealand man charged with theft over claims he swallowed $19k Fabergé egg from BBC
2025-12-03 21:42:14,244 - INFO - [The Guardian] Article: https://www.theguardian.com/australia-news/live/2025/dec/04/australia-news-live-senate-estimates-national-fiscal-outlook-labor-coalition-cost-of-living-victoria-public-service-cuts-ntwnfb
2025-12-03 21:42:14,244 - INFO - [The Guardian] Attempt 1/1: Trying with 'requests_browser' strategy...
2025-12-03 21:42:14,473 - INFO - [The Guardian] Success with 'requests_browser'. Found content (1711 words).
2025-12-03 21:42:14,541 - INFO - Duplicate article skipped: News live: Australia to give $95m in military aid to Ukraine; murder charge over shooting in northern NSW | Australia news | The Guardian from The Guardian
2025-12-03 21:42:14,542 - INFO - [BBC] Article: https://www.bbc.com/news/articles/c3e05j9012vo?at_medium=RSS&at_campaign=rss
2025-12-03 21:42:14,542 - INFO - [BBC] Attempt 1/1: Trying with 'requests_browser' strategy...
2025-12-03 21:42:14,575 - INFO - [BBC] Success with 'requests_browser'. Found content (297 words).
2025-12-03 21:42:14,610 - INFO - Duplicate article skipped: Italian fashion giant Prada buys Versace – at a discount from BBC
2025-12-03 21:42:15,339 - INFO - [BBC] Article: https://www.bbc.com/news/articles/cp341gz24p5o?at_medium=RSS&at_campaign=rss
2025-12-03 21:42:15,339 - INFO - [BBC] Attempt 1/1: Trying with 'requests_browser' strategy...
2025-12-03 21:42:15,376 - INFO - [BBC] Success with 'requests_browser'. Found content (660 words).
2025-12-03 21:42:15,410 - INFO - Duplicate article skipped: YouTube says it will be less safe for kids under Australia's social media ban from BBC
2025-12-03 21:42:15,760 - INFO - [The Guardian] Article: https://www.theguardian.com/technology/2025/dec/03/top-google-searches-australia-2025
2025-12-03 21:42:15,761 - INFO - [The Guardian] Attempt 1/1: Trying with 'requests_browser' strategy...
2025-12-03 21:42:15,797 - INFO - [The Guardian] Success with 'requests_browser'. Found content (572 words).
2025-12-03 21:42:15,847 - INFO - Duplicate article skipped: Doom, gloom … and Belle Gibson? The top Google searches in Australia in 2025 | Google | The Guardian from The Guardian
2025-12-03 21:42:16,391 - INFO - [BBC] Article: https://www.bbc.com/news/articles/cp39q5n5037o?at_medium=RSS&at_campaign=rss
2025-12-03 21:42:16,391 - INFO - [BBC] Attempt 1/1: Trying with 'requests_browser' strategy...
2025-12-03 21:42:16,424 - INFO - [BBC] Success with 'requests_browser'. Found content (336 words).
2025-12-03 21:42:16,465 - INFO - Duplicate article skipped: Air pollution: Delhi hospitals saw 200,000 respiratory illness patients in three years from BBC
2025-12-03 21:42:16,733 - INFO - [The Guardian] Article: https://www.theguardian.com/australia-news/2025/dec/03/helen-garner-says-state-library-of-victoria-turned-into-party-central-with-planned-job-cuts-to-bring-disgrace-on-melbourne
2025-12-03 21:42:16,733 - INFO - [The Guardian] Attempt 1/1: Trying with 'requests_browser' strategy...
2025-12-03 21:42:16,893 - INFO - [The Guardian] Success with 'requests_browser'. Found content (613 words).
2025-12-03 21:42:16,941 - INFO - Duplicate article skipped: Helen Garner says State Library of Victoria turned into ‘party central’, with planned job cuts to ‘bring disgrace’ on Melbourne | Victoria | The Guardian from The Guardian
2025-12-03 21:42:16,980 - INFO - [BBC] Article: https://www.bbc.com/news/articles/cly580gkd9ro?at_medium=RSS&at_campaign=rss
2025-12-03 21:42:16,980 - INFO - [BBC] Attempt 1/1: Trying with 'requests_browser' strategy...
2025-12-03 21:42:17,157 - INFO - [BBC] Success with 'requests_browser'. Found content (1534 words).
2025-12-03 21:42:17,196 - INFO - Duplicate article skipped: Ultra-Orthodox conscription bill threatens crisis for Israel's government from BBC
2025-12-03 21:42:17,517 - INFO - [The Guardian] Article: https://www.theguardian.com/australia-news/2025/dec/03/alliance-defending-freedom-backs-south-australian-woman-legal-action-school-ntwnfb
2025-12-03 21:42:17,517 - INFO - [The Guardian] Attempt 1/1: Trying with 'requests_browser' strategy...
2025-12-03 21:42:17,722 - INFO - [The Guardian] Success with 'requests_browser'. Found content (712 words).
2025-12-03 21:42:17,770 - INFO - Duplicate article skipped: Global group accused of attacking gay rights backs South Australian woman over school presentation | Australian education | The Guardian from The Guardian
2025-12-03 21:42:17,818 - INFO - [BBC] Article: https://www.bbc.com/news/articles/c9895x3039ro?at_medium=RSS&at_campaign=rss
2025-12-03 21:42:17,818 - INFO - [BBC] Attempt 1/1: Trying with 'requests_browser' strategy...
2025-12-03 21:42:17,856 - INFO - [BBC] Success with 'requests_browser'. Found content (942 words).
2025-12-03 21:42:17,898 - INFO - Duplicate article skipped: As lead changes in knife-edge Honduran election, will Trump fail to get his way? from BBC
2025-12-03 21:42:17,921 - INFO - Selenium driver initialized successfully.
2025-12-03 21:42:17,921 - INFO - Starting scrape for The Hindu RSS feed: https://www.thehindu.com/news/national/feeder/default.rss
2025-12-03 21:42:17,922 - INFO - Selenium driver initialized successfully.
2025-12-03 21:42:17,923 - INFO - Starting scrape for Times of India RSS feed: https://timesofindia.indiatimes.com/rssfeeds/296589292.cms
2025-12-03 21:42:18,093 - INFO - Found 100 articles in The Hindu RSS feed. Processing up to 20.
2025-12-03 21:42:18,093 - INFO - [The Hindu] Article: https://www.thehindu.com/news/national/bjp-slams-sp-mp-for-saying-that-muslims-may-have-to-wage-jihad-to-fight-government-oppression/article70354372.ece
2025-12-03 21:42:18,093 - INFO - [The Hindu] Attempt 1/1: Trying with 'selenium_browser' strategy...
2025-12-03 21:42:18,156 - INFO - Found 20 articles in Times of India RSS feed. Processing up to 20.
2025-12-03 21:42:18,156 - INFO - [Times of India] Article: https://timesofindia.indiatimes.com/world/us-streamers/mrbeast-becomes-the-top-us-youtuber-for-the-sixth-year-in-a-row/articleshow/125752940.cms
2025-12-03 21:42:18,156 - INFO - [Times of India] Attempt 1/1: Trying with 'selenium_browser' strategy...
2025-12-03 21:42:18,424 - INFO - [The Guardian] Article: https://www.theguardian.com/australia-news/2025/dec/03/liberal-senator-says-repeated-use-of-term-mass-migration-is-inaccurate-and-extremely-unhelpful
2025-12-03 21:42:18,424 - INFO - [The Guardian] Attempt 1/1: Trying with 'requests_browser' strategy...
2025-12-03 21:42:18,464 - INFO - [The Guardian] Success with 'requests_browser'. Found content (823 words).
2025-12-03 21:42:18,712 - INFO - Duplicate article skipped: Liberal senator says repeated use of term ‘mass migration’ is inaccurate and ‘extremely unhelpful’ | Liberal party | The Guardian from The Guardian
2025-12-03 21:42:39,070 - WARNING - [Times of India] Page timed out (10s). No <p> tags found. Proceeding anyway.
2025-12-03 21:42:39,363 - INFO - [Times of India] Success with 'selenium_browser'. Found content (371 words).
2025-12-03 21:42:39,513 - INFO - Duplicate article skipped: MrBeast becomes the top US YouTuber for the sixth year in a row - The Times of India from Times of India
2025-12-03 21:42:40,582 - INFO - [Times of India] Article: https://timesofindia.indiatimes.com/world/rest-of-world/irans-supreme-leader-ayatollah-khamenei-goes-on-feminist-rant-blames-america-and-capitalism-for-oppressing-women/articleshow/125752830.cms
2025-12-03 21:42:40,582 - INFO - [Times of India] Attempt 1/1: Trying with 'selenium_browser' strategy...
2025-12-03 21:42:41,460 - INFO - [Times of India] Page content loaded.
2025-12-03 21:42:41,553 - INFO - [Times of India] Success with 'selenium_browser'. Found content (589 words).
2025-12-03 21:42:41,620 - INFO - Duplicate article skipped: Iran’s supreme leader Ayatollah Khamenei goes on ‘feminist’ rant, blames America and capitalism for oppressing women - The Times of India from Times of India
2025-12-03 21:42:42,825 - INFO - [Times of India] Article: https://timesofindia.indiatimes.com/world/us/drunk-raccoon-breaks-into-liquor-store-downs-scotch-and-passes-out-in-bathroom/articleshow/125752346.cms
2025-12-03 21:42:42,825 - INFO - [Times of India] Attempt 1/1: Trying with 'selenium_browser' strategy...
2025-12-03 21:42:43,860 - INFO - [Times of India] Page content loaded.
2025-12-03 21:42:44,129 - INFO - [Times of India] Success with 'selenium_browser'. Found content (480 words).
2025-12-03 21:42:44,196 - INFO - Duplicate article skipped: Drunk raccoon breaks into liquor store, downs scotch, and passes out in bathroom | World News - The Times of India from Times of India
2025-12-03 21:42:44,795 - INFO - [Times of India] Article: https://timesofindia.indiatimes.com/world/us/enough-turning-point-usa-stops-candace-owens-slander-invites-her-to-livestream-charlie-saw-her-as-a-friend/articleshow/125752762.cms
2025-12-03 21:42:44,796 - INFO - [Times of India] Attempt 1/1: Trying with 'selenium_browser' strategy...
2025-12-03 21:42:45,494 - INFO - [Times of India] Page content loaded.
2025-12-03 21:42:45,691 - INFO - [Times of India] Success with 'selenium_browser'. Found content (370 words).
2025-12-03 21:42:45,756 - INFO - Duplicate article skipped: Enough: Turning Point USA stops Candace Owens' slander, invites her to livestream; 'Charlie saw her as a friend' - The Times of India from Times of India
2025-12-03 21:42:47,192 - INFO - [Times of India] Article: https://timesofindia.indiatimes.com/world/us-streamers/be-lucky-or-know-the-right-people-emiru-on-why-twitch-growth-is-difficult/articleshow/125752718.cms
2025-12-03 21:42:47,192 - INFO - [Times of India] Attempt 1/1: Trying with 'selenium_browser' strategy...
2025-12-03 21:42:58,958 - WARNING - [Times of India] Page timed out (10s). No <p> tags found. Proceeding anyway.
2025-12-03 21:42:59,156 - INFO - [Times of India] Success with 'selenium_browser'. Found content (424 words).
2025-12-03 21:42:59,263 - INFO - Duplicate article skipped: “Be lucky or know the right people”: Emiru on why Twitch growth is difficult - The Times of India from Times of India
2025-12-03 21:43:00,286 - INFO - [Times of India] Article: https://timesofindia.indiatimes.com/world/us-streamers/xqc-opens-up-about-the-off-camera-version-of-mrbeast-that-doesnt-appear-in-videos/articleshow/125752497.cms
2025-12-03 21:43:00,287 - INFO - [Times of India] Attempt 1/1: Trying with 'selenium_browser' strategy...
2025-12-03 21:43:12,813 - WARNING - [Times of India] Page timed out (10s). No <p> tags found. Proceeding anyway.
2025-12-03 21:43:13,011 - INFO - [Times of India] Success with 'selenium_browser'. Found content (371 words).
2025-12-03 21:43:13,126 - INFO - Duplicate article skipped: xQc opens up about the off-camera version of MrBeast that doesn’t appear in videos - The Times of India from Times of India
2025-12-03 21:43:14,605 - INFO - [Times of India] Article: https://timesofindia.indiatimes.com/world/us/guns-tactical-gear-and-notebook-with-assault-plans-luqmaan-khan-arrested-for-allegedly-plotting-attack-on-university-of-delaware/articleshow/125751972.cms
2025-12-03 21:43:14,605 - INFO - [Times of India] Attempt 1/1: Trying with 'selenium_browser' strategy...
2025-12-03 21:43:15,147 - INFO - [Times of India] Page content loaded.
2025-12-03 21:43:15,249 - INFO - [Times of India] Success with 'selenium_browser'. Found content (409 words).
2025-12-03 21:43:15,327 - INFO - Duplicate article skipped: Guns, tactical gear and notebook with assault plans: Luqmaan Khan arrested for allegedly plotting attack on University of Delaware - The Times of India from Times of India
2025-12-03 21:43:16,812 - INFO - [Times of India] Article: https://timesofindia.indiatimes.com/world/us-streamers/wendy-ortiz-apologizes-after-calling-stable-ronaldo-a-woman-hater/articleshow/125752054.cms
2025-12-03 21:43:16,813 - INFO - [Times of India] Attempt 1/1: Trying with 'selenium_browser' strategy...
2025-12-03 21:43:18,110 - ERROR - [The Hindu] Request failed for strategy 'selenium_browser' on URL https://www.thehindu.com/news/national/bjp-slams-sp-mp-for-saying-that-muslims-may-have-to-wage-jihad-to-fight-government-oppression/article70354372.ece: Message: timeout: Timed out receiving message from renderer: 59.798
  (Session info: chrome=142.0.7444.175)
Stacktrace:
#0 0x563c777de4ca <unknown>
#1 0x563c7722ce4b <unknown>
#2 0x563c77214e14 <unknown>
#3 0x563c77214af7 <unknown>
#4 0x563c772128ff <unknown>
#5 0x563c7721327f <unknown>
#6 0x563c77221cb3 <unknown>
#7 0x563c7723b5f1 <unknown>
#8 0x563c77241dfb <unknown>
#9 0x563c772139bd <unknown>
#10 0x563c7723b399 <unknown>
#11 0x563c772cc169 <unknown>
#12 0x563c77271c2a <unknown>
#13 0x563c77272931 <unknown>
#14 0x563c777a4cf9 <unknown>
#15 0x563c777a7cdc <unknown>
#16 0x563c7778df79 <unknown>
#17 0x563c777a88b5 <unknown>
#18 0x563c777759c3 <unknown>
#19 0x563c777cb228 <unknown>
#20 0x563c777cb403 <unknown>
#21 0x563c777dd463 <unknown>
#22 0x7f9e6ec9caa4 <unknown>
#23 0x7f9e6ed29c6c <unknown>

2025-12-03 21:43:18,110 - ERROR - [The Hindu] All scrape strategies failed for https://www.thehindu.com/news/national/bjp-slams-sp-mp-for-saying-that-muslims-may-have-to-wage-jihad-to-fight-government-oppression/article70354372.ece. Falling back to RSS description.
2025-12-03 21:43:28,066 - WARNING - [Times of India] Page timed out (10s). No <p> tags found. Proceeding anyway.
2025-12-03 21:43:28,356 - INFO - [Times of India] Success with 'selenium_browser'. Found content (398 words).
2025-12-03 21:43:33,790 - INFO - Saved article: BJP slams SP MP for saying that Muslims may have to wage ‘jihad’ to fight government oppression from The Hindu
2025-12-03 21:43:33,791 - INFO - Duplicate article skipped: Wendy Ortiz apologizes after calling Stable Ronaldo a “woman hater” - The Times of India from Times of India
2025-12-03 21:43:34,671 - INFO - [The Hindu] Article: https://www.thehindu.com/news/national/tamil-nadu/panneerselvam-meets-amit-shah-amid-talk-of-his-return-to-the-bjps-fold/article70354496.ece
2025-12-03 21:43:34,671 - INFO - [The Hindu] Attempt 1/1: Trying with 'selenium_browser' strategy...
2025-12-03 21:43:34,940 - INFO - [Times of India] Article: https://timesofindia.indiatimes.com/world/us/us-firms-we-still-sponsor-h-1bs-hoardings-in-india-grab-eyeballs-amid-100000-visa-fee-row/articleshow/125751973.cms
2025-12-03 21:43:34,941 - INFO - [Times of India] Attempt 1/1: Trying with 'selenium_browser' strategy...
2025-12-03 21:43:35,815 - INFO - [Times of India] Page content loaded.
2025-12-03 21:43:35,980 - INFO - [Times of India] Success with 'selenium_browser'. Found content (412 words).
2025-12-03 21:43:36,068 - INFO - Duplicate article skipped: US firm's 'we still sponsor H-1Bs' hoardings in India grab eyeballs amid $100,000 visa fee row - The Times of India from Times of India
2025-12-03 21:43:37,259 - INFO - [The Hindu] Page content loaded.
2025-12-03 21:43:37,300 - INFO - [Times of India] Article: https://timesofindia.indiatimes.com/world/us/explained-what-tennessees-election-reveals-about-2026-battlefield-for-democrats-and-republicans/articleshow/125751079.cms
2025-12-03 21:43:37,300 - INFO - [Times of India] Attempt 1/1: Trying with 'selenium_browser' strategy...
2025-12-03 21:43:37,554 - INFO - [The Hindu] Success with 'selenium_browser'. Found content (437 words).
2025-12-03 21:43:37,680 - INFO - Duplicate article skipped: Panneerselvam meets Amit Shah amid talk of his return to the BJP’s fold - The Hindu from The Hindu
2025-12-03 21:43:38,186 - INFO - [The Hindu] Article: https://www.thehindu.com/news/national/nepal-india-to-discuss-supply-of-aviation-fuel-through-pipeline/article70355022.ece
2025-12-03 21:43:38,187 - INFO - [The Hindu] Attempt 1/1: Trying with 'selenium_browser' strategy...
2025-12-03 21:43:38,988 - INFO - [Times of India] Page content loaded.
2025-12-03 21:43:39,190 - INFO - [Times of India] Success with 'selenium_browser'. Found content (317 words).
2025-12-03 21:43:39,285 - INFO - Duplicate article skipped: Explained: What Tennessee’s election reveals about 2026 battlefield for Democrats and Republicans - The Times of India from Times of India
2025-12-03 21:43:39,496 - INFO - [The Hindu] Page content loaded.
2025-12-03 21:43:39,545 - INFO - [The Hindu] Success with 'selenium_browser'. Found content (167 words).
2025-12-03 21:43:39,606 - INFO - Duplicate article skipped: Nepal, India to discuss supply of aviation fuel through pipeline - The Hindu from The Hindu
2025-12-03 21:43:39,806 - INFO - [Times of India] Article: https://timesofindia.indiatimes.com/world/us/democrats-release-new-disturbing-images-from-infamous-epstein-island-see-photos/articleshow/125750902.cms
2025-12-03 21:43:39,806 - INFO - [Times of India] Attempt 1/1: Trying with 'selenium_browser' strategy...
2025-12-03 21:43:40,299 - INFO - [The Hindu] Article: https://www.thehindu.com/news/national/haryana/haryana-man-fails-to-pay-1-cr-for-fancy-number-minister-orders-income-check/article70354432.ece
2025-12-03 21:43:40,299 - INFO - [The Hindu] Attempt 1/1: Trying with 'selenium_browser' strategy...
2025-12-03 21:43:41,046 - INFO - [The Hindu] Page content loaded.
2025-12-03 21:43:41,101 - INFO - [The Hindu] Success with 'selenium_browser'. Found content (316 words).
2025-12-03 21:43:41,117 - INFO - [Times of India] Page content loaded.
2025-12-03 21:43:41,190 - INFO - Duplicate article skipped: Haryana man fails to pay ₹1 cr. for ‘fancy number’; Minister orders income check - The Hindu from The Hindu
2025-12-03 21:43:41,271 - INFO - [Times of India] Success with 'selenium_browser'. Found content (344 words).
2025-12-03 21:43:41,378 - INFO - Duplicate article skipped: Democrats release 'never-before-seen' images from infamous ‘Epstein Island’ — see photos - The Times of India from Times of India
2025-12-03 21:43:42,333 - INFO - [The Hindu] Article: https://www.thehindu.com/news/national/maharashtra/do-not-comment-on-order-you-havent-challenged-pune-court-to-rahul-gandhi/article70354973.ece
2025-12-03 21:43:42,333 - INFO - [The Hindu] Attempt 1/1: Trying with 'selenium_browser' strategy...
2025-12-03 21:43:42,737 - INFO - [Times of India] Article: https://timesofindia.indiatimes.com/world/us-streamers/who-is-nicholas-hunter-the-youtuber-behind-the-viral-fake-pregnancy-story-with-jade-and-her-mother-dani/articleshow/125750336.cms
2025-12-03 21:43:42,738 - INFO - [Times of India] Attempt 1/1: Trying with 'selenium_browser' strategy...
2025-12-03 21:43:43,343 - INFO - [The Hindu] Page content loaded.
2025-12-03 21:43:43,457 - INFO - [The Hindu] Success with 'selenium_browser'. Found content (315 words).
2025-12-03 21:43:43,588 - INFO - Duplicate article skipped: Do not comment on order you haven't challenged: Pune court to Rahul Gandhi - The Hindu from The Hindu
2025-12-03 21:43:44,177 - INFO - [The Hindu] Article: https://www.thehindu.com/news/national/kerala/poll-preparations-intensify-as-officials-balance-sir-and-election-duties/article70354463.ece
2025-12-03 21:43:44,178 - INFO - [The Hindu] Attempt 1/1: Trying with 'selenium_browser' strategy...
2025-12-03 21:43:45,181 - INFO - [The Hindu] Page content loaded.
2025-12-03 21:43:45,227 - INFO - [The Hindu] Success with 'selenium_browser'. Found content (363 words).
2025-12-03 21:43:45,283 - INFO - Duplicate article skipped: Poll preparations intensify in Ernakulam as officials balance SIR and election duties - The Hindu from The Hindu
2025-12-03 21:43:46,720 - INFO - [The Hindu] Article: https://www.thehindu.com/news/national/kerala/udfs-manifesto-for-ernakulam-district-gives-thrust-to-tourism-waste-management-public-transport/article70354061.ece
2025-12-03 21:43:46,720 - INFO - [The Hindu] Attempt 1/1: Trying with 'selenium_browser' strategy...
2025-12-03 21:43:47,472 - INFO - [The Hindu] Page content loaded.
2025-12-03 21:43:47,534 - INFO - [The Hindu] Success with 'selenium_browser'. Found content (289 words).
2025-12-03 21:43:47,657 - INFO - Duplicate article skipped: UDF’s manifesto for Ernakulam district gives thrust to tourism, waste management, public transport - The Hindu from The Hindu
2025-12-03 21:43:48,925 - INFO - [The Hindu] Article: https://www.thehindu.com/news/national/madhya-pradesh/grp-head-constable-assaults-disabled-youth-at-mp-railway-station/article70354597.ece
2025-12-03 21:43:48,926 - INFO - [The Hindu] Attempt 1/1: Trying with 'selenium_browser' strategy...
2025-12-03 21:43:49,823 - INFO - [The Hindu] Page content loaded.
2025-12-03 21:43:49,865 - INFO - [The Hindu] Success with 'selenium_browser'. Found content (172 words).
2025-12-03 21:43:49,916 - INFO - Duplicate article skipped: GRP head constable assaults disabled youth at M.P. railway station - The Hindu from The Hindu
2025-12-03 21:43:51,082 - INFO - [The Hindu] Article: https://www.thehindu.com/news/national/kerala/keralas-extreme-poverty-free-status-wont-affect-aay-foodgrain-supply-joshi/article70354957.ece
2025-12-03 21:43:51,082 - INFO - [The Hindu] Attempt 1/1: Trying with 'selenium_browser' strategy...
2025-12-03 21:43:51,903 - INFO - [The Hindu] Page content loaded.
2025-12-03 21:43:51,948 - INFO - [The Hindu] Success with 'selenium_browser'. Found content (278 words).
2025-12-03 21:43:51,997 - INFO - Duplicate article skipped: Kerala’s extreme poverty-free status won’t affect AAY foodgrain supply: Joshi - The Hindu from The Hindu
2025-12-03 21:43:53,028 - INFO - [The Hindu] Article: https://www.thehindu.com/news/national/west-bengal/pm-asks-bjp-mps-from-west-bengal-to-keep-sir-straightforward/article70354675.ece
2025-12-03 21:43:53,029 - INFO - [The Hindu] Attempt 1/1: Trying with 'selenium_browser' strategy...
2025-12-03 21:43:54,462 - WARNING - [Times of India] Page timed out (10s). No <p> tags found. Proceeding anyway.
2025-12-03 21:43:54,778 - INFO - [Times of India] Success with 'selenium_browser'. Found content (370 words).
2025-12-03 21:43:55,098 - INFO - Duplicate article skipped: Who is Nicholas Hunter? The YouTuber behind the viral fake pregnancy story with Jade and her mother Dani - The Times of India from Times of India
2025-12-03 21:43:55,456 - INFO - [The Hindu] Page content loaded.
2025-12-03 21:43:55,549 - INFO - [The Hindu] Success with 'selenium_browser'. Found content (272 words).
2025-12-03 21:43:55,661 - INFO - Duplicate article skipped: PM asks BJP MPs from West Bengal to keep SIR ‘straightforward’ - The Hindu from The Hindu
2025-12-03 21:43:55,929 - INFO - [Times of India] Article: https://timesofindia.indiatimes.com/etimes/trending/dear-god-make-it-stop-home-alone-house-owner-reveals-decades-of-intrusion-in-new-memoir/articleshow/125748298.cms
2025-12-03 21:43:55,929 - INFO - [Times of India] Attempt 1/1: Trying with 'selenium_browser' strategy...
2025-12-03 21:43:57,090 - INFO - [The Hindu] Article: https://www.thehindu.com/news/national/tamil-nadu/prohibitory-orders-clamped-in-thiruparankundram-litigants-not-allowed-to-light-lamp-at-pillar/article70354954.ece
2025-12-03 21:43:57,090 - INFO - [The Hindu] Attempt 1/1: Trying with 'selenium_browser' strategy...
2025-12-03 21:43:57,723 - INFO - [The Hindu] Page content loaded.
2025-12-03 21:43:57,789 - INFO - [The Hindu] Success with 'selenium_browser'. Found content (845 words).
2025-12-03 21:43:57,844 - INFO - Duplicate article skipped: Prohibitory orders clamped in Tirupparankundram, litigants not allowed to light lamp at pillar - The Hindu from The Hindu
2025-12-03 21:43:58,751 - INFO - [The Hindu] Article: https://www.thehindu.com/news/national/karnataka/state-may-explore-policy-reforms-to-support-growth-of-data-centre-industry-priyank/article70354661.ece
2025-12-03 21:43:58,751 - INFO - [The Hindu] Attempt 1/1: Trying with 'selenium_browser' strategy...
2025-12-03 21:43:59,668 - INFO - [The Hindu] Page content loaded.
2025-12-03 21:43:59,712 - INFO - [The Hindu] Success with 'selenium_browser'. Found content (352 words).
2025-12-03 21:43:59,759 - INFO - Duplicate article skipped: State may explore policy reforms to support growth of data centre industry: Priyank - The Hindu from The Hindu
2025-12-03 21:44:01,212 - INFO - [The Hindu] Article: https://www.thehindu.com/news/national/tamil-nadu/arunachaleshwarar-temple-staff-among-three-arrested-for-selling-fake-parking-passes/article70353474.ece
2025-12-03 21:44:01,212 - INFO - [The Hindu] Attempt 1/1: Trying with 'selenium_browser' strategy...
2025-12-03 21:44:02,410 - INFO - [The Hindu] Page content loaded.
2025-12-03 21:44:02,472 - INFO - [The Hindu] Success with 'selenium_browser'. Found content (210 words).
2025-12-03 21:44:02,531 - INFO - Duplicate article skipped: Arunachaleshwarar temple staff among three arrested for selling fake parking passes - The Hindu from The Hindu
2025-12-03 21:44:03,922 - INFO - [The Hindu] Article: https://www.thehindu.com/news/national/tamil-nadu/farmer-arrested-for-illegal-electric-fencing-that-killed-three-persons/article70353480.ece
2025-12-03 21:44:03,923 - INFO - [The Hindu] Attempt 1/1: Trying with 'selenium_browser' strategy...
2025-12-03 21:44:06,157 - INFO - [The Hindu] Page content loaded.
2025-12-03 21:44:06,321 - INFO - [The Hindu] Success with 'selenium_browser'. Found content (323 words).
2025-12-03 21:44:06,470 - INFO - Duplicate article skipped: Farmer arrested for illegal electric fencing that killed three persons - The Hindu from The Hindu
2025-12-03 21:44:06,924 - WARNING - [Times of India] Page timed out (10s). No <p> tags found. Proceeding anyway.
2025-12-03 21:44:07,068 - INFO - [Times of India] Success with 'selenium_browser'. Found content (1056 words).
2025-12-03 21:44:07,147 - INFO - Duplicate article skipped: 'Dear god, make it stop:' Home Alone house owner reveals decades of intrusion in new memoir | - The Times of India from Times of India
2025-12-03 21:44:07,418 - INFO - [The Hindu] Article: https://www.thehindu.com/news/national/kerala/entrepreneurs-seek-a-roadmap-for-promoting-ecotourism-spots-in-kozhikode/article70353621.ece
2025-12-03 21:44:07,418 - INFO - [The Hindu] Attempt 1/1: Trying with 'selenium_browser' strategy...
2025-12-03 21:44:08,005 - INFO - [The Hindu] Page content loaded.
2025-12-03 21:44:08,050 - INFO - [The Hindu] Success with 'selenium_browser'. Found content (413 words).
2025-12-03 21:44:08,100 - INFO - Duplicate article skipped: Entrepreneurs seek a roadmap for promoting ecotourism spots in Kozhikode - The Hindu from The Hindu
2025-12-03 21:44:08,524 - INFO - [Times of India] Article: https://timesofindia.indiatimes.com/world/us/something-badly-wrong-with-h-1b-former-visa-officer-says-he-interviewed-average-college-graduates-in-india/articleshow/125750029.cms
2025-12-03 21:44:08,525 - INFO - [Times of India] Attempt 1/1: Trying with 'selenium_browser' strategy...
2025-12-03 21:44:08,787 - INFO - [The Hindu] Article: https://www.thehindu.com/news/national/andhra-pradesh/naidu-announces-free-transport-for-all-differently-abled-people-in-apsrtc-buses/article70354480.ece
2025-12-03 21:44:08,787 - INFO - [The Hindu] Attempt 1/1: Trying with 'selenium_browser' strategy...
2025-12-03 21:44:09,398 - INFO - [Times of India] Page content loaded.
2025-12-03 21:44:09,522 - INFO - [Times of India] Success with 'selenium_browser'. Found content (350 words).
2025-12-03 21:44:09,605 - INFO - Duplicate article skipped: 'Something badly wrong with H-1B': Former visa officer says he interviewed average college graduates in India - The Times of India from Times of India
2025-12-03 21:44:09,794 - INFO - [The Hindu] Page content loaded.
2025-12-03 21:44:09,841 - INFO - [The Hindu] Success with 'selenium_browser'. Found content (394 words).
2025-12-03 21:44:09,896 - INFO - Duplicate article skipped: Naidu announces free transport for all differently-abled people in APSRTC buses - The Hindu from The Hindu
2025-12-03 21:44:10,314 - INFO - [Times of India] Article: https://timesofindia.indiatimes.com/world/us/after-trump-elon-musk-predicts-2-consecutive-presidential-terms-for-jd-vance-calls-it-great-12-year-run/articleshow/125749056.cms
2025-12-03 21:44:10,314 - INFO - [Times of India] Attempt 1/1: Trying with 'selenium_browser' strategy...
2025-12-03 21:44:11,355 - INFO - [The Hindu] Article: https://www.thehindu.com/news/national/tamil-nadu/50-year-old-quack-arrested-in-tirupattur/article70353493.ece
2025-12-03 21:44:11,356 - INFO - [The Hindu] Attempt 1/1: Trying with 'selenium_browser' strategy...
2025-12-03 21:44:12,272 - INFO - [The Hindu] Page content loaded.
2025-12-03 21:44:12,328 - INFO - [The Hindu] Success with 'selenium_browser'. Found content (167 words).
2025-12-03 21:44:12,401 - INFO - Duplicate article skipped: 50-year-old quack arrested in Tirupattur - The Hindu from The Hindu
2025-12-03 21:44:13,292 - INFO - [The Hindu] Article: https://www.thehindu.com/news/national/kerala/ldf-promises-professional-makeover-in-running-of-thiruvananthapuram-corporation/article70354325.ece
2025-12-03 21:44:13,292 - INFO - [The Hindu] Attempt 1/1: Trying with 'selenium_browser' strategy...
2025-12-03 21:44:13,394 - INFO - [Times of India] Page content loaded.
2025-12-03 21:44:13,853 - INFO - [Times of India] Success with 'selenium_browser'. Found content (283 words).
2025-12-03 21:44:14,008 - INFO - Duplicate article skipped: After Trump, Elon Musk predicts 2 consecutive presidential terms for JD Vance, calls it 'great 12-year run’ - The Times of India from Times of India
2025-12-03 21:44:14,297 - INFO - [The Hindu] Page content loaded.
2025-12-03 21:44:14,338 - INFO - [The Hindu] Success with 'selenium_browser'. Found content (497 words).
2025-12-03 21:44:14,645 - INFO - Duplicate article skipped: LDF promises ‘professional makeover’ in running of Thiruvananthapuram Corporation - The Hindu from The Hindu
2025-12-03 21:44:14,826 - INFO - [Times of India] Article: https://timesofindia.indiatimes.com/world/us/sleepy-joe-to-sleepy-trump-how-donald-trump-dozed-off-in-a-meeting-after-years-of-mocking-biden/articleshow/125748318.cms
2025-12-03 21:44:14,826 - INFO - [Times of India] Attempt 1/1: Trying with 'selenium_browser' strategy...
2025-12-03 21:44:16,120 - INFO - [The Hindu] Article: https://www.thehindu.com/news/national/tamil-nadu/judicial-reforms-are-essential-to-maintain-rule-of-law-vit-chancellor/article70353465.ece
2025-12-03 21:44:16,120 - INFO - [The Hindu] Attempt 1/1: Trying with 'selenium_browser' strategy...
2025-12-03 21:44:17,475 - INFO - [Times of India] Page content loaded.
2025-12-03 21:44:17,570 - INFO - [The Hindu] Page content loaded.
2025-12-03 21:44:17,648 - INFO - [The Hindu] Success with 'selenium_browser'. Found content (270 words).
2025-12-03 21:44:17,745 - INFO - Duplicate article skipped: Judicial reforms are essential to maintain rule of law: VIT Chancellor - The Hindu from The Hindu
2025-12-03 21:44:17,757 - INFO - [Times of India] Success with 'selenium_browser'. Found content (671 words).
2025-12-03 21:44:17,870 - INFO - Duplicate article skipped: ‘Sleepy Joe’ to ‘Sleepy Trump’: How Donald Trump dozed off in a meeting after years of mocking Biden | World News - The Times of India from Times of India
2025-12-03 21:44:18,419 - INFO - [Times of India] Article: https://timesofindia.indiatimes.com/world/us/people-affected-cant-do-anything-immigration-expert-explains-what-trumps-ban-on-19-countries-means/articleshow/125747904.cms
2025-12-03 21:44:18,419 - INFO - [Times of India] Attempt 1/1: Trying with 'selenium_browser' strategy...
2025-12-03 21:44:18,935 - INFO - [The Hindu] Article: https://www.thehindu.com/news/national/andhra-pradesh/ap-congress-welcomes-withdrawal-of-sanchar-saathi-app/article70354696.ece
2025-12-03 21:44:18,936 - INFO - [The Hindu] Attempt 1/1: Trying with 'selenium_browser' strategy...
2025-12-03 21:44:20,178 - INFO - [Times of India] Page content loaded.
2025-12-03 21:44:20,247 - INFO - [The Hindu] Page content loaded.
2025-12-03 21:44:20,355 - INFO - [Times of India] Success with 'selenium_browser'. Found content (351 words).
2025-12-03 21:44:20,409 - INFO - [The Hindu] Success with 'selenium_browser'. Found content (215 words).
2025-12-03 21:44:20,520 - INFO - Duplicate article skipped: 'People affected can't do anything': Immigration expert explains what Trump's ban on 19 countries means - The Times of India from Times of India
2025-12-03 21:44:20,525 - INFO - Duplicate article skipped: A.P. Congress welcomes withdrawal of Sanchar Saathi app - The Hindu from The Hindu
2025-12-03 21:44:21,122 - INFO - [Times of India] Article: https://timesofindia.indiatimes.com/world/us/jeffrey-epstein-knew-about-trumps-childlike-pardon-plans-he-loves-showing-the-power-that-he-has-says-author/articleshow/125746881.cms
2025-12-03 21:44:21,123 - INFO - [Times of India] Attempt 1/1: Trying with 'selenium_browser' strategy...
2025-12-03 21:44:22,001 - INFO - [The Hindu] (Thread) Finished. Attempting to shut down its Selenium driver.
2025-12-03 21:44:22,243 - INFO - [Times of India] Page content loaded.
2025-12-03 21:44:22,274 - INFO - [The Hindu] (Thread) driver.quit() successful.
2025-12-03 21:44:22,346 - INFO - [Times of India] Success with 'selenium_browser'. Found content (391 words).
2025-12-03 21:44:22,432 - INFO - Duplicate article skipped: Jeffrey Epstein knew about Trump’s ‘childlike’ pardon plans: ‘He loves showing the power that he has,’ says author - The Times of India from Times of India
2025-12-03 21:44:23,713 - INFO - [Times of India] Article: https://timesofindia.indiatimes.com/world/us/ilhan-omar-says-trumps-obsession-with-her-is-creepy-i-will-be-here-probably-longer-than-trump/articleshow/125746952.cms
2025-12-03 21:44:23,713 - INFO - [Times of India] Attempt 1/1: Trying with 'selenium_browser' strategy...
2025-12-03 21:44:24,300 - INFO - [Times of India] Page content loaded.
2025-12-03 21:44:24,434 - INFO - [Times of India] Success with 'selenium_browser'. Found content (402 words).
2025-12-03 21:44:24,495 - INFO - Duplicate article skipped: Ilhan Omar says Trump's obsession with her is 'creepy': 'I will be here probably longer than Trump' - The Times of India from Times of India
2025-12-03 21:44:25,656 - INFO - [Times of India] Article: https://timesofindia.indiatimes.com/world/us/vivek-ramaswamy-recalls-last-conversation-with-charlie-kirk-on-what-is-an-american-social-media-brings-up-h-1b-row/articleshow/125745343.cms
2025-12-03 21:44:25,657 - INFO - [Times of India] Attempt 1/1: Trying with 'selenium_browser' strategy...
2025-12-03 21:44:26,532 - INFO - [Times of India] Page content loaded.
2025-12-03 21:44:26,652 - INFO - [Times of India] Success with 'selenium_browser'. Found content (429 words).
2025-12-03 21:44:26,717 - INFO - Duplicate article skipped: Vivek Ramaswamy recalls last conversation with Charlie Kirk on ‘What is an American?’; Social media brings up H-1B row - The Times of India from Times of India
2025-12-03 21:44:27,391 - INFO - [Times of India] (Thread) Finished. Attempting to shut down its Selenium driver.
2025-12-03 21:44:27,666 - INFO - [Times of India] (Thread) driver.quit() successful.
2025-12-03 21:44:27,666 - INFO - Shutting down thread pool (wait=False)...
2025-12-03 21:44:27,666 - INFO - Scraped: 0 BBC, 0 The Guardian, 0 Times of India, 1 The Hindu articles. (Total saved: 1)
2025-12-03 21:44:27,666 - INFO - --- Scraping job finished ---
2025-12-03 21:44:27,672 - INFO - --- Scraper service stopped and database connection closed. ---
2025-12-03 21:44:27,672 - INFO - --- Main thread finished. Forcing process exit to kill zombie threads. ---
