2025-11-28 09:44:45,054 - INFO - Loading AI Semantic Model (all-MiniLM-L6-v2)...
2025-11-28 09:44:45,055 - INFO - Use pytorch device_name: cpu
2025-11-28 09:44:45,055 - INFO - Load pretrained SentenceTransformer: all-MiniLM-L6-v2
2025-11-28 09:44:46,327 - INFO - AI Model loaded successfully.
2025-11-28 09:44:46,327 - INFO - Initializing database connection at: news_articles.db
2025-11-28 09:44:46,327 - INFO - --- Scraper service started (CI Mode: Run Once) ---
2025-11-28 09:44:46,327 - INFO - --- Starting new scraping job (Parallel Mode) ---
2025-11-28 09:44:46,327 - INFO - Creating new robust session with 3 retries on 5xx/connection/read errors.
2025-11-28 09:44:46,327 - INFO - Proxy is DISABLED.
2025-11-28 09:44:46,328 - INFO - Starting scrape for BBC RSS feed: http://feeds.bbci.co.uk/news/world/rss.xml
2025-11-28 09:44:46,329 - INFO - [Times of India] (Thread) requires Selenium. Initializing driver...
2025-11-28 09:44:46,329 - INFO - Initializing headless Selenium Chrome driver (using SeleniumManager)...
2025-11-28 09:44:46,329 - INFO - Starting scrape for The Guardian RSS feed: https://www.theguardian.com/world/rss
2025-11-28 09:44:46,331 - INFO - [The Hindu] (Thread) requires Selenium. Initializing driver...
2025-11-28 09:44:46,331 - INFO - Initializing headless Selenium Chrome driver (using SeleniumManager)...
2025-11-28 09:44:46,331 - INFO - Submitted 4 jobs to thread pool. Waiting up to 300s for completion...
2025-11-28 09:44:46,467 - INFO - Found 45 articles in The Guardian RSS feed. Processing up to 20.
2025-11-28 09:44:46,467 - INFO - [The Guardian] Article: https://www.theguardian.com/world/2025/nov/26/guinea-bissau-officers-take-total-control-close-borders-amid-election-chaos
2025-11-28 09:44:46,467 - INFO - [The Guardian] Attempt 1/1: Trying with 'requests_browser' strategy...
2025-11-28 09:44:46,493 - INFO - [The Guardian] Success with 'requests_browser'. Found content (412 words).
2025-11-28 09:44:46,529 - INFO - Duplicate article skipped: Guinea-Bissau military takes ‘total control’ amid election chaos | Guinea-Bissau | The Guardian from The Guardian
2025-11-28 09:44:46,580 - INFO - Found 40 articles in BBC RSS feed. Processing up to 20.
2025-11-28 09:44:46,580 - INFO - [BBC] Article: https://www.bbc.com/news/articles/cn8e5j20g27o?at_medium=RSS&at_campaign=rss
2025-11-28 09:44:46,580 - INFO - [BBC] Attempt 1/1: Trying with 'requests_browser' strategy...
2025-11-28 09:44:47,005 - INFO - [BBC] Success with 'requests_browser'. Found content (814 words).
2025-11-28 09:44:47,057 - INFO - Duplicate article skipped: Hong Kong fire: Anger and unanswered questions from BBC
2025-11-28 09:44:47,144 - INFO - [The Guardian] Article: https://www.theguardian.com/world/2025/nov/25/nigerian-schoolgirls-rescued-after-mass-abduction-in-kebbi
2025-11-28 09:44:47,145 - INFO - [The Guardian] Attempt 1/1: Trying with 'requests_browser' strategy...
2025-11-28 09:44:47,176 - INFO - [The Guardian] Success with 'requests_browser'. Found content (515 words).
2025-11-28 09:44:47,218 - INFO - Duplicate article skipped: Nigerian schoolgirls rescued after mass abduction in Kebbi | Nigeria | The Guardian from The Guardian
2025-11-28 09:44:47,575 - INFO - [BBC] Article: https://www.bbc.com/news/articles/cwyx4y6007lo?at_medium=RSS&at_campaign=rss
2025-11-28 09:44:47,575 - INFO - [BBC] Attempt 1/1: Trying with 'requests_browser' strategy...
2025-11-28 09:44:48,541 - INFO - [BBC] Success with 'requests_browser'. Found content (980 words).
2025-11-28 09:44:48,575 - INFO - [The Guardian] Article: https://www.theguardian.com/world/2025/nov/25/jacob-zuma-daughter-accused-tricking-men-fighting-for-russia-in-ukraine
2025-11-28 09:44:48,575 - INFO - [The Guardian] Attempt 1/1: Trying with 'requests_browser' strategy...
2025-11-28 09:44:48,576 - INFO - Duplicate article skipped: National Guard member dies after shooting in Washington DC from BBC
2025-11-28 09:44:48,602 - INFO - [The Guardian] Success with 'requests_browser'. Found content (656 words).
2025-11-28 09:44:48,646 - INFO - Duplicate article skipped: Jacob Zuma’s daughter accused of tricking men into fighting for Russia in Ukraine | South Africa | The Guardian from The Guardian
2025-11-28 09:44:49,432 - INFO - [The Guardian] Article: https://www.theguardian.com/uk-news/2025/nov/24/uk-rejects-nigerian-request-to-deport-former-politican-ike-ekweremadu-jailed-for-organ-trafficking
2025-11-28 09:44:49,432 - INFO - [The Guardian] Attempt 1/1: Trying with 'requests_browser' strategy...
2025-11-28 09:44:49,452 - INFO - [The Guardian] Success with 'requests_browser'. Found content (545 words).
2025-11-28 09:44:49,647 - INFO - [BBC] Article: https://www.bbc.com/news/articles/cdxweyy157go?at_medium=RSS&at_campaign=rss
2025-11-28 09:44:49,647 - INFO - [BBC] Attempt 1/1: Trying with 'requests_browser' strategy...
2025-11-28 09:44:49,656 - INFO - Duplicate article skipped: UK rejects Nigerian request to deport former politican jailed for organ trafficking | UK news | The Guardian from The Guardian
2025-11-28 09:44:49,678 - INFO - [BBC] Success with 'requests_browser'. Found content (496 words).
2025-11-28 09:44:49,719 - INFO - Duplicate article skipped: Trump says US will 'permanently pause migration' from 'third world countries' from BBC
2025-11-28 09:44:50,408 - INFO - [BBC] Article: https://www.bbc.com/news/articles/c058lp086zvo?at_medium=RSS&at_campaign=rss
2025-11-28 09:44:50,408 - INFO - [BBC] Attempt 1/1: Trying with 'requests_browser' strategy...
2025-11-28 09:44:50,599 - INFO - [BBC] Success with 'requests_browser'. Found content (406 words).
2025-11-28 09:44:50,634 - INFO - Duplicate article skipped: Ukraine anti-corruption agents search home of Zelensky's top adviser Yermak from BBC
2025-11-28 09:44:51,047 - INFO - [The Guardian] Article: https://www.theguardian.com/world/2025/nov/24/ethiopian-volcano-hayli-gubbi-erupts-first-time-12000-years
2025-11-28 09:44:51,047 - INFO - [The Guardian] Attempt 1/1: Trying with 'requests_browser' strategy...
2025-11-28 09:44:51,068 - INFO - [The Guardian] Success with 'requests_browser'. Found content (306 words).
2025-11-28 09:44:51,102 - INFO - Duplicate article skipped: Ethiopian volcano erupts for first time in 12,000 years | Ethiopia | The Guardian from The Guardian
2025-11-28 09:44:51,435 - INFO - [BBC] Article: https://www.bbc.com/news/articles/clyz7njqwvvo?at_medium=RSS&at_campaign=rss
2025-11-28 09:44:51,435 - INFO - [BBC] Attempt 1/1: Trying with 'requests_browser' strategy...
2025-11-28 09:44:51,459 - INFO - [BBC] Success with 'requests_browser'. Found content (344 words).
2025-11-28 09:44:51,495 - INFO - Duplicate article skipped: Japan's same-sex marriage ban is constitutional, says Tokyo court from BBC
2025-11-28 09:44:52,152 - INFO - [The Guardian] Article: https://www.theguardian.com/world/2025/nov/28/st-vincent-caribbean-opposition-party-celebrates-historic-election-win
2025-11-28 09:44:52,152 - INFO - [The Guardian] Attempt 1/1: Trying with 'requests_browser' strategy...
2025-11-28 09:44:52,175 - INFO - [BBC] Article: https://www.bbc.com/news/articles/c741m97lk42o?at_medium=RSS&at_campaign=rss
2025-11-28 09:44:52,175 - INFO - [BBC] Attempt 1/1: Trying with 'requests_browser' strategy...
2025-11-28 09:44:52,202 - INFO - [BBC] Success with 'requests_browser'. Found content (599 words).
2025-11-28 09:44:52,247 - INFO - Duplicate article skipped: Guinea-Bissau’s ousted President Umaro Sissoco Embaló flees to Senegal after coup from BBC
2025-11-28 09:44:52,317 - INFO - [The Guardian] Success with 'requests_browser'. Found content (497 words).
2025-11-28 09:44:52,355 - INFO - Duplicate article skipped: St Vincent opposition party celebrates historic election win | St Vincent and the Grenadines | The Guardian from The Guardian
2025-11-28 09:44:52,876 - INFO - [The Guardian] Article: https://www.theguardian.com/world/2025/nov/27/st-vincent-prime-minister-seeks-record-sixth-term-in-tight-election
2025-11-28 09:44:52,876 - INFO - [The Guardian] Attempt 1/1: Trying with 'requests_browser' strategy...
2025-11-28 09:44:53,032 - INFO - [The Guardian] Success with 'requests_browser'. Found content (676 words).
2025-11-28 09:44:53,068 - INFO - Duplicate article skipped: St Vincent prime minister seeks record sixth term in tight election | St Vincent and the Grenadines | The Guardian from The Guardian
2025-11-28 09:44:53,497 - INFO - [BBC] Article: https://www.bbc.com/news/articles/c1w9qe7n984o?at_medium=RSS&at_campaign=rss
2025-11-28 09:44:53,497 - INFO - [BBC] Attempt 1/1: Trying with 'requests_browser' strategy...
2025-11-28 09:44:53,522 - INFO - [BBC] Success with 'requests_browser'. Found content (796 words).
2025-11-28 09:44:53,557 - INFO - Duplicate article skipped: Quebec moves to expand secularism law, limit public prayer from BBC
2025-11-28 09:44:54,240 - INFO - [BBC] Article: https://www.bbc.com/news/articles/c8dyqzm0rp4o?at_medium=RSS&at_campaign=rss
2025-11-28 09:44:54,240 - INFO - [BBC] Attempt 1/1: Trying with 'requests_browser' strategy...
2025-11-28 09:44:54,554 - INFO - [The Guardian] Article: https://www.theguardian.com/politics/2025/nov/28/uk-home-office-rejects-visa-young-girl-destitute-jamaica-hurricane-melissa
2025-11-28 09:44:54,555 - INFO - [The Guardian] Attempt 1/1: Trying with 'requests_browser' strategy...
2025-11-28 09:44:54,576 - INFO - [The Guardian] Success with 'requests_browser'. Found content (550 words).
2025-11-28 09:44:54,610 - INFO - Duplicate article skipped: UK rejects visa for girl left destitute in Jamaica by Hurricane Melissa | Home Office | The Guardian from The Guardian
2025-11-28 09:44:54,960 - INFO - [BBC] Success with 'requests_browser'. Found content (392 words).
2025-11-28 09:44:55,000 - INFO - Duplicate article skipped: West Bank: Israeli troops kill two Palestinians after they appear to surrender from BBC
2025-11-28 09:44:55,080 - INFO - Selenium driver initialized successfully.
2025-11-28 09:44:55,081 - INFO - Starting scrape for Times of India RSS feed: https://timesofindia.indiatimes.com/rssfeeds/296589292.cms
2025-11-28 09:44:55,082 - INFO - Selenium driver initialized successfully.
2025-11-28 09:44:55,082 - INFO - Starting scrape for The Hindu RSS feed: https://www.thehindu.com/news/national/feeder/default.rss
2025-11-28 09:44:55,188 - INFO - Found 100 articles in The Hindu RSS feed. Processing up to 20.
2025-11-28 09:44:55,188 - INFO - [The Hindu] Article: https://www.thehindu.com/news/national/andhra-pradesh/andhra-pradesh-chambers-delegation-submits-pre-budget-representation-to-nirmala-sitharaman/article70333922.ece
2025-11-28 09:44:55,188 - INFO - [The Hindu] Attempt 1/1: Trying with 'selenium_browser' strategy...
2025-11-28 09:44:55,191 - INFO - Found 20 articles in Times of India RSS feed. Processing up to 20.
2025-11-28 09:44:55,191 - INFO - [Times of India] Article: https://timesofindia.indiatimes.com/world/middle-east/sharjah-police-announce-black-points-waiver-and-fine-discounts-for-uaes-54th-national-day/articleshow/125631206.cms
2025-11-28 09:44:55,191 - INFO - [Times of India] Attempt 1/1: Trying with 'selenium_browser' strategy...
2025-11-28 09:44:55,706 - INFO - [The Guardian] Article: https://www.theguardian.com/world/2025/nov/27/mark-carney-alberta-oil-pipeline-deal-canada-first-nations
2025-11-28 09:44:55,706 - INFO - [The Guardian] Attempt 1/1: Trying with 'requests_browser' strategy...
2025-11-28 09:44:55,731 - INFO - [The Guardian] Success with 'requests_browser'. Found content (723 words).
2025-11-28 09:44:55,780 - INFO - Duplicate article skipped: Canada minister resigns from cabinet over Carney’s controversial oil pipeline deal | Canada | The Guardian from The Guardian
2025-11-28 09:44:55,849 - INFO - [BBC] Article: https://www.bbc.com/news/articles/cp84nl57v0lo?at_medium=RSS&at_campaign=rss
2025-11-28 09:44:55,849 - INFO - [BBC] Attempt 1/1: Trying with 'requests_browser' strategy...
2025-11-28 09:44:55,903 - INFO - [BBC] Success with 'requests_browser'. Found content (751 words).
2025-11-28 09:44:55,946 - INFO - Duplicate article skipped: Putin doubles down on demands for Ukrainian territory ahead of talks with US from BBC
2025-11-28 09:44:56,463 - INFO - [The Guardian] Article: https://www.theguardian.com/world/2025/nov/27/perus-ousted-president-of-the-poor-gets-11-year-sentence-for-rebellion
2025-11-28 09:44:56,463 - INFO - [The Guardian] Attempt 1/1: Trying with 'requests_browser' strategy...
2025-11-28 09:44:56,502 - INFO - [The Guardian] Success with 'requests_browser'. Found content (346 words).
2025-11-28 09:44:56,563 - INFO - Duplicate article skipped: Peru’s ousted ‘president of the poor’ gets 11-year sentence for rebellion | Peru | The Guardian from The Guardian
2025-11-28 09:44:57,398 - INFO - [BBC] Article: https://www.bbc.com/news/articles/c0edw7g7z79o?at_medium=RSS&at_campaign=rss
2025-11-28 09:44:57,398 - INFO - [BBC] Attempt 1/1: Trying with 'requests_browser' strategy...
2025-11-28 09:44:57,799 - INFO - [BBC] Success with 'requests_browser'. Found content (1054 words).
2025-11-28 09:44:57,844 - INFO - [The Guardian] Article: https://www.theguardian.com/news/2025/nov/28/hong-kong-apartment-fire-response-rescue-operations-death-toll
2025-11-28 09:44:57,844 - INFO - [The Guardian] Attempt 1/1: Trying with 'requests_browser' strategy...
2025-11-28 09:44:57,933 - INFO - Duplicate article skipped: France brings back limited military service with 3,000 volunteers next year from BBC
2025-11-28 09:44:58,160 - INFO - [The Guardian] Success with 'requests_browser'. Found content (753 words).
2025-11-28 09:44:58,302 - INFO - Duplicate article skipped: Rescue operations at Hong Kong apartment complex ‘almost complete’, as death toll reaches 128 | Hong Kong apartment fires | The Guardian from The Guardian
2025-11-28 09:44:58,544 - INFO - [BBC] Article: https://www.bbc.com/news/articles/cd0keyern0do?at_medium=RSS&at_campaign=rss
2025-11-28 09:44:58,544 - INFO - [BBC] Attempt 1/1: Trying with 'requests_browser' strategy...
2025-11-28 09:44:58,606 - INFO - [BBC] Success with 'requests_browser'. Found content (511 words).
2025-11-28 09:44:58,764 - INFO - Duplicate article skipped: Venezuela bans six major airlines after tensions with US escalate from BBC
2025-11-28 09:44:59,401 - INFO - [BBC] Article: https://www.bbc.com/news/articles/c0edw348pewo?at_medium=RSS&at_campaign=rss
2025-11-28 09:44:59,401 - INFO - [BBC] Attempt 1/1: Trying with 'requests_browser' strategy...
2025-11-28 09:44:59,634 - INFO - [The Guardian] Article: https://www.theguardian.com/world/2025/nov/28/bear-attacks-man-public-toilet-japan
2025-11-28 09:44:59,634 - INFO - [The Guardian] Attempt 1/1: Trying with 'requests_browser' strategy...
2025-11-28 09:44:59,730 - INFO - [BBC] Success with 'requests_browser'. Found content (495 words).
2025-11-28 09:44:59,820 - INFO - [The Guardian] Success with 'requests_browser'. Found content (373 words).
2025-11-28 09:45:00,028 - INFO - Duplicate article skipped: US-Palestinian teen freed after nine months in Israeli jail from BBC
2025-11-28 09:45:00,685 - INFO - Duplicate article skipped: Bear attacks man in public toilet in Japan | Japan | The Guardian from The Guardian
2025-11-28 09:45:00,841 - INFO - [The Hindu] Page content loaded.
2025-11-28 09:45:00,867 - INFO - [BBC] Article: https://www.bbc.com/news/articles/cdd560nvqqdo?at_medium=RSS&at_campaign=rss
2025-11-28 09:45:00,867 - INFO - [BBC] Attempt 1/1: Trying with 'requests_browser' strategy...
2025-11-28 09:45:00,935 - INFO - [The Hindu] Success with 'selenium_browser'. Found content (245 words).
2025-11-28 09:45:01,163 - INFO - [BBC] Success with 'requests_browser'. Found content (1894 words).
2025-11-28 09:45:01,228 - INFO - [The Guardian] Article: https://www.theguardian.com/world/2025/nov/28/china-civil-service-exam-age-limit-changed
2025-11-28 09:45:01,234 - INFO - [The Guardian] Attempt 1/1: Trying with 'requests_browser' strategy...
2025-11-28 09:45:01,300 - INFO - [The Guardian] Success with 'requests_browser'. Found content (763 words).
2025-11-28 09:45:16,139 - INFO - [Times of India] Page content loaded.
2025-11-28 09:45:16,595 - INFO - [Times of India] Success with 'selenium_browser'. Found content (436 words).
2025-11-28 09:45:28,903 - INFO - Saved article: Andhra Pradesh Chambers delegation submits pre-Budget representation to Nirmala Sitharaman - The Hindu from The Hindu
2025-11-28 09:45:28,904 - INFO - Duplicate article skipped: Year after ceasefire, peace eludes south Lebanon as Israeli strikes continue from BBC
2025-11-28 09:45:28,904 - INFO - Duplicate article skipped: Millions in China cram for civil service exam and the hope of a job for life | China | The Guardian from The Guardian
2025-11-28 09:45:28,904 - INFO - Duplicate article skipped: Sharjah police announce black points waiver and fine discounts for UAE’s 54th National Day | World News - The Times of India from Times of India
2025-11-28 09:45:29,445 - INFO - [Times of India] Article: https://timesofindia.indiatimes.com/world/rest-of-world/hong-kong-tragedy-fire-alarms-of-affected-buildings-failed-toll-rises-to-128/articleshow/125632887.cms
2025-11-28 09:45:29,446 - INFO - [Times of India] Attempt 1/1: Trying with 'selenium_browser' strategy...
2025-11-28 09:45:29,570 - INFO - [BBC] Article: https://www.bbc.com/news/articles/cy5g3076lqzo?at_medium=RSS&at_campaign=rss
2025-11-28 09:45:29,570 - INFO - [BBC] Attempt 1/1: Trying with 'requests_browser' strategy...
2025-11-28 09:45:29,637 - INFO - [The Hindu] Article: https://www.thehindu.com/news/cities/bangalore/67-kg-hydro-ganja-in-10-days-bengaluru-customs-nets-massive-drug-hauls-in-airport-interceptions/article70333731.ece
2025-11-28 09:45:29,637 - INFO - [The Hindu] Attempt 1/1: Trying with 'selenium_browser' strategy...
2025-11-28 09:45:29,796 - INFO - [The Guardian] Article: https://www.theguardian.com/world/2025/nov/28/flash-flooding-sumatra-death-toll-rises
2025-11-28 09:45:29,796 - INFO - [The Guardian] Attempt 1/1: Trying with 'requests_browser' strategy...
2025-11-28 09:45:29,838 - INFO - [The Guardian] Success with 'requests_browser'. Found content (785 words).
2025-11-28 09:45:29,943 - INFO - Duplicate article skipped: Flash flooding in Sumatra kills 69 as rescue crews search rivers for survivors | Indonesia | The Guardian from The Guardian
2025-11-28 09:45:30,115 - INFO - [BBC] Success with 'requests_browser'. Found content (736 words).
2025-11-28 09:45:30,203 - INFO - Duplicate article skipped: Pope Leo visits Turkey and warns humanity at stake from high level of conflict from BBC
2025-11-28 09:45:30,524 - INFO - [The Guardian] Article: https://www.theguardian.com/news/2025/nov/27/hong-kong-fire-tai-po-police-blame-construction-company
2025-11-28 09:45:30,525 - INFO - [The Guardian] Attempt 1/1: Trying with 'requests_browser' strategy...
2025-11-28 09:45:30,672 - INFO - [The Guardian] Success with 'requests_browser'. Found content (975 words).
2025-11-28 09:45:30,799 - INFO - Duplicate article skipped: Hong Kong police say unsafe scaffolding and foam may have spread fire that killed at least 94 | Hong Kong apartment fires | The Guardian from The Guardian
2025-11-28 09:45:30,912 - INFO - [BBC] Article: https://www.bbc.com/news/articles/cvg164nvj77o?at_medium=RSS&at_campaign=rss
2025-11-28 09:45:30,912 - INFO - [BBC] Attempt 1/1: Trying with 'requests_browser' strategy...
2025-11-28 09:45:31,005 - INFO - [BBC] Success with 'requests_browser'. Found content (820 words).
2025-11-28 09:45:31,204 - INFO - Duplicate article skipped: Guinea-Bissau army general named president a day after apparent coup from BBC
2025-11-28 09:45:32,042 - INFO - [Times of India] Page content loaded.
2025-11-28 09:45:32,043 - INFO - [The Guardian] Article: https://www.theguardian.com/australia-news/2025/nov/28/bondi-junction-stabbings-joel-cauchi-inquest-drug-use
2025-11-28 09:45:32,043 - INFO - [The Guardian] Attempt 1/1: Trying with 'requests_browser' strategy...
2025-11-28 09:45:32,139 - INFO - [The Guardian] Success with 'requests_browser'. Found content (901 words).
2025-11-28 09:45:32,271 - INFO - Duplicate article skipped: Bondi Junction stabbings: ‘10 seconds warning’ from security could have saved lives, inquest hears | Bondi Junction stabbings | The Guardian from The Guardian
2025-11-28 09:45:32,506 - INFO - [BBC] Article: https://www.bbc.com/news/articles/cq8dq47j5y8o?at_medium=RSS&at_campaign=rss
2025-11-28 09:45:32,506 - INFO - [BBC] Attempt 1/1: Trying with 'requests_browser' strategy...
2025-11-28 09:45:32,616 - INFO - [BBC] Success with 'requests_browser'. Found content (595 words).
2025-11-28 09:45:32,744 - INFO - Duplicate article skipped: South Africa's Cyril Ramaphosa hits back after Donald Trump says US won't invite it for G20 summit from BBC
2025-11-28 09:45:32,755 - INFO - [Times of India] Success with 'selenium_browser'. Found content (578 words).
2025-11-28 09:45:32,902 - INFO - Duplicate article skipped: Hong Kong tragedy: Fire alarms of affected buildings failed; toll rises to 128 - The Times of India from Times of India
2025-11-28 09:45:33,312 - INFO - [The Guardian] Article: https://www.theguardian.com/australia-news/live/2025/nov/28/australia-news-live-storms-hail-queensland-environment-laws-anthony-albanese-labor-greens-sussan-ley-coalition-ntwnfb
2025-11-28 09:45:33,312 - INFO - [The Guardian] Attempt 1/1: Trying with 'requests_browser' strategy...
2025-11-28 09:45:33,960 - INFO - [BBC] Article: https://www.bbc.com/news/articles/cdxwzwe507ko?at_medium=RSS&at_campaign=rss
2025-11-28 09:45:33,960 - INFO - [BBC] Attempt 1/1: Trying with 'requests_browser' strategy...
2025-11-28 09:45:34,037 - INFO - [Times of India] Article: https://timesofindia.indiatimes.com/world/rest-of-world/sri-lanka-56-killed-as-floods-landslides-triggered-by-torrential-rains-batter-the-island-dozens-missing/articleshow/125628919.cms
2025-11-28 09:45:34,037 - INFO - [Times of India] Attempt 1/1: Trying with 'selenium_browser' strategy...
2025-11-28 09:45:34,165 - INFO - [The Guardian] Success with 'requests_browser'. Found content (1988 words).
2025-11-28 09:45:34,222 - INFO - [BBC] Success with 'requests_browser'. Found content (442 words).
2025-11-28 09:45:34,538 - INFO - Duplicate article skipped: Malawi police investigate theft of four German Shepherds from Kamuzu Palace from BBC
2025-11-28 09:45:35,380 - INFO - Duplicate article skipped: Barnaby Joyce’s exit from the Nationals ‘almost a Greek tragedy’, Michael McCormack says – as it happened | Australia news | The Guardian from The Guardian
2025-11-28 09:45:35,424 - INFO - [BBC] Article: https://www.bbc.com/news/articles/cly0jjv2lg1o?at_medium=RSS&at_campaign=rss
2025-11-28 09:45:35,424 - INFO - [BBC] Attempt 1/1: Trying with 'requests_browser' strategy...
2025-11-28 09:45:35,574 - INFO - [BBC] Success with 'requests_browser'. Found content (1341 words).
2025-11-28 09:45:35,682 - INFO - Duplicate article skipped: Russia Ukraine war: Where peace stands after frantic diplomacy from BBC
2025-11-28 09:45:36,325 - INFO - [BBC] Article: https://www.bbc.com/news/articles/c0edww3qgq2o?at_medium=RSS&at_campaign=rss
2025-11-28 09:45:36,325 - INFO - [BBC] Attempt 1/1: Trying with 'requests_browser' strategy...
2025-11-28 09:45:36,377 - INFO - [BBC] Success with 'requests_browser'. Found content (652 words).
2025-11-28 09:45:36,425 - INFO - Duplicate article skipped: Guinea-Bissau coup: Soldiers seize power and detain President Umaro Sissoco Embaló from BBC
2025-11-28 09:45:36,511 - INFO - [The Guardian] Article: https://www.theguardian.com/australia-news/2025/nov/28/jai-wright-police-officer-guilty-causing-indigenous-teenager-death-ntwnfb
2025-11-28 09:45:36,511 - INFO - [The Guardian] Attempt 1/1: Trying with 'requests_browser' strategy...
2025-11-28 09:45:36,691 - INFO - [The Guardian] Success with 'requests_browser'. Found content (639 words).
2025-11-28 09:45:36,731 - INFO - Duplicate article skipped: Police sergeant found guilty of causing death of 16-year-old Indigenous teenager Jai Wright | Australian police and policing | The Guardian from The Guardian
2025-11-28 09:45:37,815 - INFO - [Times of India] Page content loaded.
2025-11-28 09:45:37,834 - INFO - [BBC] Article: https://www.bbc.com/news/articles/c3r7xr94ln8o?at_medium=RSS&at_campaign=rss
2025-11-28 09:45:37,834 - INFO - [BBC] Attempt 1/1: Trying with 'requests_browser' strategy...
2025-11-28 09:45:37,885 - INFO - [BBC] Success with 'requests_browser'. Found content (724 words).
2025-11-28 09:45:37,931 - INFO - Duplicate article skipped: Trump defends Witkoff after leak appears to show envoy coaching Russias from BBC
2025-11-28 09:45:37,947 - INFO - [The Guardian] Article: https://www.theguardian.com/australia-news/2025/nov/28/father-jailed-homemade-gun-misfires-kills-pregnant-woman
2025-11-28 09:45:37,947 - INFO - [The Guardian] Attempt 1/1: Trying with 'requests_browser' strategy...
2025-11-28 09:45:37,970 - INFO - [Times of India] Success with 'selenium_browser'. Found content (255 words).
2025-11-28 09:45:38,040 - INFO - Duplicate article skipped: Sri Lanka: 56 killed as floods, landslides triggered by torrential rains batter the island; dozens missing - The Times of India from Times of India
2025-11-28 09:45:38,169 - INFO - [The Guardian] Success with 'requests_browser'. Found content (546 words).
2025-11-28 09:45:38,238 - INFO - Duplicate article skipped: Victorian man jailed after homemade gun misfires and kills his pregnant partner | Victoria | The Guardian from The Guardian
2025-11-28 09:45:38,840 - INFO - [The Guardian] Article: https://www.theguardian.com/australia-news/2025/nov/28/sydney-blacktown-daylight-shooting-man-dead-ntwnfb
2025-11-28 09:45:38,840 - INFO - [The Guardian] Attempt 1/1: Trying with 'requests_browser' strategy...
2025-11-28 09:45:38,887 - INFO - [Times of India] Article: https://timesofindia.indiatimes.com/world/middle-east/emirates-celebrates-54th-uae-national-day-with-special-inflight-food-and-entertainment/articleshow/125632515.cms
2025-11-28 09:45:38,887 - INFO - [Times of India] Attempt 1/1: Trying with 'selenium_browser' strategy...
2025-11-28 09:45:39,021 - INFO - [The Guardian] Success with 'requests_browser'. Found content (287 words).
2025-11-28 09:45:39,072 - INFO - Duplicate article skipped: Man dead and two under arrest after daylight shooting on suburban Sydney street | New South Wales | The Guardian from The Guardian
2025-11-28 09:45:40,123 - INFO - [Times of India] Page content loaded.
2025-11-28 09:45:40,292 - INFO - [Times of India] Success with 'selenium_browser'. Found content (543 words).
2025-11-28 09:45:40,370 - INFO - Duplicate article skipped: Emirates celebrates 54th UAE National Day with special inflight food and entertainment | World News - The Times of India from Times of India
2025-11-28 09:45:41,792 - INFO - [Times of India] Article: https://timesofindia.indiatimes.com/world/middle-east/uae-national-day-rulers-of-ras-al-khaimah-and-ajman-pardoned-1079-inmates-offers-them-a-clean-slate/articleshow/125631851.cms
2025-11-28 09:45:41,792 - INFO - [Times of India] Attempt 1/1: Trying with 'selenium_browser' strategy...
2025-11-28 09:45:43,203 - INFO - [Times of India] Page content loaded.
2025-11-28 09:45:43,346 - INFO - [Times of India] Success with 'selenium_browser'. Found content (437 words).
2025-11-28 09:45:43,419 - INFO - Duplicate article skipped: UAE National Day: Rulers of Ras Al Khaimah and Ajman pardoned 1,079 inmates, offers them a clean slate | World News - The Times of India from Times of India
2025-11-28 09:45:44,692 - INFO - [Times of India] Article: https://timesofindia.indiatimes.com/world/us/swaddling-hijab-married-brother-donald-trump-attacks-congresswoman-ilhan-omar-remarks-amid-crackdown-on-immigration/articleshow/125631021.cms
2025-11-28 09:45:44,692 - INFO - [Times of India] Attempt 1/1: Trying with 'selenium_browser' strategy...
2025-11-28 09:45:46,696 - INFO - [Times of India] Page content loaded.
2025-11-28 09:45:46,851 - INFO - [Times of India] Success with 'selenium_browser'. Found content (217 words).
2025-11-28 09:45:46,918 - INFO - Duplicate article skipped: 'Swaddling hijab, married brother': Donald Trump attacks Congresswoman Ilhan Omar; remarks amid crackdown on immigration - The Times of India from Times of India
2025-11-28 09:45:47,935 - INFO - [Times of India] Article: https://timesofindia.indiatimes.com/world/middle-east/riyadh-metro-enters-guinness-world-records-as-the-world-longest-driverless-network-at-176km/articleshow/125630736.cms
2025-11-28 09:45:47,935 - INFO - [Times of India] Attempt 1/1: Trying with 'selenium_browser' strategy...
2025-11-28 09:45:49,150 - INFO - [Times of India] Page content loaded.
2025-11-28 09:45:49,262 - INFO - [Times of India] Success with 'selenium_browser'. Found content (632 words).
2025-11-28 09:45:49,363 - INFO - Duplicate article skipped: Riyadh Metro enters Guinness World Records as the world longest driverless network at 176km | World News - The Times of India from Times of India
2025-11-28 09:45:50,093 - INFO - [Times of India] Article: https://timesofindia.indiatimes.com/world/us/who-was-sarah-beckstrom-national-guard-member-shot-near-white-house-dies-from-injuries/articleshow/125628756.cms
2025-11-28 09:45:50,093 - INFO - [Times of India] Attempt 1/1: Trying with 'selenium_browser' strategy...
2025-11-28 09:45:51,651 - INFO - [Times of India] Page content loaded.
2025-11-28 09:45:51,767 - INFO - [Times of India] Success with 'selenium_browser'. Found content (425 words).
2025-11-28 09:45:51,839 - INFO - Duplicate article skipped: Who was Sarah Beckstrom? National Guard member shot near White House, dies from injuries - The Times of India from Times of India
2025-11-28 09:45:52,688 - INFO - [Times of India] Article: https://timesofindia.indiatimes.com/world/middle-east/uae-national-day-2025-dubai-offers-free-public-parking-and-extended-metro-hours-on-holidays/articleshow/125630284.cms
2025-11-28 09:45:52,688 - INFO - [Times of India] Attempt 1/1: Trying with 'selenium_browser' strategy...
2025-11-28 09:45:53,831 - INFO - [Times of India] Page content loaded.
2025-11-28 09:45:53,959 - INFO - [Times of India] Success with 'selenium_browser'. Found content (483 words).
2025-11-28 09:45:54,051 - INFO - Duplicate article skipped: UAE National Day 2025: Dubai offers free public parking and extended metro hours on holidays | World News - The Times of India from Times of India
2025-11-28 09:45:54,664 - INFO - [Times of India] Article: https://timesofindia.indiatimes.com/world/us/turkey-doesnt-actually-taste-that-good-how-jd-vance-celebrated-thanksgiving-watch/articleshow/125627939.cms
2025-11-28 09:45:54,664 - INFO - [Times of India] Attempt 1/1: Trying with 'selenium_browser' strategy...
2025-11-28 09:45:55,910 - INFO - [Times of India] Page content loaded.
2025-11-28 09:45:56,062 - INFO - [Times of India] Success with 'selenium_browser'. Found content (246 words).
2025-11-28 09:45:56,134 - INFO - Duplicate article skipped: ‘Turkey doesn’t actually taste that good’: How JD Vance celebrated Thanksgiving — watch - The Times of India from Times of India
2025-11-28 09:45:57,591 - INFO - [Times of India] Article: https://timesofindia.indiatimes.com/world/us/not-gonna-have-weird-loyalty-nikki-haleys-son-nalin-distances-from-indian-roots-believes-foreign-hiring-makes-no-sense-us/articleshow/125627917.cms
2025-11-28 09:45:57,591 - INFO - [Times of India] Attempt 1/1: Trying with 'selenium_browser' strategy...
2025-11-28 09:45:59,349 - INFO - [Times of India] Page content loaded.
2025-11-28 09:45:59,517 - INFO - [Times of India] Success with 'selenium_browser'. Found content (260 words).
2025-11-28 09:45:59,586 - INFO - Duplicate article skipped: 'Not gonna have weird loyalty …': Nikki Haley’s son distances from Indian roots; believes foreign hiring makes 'no sense' - The Times of India from Times of India
2025-11-28 09:46:01,027 - INFO - [Times of India] Article: https://timesofindia.indiatimes.com/world/us/free-countries-allow-homophobia-tucker-carlson-challenges-piers-morgan-on-uk-free-speech-dares-him-to-use-gay-slur/articleshow/125627473.cms
2025-11-28 09:46:01,027 - INFO - [Times of India] Attempt 1/1: Trying with 'selenium_browser' strategy...
2025-11-28 09:46:02,234 - INFO - [Times of India] Page content loaded.
2025-11-28 09:46:02,338 - INFO - [Times of India] Success with 'selenium_browser'. Found content (356 words).
2025-11-28 09:46:02,656 - INFO - Duplicate article skipped: ‘Free countries allow homophobia’: Tucker Carlson challenges Piers Morgan on UK free speech; dares him to use gay slur - The Times of India from Times of India
2025-11-28 09:46:03,642 - INFO - [Times of India] Article: https://timesofindia.indiatimes.com/world/rest-of-world/pope-signals-interfaith-push-in-his-turkiye-visit/articleshow/125627383.cms
2025-11-28 09:46:03,642 - INFO - [Times of India] Attempt 1/1: Trying with 'selenium_browser' strategy...
2025-11-28 09:46:04,604 - INFO - [Times of India] Page content loaded.
2025-11-28 09:46:04,785 - WARNING - [Times of India] FAILED with 'selenium_browser' (content was too short: 77 words).
2025-11-28 09:46:04,785 - ERROR - [Times of India] All scrape strategies failed for https://timesofindia.indiatimes.com/world/rest-of-world/pope-signals-interfaith-push-in-his-turkiye-visit/articleshow/125627383.cms. Falling back to RSS description.
2025-11-28 09:46:04,786 - INFO - Duplicate article skipped: Pope signals interfaith push in his Turkiye visit from Times of India
2025-11-28 09:46:06,156 - INFO - [Times of India] Article: https://timesofindia.indiatimes.com/world/south-asia/hasina-gets-21-yr-jail-term-in-land-scam/articleshow/125627452.cms
2025-11-28 09:46:06,156 - INFO - [Times of India] Attempt 1/1: Trying with 'selenium_browser' strategy...
2025-11-28 09:46:07,577 - INFO - [Times of India] Page content loaded.
2025-11-28 09:46:07,748 - INFO - [Times of India] Success with 'selenium_browser'. Found content (139 words).
2025-11-28 09:46:07,809 - INFO - Duplicate article skipped: Hasina gets 21-yr jail term in land scam - The Times of India from Times of India
2025-11-28 09:46:09,078 - INFO - [Times of India] Article: https://timesofindia.indiatimes.com/world/us/are-you-a-stupid-person-trump-slams-reporter-questioning-him-over-white-house-shooting-watch/articleshow/125627144.cms
2025-11-28 09:46:09,078 - INFO - [Times of India] Attempt 1/1: Trying with 'selenium_browser' strategy...
2025-11-28 09:46:10,203 - INFO - [Times of India] Page content loaded.
2025-11-28 09:46:10,308 - INFO - [Times of India] Success with 'selenium_browser'. Found content (322 words).
2025-11-28 09:46:10,372 - INFO - Duplicate article skipped: 'Are you a stupid person?': Trump slams reporter questioning him over White House shooting – watch - The Times of India from Times of India
2025-11-28 09:46:10,892 - INFO - [Times of India] Article: https://timesofindia.indiatimes.com/world/us-streamers/what-happened-to-tiktok-star-tini-youngers-baby-arya-in-her-twin-pregnancy-just-days-before-birth/articleshow/125626918.cms
2025-11-28 09:46:10,892 - INFO - [Times of India] Attempt 1/1: Trying with 'selenium_browser' strategy...
2025-11-28 09:46:12,179 - INFO - [Times of India] Page content loaded.
2025-11-28 09:46:12,353 - INFO - [Times of India] Success with 'selenium_browser'. Found content (433 words).
2025-11-28 09:46:12,411 - INFO - Duplicate article skipped: What happened to TikTok star Tini Younger’s baby Arya in her twin pregnancy just days before birth? - The Times of India from Times of India
2025-11-28 09:46:13,114 - INFO - [Times of India] Article: https://timesofindia.indiatimes.com/world/us-streamers/nick-fuentes-demands-evidence-as-candace-owens-links-emmanuel-macron-and-charlie-kirk-death-to-assassination-plot/articleshow/125626670.cms
2025-11-28 09:46:13,114 - INFO - [Times of India] Attempt 1/1: Trying with 'selenium_browser' strategy...
2025-11-28 09:46:14,238 - INFO - [Times of India] Page content loaded.
2025-11-28 09:46:14,417 - INFO - [Times of India] Success with 'selenium_browser'. Found content (416 words).
2025-11-28 09:46:14,476 - INFO - Duplicate article skipped: Nick Fuentes demands evidence as Candace Owens links Emmanuel Macron and Charlie Kirk death to assassination plot - The Times of India from Times of India
2025-11-28 09:46:15,068 - INFO - [Times of India] Article: https://timesofindia.indiatimes.com/world/us-streamers/ray-j-banned-on-twitch-and-arrested-after-livestream-shows-gun-moment-with-princess-love/articleshow/125625046.cms
2025-11-28 09:46:15,068 - INFO - [Times of India] Attempt 1/1: Trying with 'selenium_browser' strategy...
2025-11-28 09:46:16,671 - INFO - [Times of India] Page content loaded.
2025-11-28 09:46:16,783 - INFO - [Times of India] Success with 'selenium_browser'. Found content (469 words).
2025-11-28 09:46:16,852 - INFO - Duplicate article skipped: Ray J banned on Twitch and arrested after livestream shows gun moment with Princess Love - The Times of India from Times of India
2025-11-28 09:46:17,469 - INFO - [Times of India] Article: https://timesofindia.indiatimes.com/world/us-streamers/did-marquay-the-goat-die-by-accident-new-details-point-to-something-troubling-before-tiktok-star-marquay-collins-passed/articleshow/125624471.cms
2025-11-28 09:46:17,469 - INFO - [Times of India] Attempt 1/1: Trying with 'selenium_browser' strategy...
2025-11-28 09:46:18,693 - INFO - [Times of India] Page content loaded.
2025-11-28 09:46:18,862 - INFO - [Times of India] Success with 'selenium_browser'. Found content (471 words).
2025-11-28 09:46:18,952 - INFO - Duplicate article skipped: Did Marquay The Goat die by accident? New details point to something troubling before TikTok star Marquay Collins passed - The Times of India from Times of India
2025-11-28 09:46:19,808 - INFO - [Times of India] Article: https://timesofindia.indiatimes.com/world/europe/russia-ukraine-war-putin-says-us-plan-could-form-basis-of-ceasefire-deal-threatens-military-action-if-kyiv-doesnt-pull-back/articleshow/125626659.cms
2025-11-28 09:46:19,808 - INFO - [Times of India] Attempt 1/1: Trying with 'selenium_browser' strategy...
2025-11-28 09:46:21,384 - INFO - [Times of India] Page content loaded.
2025-11-28 09:46:21,527 - INFO - [Times of India] Success with 'selenium_browser'. Found content (364 words).
2025-11-28 09:46:21,587 - INFO - Duplicate article skipped: Russia-Ukraine war: Putin says US plan ‘could form basis’ of ceasefire deal; threatens military action if Kyiv doesn't pull back - The Times of India from Times of India
2025-11-28 09:46:22,859 - INFO - [Times of India] (Thread) Finished. Attempting to shut down its Selenium driver.
2025-11-28 09:46:23,155 - INFO - [Times of India] (Thread) driver.quit() successful.
2025-11-28 09:46:29,652 - ERROR - [The Hindu] Request failed for strategy 'selenium_browser' on URL https://www.thehindu.com/news/cities/bangalore/67-kg-hydro-ganja-in-10-days-bengaluru-customs-nets-massive-drug-hauls-in-airport-interceptions/article70333731.ece: Message: timeout: Timed out receiving message from renderer: 59.362
  (Session info: chrome=142.0.7444.162)
Stacktrace:
#0 0x558f174b232a <unknown>
#1 0x558f16efee4b <unknown>
#2 0x558f16ee6e0d <unknown>
#3 0x558f16ee6af0 <unknown>
#4 0x558f16ee48ff <unknown>
#5 0x558f16ee527f <unknown>
#6 0x558f16ef3ca3 <unknown>
#7 0x558f16f0d601 <unknown>
#8 0x558f16f13e0b <unknown>
#9 0x558f16ee59bd <unknown>
#10 0x558f16f0d3a7 <unknown>
#11 0x558f16f9e170 <unknown>
#12 0x558f16f43c1a <unknown>
#13 0x558f16f44921 <unknown>
#14 0x558f17479239 <unknown>
#15 0x558f1747c1e8 <unknown>
#16 0x558f174624c9 <unknown>
#17 0x558f1747cdb5 <unknown>
#18 0x558f17449e93 <unknown>
#19 0x558f1749f098 <unknown>
#20 0x558f1749f273 <unknown>
#21 0x558f174b12c3 <unknown>
#22 0x7fc53c09caa4 <unknown>
#23 0x7fc53c129c6c <unknown>

2025-11-28 09:46:29,652 - ERROR - [The Hindu] All scrape strategies failed for https://www.thehindu.com/news/cities/bangalore/67-kg-hydro-ganja-in-10-days-bengaluru-customs-nets-massive-drug-hauls-in-airport-interceptions/article70333731.ece. Falling back to RSS description.
2025-11-28 09:46:29,652 - INFO - Duplicate article skipped: 67 kg hydro ganja in 10 days: Bengaluru Customs nets massive drug hauls in airport interceptions from The Hindu
2025-11-28 09:46:30,858 - INFO - [The Hindu] Article: https://www.thehindu.com/news/international/will-pm-modi-take-up-south-africas-cause-with-good-friend-trump-asks-congress/article70333695.ece
2025-11-28 09:46:30,859 - INFO - [The Hindu] Attempt 1/1: Trying with 'selenium_browser' strategy...
2025-11-28 09:46:33,437 - INFO - [The Hindu] Page content loaded.
2025-11-28 09:46:33,550 - INFO - [The Hindu] Success with 'selenium_browser'. Found content (546 words).
2025-11-28 09:46:33,627 - INFO - Duplicate article skipped: Will PM Modi take up South Africa's cause with ‘good friend’ Trump, asks Congress - The Hindu from The Hindu
2025-11-28 09:46:34,942 - INFO - [The Hindu] Article: https://www.thehindu.com/news/national/kerala/congress-in-kerala-walks-a-tight-rope-as-cpim-bjp-ramp-up-demand-for-mla-rahul-mamkootathils-resignation/article70333966.ece
2025-11-28 09:46:34,942 - INFO - [The Hindu] Attempt 1/1: Trying with 'selenium_browser' strategy...
2025-11-28 09:46:35,517 - INFO - [The Hindu] Page content loaded.
2025-11-28 09:46:35,595 - INFO - [The Hindu] Success with 'selenium_browser'. Found content (446 words).
2025-11-28 09:46:35,678 - INFO - Duplicate article skipped: Congress in Kerala walks a tight rope as CPI(M), BJP ramp up demand for MLA Rahul Mamkootathil’s resignation - The Hindu from The Hindu
2025-11-28 09:46:36,443 - INFO - [The Hindu] Article: https://www.thehindu.com/news/national/russian-president-vladimir-putin-to-visit-india-on-december-4-5/article70333927.ece
2025-11-28 09:46:36,443 - INFO - [The Hindu] Attempt 1/1: Trying with 'selenium_browser' strategy...
2025-11-28 09:46:37,196 - INFO - [The Hindu] Page content loaded.
2025-11-28 09:46:37,241 - INFO - [The Hindu] Success with 'selenium_browser'. Found content (298 words).
2025-11-28 09:46:37,314 - INFO - Duplicate article skipped: Russian President Vladimir Putin to visit India on December 4-5 - The Hindu from The Hindu
2025-11-28 09:46:37,967 - INFO - [The Hindu] Article: https://www.thehindu.com/news/national/andhra-pradesh/widespread-rain-with-isolated-very-heavy-falls-likely-over-south-coastal-andhra-due-to-ditwah/article70333868.ece
2025-11-28 09:46:37,967 - INFO - [The Hindu] Attempt 1/1: Trying with 'selenium_browser' strategy...
2025-11-28 09:46:39,013 - INFO - [The Hindu] Page content loaded.
2025-11-28 09:46:39,092 - INFO - [The Hindu] Success with 'selenium_browser'. Found content (607 words).
2025-11-28 09:46:39,184 - INFO - Duplicate article skipped: Widespread rain with isolated very heavy falls likely over south coastal Andhra under influence of Ditwah from November 29 - The Hindu from The Hindu
2025-11-28 09:46:40,039 - INFO - [The Hindu] Article: https://www.thehindu.com/news/national/andhra-pradesh/parakamani-theft-case-ttd-former-chairman-subba-reddy-appears-before-cid/article70333852.ece
2025-11-28 09:46:40,039 - INFO - [The Hindu] Attempt 1/1: Trying with 'selenium_browser' strategy...
2025-11-28 09:46:41,115 - INFO - [The Hindu] Page content loaded.
2025-11-28 09:46:41,180 - INFO - [The Hindu] Success with 'selenium_browser'. Found content (201 words).
2025-11-28 09:46:41,252 - INFO - Duplicate article skipped: Parakamani theft case: TTD former chairman Subba Reddy appears before CID - The Hindu from The Hindu
2025-11-28 09:46:42,451 - INFO - [The Hindu] Article: https://www.thehindu.com/news/national/tamil-nadu/kodanad-heist-cum-murder-case-two-accused-men-sayan-manoj-cleared-of-charges-of-intimidating-witness/article70333732.ece
2025-11-28 09:46:42,452 - INFO - [The Hindu] Attempt 1/1: Trying with 'selenium_browser' strategy...
2025-11-28 09:46:43,704 - INFO - [The Hindu] Page content loaded.
2025-11-28 09:46:43,752 - INFO - [The Hindu] Success with 'selenium_browser'. Found content (219 words).
2025-11-28 09:46:44,135 - INFO - Duplicate article skipped: Kodanad heist-cum-murder case: Two accused men Sayan, Manoj cleared of charges of intimidating witness - The Hindu from The Hindu
2025-11-28 09:46:45,597 - INFO - [The Hindu] Article: https://www.thehindu.com/news/national/arunachal-pradesh/arunachal-pradesh-state-election-commission-introduces-on-the-spot-voting-facility-for-personnel-engaged-in-civic-poll-duty/article70333815.ece
2025-11-28 09:46:45,597 - INFO - [The Hindu] Attempt 1/1: Trying with 'selenium_browser' strategy...
2025-11-28 09:46:46,472 - INFO - [The Hindu] Page content loaded.
2025-11-28 09:46:46,528 - INFO - [The Hindu] Success with 'selenium_browser'. Found content (451 words).
2025-11-28 09:46:46,604 - INFO - Duplicate article skipped: Arunachal Pradesh State Election Commission introduces on-the-spot voting facility for personnel engaged in civic poll duty - The Hindu from The Hindu
2025-11-28 09:46:47,669 - INFO - [The Hindu] Article: https://www.thehindu.com/news/national/rajasthan/anti-conversion-law-supreme-court-seeks-rajasthan-governments-response-on-plea-challenging-validity/article70333785.ece
2025-11-28 09:46:47,669 - INFO - [The Hindu] Attempt 1/1: Trying with 'selenium_browser' strategy...
2025-11-28 09:46:49,132 - INFO - [The Hindu] Page content loaded.
2025-11-28 09:46:49,190 - INFO - [The Hindu] Success with 'selenium_browser'. Found content (313 words).
2025-11-28 09:46:49,265 - INFO - Duplicate article skipped: Anti-conversion law: Supreme Court seeks Rajasthan Government's response on plea challenging validity - The Hindu from The Hindu
2025-11-28 09:46:50,209 - INFO - [The Hindu] Article: https://www.thehindu.com/news/national/jammu-and-kashmir/kashmir-experiences-coldest-november-since-2007-mercury-in-srinagar-drops-to-45c/article70333810.ece
2025-11-28 09:46:50,209 - INFO - [The Hindu] Attempt 1/1: Trying with 'selenium_browser' strategy...
2025-11-28 09:46:51,080 - INFO - [The Hindu] Page content loaded.
2025-11-28 09:46:51,127 - INFO - [The Hindu] Success with 'selenium_browser'. Found content (240 words).
2025-11-28 09:46:51,220 - INFO - Duplicate article skipped: Kashmir experiences coldest November since 2007; Mercury in Srinagar drops to -4.5°C - The Hindu from The Hindu
2025-11-28 09:46:52,383 - INFO - [The Hindu] Article: https://www.thehindu.com/news/national/uttar-pradesh/ambedkar-statue-vandalised-in-ups-ballia/article70333705.ece
2025-11-28 09:46:52,384 - INFO - [The Hindu] Attempt 1/1: Trying with 'selenium_browser' strategy...
2025-11-28 09:46:53,319 - INFO - [The Hindu] Page content loaded.
2025-11-28 09:46:53,395 - INFO - [The Hindu] Success with 'selenium_browser'. Found content (210 words).
2025-11-28 09:46:53,469 - INFO - Duplicate article skipped: Ambedkar statue vandalised in U.P.'s Ballia - The Hindu from The Hindu
2025-11-28 09:46:54,823 - INFO - [The Hindu] Article: https://www.thehindu.com/news/national/kerala/from-fan-to-friend-a-keralites-life-long-bond-with-dharmendra/article70333640.ece
2025-11-28 09:46:54,823 - INFO - [The Hindu] Attempt 1/1: Trying with 'selenium_browser' strategy...
2025-11-28 09:46:55,642 - INFO - [The Hindu] Page content loaded.
2025-11-28 09:46:55,713 - INFO - [The Hindu] Success with 'selenium_browser'. Found content (637 words).
2025-11-28 09:46:55,803 - INFO - Duplicate article skipped: From fan to friend: A Keralite’s life-long bond with Dharmendra - The Hindu from The Hindu
2025-11-28 09:46:56,837 - INFO - [The Hindu] Article: https://www.thehindu.com/opinion/op-ed/a-former-minister-and-his-vada-case/article70329881.ece
2025-11-28 09:46:56,837 - INFO - [The Hindu] Attempt 1/1: Trying with 'selenium_browser' strategy...
2025-11-28 09:46:57,623 - INFO - [The Hindu] Page content loaded.
2025-11-28 09:46:57,673 - INFO - [The Hindu] Success with 'selenium_browser'. Found content (600 words).
2025-11-28 09:46:57,753 - INFO - Duplicate article skipped: A former Minister and his ‘vada case’ - The Hindu from The Hindu
2025-11-28 09:46:58,575 - INFO - [The Hindu] Article: https://www.thehindu.com/news/national/madhya-pradesh/woman-dies-after-standing-in-queue-for-two-days-to-get-fertiliser-bjp-mla-questions-mp-government/article70333573.ece
2025-11-28 09:46:58,575 - INFO - [The Hindu] Attempt 1/1: Trying with 'selenium_browser' strategy...
2025-11-28 09:47:00,593 - INFO - [The Hindu] Page content loaded.
2025-11-28 09:47:00,640 - INFO - [The Hindu] Success with 'selenium_browser'. Found content (435 words).
2025-11-28 09:47:00,705 - INFO - Duplicate article skipped: Woman dies after standing in queue for ‘two days’ to get fertiliser; BJP MLA questions M.P. Government - The Hindu from The Hindu
2025-11-28 09:47:01,932 - INFO - [The Hindu] Article: https://www.thehindu.com/news/national/maharashtra/maharashtra-to-cancel-suspicious-birth-death-certificates/article70333727.ece
2025-11-28 09:47:01,932 - INFO - [The Hindu] Attempt 1/1: Trying with 'selenium_browser' strategy...
2025-11-28 09:47:03,129 - INFO - [The Hindu] Page content loaded.
2025-11-28 09:47:03,319 - INFO - [The Hindu] Success with 'selenium_browser'. Found content (641 words).
2025-11-28 09:47:03,417 - INFO - Duplicate article skipped: Maharashtra orders cancellation of Aadhaar-based birth certificates - The Hindu from The Hindu
2025-11-28 09:47:04,008 - INFO - [The Hindu] Article: https://www.thehindu.com/news/national/meghalaya/demolition-of-bidhan-bhavan-meghalaya-high-court-orders-status-quo/article70333689.ece
2025-11-28 09:47:04,008 - INFO - [The Hindu] Attempt 1/1: Trying with 'selenium_browser' strategy...
2025-11-28 09:47:04,749 - INFO - [The Hindu] Page content loaded.
2025-11-28 09:47:04,796 - INFO - [The Hindu] Success with 'selenium_browser'. Found content (207 words).
2025-11-28 09:47:04,864 - INFO - Duplicate article skipped: Demolition of Bidhan Bhavan: Meghalaya High Court orders status quo - The Hindu from The Hindu
2025-11-28 09:47:06,017 - INFO - [The Hindu] Article: https://www.thehindu.com/news/national/west-bengal/documenting-the-panic-in-bengal-over-sir/article70333644.ece
2025-11-28 09:47:06,017 - INFO - [The Hindu] Attempt 1/1: Trying with 'selenium_browser' strategy...
2025-11-28 09:47:07,507 - INFO - [The Hindu] Page content loaded.
2025-11-28 09:47:07,653 - INFO - [The Hindu] Success with 'selenium_browser'. Found content (228 words).
2025-11-28 09:47:07,751 - INFO - Duplicate article skipped: Documenting the panic in Bengal over SIR - The Hindu from The Hindu
2025-11-28 09:47:08,863 - INFO - [The Hindu] Article: https://www.thehindu.com/news/national/karnataka/modi-in-udupi-massive-crowds-greet-pm-at-roadshow-ahead-of-gita-recital-event-at-sri-krishna-mutt/article70333684.ece
2025-11-28 09:47:08,863 - INFO - [The Hindu] Attempt 1/1: Trying with 'selenium_browser' strategy...
2025-11-28 09:47:09,740 - INFO - [The Hindu] Page content loaded.
2025-11-28 09:47:10,011 - INFO - [The Hindu] Success with 'selenium_browser'. Found content (510 words).
2025-11-28 09:47:10,150 - INFO - Duplicate article skipped: Modi in Udupi: PM welcomed by massive crowds at roadshow, recites Gita verses with lakhs of devotees at Sri Krishna Mutt - The Hindu from The Hindu
2025-11-28 09:47:11,463 - INFO - [The Hindu] Article: https://www.thehindu.com/news/cities/Delhi/delhi-police-arrests-gangster-linked-to-firing-at-kapil-sharmas-canada-restaurant/article70333671.ece
2025-11-28 09:47:11,463 - INFO - [The Hindu] Attempt 1/1: Trying with 'selenium_browser' strategy...
2025-11-28 09:47:12,612 - INFO - [The Hindu] Page content loaded.
2025-11-28 09:47:12,655 - INFO - [The Hindu] Success with 'selenium_browser'. Found content (158 words).
2025-11-28 09:47:12,728 - INFO - Duplicate article skipped: Kapil Sharma Canada cafe shooting: Delhi Police arrests gangster linked to firing at the restaurant - The Hindu from The Hindu
2025-11-28 09:47:13,942 - INFO - [The Hindu] (Thread) Finished. Attempting to shut down its Selenium driver.
2025-11-28 09:47:14,188 - INFO - [The Hindu] (Thread) driver.quit() successful.
2025-11-28 09:47:14,188 - INFO - Shutting down thread pool (wait=False)...
2025-11-28 09:47:14,189 - INFO - Scraped: 0 The Guardian, 0 BBC, 0 Times of India, 1 The Hindu articles. (Total saved: 1)
2025-11-28 09:47:14,189 - INFO - --- Scraping job finished ---
2025-11-28 09:47:14,195 - INFO - --- Scraper service stopped and database connection closed. ---
2025-11-28 09:47:14,195 - INFO - --- Main thread finished. Forcing process exit to kill zombie threads. ---
