2025-12-01 21:39:58,186 - INFO - Loading AI Semantic Model (all-MiniLM-L6-v2)...
2025-12-01 21:39:58,187 - INFO - Use pytorch device_name: cpu
2025-12-01 21:39:58,187 - INFO - Load pretrained SentenceTransformer: all-MiniLM-L6-v2
2025-12-01 21:39:58,730 - INFO - AI Model loaded successfully.
2025-12-01 21:39:58,730 - INFO - Initializing database connection at: news_articles.db
2025-12-01 21:39:58,730 - INFO - --- Scraper service started (CI Mode: Run Once) ---
2025-12-01 21:39:58,730 - INFO - --- Starting new scraping job (Parallel Mode) ---
2025-12-01 21:39:58,730 - INFO - Creating new robust session with 3 retries on 5xx/connection/read errors.
2025-12-01 21:39:58,731 - INFO - Proxy is DISABLED.
2025-12-01 21:39:58,731 - INFO - Starting scrape for BBC RSS feed: http://feeds.bbci.co.uk/news/world/rss.xml
2025-12-01 21:39:58,732 - INFO - [Times of India] (Thread) requires Selenium. Initializing driver...
2025-12-01 21:39:58,732 - INFO - Initializing headless Selenium Chrome driver (using SeleniumManager)...
2025-12-01 21:39:58,733 - INFO - Starting scrape for The Guardian RSS feed: https://www.theguardian.com/world/rss
2025-12-01 21:39:58,734 - INFO - [The Hindu] (Thread) requires Selenium. Initializing driver...
2025-12-01 21:39:58,734 - INFO - Initializing headless Selenium Chrome driver (using SeleniumManager)...
2025-12-01 21:39:58,734 - INFO - Submitted 4 jobs to thread pool. Waiting up to 300s for completion...
2025-12-01 21:39:58,926 - INFO - Found 45 articles in The Guardian RSS feed. Processing up to 20.
2025-12-01 21:39:58,926 - INFO - [The Guardian] Article: https://www.theguardian.com/world/2025/dec/01/south-africans-court-alleged-recruitment-russia-war-ukraine
2025-12-01 21:39:58,927 - INFO - [The Guardian] Attempt 1/1: Trying with 'requests_browser' strategy...
2025-12-01 21:39:58,965 - INFO - [The Guardian] Success with 'requests_browser'. Found content (506 words).
2025-12-01 21:39:59,009 - INFO - Duplicate article skipped: Five South Africans in court over alleged recruitment for Russia’s war in Ukraine | South Africa | The Guardian from The Guardian
2025-12-01 21:39:59,127 - INFO - Found 43 articles in BBC RSS feed. Processing up to 20.
2025-12-01 21:39:59,127 - INFO - [BBC] Article: https://www.bbc.com/news/articles/c1m8nmx75evo?at_medium=RSS&at_campaign=rss
2025-12-01 21:39:59,127 - INFO - [BBC] Attempt 1/1: Trying with 'requests_browser' strategy...
2025-12-01 21:39:59,371 - INFO - [BBC] Success with 'requests_browser'. Found content (823 words).
2025-12-01 21:39:59,405 - INFO - Duplicate article skipped: Zelensky says Ukraine territory 'most difficult' issue, as US envoy prepares to meet Putin from BBC
2025-12-01 21:39:59,762 - INFO - [The Guardian] Article: https://www.theguardian.com/global-development/2025/dec/01/global-health-hiv-aids-funding-cuts-infections-prevention
2025-12-01 21:39:59,762 - INFO - [The Guardian] Attempt 1/1: Trying with 'requests_browser' strategy...
2025-12-01 21:39:59,799 - INFO - [The Guardian] Success with 'requests_browser'. Found content (674 words).
2025-12-01 21:39:59,836 - INFO - Duplicate article skipped: Aid cuts have shaken HIV/Aids care to its core – and will mean millions more infections ahead | Global health | The Guardian from The Guardian
2025-12-01 21:39:59,946 - INFO - [BBC] Article: https://www.bbc.com/news/articles/cewjg272dq9o?at_medium=RSS&at_campaign=rss
2025-12-01 21:39:59,946 - INFO - [BBC] Attempt 1/1: Trying with 'requests_browser' strategy...
2025-12-01 21:39:59,984 - INFO - [BBC] Success with 'requests_browser'. Found content (582 words).
2025-12-01 21:40:00,016 - INFO - Duplicate article skipped: Alina Habba: Appeals court disqualifies ex-Trump lawyer as New Jersey prosecutor from BBC
2025-12-01 21:40:00,433 - INFO - [The Guardian] Article: https://www.theguardian.com/world/2025/nov/30/african-leaders-push-for-recognition-of-colonial-crimes-and-reparations
2025-12-01 21:40:00,433 - INFO - [The Guardian] Attempt 1/1: Trying with 'requests_browser' strategy...
2025-12-01 21:40:00,465 - INFO - [The Guardian] Success with 'requests_browser'. Found content (670 words).
2025-12-01 21:40:00,507 - INFO - Duplicate article skipped: African leaders push for recognition of colonial crimes and reparations | Colonialism | The Guardian from The Guardian
2025-12-01 21:40:00,916 - INFO - [BBC] Article: https://www.bbc.com/news/articles/czrk7g50e1po?at_medium=RSS&at_campaign=rss
2025-12-01 21:40:00,916 - INFO - [BBC] Attempt 1/1: Trying with 'requests_browser' strategy...
2025-12-01 21:40:00,953 - INFO - [BBC] Success with 'requests_browser'. Found content (1693 words).
2025-12-01 21:40:01,112 - INFO - Duplicate article skipped: WW1 toxic compound sprayed on Georgian protesters, BBC evidence suggests from BBC
2025-12-01 21:40:01,611 - INFO - [The Guardian] Article: https://www.theguardian.com/world/2025/nov/28/jacob-zuma-daughter-resigns-claims-south-africans-tricked-fight-russia
2025-12-01 21:40:01,611 - INFO - [The Guardian] Attempt 1/1: Trying with 'requests_browser' strategy...
2025-12-01 21:40:01,637 - INFO - [The Guardian] Success with 'requests_browser'. Found content (753 words).
2025-12-01 21:40:01,671 - INFO - Duplicate article skipped: Jacob Zuma’s daughter resigns amid claims South Africans tricked to fight for Russia | South Africa | The Guardian from The Guardian
2025-12-01 21:40:02,552 - INFO - [The Guardian] Article: https://www.theguardian.com/environment/2025/nov/28/africa-forests-transformed-carbon-sink-carbon-source-study
2025-12-01 21:40:02,552 - INFO - [The Guardian] Attempt 1/1: Trying with 'requests_browser' strategy...
2025-12-01 21:40:02,574 - INFO - [BBC] Article: https://www.bbc.com/news/articles/ckg9204y4w5o?at_medium=RSS&at_campaign=rss
2025-12-01 21:40:02,574 - INFO - [BBC] Attempt 1/1: Trying with 'requests_browser' strategy...
2025-12-01 21:40:02,579 - INFO - [The Guardian] Success with 'requests_browser'. Found content (458 words).
2025-12-01 21:40:02,618 - INFO - Duplicate article skipped: Africa’s forests transformed from carbon sink to carbon source, study finds | Climate crisis | The Guardian from The Guardian
2025-12-01 21:40:02,643 - INFO - [BBC] Success with 'requests_browser'. Found content (682 words).
2025-12-01 21:40:02,681 - INFO - Duplicate article skipped: Anicet Ekane: Cameroon opposition firebrand dies in detention aged 74 from BBC
2025-12-01 21:40:03,739 - INFO - [The Guardian] Article: https://www.theguardian.com/us-news/live/2025/dec/01/donald-trump-pete-hegseth-caribbean-boats-venezuela-immigration-us-politics-latest-news-updates
2025-12-01 21:40:03,739 - INFO - [The Guardian] Attempt 1/1: Trying with 'requests_browser' strategy...
2025-12-01 21:40:03,969 - INFO - [The Guardian] Success with 'requests_browser'. Found content (3793 words).
2025-12-01 21:40:04,067 - INFO - Duplicate article skipped: White House says second strike on vessel was legal and conducted in ‘self defense’ amid scrutiny – live | Trump administration | The Guardian from The Guardian
2025-12-01 21:40:04,071 - INFO - [BBC] Article: https://www.bbc.com/news/articles/cx2dgp8mvmno?at_medium=RSS&at_campaign=rss
2025-12-01 21:40:04,071 - INFO - [BBC] Attempt 1/1: Trying with 'requests_browser' strategy...
2025-12-01 21:40:04,111 - INFO - [BBC] Success with 'requests_browser'. Found content (775 words).
2025-12-01 21:40:04,149 - INFO - Duplicate article skipped: Honduras election on a knife edge as Trump-backed man slightly ahead from BBC
2025-12-01 21:40:04,638 - INFO - [The Guardian] Article: https://www.theguardian.com/world/2025/dec/01/mexico-kill-drug-trafficker-el-pichon-pedro-inzunza-coronel
2025-12-01 21:40:04,638 - INFO - [The Guardian] Attempt 1/1: Trying with 'requests_browser' strategy...
2025-12-01 21:40:04,667 - INFO - [The Guardian] Success with 'requests_browser'. Found content (385 words).
2025-12-01 21:40:04,701 - INFO - Duplicate article skipped: Mexican authorities kill one of country’s top fentanyl traffickers | Mexico | The Guardian from The Guardian
2025-12-01 21:40:05,089 - INFO - [BBC] Article: https://www.bbc.com/news/articles/c4g4enlp6kzo?at_medium=RSS&at_campaign=rss
2025-12-01 21:40:05,090 - INFO - [BBC] Attempt 1/1: Trying with 'requests_browser' strategy...
2025-12-01 21:40:05,124 - INFO - [BBC] Success with 'requests_browser'. Found content (870 words).
2025-12-01 21:40:05,158 - INFO - Duplicate article skipped: Indonesia floods death toll passes 500 from BBC
2025-12-01 21:40:05,661 - INFO - [BBC] Article: https://www.bbc.com/news/articles/c79x8285n29o?at_medium=RSS&at_campaign=rss
2025-12-01 21:40:05,661 - INFO - [BBC] Attempt 1/1: Trying with 'requests_browser' strategy...
2025-12-01 21:40:05,694 - INFO - [BBC] Success with 'requests_browser'. Found content (439 words).
2025-12-01 21:40:05,730 - INFO - Duplicate article skipped: Nigeria's kidnap crisis: Pastor abducted in Kogi state and a bride in Sokoto from BBC
2025-12-01 21:40:06,143 - INFO - [The Guardian] Article: https://www.theguardian.com/us-news/2025/dec/01/trump-pardon-juan-orlando-hernandez-honduras-former-president
2025-12-01 21:40:06,143 - INFO - [The Guardian] Attempt 1/1: Trying with 'requests_browser' strategy...
2025-12-01 21:40:06,169 - INFO - [The Guardian] Success with 'requests_browser'. Found content (938 words).
2025-12-01 21:40:06,207 - INFO - Duplicate article skipped: Trump’s pardon of Honduras’s ex-president shows counter-drug effort is ‘based on lies and hypocrisy’ | US foreign policy | The Guardian from The Guardian
2025-12-01 21:40:06,726 - INFO - [BBC] Article: https://www.bbc.com/news/articles/cz0n1rm95yxo?at_medium=RSS&at_campaign=rss
2025-12-01 21:40:06,726 - INFO - [BBC] Attempt 1/1: Trying with 'requests_browser' strategy...
2025-12-01 21:40:06,758 - INFO - [BBC] Success with 'requests_browser'. Found content (254 words).
2025-12-01 21:40:06,792 - INFO - Duplicate article skipped: Peru landslide: 12 killed after two boats hit in Amazon rainforest from BBC
2025-12-01 21:40:07,263 - INFO - [The Guardian] Article: https://www.theguardian.com/world/2025/dec/01/haiti-armed-gangs-attack-artibonite
2025-12-01 21:40:07,263 - INFO - [The Guardian] Attempt 1/1: Trying with 'requests_browser' strategy...
2025-12-01 21:40:07,291 - INFO - [The Guardian] Success with 'requests_browser'. Found content (629 words).
2025-12-01 21:40:07,324 - INFO - Duplicate article skipped: Hundreds flee central Haiti after gangs launch large-scale attacks and burn homes | Haiti | The Guardian from The Guardian
2025-12-01 21:40:08,208 - INFO - [BBC] Article: https://www.bbc.com/news/articles/c7vmn61l75ro?at_medium=RSS&at_campaign=rss
2025-12-01 21:40:08,208 - INFO - [BBC] Attempt 1/1: Trying with 'requests_browser' strategy...
2025-12-01 21:40:08,241 - INFO - [BBC] Success with 'requests_browser'. Found content (376 words).
2025-12-01 21:40:08,274 - INFO - Duplicate article skipped: Trump releases fraudster executive days into prison sentence from BBC
2025-12-01 21:40:08,508 - INFO - [The Guardian] Article: https://www.theguardian.com/world/2025/dec/01/trump-maduro-ultimatum-relinquish-power-venezuela
2025-12-01 21:40:08,508 - INFO - [The Guardian] Attempt 1/1: Trying with 'requests_browser' strategy...
2025-12-01 21:40:08,509 - INFO - Selenium driver initialized successfully.
2025-12-01 21:40:08,510 - INFO - Starting scrape for The Hindu RSS feed: https://www.thehindu.com/news/national/feeder/default.rss
2025-12-01 21:40:08,511 - INFO - Selenium driver initialized successfully.
2025-12-01 21:40:08,511 - INFO - Starting scrape for Times of India RSS feed: https://timesofindia.indiatimes.com/rssfeeds/296589292.cms
2025-12-01 21:40:08,537 - INFO - [The Guardian] Success with 'requests_browser'. Found content (498 words).
2025-12-01 21:40:08,571 - INFO - Duplicate article skipped: Trump reportedly gave Maduro ultimatum to relinquish power in Venezuela | Nicolás Maduro | The Guardian from The Guardian
2025-12-01 21:40:08,697 - INFO - Found 20 articles in Times of India RSS feed. Processing up to 20.
2025-12-01 21:40:08,697 - INFO - [Times of India] Article: https://timesofindia.indiatimes.com/world/us-streamers/gambling-streamer-subo-assaulted-live-on-stream-by-mma-fighter-shovkhal-churchaev/articleshow/125704173.cms
2025-12-01 21:40:08,697 - INFO - [Times of India] Attempt 1/1: Trying with 'selenium_browser' strategy...
2025-12-01 21:40:08,755 - INFO - Found 100 articles in The Hindu RSS feed. Processing up to 20.
2025-12-01 21:40:08,755 - INFO - [The Hindu] Article: https://www.thehindu.com/news/national/west-bengal/bjp-demands-audit-of-125-crore-entries-made-in-sir-across-three-days-in-west-bengal/article70346132.ece
2025-12-01 21:40:08,755 - INFO - [The Hindu] Attempt 1/1: Trying with 'selenium_browser' strategy...
2025-12-01 21:40:09,427 - INFO - [BBC] Article: https://www.bbc.com/news/articles/c5yd91y2250o?at_medium=RSS&at_campaign=rss
2025-12-01 21:40:09,428 - INFO - [BBC] Attempt 1/1: Trying with 'requests_browser' strategy...
2025-12-01 21:40:09,469 - INFO - [BBC] Success with 'requests_browser'. Found content (768 words).
2025-12-01 21:40:09,515 - INFO - Duplicate article skipped: Nonkululeko Mantula: South African radio presenter among five charged over Russia recruitment plot from BBC
2025-12-01 21:40:10,026 - INFO - [The Guardian] Article: https://www.theguardian.com/world/2025/dec/01/asia-flood-sri-lanka-indonesia-deploy-military
2025-12-01 21:40:10,026 - INFO - [The Guardian] Attempt 1/1: Trying with 'requests_browser' strategy...
2025-12-01 21:40:10,074 - INFO - [The Guardian] Success with 'requests_browser'. Found content (759 words).
2025-12-01 21:40:10,179 - INFO - Duplicate article skipped: Sri Lanka and Indonesia deploy militaries as Asia floods death toll passes 1,100 | Asia Pacific | The Guardian from The Guardian
2025-12-01 21:40:10,953 - INFO - [BBC] Article: https://www.bbc.com/news/articles/cj38xm5nmd7o?at_medium=RSS&at_campaign=rss
2025-12-01 21:40:10,953 - INFO - [BBC] Attempt 1/1: Trying with 'requests_browser' strategy...
2025-12-01 21:40:11,033 - INFO - [BBC] Success with 'requests_browser'. Found content (1138 words).
2025-12-01 21:40:11,170 - INFO - Duplicate article skipped: Tulip Siddiq MP says Bangladesh jail sentence is 'deeply unfair' from BBC
2025-12-01 21:40:11,224 - INFO - [The Guardian] Article: https://www.theguardian.com/world/live/2025/dec/01/death-toll-floods-indonesia-sri-lanka-malaysia-thailand-latest-updates-news-live
2025-12-01 21:40:11,225 - INFO - [The Guardian] Attempt 1/1: Trying with 'requests_browser' strategy...
2025-12-01 21:40:11,896 - INFO - [The Guardian] Success with 'requests_browser'. Found content (1015 words).
2025-12-01 21:40:12,038 - INFO - Duplicate article skipped: Death toll passes 1,100 in devastating floods across Indonesia, Sri Lanka, Malaysia and Thailand – as it happened | South and central Asia | The Guardian from The Guardian
2025-12-01 21:40:12,377 - INFO - [The Hindu] Page content loaded.
2025-12-01 21:40:12,507 - INFO - [The Hindu] Success with 'selenium_browser'. Found content (503 words).
2025-12-01 21:40:12,548 - INFO - [BBC] Article: https://www.bbc.com/news/articles/cj01q6p7ndlo?at_medium=RSS&at_campaign=rss
2025-12-01 21:40:12,549 - INFO - [BBC] Attempt 1/1: Trying with 'requests_browser' strategy...
2025-12-01 21:40:12,662 - INFO - [BBC] Success with 'requests_browser'. Found content (409 words).
2025-12-01 21:40:12,709 - INFO - [The Guardian] Article: https://www.theguardian.com/news/2025/dec/01/hong-kong-arrests-manslaughter-apartment-fires
2025-12-01 21:40:12,732 - INFO - [The Guardian] Attempt 1/1: Trying with 'requests_browser' strategy...
2025-12-01 21:40:12,898 - INFO - [The Guardian] Success with 'requests_browser'. Found content (763 words).
2025-12-01 21:40:30,685 - WARNING - [Times of India] Page timed out (10s). No <p> tags found. Proceeding anyway.
2025-12-01 21:40:31,079 - INFO - [Times of India] Success with 'selenium_browser'. Found content (378 words).
2025-12-01 21:40:31,625 - INFO - Saved article: BJP demands audit of 1.25 crore entries made in SIR across three days in West Bengal - The Hindu from The Hindu
2025-12-01 21:40:31,625 - INFO - Duplicate article skipped: South Korea police say 120,000 home cameras hacked for 'sexploitation' footage from BBC
2025-12-01 21:40:31,625 - INFO - Duplicate article skipped: Hong Kong arrests 13 on suspicion of manslaughter over apartment fires | Hong Kong apartment fires | The Guardian from The Guardian
2025-12-01 21:40:31,626 - INFO - Duplicate article skipped: Gambling streamer Subo assaulted live on stream by MMA fighter Shovkhal Churchaev - The Times of India from Times of India
2025-12-01 21:40:32,306 - INFO - [Times of India] Article: https://timesofindia.indiatimes.com/world/us/excellent-overall-health-white-house-releases-donald-trumps-mri-exam-amid-speculations/articleshow/125703794.cms
2025-12-01 21:40:32,306 - INFO - [Times of India] Attempt 1/1: Trying with 'selenium_browser' strategy...
2025-12-01 21:40:32,515 - INFO - [The Guardian] Article: https://www.theguardian.com/world/2025/nov/30/indonesia-thailand-floods
2025-12-01 21:40:32,515 - INFO - [The Guardian] Attempt 1/1: Trying with 'requests_browser' strategy...
2025-12-01 21:40:32,553 - INFO - [The Guardian] Success with 'requests_browser'. Found content (998 words).
2025-12-01 21:40:32,603 - INFO - Duplicate article skipped: Death toll passes 900 in Indonesia, Thailand and Sri Lanka floods | Extreme weather | The Guardian from The Guardian
2025-12-01 21:40:32,880 - INFO - [The Hindu] Article: https://www.thehindu.com/news/national/indian-armed-forces-to-procure-more-satellite-linked-heron-mk-ii-uavs-under-emergency-procurement/article70346863.ece
2025-12-01 21:40:32,880 - INFO - [The Hindu] Attempt 1/1: Trying with 'selenium_browser' strategy...
2025-12-01 21:40:32,902 - INFO - [BBC] Article: https://www.bbc.com/news/articles/cp8zyp988zvo?at_medium=RSS&at_campaign=rss
2025-12-01 21:40:32,902 - INFO - [BBC] Attempt 1/1: Trying with 'requests_browser' strategy...
2025-12-01 21:40:32,990 - INFO - [BBC] Success with 'requests_browser'. Found content (847 words).
2025-12-01 21:40:33,084 - INFO - Duplicate article skipped: US lawmakers demand answers over Hegseth Venezuela boat strike reports from BBC
2025-12-01 21:40:33,749 - INFO - [Times of India] Page content loaded.
2025-12-01 21:40:33,856 - INFO - [The Guardian] Article: https://www.theguardian.com/world/2025/nov/30/hong-kong-mourns-as-apartment-blaze-death-toll-rises
2025-12-01 21:40:33,857 - INFO - [The Guardian] Attempt 1/1: Trying with 'requests_browser' strategy...
2025-12-01 21:40:33,942 - INFO - [Times of India] Success with 'selenium_browser'. Found content (266 words).
2025-12-01 21:40:33,992 - INFO - [The Guardian] Success with 'requests_browser'. Found content (697 words).
2025-12-01 21:40:34,137 - INFO - Duplicate article skipped: 'Excellent overall health': White House releases Donald Trump's MRI exam amid speculations - The Times of India from Times of India
2025-12-01 21:40:34,146 - INFO - Duplicate article skipped: Hong Kong mourns as apartment fire death toll rises to 146 | Hong Kong apartment fires | The Guardian from The Guardian
2025-12-01 21:40:34,342 - INFO - [BBC] Article: https://www.bbc.com/news/articles/c997n2zlegzo?at_medium=RSS&at_campaign=rss
2025-12-01 21:40:34,342 - INFO - [BBC] Attempt 1/1: Trying with 'requests_browser' strategy...
2025-12-01 21:40:34,437 - INFO - [BBC] Success with 'requests_browser'. Found content (653 words).
2025-12-01 21:40:34,549 - INFO - Duplicate article skipped: One Piece: Japanese singer Maki Otsuki stopped mid-show after China row from BBC
2025-12-01 21:40:34,946 - INFO - [The Guardian] Article: https://www.theguardian.com/australia-news/live/2025/dec/02/australia-news-live-one-nation-liberal-coalition-barnaby-joyce-pauline-hanson-budget-estimates-labor-ai-plan-ntwnfb
2025-12-01 21:40:34,946 - INFO - [The Guardian] Attempt 1/1: Trying with 'requests_browser' strategy...
2025-12-01 21:40:35,050 - INFO - [Times of India] Article: https://timesofindia.indiatimes.com/world/us/how-exactly-is-shivon-zilis-indian/articleshow/125703381.cms
2025-12-01 21:40:35,051 - INFO - [Times of India] Attempt 1/1: Trying with 'selenium_browser' strategy...
2025-12-01 21:40:35,178 - INFO - [BBC] Article: https://www.bbc.com/news/articles/c075zd0j2j3o?at_medium=RSS&at_campaign=rss
2025-12-01 21:40:35,179 - INFO - [BBC] Attempt 1/1: Trying with 'requests_browser' strategy...
2025-12-01 21:40:35,346 - INFO - [The Guardian] Success with 'requests_browser'. Found content (1763 words).
2025-12-01 21:40:35,432 - INFO - [The Hindu] Page content loaded.
2025-12-01 21:40:35,588 - INFO - Duplicate article skipped: Australia news live: Canavan warns of One Nation threat to Liberals; ebike rider dies in collision with garbage truck | Australia news | The Guardian from The Guardian
2025-12-01 21:40:35,654 - INFO - [BBC] Success with 'requests_browser'. Found content (316 words).
2025-12-01 21:40:35,770 - INFO - [The Hindu] Success with 'selenium_browser'. Found content (392 words).
2025-12-01 21:40:35,810 - INFO - Duplicate article skipped: Couple accused of cheating with spycam to win A$1.2m in Australian casino from BBC
2025-12-01 21:40:35,866 - INFO - Duplicate article skipped: Indian armed forces to procure more satellite-linked Heron Mk II UAVs under emergency procurement - The Hindu from The Hindu
2025-12-01 21:40:36,488 - INFO - [The Guardian] Article: https://www.theguardian.com/australia-news/2025/dec/02/scathing-jobs-for-mates-review-finds-appointments-to-government-boards-routinely-abused
2025-12-01 21:40:36,488 - INFO - [The Guardian] Attempt 1/1: Trying with 'requests_browser' strategy...
2025-12-01 21:40:36,520 - INFO - [BBC] Article: https://www.bbc.com/news/articles/c4gv76r5qpvo?at_medium=RSS&at_campaign=rss
2025-12-01 21:40:36,520 - INFO - [BBC] Attempt 1/1: Trying with 'requests_browser' strategy...
2025-12-01 21:40:36,569 - INFO - [The Guardian] Success with 'requests_browser'. Found content (704 words).
2025-12-01 21:40:37,112 - INFO - [The Hindu] Article: https://www.thehindu.com/opinion/op-ed/the-aiadmk-is-on-a-weak-footing/article70345464.ece
2025-12-01 21:40:37,112 - INFO - [The Hindu] Attempt 1/1: Trying with 'selenium_browser' strategy...
2025-12-01 21:40:37,379 - INFO - [BBC] Success with 'requests_browser'. Found content (647 words).
2025-12-01 21:40:37,440 - INFO - Duplicate article skipped: Scathing ‘jobs for mates’ review finds appointments to government boards routinely abused | Australian politics | The Guardian from The Guardian
2025-12-01 21:40:37,491 - INFO - Duplicate article skipped: Benjamin Netanyahu seeks pardon from Israel's president from BBC
2025-12-01 21:40:38,079 - INFO - [BBC] Article: https://www.bbc.com/news/articles/c79x8x82gy4o?at_medium=RSS&at_campaign=rss
2025-12-01 21:40:38,079 - INFO - [BBC] Attempt 1/1: Trying with 'requests_browser' strategy...
2025-12-01 21:40:38,388 - INFO - [The Guardian] Article: https://www.theguardian.com/environment/2025/dec/01/south-australia-oyster-shell-donation-reef-restoration
2025-12-01 21:40:38,388 - INFO - [The Guardian] Attempt 1/1: Trying with 'requests_browser' strategy...
2025-12-01 21:40:38,439 - INFO - [The Guardian] Success with 'requests_browser'. Found content (713 words).
2025-12-01 21:40:38,495 - INFO - Duplicate article skipped: Get shucking: South Australians urged to eat oysters and donate shells for reef restoration project | Marine life | The Guardian from The Guardian
2025-12-01 21:40:38,622 - INFO - [The Hindu] Page content loaded.
2025-12-01 21:40:38,750 - INFO - [The Hindu] Success with 'selenium_browser'. Found content (740 words).
2025-12-01 21:40:38,856 - INFO - Duplicate article skipped: The AIADMK is on a weak footing - The Hindu from The Hindu
2025-12-01 21:40:39,568 - INFO - [BBC] Success with 'requests_browser'. Found content (518 words).
2025-12-01 21:40:39,653 - INFO - Duplicate article skipped: Ludwig Minelli: Dignitas founder dies by assisted suicide aged 92, group says from BBC
2025-12-01 21:40:39,796 - INFO - [Times of India] Page content loaded.
2025-12-01 21:40:39,809 - INFO - [The Hindu] Article: https://www.thehindu.com/news/national/madhya-pradesh/plea-in-indore-court-seeks-fir-against-ias-santosh-verma-over-controversial-remarks/article70346369.ece
2025-12-01 21:40:39,810 - INFO - [The Hindu] Attempt 1/1: Trying with 'selenium_browser' strategy...
2025-12-01 21:40:39,822 - INFO - [The Guardian] Article: https://www.theguardian.com/australia-news/2025/dec/01/victoria-may-ban-unnecessary-surgery-intersex-children
2025-12-01 21:40:39,823 - INFO - [The Guardian] Attempt 1/1: Trying with 'requests_browser' strategy...
2025-12-01 21:40:39,860 - INFO - [The Guardian] Success with 'requests_browser'. Found content (661 words).
2025-12-01 21:40:39,918 - INFO - Duplicate article skipped: Victoria could become first Australian state to ban unnecessary surgery on intersex children | Victorian politics | The Guardian from The Guardian
2025-12-01 21:40:40,098 - INFO - [Times of India] Success with 'selenium_browser'. Found content (601 words).
2025-12-01 21:40:40,243 - INFO - Duplicate article skipped: How exactly is Shivon Zilis “Indian”? | World News - The Times of India from Times of India
2025-12-01 21:40:40,309 - INFO - [BBC] Article: https://www.bbc.com/news/articles/cp34yk7z6yxo?at_medium=RSS&at_campaign=rss
2025-12-01 21:40:40,309 - INFO - [BBC] Attempt 1/1: Trying with 'requests_browser' strategy...
2025-12-01 21:40:40,380 - INFO - [BBC] Success with 'requests_browser'. Found content (713 words).
2025-12-01 21:40:40,608 - INFO - Duplicate article skipped: Hong Kong fire: Death toll rises to 146 as thousands pay their respects from BBC
2025-12-01 21:40:40,966 - INFO - [The Guardian] Article: https://www.theguardian.com/australia-news/2025/dec/01/instagram-age-verification-u16-social-media-ban-australia-moustache
2025-12-01 21:40:40,966 - INFO - [The Guardian] Attempt 1/1: Trying with 'requests_browser' strategy...
2025-12-01 21:40:41,057 - INFO - [The Guardian] Success with 'requests_browser'. Found content (623 words).
2025-12-01 21:40:41,167 - INFO - Duplicate article skipped: Instagram’s age-verification identified a moustachioed adult as over 16 – but how did it go with a 13-year-old? | Social media ban | The Guardian from The Guardian
2025-12-01 21:40:41,602 - INFO - [Times of India] Article: https://timesofindia.indiatimes.com/world/us-streamers/why-meatcanyon-was-banned-and-unbanned-on-twitch-in-november-2025/articleshow/125703149.cms
2025-12-01 21:40:41,602 - INFO - [Times of India] Attempt 1/1: Trying with 'selenium_browser' strategy...
2025-12-01 21:40:41,961 - INFO - [BBC] Article: https://www.bbc.com/news/articles/cp9ky5z2gx0o?at_medium=RSS&at_campaign=rss
2025-12-01 21:40:41,961 - INFO - [BBC] Attempt 1/1: Trying with 'requests_browser' strategy...
2025-12-01 21:40:42,845 - INFO - [BBC] Success with 'requests_browser'. Found content (508 words).
2025-12-01 21:40:42,998 - INFO - Duplicate article skipped: Ukraine hits tankers in Black Sea in escalation against Russia from BBC
2025-12-01 21:40:43,456 - INFO - [The Hindu] Page content loaded.
2025-12-01 21:40:43,693 - INFO - [The Hindu] Success with 'selenium_browser'. Found content (314 words).
2025-12-01 21:40:43,905 - INFO - Duplicate article skipped: Plea in Indore court seeks FIR against IAS Santosh Verma over controversial remarks - The Hindu from The Hindu
2025-12-01 21:40:44,477 - INFO - [BBC] Article: https://www.bbc.com/news/articles/cvg81p61dnmo?at_medium=RSS&at_campaign=rss
2025-12-01 21:40:44,477 - INFO - [BBC] Attempt 1/1: Trying with 'requests_browser' strategy...
2025-12-01 21:40:44,558 - INFO - [BBC] Success with 'requests_browser'. Found content (583 words).
2025-12-01 21:40:44,645 - INFO - Duplicate article skipped: Three children among four killed in Stockton, California, shooting from BBC
2025-12-01 21:40:45,226 - INFO - [The Hindu] Article: https://www.thehindu.com/news/national/haryana/manesar-violence-terminated-maruti-workers-petition-for-reinstatement-junked/article70347036.ece
2025-12-01 21:40:45,226 - INFO - [The Hindu] Attempt 1/1: Trying with 'selenium_browser' strategy...
2025-12-01 21:40:48,931 - INFO - [The Hindu] Page content loaded.
2025-12-01 21:40:49,137 - INFO - [The Hindu] Success with 'selenium_browser'. Found content (383 words).
2025-12-01 21:40:49,270 - INFO - Duplicate article skipped: Manesar violence: terminated Maruti worker’s petition for reinstatement junked - The Hindu from The Hindu
2025-12-01 21:40:50,266 - INFO - [The Hindu] Article: https://www.thehindu.com/news/national/karnataka/no-compromise-on-pourakarmika-rights-says-safai-karmachari-commission-chief/article70346157.ece
2025-12-01 21:40:50,267 - INFO - [The Hindu] Attempt 1/1: Trying with 'selenium_browser' strategy...
2025-12-01 21:40:52,036 - INFO - [The Hindu] Page content loaded.
2025-12-01 21:40:52,160 - INFO - [The Hindu] Success with 'selenium_browser'. Found content (134 words).
2025-12-01 21:40:52,249 - INFO - Duplicate article skipped: No compromise on pourakarmika rights, says Safai Karmachari Commission Chief - The Hindu from The Hindu
2025-12-01 21:40:53,179 - INFO - [The Hindu] Article: https://www.thehindu.com/news/national/karnataka/clear-e-khata-applications-quickly-gba-chief-tells-officials/article70346105.ece
2025-12-01 21:40:53,180 - INFO - [The Hindu] Attempt 1/1: Trying with 'selenium_browser' strategy...
2025-12-01 21:40:53,685 - WARNING - [Times of India] Page timed out (10s). No <p> tags found. Proceeding anyway.
2025-12-01 21:40:53,952 - INFO - [Times of India] Success with 'selenium_browser'. Found content (399 words).
2025-12-01 21:40:54,320 - INFO - Duplicate article skipped: Why MeatCanyon was banned and unbanned on Twitch in November 2025 - The Times of India from Times of India
2025-12-01 21:40:54,886 - INFO - [The Hindu] Page content loaded.
2025-12-01 21:40:55,236 - INFO - [The Hindu] Success with 'selenium_browser'. Found content (241 words).
2025-12-01 21:40:55,317 - INFO - [Times of India] Article: https://timesofindia.indiatimes.com/world/us/kash-patel-threw-tantrums-during-charlie-kirk-investigation-didnt-leave-plane-without-fbi-jacket-report/articleshow/125703042.cms
2025-12-01 21:40:55,318 - INFO - [Times of India] Attempt 1/1: Trying with 'selenium_browser' strategy...
2025-12-01 21:40:55,324 - INFO - Duplicate article skipped: Clear e-Khata applications quickly, GBA Chief tells officials - The Hindu from The Hindu
2025-12-01 21:40:56,123 - INFO - [The Hindu] Article: https://www.thehindu.com/news/national/karnataka/former-mla-and-congress-leader-rv-devaraj-passes-away/article70347016.ece
2025-12-01 21:40:56,123 - INFO - [The Hindu] Attempt 1/1: Trying with 'selenium_browser' strategy...
2025-12-01 21:40:56,931 - INFO - [Times of India] Page content loaded.
2025-12-01 21:40:57,071 - INFO - [Times of India] Success with 'selenium_browser'. Found content (340 words).
2025-12-01 21:40:57,191 - INFO - Duplicate article skipped: Kash Patel threw tantrums during Charlie Kirk investigation, didn't leave plane without 'FBI' jacket: Report - The Times of India from Times of India
2025-12-01 21:40:58,483 - INFO - [The Hindu] Page content loaded.
2025-12-01 21:40:58,637 - INFO - [The Hindu] Success with 'selenium_browser'. Found content (97 words).
2025-12-01 21:40:58,664 - INFO - [Times of India] Article: https://timesofindia.indiatimes.com/etimes/trending/nuclear-war-expert-explains-why-australia-and-new-zealand-may-be-the-last-places-left-standing-after-ww3/articleshow/125697217.cms
2025-12-01 21:40:58,665 - INFO - [Times of India] Attempt 1/1: Trying with 'selenium_browser' strategy...
2025-12-01 21:40:58,911 - INFO - Duplicate article skipped: Former MLA and Congress leader R.V. Devaraj passes away - The Hindu from The Hindu
2025-12-01 21:40:59,719 - INFO - [The Hindu] Article: https://www.thehindu.com/news/national/west-bengal/abhishek-refutes-allegations-of-contesting-2026-assembly-polls-from-nandigram/article70346540.ece
2025-12-01 21:40:59,719 - INFO - [The Hindu] Attempt 1/1: Trying with 'selenium_browser' strategy...
2025-12-01 21:41:01,190 - INFO - [The Hindu] Page content loaded.
2025-12-01 21:41:01,268 - INFO - [The Hindu] Success with 'selenium_browser'. Found content (436 words).
2025-12-01 21:41:01,387 - INFO - Duplicate article skipped: Abhishek refutes allegations of contesting 2026 Assembly polls from Nandigram - The Hindu from The Hindu
2025-12-01 21:41:02,598 - INFO - [The Hindu] Article: https://www.thehindu.com/sci-tech/health/new-hiv-cases-highest-in-mizoram-fresh-infections-drop-nationally-by-48-from-2010-2024-report/article70345985.ece
2025-12-01 21:41:02,598 - INFO - [The Hindu] Attempt 1/1: Trying with 'selenium_browser' strategy...
2025-12-01 21:41:05,966 - INFO - [The Hindu] Page content loaded.
2025-12-01 21:41:06,042 - INFO - [The Hindu] Success with 'selenium_browser'. Found content (409 words).
2025-12-01 21:41:06,115 - INFO - Duplicate article skipped: New HIV cases highest in Mizoram; fresh infections drop nationally by 48% from 2010-2024: report - The Hindu from The Hindu
2025-12-01 21:41:07,419 - INFO - [The Hindu] Article: https://www.thehindu.com/news/cities/chennai/aavin-hikes-price-of-ghee-to-700-a-kg/article70346656.ece
2025-12-01 21:41:07,419 - INFO - [The Hindu] Attempt 1/1: Trying with 'selenium_browser' strategy...
2025-12-01 21:41:09,585 - INFO - [The Hindu] Page content loaded.
2025-12-01 21:41:10,720 - INFO - [The Hindu] Success with 'selenium_browser'. Found content (303 words).
2025-12-01 21:41:10,918 - WARNING - [Times of India] Page timed out (10s). No <p> tags found. Proceeding anyway.
2025-12-01 21:41:10,923 - INFO - Duplicate article skipped: Aavin hikes price of ghee to ₹700 a kg - The Hindu from The Hindu
2025-12-01 21:41:11,511 - INFO - [Times of India] Success with 'selenium_browser'. Found content (1834 words).
2025-12-01 21:41:11,699 - INFO - Duplicate article skipped: Nuclear war expert explains why Australia and New Zealand may be the last places left standing after WW3 | - The Times of India from Times of India
2025-12-01 21:41:12,086 - INFO - [The Hindu] Article: https://www.thehindu.com/news/cities/chennai/ramadoss-led-pmks-protest-against-eci-put-off-due-to-rain/article70346705.ece
2025-12-01 21:41:12,087 - INFO - [The Hindu] Attempt 1/1: Trying with 'selenium_browser' strategy...
2025-12-01 21:41:12,413 - INFO - [Times of India] Article: https://timesofindia.indiatimes.com/world/us/two-of-his-three-wives-were-immigrants-it-union-leaders-speech-viral-maga-says-indian-tech-cartel-openly-bullying-trump/articleshow/125700770.cms
2025-12-01 21:41:12,413 - INFO - [Times of India] Attempt 1/1: Trying with 'selenium_browser' strategy...
2025-12-01 21:41:13,379 - INFO - [Times of India] Page content loaded.
2025-12-01 21:41:13,643 - INFO - [Times of India] Success with 'selenium_browser'. Found content (438 words).
2025-12-01 21:41:13,923 - INFO - Duplicate article skipped: 'Two of his three wives were immigrants': Indian-origin woman's speech viral; MAGA says tech cartel openly bullying Trump - The Times of India from Times of India
2025-12-01 21:41:14,663 - INFO - [Times of India] Article: https://timesofindia.indiatimes.com/world/us-streamers/candace-owens-net-worth-in-2025-podcast-earnings-career-charlie-kirk-controversy-and-more/articleshow/125699537.cms
2025-12-01 21:41:14,664 - INFO - [Times of India] Attempt 1/1: Trying with 'selenium_browser' strategy...
2025-12-01 21:41:15,317 - INFO - [The Hindu] Page content loaded.
2025-12-01 21:41:15,413 - INFO - [The Hindu] Success with 'selenium_browser'. Found content (163 words).
2025-12-01 21:41:15,567 - INFO - Duplicate article skipped: Ramadoss-led PMK’s protest against ECI put off due to rain - The Hindu from The Hindu
2025-12-01 21:41:16,174 - INFO - [Times of India] Page content loaded.
2025-12-01 21:41:16,353 - INFO - [Times of India] Success with 'selenium_browser'. Found content (443 words).
2025-12-01 21:41:16,500 - INFO - Duplicate article skipped: Candace Owens net worth in 2025: Podcast earnings, career, Charlie Kirk controversy and more - The Times of India from Times of India
2025-12-01 21:41:16,817 - INFO - [The Hindu] Article: https://www.thehindu.com/news/national/karnataka/insect-in-restaurant-food-customer-files-counter-complaint/article70346904.ece
2025-12-01 21:41:16,817 - INFO - [The Hindu] Attempt 1/1: Trying with 'selenium_browser' strategy...
2025-12-01 21:41:17,039 - INFO - [Times of India] Article: https://timesofindia.indiatimes.com/world/us/luigi-mangione-appears-in-court-seeks-key-evidence-including-diary-gun-tossed-from-state-murder-case/articleshow/125699809.cms
2025-12-01 21:41:17,039 - INFO - [Times of India] Attempt 1/1: Trying with 'selenium_browser' strategy...
2025-12-01 21:41:18,207 - INFO - [The Hindu] Page content loaded.
2025-12-01 21:41:18,398 - INFO - [The Hindu] Success with 'selenium_browser'. Found content (208 words).
2025-12-01 21:41:18,547 - INFO - Duplicate article skipped: Insect in restaurant food: Customer files complaint after five months - The Hindu from The Hindu
2025-12-01 21:41:19,793 - INFO - [The Hindu] Article: https://www.thehindu.com/news/national/delhi-blast-probe-nia-searches-nine-locations-in-jammu-and-kashmir-uttar-pradesh/article70346712.ece
2025-12-01 21:41:19,793 - INFO - [The Hindu] Attempt 1/1: Trying with 'selenium_browser' strategy...
2025-12-01 21:41:21,451 - INFO - [The Hindu] Page content loaded.
2025-12-01 21:41:21,673 - INFO - [The Hindu] Success with 'selenium_browser'. Found content (201 words).
2025-12-01 21:41:21,851 - INFO - Duplicate article skipped: Delhi blast probe: NIA searches nine locations in Jammu and Kashmir, Uttar Pradesh - The Hindu from The Hindu
2025-12-01 21:41:23,050 - INFO - [The Hindu] Article: https://www.thehindu.com/news/national/tamil-nadu/congress-seat-sharing-team-to-hold-talks-with-stalin-on-december-3/article70346491.ece
2025-12-01 21:41:23,053 - INFO - [The Hindu] Attempt 1/1: Trying with 'selenium_browser' strategy...
2025-12-01 21:41:24,345 - INFO - [Times of India] Page content loaded.
2025-12-01 21:41:24,695 - INFO - [Times of India] Success with 'selenium_browser'. Found content (291 words).
2025-12-01 21:41:25,217 - INFO - Duplicate article skipped: Luigi Mangione appears in court, seeks key evidence including diary, gun tossed from state murder case - The Times of India from Times of India
2025-12-01 21:41:25,833 - INFO - [Times of India] Article: https://timesofindia.indiatimes.com/world/us-streamers/who-is-jay-ma-influencer-goes-viral-after-louis-vuitton-cafe-clip-sparks-talk-about-jack-ma-link/articleshow/125699099.cms
2025-12-01 21:41:25,833 - INFO - [Times of India] Attempt 1/1: Trying with 'selenium_browser' strategy...
2025-12-01 21:41:25,913 - INFO - [The Hindu] Page content loaded.
2025-12-01 21:41:25,965 - INFO - [The Hindu] Success with 'selenium_browser'. Found content (119 words).
2025-12-01 21:41:26,035 - INFO - Duplicate article skipped: Congress’ seat sharing team to hold talks with Stalin on December 3 - The Hindu from The Hindu
2025-12-01 21:41:27,086 - INFO - [The Hindu] Article: https://www.thehindu.com/news/national/kerala/finally-lottulodukku-and-gulgulmaal-win-something-albeit-on-a-cricket-turf/article70344818.ece
2025-12-01 21:41:27,086 - INFO - [The Hindu] Attempt 1/1: Trying with 'selenium_browser' strategy...
2025-12-01 21:41:28,034 - INFO - [Times of India] Page content loaded.
2025-12-01 21:41:28,326 - INFO - [Times of India] Success with 'selenium_browser'. Found content (398 words).
2025-12-01 21:41:28,479 - INFO - Duplicate article skipped: Who is Jay Ma? Influencer goes viral after Louis Vuitton Cafe clip sparks talk about Jack Ma link - The Times of India from Times of India
2025-12-01 21:41:29,233 - INFO - [The Hindu] Page content loaded.
2025-12-01 21:41:29,735 - INFO - [Times of India] Article: https://timesofindia.indiatimes.com/world/us/patel-motel-everywhere-you-have-lost-pak-origin-writer-wajahat-alis-rant-goes-viral-as-trump-targets-third-world-countries/articleshow/125699043.cms
2025-12-01 21:41:29,735 - INFO - [Times of India] Attempt 1/1: Trying with 'selenium_browser' strategy...
2025-12-01 21:41:30,389 - INFO - [The Hindu] Success with 'selenium_browser'. Found content (401 words).
2025-12-01 21:41:30,485 - INFO - Duplicate article skipped: Finally Lottulodukku and Gulgulmaal win something, albeit on a cricket turf - The Hindu from The Hindu
2025-12-01 21:41:31,546 - INFO - [The Hindu] Article: https://www.thehindu.com/news/national/kerala/can-paravur-break-with-the-past-by-ending-political-deadlock/article70335076.ece
2025-12-01 21:41:31,546 - INFO - [The Hindu] Attempt 1/1: Trying with 'selenium_browser' strategy...
2025-12-01 21:41:33,819 - INFO - [The Hindu] Page content loaded.
2025-12-01 21:41:33,914 - INFO - [The Hindu] Success with 'selenium_browser'. Found content (412 words).
2025-12-01 21:41:33,990 - INFO - [Times of India] Page content loaded.
2025-12-01 21:41:34,017 - INFO - Duplicate article skipped: Can Paravur break with the past by ending political deadlock? - The Hindu from The Hindu
2025-12-01 21:41:34,207 - INFO - [Times of India] Success with 'selenium_browser'. Found content (507 words).
2025-12-01 21:41:34,274 - INFO - Duplicate article skipped: 'Patel motel everywhere, you have lost': Pak-origin writer Wajahat Ali's rant goes viral as Trump targets 'third-world countries' - The Times of India from Times of India
2025-12-01 21:41:34,627 - INFO - [The Hindu] Article: https://www.thehindu.com/news/national/modi-promises-all-possible-support-for-ailing-khaleda-zia/article70346786.ece
2025-12-01 21:41:34,627 - INFO - [The Hindu] Attempt 1/1: Trying with 'selenium_browser' strategy...
2025-12-01 21:41:35,479 - INFO - [Times of India] Article: https://timesofindia.indiatimes.com/world/us-streamers/mike-majlak-fights-rumor-with-strong-clip-as-stevewilldoit-is-seen-taking-tequila-from-manager-during-impaulsive-podcast/articleshow/125698183.cms
2025-12-01 21:41:35,479 - INFO - [Times of India] Attempt 1/1: Trying with 'selenium_browser' strategy...
2025-12-01 21:41:35,973 - INFO - [The Hindu] Page content loaded.
2025-12-01 21:41:36,048 - INFO - [The Hindu] Success with 'selenium_browser'. Found content (382 words).
2025-12-01 21:41:36,172 - INFO - Duplicate article skipped: Modi promises ‘all possible support’ for ailing Khaleda Zia - The Hindu from The Hindu
2025-12-01 21:41:36,899 - INFO - [The Hindu] Article: https://www.thehindu.com/news/national/tamil-nadu/baashyaam-group-completes-landmark-1212-crore-land-purchase-in-nungambakkam/article70346288.ece
2025-12-01 21:41:36,900 - INFO - [The Hindu] Attempt 1/1: Trying with 'selenium_browser' strategy...
2025-12-01 21:41:37,755 - INFO - [Times of India] Page content loaded.
2025-12-01 21:41:37,993 - INFO - [Times of India] Success with 'selenium_browser'. Found content (393 words).
2025-12-01 21:41:38,106 - INFO - Duplicate article skipped: Mike Majlak fights rumor with strong clip as SteveWillDoIt is seen taking tequila from manager during Impaulsive podcast - The Times of India from Times of India
2025-12-01 21:41:39,502 - INFO - [Times of India] Article: https://timesofindia.indiatimes.com/world/us-streamers/this-is-so-stupid-inside-the-controversy-over-zentreyas-new-model-and-the-accusations-fueling-it/articleshow/125697224.cms
2025-12-01 21:41:39,502 - INFO - [Times of India] Attempt 1/1: Trying with 'selenium_browser' strategy...
2025-12-01 21:41:39,547 - INFO - [The Hindu] Page content loaded.
2025-12-01 21:41:39,700 - INFO - [The Hindu] Success with 'selenium_browser'. Found content (171 words).
2025-12-01 21:41:39,829 - INFO - Duplicate article skipped: Baashyaam Group completes landmark ₹1,212-crore land purchase in Nungambakkam - The Hindu from The Hindu
2025-12-01 21:41:41,241 - INFO - [The Hindu] Article: https://www.thehindu.com/news/national/andhra-pradesh/lokesh-anitha-in-delhi-for-talks-on-cyclone-impact-and-pending-issues/article70346624.ece
2025-12-01 21:41:41,241 - INFO - [The Hindu] Attempt 1/1: Trying with 'selenium_browser' strategy...
2025-12-01 21:41:43,815 - INFO - [The Hindu] Page content loaded.
2025-12-01 21:41:43,992 - INFO - [The Hindu] Success with 'selenium_browser'. Found content (103 words).
2025-12-01 21:41:44,135 - INFO - Duplicate article skipped: Lokesh, Anitha in Delhi for talks on cyclone impact and pending issues - The Hindu from The Hindu
2025-12-01 21:41:45,412 - INFO - [The Hindu] (Thread) Finished. Attempting to shut down its Selenium driver.
2025-12-01 21:41:45,833 - INFO - [The Hindu] (Thread) driver.quit() successful.
2025-12-01 21:41:51,025 - WARNING - [Times of India] Page timed out (10s). No <p> tags found. Proceeding anyway.
2025-12-01 21:41:51,222 - INFO - [Times of India] Success with 'selenium_browser'. Found content (392 words).
2025-12-01 21:41:51,314 - INFO - Duplicate article skipped: “This is so stupid”: Inside the controversy over Zentreya’s new model and the accusations fueling it - The Times of India from Times of India
2025-12-01 21:41:52,435 - INFO - [Times of India] Article: https://timesofindia.indiatimes.com/world/us/throw-her-the-hell-out-of-our-country-could-ilhan-omar-be-deported-for-marrying-her-brother/articleshow/125697306.cms
2025-12-01 21:41:52,435 - INFO - [Times of India] Attempt 1/1: Trying with 'selenium_browser' strategy...
2025-12-01 21:41:53,251 - INFO - [Times of India] Page content loaded.
2025-12-01 21:41:53,390 - INFO - [Times of India] Success with 'selenium_browser'. Found content (428 words).
2025-12-01 21:41:53,679 - INFO - Duplicate article skipped: 'Throw her out of our country': Could Ilhan Omar be deported for 'marrying her brother'? - The Times of India from Times of India
2025-12-01 21:41:54,189 - INFO - [Times of India] Article: https://timesofindia.indiatimes.com/world/us/self-deport-now-ice-issues-warning-as-donald-trump-cracks-down-on-somalis/articleshow/125696759.cms
2025-12-01 21:41:54,189 - INFO - [Times of India] Attempt 1/1: Trying with 'selenium_browser' strategy...
2025-12-01 21:41:55,255 - INFO - [Times of India] Page content loaded.
2025-12-01 21:41:55,367 - INFO - [Times of India] Success with 'selenium_browser'. Found content (360 words).
2025-12-01 21:41:55,420 - INFO - Duplicate article skipped: 'Self-deport now': ICE issues warning as Donald Trump cracks down on Somalis - The Times of India from Times of India
2025-12-01 21:41:56,849 - INFO - [Times of India] Article: https://timesofindia.indiatimes.com/world/us/kash-patels-girlfriend-alexis-wilkins-speaks-up-on-h-1b-row-we-do-not-want-this/articleshow/125695226.cms
2025-12-01 21:41:56,849 - INFO - [Times of India] Attempt 1/1: Trying with 'selenium_browser' strategy...
2025-12-01 21:41:58,214 - INFO - [Times of India] Page content loaded.
2025-12-01 21:41:58,373 - INFO - [Times of India] Success with 'selenium_browser'. Found content (400 words).
2025-12-01 21:41:58,445 - INFO - Duplicate article skipped: Kash Patel's girlfriend Alexis Wilkins speaks up on H-1B row: 'We do not want this' - The Times of India from Times of India
2025-12-01 21:41:59,567 - INFO - [Times of India] Article: https://timesofindia.indiatimes.com/world/us/man-who-beheaded-indin-origin-motel-owner-in-texas-wont-face-death-penalty-prosecution-goes-soft-on-cuban-murderer/articleshow/125694464.cms
2025-12-01 21:41:59,567 - INFO - [Times of India] Attempt 1/1: Trying with 'selenium_browser' strategy...
2025-12-01 21:42:00,374 - INFO - [Times of India] Page content loaded.
2025-12-01 21:42:00,497 - INFO - [Times of India] Success with 'selenium_browser'. Found content (381 words).
2025-12-01 21:42:00,552 - INFO - Duplicate article skipped: Man who beheaded Indin-origin motel owner in Texas won't face death penalty; prosecution goes soft on Cuban murderer - The Times of India from Times of India
2025-12-01 21:42:01,869 - INFO - [Times of India] Article: https://timesofindia.indiatimes.com/world/us/cory-booker-weds-alexis-lewis-decoding-the-homosexuality-rumours-that-have-persisted-for-long/articleshow/125694311.cms
2025-12-01 21:42:01,869 - INFO - [Times of India] Attempt 1/1: Trying with 'selenium_browser' strategy...
2025-12-01 21:42:03,568 - INFO - [Times of India] Page content loaded.
2025-12-01 21:42:03,699 - INFO - [Times of India] Success with 'selenium_browser'. Found content (693 words).
2025-12-01 21:42:03,803 - INFO - Duplicate article skipped: Cory Booker weds Alexis Lewis: Decoding the homosexuality rumours that have persisted for long | World News - The Times of India from Times of India
2025-12-01 21:42:04,888 - INFO - [Times of India] Article: https://timesofindia.indiatimes.com/world/rest-of-world/putin-is-coming-to-india-in-december-2025-which-other-russian-presidents-visited-india-including-putins-past-trips/articleshow/125692188.cms
2025-12-01 21:42:04,888 - INFO - [Times of India] Attempt 1/1: Trying with 'selenium_browser' strategy...
2025-12-01 21:42:05,998 - INFO - [Times of India] Page content loaded.
2025-12-01 21:42:06,120 - INFO - [Times of India] Success with 'selenium_browser'. Found content (645 words).
2025-12-01 21:42:06,181 - INFO - Duplicate article skipped: Putin is coming to India in December 2025: Which other Russian presidents visited India, including Putin’s past trips | World News - The Times of India from Times of India
2025-12-01 21:42:07,366 - INFO - [Times of India] Article: https://timesofindia.indiatimes.com/world/us-streamers/nina-lin-accused-of-stealing-on-livestream-as-target-video-shocks-twitch-viewers/articleshow/125691021.cms
2025-12-01 21:42:07,366 - INFO - [Times of India] Attempt 1/1: Trying with 'selenium_browser' strategy...
2025-12-01 21:42:09,068 - INFO - [Times of India] Page content loaded.
2025-12-01 21:42:09,206 - INFO - [Times of India] Success with 'selenium_browser'. Found content (417 words).
2025-12-01 21:42:09,297 - INFO - Duplicate article skipped: Nina Lin accused of stealing on livestream as Target video shocks Twitch viewers - The Times of India from Times of India
2025-12-01 21:42:10,020 - INFO - [Times of India] (Thread) Finished. Attempting to shut down its Selenium driver.
2025-12-01 21:42:10,344 - INFO - [Times of India] (Thread) driver.quit() successful.
2025-12-01 21:42:10,344 - INFO - Shutting down thread pool (wait=False)...
2025-12-01 21:42:10,344 - INFO - Scraped: 0 BBC, 1 The Hindu, 0 Times of India, 0 The Guardian articles. (Total saved: 1)
2025-12-01 21:42:10,344 - INFO - --- Scraping job finished ---
2025-12-01 21:42:10,350 - INFO - --- Scraper service stopped and database connection closed. ---
2025-12-01 21:42:10,350 - INFO - --- Main thread finished. Forcing process exit to kill zombie threads. ---
