2025-12-02 22:43:56,486 - INFO - Loading AI Semantic Model (all-MiniLM-L6-v2)...
2025-12-02 22:43:56,486 - INFO - Use pytorch device_name: cpu
2025-12-02 22:43:56,486 - INFO - Load pretrained SentenceTransformer: all-MiniLM-L6-v2
2025-12-02 22:43:57,431 - INFO - AI Model loaded successfully.
2025-12-02 22:43:57,431 - INFO - Initializing database connection at: news_articles.db
2025-12-02 22:43:57,431 - INFO - --- Scraper service started (CI Mode: Run Once) ---
2025-12-02 22:43:57,431 - INFO - --- Starting new scraping job (Parallel Mode) ---
2025-12-02 22:43:57,431 - INFO - Creating new robust session with 3 retries on 5xx/connection/read errors.
2025-12-02 22:43:57,432 - INFO - Proxy is DISABLED.
2025-12-02 22:43:57,432 - INFO - Starting scrape for BBC RSS feed: http://feeds.bbci.co.uk/news/world/rss.xml
2025-12-02 22:43:57,433 - INFO - [Times of India] (Thread) requires Selenium. Initializing driver...
2025-12-02 22:43:57,433 - INFO - Initializing headless Selenium Chrome driver (using SeleniumManager)...
2025-12-02 22:43:57,433 - INFO - Starting scrape for The Guardian RSS feed: https://www.theguardian.com/world/rss
2025-12-02 22:43:57,435 - INFO - [The Hindu] (Thread) requires Selenium. Initializing driver...
2025-12-02 22:43:57,435 - INFO - Initializing headless Selenium Chrome driver (using SeleniumManager)...
2025-12-02 22:43:57,435 - INFO - Submitted 4 jobs to thread pool. Waiting up to 300s for completion...
2025-12-02 22:43:57,562 - INFO - Found 44 articles in The Guardian RSS feed. Processing up to 20.
2025-12-02 22:43:57,562 - INFO - [The Guardian] Article: https://www.theguardian.com/us-news/2025/dec/02/trump-somali-immigrants-minnesota
2025-12-02 22:43:57,562 - INFO - [The Guardian] Attempt 1/1: Trying with 'requests_browser' strategy...
2025-12-02 22:43:57,598 - INFO - [The Guardian] Success with 'requests_browser'. Found content (473 words).
2025-12-02 22:43:57,638 - INFO - Duplicate article skipped: Trump calls Somali immigrants ‘garbage’ as US reportedly targets Minnesota community | Trump administration | The Guardian from The Guardian
2025-12-02 22:43:57,840 - INFO - Found 38 articles in BBC RSS feed. Processing up to 20.
2025-12-02 22:43:57,840 - INFO - [BBC] Article: https://www.bbc.com/news/articles/cwyv0ex7v8ro?at_medium=RSS&at_campaign=rss
2025-12-02 22:43:57,840 - INFO - [BBC] Attempt 1/1: Trying with 'requests_browser' strategy...
2025-12-02 22:43:58,046 - INFO - [BBC] Success with 'requests_browser'. Found content (779 words).
2025-12-02 22:43:58,650 - INFO - [The Guardian] Article: https://www.theguardian.com/world/2025/dec/01/south-africans-court-alleged-recruitment-russia-war-ukraine
2025-12-02 22:43:58,650 - INFO - [The Guardian] Attempt 1/1: Trying with 'requests_browser' strategy...
2025-12-02 22:43:58,704 - INFO - [The Guardian] Success with 'requests_browser'. Found content (506 words).
2025-12-02 22:44:03,919 - INFO - Selenium driver initialized successfully.
2025-12-02 22:44:03,919 - INFO - Selenium driver initialized successfully.
2025-12-02 22:44:03,919 - INFO - Starting scrape for The Hindu RSS feed: https://www.thehindu.com/news/national/feeder/default.rss
2025-12-02 22:44:03,919 - INFO - Starting scrape for Times of India RSS feed: https://timesofindia.indiatimes.com/rssfeeds/296589292.cms
2025-12-02 22:44:04,288 - INFO - Found 20 articles in Times of India RSS feed. Processing up to 20.
2025-12-02 22:44:04,288 - INFO - [Times of India] Article: https://timesofindia.indiatimes.com/technology/tech-news/ai-nightmare-google-ceo-sundar-pichai-reveals-the-one-threat-that-keeps-him-awake-at-night/articleshow/125721392.cms
2025-12-02 22:44:04,289 - INFO - [Times of India] Attempt 1/1: Trying with 'selenium_browser' strategy...
2025-12-02 22:44:04,483 - INFO - Found 100 articles in The Hindu RSS feed. Processing up to 20.
2025-12-02 22:44:04,484 - INFO - [The Hindu] Article: https://www.thehindu.com/news/national/putins-talks-with-us-envoy-witkoff-and-kushner/article70351180.ece
2025-12-02 22:44:04,484 - INFO - [The Hindu] Attempt 1/1: Trying with 'selenium_browser' strategy...
2025-12-02 22:44:25,472 - INFO - DEDUPLICATION: Found match (Score: 0.85). Linking to Cluster ID: 898ae988-f1a8-4f35-aa0d-53599d7be5bb
2025-12-02 22:44:25,477 - INFO - Saved article: Putin holds Ukraine peace talks with US negotiators in Moscow from BBC
2025-12-02 22:44:25,477 - INFO - Duplicate article skipped: Five South Africans in court over alleged recruitment for Russia’s war in Ukraine | South Africa | The Guardian from The Guardian
2025-12-02 22:44:26,109 - INFO - [BBC] Article: https://www.bbc.com/news/articles/cpq47derx2vo?at_medium=RSS&at_campaign=rss
2025-12-02 22:44:26,109 - INFO - [BBC] Attempt 1/1: Trying with 'requests_browser' strategy...
2025-12-02 22:44:26,214 - INFO - [BBC] Success with 'requests_browser'. Found content (991 words).
2025-12-02 22:44:26,362 - INFO - Duplicate article skipped: Ukrainians in war-ravaged Donbas weigh prospects of peace deal from BBC
2025-12-02 22:44:26,907 - INFO - [The Guardian] Article: https://www.theguardian.com/global-development/2025/dec/01/global-health-hiv-aids-funding-cuts-infections-prevention
2025-12-02 22:44:26,907 - INFO - [The Guardian] Attempt 1/1: Trying with 'requests_browser' strategy...
2025-12-02 22:44:26,974 - INFO - [The Guardian] Success with 'requests_browser'. Found content (674 words).
2025-12-02 22:44:27,315 - INFO - [BBC] Article: https://www.bbc.com/news/articles/c0r95q9kv1go?at_medium=RSS&at_campaign=rss
2025-12-02 22:44:27,315 - INFO - [BBC] Attempt 1/1: Trying with 'requests_browser' strategy...
2025-12-02 22:44:27,325 - INFO - Duplicate article skipped: Aid cuts have shaken HIV/Aids care to its core – and will mean millions more infections ahead | Global health | The Guardian from The Guardian
2025-12-02 22:44:27,406 - INFO - [BBC] Success with 'requests_browser'. Found content (1075 words).
2025-12-02 22:44:27,477 - INFO - Duplicate article skipped: US authorised second deadly Venezuela boat strike, White House says from BBC
2025-12-02 22:44:27,871 - INFO - [The Guardian] Article: https://www.theguardian.com/world/2025/nov/30/african-leaders-push-for-recognition-of-colonial-crimes-and-reparations
2025-12-02 22:44:27,871 - INFO - [The Guardian] Attempt 1/1: Trying with 'requests_browser' strategy...
2025-12-02 22:44:27,958 - INFO - [The Guardian] Success with 'requests_browser'. Found content (670 words).
2025-12-02 22:44:28,056 - INFO - Duplicate article skipped: African leaders push for recognition of colonial crimes and reparations | Colonialism | The Guardian from The Guardian
2025-12-02 22:44:28,574 - INFO - [The Guardian] Article: https://www.theguardian.com/world/2025/nov/28/jacob-zuma-daughter-resigns-claims-south-africans-tricked-fight-russia
2025-12-02 22:44:28,574 - INFO - [The Guardian] Attempt 1/1: Trying with 'requests_browser' strategy...
2025-12-02 22:44:28,674 - INFO - [BBC] Article: https://www.bbc.com/news/articles/cedxyvx74p4o?at_medium=RSS&at_campaign=rss
2025-12-02 22:44:28,674 - INFO - [BBC] Attempt 1/1: Trying with 'requests_browser' strategy...
2025-12-02 22:44:28,738 - INFO - [The Guardian] Success with 'requests_browser'. Found content (753 words).
2025-12-02 22:44:28,837 - INFO - [BBC] Success with 'requests_browser'. Found content (768 words).
2025-12-02 22:44:28,895 - INFO - Duplicate article skipped: Jacob Zuma’s daughter resigns amid claims South Africans tricked to fight for Russia | South Africa | The Guardian from The Guardian
2025-12-02 22:44:28,949 - INFO - Duplicate article skipped: Sanchar Saathi: India mandates state-owned cyber safety app on all smartphones from BBC
2025-12-02 22:44:29,553 - INFO - [BBC] Article: https://www.bbc.com/news/articles/cn41jge1990o?at_medium=RSS&at_campaign=rss
2025-12-02 22:44:29,553 - INFO - [BBC] Attempt 1/1: Trying with 'requests_browser' strategy...
2025-12-02 22:44:29,654 - INFO - [BBC] Success with 'requests_browser'. Found content (595 words).
2025-12-02 22:44:29,818 - INFO - Duplicate article skipped: Pope prays at site of Beirut port blast at end of Lebanon visit from BBC
2025-12-02 22:44:30,270 - INFO - [The Guardian] Article: https://www.theguardian.com/us-news/live/2025/dec/02/donald-trump-pete-hegseth-boat-venezuela-maduro-tennessee-us-politics-live-news-updates
2025-12-02 22:44:30,270 - INFO - [The Guardian] Attempt 1/1: Trying with 'requests_browser' strategy...
2025-12-02 22:44:30,894 - INFO - [The Guardian] Success with 'requests_browser'. Found content (1865 words).
2025-12-02 22:44:30,994 - INFO - [BBC] Article: https://www.bbc.com/news/articles/cg7v24m1leyo?at_medium=RSS&at_campaign=rss
2025-12-02 22:44:30,994 - INFO - [BBC] Attempt 1/1: Trying with 'requests_browser' strategy...
2025-12-02 22:44:31,121 - INFO - Duplicate article skipped: Hegseth says he ‘didn’t stick around’ to watch second strike on alleged drug boat; Trump vows land strikes on cartels are coming ‘very soon’ – live | Pete Hegseth | The Guardian from The Guardian
2025-12-02 22:44:31,171 - INFO - [BBC] Success with 'requests_browser'. Found content (236 words).
2025-12-02 22:44:31,313 - INFO - Duplicate article skipped: Rare Fabergé egg fetches record £22.9m at London auction from BBC
2025-12-02 22:44:31,975 - INFO - [BBC] Article: https://www.bbc.com/news/articles/c0q5n3x0jn9o?at_medium=RSS&at_campaign=rss
2025-12-02 22:44:31,975 - INFO - [BBC] Attempt 1/1: Trying with 'requests_browser' strategy...
2025-12-02 22:44:32,045 - INFO - [BBC] Success with 'requests_browser'. Found content (328 words).
2025-12-02 22:44:32,152 - INFO - Duplicate article skipped: Thousands of rounds of German army ammunition stolen from lorry from BBC
2025-12-02 22:44:32,394 - INFO - [The Guardian] Article: https://www.theguardian.com/world/2025/dec/02/trump-intervention-honduras-presidential-vote-count-stalls-nasry-asfura
2025-12-02 22:44:32,394 - INFO - [The Guardian] Attempt 1/1: Trying with 'requests_browser' strategy...
2025-12-02 22:44:32,475 - INFO - [The Guardian] Success with 'requests_browser'. Found content (945 words).
2025-12-02 22:44:32,601 - INFO - Duplicate article skipped: Trump frees ex-Honduran president from prison as country awaits knife-edge election result | Honduras | The Guardian from The Guardian
2025-12-02 22:44:33,229 - INFO - [BBC] Article: https://www.bbc.com/news/articles/c93n4nx5yqro?at_medium=RSS&at_campaign=rss
2025-12-02 22:44:33,229 - INFO - [BBC] Attempt 1/1: Trying with 'requests_browser' strategy...
2025-12-02 22:44:33,321 - INFO - [BBC] Success with 'requests_browser'. Found content (1032 words).
2025-12-02 22:44:33,386 - INFO - Duplicate article skipped: Why is US President Trump threatening Venezuela's President Maduro? from BBC
2025-12-02 22:44:33,902 - INFO - [The Guardian] Article: https://www.theguardian.com/us-news/2025/dec/02/pete-hegseth-franklin-the-turtle
2025-12-02 22:44:33,902 - INFO - [The Guardian] Attempt 1/1: Trying with 'requests_browser' strategy...
2025-12-02 22:44:33,939 - INFO - [The Guardian] Success with 'requests_browser'. Found content (438 words).
2025-12-02 22:44:33,984 - INFO - Duplicate article skipped: Publisher condemns ‘violent’ use of Franklin the Turtle after Hegseth’s boat strike post | Pete Hegseth | The Guardian from The Guardian
2025-12-02 22:44:34,200 - INFO - [BBC] Article: https://www.bbc.com/news/articles/ce3wq2zznz1o?at_medium=RSS&at_campaign=rss
2025-12-02 22:44:34,200 - INFO - [BBC] Attempt 1/1: Trying with 'requests_browser' strategy...
2025-12-02 22:44:34,277 - INFO - [BBC] Success with 'requests_browser'. Found content (740 words).
2025-12-02 22:44:34,321 - INFO - Duplicate article skipped: Guinea Bissau coup: Nigeria grants asylum to presidential candidate Fernando Dias from BBC
2025-12-02 22:44:35,275 - INFO - [The Guardian] Article: https://www.theguardian.com/us-news/2025/dec/02/monterrey-mexico-air-quality-industrial-pollution
2025-12-02 22:44:35,275 - INFO - [The Guardian] Attempt 1/1: Trying with 'requests_browser' strategy...
2025-12-02 22:44:35,347 - INFO - [The Guardian] Success with 'requests_browser'. Found content (3688 words).
2025-12-02 22:44:35,445 - INFO - Duplicate article skipped: Revealed: Mexico’s industrial boomtown is making goods for the US. Residents say they’re ‘breathing poison’ | Mexico | The Guardian from The Guardian
2025-12-02 22:44:35,726 - INFO - [BBC] Article: https://www.bbc.com/news/articles/ce8ng18p7v3o?at_medium=RSS&at_campaign=rss
2025-12-02 22:44:35,726 - INFO - [BBC] Attempt 1/1: Trying with 'requests_browser' strategy...
2025-12-02 22:44:35,807 - INFO - [BBC] Success with 'requests_browser'. Found content (582 words).
2025-12-02 22:44:35,886 - INFO - Duplicate article skipped: Hong Kong leader orders investigation into deadly fire that killed 151 from BBC
2025-12-02 22:44:36,244 - INFO - [The Guardian] Article: https://www.theguardian.com/world/2025/dec/02/st-lucia-election-prime-minister-philip-pierre-wins
2025-12-02 22:44:36,245 - INFO - [The Guardian] Attempt 1/1: Trying with 'requests_browser' strategy...
2025-12-02 22:44:36,280 - INFO - [The Guardian] Success with 'requests_browser'. Found content (313 words).
2025-12-02 22:44:36,316 - INFO - Duplicate article skipped: St Lucia prime minister Philip Pierre keeps majority as ruling party wins | St Lucia | The Guardian from The Guardian
2025-12-02 22:44:37,031 - INFO - [The Guardian] Article: https://www.theguardian.com/world/2025/dec/02/global-heating-and-other-human-activity-are-making-asias-floods-more-lethal
2025-12-02 22:44:37,031 - INFO - [The Guardian] Attempt 1/1: Trying with 'requests_browser' strategy...
2025-12-02 22:44:37,161 - INFO - [The Guardian] Success with 'requests_browser'. Found content (718 words).
2025-12-02 22:44:37,166 - INFO - [BBC] Article: https://www.bbc.com/news/articles/c33mz477p4po?at_medium=RSS&at_campaign=rss
2025-12-02 22:44:37,166 - INFO - [BBC] Attempt 1/1: Trying with 'requests_browser' strategy...
2025-12-02 22:44:37,211 - INFO - Duplicate article skipped: Global heating and other human activity are making Asia’s floods more lethal | Extreme weather | The Guardian from The Guardian
2025-12-02 22:44:37,234 - INFO - [BBC] Success with 'requests_browser'. Found content (882 words).
2025-12-02 22:44:37,466 - INFO - Duplicate article skipped: Luigi Mangione in court as lawyers seek to rule out notebook, gun and other key evidence from BBC
2025-12-02 22:44:38,057 - INFO - [BBC] Article: https://www.bbc.com/news/articles/cvgqnklqge7o?at_medium=RSS&at_campaign=rss
2025-12-02 22:44:38,057 - INFO - [BBC] Attempt 1/1: Trying with 'requests_browser' strategy...
2025-12-02 22:44:38,109 - INFO - [BBC] Success with 'requests_browser'. Found content (445 words).
2025-12-02 22:44:38,149 - INFO - Duplicate article skipped: Zambian-American influencer Ethel Chisono Edwards sentenced to 18 months for hate speech from BBC
2025-12-02 22:44:38,399 - INFO - [The Guardian] Article: https://www.theguardian.com/world/2025/dec/02/uk-government-delays-china-super-embassy-january
2025-12-02 22:44:38,399 - INFO - [The Guardian] Attempt 1/1: Trying with 'requests_browser' strategy...
2025-12-02 22:44:38,437 - INFO - [The Guardian] Success with 'requests_browser'. Found content (566 words).
2025-12-02 22:44:38,482 - INFO - Duplicate article skipped: UK government delays decision on China’s super-embassy until January | China | The Guardian from The Guardian
2025-12-02 22:44:39,389 - INFO - [BBC] Article: https://www.bbc.com/news/articles/cn41jge1990o?at_medium=RSS&at_campaign=rss
2025-12-02 22:44:39,389 - INFO - [BBC] Attempt 1/1: Trying with 'requests_browser' strategy...
2025-12-02 22:44:39,435 - INFO - [BBC] Success with 'requests_browser'. Found content (595 words).
2025-12-02 22:44:39,469 - INFO - Duplicate article skipped: Pope prays at site of Beirut port blast at end of Lebanon visit from BBC
2025-12-02 22:44:39,905 - INFO - [The Guardian] Article: https://www.theguardian.com/world/2025/dec/02/british-women-stranded-by-landslides-in-sri-lankan-mountains-running-out-of-food-and-water-daughter-says
2025-12-02 22:44:39,906 - INFO - [The Guardian] Attempt 1/1: Trying with 'requests_browser' strategy...
2025-12-02 22:44:39,941 - INFO - [The Guardian] Success with 'requests_browser'. Found content (643 words).
2025-12-02 22:44:39,985 - INFO - Duplicate article skipped: British women stranded by landslides in Sri Lankan mountains running out of food and water, daughter says | Sri Lanka | The Guardian from The Guardian
2025-12-02 22:44:40,791 - INFO - [BBC] Article: https://www.bbc.com/news/articles/cjezwzw088jo?at_medium=RSS&at_campaign=rss
2025-12-02 22:44:40,792 - INFO - [BBC] Attempt 1/1: Trying with 'requests_browser' strategy...
2025-12-02 22:44:40,834 - INFO - [BBC] Success with 'requests_browser'. Found content (501 words).
2025-12-02 22:44:40,870 - INFO - Duplicate article skipped: Bulgaria ditches budget plan after tens of thousands join protests from BBC
2025-12-02 22:44:41,403 - INFO - [The Guardian] Article: https://www.theguardian.com/world/2025/dec/02/indonesia-floods-one-million-people-evacuated-death-toll-rises
2025-12-02 22:44:41,403 - INFO - [The Guardian] Attempt 1/1: Trying with 'requests_browser' strategy...
2025-12-02 22:44:41,450 - INFO - [The Guardian] Success with 'requests_browser'. Found content (506 words).
2025-12-02 22:44:41,494 - INFO - Duplicate article skipped: Death toll from Indonesia floods passes 700 as 1 million evacuated | Indonesia | The Guardian from The Guardian
2025-12-02 22:44:41,959 - INFO - [BBC] Article: https://www.bbc.com/news/articles/cre3q9edqx8o?at_medium=RSS&at_campaign=rss
2025-12-02 22:44:41,959 - INFO - [BBC] Attempt 1/1: Trying with 'requests_browser' strategy...
2025-12-02 22:44:41,998 - INFO - [BBC] Success with 'requests_browser'. Found content (415 words).
2025-12-02 22:44:42,031 - INFO - Duplicate article skipped: Pavarotti statue frozen knee-deep in ice rink strikes wrong note in Italy from BBC
2025-12-02 22:44:42,908 - INFO - [The Guardian] Article: https://www.theguardian.com/news/2025/dec/02/hong-kong-fire-response-contrast-mainland-china
2025-12-02 22:44:42,908 - INFO - [The Guardian] Attempt 1/1: Trying with 'requests_browser' strategy...
2025-12-02 22:44:42,939 - INFO - [The Guardian] Success with 'requests_browser'. Found content (799 words).
2025-12-02 22:44:42,977 - INFO - Duplicate article skipped: Hong Kong responds to disaster differently from Beijing – but the gulf is narrowing | Hong Kong apartment fires | The Guardian from The Guardian
2025-12-02 22:44:43,007 - INFO - [BBC] Article: https://www.bbc.com/news/articles/cewjg272dq9o?at_medium=RSS&at_campaign=rss
2025-12-02 22:44:43,007 - INFO - [BBC] Attempt 1/1: Trying with 'requests_browser' strategy...
2025-12-02 22:44:43,050 - INFO - [BBC] Success with 'requests_browser'. Found content (582 words).
2025-12-02 22:44:43,085 - INFO - Duplicate article skipped: Alina Habba: Appeals court disqualifies ex-Trump lawyer as New Jersey prosecutor from BBC
2025-12-02 22:44:43,823 - INFO - [The Guardian] Article: https://www.theguardian.com/australia-news/live/2025/dec/03/australia-news-live-bruce-lehrmann-defamation-appeal-brittany-higgins-lisa-wilkinson-network-ten-senate-estimates-social-media-ban-esafety-commissioner-albanese-sussan-ley-labor-coalition-nsw-vic-qld-ntwnfb
2025-12-02 22:44:43,824 - INFO - [The Guardian] Attempt 1/1: Trying with 'requests_browser' strategy...
2025-12-02 22:44:44,066 - INFO - [The Guardian] Success with 'requests_browser'. Found content (2769 words).
2025-12-02 22:44:44,086 - INFO - [BBC] Article: https://www.bbc.com/news/articles/c4g4enlp6kzo?at_medium=RSS&at_campaign=rss
2025-12-02 22:44:44,086 - INFO - [BBC] Attempt 1/1: Trying with 'requests_browser' strategy...
2025-12-02 22:44:44,165 - INFO - Duplicate article skipped: Australia news live: Google confirms YouTube to comply with under-16s social media ban but says law ‘fundamentally misunderstands’ how children use internet | Australia news | The Guardian from The Guardian
2025-12-02 22:44:44,187 - INFO - [BBC] Success with 'requests_browser'. Found content (908 words).
2025-12-02 22:44:44,225 - INFO - Duplicate article skipped: Indonesia floods death toll passes 600 from BBC
2025-12-02 22:44:44,684 - INFO - [The Guardian] Article: https://www.theguardian.com/australia-news/2025/dec/03/ndis-plans-computer-generated
2025-12-02 22:44:44,684 - INFO - [The Guardian] Attempt 1/1: Trying with 'requests_browser' strategy...
2025-12-02 22:44:44,734 - INFO - [The Guardian] Success with 'requests_browser'. Found content (1862 words).
2025-12-02 22:44:44,792 - INFO - Duplicate article skipped: NDIS plans will be computer-generated, with human involvement dramatically cut under sweeping overhaul | National disability insurance scheme | The Guardian from The Guardian
2025-12-02 22:44:45,430 - INFO - [The Guardian] Article: https://www.theguardian.com/australia-news/2025/dec/02/australia-gambling-reform-card-payment-least-impact
2025-12-02 22:44:45,430 - INFO - [The Guardian] Attempt 1/1: Trying with 'requests_browser' strategy...
2025-12-02 22:44:45,473 - INFO - [The Guardian] Success with 'requests_browser'. Found content (512 words).
2025-12-02 22:44:45,522 - INFO - Duplicate article skipped: Australia’s heaviest betters undeterred by key gambling reform, research shows | Gambling | The Guardian from The Guardian
2025-12-02 22:44:45,632 - INFO - [BBC] Article: https://www.bbc.com/news/articles/ckg9204y4w5o?at_medium=RSS&at_campaign=rss
2025-12-02 22:44:45,632 - INFO - [BBC] Attempt 1/1: Trying with 'requests_browser' strategy...
2025-12-02 22:44:45,681 - INFO - [BBC] Success with 'requests_browser'. Found content (682 words).
2025-12-02 22:44:45,720 - INFO - Duplicate article skipped: Anicet Ekane: Cameroon opposition firebrand dies in detention aged 74 from BBC
2025-12-02 22:44:46,698 - INFO - [The Guardian] Article: https://www.theguardian.com/australia-news/2025/dec/02/sea-world-helicopter-crash-pilot-seen-taking-cocaine-the-night-before-inquest-told
2025-12-02 22:44:46,698 - INFO - [The Guardian] Attempt 1/1: Trying with 'requests_browser' strategy...
2025-12-02 22:44:46,750 - INFO - [The Guardian] Success with 'requests_browser'. Found content (759 words).
2025-12-02 22:44:46,802 - INFO - Duplicate article skipped: Sea World helicopter pilot ‘had a breakdown and took cocaine’ before crash, inquest told | Queensland | The Guardian from The Guardian
2025-12-02 22:44:47,171 - INFO - [BBC] Article: https://www.bbc.com/news/articles/czrk7g50e1po?at_medium=RSS&at_campaign=rss
2025-12-02 22:44:47,171 - INFO - [BBC] Attempt 1/1: Trying with 'requests_browser' strategy...
2025-12-02 22:44:47,233 - INFO - [BBC] Success with 'requests_browser'. Found content (1693 words).
2025-12-02 22:44:47,276 - INFO - Duplicate article skipped: WW1 toxic compound sprayed on Georgian protesters, BBC evidence suggests from BBC
2025-12-02 22:44:48,047 - INFO - [BBC] Article: https://www.bbc.com/news/articles/cj69588eewyo?at_medium=RSS&at_campaign=rss
2025-12-02 22:44:48,047 - INFO - [BBC] Attempt 1/1: Trying with 'requests_browser' strategy...
2025-12-02 22:44:48,093 - INFO - [BBC] Success with 'requests_browser'. Found content (1209 words).
2025-12-02 22:44:48,305 - INFO - [The Guardian] Article: https://www.theguardian.com/business/2025/dec/02/gina-rinehart-helipad-company-headquarters-perth-council-vote-ntwnfb
2025-12-02 22:44:48,315 - INFO - [The Guardian] Attempt 1/1: Trying with 'requests_browser' strategy...
2025-12-02 22:44:48,338 - INFO - Duplicate article skipped: Israeli-Russian woman says Iraqi militants tortured her in captivity from BBC
2025-12-02 22:44:48,362 - INFO - [The Guardian] Success with 'requests_browser'. Found content (582 words).
2025-12-02 22:44:48,400 - INFO - Duplicate article skipped: Bid by Gina Rinehart’s company to build helipad set to be blocked by City of Perth | Gina Rinehart | The Guardian from The Guardian
2025-12-02 22:46:04,292 - ERROR - [Times of India] Request failed for strategy 'selenium_browser' on URL https://timesofindia.indiatimes.com/technology/tech-news/ai-nightmare-google-ceo-sundar-pichai-reveals-the-one-threat-that-keeps-him-awake-at-night/articleshow/125721392.cms: HTTPConnectionPool(host='localhost', port=33935): Read timed out. (read timeout=120)
2025-12-02 22:46:04,292 - ERROR - [Times of India] All scrape strategies failed for https://timesofindia.indiatimes.com/technology/tech-news/ai-nightmare-google-ceo-sundar-pichai-reveals-the-one-threat-that-keeps-him-awake-at-night/articleshow/125721392.cms. Falling back to RSS description.
2025-12-02 22:46:04,293 - INFO - Duplicate article skipped: ‘AI nightmare’: Google CEO Sundar Pichai reveals the one threat that keeps him awake at night from Times of India
2025-12-02 22:46:04,584 - ERROR - [The Hindu] Request failed for strategy 'selenium_browser' on URL https://www.thehindu.com/news/national/putins-talks-with-us-envoy-witkoff-and-kushner/article70351180.ece: HTTPConnectionPool(host='localhost', port=35555): Read timed out. (read timeout=120)
2025-12-02 22:46:04,584 - ERROR - [The Hindu] All scrape strategies failed for https://www.thehindu.com/news/national/putins-talks-with-us-envoy-witkoff-and-kushner/article70351180.ece. Falling back to RSS description.
2025-12-02 22:46:05,301 - INFO - [Times of India] Article: https://timesofindia.indiatimes.com/world/us-streamers/qtcinderella-reveals-full-host-and-performer-lineup-for-the-streamer-awards-2025/articleshow/125728131.cms
2025-12-02 22:46:05,301 - INFO - [Times of India] Attempt 1/1: Trying with 'selenium_browser' strategy...
2025-12-02 22:46:16,526 - INFO - DEDUPLICATION: Found match (Score: 0.74). Linking to Cluster ID: 898ae988-f1a8-4f35-aa0d-53599d7be5bb
2025-12-02 22:46:16,527 - INFO - Saved article: Putin's talks with U.S. envoy Witkoff, Kushner conclude, the Kremin says from The Hindu
2025-12-02 22:46:17,951 - INFO - [The Hindu] Article: https://www.thehindu.com/news/national/india-trashes-pakistans-claim-of-denial-of-overflight-to-send-aid-to-sri-lanka/article70351170.ece
2025-12-02 22:46:17,951 - INFO - [The Hindu] Attempt 1/1: Trying with 'selenium_browser' strategy...
2025-12-02 22:48:05,332 - ERROR - [Times of India] Request failed for strategy 'selenium_browser' on URL https://timesofindia.indiatimes.com/world/us-streamers/qtcinderella-reveals-full-host-and-performer-lineup-for-the-streamer-awards-2025/articleshow/125728131.cms: HTTPConnectionPool(host='localhost', port=33935): Read timed out. (read timeout=120)
2025-12-02 22:48:05,332 - ERROR - [Times of India] All scrape strategies failed for https://timesofindia.indiatimes.com/world/us-streamers/qtcinderella-reveals-full-host-and-performer-lineup-for-the-streamer-awards-2025/articleshow/125728131.cms. Falling back to RSS description.
2025-12-02 22:48:05,332 - INFO - Duplicate article skipped: QTCinderella reveals full host and performer lineup for the Streamer Awards 2025 from Times of India
2025-12-02 22:48:06,489 - INFO - [Times of India] Article: https://timesofindia.indiatimes.com/world/europe/it-would-end-so-swiftly-there-would-be-no-one-left-putin-warns-europe-that-if-it-starts-a-war-russia-is-ready/articleshow/125728045.cms
2025-12-02 22:48:06,489 - INFO - [Times of India] Attempt 1/1: Trying with 'selenium_browser' strategy...
2025-12-02 22:48:18,045 - ERROR - [The Hindu] Request failed for strategy 'selenium_browser' on URL https://www.thehindu.com/news/national/india-trashes-pakistans-claim-of-denial-of-overflight-to-send-aid-to-sri-lanka/article70351170.ece: HTTPConnectionPool(host='localhost', port=35555): Read timed out. (read timeout=120)
2025-12-02 22:48:18,045 - ERROR - [The Hindu] All scrape strategies failed for https://www.thehindu.com/news/national/india-trashes-pakistans-claim-of-denial-of-overflight-to-send-aid-to-sri-lanka/article70351170.ece. Falling back to RSS description.
2025-12-02 22:48:18,046 - INFO - Duplicate article skipped: India trashes Pakistan's claim of denial of overflight to send aid to Sri Lanka from The Hindu
2025-12-02 22:48:18,704 - INFO - [The Hindu] Article: https://www.thehindu.com/news/national/people-should-disclose-details-as-per-census-act-home-ministry/article70350889.ece
2025-12-02 22:48:18,704 - INFO - [The Hindu] Attempt 1/1: Trying with 'selenium_browser' strategy...
2025-12-02 22:48:57,436 - CRITICAL - --- TIMEOUT: 2 scrape jobs did not complete in 300s. ---
2025-12-02 22:48:57,436 - ERROR - A thread has timed out and will be abandoned.
2025-12-02 22:48:57,436 - ERROR - A thread has timed out and will be abandoned.
2025-12-02 22:48:57,436 - INFO - Shutting down thread pool (wait=False)...
2025-12-02 22:48:57,436 - INFO - Scraped: 0 The Guardian, 1 BBC, 2 Timed_Out_Jobs articles. (Total saved: 1)
2025-12-02 22:48:57,436 - INFO - --- Scraping job finished ---
2025-12-02 22:48:57,437 - INFO - --- Scraper service stopped and database connection closed. ---
2025-12-02 22:48:57,437 - INFO - --- Main thread finished. Forcing process exit to kill zombie threads. ---
