2025-11-27 23:41:43,910 - INFO - Loading AI Semantic Model (all-MiniLM-L6-v2)...
2025-11-27 23:41:43,910 - INFO - Use pytorch device_name: cpu
2025-11-27 23:41:43,910 - INFO - Load pretrained SentenceTransformer: all-MiniLM-L6-v2
2025-11-27 23:41:44,926 - INFO - AI Model loaded successfully.
2025-11-27 23:41:44,926 - INFO - Initializing database connection at: news_articles.db
2025-11-27 23:41:44,926 - INFO - --- Scraper service started (CI Mode: Run Once) ---
2025-11-27 23:41:44,927 - INFO - --- Starting new scraping job (Parallel Mode) ---
2025-11-27 23:41:44,927 - INFO - Creating new robust session with 3 retries on 5xx/connection/read errors.
2025-11-27 23:41:44,927 - INFO - Proxy is DISABLED.
2025-11-27 23:41:44,927 - INFO - Starting scrape for BBC RSS feed: http://feeds.bbci.co.uk/news/world/rss.xml
2025-11-27 23:41:44,928 - INFO - [Times of India] (Thread) requires Selenium. Initializing driver...
2025-11-27 23:41:44,928 - INFO - Initializing headless Selenium Chrome driver (using SeleniumManager)...
2025-11-27 23:41:44,928 - INFO - Starting scrape for The Guardian RSS feed: https://www.theguardian.com/world/rss
2025-11-27 23:41:44,930 - INFO - [The Hindu] (Thread) requires Selenium. Initializing driver...
2025-11-27 23:41:44,930 - INFO - Initializing headless Selenium Chrome driver (using SeleniumManager)...
2025-11-27 23:41:44,930 - INFO - Submitted 4 jobs to thread pool. Waiting up to 300s for completion...
2025-11-27 23:41:45,188 - INFO - Found 45 articles in The Guardian RSS feed. Processing up to 20.
2025-11-27 23:41:45,188 - INFO - [The Guardian] Article: https://www.theguardian.com/world/2025/nov/26/guinea-bissau-officers-take-total-control-close-borders-amid-election-chaos
2025-11-27 23:41:45,188 - INFO - [The Guardian] Attempt 1/1: Trying with 'requests_browser' strategy...
2025-11-27 23:41:45,223 - INFO - [The Guardian] Success with 'requests_browser'. Found content (412 words).
2025-11-27 23:41:45,258 - INFO - Duplicate article skipped: Guinea-Bissau military takes ‘total control’ amid election chaos | Guinea-Bissau | The Guardian from The Guardian
2025-11-27 23:41:45,266 - INFO - Found 33 articles in BBC RSS feed. Processing up to 20.
2025-11-27 23:41:45,266 - INFO - [BBC] Article: https://www.bbc.com/news/articles/c62n3enz9klo?at_medium=RSS&at_campaign=rss
2025-11-27 23:41:45,266 - INFO - [BBC] Attempt 1/1: Trying with 'requests_browser' strategy...
2025-11-27 23:41:45,568 - INFO - [BBC] Success with 'requests_browser'. Found content (727 words).
2025-11-27 23:41:45,611 - INFO - Duplicate article skipped: Hong Kong: Firefighters search for missing in tower blocks fire from BBC
2025-11-27 23:41:46,114 - INFO - [The Guardian] Article: https://www.theguardian.com/world/2025/nov/25/nigerian-schoolgirls-rescued-after-mass-abduction-in-kebbi
2025-11-27 23:41:46,114 - INFO - [The Guardian] Attempt 1/1: Trying with 'requests_browser' strategy...
2025-11-27 23:41:46,150 - INFO - [The Guardian] Success with 'requests_browser'. Found content (515 words).
2025-11-27 23:41:46,191 - INFO - Duplicate article skipped: Nigerian schoolgirls rescued after mass abduction in Kebbi | Nigeria | The Guardian from The Guardian
2025-11-27 23:41:46,810 - INFO - [BBC] Article: https://www.bbc.com/news/videos/c3w7e2p48l7o?at_medium=RSS&at_campaign=rss
2025-11-27 23:41:46,810 - INFO - [BBC] Attempt 1/1: Trying with 'requests_browser' strategy...
2025-11-27 23:41:46,907 - INFO - [The Guardian] Article: https://www.theguardian.com/world/2025/nov/25/jacob-zuma-daughter-accused-tricking-men-fighting-for-russia-in-ukraine
2025-11-27 23:41:46,907 - INFO - [The Guardian] Attempt 1/1: Trying with 'requests_browser' strategy...
2025-11-27 23:41:46,944 - INFO - [The Guardian] Success with 'requests_browser'. Found content (656 words).
2025-11-27 23:41:46,989 - INFO - Duplicate article skipped: Jacob Zuma’s daughter accused of tricking men into fighting for Russia in Ukraine | South Africa | The Guardian from The Guardian
2025-11-27 23:41:47,028 - INFO - [BBC] Success with 'requests_browser'. Found content (148 words).
2025-11-27 23:41:47,068 - INFO - Duplicate article skipped: Video shows speed fire spreads in Hong Kong tower block from BBC
2025-11-27 23:41:47,808 - INFO - [The Guardian] Article: https://www.theguardian.com/uk-news/2025/nov/24/uk-rejects-nigerian-request-to-deport-former-politican-ike-ekweremadu-jailed-for-organ-trafficking
2025-11-27 23:41:47,808 - INFO - [The Guardian] Attempt 1/1: Trying with 'requests_browser' strategy...
2025-11-27 23:41:47,839 - INFO - [The Guardian] Success with 'requests_browser'. Found content (545 words).
2025-11-27 23:41:47,997 - INFO - Duplicate article skipped: UK rejects Nigerian request to deport former politican jailed for organ trafficking | UK news | The Guardian from The Guardian
2025-11-27 23:41:48,223 - INFO - [BBC] Article: https://www.bbc.com/news/articles/cp84nl57v0lo?at_medium=RSS&at_campaign=rss
2025-11-27 23:41:48,223 - INFO - [BBC] Attempt 1/1: Trying with 'requests_browser' strategy...
2025-11-27 23:41:48,260 - INFO - [BBC] Success with 'requests_browser'. Found content (751 words).
2025-11-27 23:41:48,293 - INFO - Duplicate article skipped: Putin doubles down on demands for Ukrainian territory ahead of talks with US from BBC
2025-11-27 23:41:48,579 - INFO - [The Guardian] Article: https://www.theguardian.com/world/2025/nov/24/ethiopian-volcano-hayli-gubbi-erupts-first-time-12000-years
2025-11-27 23:41:48,579 - INFO - [The Guardian] Attempt 1/1: Trying with 'requests_browser' strategy...
2025-11-27 23:41:48,609 - INFO - [The Guardian] Success with 'requests_browser'. Found content (306 words).
2025-11-27 23:41:48,641 - INFO - Duplicate article skipped: Ethiopian volcano erupts for first time in 12,000 years | Ethiopia | The Guardian from The Guardian
2025-11-27 23:41:48,879 - INFO - [BBC] Article: https://www.bbc.com/news/articles/c0edw348pewo?at_medium=RSS&at_campaign=rss
2025-11-27 23:41:48,879 - INFO - [BBC] Attempt 1/1: Trying with 'requests_browser' strategy...
2025-11-27 23:41:48,918 - INFO - [BBC] Success with 'requests_browser'. Found content (495 words).
2025-11-27 23:41:48,954 - INFO - Duplicate article skipped: US-Palestinian teen freed after nine months in Israeli jail from BBC
2025-11-27 23:41:49,585 - INFO - [The Guardian] Article: https://www.theguardian.com/world/2025/nov/27/perus-ousted-president-of-the-poor-gets-11-year-sentence-for-rebellion
2025-11-27 23:41:49,585 - INFO - [The Guardian] Attempt 1/1: Trying with 'requests_browser' strategy...
2025-11-27 23:41:49,615 - INFO - [The Guardian] Success with 'requests_browser'. Found content (346 words).
2025-11-27 23:41:49,634 - INFO - [BBC] Article: https://www.bbc.com/news/articles/cgex957qg97o?at_medium=RSS&at_campaign=rss
2025-11-27 23:41:49,634 - INFO - [BBC] Attempt 1/1: Trying with 'requests_browser' strategy...
2025-11-27 23:41:49,650 - INFO - Duplicate article skipped: Peru’s ousted ‘president of the poor’ gets 11-year sentence for rebellion | Peru | The Guardian from The Guardian
2025-11-27 23:41:50,109 - INFO - [BBC] Success with 'requests_browser'. Found content (779 words).
2025-11-27 23:41:50,148 - INFO - Duplicate article skipped: US suspends immigration requests for Afghans after National Guard shooting from BBC
2025-11-27 23:41:50,992 - INFO - [The Guardian] Article: https://www.theguardian.com/world/2025/nov/27/venezuela-bans-six-leading-airlines-as-tensions-with-us-escalate
2025-11-27 23:41:50,992 - INFO - [The Guardian] Attempt 1/1: Trying with 'requests_browser' strategy...
2025-11-27 23:41:51,030 - INFO - [The Guardian] Success with 'requests_browser'. Found content (371 words).
2025-11-27 23:41:51,075 - INFO - Duplicate article skipped: Venezuela bans six international airlines as tensions with US escalate | Venezuela | The Guardian from The Guardian
2025-11-27 23:41:51,393 - INFO - [BBC] Article: https://www.bbc.com/news/articles/c0edw7g7z79o?at_medium=RSS&at_campaign=rss
2025-11-27 23:41:51,393 - INFO - [BBC] Attempt 1/1: Trying with 'requests_browser' strategy...
2025-11-27 23:41:51,435 - INFO - [BBC] Success with 'requests_browser'. Found content (1054 words).
2025-11-27 23:41:51,472 - INFO - Duplicate article skipped: France brings back limited military service with 3,000 volunteers next year from BBC
2025-11-27 23:41:52,130 - INFO - [The Guardian] Article: https://www.theguardian.com/world/2025/nov/27/mark-carney-alberta-oil-pipeline-deal-canada-first-nations
2025-11-27 23:41:52,130 - INFO - [The Guardian] Attempt 1/1: Trying with 'requests_browser' strategy...
2025-11-27 23:41:52,164 - INFO - [The Guardian] Success with 'requests_browser'. Found content (614 words).
2025-11-27 23:41:52,205 - INFO - Duplicate article skipped: Mark Carney reaches deal with Alberta for oil pipeline opposed by First Nations | Canada | The Guardian from The Guardian
2025-11-27 23:41:52,380 - INFO - [BBC] Article: https://www.bbc.com/news/articles/cd0keyern0do?at_medium=RSS&at_campaign=rss
2025-11-27 23:41:52,380 - INFO - [BBC] Attempt 1/1: Trying with 'requests_browser' strategy...
2025-11-27 23:41:52,428 - INFO - [BBC] Success with 'requests_browser'. Found content (511 words).
2025-11-27 23:41:52,471 - INFO - Duplicate article skipped: Venezuela bans six major airlines after tensions with US escalate from BBC
2025-11-27 23:41:52,775 - INFO - [The Guardian] Article: https://www.theguardian.com/us-news/2025/nov/27/peru-band-of-holes-mystery
2025-11-27 23:41:52,776 - INFO - [The Guardian] Attempt 1/1: Trying with 'requests_browser' strategy...
2025-11-27 23:41:52,807 - INFO - [The Guardian] Success with 'requests_browser'. Found content (563 words).
2025-11-27 23:41:52,842 - INFO - Duplicate article skipped: Florida professor may have solved mystery of Peru’s Band of Holes | US news | The Guardian from The Guardian
2025-11-27 23:41:53,161 - INFO - Selenium driver initialized successfully.
2025-11-27 23:41:53,161 - INFO - Starting scrape for Times of India RSS feed: https://timesofindia.indiatimes.com/rssfeeds/296589292.cms
2025-11-27 23:41:53,162 - INFO - Selenium driver initialized successfully.
2025-11-27 23:41:53,162 - INFO - Starting scrape for The Hindu RSS feed: https://www.thehindu.com/news/national/feeder/default.rss
2025-11-27 23:41:53,391 - INFO - Found 100 articles in The Hindu RSS feed. Processing up to 20.
2025-11-27 23:41:53,392 - INFO - [The Hindu] Article: https://www.thehindu.com/news/national/tamil-nadu/stalin-virtually-kick-starts-work-to-build-free-rest-halls-health-facilities-on-girivalam-path/article70331027.ece
2025-11-27 23:41:53,392 - INFO - [The Hindu] Attempt 1/1: Trying with 'selenium_browser' strategy...
2025-11-27 23:41:53,429 - INFO - Found 20 articles in Times of India RSS feed. Processing up to 20.
2025-11-27 23:41:53,429 - INFO - [Times of India] Article: https://timesofindia.indiatimes.com/world/us-streamers/why-some-long-time-youtube-channels-are-disappearing-without-warning/articleshow/125624158.cms
2025-11-27 23:41:53,429 - INFO - [Times of India] Attempt 1/1: Trying with 'selenium_browser' strategy...
2025-11-27 23:41:53,948 - INFO - [The Guardian] Article: https://www.theguardian.com/world/2025/nov/27/miss-universe-co-owners-arrest-warrants
2025-11-27 23:41:53,948 - INFO - [The Guardian] Attempt 1/1: Trying with 'requests_browser' strategy...
2025-11-27 23:41:53,961 - INFO - [BBC] Article: https://www.bbc.com/news/articles/cewj1e1yk2vo?at_medium=RSS&at_campaign=rss
2025-11-27 23:41:53,961 - INFO - [BBC] Attempt 1/1: Trying with 'requests_browser' strategy...
2025-11-27 23:41:53,998 - INFO - [The Guardian] Success with 'requests_browser'. Found content (459 words).
2025-11-27 23:41:54,059 - INFO - Duplicate article skipped: Arrest warrants issued for Miss Universe co-owners in latest twist in pageant saga | Mexico | The Guardian from The Guardian
2025-11-27 23:41:54,089 - INFO - [BBC] Success with 'requests_browser'. Found content (1118 words).
2025-11-27 23:41:54,146 - INFO - Duplicate article skipped: Fracking transforms an Argentine town but what about the nation? from BBC
2025-11-27 23:41:54,761 - INFO - [The Guardian] Article: https://www.theguardian.com/news/2025/nov/27/hong-kong-fire-tai-po-police-blame-construction-company
2025-11-27 23:41:54,761 - INFO - [The Guardian] Attempt 1/1: Trying with 'requests_browser' strategy...
2025-11-27 23:41:54,914 - INFO - [The Guardian] Success with 'requests_browser'. Found content (975 words).
2025-11-27 23:41:55,001 - INFO - Duplicate article skipped: Hong Kong police say unsafe scaffolding and foam may have spread fire that killed at least 94 | Hong Kong apartment fires | The Guardian from The Guardian
2025-11-27 23:41:55,294 - INFO - [BBC] Article: https://www.bbc.com/news/articles/cdd560nvqqdo?at_medium=RSS&at_campaign=rss
2025-11-27 23:41:55,294 - INFO - [BBC] Attempt 1/1: Trying with 'requests_browser' strategy...
2025-11-27 23:41:55,422 - INFO - [BBC] Success with 'requests_browser'. Found content (1894 words).
2025-11-27 23:41:55,527 - INFO - Duplicate article skipped: Year after ceasefire, peace eludes south Lebanon as Israeli strikes continue from BBC
2025-11-27 23:41:56,459 - INFO - [The Guardian] Article: https://www.theguardian.com/world/live/2025/nov/27/hong-kong-fire-arrests-dead-killed-hundreds-missing-housing-complex-blaze
2025-11-27 23:41:56,459 - INFO - [The Guardian] Attempt 1/1: Trying with 'requests_browser' strategy...
2025-11-27 23:41:56,567 - INFO - [BBC] Article: https://www.bbc.com/news/articles/cy5g3076lqzo?at_medium=RSS&at_campaign=rss
2025-11-27 23:41:56,567 - INFO - [BBC] Attempt 1/1: Trying with 'requests_browser' strategy...
2025-11-27 23:41:56,782 - INFO - [BBC] Success with 'requests_browser'. Found content (736 words).
2025-11-27 23:41:56,980 - INFO - Duplicate article skipped: Pope Leo visits Turkey and warns humanity at stake from high level of conflict from BBC
2025-11-27 23:41:57,487 - INFO - [The Guardian] Success with 'requests_browser'. Found content (1149 words).
2025-11-27 23:41:57,763 - INFO - [BBC] Article: https://www.bbc.com/news/articles/cvg164nvj77o?at_medium=RSS&at_campaign=rss
2025-11-27 23:41:57,763 - INFO - [BBC] Attempt 1/1: Trying with 'requests_browser' strategy...
2025-11-27 23:41:58,181 - INFO - Duplicate article skipped: Hong Kong fire: death toll rises to 83 as rescue crews search for survivors in still-burning towers – as it happened | Hong Kong | The Guardian from The Guardian
2025-11-27 23:41:58,256 - INFO - [BBC] Success with 'requests_browser'. Found content (820 words).
2025-11-27 23:41:58,372 - INFO - Duplicate article skipped: Guinea-Bissau army general named president a day after apparent coup from BBC
2025-11-27 23:41:59,448 - INFO - [The Hindu] Page content loaded.
2025-11-27 23:41:59,570 - INFO - [The Guardian] Article: https://www.theguardian.com/world/2025/nov/27/anger-hong-kong-apartment-complex-fires-deaths
2025-11-27 23:41:59,570 - INFO - [The Guardian] Attempt 1/1: Trying with 'requests_browser' strategy...
2025-11-27 23:41:59,740 - INFO - [The Hindu] Success with 'selenium_browser'. Found content (433 words).
2025-11-27 23:41:59,782 - INFO - [The Guardian] Success with 'requests_browser'. Found content (765 words).
2025-11-27 23:41:59,885 - INFO - [BBC] Article: https://www.bbc.com/news/articles/cq8dq47j5y8o?at_medium=RSS&at_campaign=rss
2025-11-27 23:41:59,885 - INFO - [BBC] Attempt 1/1: Trying with 'requests_browser' strategy...
2025-11-27 23:42:00,185 - INFO - Duplicate article skipped: Anger swelling in Hong Kong over deadliest fire in more than 70 years | Hong Kong | The Guardian from The Guardian
2025-11-27 23:42:00,232 - INFO - [BBC] Success with 'requests_browser'. Found content (595 words).
2025-11-27 23:42:01,419 - INFO - [The Guardian] Article: https://www.theguardian.com/news/2025/nov/27/hong-kong-apartment-complex-fire-reaction
2025-11-27 23:42:01,419 - INFO - [The Guardian] Attempt 1/1: Trying with 'requests_browser' strategy...
2025-11-27 23:42:01,564 - INFO - [The Guardian] Success with 'requests_browser'. Found content (735 words).
2025-11-27 23:42:06,542 - INFO - [Times of India] Page content loaded.
2025-11-27 23:42:06,958 - INFO - [Times of India] Success with 'selenium_browser'. Found content (436 words).
2025-11-27 23:42:17,586 - INFO - Saved article: Stalin virtually kick-starts work to build free rest halls, health facilities on Girivalam path - The Hindu from The Hindu
2025-11-27 23:42:17,586 - INFO - Duplicate article skipped: South Africa's Cyril Ramaphosa hits back after Donald Trump says US won't invite it for G20 summit from BBC
2025-11-27 23:42:17,586 - INFO - Duplicate article skipped: In air thick with acrid smoke, people in Hong Kong are reeling and angry | Hong Kong apartment fires | The Guardian from The Guardian
2025-11-27 23:42:17,586 - INFO - Duplicate article skipped: Why some long-time YouTube channels are disappearing without warning - The Times of India from Times of India
2025-11-27 23:42:18,574 - INFO - [The Guardian] Article: https://www.theguardian.com/world/2025/nov/27/jakarta-overtakes-tokyo-most-populous-city-world
2025-11-27 23:42:18,574 - INFO - [The Guardian] Attempt 1/1: Trying with 'requests_browser' strategy...
2025-11-27 23:42:18,578 - INFO - [BBC] Article: https://www.bbc.com/news/articles/cdxwzwe507ko?at_medium=RSS&at_campaign=rss
2025-11-27 23:42:18,578 - INFO - [BBC] Attempt 1/1: Trying with 'requests_browser' strategy...
2025-11-27 23:42:18,618 - INFO - [BBC] Success with 'requests_browser'. Found content (442 words).
2025-11-27 23:42:18,655 - INFO - Duplicate article skipped: Malawi police investigate theft of four German Shepherds from Kamuzu Palace from BBC
2025-11-27 23:42:18,709 - INFO - [The Guardian] Success with 'requests_browser'. Found content (523 words).
2025-11-27 23:42:18,719 - INFO - [The Hindu] Article: https://www.thehindu.com/news/national/tamil-nadu/man-held-for-cutting-elderly-womans-ear-to-steal-gold-earrings/article70331035.ece
2025-11-27 23:42:18,719 - INFO - [The Hindu] Attempt 1/1: Trying with 'selenium_browser' strategy...
2025-11-27 23:42:18,755 - INFO - Duplicate article skipped: Jakarta overtakes Tokyo as world’s most populous city, according to UN | Indonesia | The Guardian from The Guardian
2025-11-27 23:42:19,030 - INFO - [Times of India] Article: https://timesofindia.indiatimes.com/sports/international-sports/who-is-fuzzy-zoeller-famous-two-time-major-champion-golfer-dies-at-74-after-masters-history/articleshow/125624118.cms
2025-11-27 23:42:19,030 - INFO - [Times of India] Attempt 1/1: Trying with 'selenium_browser' strategy...
2025-11-27 23:42:19,745 - INFO - [The Guardian] Article: https://www.theguardian.com/australia-news/live/2025/nov/28/australia-news-live-storms-hail-queensland-environment-laws-anthony-albanese-labor-greens-sussan-ley-coalition-ntwnfb
2025-11-27 23:42:19,746 - INFO - [The Guardian] Attempt 1/1: Trying with 'requests_browser' strategy...
2025-11-27 23:42:20,076 - INFO - [BBC] Article: https://www.bbc.com/news/articles/cly0jjv2lg1o?at_medium=RSS&at_campaign=rss
2025-11-27 23:42:20,077 - INFO - [BBC] Attempt 1/1: Trying with 'requests_browser' strategy...
2025-11-27 23:42:20,081 - INFO - [The Hindu] Page content loaded.
2025-11-27 23:42:20,165 - INFO - [The Guardian] Success with 'requests_browser'. Found content (2923 words).
2025-11-27 23:42:20,349 - INFO - [The Hindu] Success with 'selenium_browser'. Found content (272 words).
2025-11-27 23:42:20,468 - INFO - [BBC] Success with 'requests_browser'. Found content (1341 words).
2025-11-27 23:42:20,631 - INFO - Duplicate article skipped: Australia news live: NSW axes heritage protection for brumbies; PM hails ‘yes-olition’ as environment laws pass parliament | Australia news | The Guardian from The Guardian
2025-11-27 23:42:21,175 - INFO - [Times of India] Page content loaded.
2025-11-27 23:42:21,441 - INFO - [The Guardian] Article: https://www.theguardian.com/australia-news/2025/nov/28/former-townsville-mayor-troy-thompson-found-to-have-misled-voters-about-cancer-diagnosis-and-military-history
2025-11-27 23:42:21,442 - INFO - [The Guardian] Attempt 1/1: Trying with 'requests_browser' strategy...
2025-11-27 23:42:21,563 - INFO - [The Guardian] Success with 'requests_browser'. Found content (669 words).
2025-11-27 23:42:21,579 - INFO - [Times of India] Success with 'selenium_browser'. Found content (425 words).
2025-11-27 23:42:38,096 - INFO - Saved article: Man held for cutting elderly woman’s ear to steal gold earrings - The Hindu from The Hindu
2025-11-27 23:42:38,096 - INFO - Duplicate article skipped: Russia Ukraine war: Where peace stands after frantic diplomacy from BBC
2025-11-27 23:42:38,096 - INFO - Duplicate article skipped: Former Townsville mayor Troy Thompson found to have misled voters about cancer diagnosis and military history | Queensland politics | The Guardian from The Guardian
2025-11-27 23:42:38,096 - INFO - Duplicate article skipped: Who was Fuzzy Zoeller? Famous two-time major champion golfer dies at 74 after Masters history | International Sports News - The Times of India from Times of India
2025-11-27 23:42:38,633 - INFO - [The Hindu] Article: https://www.thehindu.com/news/national/tamil-nadu/shops-two-wheelers-destroyed-in-fire-neararunachaleswarar-temple/article70331043.ece
2025-11-27 23:42:38,633 - INFO - [The Hindu] Attempt 1/1: Trying with 'selenium_browser' strategy...
2025-11-27 23:42:39,019 - INFO - [BBC] Article: https://www.bbc.com/news/articles/c0edww3qgq2o?at_medium=RSS&at_campaign=rss
2025-11-27 23:42:39,020 - INFO - [BBC] Attempt 1/1: Trying with 'requests_browser' strategy...
2025-11-27 23:42:39,129 - INFO - [BBC] Success with 'requests_browser'. Found content (652 words).
2025-11-27 23:42:39,186 - INFO - Duplicate article skipped: Guinea-Bissau coup: Soldiers seize power and detain President Umaro Sissoco Embaló from BBC
2025-11-27 23:42:39,285 - INFO - [Times of India] Article: https://timesofindia.indiatimes.com/world/us/you-have-criminal-record-indian-origin-sikh-man-stopped-from-entering-canada-from-us-interaction-goes-viral/articleshow/125624001.cms
2025-11-27 23:42:39,285 - INFO - [Times of India] Attempt 1/1: Trying with 'selenium_browser' strategy...
2025-11-27 23:42:39,321 - INFO - [The Guardian] Article: https://www.theguardian.com/australia-news/2025/nov/27/anti-abortion-activist-joanna-howes-claims-her-employer-gave-her-immunity-from-complaints-by-pro-choice-campaigners-ntwnfb
2025-11-27 23:42:39,321 - INFO - [The Guardian] Attempt 1/1: Trying with 'requests_browser' strategy...
2025-11-27 23:42:39,605 - INFO - [The Guardian] Success with 'requests_browser'. Found content (744 words).
2025-11-27 23:42:39,704 - INFO - Duplicate article skipped: Anti-abortion activist Joanna Howe claims University of Adelaide gave her immunity from complaints by pro-choice campaigners | South Australia | The Guardian from The Guardian
2025-11-27 23:42:39,725 - INFO - [The Hindu] Page content loaded.
2025-11-27 23:42:39,967 - INFO - [The Hindu] Success with 'selenium_browser'. Found content (289 words).
2025-11-27 23:42:40,324 - INFO - [BBC] Article: https://www.bbc.com/news/articles/c3r7xr94ln8o?at_medium=RSS&at_campaign=rss
2025-11-27 23:42:40,325 - INFO - [BBC] Attempt 1/1: Trying with 'requests_browser' strategy...
2025-11-27 23:42:40,433 - INFO - [BBC] Success with 'requests_browser'. Found content (724 words).
2025-11-27 23:42:40,823 - INFO - [The Guardian] Article: https://www.theguardian.com/australia-news/2025/nov/27/santos-gas-plan-beetaloo-basin-northern-territory-fracking-fears
2025-11-27 23:42:40,824 - INFO - [The Guardian] Attempt 1/1: Trying with 'requests_browser' strategy...
2025-11-27 23:42:41,048 - INFO - [The Guardian] Success with 'requests_browser'. Found content (622 words).
2025-11-27 23:42:42,897 - INFO - [Times of India] Page content loaded.
2025-11-27 23:42:43,155 - INFO - [Times of India] Success with 'selenium_browser'. Found content (339 words).
2025-11-27 23:42:58,498 - INFO - Saved article: Shops, two-wheelers destroyed in fire near Arunachaleswarar temple - The Hindu from The Hindu
2025-11-27 23:42:58,498 - INFO - Duplicate article skipped: Trump defends Witkoff after leak appears to show envoy coaching Russias from BBC
2025-11-27 23:42:58,498 - INFO - Duplicate article skipped: Fear Santos gas plan may start fracking rush that poses ‘major risk’ to NT water supply | Santos | The Guardian from The Guardian
2025-11-27 23:42:58,498 - INFO - Duplicate article skipped: 'You have criminal record': Indian-origin Sikh man stopped from entering Canada from US, interaction goes viral - The Times of India from Times of India
2025-11-27 23:42:59,031 - INFO - [BBC] Article: https://www.bbc.com/news/articles/c74x55epn34o?at_medium=RSS&at_campaign=rss
2025-11-27 23:42:59,031 - INFO - [BBC] Attempt 1/1: Trying with 'requests_browser' strategy...
2025-11-27 23:42:59,142 - INFO - [The Guardian] Article: https://www.theguardian.com/australia-news/2025/nov/27/state-library-of-victoria-faces-job-cuts-as-staff-accuse-management-of-pursuing-digital-vanity-projects
2025-11-27 23:42:59,142 - INFO - [The Guardian] Attempt 1/1: Trying with 'requests_browser' strategy...
2025-11-27 23:42:59,188 - INFO - [The Guardian] Success with 'requests_browser'. Found content (722 words).
2025-11-27 23:42:59,238 - INFO - Duplicate article skipped: State Library of Victoria faces job cuts as staff accuse management of pursuing ‘digital vanity projects’ | Melbourne | The Guardian from The Guardian
2025-11-27 23:42:59,466 - INFO - [Times of India] Article: https://timesofindia.indiatimes.com/world/us/watch-zohran-mamdani-does-the-iconic-shah-rukh-khan-pose-while-guessing-bollywood-songs-with-mehdi-hasan/articleshow/125623177.cms
2025-11-27 23:42:59,466 - INFO - [Times of India] Attempt 1/1: Trying with 'selenium_browser' strategy...
2025-11-27 23:42:59,507 - INFO - [BBC] Success with 'requests_browser'. Found content (303 words).
2025-11-27 23:42:59,559 - INFO - Duplicate article skipped: Nicolas Sarkozy illegal campaign financing conviction upheld from BBC
2025-11-27 23:42:59,614 - INFO - [The Hindu] Article: https://www.thehindu.com/news/national/army-chief-charts-three-phase-plan-to-build-future-ready-force-by-2047/article70331613.ece
2025-11-27 23:42:59,614 - INFO - [The Hindu] Attempt 1/1: Trying with 'selenium_browser' strategy...
2025-11-27 23:43:00,159 - INFO - [BBC] Article: https://www.bbc.com/news/articles/c9d9l7w1g8yo?at_medium=RSS&at_campaign=rss
2025-11-27 23:43:00,159 - INFO - [BBC] Attempt 1/1: Trying with 'requests_browser' strategy...
2025-11-27 23:43:00,254 - INFO - [BBC] Success with 'requests_browser'. Found content (420 words).
2025-11-27 23:43:00,326 - INFO - Duplicate article skipped: Australia social media ban: Teens challenge law before High Court from BBC
2025-11-27 23:43:00,929 - INFO - [The Hindu] Page content loaded.
2025-11-27 23:43:01,092 - INFO - [The Hindu] Success with 'selenium_browser'. Found content (349 words).
2025-11-27 23:43:01,746 - INFO - [BBC] Article: https://www.bbc.com/news/articles/cr4drle9k12o?at_medium=RSS&at_campaign=rss
2025-11-27 23:43:01,746 - INFO - [BBC] Attempt 1/1: Trying with 'requests_browser' strategy...
2025-11-27 23:43:01,883 - INFO - [BBC] Success with 'requests_browser'. Found content (493 words).
2025-11-27 23:43:03,134 - INFO - [Times of India] Page content loaded.
2025-11-27 23:43:03,411 - INFO - [Times of India] Success with 'selenium_browser'. Found content (352 words).
2025-11-27 23:43:21,010 - INFO - Saved article: Army chief charts three-phase plan to build future-ready force by 2047 - The Hindu from The Hindu
2025-11-27 23:43:21,010 - INFO - Duplicate article skipped: Chicago man accused of setting train passenger on fire had 72 prior arrests from BBC
2025-11-27 23:43:21,010 - INFO - Duplicate article skipped: Watch: Zohran Mamdani does the iconic Shah Rukh Khan pose while guessing Bollywood songs with Mehdi Hasan - The Times of India from Times of India
2025-11-27 23:43:22,163 - INFO - [BBC] Article: https://www.bbc.com/news/articles/c1dzp050yn2o?at_medium=RSS&at_campaign=rss
2025-11-27 23:43:22,163 - INFO - [BBC] Attempt 1/1: Trying with 'requests_browser' strategy...
2025-11-27 23:43:22,305 - INFO - [Times of India] Article: https://timesofindia.indiatimes.com/world/us/you-miss-all-the-signs-when-kash-patel-on-how-trump-admin-granted-asylum-to-shooter-rahmanullah-lakanwal/articleshow/125623150.cms
2025-11-27 23:43:22,305 - INFO - [Times of India] Attempt 1/1: Trying with 'selenium_browser' strategy...
2025-11-27 23:43:22,434 - INFO - [The Hindu] Article: https://www.thehindu.com/news/national/union-law-ministry-defends-simultaneous-polls-proposal-says-curtailing-tenure-not-against-basic-structure-of-constitution/article70330978.ece
2025-11-27 23:43:22,434 - INFO - [The Hindu] Attempt 1/1: Trying with 'selenium_browser' strategy...
2025-11-27 23:43:22,655 - INFO - [BBC] Success with 'requests_browser'. Found content (1232 words).
2025-11-27 23:43:22,722 - INFO - Duplicate article skipped: Italian parliament unanimously votes to make femicide a crime from BBC
2025-11-27 23:43:23,951 - INFO - [The Hindu] Page content loaded.
2025-11-27 23:43:24,127 - INFO - [The Hindu] Success with 'selenium_browser'. Found content (666 words).
2025-11-27 23:43:24,234 - INFO - Duplicate article skipped: Union Law Ministry defends simultaneous polls proposal; says curtailing tenure not against basic structure of Constitution - The Hindu from The Hindu
2025-11-27 23:43:24,297 - INFO - [Times of India] Page content loaded.
2025-11-27 23:43:24,625 - INFO - [Times of India] Success with 'selenium_browser'. Found content (372 words).
2025-11-27 23:43:24,769 - INFO - Duplicate article skipped: 'You miss all the signs when...': Kash Patel on how Trump admin granted asylum to shooter Rahmanullah Lakanwal - The Times of India from Times of India
2025-11-27 23:43:25,166 - INFO - [The Hindu] Article: https://www.thehindu.com/news/national/telangana/telangana-high-court-directs-sigachi-blast-case-investigating-officer-to-appear-before-it/article70331846.ece
2025-11-27 23:43:25,167 - INFO - [The Hindu] Attempt 1/1: Trying with 'selenium_browser' strategy...
2025-11-27 23:43:26,107 - INFO - [Times of India] Article: https://timesofindia.indiatimes.com/world/us-streamers/hasan-pikar-calls-out-asmongold-for-hasan-is-finished-video-over-china-trip-clips/articleshow/125623329.cms
2025-11-27 23:43:26,108 - INFO - [Times of India] Attempt 1/1: Trying with 'selenium_browser' strategy...
2025-11-27 23:43:26,457 - INFO - [The Hindu] Page content loaded.
2025-11-27 23:43:26,621 - INFO - [The Hindu] Success with 'selenium_browser'. Found content (427 words).
2025-11-27 23:43:26,715 - INFO - Duplicate article skipped: Telangana High Court directs Sigachi blast case investigating officer to appear before it - The Hindu from The Hindu
2025-11-27 23:43:27,606 - INFO - [Times of India] Page content loaded.
2025-11-27 23:43:27,738 - INFO - [The Hindu] Article: https://www.thehindu.com/news/national/west-bengal/two-trinamoolworkerskilled-inbengals-malda-police-deployedas-tensions-rise/article70331006.ece
2025-11-27 23:43:27,738 - INFO - [The Hindu] Attempt 1/1: Trying with 'selenium_browser' strategy...
2025-11-27 23:43:27,818 - INFO - [Times of India] Success with 'selenium_browser'. Found content (428 words).
2025-11-27 23:43:28,249 - INFO - Duplicate article skipped: Hasan Pikar calls out Asmongold for ‘Hasan is finished’ video over China trip clips - The Times of India from Times of India
2025-11-27 23:43:29,032 - INFO - [The Hindu] Page content loaded.
2025-11-27 23:43:29,137 - INFO - [The Hindu] Success with 'selenium_browser'. Found content (437 words).
2025-11-27 23:43:29,268 - INFO - Duplicate article skipped: Two Trinamool workers killed in Bengal’s Malda; police deployed as tensions rise - The Hindu from The Hindu
2025-11-27 23:43:29,337 - INFO - [Times of India] Article: https://timesofindia.indiatimes.com/world/us/how-rahmanullah-lakanwal-made-it-from-afghanistan-to-us-before-white-house-shooting-inside-operation-allies-welcome/articleshow/125622030.cms
2025-11-27 23:43:29,337 - INFO - [Times of India] Attempt 1/1: Trying with 'selenium_browser' strategy...
2025-11-27 23:43:30,538 - INFO - [The Hindu] Article: https://www.thehindu.com/news/national/supreme-court-asks-government-to-consider-a-law-against-ridicule-of-pwds/article70331961.ece
2025-11-27 23:43:30,538 - INFO - [The Hindu] Attempt 1/1: Trying with 'selenium_browser' strategy...
2025-11-27 23:43:31,096 - INFO - [Times of India] Page content loaded.
2025-11-27 23:43:31,299 - INFO - [Times of India] Success with 'selenium_browser'. Found content (585 words).
2025-11-27 23:43:31,399 - INFO - Duplicate article skipped: How Rahmanullah Lakanwal made it from Afghanistan to US before White House shooting — Inside Operation Allies Welcome - The Times of India from Times of India
2025-11-27 23:43:31,657 - INFO - [The Hindu] Page content loaded.
2025-11-27 23:43:31,887 - INFO - [The Hindu] Success with 'selenium_browser'. Found content (253 words).
2025-11-27 23:43:32,001 - INFO - Duplicate article skipped: Supreme Court asks government to consider a law against ridicule of PwDs - The Hindu from The Hindu
2025-11-27 23:43:32,734 - INFO - [Times of India] Article: https://timesofindia.indiatimes.com/world/uk/canadian-company-buys-uks-most-iconic-indian-restaurants-including-veeraswamy-and-chutney-mary/articleshow/125621572.cms
2025-11-27 23:43:32,735 - INFO - [Times of India] Attempt 1/1: Trying with 'selenium_browser' strategy...
2025-11-27 23:43:33,433 - INFO - [The Hindu] Article: https://www.thehindu.com/news/national/odisha/droupadi-murmu-becomes-first-president-to-address-odisha-assembly/article70330619.ece
2025-11-27 23:43:33,433 - INFO - [The Hindu] Attempt 1/1: Trying with 'selenium_browser' strategy...
2025-11-27 23:43:34,302 - INFO - [Times of India] Page content loaded.
2025-11-27 23:43:34,437 - INFO - [Times of India] Success with 'selenium_browser'. Found content (404 words).
2025-11-27 23:43:34,465 - INFO - [The Hindu] Page content loaded.
2025-11-27 23:43:34,542 - INFO - Duplicate article skipped: Canadian company buys UK’s most iconic Indian restaurants, including Veeraswamy and Chutney Mary - The Times of India from Times of India
2025-11-27 23:43:34,657 - INFO - [The Hindu] Success with 'selenium_browser'. Found content (373 words).
2025-11-27 23:43:34,760 - INFO - Duplicate article skipped: Droupadi Murmu becomes first President to address Odisha Assembly - The Hindu from The Hindu
2025-11-27 23:43:35,557 - INFO - [Times of India] Article: https://timesofindia.indiatimes.com/world/us/us-ceo-backs-h-1b-says-100000-fee-will-hurt-economy-immigrant-workers-have-different-skill-sets/articleshow/125621078.cms
2025-11-27 23:43:35,558 - INFO - [Times of India] Attempt 1/1: Trying with 'selenium_browser' strategy...
2025-11-27 23:43:36,113 - INFO - [The Hindu] Article: https://www.thehindu.com/news/national/assam/communal-tag-on-1983-assam-violence-unwarranted-resurrected-panels-report/article70331447.ece
2025-11-27 23:43:36,114 - INFO - [The Hindu] Attempt 1/1: Trying with 'selenium_browser' strategy...
2025-11-27 23:43:37,938 - INFO - [Times of India] Page content loaded.
2025-11-27 23:43:38,087 - INFO - [Times of India] Success with 'selenium_browser'. Found content (405 words).
2025-11-27 23:43:38,153 - INFO - Duplicate article skipped: US CEO backs H-1B, says $100,000 fee will hurt economy: 'Immigrant workers have different skill sets' - The Times of India from Times of India
2025-11-27 23:43:38,274 - INFO - [The Hindu] Page content loaded.
2025-11-27 23:43:38,544 - INFO - [The Hindu] Success with 'selenium_browser'. Found content (896 words).
2025-11-27 23:43:38,654 - INFO - Duplicate article skipped: Communal tag on 1983 Assam violence unwarranted: Resurrected panel’s report - The Hindu from The Hindu
2025-11-27 23:43:38,863 - INFO - [Times of India] Article: https://timesofindia.indiatimes.com/world/us/who-is-joy-reid-tv-host-who-said-jd-vance-will-leave-brown-hindu-wife-usha-for-white-queen-erika-kirk/articleshow/125619706.cms
2025-11-27 23:43:38,864 - INFO - [Times of India] Attempt 1/1: Trying with 'selenium_browser' strategy...
2025-11-27 23:43:39,197 - INFO - [The Hindu] Article: https://www.thehindu.com/news/cities/mumbai/legal-notice-to-mumbai-police-for-failure-to-file-fir-against-bjp-city-president-for-hate-speech/article70330030.ece
2025-11-27 23:43:39,197 - INFO - [The Hindu] Attempt 1/1: Trying with 'selenium_browser' strategy...
2025-11-27 23:43:40,959 - INFO - [The Hindu] Page content loaded.
2025-11-27 23:43:41,060 - INFO - [The Hindu] Success with 'selenium_browser'. Found content (368 words).
2025-11-27 23:43:41,179 - INFO - Duplicate article skipped: Legal notice to Mumbai Police for failure to file FIR against BJP city president for hate speech - The Hindu from The Hindu
2025-11-27 23:43:41,955 - INFO - [The Hindu] Article: https://www.thehindu.com/news/national/odisha/orissa-hc-quashes-govt-order-allowing-mps-mlas-to-recommend-teachers-transfer/article70331238.ece
2025-11-27 23:43:41,956 - INFO - [The Hindu] Attempt 1/1: Trying with 'selenium_browser' strategy...
2025-11-27 23:43:42,061 - INFO - [Times of India] Page content loaded.
2025-11-27 23:43:43,014 - INFO - [Times of India] Success with 'selenium_browser'. Found content (300 words).
2025-11-27 23:43:43,137 - INFO - Duplicate article skipped: Who is Joy Reid? TV host who said JD Vance will leave ‘brown Hindu wife’ Usha for ‘white queen’ Erika Kirk - The Times of India from Times of India
2025-11-27 23:43:43,604 - INFO - [The Hindu] Page content loaded.
2025-11-27 23:43:43,711 - INFO - [The Hindu] Success with 'selenium_browser'. Found content (309 words).
2025-11-27 23:43:43,861 - INFO - [Times of India] Article: https://timesofindia.indiatimes.com/world/us/reckless-and-criminal-another-indian-origin-truck-driver-sukhjinder-singh-in-ice-custody-months-after-fatal-crash-in-west-virginia/articleshow/125619484.cms
2025-11-27 23:43:43,862 - INFO - [Times of India] Attempt 1/1: Trying with 'selenium_browser' strategy...
2025-11-27 23:43:43,898 - INFO - Duplicate article skipped: Orissa HC quashes govt order allowing MPs, MLAs to recommend teachers’ transfer - The Hindu from The Hindu
2025-11-27 23:43:44,429 - INFO - [The Hindu] Article: https://www.thehindu.com/news/national/jammu-and-kashmir/journalists-house-demolished-in-jammupdp-cpim-condemn-move/article70331945.ece
2025-11-27 23:43:44,429 - INFO - [The Hindu] Attempt 1/1: Trying with 'selenium_browser' strategy...
2025-11-27 23:43:45,197 - INFO - [Times of India] Page content loaded.
2025-11-27 23:43:45,380 - INFO - [Times of India] Success with 'selenium_browser'. Found content (315 words).
2025-11-27 23:43:45,491 - INFO - Duplicate article skipped: 'Reckless and criminal': Another Indian-origin truck driver Sukhjinder Singh in ICE custody, months after fatal crash in West Virginia - The Times of India from Times of India
2025-11-27 23:43:46,626 - INFO - [Times of India] Article: https://timesofindia.indiatimes.com/world/us-streamers/candace-owens-raises-new-questions-as-she-seeks-footage-of-egyptians-she-claims-came-to-provo-before-charlie-kirks-death/articleshow/125619370.cms
2025-11-27 23:43:46,627 - INFO - [Times of India] Attempt 1/1: Trying with 'selenium_browser' strategy...
2025-11-27 23:43:47,687 - INFO - [The Hindu] Page content loaded.
2025-11-27 23:43:47,974 - INFO - [The Hindu] Success with 'selenium_browser'. Found content (369 words).
2025-11-27 23:43:48,128 - INFO - Duplicate article skipped: Journalist’s house demolished in Jammu; PDP, CPI(M) condemn move - The Hindu from The Hindu
2025-11-27 23:43:48,864 - INFO - [Times of India] Page content loaded.
2025-11-27 23:43:49,019 - INFO - [Times of India] Success with 'selenium_browser'. Found content (451 words).
2025-11-27 23:43:49,301 - INFO - Duplicate article skipped: Candace Owens raises new questions as she seeks footage of Egyptians she claims came to Provo before Charlie Kirk’s death - The Times of India from Times of India
2025-11-27 23:43:49,616 - INFO - [The Hindu] Article: https://www.thehindu.com/news/national/rajasthan/rajasthan-taking-steps-to-bring-excess-yamuna-waters-during-monsoon/article70330938.ece
2025-11-27 23:43:49,616 - INFO - [The Hindu] Attempt 1/1: Trying with 'selenium_browser' strategy...
2025-11-27 23:43:50,641 - INFO - [Times of India] Article: https://timesofindia.indiatimes.com/world/us/h-1b-row-what-is-project-firewall-initiative-warns-companies-to-hire-americans-first-or-face-penalties-for-favouring-foreigners/articleshow/125618445.cms
2025-11-27 23:43:50,641 - INFO - [Times of India] Attempt 1/1: Trying with 'selenium_browser' strategy...
2025-11-27 23:43:52,677 - INFO - [The Hindu] Page content loaded.
2025-11-27 23:43:52,837 - INFO - [The Hindu] Success with 'selenium_browser'. Found content (344 words).
2025-11-27 23:43:52,989 - INFO - Duplicate article skipped: Rajasthan taking steps to bring excess Yamuna waters during monsoon - The Hindu from The Hindu
2025-11-27 23:43:53,453 - INFO - [Times of India] Page content loaded.
2025-11-27 23:43:53,632 - INFO - [Times of India] Success with 'selenium_browser'. Found content (382 words).
2025-11-27 23:43:54,460 - INFO - [The Hindu] Article: https://www.thehindu.com/news/cities/kolkata/living-in-fear-transpersons-fear-being-struck-off-voter-rolls-amid-sir/article70332207.ece
2025-11-27 23:43:54,461 - INFO - [The Hindu] Attempt 1/1: Trying with 'selenium_browser' strategy...
2025-11-27 23:43:58,653 - INFO - [The Hindu] Page content loaded.
2025-11-27 23:43:58,879 - INFO - [The Hindu] Success with 'selenium_browser'. Found content (538 words).
2025-11-27 23:44:13,186 - INFO - Saved article: H-1B row: What is Project Firewall? Initiative warns companies to hire Americans first or face penalties for favouring foreigners - The Times of India from Times of India
2025-11-27 23:44:13,186 - INFO - Duplicate article skipped: ‘Living in fear’: transpersons fear being struck off voter rolls amid SIR - The Hindu from The Hindu
2025-11-27 23:44:13,807 - INFO - [Times of India] Article: https://timesofindia.indiatimes.com/world/rest-of-world/a-long-fight-southeast-asia-battles-with-widespread-flooding-over-80-dead-in-thailand-hundreds-missing-in-sumatra/articleshow/125618472.cms
2025-11-27 23:44:13,807 - INFO - [Times of India] Attempt 1/1: Trying with 'selenium_browser' strategy...
2025-11-27 23:44:14,608 - INFO - [The Hindu] Article: https://www.thehindu.com/news/national/telangana/telangana-food-safety-officials-flag-compliance-issues-by-e-commerce-players/article70331881.ece
2025-11-27 23:44:14,609 - INFO - [The Hindu] Attempt 1/1: Trying with 'selenium_browser' strategy...
2025-11-27 23:44:15,180 - INFO - [Times of India] Page content loaded.
2025-11-27 23:44:15,337 - INFO - [Times of India] Success with 'selenium_browser'. Found content (318 words).
2025-11-27 23:44:15,417 - INFO - Duplicate article skipped: ‘A long fight’: Southeast Asia battles with widespread flooding; over 80 dead in Thailand, hundreds missing in Sumatra - The Times of India from Times of India
2025-11-27 23:44:15,426 - INFO - [The Hindu] Page content loaded.
2025-11-27 23:44:15,493 - INFO - [The Hindu] Success with 'selenium_browser'. Found content (282 words).
2025-11-27 23:44:15,582 - INFO - Duplicate article skipped: Telangana food safety officials flag compliance issues by e-commerce players - The Hindu from The Hindu
2025-11-27 23:44:15,951 - INFO - [Times of India] Article: https://timesofindia.indiatimes.com/world/europe/-nuclear-race-putin-warns-to-be-ready-for-any-development-says-can-discuss-stability-with-us/articleshow/125618376.cms
2025-11-27 23:44:15,952 - INFO - [Times of India] Attempt 1/1: Trying with 'selenium_browser' strategy...
2025-11-27 23:44:16,119 - INFO - [The Hindu] Article: https://www.thehindu.com/news/national/west-bengal/sukanta-majumdar-faces-protests-at-diamond-harbour-blames-it-on-trinamool-congress/article70330604.ece
2025-11-27 23:44:16,119 - INFO - [The Hindu] Attempt 1/1: Trying with 'selenium_browser' strategy...
2025-11-27 23:44:16,979 - INFO - [The Hindu] Page content loaded.
2025-11-27 23:44:17,196 - INFO - [The Hindu] Success with 'selenium_browser'. Found content (414 words).
2025-11-27 23:44:17,307 - INFO - Duplicate article skipped: Sukanta Majumdar faces protests at Diamond Harbour, blames it on Trinamool Congress - The Hindu from The Hindu
2025-11-27 23:44:17,684 - INFO - [Times of India] Page content loaded.
2025-11-27 23:44:17,989 - INFO - [Times of India] Success with 'selenium_browser'. Found content (457 words).
2025-11-27 23:44:18,174 - INFO - Duplicate article skipped: Nuclear race: Putin warns to be ‘ready for any development’, says can discuss stability with US - The Times of India from Times of India
2025-11-27 23:44:18,475 - INFO - [The Hindu] Article: https://www.thehindu.com/news/cities/Delhi/police-nab-member-of-himanshu-bhau-gang-after-exchange-of-fire/article70331778.ece
2025-11-27 23:44:18,475 - INFO - [The Hindu] Attempt 1/1: Trying with 'selenium_browser' strategy...
2025-11-27 23:44:19,173 - INFO - [Times of India] Article: https://timesofindia.indiatimes.com/world/china/hong-kong-fire-tragedy-toll-rises-to-65-flames-still-visible-on-day-2-3-suspects-held-for-manslaughter/articleshow/125616201.cms
2025-11-27 23:44:19,173 - INFO - [Times of India] Attempt 1/1: Trying with 'selenium_browser' strategy...
2025-11-27 23:44:19,696 - INFO - [The Hindu] Page content loaded.
2025-11-27 23:44:20,031 - INFO - [The Hindu] Success with 'selenium_browser'. Found content (282 words).
2025-11-27 23:44:20,149 - INFO - Duplicate article skipped: Police nab member of Himanshu Bhau gang after exchange of fire - The Hindu from The Hindu
2025-11-27 23:44:21,111 - INFO - [Times of India] Page content loaded.
2025-11-27 23:44:21,226 - INFO - [Times of India] Success with 'selenium_browser'. Found content (575 words).
2025-11-27 23:44:21,284 - INFO - Duplicate article skipped: Hong Kong fire tragedy: Toll rises to 83, flames still visible on Day 2; 3 suspects held for manslaughter - The Times of India from Times of India
2025-11-27 23:44:21,447 - INFO - [The Hindu] Article: https://www.thehindu.com/news/national/tamil-nadu/farmer-held-for-possession-of-country-made-guns/article70331050.ece
2025-11-27 23:44:21,447 - INFO - [The Hindu] Attempt 1/1: Trying with 'selenium_browser' strategy...
2025-11-27 23:44:22,674 - INFO - [Times of India] Article: https://timesofindia.indiatimes.com/world/us/desi-maga-backer-who-is-nalin-haley-son-of-indian-origin-ex-us-ambassador-taking-on-vivek-ramaswamy/articleshow/125613970.cms
2025-11-27 23:44:22,674 - INFO - [Times of India] Attempt 1/1: Trying with 'selenium_browser' strategy...
2025-11-27 23:44:22,689 - INFO - [The Hindu] Page content loaded.
2025-11-27 23:44:22,827 - INFO - [The Hindu] Success with 'selenium_browser'. Found content (179 words).
2025-11-27 23:44:22,942 - INFO - Duplicate article skipped: Farmer held for possession of country-made guns - The Hindu from The Hindu
2025-11-27 23:44:24,119 - INFO - [The Hindu] Article: https://www.thehindu.com/news/national/karnataka/hcl-to-hold-its-maiden-cyclothon-in-bengaluru-on-nice-road/article70331902.ece
2025-11-27 23:44:24,119 - INFO - [The Hindu] Attempt 1/1: Trying with 'selenium_browser' strategy...
2025-11-27 23:44:25,263 - INFO - [Times of India] Page content loaded.
2025-11-27 23:44:25,414 - INFO - [Times of India] Success with 'selenium_browser'. Found content (474 words).
2025-11-27 23:44:25,501 - INFO - Duplicate article skipped: Desi MAGA backer: Who is Nalin Haley? Son of Indian-origin ex-US ambassador taking on Vivek Ramaswamy - The Times of India from Times of India
2025-11-27 23:44:25,650 - INFO - [The Hindu] Page content loaded.
2025-11-27 23:44:25,900 - INFO - [The Hindu] Success with 'selenium_browser'. Found content (279 words).
2025-11-27 23:44:26,020 - INFO - Duplicate article skipped: HCL to hold its maiden cyclothon in Bengaluru on NICE Road - The Hindu from The Hindu
2025-11-27 23:44:26,823 - INFO - [Times of India] Article: https://timesofindia.indiatimes.com/world/us-streamers/was-kyle-divine-arrested-strong-rumors-rise-as-kaizendiygym-influencer-faces-troubling-stepdaughter-accusations/articleshow/125618251.cms
2025-11-27 23:44:26,824 - INFO - [Times of India] Attempt 1/1: Trying with 'selenium_browser' strategy...
2025-11-27 23:44:27,093 - INFO - [The Hindu] (Thread) Finished. Attempting to shut down its Selenium driver.
2025-11-27 23:44:27,367 - INFO - [The Hindu] (Thread) driver.quit() successful.
2025-11-27 23:44:29,020 - INFO - [Times of India] Page content loaded.
2025-11-27 23:44:29,119 - INFO - [Times of India] Success with 'selenium_browser'. Found content (374 words).
2025-11-27 23:44:29,371 - INFO - Duplicate article skipped: Was Kyle Divine arrested? Strong rumors rise as KaizenDIYGym influencer faces troubling stepdaughter accusations - The Times of India from Times of India
2025-11-27 23:44:30,350 - INFO - [Times of India] Article: https://timesofindia.indiatimes.com/world/us/if-you-dont-love-the-country-stephen-millers-chilling-warning-after-dc-shooting-on-what-will-happen-to-immigrants/articleshow/125618128.cms
2025-11-27 23:44:30,350 - INFO - [Times of India] Attempt 1/1: Trying with 'selenium_browser' strategy...
2025-11-27 23:44:32,332 - INFO - [Times of India] Page content loaded.
2025-11-27 23:44:32,438 - INFO - [Times of India] Success with 'selenium_browser'. Found content (331 words).
2025-11-27 23:44:32,496 - INFO - Duplicate article skipped: 'If you don't love the country...': Stephen Miller's chilling warning after DC shooting on what will happen to immigrants - The Times of India from Times of India
2025-11-27 23:44:33,950 - INFO - [Times of India] Article: https://timesofindia.indiatimes.com/world/us-streamers/publicly-retracting-their-statements-legal-mindset-sounds-alarm-bells-for-denims-and-frogan-as-ethan-klein-lawsuit-heats-up/articleshow/125616954.cms
2025-11-27 23:44:33,950 - INFO - [Times of India] Attempt 1/1: Trying with 'selenium_browser' strategy...
2025-11-27 23:44:35,597 - INFO - [Times of India] Page content loaded.
2025-11-27 23:44:35,716 - INFO - [Times of India] Success with 'selenium_browser'. Found content (391 words).
2025-11-27 23:44:35,773 - INFO - Duplicate article skipped: “Publicly retracting their statements”: Legal Mindset sounds alarm bells for Denims and Frogan as Ethan Klein lawsuit heats up - The Times of India from Times of India
2025-11-27 23:44:36,820 - INFO - [Times of India] (Thread) Finished. Attempting to shut down its Selenium driver.
2025-11-27 23:44:37,072 - INFO - [Times of India] (Thread) driver.quit() successful.
2025-11-27 23:44:37,072 - INFO - Shutting down thread pool (wait=False)...
2025-11-27 23:44:37,072 - INFO - Scraped: 0 The Guardian, 4 The Hindu, 1 Times of India, 0 BBC articles. (Total saved: 5)
2025-11-27 23:44:37,072 - INFO - --- Scraping job finished ---
2025-11-27 23:44:37,077 - INFO - --- Scraper service stopped and database connection closed. ---
2025-11-27 23:44:37,077 - INFO - --- Main thread finished. Forcing process exit to kill zombie threads. ---
