2025-11-30 06:36:33,889 - INFO - Loading AI Semantic Model (all-MiniLM-L6-v2)...
2025-11-30 06:36:33,890 - INFO - Use pytorch device_name: cpu
2025-11-30 06:36:33,890 - INFO - Load pretrained SentenceTransformer: all-MiniLM-L6-v2
2025-11-30 06:36:34,646 - INFO - AI Model loaded successfully.
2025-11-30 06:36:34,646 - INFO - Initializing database connection at: news_articles.db
2025-11-30 06:36:34,646 - INFO - --- Scraper service started (CI Mode: Run Once) ---
2025-11-30 06:36:34,646 - INFO - --- Starting new scraping job (Parallel Mode) ---
2025-11-30 06:36:34,646 - INFO - Creating new robust session with 3 retries on 5xx/connection/read errors.
2025-11-30 06:36:34,646 - INFO - Proxy is DISABLED.
2025-11-30 06:36:34,647 - INFO - Starting scrape for BBC RSS feed: http://feeds.bbci.co.uk/news/world/rss.xml
2025-11-30 06:36:34,648 - INFO - [Times of India] (Thread) requires Selenium. Initializing driver...
2025-11-30 06:36:34,648 - INFO - Initializing headless Selenium Chrome driver (using SeleniumManager)...
2025-11-30 06:36:34,648 - INFO - Starting scrape for The Guardian RSS feed: https://www.theguardian.com/world/rss
2025-11-30 06:36:34,650 - INFO - [The Hindu] (Thread) requires Selenium. Initializing driver...
2025-11-30 06:36:34,650 - INFO - Initializing headless Selenium Chrome driver (using SeleniumManager)...
2025-11-30 06:36:34,650 - INFO - Submitted 4 jobs to thread pool. Waiting up to 300s for completion...
2025-11-30 06:36:34,792 - INFO - Found 45 articles in The Guardian RSS feed. Processing up to 20.
2025-11-30 06:36:34,792 - INFO - [The Guardian] Article: https://www.theguardian.com/world/2025/nov/28/jacob-zuma-daughter-resigns-claims-south-africans-tricked-fight-russia
2025-11-30 06:36:34,792 - INFO - [The Guardian] Attempt 1/1: Trying with 'requests_browser' strategy...
2025-11-30 06:36:34,816 - INFO - [The Guardian] Success with 'requests_browser'. Found content (753 words).
2025-11-30 06:36:34,846 - INFO - Duplicate article skipped: Jacob Zuma’s daughter resigns amid claims South Africans tricked to fight for Russia | South Africa | The Guardian from The Guardian
2025-11-30 06:36:34,926 - INFO - Found 26 articles in BBC RSS feed. Processing up to 20.
2025-11-30 06:36:34,926 - INFO - [BBC] Article: https://www.bbc.com/news/articles/c741mpdyw9no?at_medium=RSS&at_campaign=rss
2025-11-30 06:36:34,926 - INFO - [BBC] Attempt 1/1: Trying with 'requests_browser' strategy...
2025-11-30 06:36:35,243 - INFO - [BBC] Success with 'requests_browser'. Found content (478 words).
2025-11-30 06:36:35,279 - INFO - Duplicate article skipped: Venezuela calls Trump airspace closure warning 'colonialist threat' from BBC
2025-11-30 06:36:35,811 - INFO - [BBC] Article: https://www.bbc.com/news/articles/c5y9ejley9do?at_medium=RSS&at_campaign=rss
2025-11-30 06:36:35,811 - INFO - [BBC] Attempt 1/1: Trying with 'requests_browser' strategy...
2025-11-30 06:36:35,834 - INFO - [The Guardian] Article: https://www.theguardian.com/environment/2025/nov/28/africa-forests-transformed-carbon-sink-carbon-source-study
2025-11-30 06:36:35,835 - INFO - [The Guardian] Attempt 1/1: Trying with 'requests_browser' strategy...
2025-11-30 06:36:35,844 - INFO - [BBC] Success with 'requests_browser'. Found content (659 words).
2025-11-30 06:36:35,879 - INFO - Duplicate article skipped: Hundreds dead and missing in flooding across southeast Asia from BBC
2025-11-30 06:36:35,888 - INFO - [The Guardian] Success with 'requests_browser'. Found content (458 words).
2025-11-30 06:36:35,920 - INFO - Duplicate article skipped: Africa’s forests transformed from carbon sink to carbon source, study finds | Climate crisis | The Guardian from The Guardian
2025-11-30 06:36:36,620 - INFO - [The Guardian] Article: https://www.theguardian.com/world/2025/nov/26/guinea-bissau-officers-take-total-control-close-borders-amid-election-chaos
2025-11-30 06:36:36,620 - INFO - [The Guardian] Attempt 1/1: Trying with 'requests_browser' strategy...
2025-11-30 06:36:36,640 - INFO - [The Guardian] Success with 'requests_browser'. Found content (412 words).
2025-11-30 06:36:36,670 - INFO - Duplicate article skipped: Guinea-Bissau military takes ‘total control’ amid election chaos | Guinea-Bissau | The Guardian from The Guardian
2025-11-30 06:36:37,224 - INFO - [BBC] Article: https://www.bbc.com/news/articles/cvg81p61dnmo?at_medium=RSS&at_campaign=rss
2025-11-30 06:36:37,224 - INFO - [BBC] Attempt 1/1: Trying with 'requests_browser' strategy...
2025-11-30 06:36:37,246 - INFO - [BBC] Success with 'requests_browser'. Found content (211 words).
2025-11-30 06:36:37,601 - INFO - [The Guardian] Article: https://www.theguardian.com/world/2025/nov/25/nigerian-schoolgirls-rescued-after-mass-abduction-in-kebbi
2025-11-30 06:36:37,601 - INFO - [The Guardian] Attempt 1/1: Trying with 'requests_browser' strategy...
2025-11-30 06:36:37,653 - INFO - [The Guardian] Success with 'requests_browser'. Found content (515 words).
2025-11-30 06:36:43,844 - INFO - Selenium driver initialized successfully.
2025-11-30 06:36:43,844 - INFO - Starting scrape for Times of India RSS feed: https://timesofindia.indiatimes.com/rssfeeds/296589292.cms
2025-11-30 06:36:43,846 - INFO - Selenium driver initialized successfully.
2025-11-30 06:36:43,846 - INFO - Starting scrape for The Hindu RSS feed: https://www.thehindu.com/news/national/feeder/default.rss
2025-11-30 06:36:44,208 - INFO - Found 100 articles in The Hindu RSS feed. Processing up to 20.
2025-11-30 06:36:44,209 - INFO - [The Hindu] Article: https://www.thehindu.com/news/national/parliament-winter-session-govt-to-push-reform-agenda-opposition-to-take-on-govt-over-sir/article70341138.ece
2025-11-30 06:36:44,209 - INFO - [The Hindu] Attempt 1/1: Trying with 'selenium_browser' strategy...
2025-11-30 06:36:44,281 - INFO - Found 20 articles in Times of India RSS feed. Processing up to 20.
2025-11-30 06:36:44,281 - INFO - [Times of India] Article: https://timesofindia.indiatimes.com/world/europe/swiss-vote-on-compulsory-civic-duty-climate-tax-for-super-rich/articleshow/125669403.cms
2025-11-30 06:36:44,282 - INFO - [Times of India] Attempt 1/1: Trying with 'selenium_browser' strategy...
2025-11-30 06:36:45,496 - INFO - Saved article: Four killed in shooting at child's birthday party in California from BBC
2025-11-30 06:36:45,496 - INFO - Duplicate article skipped: Nigerian schoolgirls rescued after mass abduction in Kebbi | Nigeria | The Guardian from The Guardian
2025-11-30 06:36:46,673 - INFO - [The Guardian] Article: https://www.theguardian.com/world/2025/nov/25/jacob-zuma-daughter-accused-tricking-men-fighting-for-russia-in-ukraine
2025-11-30 06:36:46,673 - INFO - [The Guardian] Attempt 1/1: Trying with 'requests_browser' strategy...
2025-11-30 06:36:46,707 - INFO - [The Guardian] Success with 'requests_browser'. Found content (656 words).
2025-11-30 06:36:46,791 - INFO - [BBC] Article: https://www.bbc.com/news/articles/cp9ky5z2gx0o?at_medium=RSS&at_campaign=rss
2025-11-30 06:36:46,791 - INFO - [BBC] Attempt 1/1: Trying with 'requests_browser' strategy...
2025-11-30 06:36:46,810 - INFO - Duplicate article skipped: Jacob Zuma’s daughter accused of tricking men into fighting for Russia in Ukraine | South Africa | The Guardian from The Guardian
2025-11-30 06:36:46,856 - INFO - [BBC] Success with 'requests_browser'. Found content (508 words).
2025-11-30 06:36:46,903 - INFO - Duplicate article skipped: Ukraine hits tankers in Black Sea in escalation against Russia from BBC
2025-11-30 06:36:47,451 - INFO - [BBC] Article: https://www.bbc.com/news/articles/cz0nljm4y74o?at_medium=RSS&at_campaign=rss
2025-11-30 06:36:47,452 - INFO - [BBC] Attempt 1/1: Trying with 'requests_browser' strategy...
2025-11-30 06:36:47,579 - INFO - [BBC] Success with 'requests_browser'. Found content (844 words).
2025-11-30 06:36:47,664 - INFO - Duplicate article skipped: Andriy Yermak: How Zelensky's right-hand man fell from power from BBC
2025-11-30 06:36:47,984 - INFO - [The Guardian] Article: https://www.theguardian.com/world/2025/nov/29/donald-trump-venezuela-airspace-closure
2025-11-30 06:36:47,984 - INFO - [The Guardian] Attempt 1/1: Trying with 'requests_browser' strategy...
2025-11-30 06:36:48,024 - INFO - [The Guardian] Success with 'requests_browser'. Found content (363 words).
2025-11-30 06:36:48,091 - INFO - Duplicate article skipped: Venezuela denounces ‘colonialist threat’ as Trump orders airspace closed | Venezuela | The Guardian from The Guardian
2025-11-30 06:36:49,160 - INFO - [BBC] Article: https://www.bbc.com/news/videos/cy5gn3vpxpno?at_medium=RSS&at_campaign=rss
2025-11-30 06:36:49,160 - INFO - [BBC] Attempt 1/1: Trying with 'requests_browser' strategy...
2025-11-30 06:36:49,393 - INFO - [BBC] Success with 'requests_browser'. Found content (102 words).
2025-11-30 06:36:49,408 - INFO - [The Guardian] Article: https://www.theguardian.com/us-news/2025/nov/29/pete-hegseth-denies-ordering-deaths-narco-boat
2025-11-30 06:36:49,408 - INFO - [The Guardian] Attempt 1/1: Trying with 'requests_browser' strategy...
2025-11-30 06:36:49,582 - INFO - Duplicate article skipped: Watch: Moment huge fireball destroys Sydney waste facility from BBC
2025-11-30 06:36:49,608 - INFO - [The Guardian] Success with 'requests_browser'. Found content (846 words).
2025-11-30 06:36:49,744 - INFO - Duplicate article skipped: Pete Hegseth denies he gave orders to ‘kill everybody’ on alleged ‘narco-boat’ | Pete Hegseth | The Guardian from The Guardian
2025-11-30 06:36:50,764 - INFO - [BBC] Article: https://www.bbc.com/news/articles/c8e97kl240lo?at_medium=RSS&at_campaign=rss
2025-11-30 06:36:50,764 - INFO - [BBC] Attempt 1/1: Trying with 'requests_browser' strategy...
2025-11-30 06:36:50,876 - INFO - [BBC] Success with 'requests_browser'. Found content (324 words).
2025-11-30 06:36:51,083 - INFO - Duplicate article skipped: More than 70,000 killed in Gaza since Israel offensive began, Hamas-run health ministry says from BBC
2025-11-30 06:36:51,145 - INFO - [The Guardian] Article: https://www.theguardian.com/world/2025/nov/29/uk-mps-extra-aid-humanitarian-visas-jamaica-hurricane-melissa-dawn-butler
2025-11-30 06:36:51,146 - INFO - [The Guardian] Attempt 1/1: Trying with 'requests_browser' strategy...
2025-11-30 06:36:51,258 - INFO - [The Guardian] Success with 'requests_browser'. Found content (873 words).
2025-11-30 06:36:51,311 - INFO - [The Hindu] Page content loaded.
2025-11-30 06:36:51,419 - INFO - Duplicate article skipped: UK MPs push for extra aid and visas as Jamaica reels from Hurricane Melissa | Jamaica | The Guardian from The Guardian
2025-11-30 06:36:51,586 - INFO - [The Hindu] Success with 'selenium_browser'. Found content (466 words).
2025-11-30 06:36:51,931 - INFO - [BBC] Article: https://www.bbc.com/news/articles/ce865kpdzz8o?at_medium=RSS&at_campaign=rss
2025-11-30 06:36:51,932 - INFO - [BBC] Attempt 1/1: Trying with 'requests_browser' strategy...
2025-11-30 06:36:52,103 - INFO - [BBC] Success with 'requests_browser'. Found content (356 words).
2025-11-30 06:36:52,190 - INFO - [The Guardian] Article: https://www.theguardian.com/us-news/2025/nov/28/trump-pardon-honduras-hernandez-drugs
2025-11-30 06:36:52,190 - INFO - [The Guardian] Attempt 1/1: Trying with 'requests_browser' strategy...
2025-11-30 06:36:52,522 - INFO - [The Guardian] Success with 'requests_browser'. Found content (558 words).
2025-11-30 06:37:08,049 - INFO - Saved article: Parliament Winter session: Govt to push reform agenda, Opposition to take on govt over SIR - The Hindu from The Hindu
2025-11-30 06:37:08,049 - INFO - Duplicate article skipped: Australian prime minister Albanese becomes first to wed in office from BBC
2025-11-30 06:37:08,050 - INFO - Duplicate article skipped: Trump to pardon ex-Honduras leader serving drug trafficking sentence in US | Donald Trump | The Guardian from The Guardian
2025-11-30 06:37:08,622 - INFO - [The Guardian] Article: https://www.theguardian.com/us-news/2025/nov/28/college-student-deported-boston-flight-thanksgiving
2025-11-30 06:37:08,622 - INFO - [The Guardian] Attempt 1/1: Trying with 'requests_browser' strategy...
2025-11-30 06:37:08,644 - INFO - [The Guardian] Success with 'requests_browser'. Found content (274 words).
2025-11-30 06:37:08,659 - INFO - [The Hindu] Article: https://www.thehindu.com/news/national/tamil-nadu/cyclone-ditwah-woman-dies-three-injured-in-wall-collapse-near-kumbakonam-in-tn/article70341119.ece
2025-11-30 06:37:08,664 - INFO - [The Hindu] Attempt 1/1: Trying with 'selenium_browser' strategy...
2025-11-30 06:37:08,681 - INFO - Duplicate article skipped: College student deported when flying home for Thanksgiving, despite court order | ICE (US Immigration and Customs Enforcement) | The Guardian from The Guardian
2025-11-30 06:37:09,385 - INFO - [BBC] Article: https://www.bbc.com/news/articles/cp39yw120kdo?at_medium=RSS&at_campaign=rss
2025-11-30 06:37:09,385 - INFO - [BBC] Attempt 1/1: Trying with 'requests_browser' strategy...
2025-11-30 06:37:09,420 - INFO - [BBC] Success with 'requests_browser'. Found content (376 words).
2025-11-30 06:37:09,462 - INFO - Duplicate article skipped: The Wiggles issue statement after appearing in Ecstasy music video from BBC
2025-11-30 06:37:09,602 - INFO - [The Guardian] Article: https://www.theguardian.com/world/2025/nov/30/japan-one-piece-singer-maki-otsuki-stopped-mid-performance-as-japan-china-relations-sour
2025-11-30 06:37:09,602 - INFO - [The Guardian] Attempt 1/1: Trying with 'requests_browser' strategy...
2025-11-30 06:37:09,634 - INFO - [The Guardian] Success with 'requests_browser'. Found content (310 words).
2025-11-30 06:37:09,693 - INFO - [The Hindu] Page content loaded.
2025-11-30 06:37:09,941 - INFO - [The Hindu] Success with 'selenium_browser'. Found content (207 words).
2025-11-30 06:37:10,792 - INFO - [BBC] Article: https://www.bbc.com/news/articles/c4gp917zr8no?at_medium=RSS&at_campaign=rss
2025-11-30 06:37:10,792 - INFO - [BBC] Attempt 1/1: Trying with 'requests_browser' strategy...
2025-11-30 06:37:10,873 - INFO - [BBC] Success with 'requests_browser'. Found content (355 words).
2025-11-30 06:37:18,884 - INFO - Saved article: Japan ‘One Piece’ singer stopped mid-performance as Japan-China relations sour | Japan | The Guardian from The Guardian
2025-11-30 06:37:19,822 - INFO - [The Guardian] Article: https://www.theguardian.com/us-news/ng-interactive/2025/nov/30/all-the-presidents-millions-how-the-trumps-are-turning-the-presidency-into-riches
2025-11-30 06:37:19,822 - INFO - [The Guardian] Attempt 1/1: Trying with 'requests_browser' strategy...
2025-11-30 06:37:19,879 - INFO - [The Guardian] Success with 'requests_browser'. Found content (2453 words).
2025-11-30 06:37:27,716 - INFO - Saved article: Cyclone Ditwah: Young woman dies, three injured in wall collapse near Tamil Nadu's Kumbakonam - The Hindu from The Hindu
2025-11-30 06:37:27,717 - INFO - Duplicate article skipped: Pope Leo visits Istanbul's Blue Mosque from BBC
2025-11-30 06:37:28,339 - INFO - [The Hindu] Article: https://www.thehindu.com/news/national/uttarakhand/earthquake-of-magnitude-37-strikes-uttarakhands-chamoli-district/article70341126.ece
2025-11-30 06:37:28,339 - INFO - [The Hindu] Attempt 1/1: Trying with 'selenium_browser' strategy...
2025-11-30 06:37:29,035 - INFO - [BBC] Article: https://www.bbc.com/news/articles/c8dy9lne2plo?at_medium=RSS&at_campaign=rss
2025-11-30 06:37:29,035 - INFO - [BBC] Attempt 1/1: Trying with 'requests_browser' strategy...
2025-11-30 06:37:29,086 - INFO - [BBC] Success with 'requests_browser'. Found content (459 words).
2025-11-30 06:37:29,896 - INFO - [The Hindu] Page content loaded.
2025-11-30 06:37:29,980 - WARNING - [The Hindu] FAILED with 'selenium_browser' (content was too short: 75 words).
2025-11-30 06:37:29,980 - ERROR - [The Hindu] All scrape strategies failed for https://www.thehindu.com/news/national/uttarakhand/earthquake-of-magnitude-37-strikes-uttarakhands-chamoli-district/article70341126.ece. Falling back to RSS description.
2025-11-30 06:37:37,125 - INFO - Saved article: All the president’s millions: how the Trumps are turning the presidency into riches | Donald Trump | The Guardian from The Guardian
2025-11-30 06:37:37,125 - INFO - Duplicate article skipped: Three days of mourning begins after Hong Kong apartment fire from BBC
2025-11-30 06:37:38,010 - INFO - [BBC] Article: https://www.bbc.com/news/articles/cx2gylngx7go?at_medium=RSS&at_campaign=rss
2025-11-30 06:37:38,010 - INFO - [BBC] Attempt 1/1: Trying with 'requests_browser' strategy...
2025-11-30 06:37:38,064 - INFO - [BBC] Success with 'requests_browser'. Found content (625 words).
2025-11-30 06:37:38,594 - INFO - [The Guardian] Article: https://www.theguardian.com/news/2025/nov/30/anger-mounts-in-hong-kong-over-apartment-fires-as-beijing-warns-against-anti-china-disruptors
2025-11-30 06:37:38,594 - INFO - [The Guardian] Attempt 1/1: Trying with 'requests_browser' strategy...
2025-11-30 06:37:38,632 - INFO - [The Guardian] Success with 'requests_browser'. Found content (560 words).
2025-11-30 06:37:45,298 - INFO - Saved article: Uttarakhand: Earthquake of magnitude 3.7 strikes Chamoli from The Hindu
2025-11-30 06:37:45,299 - INFO - Duplicate article skipped: Russian strikes cause power outages for more than 600,000 in Ukraine from BBC
2025-11-30 06:37:45,299 - INFO - Duplicate article skipped: Anger mounts in Hong Kong over apartment fires as Beijing warns against ‘anti-China disruptors’ | Hong Kong apartment fires | The Guardian from The Guardian
2025-11-30 06:37:45,826 - INFO - [The Hindu] Article: https://www.thehindu.com/news/national/kerala/vacb-recommends-kerala-psc-to-conduct-aided-school-appointments-to-stop-corruption/article70341124.ece
2025-11-30 06:37:45,826 - INFO - [The Hindu] Attempt 1/1: Trying with 'selenium_browser' strategy...
2025-11-30 06:37:45,834 - INFO - [The Guardian] Article: https://www.theguardian.com/world/2025/nov/29/indonesia-and-thailand-flooding-death-toll-tops-350-as-rescuers-struggle-to-reach-worst-hit-areas
2025-11-30 06:37:45,834 - INFO - [The Guardian] Attempt 1/1: Trying with 'requests_browser' strategy...
2025-11-30 06:37:45,862 - INFO - [The Guardian] Success with 'requests_browser'. Found content (645 words).
2025-11-30 06:37:45,904 - INFO - Duplicate article skipped: At least 500 killed in south-east Asia floods and landslides | Indonesia | The Guardian from The Guardian
2025-11-30 06:37:46,410 - INFO - [The Guardian] Article: https://www.theguardian.com/news/2025/nov/29/hong-kong-begins-three-days-of-mourning-after-deadly-apartment-fires
2025-11-30 06:37:46,410 - INFO - [The Guardian] Attempt 1/1: Trying with 'requests_browser' strategy...
2025-11-30 06:37:46,445 - INFO - [The Guardian] Success with 'requests_browser'. Found content (679 words).
2025-11-30 06:37:46,481 - INFO - Duplicate article skipped: Hong Kong begins three days of mourning after deadly apartment fires | Hong Kong apartment fires | The Guardian from The Guardian
2025-11-30 06:37:46,529 - INFO - [The Hindu] Page content loaded.
2025-11-30 06:37:46,611 - INFO - [The Hindu] Success with 'selenium_browser'. Found content (390 words).
2025-11-30 06:37:46,707 - INFO - [BBC] Article: https://www.bbc.com/news/articles/c4gp9d28p74o?at_medium=RSS&at_campaign=rss
2025-11-30 06:37:46,713 - INFO - [BBC] Attempt 1/1: Trying with 'requests_browser' strategy...
2025-11-30 06:37:46,828 - INFO - [BBC] Success with 'requests_browser'. Found content (430 words).
2025-11-30 06:37:47,191 - INFO - [The Guardian] Article: https://www.theguardian.com/australia-news/live/2025/nov/30/australia-news-live-jetstar-flights-resume-anthony-albanese-sussan-ley-labor-part-coalition-melbourne-metro-tunnel-ntwnfb
2025-11-30 06:37:47,191 - INFO - [The Guardian] Attempt 1/1: Trying with 'requests_browser' strategy...
2025-11-30 06:37:47,884 - INFO - [The Guardian] Success with 'requests_browser'. Found content (2440 words).
2025-11-30 06:37:57,163 - INFO - Saved article: VACB recommends Kerala PSC to conduct aided-school appointments to stop corruption - The Hindu from The Hindu
2025-11-30 06:37:57,163 - INFO - Duplicate article skipped: Airbus: Flights resume as normal after software update warning from BBC
2025-11-30 06:37:57,164 - INFO - Duplicate article skipped: Ley says Coalition’s migration principles will include ‘issues around language and values’ – as it happened | Australia news | The Guardian from The Guardian
2025-11-30 06:37:57,746 - INFO - [BBC] Article: https://www.bbc.com/news/articles/cvgj9dd983xo?at_medium=RSS&at_campaign=rss
2025-11-30 06:37:57,746 - INFO - [BBC] Attempt 1/1: Trying with 'requests_browser' strategy...
2025-11-30 06:37:57,778 - INFO - [BBC] Success with 'requests_browser'. Found content (790 words).
2025-11-30 06:37:57,813 - INFO - Duplicate article skipped: Nigeria blames jihadist groups for wave of kidnappings but others accuse criminal gangs from BBC
2025-11-30 06:37:57,986 - INFO - [The Hindu] Article: https://www.thehindu.com/news/national/tamil-nadu/cyclone-ditwah-deputy-cm-udhayanidhi-reviews-emergency-measures-10-more-ndrf-teams-to-be-deployed-across-tn/article70340950.ece
2025-11-30 06:37:57,986 - INFO - [The Hindu] Attempt 1/1: Trying with 'selenium_browser' strategy...
2025-11-30 06:37:58,599 - INFO - [The Guardian] Article: https://www.theguardian.com/environment/2025/nov/30/rising-tide-protest-climate-activists-stop-three-ships-from-entering-worlds-largest-coal-port-in-newcastle
2025-11-30 06:37:58,599 - INFO - [The Guardian] Attempt 1/1: Trying with 'requests_browser' strategy...
2025-11-30 06:37:58,634 - INFO - [The Guardian] Success with 'requests_browser'. Found content (591 words).
2025-11-30 06:37:58,687 - INFO - Duplicate article skipped: Rising Tide protest: climate activists stop three ships from entering world’s largest coal port in Newcastle | Newcastle and the Hunter | The Guardian from The Guardian
2025-11-30 06:37:58,726 - INFO - [The Hindu] Page content loaded.
2025-11-30 06:37:58,740 - INFO - [BBC] Article: https://www.bbc.com/news/articles/c1kpm0rvxepo?at_medium=RSS&at_campaign=rss
2025-11-30 06:37:58,740 - INFO - [BBC] Attempt 1/1: Trying with 'requests_browser' strategy...
2025-11-30 06:37:58,793 - INFO - [BBC] Success with 'requests_browser'. Found content (557 words).
2025-11-30 06:37:58,862 - INFO - Duplicate article skipped: Trump says he will pardon ex-Honduras president convicted of drug trafficking from BBC
2025-11-30 06:37:58,906 - INFO - [The Hindu] Success with 'selenium_browser'. Found content (324 words).
2025-11-30 06:37:59,576 - INFO - [The Guardian] Article: https://www.theguardian.com/australia-news/2025/nov/30/couple-from-kazakhstan-allegedly-used-hidden-camera-and-earpieces-to-win-118m-from-sydneys-crown-casino
2025-11-30 06:37:59,576 - INFO - [The Guardian] Attempt 1/1: Trying with 'requests_browser' strategy...
2025-11-30 06:37:59,772 - INFO - [The Guardian] Success with 'requests_browser'. Found content (361 words).
2025-11-30 06:38:00,202 - INFO - [BBC] Article: https://www.bbc.com/news/articles/c4g6we59qe4o?at_medium=RSS&at_campaign=rss
2025-11-30 06:38:00,202 - INFO - [BBC] Attempt 1/1: Trying with 'requests_browser' strategy...
2025-11-30 06:38:00,271 - INFO - [BBC] Success with 'requests_browser'. Found content (1774 words).
2025-11-30 06:38:07,885 - INFO - DEDUPLICATION: Found match (Score: 0.76). Linking to Cluster ID: 0ea70551-74c8-4d4d-8e17-bd2ed0ae19ac
2025-11-30 06:38:07,887 - INFO - Saved article: Cyclone Ditwah: Deputy CM Udhayanidhi reviews emergency measures; 10 more NDRF teams to be deployed across T.N. - The Hindu from The Hindu
2025-11-30 06:38:07,887 - INFO - Duplicate article skipped: Couple from Kazakhstan allegedly used hidden camera and earpieces to win $1.18m from Sydney’s Crown casino | Gambling | The Guardian from The Guardian
2025-11-30 06:38:07,888 - INFO - Duplicate article skipped: Nigeria's kidnapping crisis: 'Too scared to speak' - villagers on living in the midst of bandits from BBC
2025-11-30 06:38:08,540 - INFO - [BBC] Article: https://www.bbc.com/news/articles/c2465lndrnno?at_medium=RSS&at_campaign=rss
2025-11-30 06:38:08,540 - INFO - [BBC] Attempt 1/1: Trying with 'requests_browser' strategy...
2025-11-30 06:38:08,663 - INFO - [BBC] Success with 'requests_browser'. Found content (1355 words).
2025-11-30 06:38:08,698 - INFO - Duplicate article skipped: Will new warning labels in Ireland turn people away from alcohol? from BBC
2025-11-30 06:38:09,094 - INFO - [The Hindu] Article: https://www.thehindu.com/news/national/delhi-police-files-fir-against-sonia-gandhi-rahul-gandhi-in-national-herald-case-on-ed-complaint/article70341043.ece
2025-11-30 06:38:09,094 - INFO - [The Hindu] Attempt 1/1: Trying with 'selenium_browser' strategy...
2025-11-30 06:38:09,210 - INFO - [The Guardian] Article: https://www.theguardian.com/australia-news/2025/nov/29/four-year-old-gus-lamont-disappeared-from-his-homestead-into-the-australian-outback-two-months-on-questions-remain
2025-11-30 06:38:09,210 - INFO - [The Guardian] Attempt 1/1: Trying with 'requests_browser' strategy...
2025-11-30 06:38:09,241 - INFO - [The Guardian] Success with 'requests_browser'. Found content (739 words).
2025-11-30 06:38:09,501 - INFO - Duplicate article skipped: Four-year-old Gus Lamont disappeared from his homestead into the Australian outback. Two months on, questions remain | South Australia | The Guardian from The Guardian
2025-11-30 06:38:10,188 - INFO - [BBC] Article: https://www.bbc.com/news/articles/cr435zp7wy5o?at_medium=RSS&at_campaign=rss
2025-11-30 06:38:10,188 - INFO - [BBC] Attempt 1/1: Trying with 'requests_browser' strategy...
2025-11-30 06:38:10,382 - INFO - [BBC] Success with 'requests_browser'. Found content (1177 words).
2025-11-30 06:38:10,441 - INFO - Duplicate article skipped: India freedom struggle: The hidden heroines found in long-lost photographs from BBC
2025-11-30 06:38:10,770 - INFO - [The Guardian] Article: https://www.theguardian.com/australia-news/2025/nov/30/new-behaviour-standards-are-in-place-for-parliament-but-crossbenchers-say-question-time-still-rife-with-bullying
2025-11-30 06:38:10,770 - INFO - [The Guardian] Attempt 1/1: Trying with 'requests_browser' strategy...
2025-11-30 06:38:10,891 - INFO - [The Guardian] Success with 'requests_browser'. Found content (843 words).
2025-11-30 06:38:10,967 - INFO - Duplicate article skipped: New behaviour standards are in place for parliament but crossbenchers say question time still rife with bullying | Australian politics | The Guardian from The Guardian
2025-11-30 06:38:11,538 - INFO - [BBC] Article: https://www.bbc.com/news/articles/c5yq6g1gv4jo?at_medium=RSS&at_campaign=rss
2025-11-30 06:38:11,538 - INFO - [BBC] Attempt 1/1: Trying with 'requests_browser' strategy...
2025-11-30 06:38:11,575 - INFO - [BBC] Success with 'requests_browser'. Found content (1317 words).
2025-11-30 06:38:11,627 - INFO - Duplicate article skipped: Israel Gaza war: Why I spend hours painstakingly repairing banknotes from BBC
2025-11-30 06:38:12,419 - INFO - [BBC] Article: https://www.bbc.com/news/articles/clyzdxyjx2eo?at_medium=RSS&at_campaign=rss
2025-11-30 06:38:12,419 - INFO - [BBC] Attempt 1/1: Trying with 'requests_browser' strategy...
2025-11-30 06:38:12,617 - INFO - [BBC] Success with 'requests_browser'. Found content (1524 words).
2025-11-30 06:38:12,656 - INFO - Duplicate article skipped: Are UK Christmas markets as good as German ones? Here's what we found from BBC
2025-11-30 06:38:13,445 - INFO - [The Hindu] Page content loaded.
2025-11-30 06:38:13,548 - INFO - [The Hindu] Success with 'selenium_browser'. Found content (678 words).
2025-11-30 06:38:13,609 - INFO - Duplicate article skipped: Delhi Police files FIR against Sonia Gandhi, Rahul Gandhi in National Herald case on ED complaint - The Hindu from The Hindu
2025-11-30 06:38:14,975 - INFO - [The Hindu] Article: https://www.thehindu.com/news/national/ladakh/ladakh-lieutenant-governors-residence-renamed-lok-niwas/article70341039.ece
2025-11-30 06:38:14,975 - INFO - [The Hindu] Attempt 1/1: Trying with 'selenium_browser' strategy...
2025-11-30 06:38:15,593 - INFO - [The Hindu] Page content loaded.
2025-11-30 06:38:15,738 - INFO - [The Hindu] Success with 'selenium_browser'. Found content (136 words).
2025-11-30 06:38:15,812 - INFO - Duplicate article skipped: Ladakh Lieutenant Governor’s residence renamed ‘Lok Niwas’ - The Hindu from The Hindu
2025-11-30 06:38:17,100 - INFO - [The Hindu] Article: https://www.thehindu.com/news/national/nda-passing-out-parade-2025-pune-admiral-dinesh-k-tripathi-november-30-2025/article70341053.ece
2025-11-30 06:38:17,100 - INFO - [The Hindu] Attempt 1/1: Trying with 'selenium_browser' strategy...
2025-11-30 06:38:17,823 - INFO - [The Hindu] Page content loaded.
2025-11-30 06:38:17,896 - INFO - [The Hindu] Success with 'selenium_browser'. Found content (390 words).
2025-11-30 06:38:17,966 - INFO - Duplicate article skipped: Technology our greatest future asset: Admiral Tripathi at NDA Passing Out Parade - The Hindu from The Hindu
2025-11-30 06:38:18,942 - INFO - [The Hindu] Article: https://www.thehindu.com/news/national/indias-population-to-stabilise-by-2080-due-to-dip-in-fertility-rate-iasp/article70341029.ece
2025-11-30 06:38:18,942 - INFO - [The Hindu] Attempt 1/1: Trying with 'selenium_browser' strategy...
2025-11-30 06:38:19,507 - INFO - [The Hindu] Page content loaded.
2025-11-30 06:38:19,547 - INFO - [The Hindu] Success with 'selenium_browser'. Found content (431 words).
2025-11-30 06:38:19,597 - INFO - Duplicate article skipped: India's population to stabilise by 2080 due to dip in fertility rate: IASP - The Hindu from The Hindu
2025-11-30 06:38:20,608 - INFO - [The Hindu] Article: https://www.thehindu.com/news/national/telangana/news-in-frames-threads-of-ancestry/article70340996.ece
2025-11-30 06:38:20,608 - INFO - [The Hindu] Attempt 1/1: Trying with 'selenium_browser' strategy...
2025-11-30 06:38:21,180 - INFO - [The Hindu] Page content loaded.
2025-11-30 06:38:21,257 - INFO - [The Hindu] Success with 'selenium_browser'. Found content (531 words).
2025-11-30 06:38:21,336 - INFO - Duplicate article skipped: News in Frames: Threads of ancestry - The Hindu from The Hindu
2025-11-30 06:38:22,093 - INFO - [The Hindu] Article: https://www.thehindu.com/news/cities/Delhi/mercedes-rams-into-people-near-vasant-kunj-delhi/article70340984.ece
2025-11-30 06:38:22,093 - INFO - [The Hindu] Attempt 1/1: Trying with 'selenium_browser' strategy...
2025-11-30 06:38:22,696 - INFO - [The Hindu] Page content loaded.
2025-11-30 06:38:22,766 - INFO - [The Hindu] Success with 'selenium_browser'. Found content (256 words).
2025-11-30 06:38:22,848 - INFO - Duplicate article skipped: One dead after car rams into three near mall in Delhi's Vasant Kunj; driver apprehended - The Hindu from The Hindu
2025-11-30 06:38:23,353 - INFO - [The Hindu] Article: https://www.thehindu.com/news/national/kerala/vacb-arrests-village-officer-on-charge-of-accepting-bribe/article70338966.ece
2025-11-30 06:38:23,354 - INFO - [The Hindu] Attempt 1/1: Trying with 'selenium_browser' strategy...
2025-11-30 06:38:24,076 - INFO - [The Hindu] Page content loaded.
2025-11-30 06:38:24,257 - INFO - [The Hindu] Success with 'selenium_browser'. Found content (94 words).
2025-11-30 06:38:24,324 - INFO - Duplicate article skipped: VACB arrests village officer on charge of accepting bribe - The Hindu from The Hindu
2025-11-30 06:38:25,052 - INFO - [The Hindu] Article: https://www.thehindu.com/news/national/rajasthan/couple-critical-after-being-set-on-fire-over-family-feud-in-jaipur-village/article70339195.ece
2025-11-30 06:38:25,052 - INFO - [The Hindu] Attempt 1/1: Trying with 'selenium_browser' strategy...
2025-11-30 06:38:25,627 - INFO - [The Hindu] Page content loaded.
2025-11-30 06:38:25,703 - INFO - [The Hindu] Success with 'selenium_browser'. Found content (166 words).
2025-11-30 06:38:25,775 - INFO - Duplicate article skipped: Couple critical after being set on fire over family feud in Jaipur village - The Hindu from The Hindu
2025-11-30 06:38:26,335 - INFO - [The Hindu] Article: https://www.thehindu.com/news/national/maharashtra/raj-thackeray-opposes-tree-felling-for-sadhu-gram-ahead-of-nashik-kumbh-mela/article70339170.ece
2025-11-30 06:38:26,335 - INFO - [The Hindu] Attempt 1/1: Trying with 'selenium_browser' strategy...
2025-11-30 06:38:26,855 - INFO - [The Hindu] Page content loaded.
2025-11-30 06:38:27,175 - INFO - [The Hindu] Success with 'selenium_browser'. Found content (440 words).
2025-11-30 06:38:27,241 - INFO - Duplicate article skipped: Raj Thackeray opposes tree felling for Sadhu Gram ahead of Nashik Kumbh Mela - The Hindu from The Hindu
2025-11-30 06:38:28,062 - INFO - [The Hindu] Article: https://www.thehindu.com/news/national/cyclone-ditwah-live-updates-rains-tamil-nadu-andhra-pradesh-sri-lanka-november-30-2025/article70340893.ece
2025-11-30 06:38:28,062 - INFO - [The Hindu] Attempt 1/1: Trying with 'selenium_browser' strategy...
2025-11-30 06:38:30,433 - INFO - [The Hindu] Page content loaded.
2025-11-30 06:38:30,551 - INFO - [The Hindu] Success with 'selenium_browser'. Found content (251 words).
2025-11-30 06:38:30,817 - INFO - Duplicate article skipped: Cyclone Ditwah LIVE updates: IMD issues yellow alert across various districts of T.N., Puducherry - The Hindu from The Hindu
2025-11-30 06:38:31,666 - INFO - [The Hindu] Article: https://www.thehindu.com/news/national/andhra-pradesh/g-sai-prasad-to-be-new-chief-secretary-of-ap/article70338961.ece
2025-11-30 06:38:31,666 - INFO - [The Hindu] Attempt 1/1: Trying with 'selenium_browser' strategy...
2025-11-30 06:38:32,247 - INFO - [The Hindu] Page content loaded.
2025-11-30 06:38:32,321 - INFO - [The Hindu] Success with 'selenium_browser'. Found content (172 words).
2025-11-30 06:38:32,392 - INFO - Duplicate article skipped: G. Sai Prasad to be new Chief Secretary of A.P. - The Hindu from The Hindu
2025-11-30 06:38:33,358 - INFO - [The Hindu] Article: https://www.thehindu.com/news/national/spotlight-on-the-women-capturing-indias-census-data/article70336151.ece
2025-11-30 06:38:33,358 - INFO - [The Hindu] Attempt 1/1: Trying with 'selenium_browser' strategy...
2025-11-30 06:38:34,038 - INFO - [The Hindu] Page content loaded.
2025-11-30 06:38:34,114 - INFO - [The Hindu] Success with 'selenium_browser'. Found content (1465 words).
2025-11-30 06:38:34,200 - INFO - Duplicate article skipped: The women capturing India’s Census data - The Hindu from The Hindu
2025-11-30 06:38:34,730 - INFO - [The Hindu] Article: https://www.thehindu.com/news/national/tamil-nadu/madras-university-approves-partial-withdrawal-of-funds/article70334937.ece
2025-11-30 06:38:34,730 - INFO - [The Hindu] Attempt 1/1: Trying with 'selenium_browser' strategy...
2025-11-30 06:38:35,167 - INFO - [The Hindu] Page content loaded.
2025-11-30 06:38:35,233 - INFO - [The Hindu] Success with 'selenium_browser'. Found content (426 words).
2025-11-30 06:38:35,307 - INFO - Duplicate article skipped: Madras University approves partial withdrawal of funds - The Hindu from The Hindu
2025-11-30 06:38:36,279 - INFO - [The Hindu] Article: https://www.thehindu.com/news/national/tamil-nadu/bawaria-gang-and-the-2005-murder-of-an-aiadmk-mla-in-tamil-nadu/article70338416.ece
2025-11-30 06:38:36,279 - INFO - [The Hindu] Attempt 1/1: Trying with 'selenium_browser' strategy...
2025-11-30 06:38:36,913 - INFO - [The Hindu] Page content loaded.
2025-11-30 06:38:36,984 - INFO - [The Hindu] Success with 'selenium_browser'. Found content (1699 words).
2025-11-30 06:38:37,064 - INFO - Duplicate article skipped: Bawaria gang and the 2005 murder of an AIADMK MLA in Tamil Nadu - The Hindu from The Hindu
2025-11-30 06:38:38,118 - INFO - [The Hindu] Article: https://www.thehindu.com/news/national/tamil-nadu/sekarbabu-reviews-progress-of-projects-in-north-chennai/article70338785.ece
2025-11-30 06:38:38,118 - INFO - [The Hindu] Attempt 1/1: Trying with 'selenium_browser' strategy...
2025-11-30 06:38:38,694 - INFO - [The Hindu] Page content loaded.
2025-11-30 06:38:38,757 - INFO - [The Hindu] Success with 'selenium_browser'. Found content (223 words).
2025-11-30 06:38:38,824 - INFO - Duplicate article skipped: Sekarbabu reviews progress of projects in north Chennai - The Hindu from The Hindu
2025-11-30 06:38:39,849 - INFO - [The Hindu] (Thread) Finished. Attempting to shut down its Selenium driver.
2025-11-30 06:38:39,979 - INFO - [The Hindu] (Thread) driver.quit() successful.
2025-11-30 06:38:44,311 - ERROR - [Times of India] Request failed for strategy 'selenium_browser' on URL https://timesofindia.indiatimes.com/world/europe/swiss-vote-on-compulsory-civic-duty-climate-tax-for-super-rich/articleshow/125669403.cms: HTTPConnectionPool(host='localhost', port=51927): Read timed out. (read timeout=120)
2025-11-30 06:38:44,311 - ERROR - [Times of India] All scrape strategies failed for https://timesofindia.indiatimes.com/world/europe/swiss-vote-on-compulsory-civic-duty-climate-tax-for-super-rich/articleshow/125669403.cms. Falling back to RSS description.
2025-11-30 06:38:53,145 - INFO - Saved article: Swiss vote on compulsory civic duty, climate tax for super-rich from Times of India
2025-11-30 06:38:53,766 - INFO - [Times of India] Article: https://timesofindia.indiatimes.com/world/us/irresponsible-dangerous-fda-memo-links-covid-shots-to-children-deaths-proposes-new-vaccine-rules/articleshow/125668221.cms
2025-11-30 06:38:53,766 - INFO - [Times of India] Attempt 1/1: Trying with 'selenium_browser' strategy...
2025-11-30 06:40:53,866 - ERROR - [Times of India] Request failed for strategy 'selenium_browser' on URL https://timesofindia.indiatimes.com/world/us/irresponsible-dangerous-fda-memo-links-covid-shots-to-children-deaths-proposes-new-vaccine-rules/articleshow/125668221.cms: HTTPConnectionPool(host='localhost', port=51927): Read timed out. (read timeout=120)
2025-11-30 06:40:53,866 - ERROR - [Times of India] All scrape strategies failed for https://timesofindia.indiatimes.com/world/us/irresponsible-dangerous-fda-memo-links-covid-shots-to-children-deaths-proposes-new-vaccine-rules/articleshow/125668221.cms. Falling back to RSS description.
2025-11-30 06:41:02,010 - INFO - Saved article: 'Irresponsible, dangerous': FDA memo links Covid shots to children deaths; proposes new vaccine rules from Times of India
2025-11-30 06:41:03,448 - INFO - [Times of India] Article: https://timesofindia.indiatimes.com/world/middle-east/uae-is-changing-key-tax-rules-from-january-2026-heres-what-it-means-for-you/articleshow/125668742.cms
2025-11-30 06:41:03,449 - INFO - [Times of India] Attempt 1/1: Trying with 'selenium_browser' strategy...
2025-11-30 06:41:34,651 - CRITICAL - --- TIMEOUT: 1 scrape jobs did not complete in 300s. ---
2025-11-30 06:41:34,651 - ERROR - A thread has timed out and will be abandoned.
2025-11-30 06:41:34,651 - INFO - Shutting down thread pool (wait=False)...
2025-11-30 06:41:34,651 - INFO - Scraped: 2 The Guardian, 5 The Hindu, 1 BBC, 1 Timed_Out_Jobs articles. (Total saved: 8)
2025-11-30 06:41:34,651 - INFO - --- Scraping job finished ---
2025-11-30 06:41:34,652 - INFO - --- Scraper service stopped and database connection closed. ---
2025-11-30 06:41:34,652 - INFO - --- Main thread finished. Forcing process exit to kill zombie threads. ---
