2025-11-29 05:44:23,058 - INFO - Loading AI Semantic Model (all-MiniLM-L6-v2)...
2025-11-29 05:44:23,058 - INFO - Use pytorch device_name: cpu
2025-11-29 05:44:23,058 - INFO - Load pretrained SentenceTransformer: all-MiniLM-L6-v2
2025-11-29 05:44:23,780 - INFO - AI Model loaded successfully.
2025-11-29 05:44:23,780 - INFO - Initializing database connection at: news_articles.db
2025-11-29 05:44:23,780 - INFO - --- Scraper service started (CI Mode: Run Once) ---
2025-11-29 05:44:23,780 - INFO - --- Starting new scraping job (Parallel Mode) ---
2025-11-29 05:44:23,780 - INFO - Creating new robust session with 3 retries on 5xx/connection/read errors.
2025-11-29 05:44:23,780 - INFO - Proxy is DISABLED.
2025-11-29 05:44:23,781 - INFO - Starting scrape for BBC RSS feed: http://feeds.bbci.co.uk/news/world/rss.xml
2025-11-29 05:44:23,782 - INFO - [Times of India] (Thread) requires Selenium. Initializing driver...
2025-11-29 05:44:23,782 - INFO - Initializing headless Selenium Chrome driver (using SeleniumManager)...
2025-11-29 05:44:23,782 - INFO - Starting scrape for The Guardian RSS feed: https://www.theguardian.com/world/rss
2025-11-29 05:44:23,784 - INFO - [The Hindu] (Thread) requires Selenium. Initializing driver...
2025-11-29 05:44:23,784 - INFO - Initializing headless Selenium Chrome driver (using SeleniumManager)...
2025-11-29 05:44:23,784 - INFO - Submitted 4 jobs to thread pool. Waiting up to 300s for completion...
2025-11-29 05:44:23,873 - INFO - Found 45 articles in The Guardian RSS feed. Processing up to 20.
2025-11-29 05:44:23,873 - INFO - [The Guardian] Article: https://www.theguardian.com/world/2025/nov/28/jacob-zuma-daughter-resigns-claims-south-africans-tricked-fight-russia
2025-11-29 05:44:23,873 - INFO - [The Guardian] Attempt 1/1: Trying with 'requests_browser' strategy...
2025-11-29 05:44:23,903 - INFO - [The Guardian] Success with 'requests_browser'. Found content (753 words).
2025-11-29 05:44:23,941 - INFO - Duplicate article skipped: Jacob Zuma’s daughter resigns amid claims South Africans tricked to fight for Russia | South Africa | The Guardian from The Guardian
2025-11-29 05:44:23,984 - INFO - Found 27 articles in BBC RSS feed. Processing up to 20.
2025-11-29 05:44:23,984 - INFO - [BBC] Article: https://www.bbc.com/news/articles/cdxweyy157go?at_medium=RSS&at_campaign=rss
2025-11-29 05:44:23,984 - INFO - [BBC] Attempt 1/1: Trying with 'requests_browser' strategy...
2025-11-29 05:44:24,404 - INFO - [BBC] Success with 'requests_browser'. Found content (1057 words).
2025-11-29 05:44:24,449 - INFO - Duplicate article skipped: US halts all asylum claim decisions in wake of National Guard shooting from BBC
2025-11-29 05:44:24,480 - INFO - [The Guardian] Article: https://www.theguardian.com/environment/2025/nov/28/africa-forests-transformed-carbon-sink-carbon-source-study
2025-11-29 05:44:24,480 - INFO - [The Guardian] Attempt 1/1: Trying with 'requests_browser' strategy...
2025-11-29 05:44:24,503 - INFO - [The Guardian] Success with 'requests_browser'. Found content (458 words).
2025-11-29 05:44:24,540 - INFO - Duplicate article skipped: Africa’s forests transformed from carbon sink to carbon source, study finds | Climate crisis | The Guardian from The Guardian
2025-11-29 05:44:25,631 - INFO - [BBC] Article: https://www.bbc.com/news/articles/cx2gylngx7go?at_medium=RSS&at_campaign=rss
2025-11-29 05:44:25,631 - INFO - [BBC] Attempt 1/1: Trying with 'requests_browser' strategy...
2025-11-29 05:44:25,659 - INFO - [BBC] Success with 'requests_browser'. Found content (405 words).
2025-11-29 05:44:25,693 - INFO - Duplicate article skipped: Russia-Ukraine war: Drone strikes hit Kyiv residential areas despite peace moves from BBC
2025-11-29 05:44:25,710 - INFO - [The Guardian] Article: https://www.theguardian.com/world/2025/nov/26/guinea-bissau-officers-take-total-control-close-borders-amid-election-chaos
2025-11-29 05:44:25,710 - INFO - [The Guardian] Attempt 1/1: Trying with 'requests_browser' strategy...
2025-11-29 05:44:25,731 - INFO - [The Guardian] Success with 'requests_browser'. Found content (412 words).
2025-11-29 05:44:25,768 - INFO - Duplicate article skipped: Guinea-Bissau military takes ‘total control’ amid election chaos | Guinea-Bissau | The Guardian from The Guardian
2025-11-29 05:44:26,610 - INFO - [The Guardian] Article: https://www.theguardian.com/world/2025/nov/25/nigerian-schoolgirls-rescued-after-mass-abduction-in-kebbi
2025-11-29 05:44:26,610 - INFO - [The Guardian] Attempt 1/1: Trying with 'requests_browser' strategy...
2025-11-29 05:44:26,637 - INFO - [The Guardian] Success with 'requests_browser'. Found content (515 words).
2025-11-29 05:44:26,679 - INFO - Duplicate article skipped: Nigerian schoolgirls rescued after mass abduction in Kebbi | Nigeria | The Guardian from The Guardian
2025-11-29 05:44:26,798 - INFO - [BBC] Article: https://www.bbc.com/news/articles/ckg9nd2wddno?at_medium=RSS&at_campaign=rss
2025-11-29 05:44:26,798 - INFO - [BBC] Attempt 1/1: Trying with 'requests_browser' strategy...
2025-11-29 05:44:26,985 - INFO - [BBC] Success with 'requests_browser'. Found content (929 words).
2025-11-29 05:44:27,021 - INFO - Duplicate article skipped: Zelensky's chief of staff Andriy Yermak resigns after anti-corruption raid from BBC
2025-11-29 05:44:27,601 - INFO - [The Guardian] Article: https://www.theguardian.com/world/2025/nov/25/jacob-zuma-daughter-accused-tricking-men-fighting-for-russia-in-ukraine
2025-11-29 05:44:27,601 - INFO - [The Guardian] Attempt 1/1: Trying with 'requests_browser' strategy...
2025-11-29 05:44:27,718 - INFO - [The Guardian] Success with 'requests_browser'. Found content (656 words).
2025-11-29 05:44:27,760 - INFO - Duplicate article skipped: Jacob Zuma’s daughter accused of tricking men into fighting for Russia in Ukraine | South Africa | The Guardian from The Guardian
2025-11-29 05:44:28,304 - INFO - [BBC] Article: https://www.bbc.com/news/articles/c79xd17dre3o?at_medium=RSS&at_campaign=rss
2025-11-29 05:44:28,304 - INFO - [BBC] Attempt 1/1: Trying with 'requests_browser' strategy...
2025-11-29 05:44:28,334 - INFO - [BBC] Success with 'requests_browser'. Found content (787 words).
2025-11-29 05:44:28,373 - INFO - Duplicate article skipped: Hong Kong tower blocks fire death toll rises to 128 from BBC
2025-11-29 05:44:28,753 - INFO - [The Guardian] Article: https://www.theguardian.com/us-news/2025/nov/28/trump-pardon-honduras-hernandez-drugs
2025-11-29 05:44:28,753 - INFO - [The Guardian] Attempt 1/1: Trying with 'requests_browser' strategy...
2025-11-29 05:44:28,774 - INFO - [The Guardian] Success with 'requests_browser'. Found content (560 words).
2025-11-29 05:44:28,809 - INFO - Duplicate article skipped: Trump to pardon ex-Honduras leader serving drug trafficking sentence in US | Donald Trump | The Guardian from The Guardian
2025-11-29 05:44:29,360 - INFO - [BBC] Article: https://www.bbc.com/news/articles/c1kpm0rvxepo?at_medium=RSS&at_campaign=rss
2025-11-29 05:44:29,360 - INFO - [BBC] Attempt 1/1: Trying with 'requests_browser' strategy...
2025-11-29 05:44:29,387 - INFO - [BBC] Success with 'requests_browser'. Found content (461 words).
2025-11-29 05:44:29,422 - INFO - Duplicate article skipped: Trump says he will pardon ex-Honduras president convicted of drug trafficking from BBC
2025-11-29 05:44:30,057 - INFO - [The Guardian] Article: https://www.theguardian.com/us-news/2025/nov/28/college-student-deported-boston-flight-thanksgiving
2025-11-29 05:44:30,057 - INFO - [The Guardian] Attempt 1/1: Trying with 'requests_browser' strategy...
2025-11-29 05:44:30,078 - INFO - [The Guardian] Success with 'requests_browser'. Found content (274 words).
2025-11-29 05:44:30,114 - INFO - Duplicate article skipped: College student deported when flying home for Thanksgiving, despite court order | ICE (US Immigration and Customs Enforcement) | The Guardian from The Guardian
2025-11-29 05:44:30,837 - INFO - [BBC] Article: https://www.bbc.com/news/articles/c058lny3pdqo?at_medium=RSS&at_campaign=rss
2025-11-29 05:44:30,837 - INFO - [BBC] Attempt 1/1: Trying with 'requests_browser' strategy...
2025-11-29 05:44:30,868 - INFO - [BBC] Success with 'requests_browser'. Found content (863 words).
2025-11-29 05:44:30,905 - INFO - Duplicate article skipped: Hungary's Orban defies EU partners and meets Putin again in Moscow from BBC
2025-11-29 05:44:30,988 - INFO - [The Guardian] Article: https://www.theguardian.com/world/2025/nov/28/quebec-prayer-law-canada
2025-11-29 05:44:30,988 - INFO - [The Guardian] Attempt 1/1: Trying with 'requests_browser' strategy...
2025-11-29 05:44:31,011 - INFO - [The Guardian] Success with 'requests_browser'. Found content (539 words).
2025-11-29 05:44:31,046 - INFO - Duplicate article skipped: Quebec to ban public prayer in sweeping new secularism law | Quebec | The Guardian from The Guardian
2025-11-29 05:44:31,518 - INFO - [BBC] Article: https://www.bbc.com/news/articles/cz0nlxlr87go?at_medium=RSS&at_campaign=rss
2025-11-29 05:44:31,518 - INFO - [BBC] Attempt 1/1: Trying with 'requests_browser' strategy...
2025-11-29 05:44:31,546 - INFO - [BBC] Success with 'requests_browser'. Found content (498 words).
2025-11-29 05:44:31,583 - INFO - Duplicate article skipped: Guinea-Bissau coup called a 'sham' by West African political figures from BBC
2025-11-29 05:44:31,762 - INFO - [The Guardian] Article: https://www.theguardian.com/world/2025/nov/28/haida-nation-mark-carney-pipe-dream-oil-energy
2025-11-29 05:44:31,762 - INFO - [The Guardian] Attempt 1/1: Trying with 'requests_browser' strategy...
2025-11-29 05:44:31,785 - INFO - [The Guardian] Success with 'requests_browser'. Found content (1103 words).
2025-11-29 05:44:31,821 - INFO - Duplicate article skipped: ‘Not going to happen’: First Nations threaten to end Carney’s pipe dream | Canada | The Guardian from The Guardian
2025-11-29 05:44:32,780 - INFO - [The Guardian] Article: https://www.theguardian.com/world/2025/nov/28/st-vincent-caribbean-opposition-party-celebrates-historic-election-win
2025-11-29 05:44:32,780 - INFO - [The Guardian] Attempt 1/1: Trying with 'requests_browser' strategy...
2025-11-29 05:44:32,803 - INFO - [The Guardian] Success with 'requests_browser'. Found content (609 words).
2025-11-29 05:44:32,838 - INFO - Duplicate article skipped: St Vincent opposition party celebrates historic election win | St Vincent and the Grenadines | The Guardian from The Guardian
2025-11-29 05:44:32,973 - INFO - [BBC] Article: https://www.bbc.com/news/articles/cp89k31krz4o?at_medium=RSS&at_campaign=rss
2025-11-29 05:44:32,973 - INFO - [BBC] Attempt 1/1: Trying with 'requests_browser' strategy...
2025-11-29 05:44:32,998 - INFO - [BBC] Success with 'requests_browser'. Found content (485 words).
2025-11-29 05:44:33,031 - INFO - Duplicate article skipped: Thirteen killed in deadliest Israeli raid for months in southern Syria from BBC
2025-11-29 05:44:33,474 - INFO - [The Guardian] Article: https://www.theguardian.com/news/2025/nov/29/hong-kong-begins-three-days-of-mourning-after-deadly-apartment-fires
2025-11-29 05:44:33,474 - INFO - [The Guardian] Attempt 1/1: Trying with 'requests_browser' strategy...
2025-11-29 05:44:33,503 - INFO - [The Guardian] Success with 'requests_browser'. Found content (679 words).
2025-11-29 05:44:33,538 - INFO - Duplicate article skipped: Hong Kong begins three days of mourning after deadly apartment fires | Hong Kong apartment fires | The Guardian from The Guardian
2025-11-29 05:44:33,632 - INFO - [BBC] Article: https://www.bbc.com/news/articles/c0l9z176lnlo?at_medium=RSS&at_campaign=rss
2025-11-29 05:44:33,632 - INFO - [BBC] Attempt 1/1: Trying with 'requests_browser' strategy...
2025-11-29 05:44:33,660 - INFO - [BBC] Success with 'requests_browser'. Found content (678 words).
2025-11-29 05:44:33,706 - INFO - Duplicate article skipped: Austrian nuns win reprieve in abandoned convent - if they stay off social media from BBC
2025-11-29 05:44:34,630 - INFO - Selenium driver initialized successfully.
2025-11-29 05:44:34,631 - INFO - Selenium driver initialized successfully.
2025-11-29 05:44:34,631 - INFO - Starting scrape for The Hindu RSS feed: https://www.thehindu.com/news/national/feeder/default.rss
2025-11-29 05:44:34,631 - INFO - Starting scrape for Times of India RSS feed: https://timesofindia.indiatimes.com/rssfeeds/296589292.cms
2025-11-29 05:44:34,731 - INFO - Found 20 articles in Times of India RSS feed. Processing up to 20.
2025-11-29 05:44:34,731 - INFO - [Times of India] Article: https://timesofindia.indiatimes.com/world/rest-of-world/hong-kong-fire-tragedy-were-authorities-alerted-long-before-key-details/articleshow/125650733.cms
2025-11-29 05:44:34,731 - INFO - [Times of India] Attempt 1/1: Trying with 'selenium_browser' strategy...
2025-11-29 05:44:34,763 - INFO - Found 100 articles in The Hindu RSS feed. Processing up to 20.
2025-11-29 05:44:34,763 - INFO - [The Hindu] Article: https://www.thehindu.com/news/national/karnataka/siddaramaiah-dks-breakfast-meet-updates/article70337638.ece
2025-11-29 05:44:34,763 - INFO - [The Hindu] Attempt 1/1: Trying with 'selenium_browser' strategy...
2025-11-29 05:44:34,775 - INFO - [The Guardian] Article: https://www.theguardian.com/news/2025/nov/28/hong-kong-apartment-fire-response-rescue-operations-death-toll
2025-11-29 05:44:34,776 - INFO - [The Guardian] Attempt 1/1: Trying with 'requests_browser' strategy...
2025-11-29 05:44:34,810 - INFO - [The Guardian] Success with 'requests_browser'. Found content (1000 words).
2025-11-29 05:44:34,853 - INFO - Duplicate article skipped: Rescue efforts end at Hong Kong tower block fire as death toll reaches 128 | Hong Kong apartment fires | The Guardian from The Guardian
2025-11-29 05:44:34,934 - INFO - [BBC] Article: https://www.bbc.com/news/articles/c0q5w8l88dvo?at_medium=RSS&at_campaign=rss
2025-11-29 05:44:34,934 - INFO - [BBC] Attempt 1/1: Trying with 'requests_browser' strategy...
2025-11-29 05:44:34,966 - INFO - [BBC] Success with 'requests_browser'. Found content (714 words).
2025-11-29 05:44:35,007 - INFO - Duplicate article skipped: Afghans in US issue plea to Trump after 'tragic' Washington DC shooting from BBC
2025-11-29 05:44:35,811 - INFO - [BBC] Article: https://www.bbc.com/news/articles/ckglrdg6kz7o?at_medium=RSS&at_campaign=rss
2025-11-29 05:44:35,811 - INFO - [BBC] Attempt 1/1: Trying with 'requests_browser' strategy...
2025-11-29 05:44:35,852 - INFO - [BBC] Success with 'requests_browser'. Found content (639 words).
2025-11-29 05:44:36,138 - INFO - Duplicate article skipped: UN panel says Israel operating 'de facto policy of torture' from BBC
2025-11-29 05:44:36,212 - INFO - [The Guardian] Article: https://www.theguardian.com/news/2025/nov/28/hong-kong-community-groups-deliver-aid-to-survivors-of-wang-fuk-court-fire
2025-11-29 05:44:36,213 - INFO - [The Guardian] Attempt 1/1: Trying with 'requests_browser' strategy...
2025-11-29 05:44:36,263 - INFO - [The Guardian] Success with 'requests_browser'. Found content (687 words).
2025-11-29 05:44:36,336 - INFO - Duplicate article skipped: Hong Kong community groups deliver aid to survivors of Wang Fuk Court fire | Hong Kong apartment fires | The Guardian from The Guardian
2025-11-29 05:44:37,101 - INFO - [The Guardian] Article: https://www.theguardian.com/world/2025/nov/28/bear-attacks-man-public-toilet-japan
2025-11-29 05:44:37,101 - INFO - [The Guardian] Attempt 1/1: Trying with 'requests_browser' strategy...
2025-11-29 05:44:37,260 - INFO - [The Guardian] Success with 'requests_browser'. Found content (373 words).
2025-11-29 05:44:37,383 - INFO - Duplicate article skipped: Bear attacks man in public toilet in Japan | Japan | The Guardian from The Guardian
2025-11-29 05:44:37,584 - INFO - [The Hindu] Page content loaded.
2025-11-29 05:44:37,631 - INFO - [BBC] Article: https://www.bbc.com/news/articles/cx2dndy228xo?at_medium=RSS&at_campaign=rss
2025-11-29 05:44:37,634 - INFO - [BBC] Attempt 1/1: Trying with 'requests_browser' strategy...
2025-11-29 05:44:37,811 - INFO - [BBC] Success with 'requests_browser'. Found content (1379 words).
2025-11-29 05:44:37,904 - INFO - [The Hindu] Success with 'selenium_browser'. Found content (400 words).
2025-11-29 05:44:37,940 - INFO - [The Guardian] Article: https://www.theguardian.com/world/2025/nov/28/china-civil-service-exam-age-limit-changed
2025-11-29 05:44:37,940 - INFO - [The Guardian] Attempt 1/1: Trying with 'requests_browser' strategy...
2025-11-29 05:44:38,113 - INFO - Duplicate article skipped: Duduzile Zuma-Sambudla resigns as South African MP over Russia mercenary recruitment scandal from BBC
2025-11-29 05:44:38,157 - INFO - [The Guardian] Success with 'requests_browser'. Found content (763 words).
2025-11-29 05:44:38,753 - INFO - [BBC] Article: https://www.bbc.com/news/articles/c0q5w13e58zo?at_medium=RSS&at_campaign=rss
2025-11-29 05:44:38,753 - INFO - [BBC] Attempt 1/1: Trying with 'requests_browser' strategy...
2025-11-29 05:44:38,887 - INFO - [BBC] Success with 'requests_browser'. Found content (422 words).
2025-11-29 05:45:04,639 - INFO - DEDUPLICATION: Found match (Score: 0.76). Linking to Cluster ID: a342a043-1598-4dea-81d5-bd2b46285542
2025-11-29 05:45:04,641 - INFO - Saved article: Karnataka leadership crisis: Siddaramaiah, D.K. Shivakumar meet over breakfast, hold talks - The Hindu from The Hindu
2025-11-29 05:45:04,642 - INFO - Duplicate article skipped: Millions in China cram for civil service exam and the hope of a job for life | China | The Guardian from The Guardian
2025-11-29 05:45:04,642 - INFO - Duplicate article skipped: Lightning detected on Mars by Nasa rover, scientists believe from BBC
2025-11-29 05:45:05,220 - INFO - [BBC] Article: https://www.bbc.com/news/articles/clyz7njqwvvo?at_medium=RSS&at_campaign=rss
2025-11-29 05:45:05,220 - INFO - [BBC] Attempt 1/1: Trying with 'requests_browser' strategy...
2025-11-29 05:45:05,246 - INFO - [BBC] Success with 'requests_browser'. Found content (345 words).
2025-11-29 05:45:05,283 - INFO - Duplicate article skipped: Japan's same-sex marriage ban is constitutional, says Tokyo court from BBC
2025-11-29 05:45:05,456 - INFO - [The Guardian] Article: https://www.theguardian.com/business/2025/nov/29/jetstar-cancel-domestic-flights-australia-global-airbus-a320-recall
2025-11-29 05:45:05,456 - INFO - [The Guardian] Attempt 1/1: Trying with 'requests_browser' strategy...
2025-11-29 05:45:05,575 - INFO - [The Guardian] Success with 'requests_browser'. Found content (808 words).
2025-11-29 05:45:05,640 - INFO - Duplicate article skipped: Jetstar cancels 90 domestic flights across Australia after global Airbus A320 recall | Airbus | The Guardian from The Guardian
2025-11-29 05:45:05,769 - INFO - [The Hindu] Article: https://www.thehindu.com/news/national/kerala/fire-breaks-out-at-baby-memorial-hospital-in-keralas-kozhikode/article70337655.ece
2025-11-29 05:45:05,769 - INFO - [The Hindu] Attempt 1/1: Trying with 'selenium_browser' strategy...
2025-11-29 05:45:06,391 - INFO - [BBC] Article: https://www.bbc.com/news/articles/c0r9qzrxdwwo?at_medium=RSS&at_campaign=rss
2025-11-29 05:45:06,391 - INFO - [BBC] Attempt 1/1: Trying with 'requests_browser' strategy...
2025-11-29 05:45:06,421 - INFO - [BBC] Success with 'requests_browser'. Found content (448 words).
2025-11-29 05:45:06,457 - INFO - Duplicate article skipped: Tunisia hands prison terms to dozens of opposition figures from BBC
2025-11-29 05:45:06,620 - INFO - [The Guardian] Article: https://www.theguardian.com/australia-news/2025/nov/28/virginia-giuffres-sons-deny-unsigned-document-is-their-mothers-will
2025-11-29 05:45:06,620 - INFO - [The Guardian] Attempt 1/1: Trying with 'requests_browser' strategy...
2025-11-29 05:45:06,776 - INFO - [The Guardian] Success with 'requests_browser'. Found content (777 words).
2025-11-29 05:45:06,890 - INFO - Duplicate article skipped: Virginia Giuffre’s sons deny unsigned document is their mother’s will | Western Australia | The Guardian from The Guardian
2025-11-29 05:45:07,638 - INFO - [BBC] Article: https://www.bbc.com/news/videos/cev8exezvw2o?at_medium=RSS&at_campaign=rss
2025-11-29 05:45:07,638 - INFO - [BBC] Attempt 1/1: Trying with 'requests_browser' strategy...
2025-11-29 05:45:07,717 - INFO - [BBC] Success with 'requests_browser'. Found content (89 words).
2025-11-29 05:45:07,783 - INFO - Duplicate article skipped: Pope Leo struggles to unveil plaque in Turkey from BBC
2025-11-29 05:45:07,887 - INFO - [The Guardian] Article: https://www.theguardian.com/australia-news/2025/nov/29/exclusive-gun-club-linked-to-andrew-hastie-awarded-almost-20000-in-government-grants
2025-11-29 05:45:07,887 - INFO - [The Guardian] Attempt 1/1: Trying with 'requests_browser' strategy...
2025-11-29 05:45:07,929 - INFO - [The Guardian] Success with 'requests_browser'. Found content (715 words).
2025-11-29 05:45:07,998 - INFO - Duplicate article skipped: Exclusive gun club linked to Andrew Hastie awarded almost $20,000 in government grants | Andrew Hastie | The Guardian from The Guardian
2025-11-29 05:45:08,595 - INFO - [BBC] Article: https://www.bbc.com/news/articles/cy7v6xl4me8o?at_medium=RSS&at_campaign=rss
2025-11-29 05:45:08,595 - INFO - [BBC] Attempt 1/1: Trying with 'requests_browser' strategy...
2025-11-29 05:45:08,707 - INFO - [BBC] Success with 'requests_browser'. Found content (1461 words).
2025-11-29 05:45:08,809 - INFO - Duplicate article skipped: Why the rich and powerful couldn't say no to Epstein from BBC
2025-11-29 05:45:09,121 - INFO - [The Guardian] Article: https://www.theguardian.com/australia-news/2025/nov/29/mineral-sunscreens-australia-identical-to-others
2025-11-29 05:45:09,121 - INFO - [The Guardian] Attempt 1/1: Trying with 'requests_browser' strategy...
2025-11-29 05:45:09,243 - INFO - [The Guardian] Success with 'requests_browser'. Found content (932 words).
2025-11-29 05:45:09,356 - INFO - Duplicate article skipped: ‘Mineral’ sunscreens marketed to Australians contain almost identical chemicals as others, testing shows | Consumer affairs | The Guardian from The Guardian
2025-11-29 05:45:09,757 - INFO - [BBC] Article: https://www.bbc.com/news/articles/c1dz36ep673o?at_medium=RSS&at_campaign=rss
2025-11-29 05:45:09,757 - INFO - [BBC] Attempt 1/1: Trying with 'requests_browser' strategy...
2025-11-29 05:45:09,893 - INFO - [BBC] Success with 'requests_browser'. Found content (1327 words).
2025-11-29 05:45:09,979 - INFO - Duplicate article skipped: Donald Trump pledges to tackle Sudan atrocities - what difference can he make? from BBC
2025-11-29 05:45:10,477 - INFO - [The Guardian] Article: https://www.theguardian.com/australia-news/2025/nov/28/bondi-junction-stabbings-joel-cauchi-inquest-drug-use
2025-11-29 05:45:10,481 - INFO - [The Guardian] Attempt 1/1: Trying with 'requests_browser' strategy...
2025-11-29 05:45:10,595 - INFO - [The Guardian] Success with 'requests_browser'. Found content (901 words).
2025-11-29 05:45:10,701 - INFO - [BBC] Article: https://www.bbc.com/news/articles/cn8e5j20g27o?at_medium=RSS&at_campaign=rss
2025-11-29 05:45:10,701 - INFO - [BBC] Attempt 1/1: Trying with 'requests_browser' strategy...
2025-11-29 05:45:11,390 - INFO - Duplicate article skipped: Bondi Junction stabbings: ‘10 seconds warning’ from security could have saved lives, inquest hears | Bondi Junction stabbings | The Guardian from The Guardian
2025-11-29 05:45:11,447 - INFO - [BBC] Success with 'requests_browser'. Found content (805 words).
2025-11-29 05:45:11,608 - INFO - Duplicate article skipped: Hong Kong fire: Anger and unanswered questions from BBC
2025-11-29 05:45:12,894 - INFO - [BBC] Article: https://www.bbc.com/news/articles/cly3e1261dko?at_medium=RSS&at_campaign=rss
2025-11-29 05:45:12,894 - INFO - [BBC] Attempt 1/1: Trying with 'requests_browser' strategy...
2025-11-29 05:45:12,929 - INFO - [BBC] Success with 'requests_browser'. Found content (1237 words).
2025-11-29 05:45:12,994 - INFO - Duplicate article skipped: How were Afghan evacuees vetted under Biden? from BBC
2025-11-29 05:46:34,831 - ERROR - [Times of India] Request failed for strategy 'selenium_browser' on URL https://timesofindia.indiatimes.com/world/rest-of-world/hong-kong-fire-tragedy-were-authorities-alerted-long-before-key-details/articleshow/125650733.cms: HTTPConnectionPool(host='localhost', port=51453): Read timed out. (read timeout=120)
2025-11-29 05:46:34,832 - ERROR - [Times of India] All scrape strategies failed for https://timesofindia.indiatimes.com/world/rest-of-world/hong-kong-fire-tragedy-were-authorities-alerted-long-before-key-details/articleshow/125650733.cms. Falling back to RSS description.
2025-11-29 05:46:34,832 - INFO - Duplicate article skipped: Hong Kong fire tragedy: Were authorities alerted long before? Key details from Times of India
2025-11-29 05:46:35,484 - INFO - [Times of India] Article: https://timesofindia.indiatimes.com/world/us/words-have-consequences-indiana-senator-to-vote-against-trump-over-slur-cites-daughters-down-syndrome/articleshow/125650276.cms
2025-11-29 05:46:35,484 - INFO - [Times of India] Attempt 1/1: Trying with 'selenium_browser' strategy...
2025-11-29 05:47:05,873 - ERROR - [The Hindu] Request failed for strategy 'selenium_browser' on URL https://www.thehindu.com/news/national/kerala/fire-breaks-out-at-baby-memorial-hospital-in-keralas-kozhikode/article70337655.ece: HTTPConnectionPool(host='localhost', port=44419): Read timed out. (read timeout=120)
2025-11-29 05:47:05,874 - ERROR - [The Hindu] All scrape strategies failed for https://www.thehindu.com/news/national/kerala/fire-breaks-out-at-baby-memorial-hospital-in-keralas-kozhikode/article70337655.ece. Falling back to RSS description.
2025-11-29 05:47:17,449 - INFO - Saved article: Fire breaks out at Baby Memorial hospital in Kerala’s Kozhikode from The Hindu
2025-11-29 05:47:18,138 - INFO - [The Hindu] Article: https://www.thehindu.com/news/cities/Delhi/delhi-breathes-very-poor-air-aqi-at-332/article70337582.ece
2025-11-29 05:47:18,138 - INFO - [The Hindu] Attempt 1/1: Trying with 'selenium_browser' strategy...
2025-11-29 05:48:35,585 - ERROR - [Times of India] Request failed for strategy 'selenium_browser' on URL https://timesofindia.indiatimes.com/world/us/words-have-consequences-indiana-senator-to-vote-against-trump-over-slur-cites-daughters-down-syndrome/articleshow/125650276.cms: HTTPConnectionPool(host='localhost', port=51453): Read timed out. (read timeout=120)
2025-11-29 05:48:35,585 - ERROR - [Times of India] All scrape strategies failed for https://timesofindia.indiatimes.com/world/us/words-have-consequences-indiana-senator-to-vote-against-trump-over-slur-cites-daughters-down-syndrome/articleshow/125650276.cms. Falling back to RSS description.
2025-11-29 05:48:35,586 - INFO - Duplicate article skipped: Indiana senator to vote against Trump over slur; cites daughter’s Down Syndrome from Times of India
2025-11-29 05:48:36,747 - INFO - [Times of India] Article: https://timesofindia.indiatimes.com/world/rest-of-world/hong-kong-tragedy-officials-declare-3-day-mourning-period-as-toll-hits-128-8-more-arrested-in-fire-case/articleshow/125650001.cms
2025-11-29 05:48:36,747 - INFO - [Times of India] Attempt 1/1: Trying with 'selenium_browser' strategy...
2025-11-29 05:49:18,226 - ERROR - [The Hindu] Request failed for strategy 'selenium_browser' on URL https://www.thehindu.com/news/cities/Delhi/delhi-breathes-very-poor-air-aqi-at-332/article70337582.ece: HTTPConnectionPool(host='localhost', port=44419): Read timed out. (read timeout=120)
2025-11-29 05:49:18,226 - ERROR - [The Hindu] All scrape strategies failed for https://www.thehindu.com/news/cities/Delhi/delhi-breathes-very-poor-air-aqi-at-332/article70337582.ece. Falling back to RSS description.
2025-11-29 05:49:18,226 - INFO - Duplicate article skipped: Delhi breathes ‘very poor’ air; AQI at 332 from The Hindu
2025-11-29 05:49:19,327 - INFO - [The Hindu] Article: https://www.thehindu.com/news/national/ladakh/leh-violence-probe-term-of-judicial-inquiry-to-record-statements-extended-by-10-days/article70337522.ece
2025-11-29 05:49:19,327 - INFO - [The Hindu] Attempt 1/1: Trying with 'selenium_browser' strategy...
2025-11-29 05:49:23,785 - CRITICAL - --- TIMEOUT: 2 scrape jobs did not complete in 300s. ---
2025-11-29 05:49:23,785 - ERROR - A thread has timed out and will be abandoned.
2025-11-29 05:49:23,785 - ERROR - A thread has timed out and will be abandoned.
2025-11-29 05:49:23,785 - INFO - Shutting down thread pool (wait=False)...
2025-11-29 05:49:23,785 - INFO - Scraped: 0 BBC, 0 The Guardian, 2 Timed_Out_Jobs articles. (Total saved: 0)
2025-11-29 05:49:23,785 - INFO - --- Scraping job finished ---
2025-11-29 05:49:23,785 - INFO - --- Scraper service stopped and database connection closed. ---
2025-11-29 05:49:23,785 - INFO - --- Main thread finished. Forcing process exit to kill zombie threads. ---
