2025-12-04 10:30:22,515 - INFO - Loading AI Semantic Model (all-MiniLM-L6-v2)...
2025-12-04 10:30:22,515 - INFO - Use pytorch device_name: cpu
2025-12-04 10:30:22,515 - INFO - Load pretrained SentenceTransformer: all-MiniLM-L6-v2
2025-12-04 10:30:22,937 - INFO - AI Model loaded successfully.
2025-12-04 10:30:22,937 - INFO - Initializing database connection at: news_articles.db
2025-12-04 10:30:22,938 - INFO - --- Scraper service started (CI Mode: Run Once) ---
2025-12-04 10:30:22,938 - INFO - --- Starting new scraping job (Parallel Mode) ---
2025-12-04 10:30:22,938 - INFO - Creating new robust session with 3 retries on 5xx/connection/read errors.
2025-12-04 10:30:22,938 - INFO - Proxy is DISABLED.
2025-12-04 10:30:22,938 - INFO - Starting scrape for BBC RSS feed: http://feeds.bbci.co.uk/news/world/rss.xml
2025-12-04 10:30:22,939 - INFO - [Times of India] (Thread) requires Selenium. Initializing driver...
2025-12-04 10:30:22,939 - INFO - Initializing headless Selenium Chrome driver (using SeleniumManager)...
2025-12-04 10:30:22,940 - INFO - Starting scrape for The Guardian RSS feed: https://www.theguardian.com/world/rss
2025-12-04 10:30:22,942 - INFO - [The Hindu] (Thread) requires Selenium. Initializing driver...
2025-12-04 10:30:22,942 - INFO - Submitted 4 jobs to thread pool. Waiting up to 300s for completion...
2025-12-04 10:30:22,942 - INFO - Initializing headless Selenium Chrome driver (using SeleniumManager)...
2025-12-04 10:30:23,016 - INFO - Found 45 articles in The Guardian RSS feed. Processing up to 20.
2025-12-04 10:30:23,016 - INFO - [The Guardian] Article: https://www.theguardian.com/world/2025/dec/04/us-eu-critical-minerals-project-drc-report-lobito-corridor
2025-12-04 10:30:23,016 - INFO - [The Guardian] Attempt 1/1: Trying with 'requests_browser' strategy...
2025-12-04 10:30:23,042 - INFO - [The Guardian] Success with 'requests_browser'. Found content (765 words).
2025-12-04 10:30:23,078 - INFO - Duplicate article skipped: US and EU critical minerals project could displace thousands in DR Congo – report | Democratic Republic of the Congo | The Guardian from The Guardian
2025-12-04 10:30:23,115 - INFO - Found 39 articles in BBC RSS feed. Processing up to 20.
2025-12-04 10:30:23,116 - INFO - [BBC] Article: https://www.bbc.com/news/articles/c4g5rrlve33o?at_medium=RSS&at_campaign=rss
2025-12-04 10:30:23,116 - INFO - [BBC] Attempt 1/1: Trying with 'requests_browser' strategy...
2025-12-04 10:30:23,415 - INFO - [BBC] Success with 'requests_browser'. Found content (744 words).
2025-12-04 10:30:23,454 - INFO - Duplicate article skipped: Previously unseen images of Jeffrey Epstein's island released from BBC
2025-12-04 10:30:23,940 - INFO - [The Guardian] Article: https://www.theguardian.com/global-development/2025/dec/04/aid-cuts-africa-uganda-stops-refugee-status-eritreans-somalis-ethiopians
2025-12-04 10:30:23,940 - INFO - [The Guardian] Attempt 1/1: Trying with 'requests_browser' strategy...
2025-12-04 10:30:23,964 - INFO - [The Guardian] Success with 'requests_browser'. Found content (587 words).
2025-12-04 10:30:23,999 - INFO - Duplicate article skipped: Uganda stops granting refugee status for Eritreans, Somalis and Ethiopians | Global development | The Guardian from The Guardian
2025-12-04 10:30:24,395 - INFO - [BBC] Article: https://www.bbc.com/news/articles/c7731n5z6d3o?at_medium=RSS&at_campaign=rss
2025-12-04 10:30:24,395 - INFO - [BBC] Attempt 1/1: Trying with 'requests_browser' strategy...
2025-12-04 10:30:24,434 - INFO - [BBC] Success with 'requests_browser'. Found content (1105 words).
2025-12-04 10:30:24,471 - INFO - Duplicate article skipped: Ukraine and US negotiators to meet in Florida after Moscow talks, White House says from BBC
2025-12-04 10:30:25,191 - INFO - [The Guardian] Article: https://www.theguardian.com/artanddesign/2025/dec/04/ibrahim-mahama-ghana-tops-artreview-power-list
2025-12-04 10:30:25,191 - INFO - [The Guardian] Attempt 1/1: Trying with 'requests_browser' strategy...
2025-12-04 10:30:25,396 - INFO - [The Guardian] Success with 'requests_browser'. Found content (604 words).
2025-12-04 10:30:25,431 - INFO - Duplicate article skipped: Ghana’s Ibrahim Mahama first African to top annual art power list | Art | The Guardian from The Guardian
2025-12-04 10:30:25,738 - INFO - [BBC] Article: https://www.bbc.com/news/articles/cj4q2vpggr9o?at_medium=RSS&at_campaign=rss
2025-12-04 10:30:25,738 - INFO - [BBC] Attempt 1/1: Trying with 'requests_browser' strategy...
2025-12-04 10:30:26,165 - INFO - [BBC] Success with 'requests_browser'. Found content (1434 words).
2025-12-04 10:30:26,327 - INFO - Duplicate article skipped: India-Russia: Why Putin and Modi are meeting in Delhi from BBC
2025-12-04 10:30:26,753 - INFO - [The Guardian] Article: https://www.theguardian.com/uk-news/2025/dec/03/british-troops-accused-of-human-rights-violations-environmental-destruction-and-sexual-abuse-in-kenya
2025-12-04 10:30:26,753 - INFO - [The Guardian] Attempt 1/1: Trying with 'requests_browser' strategy...
2025-12-04 10:30:26,779 - INFO - [The Guardian] Success with 'requests_browser'. Found content (772 words).
2025-12-04 10:30:26,820 - INFO - Duplicate article skipped: British troops accused of human rights violations and sexual abuse in Kenya | British army | The Guardian from The Guardian
2025-12-04 10:30:27,406 - INFO - [BBC] Article: https://www.bbc.com/news/articles/cp84y7jx2pzo?at_medium=RSS&at_campaign=rss
2025-12-04 10:30:27,406 - INFO - [BBC] Attempt 1/1: Trying with 'requests_browser' strategy...
2025-12-04 10:30:27,571 - INFO - [The Guardian] Article: https://www.theguardian.com/global-development/2025/dec/03/whistleblower-accuses-foreign-office-of-censoring-warning-of-sudan-genocide
2025-12-04 10:30:27,571 - INFO - [The Guardian] Attempt 1/1: Trying with 'requests_browser' strategy...
2025-12-04 10:30:27,600 - INFO - [The Guardian] Success with 'requests_browser'. Found content (1465 words).
2025-12-04 10:30:27,646 - INFO - Duplicate article skipped: Whistleblower accuses Foreign Office of ‘censoring’ warning of Sudan genocide | Global development | The Guardian from The Guardian
2025-12-04 10:30:28,458 - INFO - [The Guardian] Article: https://www.theguardian.com/us-news/2025/dec/03/epstein-caribbean-island-new-photo-video-release
2025-12-04 10:30:28,458 - INFO - [The Guardian] Attempt 1/1: Trying with 'requests_browser' strategy...
2025-12-04 10:30:28,485 - INFO - [The Guardian] Success with 'requests_browser'. Found content (373 words).
2025-12-04 10:30:28,523 - INFO - Duplicate article skipped: House Democrats release new images of Epstein’s private Caribbean island | Jeffrey Epstein | The Guardian from The Guardian
2025-12-04 10:30:28,905 - INFO - [BBC] Success with 'requests_browser'. Found content (357 words).
2025-12-04 10:30:28,941 - INFO - Duplicate article skipped: South Korea: Government developing app showing real-time location of stalkers from BBC
2025-12-04 10:30:29,495 - INFO - [The Guardian] Article: https://www.theguardian.com/world/2025/dec/03/colombia-trump-warning-military-threat
2025-12-04 10:30:29,496 - INFO - [The Guardian] Attempt 1/1: Trying with 'requests_browser' strategy...
2025-12-04 10:30:29,591 - INFO - [The Guardian] Success with 'requests_browser'. Found content (612 words).
2025-12-04 10:30:29,626 - INFO - Duplicate article skipped: Colombia’s president warns Trump: ‘Do not wake the jaguar’ with threats of military strikes | Colombia | The Guardian from The Guardian
2025-12-04 10:30:29,694 - INFO - [BBC] Article: https://www.bbc.com/news/articles/cd6x2j4g3z7o?at_medium=RSS&at_campaign=rss
2025-12-04 10:30:29,694 - INFO - [BBC] Attempt 1/1: Trying with 'requests_browser' strategy...
2025-12-04 10:30:29,855 - INFO - [BBC] Success with 'requests_browser'. Found content (447 words).
2025-12-04 10:30:29,891 - INFO - Duplicate article skipped: Israel receives coffin that Hamas says contains Gaza hostage's body from BBC
2025-12-04 10:30:30,599 - INFO - [The Guardian] Article: https://www.theguardian.com/us-news/live/2025/dec/02/donald-trump-pete-hegseth-boat-venezuela-maduro-tennessee-us-politics-live-news-updates
2025-12-04 10:30:30,599 - INFO - [The Guardian] Attempt 1/1: Trying with 'requests_browser' strategy...
2025-12-04 10:30:30,712 - INFO - [BBC] Article: https://www.bbc.com/news/articles/cdxekqryn1jo?at_medium=RSS&at_campaign=rss
2025-12-04 10:30:30,712 - INFO - [BBC] Attempt 1/1: Trying with 'requests_browser' strategy...
2025-12-04 10:30:30,826 - INFO - [The Guardian] Success with 'requests_browser'. Found content (4155 words).
2025-12-04 10:30:30,916 - INFO - Duplicate article skipped: Pete Hegseth says he ‘didn’t stick around’ to watch second strike on alleged drug boat as Democrats slam administration over attacks – as it happened | Trump administration | The Guardian from The Guardian
2025-12-04 10:30:30,927 - INFO - [BBC] Success with 'requests_browser'. Found content (720 words).
2025-12-04 10:30:30,962 - INFO - Duplicate article skipped: Meta starts kicking Australian children off Instagram and Facebook from BBC
2025-12-04 10:30:32,009 - INFO - [The Guardian] Article: https://www.theguardian.com/world/2025/dec/02/trump-intervention-honduras-presidential-vote-count-stalls-nasry-asfura
2025-12-04 10:30:32,009 - INFO - [The Guardian] Attempt 1/1: Trying with 'requests_browser' strategy...
2025-12-04 10:30:32,035 - INFO - [The Guardian] Success with 'requests_browser'. Found content (945 words).
2025-12-04 10:30:32,079 - INFO - Duplicate article skipped: Trump frees ex-Honduran president from prison as country awaits knife-edge election result | Honduras | The Guardian from The Guardian
2025-12-04 10:30:32,086 - INFO - [BBC] Article: https://www.bbc.com/news/articles/c5y9843engko?at_medium=RSS&at_campaign=rss
2025-12-04 10:30:32,086 - INFO - [BBC] Attempt 1/1: Trying with 'requests_browser' strategy...
2025-12-04 10:30:32,115 - INFO - [BBC] Success with 'requests_browser'. Found content (445 words).
2025-12-04 10:30:32,151 - INFO - Duplicate article skipped: Pritam Singh: Singapore court upholds opposition leader's conviction from BBC
2025-12-04 10:30:32,847 - INFO - [BBC] Article: https://www.bbc.com/news/articles/cjrjn88jqn4o?at_medium=RSS&at_campaign=rss
2025-12-04 10:30:32,848 - INFO - [BBC] Attempt 1/1: Trying with 'requests_browser' strategy...
2025-12-04 10:30:33,312 - INFO - [BBC] Success with 'requests_browser'. Found content (852 words).
2025-12-04 10:30:33,326 - INFO - [The Guardian] Article: https://www.theguardian.com/us-news/2025/dec/02/pete-hegseth-franklin-the-turtle
2025-12-04 10:30:33,326 - INFO - [The Guardian] Attempt 1/1: Trying with 'requests_browser' strategy...
2025-12-04 10:30:33,355 - INFO - Duplicate article skipped: Trump to host DR Congo's Félix Tshisekedi and Rwanda's Paul Kagame to sign peace deal from BBC
2025-12-04 10:30:33,370 - INFO - [The Guardian] Success with 'requests_browser'. Found content (438 words).
2025-12-04 10:30:33,408 - INFO - Duplicate article skipped: Publisher condemns ‘violent’ use of Franklin the Turtle after Hegseth’s boat strike post | Pete Hegseth | The Guardian from The Guardian
2025-12-04 10:30:34,034 - INFO - [The Guardian] Article: https://www.theguardian.com/world/2025/dec/04/thailand-scam-cyberscam-crackdown-arrests-south-east-asia
2025-12-04 10:30:34,034 - INFO - [The Guardian] Attempt 1/1: Trying with 'requests_browser' strategy...
2025-12-04 10:30:34,056 - INFO - [The Guardian] Success with 'requests_browser'. Found content (575 words).
2025-12-04 10:30:34,088 - INFO - Duplicate article skipped: Thailand seizes more than $300m in assets and issues 42 arrest warrants in cyberscam crackdown | Thailand | The Guardian from The Guardian
2025-12-04 10:30:34,754 - INFO - [BBC] Article: https://www.bbc.com/news/articles/c8dy1613j2ro?at_medium=RSS&at_campaign=rss
2025-12-04 10:30:34,755 - INFO - [BBC] Attempt 1/1: Trying with 'requests_browser' strategy...
2025-12-04 10:30:34,793 - INFO - [BBC] Success with 'requests_browser'. Found content (876 words).
2025-12-04 10:30:34,828 - INFO - Duplicate article skipped: Minnesota's Somali community braces for immigration crackdown from BBC
2025-12-04 10:30:35,100 - INFO - [The Guardian] Article: https://www.theguardian.com/news/2025/dec/04/hong-kong-fire-death-toll-protective-netting-remove
2025-12-04 10:30:35,101 - INFO - [The Guardian] Attempt 1/1: Trying with 'requests_browser' strategy...
2025-12-04 10:30:35,122 - INFO - [The Guardian] Success with 'requests_browser'. Found content (689 words).
2025-12-04 10:30:35,162 - INFO - Duplicate article skipped: Hong Kong warns ‘external forces’ working to exploit apartment fire, as death toll rises to 159 | Hong Kong apartment fires | The Guardian from The Guardian
2025-12-04 10:30:35,831 - INFO - [The Guardian] Article: https://www.theguardian.com/world/2025/dec/03/eu-strategy-raw-materials-rare-earths-supply-chain-resourceeu
2025-12-04 10:30:35,831 - INFO - [The Guardian] Attempt 1/1: Trying with 'requests_browser' strategy...
2025-12-04 10:30:35,859 - INFO - [The Guardian] Success with 'requests_browser'. Found content (725 words).
2025-12-04 10:30:35,908 - INFO - Duplicate article skipped: EU looks at legally forcing industries to reduce purchases from China | Mining | The Guardian from The Guardian
2025-12-04 10:30:36,250 - INFO - [BBC] Article: https://www.bbc.com/news/articles/cqjg7w8z7dvo?at_medium=RSS&at_campaign=rss
2025-12-04 10:30:36,251 - INFO - [BBC] Attempt 1/1: Trying with 'requests_browser' strategy...
2025-12-04 10:30:36,282 - INFO - [BBC] Success with 'requests_browser'. Found content (387 words).
2025-12-04 10:30:36,480 - INFO - Duplicate article skipped: Court sides with Adidas in appeal over Kanye West collaboration from BBC
2025-12-04 10:30:37,119 - INFO - [The Guardian] Article: https://www.theguardian.com/business/2025/dec/03/hsbc-appoints-interim-chair-brendan-nelson-to-permanent-role
2025-12-04 10:30:37,120 - INFO - [The Guardian] Attempt 1/1: Trying with 'requests_browser' strategy...
2025-12-04 10:30:37,147 - INFO - [The Guardian] Success with 'requests_browser'. Found content (605 words).
2025-12-04 10:30:37,189 - INFO - Duplicate article skipped: HSBC appoints interim chair Brendan Nelson to permanent role | HSBC | The Guardian from The Guardian
2025-12-04 10:30:37,308 - INFO - [BBC] Article: https://www.bbc.com/news/articles/cm2054rdv52o?at_medium=RSS&at_campaign=rss
2025-12-04 10:30:37,308 - INFO - [BBC] Attempt 1/1: Trying with 'requests_browser' strategy...
2025-12-04 10:30:37,655 - INFO - [BBC] Success with 'requests_browser'. Found content (1064 words).
2025-12-04 10:30:37,691 - INFO - Duplicate article skipped: Hong Kong fire survivor: 'My heart breaks every time I'm called a hero' from BBC
2025-12-04 10:30:38,196 - INFO - [The Guardian] Article: https://www.theguardian.com/world/2025/dec/03/search-for-malaysia-airline-flight-mh370-to-resume-over-11-years-after-plane-went-missing
2025-12-04 10:30:38,196 - INFO - [The Guardian] Attempt 1/1: Trying with 'requests_browser' strategy...
2025-12-04 10:30:38,224 - INFO - [The Guardian] Success with 'requests_browser'. Found content (851 words).
2025-12-04 10:30:38,266 - INFO - Duplicate article skipped: Malaysia Airlines flight MH370 search to resume 11 years after jet went missing | Malaysia Airlines flight MH370 | The Guardian from The Guardian
2025-12-04 10:30:39,177 - INFO - [BBC] Article: https://www.bbc.com/news/articles/cnv21m0zpjmo?at_medium=RSS&at_campaign=rss
2025-12-04 10:30:39,177 - INFO - [BBC] Attempt 1/1: Trying with 'requests_browser' strategy...
2025-12-04 10:30:39,302 - INFO - [BBC] Success with 'requests_browser'. Found content (270 words).
2025-12-04 10:30:39,342 - INFO - Duplicate article skipped: Gaza: Five killed in Israeli air strikes on tents near Khan Younis, medics say from BBC
2025-12-04 10:30:39,478 - INFO - [The Guardian] Article: https://www.theguardian.com/australia-news/2025/dec/04/ndis-participants-will-have-no-external-avenue-to-appeal-funding-amounts-under-new-system-senate-estimates-told
2025-12-04 10:30:39,479 - INFO - [The Guardian] Attempt 1/1: Trying with 'requests_browser' strategy...
2025-12-04 10:30:39,510 - INFO - [The Guardian] Success with 'requests_browser'. Found content (674 words).
2025-12-04 10:30:39,567 - INFO - Duplicate article skipped: Most NDIS participants will lose external avenue to appeal funding amounts under new system, Senate estimates told | National disability insurance scheme | The Guardian from The Guardian
2025-12-04 10:30:39,872 - INFO - [BBC] Article: https://www.bbc.com/news/articles/cpwk7xen544o?at_medium=RSS&at_campaign=rss
2025-12-04 10:30:39,872 - INFO - [BBC] Attempt 1/1: Trying with 'requests_browser' strategy...
2025-12-04 10:30:39,908 - INFO - [BBC] Success with 'requests_browser'. Found content (668 words).
2025-12-04 10:30:39,941 - INFO - Duplicate article skipped: Israel says Rafah crossing to open soon to let Gazans leave via Egypt from BBC
2025-12-04 10:30:40,614 - INFO - Selenium driver initialized successfully.
2025-12-04 10:30:40,614 - INFO - Starting scrape for The Hindu RSS feed: https://www.thehindu.com/news/national/feeder/default.rss
2025-12-04 10:30:40,615 - INFO - Selenium driver initialized successfully.
2025-12-04 10:30:40,615 - INFO - Starting scrape for Times of India RSS feed: https://timesofindia.indiatimes.com/rssfeeds/296589292.cms
2025-12-04 10:30:40,688 - INFO - Found 20 articles in Times of India RSS feed. Processing up to 20.
2025-12-04 10:30:40,688 - INFO - [Times of India] Article: https://timesofindia.indiatimes.com/world/us/shouldnt-be-next-president-halle-berry-blasts-gavin-newsom-over-menopause-bill-says-he-overlooks-women/articleshow/125761924.cms
2025-12-04 10:30:40,688 - INFO - [Times of India] Attempt 1/1: Trying with 'selenium_browser' strategy...
2025-12-04 10:30:40,782 - INFO - Found 100 articles in The Hindu RSS feed. Processing up to 20.
2025-12-04 10:30:40,782 - INFO - [The Hindu] Article: https://www.thehindu.com/news/cities/Hyderabad/indigo-madinah-hyderabad-flight-diverted-to-ahmedabad-following-bomb-threat/article70357268.ece
2025-12-04 10:30:40,782 - INFO - [The Hindu] Attempt 1/1: Trying with 'selenium_browser' strategy...
2025-12-04 10:30:40,808 - INFO - [The Guardian] Article: https://www.theguardian.com/australia-news/live/2025/dec/04/australia-news-live-senate-estimates-national-fiscal-outlook-labor-coalition-cost-of-living-victoria-public-service-cuts-ntwnfb
2025-12-04 10:30:40,808 - INFO - [The Guardian] Attempt 1/1: Trying with 'requests_browser' strategy...
2025-12-04 10:30:40,899 - INFO - [The Guardian] Success with 'requests_browser'. Found content (2715 words).
2025-12-04 10:30:40,990 - INFO - Duplicate article skipped: Marles says Labor ‘working through’ Trump administration’s Aukus review – as it happened | Australia news | The Guardian from The Guardian
2025-12-04 10:30:41,255 - INFO - [BBC] Article: https://www.bbc.com/news/articles/c2lvzrve5lqo?at_medium=RSS&at_campaign=rss
2025-12-04 10:30:41,255 - INFO - [BBC] Attempt 1/1: Trying with 'requests_browser' strategy...
2025-12-04 10:30:41,617 - INFO - [BBC] Success with 'requests_browser'. Found content (371 words).
2025-12-04 10:30:41,652 - INFO - Duplicate article skipped: Federica Mogherini: Former EU top diplomat accused in fraud investigation from BBC
2025-12-04 10:30:42,200 - INFO - [BBC] Article: https://www.bbc.com/news/articles/cy8jnxxm70jo?at_medium=RSS&at_campaign=rss
2025-12-04 10:30:42,201 - INFO - [BBC] Attempt 1/1: Trying with 'requests_browser' strategy...
2025-12-04 10:30:42,251 - INFO - [BBC] Success with 'requests_browser'. Found content (247 words).
2025-12-04 10:30:42,299 - INFO - Duplicate article skipped: Drunk raccoon found passed out on liquor store floor after breaking in from BBC
2025-12-04 10:30:42,342 - INFO - [The Guardian] Article: https://www.theguardian.com/australia-news/2025/dec/04/giant-esky-australias-first-indoor-snow-resort-planned-for-western-sydney-gets-chinese-backing
2025-12-04 10:30:42,343 - INFO - [The Guardian] Attempt 1/1: Trying with 'requests_browser' strategy...
2025-12-04 10:30:42,391 - INFO - [The Guardian] Success with 'requests_browser'. Found content (353 words).
2025-12-04 10:30:42,485 - INFO - Duplicate article skipped: ‘Giant Esky’: Australia’s first indoor snow resort planned for western Sydney gets Chinese backing | Sydney | The Guardian from The Guardian
2025-12-04 10:30:43,532 - INFO - [The Guardian] Article: https://www.theguardian.com/australia-news/2025/dec/04/sydney-drivers-stuck-in-busy-tunnel-for-up-to-four-hours-amid-fears-of-shockcrete-roof-collapse
2025-12-04 10:30:43,532 - INFO - [The Guardian] Attempt 1/1: Trying with 'requests_browser' strategy...
2025-12-04 10:30:43,638 - INFO - [The Guardian] Success with 'requests_browser'. Found content (579 words).
2025-12-04 10:30:43,759 - INFO - Duplicate article skipped: Sydney drivers stuck in busy tunnel for up to four hours amid fears of ‘shotcrete’ roof collapse | Sydney | The Guardian from The Guardian
2025-12-04 10:30:43,794 - INFO - [BBC] Article: https://www.bbc.com/news/articles/cvgq5dvygllo?at_medium=RSS&at_campaign=rss
2025-12-04 10:30:43,794 - INFO - [BBC] Attempt 1/1: Trying with 'requests_browser' strategy...
2025-12-04 10:30:43,902 - INFO - [BBC] Success with 'requests_browser'. Found content (1030 words).
2025-12-04 10:30:44,069 - INFO - Duplicate article skipped: Kenyan MPs accuse British soldiers from Batuk of sexual abuse in Laikipia from BBC
2025-12-04 10:30:44,550 - INFO - [The Guardian] Article: https://www.theguardian.com/australia-news/2025/dec/04/man-pleads-not-guilty-over-allegedly-projecting-pro-palestine-messages-on-sydney-opera-house-forecourt-ntwnfb
2025-12-04 10:30:44,551 - INFO - [The Guardian] Attempt 1/1: Trying with 'requests_browser' strategy...
2025-12-04 10:30:44,789 - INFO - [The Guardian] Success with 'requests_browser'. Found content (629 words).
2025-12-04 10:30:44,928 - INFO - Duplicate article skipped: Man pleads not guilty over allegedly projecting pro-Palestine messages on Sydney Opera House forecourt | New South Wales | The Guardian from The Guardian
2025-12-04 10:30:45,489 - INFO - [BBC] Article: https://www.bbc.com/news/articles/c1m8g5x1xmko?at_medium=RSS&at_campaign=rss
2025-12-04 10:30:45,489 - INFO - [BBC] Attempt 1/1: Trying with 'requests_browser' strategy...
2025-12-04 10:30:45,930 - INFO - [BBC] Success with 'requests_browser'. Found content (308 words).
2025-12-04 10:30:46,129 - INFO - Duplicate article skipped: Three French teens drown in freak car crash in swimming pool from BBC
2025-12-04 10:30:46,655 - INFO - [BBC] Article: https://www.bbc.com/news/articles/c62v9z7z1z2o?at_medium=RSS&at_campaign=rss
2025-12-04 10:30:46,656 - INFO - [BBC] Attempt 1/1: Trying with 'requests_browser' strategy...
2025-12-04 10:30:46,794 - INFO - [BBC] Success with 'requests_browser'. Found content (485 words).
2025-12-04 10:30:47,553 - INFO - [The Hindu] Page content loaded.
2025-12-04 10:30:47,576 - INFO - Duplicate article skipped: Henry Cuellar: Trump says he is pardoning Democratic congressman in bribery case from BBC
2025-12-04 10:30:47,900 - INFO - [The Hindu] Success with 'selenium_browser'. Found content (158 words).
2025-12-04 10:30:48,744 - INFO - [BBC] Article: https://www.bbc.com/news/articles/c62lv79p0pdo?at_medium=RSS&at_campaign=rss
2025-12-04 10:30:48,744 - INFO - [BBC] Attempt 1/1: Trying with 'requests_browser' strategy...
2025-12-04 10:30:49,160 - INFO - [BBC] Success with 'requests_browser'. Found content (482 words).
2025-12-04 10:31:15,069 - INFO - Saved article: IndiGo Madinah-Hyderabad flight diverted to Ahmedabad following bomb threat - The Hindu from The Hindu
2025-12-04 10:31:15,069 - INFO - Duplicate article skipped: Hong Kong orders removal of scaffolding mesh after deadly blaze from BBC
2025-12-04 10:31:15,763 - INFO - [BBC] Article: https://www.bbc.com/news/articles/cpq4e21nr5vo?at_medium=RSS&at_campaign=rss
2025-12-04 10:31:15,763 - INFO - [BBC] Attempt 1/1: Trying with 'requests_browser' strategy...
2025-12-04 10:31:15,868 - INFO - [BBC] Success with 'requests_browser'. Found content (438 words).
2025-12-04 10:31:15,903 - INFO - Duplicate article skipped: What latest Ukraine talks reveal about Putin's state of mind from BBC
2025-12-04 10:31:16,487 - INFO - [The Hindu] Article: https://www.thehindu.com/news/cities/chennai/residents-of-ennores-thazhangkuppam-want-seawall-opening-to-remain/article70354768.ece
2025-12-04 10:31:16,487 - INFO - [The Hindu] Attempt 1/1: Trying with 'selenium_browser' strategy...
2025-12-04 10:31:18,974 - INFO - [The Hindu] Page content loaded.
2025-12-04 10:31:19,043 - INFO - [The Hindu] Success with 'selenium_browser'. Found content (312 words).
2025-12-04 10:31:33,582 - INFO - Saved article: Residents of Ennore’s Thazhangkuppam want seawall opening to remain - The Hindu from The Hindu
2025-12-04 10:31:35,050 - INFO - [The Hindu] Article: https://www.thehindu.com/news/national/karnataka/basavaraj-horatti-likely-to-stay-on-as-karnataka-legislative-council-chairperson-amid-leadership-tussle-in-congress/article70354724.ece
2025-12-04 10:31:35,050 - INFO - [The Hindu] Attempt 1/1: Trying with 'selenium_browser' strategy...
2025-12-04 10:31:36,440 - INFO - [The Hindu] Page content loaded.
2025-12-04 10:31:36,654 - INFO - [The Hindu] Success with 'selenium_browser'. Found content (506 words).
2025-12-04 10:31:51,257 - INFO - Saved article: Basavaraj Horatti likely to stay on as Karnataka Legislative Council Chairperson amid leadership tussle in Congress - The Hindu from The Hindu
2025-12-04 10:31:51,903 - INFO - [The Hindu] Article: https://www.thehindu.com/news/national/tamil-nadu/tn-police-get-protection-under-bnss-govt-issues-new-notification-covering-all-ranks/article70357123.ece
2025-12-04 10:31:51,903 - INFO - [The Hindu] Attempt 1/1: Trying with 'selenium_browser' strategy...
2025-12-04 10:31:53,170 - INFO - [The Hindu] Page content loaded.
2025-12-04 10:31:53,267 - INFO - [The Hindu] Success with 'selenium_browser'. Found content (427 words).
2025-12-04 10:32:07,686 - INFO - Saved article: T.N. police get protection under BNSS; govt. issues new notification covering all ranks - The Hindu from The Hindu
2025-12-04 10:32:08,827 - INFO - [The Hindu] Article: https://www.thehindu.com/news/national/sc-asks-states-uts-to-provide-more-staff-to-ec-for-sir-duty-to-ease-pressure-of-blos/article70357165.ece
2025-12-04 10:32:08,828 - INFO - [The Hindu] Attempt 1/1: Trying with 'selenium_browser' strategy...
2025-12-04 10:32:10,084 - INFO - [The Hindu] Page content loaded.
2025-12-04 10:32:10,153 - INFO - [The Hindu] Success with 'selenium_browser'. Found content (393 words).
2025-12-04 10:32:24,631 - INFO - Saved article: SC asks States, UTs to provide more staff to EC for SIR duty to ease pressure on BLOs - The Hindu from The Hindu
2025-12-04 10:32:25,449 - INFO - [The Hindu] Article: https://www.thehindu.com/news/national/andhra-pradesh/ap-government-allots-480-acres-to-adani-infra-data-centres-in-vizag-and-anakapalli-districts/article70356951.ece
2025-12-04 10:32:25,449 - INFO - [The Hindu] Attempt 1/1: Trying with 'selenium_browser' strategy...
2025-12-04 10:32:26,835 - INFO - [The Hindu] Page content loaded.
2025-12-04 10:32:27,380 - INFO - [The Hindu] Success with 'selenium_browser'. Found content (288 words).
2025-12-04 10:32:40,783 - ERROR - [Times of India] Request failed for strategy 'selenium_browser' on URL https://timesofindia.indiatimes.com/world/us/shouldnt-be-next-president-halle-berry-blasts-gavin-newsom-over-menopause-bill-says-he-overlooks-women/articleshow/125761924.cms: HTTPConnectionPool(host='localhost', port=41995): Read timed out. (read timeout=120)
2025-12-04 10:32:40,783 - ERROR - [Times of India] All scrape strategies failed for https://timesofindia.indiatimes.com/world/us/shouldnt-be-next-president-halle-berry-blasts-gavin-newsom-over-menopause-bill-says-he-overlooks-women/articleshow/125761924.cms. Falling back to RSS description.
2025-12-04 10:32:41,567 - INFO - Saved article: A.P. government allots 480 acres to Adani Infra data centres in Vizag and Anakapalli districts - The Hindu from The Hindu
2025-12-04 10:32:41,568 - INFO - Duplicate article skipped: ‘Shouldn’t be next president’: Halle Berry blasts Gavin Newsom over menopause bill, says he overlooks women from Times of India
2025-12-04 10:32:42,209 - INFO - [Times of India] Article: https://timesofindia.indiatimes.com/world/us/greatest-scandals-of-all-time-scott-bessent-rips-nyt-for-alleged-trumps-fake-health-report-publication-hits-back/articleshow/125756260.cms
2025-12-04 10:32:42,209 - INFO - [Times of India] Attempt 1/1: Trying with 'selenium_browser' strategy...
2025-12-04 10:32:42,252 - INFO - [The Hindu] Article: https://www.thehindu.com/news/national/andhra-pradesh/apsche-gets-nod-to-fill-left-over-convenor-quota-seats-in-pg-courses/article70357119.ece
2025-12-04 10:32:42,252 - INFO - [The Hindu] Attempt 1/1: Trying with 'selenium_browser' strategy...
2025-12-04 10:32:43,843 - INFO - [The Hindu] Page content loaded.
2025-12-04 10:32:43,897 - INFO - [The Hindu] Success with 'selenium_browser'. Found content (129 words).
2025-12-04 10:32:43,958 - INFO - Duplicate article skipped: APSCHE gets nod to fill left over convenor quota seats in PG courses - The Hindu from The Hindu
2025-12-04 10:32:44,895 - INFO - [The Hindu] Article: https://www.thehindu.com/news/national/karnataka/kalaburagi-students-win-best-poster-award-at-iit-bombay-ceramics-conference/article70353700.ece
2025-12-04 10:32:44,895 - INFO - [The Hindu] Attempt 1/1: Trying with 'selenium_browser' strategy...
2025-12-04 10:32:45,931 - INFO - [The Hindu] Page content loaded.
2025-12-04 10:32:46,024 - INFO - [The Hindu] Success with 'selenium_browser'. Found content (256 words).
2025-12-04 10:32:46,103 - INFO - Duplicate article skipped: Kalaburagi students win Best Poster Award at IIT Bombay ceramics conference - The Hindu from The Hindu
2025-12-04 10:32:47,336 - INFO - [The Hindu] Article: https://www.thehindu.com/news/national/kerala/congress-expels-palakkad-mla-rahul-mamkootathil-from-party-after-court-rejects-anticipatory-bail-in-rape-case/article70357108.ece
2025-12-04 10:32:47,336 - INFO - [The Hindu] Attempt 1/1: Trying with 'selenium_browser' strategy...
2025-12-04 10:32:48,226 - INFO - [The Hindu] Page content loaded.
2025-12-04 10:32:48,395 - INFO - [The Hindu] Success with 'selenium_browser'. Found content (701 words).
2025-12-04 10:32:48,479 - INFO - Duplicate article skipped: Congress expels Palakkad MLA Rahul Mamkootathil after court rejects anticipatory bail in rape case - The Hindu from The Hindu
2025-12-04 10:32:49,794 - INFO - [The Hindu] Article: https://www.thehindu.com/news/national/west-bengal/west-bengal-sir-polling-stations-with-zero-ineligible-voters-drops-from-2208-to-29/article70356949.ece
2025-12-04 10:32:49,795 - INFO - [The Hindu] Attempt 1/1: Trying with 'selenium_browser' strategy...
2025-12-04 10:32:51,578 - INFO - [The Hindu] Page content loaded.
2025-12-04 10:32:51,657 - INFO - [The Hindu] Success with 'selenium_browser'. Found content (252 words).
2025-12-04 10:32:51,714 - INFO - Duplicate article skipped: West Bengal SIR: Polling stations with zero ineligible voters drops from 2,208 to 29 - The Hindu from The Hindu
2025-12-04 10:32:52,726 - INFO - [The Hindu] Article: https://www.thehindu.com/sci-tech/technology/from-aqi-and-dharmendra-to-operation-sindoor-and-womens-world-cup-indians-2025-searches-on-google/article70357055.ece
2025-12-04 10:32:52,726 - INFO - [The Hindu] Attempt 1/1: Trying with 'selenium_browser' strategy...
2025-12-04 10:32:53,785 - INFO - [The Hindu] Page content loaded.
2025-12-04 10:32:54,528 - INFO - [The Hindu] Success with 'selenium_browser'. Found content (316 words).
2025-12-04 10:32:54,610 - INFO - Duplicate article skipped: From AQI and Dharmendra to Operation Sindoor and Women’s World Cup: Indians’ 2025 searches on Google - The Hindu from The Hindu
2025-12-04 10:32:55,477 - INFO - [The Hindu] Article: https://www.thehindu.com/news/national/tamil-nadu/portion-of-tn-government-school-compound-wall-collapses-in-chengalpattu/article70356897.ece
2025-12-04 10:32:55,477 - INFO - [The Hindu] Attempt 1/1: Trying with 'selenium_browser' strategy...
2025-12-04 10:32:56,158 - INFO - [The Hindu] Page content loaded.
2025-12-04 10:32:56,257 - INFO - [The Hindu] Success with 'selenium_browser'. Found content (174 words).
2025-12-04 10:32:56,569 - INFO - Duplicate article skipped: Portion of T.N. government school compound wall collapses in Chengalpattu - The Hindu from The Hindu
2025-12-04 10:32:57,414 - INFO - [The Hindu] Article: https://www.thehindu.com/news/national/kerala/kerala-mla-rahul-mamkoottathils-anticipatory-bail-in-rape-case-rejected-expelled-from-congress/article70357074.ece
2025-12-04 10:32:57,414 - INFO - [The Hindu] Attempt 1/1: Trying with 'selenium_browser' strategy...
2025-12-04 10:32:58,557 - INFO - [The Hindu] Page content loaded.
2025-12-04 10:32:58,630 - INFO - [The Hindu] Success with 'selenium_browser'. Found content (549 words).
2025-12-04 10:32:58,733 - INFO - Duplicate article skipped: Rahul Mamkoottathil’s anticipatory bail in rape case rejected - The Hindu from The Hindu
2025-12-04 10:32:59,918 - INFO - [The Hindu] Article: https://www.thehindu.com/education/schools/our-dreams-are-slipping-away-how-urban-evictions-are-derailing-childrens-education/article70356872.ece
2025-12-04 10:32:59,918 - INFO - [The Hindu] Attempt 1/1: Trying with 'selenium_browser' strategy...
2025-12-04 10:33:01,074 - INFO - [The Hindu] Page content loaded.
2025-12-04 10:33:01,140 - INFO - [The Hindu] Success with 'selenium_browser'. Found content (1507 words).
2025-12-04 10:33:01,215 - INFO - Duplicate article skipped: ‘Our dreams are slipping away’: How urban evictions are derailing children’s education - The Hindu from The Hindu
2025-12-04 10:33:02,167 - INFO - [The Hindu] Article: https://www.thehindu.com/news/national/parliament-session-gaurav-gogoi-invokes-nitin-gadkaris-viral-video-flags-poor-quality-of-nh-37-union-minister-assures-action/article70356948.ece
2025-12-04 10:33:02,167 - INFO - [The Hindu] Attempt 1/1: Trying with 'selenium_browser' strategy...
2025-12-04 10:33:03,208 - INFO - [The Hindu] Page content loaded.
2025-12-04 10:33:03,268 - INFO - [The Hindu] Success with 'selenium_browser'. Found content (307 words).
2025-12-04 10:33:03,321 - INFO - Duplicate article skipped: Parliament Session: Gaurav Gogoi invokes Nitin Gadkari's viral video, flags ‘poor quality’ of NH-37; Union Minister assures action - The Hindu from The Hindu
2025-12-04 10:33:03,966 - INFO - [The Hindu] Article: https://www.thehindu.com/news/national/odisha/odisha-government-terminates-empanelment-of-it-firm-involved-in-recruitment-scam/article70356857.ece
2025-12-04 10:33:03,966 - INFO - [The Hindu] Attempt 1/1: Trying with 'selenium_browser' strategy...
2025-12-04 10:33:04,823 - INFO - [The Hindu] Page content loaded.
2025-12-04 10:33:04,901 - INFO - [The Hindu] Success with 'selenium_browser'. Found content (219 words).
2025-12-04 10:33:04,971 - INFO - Duplicate article skipped: Odisha Government terminates empanelment of IT firm ‘involved’ in recruitment scam - The Hindu from The Hindu
2025-12-04 10:33:06,153 - INFO - [The Hindu] Article: https://www.thehindu.com/news/cities/Hyderabad/indian-navy-band-to-perform-in-hyderabad-from-december-6-public-concert-in-kondapur/article70356829.ece
2025-12-04 10:33:06,153 - INFO - [The Hindu] Attempt 1/1: Trying with 'selenium_browser' strategy...
2025-12-04 10:33:07,273 - INFO - [The Hindu] Page content loaded.
2025-12-04 10:33:07,399 - INFO - [The Hindu] Success with 'selenium_browser'. Found content (152 words).
2025-12-04 10:33:07,476 - INFO - Duplicate article skipped: Indian Navy band to perform in Hyderabad from December 6; public concert in Kondapur - The Hindu from The Hindu
2025-12-04 10:33:08,838 - INFO - [The Hindu] Article: https://www.thehindu.com/news/cities/Hyderabad/ktr-says-brs-will-scrap-hilt-policy-after-coming-to-power-suggests-land-parcels-to-be-used-for-it-parks-houses-for-poor-or-schools/article70356853.ece
2025-12-04 10:33:08,838 - INFO - [The Hindu] Attempt 1/1: Trying with 'selenium_browser' strategy...
2025-12-04 10:33:09,928 - INFO - [The Hindu] Page content loaded.
2025-12-04 10:33:10,072 - INFO - [The Hindu] Success with 'selenium_browser'. Found content (332 words).
2025-12-04 10:33:10,153 - INFO - Duplicate article skipped: KTR says BRS will scrap HILT policy after coming to power; suggests land parcels to be used for IT parks, houses for poor or schools - The Hindu from The Hindu
2025-12-04 10:33:11,068 - INFO - [The Hindu] Article: https://www.thehindu.com/news/national/jammu-and-kashmir/kashmir-valley-in-grip-of-cold-conditions-pulwama-coldest-place/article70356886.ece
2025-12-04 10:33:11,068 - INFO - [The Hindu] Attempt 1/1: Trying with 'selenium_browser' strategy...
2025-12-04 10:33:12,834 - INFO - [The Hindu] Page content loaded.
2025-12-04 10:33:13,072 - INFO - [The Hindu] Success with 'selenium_browser'. Found content (229 words).
2025-12-04 10:33:13,134 - INFO - Duplicate article skipped: Kashmir valley in grip of cold conditions, Pulwama coldest place - The Hindu from The Hindu
2025-12-04 10:33:13,752 - INFO - [The Hindu] Article: https://www.thehindu.com/news/cities/mumbai/mumbais-worli-houses-40-of-indias-entire-ultra-luxury-apartment-market-report/article70356719.ece
2025-12-04 10:33:13,753 - INFO - [The Hindu] Attempt 1/1: Trying with 'selenium_browser' strategy...
2025-12-04 10:33:14,763 - INFO - [The Hindu] Page content loaded.
2025-12-04 10:33:14,823 - INFO - [The Hindu] Success with 'selenium_browser'. Found content (429 words).
2025-12-04 10:33:14,894 - INFO - Duplicate article skipped: Mumbai’s Worli houses 40% of India’s entire ultra-luxury apartment market: Report - The Hindu from The Hindu
2025-12-04 10:33:15,888 - INFO - [The Hindu] (Thread) Finished. Attempting to shut down its Selenium driver.
2025-12-04 10:33:16,115 - INFO - [The Hindu] (Thread) driver.quit() successful.
2025-12-04 10:34:42,309 - ERROR - [Times of India] Request failed for strategy 'selenium_browser' on URL https://timesofindia.indiatimes.com/world/us/greatest-scandals-of-all-time-scott-bessent-rips-nyt-for-alleged-trumps-fake-health-report-publication-hits-back/articleshow/125756260.cms: HTTPConnectionPool(host='localhost', port=41995): Read timed out. (read timeout=120)
2025-12-04 10:34:42,310 - ERROR - [Times of India] All scrape strategies failed for https://timesofindia.indiatimes.com/world/us/greatest-scandals-of-all-time-scott-bessent-rips-nyt-for-alleged-trumps-fake-health-report-publication-hits-back/articleshow/125756260.cms. Falling back to RSS description.
2025-12-04 10:34:42,310 - INFO - Duplicate article skipped: ‘Greatest scandals of all time’: Scott Bessent rips NYT for alleged Trump’s ‘fake’ health report; publication hits back from Times of India
2025-12-04 10:34:43,437 - INFO - [Times of India] Article: https://timesofindia.indiatimes.com/world/us/still-in-fight-new-details-emerge-about-sept-2-caribbean-strike-survivors-were-continuing-drug-mission/articleshow/125760290.cms
2025-12-04 10:34:43,438 - INFO - [Times of India] Attempt 1/1: Trying with 'selenium_browser' strategy...
2025-12-04 10:35:22,943 - CRITICAL - --- TIMEOUT: 1 scrape jobs did not complete in 300s. ---
2025-12-04 10:35:22,943 - ERROR - A thread has timed out and will be abandoned.
2025-12-04 10:35:22,943 - INFO - Shutting down thread pool (wait=False)...
2025-12-04 10:35:22,943 - INFO - Scraped: 6 The Hindu, 0 The Guardian, 0 BBC, 1 Timed_Out_Jobs articles. (Total saved: 6)
2025-12-04 10:35:22,943 - INFO - --- Scraping job finished ---
2025-12-04 10:35:22,943 - INFO - --- Scraper service stopped and database connection closed. ---
2025-12-04 10:35:22,943 - INFO - --- Main thread finished. Forcing process exit to kill zombie threads. ---
