2025-11-30 16:29:46,739 - INFO - Loading AI Semantic Model (all-MiniLM-L6-v2)...
2025-11-30 16:29:46,739 - INFO - Use pytorch device_name: cpu
2025-11-30 16:29:46,739 - INFO - Load pretrained SentenceTransformer: all-MiniLM-L6-v2
2025-11-30 16:29:48,012 - INFO - AI Model loaded successfully.
2025-11-30 16:29:48,013 - INFO - Initializing database connection at: news_articles.db
2025-11-30 16:29:48,013 - INFO - --- Scraper service started (CI Mode: Run Once) ---
2025-11-30 16:29:48,013 - INFO - --- Starting new scraping job (Parallel Mode) ---
2025-11-30 16:29:48,013 - INFO - Creating new robust session with 3 retries on 5xx/connection/read errors.
2025-11-30 16:29:48,013 - INFO - Proxy is DISABLED.
2025-11-30 16:29:48,013 - INFO - Starting scrape for BBC RSS feed: http://feeds.bbci.co.uk/news/world/rss.xml
2025-11-30 16:29:48,014 - INFO - [Times of India] (Thread) requires Selenium. Initializing driver...
2025-11-30 16:29:48,015 - INFO - Initializing headless Selenium Chrome driver (using SeleniumManager)...
2025-11-30 16:29:48,015 - INFO - Starting scrape for The Guardian RSS feed: https://www.theguardian.com/world/rss
2025-11-30 16:29:48,016 - INFO - [The Hindu] (Thread) requires Selenium. Initializing driver...
2025-11-30 16:29:48,017 - INFO - Submitted 4 jobs to thread pool. Waiting up to 300s for completion...
2025-11-30 16:29:48,017 - INFO - Initializing headless Selenium Chrome driver (using SeleniumManager)...
2025-11-30 16:29:48,091 - INFO - Found 29 articles in BBC RSS feed. Processing up to 20.
2025-11-30 16:29:48,091 - INFO - [BBC] Article: https://www.bbc.com/news/articles/clyz82z7p8zo?at_medium=RSS&at_campaign=rss
2025-11-30 16:29:48,091 - INFO - [BBC] Attempt 1/1: Trying with 'requests_browser' strategy...
2025-11-30 16:29:48,172 - INFO - Found 45 articles in The Guardian RSS feed. Processing up to 20.
2025-11-30 16:29:48,172 - INFO - [The Guardian] Article: https://www.theguardian.com/world/2025/nov/28/jacob-zuma-daughter-resigns-claims-south-africans-tricked-fight-russia
2025-11-30 16:29:48,172 - INFO - [The Guardian] Attempt 1/1: Trying with 'requests_browser' strategy...
2025-11-30 16:29:48,201 - INFO - [The Guardian] Success with 'requests_browser'. Found content (753 words).
2025-11-30 16:29:48,243 - INFO - Duplicate article skipped: Jacob Zuma’s daughter resigns amid claims South Africans tricked to fight for Russia | South Africa | The Guardian from The Guardian
2025-11-30 16:29:48,266 - INFO - [BBC] Success with 'requests_browser'. Found content (415 words).
2025-11-30 16:29:49,067 - INFO - [The Guardian] Article: https://www.theguardian.com/environment/2025/nov/28/africa-forests-transformed-carbon-sink-carbon-source-study
2025-11-30 16:29:49,067 - INFO - [The Guardian] Attempt 1/1: Trying with 'requests_browser' strategy...
2025-11-30 16:29:49,102 - INFO - [The Guardian] Success with 'requests_browser'. Found content (458 words).
2025-11-30 16:29:54,293 - INFO - Selenium driver initialized successfully.
2025-11-30 16:29:54,293 - INFO - Starting scrape for The Hindu RSS feed: https://www.thehindu.com/news/national/feeder/default.rss
2025-11-30 16:29:54,295 - INFO - Selenium driver initialized successfully.
2025-11-30 16:29:54,295 - INFO - Starting scrape for Times of India RSS feed: https://timesofindia.indiatimes.com/rssfeeds/296589292.cms
2025-11-30 16:29:54,421 - INFO - Found 20 articles in Times of India RSS feed. Processing up to 20.
2025-11-30 16:29:54,421 - INFO - [Times of India] Article: https://timesofindia.indiatimes.com/world/rest-of-world/global-first-turkish-uav-shoots-down-aircraft-with-bvr-air-to-air-missile-company-lauds-pinpoint-accuracy-watch/articleshow/125674346.cms
2025-11-30 16:29:54,421 - INFO - [Times of India] Attempt 1/1: Trying with 'selenium_browser' strategy...
2025-11-30 16:29:55,207 - INFO - Found 100 articles in The Hindu RSS feed. Processing up to 20.
2025-11-30 16:29:55,207 - INFO - [The Hindu] Article: https://www.thehindu.com/news/national/bihar/5-killed-several-injured-as-truck-rams-into-vehicles-in-bihar/article70342634.ece
2025-11-30 16:29:55,207 - INFO - [The Hindu] Attempt 1/1: Trying with 'selenium_browser' strategy...
2025-11-30 16:30:02,838 - INFO - [The Hindu] Page content loaded.
2025-11-30 16:30:03,428 - INFO - [The Hindu] Success with 'selenium_browser'. Found content (167 words).
2025-11-30 16:30:06,835 - INFO - DEDUPLICATION: Found match (Score: 0.84). Linking to Cluster ID: b834e4c6-f2ee-428c-ab04-311af727490a
2025-11-30 16:30:06,843 - INFO - Saved article: Indonesia searches for hundreds missing in deadly floods from BBC
2025-11-30 16:30:06,844 - INFO - Duplicate article skipped: Africa’s forests transformed from carbon sink to carbon source, study finds | Climate crisis | The Guardian from The Guardian
2025-11-30 16:30:07,849 - INFO - [BBC] Article: https://www.bbc.com/news/articles/c4gv76r5qpvo?at_medium=RSS&at_campaign=rss
2025-11-30 16:30:07,849 - INFO - [BBC] Attempt 1/1: Trying with 'requests_browser' strategy...
2025-11-30 16:30:07,876 - INFO - [The Guardian] Article: https://www.theguardian.com/world/2025/nov/26/guinea-bissau-officers-take-total-control-close-borders-amid-election-chaos
2025-11-30 16:30:07,876 - INFO - [The Guardian] Attempt 1/1: Trying with 'requests_browser' strategy...
2025-11-30 16:30:08,043 - INFO - [The Guardian] Success with 'requests_browser'. Found content (412 words).
2025-11-30 16:30:08,101 - INFO - [BBC] Success with 'requests_browser'. Found content (647 words).
2025-11-30 16:30:31,069 - INFO - DEDUPLICATION: Found match (Score: 0.70). Linking to Cluster ID: 4af44c43-8af7-4de5-bf6b-c0bab09631de
2025-11-30 16:30:31,072 - INFO - Saved article: 5 killed, several injured as truck rams into vehicles in Bihar - The Hindu from The Hindu
2025-11-30 16:30:31,072 - INFO - Duplicate article skipped: Guinea-Bissau military takes ‘total control’ amid election chaos | Guinea-Bissau | The Guardian from The Guardian
2025-11-30 16:30:31,072 - INFO - Duplicate article skipped: Benjamin Netanyahu seeks pardon from Israel's president from BBC
2025-11-30 16:30:32,020 - INFO - [The Hindu] Article: https://www.thehindu.com/news/national/karnataka/dakshayini-avva-receives-tontadarya-siddalinga-swamy-memorial-award-in-dubai/article70342066.ece
2025-11-30 16:30:32,020 - INFO - [The Hindu] Attempt 1/1: Trying with 'selenium_browser' strategy...
2025-11-30 16:30:32,031 - INFO - [BBC] Article: https://www.bbc.com/news/articles/c741mpdyw9no?at_medium=RSS&at_campaign=rss
2025-11-30 16:30:32,031 - INFO - [BBC] Attempt 1/1: Trying with 'requests_browser' strategy...
2025-11-30 16:30:32,076 - INFO - [BBC] Success with 'requests_browser'. Found content (519 words).
2025-11-30 16:30:32,149 - INFO - Duplicate article skipped: Venezuela calls Trump airspace closure warning 'colonialist threat' from BBC
2025-11-30 16:30:32,151 - INFO - [The Guardian] Article: https://www.theguardian.com/world/2025/nov/25/nigerian-schoolgirls-rescued-after-mass-abduction-in-kebbi
2025-11-30 16:30:32,151 - INFO - [The Guardian] Attempt 1/1: Trying with 'requests_browser' strategy...
2025-11-30 16:30:32,186 - INFO - [The Guardian] Success with 'requests_browser'. Found content (515 words).
2025-11-30 16:30:32,253 - INFO - Duplicate article skipped: Nigerian schoolgirls rescued after mass abduction in Kebbi | Nigeria | The Guardian from The Guardian
2025-11-30 16:30:33,411 - INFO - [The Guardian] Article: https://www.theguardian.com/world/2025/nov/25/jacob-zuma-daughter-accused-tricking-men-fighting-for-russia-in-ukraine
2025-11-30 16:30:33,412 - INFO - [The Guardian] Attempt 1/1: Trying with 'requests_browser' strategy...
2025-11-30 16:30:33,573 - INFO - [The Guardian] Success with 'requests_browser'. Found content (656 words).
2025-11-30 16:30:33,629 - INFO - [BBC] Article: https://www.bbc.com/news/articles/cp34yk7z6yxo?at_medium=RSS&at_campaign=rss
2025-11-30 16:30:33,629 - INFO - [BBC] Attempt 1/1: Trying with 'requests_browser' strategy...
2025-11-30 16:30:33,884 - INFO - Duplicate article skipped: Jacob Zuma’s daughter accused of tricking men into fighting for Russia in Ukraine | South Africa | The Guardian from The Guardian
2025-11-30 16:30:33,931 - INFO - [BBC] Success with 'requests_browser'. Found content (712 words).
2025-11-30 16:30:33,999 - INFO - Duplicate article skipped: Hong Kong fire: Death toll rises to 146 as thousands pay their respects from BBC
2025-11-30 16:30:35,082 - INFO - [BBC] Article: https://www.bbc.com/news/articles/cvg81p61dnmo?at_medium=RSS&at_campaign=rss
2025-11-30 16:30:35,082 - INFO - [BBC] Attempt 1/1: Trying with 'requests_browser' strategy...
2025-11-30 16:30:35,121 - INFO - [BBC] Success with 'requests_browser'. Found content (308 words).
2025-11-30 16:30:35,171 - INFO - Duplicate article skipped: Stockton mass shooting: Four killed at California family gathering from BBC
2025-11-30 16:30:35,338 - INFO - [The Guardian] Article: https://www.theguardian.com/world/2025/nov/30/honduras-vote-election-trump-threat-cut-aid-if-nasry-tito-asfura-loses
2025-11-30 16:30:35,338 - INFO - [The Guardian] Attempt 1/1: Trying with 'requests_browser' strategy...
2025-11-30 16:30:35,457 - INFO - [The Guardian] Success with 'requests_browser'. Found content (534 words).
2025-11-30 16:30:35,518 - INFO - Duplicate article skipped: Hondurans vote amid Trump threat to cut aid if his preferred candidate loses | Honduras | The Guardian from The Guardian
2025-11-30 16:30:35,790 - INFO - [BBC] Article: https://www.bbc.com/news/articles/c075zd0j2j3o?at_medium=RSS&at_campaign=rss
2025-11-30 16:30:35,791 - INFO - [BBC] Attempt 1/1: Trying with 'requests_browser' strategy...
2025-11-30 16:30:35,979 - INFO - [BBC] Success with 'requests_browser'. Found content (316 words).
2025-11-30 16:30:36,053 - INFO - Duplicate article skipped: Couple accused of cheating with spycam to win A$1.2m in Australian casino from BBC
2025-11-30 16:30:36,571 - INFO - [The Guardian] Article: https://www.theguardian.com/world/2025/nov/29/donald-trump-venezuela-airspace-closure
2025-11-30 16:30:36,571 - INFO - [The Guardian] Attempt 1/1: Trying with 'requests_browser' strategy...
2025-11-30 16:30:36,595 - INFO - [The Guardian] Success with 'requests_browser'. Found content (363 words).
2025-11-30 16:30:36,670 - INFO - Duplicate article skipped: Venezuela denounces ‘colonialist threat’ as Trump orders airspace closed | Venezuela | The Guardian from The Guardian
2025-11-30 16:30:36,802 - INFO - [BBC] Article: https://www.bbc.com/news/articles/cp9ky5z2gx0o?at_medium=RSS&at_campaign=rss
2025-11-30 16:30:36,803 - INFO - [BBC] Attempt 1/1: Trying with 'requests_browser' strategy...
2025-11-30 16:30:36,967 - INFO - [BBC] Success with 'requests_browser'. Found content (508 words).
2025-11-30 16:30:37,004 - INFO - Duplicate article skipped: Ukraine hits tankers in Black Sea in escalation against Russia from BBC
2025-11-30 16:30:37,489 - INFO - [The Hindu] Page content loaded.
2025-11-30 16:30:37,570 - INFO - [The Hindu] Success with 'selenium_browser'. Found content (344 words).
2025-11-30 16:30:37,981 - INFO - [The Guardian] Article: https://www.theguardian.com/us-news/2025/nov/29/pete-hegseth-denies-ordering-deaths-narco-boat
2025-11-30 16:30:37,981 - INFO - [The Guardian] Attempt 1/1: Trying with 'requests_browser' strategy...
2025-11-30 16:30:38,016 - INFO - [BBC] Article: https://www.bbc.com/news/articles/c8e97kl240lo?at_medium=RSS&at_campaign=rss
2025-11-30 16:30:38,016 - INFO - [BBC] Attempt 1/1: Trying with 'requests_browser' strategy...
2025-11-30 16:30:38,024 - INFO - [The Guardian] Success with 'requests_browser'. Found content (846 words).
2025-11-30 16:30:38,261 - INFO - [BBC] Success with 'requests_browser'. Found content (324 words).
2025-11-30 16:30:50,485 - INFO - Saved article: Dakshayini Avva receives Tontadarya Siddalinga Swamy Memorial Award in Dubai - The Hindu from The Hindu
2025-11-30 16:30:50,485 - INFO - Duplicate article skipped: Pete Hegseth denies he gave orders to ‘kill everybody’ on alleged ‘narco-boat’ | Pete Hegseth | The Guardian from The Guardian
2025-11-30 16:30:50,485 - INFO - Duplicate article skipped: More than 70,000 killed in Gaza since Israel offensive began, Hamas-run health ministry says from BBC
2025-11-30 16:30:51,048 - INFO - [BBC] Article: https://www.bbc.com/news/articles/c93wnyxjkxko?at_medium=RSS&at_campaign=rss
2025-11-30 16:30:51,049 - INFO - [BBC] Attempt 1/1: Trying with 'requests_browser' strategy...
2025-11-30 16:30:51,193 - INFO - [The Guardian] Article: https://www.theguardian.com/world/2025/nov/29/uk-mps-extra-aid-humanitarian-visas-jamaica-hurricane-melissa-dawn-butler
2025-11-30 16:30:51,193 - INFO - [The Guardian] Attempt 1/1: Trying with 'requests_browser' strategy...
2025-11-30 16:30:51,222 - INFO - [The Guardian] Success with 'requests_browser'. Found content (873 words).
2025-11-30 16:30:51,283 - INFO - Duplicate article skipped: UK MPs push for extra aid and visas as Jamaica reels from Hurricane Melissa | Jamaica | The Guardian from The Guardian
2025-11-30 16:30:51,775 - INFO - [BBC] Success with 'requests_browser'. Found content (309 words).
2025-11-30 16:30:51,797 - INFO - [The Hindu] Article: https://www.thehindu.com/news/national/judgments-must-not-be-tossed-out-after-their-authors-retire-justice-nagarathna/article70342701.ece
2025-11-30 16:30:51,802 - INFO - [The Hindu] Attempt 1/1: Trying with 'selenium_browser' strategy...
2025-11-30 16:30:51,819 - INFO - Duplicate article skipped: French farm has €90,000 worth of escargot snails stolen from BBC
2025-11-30 16:30:52,125 - INFO - [The Guardian] Article: https://www.theguardian.com/us-news/2025/nov/28/trump-pardon-honduras-hernandez-drugs
2025-11-30 16:30:52,125 - INFO - [The Guardian] Attempt 1/1: Trying with 'requests_browser' strategy...
2025-11-30 16:30:52,179 - INFO - [The Guardian] Success with 'requests_browser'. Found content (558 words).
2025-11-30 16:30:52,249 - INFO - Duplicate article skipped: Trump to pardon ex-Honduras leader serving drug trafficking sentence in US | Donald Trump | The Guardian from The Guardian
2025-11-30 16:30:52,539 - INFO - [BBC] Article: https://www.bbc.com/news/articles/cp39yw120kdo?at_medium=RSS&at_campaign=rss
2025-11-30 16:30:52,539 - INFO - [BBC] Attempt 1/1: Trying with 'requests_browser' strategy...
2025-11-30 16:30:52,662 - INFO - [The Hindu] Page content loaded.
2025-11-30 16:30:52,713 - INFO - [BBC] Success with 'requests_browser'. Found content (376 words).
2025-11-30 16:30:52,783 - INFO - Duplicate article skipped: The Wiggles issue statement after appearing in Ecstasy music video from BBC
2025-11-30 16:30:52,788 - INFO - [The Hindu] Success with 'selenium_browser'. Found content (367 words).
2025-11-30 16:30:53,494 - INFO - [The Guardian] Article: https://www.theguardian.com/world/2025/nov/30/indonesia-thailand-floods
2025-11-30 16:30:53,494 - INFO - [The Guardian] Attempt 1/1: Trying with 'requests_browser' strategy...
2025-11-30 16:30:53,563 - INFO - [The Guardian] Success with 'requests_browser'. Found content (859 words).
2025-11-30 16:30:54,272 - INFO - [BBC] Article: https://www.bbc.com/news/articles/c4gp917zr8no?at_medium=RSS&at_campaign=rss
2025-11-30 16:30:54,272 - INFO - [BBC] Attempt 1/1: Trying with 'requests_browser' strategy...
2025-11-30 16:30:54,512 - INFO - [BBC] Success with 'requests_browser'. Found content (355 words).
2025-11-30 16:31:06,359 - INFO - Saved article: Judgments must not be ‘tossed out’ after their authors retire: Justice Nagarathna - The Hindu from The Hindu
2025-11-30 16:31:06,359 - INFO - Duplicate article skipped: Indonesia and Thailand floods death toll passes 600 with hundreds still missing | Asia Pacific | The Guardian from The Guardian
2025-11-30 16:31:06,360 - INFO - Duplicate article skipped: Pope Leo visits Istanbul's Blue Mosque from BBC
2025-11-30 16:31:07,328 - INFO - [The Guardian] Article: https://www.theguardian.com/world/2025/nov/30/hong-kong-mourns-as-apartment-blaze-death-toll-rises
2025-11-30 16:31:07,328 - INFO - [The Guardian] Attempt 1/1: Trying with 'requests_browser' strategy...
2025-11-30 16:31:07,358 - INFO - [The Guardian] Success with 'requests_browser'. Found content (697 words).
2025-11-30 16:31:07,398 - INFO - Duplicate article skipped: Hong Kong mourns as apartment fire death toll rises to 146 | Hong Kong apartment fires | The Guardian from The Guardian
2025-11-30 16:31:07,506 - INFO - [BBC] Article: https://www.bbc.com/news/articles/ce865kpdzz8o?at_medium=RSS&at_campaign=rss
2025-11-30 16:31:07,506 - INFO - [BBC] Attempt 1/1: Trying with 'requests_browser' strategy...
2025-11-30 16:31:07,530 - INFO - [BBC] Success with 'requests_browser'. Found content (356 words).
2025-11-30 16:31:07,567 - INFO - Duplicate article skipped: Australian prime minister Albanese becomes first to wed in office from BBC
2025-11-30 16:31:07,776 - INFO - [The Hindu] Article: https://www.thehindu.com/news/national/uttar-pradesh/akhilesh-flags-commercialisation-of-janeshwar-mishra-park-calls-for-citizens-movement-against-up-government/article70342084.ece
2025-11-30 16:31:07,777 - INFO - [The Hindu] Attempt 1/1: Trying with 'selenium_browser' strategy...
2025-11-30 16:31:08,402 - INFO - [The Guardian] Article: https://www.theguardian.com/world/2025/nov/30/japan-one-piece-singer-maki-otsuki-stopped-mid-performance-as-japan-china-relations-sour
2025-11-30 16:31:08,402 - INFO - [The Guardian] Attempt 1/1: Trying with 'requests_browser' strategy...
2025-11-30 16:31:08,444 - INFO - [BBC] Article: https://www.bbc.com/news/articles/cx2gylngx7go?at_medium=RSS&at_campaign=rss
2025-11-30 16:31:08,444 - INFO - [BBC] Attempt 1/1: Trying with 'requests_browser' strategy...
2025-11-30 16:31:08,474 - INFO - [The Guardian] Success with 'requests_browser'. Found content (310 words).
2025-11-30 16:31:08,534 - INFO - Duplicate article skipped: Japan ‘One Piece’ singer stopped mid-performance as Japan-China relations sour | Japan | The Guardian from The Guardian
2025-11-30 16:31:09,038 - INFO - [BBC] Success with 'requests_browser'. Found content (625 words).
2025-11-30 16:31:09,099 - INFO - Duplicate article skipped: Russian strikes cause power outages for more than 600,000 in Ukraine from BBC
2025-11-30 16:31:09,105 - INFO - [The Hindu] Page content loaded.
2025-11-30 16:31:09,318 - INFO - [The Hindu] Success with 'selenium_browser'. Found content (290 words).
2025-11-30 16:31:09,733 - INFO - [The Guardian] Article: https://www.theguardian.com/us-news/ng-interactive/2025/nov/30/all-the-presidents-millions-how-the-trumps-are-turning-the-presidency-into-riches
2025-11-30 16:31:09,733 - INFO - [The Guardian] Attempt 1/1: Trying with 'requests_browser' strategy...
2025-11-30 16:31:09,799 - INFO - [The Guardian] Success with 'requests_browser'. Found content (2453 words).
2025-11-30 16:31:10,025 - INFO - [BBC] Article: https://www.bbc.com/news/articles/c4gp9d28p74o?at_medium=RSS&at_campaign=rss
2025-11-30 16:31:10,026 - INFO - [BBC] Attempt 1/1: Trying with 'requests_browser' strategy...
2025-11-30 16:31:10,111 - INFO - [BBC] Success with 'requests_browser'. Found content (430 words).
2025-11-30 16:31:22,348 - INFO - Saved article: Akhilesh flags ‘commercialisation’ of Janeshwar Mishra Park, calls for citizens’ movement against U.P. government - The Hindu from The Hindu
2025-11-30 16:31:22,348 - INFO - Duplicate article skipped: All the president’s millions: how the Trumps are turning the presidency into riches | Donald Trump | The Guardian from The Guardian
2025-11-30 16:31:22,349 - INFO - Duplicate article skipped: Airbus: Flights resume as normal after software update warning from BBC
2025-11-30 16:31:22,897 - INFO - [The Guardian] Article: https://www.theguardian.com/news/2025/nov/30/anger-mounts-in-hong-kong-over-apartment-fires-as-beijing-warns-against-anti-china-disruptors
2025-11-30 16:31:22,897 - INFO - [The Guardian] Attempt 1/1: Trying with 'requests_browser' strategy...
2025-11-30 16:31:22,932 - INFO - [The Guardian] Success with 'requests_browser'. Found content (560 words).
2025-11-30 16:31:22,971 - INFO - Duplicate article skipped: Anger mounts in Hong Kong over apartment fires as Beijing warns against ‘anti-China disruptors’ | Hong Kong apartment fires | The Guardian from The Guardian
2025-11-30 16:31:23,378 - INFO - [The Hindu] Article: https://www.thehindu.com/news/national/karnataka/divide-belagavi-district-for-administrative-convenience-says-balachandra-jarkiholi/article70342112.ece
2025-11-30 16:31:23,378 - INFO - [The Hindu] Attempt 1/1: Trying with 'selenium_browser' strategy...
2025-11-30 16:31:23,380 - INFO - [BBC] Article: https://www.bbc.com/news/articles/cvgj9dd983xo?at_medium=RSS&at_campaign=rss
2025-11-30 16:31:23,381 - INFO - [BBC] Attempt 1/1: Trying with 'requests_browser' strategy...
2025-11-30 16:31:23,688 - INFO - [BBC] Success with 'requests_browser'. Found content (790 words).
2025-11-30 16:31:23,735 - INFO - Duplicate article skipped: Nigeria blames jihadist groups for wave of kidnappings but others accuse criminal gangs from BBC
2025-11-30 16:31:24,101 - INFO - [The Guardian] Article: https://www.theguardian.com/australia-news/2025/dec/01/gen-z-suicide-self-harm-more-other-generations
2025-11-30 16:31:24,101 - INFO - [The Guardian] Attempt 1/1: Trying with 'requests_browser' strategy...
2025-11-30 16:31:24,132 - INFO - [The Guardian] Success with 'requests_browser'. Found content (732 words).
2025-11-30 16:31:24,181 - INFO - Duplicate article skipped: Gen Z Australians are attempting suicide and self-harming more than previous generations, study finds | Health | The Guardian from The Guardian
2025-11-30 16:31:24,383 - INFO - [The Hindu] Page content loaded.
2025-11-30 16:31:24,444 - INFO - [The Hindu] Success with 'selenium_browser'. Found content (254 words).
2025-11-30 16:31:24,667 - INFO - [BBC] Article: https://www.bbc.com/news/articles/c1kpm0rvxepo?at_medium=RSS&at_campaign=rss
2025-11-30 16:31:24,667 - INFO - [BBC] Attempt 1/1: Trying with 'requests_browser' strategy...
2025-11-30 16:31:25,034 - INFO - [The Guardian] Article: https://www.theguardian.com/australia-news/2025/dec/01/senior-queensland-police-defended-detectives-victim-blaming-comments-hannah-clarke-murder
2025-11-30 16:31:25,034 - INFO - [The Guardian] Attempt 1/1: Trying with 'requests_browser' strategy...
2025-11-30 16:31:25,139 - INFO - [The Guardian] Success with 'requests_browser'. Found content (932 words).
2025-11-30 16:31:25,454 - INFO - [BBC] Success with 'requests_browser'. Found content (557 words).
2025-11-30 16:31:37,602 - INFO - Saved article: Divide Belagavi district for administrative convenience, says Balachandra Jarkiholi - The Hindu from The Hindu
2025-11-30 16:31:37,602 - INFO - Duplicate article skipped: ‘Victim blaming’ comments after Hannah Clarke murders were part of botched police media strategy | Australian police and policing | The Guardian from The Guardian
2025-11-30 16:31:37,603 - INFO - Duplicate article skipped: Trump says he will pardon ex-Honduras president convicted of drug trafficking from BBC
2025-11-30 16:31:38,151 - INFO - [The Guardian] Article: https://www.theguardian.com/australia-news/live/2025/nov/30/australia-news-live-jetstar-flights-resume-anthony-albanese-sussan-ley-labor-part-coalition-melbourne-metro-tunnel-ntwnfb
2025-11-30 16:31:38,152 - INFO - [The Guardian] Attempt 1/1: Trying with 'requests_browser' strategy...
2025-11-30 16:31:38,210 - INFO - [The Hindu] Article: https://www.thehindu.com/news/national/karnataka/52-mobile-phones-sim-cards-seized-in-two-day-raids-at-parappana-agrahara-prison/article70341278.ece
2025-11-30 16:31:38,210 - INFO - [The Hindu] Attempt 1/1: Trying with 'selenium_browser' strategy...
2025-11-30 16:31:38,296 - INFO - [BBC] Article: https://www.bbc.com/news/articles/c4g6we59qe4o?at_medium=RSS&at_campaign=rss
2025-11-30 16:31:38,296 - INFO - [BBC] Attempt 1/1: Trying with 'requests_browser' strategy...
2025-11-30 16:31:38,477 - INFO - [The Guardian] Success with 'requests_browser'. Found content (2440 words).
2025-11-30 16:31:38,792 - INFO - Duplicate article skipped: Ley says Coalition’s migration principles will include ‘issues around language and values’ – as it happened | Australia news | The Guardian from The Guardian
2025-11-30 16:31:38,806 - INFO - [BBC] Success with 'requests_browser'. Found content (1841 words).
2025-11-30 16:31:38,905 - INFO - Duplicate article skipped: Nigeria's kidnapping crisis: 'Too scared to speak' - villagers on living in the midst of bandits from BBC
2025-11-30 16:31:39,430 - INFO - [The Hindu] Page content loaded.
2025-11-30 16:31:39,484 - INFO - [The Hindu] Success with 'selenium_browser'. Found content (342 words).
2025-11-30 16:31:40,168 - INFO - [BBC] Article: https://www.bbc.com/news/articles/c2465lndrnno?at_medium=RSS&at_campaign=rss
2025-11-30 16:31:40,168 - INFO - [BBC] Attempt 1/1: Trying with 'requests_browser' strategy...
2025-11-30 16:31:40,186 - INFO - [The Guardian] Article: https://www.theguardian.com/environment/2025/nov/30/rising-tide-protest-climate-activists-stop-three-ships-from-entering-worlds-largest-coal-port-in-newcastle
2025-11-30 16:31:40,186 - INFO - [The Guardian] Attempt 1/1: Trying with 'requests_browser' strategy...
2025-11-30 16:31:40,307 - INFO - [BBC] Success with 'requests_browser'. Found content (1352 words).
2025-11-30 16:31:40,543 - INFO - [The Guardian] Success with 'requests_browser'. Found content (847 words).
2025-11-30 16:31:52,393 - INFO - Saved article: 52 mobile phones, SIM cards seized in two-day raids at Parappana Agrahara prison - The Hindu from The Hindu
2025-11-30 16:31:52,393 - INFO - Duplicate article skipped: Will new warning labels in Ireland turn people away from alcohol? from BBC
2025-11-30 16:31:52,393 - INFO - Duplicate article skipped: Rising Tide protest: climate activists stop three ships from entering world’s largest coal port in Newcastle | Newcastle and the Hunter | The Guardian from The Guardian
2025-11-30 16:31:53,174 - INFO - [The Guardian] Article: https://www.theguardian.com/australia-news/2025/nov/30/couple-from-kazakhstan-allegedly-used-hidden-camera-and-earpieces-to-win-118m-from-sydneys-crown-casino
2025-11-30 16:31:53,174 - INFO - [The Guardian] Attempt 1/1: Trying with 'requests_browser' strategy...
2025-11-30 16:31:53,203 - INFO - [The Guardian] Success with 'requests_browser'. Found content (361 words).
2025-11-30 16:31:53,253 - INFO - Duplicate article skipped: Couple from Kazakhstan allegedly used hidden camera and earpieces to win $1.18m from Sydney’s Crown casino | Gambling | The Guardian from The Guardian
2025-11-30 16:31:53,823 - INFO - [The Hindu] Article: https://www.thehindu.com/news/national/bihar/aim-to-lift-bihar-urbanisation-rate-to-national-average-nitin-nabin/article70342104.ece
2025-11-30 16:31:53,823 - INFO - [The Hindu] Attempt 1/1: Trying with 'selenium_browser' strategy...
2025-11-30 16:31:53,880 - INFO - [BBC] Article: https://www.bbc.com/news/articles/c5yq6g1gv4jo?at_medium=RSS&at_campaign=rss
2025-11-30 16:31:53,880 - INFO - [BBC] Attempt 1/1: Trying with 'requests_browser' strategy...
2025-11-30 16:31:54,508 - ERROR - [Times of India] Request failed for strategy 'selenium_browser' on URL https://timesofindia.indiatimes.com/world/rest-of-world/global-first-turkish-uav-shoots-down-aircraft-with-bvr-air-to-air-missile-company-lauds-pinpoint-accuracy-watch/articleshow/125674346.cms: HTTPConnectionPool(host='localhost', port=46795): Read timed out. (read timeout=120)
2025-11-30 16:31:54,509 - ERROR - [Times of India] All scrape strategies failed for https://timesofindia.indiatimes.com/world/rest-of-world/global-first-turkish-uav-shoots-down-aircraft-with-bvr-air-to-air-missile-company-lauds-pinpoint-accuracy-watch/articleshow/125674346.cms. Falling back to RSS description.
2025-11-30 16:31:54,510 - INFO - Duplicate article skipped: 'Global first': Turkey's drone shoots down aircraft with air-to-air missile - watch from Times of India
2025-11-30 16:31:54,852 - INFO - [BBC] Success with 'requests_browser'. Found content (1317 words).
2025-11-30 16:31:54,907 - INFO - Duplicate article skipped: Israel Gaza war: Why I spend hours painstakingly repairing banknotes from BBC
2025-11-30 16:31:55,039 - INFO - [The Hindu] Page content loaded.
2025-11-30 16:31:55,257 - INFO - [The Hindu] Success with 'selenium_browser'. Found content (375 words).
2025-11-30 16:31:55,421 - INFO - [BBC] Article: https://www.bbc.com/news/articles/cz0nljm4y74o?at_medium=RSS&at_campaign=rss
2025-11-30 16:31:55,421 - INFO - [BBC] Attempt 1/1: Trying with 'requests_browser' strategy...
2025-11-30 16:31:55,608 - INFO - [BBC] Success with 'requests_browser'. Found content (844 words).
2025-11-30 16:31:55,823 - INFO - [Times of India] Article: https://timesofindia.indiatimes.com/world/uk/british-man-arrested-for-posing-with-a-gun-in-us-elon-musk-furious/articleshow/125674330.cms
2025-11-30 16:31:55,824 - INFO - [Times of India] Attempt 1/1: Trying with 'selenium_browser' strategy...
2025-11-30 16:32:07,697 - INFO - Saved article: Aim is to lift State’s urbanisation rate to national average: Bihar Minister Nitin Nabin - The Hindu from The Hindu
2025-11-30 16:32:07,698 - INFO - Duplicate article skipped: Andriy Yermak: How Zelensky's right-hand man fell from power from BBC
2025-11-30 16:32:08,480 - INFO - [The Hindu] Article: https://www.thehindu.com/news/national/telangana/robbery-case-cracked-within-24-hours-of-crime-in-jagtial/article70342550.ece
2025-11-30 16:32:08,480 - INFO - [The Hindu] Attempt 1/1: Trying with 'selenium_browser' strategy...
2025-11-30 16:32:09,574 - INFO - [The Hindu] Page content loaded.
2025-11-30 16:32:09,641 - INFO - [The Hindu] Success with 'selenium_browser'. Found content (149 words).
2025-11-30 16:32:22,164 - INFO - Saved article: Robbery case cracked within 24 hours of crime in Jagtial - The Hindu from The Hindu
2025-11-30 16:32:23,449 - INFO - [The Hindu] Article: https://www.thehindu.com/news/national/karnataka/woman-loses-205-crore-to-digital-arrest-scam/article70341184.ece
2025-11-30 16:32:23,449 - INFO - [The Hindu] Attempt 1/1: Trying with 'selenium_browser' strategy...
2025-11-30 16:32:24,584 - INFO - [The Hindu] Page content loaded.
2025-11-30 16:32:24,735 - INFO - [The Hindu] Success with 'selenium_browser'. Found content (372 words).
2025-11-30 16:32:37,459 - INFO - DEDUPLICATION: Found match (Score: 0.72). Linking to Cluster ID: e3511c07-5696-4ace-9372-6064ef8b0c08
2025-11-30 16:32:37,461 - INFO - Saved article: Woman loses ₹2.05 crore to ‘digital arrest’ scam - The Hindu from The Hindu
2025-11-30 16:32:38,882 - INFO - [The Hindu] Article: https://www.thehindu.com/news/national/telangana/two-killed-two-others-injured-as-lorry-rams-into-moped-and-motorcycle-in-karimnagar/article70342794.ece
2025-11-30 16:32:38,882 - INFO - [The Hindu] Attempt 1/1: Trying with 'selenium_browser' strategy...
2025-11-30 16:32:39,913 - INFO - [The Hindu] Page content loaded.
2025-11-30 16:32:39,996 - INFO - [The Hindu] Success with 'selenium_browser'. Found content (149 words).
2025-11-30 16:32:52,574 - INFO - Saved article: Two killed, two others injured as lorry rams into moped and motorcycle in Karimnagar - The Hindu from The Hindu
2025-11-30 16:32:53,426 - INFO - [The Hindu] Article: https://www.thehindu.com/news/national/karnataka/man-arrested-for-stabbing-woman-to-death-in-seshadripuram/article70342200.ece
2025-11-30 16:32:53,426 - INFO - [The Hindu] Attempt 1/1: Trying with 'selenium_browser' strategy...
2025-11-30 16:32:54,565 - INFO - [The Hindu] Page content loaded.
2025-11-30 16:32:54,677 - INFO - [The Hindu] Success with 'selenium_browser'. Found content (206 words).
2025-11-30 16:33:06,490 - INFO - Saved article: Man arrested for stabbing woman to death in Seshadripuram - The Hindu from The Hindu
2025-11-30 16:33:07,018 - INFO - [The Hindu] Article: https://www.thehindu.com/news/national/andhra-pradesh/rains-lash-andhras-nellore-more-in-store-for-monday/article70341359.ece
2025-11-30 16:33:07,018 - INFO - [The Hindu] Attempt 1/1: Trying with 'selenium_browser' strategy...
2025-11-30 16:33:07,924 - INFO - [The Hindu] Page content loaded.
2025-11-30 16:33:07,967 - INFO - [The Hindu] Success with 'selenium_browser'. Found content (400 words).
2025-11-30 16:33:20,188 - INFO - DEDUPLICATION: Found match (Score: 0.86). Linking to Cluster ID: 0ea70551-74c8-4d4d-8e17-bd2ed0ae19ac
2025-11-30 16:33:20,190 - INFO - Saved article: Rains lash Andhra’s Nellore, more in store for Monday - The Hindu from The Hindu
2025-11-30 16:33:21,559 - INFO - [The Hindu] Article: https://www.thehindu.com/news/national/ec-tells-supreme-court-centres-citizenship-scrutiny-powers-are-limited/article70342545.ece
2025-11-30 16:33:21,559 - INFO - [The Hindu] Attempt 1/1: Trying with 'selenium_browser' strategy...
2025-11-30 16:33:22,670 - INFO - [The Hindu] Page content loaded.
2025-11-30 16:33:22,758 - INFO - [The Hindu] Success with 'selenium_browser'. Found content (615 words).
2025-11-30 16:33:34,538 - INFO - Saved article: EC tells Supreme Court Centre’s citizenship scrutiny powers are limited - The Hindu from The Hindu
2025-11-30 16:33:35,132 - INFO - [The Hindu] Article: https://www.thehindu.com/news/national/kerala/cpim-fielding-candidates-with-criminal-links-satheesan/article70341460.ece
2025-11-30 16:33:35,132 - INFO - [The Hindu] Attempt 1/1: Trying with 'selenium_browser' strategy...
2025-11-30 16:33:36,121 - INFO - [The Hindu] Page content loaded.
2025-11-30 16:33:36,197 - INFO - [The Hindu] Success with 'selenium_browser'. Found content (617 words).
2025-11-30 16:33:48,554 - INFO - Saved article: CPI(M) fielding candidates with criminal links: Satheesan - The Hindu from The Hindu
2025-11-30 16:33:49,584 - INFO - [The Hindu] Article: https://www.thehindu.com/news/national/andhra-pradesh/cyclone-ditwah-officials-gear-up-relief-measures/article70342604.ece
2025-11-30 16:33:49,585 - INFO - [The Hindu] Attempt 1/1: Trying with 'selenium_browser' strategy...
2025-11-30 16:33:50,631 - INFO - [The Hindu] Page content loaded.
2025-11-30 16:33:50,731 - INFO - [The Hindu] Success with 'selenium_browser'. Found content (370 words).
2025-11-30 16:33:55,925 - ERROR - [Times of India] Request failed for strategy 'selenium_browser' on URL https://timesofindia.indiatimes.com/world/uk/british-man-arrested-for-posing-with-a-gun-in-us-elon-musk-furious/articleshow/125674330.cms: HTTPConnectionPool(host='localhost', port=46795): Read timed out. (read timeout=120)
2025-11-30 16:33:55,925 - ERROR - [Times of India] All scrape strategies failed for https://timesofindia.indiatimes.com/world/uk/british-man-arrested-for-posing-with-a-gun-in-us-elon-musk-furious/articleshow/125674330.cms. Falling back to RSS description.
2025-11-30 16:34:03,625 - INFO - DEDUPLICATION: Found match (Score: 0.73). Linking to Cluster ID: 0ea70551-74c8-4d4d-8e17-bd2ed0ae19ac
2025-11-30 16:34:03,627 - INFO - Saved article: Cyclone Ditwah: Officials on alert - The Hindu from The Hindu
2025-11-30 16:34:03,628 - INFO - Duplicate article skipped: British man arrested for posing with a gun in US, Elon Musk furious from Times of India
2025-11-30 16:34:04,496 - INFO - [Times of India] Article: https://timesofindia.indiatimes.com/world/us/i-use-the-plane-less-than-my-predecessors-kash-patel-defends-himself-over-claims-he-used-an-fbi-jet-to-see-his-girlfriend/articleshow/125673505.cms
2025-11-30 16:34:04,496 - INFO - [Times of India] Attempt 1/1: Trying with 'selenium_browser' strategy...
2025-11-30 16:34:04,909 - INFO - [The Hindu] Article: https://www.thehindu.com/news/national/karnataka/cm-stresses-need-to-protect-dialects/article70342553.ece
2025-11-30 16:34:04,909 - INFO - [The Hindu] Attempt 1/1: Trying with 'selenium_browser' strategy...
2025-11-30 16:34:06,129 - INFO - [The Hindu] Page content loaded.
2025-11-30 16:34:06,218 - INFO - [The Hindu] Success with 'selenium_browser'. Found content (243 words).
2025-11-30 16:34:18,870 - INFO - Saved article: CM stresses need to protect dialects - The Hindu from The Hindu
2025-11-30 16:34:19,426 - INFO - [The Hindu] Article: https://www.thehindu.com/news/national/andhra-pradesh/5000-students-showcase-creative-skills-at-godavari-balotsav/article70342013.ece
2025-11-30 16:34:19,426 - INFO - [The Hindu] Attempt 1/1: Trying with 'selenium_browser' strategy...
2025-11-30 16:34:20,584 - INFO - [The Hindu] Page content loaded.
2025-11-30 16:34:20,715 - INFO - [The Hindu] Success with 'selenium_browser'. Found content (87 words).
2025-11-30 16:34:33,249 - INFO - Saved article: 5,000 students showcase creative skills at Godavari Balotsav - The Hindu from The Hindu
2025-11-30 16:34:34,466 - INFO - [The Hindu] Article: https://www.thehindu.com/news/national/jammu-and-kashmir/vpn-services-suspended-in-poonch-rajouri-districts-in-jk-for-two-months/article70342504.ece
2025-11-30 16:34:34,466 - INFO - [The Hindu] Attempt 1/1: Trying with 'selenium_browser' strategy...
2025-11-30 16:34:35,576 - INFO - [The Hindu] Page content loaded.
2025-11-30 16:34:35,737 - INFO - [The Hindu] Success with 'selenium_browser'. Found content (260 words).
2025-11-30 16:34:48,016 - INFO - Saved article: VPN services suspended in Poonch, Rajouri districts in J&K for two months - The Hindu from The Hindu
2025-11-30 16:34:48,017 - CRITICAL - --- TIMEOUT: 2 scrape jobs did not complete in 300s. ---
2025-11-30 16:34:48,017 - ERROR - A thread has timed out and will be abandoned.
2025-11-30 16:34:48,017 - ERROR - A thread has timed out and will be abandoned.
2025-11-30 16:34:48,017 - INFO - Shutting down thread pool (wait=False)...
2025-11-30 16:34:48,017 - INFO - Scraped: 1 BBC, 0 The Guardian, 2 Timed_Out_Jobs articles. (Total saved: 1)
2025-11-30 16:34:48,017 - INFO - --- Scraping job finished ---
2025-11-30 16:34:48,018 - INFO - --- Scraper service stopped and database connection closed. ---
2025-11-30 16:34:48,018 - INFO - --- Main thread finished. Forcing process exit to kill zombie threads. ---
