2025-11-30 13:30:48,892 - INFO - Loading AI Semantic Model (all-MiniLM-L6-v2)...
2025-11-30 13:30:48,893 - INFO - Use pytorch device_name: cpu
2025-11-30 13:30:48,893 - INFO - Load pretrained SentenceTransformer: all-MiniLM-L6-v2
2025-11-30 13:30:49,637 - INFO - AI Model loaded successfully.
2025-11-30 13:30:49,637 - INFO - Initializing database connection at: news_articles.db
2025-11-30 13:30:49,637 - INFO - --- Scraper service started (CI Mode: Run Once) ---
2025-11-30 13:30:49,638 - INFO - --- Starting new scraping job (Parallel Mode) ---
2025-11-30 13:30:49,638 - INFO - Creating new robust session with 3 retries on 5xx/connection/read errors.
2025-11-30 13:30:49,638 - INFO - Proxy is DISABLED.
2025-11-30 13:30:49,638 - INFO - Starting scrape for BBC RSS feed: http://feeds.bbci.co.uk/news/world/rss.xml
2025-11-30 13:30:49,639 - INFO - [Times of India] (Thread) requires Selenium. Initializing driver...
2025-11-30 13:30:49,639 - INFO - Initializing headless Selenium Chrome driver (using SeleniumManager)...
2025-11-30 13:30:49,639 - INFO - Starting scrape for The Guardian RSS feed: https://www.theguardian.com/world/rss
2025-11-30 13:30:49,641 - INFO - [The Hindu] (Thread) requires Selenium. Initializing driver...
2025-11-30 13:30:49,641 - INFO - Initializing headless Selenium Chrome driver (using SeleniumManager)...
2025-11-30 13:30:49,641 - INFO - Submitted 4 jobs to thread pool. Waiting up to 300s for completion...
2025-11-30 13:30:49,920 - INFO - Found 29 articles in BBC RSS feed. Processing up to 20.
2025-11-30 13:30:49,921 - INFO - [BBC] Article: https://www.bbc.com/news/articles/c5y9ejley9do?at_medium=RSS&at_campaign=rss
2025-11-30 13:30:49,921 - INFO - [BBC] Attempt 1/1: Trying with 'requests_browser' strategy...
2025-11-30 13:30:49,924 - INFO - Found 45 articles in The Guardian RSS feed. Processing up to 20.
2025-11-30 13:30:49,925 - INFO - [The Guardian] Article: https://www.theguardian.com/world/2025/nov/28/jacob-zuma-daughter-resigns-claims-south-africans-tricked-fight-russia
2025-11-30 13:30:49,925 - INFO - [The Guardian] Attempt 1/1: Trying with 'requests_browser' strategy...
2025-11-30 13:30:49,951 - INFO - [The Guardian] Success with 'requests_browser'. Found content (753 words).
2025-11-30 13:30:49,986 - INFO - Duplicate article skipped: Jacob Zuma’s daughter resigns amid claims South Africans tricked to fight for Russia | South Africa | The Guardian from The Guardian
2025-11-30 13:30:50,286 - INFO - [BBC] Success with 'requests_browser'. Found content (711 words).
2025-11-30 13:30:50,325 - INFO - Duplicate article skipped: Death toll from Indonesia flooding and landslides rises to 417 from BBC
2025-11-30 13:30:50,745 - INFO - [The Guardian] Article: https://www.theguardian.com/environment/2025/nov/28/africa-forests-transformed-carbon-sink-carbon-source-study
2025-11-30 13:30:50,745 - INFO - [The Guardian] Attempt 1/1: Trying with 'requests_browser' strategy...
2025-11-30 13:30:50,767 - INFO - [The Guardian] Success with 'requests_browser'. Found content (458 words).
2025-11-30 13:30:50,810 - INFO - Duplicate article skipped: Africa’s forests transformed from carbon sink to carbon source, study finds | Climate crisis | The Guardian from The Guardian
2025-11-30 13:30:51,252 - INFO - [BBC] Article: https://www.bbc.com/news/articles/c4gv76r5qpvo?at_medium=RSS&at_campaign=rss
2025-11-30 13:30:51,252 - INFO - [BBC] Attempt 1/1: Trying with 'requests_browser' strategy...
2025-11-30 13:30:51,284 - INFO - [BBC] Success with 'requests_browser'. Found content (502 words).
2025-11-30 13:30:51,320 - INFO - Duplicate article skipped: Benjamin Netanyahu seeks pardon from the Israeli president from BBC
2025-11-30 13:30:51,415 - INFO - [The Guardian] Article: https://www.theguardian.com/world/2025/nov/26/guinea-bissau-officers-take-total-control-close-borders-amid-election-chaos
2025-11-30 13:30:51,415 - INFO - [The Guardian] Attempt 1/1: Trying with 'requests_browser' strategy...
2025-11-30 13:30:51,435 - INFO - [The Guardian] Success with 'requests_browser'. Found content (412 words).
2025-11-30 13:30:51,471 - INFO - Duplicate article skipped: Guinea-Bissau military takes ‘total control’ amid election chaos | Guinea-Bissau | The Guardian from The Guardian
2025-11-30 13:30:52,044 - INFO - [BBC] Article: https://www.bbc.com/news/articles/c741mpdyw9no?at_medium=RSS&at_campaign=rss
2025-11-30 13:30:52,044 - INFO - [BBC] Attempt 1/1: Trying with 'requests_browser' strategy...
2025-11-30 13:30:52,070 - INFO - [BBC] Success with 'requests_browser'. Found content (519 words).
2025-11-30 13:30:52,105 - INFO - Duplicate article skipped: Venezuela calls Trump airspace closure warning 'colonialist threat' from BBC
2025-11-30 13:30:52,348 - INFO - [The Guardian] Article: https://www.theguardian.com/world/2025/nov/25/nigerian-schoolgirls-rescued-after-mass-abduction-in-kebbi
2025-11-30 13:30:52,348 - INFO - [The Guardian] Attempt 1/1: Trying with 'requests_browser' strategy...
2025-11-30 13:30:52,530 - INFO - [The Guardian] Success with 'requests_browser'. Found content (515 words).
2025-11-30 13:30:52,573 - INFO - Duplicate article skipped: Nigerian schoolgirls rescued after mass abduction in Kebbi | Nigeria | The Guardian from The Guardian
2025-11-30 13:30:53,242 - INFO - [The Guardian] Article: https://www.theguardian.com/world/2025/nov/25/jacob-zuma-daughter-accused-tricking-men-fighting-for-russia-in-ukraine
2025-11-30 13:30:53,242 - INFO - [The Guardian] Attempt 1/1: Trying with 'requests_browser' strategy...
2025-11-30 13:30:53,274 - INFO - [The Guardian] Success with 'requests_browser'. Found content (656 words).
2025-11-30 13:30:53,319 - INFO - Duplicate article skipped: Jacob Zuma’s daughter accused of tricking men into fighting for Russia in Ukraine | South Africa | The Guardian from The Guardian
2025-11-30 13:30:53,418 - INFO - [BBC] Article: https://www.bbc.com/news/articles/cp34yk7z6yxo?at_medium=RSS&at_campaign=rss
2025-11-30 13:30:53,418 - INFO - [BBC] Attempt 1/1: Trying with 'requests_browser' strategy...
2025-11-30 13:30:53,451 - INFO - [BBC] Success with 'requests_browser'. Found content (712 words).
2025-11-30 13:30:53,489 - INFO - Duplicate article skipped: Hong Kong fire: Death toll rises to 146 as thousands pay their respects from BBC
2025-11-30 13:30:53,847 - INFO - [The Guardian] Article: https://www.theguardian.com/world/2025/nov/29/donald-trump-venezuela-airspace-closure
2025-11-30 13:30:53,847 - INFO - [The Guardian] Attempt 1/1: Trying with 'requests_browser' strategy...
2025-11-30 13:30:53,871 - INFO - [The Guardian] Success with 'requests_browser'. Found content (363 words).
2025-11-30 13:30:53,914 - INFO - Duplicate article skipped: Venezuela denounces ‘colonialist threat’ as Trump orders airspace closed | Venezuela | The Guardian from The Guardian
2025-11-30 13:30:54,409 - INFO - [BBC] Article: https://www.bbc.com/news/articles/cvg81p61dnmo?at_medium=RSS&at_campaign=rss
2025-11-30 13:30:54,409 - INFO - [BBC] Attempt 1/1: Trying with 'requests_browser' strategy...
2025-11-30 13:30:54,433 - INFO - [BBC] Success with 'requests_browser'. Found content (308 words).
2025-11-30 13:30:54,470 - INFO - Duplicate article skipped: Stockton mass shooting: Four killed at California family gathering from BBC
2025-11-30 13:30:54,678 - INFO - [The Guardian] Article: https://www.theguardian.com/us-news/2025/nov/29/pete-hegseth-denies-ordering-deaths-narco-boat
2025-11-30 13:30:54,678 - INFO - [The Guardian] Attempt 1/1: Trying with 'requests_browser' strategy...
2025-11-30 13:30:54,703 - INFO - [The Guardian] Success with 'requests_browser'. Found content (846 words).
2025-11-30 13:30:54,746 - INFO - Duplicate article skipped: Pete Hegseth denies he gave orders to ‘kill everybody’ on alleged ‘narco-boat’ | Pete Hegseth | The Guardian from The Guardian
2025-11-30 13:30:55,614 - INFO - [The Guardian] Article: https://www.theguardian.com/world/2025/nov/29/uk-mps-extra-aid-humanitarian-visas-jamaica-hurricane-melissa-dawn-butler
2025-11-30 13:30:55,614 - INFO - [The Guardian] Attempt 1/1: Trying with 'requests_browser' strategy...
2025-11-30 13:30:55,639 - INFO - [The Guardian] Success with 'requests_browser'. Found content (873 words).
2025-11-30 13:30:55,671 - INFO - [BBC] Article: https://www.bbc.com/news/articles/c075zd0j2j3o?at_medium=RSS&at_campaign=rss
2025-11-30 13:30:55,676 - INFO - [BBC] Attempt 1/1: Trying with 'requests_browser' strategy...
2025-11-30 13:30:55,681 - INFO - Duplicate article skipped: UK MPs push for extra aid and visas as Jamaica reels from Hurricane Melissa | Jamaica | The Guardian from The Guardian
2025-11-30 13:30:55,710 - INFO - [BBC] Success with 'requests_browser'. Found content (313 words).
2025-11-30 13:30:55,753 - INFO - Duplicate article skipped: Kazakh pair accused of using spycam and earpieces to win A$1.2m in casino from BBC
2025-11-30 13:30:55,941 - INFO - Selenium driver initialized successfully.
2025-11-30 13:30:55,942 - INFO - Selenium driver initialized successfully.
2025-11-30 13:30:55,942 - INFO - Starting scrape for Times of India RSS feed: https://timesofindia.indiatimes.com/rssfeeds/296589292.cms
2025-11-30 13:30:55,942 - INFO - Starting scrape for The Hindu RSS feed: https://www.thehindu.com/news/national/feeder/default.rss
2025-11-30 13:30:56,118 - INFO - Found 100 articles in The Hindu RSS feed. Processing up to 20.
2025-11-30 13:30:56,118 - INFO - [The Hindu] Article: https://www.thehindu.com/news/national/karnataka/retired-police-officer-found-dead-in-davangere/article70341677.ece
2025-11-30 13:30:56,118 - INFO - [The Hindu] Attempt 1/1: Trying with 'selenium_browser' strategy...
2025-11-30 13:30:56,153 - INFO - Found 20 articles in Times of India RSS feed. Processing up to 20.
2025-11-30 13:30:56,153 - INFO - [Times of India] Article: https://timesofindia.indiatimes.com/world/us/i-use-the-plane-less-than-my-predecessors-kash-patel-defends-himself-over-claims-he-used-an-fbi-jet-to-see-his-girlfriend/articleshow/125673505.cms
2025-11-30 13:30:56,153 - INFO - [Times of India] Attempt 1/1: Trying with 'selenium_browser' strategy...
2025-11-30 13:30:56,294 - INFO - [The Guardian] Article: https://www.theguardian.com/us-news/2025/nov/28/trump-pardon-honduras-hernandez-drugs
2025-11-30 13:30:56,294 - INFO - [The Guardian] Attempt 1/1: Trying with 'requests_browser' strategy...
2025-11-30 13:30:56,319 - INFO - [The Guardian] Success with 'requests_browser'. Found content (558 words).
2025-11-30 13:30:56,361 - INFO - Duplicate article skipped: Trump to pardon ex-Honduras leader serving drug trafficking sentence in US | Donald Trump | The Guardian from The Guardian
2025-11-30 13:30:56,465 - INFO - [BBC] Article: https://www.bbc.com/news/articles/cp9ky5z2gx0o?at_medium=RSS&at_campaign=rss
2025-11-30 13:30:56,466 - INFO - [BBC] Attempt 1/1: Trying with 'requests_browser' strategy...
2025-11-30 13:30:56,497 - INFO - [BBC] Success with 'requests_browser'. Found content (508 words).
2025-11-30 13:30:56,538 - INFO - Duplicate article skipped: Ukraine hits tankers in Black Sea in escalation against Russia from BBC
2025-11-30 13:30:57,357 - INFO - [The Guardian] Article: https://www.theguardian.com/us-news/2025/nov/28/college-student-deported-boston-flight-thanksgiving
2025-11-30 13:30:57,358 - INFO - [The Guardian] Attempt 1/1: Trying with 'requests_browser' strategy...
2025-11-30 13:30:57,404 - INFO - [The Guardian] Success with 'requests_browser'. Found content (274 words).
2025-11-30 13:30:57,474 - INFO - Duplicate article skipped: College student deported when flying home for Thanksgiving, despite court order | ICE (US Immigration and Customs Enforcement) | The Guardian from The Guardian
2025-11-30 13:30:57,634 - INFO - [BBC] Article: https://www.bbc.com/news/articles/c8e97kl240lo?at_medium=RSS&at_campaign=rss
2025-11-30 13:30:57,635 - INFO - [BBC] Attempt 1/1: Trying with 'requests_browser' strategy...
2025-11-30 13:30:58,346 - INFO - [The Guardian] Article: https://www.theguardian.com/world/2025/nov/30/hong-kong-mourns-as-apartment-blaze-death-toll-rises
2025-11-30 13:30:58,346 - INFO - [The Guardian] Attempt 1/1: Trying with 'requests_browser' strategy...
2025-11-30 13:30:58,484 - INFO - [The Guardian] Success with 'requests_browser'. Found content (697 words).
2025-11-30 13:30:58,665 - INFO - Duplicate article skipped: Hong Kong mourns as apartment fire death toll rises to 146 | Hong Kong apartment fires | The Guardian from The Guardian
2025-11-30 13:30:58,881 - INFO - [BBC] Success with 'requests_browser'. Found content (324 words).
2025-11-30 13:30:58,970 - INFO - Duplicate article skipped: More than 70,000 killed in Gaza since Israel offensive began, Hamas-run health ministry says from BBC
2025-11-30 13:30:59,573 - INFO - [The Guardian] Article: https://www.theguardian.com/world/2025/nov/30/japan-one-piece-singer-maki-otsuki-stopped-mid-performance-as-japan-china-relations-sour
2025-11-30 13:30:59,573 - INFO - [The Guardian] Attempt 1/1: Trying with 'requests_browser' strategy...
2025-11-30 13:30:59,646 - INFO - [The Guardian] Success with 'requests_browser'. Found content (310 words).
2025-11-30 13:30:59,737 - INFO - Duplicate article skipped: Japan ‘One Piece’ singer stopped mid-performance as Japan-China relations sour | Japan | The Guardian from The Guardian
2025-11-30 13:31:00,190 - INFO - [BBC] Article: https://www.bbc.com/news/articles/c93wnyxjkxko?at_medium=RSS&at_campaign=rss
2025-11-30 13:31:00,190 - INFO - [BBC] Attempt 1/1: Trying with 'requests_browser' strategy...
2025-11-30 13:31:00,286 - INFO - [BBC] Success with 'requests_browser'. Found content (309 words).
2025-11-30 13:31:00,406 - INFO - Duplicate article skipped: French farm has €90,000 worth of escargot snails stolen from BBC
2025-11-30 13:31:01,030 - INFO - [The Guardian] Article: https://www.theguardian.com/us-news/ng-interactive/2025/nov/30/all-the-presidents-millions-how-the-trumps-are-turning-the-presidency-into-riches
2025-11-30 13:31:01,031 - INFO - [The Guardian] Attempt 1/1: Trying with 'requests_browser' strategy...
2025-11-30 13:31:01,213 - INFO - [The Guardian] Success with 'requests_browser'. Found content (2453 words).
2025-11-30 13:31:01,278 - INFO - Duplicate article skipped: All the president’s millions: how the Trumps are turning the presidency into riches | Donald Trump | The Guardian from The Guardian
2025-11-30 13:31:01,296 - INFO - [BBC] Article: https://www.bbc.com/news/articles/cp39yw120kdo?at_medium=RSS&at_campaign=rss
2025-11-30 13:31:01,296 - INFO - [BBC] Attempt 1/1: Trying with 'requests_browser' strategy...
2025-11-30 13:31:01,326 - INFO - [BBC] Success with 'requests_browser'. Found content (376 words).
2025-11-30 13:31:01,402 - INFO - Duplicate article skipped: The Wiggles issue statement after appearing in Ecstasy music video from BBC
2025-11-30 13:31:01,977 - INFO - [The Guardian] Article: https://www.theguardian.com/news/2025/nov/30/anger-mounts-in-hong-kong-over-apartment-fires-as-beijing-warns-against-anti-china-disruptors
2025-11-30 13:31:01,977 - INFO - [The Guardian] Attempt 1/1: Trying with 'requests_browser' strategy...
2025-11-30 13:31:02,006 - INFO - [The Guardian] Success with 'requests_browser'. Found content (560 words).
2025-11-30 13:31:02,642 - INFO - [BBC] Article: https://www.bbc.com/news/articles/c4gp917zr8no?at_medium=RSS&at_campaign=rss
2025-11-30 13:31:02,642 - INFO - [BBC] Attempt 1/1: Trying with 'requests_browser' strategy...
2025-11-30 13:31:02,706 - INFO - Duplicate article skipped: Anger mounts in Hong Kong over apartment fires as Beijing warns against ‘anti-China disruptors’ | Hong Kong apartment fires | The Guardian from The Guardian
2025-11-30 13:31:02,774 - INFO - [BBC] Success with 'requests_browser'. Found content (355 words).
2025-11-30 13:31:02,906 - INFO - Duplicate article skipped: Pope Leo visits Istanbul's Blue Mosque from BBC
2025-11-30 13:31:03,753 - INFO - [The Guardian] Article: https://www.theguardian.com/world/2025/nov/29/indonesia-and-thailand-flooding-death-toll-tops-350-as-rescuers-struggle-to-reach-worst-hit-areas
2025-11-30 13:31:03,754 - INFO - [The Guardian] Attempt 1/1: Trying with 'requests_browser' strategy...
2025-11-30 13:31:03,900 - INFO - [The Guardian] Success with 'requests_browser'. Found content (645 words).
2025-11-30 13:31:04,030 - INFO - Duplicate article skipped: At least 500 killed in south-east Asia floods and landslides | Indonesia | The Guardian from The Guardian
2025-11-30 13:31:04,240 - INFO - [BBC] Article: https://www.bbc.com/news/articles/ce865kpdzz8o?at_medium=RSS&at_campaign=rss
2025-11-30 13:31:04,241 - INFO - [BBC] Attempt 1/1: Trying with 'requests_browser' strategy...
2025-11-30 13:31:04,424 - INFO - [BBC] Success with 'requests_browser'. Found content (356 words).
2025-11-30 13:31:04,635 - INFO - Duplicate article skipped: Australian prime minister Albanese becomes first to wed in office from BBC
2025-11-30 13:31:05,319 - INFO - [The Guardian] Article: https://www.theguardian.com/australia-news/live/2025/nov/30/australia-news-live-jetstar-flights-resume-anthony-albanese-sussan-ley-labor-part-coalition-melbourne-metro-tunnel-ntwnfb
2025-11-30 13:31:05,319 - INFO - [The Guardian] Attempt 1/1: Trying with 'requests_browser' strategy...
2025-11-30 13:31:06,096 - INFO - [BBC] Article: https://www.bbc.com/news/articles/cx2gylngx7go?at_medium=RSS&at_campaign=rss
2025-11-30 13:31:06,096 - INFO - [BBC] Attempt 1/1: Trying with 'requests_browser' strategy...
2025-11-30 13:31:06,205 - INFO - [The Guardian] Success with 'requests_browser'. Found content (2440 words).
2025-11-30 13:31:06,484 - INFO - [BBC] Success with 'requests_browser'. Found content (625 words).
2025-11-30 13:31:06,755 - INFO - Duplicate article skipped: Russian strikes cause power outages for more than 600,000 in Ukraine from BBC
2025-11-30 13:31:06,786 - INFO - Duplicate article skipped: Ley says Coalition’s migration principles will include ‘issues around language and values’ – as it happened | Australia news | The Guardian from The Guardian
2025-11-30 13:31:07,525 - INFO - [The Hindu] Page content loaded.
2025-11-30 13:31:07,601 - WARNING - [The Hindu] FAILED with 'selenium_browser' (content was too short: 67 words).
2025-11-30 13:31:07,601 - ERROR - [The Hindu] All scrape strategies failed for https://www.thehindu.com/news/national/karnataka/retired-police-officer-found-dead-in-davangere/article70341677.ece. Falling back to RSS description.
2025-11-30 13:31:07,861 - INFO - [BBC] Article: https://www.bbc.com/news/articles/c4gp9d28p74o?at_medium=RSS&at_campaign=rss
2025-11-30 13:31:07,861 - INFO - [BBC] Attempt 1/1: Trying with 'requests_browser' strategy...
2025-11-30 13:31:08,106 - INFO - [The Guardian] Article: https://www.theguardian.com/environment/2025/nov/30/rising-tide-protest-climate-activists-stop-three-ships-from-entering-worlds-largest-coal-port-in-newcastle
2025-11-30 13:31:08,106 - INFO - [The Guardian] Attempt 1/1: Trying with 'requests_browser' strategy...
2025-11-30 13:31:08,121 - INFO - [BBC] Success with 'requests_browser'. Found content (430 words).
2025-11-30 13:31:08,251 - INFO - [The Guardian] Success with 'requests_browser'. Found content (847 words).
2025-11-30 13:31:28,849 - INFO - Saved article: Retired police officer found dead in Davangere from The Hindu
2025-11-30 13:31:28,849 - INFO - Duplicate article skipped: Airbus: Flights resume as normal after software update warning from BBC
2025-11-30 13:31:28,850 - INFO - Duplicate article skipped: Rising Tide protest: climate activists stop three ships from entering world’s largest coal port in Newcastle | Newcastle and the Hunter | The Guardian from The Guardian
2025-11-30 13:31:29,532 - INFO - [The Guardian] Article: https://www.theguardian.com/australia-news/2025/nov/30/couple-from-kazakhstan-allegedly-used-hidden-camera-and-earpieces-to-win-118m-from-sydneys-crown-casino
2025-11-30 13:31:29,533 - INFO - [The Guardian] Attempt 1/1: Trying with 'requests_browser' strategy...
2025-11-30 13:31:29,582 - INFO - [The Hindu] Article: https://www.thehindu.com/news/national/telangana/4-year-old-among-two-killed-as-private-bus-crashes-into-parked-lorry-in-adilabad/article70340962.ece
2025-11-30 13:31:29,582 - INFO - [The Hindu] Attempt 1/1: Trying with 'selenium_browser' strategy...
2025-11-30 13:31:29,592 - INFO - [The Guardian] Success with 'requests_browser'. Found content (361 words).
2025-11-30 13:31:29,647 - INFO - Duplicate article skipped: Couple from Kazakhstan allegedly used hidden camera and earpieces to win $1.18m from Sydney’s Crown casino | Gambling | The Guardian from The Guardian
2025-11-30 13:31:30,165 - INFO - [BBC] Article: https://www.bbc.com/news/articles/cvgj9dd983xo?at_medium=RSS&at_campaign=rss
2025-11-30 13:31:30,165 - INFO - [BBC] Attempt 1/1: Trying with 'requests_browser' strategy...
2025-11-30 13:31:30,366 - INFO - [BBC] Success with 'requests_browser'. Found content (790 words).
2025-11-30 13:31:30,488 - INFO - Duplicate article skipped: Nigeria blames jihadist groups for wave of kidnappings but others accuse criminal gangs from BBC
2025-11-30 13:31:30,731 - INFO - [The Guardian] Article: https://www.theguardian.com/australia-news/2025/nov/29/four-year-old-gus-lamont-disappeared-from-his-homestead-into-the-australian-outback-two-months-on-questions-remain
2025-11-30 13:31:30,731 - INFO - [The Guardian] Attempt 1/1: Trying with 'requests_browser' strategy...
2025-11-30 13:31:30,815 - INFO - [The Guardian] Success with 'requests_browser'. Found content (739 words).
2025-11-30 13:31:30,935 - INFO - Duplicate article skipped: Four-year-old Gus Lamont disappeared from his homestead into the Australian outback. Two months on, questions remain | South Australia | The Guardian from The Guardian
2025-11-30 13:31:31,141 - INFO - [BBC] Article: https://www.bbc.com/news/articles/c1kpm0rvxepo?at_medium=RSS&at_campaign=rss
2025-11-30 13:31:31,141 - INFO - [BBC] Attempt 1/1: Trying with 'requests_browser' strategy...
2025-11-30 13:31:31,175 - INFO - [BBC] Success with 'requests_browser'. Found content (557 words).
2025-11-30 13:31:31,233 - INFO - Duplicate article skipped: Trump says he will pardon ex-Honduras president convicted of drug trafficking from BBC
2025-11-30 13:31:31,462 - INFO - [The Hindu] Page content loaded.
2025-11-30 13:31:31,600 - INFO - [The Hindu] Success with 'selenium_browser'. Found content (200 words).
2025-11-30 13:31:31,847 - INFO - [The Guardian] Article: https://www.theguardian.com/australia-news/2025/nov/30/new-behaviour-standards-are-in-place-for-parliament-but-crossbenchers-say-question-time-still-rife-with-bullying
2025-11-30 13:31:31,847 - INFO - [The Guardian] Attempt 1/1: Trying with 'requests_browser' strategy...
2025-11-30 13:31:31,939 - INFO - [The Guardian] Success with 'requests_browser'. Found content (843 words).
2025-11-30 13:31:32,337 - INFO - [BBC] Article: https://www.bbc.com/news/articles/cz0nljm4y74o?at_medium=RSS&at_campaign=rss
2025-11-30 13:31:32,338 - INFO - [BBC] Attempt 1/1: Trying with 'requests_browser' strategy...
2025-11-30 13:31:32,431 - INFO - [BBC] Success with 'requests_browser'. Found content (844 words).
2025-11-30 13:31:35,926 - INFO - [Times of India] Page content loaded.
2025-11-30 13:31:36,333 - INFO - [Times of India] Success with 'selenium_browser'. Found content (431 words).
2025-11-30 13:31:45,384 - INFO - Saved article: 4-year-old among two killed as private bus crashes into parked lorry in Adilabad - The Hindu from The Hindu
2025-11-30 13:31:45,384 - INFO - Duplicate article skipped: New behaviour standards are in place for parliament but crossbenchers say question time still rife with bullying | Australian politics | The Guardian from The Guardian
2025-11-30 13:31:45,384 - INFO - Duplicate article skipped: Andriy Yermak: How Zelensky's right-hand man fell from power from BBC
2025-11-30 13:31:46,227 - INFO - [The Hindu] Article: https://www.thehindu.com/news/national/telangana/sridhar-babu-urges-mop-to-include-more-industries-under-msme-support-scheme/article70341909.ece
2025-11-30 13:31:46,228 - INFO - [The Hindu] Attempt 1/1: Trying with 'selenium_browser' strategy...
2025-11-30 13:31:46,544 - INFO - [BBC] Article: https://www.bbc.com/news/articles/c4g6we59qe4o?at_medium=RSS&at_campaign=rss
2025-11-30 13:31:46,544 - INFO - [BBC] Attempt 1/1: Trying with 'requests_browser' strategy...
2025-11-30 13:31:46,644 - INFO - [BBC] Success with 'requests_browser'. Found content (1841 words).
2025-11-30 13:31:51,317 - INFO - [The Hindu] Page content loaded.
2025-11-30 13:31:51,506 - INFO - [The Hindu] Success with 'selenium_browser'. Found content (326 words).
2025-11-30 13:31:59,268 - INFO - Saved article: ‘I use the plane less than my predecessors’: Kash Patel defends himself over claims he used an FBI jet to see his girlfriend | World News - The Times of India from Times of India
2025-11-30 13:31:59,269 - INFO - Duplicate article skipped: Nigeria's kidnapping crisis: 'Too scared to speak' - villagers on living in the midst of bandits from BBC
2025-11-30 13:32:00,477 - INFO - [Times of India] Article: https://timesofindia.indiatimes.com/etimes/trending/the-sun-has-disappeared-from-this-american-town-and-wont-return-until-next-year/articleshow/125672532.cms
2025-11-30 13:32:00,478 - INFO - [Times of India] Attempt 1/1: Trying with 'selenium_browser' strategy...
2025-11-30 13:32:00,759 - INFO - [BBC] Article: https://www.bbc.com/news/articles/c2465lndrnno?at_medium=RSS&at_campaign=rss
2025-11-30 13:32:00,760 - INFO - [BBC] Attempt 1/1: Trying with 'requests_browser' strategy...
2025-11-30 13:32:00,802 - INFO - [BBC] Success with 'requests_browser'. Found content (1355 words).
2025-11-30 13:32:14,738 - INFO - Saved article: Sridhar Babu urges MoP to include more industries under MSME support scheme - The Hindu from The Hindu
2025-11-30 13:32:14,738 - INFO - Duplicate article skipped: Will new warning labels in Ireland turn people away from alcohol? from BBC
2025-11-30 13:32:15,385 - INFO - [BBC] Article: https://www.bbc.com/news/articles/c5yq6g1gv4jo?at_medium=RSS&at_campaign=rss
2025-11-30 13:32:15,385 - INFO - [BBC] Attempt 1/1: Trying with 'requests_browser' strategy...
2025-11-30 13:32:15,420 - INFO - [BBC] Success with 'requests_browser'. Found content (1317 words).
2025-11-30 13:32:15,460 - INFO - Duplicate article skipped: Israel Gaza war: Why I spend hours painstakingly repairing banknotes from BBC
2025-11-30 13:32:15,686 - WARNING - [Times of India] Page timed out (10s). No <p> tags found. Proceeding anyway.
2025-11-30 13:32:15,873 - INFO - [Times of India] Success with 'selenium_browser'. Found content (984 words).
2025-11-30 13:32:16,086 - INFO - [The Hindu] Article: https://www.thehindu.com/news/national/kerala/three-held-on-charge-of-spiritual-healing-fraud/article70341817.ece
2025-11-30 13:32:16,086 - INFO - [The Hindu] Attempt 1/1: Trying with 'selenium_browser' strategy...
2025-11-30 13:32:18,660 - INFO - [The Hindu] Page content loaded.
2025-11-30 13:32:18,769 - INFO - [The Hindu] Success with 'selenium_browser'. Found content (288 words).
2025-11-30 13:32:29,172 - INFO - Saved article: The Sun has disappeared from this American town and won’t return until next year | - The Times of India from Times of India
2025-11-30 13:32:29,885 - INFO - [Times of India] Article: https://timesofindia.indiatimes.com/world/pakistan/reflects-political-bias-misinformation-pak-brazens-it-out-criticises-un-top-official-for-remarks-on-27th-constitutional-amendment/articleshow/125671389.cms
2025-11-30 13:32:29,886 - INFO - [Times of India] Attempt 1/1: Trying with 'selenium_browser' strategy...
2025-11-30 13:32:31,877 - INFO - [Times of India] Page content loaded.
2025-11-30 13:32:32,097 - INFO - [Times of India] Success with 'selenium_browser'. Found content (378 words).
2025-11-30 13:32:43,559 - INFO - Saved article: Three held on charge of spiritual healing fraud - The Hindu from The Hindu
2025-11-30 13:32:43,559 - INFO - Duplicate article skipped: 'Reflects political bias, misinformation': Pak brazens it out; criticises UN top official for remarks on 27th constitutional amendment - The Times of India from Times of India
2025-11-30 13:32:44,399 - INFO - [Times of India] Article: https://timesofindia.indiatimes.com/world/middle-east/uae-revamps-lottery-rules-now-you-can-play-weekly-and-win-up-to-dh30-million/articleshow/125671257.cms
2025-11-30 13:32:44,400 - INFO - [Times of India] Attempt 1/1: Trying with 'selenium_browser' strategy...
2025-11-30 13:32:45,044 - INFO - [The Hindu] Article: https://www.thehindu.com/news/national/telangana/unlicensed-medical-shop-raided-in-khammam-101-varieties-of-medicines-seized/article70341503.ece
2025-11-30 13:32:45,044 - INFO - [The Hindu] Attempt 1/1: Trying with 'selenium_browser' strategy...
2025-11-30 13:32:47,026 - INFO - [The Hindu] Page content loaded.
2025-11-30 13:32:47,123 - INFO - [The Hindu] Success with 'selenium_browser'. Found content (149 words).
2025-11-30 13:32:47,568 - INFO - [Times of India] Page content loaded.
2025-11-30 13:32:47,849 - INFO - [Times of India] Success with 'selenium_browser'. Found content (524 words).
2025-11-30 13:33:06,791 - INFO - Saved article: Unlicensed medical shop raided in Khammam, 101 varieties of medicines seized - The Hindu from The Hindu
2025-11-30 13:33:06,791 - INFO - Duplicate article skipped: UAE revamps lottery rules: Now you can play weekly and win up to Dh30 million | World News - The Times of India from Times of India
2025-11-30 13:33:08,138 - INFO - [Times of India] Article: https://timesofindia.indiatimes.com/world/middle-east/uae-announces-rise-in-fuel-prices-for-december-2025-new-petrol-and-diesel-rates-explained/articleshow/125670749.cms
2025-11-30 13:33:08,138 - INFO - [Times of India] Attempt 1/1: Trying with 'selenium_browser' strategy...
2025-11-30 13:33:08,293 - INFO - [The Hindu] Article: https://www.thehindu.com/news/cities/Hyderabad/hyderabads-ntr-stadium-turns-sea-of-faith-as-thousands-observe-350th-martyrdom-of-guru-tegh-bahadur/article70341847.ece
2025-11-30 13:33:08,293 - INFO - [The Hindu] Attempt 1/1: Trying with 'selenium_browser' strategy...
2025-11-30 13:33:10,646 - INFO - [The Hindu] Page content loaded.
2025-11-30 13:33:10,767 - INFO - [The Hindu] Success with 'selenium_browser'. Found content (503 words).
2025-11-30 13:33:10,881 - INFO - [Times of India] Page content loaded.
2025-11-30 13:33:11,146 - INFO - [Times of India] Success with 'selenium_browser'. Found content (286 words).
2025-11-30 13:33:24,541 - INFO - Saved article: Hyderabad’s NTR Stadium turns sea of faith as thousands observe 350th martyrdom of Guru Tegh Bahadur - The Hindu from The Hindu
2025-11-30 13:33:24,541 - INFO - Duplicate article skipped: UAE announces rise in fuel prices for December 2025 - New petrol and diesel rates explained | World News - The Times of India from Times of India
2025-11-30 13:33:25,145 - INFO - [The Hindu] Article: https://www.thehindu.com/news/national/andhra-pradesh/yanamala-calls-for-steps-to-remove-cap-on-quota-for-bcs/article70341894.ece
2025-11-30 13:33:25,145 - INFO - [The Hindu] Attempt 1/1: Trying with 'selenium_browser' strategy...
2025-11-30 13:33:26,017 - INFO - [Times of India] Article: https://timesofindia.indiatimes.com/science/how-africa-may-become-earths-next-ocean-basin-in-5-to-10-million-years-giving-birth-to-a-new-ocean/articleshow/125663914.cms
2025-11-30 13:33:26,017 - INFO - [Times of India] Attempt 1/1: Trying with 'selenium_browser' strategy...
2025-11-30 13:33:26,296 - INFO - [The Hindu] Page content loaded.
2025-11-30 13:33:26,381 - INFO - [The Hindu] Success with 'selenium_browser'. Found content (144 words).
2025-11-30 13:33:29,439 - INFO - [Times of India] Page content loaded.
2025-11-30 13:33:29,624 - INFO - [Times of India] Success with 'selenium_browser'. Found content (852 words).
2025-11-30 13:33:41,613 - INFO - Saved article: Yanamala calls for steps to remove cap on quota for BCs - The Hindu from The Hindu
2025-11-30 13:33:41,613 - INFO - Duplicate article skipped: How Africa may become Earth’s next ocean basin in 5 to 10 million years giving birth to a new ocean | - The Times of India from Times of India
2025-11-30 13:33:42,132 - INFO - [Times of India] Article: https://timesofindia.indiatimes.com/world/middle-east/uae-drivers-license-2025-which-countries-can-skip-the-test-and-drive-with-their-home-license/articleshow/125670342.cms
2025-11-30 13:33:42,132 - INFO - [Times of India] Attempt 1/1: Trying with 'selenium_browser' strategy...
2025-11-30 13:33:43,092 - INFO - [The Hindu] Article: https://www.thehindu.com/news/national/karnataka/wadiyar-foundation-to-launch-new-healthcare-initiative/article70341616.ece
2025-11-30 13:33:43,092 - INFO - [The Hindu] Attempt 1/1: Trying with 'selenium_browser' strategy...
2025-11-30 13:33:43,292 - INFO - [Times of India] Page content loaded.
2025-11-30 13:33:43,512 - INFO - [Times of India] Success with 'selenium_browser'. Found content (1264 words).
2025-11-30 13:33:43,623 - INFO - Duplicate article skipped: UAE Driver’s License 2025: Which countries can skip the test and drive with their home license? | World News - The Times of India from Times of India
2025-11-30 13:33:44,625 - INFO - [The Hindu] Page content loaded.
2025-11-30 13:33:44,740 - INFO - [The Hindu] Success with 'selenium_browser'. Found content (95 words).
2025-11-30 13:33:44,949 - INFO - [Times of India] Article: https://timesofindia.indiatimes.com/world/europe/swiss-vote-on-compulsory-civic-duty-climate-tax-for-super-rich/articleshow/125669403.cms
2025-11-30 13:33:44,950 - INFO - [Times of India] Attempt 1/1: Trying with 'selenium_browser' strategy...
2025-11-30 13:33:51,230 - INFO - [Times of India] Page content loaded.
2025-11-30 13:33:51,481 - INFO - [Times of India] Success with 'selenium_browser'. Found content (540 words).
2025-11-30 13:34:00,587 - INFO - Saved article: Wadiyar Foundation to launch new healthcare initiative - The Hindu from The Hindu
2025-11-30 13:34:00,587 - INFO - Duplicate article skipped: Swiss vote on compulsory civic duty, climate tax for super-rich - The Times of India from Times of India
2025-11-30 13:34:01,553 - INFO - [The Hindu] Article: https://www.thehindu.com/news/national/karnataka/mother-and-son-killed-in-road-accident-on-mysuru-road/article70341570.ece
2025-11-30 13:34:01,553 - INFO - [The Hindu] Attempt 1/1: Trying with 'selenium_browser' strategy...
2025-11-30 13:34:01,750 - INFO - [Times of India] Article: https://timesofindia.indiatimes.com/world/us/irresponsible-dangerous-fda-memo-links-covid-shots-to-children-deaths-proposes-new-vaccine-rules/articleshow/125668221.cms
2025-11-30 13:34:01,751 - INFO - [Times of India] Attempt 1/1: Trying with 'selenium_browser' strategy...
2025-11-30 13:34:02,920 - INFO - [Times of India] Page content loaded.
2025-11-30 13:34:03,158 - INFO - [Times of India] Success with 'selenium_browser'. Found content (463 words).
2025-11-30 13:34:03,320 - INFO - Duplicate article skipped: 'Irresponsible, dangerous': FDA memo links Covid shots to children deaths; proposes new vaccine rules - The Times of India from Times of India
2025-11-30 13:34:03,994 - INFO - [Times of India] Article: https://timesofindia.indiatimes.com/world/middle-east/uae-is-changing-key-tax-rules-from-january-2026-heres-what-it-means-for-you/articleshow/125668742.cms
2025-11-30 13:34:03,994 - INFO - [Times of India] Attempt 1/1: Trying with 'selenium_browser' strategy...
2025-11-30 13:34:05,170 - INFO - [The Hindu] Page content loaded.
2025-11-30 13:34:05,379 - INFO - [The Hindu] Success with 'selenium_browser'. Found content (156 words).
2025-11-30 13:34:06,251 - INFO - [Times of India] Page content loaded.
2025-11-30 13:34:06,592 - INFO - [Times of India] Success with 'selenium_browser'. Found content (899 words).
2025-11-30 13:34:19,874 - INFO - Saved article: Mother and son killed in road accident on Mysuru Road - The Hindu from The Hindu
2025-11-30 13:34:19,874 - INFO - Duplicate article skipped: UAE is changing key tax rules from January 2026 — here’s what it means for you | World News - The Times of India from Times of India
2025-11-30 13:34:20,509 - INFO - [The Hindu] Article: https://www.thehindu.com/news/national/kerala/clamour-for-comprehensive-fire-audit-gets-louder-in-kozhikode/article70341844.ece
2025-11-30 13:34:20,510 - INFO - [The Hindu] Attempt 1/1: Trying with 'selenium_browser' strategy...
2025-11-30 13:34:20,688 - INFO - [Times of India] Article: https://timesofindia.indiatimes.com/world/middle-east/dubai-telecom-giant-offers-54gb-free-data-for-uae-54th-national-day/articleshow/125668394.cms
2025-11-30 13:34:20,689 - INFO - [Times of India] Attempt 1/1: Trying with 'selenium_browser' strategy...
2025-11-30 13:34:21,442 - INFO - [The Hindu] Page content loaded.
2025-11-30 13:34:21,549 - INFO - [The Hindu] Success with 'selenium_browser'. Found content (416 words).
2025-11-30 13:34:24,254 - INFO - [Times of India] Page content loaded.
2025-11-30 13:34:24,491 - INFO - [Times of India] Success with 'selenium_browser'. Found content (624 words).
2025-11-30 13:34:36,737 - INFO - Saved article: Clamour for comprehensive fire audit gets louder in Kozhikode - The Hindu from The Hindu
2025-11-30 13:34:36,737 - INFO - Duplicate article skipped: Dubai telecom giant offers 54GB free data for UAE 54th National Day | World News - The Times of India from Times of India
2025-11-30 13:34:37,320 - INFO - [The Hindu] Article: https://www.thehindu.com/news/national/karnataka/airport-advisory-committee-meeting-reviews-progress-of-mysuru-airport-development/article70341596.ece
2025-11-30 13:34:37,320 - INFO - [The Hindu] Attempt 1/1: Trying with 'selenium_browser' strategy...
2025-11-30 13:34:38,019 - INFO - [Times of India] Article: https://timesofindia.indiatimes.com/world/rest-of-world/malaysia-custody-deaths-over-300-migrants-died-since-2020-raids-intensify-on-illegal-immigrants/articleshow/125668158.cms
2025-11-30 13:34:38,019 - INFO - [Times of India] Attempt 1/1: Trying with 'selenium_browser' strategy...
2025-11-30 13:34:38,561 - INFO - [The Hindu] Page content loaded.
2025-11-30 13:34:38,739 - INFO - [The Hindu] Success with 'selenium_browser'. Found content (204 words).
2025-11-30 13:34:40,898 - INFO - [Times of India] Page content loaded.
2025-11-30 13:34:41,153 - INFO - [Times of India] Success with 'selenium_browser'. Found content (599 words).
2025-11-30 13:34:54,489 - INFO - Saved article: Airport Advisory Committee meeting reviews progress of Mysuru Airport development - The Hindu from The Hindu
2025-11-30 13:34:54,489 - INFO - Duplicate article skipped: Malaysia custody deaths: Over 300 migrants died since 2020; raids intensify on illegal immigrants - The Times of India from Times of India
2025-11-30 13:34:55,104 - INFO - [The Hindu] Article: https://www.thehindu.com/news/national/tamil-nadu/cyclone-ditwah-brings-two-amur-falcons-into-point-calimere/article70341868.ece
2025-11-30 13:34:55,104 - INFO - [The Hindu] Attempt 1/1: Trying with 'selenium_browser' strategy...
2025-11-30 13:34:55,570 - INFO - [Times of India] Article: https://timesofindia.indiatimes.com/world/rest-of-world/congo-disaster-boat-capsizes-on-lake-mai-ndombe-due-to-violent-winds-20-dead/articleshow/125668175.cms
2025-11-30 13:34:55,571 - INFO - [Times of India] Attempt 1/1: Trying with 'selenium_browser' strategy...
2025-11-30 13:34:57,853 - INFO - [Times of India] Page content loaded.
2025-11-30 13:34:58,186 - INFO - [Times of India] Success with 'selenium_browser'. Found content (204 words).
2025-11-30 13:34:58,376 - INFO - Duplicate article skipped: Congo disaster: Boat capsizes on Lake Mai-Ndombe due to violent winds; 20 dead - The Times of India from Times of India
2025-11-30 13:34:58,390 - INFO - [The Hindu] Page content loaded.
2025-11-30 13:34:58,537 - INFO - [The Hindu] Success with 'selenium_browser'. Found content (249 words).
2025-11-30 13:34:58,927 - INFO - [Times of India] Article: https://timesofindia.indiatimes.com/world/us/donald-trumps-childhood-home-up-for-sale-queens-house-hits-market-again-at-2-3-million-know-all-about-the-tudor-style-property/articleshow/125668187.cms
2025-11-30 13:34:58,927 - INFO - [Times of India] Attempt 1/1: Trying with 'selenium_browser' strategy...
2025-11-30 13:35:01,821 - INFO - [Times of India] Page content loaded.
2025-11-30 13:35:02,078 - INFO - [Times of India] Success with 'selenium_browser'. Found content (346 words).
2025-11-30 13:35:13,767 - INFO - Saved article: Cyclone Ditwah brings two Amur Falcons into Point Calimere - The Hindu from The Hindu
2025-11-30 13:35:13,768 - INFO - Duplicate article skipped: Donald Trump’s childhood home up for sale: Queens house hits market again at $2.3 million - know all about the Tudor-style property - The Times of India from Times of India
2025-11-30 13:35:14,568 - INFO - [The Hindu] Article: https://www.thehindu.com/news/national/tamil-nadu/raj-bhavan-rename-stalin-says-change-in-mindset-needed-not-name/article70341652.ece
2025-11-30 13:35:14,568 - INFO - [The Hindu] Attempt 1/1: Trying with 'selenium_browser' strategy...
2025-11-30 13:35:15,116 - INFO - [Times of India] Article: https://timesofindia.indiatimes.com/world/rest-of-world/nigeria-12-abducted-borno-woman-and-girls-released/articleshow/125668218.cms
2025-11-30 13:35:15,116 - INFO - [Times of India] Attempt 1/1: Trying with 'selenium_browser' strategy...
2025-11-30 13:35:15,334 - INFO - [The Hindu] Page content loaded.
2025-11-30 13:35:15,433 - INFO - [The Hindu] Success with 'selenium_browser'. Found content (147 words).
2025-11-30 13:35:21,275 - INFO - [Times of India] Page content loaded.
2025-11-30 13:35:21,875 - INFO - [Times of India] Success with 'selenium_browser'. Found content (340 words).
2025-11-30 13:35:30,873 - INFO - Saved article: Raj Bhavan rename: Stalin says change in mindset needed, not name - The Hindu from The Hindu
2025-11-30 13:35:30,873 - INFO - Duplicate article skipped: Nigeria: 12 abducted Borno woman and girls released - The Times of India from Times of India
2025-11-30 13:35:32,176 - INFO - [Times of India] Article: https://timesofindia.indiatimes.com/world/us/white-house-launches-tracker-to-call-out-media-offenders/articleshow/125668235.cms
2025-11-30 13:35:32,176 - INFO - [Times of India] Attempt 1/1: Trying with 'selenium_browser' strategy...
2025-11-30 13:35:32,312 - INFO - [The Hindu] Article: https://www.thehindu.com/news/national/tamil-nadu/rain-floods-in-low-lying-areas-disrupt-life-across-karaikal-district/article70341851.ece
2025-11-30 13:35:32,312 - INFO - [The Hindu] Attempt 1/1: Trying with 'selenium_browser' strategy...
2025-11-30 13:35:35,370 - INFO - [The Hindu] Page content loaded.
2025-11-30 13:35:35,450 - INFO - [The Hindu] Success with 'selenium_browser'. Found content (328 words).
2025-11-30 13:35:38,247 - INFO - [Times of India] Page content loaded.
2025-11-30 13:35:38,462 - INFO - [Times of India] Success with 'selenium_browser'. Found content (471 words).
2025-11-30 13:35:48,865 - INFO - Saved article: Rain, floods in low-lying areas disrupt life across Karaikal district - The Hindu from The Hindu
2025-11-30 13:35:48,865 - INFO - Duplicate article skipped: White House launches tracker to call out 'media offenders' - The Times of India from Times of India
2025-11-30 13:35:49,641 - CRITICAL - --- TIMEOUT: 2 scrape jobs did not complete in 300s. ---
2025-11-30 13:35:49,642 - ERROR - A thread has timed out and will be abandoned.
2025-11-30 13:35:49,642 - ERROR - A thread has timed out and will be abandoned.
2025-11-30 13:35:49,642 - INFO - Shutting down thread pool (wait=False)...
2025-11-30 13:35:49,642 - INFO - Scraped: 0 The Guardian, 0 BBC, 2 Timed_Out_Jobs articles. (Total saved: 0)
2025-11-30 13:35:49,642 - INFO - --- Scraping job finished ---
2025-11-30 13:35:49,642 - INFO - --- Scraper service stopped and database connection closed. ---
2025-11-30 13:35:49,642 - INFO - --- Main thread finished. Forcing process exit to kill zombie threads. ---
