2025-12-03 21:23:08,997 - INFO - Loading AI Semantic Model (all-MiniLM-L6-v2)...
2025-12-03 21:23:08,998 - INFO - Use pytorch device_name: cpu
2025-12-03 21:23:08,998 - INFO - Load pretrained SentenceTransformer: all-MiniLM-L6-v2
2025-12-03 21:23:09,459 - INFO - AI Model loaded successfully.
2025-12-03 21:23:09,459 - INFO - Initializing database connection at: news_articles.db
2025-12-03 21:23:09,459 - INFO - --- Scraper service started (CI Mode: Run Once) ---
2025-12-03 21:23:09,459 - INFO - --- Starting new scraping job (Parallel Mode) ---
2025-12-03 21:23:09,459 - INFO - Creating new robust session with 3 retries on 5xx/connection/read errors.
2025-12-03 21:23:09,459 - INFO - Proxy is DISABLED.
2025-12-03 21:23:09,460 - INFO - Starting scrape for BBC RSS feed: http://feeds.bbci.co.uk/news/world/rss.xml
2025-12-03 21:23:09,461 - INFO - [Times of India] (Thread) requires Selenium. Initializing driver...
2025-12-03 21:23:09,461 - INFO - Initializing headless Selenium Chrome driver (using SeleniumManager)...
2025-12-03 21:23:09,461 - INFO - Starting scrape for The Guardian RSS feed: https://www.theguardian.com/world/rss
2025-12-03 21:23:09,463 - INFO - [The Hindu] (Thread) requires Selenium. Initializing driver...
2025-12-03 21:23:09,463 - INFO - Initializing headless Selenium Chrome driver (using SeleniumManager)...
2025-12-03 21:23:09,463 - INFO - Submitted 4 jobs to thread pool. Waiting up to 300s for completion...
2025-12-03 21:23:09,567 - INFO - Found 45 articles in The Guardian RSS feed. Processing up to 20.
2025-12-03 21:23:09,567 - INFO - [The Guardian] Article: https://www.theguardian.com/uk-news/2025/dec/03/british-troops-accused-of-human-rights-violations-environmental-destruction-and-sexual-abuse-in-kenya
2025-12-03 21:23:09,567 - INFO - [The Guardian] Attempt 1/1: Trying with 'requests_browser' strategy...
2025-12-03 21:23:09,609 - INFO - [The Guardian] Success with 'requests_browser'. Found content (772 words).
2025-12-03 21:23:09,656 - INFO - Duplicate article skipped: British troops accused of human rights violations and sexual abuse in Kenya | British army | The Guardian from The Guardian
2025-12-03 21:23:09,807 - INFO - Found 37 articles in BBC RSS feed. Processing up to 20.
2025-12-03 21:23:09,807 - INFO - [BBC] Article: https://www.bbc.com/news/articles/c7731n5z6d3o?at_medium=RSS&at_campaign=rss
2025-12-03 21:23:09,807 - INFO - [BBC] Attempt 1/1: Trying with 'requests_browser' strategy...
2025-12-03 21:23:09,997 - INFO - [BBC] Success with 'requests_browser'. Found content (922 words).
2025-12-03 21:23:10,032 - INFO - Duplicate article skipped: Stop wasting world's time, Ukraine tells Putin after US talks in Moscow from BBC
2025-12-03 21:23:10,690 - INFO - [The Guardian] Article: https://www.theguardian.com/global-development/2025/dec/03/whistleblower-accuses-foreign-office-of-censoring-warning-of-sudan-genocide
2025-12-03 21:23:10,690 - INFO - [The Guardian] Attempt 1/1: Trying with 'requests_browser' strategy...
2025-12-03 21:23:10,961 - INFO - [The Guardian] Success with 'requests_browser'. Found content (1465 words).
2025-12-03 21:23:11,005 - INFO - Duplicate article skipped: Whistleblower accuses Foreign Office of ‘censoring’ warning of Sudan genocide | Global development | The Guardian from The Guardian
2025-12-03 21:23:11,465 - INFO - [BBC] Article: https://www.bbc.com/news/articles/cpq4e21nr5vo?at_medium=RSS&at_campaign=rss
2025-12-03 21:23:11,465 - INFO - [BBC] Attempt 1/1: Trying with 'requests_browser' strategy...
2025-12-03 21:23:11,491 - INFO - [BBC] Success with 'requests_browser'. Found content (438 words).
2025-12-03 21:23:11,524 - INFO - Duplicate article skipped: What latest Ukraine talks reveal about Putin's state of mind from BBC
2025-12-03 21:23:12,046 - INFO - [BBC] Article: https://www.bbc.com/news/articles/cpwk7xen544o?at_medium=RSS&at_campaign=rss
2025-12-03 21:23:12,046 - INFO - [BBC] Attempt 1/1: Trying with 'requests_browser' strategy...
2025-12-03 21:23:12,075 - INFO - [BBC] Success with 'requests_browser'. Found content (668 words).
2025-12-03 21:23:12,108 - INFO - Duplicate article skipped: Israel says Rafah crossing to open soon to let Gazans leave via Egypt from BBC
2025-12-03 21:23:12,378 - INFO - [The Guardian] Article: https://www.theguardian.com/us-news/2025/dec/02/trump-somali-immigrants-minnesota
2025-12-03 21:23:12,378 - INFO - [The Guardian] Attempt 1/1: Trying with 'requests_browser' strategy...
2025-12-03 21:23:12,399 - INFO - [The Guardian] Success with 'requests_browser'. Found content (473 words).
2025-12-03 21:23:12,432 - INFO - Duplicate article skipped: Trump calls Somali immigrants ‘garbage’ as US reportedly targets Minnesota community | Trump administration | The Guardian from The Guardian
2025-12-03 21:23:13,041 - INFO - [BBC] Article: https://www.bbc.com/news/articles/c2lvzrve5lqo?at_medium=RSS&at_campaign=rss
2025-12-03 21:23:13,041 - INFO - [BBC] Attempt 1/1: Trying with 'requests_browser' strategy...
2025-12-03 21:23:13,069 - INFO - [BBC] Success with 'requests_browser'. Found content (292 words).
2025-12-03 21:23:13,258 - INFO - Duplicate article skipped: Federica Mogherini: Former EU top diplomat accused in fraud investigation from BBC
2025-12-03 21:23:13,328 - INFO - [The Guardian] Article: https://www.theguardian.com/world/2025/dec/01/south-africans-court-alleged-recruitment-russia-war-ukraine
2025-12-03 21:23:13,328 - INFO - [The Guardian] Attempt 1/1: Trying with 'requests_browser' strategy...
2025-12-03 21:23:13,355 - INFO - [The Guardian] Success with 'requests_browser'. Found content (506 words).
2025-12-03 21:23:13,400 - INFO - Duplicate article skipped: Five South Africans in court over alleged recruitment for Russia’s war in Ukraine | South Africa | The Guardian from The Guardian
2025-12-03 21:23:14,742 - INFO - [The Guardian] Article: https://www.theguardian.com/global-development/2025/dec/01/global-health-hiv-aids-funding-cuts-infections-prevention
2025-12-03 21:23:14,742 - INFO - [The Guardian] Attempt 1/1: Trying with 'requests_browser' strategy...
2025-12-03 21:23:14,750 - INFO - [BBC] Article: https://www.bbc.com/news/articles/c62lv79p0pdo?at_medium=RSS&at_campaign=rss
2025-12-03 21:23:14,750 - INFO - [BBC] Attempt 1/1: Trying with 'requests_browser' strategy...
2025-12-03 21:23:14,772 - INFO - [The Guardian] Success with 'requests_browser'. Found content (674 words).
2025-12-03 21:23:14,808 - INFO - Duplicate article skipped: Aid cuts have shaken HIV/Aids care to its core – and will mean millions more infections ahead | Global health | The Guardian from The Guardian
2025-12-03 21:23:14,820 - INFO - [BBC] Success with 'requests_browser'. Found content (482 words).
2025-12-03 21:23:14,855 - INFO - Duplicate article skipped: Hong Kong orders removal of scaffolding mesh after deadly blaze from BBC
2025-12-03 21:23:15,668 - INFO - [The Guardian] Article: https://www.theguardian.com/us-news/2025/dec/03/epstein-caribbean-island-new-photo-video-release
2025-12-03 21:23:15,668 - INFO - [The Guardian] Attempt 1/1: Trying with 'requests_browser' strategy...
2025-12-03 21:23:15,694 - INFO - [The Guardian] Success with 'requests_browser'. Found content (376 words).
2025-12-03 21:23:15,730 - INFO - Duplicate article skipped: House Democrats release new images of Epstein’s private Caribbean island | Jeffrey Epstein | The Guardian from The Guardian
2025-12-03 21:23:15,917 - INFO - [BBC] Article: https://www.bbc.com/news/articles/cd6x2j4g3z7o?at_medium=RSS&at_campaign=rss
2025-12-03 21:23:15,917 - INFO - [BBC] Attempt 1/1: Trying with 'requests_browser' strategy...
2025-12-03 21:23:15,942 - INFO - [BBC] Success with 'requests_browser'. Found content (394 words).
2025-12-03 21:23:15,977 - INFO - Duplicate article skipped: Israel receives coffin that Hamas says contains Gaza hostage's body from BBC
2025-12-03 21:23:16,932 - INFO - [BBC] Article: https://www.bbc.com/news/articles/c208x9v68w3o?at_medium=RSS&at_campaign=rss
2025-12-03 21:23:16,932 - INFO - [BBC] Attempt 1/1: Trying with 'requests_browser' strategy...
2025-12-03 21:23:16,963 - INFO - [BBC] Success with 'requests_browser'. Found content (1092 words).
2025-12-03 21:23:17,001 - INFO - Duplicate article skipped: Trump says he doesn't want Somalis in US as ICE plans operation from BBC
2025-12-03 21:23:17,030 - INFO - [The Guardian] Article: https://www.theguardian.com/world/2025/dec/03/colombia-trump-warning-military-threat
2025-12-03 21:23:17,030 - INFO - [The Guardian] Attempt 1/1: Trying with 'requests_browser' strategy...
2025-12-03 21:23:17,130 - INFO - [The Guardian] Success with 'requests_browser'. Found content (612 words).
2025-12-03 21:23:17,166 - INFO - Duplicate article skipped: Colombia’s president warns Trump: ‘Do not wake the jaguar’ with threats of military strikes | Colombia | The Guardian from The Guardian
2025-12-03 21:23:17,924 - INFO - [BBC] Article: https://www.bbc.com/news/articles/cy8jnxxm70jo?at_medium=RSS&at_campaign=rss
2025-12-03 21:23:17,924 - INFO - [BBC] Attempt 1/1: Trying with 'requests_browser' strategy...
2025-12-03 21:23:17,949 - INFO - [BBC] Success with 'requests_browser'. Found content (244 words).
2025-12-03 21:23:17,981 - INFO - Duplicate article skipped: Drunk raccoon found passed out on liquor store floor after breaking in from BBC
2025-12-03 21:23:18,529 - INFO - [The Guardian] Article: https://www.theguardian.com/us-news/live/2025/dec/02/donald-trump-pete-hegseth-boat-venezuela-maduro-tennessee-us-politics-live-news-updates
2025-12-03 21:23:18,529 - INFO - [The Guardian] Attempt 1/1: Trying with 'requests_browser' strategy...
2025-12-03 21:23:18,775 - INFO - [The Guardian] Success with 'requests_browser'. Found content (4155 words).
2025-12-03 21:23:18,866 - INFO - Duplicate article skipped: Pete Hegseth says he ‘didn’t stick around’ to watch second strike on alleged drug boat as Democrats slam administration over attacks – as it happened | Trump administration | The Guardian from The Guardian
2025-12-03 21:23:19,157 - INFO - [BBC] Article: https://www.bbc.com/news/articles/cvgq5dvygllo?at_medium=RSS&at_campaign=rss
2025-12-03 21:23:19,157 - INFO - [BBC] Attempt 1/1: Trying with 'requests_browser' strategy...
2025-12-03 21:23:19,201 - INFO - [BBC] Success with 'requests_browser'. Found content (1030 words).
2025-12-03 21:23:19,241 - INFO - Duplicate article skipped: Kenyan MPs accuse British soldiers from Batuk of sexual abuse in Laikipia from BBC
2025-12-03 21:23:20,204 - INFO - [The Guardian] Article: https://www.theguardian.com/world/2025/dec/02/trump-intervention-honduras-presidential-vote-count-stalls-nasry-asfura
2025-12-03 21:23:20,204 - INFO - [The Guardian] Attempt 1/1: Trying with 'requests_browser' strategy...
2025-12-03 21:23:20,231 - INFO - [The Guardian] Success with 'requests_browser'. Found content (945 words).
2025-12-03 21:23:20,275 - INFO - Duplicate article skipped: Trump frees ex-Honduran president from prison as country awaits knife-edge election result | Honduras | The Guardian from The Guardian
2025-12-03 21:23:20,657 - INFO - [BBC] Article: https://www.bbc.com/news/articles/c1m8g5x1xmko?at_medium=RSS&at_campaign=rss
2025-12-03 21:23:20,657 - INFO - [BBC] Attempt 1/1: Trying with 'requests_browser' strategy...
2025-12-03 21:23:20,681 - INFO - [BBC] Success with 'requests_browser'. Found content (308 words).
2025-12-03 21:23:20,716 - INFO - Duplicate article skipped: Three French teens drown in freak car crash in swimming pool from BBC
2025-12-03 21:23:21,299 - INFO - [The Guardian] Article: https://www.theguardian.com/us-news/2025/dec/02/pete-hegseth-franklin-the-turtle
2025-12-03 21:23:21,299 - INFO - [The Guardian] Attempt 1/1: Trying with 'requests_browser' strategy...
2025-12-03 21:23:21,320 - INFO - [The Guardian] Success with 'requests_browser'. Found content (438 words).
2025-12-03 21:23:21,353 - INFO - Duplicate article skipped: Publisher condemns ‘violent’ use of Franklin the Turtle after Hegseth’s boat strike post | Pete Hegseth | The Guardian from The Guardian
2025-12-03 21:23:21,759 - INFO - [BBC] Article: https://www.bbc.com/news/articles/c62v9z7z1z2o?at_medium=RSS&at_campaign=rss
2025-12-03 21:23:21,759 - INFO - [BBC] Attempt 1/1: Trying with 'requests_browser' strategy...
2025-12-03 21:23:21,788 - INFO - [BBC] Success with 'requests_browser'. Found content (485 words).
2025-12-03 21:23:21,821 - INFO - Duplicate article skipped: Henry Cuellar: Trump says he is pardoning Democratic congressman in bribery case from BBC
2025-12-03 21:23:22,805 - INFO - [The Guardian] Article: https://www.theguardian.com/world/2025/dec/03/eu-strategy-raw-materials-rare-earths-supply-chain-resourceeu
2025-12-03 21:23:22,805 - INFO - [The Guardian] Attempt 1/1: Trying with 'requests_browser' strategy...
2025-12-03 21:23:22,848 - INFO - [The Guardian] Success with 'requests_browser'. Found content (725 words).
2025-12-03 21:23:22,894 - INFO - Duplicate article skipped: EU looks at legally forcing industries to reduce purchases from China | Mining | The Guardian from The Guardian
2025-12-03 21:23:23,044 - INFO - [BBC] Article: https://www.bbc.com/news/articles/ckgzqxjzjyqo?at_medium=RSS&at_campaign=rss
2025-12-03 21:23:23,044 - INFO - [BBC] Attempt 1/1: Trying with 'requests_browser' strategy...
2025-12-03 21:23:23,073 - INFO - [BBC] Success with 'requests_browser'. Found content (332 words).
2025-12-03 21:23:23,109 - INFO - Duplicate article skipped: Production halted at Chinese factory making 'childlike' sex dolls from BBC
2025-12-03 21:23:23,751 - INFO - [The Guardian] Article: https://www.theguardian.com/business/2025/dec/03/hsbc-appoints-interim-chair-brendan-nelson-to-permanent-role
2025-12-03 21:23:23,752 - INFO - [The Guardian] Attempt 1/1: Trying with 'requests_browser' strategy...
2025-12-03 21:23:23,779 - INFO - [The Guardian] Success with 'requests_browser'. Found content (605 words).
2025-12-03 21:23:23,998 - INFO - Duplicate article skipped: HSBC appoints interim chair Brendan Nelson to permanent role | HSBC | The Guardian from The Guardian
2025-12-03 21:23:24,071 - INFO - [BBC] Article: https://www.bbc.com/news/articles/clydg2re4d1o?at_medium=RSS&at_campaign=rss
2025-12-03 21:23:24,071 - INFO - [BBC] Attempt 1/1: Trying with 'requests_browser' strategy...
2025-12-03 21:23:24,097 - INFO - [BBC] Success with 'requests_browser'. Found content (336 words).
2025-12-03 21:23:24,136 - INFO - Duplicate article skipped: Sanchar Saathi: India scraps order to pre-install state-run cyber safety app on smartphones from BBC
2025-12-03 21:23:25,160 - INFO - [BBC] Article: https://www.bbc.com/news/articles/cy7v077dm0po?at_medium=RSS&at_campaign=rss
2025-12-03 21:23:25,160 - INFO - [BBC] Attempt 1/1: Trying with 'requests_browser' strategy...
2025-12-03 21:23:25,184 - INFO - [BBC] Success with 'requests_browser'. Found content (308 words).
2025-12-03 21:23:25,216 - INFO - Duplicate article skipped: MH370: Search for long-missing Malaysia Airlines fight to resume from BBC
2025-12-03 21:23:25,466 - INFO - [The Guardian] Article: https://www.theguardian.com/world/2025/dec/03/search-for-malaysia-airline-flight-mh370-to-resume-over-11-years-after-plane-went-missing
2025-12-03 21:23:25,466 - INFO - [The Guardian] Attempt 1/1: Trying with 'requests_browser' strategy...
2025-12-03 21:23:25,496 - INFO - [The Guardian] Success with 'requests_browser'. Found content (851 words).
2025-12-03 21:23:25,538 - INFO - Duplicate article skipped: Malaysia Airlines flight MH370 search to resume 11 years after jet went missing | Malaysia Airlines flight MH370 | The Guardian from The Guardian
2025-12-03 21:23:26,281 - INFO - [BBC] Article: https://www.bbc.com/news/articles/c7vm754r80vo?at_medium=RSS&at_campaign=rss
2025-12-03 21:23:26,281 - INFO - [BBC] Attempt 1/1: Trying with 'requests_browser' strategy...
2025-12-03 21:23:26,313 - INFO - [BBC] Success with 'requests_browser'. Found content (225 words).
2025-12-03 21:23:26,345 - INFO - Duplicate article skipped: New Zealand man charged with theft over claims he swallowed $19k Fabergé egg from BBC
2025-12-03 21:23:26,396 - INFO - Selenium driver initialized successfully.
2025-12-03 21:23:26,396 - INFO - Starting scrape for Times of India RSS feed: https://timesofindia.indiatimes.com/rssfeeds/296589292.cms
2025-12-03 21:23:26,397 - INFO - Selenium driver initialized successfully.
2025-12-03 21:23:26,397 - INFO - Starting scrape for The Hindu RSS feed: https://www.thehindu.com/news/national/feeder/default.rss
2025-12-03 21:23:26,559 - INFO - Found 20 articles in Times of India RSS feed. Processing up to 20.
2025-12-03 21:23:26,559 - INFO - [Times of India] Article: https://timesofindia.indiatimes.com/world/us-streamers/mrbeast-becomes-the-top-us-youtuber-for-the-sixth-year-in-a-row/articleshow/125752940.cms
2025-12-03 21:23:26,559 - INFO - [Times of India] Attempt 1/1: Trying with 'selenium_browser' strategy...
2025-12-03 21:23:26,601 - INFO - Found 100 articles in The Hindu RSS feed. Processing up to 20.
2025-12-03 21:23:26,601 - INFO - [The Hindu] Article: https://www.thehindu.com/news/national/tamil-nadu/panneerselvam-meets-amit-shah-amid-talk-of-his-return-to-the-bjps-fold/article70354496.ece
2025-12-03 21:23:26,601 - INFO - [The Hindu] Attempt 1/1: Trying with 'selenium_browser' strategy...
2025-12-03 21:23:26,880 - INFO - [The Guardian] Article: https://www.theguardian.com/world/2025/dec/02/uk-government-delays-china-super-embassy-january
2025-12-03 21:23:26,880 - INFO - [The Guardian] Attempt 1/1: Trying with 'requests_browser' strategy...
2025-12-03 21:23:26,909 - INFO - [The Guardian] Success with 'requests_browser'. Found content (619 words).
2025-12-03 21:23:26,953 - INFO - Duplicate article skipped: UK government delays decision on China’s super-embassy until January | China | The Guardian from The Guardian
2025-12-03 21:23:26,982 - INFO - [BBC] Article: https://www.bbc.com/news/articles/c3e05j9012vo?at_medium=RSS&at_campaign=rss
2025-12-03 21:23:26,982 - INFO - [BBC] Attempt 1/1: Trying with 'requests_browser' strategy...
2025-12-03 21:23:27,006 - INFO - [BBC] Success with 'requests_browser'. Found content (297 words).
2025-12-03 21:23:27,041 - INFO - Duplicate article skipped: Italian fashion giant Prada buys Versace – at a discount from BBC
2025-12-03 21:23:27,726 - INFO - [The Guardian] Article: https://www.theguardian.com/world/2025/dec/03/uk-china-spying-case-collapse-security-committee-report
2025-12-03 21:23:27,726 - INFO - [The Guardian] Attempt 1/1: Trying with 'requests_browser' strategy...
2025-12-03 21:23:27,751 - INFO - [The Guardian] Success with 'requests_browser'. Found content (885 words).
2025-12-03 21:23:27,785 - INFO - Duplicate article skipped: Handling of China spying case was ‘shambolic’, security committee concludes | Espionage | The Guardian from The Guardian
2025-12-03 21:23:27,857 - INFO - [BBC] Article: https://www.bbc.com/news/articles/cp341gz24p5o?at_medium=RSS&at_campaign=rss
2025-12-03 21:23:27,857 - INFO - [BBC] Attempt 1/1: Trying with 'requests_browser' strategy...
2025-12-03 21:23:27,888 - INFO - [BBC] Success with 'requests_browser'. Found content (660 words).
2025-12-03 21:23:27,928 - INFO - Duplicate article skipped: YouTube says it will be less safe for kids under Australia's social media ban from BBC
2025-12-03 21:23:28,414 - INFO - [The Guardian] Article: https://www.theguardian.com/australia-news/live/2025/dec/04/australia-news-live-senate-estimates-national-fiscal-outlook-labor-coalition-cost-of-living-victoria-public-service-cuts-ntwnfb
2025-12-03 21:23:28,414 - INFO - [The Guardian] Attempt 1/1: Trying with 'requests_browser' strategy...
2025-12-03 21:23:28,551 - INFO - [BBC] Article: https://www.bbc.com/news/articles/cp39q5n5037o?at_medium=RSS&at_campaign=rss
2025-12-03 21:23:28,551 - INFO - [BBC] Attempt 1/1: Trying with 'requests_browser' strategy...
2025-12-03 21:23:28,572 - INFO - [The Guardian] Success with 'requests_browser'. Found content (1809 words).
2025-12-03 21:23:28,667 - INFO - Duplicate article skipped: News live: Australia to give $95m in military aid to Ukraine; murder charge over shooting in northern NSW | Australia news | The Guardian from The Guardian
2025-12-03 21:23:28,685 - INFO - [BBC] Success with 'requests_browser'. Found content (336 words).
2025-12-03 21:23:28,734 - INFO - Duplicate article skipped: Air pollution: Delhi hospitals saw 200,000 respiratory illness patients in three years from BBC
2025-12-03 21:23:29,592 - INFO - [The Guardian] Article: https://www.theguardian.com/technology/2025/dec/03/top-google-searches-australia-2025
2025-12-03 21:23:29,592 - INFO - [The Guardian] Attempt 1/1: Trying with 'requests_browser' strategy...
2025-12-03 21:23:29,645 - INFO - [The Guardian] Success with 'requests_browser'. Found content (572 words).
2025-12-03 21:23:29,727 - INFO - Duplicate article skipped: Doom, gloom … and Belle Gibson? The top Google searches in Australia in 2025 | Google | The Guardian from The Guardian
2025-12-03 21:23:29,778 - INFO - [BBC] Article: https://www.bbc.com/news/articles/cly580gkd9ro?at_medium=RSS&at_campaign=rss
2025-12-03 21:23:29,778 - INFO - [BBC] Attempt 1/1: Trying with 'requests_browser' strategy...
2025-12-03 21:23:29,837 - INFO - [BBC] Success with 'requests_browser'. Found content (1534 words).
2025-12-03 21:23:29,909 - INFO - Duplicate article skipped: Ultra-Orthodox conscription bill threatens crisis for Israel's government from BBC
2025-12-03 21:23:30,714 - INFO - [BBC] Article: https://www.bbc.com/news/articles/c9895x3039ro?at_medium=RSS&at_campaign=rss
2025-12-03 21:23:30,714 - INFO - [BBC] Attempt 1/1: Trying with 'requests_browser' strategy...
2025-12-03 21:23:30,894 - INFO - [BBC] Success with 'requests_browser'. Found content (942 words).
2025-12-03 21:23:30,978 - INFO - Duplicate article skipped: As lead changes in knife-edge Honduran election, will Trump fail to get his way? from BBC
2025-12-03 21:23:31,157 - INFO - [The Guardian] Article: https://www.theguardian.com/australia-news/2025/dec/03/helen-garner-says-state-library-of-victoria-turned-into-party-central-with-planned-job-cuts-to-bring-disgrace-on-melbourne
2025-12-03 21:23:31,158 - INFO - [The Guardian] Attempt 1/1: Trying with 'requests_browser' strategy...
2025-12-03 21:23:31,358 - INFO - [The Guardian] Success with 'requests_browser'. Found content (613 words).
2025-12-03 21:23:31,508 - INFO - Duplicate article skipped: Helen Garner says State Library of Victoria turned into ‘party central’, with planned job cuts to ‘bring disgrace’ on Melbourne | Victoria | The Guardian from The Guardian
2025-12-03 21:23:32,117 - INFO - [The Guardian] Article: https://www.theguardian.com/australia-news/2025/dec/03/alliance-defending-freedom-backs-south-australian-woman-legal-action-school-ntwnfb
2025-12-03 21:23:32,117 - INFO - [The Guardian] Attempt 1/1: Trying with 'requests_browser' strategy...
2025-12-03 21:23:32,798 - INFO - [The Guardian] Success with 'requests_browser'. Found content (712 words).
2025-12-03 21:23:32,941 - INFO - Duplicate article skipped: Global group accused of attacking gay rights backs South Australian woman over school presentation | Australian education | The Guardian from The Guardian
2025-12-03 21:23:33,005 - INFO - [The Hindu] Page content loaded.
2025-12-03 21:23:33,335 - INFO - [The Hindu] Success with 'selenium_browser'. Found content (437 words).
2025-12-03 21:23:34,148 - INFO - [The Guardian] Article: https://www.theguardian.com/australia-news/2025/dec/03/liberal-senator-says-repeated-use-of-term-mass-migration-is-inaccurate-and-extremely-unhelpful
2025-12-03 21:23:34,148 - INFO - [The Guardian] Attempt 1/1: Trying with 'requests_browser' strategy...
2025-12-03 21:23:34,407 - INFO - [The Guardian] Success with 'requests_browser'. Found content (823 words).
2025-12-03 21:23:41,425 - INFO - [Times of India] Page content loaded.
2025-12-03 21:23:41,982 - INFO - [Times of India] Success with 'selenium_browser'. Found content (371 words).
2025-12-03 21:23:51,814 - INFO - Saved article: Panneerselvam meets Amit Shah amid talk of his return to the BJP’s fold - The Hindu from The Hindu
2025-12-03 21:23:51,815 - INFO - Duplicate article skipped: Liberal senator says repeated use of term ‘mass migration’ is inaccurate and ‘extremely unhelpful’ | Liberal party | The Guardian from The Guardian
2025-12-03 21:23:52,823 - INFO - [The Hindu] Article: https://www.thehindu.com/news/national/nepal-india-to-discuss-supply-of-aviation-fuel-through-pipeline/article70355022.ece
2025-12-03 21:23:52,823 - INFO - [The Hindu] Attempt 1/1: Trying with 'selenium_browser' strategy...
2025-12-03 21:23:54,780 - INFO - [The Hindu] Page content loaded.
2025-12-03 21:23:54,872 - INFO - [The Hindu] Success with 'selenium_browser'. Found content (167 words).
2025-12-03 21:24:08,356 - INFO - Saved article: MrBeast becomes the top US YouTuber for the sixth year in a row - The Times of India from Times of India
2025-12-03 21:24:08,356 - INFO - Duplicate article skipped: Nepal, India to discuss supply of aviation fuel through pipeline - The Hindu from The Hindu
2025-12-03 21:24:08,963 - INFO - [The Hindu] Article: https://www.thehindu.com/news/national/haryana/haryana-man-fails-to-pay-1-cr-for-fancy-number-minister-orders-income-check/article70354432.ece
2025-12-03 21:24:08,964 - INFO - [The Hindu] Attempt 1/1: Trying with 'selenium_browser' strategy...
2025-12-03 21:24:09,656 - INFO - [Times of India] Article: https://timesofindia.indiatimes.com/world/rest-of-world/irans-supreme-leader-ayatollah-khamenei-goes-on-feminist-rant-blames-america-and-capitalism-for-oppressing-women/articleshow/125752830.cms
2025-12-03 21:24:09,657 - INFO - [Times of India] Attempt 1/1: Trying with 'selenium_browser' strategy...
2025-12-03 21:24:11,069 - INFO - [Times of India] Page content loaded.
2025-12-03 21:24:11,194 - INFO - [Times of India] Success with 'selenium_browser'. Found content (589 words).
2025-12-03 21:24:28,704 - INFO - Saved article: Iran’s supreme leader Ayatollah Khamenei goes on ‘feminist’ rant, blames America and capitalism for oppressing women - The Times of India from Times of India
2025-12-03 21:24:29,831 - INFO - [Times of India] Article: https://timesofindia.indiatimes.com/world/us/drunk-raccoon-breaks-into-liquor-store-downs-scotch-and-passes-out-in-bathroom/articleshow/125752346.cms
2025-12-03 21:24:29,831 - INFO - [Times of India] Attempt 1/1: Trying with 'selenium_browser' strategy...
2025-12-03 21:24:31,807 - INFO - [Times of India] Page content loaded.
2025-12-03 21:24:31,951 - INFO - [Times of India] Success with 'selenium_browser'. Found content (480 words).
2025-12-03 21:24:32,067 - INFO - Duplicate article skipped: Drunk raccoon breaks into liquor store, downs scotch, and passes out in bathroom | World News - The Times of India from Times of India
2025-12-03 21:24:33,355 - INFO - [Times of India] Article: https://timesofindia.indiatimes.com/world/us/enough-turning-point-usa-stops-candace-owens-slander-invites-her-to-livestream-charlie-saw-her-as-a-friend/articleshow/125752762.cms
2025-12-03 21:24:33,355 - INFO - [Times of India] Attempt 1/1: Trying with 'selenium_browser' strategy...
2025-12-03 21:24:35,909 - INFO - [Times of India] Page content loaded.
2025-12-03 21:24:36,412 - INFO - [Times of India] Success with 'selenium_browser'. Found content (370 words).
2025-12-03 21:24:36,561 - INFO - Duplicate article skipped: Enough: Turning Point USA stops Candace Owens' slander, invites her to livestream; 'Charlie saw her as a friend' - The Times of India from Times of India
2025-12-03 21:24:37,222 - INFO - [Times of India] Article: https://timesofindia.indiatimes.com/world/us-streamers/be-lucky-or-know-the-right-people-emiru-on-why-twitch-growth-is-difficult/articleshow/125752718.cms
2025-12-03 21:24:37,222 - INFO - [Times of India] Attempt 1/1: Trying with 'selenium_browser' strategy...
2025-12-03 21:24:38,180 - INFO - [Times of India] Page content loaded.
2025-12-03 21:24:38,282 - INFO - [Times of India] Success with 'selenium_browser'. Found content (424 words).
2025-12-03 21:24:58,948 - INFO - Saved article: “Be lucky or know the right people”: Emiru on why Twitch growth is difficult - The Times of India from Times of India
2025-12-03 21:24:59,982 - INFO - [Times of India] Article: https://timesofindia.indiatimes.com/world/us-streamers/xqc-opens-up-about-the-off-camera-version-of-mrbeast-that-doesnt-appear-in-videos/articleshow/125752497.cms
2025-12-03 21:24:59,982 - INFO - [Times of India] Attempt 1/1: Trying with 'selenium_browser' strategy...
2025-12-03 21:25:08,979 - ERROR - [The Hindu] Request failed for strategy 'selenium_browser' on URL https://www.thehindu.com/news/national/haryana/haryana-man-fails-to-pay-1-cr-for-fancy-number-minister-orders-income-check/article70354432.ece: Message: timeout: Timed out receiving message from renderer: 59.527
  (Session info: chrome=142.0.7444.175)
Stacktrace:
#0 0x5578f1c4f4ca <unknown>
#1 0x5578f169de4b <unknown>
#2 0x5578f1685e14 <unknown>
#3 0x5578f1685af7 <unknown>
#4 0x5578f16838ff <unknown>
#5 0x5578f168427f <unknown>
#6 0x5578f1692cb3 <unknown>
#7 0x5578f16ac5f1 <unknown>
#8 0x5578f16b2dfb <unknown>
#9 0x5578f16849bd <unknown>
#10 0x5578f16ac399 <unknown>
#11 0x5578f173d169 <unknown>
#12 0x5578f16e2c2a <unknown>
#13 0x5578f16e3931 <unknown>
#14 0x5578f1c15cf9 <unknown>
#15 0x5578f1c18cdc <unknown>
#16 0x5578f1bfef79 <unknown>
#17 0x5578f1c198b5 <unknown>
#18 0x5578f1be69c3 <unknown>
#19 0x5578f1c3c228 <unknown>
#20 0x5578f1c3c403 <unknown>
#21 0x5578f1c4e463 <unknown>
#22 0x7f245b09caa4 <unknown>
#23 0x7f245b129c6c <unknown>

2025-12-03 21:25:08,980 - ERROR - [The Hindu] All scrape strategies failed for https://www.thehindu.com/news/national/haryana/haryana-man-fails-to-pay-1-cr-for-fancy-number-minister-orders-income-check/article70354432.ece. Falling back to RSS description.
2025-12-03 21:25:08,980 - INFO - Duplicate article skipped: Haryana man fails to pay ₹1 cr. for ‘fancy number’; Minister orders income check from The Hindu
2025-12-03 21:25:10,262 - INFO - [The Hindu] Article: https://www.thehindu.com/news/national/maharashtra/do-not-comment-on-order-you-havent-challenged-pune-court-to-rahul-gandhi/article70354973.ece
2025-12-03 21:25:10,262 - INFO - [The Hindu] Attempt 1/1: Trying with 'selenium_browser' strategy...
2025-12-03 21:25:10,897 - INFO - [The Hindu] Page content loaded.
2025-12-03 21:25:10,973 - INFO - [The Hindu] Success with 'selenium_browser'. Found content (315 words).
2025-12-03 21:25:11,073 - INFO - Duplicate article skipped: Do not comment on order you haven't challenged: Pune court to Rahul Gandhi - The Hindu from The Hindu
2025-12-03 21:25:12,553 - INFO - [The Hindu] Article: https://www.thehindu.com/news/national/kerala/poll-preparations-intensify-as-officials-balance-sir-and-election-duties/article70354463.ece
2025-12-03 21:25:12,553 - INFO - [The Hindu] Attempt 1/1: Trying with 'selenium_browser' strategy...
2025-12-03 21:25:13,421 - INFO - [The Hindu] Page content loaded.
2025-12-03 21:25:13,511 - INFO - [The Hindu] Success with 'selenium_browser'. Found content (363 words).
2025-12-03 21:25:13,625 - INFO - Duplicate article skipped: Poll preparations intensify in Ernakulam as officials balance SIR and election duties - The Hindu from The Hindu
2025-12-03 21:25:14,640 - INFO - [The Hindu] Article: https://www.thehindu.com/news/national/kerala/udfs-manifesto-for-ernakulam-district-gives-thrust-to-tourism-waste-management-public-transport/article70354061.ece
2025-12-03 21:25:14,640 - INFO - [The Hindu] Attempt 1/1: Trying with 'selenium_browser' strategy...
2025-12-03 21:25:15,486 - INFO - [The Hindu] Page content loaded.
2025-12-03 21:25:15,655 - INFO - [The Hindu] Success with 'selenium_browser'. Found content (289 words).
2025-12-03 21:25:15,751 - INFO - Duplicate article skipped: UDF’s manifesto for Ernakulam district gives thrust to tourism, waste management, public transport - The Hindu from The Hindu
2025-12-03 21:25:17,028 - INFO - [Times of India] Page content loaded.
2025-12-03 21:25:17,233 - INFO - [The Hindu] Article: https://www.thehindu.com/news/national/madhya-pradesh/grp-head-constable-assaults-disabled-youth-at-mp-railway-station/article70354597.ece
2025-12-03 21:25:17,238 - INFO - [The Hindu] Attempt 1/1: Trying with 'selenium_browser' strategy...
2025-12-03 21:25:17,261 - INFO - [Times of India] Success with 'selenium_browser'. Found content (371 words).
2025-12-03 21:25:17,664 - INFO - Duplicate article skipped: xQc opens up about the off-camera version of MrBeast that doesn’t appear in videos - The Times of India from Times of India
2025-12-03 21:25:18,005 - INFO - [The Hindu] Page content loaded.
2025-12-03 21:25:18,172 - INFO - [The Hindu] Success with 'selenium_browser'. Found content (172 words).
2025-12-03 21:25:18,285 - INFO - Duplicate article skipped: GRP head constable assaults disabled youth at M.P. railway station - The Hindu from The Hindu
2025-12-03 21:25:18,996 - INFO - [Times of India] Article: https://timesofindia.indiatimes.com/world/us/guns-tactical-gear-and-notebook-with-assault-plans-luqmaan-khan-arrested-for-allegedly-plotting-attack-on-university-of-delaware/articleshow/125751972.cms
2025-12-03 21:25:18,996 - INFO - [Times of India] Attempt 1/1: Trying with 'selenium_browser' strategy...
2025-12-03 21:25:19,572 - INFO - [The Hindu] Article: https://www.thehindu.com/news/national/kerala/keralas-extreme-poverty-free-status-wont-affect-aay-foodgrain-supply-joshi/article70354957.ece
2025-12-03 21:25:19,572 - INFO - [The Hindu] Attempt 1/1: Trying with 'selenium_browser' strategy...
2025-12-03 21:25:19,751 - INFO - [Times of India] Page content loaded.
2025-12-03 21:25:20,043 - INFO - [Times of India] Success with 'selenium_browser'. Found content (409 words).
2025-12-03 21:25:20,145 - INFO - Duplicate article skipped: Guns, tactical gear and notebook with assault plans: Luqmaan Khan arrested for allegedly plotting attack on University of Delaware - The Times of India from Times of India
2025-12-03 21:25:21,020 - INFO - [Times of India] Article: https://timesofindia.indiatimes.com/world/us-streamers/wendy-ortiz-apologizes-after-calling-stable-ronaldo-a-woman-hater/articleshow/125752054.cms
2025-12-03 21:25:21,020 - INFO - [Times of India] Attempt 1/1: Trying with 'selenium_browser' strategy...
2025-12-03 21:25:22,388 - INFO - [The Hindu] Page content loaded.
2025-12-03 21:25:22,524 - INFO - [The Hindu] Success with 'selenium_browser'. Found content (278 words).
2025-12-03 21:25:22,624 - INFO - Duplicate article skipped: Kerala’s extreme poverty-free status won’t affect AAY foodgrain supply: Joshi - The Hindu from The Hindu
2025-12-03 21:25:23,195 - INFO - [Times of India] Page content loaded.
2025-12-03 21:25:23,405 - INFO - [Times of India] Success with 'selenium_browser'. Found content (398 words).
2025-12-03 21:25:23,490 - INFO - Duplicate article skipped: Wendy Ortiz apologizes after calling Stable Ronaldo a “woman hater” - The Times of India from Times of India
2025-12-03 21:25:23,822 - INFO - [The Hindu] Article: https://www.thehindu.com/news/national/west-bengal/pm-asks-bjp-mps-from-west-bengal-to-keep-sir-straightforward/article70354675.ece
2025-12-03 21:25:23,822 - INFO - [The Hindu] Attempt 1/1: Trying with 'selenium_browser' strategy...
2025-12-03 21:25:24,547 - INFO - [The Hindu] Page content loaded.
2025-12-03 21:25:24,726 - INFO - [The Hindu] Success with 'selenium_browser'. Found content (272 words).
2025-12-03 21:25:24,787 - INFO - [Times of India] Article: https://timesofindia.indiatimes.com/world/us/us-firms-we-still-sponsor-h-1bs-hoardings-in-india-grab-eyeballs-amid-100000-visa-fee-row/articleshow/125751973.cms
2025-12-03 21:25:24,787 - INFO - [Times of India] Attempt 1/1: Trying with 'selenium_browser' strategy...
2025-12-03 21:25:24,851 - INFO - Duplicate article skipped: PM asks BJP MPs from West Bengal to keep SIR ‘straightforward’ - The Hindu from The Hindu
2025-12-03 21:25:26,182 - INFO - [The Hindu] Article: https://www.thehindu.com/news/national/tamil-nadu/prohibitory-orders-clamped-in-thiruparankundram-litigants-not-allowed-to-light-lamp-at-pillar/article70354954.ece
2025-12-03 21:25:26,182 - INFO - [The Hindu] Attempt 1/1: Trying with 'selenium_browser' strategy...
2025-12-03 21:25:26,446 - INFO - [Times of India] Page content loaded.
2025-12-03 21:25:26,640 - INFO - [Times of India] Success with 'selenium_browser'. Found content (412 words).
2025-12-03 21:25:26,737 - INFO - Duplicate article skipped: US firm's 'we still sponsor H-1Bs' hoardings in India grab eyeballs amid $100,000 visa fee row - The Times of India from Times of India
2025-12-03 21:25:27,152 - INFO - [The Hindu] Page content loaded.
2025-12-03 21:25:27,340 - INFO - [The Hindu] Success with 'selenium_browser'. Found content (845 words).
2025-12-03 21:25:27,452 - INFO - Duplicate article skipped: Prohibitory orders clamped in Tirupparankundram, litigants not allowed to light lamp at pillar - The Hindu from The Hindu
2025-12-03 21:25:27,706 - INFO - [Times of India] Article: https://timesofindia.indiatimes.com/world/us/explained-what-tennessees-election-reveals-about-2026-battlefield-for-democrats-and-republicans/articleshow/125751079.cms
2025-12-03 21:25:27,706 - INFO - [Times of India] Attempt 1/1: Trying with 'selenium_browser' strategy...
2025-12-03 21:25:28,258 - INFO - [The Hindu] Article: https://www.thehindu.com/news/national/karnataka/state-may-explore-policy-reforms-to-support-growth-of-data-centre-industry-priyank/article70354661.ece
2025-12-03 21:25:28,258 - INFO - [The Hindu] Attempt 1/1: Trying with 'selenium_browser' strategy...
2025-12-03 21:25:29,998 - INFO - [The Hindu] Page content loaded.
2025-12-03 21:25:30,089 - INFO - [The Hindu] Success with 'selenium_browser'. Found content (352 words).
2025-12-03 21:25:30,282 - INFO - Duplicate article skipped: State may explore policy reforms to support growth of data centre industry: Priyank - The Hindu from The Hindu
2025-12-03 21:25:31,164 - INFO - [Times of India] Page content loaded.
2025-12-03 21:25:31,216 - INFO - [The Hindu] Article: https://www.thehindu.com/news/national/tamil-nadu/arunachaleshwarar-temple-staff-among-three-arrested-for-selling-fake-parking-passes/article70353474.ece
2025-12-03 21:25:31,216 - INFO - [The Hindu] Attempt 1/1: Trying with 'selenium_browser' strategy...
2025-12-03 21:25:31,440 - INFO - [Times of India] Success with 'selenium_browser'. Found content (317 words).
2025-12-03 21:25:31,586 - INFO - Duplicate article skipped: Explained: What Tennessee’s election reveals about 2026 battlefield for Democrats and Republicans - The Times of India from Times of India
2025-12-03 21:25:32,404 - INFO - [The Hindu] Page content loaded.
2025-12-03 21:25:32,500 - INFO - [The Hindu] Success with 'selenium_browser'. Found content (210 words).
2025-12-03 21:25:32,626 - INFO - Duplicate article skipped: Arunachaleshwarar temple staff among three arrested for selling fake parking passes - The Hindu from The Hindu
2025-12-03 21:25:32,948 - INFO - [Times of India] Article: https://timesofindia.indiatimes.com/world/us/democrats-release-new-disturbing-images-from-infamous-epstein-island-see-photos/articleshow/125750902.cms
2025-12-03 21:25:32,948 - INFO - [Times of India] Attempt 1/1: Trying with 'selenium_browser' strategy...
2025-12-03 21:25:33,833 - INFO - [The Hindu] Article: https://www.thehindu.com/news/national/tamil-nadu/farmer-arrested-for-illegal-electric-fencing-that-killed-three-persons/article70353480.ece
2025-12-03 21:25:33,833 - INFO - [The Hindu] Attempt 1/1: Trying with 'selenium_browser' strategy...
2025-12-03 21:25:36,362 - INFO - [The Hindu] Page content loaded.
2025-12-03 21:25:36,503 - INFO - [The Hindu] Success with 'selenium_browser'. Found content (323 words).
2025-12-03 21:25:36,643 - INFO - Duplicate article skipped: Farmer arrested for illegal electric fencing that killed three persons - The Hindu from The Hindu
2025-12-03 21:25:37,287 - INFO - [The Hindu] Article: https://www.thehindu.com/news/national/kerala/entrepreneurs-seek-a-roadmap-for-promoting-ecotourism-spots-in-kozhikode/article70353621.ece
2025-12-03 21:25:37,288 - INFO - [The Hindu] Attempt 1/1: Trying with 'selenium_browser' strategy...
2025-12-03 21:25:38,676 - INFO - [Times of India] Page content loaded.
2025-12-03 21:25:39,338 - INFO - [Times of India] Success with 'selenium_browser'. Found content (344 words).
2025-12-03 21:25:39,473 - INFO - Duplicate article skipped: Democrats release 'never-before-seen' images from infamous ‘Epstein Island’ — see photos - The Times of India from Times of India
2025-12-03 21:25:40,748 - INFO - [The Hindu] Page content loaded.
2025-12-03 21:25:40,921 - INFO - [Times of India] Article: https://timesofindia.indiatimes.com/world/us-streamers/who-is-nicholas-hunter-the-youtuber-behind-the-viral-fake-pregnancy-story-with-jade-and-her-mother-dani/articleshow/125750336.cms
2025-12-03 21:25:40,921 - INFO - [Times of India] Attempt 1/1: Trying with 'selenium_browser' strategy...
2025-12-03 21:25:40,979 - INFO - [The Hindu] Success with 'selenium_browser'. Found content (413 words).
2025-12-03 21:25:41,086 - INFO - Duplicate article skipped: Entrepreneurs seek a roadmap for promoting ecotourism spots in Kozhikode - The Hindu from The Hindu
2025-12-03 21:25:42,475 - INFO - [The Hindu] Article: https://www.thehindu.com/news/national/andhra-pradesh/naidu-announces-free-transport-for-all-differently-abled-people-in-apsrtc-buses/article70354480.ece
2025-12-03 21:25:42,476 - INFO - [The Hindu] Attempt 1/1: Trying with 'selenium_browser' strategy...
2025-12-03 21:25:43,650 - INFO - [The Hindu] Page content loaded.
2025-12-03 21:25:43,943 - INFO - [The Hindu] Success with 'selenium_browser'. Found content (394 words).
2025-12-03 21:25:44,108 - INFO - Duplicate article skipped: Naidu announces free transport for all differently-abled people in APSRTC buses - The Hindu from The Hindu
2025-12-03 21:25:44,962 - INFO - [The Hindu] Article: https://www.thehindu.com/news/national/tamil-nadu/50-year-old-quack-arrested-in-tirupattur/article70353493.ece
2025-12-03 21:25:44,962 - INFO - [The Hindu] Attempt 1/1: Trying with 'selenium_browser' strategy...
2025-12-03 21:25:45,071 - INFO - [Times of India] Page content loaded.
2025-12-03 21:25:45,209 - INFO - [Times of India] Success with 'selenium_browser'. Found content (370 words).
2025-12-03 21:25:45,309 - INFO - Duplicate article skipped: Who is Nicholas Hunter? The YouTuber behind the viral fake pregnancy story with Jade and her mother Dani - The Times of India from Times of India
2025-12-03 21:25:45,954 - INFO - [The Hindu] Page content loaded.
2025-12-03 21:25:46,032 - INFO - [The Hindu] Success with 'selenium_browser'. Found content (167 words).
2025-12-03 21:25:46,150 - INFO - Duplicate article skipped: 50-year-old quack arrested in Tirupattur - The Hindu from The Hindu
2025-12-03 21:25:46,215 - INFO - [Times of India] Article: https://timesofindia.indiatimes.com/etimes/trending/dear-god-make-it-stop-home-alone-house-owner-reveals-decades-of-intrusion-in-new-memoir/articleshow/125748298.cms
2025-12-03 21:25:46,215 - INFO - [Times of India] Attempt 1/1: Trying with 'selenium_browser' strategy...
2025-12-03 21:25:47,455 - INFO - [The Hindu] Article: https://www.thehindu.com/news/national/kerala/ldf-promises-professional-makeover-in-running-of-thiruvananthapuram-corporation/article70354325.ece
2025-12-03 21:25:47,455 - INFO - [The Hindu] Attempt 1/1: Trying with 'selenium_browser' strategy...
2025-12-03 21:25:48,331 - INFO - [Times of India] Page content loaded.
2025-12-03 21:25:48,486 - INFO - [Times of India] Success with 'selenium_browser'. Found content (1056 words).
2025-12-03 21:25:48,610 - INFO - Duplicate article skipped: 'Dear god, make it stop:' Home Alone house owner reveals decades of intrusion in new memoir | - The Times of India from Times of India
2025-12-03 21:25:49,884 - INFO - [Times of India] Article: https://timesofindia.indiatimes.com/world/us/something-badly-wrong-with-h-1b-former-visa-officer-says-he-interviewed-average-college-graduates-in-india/articleshow/125750029.cms
2025-12-03 21:25:49,884 - INFO - [Times of India] Attempt 1/1: Trying with 'selenium_browser' strategy...
2025-12-03 21:25:49,935 - INFO - [The Hindu] Page content loaded.
2025-12-03 21:25:50,148 - INFO - [The Hindu] Success with 'selenium_browser'. Found content (497 words).
2025-12-03 21:25:50,316 - INFO - Duplicate article skipped: LDF promises ‘professional makeover’ in running of Thiruvananthapuram Corporation - The Hindu from The Hindu
2025-12-03 21:25:51,362 - INFO - [The Hindu] Article: https://www.thehindu.com/news/national/tamil-nadu/judicial-reforms-are-essential-to-maintain-rule-of-law-vit-chancellor/article70353465.ece
2025-12-03 21:25:51,362 - INFO - [The Hindu] Attempt 1/1: Trying with 'selenium_browser' strategy...
2025-12-03 21:25:52,182 - INFO - [Times of India] Page content loaded.
2025-12-03 21:25:52,378 - INFO - [The Hindu] Page content loaded.
2025-12-03 21:25:52,400 - INFO - [Times of India] Success with 'selenium_browser'. Found content (350 words).
2025-12-03 21:25:52,597 - INFO - Duplicate article skipped: 'Something badly wrong with H-1B': Former visa officer says he interviewed average college graduates in India - The Times of India from Times of India
2025-12-03 21:25:52,602 - INFO - [The Hindu] Success with 'selenium_browser'. Found content (270 words).
2025-12-03 21:25:52,803 - INFO - Duplicate article skipped: Judicial reforms are essential to maintain rule of law: VIT Chancellor - The Hindu from The Hindu
2025-12-03 21:25:53,118 - INFO - [Times of India] Article: https://timesofindia.indiatimes.com/world/us/after-trump-elon-musk-predicts-2-consecutive-presidential-terms-for-jd-vance-calls-it-great-12-year-run/articleshow/125749056.cms
2025-12-03 21:25:53,118 - INFO - [Times of India] Attempt 1/1: Trying with 'selenium_browser' strategy...
2025-12-03 21:25:53,651 - INFO - [The Hindu] Article: https://www.thehindu.com/news/national/andhra-pradesh/ap-congress-welcomes-withdrawal-of-sanchar-saathi-app/article70354696.ece
2025-12-03 21:25:53,651 - INFO - [The Hindu] Attempt 1/1: Trying with 'selenium_browser' strategy...
2025-12-03 21:25:55,264 - INFO - [The Hindu] Page content loaded.
2025-12-03 21:25:55,417 - INFO - [Times of India] Page content loaded.
2025-12-03 21:25:55,426 - INFO - [The Hindu] Success with 'selenium_browser'. Found content (215 words).
2025-12-03 21:25:55,521 - INFO - Duplicate article skipped: A.P. Congress welcomes withdrawal of Sanchar Saathi app - The Hindu from The Hindu
2025-12-03 21:25:55,684 - INFO - [Times of India] Success with 'selenium_browser'. Found content (283 words).
2025-12-03 21:25:55,832 - INFO - Duplicate article skipped: After Trump, Elon Musk predicts 2 consecutive presidential terms for JD Vance, calls it 'great 12-year run’ - The Times of India from Times of India
2025-12-03 21:25:56,344 - INFO - [The Hindu] Article: https://www.thehindu.com/news/national/andhra-pradesh/ap-teacher-eligibility-test-on-december-10/article70354539.ece
2025-12-03 21:25:56,344 - INFO - [The Hindu] Attempt 1/1: Trying with 'selenium_browser' strategy...
2025-12-03 21:25:56,465 - INFO - [Times of India] Article: https://timesofindia.indiatimes.com/world/us/sleepy-joe-to-sleepy-trump-how-donald-trump-dozed-off-in-a-meeting-after-years-of-mocking-biden/articleshow/125748318.cms
2025-12-03 21:25:56,465 - INFO - [Times of India] Attempt 1/1: Trying with 'selenium_browser' strategy...
2025-12-03 21:25:57,542 - INFO - [The Hindu] Page content loaded.
2025-12-03 21:25:57,596 - INFO - [The Hindu] Success with 'selenium_browser'. Found content (113 words).
2025-12-03 21:25:57,692 - INFO - Duplicate article skipped: A.P. Teacher Eligibility Test on December 10 - The Hindu from The Hindu
2025-12-03 21:25:58,303 - INFO - [Times of India] Page content loaded.
2025-12-03 21:25:58,534 - INFO - [The Hindu] (Thread) Finished. Attempting to shut down its Selenium driver.
2025-12-03 21:25:58,749 - INFO - [Times of India] Success with 'selenium_browser'. Found content (671 words).
2025-12-03 21:25:58,836 - INFO - [The Hindu] (Thread) driver.quit() successful.
2025-12-03 21:25:58,852 - INFO - Duplicate article skipped: ‘Sleepy Joe’ to ‘Sleepy Trump’: How Donald Trump dozed off in a meeting after years of mocking Biden | World News - The Times of India from Times of India
2025-12-03 21:25:59,677 - INFO - [Times of India] Article: https://timesofindia.indiatimes.com/world/us/people-affected-cant-do-anything-immigration-expert-explains-what-trumps-ban-on-19-countries-means/articleshow/125747904.cms
2025-12-03 21:25:59,677 - INFO - [Times of India] Attempt 1/1: Trying with 'selenium_browser' strategy...
2025-12-03 21:26:00,639 - INFO - [Times of India] Page content loaded.
2025-12-03 21:26:00,771 - INFO - [Times of India] Success with 'selenium_browser'. Found content (351 words).
2025-12-03 21:26:01,092 - INFO - Duplicate article skipped: 'People affected can't do anything': Immigration expert explains what Trump's ban on 19 countries means - The Times of India from Times of India
2025-12-03 21:26:02,490 - INFO - [Times of India] Article: https://timesofindia.indiatimes.com/world/us/jeffrey-epstein-knew-about-trumps-childlike-pardon-plans-he-loves-showing-the-power-that-he-has-says-author/articleshow/125746881.cms
2025-12-03 21:26:02,491 - INFO - [Times of India] Attempt 1/1: Trying with 'selenium_browser' strategy...
2025-12-03 21:26:03,718 - INFO - [Times of India] Page content loaded.
2025-12-03 21:26:03,820 - INFO - [Times of India] Success with 'selenium_browser'. Found content (391 words).
2025-12-03 21:26:03,879 - INFO - Duplicate article skipped: Jeffrey Epstein knew about Trump’s ‘childlike’ pardon plans: ‘He loves showing the power that he has,’ says author - The Times of India from Times of India
2025-12-03 21:26:04,475 - INFO - [Times of India] Article: https://timesofindia.indiatimes.com/world/us/ilhan-omar-says-trumps-obsession-with-her-is-creepy-i-will-be-here-probably-longer-than-trump/articleshow/125746952.cms
2025-12-03 21:26:04,475 - INFO - [Times of India] Attempt 1/1: Trying with 'selenium_browser' strategy...
2025-12-03 21:26:05,400 - INFO - [Times of India] Page content loaded.
2025-12-03 21:26:05,610 - INFO - [Times of India] Success with 'selenium_browser'. Found content (402 words).
2025-12-03 21:26:05,667 - INFO - Duplicate article skipped: Ilhan Omar says Trump's obsession with her is 'creepy': 'I will be here probably longer than Trump' - The Times of India from Times of India
2025-12-03 21:26:07,031 - INFO - [Times of India] Article: https://timesofindia.indiatimes.com/world/us/vivek-ramaswamy-recalls-last-conversation-with-charlie-kirk-on-what-is-an-american-social-media-brings-up-h-1b-row/articleshow/125745343.cms
2025-12-03 21:26:07,031 - INFO - [Times of India] Attempt 1/1: Trying with 'selenium_browser' strategy...
2025-12-03 21:26:08,283 - INFO - [Times of India] Page content loaded.
2025-12-03 21:26:08,394 - INFO - [Times of India] Success with 'selenium_browser'. Found content (429 words).
2025-12-03 21:26:08,451 - INFO - Duplicate article skipped: Vivek Ramaswamy recalls last conversation with Charlie Kirk on ‘What is an American?’; Social media brings up H-1B row - The Times of India from Times of India
2025-12-03 21:26:09,646 - INFO - [Times of India] (Thread) Finished. Attempting to shut down its Selenium driver.
2025-12-03 21:26:09,990 - INFO - [Times of India] (Thread) driver.quit() successful.
2025-12-03 21:26:09,991 - INFO - Shutting down thread pool (wait=False)...
2025-12-03 21:26:09,991 - INFO - Scraped: 3 Times of India, 1 The Hindu, 0 The Guardian, 0 BBC articles. (Total saved: 4)
2025-12-03 21:26:09,991 - INFO - --- Scraping job finished ---
2025-12-03 21:26:09,996 - INFO - --- Scraper service stopped and database connection closed. ---
2025-12-03 21:26:09,996 - INFO - --- Main thread finished. Forcing process exit to kill zombie threads. ---
