2025-12-04 05:25:52,978 - INFO - Loading AI Semantic Model (all-MiniLM-L6-v2)...
2025-12-04 05:25:52,979 - INFO - Use pytorch device_name: cpu
2025-12-04 05:25:52,979 - INFO - Load pretrained SentenceTransformer: all-MiniLM-L6-v2
2025-12-04 05:25:54,414 - INFO - AI Model loaded successfully.
2025-12-04 05:25:54,415 - INFO - Initializing database connection at: news_articles.db
2025-12-04 05:25:54,415 - INFO - --- Scraper service started (CI Mode: Run Once) ---
2025-12-04 05:25:54,415 - INFO - --- Starting new scraping job (Parallel Mode) ---
2025-12-04 05:25:54,415 - INFO - Creating new robust session with 3 retries on 5xx/connection/read errors.
2025-12-04 05:25:54,415 - INFO - Proxy is DISABLED.
2025-12-04 05:25:54,415 - INFO - Starting scrape for BBC RSS feed: http://feeds.bbci.co.uk/news/world/rss.xml
2025-12-04 05:25:54,416 - INFO - [Times of India] (Thread) requires Selenium. Initializing driver...
2025-12-04 05:25:54,417 - INFO - Initializing headless Selenium Chrome driver (using SeleniumManager)...
2025-12-04 05:25:54,417 - INFO - Starting scrape for The Guardian RSS feed: https://www.theguardian.com/world/rss
2025-12-04 05:25:54,419 - INFO - [The Hindu] (Thread) requires Selenium. Initializing driver...
2025-12-04 05:25:54,419 - INFO - Initializing headless Selenium Chrome driver (using SeleniumManager)...
2025-12-04 05:25:54,419 - INFO - Submitted 4 jobs to thread pool. Waiting up to 300s for completion...
2025-12-04 05:25:54,549 - INFO - Found 45 articles in The Guardian RSS feed. Processing up to 20.
2025-12-04 05:25:54,549 - INFO - [The Guardian] Article: https://www.theguardian.com/artanddesign/2025/dec/04/ibrahim-mahama-ghana-tops-artreview-power-list
2025-12-04 05:25:54,549 - INFO - [The Guardian] Attempt 1/1: Trying with 'requests_browser' strategy...
2025-12-04 05:25:54,814 - INFO - Found 37 articles in BBC RSS feed. Processing up to 20.
2025-12-04 05:25:54,814 - INFO - [BBC] Article: https://www.bbc.com/news/articles/c7731n5z6d3o?at_medium=RSS&at_campaign=rss
2025-12-04 05:25:54,814 - INFO - [BBC] Attempt 1/1: Trying with 'requests_browser' strategy...
2025-12-04 05:25:54,833 - INFO - [The Guardian] Success with 'requests_browser'. Found content (604 words).
2025-12-04 05:25:55,067 - INFO - [BBC] Success with 'requests_browser'. Found content (1064 words).
2025-12-04 05:26:01,142 - INFO - Selenium driver initialized successfully.
2025-12-04 05:26:01,143 - INFO - Starting scrape for The Hindu RSS feed: https://www.thehindu.com/news/national/feeder/default.rss
2025-12-04 05:26:01,144 - INFO - Selenium driver initialized successfully.
2025-12-04 05:26:01,144 - INFO - Starting scrape for Times of India RSS feed: https://timesofindia.indiatimes.com/rssfeeds/296589292.cms
2025-12-04 05:26:01,343 - INFO - Found 20 articles in Times of India RSS feed. Processing up to 20.
2025-12-04 05:26:01,343 - INFO - [Times of India] Article: https://timesofindia.indiatimes.com/world/us/would-like-to-end-war-donald-trump-says-putin-gave-impression-of-wanting-to-end-ukraine-conflict-hails-very-good-talks/articleshow/125757197.cms
2025-12-04 05:26:01,343 - INFO - [Times of India] Attempt 1/1: Trying with 'selenium_browser' strategy...
2025-12-04 05:26:02,057 - INFO - Found 100 articles in The Hindu RSS feed. Processing up to 20.
2025-12-04 05:26:02,058 - INFO - [The Hindu] Article: https://www.thehindu.com/news/national/karnataka/73-indigo-flights-cancelled-at-bengaluru-airport-on-december-4/article70356268.ece
2025-12-04 05:26:02,058 - INFO - [The Hindu] Attempt 1/1: Trying with 'selenium_browser' strategy...
2025-12-04 05:26:07,123 - INFO - [The Hindu] Page content loaded.
2025-12-04 05:26:07,637 - INFO - [The Hindu] Success with 'selenium_browser'. Found content (417 words).
2025-12-04 05:26:21,244 - INFO - Saved article: Ghana’s Ibrahim Mahama first African to top annual art power list | Art | The Guardian from The Guardian
2025-12-04 05:26:21,245 - INFO - Duplicate article skipped: Ukraine and US negotiators to meet in Florida after Moscow talks, White House says from BBC
2025-12-04 05:26:22,152 - INFO - [The Guardian] Article: https://www.theguardian.com/uk-news/2025/dec/03/british-troops-accused-of-human-rights-violations-environmental-destruction-and-sexual-abuse-in-kenya
2025-12-04 05:26:22,152 - INFO - [The Guardian] Attempt 1/1: Trying with 'requests_browser' strategy...
2025-12-04 05:26:22,241 - INFO - [BBC] Article: https://www.bbc.com/news/articles/cpq4e21nr5vo?at_medium=RSS&at_campaign=rss
2025-12-04 05:26:22,243 - INFO - [BBC] Attempt 1/1: Trying with 'requests_browser' strategy...
2025-12-04 05:26:22,362 - INFO - [BBC] Success with 'requests_browser'. Found content (438 words).
2025-12-04 05:26:22,494 - INFO - [The Guardian] Success with 'requests_browser'. Found content (772 words).
2025-12-04 05:26:36,804 - INFO - DEDUPLICATION: Found match (Score: 0.73). Linking to Cluster ID: 2ff4ffe1-764c-44be-85c5-46d030151722
2025-12-04 05:26:36,806 - INFO - Saved article: 73 IndiGo flights cancelled at Bengaluru airport on December 4 - The Hindu from The Hindu
2025-12-04 05:26:36,806 - INFO - Duplicate article skipped: What latest Ukraine talks reveal about Putin's state of mind from BBC
2025-12-04 05:26:36,807 - INFO - Duplicate article skipped: British troops accused of human rights violations and sexual abuse in Kenya | British army | The Guardian from The Guardian
2025-12-04 05:26:37,711 - INFO - [BBC] Article: https://www.bbc.com/news/articles/cpwk7xen544o?at_medium=RSS&at_campaign=rss
2025-12-04 05:26:37,712 - INFO - [BBC] Attempt 1/1: Trying with 'requests_browser' strategy...
2025-12-04 05:26:37,749 - INFO - [BBC] Success with 'requests_browser'. Found content (668 words).
2025-12-04 05:26:37,789 - INFO - Duplicate article skipped: Israel says Rafah crossing to open soon to let Gazans leave via Egypt from BBC
2025-12-04 05:26:38,123 - INFO - [The Hindu] Article: https://www.thehindu.com/news/national/nia-searches-arms-smuggling-case-probe-up-bihar/article70356249.ece
2025-12-04 05:26:38,123 - INFO - [The Hindu] Attempt 1/1: Trying with 'selenium_browser' strategy...
2025-12-04 05:26:38,127 - INFO - [The Guardian] Article: https://www.theguardian.com/global-development/2025/dec/03/whistleblower-accuses-foreign-office-of-censoring-warning-of-sudan-genocide
2025-12-04 05:26:38,127 - INFO - [The Guardian] Attempt 1/1: Trying with 'requests_browser' strategy...
2025-12-04 05:26:38,442 - INFO - [The Guardian] Success with 'requests_browser'. Found content (1465 words).
2025-12-04 05:26:38,500 - INFO - Duplicate article skipped: Whistleblower accuses Foreign Office of ‘censoring’ warning of Sudan genocide | Global development | The Guardian from The Guardian
2025-12-04 05:26:38,639 - INFO - [BBC] Article: https://www.bbc.com/news/articles/c2lvzrve5lqo?at_medium=RSS&at_campaign=rss
2025-12-04 05:26:38,640 - INFO - [BBC] Attempt 1/1: Trying with 'requests_browser' strategy...
2025-12-04 05:26:38,676 - INFO - [BBC] Success with 'requests_browser'. Found content (292 words).
2025-12-04 05:26:38,714 - INFO - Duplicate article skipped: Federica Mogherini: Former EU top diplomat accused in fraud investigation from BBC
2025-12-04 05:26:39,520 - INFO - [The Guardian] Article: https://www.theguardian.com/us-news/2025/dec/02/trump-somali-immigrants-minnesota
2025-12-04 05:26:39,520 - INFO - [The Guardian] Attempt 1/1: Trying with 'requests_browser' strategy...
2025-12-04 05:26:39,622 - INFO - [The Guardian] Success with 'requests_browser'. Found content (473 words).
2025-12-04 05:26:39,808 - INFO - Duplicate article skipped: Trump calls Somali immigrants ‘garbage’ as US reportedly targets Minnesota community | Trump administration | The Guardian from The Guardian
2025-12-04 05:26:39,900 - INFO - [BBC] Article: https://www.bbc.com/news/articles/c62lv79p0pdo?at_medium=RSS&at_campaign=rss
2025-12-04 05:26:39,900 - INFO - [BBC] Attempt 1/1: Trying with 'requests_browser' strategy...
2025-12-04 05:26:40,045 - INFO - [BBC] Success with 'requests_browser'. Found content (482 words).
2025-12-04 05:26:40,129 - INFO - Duplicate article skipped: Hong Kong orders removal of scaffolding mesh after deadly blaze from BBC
2025-12-04 05:26:41,044 - INFO - [The Guardian] Article: https://www.theguardian.com/world/2025/dec/01/south-africans-court-alleged-recruitment-russia-war-ukraine
2025-12-04 05:26:41,044 - INFO - [The Guardian] Attempt 1/1: Trying with 'requests_browser' strategy...
2025-12-04 05:26:41,128 - INFO - [The Guardian] Success with 'requests_browser'. Found content (506 words).
2025-12-04 05:26:41,311 - INFO - Duplicate article skipped: Five South Africans in court over alleged recruitment for Russia’s war in Ukraine | South Africa | The Guardian from The Guardian
2025-12-04 05:26:41,443 - INFO - [BBC] Article: https://www.bbc.com/news/articles/cd6x2j4g3z7o?at_medium=RSS&at_campaign=rss
2025-12-04 05:26:41,443 - INFO - [BBC] Attempt 1/1: Trying with 'requests_browser' strategy...
2025-12-04 05:26:41,482 - INFO - [BBC] Success with 'requests_browser'. Found content (394 words).
2025-12-04 05:26:41,522 - INFO - Duplicate article skipped: Israel receives coffin that Hamas says contains Gaza hostage's body from BBC
2025-12-04 05:26:42,600 - INFO - [BBC] Article: https://www.bbc.com/news/articles/c208x9v68w3o?at_medium=RSS&at_campaign=rss
2025-12-04 05:26:42,600 - INFO - [BBC] Attempt 1/1: Trying with 'requests_browser' strategy...
2025-12-04 05:26:42,645 - INFO - [BBC] Success with 'requests_browser'. Found content (1092 words).
2025-12-04 05:26:42,686 - INFO - Duplicate article skipped: Trump says he doesn't want Somalis in US as ICE plans operation from BBC
2025-12-04 05:26:42,791 - INFO - [The Guardian] Article: https://www.theguardian.com/us-news/2025/dec/03/epstein-caribbean-island-new-photo-video-release
2025-12-04 05:26:42,791 - INFO - [The Guardian] Attempt 1/1: Trying with 'requests_browser' strategy...
2025-12-04 05:26:42,966 - INFO - [The Guardian] Success with 'requests_browser'. Found content (373 words).
2025-12-04 05:26:43,017 - INFO - Duplicate article skipped: House Democrats release new images of Epstein’s private Caribbean island | Jeffrey Epstein | The Guardian from The Guardian
2025-12-04 05:26:44,116 - INFO - [The Guardian] Article: https://www.theguardian.com/world/2025/dec/03/colombia-trump-warning-military-threat
2025-12-04 05:26:44,116 - INFO - [The Guardian] Attempt 1/1: Trying with 'requests_browser' strategy...
2025-12-04 05:26:44,146 - INFO - [BBC] Article: https://www.bbc.com/news/articles/cy8jnxxm70jo?at_medium=RSS&at_campaign=rss
2025-12-04 05:26:44,147 - INFO - [BBC] Attempt 1/1: Trying with 'requests_browser' strategy...
2025-12-04 05:26:44,186 - INFO - [BBC] Success with 'requests_browser'. Found content (247 words).
2025-12-04 05:26:44,223 - INFO - Duplicate article skipped: Drunk raccoon found passed out on liquor store floor after breaking in from BBC
2025-12-04 05:26:44,275 - INFO - [The Guardian] Success with 'requests_browser'. Found content (612 words).
2025-12-04 05:26:44,314 - INFO - Duplicate article skipped: Colombia’s president warns Trump: ‘Do not wake the jaguar’ with threats of military strikes | Colombia | The Guardian from The Guardian
2025-12-04 05:26:45,311 - INFO - [BBC] Article: https://www.bbc.com/news/articles/cvgq5dvygllo?at_medium=RSS&at_campaign=rss
2025-12-04 05:26:45,311 - INFO - [BBC] Attempt 1/1: Trying with 'requests_browser' strategy...
2025-12-04 05:26:45,359 - INFO - [BBC] Success with 'requests_browser'. Found content (1030 words).
2025-12-04 05:26:45,368 - INFO - [The Guardian] Article: https://www.theguardian.com/us-news/live/2025/dec/02/donald-trump-pete-hegseth-boat-venezuela-maduro-tennessee-us-politics-live-news-updates
2025-12-04 05:26:45,368 - INFO - [The Guardian] Attempt 1/1: Trying with 'requests_browser' strategy...
2025-12-04 05:26:45,406 - INFO - Duplicate article skipped: Kenyan MPs accuse British soldiers from Batuk of sexual abuse in Laikipia from BBC
2025-12-04 05:26:45,761 - INFO - [The Guardian] Success with 'requests_browser'. Found content (4155 words).
2025-12-04 05:26:45,863 - INFO - Duplicate article skipped: Pete Hegseth says he ‘didn’t stick around’ to watch second strike on alleged drug boat as Democrats slam administration over attacks – as it happened | Trump administration | The Guardian from The Guardian
2025-12-04 05:26:46,679 - INFO - [BBC] Article: https://www.bbc.com/news/articles/c1m8g5x1xmko?at_medium=RSS&at_campaign=rss
2025-12-04 05:26:46,679 - INFO - [BBC] Attempt 1/1: Trying with 'requests_browser' strategy...
2025-12-04 05:26:46,716 - INFO - [BBC] Success with 'requests_browser'. Found content (308 words).
2025-12-04 05:26:46,747 - INFO - Duplicate article skipped: Three French teens drown in freak car crash in swimming pool from BBC
2025-12-04 05:26:47,188 - INFO - [The Guardian] Article: https://www.theguardian.com/world/2025/dec/02/trump-intervention-honduras-presidential-vote-count-stalls-nasry-asfura
2025-12-04 05:26:47,188 - INFO - [The Guardian] Attempt 1/1: Trying with 'requests_browser' strategy...
2025-12-04 05:26:47,353 - INFO - [The Guardian] Success with 'requests_browser'. Found content (945 words).
2025-12-04 05:26:47,398 - INFO - Duplicate article skipped: Trump frees ex-Honduran president from prison as country awaits knife-edge election result | Honduras | The Guardian from The Guardian
2025-12-04 05:26:47,834 - INFO - [BBC] Article: https://www.bbc.com/news/articles/c62v9z7z1z2o?at_medium=RSS&at_campaign=rss
2025-12-04 05:26:47,834 - INFO - [BBC] Attempt 1/1: Trying with 'requests_browser' strategy...
2025-12-04 05:26:47,875 - INFO - [BBC] Success with 'requests_browser'. Found content (485 words).
2025-12-04 05:26:47,912 - INFO - Duplicate article skipped: Henry Cuellar: Trump says he is pardoning Democratic congressman in bribery case from BBC
2025-12-04 05:26:48,587 - INFO - [The Guardian] Article: https://www.theguardian.com/us-news/2025/dec/02/pete-hegseth-franklin-the-turtle
2025-12-04 05:26:48,587 - INFO - [The Guardian] Attempt 1/1: Trying with 'requests_browser' strategy...
2025-12-04 05:26:48,616 - INFO - [The Guardian] Success with 'requests_browser'. Found content (438 words).
2025-12-04 05:26:48,841 - INFO - Duplicate article skipped: Publisher condemns ‘violent’ use of Franklin the Turtle after Hegseth’s boat strike post | Pete Hegseth | The Guardian from The Guardian
2025-12-04 05:26:49,041 - INFO - [BBC] Article: https://www.bbc.com/news/articles/ckgzqxjzjyqo?at_medium=RSS&at_campaign=rss
2025-12-04 05:26:49,041 - INFO - [BBC] Attempt 1/1: Trying with 'requests_browser' strategy...
2025-12-04 05:26:49,081 - INFO - [BBC] Success with 'requests_browser'. Found content (332 words).
2025-12-04 05:26:49,119 - INFO - Duplicate article skipped: Production halted at Chinese factory making 'childlike' sex dolls from BBC
2025-12-04 05:26:49,625 - INFO - [The Guardian] Article: https://www.theguardian.com/world/2025/dec/04/thailand-scam-cyberscam-crackdown-arrests-south-east-asia
2025-12-04 05:26:49,625 - INFO - [The Guardian] Attempt 1/1: Trying with 'requests_browser' strategy...
2025-12-04 05:26:49,657 - INFO - [The Guardian] Success with 'requests_browser'. Found content (575 words).
2025-12-04 05:26:49,708 - INFO - Duplicate article skipped: Thailand seizes more than $300m in assets and issues 42 arrest warrants in cyberscam crackdown | Thailand | The Guardian from The Guardian
2025-12-04 05:26:49,720 - INFO - [BBC] Article: https://www.bbc.com/news/articles/clydg2re4d1o?at_medium=RSS&at_campaign=rss
2025-12-04 05:26:49,720 - INFO - [BBC] Attempt 1/1: Trying with 'requests_browser' strategy...
2025-12-04 05:26:49,758 - INFO - [BBC] Success with 'requests_browser'. Found content (336 words).
2025-12-04 05:26:49,795 - INFO - Duplicate article skipped: Sanchar Saathi: India scraps order to pre-install state-run cyber safety app on smartphones from BBC
2025-12-04 05:26:50,588 - INFO - [The Guardian] Article: https://www.theguardian.com/world/2025/dec/03/eu-strategy-raw-materials-rare-earths-supply-chain-resourceeu
2025-12-04 05:26:50,589 - INFO - [The Guardian] Attempt 1/1: Trying with 'requests_browser' strategy...
2025-12-04 05:26:50,752 - INFO - [The Guardian] Success with 'requests_browser'. Found content (725 words).
2025-12-04 05:26:50,799 - INFO - Duplicate article skipped: EU looks at legally forcing industries to reduce purchases from China | Mining | The Guardian from The Guardian
2025-12-04 05:26:51,170 - INFO - [BBC] Article: https://www.bbc.com/news/articles/cy7v077dm0po?at_medium=RSS&at_campaign=rss
2025-12-04 05:26:51,170 - INFO - [BBC] Attempt 1/1: Trying with 'requests_browser' strategy...
2025-12-04 05:26:51,205 - INFO - [BBC] Success with 'requests_browser'. Found content (309 words).
2025-12-04 05:26:51,241 - INFO - Duplicate article skipped: MH370: Search for long-missing Malaysia Airlines fight to resume from BBC
2025-12-04 05:26:52,215 - INFO - [The Guardian] Article: https://www.theguardian.com/business/2025/dec/03/hsbc-appoints-interim-chair-brendan-nelson-to-permanent-role
2025-12-04 05:26:52,216 - INFO - [The Guardian] Attempt 1/1: Trying with 'requests_browser' strategy...
2025-12-04 05:26:52,375 - INFO - [The Guardian] Success with 'requests_browser'. Found content (605 words).
2025-12-04 05:26:52,426 - INFO - Duplicate article skipped: HSBC appoints interim chair Brendan Nelson to permanent role | HSBC | The Guardian from The Guardian
2025-12-04 05:26:52,588 - INFO - [BBC] Article: https://www.bbc.com/news/articles/c7vm754r80vo?at_medium=RSS&at_campaign=rss
2025-12-04 05:26:52,588 - INFO - [BBC] Attempt 1/1: Trying with 'requests_browser' strategy...
2025-12-04 05:26:52,628 - INFO - [BBC] Success with 'requests_browser'. Found content (225 words).
2025-12-04 05:26:52,665 - INFO - Duplicate article skipped: New Zealand man charged with theft over claims he swallowed $19k Fabergé egg from BBC
2025-12-04 05:26:53,192 - INFO - [BBC] Article: https://www.bbc.com/news/articles/c3e05j9012vo?at_medium=RSS&at_campaign=rss
2025-12-04 05:26:53,192 - INFO - [BBC] Attempt 1/1: Trying with 'requests_browser' strategy...
2025-12-04 05:26:53,227 - INFO - [BBC] Success with 'requests_browser'. Found content (297 words).
2025-12-04 05:26:53,262 - INFO - Duplicate article skipped: Italian fashion giant Prada buys Versace – at a discount from BBC
2025-12-04 05:26:53,490 - INFO - [The Guardian] Article: https://www.theguardian.com/world/2025/dec/03/search-for-malaysia-airline-flight-mh370-to-resume-over-11-years-after-plane-went-missing
2025-12-04 05:26:53,490 - INFO - [The Guardian] Attempt 1/1: Trying with 'requests_browser' strategy...
2025-12-04 05:26:53,661 - INFO - [The Guardian] Success with 'requests_browser'. Found content (851 words).
2025-12-04 05:26:53,707 - INFO - Duplicate article skipped: Malaysia Airlines flight MH370 search to resume 11 years after jet went missing | Malaysia Airlines flight MH370 | The Guardian from The Guardian
2025-12-04 05:26:54,060 - INFO - [BBC] Article: https://www.bbc.com/news/articles/cp341gz24p5o?at_medium=RSS&at_campaign=rss
2025-12-04 05:26:54,060 - INFO - [BBC] Attempt 1/1: Trying with 'requests_browser' strategy...
2025-12-04 05:26:54,098 - INFO - [BBC] Success with 'requests_browser'. Found content (660 words).
2025-12-04 05:26:54,136 - INFO - Duplicate article skipped: YouTube says it will be less safe for kids under Australia's social media ban from BBC
2025-12-04 05:26:54,235 - INFO - [The Guardian] Article: https://www.theguardian.com/world/2025/dec/02/uk-government-delays-china-super-embassy-january
2025-12-04 05:26:54,236 - INFO - [The Guardian] Attempt 1/1: Trying with 'requests_browser' strategy...
2025-12-04 05:26:54,398 - INFO - [The Guardian] Success with 'requests_browser'. Found content (619 words).
2025-12-04 05:26:54,442 - INFO - Duplicate article skipped: UK government delays decision on China’s super-embassy until January | China | The Guardian from The Guardian
2025-12-04 05:26:55,086 - INFO - [BBC] Article: https://www.bbc.com/news/articles/cp39q5n5037o?at_medium=RSS&at_campaign=rss
2025-12-04 05:26:55,086 - INFO - [BBC] Attempt 1/1: Trying with 'requests_browser' strategy...
2025-12-04 05:26:55,120 - INFO - [BBC] Success with 'requests_browser'. Found content (336 words).
2025-12-04 05:26:55,156 - INFO - Duplicate article skipped: Air pollution: Delhi hospitals saw 200,000 respiratory illness patients in three years from BBC
2025-12-04 05:26:55,800 - INFO - [The Guardian] Article: https://www.theguardian.com/australia-news/live/2025/dec/04/australia-news-live-senate-estimates-national-fiscal-outlook-labor-coalition-cost-of-living-victoria-public-service-cuts-ntwnfb
2025-12-04 05:26:55,801 - INFO - [The Guardian] Attempt 1/1: Trying with 'requests_browser' strategy...
2025-12-04 05:26:56,076 - INFO - [The Guardian] Success with 'requests_browser'. Found content (2764 words).
2025-12-04 05:26:56,172 - INFO - Duplicate article skipped: Australia news live: drivers left stranded for hours in Sydney tunnel amid fears of roof collapse; emergency bushfire warning near Hobart | Australia news | The Guardian from The Guardian
2025-12-04 05:26:56,562 - INFO - [BBC] Article: https://www.bbc.com/news/articles/cly580gkd9ro?at_medium=RSS&at_campaign=rss
2025-12-04 05:26:56,562 - INFO - [BBC] Attempt 1/1: Trying with 'requests_browser' strategy...
2025-12-04 05:26:56,610 - INFO - [BBC] Success with 'requests_browser'. Found content (1534 words).
2025-12-04 05:26:56,652 - INFO - Duplicate article skipped: Ultra-Orthodox conscription bill threatens crisis for Israel's government from BBC
2025-12-04 05:26:57,085 - INFO - [The Guardian] Article: https://www.theguardian.com/australia-news/2025/dec/04/australia-u16-social-media-ban-children-riskier-platforms-young-nationals
2025-12-04 05:26:57,086 - INFO - [The Guardian] Attempt 1/1: Trying with 'requests_browser' strategy...
2025-12-04 05:26:57,481 - INFO - [The Guardian] Success with 'requests_browser'. Found content (749 words).
2025-12-04 05:26:57,535 - INFO - Duplicate article skipped: ‘Making mental health crisis worse’: Young Nationals warn regional children will be cut off from family by social media ban | Social media ban | The Guardian from The Guardian
2025-12-04 05:26:57,645 - INFO - [BBC] Article: https://www.bbc.com/news/articles/c9895x3039ro?at_medium=RSS&at_campaign=rss
2025-12-04 05:26:57,645 - INFO - [BBC] Attempt 1/1: Trying with 'requests_browser' strategy...
2025-12-04 05:26:57,687 - INFO - [BBC] Success with 'requests_browser'. Found content (942 words).
2025-12-04 05:26:57,910 - INFO - Duplicate article skipped: As lead changes in knife-edge Honduran election, will Trump fail to get his way? from BBC
2025-12-04 05:26:58,329 - INFO - [The Guardian] Article: https://www.theguardian.com/books/2025/dec/04/sydney-authors-erotica-novel-references-sexual-stuff-with-a-child-police-officer-tells-court-ntwnfb
2025-12-04 05:26:58,329 - INFO - [The Guardian] Attempt 1/1: Trying with 'requests_browser' strategy...
2025-12-04 05:26:58,853 - INFO - [The Guardian] Success with 'requests_browser'. Found content (577 words).
2025-12-04 05:26:58,899 - INFO - Duplicate article skipped: Sydney author’s erotica novel references ‘sexual stuff’ with a child, police officer tells court | New South Wales | The Guardian from The Guardian
2025-12-04 05:26:59,708 - INFO - [The Guardian] Article: https://www.theguardian.com/australia-news/2025/dec/04/heatwave-warning-australia-sydney-temperatures-expected-40s
2025-12-04 05:26:59,708 - INFO - [The Guardian] Attempt 1/1: Trying with 'requests_browser' strategy...
2025-12-04 05:26:59,898 - INFO - [The Guardian] Success with 'requests_browser'. Found content (575 words).
2025-12-04 05:26:59,953 - INFO - Duplicate article skipped: Heatwave warning for large parts of Australia as temperatures expected to reach low 40s | Australia weather | The Guardian from The Guardian
2025-12-04 05:27:01,278 - INFO - [The Guardian] Article: https://www.theguardian.com/music/2025/dec/04/spotify-wrapped-2025-most-streamed-australia-taylor-swift-wiggles-kid-laroi
2025-12-04 05:27:01,279 - INFO - [The Guardian] Attempt 1/1: Trying with 'requests_browser' strategy...
2025-12-04 05:27:01,358 - ERROR - [Times of India] Request failed for strategy 'selenium_browser' on URL https://timesofindia.indiatimes.com/world/us/would-like-to-end-war-donald-trump-says-putin-gave-impression-of-wanting-to-end-ukraine-conflict-hails-very-good-talks/articleshow/125757197.cms: Message: timeout: Timed out receiving message from renderer: 59.864
  (Session info: chrome=142.0.7444.175)
Stacktrace:
#0 0x5582be96b4ca <unknown>
#1 0x5582be3b9e4b <unknown>
#2 0x5582be3a1e14 <unknown>
#3 0x5582be3a1af7 <unknown>
#4 0x5582be39f8ff <unknown>
#5 0x5582be3a027f <unknown>
#6 0x5582be3aecb3 <unknown>
#7 0x5582be3c85f1 <unknown>
#8 0x5582be3cedfb <unknown>
#9 0x5582be3a09bd <unknown>
#10 0x5582be3c8399 <unknown>
#11 0x5582be459169 <unknown>
#12 0x5582be3fec2a <unknown>
#13 0x5582be3ff931 <unknown>
#14 0x5582be931cf9 <unknown>
#15 0x5582be934cdc <unknown>
#16 0x5582be91af79 <unknown>
#17 0x5582be9358b5 <unknown>
#18 0x5582be9029c3 <unknown>
#19 0x5582be958228 <unknown>
#20 0x5582be958403 <unknown>
#21 0x5582be96a463 <unknown>
#22 0x7f87dbe9caa4 <unknown>
#23 0x7f87dbf29c6c <unknown>

2025-12-04 05:27:01,358 - ERROR - [Times of India] All scrape strategies failed for https://timesofindia.indiatimes.com/world/us/would-like-to-end-war-donald-trump-says-putin-gave-impression-of-wanting-to-end-ukraine-conflict-hails-very-good-talks/articleshow/125757197.cms. Falling back to RSS description.
2025-12-04 05:27:01,482 - INFO - [The Guardian] Success with 'requests_browser'. Found content (838 words).
2025-12-04 05:27:15,044 - INFO - Saved article: ‘Would like to end war’: Donald Trump says Putin gave impression of wanting to end Ukraine conflict; hails ‘very good’ talks from Times of India
2025-12-04 05:27:15,044 - INFO - Duplicate article skipped: Pop, smut and Swift: what Spotify Wrapped 2025 reveals about Australian tastes | Pop and rock | The Guardian from The Guardian
2025-12-04 05:27:15,563 - INFO - [Times of India] Article: https://timesofindia.indiatimes.com/world/us/human-rights-crisis-in-pakistan-over-40-lawmakers-write-to-us-secretary-of-state-marco-rubio-express-concern-over-sharif-munir-regime/articleshow/125757681.cms
2025-12-04 05:27:15,563 - INFO - [Times of India] Attempt 1/1: Trying with 'selenium_browser' strategy...
2025-12-04 05:27:19,157 - INFO - [Times of India] Page content loaded.
2025-12-04 05:27:19,472 - INFO - [Times of India] Success with 'selenium_browser'. Found content (327 words).
2025-12-04 05:27:19,646 - INFO - Duplicate article skipped: 'Human rights crisis in Pakistan': Over 40 lawmakers write to US secretary of state Marco Rubio; express concern over Sharif-Munir regime - The Times of India from Times of India
2025-12-04 05:27:21,103 - INFO - [Times of India] Article: https://timesofindia.indiatimes.com/world/pakistan/play-on-the-front-foot-ex-pak-pm-imran-khan-fires-sharp-salvo-at-asim-munir-calls-him-mentally-unstable-man/articleshow/125757647.cms
2025-12-04 05:27:21,104 - INFO - [Times of India] Attempt 1/1: Trying with 'selenium_browser' strategy...
2025-12-04 05:27:25,005 - INFO - [Times of India] Page content loaded.
2025-12-04 05:27:25,369 - INFO - [Times of India] Success with 'selenium_browser'. Found content (565 words).
2025-12-04 05:27:25,523 - INFO - Duplicate article skipped: 'Play on the front foot': Ex-Pak PM Imran Khan fires sharp salvo at Asim Munir; calls him 'mentally unstable man' - The Times of India from Times of India
2025-12-04 05:27:26,581 - INFO - [Times of India] Article: https://timesofindia.indiatimes.com/business/international-business/h-1b-visa-row-trump-admin-orders-enhanced-vetting-for-applicants-what-are-the-new-requirements/articleshow/125756220.cms
2025-12-04 05:27:26,581 - INFO - [Times of India] Attempt 1/1: Trying with 'selenium_browser' strategy...
2025-12-04 05:27:29,312 - INFO - [Times of India] Page content loaded.
2025-12-04 05:27:29,447 - INFO - [Times of India] Success with 'selenium_browser'. Found content (753 words).
2025-12-04 05:27:38,194 - ERROR - [The Hindu] Request failed for strategy 'selenium_browser' on URL https://www.thehindu.com/news/national/nia-searches-arms-smuggling-case-probe-up-bihar/article70356249.ece: Message: timeout: Timed out receiving message from renderer: 59.172
  (Session info: chrome=142.0.7444.175)
Stacktrace:
#0 0x5593e368f4ca <unknown>
#1 0x5593e30dde4b <unknown>
#2 0x5593e30c5e14 <unknown>
#3 0x5593e30c5af7 <unknown>
#4 0x5593e30c38ff <unknown>
#5 0x5593e30c427f <unknown>
#6 0x5593e30d2cb3 <unknown>
#7 0x5593e30ec5f1 <unknown>
#8 0x5593e30f2dfb <unknown>
#9 0x5593e30c49bd <unknown>
#10 0x5593e30ec399 <unknown>
#11 0x5593e317d169 <unknown>
#12 0x5593e3122c2a <unknown>
#13 0x5593e3123931 <unknown>
#14 0x5593e3655cf9 <unknown>
#15 0x5593e3658cdc <unknown>
#16 0x5593e363ef79 <unknown>
#17 0x5593e36598b5 <unknown>
#18 0x5593e36269c3 <unknown>
#19 0x5593e367c228 <unknown>
#20 0x5593e367c403 <unknown>
#21 0x5593e368e463 <unknown>
#22 0x7f9dd329caa4 <unknown>
#23 0x7f9dd3329c6c <unknown>

2025-12-04 05:27:38,195 - ERROR - [The Hindu] All scrape strategies failed for https://www.thehindu.com/news/national/nia-searches-arms-smuggling-case-probe-up-bihar/article70356249.ece. Falling back to RSS description.
2025-12-04 05:27:49,886 - INFO - Saved article: H-1B visa row: Trump admin orders enhanced vetting for applicants — what are the new requirements? - The Times of India from Times of India
2025-12-04 05:27:50,469 - INFO - [Times of India] Article: https://timesofindia.indiatimes.com/world/us/greatest-scandals-of-all-time-scott-bessent-rips-nyt-for-alleged-trumps-fake-health-report-publication-hits-back/articleshow/125756260.cms
2025-12-04 05:27:50,470 - INFO - [Times of India] Attempt 1/1: Trying with 'selenium_browser' strategy...
2025-12-04 05:28:00,275 - INFO - [Times of India] Page content loaded.
2025-12-04 05:28:00,731 - INFO - [Times of India] Success with 'selenium_browser'. Found content (492 words).
2025-12-04 05:28:08,027 - INFO - Saved article: NIA conducts multi-State searches to probe arms smuggling to Bihar from The Hindu
2025-12-04 05:28:08,027 - INFO - Duplicate article skipped: ‘Greatest scandals of all time’: Scott Bessent rips NYT for alleged Trump’s ‘fake’ health report; publication hits back - The Times of India from Times of India
2025-12-04 05:28:08,681 - INFO - [Times of India] Article: https://timesofindia.indiatimes.com/world/us/kill-all-for-martyrdom-how-pak-immigrant-allegedly-planned-to-attack-us-university-of-delaware-police-campus-details/articleshow/125756393.cms
2025-12-04 05:28:08,681 - INFO - [Times of India] Attempt 1/1: Trying with 'selenium_browser' strategy...
2025-12-04 05:28:09,133 - INFO - [The Hindu] Article: https://www.thehindu.com/news/national/sir-hearing-supreme-court-special-intensive-revision-west-bengal-tamil-nadu-ec-live-updates-december-4-2025/article70356211.ece
2025-12-04 05:28:09,134 - INFO - [The Hindu] Attempt 1/1: Trying with 'selenium_browser' strategy...
2025-12-04 05:28:09,443 - INFO - [Times of India] Page content loaded.
2025-12-04 05:28:09,567 - INFO - [Times of India] Success with 'selenium_browser'. Found content (448 words).
2025-12-04 05:28:09,632 - INFO - Duplicate article skipped: 'Kill all' for 'martyrdom': How Pakistani immigrant allegedly planned to attack US University of Delaware police campus - details - The Times of India from Times of India
2025-12-04 05:28:10,827 - INFO - [The Hindu] Page content loaded.
2025-12-04 05:28:10,926 - INFO - [The Hindu] Success with 'selenium_browser'. Found content (180 words).
2025-12-04 05:28:11,049 - INFO - [Times of India] Article: https://timesofindia.indiatimes.com/world/us/not-all-of-us-are-criminals-immigration-sweep-in-new-orleans-intensifies-officials-aim-for-maximum-arrests/articleshow/125755962.cms
2025-12-04 05:28:11,050 - INFO - [Times of India] Attempt 1/1: Trying with 'selenium_browser' strategy...
2025-12-04 05:28:14,118 - INFO - [Times of India] Page content loaded.
2025-12-04 05:28:14,301 - INFO - [Times of India] Success with 'selenium_browser'. Found content (743 words).
2025-12-04 05:28:29,090 - INFO - Saved article: SC hearing on SIR LIVE updates: SC to continue hearing pleas challenging ECI revision of voter rolls in Bengal, Tamil Nadu - The Hindu from The Hindu
2025-12-04 05:28:29,090 - INFO - Duplicate article skipped: ‘Not all of us are criminals’: Immigration sweep in New Orleans intensifies; officials aim for maximum arrests - The Times of India from Times of India
2025-12-04 05:28:30,087 - INFO - [The Hindu] Article: https://www.thehindu.com/news/national/india-russia-defence-ministers-to-co-chair-22nd-commission-meet-in-delhi/article70356213.ece
2025-12-04 05:28:30,087 - INFO - [The Hindu] Attempt 1/1: Trying with 'selenium_browser' strategy...
2025-12-04 05:28:30,473 - INFO - [Times of India] Article: https://timesofindia.indiatimes.com/world/pakistan/loss-making-pia-on-block-pak-moves-to-sell-national-carrier-previous-bid-failed/articleshow/125756006.cms
2025-12-04 05:28:30,473 - INFO - [Times of India] Attempt 1/1: Trying with 'selenium_browser' strategy...
2025-12-04 05:28:32,395 - INFO - [The Hindu] Page content loaded.
2025-12-04 05:28:32,519 - INFO - [The Hindu] Success with 'selenium_browser'. Found content (410 words).
2025-12-04 05:28:32,638 - INFO - Duplicate article skipped: India–Russia ties: Defence Ministers Rajnath Singh and Andrei Belousov to co-chair 22nd Commission meet in Delhi - The Hindu from The Hindu
2025-12-04 05:28:32,801 - INFO - [Times of India] Page content loaded.
2025-12-04 05:28:32,952 - INFO - [Times of India] Success with 'selenium_browser'. Found content (263 words).
2025-12-04 05:28:34,139 - INFO - [The Hindu] Article: https://www.thehindu.com/news/national/karnataka/ksrtc-disburses-438-crore-compensation-to-dependants-of-employees-who-died-due-to-accidents-and-medical-causes-in-karnataka-launches-new-commercial-management-software-e-vaneejya/article70354729.ece
2025-12-04 05:28:34,140 - INFO - [The Hindu] Attempt 1/1: Trying with 'selenium_browser' strategy...
2025-12-04 05:28:56,019 - INFO - Saved article: Loss-making PIA on block: Pak moves to sell national carrier; previous bid failed - The Times of India from Times of India
2025-12-04 05:28:56,722 - INFO - [Times of India] Article: https://timesofindia.indiatimes.com/world/us/the-26-minute-tuesday-crash-51-wipeout-that-deepened-trumps-crypto-woes/articleshow/125756080.cms
2025-12-04 05:28:56,722 - INFO - [Times of India] Attempt 1/1: Trying with 'selenium_browser' strategy...
2025-12-04 05:29:00,684 - INFO - [Times of India] Page content loaded.
2025-12-04 05:29:00,960 - INFO - [Times of India] Success with 'selenium_browser'. Found content (528 words).
2025-12-04 05:29:15,398 - INFO - Saved article: The 26-minute Tuesday crash, 51% wipeout that deepened Trumps’ crypto woes - The Times of India from Times of India
2025-12-04 05:29:16,351 - INFO - [The Hindu] Page content loaded.
2025-12-04 05:29:16,478 - INFO - [The Hindu] Success with 'selenium_browser'. Found content (147 words).
2025-12-04 05:29:16,587 - INFO - [Times of India] Article: https://timesofindia.indiatimes.com/world/us/destroyed-our-country-trump-again-targets-ilhan-omar-somalis-she-hits-back-aksing-if-hes-pedophile/articleshow/125755691.cms
2025-12-04 05:29:16,587 - INFO - [Times of India] Attempt 1/1: Trying with 'selenium_browser' strategy...
2025-12-04 05:29:16,588 - INFO - Duplicate article skipped: KSRTC disburses compensation to dependants of employees who died due to accidents and medical causes - The Hindu from The Hindu
2025-12-04 05:29:17,294 - INFO - [The Hindu] Article: https://www.thehindu.com/news/national/russia-president-putin-india-visit-pm-modi-live-updates-december-4-2025/article70356149.ece
2025-12-04 05:29:17,295 - INFO - [The Hindu] Attempt 1/1: Trying with 'selenium_browser' strategy...
2025-12-04 05:29:18,152 - INFO - [Times of India] Page content loaded.
2025-12-04 05:29:18,382 - INFO - [Times of India] Success with 'selenium_browser'. Found content (423 words).
2025-12-04 05:29:20,648 - INFO - [The Hindu] Page content loaded.
2025-12-04 05:29:21,105 - INFO - [The Hindu] Success with 'selenium_browser'. Found content (254 words).
2025-12-04 05:29:35,790 - INFO - DEDUPLICATION: Found match (Score: 0.84). Linking to Cluster ID: 448cd46a-41e1-49f7-af4f-2b17eb693fb4
2025-12-04 05:29:35,792 - INFO - Saved article: ‘Destroyed our country’: Trump again targets Ilhan Omar, Somalis; she hits back asking if he’s ‘pedophile’ - The Times of India from Times of India
2025-12-04 05:29:35,793 - INFO - Duplicate article skipped: Putin's India visit LIVE: Russian President to meet PM Modi today - The Hindu from The Hindu
2025-12-04 05:29:36,494 - INFO - [The Hindu] Article: https://www.thehindu.com/news/national/parliament-winter-session-lok-sabha-rajya-sabha-day-4-highlights-december-4-2025/article70356139.ece
2025-12-04 05:29:36,494 - INFO - [The Hindu] Attempt 1/1: Trying with 'selenium_browser' strategy...
2025-12-04 05:29:37,188 - INFO - [Times of India] Article: https://timesofindia.indiatimes.com/world/us/president-of-peace-us-state-department-rebrands-usip-after-trump-ahead-of-rwanda-drc-deal/articleshow/125755840.cms
2025-12-04 05:29:37,188 - INFO - [Times of India] Attempt 1/1: Trying with 'selenium_browser' strategy...
2025-12-04 05:29:38,383 - INFO - [Times of India] Page content loaded.
2025-12-04 05:29:38,569 - INFO - [Times of India] Success with 'selenium_browser'. Found content (393 words).
2025-12-04 05:29:38,811 - INFO - [The Hindu] Page content loaded.
2025-12-04 05:29:38,947 - INFO - [The Hindu] Success with 'selenium_browser'. Found content (171 words).
2025-12-04 05:29:58,225 - INFO - Saved article: ‘President of peace’: US state department rebrands USIP after Trump, ahead of Rwanda-DRC deal - The Times of India from Times of India
2025-12-04 05:29:58,225 - INFO - Duplicate article skipped: Parliament Winter session Day 4 LIVE: Opposition to protest on air pollution outside Parliament - The Hindu from The Hindu
2025-12-04 05:29:59,075 - INFO - [The Hindu] Article: https://www.thehindu.com/news/national/kerala/kerala-local-body-polls-triangular-contest-shapes-kasaragods-high-stakes-elections/article70350128.ece
2025-12-04 05:29:59,075 - INFO - [The Hindu] Attempt 1/1: Trying with 'selenium_browser' strategy...
2025-12-04 05:29:59,274 - INFO - [Times of India] Article: https://timesofindia.indiatimes.com/world/us/no-problem-trump-backs-release-of-alleged-drug-boat-strike-footage-repeats-warning-of-land-strikes-in-venezuela/articleshow/125755685.cms
2025-12-04 05:29:59,275 - INFO - [Times of India] Attempt 1/1: Trying with 'selenium_browser' strategy...
2025-12-04 05:30:00,418 - INFO - [The Hindu] Page content loaded.
2025-12-04 05:30:00,513 - INFO - [The Hindu] Success with 'selenium_browser'. Found content (469 words).
2025-12-04 05:30:00,640 - INFO - Duplicate article skipped: Kerala local body polls: Triangular contest shapes Kasaragod’s high-stakes elections - The Hindu from The Hindu
2025-12-04 05:30:01,622 - INFO - [The Hindu] Article: https://www.thehindu.com/news/national/kerala/kerala-local-body-polls-a-battle-for-legacy-relevance-and-political-survival-in-kottayam/article70349465.ece
2025-12-04 05:30:01,623 - INFO - [The Hindu] Attempt 1/1: Trying with 'selenium_browser' strategy...
2025-12-04 05:30:04,431 - INFO - [Times of India] Page content loaded.
2025-12-04 05:30:04,586 - INFO - [Times of India] Success with 'selenium_browser'. Found content (488 words).
2025-12-04 05:30:04,737 - INFO - Duplicate article skipped: 'No problem': Trump backs release of alleged drug boat strike footage; repeats warning of land strikes in Venezuela - The Times of India from Times of India
2025-12-04 05:30:05,446 - INFO - [Times of India] Article: https://timesofindia.indiatimes.com/world/us/watch-us-thunderbirds-f-16-erupts-in-flames-near-trona-airport-in-california-video-shows-pilot-drifting-by-parachute/articleshow/125755461.cms
2025-12-04 05:30:05,446 - INFO - [Times of India] Attempt 1/1: Trying with 'selenium_browser' strategy...
2025-12-04 05:30:06,425 - INFO - [The Hindu] Page content loaded.
2025-12-04 05:30:06,628 - INFO - [The Hindu] Success with 'selenium_browser'. Found content (427 words).
2025-12-04 05:30:06,782 - INFO - Duplicate article skipped: Kerala local body polls: A battle for legacy, relevance, and political survival in Kottayam - The Hindu from The Hindu
2025-12-04 05:30:07,116 - INFO - [Times of India] Page content loaded.
2025-12-04 05:30:07,274 - INFO - [Times of India] Success with 'selenium_browser'. Found content (288 words).
2025-12-04 05:30:07,384 - INFO - Duplicate article skipped: Watch: US Thunderbirds F-16 erupts in flames near Trona Airport; video shows pilot drifting by parachute - The Times of India from Times of India
2025-12-04 05:30:07,667 - INFO - [The Hindu] Article: https://www.thehindu.com/news/national/kerala/congress-in-the-grip-of-a-mafia-like-gang-binoy-viswam/article70353887.ece
2025-12-04 05:30:07,667 - INFO - [The Hindu] Attempt 1/1: Trying with 'selenium_browser' strategy...
2025-12-04 05:30:08,265 - INFO - [Times of India] Article: https://timesofindia.indiatimes.com/world/us/hegseth-risked-us-troops-by-sharing-strike-details-on-signal-pentagon-watchdog-finds/articleshow/125755329.cms
2025-12-04 05:30:08,265 - INFO - [Times of India] Attempt 1/1: Trying with 'selenium_browser' strategy...
2025-12-04 05:30:08,576 - INFO - [The Hindu] Page content loaded.
2025-12-04 05:30:08,660 - INFO - [The Hindu] Success with 'selenium_browser'. Found content (519 words).
2025-12-04 05:30:08,778 - INFO - Duplicate article skipped: Congress in the grip of a mafia-like gang: Binoy Viswam - The Hindu from The Hindu
2025-12-04 05:30:09,343 - INFO - [The Hindu] Article: https://www.thehindu.com/news/national/kerala/kerala-local-body-polls-a-litmus-test-for-bjp-as-nda-targets-25-vote-share-in-local-body-polls/article70352712.ece
2025-12-04 05:30:09,344 - INFO - [The Hindu] Attempt 1/1: Trying with 'selenium_browser' strategy...
2025-12-04 05:30:09,944 - INFO - [Times of India] Page content loaded.
2025-12-04 05:30:10,076 - INFO - [Times of India] Success with 'selenium_browser'. Found content (772 words).
2025-12-04 05:30:11,555 - INFO - [The Hindu] Page content loaded.
2025-12-04 05:30:12,254 - INFO - [The Hindu] Success with 'selenium_browser'. Found content (707 words).
2025-12-04 05:30:26,797 - INFO - Saved article: Hegseth risked US troops by sharing strike details on Signal, Pentagon watchdog finds - The Times of India from Times of India
2025-12-04 05:30:26,797 - INFO - Duplicate article skipped: Kerala local body polls: A litmus test for BJP as NDA targets 25% vote share in local body polls - The Hindu from The Hindu
2025-12-04 05:30:27,425 - INFO - [Times of India] Article: https://timesofindia.indiatimes.com/world/uk/woman-thought-dead-suddenly-wakes-up-in-the-mortuary-paramedic-blunder-or-tragic-error/articleshow/125755349.cms
2025-12-04 05:30:27,426 - INFO - [Times of India] Attempt 1/1: Trying with 'selenium_browser' strategy...
2025-12-04 05:30:28,197 - INFO - [The Hindu] Article: https://www.thehindu.com/news/cities/Hyderabad/indigo-flight-cancellations-chaos-second-day-hyderabad-airport-chaos-passenger-complaints/article70356093.ece
2025-12-04 05:30:28,197 - INFO - [The Hindu] Attempt 1/1: Trying with 'selenium_browser' strategy...
2025-12-04 05:30:29,109 - INFO - [Times of India] Page content loaded.
2025-12-04 05:30:29,336 - INFO - [Times of India] Success with 'selenium_browser'. Found content (698 words).
2025-12-04 05:30:29,738 - INFO - [The Hindu] Page content loaded.
2025-12-04 05:30:29,847 - INFO - [The Hindu] Success with 'selenium_browser'. Found content (420 words).
2025-12-04 05:30:47,755 - INFO - Saved article: Woman thought dead suddenly wakes up in the mortuary: Paramedic blunder or tragic error? | World News - The Times of India from Times of India
2025-12-04 05:30:47,755 - INFO - Duplicate article skipped: IndiGo flight cancellations: 68 disrupted services plunge Hyderabad airport into chaos for second day - The Hindu from The Hindu
2025-12-04 05:30:48,686 - INFO - [Times of India] Article: https://timesofindia.indiatimes.com/world/us-streamers/mrbeast-becomes-the-top-us-youtuber-for-the-sixth-year-in-a-row/articleshow/125752940.cms
2025-12-04 05:30:48,687 - INFO - [Times of India] Attempt 1/1: Trying with 'selenium_browser' strategy...
2025-12-04 05:30:49,077 - INFO - [The Hindu] Article: https://www.thehindu.com/entertainment/movies/avm-saravanan-tamil-producer-passes-away-at-86-in-chennai/article70356111.ece
2025-12-04 05:30:49,078 - INFO - [The Hindu] Attempt 1/1: Trying with 'selenium_browser' strategy...
2025-12-04 05:30:50,632 - INFO - [The Hindu] Page content loaded.
2025-12-04 05:30:50,677 - INFO - [The Hindu] Success with 'selenium_browser'. Found content (178 words).
2025-12-04 05:30:50,761 - INFO - Duplicate article skipped: AVM Saravanan, veteran Tamil producer, passes away at 86 in Chennai - The Hindu from The Hindu
2025-12-04 05:30:51,304 - INFO - [The Hindu] Article: https://www.thehindu.com/news/cities/chennai/after-pounding-north-tamil-nadu-remnant-of-cyclone-ditwah-drifts-inland-city-to-get-light-rain-today/article70353989.ece
2025-12-04 05:30:51,304 - INFO - [The Hindu] Attempt 1/1: Trying with 'selenium_browser' strategy...
2025-12-04 05:30:53,477 - INFO - [The Hindu] Page content loaded.
2025-12-04 05:30:53,636 - INFO - [The Hindu] Success with 'selenium_browser'. Found content (541 words).
2025-12-04 05:30:53,874 - INFO - Duplicate article skipped: After pounding north Tamil Nadu, remnant of Cyclone Ditwah drifts inland; city to get light rain today - The Hindu from The Hindu
2025-12-04 05:30:54,420 - CRITICAL - --- TIMEOUT: 2 scrape jobs did not complete in 300s. ---
2025-12-04 05:30:54,420 - ERROR - A thread has timed out and will be abandoned.
2025-12-04 05:30:54,420 - ERROR - A thread has timed out and will be abandoned.
2025-12-04 05:30:54,420 - INFO - Shutting down thread pool (wait=False)...
2025-12-04 05:30:54,421 - INFO - Scraped: 0 BBC, 1 The Guardian, 2 Timed_Out_Jobs articles. (Total saved: 1)
2025-12-04 05:30:54,421 - INFO - --- Scraping job finished ---
2025-12-04 05:30:54,421 - INFO - --- Scraper service stopped and database connection closed. ---
2025-12-04 05:30:54,421 - INFO - --- Main thread finished. Forcing process exit to kill zombie threads. ---
