2025-11-29 03:57:03,177 - INFO - Loading AI Semantic Model (all-MiniLM-L6-v2)...
2025-11-29 03:57:03,178 - INFO - Use pytorch device_name: cpu
2025-11-29 03:57:03,178 - INFO - Load pretrained SentenceTransformer: all-MiniLM-L6-v2
2025-11-29 03:57:04,630 - INFO - AI Model loaded successfully.
2025-11-29 03:57:04,630 - INFO - Initializing database connection at: news_articles.db
2025-11-29 03:57:04,630 - INFO - --- Scraper service started (CI Mode: Run Once) ---
2025-11-29 03:57:04,631 - INFO - --- Starting new scraping job (Parallel Mode) ---
2025-11-29 03:57:04,631 - INFO - Creating new robust session with 3 retries on 5xx/connection/read errors.
2025-11-29 03:57:04,631 - INFO - Proxy is DISABLED.
2025-11-29 03:57:04,631 - INFO - Starting scrape for BBC RSS feed: http://feeds.bbci.co.uk/news/world/rss.xml
2025-11-29 03:57:04,632 - INFO - [Times of India] (Thread) requires Selenium. Initializing driver...
2025-11-29 03:57:04,632 - INFO - Initializing headless Selenium Chrome driver (using SeleniumManager)...
2025-11-29 03:57:04,633 - INFO - Starting scrape for The Guardian RSS feed: https://www.theguardian.com/world/rss
2025-11-29 03:57:04,634 - INFO - [The Hindu] (Thread) requires Selenium. Initializing driver...
2025-11-29 03:57:04,635 - INFO - Initializing headless Selenium Chrome driver (using SeleniumManager)...
2025-11-29 03:57:04,635 - INFO - Submitted 4 jobs to thread pool. Waiting up to 300s for completion...
2025-11-29 03:57:04,954 - INFO - Found 45 articles in The Guardian RSS feed. Processing up to 20.
2025-11-29 03:57:04,954 - INFO - [The Guardian] Article: https://www.theguardian.com/world/2025/nov/28/jacob-zuma-daughter-resigns-claims-south-africans-tricked-fight-russia
2025-11-29 03:57:04,954 - INFO - [The Guardian] Attempt 1/1: Trying with 'requests_browser' strategy...
2025-11-29 03:57:04,994 - INFO - Found 27 articles in BBC RSS feed. Processing up to 20.
2025-11-29 03:57:04,994 - INFO - [BBC] Article: https://www.bbc.com/news/articles/cdxweyy157go?at_medium=RSS&at_campaign=rss
2025-11-29 03:57:04,994 - INFO - [BBC] Attempt 1/1: Trying with 'requests_browser' strategy...
2025-11-29 03:57:05,005 - INFO - [The Guardian] Success with 'requests_browser'. Found content (753 words).
2025-11-29 03:57:05,039 - INFO - Duplicate article skipped: Jacob Zuma’s daughter resigns amid claims South Africans tricked to fight for Russia | South Africa | The Guardian from The Guardian
2025-11-29 03:57:05,486 - INFO - [BBC] Success with 'requests_browser'. Found content (1057 words).
2025-11-29 03:57:05,542 - INFO - Duplicate article skipped: US halts all asylum claim decisions in wake of National Guard shooting from BBC
2025-11-29 03:57:06,056 - INFO - [The Guardian] Article: https://www.theguardian.com/environment/2025/nov/28/africa-forests-transformed-carbon-sink-carbon-source-study
2025-11-29 03:57:06,056 - INFO - [The Guardian] Attempt 1/1: Trying with 'requests_browser' strategy...
2025-11-29 03:57:06,098 - INFO - [The Guardian] Success with 'requests_browser'. Found content (458 words).
2025-11-29 03:57:06,134 - INFO - Duplicate article skipped: Africa’s forests transformed from carbon sink to carbon source, study finds | Climate crisis | The Guardian from The Guardian
2025-11-29 03:57:06,638 - INFO - [BBC] Article: https://www.bbc.com/news/articles/ckg9nd2wddno?at_medium=RSS&at_campaign=rss
2025-11-29 03:57:06,638 - INFO - [BBC] Attempt 1/1: Trying with 'requests_browser' strategy...
2025-11-29 03:57:06,797 - INFO - [BBC] Success with 'requests_browser'. Found content (929 words).
2025-11-29 03:57:06,833 - INFO - Duplicate article skipped: Zelensky's chief of staff Andriy Yermak resigns after anti-corruption raid from BBC
2025-11-29 03:57:07,359 - INFO - [The Guardian] Article: https://www.theguardian.com/world/2025/nov/26/guinea-bissau-officers-take-total-control-close-borders-amid-election-chaos
2025-11-29 03:57:07,359 - INFO - [The Guardian] Attempt 1/1: Trying with 'requests_browser' strategy...
2025-11-29 03:57:07,533 - INFO - [The Guardian] Success with 'requests_browser'. Found content (412 words).
2025-11-29 03:57:07,566 - INFO - Duplicate article skipped: Guinea-Bissau military takes ‘total control’ amid election chaos | Guinea-Bissau | The Guardian from The Guardian
2025-11-29 03:57:08,103 - INFO - [BBC] Article: https://www.bbc.com/news/articles/c79xd17dre3o?at_medium=RSS&at_campaign=rss
2025-11-29 03:57:08,103 - INFO - [BBC] Attempt 1/1: Trying with 'requests_browser' strategy...
2025-11-29 03:57:08,523 - INFO - [The Guardian] Article: https://www.theguardian.com/world/2025/nov/25/nigerian-schoolgirls-rescued-after-mass-abduction-in-kebbi
2025-11-29 03:57:08,523 - INFO - [The Guardian] Attempt 1/1: Trying with 'requests_browser' strategy...
2025-11-29 03:57:08,671 - INFO - [The Guardian] Success with 'requests_browser'. Found content (515 words).
2025-11-29 03:57:08,714 - INFO - Duplicate article skipped: Nigerian schoolgirls rescued after mass abduction in Kebbi | Nigeria | The Guardian from The Guardian
2025-11-29 03:57:08,739 - INFO - [BBC] Success with 'requests_browser'. Found content (771 words).
2025-11-29 03:57:08,776 - INFO - Duplicate article skipped: Hong Kong tower blocks fire death toll rises to 128 from BBC
2025-11-29 03:57:09,419 - INFO - [BBC] Article: https://www.bbc.com/news/articles/c1kpm0rvxepo?at_medium=RSS&at_campaign=rss
2025-11-29 03:57:09,420 - INFO - [BBC] Attempt 1/1: Trying with 'requests_browser' strategy...
2025-11-29 03:57:09,602 - INFO - [BBC] Success with 'requests_browser'. Found content (461 words).
2025-11-29 03:57:09,634 - INFO - Duplicate article skipped: Trump says he will pardon ex-Honduras president convicted of drug trafficking from BBC
2025-11-29 03:57:09,946 - INFO - [The Guardian] Article: https://www.theguardian.com/world/2025/nov/25/jacob-zuma-daughter-accused-tricking-men-fighting-for-russia-in-ukraine
2025-11-29 03:57:09,946 - INFO - [The Guardian] Attempt 1/1: Trying with 'requests_browser' strategy...
2025-11-29 03:57:09,992 - INFO - [The Guardian] Success with 'requests_browser'. Found content (656 words).
2025-11-29 03:57:10,036 - INFO - Duplicate article skipped: Jacob Zuma’s daughter accused of tricking men into fighting for Russia in Ukraine | South Africa | The Guardian from The Guardian
2025-11-29 03:57:10,833 - INFO - [BBC] Article: https://www.bbc.com/news/articles/c058lny3pdqo?at_medium=RSS&at_campaign=rss
2025-11-29 03:57:10,833 - INFO - [BBC] Attempt 1/1: Trying with 'requests_browser' strategy...
2025-11-29 03:57:11,102 - INFO - [The Guardian] Article: https://www.theguardian.com/us-news/2025/nov/28/trump-pardon-honduras-hernandez-drugs
2025-11-29 03:57:11,102 - INFO - [The Guardian] Attempt 1/1: Trying with 'requests_browser' strategy...
2025-11-29 03:57:11,140 - INFO - [The Guardian] Success with 'requests_browser'. Found content (560 words).
2025-11-29 03:57:11,175 - INFO - Duplicate article skipped: Trump to pardon ex-Honduras leader serving drug trafficking sentence in US | Donald Trump | The Guardian from The Guardian
2025-11-29 03:57:11,324 - INFO - [BBC] Success with 'requests_browser'. Found content (863 words).
2025-11-29 03:57:11,358 - INFO - Duplicate article skipped: Hungary's Orban defies EU partners and meets Putin again in Moscow from BBC
2025-11-29 03:57:12,088 - INFO - [BBC] Article: https://www.bbc.com/news/articles/cz0nlxlr87go?at_medium=RSS&at_campaign=rss
2025-11-29 03:57:12,089 - INFO - [BBC] Attempt 1/1: Trying with 'requests_browser' strategy...
2025-11-29 03:57:12,134 - INFO - [BBC] Success with 'requests_browser'. Found content (498 words).
2025-11-29 03:57:12,169 - INFO - Duplicate article skipped: Guinea-Bissau coup called a 'sham' by West African political figures from BBC
2025-11-29 03:57:12,236 - INFO - [The Guardian] Article: https://www.theguardian.com/us-news/2025/nov/28/college-student-deported-boston-flight-thanksgiving
2025-11-29 03:57:12,236 - INFO - [The Guardian] Attempt 1/1: Trying with 'requests_browser' strategy...
2025-11-29 03:57:12,274 - INFO - [The Guardian] Success with 'requests_browser'. Found content (274 words).
2025-11-29 03:57:12,309 - INFO - Duplicate article skipped: College student deported when flying home for Thanksgiving, despite court order | ICE (US Immigration and Customs Enforcement) | The Guardian from The Guardian
2025-11-29 03:57:12,876 - INFO - [The Guardian] Article: https://www.theguardian.com/world/2025/nov/28/quebec-prayer-law-canada
2025-11-29 03:57:12,876 - INFO - [The Guardian] Attempt 1/1: Trying with 'requests_browser' strategy...
2025-11-29 03:57:12,917 - INFO - [The Guardian] Success with 'requests_browser'. Found content (539 words).
2025-11-29 03:57:12,953 - INFO - Duplicate article skipped: Quebec to ban public prayer in sweeping new secularism law | Quebec | The Guardian from The Guardian
2025-11-29 03:57:13,402 - INFO - [BBC] Article: https://www.bbc.com/news/articles/cp89k31krz4o?at_medium=RSS&at_campaign=rss
2025-11-29 03:57:13,402 - INFO - [BBC] Attempt 1/1: Trying with 'requests_browser' strategy...
2025-11-29 03:57:13,502 - INFO - [The Guardian] Article: https://www.theguardian.com/world/2025/nov/28/haida-nation-mark-carney-pipe-dream-oil-energy
2025-11-29 03:57:13,502 - INFO - [The Guardian] Attempt 1/1: Trying with 'requests_browser' strategy...
2025-11-29 03:57:13,544 - INFO - [The Guardian] Success with 'requests_browser'. Found content (1103 words).
2025-11-29 03:57:13,580 - INFO - Duplicate article skipped: ‘Not going to happen’: First Nations threaten to end Carney’s pipe dream | Canada | The Guardian from The Guardian
2025-11-29 03:57:13,945 - INFO - [BBC] Success with 'requests_browser'. Found content (485 words).
2025-11-29 03:57:13,979 - INFO - Duplicate article skipped: Thirteen killed in deadliest Israeli raid for months in southern Syria from BBC
2025-11-29 03:57:14,085 - INFO - [The Guardian] Article: https://www.theguardian.com/world/2025/nov/28/st-vincent-caribbean-opposition-party-celebrates-historic-election-win
2025-11-29 03:57:14,085 - INFO - [The Guardian] Attempt 1/1: Trying with 'requests_browser' strategy...
2025-11-29 03:57:14,125 - INFO - [The Guardian] Success with 'requests_browser'. Found content (609 words).
2025-11-29 03:57:14,160 - INFO - Duplicate article skipped: St Vincent opposition party celebrates historic election win | St Vincent and the Grenadines | The Guardian from The Guardian
2025-11-29 03:57:14,674 - INFO - [BBC] Article: https://www.bbc.com/news/articles/c0q5w8l88dvo?at_medium=RSS&at_campaign=rss
2025-11-29 03:57:14,675 - INFO - [BBC] Attempt 1/1: Trying with 'requests_browser' strategy...
2025-11-29 03:57:14,728 - INFO - [BBC] Success with 'requests_browser'. Found content (714 words).
2025-11-29 03:57:14,764 - INFO - Duplicate article skipped: Afghans in US issue plea to Trump after 'tragic' Washington DC shooting from BBC
2025-11-29 03:57:15,123 - INFO - [The Guardian] Article: https://www.theguardian.com/news/2025/nov/29/hong-kong-begins-three-days-of-mourning-after-deadly-apartment-fires
2025-11-29 03:57:15,123 - INFO - [The Guardian] Attempt 1/1: Trying with 'requests_browser' strategy...
2025-11-29 03:57:15,163 - INFO - [The Guardian] Success with 'requests_browser'. Found content (679 words).
2025-11-29 03:57:16,089 - INFO - [BBC] Article: https://www.bbc.com/news/articles/ckglrdg6kz7o?at_medium=RSS&at_campaign=rss
2025-11-29 03:57:16,089 - INFO - [BBC] Attempt 1/1: Trying with 'requests_browser' strategy...
2025-11-29 03:57:16,315 - INFO - [BBC] Success with 'requests_browser'. Found content (639 words).
2025-11-29 03:57:25,340 - INFO - Selenium driver initialized successfully.
2025-11-29 03:57:25,340 - INFO - Starting scrape for Times of India RSS feed: https://timesofindia.indiatimes.com/rssfeeds/296589292.cms
2025-11-29 03:57:25,341 - INFO - Selenium driver initialized successfully.
2025-11-29 03:57:25,341 - INFO - Starting scrape for The Hindu RSS feed: https://www.thehindu.com/news/national/feeder/default.rss
2025-11-29 03:57:25,836 - INFO - Found 20 articles in Times of India RSS feed. Processing up to 20.
2025-11-29 03:57:25,836 - INFO - [Times of India] Article: https://timesofindia.indiatimes.com/world/rest-of-world/hong-kong-tragedy-officials-declare-3-day-mourning-period-as-toll-hits-128-8-more-arrested-in-fire-case/articleshow/125650001.cms
2025-11-29 03:57:25,836 - INFO - [Times of India] Attempt 1/1: Trying with 'selenium_browser' strategy...
2025-11-29 03:57:26,205 - INFO - DEDUPLICATION: Found match (Score: 0.86). Linking to Cluster ID: f02e647e-7026-4d9a-b1cc-3ab51f1731b4
2025-11-29 03:57:26,207 - INFO - Saved article: Hong Kong begins three days of mourning after deadly apartment fires | Hong Kong apartment fires | The Guardian from The Guardian
2025-11-29 03:57:26,208 - INFO - Duplicate article skipped: UN panel says Israel operating 'de facto policy of torture' from BBC
2025-11-29 03:57:26,319 - INFO - Found 100 articles in The Hindu RSS feed. Processing up to 20.
2025-11-29 03:57:26,320 - INFO - [The Hindu] Article: https://www.thehindu.com/news/national/kerala/kerala-local-body-polls-in-kozhikode-corporation-udf-plots-a-comeback-in-ldf-bastion-of-half-a-century/article70326708.ece
2025-11-29 03:57:26,320 - INFO - [The Hindu] Attempt 1/1: Trying with 'selenium_browser' strategy...
2025-11-29 03:57:27,651 - INFO - [The Guardian] Article: https://www.theguardian.com/news/2025/nov/28/hong-kong-apartment-fire-response-rescue-operations-death-toll
2025-11-29 03:57:27,652 - INFO - [The Guardian] Attempt 1/1: Trying with 'requests_browser' strategy...
2025-11-29 03:57:27,684 - INFO - [BBC] Article: https://www.bbc.com/news/articles/c0l9z176lnlo?at_medium=RSS&at_campaign=rss
2025-11-29 03:57:27,684 - INFO - [BBC] Attempt 1/1: Trying with 'requests_browser' strategy...
2025-11-29 03:57:27,732 - INFO - [The Guardian] Success with 'requests_browser'. Found content (1000 words).
2025-11-29 03:57:27,788 - INFO - Duplicate article skipped: Rescue efforts end at Hong Kong tower block fire as death toll reaches 128 | Hong Kong apartment fires | The Guardian from The Guardian
2025-11-29 03:57:27,795 - INFO - [BBC] Success with 'requests_browser'. Found content (678 words).
2025-11-29 03:57:27,831 - INFO - Duplicate article skipped: Austrian nuns win reprieve in abandoned convent - if they stay off social media from BBC
2025-11-29 03:57:28,840 - INFO - [BBC] Article: https://www.bbc.com/news/articles/cx2dndy228xo?at_medium=RSS&at_campaign=rss
2025-11-29 03:57:28,840 - INFO - [BBC] Attempt 1/1: Trying with 'requests_browser' strategy...
2025-11-29 03:57:28,909 - INFO - [BBC] Success with 'requests_browser'. Found content (1379 words).
2025-11-29 03:57:28,970 - INFO - Duplicate article skipped: Duduzile Zuma-Sambudla resigns as South African MP over Russia mercenary recruitment scandal from BBC
2025-11-29 03:57:29,286 - INFO - [The Guardian] Article: https://www.theguardian.com/news/2025/nov/28/hong-kong-community-groups-deliver-aid-to-survivors-of-wang-fuk-court-fire
2025-11-29 03:57:29,286 - INFO - [The Guardian] Attempt 1/1: Trying with 'requests_browser' strategy...
2025-11-29 03:57:29,696 - INFO - [The Guardian] Success with 'requests_browser'. Found content (687 words).
2025-11-29 03:57:29,760 - INFO - Duplicate article skipped: Hong Kong community groups deliver aid to survivors of Wang Fuk Court fire | Hong Kong apartment fires | The Guardian from The Guardian
2025-11-29 03:57:29,949 - INFO - [BBC] Article: https://www.bbc.com/news/articles/c0q5w13e58zo?at_medium=RSS&at_campaign=rss
2025-11-29 03:57:29,950 - INFO - [BBC] Attempt 1/1: Trying with 'requests_browser' strategy...
2025-11-29 03:57:30,214 - INFO - [BBC] Success with 'requests_browser'. Found content (422 words).
2025-11-29 03:57:30,812 - INFO - Duplicate article skipped: Lightning detected on Mars by Nasa rover, scientists believe from BBC
2025-11-29 03:57:31,243 - INFO - [The Guardian] Article: https://www.theguardian.com/world/2025/nov/28/bear-attacks-man-public-toilet-japan
2025-11-29 03:57:31,243 - INFO - [The Guardian] Attempt 1/1: Trying with 'requests_browser' strategy...
2025-11-29 03:57:31,415 - INFO - [The Guardian] Success with 'requests_browser'. Found content (373 words).
2025-11-29 03:57:31,534 - INFO - Duplicate article skipped: Bear attacks man in public toilet in Japan | Japan | The Guardian from The Guardian
2025-11-29 03:57:31,982 - INFO - [BBC] Article: https://www.bbc.com/news/articles/clyz7njqwvvo?at_medium=RSS&at_campaign=rss
2025-11-29 03:57:31,982 - INFO - [BBC] Attempt 1/1: Trying with 'requests_browser' strategy...
2025-11-29 03:57:32,642 - INFO - [BBC] Success with 'requests_browser'. Found content (345 words).
2025-11-29 03:57:32,687 - INFO - Duplicate article skipped: Japan's same-sex marriage ban is constitutional, says Tokyo court from BBC
2025-11-29 03:57:33,002 - INFO - [The Guardian] Article: https://www.theguardian.com/world/2025/nov/28/china-civil-service-exam-age-limit-changed
2025-11-29 03:57:33,005 - INFO - [The Guardian] Attempt 1/1: Trying with 'requests_browser' strategy...
2025-11-29 03:57:33,132 - INFO - [The Guardian] Success with 'requests_browser'. Found content (763 words).
2025-11-29 03:57:33,312 - INFO - Duplicate article skipped: Millions in China cram for civil service exam and the hope of a job for life | China | The Guardian from The Guardian
2025-11-29 03:57:34,027 - INFO - [BBC] Article: https://www.bbc.com/news/articles/c0r9qzrxdwwo?at_medium=RSS&at_campaign=rss
2025-11-29 03:57:34,027 - INFO - [BBC] Attempt 1/1: Trying with 'requests_browser' strategy...
2025-11-29 03:57:34,142 - INFO - [BBC] Success with 'requests_browser'. Found content (448 words).
2025-11-29 03:57:34,252 - INFO - Duplicate article skipped: Tunisia hands prison terms to dozens of opposition figures from BBC
2025-11-29 03:57:34,475 - INFO - [The Guardian] Article: https://www.theguardian.com/business/2025/nov/29/jetstar-cancel-domestic-flights-australia-global-airbus-a320-recall
2025-11-29 03:57:34,475 - INFO - [The Guardian] Attempt 1/1: Trying with 'requests_browser' strategy...
2025-11-29 03:57:34,550 - INFO - [The Guardian] Success with 'requests_browser'. Found content (745 words).
2025-11-29 03:57:34,642 - INFO - Duplicate article skipped: Jetstar cancels 90 domestic flights across Australia after global Airbus A320 recall | Airbus | The Guardian from The Guardian
2025-11-29 03:57:35,217 - INFO - [The Hindu] Page content loaded.
2025-11-29 03:57:35,510 - INFO - [BBC] Article: https://www.bbc.com/news/articles/cwyx4y6007lo?at_medium=RSS&at_campaign=rss
2025-11-29 03:57:35,512 - INFO - [BBC] Attempt 1/1: Trying with 'requests_browser' strategy...
2025-11-29 03:57:35,572 - INFO - [The Hindu] Success with 'selenium_browser'. Found content (641 words).
2025-11-29 03:57:35,691 - INFO - [BBC] Success with 'requests_browser'. Found content (891 words).
2025-11-29 03:57:35,967 - INFO - Duplicate article skipped: National Guard member Sarah Beckstrom dies after shooting in Washington DC from BBC
2025-11-29 03:57:36,003 - INFO - [The Guardian] Article: https://www.theguardian.com/australia-news/2025/nov/28/virginia-giuffres-sons-deny-unsigned-document-is-their-mothers-will
2025-11-29 03:57:36,003 - INFO - [The Guardian] Attempt 1/1: Trying with 'requests_browser' strategy...
2025-11-29 03:57:36,220 - INFO - [The Guardian] Success with 'requests_browser'. Found content (777 words).
2025-11-29 03:57:37,293 - INFO - [BBC] Article: https://www.bbc.com/news/videos/cev8exezvw2o?at_medium=RSS&at_campaign=rss
2025-11-29 03:57:37,294 - INFO - [BBC] Attempt 1/1: Trying with 'requests_browser' strategy...
2025-11-29 03:57:37,818 - INFO - [BBC] Success with 'requests_browser'. Found content (89 words).
2025-11-29 03:57:59,299 - INFO - DEDUPLICATION: Found match (Score: 0.86). Linking to Cluster ID: 59a850e6-9f02-4ff8-b6b7-7574d66ff2e0
2025-11-29 03:57:59,303 - INFO - Saved article: Kerala local body polls: In Kozhikode Corporation, UDF plots a comeback in LDF bastion of half a century - The Hindu from The Hindu
2025-11-29 03:57:59,303 - INFO - Duplicate article skipped: Virginia Giuffre’s sons deny unsigned document is their mother’s will | Western Australia | The Guardian from The Guardian
2025-11-29 03:57:59,303 - INFO - Duplicate article skipped: Pope Leo struggles to unveil plaque in Turkey from BBC
2025-11-29 03:57:59,859 - INFO - [BBC] Article: https://www.bbc.com/news/articles/cy7v6xl4me8o?at_medium=RSS&at_campaign=rss
2025-11-29 03:57:59,859 - INFO - [BBC] Attempt 1/1: Trying with 'requests_browser' strategy...
2025-11-29 03:58:00,022 - INFO - [BBC] Success with 'requests_browser'. Found content (1461 words).
2025-11-29 03:58:00,064 - INFO - Duplicate article skipped: Why the rich and powerful couldn't say no to Epstein from BBC
2025-11-29 03:58:00,616 - INFO - [The Guardian] Article: https://www.theguardian.com/australia-news/2025/nov/29/exclusive-gun-club-linked-to-andrew-hastie-awarded-almost-20000-in-government-grants
2025-11-29 03:58:00,616 - INFO - [The Guardian] Attempt 1/1: Trying with 'requests_browser' strategy...
2025-11-29 03:58:00,660 - INFO - [The Guardian] Success with 'requests_browser'. Found content (715 words).
2025-11-29 03:58:00,704 - INFO - Duplicate article skipped: Exclusive gun club linked to Andrew Hastie awarded almost $20,000 in government grants | Andrew Hastie | The Guardian from The Guardian
2025-11-29 03:58:00,761 - INFO - [The Hindu] Article: https://www.thehindu.com/news/national/kerala/kerala-local-body-polls-sea-incursion-and-tidal-flooding-shape-electoral-battle-in-chellanam/article70325138.ece
2025-11-29 03:58:00,761 - INFO - [The Hindu] Attempt 1/1: Trying with 'selenium_browser' strategy...
2025-11-29 03:58:01,497 - INFO - [BBC] Article: https://www.bbc.com/news/articles/c1dz36ep673o?at_medium=RSS&at_campaign=rss
2025-11-29 03:58:01,497 - INFO - [BBC] Attempt 1/1: Trying with 'requests_browser' strategy...
2025-11-29 03:58:01,573 - INFO - [BBC] Success with 'requests_browser'. Found content (1327 words).
2025-11-29 03:58:01,646 - INFO - Duplicate article skipped: Donald Trump pledges to tackle Sudan atrocities - what difference can he make? from BBC
2025-11-29 03:58:02,124 - INFO - [The Guardian] Article: https://www.theguardian.com/australia-news/2025/nov/29/mineral-sunscreens-australia-identical-to-others
2025-11-29 03:58:02,124 - INFO - [The Guardian] Attempt 1/1: Trying with 'requests_browser' strategy...
2025-11-29 03:58:02,184 - INFO - [The Guardian] Success with 'requests_browser'. Found content (932 words).
2025-11-29 03:58:02,259 - INFO - Duplicate article skipped: ‘Mineral’ sunscreens marketed to Australians contain almost identical chemicals as others, testing shows | Consumer affairs | The Guardian from The Guardian
2025-11-29 03:58:02,849 - INFO - [BBC] Article: https://www.bbc.com/news/articles/cn8e5j20g27o?at_medium=RSS&at_campaign=rss
2025-11-29 03:58:02,849 - INFO - [BBC] Attempt 1/1: Trying with 'requests_browser' strategy...
2025-11-29 03:58:03,131 - INFO - [BBC] Success with 'requests_browser'. Found content (805 words).
2025-11-29 03:58:03,175 - INFO - Duplicate article skipped: Hong Kong fire: Anger and unanswered questions from BBC
2025-11-29 03:58:03,464 - INFO - [The Guardian] Article: https://www.theguardian.com/australia-news/2025/nov/28/bondi-junction-stabbings-joel-cauchi-inquest-drug-use
2025-11-29 03:58:03,464 - INFO - [The Guardian] Attempt 1/1: Trying with 'requests_browser' strategy...
2025-11-29 03:58:03,888 - INFO - [The Guardian] Success with 'requests_browser'. Found content (901 words).
2025-11-29 03:58:03,938 - INFO - Duplicate article skipped: Bondi Junction stabbings: ‘10 seconds warning’ from security could have saved lives, inquest hears | Bondi Junction stabbings | The Guardian from The Guardian
2025-11-29 03:58:04,499 - INFO - [BBC] Article: https://www.bbc.com/news/articles/cly3e1261dko?at_medium=RSS&at_campaign=rss
2025-11-29 03:58:04,499 - INFO - [BBC] Attempt 1/1: Trying with 'requests_browser' strategy...
2025-11-29 03:58:04,739 - INFO - [BBC] Success with 'requests_browser'. Found content (1237 words).
2025-11-29 03:58:04,765 - INFO - [The Hindu] Page content loaded.
2025-11-29 03:58:04,818 - INFO - Duplicate article skipped: How were Afghan evacuees vetted under Biden? from BBC
2025-11-29 03:58:04,944 - INFO - [The Hindu] Success with 'selenium_browser'. Found content (673 words).
2025-11-29 03:58:18,342 - INFO - Saved article: Kerala local body polls: Sea incursion and tidal flooding shape electoral battle in Chellanam - The Hindu from The Hindu
2025-11-29 03:58:18,896 - INFO - [The Hindu] Article: https://www.thehindu.com/news/national/kerala/kerala-local-body-polls-tamil-nadu-style-electioneering-gets-popular-in-idukki/article70326445.ece
2025-11-29 03:58:18,896 - INFO - [The Hindu] Attempt 1/1: Trying with 'selenium_browser' strategy...
2025-11-29 03:58:19,456 - INFO - [The Hindu] Page content loaded.
2025-11-29 03:58:19,507 - INFO - [The Hindu] Success with 'selenium_browser'. Found content (403 words).
2025-11-29 03:58:33,576 - INFO - DEDUPLICATION: Found match (Score: 0.71). Linking to Cluster ID: 59a850e6-9f02-4ff8-b6b7-7574d66ff2e0
2025-11-29 03:58:33,578 - INFO - Saved article: Kerala local body polls: Tamil Nadu-style electioneering gets popular in Idukki - The Hindu from The Hindu
2025-11-29 03:58:34,240 - INFO - [The Hindu] Article: https://www.thehindu.com/news/national/andhra-pradesh/cyclone-ditwah-red-alert-for-nellore-chittoor-tirupati-and-annamayya-districts-on-november-30/article70336029.ece
2025-11-29 03:58:34,240 - INFO - [The Hindu] Attempt 1/1: Trying with 'selenium_browser' strategy...
2025-11-29 03:58:35,218 - INFO - [The Hindu] Page content loaded.
2025-11-29 03:58:35,281 - INFO - [The Hindu] Success with 'selenium_browser'. Found content (342 words).
2025-11-29 03:58:35,371 - INFO - Duplicate article skipped: Cyclone Ditwah: Red alert for Nellore, Chittoor, Tirupati and Annamayya districts on November 30 - The Hindu from The Hindu
2025-11-29 03:58:36,402 - INFO - [The Hindu] Article: https://www.thehindu.com/news/national/tamil-nadu/cyclone-ditwah-tamil-nadu-schools-rain-holiday-district-updates-nov-29-2025/article70337480.ece
2025-11-29 03:58:36,402 - INFO - [The Hindu] Attempt 1/1: Trying with 'selenium_browser' strategy...
2025-11-29 03:58:38,105 - INFO - [The Hindu] Page content loaded.
2025-11-29 03:58:38,163 - INFO - [The Hindu] Success with 'selenium_browser'. Found content (128 words).
2025-11-29 03:58:38,246 - INFO - Duplicate article skipped: Cyclone Ditwah: School holiday for several districts in Tamil Nadu, including Tiruchi, Thanjavur, Nagapattinam - The Hindu from The Hindu
2025-11-29 03:58:38,914 - INFO - [The Hindu] Article: https://www.thehindu.com/news/national/maharashtra/maharashtra-committee-on-three-language-policy-to-submit-final-report-on-december-20/article70337479.ece
2025-11-29 03:58:38,914 - INFO - [The Hindu] Attempt 1/1: Trying with 'selenium_browser' strategy...
2025-11-29 03:58:40,119 - INFO - [The Hindu] Page content loaded.
2025-11-29 03:58:40,204 - INFO - [The Hindu] Success with 'selenium_browser'. Found content (391 words).
2025-11-29 03:58:40,292 - INFO - Duplicate article skipped: Maharashtra committee on three-language policy to submit final report on December 20 - The Hindu from The Hindu
2025-11-29 03:58:40,910 - INFO - [The Hindu] Article: https://www.thehindu.com/news/national/uttar-pradesh/woman-shot-dead-by-boyfriend-in-noida/article70337457.ece
2025-11-29 03:58:40,910 - INFO - [The Hindu] Attempt 1/1: Trying with 'selenium_browser' strategy...
2025-11-29 03:59:25,929 - ERROR - [Times of India] Request failed for strategy 'selenium_browser' on URL https://timesofindia.indiatimes.com/world/rest-of-world/hong-kong-tragedy-officials-declare-3-day-mourning-period-as-toll-hits-128-8-more-arrested-in-fire-case/articleshow/125650001.cms: HTTPConnectionPool(host='localhost', port=51815): Read timed out. (read timeout=120)
2025-11-29 03:59:25,929 - ERROR - [Times of India] All scrape strategies failed for https://timesofindia.indiatimes.com/world/rest-of-world/hong-kong-tragedy-officials-declare-3-day-mourning-period-as-toll-hits-128-8-more-arrested-in-fire-case/articleshow/125650001.cms. Falling back to RSS description.
2025-11-29 03:59:38,112 - INFO - DEDUPLICATION: Found match (Score: 0.82). Linking to Cluster ID: f02e647e-7026-4d9a-b1cc-3ab51f1731b4
2025-11-29 03:59:38,115 - INFO - Saved article: Hong Kong tragedy: Officials declare 3-day mourning period as toll hits 128; 8 more arrested in fire case from Times of India
2025-11-29 03:59:38,666 - INFO - [Times of India] Article: https://timesofindia.indiatimes.com/world/south-asia/bnp-chairperson-khaleda-zia-hospitalised-condition-extremely-critical/articleshow/125650030.cms
2025-11-29 03:59:38,666 - INFO - [Times of India] Attempt 1/1: Trying with 'selenium_browser' strategy...
2025-11-29 04:00:40,988 - ERROR - [The Hindu] Request failed for strategy 'selenium_browser' on URL https://www.thehindu.com/news/national/uttar-pradesh/woman-shot-dead-by-boyfriend-in-noida/article70337457.ece: HTTPConnectionPool(host='localhost', port=49823): Read timed out. (read timeout=120)
2025-11-29 04:00:40,988 - ERROR - [The Hindu] All scrape strategies failed for https://www.thehindu.com/news/national/uttar-pradesh/woman-shot-dead-by-boyfriend-in-noida/article70337457.ece. Falling back to RSS description.
2025-11-29 04:00:40,988 - INFO - Duplicate article skipped: Woman shot dead by boyfriend in Noida from The Hindu
2025-11-29 04:00:41,784 - INFO - [The Hindu] Article: https://www.thehindu.com/news/national/cyclone-ditwah-live-updates-rains-tamil-nadu-andhra-pradesh-sri-lanka-november-29-2025/article70337452.ece
2025-11-29 04:00:41,784 - INFO - [The Hindu] Attempt 1/1: Trying with 'selenium_browser' strategy...
2025-11-29 04:01:38,759 - ERROR - [Times of India] Request failed for strategy 'selenium_browser' on URL https://timesofindia.indiatimes.com/world/south-asia/bnp-chairperson-khaleda-zia-hospitalised-condition-extremely-critical/articleshow/125650030.cms: HTTPConnectionPool(host='localhost', port=51815): Read timed out. (read timeout=120)
2025-11-29 04:01:38,759 - ERROR - [Times of India] All scrape strategies failed for https://timesofindia.indiatimes.com/world/south-asia/bnp-chairperson-khaleda-zia-hospitalised-condition-extremely-critical/articleshow/125650030.cms. Falling back to RSS description.
2025-11-29 04:01:38,760 - INFO - Duplicate article skipped: BNP chairperson Khaleda Zia hospitalised; condition 'extremely critical' from Times of India
2025-11-29 04:01:39,862 - INFO - [Times of India] Article: https://timesofindia.indiatimes.com/world/us/double-tap-strike-hegseth-ordered-second-attack-on-caribbean-drug-boat-heres-why/articleshow/125649635.cms
2025-11-29 04:01:39,862 - INFO - [Times of India] Attempt 1/1: Trying with 'selenium_browser' strategy...
2025-11-29 04:02:04,635 - CRITICAL - --- TIMEOUT: 2 scrape jobs did not complete in 300s. ---
2025-11-29 04:02:04,635 - ERROR - A thread has timed out and will be abandoned.
2025-11-29 04:02:04,635 - ERROR - A thread has timed out and will be abandoned.
2025-11-29 04:02:04,635 - INFO - Shutting down thread pool (wait=False)...
2025-11-29 04:02:04,635 - INFO - Scraped: 0 BBC, 1 The Guardian, 2 Timed_Out_Jobs articles. (Total saved: 1)
2025-11-29 04:02:04,635 - INFO - --- Scraping job finished ---
2025-11-29 04:02:04,636 - INFO - --- Scraper service stopped and database connection closed. ---
2025-11-29 04:02:04,636 - INFO - --- Main thread finished. Forcing process exit to kill zombie threads. ---
